[2026-01-19T20:38:08.043+0530] {local_task_job_runner.py:123} INFO - ::group::Pre task execution logs
[2026-01-19T20:38:08.052+0530] {taskinstance.py:2612} INFO - Dependencies all met for dep_context=non-requeueable deps ti=<TaskInstance: spotify_streaming_pipeline.run_spotify_producer scheduled__2026-01-19T14:00:00+00:00 [queued]>
[2026-01-19T20:38:08.057+0530] {taskinstance.py:2612} INFO - Dependencies all met for dep_context=requeueable deps ti=<TaskInstance: spotify_streaming_pipeline.run_spotify_producer scheduled__2026-01-19T14:00:00+00:00 [queued]>
[2026-01-19T20:38:08.058+0530] {taskinstance.py:2865} INFO - Starting attempt 1 of 2
[2026-01-19T20:38:08.069+0530] {taskinstance.py:2888} INFO - Executing <Task(BashOperator): run_spotify_producer> on 2026-01-19 14:00:00+00:00
[2026-01-19T20:38:08.075+0530] {standard_task_runner.py:72} INFO - Started process 77384 to run task
[2026-01-19T20:38:08.081+0530] {standard_task_runner.py:104} INFO - Running: ['airflow', 'tasks', 'run', 'spotify_streaming_pipeline', 'run_spotify_producer', 'scheduled__2026-01-19T14:00:00+00:00', '--job-id', '157', '--raw', '--subdir', 'DAGS_FOLDER/spotify_streaming_dag.py', '--cfg-path', '/tmp/tmpn99otwtt']
[2026-01-19T20:38:08.082+0530] {standard_task_runner.py:105} INFO - Job 157: Subtask run_spotify_producer
[2026-01-19T20:38:08.126+0530] {task_command.py:467} INFO - Running <TaskInstance: spotify_streaming_pipeline.run_spotify_producer scheduled__2026-01-19T14:00:00+00:00 [running]> on host sneha-HP-Laptop-15s-eq1xxx
[2026-01-19T20:38:08.185+0530] {taskinstance.py:3131} INFO - Exporting env vars: AIRFLOW_CTX_DAG_OWNER='sneha' AIRFLOW_CTX_DAG_ID='spotify_streaming_pipeline' AIRFLOW_CTX_TASK_ID='run_spotify_producer' AIRFLOW_CTX_EXECUTION_DATE='2026-01-19T14:00:00+00:00' AIRFLOW_CTX_TRY_NUMBER='1' AIRFLOW_CTX_DAG_RUN_ID='scheduled__2026-01-19T14:00:00+00:00'
[2026-01-19T20:38:08.186+0530] {logging_mixin.py:190} INFO - Task instance is in running state
[2026-01-19T20:38:08.186+0530] {logging_mixin.py:190} INFO -  Previous state of the Task instance: queued
[2026-01-19T20:38:08.186+0530] {logging_mixin.py:190} INFO - Current task name:run_spotify_producer state:running start_date:2026-01-19 15:08:08.052912+00:00
[2026-01-19T20:38:08.187+0530] {logging_mixin.py:190} INFO - Dag name:spotify_streaming_pipeline and current dag run status:running
[2026-01-19T20:38:08.187+0530] {taskinstance.py:731} INFO - ::endgroup::
[2026-01-19T20:38:08.187+0530] {subprocess.py:63} INFO - Tmp dir root location: /tmp
[2026-01-19T20:38:08.188+0530] {subprocess.py:75} INFO - Running command: ['/usr/bin/bash', '-c', 'python /home/sneha/spotify_airflow_project/scripts/producer_airflow.py']
[2026-01-19T20:38:08.204+0530] {subprocess.py:86} INFO - Output:
[2026-01-19T20:38:18.506+0530] {subprocess.py:93} INFO - Sending: {'track_name': 'Moovandhi Thaazhvarayil', 'artist': 'Raveendran', 'album': 'Kanmadam (Original Motion Picture Soundtrack)', 'played_at': '2026-01-18T08:32:18.813Z'}
[2026-01-19T20:38:18.507+0530] {subprocess.py:93} INFO - Sending: {'track_name': 'Maanthalirin Pattu Chuttiya - Version, 1', 'artist': 'Uttam Singh', 'album': 'Prem Poojari (Original Motion Picture Soundtrack)', 'played_at': '2026-01-17T05:16:51.269Z'}
[2026-01-19T20:38:18.507+0530] {subprocess.py:93} INFO - Sending: {'track_name': 'Vaalkannezhuthiya - Male Version', 'artist': 'S. P. Venkatesh', 'album': 'Paitrukam (Original Motion Picture Soundtrack)', 'played_at': '2026-01-17T05:03:59.067Z'}
[2026-01-19T20:38:18.507+0530] {subprocess.py:93} INFO - Sending: {'track_name': 'Raakkadal Kadanjedutha', 'artist': 'Berny-Ignatius', 'album': 'Kalyaana Raman (Original Motion Picture Soundtrack)', 'played_at': '2026-01-17T04:59:59.521Z'}
[2026-01-19T20:38:18.508+0530] {subprocess.py:93} INFO - Sending: {'track_name': 'Muttathe Mulle - Male Version', 'artist': 'Alex Paul', 'album': 'Maayavi (Original Motion Picture Soundtrack)', 'played_at': '2026-01-17T04:50:57.752Z'}
[2026-01-19T20:38:18.612+0530] {subprocess.py:97} INFO - Command exited with return code 0
[2026-01-19T20:38:18.633+0530] {taskinstance.py:340} INFO - ::group::Post task execution logs
[2026-01-19T20:38:18.634+0530] {taskinstance.py:352} INFO - Marking task as SUCCESS. dag_id=spotify_streaming_pipeline, task_id=run_spotify_producer, run_id=scheduled__2026-01-19T14:00:00+00:00, execution_date=20260119T140000, start_date=20260119T150808, end_date=20260119T150818
[2026-01-19T20:38:18.642+0530] {logging_mixin.py:190} INFO - Task instance in success state
[2026-01-19T20:38:18.643+0530] {logging_mixin.py:190} INFO -  Previous state of the Task instance: running
[2026-01-19T20:38:18.643+0530] {logging_mixin.py:190} INFO - Dag name:spotify_streaming_pipeline queued_at:2026-01-19 15:08:05.649827+00:00
[2026-01-19T20:38:18.643+0530] {logging_mixin.py:190} INFO - Task hostname:sneha-HP-Laptop-15s-eq1xxx operator:BashOperator
[2026-01-19T20:38:18.693+0530] {local_task_job_runner.py:266} INFO - Task exited with return code 0
[2026-01-19T20:38:18.711+0530] {taskinstance.py:3900} INFO - 1 downstream tasks scheduled from follow-on schedule check
[2026-01-19T20:38:18.713+0530] {local_task_job_runner.py:245} INFO - ::endgroup::
