[2025-12-15T14:35:36.665+0530] {local_task_job_runner.py:123} INFO - ::group::Pre task execution logs
[2025-12-15T14:35:36.681+0530] {taskinstance.py:2612} INFO - Dependencies all met for dep_context=non-requeueable deps ti=<TaskInstance: spotify_streaming_pipeline.run_spark_consumer scheduled__2025-12-15T08:00:00+00:00 [queued]>
[2025-12-15T14:35:36.691+0530] {taskinstance.py:2612} INFO - Dependencies all met for dep_context=requeueable deps ti=<TaskInstance: spotify_streaming_pipeline.run_spark_consumer scheduled__2025-12-15T08:00:00+00:00 [queued]>
[2025-12-15T14:35:36.691+0530] {taskinstance.py:2865} INFO - Starting attempt 2 of 2
[2025-12-15T14:35:36.708+0530] {taskinstance.py:2888} INFO - Executing <Task(BashOperator): run_spark_consumer> on 2025-12-15 08:00:00+00:00
[2025-12-15T14:35:36.719+0530] {standard_task_runner.py:72} INFO - Started process 44702 to run task
[2025-12-15T14:35:36.727+0530] {standard_task_runner.py:104} INFO - Running: ['airflow', 'tasks', 'run', 'spotify_streaming_pipeline', 'run_spark_consumer', 'scheduled__2025-12-15T08:00:00+00:00', '--job-id', '26', '--raw', '--subdir', 'DAGS_FOLDER/spotify_streaming_dag.py', '--cfg-path', '/tmp/tmpkdevjzak']
[2025-12-15T14:35:36.728+0530] {standard_task_runner.py:105} INFO - Job 26: Subtask run_spark_consumer
[2025-12-15T14:35:36.790+0530] {task_command.py:467} INFO - Running <TaskInstance: spotify_streaming_pipeline.run_spark_consumer scheduled__2025-12-15T08:00:00+00:00 [running]> on host sneha-HP-Laptop-15s-eq1xxx
[2025-12-15T14:35:36.874+0530] {taskinstance.py:3131} INFO - Exporting env vars: AIRFLOW_CTX_DAG_OWNER='sneha' AIRFLOW_CTX_DAG_ID='spotify_streaming_pipeline' AIRFLOW_CTX_TASK_ID='run_spark_consumer' AIRFLOW_CTX_EXECUTION_DATE='2025-12-15T08:00:00+00:00' AIRFLOW_CTX_TRY_NUMBER='2' AIRFLOW_CTX_DAG_RUN_ID='scheduled__2025-12-15T08:00:00+00:00'
[2025-12-15T14:35:36.876+0530] {logging_mixin.py:190} INFO - Task instance is in running state
[2025-12-15T14:35:36.876+0530] {logging_mixin.py:190} INFO -  Previous state of the Task instance: queued
[2025-12-15T14:35:36.877+0530] {logging_mixin.py:190} INFO - Current task name:run_spark_consumer state:running start_date:2025-12-15 09:05:36.681867+00:00
[2025-12-15T14:35:36.877+0530] {logging_mixin.py:190} INFO - Dag name:spotify_streaming_pipeline and current dag run status:running
[2025-12-15T14:35:36.877+0530] {taskinstance.py:731} INFO - ::endgroup::
[2025-12-15T14:35:36.878+0530] {subprocess.py:63} INFO - Tmp dir root location: /tmp
[2025-12-15T14:35:36.879+0530] {subprocess.py:75} INFO - Running command: ['/usr/bin/bash', '-c', '\n        spark-submit         /home/sneha/spotify_airflow_project/scripts/spark_consumer_airflow.py\n        ']
[2025-12-15T14:35:36.900+0530] {subprocess.py:86} INFO - Output:
[2025-12-15T14:35:40.690+0530] {subprocess.py:93} INFO - 25/12/15 14:35:40 WARN Utils: Your hostname, sneha-HP-Laptop-15s-eq1xxx resolves to a loopback address: 127.0.1.1; using 192.168.1.86 instead (on interface wlo1)
[2025-12-15T14:35:40.696+0530] {subprocess.py:93} INFO - 25/12/15 14:35:40 WARN Utils: Set SPARK_LOCAL_IP if you need to bind to another address
[2025-12-15T14:35:47.579+0530] {subprocess.py:93} INFO - 25/12/15 14:35:47 INFO SparkContext: Running Spark version 3.4.4
[2025-12-15T14:35:47.719+0530] {subprocess.py:93} INFO - 25/12/15 14:35:47 WARN NativeCodeLoader: Unable to load native-hadoop library for your platform... using builtin-java classes where applicable
[2025-12-15T14:35:47.953+0530] {subprocess.py:93} INFO - 25/12/15 14:35:47 INFO ResourceUtils: ==============================================================
[2025-12-15T14:35:47.954+0530] {subprocess.py:93} INFO - 25/12/15 14:35:47 INFO ResourceUtils: No custom resources configured for spark.driver.
[2025-12-15T14:35:47.956+0530] {subprocess.py:93} INFO - 25/12/15 14:35:47 INFO ResourceUtils: ==============================================================
[2025-12-15T14:35:47.958+0530] {subprocess.py:93} INFO - 25/12/15 14:35:47 INFO SparkContext: Submitted application: spotify_streaming_airflow
[2025-12-15T14:35:48.025+0530] {subprocess.py:93} INFO - 25/12/15 14:35:48 INFO ResourceProfile: Default ResourceProfile created, executor resources: Map(cores -> name: cores, amount: 1, script: , vendor: , memory -> name: memory, amount: 1024, script: , vendor: , offHeap -> name: offHeap, amount: 0, script: , vendor: ), task resources: Map(cpus -> name: cpus, amount: 1.0)
[2025-12-15T14:35:48.056+0530] {subprocess.py:93} INFO - 25/12/15 14:35:48 INFO ResourceProfile: Limiting resource is cpu
[2025-12-15T14:35:48.060+0530] {subprocess.py:93} INFO - 25/12/15 14:35:48 INFO ResourceProfileManager: Added ResourceProfile id: 0
[2025-12-15T14:35:48.271+0530] {subprocess.py:93} INFO - 25/12/15 14:35:48 INFO SecurityManager: Changing view acls to: sneha
[2025-12-15T14:35:48.272+0530] {subprocess.py:93} INFO - 25/12/15 14:35:48 INFO SecurityManager: Changing modify acls to: sneha
[2025-12-15T14:35:48.278+0530] {subprocess.py:93} INFO - 25/12/15 14:35:48 INFO SecurityManager: Changing view acls groups to:
[2025-12-15T14:35:48.283+0530] {subprocess.py:93} INFO - 25/12/15 14:35:48 INFO SecurityManager: Changing modify acls groups to:
[2025-12-15T14:35:48.284+0530] {subprocess.py:93} INFO - 25/12/15 14:35:48 INFO SecurityManager: SecurityManager: authentication disabled; ui acls disabled; users with view permissions: sneha; groups with view permissions: EMPTY; users with modify permissions: sneha; groups with modify permissions: EMPTY
[2025-12-15T14:35:48.988+0530] {subprocess.py:93} INFO - 25/12/15 14:35:48 INFO Utils: Successfully started service 'sparkDriver' on port 42843.
[2025-12-15T14:35:49.076+0530] {subprocess.py:93} INFO - 25/12/15 14:35:49 INFO SparkEnv: Registering MapOutputTracker
[2025-12-15T14:35:49.165+0530] {subprocess.py:93} INFO - 25/12/15 14:35:49 INFO SparkEnv: Registering BlockManagerMaster
[2025-12-15T14:35:49.195+0530] {subprocess.py:93} INFO - 25/12/15 14:35:49 INFO BlockManagerMasterEndpoint: Using org.apache.spark.storage.DefaultTopologyMapper for getting topology information
[2025-12-15T14:35:49.197+0530] {subprocess.py:93} INFO - 25/12/15 14:35:49 INFO BlockManagerMasterEndpoint: BlockManagerMasterEndpoint up
[2025-12-15T14:35:49.207+0530] {subprocess.py:93} INFO - 25/12/15 14:35:49 INFO SparkEnv: Registering BlockManagerMasterHeartbeat
[2025-12-15T14:35:49.274+0530] {subprocess.py:93} INFO - 25/12/15 14:35:49 INFO DiskBlockManager: Created local directory at /tmp/blockmgr-a76f2924-56e1-4bc1-9395-1c5c550f391c
[2025-12-15T14:35:49.463+0530] {subprocess.py:93} INFO - 25/12/15 14:35:49 INFO MemoryStore: MemoryStore started with capacity 366.3 MiB
[2025-12-15T14:35:49.513+0530] {subprocess.py:93} INFO - 25/12/15 14:35:49 INFO SparkEnv: Registering OutputCommitCoordinator
[2025-12-15T14:35:50.038+0530] {subprocess.py:93} INFO - 25/12/15 14:35:50 INFO JettyUtils: Start Jetty 0.0.0.0:4040 for SparkUI
[2025-12-15T14:35:50.179+0530] {subprocess.py:93} INFO - 25/12/15 14:35:50 INFO Utils: Successfully started service 'SparkUI' on port 4040.
[2025-12-15T14:35:50.426+0530] {subprocess.py:93} INFO - 25/12/15 14:35:50 INFO Executor: Starting executor ID driver on host 192.168.1.86
[2025-12-15T14:35:50.442+0530] {subprocess.py:93} INFO - 25/12/15 14:35:50 INFO Executor: Starting executor with user classpath (userClassPathFirst = false): ''
[2025-12-15T14:35:50.558+0530] {subprocess.py:93} INFO - 25/12/15 14:35:50 INFO Utils: Successfully started service 'org.apache.spark.network.netty.NettyBlockTransferService' on port 44677.
[2025-12-15T14:35:50.559+0530] {subprocess.py:93} INFO - 25/12/15 14:35:50 INFO NettyBlockTransferService: Server created on 192.168.1.86:44677
[2025-12-15T14:35:50.563+0530] {subprocess.py:93} INFO - 25/12/15 14:35:50 INFO BlockManager: Using org.apache.spark.storage.RandomBlockReplicationPolicy for block replication policy
[2025-12-15T14:35:50.573+0530] {subprocess.py:93} INFO - 25/12/15 14:35:50 INFO BlockManagerMaster: Registering BlockManager BlockManagerId(driver, 192.168.1.86, 44677, None)
[2025-12-15T14:35:50.581+0530] {subprocess.py:93} INFO - 25/12/15 14:35:50 INFO BlockManagerMasterEndpoint: Registering block manager 192.168.1.86:44677 with 366.3 MiB RAM, BlockManagerId(driver, 192.168.1.86, 44677, None)
[2025-12-15T14:35:50.587+0530] {subprocess.py:93} INFO - 25/12/15 14:35:50 INFO BlockManagerMaster: Registered BlockManager BlockManagerId(driver, 192.168.1.86, 44677, None)
[2025-12-15T14:35:50.589+0530] {subprocess.py:93} INFO - 25/12/15 14:35:50 INFO BlockManager: Initialized BlockManager: BlockManagerId(driver, 192.168.1.86, 44677, None)
[2025-12-15T14:35:52.128+0530] {subprocess.py:93} INFO - 25/12/15 14:35:52 INFO SharedState: Setting hive.metastore.warehouse.dir ('null') to the value of spark.sql.warehouse.dir.
[2025-12-15T14:35:52.183+0530] {subprocess.py:93} INFO - 25/12/15 14:35:52 INFO SharedState: Warehouse path is 'file:/tmp/airflowtmpyjfv6lgy/spark-warehouse'.
[2025-12-15T14:35:56.476+0530] {subprocess.py:93} INFO - Traceback (most recent call last):
[2025-12-15T14:35:56.479+0530] {subprocess.py:93} INFO -   File "/home/sneha/spotify_airflow_project/scripts/spark_consumer_airflow.py", line 24, in <module>
[2025-12-15T14:35:56.479+0530] {subprocess.py:93} INFO -     .load()
[2025-12-15T14:35:56.480+0530] {subprocess.py:93} INFO -      ^^^^^^
[2025-12-15T14:35:56.480+0530] {subprocess.py:93} INFO -   File "/home/sneha/spark/spark-3.4.4-bin-hadoop3/python/lib/pyspark.zip/pyspark/sql/readwriter.py", line 307, in load
[2025-12-15T14:35:56.480+0530] {subprocess.py:93} INFO -   File "/home/sneha/spark/spark-3.4.4-bin-hadoop3/python/lib/py4j-0.10.9.7-src.zip/py4j/java_gateway.py", line 1322, in __call__
[2025-12-15T14:35:56.482+0530] {subprocess.py:93} INFO -   File "/home/sneha/spark/spark-3.4.4-bin-hadoop3/python/lib/pyspark.zip/pyspark/errors/exceptions/captured.py", line 175, in deco
[2025-12-15T14:35:56.503+0530] {subprocess.py:93} INFO - pyspark.errors.exceptions.captured.AnalysisException: Failed to find data source: kafka. Please deploy the application as per the deployment section of Structured Streaming + Kafka Integration Guide.
[2025-12-15T14:35:56.624+0530] {subprocess.py:93} INFO - 25/12/15 14:35:56 INFO SparkContext: Invoking stop() from shutdown hook
[2025-12-15T14:35:56.626+0530] {subprocess.py:93} INFO - 25/12/15 14:35:56 INFO SparkContext: SparkContext is stopping with exitCode 0.
[2025-12-15T14:35:56.665+0530] {subprocess.py:93} INFO - 25/12/15 14:35:56 INFO SparkUI: Stopped Spark web UI at http://192.168.1.86:4040
[2025-12-15T14:35:56.698+0530] {subprocess.py:93} INFO - 25/12/15 14:35:56 INFO MapOutputTrackerMasterEndpoint: MapOutputTrackerMasterEndpoint stopped!
[2025-12-15T14:35:56.736+0530] {subprocess.py:93} INFO - 25/12/15 14:35:56 INFO MemoryStore: MemoryStore cleared
[2025-12-15T14:35:56.738+0530] {subprocess.py:93} INFO - 25/12/15 14:35:56 INFO BlockManager: BlockManager stopped
[2025-12-15T14:35:56.775+0530] {subprocess.py:93} INFO - 25/12/15 14:35:56 INFO BlockManagerMaster: BlockManagerMaster stopped
[2025-12-15T14:35:56.794+0530] {subprocess.py:93} INFO - 25/12/15 14:35:56 INFO OutputCommitCoordinator$OutputCommitCoordinatorEndpoint: OutputCommitCoordinator stopped!
[2025-12-15T14:35:56.827+0530] {subprocess.py:93} INFO - 25/12/15 14:35:56 INFO SparkContext: Successfully stopped SparkContext
[2025-12-15T14:35:56.828+0530] {subprocess.py:93} INFO - 25/12/15 14:35:56 INFO ShutdownHookManager: Shutdown hook called
[2025-12-15T14:35:56.832+0530] {subprocess.py:93} INFO - 25/12/15 14:35:56 INFO ShutdownHookManager: Deleting directory /tmp/spark-f5027a94-d058-4032-8a06-92a156cc26d3/pyspark-8444fca9-3597-4a89-94a7-603255ccd640
[2025-12-15T14:35:56.840+0530] {subprocess.py:93} INFO - 25/12/15 14:35:56 INFO ShutdownHookManager: Deleting directory /tmp/spark-f5027a94-d058-4032-8a06-92a156cc26d3
[2025-12-15T14:35:56.852+0530] {subprocess.py:93} INFO - 25/12/15 14:35:56 INFO ShutdownHookManager: Deleting directory /tmp/spark-a676f0f1-8bd8-4a5a-988b-271e781e9d7a
[2025-12-15T14:35:56.990+0530] {subprocess.py:97} INFO - Command exited with return code 1
[2025-12-15T14:35:57.001+0530] {taskinstance.py:3310} ERROR - Task failed with exception
Traceback (most recent call last):
  File "/home/sneha/spotify_airflow_project/venv/lib/python3.12/site-packages/airflow/models/taskinstance.py", line 767, in _execute_task
    result = _execute_callable(context=context, **execute_callable_kwargs)
             ^^^^^^^^^^^^^^^^^^^^^^^^^^^^^^^^^^^^^^^^^^^^^^^^^^^^^^^^^^^^^
  File "/home/sneha/spotify_airflow_project/venv/lib/python3.12/site-packages/airflow/models/taskinstance.py", line 733, in _execute_callable
    return ExecutionCallableRunner(
           ^^^^^^^^^^^^^^^^^^^^^^^^
  File "/home/sneha/spotify_airflow_project/venv/lib/python3.12/site-packages/airflow/utils/operator_helpers.py", line 252, in run
    return self.func(*args, **kwargs)
           ^^^^^^^^^^^^^^^^^^^^^^^^^^
  File "/home/sneha/spotify_airflow_project/venv/lib/python3.12/site-packages/airflow/models/baseoperator.py", line 406, in wrapper
    return func(self, *args, **kwargs)
           ^^^^^^^^^^^^^^^^^^^^^^^^^^^
  File "/home/sneha/spotify_airflow_project/venv/lib/python3.12/site-packages/airflow/operators/bash.py", line 249, in execute
    raise AirflowException(
airflow.exceptions.AirflowException: Bash command failed. The command returned a non-zero exit code 1.
[2025-12-15T14:35:57.006+0530] {logging_mixin.py:190} INFO - Task instance in failure state
[2025-12-15T14:35:57.006+0530] {logging_mixin.py:190} INFO - Task start:2025-12-15 09:05:36.681867+00:00 end:2025-12-15 09:05:57.005394+00:00 duration:20.323527
[2025-12-15T14:35:57.007+0530] {logging_mixin.py:190} INFO - Task:<Task(BashOperator): run_spark_consumer> dag:<DAG: spotify_streaming_pipeline> dagrun:<DagRun spotify_streaming_pipeline @ 2025-12-15 08:00:00+00:00: scheduled__2025-12-15T08:00:00+00:00, state:running, queued_at: 2025-12-15 09:00:01.767474+00:00. externally triggered: False>
[2025-12-15T14:35:57.007+0530] {logging_mixin.py:190} INFO - Failure caused by Bash command failed. The command returned a non-zero exit code 1.
[2025-12-15T14:35:57.007+0530] {taskinstance.py:1225} INFO - Marking task as FAILED. dag_id=spotify_streaming_pipeline, task_id=run_spark_consumer, run_id=scheduled__2025-12-15T08:00:00+00:00, execution_date=20251215T080000, start_date=20251215T090536, end_date=20251215T090557
[2025-12-15T14:35:57.025+0530] {taskinstance.py:340} INFO - ::group::Post task execution logs
[2025-12-15T14:35:57.026+0530] {standard_task_runner.py:124} ERROR - Failed to execute job 26 for task run_spark_consumer (Bash command failed. The command returned a non-zero exit code 1.; 44702)
Traceback (most recent call last):
  File "/home/sneha/spotify_airflow_project/venv/lib/python3.12/site-packages/airflow/task/task_runner/standard_task_runner.py", line 117, in _start_by_fork
    ret = args.func(args, dag=self.dag)
          ^^^^^^^^^^^^^^^^^^^^^^^^^^^^^
  File "/home/sneha/spotify_airflow_project/venv/lib/python3.12/site-packages/airflow/cli/cli_config.py", line 49, in command
    return func(*args, **kwargs)
           ^^^^^^^^^^^^^^^^^^^^^
  File "/home/sneha/spotify_airflow_project/venv/lib/python3.12/site-packages/airflow/utils/cli.py", line 115, in wrapper
    return f(*args, **kwargs)
           ^^^^^^^^^^^^^^^^^^
  File "/home/sneha/spotify_airflow_project/venv/lib/python3.12/site-packages/airflow/cli/commands/task_command.py", line 483, in task_run
    task_return_code = _run_task_by_selected_method(args, _dag, ti)
                       ^^^^^^^^^^^^^^^^^^^^^^^^^^^^^^^^^^^^^^^^^^^^
  File "/home/sneha/spotify_airflow_project/venv/lib/python3.12/site-packages/airflow/cli/commands/task_command.py", line 256, in _run_task_by_selected_method
    return _run_raw_task(args, ti)
           ^^^^^^^^^^^^^^^^^^^^^^^
  File "/home/sneha/spotify_airflow_project/venv/lib/python3.12/site-packages/airflow/cli/commands/task_command.py", line 341, in _run_raw_task
    return ti._run_raw_task(
           ^^^^^^^^^^^^^^^^^
  File "/home/sneha/spotify_airflow_project/venv/lib/python3.12/site-packages/airflow/utils/session.py", line 97, in wrapper
    return func(*args, session=session, **kwargs)
           ^^^^^^^^^^^^^^^^^^^^^^^^^^^^^^^^^^^^^^
  File "/home/sneha/spotify_airflow_project/venv/lib/python3.12/site-packages/airflow/models/taskinstance.py", line 3004, in _run_raw_task
    return _run_raw_task(
           ^^^^^^^^^^^^^^
  File "/home/sneha/spotify_airflow_project/venv/lib/python3.12/site-packages/airflow/models/taskinstance.py", line 273, in _run_raw_task
    TaskInstance._execute_task_with_callbacks(
  File "/home/sneha/spotify_airflow_project/venv/lib/python3.12/site-packages/airflow/models/taskinstance.py", line 3158, in _execute_task_with_callbacks
    result = self._execute_task(context, task_orig)
             ^^^^^^^^^^^^^^^^^^^^^^^^^^^^^^^^^^^^^^
  File "/home/sneha/spotify_airflow_project/venv/lib/python3.12/site-packages/airflow/models/taskinstance.py", line 3182, in _execute_task
    return _execute_task(self, context, task_orig)
           ^^^^^^^^^^^^^^^^^^^^^^^^^^^^^^^^^^^^^^^
  File "/home/sneha/spotify_airflow_project/venv/lib/python3.12/site-packages/airflow/models/taskinstance.py", line 767, in _execute_task
    result = _execute_callable(context=context, **execute_callable_kwargs)
             ^^^^^^^^^^^^^^^^^^^^^^^^^^^^^^^^^^^^^^^^^^^^^^^^^^^^^^^^^^^^^
  File "/home/sneha/spotify_airflow_project/venv/lib/python3.12/site-packages/airflow/models/taskinstance.py", line 733, in _execute_callable
    return ExecutionCallableRunner(
           ^^^^^^^^^^^^^^^^^^^^^^^^
  File "/home/sneha/spotify_airflow_project/venv/lib/python3.12/site-packages/airflow/utils/operator_helpers.py", line 252, in run
    return self.func(*args, **kwargs)
           ^^^^^^^^^^^^^^^^^^^^^^^^^^
  File "/home/sneha/spotify_airflow_project/venv/lib/python3.12/site-packages/airflow/models/baseoperator.py", line 406, in wrapper
    return func(self, *args, **kwargs)
           ^^^^^^^^^^^^^^^^^^^^^^^^^^^
  File "/home/sneha/spotify_airflow_project/venv/lib/python3.12/site-packages/airflow/operators/bash.py", line 249, in execute
    raise AirflowException(
airflow.exceptions.AirflowException: Bash command failed. The command returned a non-zero exit code 1.
[2025-12-15T14:35:57.087+0530] {local_task_job_runner.py:266} INFO - Task exited with return code 1
[2025-12-15T14:35:57.102+0530] {taskinstance.py:3900} INFO - 0 downstream tasks scheduled from follow-on schedule check
[2025-12-15T14:35:57.103+0530] {local_task_job_runner.py:245} INFO - ::endgroup::
