[2025-12-17T10:29:53.337+0530] {processor.py:186} INFO - Started process (PID=6907) to work on /home/sneha/spotify_airflow_project/venv/lib/python3.12/site-packages/airflow/example_dags/plugins/listener_plugin.py
[2025-12-17T10:29:53.338+0530] {processor.py:914} INFO - Processing file /home/sneha/spotify_airflow_project/venv/lib/python3.12/site-packages/airflow/example_dags/plugins/listener_plugin.py for tasks to queue
[2025-12-17T10:29:53.340+0530] {logging_mixin.py:190} INFO - [2025-12-17T10:29:53.340+0530] {dagbag.py:588} INFO - Filling up the DagBag from /home/sneha/spotify_airflow_project/venv/lib/python3.12/site-packages/airflow/example_dags/plugins/listener_plugin.py
[2025-12-17T10:29:53.343+0530] {processor.py:927} WARNING - No viable dags retrieved from /home/sneha/spotify_airflow_project/venv/lib/python3.12/site-packages/airflow/example_dags/plugins/listener_plugin.py
[2025-12-17T10:29:53.355+0530] {processor.py:208} INFO - Processing /home/sneha/spotify_airflow_project/venv/lib/python3.12/site-packages/airflow/example_dags/plugins/listener_plugin.py took 0.024 seconds
[2025-12-17T10:31:03.944+0530] {processor.py:186} INFO - Started process (PID=7359) to work on /home/sneha/spotify_airflow_project/venv/lib/python3.12/site-packages/airflow/example_dags/plugins/listener_plugin.py
[2025-12-17T10:31:03.950+0530] {processor.py:914} INFO - Processing file /home/sneha/spotify_airflow_project/venv/lib/python3.12/site-packages/airflow/example_dags/plugins/listener_plugin.py for tasks to queue
[2025-12-17T10:31:03.952+0530] {logging_mixin.py:190} INFO - [2025-12-17T10:31:03.951+0530] {dagbag.py:588} INFO - Filling up the DagBag from /home/sneha/spotify_airflow_project/venv/lib/python3.12/site-packages/airflow/example_dags/plugins/listener_plugin.py
[2025-12-17T10:31:03.954+0530] {processor.py:927} WARNING - No viable dags retrieved from /home/sneha/spotify_airflow_project/venv/lib/python3.12/site-packages/airflow/example_dags/plugins/listener_plugin.py
[2025-12-17T10:31:03.965+0530] {processor.py:208} INFO - Processing /home/sneha/spotify_airflow_project/venv/lib/python3.12/site-packages/airflow/example_dags/plugins/listener_plugin.py took 0.029 seconds
[2025-12-17T10:32:01.059+0530] {processor.py:186} INFO - Started process (PID=7675) to work on /home/sneha/spotify_airflow_project/venv/lib/python3.12/site-packages/airflow/example_dags/plugins/listener_plugin.py
[2025-12-17T10:32:01.062+0530] {processor.py:914} INFO - Processing file /home/sneha/spotify_airflow_project/venv/lib/python3.12/site-packages/airflow/example_dags/plugins/listener_plugin.py for tasks to queue
[2025-12-17T10:32:01.064+0530] {logging_mixin.py:190} INFO - [2025-12-17T10:32:01.063+0530] {dagbag.py:588} INFO - Filling up the DagBag from /home/sneha/spotify_airflow_project/venv/lib/python3.12/site-packages/airflow/example_dags/plugins/listener_plugin.py
[2025-12-17T10:32:01.067+0530] {processor.py:927} WARNING - No viable dags retrieved from /home/sneha/spotify_airflow_project/venv/lib/python3.12/site-packages/airflow/example_dags/plugins/listener_plugin.py
[2025-12-17T10:32:01.078+0530] {processor.py:208} INFO - Processing /home/sneha/spotify_airflow_project/venv/lib/python3.12/site-packages/airflow/example_dags/plugins/listener_plugin.py took 0.025 seconds
[2025-12-17T10:32:57.752+0530] {processor.py:186} INFO - Started process (PID=8074) to work on /home/sneha/spotify_airflow_project/venv/lib/python3.12/site-packages/airflow/example_dags/plugins/listener_plugin.py
[2025-12-17T10:32:57.753+0530] {processor.py:914} INFO - Processing file /home/sneha/spotify_airflow_project/venv/lib/python3.12/site-packages/airflow/example_dags/plugins/listener_plugin.py for tasks to queue
[2025-12-17T10:32:57.755+0530] {logging_mixin.py:190} INFO - [2025-12-17T10:32:57.754+0530] {dagbag.py:588} INFO - Filling up the DagBag from /home/sneha/spotify_airflow_project/venv/lib/python3.12/site-packages/airflow/example_dags/plugins/listener_plugin.py
[2025-12-17T10:32:57.757+0530] {processor.py:927} WARNING - No viable dags retrieved from /home/sneha/spotify_airflow_project/venv/lib/python3.12/site-packages/airflow/example_dags/plugins/listener_plugin.py
[2025-12-17T10:32:57.769+0530] {processor.py:208} INFO - Processing /home/sneha/spotify_airflow_project/venv/lib/python3.12/site-packages/airflow/example_dags/plugins/listener_plugin.py took 0.023 seconds
[2025-12-17T10:33:54.098+0530] {processor.py:186} INFO - Started process (PID=8434) to work on /home/sneha/spotify_airflow_project/venv/lib/python3.12/site-packages/airflow/example_dags/plugins/listener_plugin.py
[2025-12-17T10:33:54.099+0530] {processor.py:914} INFO - Processing file /home/sneha/spotify_airflow_project/venv/lib/python3.12/site-packages/airflow/example_dags/plugins/listener_plugin.py for tasks to queue
[2025-12-17T10:33:54.101+0530] {logging_mixin.py:190} INFO - [2025-12-17T10:33:54.101+0530] {dagbag.py:588} INFO - Filling up the DagBag from /home/sneha/spotify_airflow_project/venv/lib/python3.12/site-packages/airflow/example_dags/plugins/listener_plugin.py
[2025-12-17T10:33:54.103+0530] {processor.py:927} WARNING - No viable dags retrieved from /home/sneha/spotify_airflow_project/venv/lib/python3.12/site-packages/airflow/example_dags/plugins/listener_plugin.py
[2025-12-17T10:33:54.115+0530] {processor.py:208} INFO - Processing /home/sneha/spotify_airflow_project/venv/lib/python3.12/site-packages/airflow/example_dags/plugins/listener_plugin.py took 0.025 seconds
[2025-12-17T10:34:50.227+0530] {processor.py:186} INFO - Started process (PID=8821) to work on /home/sneha/spotify_airflow_project/venv/lib/python3.12/site-packages/airflow/example_dags/plugins/listener_plugin.py
[2025-12-17T10:34:50.231+0530] {processor.py:914} INFO - Processing file /home/sneha/spotify_airflow_project/venv/lib/python3.12/site-packages/airflow/example_dags/plugins/listener_plugin.py for tasks to queue
[2025-12-17T10:34:50.234+0530] {logging_mixin.py:190} INFO - [2025-12-17T10:34:50.233+0530] {dagbag.py:588} INFO - Filling up the DagBag from /home/sneha/spotify_airflow_project/venv/lib/python3.12/site-packages/airflow/example_dags/plugins/listener_plugin.py
[2025-12-17T10:34:50.237+0530] {processor.py:927} WARNING - No viable dags retrieved from /home/sneha/spotify_airflow_project/venv/lib/python3.12/site-packages/airflow/example_dags/plugins/listener_plugin.py
[2025-12-17T10:34:50.250+0530] {processor.py:208} INFO - Processing /home/sneha/spotify_airflow_project/venv/lib/python3.12/site-packages/airflow/example_dags/plugins/listener_plugin.py took 0.030 seconds
[2025-12-17T10:35:35.756+0530] {processor.py:186} INFO - Started process (PID=9416) to work on /home/sneha/spotify_airflow_project/venv/lib/python3.12/site-packages/airflow/example_dags/plugins/listener_plugin.py
[2025-12-17T10:35:35.757+0530] {processor.py:914} INFO - Processing file /home/sneha/spotify_airflow_project/venv/lib/python3.12/site-packages/airflow/example_dags/plugins/listener_plugin.py for tasks to queue
[2025-12-17T10:35:35.760+0530] {logging_mixin.py:190} INFO - [2025-12-17T10:35:35.760+0530] {dagbag.py:588} INFO - Filling up the DagBag from /home/sneha/spotify_airflow_project/venv/lib/python3.12/site-packages/airflow/example_dags/plugins/listener_plugin.py
[2025-12-17T10:35:35.762+0530] {processor.py:927} WARNING - No viable dags retrieved from /home/sneha/spotify_airflow_project/venv/lib/python3.12/site-packages/airflow/example_dags/plugins/listener_plugin.py
[2025-12-17T10:35:35.774+0530] {processor.py:208} INFO - Processing /home/sneha/spotify_airflow_project/venv/lib/python3.12/site-packages/airflow/example_dags/plugins/listener_plugin.py took 0.024 seconds
[2025-12-17T10:36:13.654+0530] {processor.py:186} INFO - Started process (PID=9718) to work on /home/sneha/spotify_airflow_project/venv/lib/python3.12/site-packages/airflow/example_dags/plugins/listener_plugin.py
[2025-12-17T10:36:13.655+0530] {processor.py:914} INFO - Processing file /home/sneha/spotify_airflow_project/venv/lib/python3.12/site-packages/airflow/example_dags/plugins/listener_plugin.py for tasks to queue
[2025-12-17T10:36:13.657+0530] {logging_mixin.py:190} INFO - [2025-12-17T10:36:13.657+0530] {dagbag.py:588} INFO - Filling up the DagBag from /home/sneha/spotify_airflow_project/venv/lib/python3.12/site-packages/airflow/example_dags/plugins/listener_plugin.py
[2025-12-17T10:36:13.659+0530] {processor.py:927} WARNING - No viable dags retrieved from /home/sneha/spotify_airflow_project/venv/lib/python3.12/site-packages/airflow/example_dags/plugins/listener_plugin.py
[2025-12-17T10:36:13.796+0530] {processor.py:208} INFO - Processing /home/sneha/spotify_airflow_project/venv/lib/python3.12/site-packages/airflow/example_dags/plugins/listener_plugin.py took 0.148 seconds
[2025-12-17T10:36:47.914+0530] {processor.py:186} INFO - Started process (PID=9963) to work on /home/sneha/spotify_airflow_project/venv/lib/python3.12/site-packages/airflow/example_dags/plugins/listener_plugin.py
[2025-12-17T10:36:47.915+0530] {processor.py:914} INFO - Processing file /home/sneha/spotify_airflow_project/venv/lib/python3.12/site-packages/airflow/example_dags/plugins/listener_plugin.py for tasks to queue
[2025-12-17T10:36:47.917+0530] {logging_mixin.py:190} INFO - [2025-12-17T10:36:47.916+0530] {dagbag.py:588} INFO - Filling up the DagBag from /home/sneha/spotify_airflow_project/venv/lib/python3.12/site-packages/airflow/example_dags/plugins/listener_plugin.py
[2025-12-17T10:36:47.919+0530] {processor.py:927} WARNING - No viable dags retrieved from /home/sneha/spotify_airflow_project/venv/lib/python3.12/site-packages/airflow/example_dags/plugins/listener_plugin.py
[2025-12-17T10:36:47.931+0530] {processor.py:208} INFO - Processing /home/sneha/spotify_airflow_project/venv/lib/python3.12/site-packages/airflow/example_dags/plugins/listener_plugin.py took 0.025 seconds
[2025-12-17T10:37:41.761+0530] {processor.py:186} INFO - Started process (PID=10351) to work on /home/sneha/spotify_airflow_project/venv/lib/python3.12/site-packages/airflow/example_dags/plugins/listener_plugin.py
[2025-12-17T10:37:41.762+0530] {processor.py:914} INFO - Processing file /home/sneha/spotify_airflow_project/venv/lib/python3.12/site-packages/airflow/example_dags/plugins/listener_plugin.py for tasks to queue
[2025-12-17T10:37:41.765+0530] {logging_mixin.py:190} INFO - [2025-12-17T10:37:41.764+0530] {dagbag.py:588} INFO - Filling up the DagBag from /home/sneha/spotify_airflow_project/venv/lib/python3.12/site-packages/airflow/example_dags/plugins/listener_plugin.py
[2025-12-17T10:37:41.767+0530] {processor.py:927} WARNING - No viable dags retrieved from /home/sneha/spotify_airflow_project/venv/lib/python3.12/site-packages/airflow/example_dags/plugins/listener_plugin.py
[2025-12-17T10:37:41.778+0530] {processor.py:208} INFO - Processing /home/sneha/spotify_airflow_project/venv/lib/python3.12/site-packages/airflow/example_dags/plugins/listener_plugin.py took 0.023 seconds
[2025-12-17T10:38:39.899+0530] {processor.py:186} INFO - Started process (PID=10741) to work on /home/sneha/spotify_airflow_project/venv/lib/python3.12/site-packages/airflow/example_dags/plugins/listener_plugin.py
[2025-12-17T10:38:39.900+0530] {processor.py:914} INFO - Processing file /home/sneha/spotify_airflow_project/venv/lib/python3.12/site-packages/airflow/example_dags/plugins/listener_plugin.py for tasks to queue
[2025-12-17T10:38:39.903+0530] {logging_mixin.py:190} INFO - [2025-12-17T10:38:39.903+0530] {dagbag.py:588} INFO - Filling up the DagBag from /home/sneha/spotify_airflow_project/venv/lib/python3.12/site-packages/airflow/example_dags/plugins/listener_plugin.py
[2025-12-17T10:38:39.906+0530] {processor.py:927} WARNING - No viable dags retrieved from /home/sneha/spotify_airflow_project/venv/lib/python3.12/site-packages/airflow/example_dags/plugins/listener_plugin.py
[2025-12-17T10:38:39.918+0530] {processor.py:208} INFO - Processing /home/sneha/spotify_airflow_project/venv/lib/python3.12/site-packages/airflow/example_dags/plugins/listener_plugin.py took 0.026 seconds
[2025-12-17T10:39:37.449+0530] {processor.py:186} INFO - Started process (PID=11160) to work on /home/sneha/spotify_airflow_project/venv/lib/python3.12/site-packages/airflow/example_dags/plugins/listener_plugin.py
[2025-12-17T10:39:37.450+0530] {processor.py:914} INFO - Processing file /home/sneha/spotify_airflow_project/venv/lib/python3.12/site-packages/airflow/example_dags/plugins/listener_plugin.py for tasks to queue
[2025-12-17T10:39:37.452+0530] {logging_mixin.py:190} INFO - [2025-12-17T10:39:37.452+0530] {dagbag.py:588} INFO - Filling up the DagBag from /home/sneha/spotify_airflow_project/venv/lib/python3.12/site-packages/airflow/example_dags/plugins/listener_plugin.py
[2025-12-17T10:39:37.454+0530] {processor.py:927} WARNING - No viable dags retrieved from /home/sneha/spotify_airflow_project/venv/lib/python3.12/site-packages/airflow/example_dags/plugins/listener_plugin.py
[2025-12-17T10:39:37.467+0530] {processor.py:208} INFO - Processing /home/sneha/spotify_airflow_project/venv/lib/python3.12/site-packages/airflow/example_dags/plugins/listener_plugin.py took 0.025 seconds
[2025-12-17T10:40:38.126+0530] {processor.py:186} INFO - Started process (PID=11670) to work on /home/sneha/spotify_airflow_project/venv/lib/python3.12/site-packages/airflow/example_dags/plugins/listener_plugin.py
[2025-12-17T10:40:38.127+0530] {processor.py:914} INFO - Processing file /home/sneha/spotify_airflow_project/venv/lib/python3.12/site-packages/airflow/example_dags/plugins/listener_plugin.py for tasks to queue
[2025-12-17T10:40:38.130+0530] {logging_mixin.py:190} INFO - [2025-12-17T10:40:38.129+0530] {dagbag.py:588} INFO - Filling up the DagBag from /home/sneha/spotify_airflow_project/venv/lib/python3.12/site-packages/airflow/example_dags/plugins/listener_plugin.py
[2025-12-17T10:40:38.132+0530] {processor.py:927} WARNING - No viable dags retrieved from /home/sneha/spotify_airflow_project/venv/lib/python3.12/site-packages/airflow/example_dags/plugins/listener_plugin.py
[2025-12-17T10:40:38.147+0530] {processor.py:208} INFO - Processing /home/sneha/spotify_airflow_project/venv/lib/python3.12/site-packages/airflow/example_dags/plugins/listener_plugin.py took 0.033 seconds
[2025-12-17T10:41:32.245+0530] {processor.py:186} INFO - Started process (PID=11785) to work on /home/sneha/spotify_airflow_project/venv/lib/python3.12/site-packages/airflow/example_dags/plugins/listener_plugin.py
[2025-12-17T10:41:32.246+0530] {processor.py:914} INFO - Processing file /home/sneha/spotify_airflow_project/venv/lib/python3.12/site-packages/airflow/example_dags/plugins/listener_plugin.py for tasks to queue
[2025-12-17T10:41:32.248+0530] {logging_mixin.py:190} INFO - [2025-12-17T10:41:32.247+0530] {dagbag.py:588} INFO - Filling up the DagBag from /home/sneha/spotify_airflow_project/venv/lib/python3.12/site-packages/airflow/example_dags/plugins/listener_plugin.py
[2025-12-17T10:41:32.250+0530] {processor.py:927} WARNING - No viable dags retrieved from /home/sneha/spotify_airflow_project/venv/lib/python3.12/site-packages/airflow/example_dags/plugins/listener_plugin.py
[2025-12-17T10:41:32.261+0530] {processor.py:208} INFO - Processing /home/sneha/spotify_airflow_project/venv/lib/python3.12/site-packages/airflow/example_dags/plugins/listener_plugin.py took 0.028 seconds
[2025-12-17T10:42:25.626+0530] {processor.py:186} INFO - Started process (PID=12091) to work on /home/sneha/spotify_airflow_project/venv/lib/python3.12/site-packages/airflow/example_dags/plugins/listener_plugin.py
[2025-12-17T10:42:25.627+0530] {processor.py:914} INFO - Processing file /home/sneha/spotify_airflow_project/venv/lib/python3.12/site-packages/airflow/example_dags/plugins/listener_plugin.py for tasks to queue
[2025-12-17T10:42:25.630+0530] {logging_mixin.py:190} INFO - [2025-12-17T10:42:25.629+0530] {dagbag.py:588} INFO - Filling up the DagBag from /home/sneha/spotify_airflow_project/venv/lib/python3.12/site-packages/airflow/example_dags/plugins/listener_plugin.py
[2025-12-17T10:42:25.632+0530] {processor.py:927} WARNING - No viable dags retrieved from /home/sneha/spotify_airflow_project/venv/lib/python3.12/site-packages/airflow/example_dags/plugins/listener_plugin.py
[2025-12-17T10:42:25.645+0530] {processor.py:208} INFO - Processing /home/sneha/spotify_airflow_project/venv/lib/python3.12/site-packages/airflow/example_dags/plugins/listener_plugin.py took 0.026 seconds
[2025-12-17T10:43:24.786+0530] {processor.py:186} INFO - Started process (PID=12206) to work on /home/sneha/spotify_airflow_project/venv/lib/python3.12/site-packages/airflow/example_dags/plugins/listener_plugin.py
[2025-12-17T10:43:24.787+0530] {processor.py:914} INFO - Processing file /home/sneha/spotify_airflow_project/venv/lib/python3.12/site-packages/airflow/example_dags/plugins/listener_plugin.py for tasks to queue
[2025-12-17T10:43:24.789+0530] {logging_mixin.py:190} INFO - [2025-12-17T10:43:24.788+0530] {dagbag.py:588} INFO - Filling up the DagBag from /home/sneha/spotify_airflow_project/venv/lib/python3.12/site-packages/airflow/example_dags/plugins/listener_plugin.py
[2025-12-17T10:43:24.790+0530] {processor.py:927} WARNING - No viable dags retrieved from /home/sneha/spotify_airflow_project/venv/lib/python3.12/site-packages/airflow/example_dags/plugins/listener_plugin.py
[2025-12-17T10:43:24.801+0530] {processor.py:208} INFO - Processing /home/sneha/spotify_airflow_project/venv/lib/python3.12/site-packages/airflow/example_dags/plugins/listener_plugin.py took 0.026 seconds
[2025-12-17T10:44:19.647+0530] {processor.py:186} INFO - Started process (PID=12264) to work on /home/sneha/spotify_airflow_project/venv/lib/python3.12/site-packages/airflow/example_dags/plugins/listener_plugin.py
[2025-12-17T10:44:19.649+0530] {processor.py:914} INFO - Processing file /home/sneha/spotify_airflow_project/venv/lib/python3.12/site-packages/airflow/example_dags/plugins/listener_plugin.py for tasks to queue
[2025-12-17T10:44:19.651+0530] {logging_mixin.py:190} INFO - [2025-12-17T10:44:19.650+0530] {dagbag.py:588} INFO - Filling up the DagBag from /home/sneha/spotify_airflow_project/venv/lib/python3.12/site-packages/airflow/example_dags/plugins/listener_plugin.py
[2025-12-17T10:44:19.653+0530] {processor.py:927} WARNING - No viable dags retrieved from /home/sneha/spotify_airflow_project/venv/lib/python3.12/site-packages/airflow/example_dags/plugins/listener_plugin.py
[2025-12-17T10:44:19.664+0530] {processor.py:208} INFO - Processing /home/sneha/spotify_airflow_project/venv/lib/python3.12/site-packages/airflow/example_dags/plugins/listener_plugin.py took 0.028 seconds
[2025-12-17T10:45:12.378+0530] {processor.py:186} INFO - Started process (PID=12378) to work on /home/sneha/spotify_airflow_project/venv/lib/python3.12/site-packages/airflow/example_dags/plugins/listener_plugin.py
[2025-12-17T10:45:12.379+0530] {processor.py:914} INFO - Processing file /home/sneha/spotify_airflow_project/venv/lib/python3.12/site-packages/airflow/example_dags/plugins/listener_plugin.py for tasks to queue
[2025-12-17T10:45:12.381+0530] {logging_mixin.py:190} INFO - [2025-12-17T10:45:12.380+0530] {dagbag.py:588} INFO - Filling up the DagBag from /home/sneha/spotify_airflow_project/venv/lib/python3.12/site-packages/airflow/example_dags/plugins/listener_plugin.py
[2025-12-17T10:45:12.383+0530] {processor.py:927} WARNING - No viable dags retrieved from /home/sneha/spotify_airflow_project/venv/lib/python3.12/site-packages/airflow/example_dags/plugins/listener_plugin.py
[2025-12-17T10:45:12.394+0530] {processor.py:208} INFO - Processing /home/sneha/spotify_airflow_project/venv/lib/python3.12/site-packages/airflow/example_dags/plugins/listener_plugin.py took 0.028 seconds
[2025-12-17T10:46:06.314+0530] {processor.py:186} INFO - Started process (PID=12438) to work on /home/sneha/spotify_airflow_project/venv/lib/python3.12/site-packages/airflow/example_dags/plugins/listener_plugin.py
[2025-12-17T10:46:06.315+0530] {processor.py:914} INFO - Processing file /home/sneha/spotify_airflow_project/venv/lib/python3.12/site-packages/airflow/example_dags/plugins/listener_plugin.py for tasks to queue
[2025-12-17T10:46:06.317+0530] {logging_mixin.py:190} INFO - [2025-12-17T10:46:06.317+0530] {dagbag.py:588} INFO - Filling up the DagBag from /home/sneha/spotify_airflow_project/venv/lib/python3.12/site-packages/airflow/example_dags/plugins/listener_plugin.py
[2025-12-17T10:46:06.319+0530] {processor.py:927} WARNING - No viable dags retrieved from /home/sneha/spotify_airflow_project/venv/lib/python3.12/site-packages/airflow/example_dags/plugins/listener_plugin.py
[2025-12-17T10:46:06.331+0530] {processor.py:208} INFO - Processing /home/sneha/spotify_airflow_project/venv/lib/python3.12/site-packages/airflow/example_dags/plugins/listener_plugin.py took 0.025 seconds
[2025-12-17T10:47:03.075+0530] {processor.py:186} INFO - Started process (PID=12700) to work on /home/sneha/spotify_airflow_project/venv/lib/python3.12/site-packages/airflow/example_dags/plugins/listener_plugin.py
[2025-12-17T10:47:03.076+0530] {processor.py:914} INFO - Processing file /home/sneha/spotify_airflow_project/venv/lib/python3.12/site-packages/airflow/example_dags/plugins/listener_plugin.py for tasks to queue
[2025-12-17T10:47:03.078+0530] {logging_mixin.py:190} INFO - [2025-12-17T10:47:03.078+0530] {dagbag.py:588} INFO - Filling up the DagBag from /home/sneha/spotify_airflow_project/venv/lib/python3.12/site-packages/airflow/example_dags/plugins/listener_plugin.py
[2025-12-17T10:47:03.080+0530] {processor.py:927} WARNING - No viable dags retrieved from /home/sneha/spotify_airflow_project/venv/lib/python3.12/site-packages/airflow/example_dags/plugins/listener_plugin.py
[2025-12-17T10:47:03.091+0530] {processor.py:208} INFO - Processing /home/sneha/spotify_airflow_project/venv/lib/python3.12/site-packages/airflow/example_dags/plugins/listener_plugin.py took 0.022 seconds
[2025-12-17T10:47:58.815+0530] {processor.py:186} INFO - Started process (PID=12785) to work on /home/sneha/spotify_airflow_project/venv/lib/python3.12/site-packages/airflow/example_dags/plugins/listener_plugin.py
[2025-12-17T10:47:58.816+0530] {processor.py:914} INFO - Processing file /home/sneha/spotify_airflow_project/venv/lib/python3.12/site-packages/airflow/example_dags/plugins/listener_plugin.py for tasks to queue
[2025-12-17T10:47:58.819+0530] {logging_mixin.py:190} INFO - [2025-12-17T10:47:58.819+0530] {dagbag.py:588} INFO - Filling up the DagBag from /home/sneha/spotify_airflow_project/venv/lib/python3.12/site-packages/airflow/example_dags/plugins/listener_plugin.py
[2025-12-17T10:47:58.822+0530] {processor.py:927} WARNING - No viable dags retrieved from /home/sneha/spotify_airflow_project/venv/lib/python3.12/site-packages/airflow/example_dags/plugins/listener_plugin.py
[2025-12-17T10:47:58.838+0530] {processor.py:208} INFO - Processing /home/sneha/spotify_airflow_project/venv/lib/python3.12/site-packages/airflow/example_dags/plugins/listener_plugin.py took 0.034 seconds
[2025-12-17T10:49:02.394+0530] {processor.py:186} INFO - Started process (PID=13306) to work on /home/sneha/spotify_airflow_project/venv/lib/python3.12/site-packages/airflow/example_dags/plugins/listener_plugin.py
[2025-12-17T10:49:02.395+0530] {processor.py:914} INFO - Processing file /home/sneha/spotify_airflow_project/venv/lib/python3.12/site-packages/airflow/example_dags/plugins/listener_plugin.py for tasks to queue
[2025-12-17T10:49:02.397+0530] {logging_mixin.py:190} INFO - [2025-12-17T10:49:02.396+0530] {dagbag.py:588} INFO - Filling up the DagBag from /home/sneha/spotify_airflow_project/venv/lib/python3.12/site-packages/airflow/example_dags/plugins/listener_plugin.py
[2025-12-17T10:49:02.399+0530] {processor.py:927} WARNING - No viable dags retrieved from /home/sneha/spotify_airflow_project/venv/lib/python3.12/site-packages/airflow/example_dags/plugins/listener_plugin.py
[2025-12-17T10:49:02.411+0530] {processor.py:208} INFO - Processing /home/sneha/spotify_airflow_project/venv/lib/python3.12/site-packages/airflow/example_dags/plugins/listener_plugin.py took 0.025 seconds
[2025-12-17T10:49:40.463+0530] {processor.py:186} INFO - Started process (PID=13670) to work on /home/sneha/spotify_airflow_project/venv/lib/python3.12/site-packages/airflow/example_dags/plugins/listener_plugin.py
[2025-12-17T10:49:40.464+0530] {processor.py:914} INFO - Processing file /home/sneha/spotify_airflow_project/venv/lib/python3.12/site-packages/airflow/example_dags/plugins/listener_plugin.py for tasks to queue
[2025-12-17T10:49:40.467+0530] {logging_mixin.py:190} INFO - [2025-12-17T10:49:40.467+0530] {dagbag.py:588} INFO - Filling up the DagBag from /home/sneha/spotify_airflow_project/venv/lib/python3.12/site-packages/airflow/example_dags/plugins/listener_plugin.py
[2025-12-17T10:49:40.470+0530] {processor.py:927} WARNING - No viable dags retrieved from /home/sneha/spotify_airflow_project/venv/lib/python3.12/site-packages/airflow/example_dags/plugins/listener_plugin.py
[2025-12-17T10:49:40.486+0530] {processor.py:208} INFO - Processing /home/sneha/spotify_airflow_project/venv/lib/python3.12/site-packages/airflow/example_dags/plugins/listener_plugin.py took 0.031 seconds
[2025-12-17T10:50:32.630+0530] {processor.py:186} INFO - Started process (PID=13792) to work on /home/sneha/spotify_airflow_project/venv/lib/python3.12/site-packages/airflow/example_dags/plugins/listener_plugin.py
[2025-12-17T10:50:32.631+0530] {processor.py:914} INFO - Processing file /home/sneha/spotify_airflow_project/venv/lib/python3.12/site-packages/airflow/example_dags/plugins/listener_plugin.py for tasks to queue
[2025-12-17T10:50:32.633+0530] {logging_mixin.py:190} INFO - [2025-12-17T10:50:32.633+0530] {dagbag.py:588} INFO - Filling up the DagBag from /home/sneha/spotify_airflow_project/venv/lib/python3.12/site-packages/airflow/example_dags/plugins/listener_plugin.py
[2025-12-17T10:50:32.635+0530] {processor.py:927} WARNING - No viable dags retrieved from /home/sneha/spotify_airflow_project/venv/lib/python3.12/site-packages/airflow/example_dags/plugins/listener_plugin.py
[2025-12-17T10:50:32.647+0530] {processor.py:208} INFO - Processing /home/sneha/spotify_airflow_project/venv/lib/python3.12/site-packages/airflow/example_dags/plugins/listener_plugin.py took 0.024 seconds
[2025-12-17T10:51:28.250+0530] {processor.py:186} INFO - Started process (PID=14201) to work on /home/sneha/spotify_airflow_project/venv/lib/python3.12/site-packages/airflow/example_dags/plugins/listener_plugin.py
[2025-12-17T10:51:28.252+0530] {processor.py:914} INFO - Processing file /home/sneha/spotify_airflow_project/venv/lib/python3.12/site-packages/airflow/example_dags/plugins/listener_plugin.py for tasks to queue
[2025-12-17T10:51:28.254+0530] {logging_mixin.py:190} INFO - [2025-12-17T10:51:28.253+0530] {dagbag.py:588} INFO - Filling up the DagBag from /home/sneha/spotify_airflow_project/venv/lib/python3.12/site-packages/airflow/example_dags/plugins/listener_plugin.py
[2025-12-17T10:51:28.256+0530] {processor.py:927} WARNING - No viable dags retrieved from /home/sneha/spotify_airflow_project/venv/lib/python3.12/site-packages/airflow/example_dags/plugins/listener_plugin.py
[2025-12-17T10:51:28.268+0530] {processor.py:208} INFO - Processing /home/sneha/spotify_airflow_project/venv/lib/python3.12/site-packages/airflow/example_dags/plugins/listener_plugin.py took 0.028 seconds
[2025-12-17T10:52:22.321+0530] {processor.py:186} INFO - Started process (PID=14575) to work on /home/sneha/spotify_airflow_project/venv/lib/python3.12/site-packages/airflow/example_dags/plugins/listener_plugin.py
[2025-12-17T10:52:22.322+0530] {processor.py:914} INFO - Processing file /home/sneha/spotify_airflow_project/venv/lib/python3.12/site-packages/airflow/example_dags/plugins/listener_plugin.py for tasks to queue
[2025-12-17T10:52:22.325+0530] {logging_mixin.py:190} INFO - [2025-12-17T10:52:22.324+0530] {dagbag.py:588} INFO - Filling up the DagBag from /home/sneha/spotify_airflow_project/venv/lib/python3.12/site-packages/airflow/example_dags/plugins/listener_plugin.py
[2025-12-17T10:52:22.326+0530] {processor.py:927} WARNING - No viable dags retrieved from /home/sneha/spotify_airflow_project/venv/lib/python3.12/site-packages/airflow/example_dags/plugins/listener_plugin.py
[2025-12-17T10:52:22.339+0530] {processor.py:208} INFO - Processing /home/sneha/spotify_airflow_project/venv/lib/python3.12/site-packages/airflow/example_dags/plugins/listener_plugin.py took 0.025 seconds
[2025-12-17T10:53:18.843+0530] {processor.py:186} INFO - Started process (PID=14977) to work on /home/sneha/spotify_airflow_project/venv/lib/python3.12/site-packages/airflow/example_dags/plugins/listener_plugin.py
[2025-12-17T10:53:18.844+0530] {processor.py:914} INFO - Processing file /home/sneha/spotify_airflow_project/venv/lib/python3.12/site-packages/airflow/example_dags/plugins/listener_plugin.py for tasks to queue
[2025-12-17T10:53:18.847+0530] {logging_mixin.py:190} INFO - [2025-12-17T10:53:18.847+0530] {dagbag.py:588} INFO - Filling up the DagBag from /home/sneha/spotify_airflow_project/venv/lib/python3.12/site-packages/airflow/example_dags/plugins/listener_plugin.py
[2025-12-17T10:53:18.849+0530] {processor.py:927} WARNING - No viable dags retrieved from /home/sneha/spotify_airflow_project/venv/lib/python3.12/site-packages/airflow/example_dags/plugins/listener_plugin.py
[2025-12-17T10:53:18.861+0530] {processor.py:208} INFO - Processing /home/sneha/spotify_airflow_project/venv/lib/python3.12/site-packages/airflow/example_dags/plugins/listener_plugin.py took 0.028 seconds
[2025-12-17T10:54:18.942+0530] {processor.py:186} INFO - Started process (PID=15366) to work on /home/sneha/spotify_airflow_project/venv/lib/python3.12/site-packages/airflow/example_dags/plugins/listener_plugin.py
[2025-12-17T10:54:18.952+0530] {processor.py:914} INFO - Processing file /home/sneha/spotify_airflow_project/venv/lib/python3.12/site-packages/airflow/example_dags/plugins/listener_plugin.py for tasks to queue
[2025-12-17T10:54:18.955+0530] {logging_mixin.py:190} INFO - [2025-12-17T10:54:18.954+0530] {dagbag.py:588} INFO - Filling up the DagBag from /home/sneha/spotify_airflow_project/venv/lib/python3.12/site-packages/airflow/example_dags/plugins/listener_plugin.py
[2025-12-17T10:54:18.957+0530] {processor.py:927} WARNING - No viable dags retrieved from /home/sneha/spotify_airflow_project/venv/lib/python3.12/site-packages/airflow/example_dags/plugins/listener_plugin.py
[2025-12-17T10:54:18.970+0530] {processor.py:208} INFO - Processing /home/sneha/spotify_airflow_project/venv/lib/python3.12/site-packages/airflow/example_dags/plugins/listener_plugin.py took 0.040 seconds
[2025-12-17T10:55:16.902+0530] {processor.py:186} INFO - Started process (PID=15580) to work on /home/sneha/spotify_airflow_project/venv/lib/python3.12/site-packages/airflow/example_dags/plugins/listener_plugin.py
[2025-12-17T10:55:16.903+0530] {processor.py:914} INFO - Processing file /home/sneha/spotify_airflow_project/venv/lib/python3.12/site-packages/airflow/example_dags/plugins/listener_plugin.py for tasks to queue
[2025-12-17T10:55:16.906+0530] {logging_mixin.py:190} INFO - [2025-12-17T10:55:16.906+0530] {dagbag.py:588} INFO - Filling up the DagBag from /home/sneha/spotify_airflow_project/venv/lib/python3.12/site-packages/airflow/example_dags/plugins/listener_plugin.py
[2025-12-17T10:55:16.909+0530] {processor.py:927} WARNING - No viable dags retrieved from /home/sneha/spotify_airflow_project/venv/lib/python3.12/site-packages/airflow/example_dags/plugins/listener_plugin.py
[2025-12-17T10:55:16.924+0530] {processor.py:208} INFO - Processing /home/sneha/spotify_airflow_project/venv/lib/python3.12/site-packages/airflow/example_dags/plugins/listener_plugin.py took 0.034 seconds
[2025-12-17T10:56:12.439+0530] {processor.py:186} INFO - Started process (PID=15643) to work on /home/sneha/spotify_airflow_project/venv/lib/python3.12/site-packages/airflow/example_dags/plugins/listener_plugin.py
[2025-12-17T10:56:12.440+0530] {processor.py:914} INFO - Processing file /home/sneha/spotify_airflow_project/venv/lib/python3.12/site-packages/airflow/example_dags/plugins/listener_plugin.py for tasks to queue
[2025-12-17T10:56:12.442+0530] {logging_mixin.py:190} INFO - [2025-12-17T10:56:12.442+0530] {dagbag.py:588} INFO - Filling up the DagBag from /home/sneha/spotify_airflow_project/venv/lib/python3.12/site-packages/airflow/example_dags/plugins/listener_plugin.py
[2025-12-17T10:56:12.444+0530] {processor.py:927} WARNING - No viable dags retrieved from /home/sneha/spotify_airflow_project/venv/lib/python3.12/site-packages/airflow/example_dags/plugins/listener_plugin.py
[2025-12-17T10:56:12.454+0530] {processor.py:208} INFO - Processing /home/sneha/spotify_airflow_project/venv/lib/python3.12/site-packages/airflow/example_dags/plugins/listener_plugin.py took 0.026 seconds
[2025-12-17T10:57:07.188+0530] {processor.py:186} INFO - Started process (PID=15702) to work on /home/sneha/spotify_airflow_project/venv/lib/python3.12/site-packages/airflow/example_dags/plugins/listener_plugin.py
[2025-12-17T10:57:07.189+0530] {processor.py:914} INFO - Processing file /home/sneha/spotify_airflow_project/venv/lib/python3.12/site-packages/airflow/example_dags/plugins/listener_plugin.py for tasks to queue
[2025-12-17T10:57:07.191+0530] {logging_mixin.py:190} INFO - [2025-12-17T10:57:07.191+0530] {dagbag.py:588} INFO - Filling up the DagBag from /home/sneha/spotify_airflow_project/venv/lib/python3.12/site-packages/airflow/example_dags/plugins/listener_plugin.py
[2025-12-17T10:57:07.193+0530] {processor.py:927} WARNING - No viable dags retrieved from /home/sneha/spotify_airflow_project/venv/lib/python3.12/site-packages/airflow/example_dags/plugins/listener_plugin.py
[2025-12-17T10:57:07.204+0530] {processor.py:208} INFO - Processing /home/sneha/spotify_airflow_project/venv/lib/python3.12/site-packages/airflow/example_dags/plugins/listener_plugin.py took 0.022 seconds
[2025-12-17T10:58:01.501+0530] {processor.py:186} INFO - Started process (PID=15969) to work on /home/sneha/spotify_airflow_project/venv/lib/python3.12/site-packages/airflow/example_dags/plugins/listener_plugin.py
[2025-12-17T10:58:01.502+0530] {processor.py:914} INFO - Processing file /home/sneha/spotify_airflow_project/venv/lib/python3.12/site-packages/airflow/example_dags/plugins/listener_plugin.py for tasks to queue
[2025-12-17T10:58:01.505+0530] {logging_mixin.py:190} INFO - [2025-12-17T10:58:01.504+0530] {dagbag.py:588} INFO - Filling up the DagBag from /home/sneha/spotify_airflow_project/venv/lib/python3.12/site-packages/airflow/example_dags/plugins/listener_plugin.py
[2025-12-17T10:58:01.507+0530] {processor.py:927} WARNING - No viable dags retrieved from /home/sneha/spotify_airflow_project/venv/lib/python3.12/site-packages/airflow/example_dags/plugins/listener_plugin.py
[2025-12-17T10:58:01.518+0530] {processor.py:208} INFO - Processing /home/sneha/spotify_airflow_project/venv/lib/python3.12/site-packages/airflow/example_dags/plugins/listener_plugin.py took 0.024 seconds
[2025-12-17T10:59:06.717+0530] {processor.py:186} INFO - Started process (PID=16351) to work on /home/sneha/spotify_airflow_project/venv/lib/python3.12/site-packages/airflow/example_dags/plugins/listener_plugin.py
[2025-12-17T10:59:06.718+0530] {processor.py:914} INFO - Processing file /home/sneha/spotify_airflow_project/venv/lib/python3.12/site-packages/airflow/example_dags/plugins/listener_plugin.py for tasks to queue
[2025-12-17T10:59:06.720+0530] {logging_mixin.py:190} INFO - [2025-12-17T10:59:06.719+0530] {dagbag.py:588} INFO - Filling up the DagBag from /home/sneha/spotify_airflow_project/venv/lib/python3.12/site-packages/airflow/example_dags/plugins/listener_plugin.py
[2025-12-17T10:59:06.722+0530] {processor.py:927} WARNING - No viable dags retrieved from /home/sneha/spotify_airflow_project/venv/lib/python3.12/site-packages/airflow/example_dags/plugins/listener_plugin.py
[2025-12-17T10:59:06.733+0530] {processor.py:208} INFO - Processing /home/sneha/spotify_airflow_project/venv/lib/python3.12/site-packages/airflow/example_dags/plugins/listener_plugin.py took 0.026 seconds
[2025-12-17T11:00:58.752+0530] {processor.py:186} INFO - Started process (PID=16987) to work on /home/sneha/spotify_airflow_project/venv/lib/python3.12/site-packages/airflow/example_dags/plugins/listener_plugin.py
[2025-12-17T11:00:58.753+0530] {processor.py:914} INFO - Processing file /home/sneha/spotify_airflow_project/venv/lib/python3.12/site-packages/airflow/example_dags/plugins/listener_plugin.py for tasks to queue
[2025-12-17T11:00:58.755+0530] {logging_mixin.py:190} INFO - [2025-12-17T11:00:58.755+0530] {dagbag.py:588} INFO - Filling up the DagBag from /home/sneha/spotify_airflow_project/venv/lib/python3.12/site-packages/airflow/example_dags/plugins/listener_plugin.py
[2025-12-17T11:00:58.757+0530] {processor.py:927} WARNING - No viable dags retrieved from /home/sneha/spotify_airflow_project/venv/lib/python3.12/site-packages/airflow/example_dags/plugins/listener_plugin.py
[2025-12-17T11:00:58.767+0530] {processor.py:208} INFO - Processing /home/sneha/spotify_airflow_project/venv/lib/python3.12/site-packages/airflow/example_dags/plugins/listener_plugin.py took 0.022 seconds
[2025-12-17T11:01:56.573+0530] {processor.py:186} INFO - Started process (PID=17206) to work on /home/sneha/spotify_airflow_project/venv/lib/python3.12/site-packages/airflow/example_dags/plugins/listener_plugin.py
[2025-12-17T11:01:56.574+0530] {processor.py:914} INFO - Processing file /home/sneha/spotify_airflow_project/venv/lib/python3.12/site-packages/airflow/example_dags/plugins/listener_plugin.py for tasks to queue
[2025-12-17T11:01:56.576+0530] {logging_mixin.py:190} INFO - [2025-12-17T11:01:56.575+0530] {dagbag.py:588} INFO - Filling up the DagBag from /home/sneha/spotify_airflow_project/venv/lib/python3.12/site-packages/airflow/example_dags/plugins/listener_plugin.py
[2025-12-17T11:01:56.578+0530] {processor.py:927} WARNING - No viable dags retrieved from /home/sneha/spotify_airflow_project/venv/lib/python3.12/site-packages/airflow/example_dags/plugins/listener_plugin.py
[2025-12-17T11:01:56.590+0530] {processor.py:208} INFO - Processing /home/sneha/spotify_airflow_project/venv/lib/python3.12/site-packages/airflow/example_dags/plugins/listener_plugin.py took 0.028 seconds
[2025-12-17T11:02:49.845+0530] {processor.py:186} INFO - Started process (PID=17961) to work on /home/sneha/spotify_airflow_project/venv/lib/python3.12/site-packages/airflow/example_dags/plugins/listener_plugin.py
[2025-12-17T11:02:49.846+0530] {processor.py:914} INFO - Processing file /home/sneha/spotify_airflow_project/venv/lib/python3.12/site-packages/airflow/example_dags/plugins/listener_plugin.py for tasks to queue
[2025-12-17T11:02:49.850+0530] {logging_mixin.py:190} INFO - [2025-12-17T11:02:49.849+0530] {dagbag.py:588} INFO - Filling up the DagBag from /home/sneha/spotify_airflow_project/venv/lib/python3.12/site-packages/airflow/example_dags/plugins/listener_plugin.py
[2025-12-17T11:02:49.853+0530] {processor.py:927} WARNING - No viable dags retrieved from /home/sneha/spotify_airflow_project/venv/lib/python3.12/site-packages/airflow/example_dags/plugins/listener_plugin.py
[2025-12-17T11:02:49.864+0530] {processor.py:208} INFO - Processing /home/sneha/spotify_airflow_project/venv/lib/python3.12/site-packages/airflow/example_dags/plugins/listener_plugin.py took 0.027 seconds
[2025-12-17T11:03:25.983+0530] {processor.py:186} INFO - Started process (PID=18230) to work on /home/sneha/spotify_airflow_project/venv/lib/python3.12/site-packages/airflow/example_dags/plugins/listener_plugin.py
[2025-12-17T11:03:25.984+0530] {processor.py:914} INFO - Processing file /home/sneha/spotify_airflow_project/venv/lib/python3.12/site-packages/airflow/example_dags/plugins/listener_plugin.py for tasks to queue
[2025-12-17T11:03:25.986+0530] {logging_mixin.py:190} INFO - [2025-12-17T11:03:25.986+0530] {dagbag.py:588} INFO - Filling up the DagBag from /home/sneha/spotify_airflow_project/venv/lib/python3.12/site-packages/airflow/example_dags/plugins/listener_plugin.py
[2025-12-17T11:03:25.988+0530] {processor.py:927} WARNING - No viable dags retrieved from /home/sneha/spotify_airflow_project/venv/lib/python3.12/site-packages/airflow/example_dags/plugins/listener_plugin.py
[2025-12-17T11:03:26.000+0530] {processor.py:208} INFO - Processing /home/sneha/spotify_airflow_project/venv/lib/python3.12/site-packages/airflow/example_dags/plugins/listener_plugin.py took 0.023 seconds
[2025-12-17T11:04:21.071+0530] {processor.py:186} INFO - Started process (PID=18436) to work on /home/sneha/spotify_airflow_project/venv/lib/python3.12/site-packages/airflow/example_dags/plugins/listener_plugin.py
[2025-12-17T11:04:21.072+0530] {processor.py:914} INFO - Processing file /home/sneha/spotify_airflow_project/venv/lib/python3.12/site-packages/airflow/example_dags/plugins/listener_plugin.py for tasks to queue
[2025-12-17T11:04:21.076+0530] {logging_mixin.py:190} INFO - [2025-12-17T11:04:21.075+0530] {dagbag.py:588} INFO - Filling up the DagBag from /home/sneha/spotify_airflow_project/venv/lib/python3.12/site-packages/airflow/example_dags/plugins/listener_plugin.py
[2025-12-17T11:04:21.080+0530] {processor.py:927} WARNING - No viable dags retrieved from /home/sneha/spotify_airflow_project/venv/lib/python3.12/site-packages/airflow/example_dags/plugins/listener_plugin.py
[2025-12-17T11:04:21.103+0530] {processor.py:208} INFO - Processing /home/sneha/spotify_airflow_project/venv/lib/python3.12/site-packages/airflow/example_dags/plugins/listener_plugin.py took 0.041 seconds
[2025-12-17T11:05:22.336+0530] {processor.py:186} INFO - Started process (PID=18656) to work on /home/sneha/spotify_airflow_project/venv/lib/python3.12/site-packages/airflow/example_dags/plugins/listener_plugin.py
[2025-12-17T11:05:22.341+0530] {processor.py:914} INFO - Processing file /home/sneha/spotify_airflow_project/venv/lib/python3.12/site-packages/airflow/example_dags/plugins/listener_plugin.py for tasks to queue
[2025-12-17T11:05:22.346+0530] {logging_mixin.py:190} INFO - [2025-12-17T11:05:22.345+0530] {dagbag.py:588} INFO - Filling up the DagBag from /home/sneha/spotify_airflow_project/venv/lib/python3.12/site-packages/airflow/example_dags/plugins/listener_plugin.py
[2025-12-17T11:05:22.351+0530] {processor.py:927} WARNING - No viable dags retrieved from /home/sneha/spotify_airflow_project/venv/lib/python3.12/site-packages/airflow/example_dags/plugins/listener_plugin.py
[2025-12-17T11:05:22.377+0530] {processor.py:208} INFO - Processing /home/sneha/spotify_airflow_project/venv/lib/python3.12/site-packages/airflow/example_dags/plugins/listener_plugin.py took 0.055 seconds
[2025-12-17T11:06:20.617+0530] {processor.py:186} INFO - Started process (PID=18980) to work on /home/sneha/spotify_airflow_project/venv/lib/python3.12/site-packages/airflow/example_dags/plugins/listener_plugin.py
[2025-12-17T11:06:20.619+0530] {processor.py:914} INFO - Processing file /home/sneha/spotify_airflow_project/venv/lib/python3.12/site-packages/airflow/example_dags/plugins/listener_plugin.py for tasks to queue
[2025-12-17T11:06:20.623+0530] {logging_mixin.py:190} INFO - [2025-12-17T11:06:20.622+0530] {dagbag.py:588} INFO - Filling up the DagBag from /home/sneha/spotify_airflow_project/venv/lib/python3.12/site-packages/airflow/example_dags/plugins/listener_plugin.py
[2025-12-17T11:06:20.627+0530] {processor.py:927} WARNING - No viable dags retrieved from /home/sneha/spotify_airflow_project/venv/lib/python3.12/site-packages/airflow/example_dags/plugins/listener_plugin.py
[2025-12-17T11:06:20.652+0530] {processor.py:208} INFO - Processing /home/sneha/spotify_airflow_project/venv/lib/python3.12/site-packages/airflow/example_dags/plugins/listener_plugin.py took 0.051 seconds
[2025-12-17T11:06:56.629+0530] {processor.py:186} INFO - Started process (PID=19274) to work on /home/sneha/spotify_airflow_project/venv/lib/python3.12/site-packages/airflow/example_dags/plugins/listener_plugin.py
[2025-12-17T11:06:56.630+0530] {processor.py:914} INFO - Processing file /home/sneha/spotify_airflow_project/venv/lib/python3.12/site-packages/airflow/example_dags/plugins/listener_plugin.py for tasks to queue
[2025-12-17T11:06:56.632+0530] {logging_mixin.py:190} INFO - [2025-12-17T11:06:56.632+0530] {dagbag.py:588} INFO - Filling up the DagBag from /home/sneha/spotify_airflow_project/venv/lib/python3.12/site-packages/airflow/example_dags/plugins/listener_plugin.py
[2025-12-17T11:06:56.634+0530] {processor.py:927} WARNING - No viable dags retrieved from /home/sneha/spotify_airflow_project/venv/lib/python3.12/site-packages/airflow/example_dags/plugins/listener_plugin.py
[2025-12-17T11:06:56.647+0530] {processor.py:208} INFO - Processing /home/sneha/spotify_airflow_project/venv/lib/python3.12/site-packages/airflow/example_dags/plugins/listener_plugin.py took 0.023 seconds
[2025-12-17T12:47:07.969+0530] {processor.py:186} INFO - Started process (PID=70982) to work on /home/sneha/spotify_airflow_project/venv/lib/python3.12/site-packages/airflow/example_dags/plugins/listener_plugin.py
[2025-12-17T12:47:07.980+0530] {processor.py:914} INFO - Processing file /home/sneha/spotify_airflow_project/venv/lib/python3.12/site-packages/airflow/example_dags/plugins/listener_plugin.py for tasks to queue
[2025-12-17T12:47:07.984+0530] {logging_mixin.py:190} INFO - [2025-12-17T12:47:07.983+0530] {dagbag.py:588} INFO - Filling up the DagBag from /home/sneha/spotify_airflow_project/venv/lib/python3.12/site-packages/airflow/example_dags/plugins/listener_plugin.py
[2025-12-17T12:47:07.987+0530] {processor.py:927} WARNING - No viable dags retrieved from /home/sneha/spotify_airflow_project/venv/lib/python3.12/site-packages/airflow/example_dags/plugins/listener_plugin.py
[2025-12-17T12:47:08.003+0530] {processor.py:208} INFO - Processing /home/sneha/spotify_airflow_project/venv/lib/python3.12/site-packages/airflow/example_dags/plugins/listener_plugin.py took 0.045 seconds
[2025-12-17T12:48:20.090+0530] {processor.py:186} INFO - Started process (PID=71193) to work on /home/sneha/spotify_airflow_project/venv/lib/python3.12/site-packages/airflow/example_dags/plugins/listener_plugin.py
[2025-12-17T12:48:20.091+0530] {processor.py:914} INFO - Processing file /home/sneha/spotify_airflow_project/venv/lib/python3.12/site-packages/airflow/example_dags/plugins/listener_plugin.py for tasks to queue
[2025-12-17T12:48:20.095+0530] {logging_mixin.py:190} INFO - [2025-12-17T12:48:20.094+0530] {dagbag.py:588} INFO - Filling up the DagBag from /home/sneha/spotify_airflow_project/venv/lib/python3.12/site-packages/airflow/example_dags/plugins/listener_plugin.py
[2025-12-17T12:48:20.098+0530] {processor.py:927} WARNING - No viable dags retrieved from /home/sneha/spotify_airflow_project/venv/lib/python3.12/site-packages/airflow/example_dags/plugins/listener_plugin.py
[2025-12-17T12:48:20.118+0530] {processor.py:208} INFO - Processing /home/sneha/spotify_airflow_project/venv/lib/python3.12/site-packages/airflow/example_dags/plugins/listener_plugin.py took 0.038 seconds
[2025-12-17T12:48:59.869+0530] {processor.py:186} INFO - Started process (PID=71306) to work on /home/sneha/spotify_airflow_project/venv/lib/python3.12/site-packages/airflow/example_dags/plugins/listener_plugin.py
[2025-12-17T12:48:59.870+0530] {processor.py:914} INFO - Processing file /home/sneha/spotify_airflow_project/venv/lib/python3.12/site-packages/airflow/example_dags/plugins/listener_plugin.py for tasks to queue
[2025-12-17T12:48:59.874+0530] {logging_mixin.py:190} INFO - [2025-12-17T12:48:59.873+0530] {dagbag.py:588} INFO - Filling up the DagBag from /home/sneha/spotify_airflow_project/venv/lib/python3.12/site-packages/airflow/example_dags/plugins/listener_plugin.py
[2025-12-17T12:48:59.878+0530] {processor.py:927} WARNING - No viable dags retrieved from /home/sneha/spotify_airflow_project/venv/lib/python3.12/site-packages/airflow/example_dags/plugins/listener_plugin.py
[2025-12-17T12:48:59.898+0530] {processor.py:208} INFO - Processing /home/sneha/spotify_airflow_project/venv/lib/python3.12/site-packages/airflow/example_dags/plugins/listener_plugin.py took 0.041 seconds
[2025-12-17T12:49:51.399+0530] {processor.py:186} INFO - Started process (PID=71519) to work on /home/sneha/spotify_airflow_project/venv/lib/python3.12/site-packages/airflow/example_dags/plugins/listener_plugin.py
[2025-12-17T12:49:51.401+0530] {processor.py:914} INFO - Processing file /home/sneha/spotify_airflow_project/venv/lib/python3.12/site-packages/airflow/example_dags/plugins/listener_plugin.py for tasks to queue
[2025-12-17T12:49:51.406+0530] {logging_mixin.py:190} INFO - [2025-12-17T12:49:51.405+0530] {dagbag.py:588} INFO - Filling up the DagBag from /home/sneha/spotify_airflow_project/venv/lib/python3.12/site-packages/airflow/example_dags/plugins/listener_plugin.py
[2025-12-17T12:49:51.409+0530] {processor.py:927} WARNING - No viable dags retrieved from /home/sneha/spotify_airflow_project/venv/lib/python3.12/site-packages/airflow/example_dags/plugins/listener_plugin.py
[2025-12-17T12:49:51.429+0530] {processor.py:208} INFO - Processing /home/sneha/spotify_airflow_project/venv/lib/python3.12/site-packages/airflow/example_dags/plugins/listener_plugin.py took 0.040 seconds
[2025-12-17T12:50:34.360+0530] {processor.py:186} INFO - Started process (PID=71599) to work on /home/sneha/spotify_airflow_project/venv/lib/python3.12/site-packages/airflow/example_dags/plugins/listener_plugin.py
[2025-12-17T12:50:34.362+0530] {processor.py:914} INFO - Processing file /home/sneha/spotify_airflow_project/venv/lib/python3.12/site-packages/airflow/example_dags/plugins/listener_plugin.py for tasks to queue
[2025-12-17T12:50:34.366+0530] {logging_mixin.py:190} INFO - [2025-12-17T12:50:34.365+0530] {dagbag.py:588} INFO - Filling up the DagBag from /home/sneha/spotify_airflow_project/venv/lib/python3.12/site-packages/airflow/example_dags/plugins/listener_plugin.py
[2025-12-17T12:50:34.370+0530] {processor.py:927} WARNING - No viable dags retrieved from /home/sneha/spotify_airflow_project/venv/lib/python3.12/site-packages/airflow/example_dags/plugins/listener_plugin.py
[2025-12-17T12:50:34.389+0530] {processor.py:208} INFO - Processing /home/sneha/spotify_airflow_project/venv/lib/python3.12/site-packages/airflow/example_dags/plugins/listener_plugin.py took 0.039 seconds
[2025-12-17T12:51:11.487+0530] {processor.py:186} INFO - Started process (PID=71821) to work on /home/sneha/spotify_airflow_project/venv/lib/python3.12/site-packages/airflow/example_dags/plugins/listener_plugin.py
[2025-12-17T12:51:11.490+0530] {processor.py:914} INFO - Processing file /home/sneha/spotify_airflow_project/venv/lib/python3.12/site-packages/airflow/example_dags/plugins/listener_plugin.py for tasks to queue
[2025-12-17T12:51:11.494+0530] {logging_mixin.py:190} INFO - [2025-12-17T12:51:11.493+0530] {dagbag.py:588} INFO - Filling up the DagBag from /home/sneha/spotify_airflow_project/venv/lib/python3.12/site-packages/airflow/example_dags/plugins/listener_plugin.py
[2025-12-17T12:51:11.499+0530] {processor.py:927} WARNING - No viable dags retrieved from /home/sneha/spotify_airflow_project/venv/lib/python3.12/site-packages/airflow/example_dags/plugins/listener_plugin.py
[2025-12-17T12:51:11.529+0530] {processor.py:208} INFO - Processing /home/sneha/spotify_airflow_project/venv/lib/python3.12/site-packages/airflow/example_dags/plugins/listener_plugin.py took 0.056 seconds
[2025-12-17T12:51:48.030+0530] {processor.py:186} INFO - Started process (PID=72211) to work on /home/sneha/spotify_airflow_project/venv/lib/python3.12/site-packages/airflow/example_dags/plugins/listener_plugin.py
[2025-12-17T12:51:48.032+0530] {processor.py:914} INFO - Processing file /home/sneha/spotify_airflow_project/venv/lib/python3.12/site-packages/airflow/example_dags/plugins/listener_plugin.py for tasks to queue
[2025-12-17T12:51:48.037+0530] {logging_mixin.py:190} INFO - [2025-12-17T12:51:48.036+0530] {dagbag.py:588} INFO - Filling up the DagBag from /home/sneha/spotify_airflow_project/venv/lib/python3.12/site-packages/airflow/example_dags/plugins/listener_plugin.py
[2025-12-17T12:51:48.042+0530] {processor.py:927} WARNING - No viable dags retrieved from /home/sneha/spotify_airflow_project/venv/lib/python3.12/site-packages/airflow/example_dags/plugins/listener_plugin.py
[2025-12-17T12:51:48.069+0530] {processor.py:208} INFO - Processing /home/sneha/spotify_airflow_project/venv/lib/python3.12/site-packages/airflow/example_dags/plugins/listener_plugin.py took 0.052 seconds
[2025-12-17T12:52:23.361+0530] {processor.py:186} INFO - Started process (PID=72280) to work on /home/sneha/spotify_airflow_project/venv/lib/python3.12/site-packages/airflow/example_dags/plugins/listener_plugin.py
[2025-12-17T12:52:23.363+0530] {processor.py:914} INFO - Processing file /home/sneha/spotify_airflow_project/venv/lib/python3.12/site-packages/airflow/example_dags/plugins/listener_plugin.py for tasks to queue
[2025-12-17T12:52:23.367+0530] {logging_mixin.py:190} INFO - [2025-12-17T12:52:23.366+0530] {dagbag.py:588} INFO - Filling up the DagBag from /home/sneha/spotify_airflow_project/venv/lib/python3.12/site-packages/airflow/example_dags/plugins/listener_plugin.py
[2025-12-17T12:52:23.370+0530] {processor.py:927} WARNING - No viable dags retrieved from /home/sneha/spotify_airflow_project/venv/lib/python3.12/site-packages/airflow/example_dags/plugins/listener_plugin.py
[2025-12-17T12:52:23.389+0530] {processor.py:208} INFO - Processing /home/sneha/spotify_airflow_project/venv/lib/python3.12/site-packages/airflow/example_dags/plugins/listener_plugin.py took 0.037 seconds
[2025-12-17T12:52:57.227+0530] {processor.py:186} INFO - Started process (PID=72315) to work on /home/sneha/spotify_airflow_project/venv/lib/python3.12/site-packages/airflow/example_dags/plugins/listener_plugin.py
[2025-12-17T12:52:57.228+0530] {processor.py:914} INFO - Processing file /home/sneha/spotify_airflow_project/venv/lib/python3.12/site-packages/airflow/example_dags/plugins/listener_plugin.py for tasks to queue
[2025-12-17T12:52:57.232+0530] {logging_mixin.py:190} INFO - [2025-12-17T12:52:57.231+0530] {dagbag.py:588} INFO - Filling up the DagBag from /home/sneha/spotify_airflow_project/venv/lib/python3.12/site-packages/airflow/example_dags/plugins/listener_plugin.py
[2025-12-17T12:52:57.238+0530] {processor.py:927} WARNING - No viable dags retrieved from /home/sneha/spotify_airflow_project/venv/lib/python3.12/site-packages/airflow/example_dags/plugins/listener_plugin.py
[2025-12-17T12:52:57.259+0530] {processor.py:208} INFO - Processing /home/sneha/spotify_airflow_project/venv/lib/python3.12/site-packages/airflow/example_dags/plugins/listener_plugin.py took 0.042 seconds
[2025-12-17T12:54:26.382+0530] {processor.py:186} INFO - Started process (PID=73235) to work on /home/sneha/spotify_airflow_project/venv/lib/python3.12/site-packages/airflow/example_dags/plugins/listener_plugin.py
[2025-12-17T12:54:26.385+0530] {processor.py:914} INFO - Processing file /home/sneha/spotify_airflow_project/venv/lib/python3.12/site-packages/airflow/example_dags/plugins/listener_plugin.py for tasks to queue
[2025-12-17T12:54:26.388+0530] {logging_mixin.py:190} INFO - [2025-12-17T12:54:26.387+0530] {dagbag.py:588} INFO - Filling up the DagBag from /home/sneha/spotify_airflow_project/venv/lib/python3.12/site-packages/airflow/example_dags/plugins/listener_plugin.py
[2025-12-17T12:54:26.392+0530] {processor.py:927} WARNING - No viable dags retrieved from /home/sneha/spotify_airflow_project/venv/lib/python3.12/site-packages/airflow/example_dags/plugins/listener_plugin.py
[2025-12-17T12:54:26.416+0530] {processor.py:208} INFO - Processing /home/sneha/spotify_airflow_project/venv/lib/python3.12/site-packages/airflow/example_dags/plugins/listener_plugin.py took 0.046 seconds
[2025-12-17T12:55:19.698+0530] {processor.py:186} INFO - Started process (PID=73491) to work on /home/sneha/spotify_airflow_project/venv/lib/python3.12/site-packages/airflow/example_dags/plugins/listener_plugin.py
[2025-12-17T12:55:19.710+0530] {processor.py:914} INFO - Processing file /home/sneha/spotify_airflow_project/venv/lib/python3.12/site-packages/airflow/example_dags/plugins/listener_plugin.py for tasks to queue
[2025-12-17T12:55:19.714+0530] {logging_mixin.py:190} INFO - [2025-12-17T12:55:19.713+0530] {dagbag.py:588} INFO - Filling up the DagBag from /home/sneha/spotify_airflow_project/venv/lib/python3.12/site-packages/airflow/example_dags/plugins/listener_plugin.py
[2025-12-17T12:55:19.718+0530] {processor.py:927} WARNING - No viable dags retrieved from /home/sneha/spotify_airflow_project/venv/lib/python3.12/site-packages/airflow/example_dags/plugins/listener_plugin.py
[2025-12-17T12:55:19.738+0530] {processor.py:208} INFO - Processing /home/sneha/spotify_airflow_project/venv/lib/python3.12/site-packages/airflow/example_dags/plugins/listener_plugin.py took 0.055 seconds
[2025-12-17T12:55:55.950+0530] {processor.py:186} INFO - Started process (PID=73529) to work on /home/sneha/spotify_airflow_project/venv/lib/python3.12/site-packages/airflow/example_dags/plugins/listener_plugin.py
[2025-12-17T12:55:55.952+0530] {processor.py:914} INFO - Processing file /home/sneha/spotify_airflow_project/venv/lib/python3.12/site-packages/airflow/example_dags/plugins/listener_plugin.py for tasks to queue
[2025-12-17T12:55:55.956+0530] {logging_mixin.py:190} INFO - [2025-12-17T12:55:55.955+0530] {dagbag.py:588} INFO - Filling up the DagBag from /home/sneha/spotify_airflow_project/venv/lib/python3.12/site-packages/airflow/example_dags/plugins/listener_plugin.py
[2025-12-17T12:55:55.959+0530] {processor.py:927} WARNING - No viable dags retrieved from /home/sneha/spotify_airflow_project/venv/lib/python3.12/site-packages/airflow/example_dags/plugins/listener_plugin.py
[2025-12-17T12:55:55.977+0530] {processor.py:208} INFO - Processing /home/sneha/spotify_airflow_project/venv/lib/python3.12/site-packages/airflow/example_dags/plugins/listener_plugin.py took 0.038 seconds
