[2025-12-17T10:29:37.099+0530] {processor.py:186} INFO - Started process (PID=6566) to work on /home/sneha/spotify_airflow_project/airflow_home/dags/spotify_streaming_dag.py
[2025-12-17T10:29:37.100+0530] {processor.py:914} INFO - Processing file /home/sneha/spotify_airflow_project/airflow_home/dags/spotify_streaming_dag.py for tasks to queue
[2025-12-17T10:29:37.104+0530] {logging_mixin.py:190} INFO - [2025-12-17T10:29:37.103+0530] {dagbag.py:588} INFO - Filling up the DagBag from /home/sneha/spotify_airflow_project/airflow_home/dags/spotify_streaming_dag.py
[2025-12-17T10:29:37.126+0530] {processor.py:925} INFO - DAG(s) 'spotify_streaming_pipeline' retrieved from /home/sneha/spotify_airflow_project/airflow_home/dags/spotify_streaming_dag.py
[2025-12-17T10:29:37.167+0530] {logging_mixin.py:190} INFO - [2025-12-17T10:29:37.167+0530] {dag.py:3239} INFO - Sync 1 DAGs
[2025-12-17T10:29:37.206+0530] {logging_mixin.py:190} INFO - [2025-12-17T10:29:37.206+0530] {dag.py:4180} INFO - Setting next_dagrun for spotify_streaming_pipeline to 2025-12-17 03:00:00+00:00, run_after=2025-12-17 04:00:00+00:00
[2025-12-17T10:29:37.238+0530] {processor.py:208} INFO - Processing /home/sneha/spotify_airflow_project/airflow_home/dags/spotify_streaming_dag.py took 0.150 seconds
[2025-12-17T10:31:01.680+0530] {processor.py:186} INFO - Started process (PID=7357) to work on /home/sneha/spotify_airflow_project/airflow_home/dags/spotify_streaming_dag.py
[2025-12-17T10:31:01.681+0530] {processor.py:914} INFO - Processing file /home/sneha/spotify_airflow_project/airflow_home/dags/spotify_streaming_dag.py for tasks to queue
[2025-12-17T10:31:01.683+0530] {logging_mixin.py:190} INFO - [2025-12-17T10:31:01.683+0530] {dagbag.py:588} INFO - Filling up the DagBag from /home/sneha/spotify_airflow_project/airflow_home/dags/spotify_streaming_dag.py
[2025-12-17T10:31:01.693+0530] {processor.py:925} INFO - DAG(s) 'spotify_streaming_pipeline' retrieved from /home/sneha/spotify_airflow_project/airflow_home/dags/spotify_streaming_dag.py
[2025-12-17T10:31:01.708+0530] {logging_mixin.py:190} INFO - [2025-12-17T10:31:01.708+0530] {dag.py:3239} INFO - Sync 1 DAGs
[2025-12-17T10:31:01.729+0530] {logging_mixin.py:190} INFO - [2025-12-17T10:31:01.729+0530] {dag.py:4180} INFO - Setting next_dagrun for spotify_streaming_pipeline to 2025-12-17 05:00:00+00:00, run_after=2025-12-17 06:00:00+00:00
[2025-12-17T10:31:01.750+0530] {processor.py:208} INFO - Processing /home/sneha/spotify_airflow_project/airflow_home/dags/spotify_streaming_dag.py took 0.081 seconds
[2025-12-17T10:31:32.184+0530] {processor.py:186} INFO - Started process (PID=7479) to work on /home/sneha/spotify_airflow_project/airflow_home/dags/spotify_streaming_dag.py
[2025-12-17T10:31:32.187+0530] {processor.py:914} INFO - Processing file /home/sneha/spotify_airflow_project/airflow_home/dags/spotify_streaming_dag.py for tasks to queue
[2025-12-17T10:31:32.189+0530] {logging_mixin.py:190} INFO - [2025-12-17T10:31:32.189+0530] {dagbag.py:588} INFO - Filling up the DagBag from /home/sneha/spotify_airflow_project/airflow_home/dags/spotify_streaming_dag.py
[2025-12-17T10:31:32.199+0530] {processor.py:925} INFO - DAG(s) 'spotify_streaming_pipeline' retrieved from /home/sneha/spotify_airflow_project/airflow_home/dags/spotify_streaming_dag.py
[2025-12-17T10:31:32.214+0530] {logging_mixin.py:190} INFO - [2025-12-17T10:31:32.214+0530] {dag.py:3239} INFO - Sync 1 DAGs
[2025-12-17T10:31:32.235+0530] {logging_mixin.py:190} INFO - [2025-12-17T10:31:32.234+0530] {dag.py:4180} INFO - Setting next_dagrun for spotify_streaming_pipeline to 2025-12-17 05:00:00+00:00, run_after=2025-12-17 06:00:00+00:00
[2025-12-17T10:31:32.256+0530] {processor.py:208} INFO - Processing /home/sneha/spotify_airflow_project/airflow_home/dags/spotify_streaming_dag.py took 0.084 seconds
[2025-12-17T10:32:27.519+0530] {processor.py:186} INFO - Started process (PID=7863) to work on /home/sneha/spotify_airflow_project/airflow_home/dags/spotify_streaming_dag.py
[2025-12-17T10:32:27.520+0530] {processor.py:914} INFO - Processing file /home/sneha/spotify_airflow_project/airflow_home/dags/spotify_streaming_dag.py for tasks to queue
[2025-12-17T10:32:27.522+0530] {logging_mixin.py:190} INFO - [2025-12-17T10:32:27.521+0530] {dagbag.py:588} INFO - Filling up the DagBag from /home/sneha/spotify_airflow_project/airflow_home/dags/spotify_streaming_dag.py
[2025-12-17T10:32:27.533+0530] {processor.py:925} INFO - DAG(s) 'spotify_streaming_pipeline' retrieved from /home/sneha/spotify_airflow_project/airflow_home/dags/spotify_streaming_dag.py
[2025-12-17T10:32:27.549+0530] {logging_mixin.py:190} INFO - [2025-12-17T10:32:27.548+0530] {dag.py:3239} INFO - Sync 1 DAGs
[2025-12-17T10:32:27.571+0530] {logging_mixin.py:190} INFO - [2025-12-17T10:32:27.571+0530] {dag.py:4180} INFO - Setting next_dagrun for spotify_streaming_pipeline to 2025-12-17 05:00:00+00:00, run_after=2025-12-17 06:00:00+00:00
[2025-12-17T10:32:27.591+0530] {processor.py:208} INFO - Processing /home/sneha/spotify_airflow_project/airflow_home/dags/spotify_streaming_dag.py took 0.079 seconds
[2025-12-17T10:33:26.702+0530] {processor.py:186} INFO - Started process (PID=8284) to work on /home/sneha/spotify_airflow_project/airflow_home/dags/spotify_streaming_dag.py
[2025-12-17T10:33:26.703+0530] {processor.py:914} INFO - Processing file /home/sneha/spotify_airflow_project/airflow_home/dags/spotify_streaming_dag.py for tasks to queue
[2025-12-17T10:33:26.705+0530] {logging_mixin.py:190} INFO - [2025-12-17T10:33:26.705+0530] {dagbag.py:588} INFO - Filling up the DagBag from /home/sneha/spotify_airflow_project/airflow_home/dags/spotify_streaming_dag.py
[2025-12-17T10:33:26.715+0530] {processor.py:925} INFO - DAG(s) 'spotify_streaming_pipeline' retrieved from /home/sneha/spotify_airflow_project/airflow_home/dags/spotify_streaming_dag.py
[2025-12-17T10:33:26.731+0530] {logging_mixin.py:190} INFO - [2025-12-17T10:33:26.731+0530] {dag.py:3239} INFO - Sync 1 DAGs
[2025-12-17T10:33:26.753+0530] {logging_mixin.py:190} INFO - [2025-12-17T10:33:26.753+0530] {dag.py:4180} INFO - Setting next_dagrun for spotify_streaming_pipeline to 2025-12-17 05:00:00+00:00, run_after=2025-12-17 06:00:00+00:00
[2025-12-17T10:33:26.772+0530] {processor.py:208} INFO - Processing /home/sneha/spotify_airflow_project/airflow_home/dags/spotify_streaming_dag.py took 0.078 seconds
[2025-12-17T10:34:20.127+0530] {processor.py:186} INFO - Started process (PID=8583) to work on /home/sneha/spotify_airflow_project/airflow_home/dags/spotify_streaming_dag.py
[2025-12-17T10:34:20.128+0530] {processor.py:914} INFO - Processing file /home/sneha/spotify_airflow_project/airflow_home/dags/spotify_streaming_dag.py for tasks to queue
[2025-12-17T10:34:20.131+0530] {logging_mixin.py:190} INFO - [2025-12-17T10:34:20.130+0530] {dagbag.py:588} INFO - Filling up the DagBag from /home/sneha/spotify_airflow_project/airflow_home/dags/spotify_streaming_dag.py
[2025-12-17T10:34:20.140+0530] {processor.py:925} INFO - DAG(s) 'spotify_streaming_pipeline' retrieved from /home/sneha/spotify_airflow_project/airflow_home/dags/spotify_streaming_dag.py
[2025-12-17T10:34:20.156+0530] {logging_mixin.py:190} INFO - [2025-12-17T10:34:20.156+0530] {dag.py:3239} INFO - Sync 1 DAGs
[2025-12-17T10:34:20.179+0530] {logging_mixin.py:190} INFO - [2025-12-17T10:34:20.179+0530] {dag.py:4180} INFO - Setting next_dagrun for spotify_streaming_pipeline to 2025-12-17 05:00:00+00:00, run_after=2025-12-17 06:00:00+00:00
[2025-12-17T10:34:20.197+0530] {processor.py:208} INFO - Processing /home/sneha/spotify_airflow_project/airflow_home/dags/spotify_streaming_dag.py took 0.077 seconds
[2025-12-17T10:35:23.161+0530] {processor.py:186} INFO - Started process (PID=9194) to work on /home/sneha/spotify_airflow_project/airflow_home/dags/spotify_streaming_dag.py
[2025-12-17T10:35:23.163+0530] {processor.py:914} INFO - Processing file /home/sneha/spotify_airflow_project/airflow_home/dags/spotify_streaming_dag.py for tasks to queue
[2025-12-17T10:35:23.168+0530] {logging_mixin.py:190} INFO - [2025-12-17T10:35:23.167+0530] {dagbag.py:588} INFO - Filling up the DagBag from /home/sneha/spotify_airflow_project/airflow_home/dags/spotify_streaming_dag.py
[2025-12-17T10:35:23.191+0530] {processor.py:925} INFO - DAG(s) 'spotify_streaming_pipeline' retrieved from /home/sneha/spotify_airflow_project/airflow_home/dags/spotify_streaming_dag.py
[2025-12-17T10:35:23.227+0530] {logging_mixin.py:190} INFO - [2025-12-17T10:35:23.226+0530] {dag.py:3239} INFO - Sync 1 DAGs
[2025-12-17T10:35:23.281+0530] {logging_mixin.py:190} INFO - [2025-12-17T10:35:23.281+0530] {dag.py:4180} INFO - Setting next_dagrun for spotify_streaming_pipeline to 2025-12-17 05:00:00+00:00, run_after=2025-12-17 06:00:00+00:00
[2025-12-17T10:35:23.539+0530] {processor.py:208} INFO - Processing /home/sneha/spotify_airflow_project/airflow_home/dags/spotify_streaming_dag.py took 0.391 seconds
[2025-12-17T10:36:11.921+0530] {processor.py:186} INFO - Started process (PID=9716) to work on /home/sneha/spotify_airflow_project/airflow_home/dags/spotify_streaming_dag.py
[2025-12-17T10:36:11.922+0530] {processor.py:914} INFO - Processing file /home/sneha/spotify_airflow_project/airflow_home/dags/spotify_streaming_dag.py for tasks to queue
[2025-12-17T10:36:11.924+0530] {logging_mixin.py:190} INFO - [2025-12-17T10:36:11.924+0530] {dagbag.py:588} INFO - Filling up the DagBag from /home/sneha/spotify_airflow_project/airflow_home/dags/spotify_streaming_dag.py
[2025-12-17T10:36:12.061+0530] {processor.py:925} INFO - DAG(s) 'spotify_streaming_pipeline' retrieved from /home/sneha/spotify_airflow_project/airflow_home/dags/spotify_streaming_dag.py
[2025-12-17T10:36:12.072+0530] {logging_mixin.py:190} INFO - [2025-12-17T10:36:12.072+0530] {dag.py:3239} INFO - Sync 1 DAGs
[2025-12-17T10:36:12.091+0530] {logging_mixin.py:190} INFO - [2025-12-17T10:36:12.091+0530] {dag.py:4180} INFO - Setting next_dagrun for spotify_streaming_pipeline to 2025-12-17 05:00:00+00:00, run_after=2025-12-17 06:00:00+00:00
[2025-12-17T10:36:12.109+0530] {processor.py:208} INFO - Processing /home/sneha/spotify_airflow_project/airflow_home/dags/spotify_streaming_dag.py took 0.195 seconds
[2025-12-17T10:36:45.561+0530] {processor.py:186} INFO - Started process (PID=9931) to work on /home/sneha/spotify_airflow_project/airflow_home/dags/spotify_streaming_dag.py
[2025-12-17T10:36:45.562+0530] {processor.py:914} INFO - Processing file /home/sneha/spotify_airflow_project/airflow_home/dags/spotify_streaming_dag.py for tasks to queue
[2025-12-17T10:36:45.565+0530] {logging_mixin.py:190} INFO - [2025-12-17T10:36:45.564+0530] {dagbag.py:588} INFO - Filling up the DagBag from /home/sneha/spotify_airflow_project/airflow_home/dags/spotify_streaming_dag.py
[2025-12-17T10:36:45.575+0530] {processor.py:925} INFO - DAG(s) 'spotify_streaming_pipeline' retrieved from /home/sneha/spotify_airflow_project/airflow_home/dags/spotify_streaming_dag.py
[2025-12-17T10:36:45.593+0530] {logging_mixin.py:190} INFO - [2025-12-17T10:36:45.592+0530] {dag.py:3239} INFO - Sync 1 DAGs
[2025-12-17T10:36:45.617+0530] {logging_mixin.py:190} INFO - [2025-12-17T10:36:45.617+0530] {dag.py:4180} INFO - Setting next_dagrun for spotify_streaming_pipeline to 2025-12-17 05:00:00+00:00, run_after=2025-12-17 06:00:00+00:00
[2025-12-17T10:36:45.636+0530] {processor.py:208} INFO - Processing /home/sneha/spotify_airflow_project/airflow_home/dags/spotify_streaming_dag.py took 0.085 seconds
[2025-12-17T10:37:39.421+0530] {processor.py:186} INFO - Started process (PID=10318) to work on /home/sneha/spotify_airflow_project/airflow_home/dags/spotify_streaming_dag.py
[2025-12-17T10:37:39.422+0530] {processor.py:914} INFO - Processing file /home/sneha/spotify_airflow_project/airflow_home/dags/spotify_streaming_dag.py for tasks to queue
[2025-12-17T10:37:39.424+0530] {logging_mixin.py:190} INFO - [2025-12-17T10:37:39.423+0530] {dagbag.py:588} INFO - Filling up the DagBag from /home/sneha/spotify_airflow_project/airflow_home/dags/spotify_streaming_dag.py
[2025-12-17T10:37:39.435+0530] {processor.py:925} INFO - DAG(s) 'spotify_streaming_pipeline' retrieved from /home/sneha/spotify_airflow_project/airflow_home/dags/spotify_streaming_dag.py
[2025-12-17T10:37:39.451+0530] {logging_mixin.py:190} INFO - [2025-12-17T10:37:39.451+0530] {dag.py:3239} INFO - Sync 1 DAGs
[2025-12-17T10:37:39.474+0530] {logging_mixin.py:190} INFO - [2025-12-17T10:37:39.474+0530] {dag.py:4180} INFO - Setting next_dagrun for spotify_streaming_pipeline to 2025-12-17 05:00:00+00:00, run_after=2025-12-17 06:00:00+00:00
[2025-12-17T10:37:39.496+0530] {processor.py:208} INFO - Processing /home/sneha/spotify_airflow_project/airflow_home/dags/spotify_streaming_dag.py took 0.082 seconds
[2025-12-17T10:38:38.414+0530] {processor.py:186} INFO - Started process (PID=10739) to work on /home/sneha/spotify_airflow_project/airflow_home/dags/spotify_streaming_dag.py
[2025-12-17T10:38:38.415+0530] {processor.py:914} INFO - Processing file /home/sneha/spotify_airflow_project/airflow_home/dags/spotify_streaming_dag.py for tasks to queue
[2025-12-17T10:38:38.417+0530] {logging_mixin.py:190} INFO - [2025-12-17T10:38:38.416+0530] {dagbag.py:588} INFO - Filling up the DagBag from /home/sneha/spotify_airflow_project/airflow_home/dags/spotify_streaming_dag.py
[2025-12-17T10:38:38.427+0530] {processor.py:925} INFO - DAG(s) 'spotify_streaming_pipeline' retrieved from /home/sneha/spotify_airflow_project/airflow_home/dags/spotify_streaming_dag.py
[2025-12-17T10:38:38.444+0530] {logging_mixin.py:190} INFO - [2025-12-17T10:38:38.444+0530] {dag.py:3239} INFO - Sync 1 DAGs
[2025-12-17T10:38:38.467+0530] {logging_mixin.py:190} INFO - [2025-12-17T10:38:38.466+0530] {dag.py:4180} INFO - Setting next_dagrun for spotify_streaming_pipeline to 2025-12-17 05:00:00+00:00, run_after=2025-12-17 06:00:00+00:00
[2025-12-17T10:38:38.485+0530] {processor.py:208} INFO - Processing /home/sneha/spotify_airflow_project/airflow_home/dags/spotify_streaming_dag.py took 0.078 seconds
[2025-12-17T10:39:37.044+0530] {processor.py:186} INFO - Started process (PID=11158) to work on /home/sneha/spotify_airflow_project/airflow_home/dags/spotify_streaming_dag.py
[2025-12-17T10:39:37.046+0530] {processor.py:914} INFO - Processing file /home/sneha/spotify_airflow_project/airflow_home/dags/spotify_streaming_dag.py for tasks to queue
[2025-12-17T10:39:37.049+0530] {logging_mixin.py:190} INFO - [2025-12-17T10:39:37.048+0530] {dagbag.py:588} INFO - Filling up the DagBag from /home/sneha/spotify_airflow_project/airflow_home/dags/spotify_streaming_dag.py
[2025-12-17T10:39:37.059+0530] {processor.py:925} INFO - DAG(s) 'spotify_streaming_pipeline' retrieved from /home/sneha/spotify_airflow_project/airflow_home/dags/spotify_streaming_dag.py
[2025-12-17T10:39:37.075+0530] {logging_mixin.py:190} INFO - [2025-12-17T10:39:37.075+0530] {dag.py:3239} INFO - Sync 1 DAGs
[2025-12-17T10:39:37.098+0530] {logging_mixin.py:190} INFO - [2025-12-17T10:39:37.098+0530] {dag.py:4180} INFO - Setting next_dagrun for spotify_streaming_pipeline to 2025-12-17 05:00:00+00:00, run_after=2025-12-17 06:00:00+00:00
[2025-12-17T10:39:37.118+0530] {processor.py:208} INFO - Processing /home/sneha/spotify_airflow_project/airflow_home/dags/spotify_streaming_dag.py took 0.080 seconds
[2025-12-17T10:40:34.358+0530] {processor.py:186} INFO - Started process (PID=11592) to work on /home/sneha/spotify_airflow_project/airflow_home/dags/spotify_streaming_dag.py
[2025-12-17T10:40:34.359+0530] {processor.py:914} INFO - Processing file /home/sneha/spotify_airflow_project/airflow_home/dags/spotify_streaming_dag.py for tasks to queue
[2025-12-17T10:40:34.362+0530] {logging_mixin.py:190} INFO - [2025-12-17T10:40:34.361+0530] {dagbag.py:588} INFO - Filling up the DagBag from /home/sneha/spotify_airflow_project/airflow_home/dags/spotify_streaming_dag.py
[2025-12-17T10:40:34.371+0530] {processor.py:925} INFO - DAG(s) 'spotify_streaming_pipeline' retrieved from /home/sneha/spotify_airflow_project/airflow_home/dags/spotify_streaming_dag.py
[2025-12-17T10:40:34.385+0530] {logging_mixin.py:190} INFO - [2025-12-17T10:40:34.385+0530] {dag.py:3239} INFO - Sync 1 DAGs
[2025-12-17T10:40:34.405+0530] {logging_mixin.py:190} INFO - [2025-12-17T10:40:34.405+0530] {dag.py:4180} INFO - Setting next_dagrun for spotify_streaming_pipeline to 2025-12-17 05:00:00+00:00, run_after=2025-12-17 06:00:00+00:00
[2025-12-17T10:40:34.424+0530] {processor.py:208} INFO - Processing /home/sneha/spotify_airflow_project/airflow_home/dags/spotify_streaming_dag.py took 0.076 seconds
[2025-12-17T10:41:30.528+0530] {processor.py:186} INFO - Started process (PID=11783) to work on /home/sneha/spotify_airflow_project/airflow_home/dags/spotify_streaming_dag.py
[2025-12-17T10:41:30.529+0530] {processor.py:914} INFO - Processing file /home/sneha/spotify_airflow_project/airflow_home/dags/spotify_streaming_dag.py for tasks to queue
[2025-12-17T10:41:30.531+0530] {logging_mixin.py:190} INFO - [2025-12-17T10:41:30.531+0530] {dagbag.py:588} INFO - Filling up the DagBag from /home/sneha/spotify_airflow_project/airflow_home/dags/spotify_streaming_dag.py
[2025-12-17T10:41:30.541+0530] {processor.py:925} INFO - DAG(s) 'spotify_streaming_pipeline' retrieved from /home/sneha/spotify_airflow_project/airflow_home/dags/spotify_streaming_dag.py
[2025-12-17T10:41:30.556+0530] {logging_mixin.py:190} INFO - [2025-12-17T10:41:30.556+0530] {dag.py:3239} INFO - Sync 1 DAGs
[2025-12-17T10:41:30.577+0530] {logging_mixin.py:190} INFO - [2025-12-17T10:41:30.577+0530] {dag.py:4180} INFO - Setting next_dagrun for spotify_streaming_pipeline to 2025-12-17 05:00:00+00:00, run_after=2025-12-17 06:00:00+00:00
[2025-12-17T10:41:30.599+0530] {processor.py:208} INFO - Processing /home/sneha/spotify_airflow_project/airflow_home/dags/spotify_streaming_dag.py took 0.081 seconds
[2025-12-17T10:42:24.041+0530] {processor.py:186} INFO - Started process (PID=12089) to work on /home/sneha/spotify_airflow_project/airflow_home/dags/spotify_streaming_dag.py
[2025-12-17T10:42:24.042+0530] {processor.py:914} INFO - Processing file /home/sneha/spotify_airflow_project/airflow_home/dags/spotify_streaming_dag.py for tasks to queue
[2025-12-17T10:42:24.044+0530] {logging_mixin.py:190} INFO - [2025-12-17T10:42:24.044+0530] {dagbag.py:588} INFO - Filling up the DagBag from /home/sneha/spotify_airflow_project/airflow_home/dags/spotify_streaming_dag.py
[2025-12-17T10:42:24.053+0530] {processor.py:925} INFO - DAG(s) 'spotify_streaming_pipeline' retrieved from /home/sneha/spotify_airflow_project/airflow_home/dags/spotify_streaming_dag.py
[2025-12-17T10:42:24.068+0530] {logging_mixin.py:190} INFO - [2025-12-17T10:42:24.067+0530] {dag.py:3239} INFO - Sync 1 DAGs
[2025-12-17T10:42:24.087+0530] {logging_mixin.py:190} INFO - [2025-12-17T10:42:24.087+0530] {dag.py:4180} INFO - Setting next_dagrun for spotify_streaming_pipeline to 2025-12-17 05:00:00+00:00, run_after=2025-12-17 06:00:00+00:00
[2025-12-17T10:42:24.105+0530] {processor.py:208} INFO - Processing /home/sneha/spotify_airflow_project/airflow_home/dags/spotify_streaming_dag.py took 0.075 seconds
[2025-12-17T10:43:22.470+0530] {processor.py:186} INFO - Started process (PID=12204) to work on /home/sneha/spotify_airflow_project/airflow_home/dags/spotify_streaming_dag.py
[2025-12-17T10:43:22.472+0530] {processor.py:914} INFO - Processing file /home/sneha/spotify_airflow_project/airflow_home/dags/spotify_streaming_dag.py for tasks to queue
[2025-12-17T10:43:22.474+0530] {logging_mixin.py:190} INFO - [2025-12-17T10:43:22.473+0530] {dagbag.py:588} INFO - Filling up the DagBag from /home/sneha/spotify_airflow_project/airflow_home/dags/spotify_streaming_dag.py
[2025-12-17T10:43:22.483+0530] {processor.py:925} INFO - DAG(s) 'spotify_streaming_pipeline' retrieved from /home/sneha/spotify_airflow_project/airflow_home/dags/spotify_streaming_dag.py
[2025-12-17T10:43:22.499+0530] {logging_mixin.py:190} INFO - [2025-12-17T10:43:22.499+0530] {dag.py:3239} INFO - Sync 1 DAGs
[2025-12-17T10:43:22.520+0530] {logging_mixin.py:190} INFO - [2025-12-17T10:43:22.520+0530] {dag.py:4180} INFO - Setting next_dagrun for spotify_streaming_pipeline to 2025-12-17 05:00:00+00:00, run_after=2025-12-17 06:00:00+00:00
[2025-12-17T10:43:22.541+0530] {processor.py:208} INFO - Processing /home/sneha/spotify_airflow_project/airflow_home/dags/spotify_streaming_dag.py took 0.080 seconds
[2025-12-17T10:44:17.311+0530] {processor.py:186} INFO - Started process (PID=12262) to work on /home/sneha/spotify_airflow_project/airflow_home/dags/spotify_streaming_dag.py
[2025-12-17T10:44:17.312+0530] {processor.py:914} INFO - Processing file /home/sneha/spotify_airflow_project/airflow_home/dags/spotify_streaming_dag.py for tasks to queue
[2025-12-17T10:44:17.314+0530] {logging_mixin.py:190} INFO - [2025-12-17T10:44:17.314+0530] {dagbag.py:588} INFO - Filling up the DagBag from /home/sneha/spotify_airflow_project/airflow_home/dags/spotify_streaming_dag.py
[2025-12-17T10:44:17.324+0530] {processor.py:925} INFO - DAG(s) 'spotify_streaming_pipeline' retrieved from /home/sneha/spotify_airflow_project/airflow_home/dags/spotify_streaming_dag.py
[2025-12-17T10:44:17.340+0530] {logging_mixin.py:190} INFO - [2025-12-17T10:44:17.339+0530] {dag.py:3239} INFO - Sync 1 DAGs
[2025-12-17T10:44:17.361+0530] {logging_mixin.py:190} INFO - [2025-12-17T10:44:17.360+0530] {dag.py:4180} INFO - Setting next_dagrun for spotify_streaming_pipeline to 2025-12-17 05:00:00+00:00, run_after=2025-12-17 06:00:00+00:00
[2025-12-17T10:44:17.378+0530] {processor.py:208} INFO - Processing /home/sneha/spotify_airflow_project/airflow_home/dags/spotify_streaming_dag.py took 0.079 seconds
[2025-12-17T10:45:10.560+0530] {processor.py:186} INFO - Started process (PID=12376) to work on /home/sneha/spotify_airflow_project/airflow_home/dags/spotify_streaming_dag.py
[2025-12-17T10:45:10.561+0530] {processor.py:914} INFO - Processing file /home/sneha/spotify_airflow_project/airflow_home/dags/spotify_streaming_dag.py for tasks to queue
[2025-12-17T10:45:10.563+0530] {logging_mixin.py:190} INFO - [2025-12-17T10:45:10.563+0530] {dagbag.py:588} INFO - Filling up the DagBag from /home/sneha/spotify_airflow_project/airflow_home/dags/spotify_streaming_dag.py
[2025-12-17T10:45:10.573+0530] {processor.py:925} INFO - DAG(s) 'spotify_streaming_pipeline' retrieved from /home/sneha/spotify_airflow_project/airflow_home/dags/spotify_streaming_dag.py
[2025-12-17T10:45:10.589+0530] {logging_mixin.py:190} INFO - [2025-12-17T10:45:10.588+0530] {dag.py:3239} INFO - Sync 1 DAGs
[2025-12-17T10:45:10.610+0530] {logging_mixin.py:190} INFO - [2025-12-17T10:45:10.609+0530] {dag.py:4180} INFO - Setting next_dagrun for spotify_streaming_pipeline to 2025-12-17 05:00:00+00:00, run_after=2025-12-17 06:00:00+00:00
[2025-12-17T10:45:10.629+0530] {processor.py:208} INFO - Processing /home/sneha/spotify_airflow_project/airflow_home/dags/spotify_streaming_dag.py took 0.079 seconds
[2025-12-17T10:46:04.014+0530] {processor.py:186} INFO - Started process (PID=12436) to work on /home/sneha/spotify_airflow_project/airflow_home/dags/spotify_streaming_dag.py
[2025-12-17T10:46:04.016+0530] {processor.py:914} INFO - Processing file /home/sneha/spotify_airflow_project/airflow_home/dags/spotify_streaming_dag.py for tasks to queue
[2025-12-17T10:46:04.018+0530] {logging_mixin.py:190} INFO - [2025-12-17T10:46:04.017+0530] {dagbag.py:588} INFO - Filling up the DagBag from /home/sneha/spotify_airflow_project/airflow_home/dags/spotify_streaming_dag.py
[2025-12-17T10:46:04.029+0530] {processor.py:925} INFO - DAG(s) 'spotify_streaming_pipeline' retrieved from /home/sneha/spotify_airflow_project/airflow_home/dags/spotify_streaming_dag.py
[2025-12-17T10:46:04.044+0530] {logging_mixin.py:190} INFO - [2025-12-17T10:46:04.044+0530] {dag.py:3239} INFO - Sync 1 DAGs
[2025-12-17T10:46:04.066+0530] {logging_mixin.py:190} INFO - [2025-12-17T10:46:04.065+0530] {dag.py:4180} INFO - Setting next_dagrun for spotify_streaming_pipeline to 2025-12-17 05:00:00+00:00, run_after=2025-12-17 06:00:00+00:00
[2025-12-17T10:46:04.086+0530] {processor.py:208} INFO - Processing /home/sneha/spotify_airflow_project/airflow_home/dags/spotify_streaming_dag.py took 0.078 seconds
[2025-12-17T10:47:00.735+0530] {processor.py:186} INFO - Started process (PID=12673) to work on /home/sneha/spotify_airflow_project/airflow_home/dags/spotify_streaming_dag.py
[2025-12-17T10:47:00.736+0530] {processor.py:914} INFO - Processing file /home/sneha/spotify_airflow_project/airflow_home/dags/spotify_streaming_dag.py for tasks to queue
[2025-12-17T10:47:00.739+0530] {logging_mixin.py:190} INFO - [2025-12-17T10:47:00.738+0530] {dagbag.py:588} INFO - Filling up the DagBag from /home/sneha/spotify_airflow_project/airflow_home/dags/spotify_streaming_dag.py
[2025-12-17T10:47:00.749+0530] {processor.py:925} INFO - DAG(s) 'spotify_streaming_pipeline' retrieved from /home/sneha/spotify_airflow_project/airflow_home/dags/spotify_streaming_dag.py
[2025-12-17T10:47:00.766+0530] {logging_mixin.py:190} INFO - [2025-12-17T10:47:00.765+0530] {dag.py:3239} INFO - Sync 1 DAGs
[2025-12-17T10:47:00.787+0530] {logging_mixin.py:190} INFO - [2025-12-17T10:47:00.787+0530] {dag.py:4180} INFO - Setting next_dagrun for spotify_streaming_pipeline to 2025-12-17 05:00:00+00:00, run_after=2025-12-17 06:00:00+00:00
[2025-12-17T10:47:00.807+0530] {processor.py:208} INFO - Processing /home/sneha/spotify_airflow_project/airflow_home/dags/spotify_streaming_dag.py took 0.079 seconds
[2025-12-17T10:47:57.121+0530] {processor.py:186} INFO - Started process (PID=12783) to work on /home/sneha/spotify_airflow_project/airflow_home/dags/spotify_streaming_dag.py
[2025-12-17T10:47:57.122+0530] {processor.py:914} INFO - Processing file /home/sneha/spotify_airflow_project/airflow_home/dags/spotify_streaming_dag.py for tasks to queue
[2025-12-17T10:47:57.125+0530] {logging_mixin.py:190} INFO - [2025-12-17T10:47:57.124+0530] {dagbag.py:588} INFO - Filling up the DagBag from /home/sneha/spotify_airflow_project/airflow_home/dags/spotify_streaming_dag.py
[2025-12-17T10:47:57.136+0530] {processor.py:925} INFO - DAG(s) 'spotify_streaming_pipeline' retrieved from /home/sneha/spotify_airflow_project/airflow_home/dags/spotify_streaming_dag.py
[2025-12-17T10:47:57.154+0530] {logging_mixin.py:190} INFO - [2025-12-17T10:47:57.154+0530] {dag.py:3239} INFO - Sync 1 DAGs
[2025-12-17T10:47:57.187+0530] {logging_mixin.py:190} INFO - [2025-12-17T10:47:57.187+0530] {dag.py:4180} INFO - Setting next_dagrun for spotify_streaming_pipeline to 2025-12-17 05:00:00+00:00, run_after=2025-12-17 06:00:00+00:00
[2025-12-17T10:47:57.213+0530] {processor.py:208} INFO - Processing /home/sneha/spotify_airflow_project/airflow_home/dags/spotify_streaming_dag.py took 0.099 seconds
[2025-12-17T10:49:00.034+0530] {processor.py:186} INFO - Started process (PID=13273) to work on /home/sneha/spotify_airflow_project/airflow_home/dags/spotify_streaming_dag.py
[2025-12-17T10:49:00.035+0530] {processor.py:914} INFO - Processing file /home/sneha/spotify_airflow_project/airflow_home/dags/spotify_streaming_dag.py for tasks to queue
[2025-12-17T10:49:00.037+0530] {logging_mixin.py:190} INFO - [2025-12-17T10:49:00.037+0530] {dagbag.py:588} INFO - Filling up the DagBag from /home/sneha/spotify_airflow_project/airflow_home/dags/spotify_streaming_dag.py
[2025-12-17T10:49:00.048+0530] {processor.py:925} INFO - DAG(s) 'spotify_streaming_pipeline' retrieved from /home/sneha/spotify_airflow_project/airflow_home/dags/spotify_streaming_dag.py
[2025-12-17T10:49:00.064+0530] {logging_mixin.py:190} INFO - [2025-12-17T10:49:00.064+0530] {dag.py:3239} INFO - Sync 1 DAGs
[2025-12-17T10:49:00.089+0530] {logging_mixin.py:190} INFO - [2025-12-17T10:49:00.089+0530] {dag.py:4180} INFO - Setting next_dagrun for spotify_streaming_pipeline to 2025-12-17 05:00:00+00:00, run_after=2025-12-17 06:00:00+00:00
[2025-12-17T10:49:00.110+0530] {processor.py:208} INFO - Processing /home/sneha/spotify_airflow_project/airflow_home/dags/spotify_streaming_dag.py took 0.083 seconds
[2025-12-17T10:49:38.617+0530] {processor.py:186} INFO - Started process (PID=13626) to work on /home/sneha/spotify_airflow_project/airflow_home/dags/spotify_streaming_dag.py
[2025-12-17T10:49:38.628+0530] {processor.py:914} INFO - Processing file /home/sneha/spotify_airflow_project/airflow_home/dags/spotify_streaming_dag.py for tasks to queue
[2025-12-17T10:49:38.630+0530] {logging_mixin.py:190} INFO - [2025-12-17T10:49:38.630+0530] {dagbag.py:588} INFO - Filling up the DagBag from /home/sneha/spotify_airflow_project/airflow_home/dags/spotify_streaming_dag.py
[2025-12-17T10:49:38.642+0530] {processor.py:925} INFO - DAG(s) 'spotify_streaming_pipeline' retrieved from /home/sneha/spotify_airflow_project/airflow_home/dags/spotify_streaming_dag.py
[2025-12-17T10:49:38.660+0530] {logging_mixin.py:190} INFO - [2025-12-17T10:49:38.660+0530] {dag.py:3239} INFO - Sync 1 DAGs
[2025-12-17T10:49:38.684+0530] {logging_mixin.py:190} INFO - [2025-12-17T10:49:38.684+0530] {dag.py:4180} INFO - Setting next_dagrun for spotify_streaming_pipeline to 2025-12-17 05:00:00+00:00, run_after=2025-12-17 06:00:00+00:00
[2025-12-17T10:49:38.704+0530] {processor.py:208} INFO - Processing /home/sneha/spotify_airflow_project/airflow_home/dags/spotify_streaming_dag.py took 0.094 seconds
[2025-12-17T10:50:30.999+0530] {processor.py:186} INFO - Started process (PID=13790) to work on /home/sneha/spotify_airflow_project/airflow_home/dags/spotify_streaming_dag.py
[2025-12-17T10:50:31.001+0530] {processor.py:914} INFO - Processing file /home/sneha/spotify_airflow_project/airflow_home/dags/spotify_streaming_dag.py for tasks to queue
[2025-12-17T10:50:31.003+0530] {logging_mixin.py:190} INFO - [2025-12-17T10:50:31.003+0530] {dagbag.py:588} INFO - Filling up the DagBag from /home/sneha/spotify_airflow_project/airflow_home/dags/spotify_streaming_dag.py
[2025-12-17T10:50:31.013+0530] {processor.py:925} INFO - DAG(s) 'spotify_streaming_pipeline' retrieved from /home/sneha/spotify_airflow_project/airflow_home/dags/spotify_streaming_dag.py
[2025-12-17T10:50:31.030+0530] {logging_mixin.py:190} INFO - [2025-12-17T10:50:31.030+0530] {dag.py:3239} INFO - Sync 1 DAGs
[2025-12-17T10:50:31.052+0530] {logging_mixin.py:190} INFO - [2025-12-17T10:50:31.052+0530] {dag.py:4180} INFO - Setting next_dagrun for spotify_streaming_pipeline to 2025-12-17 05:00:00+00:00, run_after=2025-12-17 06:00:00+00:00
[2025-12-17T10:50:31.070+0530] {processor.py:208} INFO - Processing /home/sneha/spotify_airflow_project/airflow_home/dags/spotify_streaming_dag.py took 0.081 seconds
[2025-12-17T10:51:25.892+0530] {processor.py:186} INFO - Started process (PID=14169) to work on /home/sneha/spotify_airflow_project/airflow_home/dags/spotify_streaming_dag.py
[2025-12-17T10:51:25.893+0530] {processor.py:914} INFO - Processing file /home/sneha/spotify_airflow_project/airflow_home/dags/spotify_streaming_dag.py for tasks to queue
[2025-12-17T10:51:25.895+0530] {logging_mixin.py:190} INFO - [2025-12-17T10:51:25.895+0530] {dagbag.py:588} INFO - Filling up the DagBag from /home/sneha/spotify_airflow_project/airflow_home/dags/spotify_streaming_dag.py
[2025-12-17T10:51:25.906+0530] {processor.py:925} INFO - DAG(s) 'spotify_streaming_pipeline' retrieved from /home/sneha/spotify_airflow_project/airflow_home/dags/spotify_streaming_dag.py
[2025-12-17T10:51:25.922+0530] {logging_mixin.py:190} INFO - [2025-12-17T10:51:25.922+0530] {dag.py:3239} INFO - Sync 1 DAGs
[2025-12-17T10:51:25.944+0530] {logging_mixin.py:190} INFO - [2025-12-17T10:51:25.943+0530] {dag.py:4180} INFO - Setting next_dagrun for spotify_streaming_pipeline to 2025-12-17 05:00:00+00:00, run_after=2025-12-17 06:00:00+00:00
[2025-12-17T10:51:25.962+0530] {processor.py:208} INFO - Processing /home/sneha/spotify_airflow_project/airflow_home/dags/spotify_streaming_dag.py took 0.080 seconds
[2025-12-17T10:52:20.227+0530] {processor.py:186} INFO - Started process (PID=14558) to work on /home/sneha/spotify_airflow_project/airflow_home/dags/spotify_streaming_dag.py
[2025-12-17T10:52:20.228+0530] {processor.py:914} INFO - Processing file /home/sneha/spotify_airflow_project/airflow_home/dags/spotify_streaming_dag.py for tasks to queue
[2025-12-17T10:52:20.230+0530] {logging_mixin.py:190} INFO - [2025-12-17T10:52:20.230+0530] {dagbag.py:588} INFO - Filling up the DagBag from /home/sneha/spotify_airflow_project/airflow_home/dags/spotify_streaming_dag.py
[2025-12-17T10:52:20.241+0530] {processor.py:925} INFO - DAG(s) 'spotify_streaming_pipeline' retrieved from /home/sneha/spotify_airflow_project/airflow_home/dags/spotify_streaming_dag.py
[2025-12-17T10:52:20.257+0530] {logging_mixin.py:190} INFO - [2025-12-17T10:52:20.256+0530] {dag.py:3239} INFO - Sync 1 DAGs
[2025-12-17T10:52:20.279+0530] {logging_mixin.py:190} INFO - [2025-12-17T10:52:20.278+0530] {dag.py:4180} INFO - Setting next_dagrun for spotify_streaming_pipeline to 2025-12-17 05:00:00+00:00, run_after=2025-12-17 06:00:00+00:00
[2025-12-17T10:52:20.298+0530] {processor.py:208} INFO - Processing /home/sneha/spotify_airflow_project/airflow_home/dags/spotify_streaming_dag.py took 0.078 seconds
[2025-12-17T10:53:16.471+0530] {processor.py:186} INFO - Started process (PID=14960) to work on /home/sneha/spotify_airflow_project/airflow_home/dags/spotify_streaming_dag.py
[2025-12-17T10:53:16.472+0530] {processor.py:914} INFO - Processing file /home/sneha/spotify_airflow_project/airflow_home/dags/spotify_streaming_dag.py for tasks to queue
[2025-12-17T10:53:16.474+0530] {logging_mixin.py:190} INFO - [2025-12-17T10:53:16.474+0530] {dagbag.py:588} INFO - Filling up the DagBag from /home/sneha/spotify_airflow_project/airflow_home/dags/spotify_streaming_dag.py
[2025-12-17T10:53:16.485+0530] {processor.py:925} INFO - DAG(s) 'spotify_streaming_pipeline' retrieved from /home/sneha/spotify_airflow_project/airflow_home/dags/spotify_streaming_dag.py
[2025-12-17T10:53:16.501+0530] {logging_mixin.py:190} INFO - [2025-12-17T10:53:16.501+0530] {dag.py:3239} INFO - Sync 1 DAGs
[2025-12-17T10:53:16.524+0530] {logging_mixin.py:190} INFO - [2025-12-17T10:53:16.524+0530] {dag.py:4180} INFO - Setting next_dagrun for spotify_streaming_pipeline to 2025-12-17 05:00:00+00:00, run_after=2025-12-17 06:00:00+00:00
[2025-12-17T10:53:16.547+0530] {processor.py:208} INFO - Processing /home/sneha/spotify_airflow_project/airflow_home/dags/spotify_streaming_dag.py took 0.082 seconds
[2025-12-17T10:54:17.001+0530] {processor.py:186} INFO - Started process (PID=15364) to work on /home/sneha/spotify_airflow_project/airflow_home/dags/spotify_streaming_dag.py
[2025-12-17T10:54:17.002+0530] {processor.py:914} INFO - Processing file /home/sneha/spotify_airflow_project/airflow_home/dags/spotify_streaming_dag.py for tasks to queue
[2025-12-17T10:54:17.004+0530] {logging_mixin.py:190} INFO - [2025-12-17T10:54:17.004+0530] {dagbag.py:588} INFO - Filling up the DagBag from /home/sneha/spotify_airflow_project/airflow_home/dags/spotify_streaming_dag.py
[2025-12-17T10:54:17.013+0530] {processor.py:925} INFO - DAG(s) 'spotify_streaming_pipeline' retrieved from /home/sneha/spotify_airflow_project/airflow_home/dags/spotify_streaming_dag.py
[2025-12-17T10:54:17.028+0530] {logging_mixin.py:190} INFO - [2025-12-17T10:54:17.027+0530] {dag.py:3239} INFO - Sync 1 DAGs
[2025-12-17T10:54:17.047+0530] {logging_mixin.py:190} INFO - [2025-12-17T10:54:17.047+0530] {dag.py:4180} INFO - Setting next_dagrun for spotify_streaming_pipeline to 2025-12-17 05:00:00+00:00, run_after=2025-12-17 06:00:00+00:00
[2025-12-17T10:54:17.068+0530] {processor.py:208} INFO - Processing /home/sneha/spotify_airflow_project/airflow_home/dags/spotify_streaming_dag.py took 0.073 seconds
[2025-12-17T10:54:47.511+0530] {processor.py:186} INFO - Started process (PID=15455) to work on /home/sneha/spotify_airflow_project/airflow_home/dags/spotify_streaming_dag.py
[2025-12-17T10:54:47.512+0530] {processor.py:914} INFO - Processing file /home/sneha/spotify_airflow_project/airflow_home/dags/spotify_streaming_dag.py for tasks to queue
[2025-12-17T10:54:47.515+0530] {logging_mixin.py:190} INFO - [2025-12-17T10:54:47.514+0530] {dagbag.py:588} INFO - Filling up the DagBag from /home/sneha/spotify_airflow_project/airflow_home/dags/spotify_streaming_dag.py
[2025-12-17T10:54:47.525+0530] {processor.py:925} INFO - DAG(s) 'spotify_streaming_pipeline' retrieved from /home/sneha/spotify_airflow_project/airflow_home/dags/spotify_streaming_dag.py
[2025-12-17T10:54:47.540+0530] {logging_mixin.py:190} INFO - [2025-12-17T10:54:47.540+0530] {dag.py:3239} INFO - Sync 1 DAGs
[2025-12-17T10:54:47.561+0530] {logging_mixin.py:190} INFO - [2025-12-17T10:54:47.560+0530] {dag.py:4180} INFO - Setting next_dagrun for spotify_streaming_pipeline to 2025-12-17 05:00:00+00:00, run_after=2025-12-17 06:00:00+00:00
[2025-12-17T10:54:47.578+0530] {processor.py:208} INFO - Processing /home/sneha/spotify_airflow_project/airflow_home/dags/spotify_streaming_dag.py took 0.079 seconds
[2025-12-17T10:55:44.533+0530] {processor.py:186} INFO - Started process (PID=15611) to work on /home/sneha/spotify_airflow_project/airflow_home/dags/spotify_streaming_dag.py
[2025-12-17T10:55:44.544+0530] {processor.py:914} INFO - Processing file /home/sneha/spotify_airflow_project/airflow_home/dags/spotify_streaming_dag.py for tasks to queue
[2025-12-17T10:55:44.546+0530] {logging_mixin.py:190} INFO - [2025-12-17T10:55:44.546+0530] {dagbag.py:588} INFO - Filling up the DagBag from /home/sneha/spotify_airflow_project/airflow_home/dags/spotify_streaming_dag.py
[2025-12-17T10:55:44.557+0530] {processor.py:925} INFO - DAG(s) 'spotify_streaming_pipeline' retrieved from /home/sneha/spotify_airflow_project/airflow_home/dags/spotify_streaming_dag.py
[2025-12-17T10:55:44.572+0530] {logging_mixin.py:190} INFO - [2025-12-17T10:55:44.572+0530] {dag.py:3239} INFO - Sync 1 DAGs
[2025-12-17T10:55:44.595+0530] {logging_mixin.py:190} INFO - [2025-12-17T10:55:44.595+0530] {dag.py:4180} INFO - Setting next_dagrun for spotify_streaming_pipeline to 2025-12-17 05:00:00+00:00, run_after=2025-12-17 06:00:00+00:00
[2025-12-17T10:55:44.614+0530] {processor.py:208} INFO - Processing /home/sneha/spotify_airflow_project/airflow_home/dags/spotify_streaming_dag.py took 0.088 seconds
[2025-12-17T10:56:38.236+0530] {processor.py:186} INFO - Started process (PID=15670) to work on /home/sneha/spotify_airflow_project/airflow_home/dags/spotify_streaming_dag.py
[2025-12-17T10:56:38.237+0530] {processor.py:914} INFO - Processing file /home/sneha/spotify_airflow_project/airflow_home/dags/spotify_streaming_dag.py for tasks to queue
[2025-12-17T10:56:38.239+0530] {logging_mixin.py:190} INFO - [2025-12-17T10:56:38.239+0530] {dagbag.py:588} INFO - Filling up the DagBag from /home/sneha/spotify_airflow_project/airflow_home/dags/spotify_streaming_dag.py
[2025-12-17T10:56:38.252+0530] {processor.py:925} INFO - DAG(s) 'spotify_streaming_pipeline' retrieved from /home/sneha/spotify_airflow_project/airflow_home/dags/spotify_streaming_dag.py
[2025-12-17T10:56:38.267+0530] {logging_mixin.py:190} INFO - [2025-12-17T10:56:38.267+0530] {dag.py:3239} INFO - Sync 1 DAGs
[2025-12-17T10:56:38.296+0530] {logging_mixin.py:190} INFO - [2025-12-17T10:56:38.296+0530] {dag.py:4180} INFO - Setting next_dagrun for spotify_streaming_pipeline to 2025-12-17 05:00:00+00:00, run_after=2025-12-17 06:00:00+00:00
[2025-12-17T10:56:38.318+0530] {processor.py:208} INFO - Processing /home/sneha/spotify_airflow_project/airflow_home/dags/spotify_streaming_dag.py took 0.094 seconds
[2025-12-17T10:57:32.723+0530] {processor.py:186} INFO - Started process (PID=15810) to work on /home/sneha/spotify_airflow_project/airflow_home/dags/spotify_streaming_dag.py
[2025-12-17T10:57:32.724+0530] {processor.py:914} INFO - Processing file /home/sneha/spotify_airflow_project/airflow_home/dags/spotify_streaming_dag.py for tasks to queue
[2025-12-17T10:57:32.726+0530] {logging_mixin.py:190} INFO - [2025-12-17T10:57:32.726+0530] {dagbag.py:588} INFO - Filling up the DagBag from /home/sneha/spotify_airflow_project/airflow_home/dags/spotify_streaming_dag.py
[2025-12-17T10:57:32.737+0530] {processor.py:925} INFO - DAG(s) 'spotify_streaming_pipeline' retrieved from /home/sneha/spotify_airflow_project/airflow_home/dags/spotify_streaming_dag.py
[2025-12-17T10:57:32.832+0530] {logging_mixin.py:190} INFO - [2025-12-17T10:57:32.832+0530] {dag.py:3239} INFO - Sync 1 DAGs
[2025-12-17T10:57:32.852+0530] {logging_mixin.py:190} INFO - [2025-12-17T10:57:32.852+0530] {dag.py:4180} INFO - Setting next_dagrun for spotify_streaming_pipeline to 2025-12-17 05:00:00+00:00, run_after=2025-12-17 06:00:00+00:00
[2025-12-17T10:57:32.873+0530] {processor.py:208} INFO - Processing /home/sneha/spotify_airflow_project/airflow_home/dags/spotify_streaming_dag.py took 0.160 seconds
[2025-12-17T10:58:29.166+0530] {processor.py:186} INFO - Started process (PID=16105) to work on /home/sneha/spotify_airflow_project/airflow_home/dags/spotify_streaming_dag.py
[2025-12-17T10:58:29.167+0530] {processor.py:914} INFO - Processing file /home/sneha/spotify_airflow_project/airflow_home/dags/spotify_streaming_dag.py for tasks to queue
[2025-12-17T10:58:29.169+0530] {logging_mixin.py:190} INFO - [2025-12-17T10:58:29.169+0530] {dagbag.py:588} INFO - Filling up the DagBag from /home/sneha/spotify_airflow_project/airflow_home/dags/spotify_streaming_dag.py
[2025-12-17T10:58:29.179+0530] {processor.py:925} INFO - DAG(s) 'spotify_streaming_pipeline' retrieved from /home/sneha/spotify_airflow_project/airflow_home/dags/spotify_streaming_dag.py
[2025-12-17T10:58:29.193+0530] {logging_mixin.py:190} INFO - [2025-12-17T10:58:29.193+0530] {dag.py:3239} INFO - Sync 1 DAGs
[2025-12-17T10:58:29.213+0530] {logging_mixin.py:190} INFO - [2025-12-17T10:58:29.213+0530] {dag.py:4180} INFO - Setting next_dagrun for spotify_streaming_pipeline to 2025-12-17 05:00:00+00:00, run_after=2025-12-17 06:00:00+00:00
[2025-12-17T10:58:29.229+0530] {processor.py:208} INFO - Processing /home/sneha/spotify_airflow_project/airflow_home/dags/spotify_streaming_dag.py took 0.072 seconds
[2025-12-17T10:59:04.378+0530] {processor.py:186} INFO - Started process (PID=16325) to work on /home/sneha/spotify_airflow_project/airflow_home/dags/spotify_streaming_dag.py
[2025-12-17T10:59:04.379+0530] {processor.py:914} INFO - Processing file /home/sneha/spotify_airflow_project/airflow_home/dags/spotify_streaming_dag.py for tasks to queue
[2025-12-17T10:59:04.381+0530] {logging_mixin.py:190} INFO - [2025-12-17T10:59:04.381+0530] {dagbag.py:588} INFO - Filling up the DagBag from /home/sneha/spotify_airflow_project/airflow_home/dags/spotify_streaming_dag.py
[2025-12-17T10:59:04.392+0530] {processor.py:925} INFO - DAG(s) 'spotify_streaming_pipeline' retrieved from /home/sneha/spotify_airflow_project/airflow_home/dags/spotify_streaming_dag.py
[2025-12-17T10:59:04.414+0530] {logging_mixin.py:190} INFO - [2025-12-17T10:59:04.414+0530] {dag.py:3239} INFO - Sync 1 DAGs
[2025-12-17T10:59:04.439+0530] {logging_mixin.py:190} INFO - [2025-12-17T10:59:04.438+0530] {dag.py:4180} INFO - Setting next_dagrun for spotify_streaming_pipeline to 2025-12-17 05:00:00+00:00, run_after=2025-12-17 06:00:00+00:00
[2025-12-17T10:59:04.460+0530] {processor.py:208} INFO - Processing /home/sneha/spotify_airflow_project/airflow_home/dags/spotify_streaming_dag.py took 0.089 seconds
[2025-12-17T11:00:56.250+0530] {processor.py:186} INFO - Started process (PID=16971) to work on /home/sneha/spotify_airflow_project/airflow_home/dags/spotify_streaming_dag.py
[2025-12-17T11:00:56.251+0530] {processor.py:914} INFO - Processing file /home/sneha/spotify_airflow_project/airflow_home/dags/spotify_streaming_dag.py for tasks to queue
[2025-12-17T11:00:56.256+0530] {logging_mixin.py:190} INFO - [2025-12-17T11:00:56.255+0530] {dagbag.py:588} INFO - Filling up the DagBag from /home/sneha/spotify_airflow_project/airflow_home/dags/spotify_streaming_dag.py
[2025-12-17T11:00:56.280+0530] {processor.py:925} INFO - DAG(s) 'spotify_streaming_pipeline' retrieved from /home/sneha/spotify_airflow_project/airflow_home/dags/spotify_streaming_dag.py
[2025-12-17T11:00:56.330+0530] {logging_mixin.py:190} INFO - [2025-12-17T11:00:56.329+0530] {dag.py:3239} INFO - Sync 1 DAGs
[2025-12-17T11:00:56.383+0530] {logging_mixin.py:190} INFO - [2025-12-17T11:00:56.382+0530] {dag.py:4180} INFO - Setting next_dagrun for spotify_streaming_pipeline to 2025-12-17 05:00:00+00:00, run_after=2025-12-17 06:00:00+00:00
[2025-12-17T11:00:56.417+0530] {processor.py:208} INFO - Processing /home/sneha/spotify_airflow_project/airflow_home/dags/spotify_streaming_dag.py took 0.178 seconds
[2025-12-17T11:01:55.744+0530] {processor.py:186} INFO - Started process (PID=17204) to work on /home/sneha/spotify_airflow_project/airflow_home/dags/spotify_streaming_dag.py
[2025-12-17T11:01:55.745+0530] {processor.py:914} INFO - Processing file /home/sneha/spotify_airflow_project/airflow_home/dags/spotify_streaming_dag.py for tasks to queue
[2025-12-17T11:01:55.747+0530] {logging_mixin.py:190} INFO - [2025-12-17T11:01:55.747+0530] {dagbag.py:588} INFO - Filling up the DagBag from /home/sneha/spotify_airflow_project/airflow_home/dags/spotify_streaming_dag.py
[2025-12-17T11:01:55.756+0530] {processor.py:925} INFO - DAG(s) 'spotify_streaming_pipeline' retrieved from /home/sneha/spotify_airflow_project/airflow_home/dags/spotify_streaming_dag.py
[2025-12-17T11:01:55.770+0530] {logging_mixin.py:190} INFO - [2025-12-17T11:01:55.770+0530] {dag.py:3239} INFO - Sync 1 DAGs
[2025-12-17T11:01:55.792+0530] {logging_mixin.py:190} INFO - [2025-12-17T11:01:55.792+0530] {dag.py:4180} INFO - Setting next_dagrun for spotify_streaming_pipeline to 2025-12-17 05:00:00+00:00, run_after=2025-12-17 06:00:00+00:00
[2025-12-17T11:01:55.810+0530] {processor.py:208} INFO - Processing /home/sneha/spotify_airflow_project/airflow_home/dags/spotify_streaming_dag.py took 0.076 seconds
[2025-12-17T11:02:47.471+0530] {processor.py:186} INFO - Started process (PID=17929) to work on /home/sneha/spotify_airflow_project/airflow_home/dags/spotify_streaming_dag.py
[2025-12-17T11:02:47.472+0530] {processor.py:914} INFO - Processing file /home/sneha/spotify_airflow_project/airflow_home/dags/spotify_streaming_dag.py for tasks to queue
[2025-12-17T11:02:47.474+0530] {logging_mixin.py:190} INFO - [2025-12-17T11:02:47.473+0530] {dagbag.py:588} INFO - Filling up the DagBag from /home/sneha/spotify_airflow_project/airflow_home/dags/spotify_streaming_dag.py
[2025-12-17T11:02:47.484+0530] {processor.py:925} INFO - DAG(s) 'spotify_streaming_pipeline' retrieved from /home/sneha/spotify_airflow_project/airflow_home/dags/spotify_streaming_dag.py
[2025-12-17T11:02:47.500+0530] {logging_mixin.py:190} INFO - [2025-12-17T11:02:47.500+0530] {dag.py:3239} INFO - Sync 1 DAGs
[2025-12-17T11:02:47.523+0530] {logging_mixin.py:190} INFO - [2025-12-17T11:02:47.523+0530] {dag.py:4180} INFO - Setting next_dagrun for spotify_streaming_pipeline to 2025-12-17 05:00:00+00:00, run_after=2025-12-17 06:00:00+00:00
[2025-12-17T11:02:47.545+0530] {processor.py:208} INFO - Processing /home/sneha/spotify_airflow_project/airflow_home/dags/spotify_streaming_dag.py took 0.082 seconds
[2025-12-17T11:03:23.886+0530] {processor.py:186} INFO - Started process (PID=18213) to work on /home/sneha/spotify_airflow_project/airflow_home/dags/spotify_streaming_dag.py
[2025-12-17T11:03:23.887+0530] {processor.py:914} INFO - Processing file /home/sneha/spotify_airflow_project/airflow_home/dags/spotify_streaming_dag.py for tasks to queue
[2025-12-17T11:03:23.889+0530] {logging_mixin.py:190} INFO - [2025-12-17T11:03:23.888+0530] {dagbag.py:588} INFO - Filling up the DagBag from /home/sneha/spotify_airflow_project/airflow_home/dags/spotify_streaming_dag.py
[2025-12-17T11:03:23.899+0530] {processor.py:925} INFO - DAG(s) 'spotify_streaming_pipeline' retrieved from /home/sneha/spotify_airflow_project/airflow_home/dags/spotify_streaming_dag.py
[2025-12-17T11:03:23.915+0530] {logging_mixin.py:190} INFO - [2025-12-17T11:03:23.914+0530] {dag.py:3239} INFO - Sync 1 DAGs
[2025-12-17T11:03:23.940+0530] {logging_mixin.py:190} INFO - [2025-12-17T11:03:23.939+0530] {dag.py:4180} INFO - Setting next_dagrun for spotify_streaming_pipeline to 2025-12-17 05:00:00+00:00, run_after=2025-12-17 06:00:00+00:00
[2025-12-17T11:03:23.962+0530] {processor.py:208} INFO - Processing /home/sneha/spotify_airflow_project/airflow_home/dags/spotify_streaming_dag.py took 0.083 seconds
[2025-12-17T11:04:19.250+0530] {processor.py:186} INFO - Started process (PID=18433) to work on /home/sneha/spotify_airflow_project/airflow_home/dags/spotify_streaming_dag.py
[2025-12-17T11:04:19.261+0530] {processor.py:914} INFO - Processing file /home/sneha/spotify_airflow_project/airflow_home/dags/spotify_streaming_dag.py for tasks to queue
[2025-12-17T11:04:19.264+0530] {logging_mixin.py:190} INFO - [2025-12-17T11:04:19.263+0530] {dagbag.py:588} INFO - Filling up the DagBag from /home/sneha/spotify_airflow_project/airflow_home/dags/spotify_streaming_dag.py
[2025-12-17T11:04:19.274+0530] {processor.py:925} INFO - DAG(s) 'spotify_streaming_pipeline' retrieved from /home/sneha/spotify_airflow_project/airflow_home/dags/spotify_streaming_dag.py
[2025-12-17T11:04:19.288+0530] {logging_mixin.py:190} INFO - [2025-12-17T11:04:19.288+0530] {dag.py:3239} INFO - Sync 1 DAGs
[2025-12-17T11:04:19.309+0530] {logging_mixin.py:190} INFO - [2025-12-17T11:04:19.308+0530] {dag.py:4180} INFO - Setting next_dagrun for spotify_streaming_pipeline to 2025-12-17 05:00:00+00:00, run_after=2025-12-17 06:00:00+00:00
[2025-12-17T11:04:19.329+0530] {processor.py:208} INFO - Processing /home/sneha/spotify_airflow_project/airflow_home/dags/spotify_streaming_dag.py took 0.085 seconds
[2025-12-17T11:04:48.619+0530] {processor.py:186} INFO - Started process (PID=18592) to work on /home/sneha/spotify_airflow_project/airflow_home/dags/spotify_streaming_dag.py
[2025-12-17T11:04:48.620+0530] {processor.py:914} INFO - Processing file /home/sneha/spotify_airflow_project/airflow_home/dags/spotify_streaming_dag.py for tasks to queue
[2025-12-17T11:04:48.622+0530] {logging_mixin.py:190} INFO - [2025-12-17T11:04:48.622+0530] {dagbag.py:588} INFO - Filling up the DagBag from /home/sneha/spotify_airflow_project/airflow_home/dags/spotify_streaming_dag.py
[2025-12-17T11:04:48.632+0530] {processor.py:925} INFO - DAG(s) 'spotify_streaming_pipeline' retrieved from /home/sneha/spotify_airflow_project/airflow_home/dags/spotify_streaming_dag.py
[2025-12-17T11:04:48.725+0530] {logging_mixin.py:190} INFO - [2025-12-17T11:04:48.725+0530] {dag.py:3239} INFO - Sync 1 DAGs
[2025-12-17T11:04:48.744+0530] {logging_mixin.py:190} INFO - [2025-12-17T11:04:48.744+0530] {dag.py:4180} INFO - Setting next_dagrun for spotify_streaming_pipeline to 2025-12-17 05:00:00+00:00, run_after=2025-12-17 06:00:00+00:00
[2025-12-17T11:04:48.763+0530] {processor.py:208} INFO - Processing /home/sneha/spotify_airflow_project/airflow_home/dags/spotify_streaming_dag.py took 0.151 seconds
[2025-12-17T11:05:20.433+0530] {processor.py:186} INFO - Started process (PID=18630) to work on /home/sneha/spotify_airflow_project/airflow_home/dags/spotify_streaming_dag.py
[2025-12-17T11:05:20.434+0530] {processor.py:914} INFO - Processing file /home/sneha/spotify_airflow_project/airflow_home/dags/spotify_streaming_dag.py for tasks to queue
[2025-12-17T11:05:20.436+0530] {logging_mixin.py:190} INFO - [2025-12-17T11:05:20.436+0530] {dagbag.py:588} INFO - Filling up the DagBag from /home/sneha/spotify_airflow_project/airflow_home/dags/spotify_streaming_dag.py
[2025-12-17T11:05:20.446+0530] {processor.py:925} INFO - DAG(s) 'spotify_streaming_pipeline' retrieved from /home/sneha/spotify_airflow_project/airflow_home/dags/spotify_streaming_dag.py
[2025-12-17T11:05:20.461+0530] {logging_mixin.py:190} INFO - [2025-12-17T11:05:20.461+0530] {dag.py:3239} INFO - Sync 1 DAGs
[2025-12-17T11:05:20.483+0530] {logging_mixin.py:190} INFO - [2025-12-17T11:05:20.482+0530] {dag.py:4180} INFO - Setting next_dagrun for spotify_streaming_pipeline to 2025-12-17 05:00:00+00:00, run_after=2025-12-17 06:00:00+00:00
[2025-12-17T11:05:20.503+0530] {processor.py:208} INFO - Processing /home/sneha/spotify_airflow_project/airflow_home/dags/spotify_streaming_dag.py took 0.080 seconds
[2025-12-17T11:06:18.960+0530] {processor.py:186} INFO - Started process (PID=18950) to work on /home/sneha/spotify_airflow_project/airflow_home/dags/spotify_streaming_dag.py
[2025-12-17T11:06:18.961+0530] {processor.py:914} INFO - Processing file /home/sneha/spotify_airflow_project/airflow_home/dags/spotify_streaming_dag.py for tasks to queue
[2025-12-17T11:06:18.963+0530] {logging_mixin.py:190} INFO - [2025-12-17T11:06:18.963+0530] {dagbag.py:588} INFO - Filling up the DagBag from /home/sneha/spotify_airflow_project/airflow_home/dags/spotify_streaming_dag.py
[2025-12-17T11:06:18.974+0530] {processor.py:925} INFO - DAG(s) 'spotify_streaming_pipeline' retrieved from /home/sneha/spotify_airflow_project/airflow_home/dags/spotify_streaming_dag.py
[2025-12-17T11:06:18.991+0530] {logging_mixin.py:190} INFO - [2025-12-17T11:06:18.991+0530] {dag.py:3239} INFO - Sync 1 DAGs
[2025-12-17T11:06:19.014+0530] {logging_mixin.py:190} INFO - [2025-12-17T11:06:19.014+0530] {dag.py:4180} INFO - Setting next_dagrun for spotify_streaming_pipeline to 2025-12-17 05:00:00+00:00, run_after=2025-12-17 06:00:00+00:00
[2025-12-17T11:06:19.037+0530] {processor.py:208} INFO - Processing /home/sneha/spotify_airflow_project/airflow_home/dags/spotify_streaming_dag.py took 0.085 seconds
[2025-12-17T11:06:54.192+0530] {processor.py:186} INFO - Started process (PID=19245) to work on /home/sneha/spotify_airflow_project/airflow_home/dags/spotify_streaming_dag.py
[2025-12-17T11:06:54.193+0530] {processor.py:914} INFO - Processing file /home/sneha/spotify_airflow_project/airflow_home/dags/spotify_streaming_dag.py for tasks to queue
[2025-12-17T11:06:54.195+0530] {logging_mixin.py:190} INFO - [2025-12-17T11:06:54.195+0530] {dagbag.py:588} INFO - Filling up the DagBag from /home/sneha/spotify_airflow_project/airflow_home/dags/spotify_streaming_dag.py
[2025-12-17T11:06:54.204+0530] {processor.py:925} INFO - DAG(s) 'spotify_streaming_pipeline' retrieved from /home/sneha/spotify_airflow_project/airflow_home/dags/spotify_streaming_dag.py
[2025-12-17T11:06:54.218+0530] {logging_mixin.py:190} INFO - [2025-12-17T11:06:54.218+0530] {dag.py:3239} INFO - Sync 1 DAGs
[2025-12-17T11:06:54.353+0530] {logging_mixin.py:190} INFO - [2025-12-17T11:06:54.353+0530] {dag.py:4180} INFO - Setting next_dagrun for spotify_streaming_pipeline to 2025-12-17 05:00:00+00:00, run_after=2025-12-17 06:00:00+00:00
[2025-12-17T11:06:54.370+0530] {processor.py:208} INFO - Processing /home/sneha/spotify_airflow_project/airflow_home/dags/spotify_streaming_dag.py took 0.189 seconds
[2025-12-17T12:42:31.357+0530] {processor.py:186} INFO - Started process (PID=67694) to work on /home/sneha/spotify_airflow_project/airflow_home/dags/spotify_streaming_dag.py
[2025-12-17T12:42:31.360+0530] {processor.py:914} INFO - Processing file /home/sneha/spotify_airflow_project/airflow_home/dags/spotify_streaming_dag.py for tasks to queue
[2025-12-17T12:42:31.369+0530] {logging_mixin.py:190} INFO - [2025-12-17T12:42:31.364+0530] {dagbag.py:588} INFO - Filling up the DagBag from /home/sneha/spotify_airflow_project/airflow_home/dags/spotify_streaming_dag.py
[2025-12-17T12:42:31.458+0530] {processor.py:925} INFO - DAG(s) 'spotify_streaming_pipeline' retrieved from /home/sneha/spotify_airflow_project/airflow_home/dags/spotify_streaming_dag.py
[2025-12-17T12:42:32.226+0530] {logging_mixin.py:190} INFO - [2025-12-17T12:42:32.225+0530] {dag.py:3239} INFO - Sync 1 DAGs
[2025-12-17T12:42:32.311+0530] {logging_mixin.py:190} INFO - [2025-12-17T12:42:32.310+0530] {dag.py:4180} INFO - Setting next_dagrun for spotify_streaming_pipeline to 2025-12-17 06:00:00+00:00, run_after=2025-12-17 07:00:00+00:00
[2025-12-17T12:42:32.378+0530] {processor.py:208} INFO - Processing /home/sneha/spotify_airflow_project/airflow_home/dags/spotify_streaming_dag.py took 1.038 seconds
[2025-12-17T12:43:36.333+0530] {processor.py:186} INFO - Started process (PID=68908) to work on /home/sneha/spotify_airflow_project/airflow_home/dags/spotify_streaming_dag.py
[2025-12-17T12:43:36.335+0530] {processor.py:914} INFO - Processing file /home/sneha/spotify_airflow_project/airflow_home/dags/spotify_streaming_dag.py for tasks to queue
[2025-12-17T12:43:36.338+0530] {logging_mixin.py:190} INFO - [2025-12-17T12:43:36.337+0530] {dagbag.py:588} INFO - Filling up the DagBag from /home/sneha/spotify_airflow_project/airflow_home/dags/spotify_streaming_dag.py
[2025-12-17T12:43:36.350+0530] {processor.py:925} INFO - DAG(s) 'spotify_streaming_pipeline' retrieved from /home/sneha/spotify_airflow_project/airflow_home/dags/spotify_streaming_dag.py
[2025-12-17T12:43:36.398+0530] {logging_mixin.py:190} INFO - [2025-12-17T12:43:36.398+0530] {dag.py:3239} INFO - Sync 1 DAGs
[2025-12-17T12:43:36.433+0530] {logging_mixin.py:190} INFO - [2025-12-17T12:43:36.432+0530] {dag.py:4180} INFO - Setting next_dagrun for spotify_streaming_pipeline to 2025-12-17 07:00:00+00:00, run_after=2025-12-17 08:00:00+00:00
[2025-12-17T12:43:36.464+0530] {processor.py:208} INFO - Processing /home/sneha/spotify_airflow_project/airflow_home/dags/spotify_streaming_dag.py took 0.143 seconds
[2025-12-17T12:47:05.282+0530] {processor.py:186} INFO - Started process (PID=70977) to work on /home/sneha/spotify_airflow_project/airflow_home/dags/spotify_streaming_dag.py
[2025-12-17T12:47:05.284+0530] {processor.py:914} INFO - Processing file /home/sneha/spotify_airflow_project/airflow_home/dags/spotify_streaming_dag.py for tasks to queue
[2025-12-17T12:47:05.288+0530] {logging_mixin.py:190} INFO - [2025-12-17T12:47:05.287+0530] {dagbag.py:588} INFO - Filling up the DagBag from /home/sneha/spotify_airflow_project/airflow_home/dags/spotify_streaming_dag.py
[2025-12-17T12:47:05.322+0530] {processor.py:925} INFO - DAG(s) 'spotify_streaming_pipeline' retrieved from /home/sneha/spotify_airflow_project/airflow_home/dags/spotify_streaming_dag.py
[2025-12-17T12:47:05.374+0530] {logging_mixin.py:190} INFO - [2025-12-17T12:47:05.373+0530] {dag.py:3239} INFO - Sync 1 DAGs
[2025-12-17T12:47:05.425+0530] {logging_mixin.py:190} INFO - [2025-12-17T12:47:05.424+0530] {dag.py:4180} INFO - Setting next_dagrun for spotify_streaming_pipeline to 2025-12-17 07:00:00+00:00, run_after=2025-12-17 08:00:00+00:00
[2025-12-17T12:47:05.479+0530] {processor.py:208} INFO - Processing /home/sneha/spotify_airflow_project/airflow_home/dags/spotify_streaming_dag.py took 0.207 seconds
[2025-12-17T12:48:17.577+0530] {processor.py:186} INFO - Started process (PID=71191) to work on /home/sneha/spotify_airflow_project/airflow_home/dags/spotify_streaming_dag.py
[2025-12-17T12:48:17.579+0530] {processor.py:914} INFO - Processing file /home/sneha/spotify_airflow_project/airflow_home/dags/spotify_streaming_dag.py for tasks to queue
[2025-12-17T12:48:17.582+0530] {logging_mixin.py:190} INFO - [2025-12-17T12:48:17.582+0530] {dagbag.py:588} INFO - Filling up the DagBag from /home/sneha/spotify_airflow_project/airflow_home/dags/spotify_streaming_dag.py
[2025-12-17T12:48:17.599+0530] {processor.py:925} INFO - DAG(s) 'spotify_streaming_pipeline' retrieved from /home/sneha/spotify_airflow_project/airflow_home/dags/spotify_streaming_dag.py
[2025-12-17T12:48:17.628+0530] {logging_mixin.py:190} INFO - [2025-12-17T12:48:17.627+0530] {dag.py:3239} INFO - Sync 1 DAGs
[2025-12-17T12:48:17.671+0530] {logging_mixin.py:190} INFO - [2025-12-17T12:48:17.671+0530] {dag.py:4180} INFO - Setting next_dagrun for spotify_streaming_pipeline to 2025-12-17 07:00:00+00:00, run_after=2025-12-17 08:00:00+00:00
[2025-12-17T12:48:17.708+0530] {processor.py:208} INFO - Processing /home/sneha/spotify_airflow_project/airflow_home/dags/spotify_streaming_dag.py took 0.141 seconds
[2025-12-17T12:48:57.762+0530] {processor.py:186} INFO - Started process (PID=71279) to work on /home/sneha/spotify_airflow_project/airflow_home/dags/spotify_streaming_dag.py
[2025-12-17T12:48:57.764+0530] {processor.py:914} INFO - Processing file /home/sneha/spotify_airflow_project/airflow_home/dags/spotify_streaming_dag.py for tasks to queue
[2025-12-17T12:48:57.770+0530] {logging_mixin.py:190} INFO - [2025-12-17T12:48:57.768+0530] {dagbag.py:588} INFO - Filling up the DagBag from /home/sneha/spotify_airflow_project/airflow_home/dags/spotify_streaming_dag.py
[2025-12-17T12:48:57.798+0530] {processor.py:925} INFO - DAG(s) 'spotify_streaming_pipeline' retrieved from /home/sneha/spotify_airflow_project/airflow_home/dags/spotify_streaming_dag.py
[2025-12-17T12:48:57.838+0530] {logging_mixin.py:190} INFO - [2025-12-17T12:48:57.837+0530] {dag.py:3239} INFO - Sync 1 DAGs
[2025-12-17T12:48:57.890+0530] {logging_mixin.py:190} INFO - [2025-12-17T12:48:57.889+0530] {dag.py:4180} INFO - Setting next_dagrun for spotify_streaming_pipeline to 2025-12-17 07:00:00+00:00, run_after=2025-12-17 08:00:00+00:00
[2025-12-17T12:48:57.934+0530] {processor.py:208} INFO - Processing /home/sneha/spotify_airflow_project/airflow_home/dags/spotify_streaming_dag.py took 0.184 seconds
[2025-12-17T12:49:48.930+0530] {processor.py:186} INFO - Started process (PID=71517) to work on /home/sneha/spotify_airflow_project/airflow_home/dags/spotify_streaming_dag.py
[2025-12-17T12:49:48.932+0530] {processor.py:914} INFO - Processing file /home/sneha/spotify_airflow_project/airflow_home/dags/spotify_streaming_dag.py for tasks to queue
[2025-12-17T12:49:48.936+0530] {logging_mixin.py:190} INFO - [2025-12-17T12:49:48.935+0530] {dagbag.py:588} INFO - Filling up the DagBag from /home/sneha/spotify_airflow_project/airflow_home/dags/spotify_streaming_dag.py
[2025-12-17T12:49:48.953+0530] {processor.py:925} INFO - DAG(s) 'spotify_streaming_pipeline' retrieved from /home/sneha/spotify_airflow_project/airflow_home/dags/spotify_streaming_dag.py
[2025-12-17T12:49:48.980+0530] {logging_mixin.py:190} INFO - [2025-12-17T12:49:48.979+0530] {dag.py:3239} INFO - Sync 1 DAGs
[2025-12-17T12:49:49.018+0530] {logging_mixin.py:190} INFO - [2025-12-17T12:49:49.018+0530] {dag.py:4180} INFO - Setting next_dagrun for spotify_streaming_pipeline to 2025-12-17 07:00:00+00:00, run_after=2025-12-17 08:00:00+00:00
[2025-12-17T12:49:49.053+0530] {processor.py:208} INFO - Processing /home/sneha/spotify_airflow_project/airflow_home/dags/spotify_streaming_dag.py took 0.133 seconds
[2025-12-17T12:50:31.866+0530] {processor.py:186} INFO - Started process (PID=71556) to work on /home/sneha/spotify_airflow_project/airflow_home/dags/spotify_streaming_dag.py
[2025-12-17T12:50:31.868+0530] {processor.py:914} INFO - Processing file /home/sneha/spotify_airflow_project/airflow_home/dags/spotify_streaming_dag.py for tasks to queue
[2025-12-17T12:50:31.872+0530] {logging_mixin.py:190} INFO - [2025-12-17T12:50:31.871+0530] {dagbag.py:588} INFO - Filling up the DagBag from /home/sneha/spotify_airflow_project/airflow_home/dags/spotify_streaming_dag.py
[2025-12-17T12:50:31.902+0530] {processor.py:925} INFO - DAG(s) 'spotify_streaming_pipeline' retrieved from /home/sneha/spotify_airflow_project/airflow_home/dags/spotify_streaming_dag.py
[2025-12-17T12:50:31.935+0530] {logging_mixin.py:190} INFO - [2025-12-17T12:50:31.935+0530] {dag.py:3239} INFO - Sync 1 DAGs
[2025-12-17T12:50:31.982+0530] {logging_mixin.py:190} INFO - [2025-12-17T12:50:31.981+0530] {dag.py:4180} INFO - Setting next_dagrun for spotify_streaming_pipeline to 2025-12-17 07:00:00+00:00, run_after=2025-12-17 08:00:00+00:00
[2025-12-17T12:50:32.023+0530] {processor.py:208} INFO - Processing /home/sneha/spotify_airflow_project/airflow_home/dags/spotify_streaming_dag.py took 0.171 seconds
[2025-12-17T12:51:08.790+0530] {processor.py:186} INFO - Started process (PID=71791) to work on /home/sneha/spotify_airflow_project/airflow_home/dags/spotify_streaming_dag.py
[2025-12-17T12:51:08.803+0530] {processor.py:914} INFO - Processing file /home/sneha/spotify_airflow_project/airflow_home/dags/spotify_streaming_dag.py for tasks to queue
[2025-12-17T12:51:08.812+0530] {logging_mixin.py:190} INFO - [2025-12-17T12:51:08.811+0530] {dagbag.py:588} INFO - Filling up the DagBag from /home/sneha/spotify_airflow_project/airflow_home/dags/spotify_streaming_dag.py
[2025-12-17T12:51:08.843+0530] {processor.py:925} INFO - DAG(s) 'spotify_streaming_pipeline' retrieved from /home/sneha/spotify_airflow_project/airflow_home/dags/spotify_streaming_dag.py
[2025-12-17T12:51:08.886+0530] {logging_mixin.py:190} INFO - [2025-12-17T12:51:08.886+0530] {dag.py:3239} INFO - Sync 1 DAGs
[2025-12-17T12:51:08.947+0530] {logging_mixin.py:190} INFO - [2025-12-17T12:51:08.946+0530] {dag.py:4180} INFO - Setting next_dagrun for spotify_streaming_pipeline to 2025-12-17 07:00:00+00:00, run_after=2025-12-17 08:00:00+00:00
[2025-12-17T12:51:09.048+0530] {processor.py:208} INFO - Processing /home/sneha/spotify_airflow_project/airflow_home/dags/spotify_streaming_dag.py took 0.281 seconds
[2025-12-17T12:51:45.478+0530] {processor.py:186} INFO - Started process (PID=72163) to work on /home/sneha/spotify_airflow_project/airflow_home/dags/spotify_streaming_dag.py
[2025-12-17T12:51:45.480+0530] {processor.py:914} INFO - Processing file /home/sneha/spotify_airflow_project/airflow_home/dags/spotify_streaming_dag.py for tasks to queue
[2025-12-17T12:51:45.485+0530] {logging_mixin.py:190} INFO - [2025-12-17T12:51:45.484+0530] {dagbag.py:588} INFO - Filling up the DagBag from /home/sneha/spotify_airflow_project/airflow_home/dags/spotify_streaming_dag.py
[2025-12-17T12:51:45.506+0530] {processor.py:925} INFO - DAG(s) 'spotify_streaming_pipeline' retrieved from /home/sneha/spotify_airflow_project/airflow_home/dags/spotify_streaming_dag.py
[2025-12-17T12:51:45.534+0530] {logging_mixin.py:190} INFO - [2025-12-17T12:51:45.534+0530] {dag.py:3239} INFO - Sync 1 DAGs
[2025-12-17T12:51:45.581+0530] {logging_mixin.py:190} INFO - [2025-12-17T12:51:45.581+0530] {dag.py:4180} INFO - Setting next_dagrun for spotify_streaming_pipeline to 2025-12-17 07:00:00+00:00, run_after=2025-12-17 08:00:00+00:00
[2025-12-17T12:51:45.622+0530] {processor.py:208} INFO - Processing /home/sneha/spotify_airflow_project/airflow_home/dags/spotify_streaming_dag.py took 0.154 seconds
[2025-12-17T12:52:20.886+0530] {processor.py:186} INFO - Started process (PID=72278) to work on /home/sneha/spotify_airflow_project/airflow_home/dags/spotify_streaming_dag.py
[2025-12-17T12:52:20.888+0530] {processor.py:914} INFO - Processing file /home/sneha/spotify_airflow_project/airflow_home/dags/spotify_streaming_dag.py for tasks to queue
[2025-12-17T12:52:20.892+0530] {logging_mixin.py:190} INFO - [2025-12-17T12:52:20.891+0530] {dagbag.py:588} INFO - Filling up the DagBag from /home/sneha/spotify_airflow_project/airflow_home/dags/spotify_streaming_dag.py
[2025-12-17T12:52:20.910+0530] {processor.py:925} INFO - DAG(s) 'spotify_streaming_pipeline' retrieved from /home/sneha/spotify_airflow_project/airflow_home/dags/spotify_streaming_dag.py
[2025-12-17T12:52:20.938+0530] {logging_mixin.py:190} INFO - [2025-12-17T12:52:20.937+0530] {dag.py:3239} INFO - Sync 1 DAGs
[2025-12-17T12:52:20.972+0530] {logging_mixin.py:190} INFO - [2025-12-17T12:52:20.972+0530] {dag.py:4180} INFO - Setting next_dagrun for spotify_streaming_pipeline to 2025-12-17 07:00:00+00:00, run_after=2025-12-17 08:00:00+00:00
[2025-12-17T12:52:21.002+0530] {processor.py:208} INFO - Processing /home/sneha/spotify_airflow_project/airflow_home/dags/spotify_streaming_dag.py took 0.125 seconds
[2025-12-17T12:52:54.523+0530] {processor.py:186} INFO - Started process (PID=72312) to work on /home/sneha/spotify_airflow_project/airflow_home/dags/spotify_streaming_dag.py
[2025-12-17T12:52:54.525+0530] {processor.py:914} INFO - Processing file /home/sneha/spotify_airflow_project/airflow_home/dags/spotify_streaming_dag.py for tasks to queue
[2025-12-17T12:52:54.529+0530] {logging_mixin.py:190} INFO - [2025-12-17T12:52:54.528+0530] {dagbag.py:588} INFO - Filling up the DagBag from /home/sneha/spotify_airflow_project/airflow_home/dags/spotify_streaming_dag.py
[2025-12-17T12:52:54.545+0530] {processor.py:925} INFO - DAG(s) 'spotify_streaming_pipeline' retrieved from /home/sneha/spotify_airflow_project/airflow_home/dags/spotify_streaming_dag.py
[2025-12-17T12:52:54.574+0530] {logging_mixin.py:190} INFO - [2025-12-17T12:52:54.573+0530] {dag.py:3239} INFO - Sync 1 DAGs
[2025-12-17T12:52:54.612+0530] {logging_mixin.py:190} INFO - [2025-12-17T12:52:54.612+0530] {dag.py:4180} INFO - Setting next_dagrun for spotify_streaming_pipeline to 2025-12-17 07:00:00+00:00, run_after=2025-12-17 08:00:00+00:00
[2025-12-17T12:52:54.860+0530] {processor.py:208} INFO - Processing /home/sneha/spotify_airflow_project/airflow_home/dags/spotify_streaming_dag.py took 0.347 seconds
[2025-12-17T12:54:23.691+0530] {processor.py:186} INFO - Started process (PID=73209) to work on /home/sneha/spotify_airflow_project/airflow_home/dags/spotify_streaming_dag.py
[2025-12-17T12:54:23.692+0530] {processor.py:914} INFO - Processing file /home/sneha/spotify_airflow_project/airflow_home/dags/spotify_streaming_dag.py for tasks to queue
[2025-12-17T12:54:23.697+0530] {logging_mixin.py:190} INFO - [2025-12-17T12:54:23.696+0530] {dagbag.py:588} INFO - Filling up the DagBag from /home/sneha/spotify_airflow_project/airflow_home/dags/spotify_streaming_dag.py
[2025-12-17T12:54:23.715+0530] {processor.py:925} INFO - DAG(s) 'spotify_streaming_pipeline' retrieved from /home/sneha/spotify_airflow_project/airflow_home/dags/spotify_streaming_dag.py
[2025-12-17T12:54:23.744+0530] {logging_mixin.py:190} INFO - [2025-12-17T12:54:23.743+0530] {dag.py:3239} INFO - Sync 1 DAGs
[2025-12-17T12:54:24.025+0530] {logging_mixin.py:190} INFO - [2025-12-17T12:54:24.025+0530] {dag.py:4180} INFO - Setting next_dagrun for spotify_streaming_pipeline to 2025-12-17 07:00:00+00:00, run_after=2025-12-17 08:00:00+00:00
[2025-12-17T12:54:24.053+0530] {processor.py:208} INFO - Processing /home/sneha/spotify_airflow_project/airflow_home/dags/spotify_streaming_dag.py took 0.374 seconds
[2025-12-17T12:55:17.163+0530] {processor.py:186} INFO - Started process (PID=73489) to work on /home/sneha/spotify_airflow_project/airflow_home/dags/spotify_streaming_dag.py
[2025-12-17T12:55:17.165+0530] {processor.py:914} INFO - Processing file /home/sneha/spotify_airflow_project/airflow_home/dags/spotify_streaming_dag.py for tasks to queue
[2025-12-17T12:55:17.170+0530] {logging_mixin.py:190} INFO - [2025-12-17T12:55:17.169+0530] {dagbag.py:588} INFO - Filling up the DagBag from /home/sneha/spotify_airflow_project/airflow_home/dags/spotify_streaming_dag.py
[2025-12-17T12:55:17.192+0530] {processor.py:925} INFO - DAG(s) 'spotify_streaming_pipeline' retrieved from /home/sneha/spotify_airflow_project/airflow_home/dags/spotify_streaming_dag.py
[2025-12-17T12:55:17.225+0530] {logging_mixin.py:190} INFO - [2025-12-17T12:55:17.225+0530] {dag.py:3239} INFO - Sync 1 DAGs
[2025-12-17T12:55:17.276+0530] {logging_mixin.py:190} INFO - [2025-12-17T12:55:17.275+0530] {dag.py:4180} INFO - Setting next_dagrun for spotify_streaming_pipeline to 2025-12-17 07:00:00+00:00, run_after=2025-12-17 08:00:00+00:00
[2025-12-17T12:55:17.323+0530] {processor.py:208} INFO - Processing /home/sneha/spotify_airflow_project/airflow_home/dags/spotify_streaming_dag.py took 0.172 seconds
[2025-12-17T12:55:53.470+0530] {processor.py:186} INFO - Started process (PID=73527) to work on /home/sneha/spotify_airflow_project/airflow_home/dags/spotify_streaming_dag.py
[2025-12-17T12:55:53.472+0530] {processor.py:914} INFO - Processing file /home/sneha/spotify_airflow_project/airflow_home/dags/spotify_streaming_dag.py for tasks to queue
[2025-12-17T12:55:53.475+0530] {logging_mixin.py:190} INFO - [2025-12-17T12:55:53.475+0530] {dagbag.py:588} INFO - Filling up the DagBag from /home/sneha/spotify_airflow_project/airflow_home/dags/spotify_streaming_dag.py
[2025-12-17T12:55:53.491+0530] {processor.py:925} INFO - DAG(s) 'spotify_streaming_pipeline' retrieved from /home/sneha/spotify_airflow_project/airflow_home/dags/spotify_streaming_dag.py
[2025-12-17T12:55:53.515+0530] {logging_mixin.py:190} INFO - [2025-12-17T12:55:53.515+0530] {dag.py:3239} INFO - Sync 1 DAGs
[2025-12-17T12:55:53.551+0530] {logging_mixin.py:190} INFO - [2025-12-17T12:55:53.550+0530] {dag.py:4180} INFO - Setting next_dagrun for spotify_streaming_pipeline to 2025-12-17 07:00:00+00:00, run_after=2025-12-17 08:00:00+00:00
[2025-12-17T12:55:53.581+0530] {processor.py:208} INFO - Processing /home/sneha/spotify_airflow_project/airflow_home/dags/spotify_streaming_dag.py took 0.121 seconds
