[2025-12-16T10:49:46.488+0530] {processor.py:186} INFO - Started process (PID=7062) to work on /home/sneha/spotify_airflow_project/venv/lib/python3.12/site-packages/airflow/example_dags/plugins/decreasing_priority_weight_strategy.py
[2025-12-16T10:49:46.489+0530] {processor.py:914} INFO - Processing file /home/sneha/spotify_airflow_project/venv/lib/python3.12/site-packages/airflow/example_dags/plugins/decreasing_priority_weight_strategy.py for tasks to queue
[2025-12-16T10:49:46.493+0530] {logging_mixin.py:190} INFO - [2025-12-16T10:49:46.492+0530] {dagbag.py:588} INFO - Filling up the DagBag from /home/sneha/spotify_airflow_project/venv/lib/python3.12/site-packages/airflow/example_dags/plugins/decreasing_priority_weight_strategy.py
[2025-12-16T10:49:46.496+0530] {processor.py:927} WARNING - No viable dags retrieved from /home/sneha/spotify_airflow_project/venv/lib/python3.12/site-packages/airflow/example_dags/plugins/decreasing_priority_weight_strategy.py
[2025-12-16T10:49:46.519+0530] {processor.py:208} INFO - Processing /home/sneha/spotify_airflow_project/venv/lib/python3.12/site-packages/airflow/example_dags/plugins/decreasing_priority_weight_strategy.py took 0.042 seconds
[2025-12-16T10:54:56.557+0530] {processor.py:186} INFO - Started process (PID=7871) to work on /home/sneha/spotify_airflow_project/venv/lib/python3.12/site-packages/airflow/example_dags/plugins/decreasing_priority_weight_strategy.py
[2025-12-16T10:54:56.558+0530] {processor.py:914} INFO - Processing file /home/sneha/spotify_airflow_project/venv/lib/python3.12/site-packages/airflow/example_dags/plugins/decreasing_priority_weight_strategy.py for tasks to queue
[2025-12-16T10:54:56.560+0530] {logging_mixin.py:190} INFO - [2025-12-16T10:54:56.560+0530] {dagbag.py:588} INFO - Filling up the DagBag from /home/sneha/spotify_airflow_project/venv/lib/python3.12/site-packages/airflow/example_dags/plugins/decreasing_priority_weight_strategy.py
[2025-12-16T10:54:56.562+0530] {processor.py:927} WARNING - No viable dags retrieved from /home/sneha/spotify_airflow_project/venv/lib/python3.12/site-packages/airflow/example_dags/plugins/decreasing_priority_weight_strategy.py
[2025-12-16T10:54:56.572+0530] {processor.py:208} INFO - Processing /home/sneha/spotify_airflow_project/venv/lib/python3.12/site-packages/airflow/example_dags/plugins/decreasing_priority_weight_strategy.py took 0.022 seconds
[2025-12-16T10:55:53.414+0530] {processor.py:186} INFO - Started process (PID=8043) to work on /home/sneha/spotify_airflow_project/venv/lib/python3.12/site-packages/airflow/example_dags/plugins/decreasing_priority_weight_strategy.py
[2025-12-16T10:55:53.415+0530] {processor.py:914} INFO - Processing file /home/sneha/spotify_airflow_project/venv/lib/python3.12/site-packages/airflow/example_dags/plugins/decreasing_priority_weight_strategy.py for tasks to queue
[2025-12-16T10:55:53.416+0530] {logging_mixin.py:190} INFO - [2025-12-16T10:55:53.416+0530] {dagbag.py:588} INFO - Filling up the DagBag from /home/sneha/spotify_airflow_project/venv/lib/python3.12/site-packages/airflow/example_dags/plugins/decreasing_priority_weight_strategy.py
[2025-12-16T10:55:53.418+0530] {processor.py:927} WARNING - No viable dags retrieved from /home/sneha/spotify_airflow_project/venv/lib/python3.12/site-packages/airflow/example_dags/plugins/decreasing_priority_weight_strategy.py
[2025-12-16T10:55:53.433+0530] {processor.py:208} INFO - Processing /home/sneha/spotify_airflow_project/venv/lib/python3.12/site-packages/airflow/example_dags/plugins/decreasing_priority_weight_strategy.py took 0.028 seconds
[2025-12-16T10:56:51.550+0530] {processor.py:186} INFO - Started process (PID=8265) to work on /home/sneha/spotify_airflow_project/venv/lib/python3.12/site-packages/airflow/example_dags/plugins/decreasing_priority_weight_strategy.py
[2025-12-16T10:56:51.551+0530] {processor.py:914} INFO - Processing file /home/sneha/spotify_airflow_project/venv/lib/python3.12/site-packages/airflow/example_dags/plugins/decreasing_priority_weight_strategy.py for tasks to queue
[2025-12-16T10:56:51.553+0530] {logging_mixin.py:190} INFO - [2025-12-16T10:56:51.552+0530] {dagbag.py:588} INFO - Filling up the DagBag from /home/sneha/spotify_airflow_project/venv/lib/python3.12/site-packages/airflow/example_dags/plugins/decreasing_priority_weight_strategy.py
[2025-12-16T10:56:51.557+0530] {processor.py:927} WARNING - No viable dags retrieved from /home/sneha/spotify_airflow_project/venv/lib/python3.12/site-packages/airflow/example_dags/plugins/decreasing_priority_weight_strategy.py
[2025-12-16T10:56:51.573+0530] {processor.py:208} INFO - Processing /home/sneha/spotify_airflow_project/venv/lib/python3.12/site-packages/airflow/example_dags/plugins/decreasing_priority_weight_strategy.py took 0.031 seconds
[2025-12-16T11:00:53.665+0530] {processor.py:186} INFO - Started process (PID=8595) to work on /home/sneha/spotify_airflow_project/venv/lib/python3.12/site-packages/airflow/example_dags/plugins/decreasing_priority_weight_strategy.py
[2025-12-16T11:00:53.666+0530] {processor.py:914} INFO - Processing file /home/sneha/spotify_airflow_project/venv/lib/python3.12/site-packages/airflow/example_dags/plugins/decreasing_priority_weight_strategy.py for tasks to queue
[2025-12-16T11:00:53.668+0530] {logging_mixin.py:190} INFO - [2025-12-16T11:00:53.668+0530] {dagbag.py:588} INFO - Filling up the DagBag from /home/sneha/spotify_airflow_project/venv/lib/python3.12/site-packages/airflow/example_dags/plugins/decreasing_priority_weight_strategy.py
[2025-12-16T11:00:53.670+0530] {processor.py:927} WARNING - No viable dags retrieved from /home/sneha/spotify_airflow_project/venv/lib/python3.12/site-packages/airflow/example_dags/plugins/decreasing_priority_weight_strategy.py
[2025-12-16T11:00:53.680+0530] {processor.py:208} INFO - Processing /home/sneha/spotify_airflow_project/venv/lib/python3.12/site-packages/airflow/example_dags/plugins/decreasing_priority_weight_strategy.py took 0.020 seconds
[2025-12-16T11:02:53.076+0530] {processor.py:186} INFO - Started process (PID=8871) to work on /home/sneha/spotify_airflow_project/venv/lib/python3.12/site-packages/airflow/example_dags/plugins/decreasing_priority_weight_strategy.py
[2025-12-16T11:02:53.077+0530] {processor.py:914} INFO - Processing file /home/sneha/spotify_airflow_project/venv/lib/python3.12/site-packages/airflow/example_dags/plugins/decreasing_priority_weight_strategy.py for tasks to queue
[2025-12-16T11:02:53.079+0530] {logging_mixin.py:190} INFO - [2025-12-16T11:02:53.079+0530] {dagbag.py:588} INFO - Filling up the DagBag from /home/sneha/spotify_airflow_project/venv/lib/python3.12/site-packages/airflow/example_dags/plugins/decreasing_priority_weight_strategy.py
[2025-12-16T11:02:53.081+0530] {processor.py:927} WARNING - No viable dags retrieved from /home/sneha/spotify_airflow_project/venv/lib/python3.12/site-packages/airflow/example_dags/plugins/decreasing_priority_weight_strategy.py
[2025-12-16T11:02:53.092+0530] {processor.py:208} INFO - Processing /home/sneha/spotify_airflow_project/venv/lib/python3.12/site-packages/airflow/example_dags/plugins/decreasing_priority_weight_strategy.py took 0.022 seconds
[2025-12-16T11:07:02.512+0530] {processor.py:186} INFO - Started process (PID=21464) to work on /home/sneha/spotify_airflow_project/venv/lib/python3.12/site-packages/airflow/example_dags/plugins/decreasing_priority_weight_strategy.py
[2025-12-16T11:07:02.513+0530] {processor.py:914} INFO - Processing file /home/sneha/spotify_airflow_project/venv/lib/python3.12/site-packages/airflow/example_dags/plugins/decreasing_priority_weight_strategy.py for tasks to queue
[2025-12-16T11:07:02.515+0530] {logging_mixin.py:190} INFO - [2025-12-16T11:07:02.514+0530] {dagbag.py:588} INFO - Filling up the DagBag from /home/sneha/spotify_airflow_project/venv/lib/python3.12/site-packages/airflow/example_dags/plugins/decreasing_priority_weight_strategy.py
[2025-12-16T11:07:02.517+0530] {processor.py:927} WARNING - No viable dags retrieved from /home/sneha/spotify_airflow_project/venv/lib/python3.12/site-packages/airflow/example_dags/plugins/decreasing_priority_weight_strategy.py
[2025-12-16T11:07:02.528+0530] {processor.py:208} INFO - Processing /home/sneha/spotify_airflow_project/venv/lib/python3.12/site-packages/airflow/example_dags/plugins/decreasing_priority_weight_strategy.py took 0.022 seconds
[2025-12-16T11:07:59.413+0530] {processor.py:186} INFO - Started process (PID=21694) to work on /home/sneha/spotify_airflow_project/venv/lib/python3.12/site-packages/airflow/example_dags/plugins/decreasing_priority_weight_strategy.py
[2025-12-16T11:07:59.416+0530] {processor.py:914} INFO - Processing file /home/sneha/spotify_airflow_project/venv/lib/python3.12/site-packages/airflow/example_dags/plugins/decreasing_priority_weight_strategy.py for tasks to queue
[2025-12-16T11:07:59.421+0530] {logging_mixin.py:190} INFO - [2025-12-16T11:07:59.420+0530] {dagbag.py:588} INFO - Filling up the DagBag from /home/sneha/spotify_airflow_project/venv/lib/python3.12/site-packages/airflow/example_dags/plugins/decreasing_priority_weight_strategy.py
[2025-12-16T11:07:59.426+0530] {processor.py:927} WARNING - No viable dags retrieved from /home/sneha/spotify_airflow_project/venv/lib/python3.12/site-packages/airflow/example_dags/plugins/decreasing_priority_weight_strategy.py
[2025-12-16T11:07:59.453+0530] {processor.py:208} INFO - Processing /home/sneha/spotify_airflow_project/venv/lib/python3.12/site-packages/airflow/example_dags/plugins/decreasing_priority_weight_strategy.py took 0.054 seconds
[2025-12-16T11:08:59.451+0530] {processor.py:186} INFO - Started process (PID=21908) to work on /home/sneha/spotify_airflow_project/venv/lib/python3.12/site-packages/airflow/example_dags/plugins/decreasing_priority_weight_strategy.py
[2025-12-16T11:08:59.452+0530] {processor.py:914} INFO - Processing file /home/sneha/spotify_airflow_project/venv/lib/python3.12/site-packages/airflow/example_dags/plugins/decreasing_priority_weight_strategy.py for tasks to queue
[2025-12-16T11:08:59.454+0530] {logging_mixin.py:190} INFO - [2025-12-16T11:08:59.453+0530] {dagbag.py:588} INFO - Filling up the DagBag from /home/sneha/spotify_airflow_project/venv/lib/python3.12/site-packages/airflow/example_dags/plugins/decreasing_priority_weight_strategy.py
[2025-12-16T11:08:59.456+0530] {processor.py:927} WARNING - No viable dags retrieved from /home/sneha/spotify_airflow_project/venv/lib/python3.12/site-packages/airflow/example_dags/plugins/decreasing_priority_weight_strategy.py
[2025-12-16T11:08:59.466+0530] {processor.py:208} INFO - Processing /home/sneha/spotify_airflow_project/venv/lib/python3.12/site-packages/airflow/example_dags/plugins/decreasing_priority_weight_strategy.py took 0.022 seconds
[2025-12-16T11:09:58.864+0530] {processor.py:186} INFO - Started process (PID=21995) to work on /home/sneha/spotify_airflow_project/venv/lib/python3.12/site-packages/airflow/example_dags/plugins/decreasing_priority_weight_strategy.py
[2025-12-16T11:09:58.865+0530] {processor.py:914} INFO - Processing file /home/sneha/spotify_airflow_project/venv/lib/python3.12/site-packages/airflow/example_dags/plugins/decreasing_priority_weight_strategy.py for tasks to queue
[2025-12-16T11:09:58.867+0530] {logging_mixin.py:190} INFO - [2025-12-16T11:09:58.866+0530] {dagbag.py:588} INFO - Filling up the DagBag from /home/sneha/spotify_airflow_project/venv/lib/python3.12/site-packages/airflow/example_dags/plugins/decreasing_priority_weight_strategy.py
[2025-12-16T11:09:58.869+0530] {processor.py:927} WARNING - No viable dags retrieved from /home/sneha/spotify_airflow_project/venv/lib/python3.12/site-packages/airflow/example_dags/plugins/decreasing_priority_weight_strategy.py
[2025-12-16T11:09:58.879+0530] {processor.py:208} INFO - Processing /home/sneha/spotify_airflow_project/venv/lib/python3.12/site-packages/airflow/example_dags/plugins/decreasing_priority_weight_strategy.py took 0.025 seconds
[2025-12-16T11:10:53.694+0530] {processor.py:186} INFO - Started process (PID=22056) to work on /home/sneha/spotify_airflow_project/venv/lib/python3.12/site-packages/airflow/example_dags/plugins/decreasing_priority_weight_strategy.py
[2025-12-16T11:10:53.705+0530] {processor.py:914} INFO - Processing file /home/sneha/spotify_airflow_project/venv/lib/python3.12/site-packages/airflow/example_dags/plugins/decreasing_priority_weight_strategy.py for tasks to queue
[2025-12-16T11:10:53.708+0530] {logging_mixin.py:190} INFO - [2025-12-16T11:10:53.707+0530] {dagbag.py:588} INFO - Filling up the DagBag from /home/sneha/spotify_airflow_project/venv/lib/python3.12/site-packages/airflow/example_dags/plugins/decreasing_priority_weight_strategy.py
[2025-12-16T11:10:53.711+0530] {processor.py:927} WARNING - No viable dags retrieved from /home/sneha/spotify_airflow_project/venv/lib/python3.12/site-packages/airflow/example_dags/plugins/decreasing_priority_weight_strategy.py
[2025-12-16T11:10:53.723+0530] {processor.py:208} INFO - Processing /home/sneha/spotify_airflow_project/venv/lib/python3.12/site-packages/airflow/example_dags/plugins/decreasing_priority_weight_strategy.py took 0.039 seconds
[2025-12-16T11:11:47.713+0530] {processor.py:186} INFO - Started process (PID=22115) to work on /home/sneha/spotify_airflow_project/venv/lib/python3.12/site-packages/airflow/example_dags/plugins/decreasing_priority_weight_strategy.py
[2025-12-16T11:11:47.714+0530] {processor.py:914} INFO - Processing file /home/sneha/spotify_airflow_project/venv/lib/python3.12/site-packages/airflow/example_dags/plugins/decreasing_priority_weight_strategy.py for tasks to queue
[2025-12-16T11:11:47.716+0530] {logging_mixin.py:190} INFO - [2025-12-16T11:11:47.715+0530] {dagbag.py:588} INFO - Filling up the DagBag from /home/sneha/spotify_airflow_project/venv/lib/python3.12/site-packages/airflow/example_dags/plugins/decreasing_priority_weight_strategy.py
[2025-12-16T11:11:47.718+0530] {processor.py:927} WARNING - No viable dags retrieved from /home/sneha/spotify_airflow_project/venv/lib/python3.12/site-packages/airflow/example_dags/plugins/decreasing_priority_weight_strategy.py
[2025-12-16T11:11:47.728+0530] {processor.py:208} INFO - Processing /home/sneha/spotify_airflow_project/venv/lib/python3.12/site-packages/airflow/example_dags/plugins/decreasing_priority_weight_strategy.py took 0.026 seconds
[2025-12-16T11:12:51.531+0530] {processor.py:186} INFO - Started process (PID=22195) to work on /home/sneha/spotify_airflow_project/venv/lib/python3.12/site-packages/airflow/example_dags/plugins/decreasing_priority_weight_strategy.py
[2025-12-16T11:12:51.533+0530] {processor.py:914} INFO - Processing file /home/sneha/spotify_airflow_project/venv/lib/python3.12/site-packages/airflow/example_dags/plugins/decreasing_priority_weight_strategy.py for tasks to queue
[2025-12-16T11:12:51.535+0530] {logging_mixin.py:190} INFO - [2025-12-16T11:12:51.534+0530] {dagbag.py:588} INFO - Filling up the DagBag from /home/sneha/spotify_airflow_project/venv/lib/python3.12/site-packages/airflow/example_dags/plugins/decreasing_priority_weight_strategy.py
[2025-12-16T11:12:51.537+0530] {processor.py:927} WARNING - No viable dags retrieved from /home/sneha/spotify_airflow_project/venv/lib/python3.12/site-packages/airflow/example_dags/plugins/decreasing_priority_weight_strategy.py
[2025-12-16T11:12:51.548+0530] {processor.py:208} INFO - Processing /home/sneha/spotify_airflow_project/venv/lib/python3.12/site-packages/airflow/example_dags/plugins/decreasing_priority_weight_strategy.py took 0.026 seconds
[2025-12-16T12:39:38.627+0530] {processor.py:186} INFO - Started process (PID=30304) to work on /home/sneha/spotify_airflow_project/venv/lib/python3.12/site-packages/airflow/example_dags/plugins/decreasing_priority_weight_strategy.py
[2025-12-16T12:39:38.628+0530] {processor.py:914} INFO - Processing file /home/sneha/spotify_airflow_project/venv/lib/python3.12/site-packages/airflow/example_dags/plugins/decreasing_priority_weight_strategy.py for tasks to queue
[2025-12-16T12:39:38.630+0530] {logging_mixin.py:190} INFO - [2025-12-16T12:39:38.629+0530] {dagbag.py:588} INFO - Filling up the DagBag from /home/sneha/spotify_airflow_project/venv/lib/python3.12/site-packages/airflow/example_dags/plugins/decreasing_priority_weight_strategy.py
[2025-12-16T12:39:38.632+0530] {processor.py:927} WARNING - No viable dags retrieved from /home/sneha/spotify_airflow_project/venv/lib/python3.12/site-packages/airflow/example_dags/plugins/decreasing_priority_weight_strategy.py
[2025-12-16T12:39:38.643+0530] {processor.py:208} INFO - Processing /home/sneha/spotify_airflow_project/venv/lib/python3.12/site-packages/airflow/example_dags/plugins/decreasing_priority_weight_strategy.py took 0.023 seconds
[2025-12-16T12:40:35.803+0530] {processor.py:186} INFO - Started process (PID=30702) to work on /home/sneha/spotify_airflow_project/venv/lib/python3.12/site-packages/airflow/example_dags/plugins/decreasing_priority_weight_strategy.py
[2025-12-16T12:40:35.804+0530] {processor.py:914} INFO - Processing file /home/sneha/spotify_airflow_project/venv/lib/python3.12/site-packages/airflow/example_dags/plugins/decreasing_priority_weight_strategy.py for tasks to queue
[2025-12-16T12:40:35.805+0530] {logging_mixin.py:190} INFO - [2025-12-16T12:40:35.805+0530] {dagbag.py:588} INFO - Filling up the DagBag from /home/sneha/spotify_airflow_project/venv/lib/python3.12/site-packages/airflow/example_dags/plugins/decreasing_priority_weight_strategy.py
[2025-12-16T12:40:35.807+0530] {processor.py:927} WARNING - No viable dags retrieved from /home/sneha/spotify_airflow_project/venv/lib/python3.12/site-packages/airflow/example_dags/plugins/decreasing_priority_weight_strategy.py
[2025-12-16T12:40:35.819+0530] {processor.py:208} INFO - Processing /home/sneha/spotify_airflow_project/venv/lib/python3.12/site-packages/airflow/example_dags/plugins/decreasing_priority_weight_strategy.py took 0.023 seconds
[2025-12-16T12:41:33.838+0530] {processor.py:186} INFO - Started process (PID=31121) to work on /home/sneha/spotify_airflow_project/venv/lib/python3.12/site-packages/airflow/example_dags/plugins/decreasing_priority_weight_strategy.py
[2025-12-16T12:41:33.839+0530] {processor.py:914} INFO - Processing file /home/sneha/spotify_airflow_project/venv/lib/python3.12/site-packages/airflow/example_dags/plugins/decreasing_priority_weight_strategy.py for tasks to queue
[2025-12-16T12:41:33.840+0530] {logging_mixin.py:190} INFO - [2025-12-16T12:41:33.840+0530] {dagbag.py:588} INFO - Filling up the DagBag from /home/sneha/spotify_airflow_project/venv/lib/python3.12/site-packages/airflow/example_dags/plugins/decreasing_priority_weight_strategy.py
[2025-12-16T12:41:33.842+0530] {processor.py:927} WARNING - No viable dags retrieved from /home/sneha/spotify_airflow_project/venv/lib/python3.12/site-packages/airflow/example_dags/plugins/decreasing_priority_weight_strategy.py
[2025-12-16T12:41:33.854+0530] {processor.py:208} INFO - Processing /home/sneha/spotify_airflow_project/venv/lib/python3.12/site-packages/airflow/example_dags/plugins/decreasing_priority_weight_strategy.py took 0.023 seconds
[2025-12-16T12:42:34.025+0530] {processor.py:186} INFO - Started process (PID=31559) to work on /home/sneha/spotify_airflow_project/venv/lib/python3.12/site-packages/airflow/example_dags/plugins/decreasing_priority_weight_strategy.py
[2025-12-16T12:42:34.026+0530] {processor.py:914} INFO - Processing file /home/sneha/spotify_airflow_project/venv/lib/python3.12/site-packages/airflow/example_dags/plugins/decreasing_priority_weight_strategy.py for tasks to queue
[2025-12-16T12:42:34.028+0530] {logging_mixin.py:190} INFO - [2025-12-16T12:42:34.027+0530] {dagbag.py:588} INFO - Filling up the DagBag from /home/sneha/spotify_airflow_project/venv/lib/python3.12/site-packages/airflow/example_dags/plugins/decreasing_priority_weight_strategy.py
[2025-12-16T12:42:34.030+0530] {processor.py:927} WARNING - No viable dags retrieved from /home/sneha/spotify_airflow_project/venv/lib/python3.12/site-packages/airflow/example_dags/plugins/decreasing_priority_weight_strategy.py
[2025-12-16T12:42:34.041+0530] {processor.py:208} INFO - Processing /home/sneha/spotify_airflow_project/venv/lib/python3.12/site-packages/airflow/example_dags/plugins/decreasing_priority_weight_strategy.py took 0.025 seconds
[2025-12-16T12:45:13.500+0530] {processor.py:186} INFO - Started process (PID=33872) to work on /home/sneha/spotify_airflow_project/venv/lib/python3.12/site-packages/airflow/example_dags/plugins/decreasing_priority_weight_strategy.py
[2025-12-16T12:45:13.501+0530] {processor.py:914} INFO - Processing file /home/sneha/spotify_airflow_project/venv/lib/python3.12/site-packages/airflow/example_dags/plugins/decreasing_priority_weight_strategy.py for tasks to queue
[2025-12-16T12:45:13.502+0530] {logging_mixin.py:190} INFO - [2025-12-16T12:45:13.502+0530] {dagbag.py:588} INFO - Filling up the DagBag from /home/sneha/spotify_airflow_project/venv/lib/python3.12/site-packages/airflow/example_dags/plugins/decreasing_priority_weight_strategy.py
[2025-12-16T12:45:13.505+0530] {processor.py:927} WARNING - No viable dags retrieved from /home/sneha/spotify_airflow_project/venv/lib/python3.12/site-packages/airflow/example_dags/plugins/decreasing_priority_weight_strategy.py
[2025-12-16T12:45:13.516+0530] {processor.py:208} INFO - Processing /home/sneha/spotify_airflow_project/venv/lib/python3.12/site-packages/airflow/example_dags/plugins/decreasing_priority_weight_strategy.py took 0.026 seconds
[2025-12-16T12:45:51.031+0530] {processor.py:186} INFO - Started process (PID=33990) to work on /home/sneha/spotify_airflow_project/venv/lib/python3.12/site-packages/airflow/example_dags/plugins/decreasing_priority_weight_strategy.py
[2025-12-16T12:45:51.033+0530] {processor.py:914} INFO - Processing file /home/sneha/spotify_airflow_project/venv/lib/python3.12/site-packages/airflow/example_dags/plugins/decreasing_priority_weight_strategy.py for tasks to queue
[2025-12-16T12:45:51.035+0530] {logging_mixin.py:190} INFO - [2025-12-16T12:45:51.034+0530] {dagbag.py:588} INFO - Filling up the DagBag from /home/sneha/spotify_airflow_project/venv/lib/python3.12/site-packages/airflow/example_dags/plugins/decreasing_priority_weight_strategy.py
[2025-12-16T12:45:51.039+0530] {processor.py:927} WARNING - No viable dags retrieved from /home/sneha/spotify_airflow_project/venv/lib/python3.12/site-packages/airflow/example_dags/plugins/decreasing_priority_weight_strategy.py
[2025-12-16T12:45:51.056+0530] {processor.py:208} INFO - Processing /home/sneha/spotify_airflow_project/venv/lib/python3.12/site-packages/airflow/example_dags/plugins/decreasing_priority_weight_strategy.py took 0.034 seconds
[2025-12-16T12:46:48.058+0530] {processor.py:186} INFO - Started process (PID=34048) to work on /home/sneha/spotify_airflow_project/venv/lib/python3.12/site-packages/airflow/example_dags/plugins/decreasing_priority_weight_strategy.py
[2025-12-16T12:46:48.059+0530] {processor.py:914} INFO - Processing file /home/sneha/spotify_airflow_project/venv/lib/python3.12/site-packages/airflow/example_dags/plugins/decreasing_priority_weight_strategy.py for tasks to queue
[2025-12-16T12:46:48.060+0530] {logging_mixin.py:190} INFO - [2025-12-16T12:46:48.060+0530] {dagbag.py:588} INFO - Filling up the DagBag from /home/sneha/spotify_airflow_project/venv/lib/python3.12/site-packages/airflow/example_dags/plugins/decreasing_priority_weight_strategy.py
[2025-12-16T12:46:48.062+0530] {processor.py:927} WARNING - No viable dags retrieved from /home/sneha/spotify_airflow_project/venv/lib/python3.12/site-packages/airflow/example_dags/plugins/decreasing_priority_weight_strategy.py
[2025-12-16T12:46:48.072+0530] {processor.py:208} INFO - Processing /home/sneha/spotify_airflow_project/venv/lib/python3.12/site-packages/airflow/example_dags/plugins/decreasing_priority_weight_strategy.py took 0.025 seconds
[2025-12-16T12:47:42.018+0530] {processor.py:186} INFO - Started process (PID=34125) to work on /home/sneha/spotify_airflow_project/venv/lib/python3.12/site-packages/airflow/example_dags/plugins/decreasing_priority_weight_strategy.py
[2025-12-16T12:47:42.029+0530] {processor.py:914} INFO - Processing file /home/sneha/spotify_airflow_project/venv/lib/python3.12/site-packages/airflow/example_dags/plugins/decreasing_priority_weight_strategy.py for tasks to queue
[2025-12-16T12:47:42.031+0530] {logging_mixin.py:190} INFO - [2025-12-16T12:47:42.030+0530] {dagbag.py:588} INFO - Filling up the DagBag from /home/sneha/spotify_airflow_project/venv/lib/python3.12/site-packages/airflow/example_dags/plugins/decreasing_priority_weight_strategy.py
[2025-12-16T12:47:42.034+0530] {processor.py:927} WARNING - No viable dags retrieved from /home/sneha/spotify_airflow_project/venv/lib/python3.12/site-packages/airflow/example_dags/plugins/decreasing_priority_weight_strategy.py
[2025-12-16T12:47:42.051+0530] {processor.py:208} INFO - Processing /home/sneha/spotify_airflow_project/venv/lib/python3.12/site-packages/airflow/example_dags/plugins/decreasing_priority_weight_strategy.py took 0.044 seconds
[2025-12-16T12:48:37.452+0530] {processor.py:186} INFO - Started process (PID=34187) to work on /home/sneha/spotify_airflow_project/venv/lib/python3.12/site-packages/airflow/example_dags/plugins/decreasing_priority_weight_strategy.py
[2025-12-16T12:48:37.453+0530] {processor.py:914} INFO - Processing file /home/sneha/spotify_airflow_project/venv/lib/python3.12/site-packages/airflow/example_dags/plugins/decreasing_priority_weight_strategy.py for tasks to queue
[2025-12-16T12:48:37.455+0530] {logging_mixin.py:190} INFO - [2025-12-16T12:48:37.454+0530] {dagbag.py:588} INFO - Filling up the DagBag from /home/sneha/spotify_airflow_project/venv/lib/python3.12/site-packages/airflow/example_dags/plugins/decreasing_priority_weight_strategy.py
[2025-12-16T12:48:37.457+0530] {processor.py:927} WARNING - No viable dags retrieved from /home/sneha/spotify_airflow_project/venv/lib/python3.12/site-packages/airflow/example_dags/plugins/decreasing_priority_weight_strategy.py
[2025-12-16T12:48:37.470+0530] {processor.py:208} INFO - Processing /home/sneha/spotify_airflow_project/venv/lib/python3.12/site-packages/airflow/example_dags/plugins/decreasing_priority_weight_strategy.py took 0.024 seconds
[2025-12-16T12:49:34.713+0530] {processor.py:186} INFO - Started process (PID=34249) to work on /home/sneha/spotify_airflow_project/venv/lib/python3.12/site-packages/airflow/example_dags/plugins/decreasing_priority_weight_strategy.py
[2025-12-16T12:49:34.714+0530] {processor.py:914} INFO - Processing file /home/sneha/spotify_airflow_project/venv/lib/python3.12/site-packages/airflow/example_dags/plugins/decreasing_priority_weight_strategy.py for tasks to queue
[2025-12-16T12:49:34.715+0530] {logging_mixin.py:190} INFO - [2025-12-16T12:49:34.714+0530] {dagbag.py:588} INFO - Filling up the DagBag from /home/sneha/spotify_airflow_project/venv/lib/python3.12/site-packages/airflow/example_dags/plugins/decreasing_priority_weight_strategy.py
[2025-12-16T12:49:34.717+0530] {processor.py:927} WARNING - No viable dags retrieved from /home/sneha/spotify_airflow_project/venv/lib/python3.12/site-packages/airflow/example_dags/plugins/decreasing_priority_weight_strategy.py
[2025-12-16T12:49:34.728+0530] {processor.py:208} INFO - Processing /home/sneha/spotify_airflow_project/venv/lib/python3.12/site-packages/airflow/example_dags/plugins/decreasing_priority_weight_strategy.py took 0.024 seconds
[2025-12-16T12:50:28.870+0530] {processor.py:186} INFO - Started process (PID=34425) to work on /home/sneha/spotify_airflow_project/venv/lib/python3.12/site-packages/airflow/example_dags/plugins/decreasing_priority_weight_strategy.py
[2025-12-16T12:50:28.879+0530] {processor.py:914} INFO - Processing file /home/sneha/spotify_airflow_project/venv/lib/python3.12/site-packages/airflow/example_dags/plugins/decreasing_priority_weight_strategy.py for tasks to queue
[2025-12-16T12:50:28.892+0530] {logging_mixin.py:190} INFO - [2025-12-16T12:50:28.888+0530] {dagbag.py:588} INFO - Filling up the DagBag from /home/sneha/spotify_airflow_project/venv/lib/python3.12/site-packages/airflow/example_dags/plugins/decreasing_priority_weight_strategy.py
[2025-12-16T12:50:28.912+0530] {processor.py:927} WARNING - No viable dags retrieved from /home/sneha/spotify_airflow_project/venv/lib/python3.12/site-packages/airflow/example_dags/plugins/decreasing_priority_weight_strategy.py
[2025-12-16T12:50:29.007+0530] {processor.py:208} INFO - Processing /home/sneha/spotify_airflow_project/venv/lib/python3.12/site-packages/airflow/example_dags/plugins/decreasing_priority_weight_strategy.py took 0.194 seconds
[2025-12-16T12:51:27.293+0530] {processor.py:186} INFO - Started process (PID=34549) to work on /home/sneha/spotify_airflow_project/venv/lib/python3.12/site-packages/airflow/example_dags/plugins/decreasing_priority_weight_strategy.py
[2025-12-16T12:51:27.295+0530] {processor.py:914} INFO - Processing file /home/sneha/spotify_airflow_project/venv/lib/python3.12/site-packages/airflow/example_dags/plugins/decreasing_priority_weight_strategy.py for tasks to queue
[2025-12-16T12:51:27.297+0530] {logging_mixin.py:190} INFO - [2025-12-16T12:51:27.296+0530] {dagbag.py:588} INFO - Filling up the DagBag from /home/sneha/spotify_airflow_project/venv/lib/python3.12/site-packages/airflow/example_dags/plugins/decreasing_priority_weight_strategy.py
[2025-12-16T12:51:27.300+0530] {processor.py:927} WARNING - No viable dags retrieved from /home/sneha/spotify_airflow_project/venv/lib/python3.12/site-packages/airflow/example_dags/plugins/decreasing_priority_weight_strategy.py
[2025-12-16T12:51:27.314+0530] {processor.py:208} INFO - Processing /home/sneha/spotify_airflow_project/venv/lib/python3.12/site-packages/airflow/example_dags/plugins/decreasing_priority_weight_strategy.py took 0.029 seconds
[2025-12-16T12:52:20.148+0530] {processor.py:186} INFO - Started process (PID=35228) to work on /home/sneha/spotify_airflow_project/venv/lib/python3.12/site-packages/airflow/example_dags/plugins/decreasing_priority_weight_strategy.py
[2025-12-16T12:52:20.150+0530] {processor.py:914} INFO - Processing file /home/sneha/spotify_airflow_project/venv/lib/python3.12/site-packages/airflow/example_dags/plugins/decreasing_priority_weight_strategy.py for tasks to queue
[2025-12-16T12:52:20.151+0530] {logging_mixin.py:190} INFO - [2025-12-16T12:52:20.150+0530] {dagbag.py:588} INFO - Filling up the DagBag from /home/sneha/spotify_airflow_project/venv/lib/python3.12/site-packages/airflow/example_dags/plugins/decreasing_priority_weight_strategy.py
[2025-12-16T12:52:20.153+0530] {processor.py:927} WARNING - No viable dags retrieved from /home/sneha/spotify_airflow_project/venv/lib/python3.12/site-packages/airflow/example_dags/plugins/decreasing_priority_weight_strategy.py
[2025-12-16T12:52:20.164+0530] {processor.py:208} INFO - Processing /home/sneha/spotify_airflow_project/venv/lib/python3.12/site-packages/airflow/example_dags/plugins/decreasing_priority_weight_strategy.py took 0.023 seconds
[2025-12-16T12:53:13.153+0530] {processor.py:186} INFO - Started process (PID=35598) to work on /home/sneha/spotify_airflow_project/venv/lib/python3.12/site-packages/airflow/example_dags/plugins/decreasing_priority_weight_strategy.py
[2025-12-16T12:53:13.155+0530] {processor.py:914} INFO - Processing file /home/sneha/spotify_airflow_project/venv/lib/python3.12/site-packages/airflow/example_dags/plugins/decreasing_priority_weight_strategy.py for tasks to queue
[2025-12-16T12:53:13.156+0530] {logging_mixin.py:190} INFO - [2025-12-16T12:53:13.155+0530] {dagbag.py:588} INFO - Filling up the DagBag from /home/sneha/spotify_airflow_project/venv/lib/python3.12/site-packages/airflow/example_dags/plugins/decreasing_priority_weight_strategy.py
[2025-12-16T12:53:13.158+0530] {processor.py:927} WARNING - No viable dags retrieved from /home/sneha/spotify_airflow_project/venv/lib/python3.12/site-packages/airflow/example_dags/plugins/decreasing_priority_weight_strategy.py
[2025-12-16T12:53:13.169+0530] {processor.py:208} INFO - Processing /home/sneha/spotify_airflow_project/venv/lib/python3.12/site-packages/airflow/example_dags/plugins/decreasing_priority_weight_strategy.py took 0.026 seconds
[2025-12-16T12:54:06.883+0530] {processor.py:186} INFO - Started process (PID=35988) to work on /home/sneha/spotify_airflow_project/venv/lib/python3.12/site-packages/airflow/example_dags/plugins/decreasing_priority_weight_strategy.py
[2025-12-16T12:54:06.884+0530] {processor.py:914} INFO - Processing file /home/sneha/spotify_airflow_project/venv/lib/python3.12/site-packages/airflow/example_dags/plugins/decreasing_priority_weight_strategy.py for tasks to queue
[2025-12-16T12:54:06.886+0530] {logging_mixin.py:190} INFO - [2025-12-16T12:54:06.885+0530] {dagbag.py:588} INFO - Filling up the DagBag from /home/sneha/spotify_airflow_project/venv/lib/python3.12/site-packages/airflow/example_dags/plugins/decreasing_priority_weight_strategy.py
[2025-12-16T12:54:06.888+0530] {processor.py:927} WARNING - No viable dags retrieved from /home/sneha/spotify_airflow_project/venv/lib/python3.12/site-packages/airflow/example_dags/plugins/decreasing_priority_weight_strategy.py
[2025-12-16T12:54:06.899+0530] {processor.py:208} INFO - Processing /home/sneha/spotify_airflow_project/venv/lib/python3.12/site-packages/airflow/example_dags/plugins/decreasing_priority_weight_strategy.py took 0.026 seconds
[2025-12-16T12:55:02.802+0530] {processor.py:186} INFO - Started process (PID=36378) to work on /home/sneha/spotify_airflow_project/venv/lib/python3.12/site-packages/airflow/example_dags/plugins/decreasing_priority_weight_strategy.py
[2025-12-16T12:55:02.803+0530] {processor.py:914} INFO - Processing file /home/sneha/spotify_airflow_project/venv/lib/python3.12/site-packages/airflow/example_dags/plugins/decreasing_priority_weight_strategy.py for tasks to queue
[2025-12-16T12:55:02.805+0530] {logging_mixin.py:190} INFO - [2025-12-16T12:55:02.804+0530] {dagbag.py:588} INFO - Filling up the DagBag from /home/sneha/spotify_airflow_project/venv/lib/python3.12/site-packages/airflow/example_dags/plugins/decreasing_priority_weight_strategy.py
[2025-12-16T12:55:02.807+0530] {processor.py:927} WARNING - No viable dags retrieved from /home/sneha/spotify_airflow_project/venv/lib/python3.12/site-packages/airflow/example_dags/plugins/decreasing_priority_weight_strategy.py
[2025-12-16T12:55:02.818+0530] {processor.py:208} INFO - Processing /home/sneha/spotify_airflow_project/venv/lib/python3.12/site-packages/airflow/example_dags/plugins/decreasing_priority_weight_strategy.py took 0.024 seconds
[2025-12-16T12:55:57.634+0530] {processor.py:186} INFO - Started process (PID=36769) to work on /home/sneha/spotify_airflow_project/venv/lib/python3.12/site-packages/airflow/example_dags/plugins/decreasing_priority_weight_strategy.py
[2025-12-16T12:55:57.635+0530] {processor.py:914} INFO - Processing file /home/sneha/spotify_airflow_project/venv/lib/python3.12/site-packages/airflow/example_dags/plugins/decreasing_priority_weight_strategy.py for tasks to queue
[2025-12-16T12:55:57.637+0530] {logging_mixin.py:190} INFO - [2025-12-16T12:55:57.637+0530] {dagbag.py:588} INFO - Filling up the DagBag from /home/sneha/spotify_airflow_project/venv/lib/python3.12/site-packages/airflow/example_dags/plugins/decreasing_priority_weight_strategy.py
[2025-12-16T12:55:57.640+0530] {processor.py:927} WARNING - No viable dags retrieved from /home/sneha/spotify_airflow_project/venv/lib/python3.12/site-packages/airflow/example_dags/plugins/decreasing_priority_weight_strategy.py
[2025-12-16T12:55:57.654+0530] {processor.py:208} INFO - Processing /home/sneha/spotify_airflow_project/venv/lib/python3.12/site-packages/airflow/example_dags/plugins/decreasing_priority_weight_strategy.py took 0.029 seconds
[2025-12-16T12:56:55.702+0530] {processor.py:186} INFO - Started process (PID=37184) to work on /home/sneha/spotify_airflow_project/venv/lib/python3.12/site-packages/airflow/example_dags/plugins/decreasing_priority_weight_strategy.py
[2025-12-16T12:56:55.703+0530] {processor.py:914} INFO - Processing file /home/sneha/spotify_airflow_project/venv/lib/python3.12/site-packages/airflow/example_dags/plugins/decreasing_priority_weight_strategy.py for tasks to queue
[2025-12-16T12:56:55.704+0530] {logging_mixin.py:190} INFO - [2025-12-16T12:56:55.704+0530] {dagbag.py:588} INFO - Filling up the DagBag from /home/sneha/spotify_airflow_project/venv/lib/python3.12/site-packages/airflow/example_dags/plugins/decreasing_priority_weight_strategy.py
[2025-12-16T12:56:55.707+0530] {processor.py:927} WARNING - No viable dags retrieved from /home/sneha/spotify_airflow_project/venv/lib/python3.12/site-packages/airflow/example_dags/plugins/decreasing_priority_weight_strategy.py
[2025-12-16T12:56:55.718+0530] {processor.py:208} INFO - Processing /home/sneha/spotify_airflow_project/venv/lib/python3.12/site-packages/airflow/example_dags/plugins/decreasing_priority_weight_strategy.py took 0.023 seconds
[2025-12-16T12:57:38.615+0530] {processor.py:186} INFO - Started process (PID=37782) to work on /home/sneha/spotify_airflow_project/venv/lib/python3.12/site-packages/airflow/example_dags/plugins/decreasing_priority_weight_strategy.py
[2025-12-16T12:57:38.626+0530] {processor.py:914} INFO - Processing file /home/sneha/spotify_airflow_project/venv/lib/python3.12/site-packages/airflow/example_dags/plugins/decreasing_priority_weight_strategy.py for tasks to queue
[2025-12-16T12:57:38.627+0530] {logging_mixin.py:190} INFO - [2025-12-16T12:57:38.627+0530] {dagbag.py:588} INFO - Filling up the DagBag from /home/sneha/spotify_airflow_project/venv/lib/python3.12/site-packages/airflow/example_dags/plugins/decreasing_priority_weight_strategy.py
[2025-12-16T12:57:38.630+0530] {processor.py:927} WARNING - No viable dags retrieved from /home/sneha/spotify_airflow_project/venv/lib/python3.12/site-packages/airflow/example_dags/plugins/decreasing_priority_weight_strategy.py
[2025-12-16T12:57:38.640+0530] {processor.py:208} INFO - Processing /home/sneha/spotify_airflow_project/venv/lib/python3.12/site-packages/airflow/example_dags/plugins/decreasing_priority_weight_strategy.py took 0.032 seconds
[2025-12-16T12:58:20.131+0530] {processor.py:186} INFO - Started process (PID=37870) to work on /home/sneha/spotify_airflow_project/venv/lib/python3.12/site-packages/airflow/example_dags/plugins/decreasing_priority_weight_strategy.py
[2025-12-16T12:58:20.132+0530] {processor.py:914} INFO - Processing file /home/sneha/spotify_airflow_project/venv/lib/python3.12/site-packages/airflow/example_dags/plugins/decreasing_priority_weight_strategy.py for tasks to queue
[2025-12-16T12:58:20.133+0530] {logging_mixin.py:190} INFO - [2025-12-16T12:58:20.133+0530] {dagbag.py:588} INFO - Filling up the DagBag from /home/sneha/spotify_airflow_project/venv/lib/python3.12/site-packages/airflow/example_dags/plugins/decreasing_priority_weight_strategy.py
[2025-12-16T12:58:20.135+0530] {processor.py:927} WARNING - No viable dags retrieved from /home/sneha/spotify_airflow_project/venv/lib/python3.12/site-packages/airflow/example_dags/plugins/decreasing_priority_weight_strategy.py
[2025-12-16T12:58:20.146+0530] {processor.py:208} INFO - Processing /home/sneha/spotify_airflow_project/venv/lib/python3.12/site-packages/airflow/example_dags/plugins/decreasing_priority_weight_strategy.py took 0.022 seconds
[2025-12-16T12:59:14.266+0530] {processor.py:186} INFO - Started process (PID=38022) to work on /home/sneha/spotify_airflow_project/venv/lib/python3.12/site-packages/airflow/example_dags/plugins/decreasing_priority_weight_strategy.py
[2025-12-16T12:59:14.267+0530] {processor.py:914} INFO - Processing file /home/sneha/spotify_airflow_project/venv/lib/python3.12/site-packages/airflow/example_dags/plugins/decreasing_priority_weight_strategy.py for tasks to queue
[2025-12-16T12:59:14.269+0530] {logging_mixin.py:190} INFO - [2025-12-16T12:59:14.268+0530] {dagbag.py:588} INFO - Filling up the DagBag from /home/sneha/spotify_airflow_project/venv/lib/python3.12/site-packages/airflow/example_dags/plugins/decreasing_priority_weight_strategy.py
[2025-12-16T12:59:14.271+0530] {processor.py:927} WARNING - No viable dags retrieved from /home/sneha/spotify_airflow_project/venv/lib/python3.12/site-packages/airflow/example_dags/plugins/decreasing_priority_weight_strategy.py
[2025-12-16T12:59:14.283+0530] {processor.py:208} INFO - Processing /home/sneha/spotify_airflow_project/venv/lib/python3.12/site-packages/airflow/example_dags/plugins/decreasing_priority_weight_strategy.py took 0.025 seconds
[2025-12-16T13:00:13.922+0530] {processor.py:186} INFO - Started process (PID=38213) to work on /home/sneha/spotify_airflow_project/venv/lib/python3.12/site-packages/airflow/example_dags/plugins/decreasing_priority_weight_strategy.py
[2025-12-16T13:00:13.924+0530] {processor.py:914} INFO - Processing file /home/sneha/spotify_airflow_project/venv/lib/python3.12/site-packages/airflow/example_dags/plugins/decreasing_priority_weight_strategy.py for tasks to queue
[2025-12-16T13:00:13.925+0530] {logging_mixin.py:190} INFO - [2025-12-16T13:00:13.925+0530] {dagbag.py:588} INFO - Filling up the DagBag from /home/sneha/spotify_airflow_project/venv/lib/python3.12/site-packages/airflow/example_dags/plugins/decreasing_priority_weight_strategy.py
[2025-12-16T13:00:13.928+0530] {processor.py:927} WARNING - No viable dags retrieved from /home/sneha/spotify_airflow_project/venv/lib/python3.12/site-packages/airflow/example_dags/plugins/decreasing_priority_weight_strategy.py
[2025-12-16T13:00:13.940+0530] {processor.py:208} INFO - Processing /home/sneha/spotify_airflow_project/venv/lib/python3.12/site-packages/airflow/example_dags/plugins/decreasing_priority_weight_strategy.py took 0.025 seconds
