[2026-01-08T11:19:35.525+0530] {processor.py:186} INFO - Started process (PID=12328) to work on /home/sneha/spotify_airflow_project/venv/lib/python3.12/site-packages/airflow/example_dags/example_branch_operator_decorator.py
[2026-01-08T11:19:35.527+0530] {processor.py:914} INFO - Processing file /home/sneha/spotify_airflow_project/venv/lib/python3.12/site-packages/airflow/example_dags/example_branch_operator_decorator.py for tasks to queue
[2026-01-08T11:19:35.529+0530] {logging_mixin.py:190} INFO - [2026-01-08T11:19:35.528+0530] {dagbag.py:588} INFO - Filling up the DagBag from /home/sneha/spotify_airflow_project/venv/lib/python3.12/site-packages/airflow/example_dags/example_branch_operator_decorator.py
[2026-01-08T11:19:35.534+0530] {processor.py:927} WARNING - No viable dags retrieved from /home/sneha/spotify_airflow_project/venv/lib/python3.12/site-packages/airflow/example_dags/example_branch_operator_decorator.py
[2026-01-08T11:19:35.554+0530] {processor.py:208} INFO - Processing /home/sneha/spotify_airflow_project/venv/lib/python3.12/site-packages/airflow/example_dags/example_branch_operator_decorator.py took 0.040 seconds
[2026-01-08T11:20:39.800+0530] {processor.py:186} INFO - Started process (PID=12395) to work on /home/sneha/spotify_airflow_project/venv/lib/python3.12/site-packages/airflow/example_dags/example_branch_operator_decorator.py
[2026-01-08T11:20:39.802+0530] {processor.py:914} INFO - Processing file /home/sneha/spotify_airflow_project/venv/lib/python3.12/site-packages/airflow/example_dags/example_branch_operator_decorator.py for tasks to queue
[2026-01-08T11:20:39.804+0530] {logging_mixin.py:190} INFO - [2026-01-08T11:20:39.803+0530] {dagbag.py:588} INFO - Filling up the DagBag from /home/sneha/spotify_airflow_project/venv/lib/python3.12/site-packages/airflow/example_dags/example_branch_operator_decorator.py
[2026-01-08T11:20:39.808+0530] {processor.py:927} WARNING - No viable dags retrieved from /home/sneha/spotify_airflow_project/venv/lib/python3.12/site-packages/airflow/example_dags/example_branch_operator_decorator.py
[2026-01-08T11:20:39.824+0530] {processor.py:208} INFO - Processing /home/sneha/spotify_airflow_project/venv/lib/python3.12/site-packages/airflow/example_dags/example_branch_operator_decorator.py took 0.035 seconds
[2026-01-08T11:24:10.065+0530] {processor.py:186} INFO - Started process (PID=17818) to work on /home/sneha/spotify_airflow_project/venv/lib/python3.12/site-packages/airflow/example_dags/example_branch_operator_decorator.py
[2026-01-08T11:24:10.067+0530] {processor.py:914} INFO - Processing file /home/sneha/spotify_airflow_project/venv/lib/python3.12/site-packages/airflow/example_dags/example_branch_operator_decorator.py for tasks to queue
[2026-01-08T11:24:10.068+0530] {logging_mixin.py:190} INFO - [2026-01-08T11:24:10.068+0530] {dagbag.py:588} INFO - Filling up the DagBag from /home/sneha/spotify_airflow_project/venv/lib/python3.12/site-packages/airflow/example_dags/example_branch_operator_decorator.py
[2026-01-08T11:24:10.072+0530] {processor.py:927} WARNING - No viable dags retrieved from /home/sneha/spotify_airflow_project/venv/lib/python3.12/site-packages/airflow/example_dags/example_branch_operator_decorator.py
[2026-01-08T11:24:10.090+0530] {processor.py:208} INFO - Processing /home/sneha/spotify_airflow_project/venv/lib/python3.12/site-packages/airflow/example_dags/example_branch_operator_decorator.py took 0.036 seconds
[2026-01-08T11:25:14.339+0530] {processor.py:186} INFO - Started process (PID=17914) to work on /home/sneha/spotify_airflow_project/venv/lib/python3.12/site-packages/airflow/example_dags/example_branch_operator_decorator.py
[2026-01-08T11:25:14.346+0530] {processor.py:914} INFO - Processing file /home/sneha/spotify_airflow_project/venv/lib/python3.12/site-packages/airflow/example_dags/example_branch_operator_decorator.py for tasks to queue
[2026-01-08T11:25:14.349+0530] {logging_mixin.py:190} INFO - [2026-01-08T11:25:14.348+0530] {dagbag.py:588} INFO - Filling up the DagBag from /home/sneha/spotify_airflow_project/venv/lib/python3.12/site-packages/airflow/example_dags/example_branch_operator_decorator.py
[2026-01-08T11:25:14.353+0530] {processor.py:927} WARNING - No viable dags retrieved from /home/sneha/spotify_airflow_project/venv/lib/python3.12/site-packages/airflow/example_dags/example_branch_operator_decorator.py
[2026-01-08T11:25:14.370+0530] {processor.py:208} INFO - Processing /home/sneha/spotify_airflow_project/venv/lib/python3.12/site-packages/airflow/example_dags/example_branch_operator_decorator.py took 0.041 seconds
[2026-01-08T11:26:17.250+0530] {processor.py:186} INFO - Started process (PID=17978) to work on /home/sneha/spotify_airflow_project/venv/lib/python3.12/site-packages/airflow/example_dags/example_branch_operator_decorator.py
[2026-01-08T11:26:17.252+0530] {processor.py:914} INFO - Processing file /home/sneha/spotify_airflow_project/venv/lib/python3.12/site-packages/airflow/example_dags/example_branch_operator_decorator.py for tasks to queue
[2026-01-08T11:26:17.254+0530] {logging_mixin.py:190} INFO - [2026-01-08T11:26:17.253+0530] {dagbag.py:588} INFO - Filling up the DagBag from /home/sneha/spotify_airflow_project/venv/lib/python3.12/site-packages/airflow/example_dags/example_branch_operator_decorator.py
[2026-01-08T11:26:17.258+0530] {processor.py:927} WARNING - No viable dags retrieved from /home/sneha/spotify_airflow_project/venv/lib/python3.12/site-packages/airflow/example_dags/example_branch_operator_decorator.py
[2026-01-08T11:26:17.276+0530] {processor.py:208} INFO - Processing /home/sneha/spotify_airflow_project/venv/lib/python3.12/site-packages/airflow/example_dags/example_branch_operator_decorator.py took 0.039 seconds
[2026-01-08T11:27:26.601+0530] {processor.py:186} INFO - Started process (PID=18045) to work on /home/sneha/spotify_airflow_project/venv/lib/python3.12/site-packages/airflow/example_dags/example_branch_operator_decorator.py
[2026-01-08T11:27:26.602+0530] {processor.py:914} INFO - Processing file /home/sneha/spotify_airflow_project/venv/lib/python3.12/site-packages/airflow/example_dags/example_branch_operator_decorator.py for tasks to queue
[2026-01-08T11:27:26.604+0530] {logging_mixin.py:190} INFO - [2026-01-08T11:27:26.603+0530] {dagbag.py:588} INFO - Filling up the DagBag from /home/sneha/spotify_airflow_project/venv/lib/python3.12/site-packages/airflow/example_dags/example_branch_operator_decorator.py
[2026-01-08T11:27:26.608+0530] {processor.py:927} WARNING - No viable dags retrieved from /home/sneha/spotify_airflow_project/venv/lib/python3.12/site-packages/airflow/example_dags/example_branch_operator_decorator.py
[2026-01-08T11:27:26.624+0530] {processor.py:208} INFO - Processing /home/sneha/spotify_airflow_project/venv/lib/python3.12/site-packages/airflow/example_dags/example_branch_operator_decorator.py took 0.035 seconds
[2026-01-08T11:28:26.364+0530] {processor.py:186} INFO - Started process (PID=18132) to work on /home/sneha/spotify_airflow_project/venv/lib/python3.12/site-packages/airflow/example_dags/example_branch_operator_decorator.py
[2026-01-08T11:28:26.375+0530] {processor.py:914} INFO - Processing file /home/sneha/spotify_airflow_project/venv/lib/python3.12/site-packages/airflow/example_dags/example_branch_operator_decorator.py for tasks to queue
[2026-01-08T11:28:26.377+0530] {logging_mixin.py:190} INFO - [2026-01-08T11:28:26.376+0530] {dagbag.py:588} INFO - Filling up the DagBag from /home/sneha/spotify_airflow_project/venv/lib/python3.12/site-packages/airflow/example_dags/example_branch_operator_decorator.py
[2026-01-08T11:28:26.381+0530] {processor.py:927} WARNING - No viable dags retrieved from /home/sneha/spotify_airflow_project/venv/lib/python3.12/site-packages/airflow/example_dags/example_branch_operator_decorator.py
[2026-01-08T11:28:26.400+0530] {processor.py:208} INFO - Processing /home/sneha/spotify_airflow_project/venv/lib/python3.12/site-packages/airflow/example_dags/example_branch_operator_decorator.py took 0.048 seconds
[2026-01-08T11:29:27.567+0530] {processor.py:186} INFO - Started process (PID=18193) to work on /home/sneha/spotify_airflow_project/venv/lib/python3.12/site-packages/airflow/example_dags/example_branch_operator_decorator.py
[2026-01-08T11:29:27.579+0530] {processor.py:914} INFO - Processing file /home/sneha/spotify_airflow_project/venv/lib/python3.12/site-packages/airflow/example_dags/example_branch_operator_decorator.py for tasks to queue
[2026-01-08T11:29:27.581+0530] {logging_mixin.py:190} INFO - [2026-01-08T11:29:27.580+0530] {dagbag.py:588} INFO - Filling up the DagBag from /home/sneha/spotify_airflow_project/venv/lib/python3.12/site-packages/airflow/example_dags/example_branch_operator_decorator.py
[2026-01-08T11:29:27.584+0530] {processor.py:927} WARNING - No viable dags retrieved from /home/sneha/spotify_airflow_project/venv/lib/python3.12/site-packages/airflow/example_dags/example_branch_operator_decorator.py
[2026-01-08T11:29:27.600+0530] {processor.py:208} INFO - Processing /home/sneha/spotify_airflow_project/venv/lib/python3.12/site-packages/airflow/example_dags/example_branch_operator_decorator.py took 0.044 seconds
[2026-01-08T11:32:37.616+0530] {processor.py:186} INFO - Started process (PID=22864) to work on /home/sneha/spotify_airflow_project/venv/lib/python3.12/site-packages/airflow/example_dags/example_branch_operator_decorator.py
[2026-01-08T11:32:37.617+0530] {processor.py:914} INFO - Processing file /home/sneha/spotify_airflow_project/venv/lib/python3.12/site-packages/airflow/example_dags/example_branch_operator_decorator.py for tasks to queue
[2026-01-08T11:32:37.619+0530] {logging_mixin.py:190} INFO - [2026-01-08T11:32:37.619+0530] {dagbag.py:588} INFO - Filling up the DagBag from /home/sneha/spotify_airflow_project/venv/lib/python3.12/site-packages/airflow/example_dags/example_branch_operator_decorator.py
[2026-01-08T11:32:37.623+0530] {processor.py:927} WARNING - No viable dags retrieved from /home/sneha/spotify_airflow_project/venv/lib/python3.12/site-packages/airflow/example_dags/example_branch_operator_decorator.py
[2026-01-08T11:32:37.642+0530] {processor.py:208} INFO - Processing /home/sneha/spotify_airflow_project/venv/lib/python3.12/site-packages/airflow/example_dags/example_branch_operator_decorator.py took 0.037 seconds
[2026-01-08T11:33:40.314+0530] {processor.py:186} INFO - Started process (PID=22953) to work on /home/sneha/spotify_airflow_project/venv/lib/python3.12/site-packages/airflow/example_dags/example_branch_operator_decorator.py
[2026-01-08T11:33:40.315+0530] {processor.py:914} INFO - Processing file /home/sneha/spotify_airflow_project/venv/lib/python3.12/site-packages/airflow/example_dags/example_branch_operator_decorator.py for tasks to queue
[2026-01-08T11:33:40.317+0530] {logging_mixin.py:190} INFO - [2026-01-08T11:33:40.317+0530] {dagbag.py:588} INFO - Filling up the DagBag from /home/sneha/spotify_airflow_project/venv/lib/python3.12/site-packages/airflow/example_dags/example_branch_operator_decorator.py
[2026-01-08T11:33:40.321+0530] {processor.py:927} WARNING - No viable dags retrieved from /home/sneha/spotify_airflow_project/venv/lib/python3.12/site-packages/airflow/example_dags/example_branch_operator_decorator.py
[2026-01-08T11:33:40.339+0530] {processor.py:208} INFO - Processing /home/sneha/spotify_airflow_project/venv/lib/python3.12/site-packages/airflow/example_dags/example_branch_operator_decorator.py took 0.036 seconds
[2026-01-08T11:34:37.810+0530] {processor.py:186} INFO - Started process (PID=23015) to work on /home/sneha/spotify_airflow_project/venv/lib/python3.12/site-packages/airflow/example_dags/example_branch_operator_decorator.py
[2026-01-08T11:34:37.812+0530] {processor.py:914} INFO - Processing file /home/sneha/spotify_airflow_project/venv/lib/python3.12/site-packages/airflow/example_dags/example_branch_operator_decorator.py for tasks to queue
[2026-01-08T11:34:37.814+0530] {logging_mixin.py:190} INFO - [2026-01-08T11:34:37.813+0530] {dagbag.py:588} INFO - Filling up the DagBag from /home/sneha/spotify_airflow_project/venv/lib/python3.12/site-packages/airflow/example_dags/example_branch_operator_decorator.py
[2026-01-08T11:34:37.818+0530] {processor.py:927} WARNING - No viable dags retrieved from /home/sneha/spotify_airflow_project/venv/lib/python3.12/site-packages/airflow/example_dags/example_branch_operator_decorator.py
[2026-01-08T11:34:37.836+0530] {processor.py:208} INFO - Processing /home/sneha/spotify_airflow_project/venv/lib/python3.12/site-packages/airflow/example_dags/example_branch_operator_decorator.py took 0.037 seconds
[2026-01-08T11:35:37.947+0530] {processor.py:186} INFO - Started process (PID=23081) to work on /home/sneha/spotify_airflow_project/venv/lib/python3.12/site-packages/airflow/example_dags/example_branch_operator_decorator.py
[2026-01-08T11:35:37.948+0530] {processor.py:914} INFO - Processing file /home/sneha/spotify_airflow_project/venv/lib/python3.12/site-packages/airflow/example_dags/example_branch_operator_decorator.py for tasks to queue
[2026-01-08T11:35:37.950+0530] {logging_mixin.py:190} INFO - [2026-01-08T11:35:37.950+0530] {dagbag.py:588} INFO - Filling up the DagBag from /home/sneha/spotify_airflow_project/venv/lib/python3.12/site-packages/airflow/example_dags/example_branch_operator_decorator.py
[2026-01-08T11:35:37.954+0530] {processor.py:927} WARNING - No viable dags retrieved from /home/sneha/spotify_airflow_project/venv/lib/python3.12/site-packages/airflow/example_dags/example_branch_operator_decorator.py
[2026-01-08T11:35:37.970+0530] {processor.py:208} INFO - Processing /home/sneha/spotify_airflow_project/venv/lib/python3.12/site-packages/airflow/example_dags/example_branch_operator_decorator.py took 0.035 seconds
[2026-01-08T11:36:36.585+0530] {processor.py:186} INFO - Started process (PID=23141) to work on /home/sneha/spotify_airflow_project/venv/lib/python3.12/site-packages/airflow/example_dags/example_branch_operator_decorator.py
[2026-01-08T11:36:36.587+0530] {processor.py:914} INFO - Processing file /home/sneha/spotify_airflow_project/venv/lib/python3.12/site-packages/airflow/example_dags/example_branch_operator_decorator.py for tasks to queue
[2026-01-08T11:36:36.589+0530] {logging_mixin.py:190} INFO - [2026-01-08T11:36:36.588+0530] {dagbag.py:588} INFO - Filling up the DagBag from /home/sneha/spotify_airflow_project/venv/lib/python3.12/site-packages/airflow/example_dags/example_branch_operator_decorator.py
[2026-01-08T11:36:36.593+0530] {processor.py:927} WARNING - No viable dags retrieved from /home/sneha/spotify_airflow_project/venv/lib/python3.12/site-packages/airflow/example_dags/example_branch_operator_decorator.py
[2026-01-08T11:36:36.609+0530] {processor.py:208} INFO - Processing /home/sneha/spotify_airflow_project/venv/lib/python3.12/site-packages/airflow/example_dags/example_branch_operator_decorator.py took 0.035 seconds
[2026-01-08T11:37:39.148+0530] {processor.py:186} INFO - Started process (PID=23202) to work on /home/sneha/spotify_airflow_project/venv/lib/python3.12/site-packages/airflow/example_dags/example_branch_operator_decorator.py
[2026-01-08T11:37:39.150+0530] {processor.py:914} INFO - Processing file /home/sneha/spotify_airflow_project/venv/lib/python3.12/site-packages/airflow/example_dags/example_branch_operator_decorator.py for tasks to queue
[2026-01-08T11:37:39.152+0530] {logging_mixin.py:190} INFO - [2026-01-08T11:37:39.151+0530] {dagbag.py:588} INFO - Filling up the DagBag from /home/sneha/spotify_airflow_project/venv/lib/python3.12/site-packages/airflow/example_dags/example_branch_operator_decorator.py
[2026-01-08T11:37:39.155+0530] {processor.py:927} WARNING - No viable dags retrieved from /home/sneha/spotify_airflow_project/venv/lib/python3.12/site-packages/airflow/example_dags/example_branch_operator_decorator.py
[2026-01-08T11:37:39.172+0530] {processor.py:208} INFO - Processing /home/sneha/spotify_airflow_project/venv/lib/python3.12/site-packages/airflow/example_dags/example_branch_operator_decorator.py took 0.035 seconds
[2026-01-08T11:38:46.066+0530] {processor.py:186} INFO - Started process (PID=23295) to work on /home/sneha/spotify_airflow_project/venv/lib/python3.12/site-packages/airflow/example_dags/example_branch_operator_decorator.py
[2026-01-08T11:38:46.067+0530] {processor.py:914} INFO - Processing file /home/sneha/spotify_airflow_project/venv/lib/python3.12/site-packages/airflow/example_dags/example_branch_operator_decorator.py for tasks to queue
[2026-01-08T11:38:46.069+0530] {logging_mixin.py:190} INFO - [2026-01-08T11:38:46.068+0530] {dagbag.py:588} INFO - Filling up the DagBag from /home/sneha/spotify_airflow_project/venv/lib/python3.12/site-packages/airflow/example_dags/example_branch_operator_decorator.py
[2026-01-08T11:38:46.073+0530] {processor.py:927} WARNING - No viable dags retrieved from /home/sneha/spotify_airflow_project/venv/lib/python3.12/site-packages/airflow/example_dags/example_branch_operator_decorator.py
[2026-01-08T11:38:46.089+0530] {processor.py:208} INFO - Processing /home/sneha/spotify_airflow_project/venv/lib/python3.12/site-packages/airflow/example_dags/example_branch_operator_decorator.py took 0.034 seconds
[2026-01-08T11:39:48.930+0530] {processor.py:186} INFO - Started process (PID=23359) to work on /home/sneha/spotify_airflow_project/venv/lib/python3.12/site-packages/airflow/example_dags/example_branch_operator_decorator.py
[2026-01-08T11:39:48.931+0530] {processor.py:914} INFO - Processing file /home/sneha/spotify_airflow_project/venv/lib/python3.12/site-packages/airflow/example_dags/example_branch_operator_decorator.py for tasks to queue
[2026-01-08T11:39:48.933+0530] {logging_mixin.py:190} INFO - [2026-01-08T11:39:48.932+0530] {dagbag.py:588} INFO - Filling up the DagBag from /home/sneha/spotify_airflow_project/venv/lib/python3.12/site-packages/airflow/example_dags/example_branch_operator_decorator.py
[2026-01-08T11:39:48.938+0530] {processor.py:927} WARNING - No viable dags retrieved from /home/sneha/spotify_airflow_project/venv/lib/python3.12/site-packages/airflow/example_dags/example_branch_operator_decorator.py
[2026-01-08T11:39:48.955+0530] {processor.py:208} INFO - Processing /home/sneha/spotify_airflow_project/venv/lib/python3.12/site-packages/airflow/example_dags/example_branch_operator_decorator.py took 0.039 seconds
[2026-01-08T11:40:53.837+0530] {processor.py:186} INFO - Started process (PID=23441) to work on /home/sneha/spotify_airflow_project/venv/lib/python3.12/site-packages/airflow/example_dags/example_branch_operator_decorator.py
[2026-01-08T11:40:53.838+0530] {processor.py:914} INFO - Processing file /home/sneha/spotify_airflow_project/venv/lib/python3.12/site-packages/airflow/example_dags/example_branch_operator_decorator.py for tasks to queue
[2026-01-08T11:40:53.840+0530] {logging_mixin.py:190} INFO - [2026-01-08T11:40:53.839+0530] {dagbag.py:588} INFO - Filling up the DagBag from /home/sneha/spotify_airflow_project/venv/lib/python3.12/site-packages/airflow/example_dags/example_branch_operator_decorator.py
[2026-01-08T11:40:53.844+0530] {processor.py:927} WARNING - No viable dags retrieved from /home/sneha/spotify_airflow_project/venv/lib/python3.12/site-packages/airflow/example_dags/example_branch_operator_decorator.py
[2026-01-08T11:40:53.860+0530] {processor.py:208} INFO - Processing /home/sneha/spotify_airflow_project/venv/lib/python3.12/site-packages/airflow/example_dags/example_branch_operator_decorator.py took 0.035 seconds
[2026-01-08T11:41:54.398+0530] {processor.py:186} INFO - Started process (PID=23578) to work on /home/sneha/spotify_airflow_project/venv/lib/python3.12/site-packages/airflow/example_dags/example_branch_operator_decorator.py
[2026-01-08T11:41:54.400+0530] {processor.py:914} INFO - Processing file /home/sneha/spotify_airflow_project/venv/lib/python3.12/site-packages/airflow/example_dags/example_branch_operator_decorator.py for tasks to queue
[2026-01-08T11:41:54.402+0530] {logging_mixin.py:190} INFO - [2026-01-08T11:41:54.401+0530] {dagbag.py:588} INFO - Filling up the DagBag from /home/sneha/spotify_airflow_project/venv/lib/python3.12/site-packages/airflow/example_dags/example_branch_operator_decorator.py
[2026-01-08T11:41:54.406+0530] {processor.py:927} WARNING - No viable dags retrieved from /home/sneha/spotify_airflow_project/venv/lib/python3.12/site-packages/airflow/example_dags/example_branch_operator_decorator.py
[2026-01-08T11:41:54.424+0530] {processor.py:208} INFO - Processing /home/sneha/spotify_airflow_project/venv/lib/python3.12/site-packages/airflow/example_dags/example_branch_operator_decorator.py took 0.037 seconds
[2026-01-08T11:43:04.105+0530] {processor.py:186} INFO - Started process (PID=23645) to work on /home/sneha/spotify_airflow_project/venv/lib/python3.12/site-packages/airflow/example_dags/example_branch_operator_decorator.py
[2026-01-08T11:43:04.106+0530] {processor.py:914} INFO - Processing file /home/sneha/spotify_airflow_project/venv/lib/python3.12/site-packages/airflow/example_dags/example_branch_operator_decorator.py for tasks to queue
[2026-01-08T11:43:04.108+0530] {logging_mixin.py:190} INFO - [2026-01-08T11:43:04.108+0530] {dagbag.py:588} INFO - Filling up the DagBag from /home/sneha/spotify_airflow_project/venv/lib/python3.12/site-packages/airflow/example_dags/example_branch_operator_decorator.py
[2026-01-08T11:43:04.113+0530] {processor.py:927} WARNING - No viable dags retrieved from /home/sneha/spotify_airflow_project/venv/lib/python3.12/site-packages/airflow/example_dags/example_branch_operator_decorator.py
[2026-01-08T11:43:04.131+0530] {processor.py:208} INFO - Processing /home/sneha/spotify_airflow_project/venv/lib/python3.12/site-packages/airflow/example_dags/example_branch_operator_decorator.py took 0.039 seconds
[2026-01-08T11:44:07.948+0530] {processor.py:186} INFO - Started process (PID=23737) to work on /home/sneha/spotify_airflow_project/venv/lib/python3.12/site-packages/airflow/example_dags/example_branch_operator_decorator.py
[2026-01-08T11:44:07.949+0530] {processor.py:914} INFO - Processing file /home/sneha/spotify_airflow_project/venv/lib/python3.12/site-packages/airflow/example_dags/example_branch_operator_decorator.py for tasks to queue
[2026-01-08T11:44:07.951+0530] {logging_mixin.py:190} INFO - [2026-01-08T11:44:07.951+0530] {dagbag.py:588} INFO - Filling up the DagBag from /home/sneha/spotify_airflow_project/venv/lib/python3.12/site-packages/airflow/example_dags/example_branch_operator_decorator.py
[2026-01-08T11:44:07.955+0530] {processor.py:927} WARNING - No viable dags retrieved from /home/sneha/spotify_airflow_project/venv/lib/python3.12/site-packages/airflow/example_dags/example_branch_operator_decorator.py
[2026-01-08T11:44:07.972+0530] {processor.py:208} INFO - Processing /home/sneha/spotify_airflow_project/venv/lib/python3.12/site-packages/airflow/example_dags/example_branch_operator_decorator.py took 0.033 seconds
[2026-01-08T11:45:15.775+0530] {processor.py:186} INFO - Started process (PID=24051) to work on /home/sneha/spotify_airflow_project/venv/lib/python3.12/site-packages/airflow/example_dags/example_branch_operator_decorator.py
[2026-01-08T11:45:15.777+0530] {processor.py:914} INFO - Processing file /home/sneha/spotify_airflow_project/venv/lib/python3.12/site-packages/airflow/example_dags/example_branch_operator_decorator.py for tasks to queue
[2026-01-08T11:45:15.779+0530] {logging_mixin.py:190} INFO - [2026-01-08T11:45:15.778+0530] {dagbag.py:588} INFO - Filling up the DagBag from /home/sneha/spotify_airflow_project/venv/lib/python3.12/site-packages/airflow/example_dags/example_branch_operator_decorator.py
[2026-01-08T11:45:15.783+0530] {processor.py:927} WARNING - No viable dags retrieved from /home/sneha/spotify_airflow_project/venv/lib/python3.12/site-packages/airflow/example_dags/example_branch_operator_decorator.py
[2026-01-08T11:45:15.801+0530] {processor.py:208} INFO - Processing /home/sneha/spotify_airflow_project/venv/lib/python3.12/site-packages/airflow/example_dags/example_branch_operator_decorator.py took 0.037 seconds
[2026-01-08T11:46:17.160+0530] {processor.py:186} INFO - Started process (PID=24112) to work on /home/sneha/spotify_airflow_project/venv/lib/python3.12/site-packages/airflow/example_dags/example_branch_operator_decorator.py
[2026-01-08T11:46:17.171+0530] {processor.py:914} INFO - Processing file /home/sneha/spotify_airflow_project/venv/lib/python3.12/site-packages/airflow/example_dags/example_branch_operator_decorator.py for tasks to queue
[2026-01-08T11:46:17.173+0530] {logging_mixin.py:190} INFO - [2026-01-08T11:46:17.173+0530] {dagbag.py:588} INFO - Filling up the DagBag from /home/sneha/spotify_airflow_project/venv/lib/python3.12/site-packages/airflow/example_dags/example_branch_operator_decorator.py
[2026-01-08T11:46:17.177+0530] {processor.py:927} WARNING - No viable dags retrieved from /home/sneha/spotify_airflow_project/venv/lib/python3.12/site-packages/airflow/example_dags/example_branch_operator_decorator.py
[2026-01-08T11:46:17.193+0530] {processor.py:208} INFO - Processing /home/sneha/spotify_airflow_project/venv/lib/python3.12/site-packages/airflow/example_dags/example_branch_operator_decorator.py took 0.045 seconds
[2026-01-08T11:47:23.494+0530] {processor.py:186} INFO - Started process (PID=24175) to work on /home/sneha/spotify_airflow_project/venv/lib/python3.12/site-packages/airflow/example_dags/example_branch_operator_decorator.py
[2026-01-08T11:47:23.496+0530] {processor.py:914} INFO - Processing file /home/sneha/spotify_airflow_project/venv/lib/python3.12/site-packages/airflow/example_dags/example_branch_operator_decorator.py for tasks to queue
[2026-01-08T11:47:23.498+0530] {logging_mixin.py:190} INFO - [2026-01-08T11:47:23.497+0530] {dagbag.py:588} INFO - Filling up the DagBag from /home/sneha/spotify_airflow_project/venv/lib/python3.12/site-packages/airflow/example_dags/example_branch_operator_decorator.py
[2026-01-08T11:47:23.502+0530] {processor.py:927} WARNING - No viable dags retrieved from /home/sneha/spotify_airflow_project/venv/lib/python3.12/site-packages/airflow/example_dags/example_branch_operator_decorator.py
[2026-01-08T11:47:23.520+0530] {processor.py:208} INFO - Processing /home/sneha/spotify_airflow_project/venv/lib/python3.12/site-packages/airflow/example_dags/example_branch_operator_decorator.py took 0.038 seconds
[2026-01-08T11:48:26.840+0530] {processor.py:186} INFO - Started process (PID=24266) to work on /home/sneha/spotify_airflow_project/venv/lib/python3.12/site-packages/airflow/example_dags/example_branch_operator_decorator.py
[2026-01-08T11:48:26.841+0530] {processor.py:914} INFO - Processing file /home/sneha/spotify_airflow_project/venv/lib/python3.12/site-packages/airflow/example_dags/example_branch_operator_decorator.py for tasks to queue
[2026-01-08T11:48:26.843+0530] {logging_mixin.py:190} INFO - [2026-01-08T11:48:26.842+0530] {dagbag.py:588} INFO - Filling up the DagBag from /home/sneha/spotify_airflow_project/venv/lib/python3.12/site-packages/airflow/example_dags/example_branch_operator_decorator.py
[2026-01-08T11:48:26.847+0530] {processor.py:927} WARNING - No viable dags retrieved from /home/sneha/spotify_airflow_project/venv/lib/python3.12/site-packages/airflow/example_dags/example_branch_operator_decorator.py
[2026-01-08T11:48:26.863+0530] {processor.py:208} INFO - Processing /home/sneha/spotify_airflow_project/venv/lib/python3.12/site-packages/airflow/example_dags/example_branch_operator_decorator.py took 0.035 seconds
[2026-01-08T11:49:30.264+0530] {processor.py:186} INFO - Started process (PID=24329) to work on /home/sneha/spotify_airflow_project/venv/lib/python3.12/site-packages/airflow/example_dags/example_branch_operator_decorator.py
[2026-01-08T11:49:30.265+0530] {processor.py:914} INFO - Processing file /home/sneha/spotify_airflow_project/venv/lib/python3.12/site-packages/airflow/example_dags/example_branch_operator_decorator.py for tasks to queue
[2026-01-08T11:49:30.267+0530] {logging_mixin.py:190} INFO - [2026-01-08T11:49:30.267+0530] {dagbag.py:588} INFO - Filling up the DagBag from /home/sneha/spotify_airflow_project/venv/lib/python3.12/site-packages/airflow/example_dags/example_branch_operator_decorator.py
[2026-01-08T11:49:30.271+0530] {processor.py:927} WARNING - No viable dags retrieved from /home/sneha/spotify_airflow_project/venv/lib/python3.12/site-packages/airflow/example_dags/example_branch_operator_decorator.py
[2026-01-08T11:49:30.288+0530] {processor.py:208} INFO - Processing /home/sneha/spotify_airflow_project/venv/lib/python3.12/site-packages/airflow/example_dags/example_branch_operator_decorator.py took 0.035 seconds
[2026-01-08T11:50:36.265+0530] {processor.py:186} INFO - Started process (PID=24401) to work on /home/sneha/spotify_airflow_project/venv/lib/python3.12/site-packages/airflow/example_dags/example_branch_operator_decorator.py
[2026-01-08T11:50:36.267+0530] {processor.py:914} INFO - Processing file /home/sneha/spotify_airflow_project/venv/lib/python3.12/site-packages/airflow/example_dags/example_branch_operator_decorator.py for tasks to queue
[2026-01-08T11:50:36.269+0530] {logging_mixin.py:190} INFO - [2026-01-08T11:50:36.268+0530] {dagbag.py:588} INFO - Filling up the DagBag from /home/sneha/spotify_airflow_project/venv/lib/python3.12/site-packages/airflow/example_dags/example_branch_operator_decorator.py
[2026-01-08T11:50:36.273+0530] {processor.py:927} WARNING - No viable dags retrieved from /home/sneha/spotify_airflow_project/venv/lib/python3.12/site-packages/airflow/example_dags/example_branch_operator_decorator.py
[2026-01-08T11:50:36.290+0530] {processor.py:208} INFO - Processing /home/sneha/spotify_airflow_project/venv/lib/python3.12/site-packages/airflow/example_dags/example_branch_operator_decorator.py took 0.037 seconds
[2026-01-08T11:51:40.703+0530] {processor.py:186} INFO - Started process (PID=24466) to work on /home/sneha/spotify_airflow_project/venv/lib/python3.12/site-packages/airflow/example_dags/example_branch_operator_decorator.py
[2026-01-08T11:51:40.705+0530] {processor.py:914} INFO - Processing file /home/sneha/spotify_airflow_project/venv/lib/python3.12/site-packages/airflow/example_dags/example_branch_operator_decorator.py for tasks to queue
[2026-01-08T11:51:40.706+0530] {logging_mixin.py:190} INFO - [2026-01-08T11:51:40.706+0530] {dagbag.py:588} INFO - Filling up the DagBag from /home/sneha/spotify_airflow_project/venv/lib/python3.12/site-packages/airflow/example_dags/example_branch_operator_decorator.py
[2026-01-08T11:51:40.710+0530] {processor.py:927} WARNING - No viable dags retrieved from /home/sneha/spotify_airflow_project/venv/lib/python3.12/site-packages/airflow/example_dags/example_branch_operator_decorator.py
[2026-01-08T11:51:40.728+0530] {processor.py:208} INFO - Processing /home/sneha/spotify_airflow_project/venv/lib/python3.12/site-packages/airflow/example_dags/example_branch_operator_decorator.py took 0.036 seconds
[2026-01-08T11:52:41.956+0530] {processor.py:186} INFO - Started process (PID=24539) to work on /home/sneha/spotify_airflow_project/venv/lib/python3.12/site-packages/airflow/example_dags/example_branch_operator_decorator.py
[2026-01-08T11:52:41.958+0530] {processor.py:914} INFO - Processing file /home/sneha/spotify_airflow_project/venv/lib/python3.12/site-packages/airflow/example_dags/example_branch_operator_decorator.py for tasks to queue
[2026-01-08T11:52:41.960+0530] {logging_mixin.py:190} INFO - [2026-01-08T11:52:41.959+0530] {dagbag.py:588} INFO - Filling up the DagBag from /home/sneha/spotify_airflow_project/venv/lib/python3.12/site-packages/airflow/example_dags/example_branch_operator_decorator.py
[2026-01-08T11:52:41.965+0530] {processor.py:927} WARNING - No viable dags retrieved from /home/sneha/spotify_airflow_project/venv/lib/python3.12/site-packages/airflow/example_dags/example_branch_operator_decorator.py
[2026-01-08T11:52:41.983+0530] {processor.py:208} INFO - Processing /home/sneha/spotify_airflow_project/venv/lib/python3.12/site-packages/airflow/example_dags/example_branch_operator_decorator.py took 0.039 seconds
[2026-01-08T11:53:43.994+0530] {processor.py:186} INFO - Started process (PID=24630) to work on /home/sneha/spotify_airflow_project/venv/lib/python3.12/site-packages/airflow/example_dags/example_branch_operator_decorator.py
[2026-01-08T11:53:43.996+0530] {processor.py:914} INFO - Processing file /home/sneha/spotify_airflow_project/venv/lib/python3.12/site-packages/airflow/example_dags/example_branch_operator_decorator.py for tasks to queue
[2026-01-08T11:53:43.998+0530] {logging_mixin.py:190} INFO - [2026-01-08T11:53:43.997+0530] {dagbag.py:588} INFO - Filling up the DagBag from /home/sneha/spotify_airflow_project/venv/lib/python3.12/site-packages/airflow/example_dags/example_branch_operator_decorator.py
[2026-01-08T11:53:44.002+0530] {processor.py:927} WARNING - No viable dags retrieved from /home/sneha/spotify_airflow_project/venv/lib/python3.12/site-packages/airflow/example_dags/example_branch_operator_decorator.py
[2026-01-08T11:53:44.020+0530] {processor.py:208} INFO - Processing /home/sneha/spotify_airflow_project/venv/lib/python3.12/site-packages/airflow/example_dags/example_branch_operator_decorator.py took 0.037 seconds
[2026-01-08T11:54:45.952+0530] {processor.py:186} INFO - Started process (PID=24694) to work on /home/sneha/spotify_airflow_project/venv/lib/python3.12/site-packages/airflow/example_dags/example_branch_operator_decorator.py
[2026-01-08T11:54:45.954+0530] {processor.py:914} INFO - Processing file /home/sneha/spotify_airflow_project/venv/lib/python3.12/site-packages/airflow/example_dags/example_branch_operator_decorator.py for tasks to queue
[2026-01-08T11:54:45.956+0530] {logging_mixin.py:190} INFO - [2026-01-08T11:54:45.955+0530] {dagbag.py:588} INFO - Filling up the DagBag from /home/sneha/spotify_airflow_project/venv/lib/python3.12/site-packages/airflow/example_dags/example_branch_operator_decorator.py
[2026-01-08T11:54:45.960+0530] {processor.py:927} WARNING - No viable dags retrieved from /home/sneha/spotify_airflow_project/venv/lib/python3.12/site-packages/airflow/example_dags/example_branch_operator_decorator.py
[2026-01-08T11:54:45.978+0530] {processor.py:208} INFO - Processing /home/sneha/spotify_airflow_project/venv/lib/python3.12/site-packages/airflow/example_dags/example_branch_operator_decorator.py took 0.038 seconds
[2026-01-08T11:55:49.907+0530] {processor.py:186} INFO - Started process (PID=24763) to work on /home/sneha/spotify_airflow_project/venv/lib/python3.12/site-packages/airflow/example_dags/example_branch_operator_decorator.py
[2026-01-08T11:55:49.909+0530] {processor.py:914} INFO - Processing file /home/sneha/spotify_airflow_project/venv/lib/python3.12/site-packages/airflow/example_dags/example_branch_operator_decorator.py for tasks to queue
[2026-01-08T11:55:49.911+0530] {logging_mixin.py:190} INFO - [2026-01-08T11:55:49.910+0530] {dagbag.py:588} INFO - Filling up the DagBag from /home/sneha/spotify_airflow_project/venv/lib/python3.12/site-packages/airflow/example_dags/example_branch_operator_decorator.py
[2026-01-08T11:55:49.915+0530] {processor.py:927} WARNING - No viable dags retrieved from /home/sneha/spotify_airflow_project/venv/lib/python3.12/site-packages/airflow/example_dags/example_branch_operator_decorator.py
[2026-01-08T11:55:49.932+0530] {processor.py:208} INFO - Processing /home/sneha/spotify_airflow_project/venv/lib/python3.12/site-packages/airflow/example_dags/example_branch_operator_decorator.py took 0.035 seconds
[2026-01-08T11:56:52.093+0530] {processor.py:186} INFO - Started process (PID=24824) to work on /home/sneha/spotify_airflow_project/venv/lib/python3.12/site-packages/airflow/example_dags/example_branch_operator_decorator.py
[2026-01-08T11:56:52.094+0530] {processor.py:914} INFO - Processing file /home/sneha/spotify_airflow_project/venv/lib/python3.12/site-packages/airflow/example_dags/example_branch_operator_decorator.py for tasks to queue
[2026-01-08T11:56:52.096+0530] {logging_mixin.py:190} INFO - [2026-01-08T11:56:52.096+0530] {dagbag.py:588} INFO - Filling up the DagBag from /home/sneha/spotify_airflow_project/venv/lib/python3.12/site-packages/airflow/example_dags/example_branch_operator_decorator.py
[2026-01-08T11:56:52.100+0530] {processor.py:927} WARNING - No viable dags retrieved from /home/sneha/spotify_airflow_project/venv/lib/python3.12/site-packages/airflow/example_dags/example_branch_operator_decorator.py
[2026-01-08T11:56:52.117+0530] {processor.py:208} INFO - Processing /home/sneha/spotify_airflow_project/venv/lib/python3.12/site-packages/airflow/example_dags/example_branch_operator_decorator.py took 0.035 seconds
[2026-01-08T11:57:52.239+0530] {processor.py:186} INFO - Started process (PID=24886) to work on /home/sneha/spotify_airflow_project/venv/lib/python3.12/site-packages/airflow/example_dags/example_branch_operator_decorator.py
[2026-01-08T11:57:52.241+0530] {processor.py:914} INFO - Processing file /home/sneha/spotify_airflow_project/venv/lib/python3.12/site-packages/airflow/example_dags/example_branch_operator_decorator.py for tasks to queue
[2026-01-08T11:57:52.242+0530] {logging_mixin.py:190} INFO - [2026-01-08T11:57:52.242+0530] {dagbag.py:588} INFO - Filling up the DagBag from /home/sneha/spotify_airflow_project/venv/lib/python3.12/site-packages/airflow/example_dags/example_branch_operator_decorator.py
[2026-01-08T11:57:52.247+0530] {processor.py:927} WARNING - No viable dags retrieved from /home/sneha/spotify_airflow_project/venv/lib/python3.12/site-packages/airflow/example_dags/example_branch_operator_decorator.py
[2026-01-08T11:57:52.264+0530] {processor.py:208} INFO - Processing /home/sneha/spotify_airflow_project/venv/lib/python3.12/site-packages/airflow/example_dags/example_branch_operator_decorator.py took 0.034 seconds
[2026-01-08T11:58:51.259+0530] {processor.py:186} INFO - Started process (PID=24973) to work on /home/sneha/spotify_airflow_project/venv/lib/python3.12/site-packages/airflow/example_dags/example_branch_operator_decorator.py
[2026-01-08T11:58:51.270+0530] {processor.py:914} INFO - Processing file /home/sneha/spotify_airflow_project/venv/lib/python3.12/site-packages/airflow/example_dags/example_branch_operator_decorator.py for tasks to queue
[2026-01-08T11:58:51.272+0530] {logging_mixin.py:190} INFO - [2026-01-08T11:58:51.271+0530] {dagbag.py:588} INFO - Filling up the DagBag from /home/sneha/spotify_airflow_project/venv/lib/python3.12/site-packages/airflow/example_dags/example_branch_operator_decorator.py
[2026-01-08T11:58:51.276+0530] {processor.py:927} WARNING - No viable dags retrieved from /home/sneha/spotify_airflow_project/venv/lib/python3.12/site-packages/airflow/example_dags/example_branch_operator_decorator.py
[2026-01-08T11:58:51.294+0530] {processor.py:208} INFO - Processing /home/sneha/spotify_airflow_project/venv/lib/python3.12/site-packages/airflow/example_dags/example_branch_operator_decorator.py took 0.046 seconds
[2026-01-08T11:59:51.752+0530] {processor.py:186} INFO - Started process (PID=25034) to work on /home/sneha/spotify_airflow_project/venv/lib/python3.12/site-packages/airflow/example_dags/example_branch_operator_decorator.py
[2026-01-08T11:59:51.753+0530] {processor.py:914} INFO - Processing file /home/sneha/spotify_airflow_project/venv/lib/python3.12/site-packages/airflow/example_dags/example_branch_operator_decorator.py for tasks to queue
[2026-01-08T11:59:51.755+0530] {logging_mixin.py:190} INFO - [2026-01-08T11:59:51.755+0530] {dagbag.py:588} INFO - Filling up the DagBag from /home/sneha/spotify_airflow_project/venv/lib/python3.12/site-packages/airflow/example_dags/example_branch_operator_decorator.py
[2026-01-08T11:59:51.759+0530] {processor.py:927} WARNING - No viable dags retrieved from /home/sneha/spotify_airflow_project/venv/lib/python3.12/site-packages/airflow/example_dags/example_branch_operator_decorator.py
[2026-01-08T11:59:51.775+0530] {processor.py:208} INFO - Processing /home/sneha/spotify_airflow_project/venv/lib/python3.12/site-packages/airflow/example_dags/example_branch_operator_decorator.py took 0.034 seconds
[2026-01-08T12:00:54.322+0530] {processor.py:186} INFO - Started process (PID=25096) to work on /home/sneha/spotify_airflow_project/venv/lib/python3.12/site-packages/airflow/example_dags/example_branch_operator_decorator.py
[2026-01-08T12:00:54.324+0530] {processor.py:914} INFO - Processing file /home/sneha/spotify_airflow_project/venv/lib/python3.12/site-packages/airflow/example_dags/example_branch_operator_decorator.py for tasks to queue
[2026-01-08T12:00:54.325+0530] {logging_mixin.py:190} INFO - [2026-01-08T12:00:54.325+0530] {dagbag.py:588} INFO - Filling up the DagBag from /home/sneha/spotify_airflow_project/venv/lib/python3.12/site-packages/airflow/example_dags/example_branch_operator_decorator.py
[2026-01-08T12:00:54.330+0530] {processor.py:927} WARNING - No viable dags retrieved from /home/sneha/spotify_airflow_project/venv/lib/python3.12/site-packages/airflow/example_dags/example_branch_operator_decorator.py
[2026-01-08T12:00:54.347+0530] {processor.py:208} INFO - Processing /home/sneha/spotify_airflow_project/venv/lib/python3.12/site-packages/airflow/example_dags/example_branch_operator_decorator.py took 0.037 seconds
[2026-01-08T12:01:56.504+0530] {processor.py:186} INFO - Started process (PID=25157) to work on /home/sneha/spotify_airflow_project/venv/lib/python3.12/site-packages/airflow/example_dags/example_branch_operator_decorator.py
[2026-01-08T12:01:56.515+0530] {processor.py:914} INFO - Processing file /home/sneha/spotify_airflow_project/venv/lib/python3.12/site-packages/airflow/example_dags/example_branch_operator_decorator.py for tasks to queue
[2026-01-08T12:01:56.516+0530] {logging_mixin.py:190} INFO - [2026-01-08T12:01:56.516+0530] {dagbag.py:588} INFO - Filling up the DagBag from /home/sneha/spotify_airflow_project/venv/lib/python3.12/site-packages/airflow/example_dags/example_branch_operator_decorator.py
[2026-01-08T12:01:56.520+0530] {processor.py:927} WARNING - No viable dags retrieved from /home/sneha/spotify_airflow_project/venv/lib/python3.12/site-packages/airflow/example_dags/example_branch_operator_decorator.py
[2026-01-08T12:01:56.537+0530] {processor.py:208} INFO - Processing /home/sneha/spotify_airflow_project/venv/lib/python3.12/site-packages/airflow/example_dags/example_branch_operator_decorator.py took 0.043 seconds
[2026-01-08T12:03:02.752+0530] {processor.py:186} INFO - Started process (PID=25223) to work on /home/sneha/spotify_airflow_project/venv/lib/python3.12/site-packages/airflow/example_dags/example_branch_operator_decorator.py
[2026-01-08T12:03:02.753+0530] {processor.py:914} INFO - Processing file /home/sneha/spotify_airflow_project/venv/lib/python3.12/site-packages/airflow/example_dags/example_branch_operator_decorator.py for tasks to queue
[2026-01-08T12:03:02.755+0530] {logging_mixin.py:190} INFO - [2026-01-08T12:03:02.754+0530] {dagbag.py:588} INFO - Filling up the DagBag from /home/sneha/spotify_airflow_project/venv/lib/python3.12/site-packages/airflow/example_dags/example_branch_operator_decorator.py
[2026-01-08T12:03:02.759+0530] {processor.py:927} WARNING - No viable dags retrieved from /home/sneha/spotify_airflow_project/venv/lib/python3.12/site-packages/airflow/example_dags/example_branch_operator_decorator.py
[2026-01-08T12:03:02.776+0530] {processor.py:208} INFO - Processing /home/sneha/spotify_airflow_project/venv/lib/python3.12/site-packages/airflow/example_dags/example_branch_operator_decorator.py took 0.033 seconds
[2026-01-08T12:04:06.754+0530] {processor.py:186} INFO - Started process (PID=25314) to work on /home/sneha/spotify_airflow_project/venv/lib/python3.12/site-packages/airflow/example_dags/example_branch_operator_decorator.py
[2026-01-08T12:04:06.756+0530] {processor.py:914} INFO - Processing file /home/sneha/spotify_airflow_project/venv/lib/python3.12/site-packages/airflow/example_dags/example_branch_operator_decorator.py for tasks to queue
[2026-01-08T12:04:06.757+0530] {logging_mixin.py:190} INFO - [2026-01-08T12:04:06.757+0530] {dagbag.py:588} INFO - Filling up the DagBag from /home/sneha/spotify_airflow_project/venv/lib/python3.12/site-packages/airflow/example_dags/example_branch_operator_decorator.py
[2026-01-08T12:04:06.761+0530] {processor.py:927} WARNING - No viable dags retrieved from /home/sneha/spotify_airflow_project/venv/lib/python3.12/site-packages/airflow/example_dags/example_branch_operator_decorator.py
[2026-01-08T12:04:06.778+0530] {processor.py:208} INFO - Processing /home/sneha/spotify_airflow_project/venv/lib/python3.12/site-packages/airflow/example_dags/example_branch_operator_decorator.py took 0.036 seconds
[2026-01-08T12:05:11.952+0530] {processor.py:186} INFO - Started process (PID=25391) to work on /home/sneha/spotify_airflow_project/venv/lib/python3.12/site-packages/airflow/example_dags/example_branch_operator_decorator.py
[2026-01-08T12:05:11.954+0530] {processor.py:914} INFO - Processing file /home/sneha/spotify_airflow_project/venv/lib/python3.12/site-packages/airflow/example_dags/example_branch_operator_decorator.py for tasks to queue
[2026-01-08T12:05:11.955+0530] {logging_mixin.py:190} INFO - [2026-01-08T12:05:11.955+0530] {dagbag.py:588} INFO - Filling up the DagBag from /home/sneha/spotify_airflow_project/venv/lib/python3.12/site-packages/airflow/example_dags/example_branch_operator_decorator.py
[2026-01-08T12:05:11.959+0530] {processor.py:927} WARNING - No viable dags retrieved from /home/sneha/spotify_airflow_project/venv/lib/python3.12/site-packages/airflow/example_dags/example_branch_operator_decorator.py
[2026-01-08T12:05:11.976+0530] {processor.py:208} INFO - Processing /home/sneha/spotify_airflow_project/venv/lib/python3.12/site-packages/airflow/example_dags/example_branch_operator_decorator.py took 0.036 seconds
[2026-01-08T12:06:14.007+0530] {processor.py:186} INFO - Started process (PID=25453) to work on /home/sneha/spotify_airflow_project/venv/lib/python3.12/site-packages/airflow/example_dags/example_branch_operator_decorator.py
[2026-01-08T12:06:14.008+0530] {processor.py:914} INFO - Processing file /home/sneha/spotify_airflow_project/venv/lib/python3.12/site-packages/airflow/example_dags/example_branch_operator_decorator.py for tasks to queue
[2026-01-08T12:06:14.010+0530] {logging_mixin.py:190} INFO - [2026-01-08T12:06:14.009+0530] {dagbag.py:588} INFO - Filling up the DagBag from /home/sneha/spotify_airflow_project/venv/lib/python3.12/site-packages/airflow/example_dags/example_branch_operator_decorator.py
[2026-01-08T12:06:14.014+0530] {processor.py:927} WARNING - No viable dags retrieved from /home/sneha/spotify_airflow_project/venv/lib/python3.12/site-packages/airflow/example_dags/example_branch_operator_decorator.py
[2026-01-08T12:06:14.030+0530] {processor.py:208} INFO - Processing /home/sneha/spotify_airflow_project/venv/lib/python3.12/site-packages/airflow/example_dags/example_branch_operator_decorator.py took 0.035 seconds
[2026-01-08T12:07:12.464+0530] {processor.py:186} INFO - Started process (PID=25515) to work on /home/sneha/spotify_airflow_project/venv/lib/python3.12/site-packages/airflow/example_dags/example_branch_operator_decorator.py
[2026-01-08T12:07:12.466+0530] {processor.py:914} INFO - Processing file /home/sneha/spotify_airflow_project/venv/lib/python3.12/site-packages/airflow/example_dags/example_branch_operator_decorator.py for tasks to queue
[2026-01-08T12:07:12.467+0530] {logging_mixin.py:190} INFO - [2026-01-08T12:07:12.467+0530] {dagbag.py:588} INFO - Filling up the DagBag from /home/sneha/spotify_airflow_project/venv/lib/python3.12/site-packages/airflow/example_dags/example_branch_operator_decorator.py
[2026-01-08T12:07:12.471+0530] {processor.py:927} WARNING - No viable dags retrieved from /home/sneha/spotify_airflow_project/venv/lib/python3.12/site-packages/airflow/example_dags/example_branch_operator_decorator.py
[2026-01-08T12:07:12.489+0530] {processor.py:208} INFO - Processing /home/sneha/spotify_airflow_project/venv/lib/python3.12/site-packages/airflow/example_dags/example_branch_operator_decorator.py took 0.036 seconds
[2026-01-08T12:08:14.660+0530] {processor.py:186} INFO - Started process (PID=25575) to work on /home/sneha/spotify_airflow_project/venv/lib/python3.12/site-packages/airflow/example_dags/example_branch_operator_decorator.py
[2026-01-08T12:08:14.662+0530] {processor.py:914} INFO - Processing file /home/sneha/spotify_airflow_project/venv/lib/python3.12/site-packages/airflow/example_dags/example_branch_operator_decorator.py for tasks to queue
[2026-01-08T12:08:14.663+0530] {logging_mixin.py:190} INFO - [2026-01-08T12:08:14.663+0530] {dagbag.py:588} INFO - Filling up the DagBag from /home/sneha/spotify_airflow_project/venv/lib/python3.12/site-packages/airflow/example_dags/example_branch_operator_decorator.py
[2026-01-08T12:08:14.667+0530] {processor.py:927} WARNING - No viable dags retrieved from /home/sneha/spotify_airflow_project/venv/lib/python3.12/site-packages/airflow/example_dags/example_branch_operator_decorator.py
[2026-01-08T12:08:14.684+0530] {processor.py:208} INFO - Processing /home/sneha/spotify_airflow_project/venv/lib/python3.12/site-packages/airflow/example_dags/example_branch_operator_decorator.py took 0.035 seconds
[2026-01-08T12:09:23.137+0530] {processor.py:186} INFO - Started process (PID=25668) to work on /home/sneha/spotify_airflow_project/venv/lib/python3.12/site-packages/airflow/example_dags/example_branch_operator_decorator.py
[2026-01-08T12:09:23.139+0530] {processor.py:914} INFO - Processing file /home/sneha/spotify_airflow_project/venv/lib/python3.12/site-packages/airflow/example_dags/example_branch_operator_decorator.py for tasks to queue
[2026-01-08T12:09:23.140+0530] {logging_mixin.py:190} INFO - [2026-01-08T12:09:23.140+0530] {dagbag.py:588} INFO - Filling up the DagBag from /home/sneha/spotify_airflow_project/venv/lib/python3.12/site-packages/airflow/example_dags/example_branch_operator_decorator.py
[2026-01-08T12:09:23.144+0530] {processor.py:927} WARNING - No viable dags retrieved from /home/sneha/spotify_airflow_project/venv/lib/python3.12/site-packages/airflow/example_dags/example_branch_operator_decorator.py
[2026-01-08T12:09:23.162+0530] {processor.py:208} INFO - Processing /home/sneha/spotify_airflow_project/venv/lib/python3.12/site-packages/airflow/example_dags/example_branch_operator_decorator.py took 0.036 seconds
[2026-01-08T12:10:20.168+0530] {processor.py:186} INFO - Started process (PID=25732) to work on /home/sneha/spotify_airflow_project/venv/lib/python3.12/site-packages/airflow/example_dags/example_branch_operator_decorator.py
[2026-01-08T12:10:20.170+0530] {processor.py:914} INFO - Processing file /home/sneha/spotify_airflow_project/venv/lib/python3.12/site-packages/airflow/example_dags/example_branch_operator_decorator.py for tasks to queue
[2026-01-08T12:10:20.172+0530] {logging_mixin.py:190} INFO - [2026-01-08T12:10:20.171+0530] {dagbag.py:588} INFO - Filling up the DagBag from /home/sneha/spotify_airflow_project/venv/lib/python3.12/site-packages/airflow/example_dags/example_branch_operator_decorator.py
[2026-01-08T12:10:20.175+0530] {processor.py:927} WARNING - No viable dags retrieved from /home/sneha/spotify_airflow_project/venv/lib/python3.12/site-packages/airflow/example_dags/example_branch_operator_decorator.py
[2026-01-08T12:10:20.192+0530] {processor.py:208} INFO - Processing /home/sneha/spotify_airflow_project/venv/lib/python3.12/site-packages/airflow/example_dags/example_branch_operator_decorator.py took 0.036 seconds
[2026-01-08T12:11:18.732+0530] {processor.py:186} INFO - Started process (PID=25792) to work on /home/sneha/spotify_airflow_project/venv/lib/python3.12/site-packages/airflow/example_dags/example_branch_operator_decorator.py
[2026-01-08T12:11:18.734+0530] {processor.py:914} INFO - Processing file /home/sneha/spotify_airflow_project/venv/lib/python3.12/site-packages/airflow/example_dags/example_branch_operator_decorator.py for tasks to queue
[2026-01-08T12:11:18.736+0530] {logging_mixin.py:190} INFO - [2026-01-08T12:11:18.735+0530] {dagbag.py:588} INFO - Filling up the DagBag from /home/sneha/spotify_airflow_project/venv/lib/python3.12/site-packages/airflow/example_dags/example_branch_operator_decorator.py
[2026-01-08T12:11:18.740+0530] {processor.py:927} WARNING - No viable dags retrieved from /home/sneha/spotify_airflow_project/venv/lib/python3.12/site-packages/airflow/example_dags/example_branch_operator_decorator.py
[2026-01-08T12:11:18.758+0530] {processor.py:208} INFO - Processing /home/sneha/spotify_airflow_project/venv/lib/python3.12/site-packages/airflow/example_dags/example_branch_operator_decorator.py took 0.037 seconds
[2026-01-08T12:12:20.842+0530] {processor.py:186} INFO - Started process (PID=25852) to work on /home/sneha/spotify_airflow_project/venv/lib/python3.12/site-packages/airflow/example_dags/example_branch_operator_decorator.py
[2026-01-08T12:12:20.854+0530] {processor.py:914} INFO - Processing file /home/sneha/spotify_airflow_project/venv/lib/python3.12/site-packages/airflow/example_dags/example_branch_operator_decorator.py for tasks to queue
[2026-01-08T12:12:20.856+0530] {logging_mixin.py:190} INFO - [2026-01-08T12:12:20.855+0530] {dagbag.py:588} INFO - Filling up the DagBag from /home/sneha/spotify_airflow_project/venv/lib/python3.12/site-packages/airflow/example_dags/example_branch_operator_decorator.py
[2026-01-08T12:12:20.861+0530] {processor.py:927} WARNING - No viable dags retrieved from /home/sneha/spotify_airflow_project/venv/lib/python3.12/site-packages/airflow/example_dags/example_branch_operator_decorator.py
[2026-01-08T12:12:20.878+0530] {processor.py:208} INFO - Processing /home/sneha/spotify_airflow_project/venv/lib/python3.12/site-packages/airflow/example_dags/example_branch_operator_decorator.py took 0.048 seconds
[2026-01-08T12:24:52.836+0530] {processor.py:186} INFO - Started process (PID=26265) to work on /home/sneha/spotify_airflow_project/venv/lib/python3.12/site-packages/airflow/example_dags/example_branch_operator_decorator.py
[2026-01-08T12:24:52.847+0530] {processor.py:914} INFO - Processing file /home/sneha/spotify_airflow_project/venv/lib/python3.12/site-packages/airflow/example_dags/example_branch_operator_decorator.py for tasks to queue
[2026-01-08T12:24:52.848+0530] {logging_mixin.py:190} INFO - [2026-01-08T12:24:52.848+0530] {dagbag.py:588} INFO - Filling up the DagBag from /home/sneha/spotify_airflow_project/venv/lib/python3.12/site-packages/airflow/example_dags/example_branch_operator_decorator.py
[2026-01-08T12:24:52.852+0530] {processor.py:927} WARNING - No viable dags retrieved from /home/sneha/spotify_airflow_project/venv/lib/python3.12/site-packages/airflow/example_dags/example_branch_operator_decorator.py
[2026-01-08T12:24:52.869+0530] {processor.py:208} INFO - Processing /home/sneha/spotify_airflow_project/venv/lib/python3.12/site-packages/airflow/example_dags/example_branch_operator_decorator.py took 0.044 seconds
[2026-01-08T12:25:56.556+0530] {processor.py:186} INFO - Started process (PID=26331) to work on /home/sneha/spotify_airflow_project/venv/lib/python3.12/site-packages/airflow/example_dags/example_branch_operator_decorator.py
[2026-01-08T12:25:56.558+0530] {processor.py:914} INFO - Processing file /home/sneha/spotify_airflow_project/venv/lib/python3.12/site-packages/airflow/example_dags/example_branch_operator_decorator.py for tasks to queue
[2026-01-08T12:25:56.559+0530] {logging_mixin.py:190} INFO - [2026-01-08T12:25:56.559+0530] {dagbag.py:588} INFO - Filling up the DagBag from /home/sneha/spotify_airflow_project/venv/lib/python3.12/site-packages/airflow/example_dags/example_branch_operator_decorator.py
[2026-01-08T12:25:56.564+0530] {processor.py:927} WARNING - No viable dags retrieved from /home/sneha/spotify_airflow_project/venv/lib/python3.12/site-packages/airflow/example_dags/example_branch_operator_decorator.py
[2026-01-08T12:25:56.580+0530] {processor.py:208} INFO - Processing /home/sneha/spotify_airflow_project/venv/lib/python3.12/site-packages/airflow/example_dags/example_branch_operator_decorator.py took 0.036 seconds
[2026-01-08T12:26:59.861+0530] {processor.py:186} INFO - Started process (PID=26394) to work on /home/sneha/spotify_airflow_project/venv/lib/python3.12/site-packages/airflow/example_dags/example_branch_operator_decorator.py
[2026-01-08T12:26:59.863+0530] {processor.py:914} INFO - Processing file /home/sneha/spotify_airflow_project/venv/lib/python3.12/site-packages/airflow/example_dags/example_branch_operator_decorator.py for tasks to queue
[2026-01-08T12:26:59.865+0530] {logging_mixin.py:190} INFO - [2026-01-08T12:26:59.864+0530] {dagbag.py:588} INFO - Filling up the DagBag from /home/sneha/spotify_airflow_project/venv/lib/python3.12/site-packages/airflow/example_dags/example_branch_operator_decorator.py
[2026-01-08T12:26:59.869+0530] {processor.py:927} WARNING - No viable dags retrieved from /home/sneha/spotify_airflow_project/venv/lib/python3.12/site-packages/airflow/example_dags/example_branch_operator_decorator.py
[2026-01-08T12:26:59.885+0530] {processor.py:208} INFO - Processing /home/sneha/spotify_airflow_project/venv/lib/python3.12/site-packages/airflow/example_dags/example_branch_operator_decorator.py took 0.036 seconds
[2026-01-08T12:28:02.421+0530] {processor.py:186} INFO - Started process (PID=26456) to work on /home/sneha/spotify_airflow_project/venv/lib/python3.12/site-packages/airflow/example_dags/example_branch_operator_decorator.py
[2026-01-08T12:28:02.423+0530] {processor.py:914} INFO - Processing file /home/sneha/spotify_airflow_project/venv/lib/python3.12/site-packages/airflow/example_dags/example_branch_operator_decorator.py for tasks to queue
[2026-01-08T12:28:02.424+0530] {logging_mixin.py:190} INFO - [2026-01-08T12:28:02.424+0530] {dagbag.py:588} INFO - Filling up the DagBag from /home/sneha/spotify_airflow_project/venv/lib/python3.12/site-packages/airflow/example_dags/example_branch_operator_decorator.py
[2026-01-08T12:28:02.428+0530] {processor.py:927} WARNING - No viable dags retrieved from /home/sneha/spotify_airflow_project/venv/lib/python3.12/site-packages/airflow/example_dags/example_branch_operator_decorator.py
[2026-01-08T12:28:02.445+0530] {processor.py:208} INFO - Processing /home/sneha/spotify_airflow_project/venv/lib/python3.12/site-packages/airflow/example_dags/example_branch_operator_decorator.py took 0.035 seconds
[2026-01-08T12:29:06.226+0530] {processor.py:186} INFO - Started process (PID=26521) to work on /home/sneha/spotify_airflow_project/venv/lib/python3.12/site-packages/airflow/example_dags/example_branch_operator_decorator.py
[2026-01-08T12:29:06.228+0530] {processor.py:914} INFO - Processing file /home/sneha/spotify_airflow_project/venv/lib/python3.12/site-packages/airflow/example_dags/example_branch_operator_decorator.py for tasks to queue
[2026-01-08T12:29:06.229+0530] {logging_mixin.py:190} INFO - [2026-01-08T12:29:06.229+0530] {dagbag.py:588} INFO - Filling up the DagBag from /home/sneha/spotify_airflow_project/venv/lib/python3.12/site-packages/airflow/example_dags/example_branch_operator_decorator.py
[2026-01-08T12:29:06.233+0530] {processor.py:927} WARNING - No viable dags retrieved from /home/sneha/spotify_airflow_project/venv/lib/python3.12/site-packages/airflow/example_dags/example_branch_operator_decorator.py
[2026-01-08T12:29:06.251+0530] {processor.py:208} INFO - Processing /home/sneha/spotify_airflow_project/venv/lib/python3.12/site-packages/airflow/example_dags/example_branch_operator_decorator.py took 0.037 seconds
[2026-01-08T12:32:35.580+0530] {processor.py:186} INFO - Started process (PID=31230) to work on /home/sneha/spotify_airflow_project/venv/lib/python3.12/site-packages/airflow/example_dags/example_branch_operator_decorator.py
[2026-01-08T12:32:35.591+0530] {processor.py:914} INFO - Processing file /home/sneha/spotify_airflow_project/venv/lib/python3.12/site-packages/airflow/example_dags/example_branch_operator_decorator.py for tasks to queue
[2026-01-08T12:32:35.593+0530] {logging_mixin.py:190} INFO - [2026-01-08T12:32:35.593+0530] {dagbag.py:588} INFO - Filling up the DagBag from /home/sneha/spotify_airflow_project/venv/lib/python3.12/site-packages/airflow/example_dags/example_branch_operator_decorator.py
[2026-01-08T12:32:35.598+0530] {processor.py:927} WARNING - No viable dags retrieved from /home/sneha/spotify_airflow_project/venv/lib/python3.12/site-packages/airflow/example_dags/example_branch_operator_decorator.py
[2026-01-08T12:32:35.616+0530] {processor.py:208} INFO - Processing /home/sneha/spotify_airflow_project/venv/lib/python3.12/site-packages/airflow/example_dags/example_branch_operator_decorator.py took 0.044 seconds
[2026-01-08T12:33:38.291+0530] {processor.py:186} INFO - Started process (PID=31292) to work on /home/sneha/spotify_airflow_project/venv/lib/python3.12/site-packages/airflow/example_dags/example_branch_operator_decorator.py
[2026-01-08T12:33:38.293+0530] {processor.py:914} INFO - Processing file /home/sneha/spotify_airflow_project/venv/lib/python3.12/site-packages/airflow/example_dags/example_branch_operator_decorator.py for tasks to queue
[2026-01-08T12:33:38.294+0530] {logging_mixin.py:190} INFO - [2026-01-08T12:33:38.294+0530] {dagbag.py:588} INFO - Filling up the DagBag from /home/sneha/spotify_airflow_project/venv/lib/python3.12/site-packages/airflow/example_dags/example_branch_operator_decorator.py
[2026-01-08T12:33:38.298+0530] {processor.py:927} WARNING - No viable dags retrieved from /home/sneha/spotify_airflow_project/venv/lib/python3.12/site-packages/airflow/example_dags/example_branch_operator_decorator.py
[2026-01-08T12:33:38.316+0530] {processor.py:208} INFO - Processing /home/sneha/spotify_airflow_project/venv/lib/python3.12/site-packages/airflow/example_dags/example_branch_operator_decorator.py took 0.036 seconds
[2026-01-08T12:34:40.039+0530] {processor.py:186} INFO - Started process (PID=31354) to work on /home/sneha/spotify_airflow_project/venv/lib/python3.12/site-packages/airflow/example_dags/example_branch_operator_decorator.py
[2026-01-08T12:34:40.040+0530] {processor.py:914} INFO - Processing file /home/sneha/spotify_airflow_project/venv/lib/python3.12/site-packages/airflow/example_dags/example_branch_operator_decorator.py for tasks to queue
[2026-01-08T12:34:40.042+0530] {logging_mixin.py:190} INFO - [2026-01-08T12:34:40.041+0530] {dagbag.py:588} INFO - Filling up the DagBag from /home/sneha/spotify_airflow_project/venv/lib/python3.12/site-packages/airflow/example_dags/example_branch_operator_decorator.py
[2026-01-08T12:34:40.046+0530] {processor.py:927} WARNING - No viable dags retrieved from /home/sneha/spotify_airflow_project/venv/lib/python3.12/site-packages/airflow/example_dags/example_branch_operator_decorator.py
[2026-01-08T12:34:40.062+0530] {processor.py:208} INFO - Processing /home/sneha/spotify_airflow_project/venv/lib/python3.12/site-packages/airflow/example_dags/example_branch_operator_decorator.py took 0.034 seconds
[2026-01-08T12:35:39.777+0530] {processor.py:186} INFO - Started process (PID=31447) to work on /home/sneha/spotify_airflow_project/venv/lib/python3.12/site-packages/airflow/example_dags/example_branch_operator_decorator.py
[2026-01-08T12:35:39.779+0530] {processor.py:914} INFO - Processing file /home/sneha/spotify_airflow_project/venv/lib/python3.12/site-packages/airflow/example_dags/example_branch_operator_decorator.py for tasks to queue
[2026-01-08T12:35:39.781+0530] {logging_mixin.py:190} INFO - [2026-01-08T12:35:39.780+0530] {dagbag.py:588} INFO - Filling up the DagBag from /home/sneha/spotify_airflow_project/venv/lib/python3.12/site-packages/airflow/example_dags/example_branch_operator_decorator.py
[2026-01-08T12:35:39.785+0530] {processor.py:927} WARNING - No viable dags retrieved from /home/sneha/spotify_airflow_project/venv/lib/python3.12/site-packages/airflow/example_dags/example_branch_operator_decorator.py
[2026-01-08T12:35:39.801+0530] {processor.py:208} INFO - Processing /home/sneha/spotify_airflow_project/venv/lib/python3.12/site-packages/airflow/example_dags/example_branch_operator_decorator.py took 0.036 seconds
[2026-01-08T12:36:42.819+0530] {processor.py:186} INFO - Started process (PID=31509) to work on /home/sneha/spotify_airflow_project/venv/lib/python3.12/site-packages/airflow/example_dags/example_branch_operator_decorator.py
[2026-01-08T12:36:42.821+0530] {processor.py:914} INFO - Processing file /home/sneha/spotify_airflow_project/venv/lib/python3.12/site-packages/airflow/example_dags/example_branch_operator_decorator.py for tasks to queue
[2026-01-08T12:36:42.823+0530] {logging_mixin.py:190} INFO - [2026-01-08T12:36:42.822+0530] {dagbag.py:588} INFO - Filling up the DagBag from /home/sneha/spotify_airflow_project/venv/lib/python3.12/site-packages/airflow/example_dags/example_branch_operator_decorator.py
[2026-01-08T12:36:42.826+0530] {processor.py:927} WARNING - No viable dags retrieved from /home/sneha/spotify_airflow_project/venv/lib/python3.12/site-packages/airflow/example_dags/example_branch_operator_decorator.py
[2026-01-08T12:36:42.843+0530] {processor.py:208} INFO - Processing /home/sneha/spotify_airflow_project/venv/lib/python3.12/site-packages/airflow/example_dags/example_branch_operator_decorator.py took 0.032 seconds
[2026-01-08T12:37:44.313+0530] {processor.py:186} INFO - Started process (PID=31569) to work on /home/sneha/spotify_airflow_project/venv/lib/python3.12/site-packages/airflow/example_dags/example_branch_operator_decorator.py
[2026-01-08T12:37:44.315+0530] {processor.py:914} INFO - Processing file /home/sneha/spotify_airflow_project/venv/lib/python3.12/site-packages/airflow/example_dags/example_branch_operator_decorator.py for tasks to queue
[2026-01-08T12:37:44.317+0530] {logging_mixin.py:190} INFO - [2026-01-08T12:37:44.316+0530] {dagbag.py:588} INFO - Filling up the DagBag from /home/sneha/spotify_airflow_project/venv/lib/python3.12/site-packages/airflow/example_dags/example_branch_operator_decorator.py
[2026-01-08T12:37:44.320+0530] {processor.py:927} WARNING - No viable dags retrieved from /home/sneha/spotify_airflow_project/venv/lib/python3.12/site-packages/airflow/example_dags/example_branch_operator_decorator.py
[2026-01-08T12:37:44.337+0530] {processor.py:208} INFO - Processing /home/sneha/spotify_airflow_project/venv/lib/python3.12/site-packages/airflow/example_dags/example_branch_operator_decorator.py took 0.036 seconds
[2026-01-08T12:38:49.415+0530] {processor.py:186} INFO - Started process (PID=31632) to work on /home/sneha/spotify_airflow_project/venv/lib/python3.12/site-packages/airflow/example_dags/example_branch_operator_decorator.py
[2026-01-08T12:38:49.416+0530] {processor.py:914} INFO - Processing file /home/sneha/spotify_airflow_project/venv/lib/python3.12/site-packages/airflow/example_dags/example_branch_operator_decorator.py for tasks to queue
[2026-01-08T12:38:49.418+0530] {logging_mixin.py:190} INFO - [2026-01-08T12:38:49.418+0530] {dagbag.py:588} INFO - Filling up the DagBag from /home/sneha/spotify_airflow_project/venv/lib/python3.12/site-packages/airflow/example_dags/example_branch_operator_decorator.py
[2026-01-08T12:38:49.422+0530] {processor.py:927} WARNING - No viable dags retrieved from /home/sneha/spotify_airflow_project/venv/lib/python3.12/site-packages/airflow/example_dags/example_branch_operator_decorator.py
[2026-01-08T12:38:49.438+0530] {processor.py:208} INFO - Processing /home/sneha/spotify_airflow_project/venv/lib/python3.12/site-packages/airflow/example_dags/example_branch_operator_decorator.py took 0.035 seconds
[2026-01-08T12:39:55.486+0530] {processor.py:186} INFO - Started process (PID=31725) to work on /home/sneha/spotify_airflow_project/venv/lib/python3.12/site-packages/airflow/example_dags/example_branch_operator_decorator.py
[2026-01-08T12:39:55.488+0530] {processor.py:914} INFO - Processing file /home/sneha/spotify_airflow_project/venv/lib/python3.12/site-packages/airflow/example_dags/example_branch_operator_decorator.py for tasks to queue
[2026-01-08T12:39:55.489+0530] {logging_mixin.py:190} INFO - [2026-01-08T12:39:55.489+0530] {dagbag.py:588} INFO - Filling up the DagBag from /home/sneha/spotify_airflow_project/venv/lib/python3.12/site-packages/airflow/example_dags/example_branch_operator_decorator.py
[2026-01-08T12:39:55.493+0530] {processor.py:927} WARNING - No viable dags retrieved from /home/sneha/spotify_airflow_project/venv/lib/python3.12/site-packages/airflow/example_dags/example_branch_operator_decorator.py
[2026-01-08T12:39:55.509+0530] {processor.py:208} INFO - Processing /home/sneha/spotify_airflow_project/venv/lib/python3.12/site-packages/airflow/example_dags/example_branch_operator_decorator.py took 0.034 seconds
[2026-01-08T12:41:02.144+0530] {processor.py:186} INFO - Started process (PID=31789) to work on /home/sneha/spotify_airflow_project/venv/lib/python3.12/site-packages/airflow/example_dags/example_branch_operator_decorator.py
[2026-01-08T12:41:02.145+0530] {processor.py:914} INFO - Processing file /home/sneha/spotify_airflow_project/venv/lib/python3.12/site-packages/airflow/example_dags/example_branch_operator_decorator.py for tasks to queue
[2026-01-08T12:41:02.147+0530] {logging_mixin.py:190} INFO - [2026-01-08T12:41:02.146+0530] {dagbag.py:588} INFO - Filling up the DagBag from /home/sneha/spotify_airflow_project/venv/lib/python3.12/site-packages/airflow/example_dags/example_branch_operator_decorator.py
[2026-01-08T12:41:02.151+0530] {processor.py:927} WARNING - No viable dags retrieved from /home/sneha/spotify_airflow_project/venv/lib/python3.12/site-packages/airflow/example_dags/example_branch_operator_decorator.py
[2026-01-08T12:41:02.168+0530] {processor.py:208} INFO - Processing /home/sneha/spotify_airflow_project/venv/lib/python3.12/site-packages/airflow/example_dags/example_branch_operator_decorator.py took 0.033 seconds
[2026-01-08T12:42:09.382+0530] {processor.py:186} INFO - Started process (PID=31854) to work on /home/sneha/spotify_airflow_project/venv/lib/python3.12/site-packages/airflow/example_dags/example_branch_operator_decorator.py
[2026-01-08T12:42:09.383+0530] {processor.py:914} INFO - Processing file /home/sneha/spotify_airflow_project/venv/lib/python3.12/site-packages/airflow/example_dags/example_branch_operator_decorator.py for tasks to queue
[2026-01-08T12:42:09.385+0530] {logging_mixin.py:190} INFO - [2026-01-08T12:42:09.384+0530] {dagbag.py:588} INFO - Filling up the DagBag from /home/sneha/spotify_airflow_project/venv/lib/python3.12/site-packages/airflow/example_dags/example_branch_operator_decorator.py
[2026-01-08T12:42:09.389+0530] {processor.py:927} WARNING - No viable dags retrieved from /home/sneha/spotify_airflow_project/venv/lib/python3.12/site-packages/airflow/example_dags/example_branch_operator_decorator.py
[2026-01-08T12:42:09.406+0530] {processor.py:208} INFO - Processing /home/sneha/spotify_airflow_project/venv/lib/python3.12/site-packages/airflow/example_dags/example_branch_operator_decorator.py took 0.036 seconds
[2026-01-08T12:43:19.642+0530] {processor.py:186} INFO - Started process (PID=31922) to work on /home/sneha/spotify_airflow_project/venv/lib/python3.12/site-packages/airflow/example_dags/example_branch_operator_decorator.py
[2026-01-08T12:43:19.654+0530] {processor.py:914} INFO - Processing file /home/sneha/spotify_airflow_project/venv/lib/python3.12/site-packages/airflow/example_dags/example_branch_operator_decorator.py for tasks to queue
[2026-01-08T12:43:19.656+0530] {logging_mixin.py:190} INFO - [2026-01-08T12:43:19.655+0530] {dagbag.py:588} INFO - Filling up the DagBag from /home/sneha/spotify_airflow_project/venv/lib/python3.12/site-packages/airflow/example_dags/example_branch_operator_decorator.py
[2026-01-08T12:43:19.659+0530] {processor.py:927} WARNING - No viable dags retrieved from /home/sneha/spotify_airflow_project/venv/lib/python3.12/site-packages/airflow/example_dags/example_branch_operator_decorator.py
[2026-01-08T12:43:19.676+0530] {processor.py:208} INFO - Processing /home/sneha/spotify_airflow_project/venv/lib/python3.12/site-packages/airflow/example_dags/example_branch_operator_decorator.py took 0.045 seconds
[2026-01-08T12:44:40.002+0530] {processor.py:186} INFO - Started process (PID=31991) to work on /home/sneha/spotify_airflow_project/venv/lib/python3.12/site-packages/airflow/example_dags/example_branch_operator_decorator.py
[2026-01-08T12:44:40.004+0530] {processor.py:914} INFO - Processing file /home/sneha/spotify_airflow_project/venv/lib/python3.12/site-packages/airflow/example_dags/example_branch_operator_decorator.py for tasks to queue
[2026-01-08T12:44:40.006+0530] {logging_mixin.py:190} INFO - [2026-01-08T12:44:40.005+0530] {dagbag.py:588} INFO - Filling up the DagBag from /home/sneha/spotify_airflow_project/venv/lib/python3.12/site-packages/airflow/example_dags/example_branch_operator_decorator.py
[2026-01-08T12:44:40.010+0530] {processor.py:927} WARNING - No viable dags retrieved from /home/sneha/spotify_airflow_project/venv/lib/python3.12/site-packages/airflow/example_dags/example_branch_operator_decorator.py
[2026-01-08T12:44:40.026+0530] {processor.py:208} INFO - Processing /home/sneha/spotify_airflow_project/venv/lib/python3.12/site-packages/airflow/example_dags/example_branch_operator_decorator.py took 0.035 seconds
[2026-01-08T12:45:49.400+0530] {processor.py:186} INFO - Started process (PID=32089) to work on /home/sneha/spotify_airflow_project/venv/lib/python3.12/site-packages/airflow/example_dags/example_branch_operator_decorator.py
[2026-01-08T12:45:49.411+0530] {processor.py:914} INFO - Processing file /home/sneha/spotify_airflow_project/venv/lib/python3.12/site-packages/airflow/example_dags/example_branch_operator_decorator.py for tasks to queue
[2026-01-08T12:45:49.414+0530] {logging_mixin.py:190} INFO - [2026-01-08T12:45:49.413+0530] {dagbag.py:588} INFO - Filling up the DagBag from /home/sneha/spotify_airflow_project/venv/lib/python3.12/site-packages/airflow/example_dags/example_branch_operator_decorator.py
[2026-01-08T12:45:49.418+0530] {processor.py:927} WARNING - No viable dags retrieved from /home/sneha/spotify_airflow_project/venv/lib/python3.12/site-packages/airflow/example_dags/example_branch_operator_decorator.py
[2026-01-08T12:45:49.435+0530] {processor.py:208} INFO - Processing /home/sneha/spotify_airflow_project/venv/lib/python3.12/site-packages/airflow/example_dags/example_branch_operator_decorator.py took 0.048 seconds
