[2026-01-08T11:19:30.808+0530] {processor.py:186} INFO - Started process (PID=12294) to work on /home/sneha/spotify_airflow_project/venv/lib/python3.12/site-packages/airflow/example_dags/example_dynamic_task_mapping.py
[2026-01-08T11:19:30.810+0530] {processor.py:914} INFO - Processing file /home/sneha/spotify_airflow_project/venv/lib/python3.12/site-packages/airflow/example_dags/example_dynamic_task_mapping.py for tasks to queue
[2026-01-08T11:19:30.812+0530] {logging_mixin.py:190} INFO - [2026-01-08T11:19:30.811+0530] {dagbag.py:588} INFO - Filling up the DagBag from /home/sneha/spotify_airflow_project/venv/lib/python3.12/site-packages/airflow/example_dags/example_dynamic_task_mapping.py
[2026-01-08T11:19:30.825+0530] {processor.py:925} INFO - DAG(s) 'example_dynamic_task_mapping' retrieved from /home/sneha/spotify_airflow_project/venv/lib/python3.12/site-packages/airflow/example_dags/example_dynamic_task_mapping.py
[2026-01-08T11:19:30.858+0530] {logging_mixin.py:190} INFO - [2026-01-08T11:19:30.857+0530] {dag.py:3239} INFO - Sync 1 DAGs
[2026-01-08T11:19:30.877+0530] {logging_mixin.py:190} INFO - [2026-01-08T11:19:30.877+0530] {dag.py:4180} INFO - Setting next_dagrun for example_dynamic_task_mapping to None, run_after=None
[2026-01-08T11:19:30.910+0530] {processor.py:208} INFO - Processing /home/sneha/spotify_airflow_project/venv/lib/python3.12/site-packages/airflow/example_dags/example_dynamic_task_mapping.py took 0.114 seconds
[2026-01-08T11:20:34.679+0530] {processor.py:186} INFO - Started process (PID=12391) to work on /home/sneha/spotify_airflow_project/venv/lib/python3.12/site-packages/airflow/example_dags/example_dynamic_task_mapping.py
[2026-01-08T11:20:34.681+0530] {processor.py:914} INFO - Processing file /home/sneha/spotify_airflow_project/venv/lib/python3.12/site-packages/airflow/example_dags/example_dynamic_task_mapping.py for tasks to queue
[2026-01-08T11:20:34.684+0530] {logging_mixin.py:190} INFO - [2026-01-08T11:20:34.683+0530] {dagbag.py:588} INFO - Filling up the DagBag from /home/sneha/spotify_airflow_project/venv/lib/python3.12/site-packages/airflow/example_dags/example_dynamic_task_mapping.py
[2026-01-08T11:20:34.693+0530] {processor.py:925} INFO - DAG(s) 'example_dynamic_task_mapping' retrieved from /home/sneha/spotify_airflow_project/venv/lib/python3.12/site-packages/airflow/example_dags/example_dynamic_task_mapping.py
[2026-01-08T11:20:34.718+0530] {logging_mixin.py:190} INFO - [2026-01-08T11:20:34.718+0530] {dag.py:3239} INFO - Sync 1 DAGs
[2026-01-08T11:20:34.737+0530] {logging_mixin.py:190} INFO - [2026-01-08T11:20:34.736+0530] {dag.py:4180} INFO - Setting next_dagrun for example_dynamic_task_mapping to None, run_after=None
[2026-01-08T11:20:34.764+0530] {processor.py:208} INFO - Processing /home/sneha/spotify_airflow_project/venv/lib/python3.12/site-packages/airflow/example_dags/example_dynamic_task_mapping.py took 0.098 seconds
[2026-01-08T11:24:05.413+0530] {processor.py:186} INFO - Started process (PID=17812) to work on /home/sneha/spotify_airflow_project/venv/lib/python3.12/site-packages/airflow/example_dags/example_dynamic_task_mapping.py
[2026-01-08T11:24:05.414+0530] {processor.py:914} INFO - Processing file /home/sneha/spotify_airflow_project/venv/lib/python3.12/site-packages/airflow/example_dags/example_dynamic_task_mapping.py for tasks to queue
[2026-01-08T11:24:05.416+0530] {logging_mixin.py:190} INFO - [2026-01-08T11:24:05.415+0530] {dagbag.py:588} INFO - Filling up the DagBag from /home/sneha/spotify_airflow_project/venv/lib/python3.12/site-packages/airflow/example_dags/example_dynamic_task_mapping.py
[2026-01-08T11:24:05.425+0530] {processor.py:925} INFO - DAG(s) 'example_dynamic_task_mapping' retrieved from /home/sneha/spotify_airflow_project/venv/lib/python3.12/site-packages/airflow/example_dags/example_dynamic_task_mapping.py
[2026-01-08T11:24:05.449+0530] {logging_mixin.py:190} INFO - [2026-01-08T11:24:05.448+0530] {dag.py:3239} INFO - Sync 1 DAGs
[2026-01-08T11:24:05.468+0530] {logging_mixin.py:190} INFO - [2026-01-08T11:24:05.468+0530] {dag.py:4180} INFO - Setting next_dagrun for example_dynamic_task_mapping to None, run_after=None
[2026-01-08T11:24:05.497+0530] {processor.py:208} INFO - Processing /home/sneha/spotify_airflow_project/venv/lib/python3.12/site-packages/airflow/example_dags/example_dynamic_task_mapping.py took 0.096 seconds
[2026-01-08T11:25:10.052+0530] {processor.py:186} INFO - Started process (PID=17910) to work on /home/sneha/spotify_airflow_project/venv/lib/python3.12/site-packages/airflow/example_dags/example_dynamic_task_mapping.py
[2026-01-08T11:25:10.060+0530] {processor.py:914} INFO - Processing file /home/sneha/spotify_airflow_project/venv/lib/python3.12/site-packages/airflow/example_dags/example_dynamic_task_mapping.py for tasks to queue
[2026-01-08T11:25:10.065+0530] {logging_mixin.py:190} INFO - [2026-01-08T11:25:10.064+0530] {dagbag.py:588} INFO - Filling up the DagBag from /home/sneha/spotify_airflow_project/venv/lib/python3.12/site-packages/airflow/example_dags/example_dynamic_task_mapping.py
[2026-01-08T11:25:10.076+0530] {processor.py:925} INFO - DAG(s) 'example_dynamic_task_mapping' retrieved from /home/sneha/spotify_airflow_project/venv/lib/python3.12/site-packages/airflow/example_dags/example_dynamic_task_mapping.py
[2026-01-08T11:25:10.104+0530] {logging_mixin.py:190} INFO - [2026-01-08T11:25:10.103+0530] {dag.py:3239} INFO - Sync 1 DAGs
[2026-01-08T11:25:10.124+0530] {logging_mixin.py:190} INFO - [2026-01-08T11:25:10.123+0530] {dag.py:4180} INFO - Setting next_dagrun for example_dynamic_task_mapping to None, run_after=None
[2026-01-08T11:25:10.156+0530] {processor.py:208} INFO - Processing /home/sneha/spotify_airflow_project/venv/lib/python3.12/site-packages/airflow/example_dags/example_dynamic_task_mapping.py took 0.118 seconds
[2026-01-08T11:26:13.994+0530] {processor.py:186} INFO - Started process (PID=17974) to work on /home/sneha/spotify_airflow_project/venv/lib/python3.12/site-packages/airflow/example_dags/example_dynamic_task_mapping.py
[2026-01-08T11:26:13.995+0530] {processor.py:914} INFO - Processing file /home/sneha/spotify_airflow_project/venv/lib/python3.12/site-packages/airflow/example_dags/example_dynamic_task_mapping.py for tasks to queue
[2026-01-08T11:26:13.998+0530] {logging_mixin.py:190} INFO - [2026-01-08T11:26:13.998+0530] {dagbag.py:588} INFO - Filling up the DagBag from /home/sneha/spotify_airflow_project/venv/lib/python3.12/site-packages/airflow/example_dags/example_dynamic_task_mapping.py
[2026-01-08T11:26:14.007+0530] {processor.py:925} INFO - DAG(s) 'example_dynamic_task_mapping' retrieved from /home/sneha/spotify_airflow_project/venv/lib/python3.12/site-packages/airflow/example_dags/example_dynamic_task_mapping.py
[2026-01-08T11:26:14.031+0530] {logging_mixin.py:190} INFO - [2026-01-08T11:26:14.030+0530] {dag.py:3239} INFO - Sync 1 DAGs
[2026-01-08T11:26:14.048+0530] {logging_mixin.py:190} INFO - [2026-01-08T11:26:14.047+0530] {dag.py:4180} INFO - Setting next_dagrun for example_dynamic_task_mapping to None, run_after=None
[2026-01-08T11:26:14.075+0530] {processor.py:208} INFO - Processing /home/sneha/spotify_airflow_project/venv/lib/python3.12/site-packages/airflow/example_dags/example_dynamic_task_mapping.py took 0.092 seconds
[2026-01-08T11:27:22.111+0530] {processor.py:186} INFO - Started process (PID=18040) to work on /home/sneha/spotify_airflow_project/venv/lib/python3.12/site-packages/airflow/example_dags/example_dynamic_task_mapping.py
[2026-01-08T11:27:22.113+0530] {processor.py:914} INFO - Processing file /home/sneha/spotify_airflow_project/venv/lib/python3.12/site-packages/airflow/example_dags/example_dynamic_task_mapping.py for tasks to queue
[2026-01-08T11:27:22.116+0530] {logging_mixin.py:190} INFO - [2026-01-08T11:27:22.115+0530] {dagbag.py:588} INFO - Filling up the DagBag from /home/sneha/spotify_airflow_project/venv/lib/python3.12/site-packages/airflow/example_dags/example_dynamic_task_mapping.py
[2026-01-08T11:27:22.125+0530] {processor.py:925} INFO - DAG(s) 'example_dynamic_task_mapping' retrieved from /home/sneha/spotify_airflow_project/venv/lib/python3.12/site-packages/airflow/example_dags/example_dynamic_task_mapping.py
[2026-01-08T11:27:22.151+0530] {logging_mixin.py:190} INFO - [2026-01-08T11:27:22.151+0530] {dag.py:3239} INFO - Sync 1 DAGs
[2026-01-08T11:27:22.169+0530] {logging_mixin.py:190} INFO - [2026-01-08T11:27:22.168+0530] {dag.py:4180} INFO - Setting next_dagrun for example_dynamic_task_mapping to None, run_after=None
[2026-01-08T11:27:22.196+0530] {processor.py:208} INFO - Processing /home/sneha/spotify_airflow_project/venv/lib/python3.12/site-packages/airflow/example_dags/example_dynamic_task_mapping.py took 0.097 seconds
[2026-01-08T11:28:21.350+0530] {processor.py:186} INFO - Started process (PID=18128) to work on /home/sneha/spotify_airflow_project/venv/lib/python3.12/site-packages/airflow/example_dags/example_dynamic_task_mapping.py
[2026-01-08T11:28:21.352+0530] {processor.py:914} INFO - Processing file /home/sneha/spotify_airflow_project/venv/lib/python3.12/site-packages/airflow/example_dags/example_dynamic_task_mapping.py for tasks to queue
[2026-01-08T11:28:21.354+0530] {logging_mixin.py:190} INFO - [2026-01-08T11:28:21.353+0530] {dagbag.py:588} INFO - Filling up the DagBag from /home/sneha/spotify_airflow_project/venv/lib/python3.12/site-packages/airflow/example_dags/example_dynamic_task_mapping.py
[2026-01-08T11:28:21.365+0530] {processor.py:925} INFO - DAG(s) 'example_dynamic_task_mapping' retrieved from /home/sneha/spotify_airflow_project/venv/lib/python3.12/site-packages/airflow/example_dags/example_dynamic_task_mapping.py
[2026-01-08T11:28:21.390+0530] {logging_mixin.py:190} INFO - [2026-01-08T11:28:21.389+0530] {dag.py:3239} INFO - Sync 1 DAGs
[2026-01-08T11:28:21.407+0530] {logging_mixin.py:190} INFO - [2026-01-08T11:28:21.406+0530] {dag.py:4180} INFO - Setting next_dagrun for example_dynamic_task_mapping to None, run_after=None
[2026-01-08T11:28:21.433+0530] {processor.py:208} INFO - Processing /home/sneha/spotify_airflow_project/venv/lib/python3.12/site-packages/airflow/example_dags/example_dynamic_task_mapping.py took 0.092 seconds
[2026-01-08T11:29:22.464+0530] {processor.py:186} INFO - Started process (PID=18188) to work on /home/sneha/spotify_airflow_project/venv/lib/python3.12/site-packages/airflow/example_dags/example_dynamic_task_mapping.py
[2026-01-08T11:29:22.465+0530] {processor.py:914} INFO - Processing file /home/sneha/spotify_airflow_project/venv/lib/python3.12/site-packages/airflow/example_dags/example_dynamic_task_mapping.py for tasks to queue
[2026-01-08T11:29:22.468+0530] {logging_mixin.py:190} INFO - [2026-01-08T11:29:22.467+0530] {dagbag.py:588} INFO - Filling up the DagBag from /home/sneha/spotify_airflow_project/venv/lib/python3.12/site-packages/airflow/example_dags/example_dynamic_task_mapping.py
[2026-01-08T11:29:22.479+0530] {processor.py:925} INFO - DAG(s) 'example_dynamic_task_mapping' retrieved from /home/sneha/spotify_airflow_project/venv/lib/python3.12/site-packages/airflow/example_dags/example_dynamic_task_mapping.py
[2026-01-08T11:29:22.506+0530] {logging_mixin.py:190} INFO - [2026-01-08T11:29:22.505+0530] {dag.py:3239} INFO - Sync 1 DAGs
[2026-01-08T11:29:22.524+0530] {logging_mixin.py:190} INFO - [2026-01-08T11:29:22.524+0530] {dag.py:4180} INFO - Setting next_dagrun for example_dynamic_task_mapping to None, run_after=None
[2026-01-08T11:29:22.552+0530] {processor.py:208} INFO - Processing /home/sneha/spotify_airflow_project/venv/lib/python3.12/site-packages/airflow/example_dags/example_dynamic_task_mapping.py took 0.099 seconds
[2026-01-08T11:32:32.514+0530] {processor.py:186} INFO - Started process (PID=22860) to work on /home/sneha/spotify_airflow_project/venv/lib/python3.12/site-packages/airflow/example_dags/example_dynamic_task_mapping.py
[2026-01-08T11:32:32.516+0530] {processor.py:914} INFO - Processing file /home/sneha/spotify_airflow_project/venv/lib/python3.12/site-packages/airflow/example_dags/example_dynamic_task_mapping.py for tasks to queue
[2026-01-08T11:32:32.518+0530] {logging_mixin.py:190} INFO - [2026-01-08T11:32:32.517+0530] {dagbag.py:588} INFO - Filling up the DagBag from /home/sneha/spotify_airflow_project/venv/lib/python3.12/site-packages/airflow/example_dags/example_dynamic_task_mapping.py
[2026-01-08T11:32:32.532+0530] {processor.py:925} INFO - DAG(s) 'example_dynamic_task_mapping' retrieved from /home/sneha/spotify_airflow_project/venv/lib/python3.12/site-packages/airflow/example_dags/example_dynamic_task_mapping.py
[2026-01-08T11:32:32.556+0530] {logging_mixin.py:190} INFO - [2026-01-08T11:32:32.555+0530] {dag.py:3239} INFO - Sync 1 DAGs
[2026-01-08T11:32:32.573+0530] {logging_mixin.py:190} INFO - [2026-01-08T11:32:32.573+0530] {dag.py:4180} INFO - Setting next_dagrun for example_dynamic_task_mapping to None, run_after=None
[2026-01-08T11:32:32.599+0530] {processor.py:208} INFO - Processing /home/sneha/spotify_airflow_project/venv/lib/python3.12/site-packages/airflow/example_dags/example_dynamic_task_mapping.py took 0.097 seconds
[2026-01-08T11:33:36.312+0530] {processor.py:186} INFO - Started process (PID=22949) to work on /home/sneha/spotify_airflow_project/venv/lib/python3.12/site-packages/airflow/example_dags/example_dynamic_task_mapping.py
[2026-01-08T11:33:36.313+0530] {processor.py:914} INFO - Processing file /home/sneha/spotify_airflow_project/venv/lib/python3.12/site-packages/airflow/example_dags/example_dynamic_task_mapping.py for tasks to queue
[2026-01-08T11:33:36.315+0530] {logging_mixin.py:190} INFO - [2026-01-08T11:33:36.315+0530] {dagbag.py:588} INFO - Filling up the DagBag from /home/sneha/spotify_airflow_project/venv/lib/python3.12/site-packages/airflow/example_dags/example_dynamic_task_mapping.py
[2026-01-08T11:33:36.325+0530] {processor.py:925} INFO - DAG(s) 'example_dynamic_task_mapping' retrieved from /home/sneha/spotify_airflow_project/venv/lib/python3.12/site-packages/airflow/example_dags/example_dynamic_task_mapping.py
[2026-01-08T11:33:36.348+0530] {logging_mixin.py:190} INFO - [2026-01-08T11:33:36.348+0530] {dag.py:3239} INFO - Sync 1 DAGs
[2026-01-08T11:33:36.365+0530] {logging_mixin.py:190} INFO - [2026-01-08T11:33:36.365+0530] {dag.py:4180} INFO - Setting next_dagrun for example_dynamic_task_mapping to None, run_after=None
[2026-01-08T11:33:36.391+0530] {processor.py:208} INFO - Processing /home/sneha/spotify_airflow_project/venv/lib/python3.12/site-packages/airflow/example_dags/example_dynamic_task_mapping.py took 0.090 seconds
[2026-01-08T11:34:32.709+0530] {processor.py:186} INFO - Started process (PID=23011) to work on /home/sneha/spotify_airflow_project/venv/lib/python3.12/site-packages/airflow/example_dags/example_dynamic_task_mapping.py
[2026-01-08T11:34:32.720+0530] {processor.py:914} INFO - Processing file /home/sneha/spotify_airflow_project/venv/lib/python3.12/site-packages/airflow/example_dags/example_dynamic_task_mapping.py for tasks to queue
[2026-01-08T11:34:32.722+0530] {logging_mixin.py:190} INFO - [2026-01-08T11:34:32.722+0530] {dagbag.py:588} INFO - Filling up the DagBag from /home/sneha/spotify_airflow_project/venv/lib/python3.12/site-packages/airflow/example_dags/example_dynamic_task_mapping.py
[2026-01-08T11:34:32.733+0530] {processor.py:925} INFO - DAG(s) 'example_dynamic_task_mapping' retrieved from /home/sneha/spotify_airflow_project/venv/lib/python3.12/site-packages/airflow/example_dags/example_dynamic_task_mapping.py
[2026-01-08T11:34:32.759+0530] {logging_mixin.py:190} INFO - [2026-01-08T11:34:32.758+0530] {dag.py:3239} INFO - Sync 1 DAGs
[2026-01-08T11:34:32.777+0530] {logging_mixin.py:190} INFO - [2026-01-08T11:34:32.776+0530] {dag.py:4180} INFO - Setting next_dagrun for example_dynamic_task_mapping to None, run_after=None
[2026-01-08T11:34:32.806+0530] {processor.py:208} INFO - Processing /home/sneha/spotify_airflow_project/venv/lib/python3.12/site-packages/airflow/example_dags/example_dynamic_task_mapping.py took 0.108 seconds
[2026-01-08T11:35:32.736+0530] {processor.py:186} INFO - Started process (PID=23077) to work on /home/sneha/spotify_airflow_project/venv/lib/python3.12/site-packages/airflow/example_dags/example_dynamic_task_mapping.py
[2026-01-08T11:35:32.738+0530] {processor.py:914} INFO - Processing file /home/sneha/spotify_airflow_project/venv/lib/python3.12/site-packages/airflow/example_dags/example_dynamic_task_mapping.py for tasks to queue
[2026-01-08T11:35:32.740+0530] {logging_mixin.py:190} INFO - [2026-01-08T11:35:32.740+0530] {dagbag.py:588} INFO - Filling up the DagBag from /home/sneha/spotify_airflow_project/venv/lib/python3.12/site-packages/airflow/example_dags/example_dynamic_task_mapping.py
[2026-01-08T11:35:32.751+0530] {processor.py:925} INFO - DAG(s) 'example_dynamic_task_mapping' retrieved from /home/sneha/spotify_airflow_project/venv/lib/python3.12/site-packages/airflow/example_dags/example_dynamic_task_mapping.py
[2026-01-08T11:35:32.777+0530] {logging_mixin.py:190} INFO - [2026-01-08T11:35:32.777+0530] {dag.py:3239} INFO - Sync 1 DAGs
[2026-01-08T11:35:32.795+0530] {logging_mixin.py:190} INFO - [2026-01-08T11:35:32.795+0530] {dag.py:4180} INFO - Setting next_dagrun for example_dynamic_task_mapping to None, run_after=None
[2026-01-08T11:35:32.822+0530] {processor.py:208} INFO - Processing /home/sneha/spotify_airflow_project/venv/lib/python3.12/site-packages/airflow/example_dags/example_dynamic_task_mapping.py took 0.098 seconds
[2026-01-08T11:36:32.303+0530] {processor.py:186} INFO - Started process (PID=23137) to work on /home/sneha/spotify_airflow_project/venv/lib/python3.12/site-packages/airflow/example_dags/example_dynamic_task_mapping.py
[2026-01-08T11:36:32.304+0530] {processor.py:914} INFO - Processing file /home/sneha/spotify_airflow_project/venv/lib/python3.12/site-packages/airflow/example_dags/example_dynamic_task_mapping.py for tasks to queue
[2026-01-08T11:36:32.306+0530] {logging_mixin.py:190} INFO - [2026-01-08T11:36:32.305+0530] {dagbag.py:588} INFO - Filling up the DagBag from /home/sneha/spotify_airflow_project/venv/lib/python3.12/site-packages/airflow/example_dags/example_dynamic_task_mapping.py
[2026-01-08T11:36:32.316+0530] {processor.py:925} INFO - DAG(s) 'example_dynamic_task_mapping' retrieved from /home/sneha/spotify_airflow_project/venv/lib/python3.12/site-packages/airflow/example_dags/example_dynamic_task_mapping.py
[2026-01-08T11:36:32.341+0530] {logging_mixin.py:190} INFO - [2026-01-08T11:36:32.341+0530] {dag.py:3239} INFO - Sync 1 DAGs
[2026-01-08T11:36:32.359+0530] {logging_mixin.py:190} INFO - [2026-01-08T11:36:32.359+0530] {dag.py:4180} INFO - Setting next_dagrun for example_dynamic_task_mapping to None, run_after=None
[2026-01-08T11:36:32.387+0530] {processor.py:208} INFO - Processing /home/sneha/spotify_airflow_project/venv/lib/python3.12/site-packages/airflow/example_dags/example_dynamic_task_mapping.py took 0.096 seconds
[2026-01-08T11:37:35.435+0530] {processor.py:186} INFO - Started process (PID=23198) to work on /home/sneha/spotify_airflow_project/venv/lib/python3.12/site-packages/airflow/example_dags/example_dynamic_task_mapping.py
[2026-01-08T11:37:35.436+0530] {processor.py:914} INFO - Processing file /home/sneha/spotify_airflow_project/venv/lib/python3.12/site-packages/airflow/example_dags/example_dynamic_task_mapping.py for tasks to queue
[2026-01-08T11:37:35.438+0530] {logging_mixin.py:190} INFO - [2026-01-08T11:37:35.437+0530] {dagbag.py:588} INFO - Filling up the DagBag from /home/sneha/spotify_airflow_project/venv/lib/python3.12/site-packages/airflow/example_dags/example_dynamic_task_mapping.py
[2026-01-08T11:37:35.447+0530] {processor.py:925} INFO - DAG(s) 'example_dynamic_task_mapping' retrieved from /home/sneha/spotify_airflow_project/venv/lib/python3.12/site-packages/airflow/example_dags/example_dynamic_task_mapping.py
[2026-01-08T11:37:35.472+0530] {logging_mixin.py:190} INFO - [2026-01-08T11:37:35.471+0530] {dag.py:3239} INFO - Sync 1 DAGs
[2026-01-08T11:37:35.490+0530] {logging_mixin.py:190} INFO - [2026-01-08T11:37:35.490+0530] {dag.py:4180} INFO - Setting next_dagrun for example_dynamic_task_mapping to None, run_after=None
[2026-01-08T11:37:35.519+0530] {processor.py:208} INFO - Processing /home/sneha/spotify_airflow_project/venv/lib/python3.12/site-packages/airflow/example_dags/example_dynamic_task_mapping.py took 0.097 seconds
[2026-01-08T11:38:41.598+0530] {processor.py:186} INFO - Started process (PID=23291) to work on /home/sneha/spotify_airflow_project/venv/lib/python3.12/site-packages/airflow/example_dags/example_dynamic_task_mapping.py
[2026-01-08T11:38:41.599+0530] {processor.py:914} INFO - Processing file /home/sneha/spotify_airflow_project/venv/lib/python3.12/site-packages/airflow/example_dags/example_dynamic_task_mapping.py for tasks to queue
[2026-01-08T11:38:41.601+0530] {logging_mixin.py:190} INFO - [2026-01-08T11:38:41.601+0530] {dagbag.py:588} INFO - Filling up the DagBag from /home/sneha/spotify_airflow_project/venv/lib/python3.12/site-packages/airflow/example_dags/example_dynamic_task_mapping.py
[2026-01-08T11:38:41.611+0530] {processor.py:925} INFO - DAG(s) 'example_dynamic_task_mapping' retrieved from /home/sneha/spotify_airflow_project/venv/lib/python3.12/site-packages/airflow/example_dags/example_dynamic_task_mapping.py
[2026-01-08T11:38:41.634+0530] {logging_mixin.py:190} INFO - [2026-01-08T11:38:41.633+0530] {dag.py:3239} INFO - Sync 1 DAGs
[2026-01-08T11:38:41.651+0530] {logging_mixin.py:190} INFO - [2026-01-08T11:38:41.650+0530] {dag.py:4180} INFO - Setting next_dagrun for example_dynamic_task_mapping to None, run_after=None
[2026-01-08T11:38:41.676+0530] {processor.py:208} INFO - Processing /home/sneha/spotify_airflow_project/venv/lib/python3.12/site-packages/airflow/example_dags/example_dynamic_task_mapping.py took 0.089 seconds
[2026-01-08T11:39:45.068+0530] {processor.py:186} INFO - Started process (PID=23354) to work on /home/sneha/spotify_airflow_project/venv/lib/python3.12/site-packages/airflow/example_dags/example_dynamic_task_mapping.py
[2026-01-08T11:39:45.070+0530] {processor.py:914} INFO - Processing file /home/sneha/spotify_airflow_project/venv/lib/python3.12/site-packages/airflow/example_dags/example_dynamic_task_mapping.py for tasks to queue
[2026-01-08T11:39:45.072+0530] {logging_mixin.py:190} INFO - [2026-01-08T11:39:45.072+0530] {dagbag.py:588} INFO - Filling up the DagBag from /home/sneha/spotify_airflow_project/venv/lib/python3.12/site-packages/airflow/example_dags/example_dynamic_task_mapping.py
[2026-01-08T11:39:45.083+0530] {processor.py:925} INFO - DAG(s) 'example_dynamic_task_mapping' retrieved from /home/sneha/spotify_airflow_project/venv/lib/python3.12/site-packages/airflow/example_dags/example_dynamic_task_mapping.py
[2026-01-08T11:39:45.108+0530] {logging_mixin.py:190} INFO - [2026-01-08T11:39:45.108+0530] {dag.py:3239} INFO - Sync 1 DAGs
[2026-01-08T11:39:45.126+0530] {logging_mixin.py:190} INFO - [2026-01-08T11:39:45.126+0530] {dag.py:4180} INFO - Setting next_dagrun for example_dynamic_task_mapping to None, run_after=None
[2026-01-08T11:39:45.154+0530] {processor.py:208} INFO - Processing /home/sneha/spotify_airflow_project/venv/lib/python3.12/site-packages/airflow/example_dags/example_dynamic_task_mapping.py took 0.098 seconds
[2026-01-08T11:40:49.840+0530] {processor.py:186} INFO - Started process (PID=23437) to work on /home/sneha/spotify_airflow_project/venv/lib/python3.12/site-packages/airflow/example_dags/example_dynamic_task_mapping.py
[2026-01-08T11:40:49.842+0530] {processor.py:914} INFO - Processing file /home/sneha/spotify_airflow_project/venv/lib/python3.12/site-packages/airflow/example_dags/example_dynamic_task_mapping.py for tasks to queue
[2026-01-08T11:40:49.844+0530] {logging_mixin.py:190} INFO - [2026-01-08T11:40:49.843+0530] {dagbag.py:588} INFO - Filling up the DagBag from /home/sneha/spotify_airflow_project/venv/lib/python3.12/site-packages/airflow/example_dags/example_dynamic_task_mapping.py
[2026-01-08T11:40:49.854+0530] {processor.py:925} INFO - DAG(s) 'example_dynamic_task_mapping' retrieved from /home/sneha/spotify_airflow_project/venv/lib/python3.12/site-packages/airflow/example_dags/example_dynamic_task_mapping.py
[2026-01-08T11:40:49.878+0530] {logging_mixin.py:190} INFO - [2026-01-08T11:40:49.878+0530] {dag.py:3239} INFO - Sync 1 DAGs
[2026-01-08T11:40:49.897+0530] {logging_mixin.py:190} INFO - [2026-01-08T11:40:49.896+0530] {dag.py:4180} INFO - Setting next_dagrun for example_dynamic_task_mapping to None, run_after=None
[2026-01-08T11:40:49.923+0530] {processor.py:208} INFO - Processing /home/sneha/spotify_airflow_project/venv/lib/python3.12/site-packages/airflow/example_dags/example_dynamic_task_mapping.py took 0.094 seconds
[2026-01-08T11:41:50.779+0530] {processor.py:186} INFO - Started process (PID=23574) to work on /home/sneha/spotify_airflow_project/venv/lib/python3.12/site-packages/airflow/example_dags/example_dynamic_task_mapping.py
[2026-01-08T11:41:50.790+0530] {processor.py:914} INFO - Processing file /home/sneha/spotify_airflow_project/venv/lib/python3.12/site-packages/airflow/example_dags/example_dynamic_task_mapping.py for tasks to queue
[2026-01-08T11:41:50.792+0530] {logging_mixin.py:190} INFO - [2026-01-08T11:41:50.791+0530] {dagbag.py:588} INFO - Filling up the DagBag from /home/sneha/spotify_airflow_project/venv/lib/python3.12/site-packages/airflow/example_dags/example_dynamic_task_mapping.py
[2026-01-08T11:41:50.801+0530] {processor.py:925} INFO - DAG(s) 'example_dynamic_task_mapping' retrieved from /home/sneha/spotify_airflow_project/venv/lib/python3.12/site-packages/airflow/example_dags/example_dynamic_task_mapping.py
[2026-01-08T11:41:50.826+0530] {logging_mixin.py:190} INFO - [2026-01-08T11:41:50.826+0530] {dag.py:3239} INFO - Sync 1 DAGs
[2026-01-08T11:41:50.842+0530] {logging_mixin.py:190} INFO - [2026-01-08T11:41:50.842+0530] {dag.py:4180} INFO - Setting next_dagrun for example_dynamic_task_mapping to None, run_after=None
[2026-01-08T11:41:50.870+0530] {processor.py:208} INFO - Processing /home/sneha/spotify_airflow_project/venv/lib/python3.12/site-packages/airflow/example_dags/example_dynamic_task_mapping.py took 0.102 seconds
[2026-01-08T11:43:00.100+0530] {processor.py:186} INFO - Started process (PID=23641) to work on /home/sneha/spotify_airflow_project/venv/lib/python3.12/site-packages/airflow/example_dags/example_dynamic_task_mapping.py
[2026-01-08T11:43:00.102+0530] {processor.py:914} INFO - Processing file /home/sneha/spotify_airflow_project/venv/lib/python3.12/site-packages/airflow/example_dags/example_dynamic_task_mapping.py for tasks to queue
[2026-01-08T11:43:00.104+0530] {logging_mixin.py:190} INFO - [2026-01-08T11:43:00.103+0530] {dagbag.py:588} INFO - Filling up the DagBag from /home/sneha/spotify_airflow_project/venv/lib/python3.12/site-packages/airflow/example_dags/example_dynamic_task_mapping.py
[2026-01-08T11:43:00.114+0530] {processor.py:925} INFO - DAG(s) 'example_dynamic_task_mapping' retrieved from /home/sneha/spotify_airflow_project/venv/lib/python3.12/site-packages/airflow/example_dags/example_dynamic_task_mapping.py
[2026-01-08T11:43:00.138+0530] {logging_mixin.py:190} INFO - [2026-01-08T11:43:00.138+0530] {dag.py:3239} INFO - Sync 1 DAGs
[2026-01-08T11:43:00.155+0530] {logging_mixin.py:190} INFO - [2026-01-08T11:43:00.155+0530] {dag.py:4180} INFO - Setting next_dagrun for example_dynamic_task_mapping to None, run_after=None
[2026-01-08T11:43:00.182+0530] {processor.py:208} INFO - Processing /home/sneha/spotify_airflow_project/venv/lib/python3.12/site-packages/airflow/example_dags/example_dynamic_task_mapping.py took 0.092 seconds
[2026-01-08T11:44:02.852+0530] {processor.py:186} INFO - Started process (PID=23731) to work on /home/sneha/spotify_airflow_project/venv/lib/python3.12/site-packages/airflow/example_dags/example_dynamic_task_mapping.py
[2026-01-08T11:44:02.863+0530] {processor.py:914} INFO - Processing file /home/sneha/spotify_airflow_project/venv/lib/python3.12/site-packages/airflow/example_dags/example_dynamic_task_mapping.py for tasks to queue
[2026-01-08T11:44:02.865+0530] {logging_mixin.py:190} INFO - [2026-01-08T11:44:02.865+0530] {dagbag.py:588} INFO - Filling up the DagBag from /home/sneha/spotify_airflow_project/venv/lib/python3.12/site-packages/airflow/example_dags/example_dynamic_task_mapping.py
[2026-01-08T11:44:02.875+0530] {processor.py:925} INFO - DAG(s) 'example_dynamic_task_mapping' retrieved from /home/sneha/spotify_airflow_project/venv/lib/python3.12/site-packages/airflow/example_dags/example_dynamic_task_mapping.py
[2026-01-08T11:44:02.898+0530] {logging_mixin.py:190} INFO - [2026-01-08T11:44:02.898+0530] {dag.py:3239} INFO - Sync 1 DAGs
[2026-01-08T11:44:02.916+0530] {logging_mixin.py:190} INFO - [2026-01-08T11:44:02.915+0530] {dag.py:4180} INFO - Setting next_dagrun for example_dynamic_task_mapping to None, run_after=None
[2026-01-08T11:44:02.943+0530] {processor.py:208} INFO - Processing /home/sneha/spotify_airflow_project/venv/lib/python3.12/site-packages/airflow/example_dags/example_dynamic_task_mapping.py took 0.103 seconds
[2026-01-08T11:45:10.585+0530] {processor.py:186} INFO - Started process (PID=24032) to work on /home/sneha/spotify_airflow_project/venv/lib/python3.12/site-packages/airflow/example_dags/example_dynamic_task_mapping.py
[2026-01-08T11:45:10.596+0530] {processor.py:914} INFO - Processing file /home/sneha/spotify_airflow_project/venv/lib/python3.12/site-packages/airflow/example_dags/example_dynamic_task_mapping.py for tasks to queue
[2026-01-08T11:45:10.598+0530] {logging_mixin.py:190} INFO - [2026-01-08T11:45:10.598+0530] {dagbag.py:588} INFO - Filling up the DagBag from /home/sneha/spotify_airflow_project/venv/lib/python3.12/site-packages/airflow/example_dags/example_dynamic_task_mapping.py
[2026-01-08T11:45:10.608+0530] {processor.py:925} INFO - DAG(s) 'example_dynamic_task_mapping' retrieved from /home/sneha/spotify_airflow_project/venv/lib/python3.12/site-packages/airflow/example_dags/example_dynamic_task_mapping.py
[2026-01-08T11:45:10.633+0530] {logging_mixin.py:190} INFO - [2026-01-08T11:45:10.633+0530] {dag.py:3239} INFO - Sync 1 DAGs
[2026-01-08T11:45:10.650+0530] {logging_mixin.py:190} INFO - [2026-01-08T11:45:10.650+0530] {dag.py:4180} INFO - Setting next_dagrun for example_dynamic_task_mapping to None, run_after=None
[2026-01-08T11:45:10.678+0530] {processor.py:208} INFO - Processing /home/sneha/spotify_airflow_project/venv/lib/python3.12/site-packages/airflow/example_dags/example_dynamic_task_mapping.py took 0.105 seconds
[2026-01-08T11:46:12.066+0530] {processor.py:186} INFO - Started process (PID=24108) to work on /home/sneha/spotify_airflow_project/venv/lib/python3.12/site-packages/airflow/example_dags/example_dynamic_task_mapping.py
[2026-01-08T11:46:12.067+0530] {processor.py:914} INFO - Processing file /home/sneha/spotify_airflow_project/venv/lib/python3.12/site-packages/airflow/example_dags/example_dynamic_task_mapping.py for tasks to queue
[2026-01-08T11:46:12.069+0530] {logging_mixin.py:190} INFO - [2026-01-08T11:46:12.069+0530] {dagbag.py:588} INFO - Filling up the DagBag from /home/sneha/spotify_airflow_project/venv/lib/python3.12/site-packages/airflow/example_dags/example_dynamic_task_mapping.py
[2026-01-08T11:46:12.080+0530] {processor.py:925} INFO - DAG(s) 'example_dynamic_task_mapping' retrieved from /home/sneha/spotify_airflow_project/venv/lib/python3.12/site-packages/airflow/example_dags/example_dynamic_task_mapping.py
[2026-01-08T11:46:12.105+0530] {logging_mixin.py:190} INFO - [2026-01-08T11:46:12.104+0530] {dag.py:3239} INFO - Sync 1 DAGs
[2026-01-08T11:46:12.122+0530] {logging_mixin.py:190} INFO - [2026-01-08T11:46:12.121+0530] {dag.py:4180} INFO - Setting next_dagrun for example_dynamic_task_mapping to None, run_after=None
[2026-01-08T11:46:12.149+0530] {processor.py:208} INFO - Processing /home/sneha/spotify_airflow_project/venv/lib/python3.12/site-packages/airflow/example_dags/example_dynamic_task_mapping.py took 0.095 seconds
[2026-01-08T11:47:18.390+0530] {processor.py:186} INFO - Started process (PID=24171) to work on /home/sneha/spotify_airflow_project/venv/lib/python3.12/site-packages/airflow/example_dags/example_dynamic_task_mapping.py
[2026-01-08T11:47:18.401+0530] {processor.py:914} INFO - Processing file /home/sneha/spotify_airflow_project/venv/lib/python3.12/site-packages/airflow/example_dags/example_dynamic_task_mapping.py for tasks to queue
[2026-01-08T11:47:18.403+0530] {logging_mixin.py:190} INFO - [2026-01-08T11:47:18.402+0530] {dagbag.py:588} INFO - Filling up the DagBag from /home/sneha/spotify_airflow_project/venv/lib/python3.12/site-packages/airflow/example_dags/example_dynamic_task_mapping.py
[2026-01-08T11:47:18.413+0530] {processor.py:925} INFO - DAG(s) 'example_dynamic_task_mapping' retrieved from /home/sneha/spotify_airflow_project/venv/lib/python3.12/site-packages/airflow/example_dags/example_dynamic_task_mapping.py
[2026-01-08T11:47:18.436+0530] {logging_mixin.py:190} INFO - [2026-01-08T11:47:18.436+0530] {dag.py:3239} INFO - Sync 1 DAGs
[2026-01-08T11:47:18.453+0530] {logging_mixin.py:190} INFO - [2026-01-08T11:47:18.453+0530] {dag.py:4180} INFO - Setting next_dagrun for example_dynamic_task_mapping to None, run_after=None
[2026-01-08T11:47:18.481+0530] {processor.py:208} INFO - Processing /home/sneha/spotify_airflow_project/venv/lib/python3.12/site-packages/airflow/example_dags/example_dynamic_task_mapping.py took 0.100 seconds
[2026-01-08T11:48:22.709+0530] {processor.py:186} INFO - Started process (PID=24262) to work on /home/sneha/spotify_airflow_project/venv/lib/python3.12/site-packages/airflow/example_dags/example_dynamic_task_mapping.py
[2026-01-08T11:48:22.711+0530] {processor.py:914} INFO - Processing file /home/sneha/spotify_airflow_project/venv/lib/python3.12/site-packages/airflow/example_dags/example_dynamic_task_mapping.py for tasks to queue
[2026-01-08T11:48:22.712+0530] {logging_mixin.py:190} INFO - [2026-01-08T11:48:22.712+0530] {dagbag.py:588} INFO - Filling up the DagBag from /home/sneha/spotify_airflow_project/venv/lib/python3.12/site-packages/airflow/example_dags/example_dynamic_task_mapping.py
[2026-01-08T11:48:22.722+0530] {processor.py:925} INFO - DAG(s) 'example_dynamic_task_mapping' retrieved from /home/sneha/spotify_airflow_project/venv/lib/python3.12/site-packages/airflow/example_dags/example_dynamic_task_mapping.py
[2026-01-08T11:48:22.748+0530] {logging_mixin.py:190} INFO - [2026-01-08T11:48:22.747+0530] {dag.py:3239} INFO - Sync 1 DAGs
[2026-01-08T11:48:22.766+0530] {logging_mixin.py:190} INFO - [2026-01-08T11:48:22.765+0530] {dag.py:4180} INFO - Setting next_dagrun for example_dynamic_task_mapping to None, run_after=None
[2026-01-08T11:48:22.793+0530] {processor.py:208} INFO - Processing /home/sneha/spotify_airflow_project/venv/lib/python3.12/site-packages/airflow/example_dags/example_dynamic_task_mapping.py took 0.093 seconds
[2026-01-08T11:49:25.740+0530] {processor.py:186} INFO - Started process (PID=24324) to work on /home/sneha/spotify_airflow_project/venv/lib/python3.12/site-packages/airflow/example_dags/example_dynamic_task_mapping.py
[2026-01-08T11:49:25.742+0530] {processor.py:914} INFO - Processing file /home/sneha/spotify_airflow_project/venv/lib/python3.12/site-packages/airflow/example_dags/example_dynamic_task_mapping.py for tasks to queue
[2026-01-08T11:49:25.744+0530] {logging_mixin.py:190} INFO - [2026-01-08T11:49:25.743+0530] {dagbag.py:588} INFO - Filling up the DagBag from /home/sneha/spotify_airflow_project/venv/lib/python3.12/site-packages/airflow/example_dags/example_dynamic_task_mapping.py
[2026-01-08T11:49:25.755+0530] {processor.py:925} INFO - DAG(s) 'example_dynamic_task_mapping' retrieved from /home/sneha/spotify_airflow_project/venv/lib/python3.12/site-packages/airflow/example_dags/example_dynamic_task_mapping.py
[2026-01-08T11:49:25.781+0530] {logging_mixin.py:190} INFO - [2026-01-08T11:49:25.781+0530] {dag.py:3239} INFO - Sync 1 DAGs
[2026-01-08T11:49:25.798+0530] {logging_mixin.py:190} INFO - [2026-01-08T11:49:25.797+0530] {dag.py:4180} INFO - Setting next_dagrun for example_dynamic_task_mapping to None, run_after=None
[2026-01-08T11:49:25.823+0530] {processor.py:208} INFO - Processing /home/sneha/spotify_airflow_project/venv/lib/python3.12/site-packages/airflow/example_dags/example_dynamic_task_mapping.py took 0.097 seconds
[2026-01-08T11:50:31.566+0530] {processor.py:186} INFO - Started process (PID=24397) to work on /home/sneha/spotify_airflow_project/venv/lib/python3.12/site-packages/airflow/example_dags/example_dynamic_task_mapping.py
[2026-01-08T11:50:31.577+0530] {processor.py:914} INFO - Processing file /home/sneha/spotify_airflow_project/venv/lib/python3.12/site-packages/airflow/example_dags/example_dynamic_task_mapping.py for tasks to queue
[2026-01-08T11:50:31.578+0530] {logging_mixin.py:190} INFO - [2026-01-08T11:50:31.578+0530] {dagbag.py:588} INFO - Filling up the DagBag from /home/sneha/spotify_airflow_project/venv/lib/python3.12/site-packages/airflow/example_dags/example_dynamic_task_mapping.py
[2026-01-08T11:50:31.588+0530] {processor.py:925} INFO - DAG(s) 'example_dynamic_task_mapping' retrieved from /home/sneha/spotify_airflow_project/venv/lib/python3.12/site-packages/airflow/example_dags/example_dynamic_task_mapping.py
[2026-01-08T11:50:31.612+0530] {logging_mixin.py:190} INFO - [2026-01-08T11:50:31.611+0530] {dag.py:3239} INFO - Sync 1 DAGs
[2026-01-08T11:50:31.629+0530] {logging_mixin.py:190} INFO - [2026-01-08T11:50:31.629+0530] {dag.py:4180} INFO - Setting next_dagrun for example_dynamic_task_mapping to None, run_after=None
[2026-01-08T11:50:31.657+0530] {processor.py:208} INFO - Processing /home/sneha/spotify_airflow_project/venv/lib/python3.12/site-packages/airflow/example_dags/example_dynamic_task_mapping.py took 0.102 seconds
[2026-01-08T11:51:35.700+0530] {processor.py:186} INFO - Started process (PID=24462) to work on /home/sneha/spotify_airflow_project/venv/lib/python3.12/site-packages/airflow/example_dags/example_dynamic_task_mapping.py
[2026-01-08T11:51:35.701+0530] {processor.py:914} INFO - Processing file /home/sneha/spotify_airflow_project/venv/lib/python3.12/site-packages/airflow/example_dags/example_dynamic_task_mapping.py for tasks to queue
[2026-01-08T11:51:35.703+0530] {logging_mixin.py:190} INFO - [2026-01-08T11:51:35.702+0530] {dagbag.py:588} INFO - Filling up the DagBag from /home/sneha/spotify_airflow_project/venv/lib/python3.12/site-packages/airflow/example_dags/example_dynamic_task_mapping.py
[2026-01-08T11:51:35.713+0530] {processor.py:925} INFO - DAG(s) 'example_dynamic_task_mapping' retrieved from /home/sneha/spotify_airflow_project/venv/lib/python3.12/site-packages/airflow/example_dags/example_dynamic_task_mapping.py
[2026-01-08T11:51:35.737+0530] {logging_mixin.py:190} INFO - [2026-01-08T11:51:35.736+0530] {dag.py:3239} INFO - Sync 1 DAGs
[2026-01-08T11:51:35.753+0530] {logging_mixin.py:190} INFO - [2026-01-08T11:51:35.753+0530] {dag.py:4180} INFO - Setting next_dagrun for example_dynamic_task_mapping to None, run_after=None
[2026-01-08T11:51:35.780+0530] {processor.py:208} INFO - Processing /home/sneha/spotify_airflow_project/venv/lib/python3.12/site-packages/airflow/example_dags/example_dynamic_task_mapping.py took 0.092 seconds
[2026-01-08T11:52:37.549+0530] {processor.py:186} INFO - Started process (PID=24535) to work on /home/sneha/spotify_airflow_project/venv/lib/python3.12/site-packages/airflow/example_dags/example_dynamic_task_mapping.py
[2026-01-08T11:52:37.561+0530] {processor.py:914} INFO - Processing file /home/sneha/spotify_airflow_project/venv/lib/python3.12/site-packages/airflow/example_dags/example_dynamic_task_mapping.py for tasks to queue
[2026-01-08T11:52:37.563+0530] {logging_mixin.py:190} INFO - [2026-01-08T11:52:37.562+0530] {dagbag.py:588} INFO - Filling up the DagBag from /home/sneha/spotify_airflow_project/venv/lib/python3.12/site-packages/airflow/example_dags/example_dynamic_task_mapping.py
[2026-01-08T11:52:37.572+0530] {processor.py:925} INFO - DAG(s) 'example_dynamic_task_mapping' retrieved from /home/sneha/spotify_airflow_project/venv/lib/python3.12/site-packages/airflow/example_dags/example_dynamic_task_mapping.py
[2026-01-08T11:52:37.596+0530] {logging_mixin.py:190} INFO - [2026-01-08T11:52:37.595+0530] {dag.py:3239} INFO - Sync 1 DAGs
[2026-01-08T11:52:37.613+0530] {logging_mixin.py:190} INFO - [2026-01-08T11:52:37.612+0530] {dag.py:4180} INFO - Setting next_dagrun for example_dynamic_task_mapping to None, run_after=None
[2026-01-08T11:52:37.638+0530] {processor.py:208} INFO - Processing /home/sneha/spotify_airflow_project/venv/lib/python3.12/site-packages/airflow/example_dags/example_dynamic_task_mapping.py took 0.100 seconds
[2026-01-08T11:53:40.299+0530] {processor.py:186} INFO - Started process (PID=24626) to work on /home/sneha/spotify_airflow_project/venv/lib/python3.12/site-packages/airflow/example_dags/example_dynamic_task_mapping.py
[2026-01-08T11:53:40.300+0530] {processor.py:914} INFO - Processing file /home/sneha/spotify_airflow_project/venv/lib/python3.12/site-packages/airflow/example_dags/example_dynamic_task_mapping.py for tasks to queue
[2026-01-08T11:53:40.302+0530] {logging_mixin.py:190} INFO - [2026-01-08T11:53:40.302+0530] {dagbag.py:588} INFO - Filling up the DagBag from /home/sneha/spotify_airflow_project/venv/lib/python3.12/site-packages/airflow/example_dags/example_dynamic_task_mapping.py
[2026-01-08T11:53:40.312+0530] {processor.py:925} INFO - DAG(s) 'example_dynamic_task_mapping' retrieved from /home/sneha/spotify_airflow_project/venv/lib/python3.12/site-packages/airflow/example_dags/example_dynamic_task_mapping.py
[2026-01-08T11:53:40.336+0530] {logging_mixin.py:190} INFO - [2026-01-08T11:53:40.336+0530] {dag.py:3239} INFO - Sync 1 DAGs
[2026-01-08T11:53:40.353+0530] {logging_mixin.py:190} INFO - [2026-01-08T11:53:40.353+0530] {dag.py:4180} INFO - Setting next_dagrun for example_dynamic_task_mapping to None, run_after=None
[2026-01-08T11:53:40.380+0530] {processor.py:208} INFO - Processing /home/sneha/spotify_airflow_project/venv/lib/python3.12/site-packages/airflow/example_dags/example_dynamic_task_mapping.py took 0.093 seconds
[2026-01-08T11:54:42.733+0530] {processor.py:186} INFO - Started process (PID=24690) to work on /home/sneha/spotify_airflow_project/venv/lib/python3.12/site-packages/airflow/example_dags/example_dynamic_task_mapping.py
[2026-01-08T11:54:42.745+0530] {processor.py:914} INFO - Processing file /home/sneha/spotify_airflow_project/venv/lib/python3.12/site-packages/airflow/example_dags/example_dynamic_task_mapping.py for tasks to queue
[2026-01-08T11:54:42.747+0530] {logging_mixin.py:190} INFO - [2026-01-08T11:54:42.746+0530] {dagbag.py:588} INFO - Filling up the DagBag from /home/sneha/spotify_airflow_project/venv/lib/python3.12/site-packages/airflow/example_dags/example_dynamic_task_mapping.py
[2026-01-08T11:54:42.756+0530] {processor.py:925} INFO - DAG(s) 'example_dynamic_task_mapping' retrieved from /home/sneha/spotify_airflow_project/venv/lib/python3.12/site-packages/airflow/example_dags/example_dynamic_task_mapping.py
[2026-01-08T11:54:42.779+0530] {logging_mixin.py:190} INFO - [2026-01-08T11:54:42.779+0530] {dag.py:3239} INFO - Sync 1 DAGs
[2026-01-08T11:54:42.796+0530] {logging_mixin.py:190} INFO - [2026-01-08T11:54:42.795+0530] {dag.py:4180} INFO - Setting next_dagrun for example_dynamic_task_mapping to None, run_after=None
[2026-01-08T11:54:42.822+0530] {processor.py:208} INFO - Processing /home/sneha/spotify_airflow_project/venv/lib/python3.12/site-packages/airflow/example_dags/example_dynamic_task_mapping.py took 0.100 seconds
[2026-01-08T11:55:45.390+0530] {processor.py:186} INFO - Started process (PID=24758) to work on /home/sneha/spotify_airflow_project/venv/lib/python3.12/site-packages/airflow/example_dags/example_dynamic_task_mapping.py
[2026-01-08T11:55:45.401+0530] {processor.py:914} INFO - Processing file /home/sneha/spotify_airflow_project/venv/lib/python3.12/site-packages/airflow/example_dags/example_dynamic_task_mapping.py for tasks to queue
[2026-01-08T11:55:45.403+0530] {logging_mixin.py:190} INFO - [2026-01-08T11:55:45.402+0530] {dagbag.py:588} INFO - Filling up the DagBag from /home/sneha/spotify_airflow_project/venv/lib/python3.12/site-packages/airflow/example_dags/example_dynamic_task_mapping.py
[2026-01-08T11:55:45.413+0530] {processor.py:925} INFO - DAG(s) 'example_dynamic_task_mapping' retrieved from /home/sneha/spotify_airflow_project/venv/lib/python3.12/site-packages/airflow/example_dags/example_dynamic_task_mapping.py
[2026-01-08T11:55:45.437+0530] {logging_mixin.py:190} INFO - [2026-01-08T11:55:45.437+0530] {dag.py:3239} INFO - Sync 1 DAGs
[2026-01-08T11:55:45.455+0530] {logging_mixin.py:190} INFO - [2026-01-08T11:55:45.454+0530] {dag.py:4180} INFO - Setting next_dagrun for example_dynamic_task_mapping to None, run_after=None
[2026-01-08T11:55:45.482+0530] {processor.py:208} INFO - Processing /home/sneha/spotify_airflow_project/venv/lib/python3.12/site-packages/airflow/example_dags/example_dynamic_task_mapping.py took 0.103 seconds
[2026-01-08T11:56:47.779+0530] {processor.py:186} INFO - Started process (PID=24819) to work on /home/sneha/spotify_airflow_project/venv/lib/python3.12/site-packages/airflow/example_dags/example_dynamic_task_mapping.py
[2026-01-08T11:56:47.780+0530] {processor.py:914} INFO - Processing file /home/sneha/spotify_airflow_project/venv/lib/python3.12/site-packages/airflow/example_dags/example_dynamic_task_mapping.py for tasks to queue
[2026-01-08T11:56:47.782+0530] {logging_mixin.py:190} INFO - [2026-01-08T11:56:47.781+0530] {dagbag.py:588} INFO - Filling up the DagBag from /home/sneha/spotify_airflow_project/venv/lib/python3.12/site-packages/airflow/example_dags/example_dynamic_task_mapping.py
[2026-01-08T11:56:47.791+0530] {processor.py:925} INFO - DAG(s) 'example_dynamic_task_mapping' retrieved from /home/sneha/spotify_airflow_project/venv/lib/python3.12/site-packages/airflow/example_dags/example_dynamic_task_mapping.py
[2026-01-08T11:56:47.814+0530] {logging_mixin.py:190} INFO - [2026-01-08T11:56:47.814+0530] {dag.py:3239} INFO - Sync 1 DAGs
[2026-01-08T11:56:47.832+0530] {logging_mixin.py:190} INFO - [2026-01-08T11:56:47.832+0530] {dag.py:4180} INFO - Setting next_dagrun for example_dynamic_task_mapping to None, run_after=None
[2026-01-08T11:56:47.859+0530] {processor.py:208} INFO - Processing /home/sneha/spotify_airflow_project/venv/lib/python3.12/site-packages/airflow/example_dags/example_dynamic_task_mapping.py took 0.092 seconds
[2026-01-08T11:57:48.053+0530] {processor.py:186} INFO - Started process (PID=24881) to work on /home/sneha/spotify_airflow_project/venv/lib/python3.12/site-packages/airflow/example_dags/example_dynamic_task_mapping.py
[2026-01-08T11:57:48.064+0530] {processor.py:914} INFO - Processing file /home/sneha/spotify_airflow_project/venv/lib/python3.12/site-packages/airflow/example_dags/example_dynamic_task_mapping.py for tasks to queue
[2026-01-08T11:57:48.066+0530] {logging_mixin.py:190} INFO - [2026-01-08T11:57:48.065+0530] {dagbag.py:588} INFO - Filling up the DagBag from /home/sneha/spotify_airflow_project/venv/lib/python3.12/site-packages/airflow/example_dags/example_dynamic_task_mapping.py
[2026-01-08T11:57:48.076+0530] {processor.py:925} INFO - DAG(s) 'example_dynamic_task_mapping' retrieved from /home/sneha/spotify_airflow_project/venv/lib/python3.12/site-packages/airflow/example_dags/example_dynamic_task_mapping.py
[2026-01-08T11:57:48.102+0530] {logging_mixin.py:190} INFO - [2026-01-08T11:57:48.101+0530] {dag.py:3239} INFO - Sync 1 DAGs
[2026-01-08T11:57:48.121+0530] {logging_mixin.py:190} INFO - [2026-01-08T11:57:48.120+0530] {dag.py:4180} INFO - Setting next_dagrun for example_dynamic_task_mapping to None, run_after=None
[2026-01-08T11:57:48.150+0530] {processor.py:208} INFO - Processing /home/sneha/spotify_airflow_project/venv/lib/python3.12/site-packages/airflow/example_dags/example_dynamic_task_mapping.py took 0.109 seconds
[2026-01-08T11:58:47.049+0530] {processor.py:186} INFO - Started process (PID=24968) to work on /home/sneha/spotify_airflow_project/venv/lib/python3.12/site-packages/airflow/example_dags/example_dynamic_task_mapping.py
[2026-01-08T11:58:47.051+0530] {processor.py:914} INFO - Processing file /home/sneha/spotify_airflow_project/venv/lib/python3.12/site-packages/airflow/example_dags/example_dynamic_task_mapping.py for tasks to queue
[2026-01-08T11:58:47.053+0530] {logging_mixin.py:190} INFO - [2026-01-08T11:58:47.052+0530] {dagbag.py:588} INFO - Filling up the DagBag from /home/sneha/spotify_airflow_project/venv/lib/python3.12/site-packages/airflow/example_dags/example_dynamic_task_mapping.py
[2026-01-08T11:58:47.062+0530] {processor.py:925} INFO - DAG(s) 'example_dynamic_task_mapping' retrieved from /home/sneha/spotify_airflow_project/venv/lib/python3.12/site-packages/airflow/example_dags/example_dynamic_task_mapping.py
[2026-01-08T11:58:47.087+0530] {logging_mixin.py:190} INFO - [2026-01-08T11:58:47.086+0530] {dag.py:3239} INFO - Sync 1 DAGs
[2026-01-08T11:58:47.104+0530] {logging_mixin.py:190} INFO - [2026-01-08T11:58:47.104+0530] {dag.py:4180} INFO - Setting next_dagrun for example_dynamic_task_mapping to None, run_after=None
[2026-01-08T11:58:47.132+0530] {processor.py:208} INFO - Processing /home/sneha/spotify_airflow_project/venv/lib/python3.12/site-packages/airflow/example_dags/example_dynamic_task_mapping.py took 0.093 seconds
[2026-01-08T11:59:47.229+0530] {processor.py:186} INFO - Started process (PID=25029) to work on /home/sneha/spotify_airflow_project/venv/lib/python3.12/site-packages/airflow/example_dags/example_dynamic_task_mapping.py
[2026-01-08T11:59:47.231+0530] {processor.py:914} INFO - Processing file /home/sneha/spotify_airflow_project/venv/lib/python3.12/site-packages/airflow/example_dags/example_dynamic_task_mapping.py for tasks to queue
[2026-01-08T11:59:47.232+0530] {logging_mixin.py:190} INFO - [2026-01-08T11:59:47.232+0530] {dagbag.py:588} INFO - Filling up the DagBag from /home/sneha/spotify_airflow_project/venv/lib/python3.12/site-packages/airflow/example_dags/example_dynamic_task_mapping.py
[2026-01-08T11:59:47.242+0530] {processor.py:925} INFO - DAG(s) 'example_dynamic_task_mapping' retrieved from /home/sneha/spotify_airflow_project/venv/lib/python3.12/site-packages/airflow/example_dags/example_dynamic_task_mapping.py
[2026-01-08T11:59:47.265+0530] {logging_mixin.py:190} INFO - [2026-01-08T11:59:47.264+0530] {dag.py:3239} INFO - Sync 1 DAGs
[2026-01-08T11:59:47.281+0530] {logging_mixin.py:190} INFO - [2026-01-08T11:59:47.281+0530] {dag.py:4180} INFO - Setting next_dagrun for example_dynamic_task_mapping to None, run_after=None
[2026-01-08T11:59:47.308+0530] {processor.py:208} INFO - Processing /home/sneha/spotify_airflow_project/venv/lib/python3.12/site-packages/airflow/example_dags/example_dynamic_task_mapping.py took 0.090 seconds
[2026-01-08T12:00:49.217+0530] {processor.py:186} INFO - Started process (PID=25092) to work on /home/sneha/spotify_airflow_project/venv/lib/python3.12/site-packages/airflow/example_dags/example_dynamic_task_mapping.py
[2026-01-08T12:00:49.219+0530] {processor.py:914} INFO - Processing file /home/sneha/spotify_airflow_project/venv/lib/python3.12/site-packages/airflow/example_dags/example_dynamic_task_mapping.py for tasks to queue
[2026-01-08T12:00:49.221+0530] {logging_mixin.py:190} INFO - [2026-01-08T12:00:49.220+0530] {dagbag.py:588} INFO - Filling up the DagBag from /home/sneha/spotify_airflow_project/venv/lib/python3.12/site-packages/airflow/example_dags/example_dynamic_task_mapping.py
[2026-01-08T12:00:49.231+0530] {processor.py:925} INFO - DAG(s) 'example_dynamic_task_mapping' retrieved from /home/sneha/spotify_airflow_project/venv/lib/python3.12/site-packages/airflow/example_dags/example_dynamic_task_mapping.py
[2026-01-08T12:00:49.256+0530] {logging_mixin.py:190} INFO - [2026-01-08T12:00:49.255+0530] {dag.py:3239} INFO - Sync 1 DAGs
[2026-01-08T12:00:49.274+0530] {logging_mixin.py:190} INFO - [2026-01-08T12:00:49.274+0530] {dag.py:4180} INFO - Setting next_dagrun for example_dynamic_task_mapping to None, run_after=None
[2026-01-08T12:00:49.301+0530] {processor.py:208} INFO - Processing /home/sneha/spotify_airflow_project/venv/lib/python3.12/site-packages/airflow/example_dags/example_dynamic_task_mapping.py took 0.096 seconds
[2026-01-08T12:01:51.968+0530] {processor.py:186} INFO - Started process (PID=25153) to work on /home/sneha/spotify_airflow_project/venv/lib/python3.12/site-packages/airflow/example_dags/example_dynamic_task_mapping.py
[2026-01-08T12:01:51.970+0530] {processor.py:914} INFO - Processing file /home/sneha/spotify_airflow_project/venv/lib/python3.12/site-packages/airflow/example_dags/example_dynamic_task_mapping.py for tasks to queue
[2026-01-08T12:01:51.972+0530] {logging_mixin.py:190} INFO - [2026-01-08T12:01:51.971+0530] {dagbag.py:588} INFO - Filling up the DagBag from /home/sneha/spotify_airflow_project/venv/lib/python3.12/site-packages/airflow/example_dags/example_dynamic_task_mapping.py
[2026-01-08T12:01:51.981+0530] {processor.py:925} INFO - DAG(s) 'example_dynamic_task_mapping' retrieved from /home/sneha/spotify_airflow_project/venv/lib/python3.12/site-packages/airflow/example_dags/example_dynamic_task_mapping.py
[2026-01-08T12:01:52.004+0530] {logging_mixin.py:190} INFO - [2026-01-08T12:01:52.003+0530] {dag.py:3239} INFO - Sync 1 DAGs
[2026-01-08T12:01:52.020+0530] {logging_mixin.py:190} INFO - [2026-01-08T12:01:52.020+0530] {dag.py:4180} INFO - Setting next_dagrun for example_dynamic_task_mapping to None, run_after=None
[2026-01-08T12:01:52.046+0530] {processor.py:208} INFO - Processing /home/sneha/spotify_airflow_project/venv/lib/python3.12/site-packages/airflow/example_dags/example_dynamic_task_mapping.py took 0.090 seconds
[2026-01-08T12:02:57.773+0530] {processor.py:186} INFO - Started process (PID=25219) to work on /home/sneha/spotify_airflow_project/venv/lib/python3.12/site-packages/airflow/example_dags/example_dynamic_task_mapping.py
[2026-01-08T12:02:57.775+0530] {processor.py:914} INFO - Processing file /home/sneha/spotify_airflow_project/venv/lib/python3.12/site-packages/airflow/example_dags/example_dynamic_task_mapping.py for tasks to queue
[2026-01-08T12:02:57.777+0530] {logging_mixin.py:190} INFO - [2026-01-08T12:02:57.776+0530] {dagbag.py:588} INFO - Filling up the DagBag from /home/sneha/spotify_airflow_project/venv/lib/python3.12/site-packages/airflow/example_dags/example_dynamic_task_mapping.py
[2026-01-08T12:02:57.786+0530] {processor.py:925} INFO - DAG(s) 'example_dynamic_task_mapping' retrieved from /home/sneha/spotify_airflow_project/venv/lib/python3.12/site-packages/airflow/example_dags/example_dynamic_task_mapping.py
[2026-01-08T12:02:57.811+0530] {logging_mixin.py:190} INFO - [2026-01-08T12:02:57.810+0530] {dag.py:3239} INFO - Sync 1 DAGs
[2026-01-08T12:02:57.828+0530] {logging_mixin.py:190} INFO - [2026-01-08T12:02:57.828+0530] {dag.py:4180} INFO - Setting next_dagrun for example_dynamic_task_mapping to None, run_after=None
[2026-01-08T12:02:57.855+0530] {processor.py:208} INFO - Processing /home/sneha/spotify_airflow_project/venv/lib/python3.12/site-packages/airflow/example_dags/example_dynamic_task_mapping.py took 0.093 seconds
[2026-01-08T12:04:01.760+0530] {processor.py:186} INFO - Started process (PID=25310) to work on /home/sneha/spotify_airflow_project/venv/lib/python3.12/site-packages/airflow/example_dags/example_dynamic_task_mapping.py
[2026-01-08T12:04:01.761+0530] {processor.py:914} INFO - Processing file /home/sneha/spotify_airflow_project/venv/lib/python3.12/site-packages/airflow/example_dags/example_dynamic_task_mapping.py for tasks to queue
[2026-01-08T12:04:01.763+0530] {logging_mixin.py:190} INFO - [2026-01-08T12:04:01.763+0530] {dagbag.py:588} INFO - Filling up the DagBag from /home/sneha/spotify_airflow_project/venv/lib/python3.12/site-packages/airflow/example_dags/example_dynamic_task_mapping.py
[2026-01-08T12:04:01.774+0530] {processor.py:925} INFO - DAG(s) 'example_dynamic_task_mapping' retrieved from /home/sneha/spotify_airflow_project/venv/lib/python3.12/site-packages/airflow/example_dags/example_dynamic_task_mapping.py
[2026-01-08T12:04:01.799+0530] {logging_mixin.py:190} INFO - [2026-01-08T12:04:01.799+0530] {dag.py:3239} INFO - Sync 1 DAGs
[2026-01-08T12:04:01.818+0530] {logging_mixin.py:190} INFO - [2026-01-08T12:04:01.817+0530] {dag.py:4180} INFO - Setting next_dagrun for example_dynamic_task_mapping to None, run_after=None
[2026-01-08T12:04:01.845+0530] {processor.py:208} INFO - Processing /home/sneha/spotify_airflow_project/venv/lib/python3.12/site-packages/airflow/example_dags/example_dynamic_task_mapping.py took 0.095 seconds
[2026-01-08T12:05:06.839+0530] {processor.py:186} INFO - Started process (PID=25386) to work on /home/sneha/spotify_airflow_project/venv/lib/python3.12/site-packages/airflow/example_dags/example_dynamic_task_mapping.py
[2026-01-08T12:05:06.841+0530] {processor.py:914} INFO - Processing file /home/sneha/spotify_airflow_project/venv/lib/python3.12/site-packages/airflow/example_dags/example_dynamic_task_mapping.py for tasks to queue
[2026-01-08T12:05:06.842+0530] {logging_mixin.py:190} INFO - [2026-01-08T12:05:06.842+0530] {dagbag.py:588} INFO - Filling up the DagBag from /home/sneha/spotify_airflow_project/venv/lib/python3.12/site-packages/airflow/example_dags/example_dynamic_task_mapping.py
[2026-01-08T12:05:06.852+0530] {processor.py:925} INFO - DAG(s) 'example_dynamic_task_mapping' retrieved from /home/sneha/spotify_airflow_project/venv/lib/python3.12/site-packages/airflow/example_dags/example_dynamic_task_mapping.py
[2026-01-08T12:05:06.876+0530] {logging_mixin.py:190} INFO - [2026-01-08T12:05:06.875+0530] {dag.py:3239} INFO - Sync 1 DAGs
[2026-01-08T12:05:06.893+0530] {logging_mixin.py:190} INFO - [2026-01-08T12:05:06.892+0530] {dag.py:4180} INFO - Setting next_dagrun for example_dynamic_task_mapping to None, run_after=None
[2026-01-08T12:05:06.921+0530] {processor.py:208} INFO - Processing /home/sneha/spotify_airflow_project/venv/lib/python3.12/site-packages/airflow/example_dags/example_dynamic_task_mapping.py took 0.094 seconds
[2026-01-08T12:06:09.091+0530] {processor.py:186} INFO - Started process (PID=25449) to work on /home/sneha/spotify_airflow_project/venv/lib/python3.12/site-packages/airflow/example_dags/example_dynamic_task_mapping.py
[2026-01-08T12:06:09.092+0530] {processor.py:914} INFO - Processing file /home/sneha/spotify_airflow_project/venv/lib/python3.12/site-packages/airflow/example_dags/example_dynamic_task_mapping.py for tasks to queue
[2026-01-08T12:06:09.094+0530] {logging_mixin.py:190} INFO - [2026-01-08T12:06:09.094+0530] {dagbag.py:588} INFO - Filling up the DagBag from /home/sneha/spotify_airflow_project/venv/lib/python3.12/site-packages/airflow/example_dags/example_dynamic_task_mapping.py
[2026-01-08T12:06:09.105+0530] {processor.py:925} INFO - DAG(s) 'example_dynamic_task_mapping' retrieved from /home/sneha/spotify_airflow_project/venv/lib/python3.12/site-packages/airflow/example_dags/example_dynamic_task_mapping.py
[2026-01-08T12:06:09.130+0530] {logging_mixin.py:190} INFO - [2026-01-08T12:06:09.129+0530] {dag.py:3239} INFO - Sync 1 DAGs
[2026-01-08T12:06:09.147+0530] {logging_mixin.py:190} INFO - [2026-01-08T12:06:09.147+0530] {dag.py:4180} INFO - Setting next_dagrun for example_dynamic_task_mapping to None, run_after=None
[2026-01-08T12:06:09.175+0530] {processor.py:208} INFO - Processing /home/sneha/spotify_airflow_project/venv/lib/python3.12/site-packages/airflow/example_dags/example_dynamic_task_mapping.py took 0.095 seconds
[2026-01-08T12:07:08.354+0530] {processor.py:186} INFO - Started process (PID=25511) to work on /home/sneha/spotify_airflow_project/venv/lib/python3.12/site-packages/airflow/example_dags/example_dynamic_task_mapping.py
[2026-01-08T12:07:08.366+0530] {processor.py:914} INFO - Processing file /home/sneha/spotify_airflow_project/venv/lib/python3.12/site-packages/airflow/example_dags/example_dynamic_task_mapping.py for tasks to queue
[2026-01-08T12:07:08.368+0530] {logging_mixin.py:190} INFO - [2026-01-08T12:07:08.367+0530] {dagbag.py:588} INFO - Filling up the DagBag from /home/sneha/spotify_airflow_project/venv/lib/python3.12/site-packages/airflow/example_dags/example_dynamic_task_mapping.py
[2026-01-08T12:07:08.377+0530] {processor.py:925} INFO - DAG(s) 'example_dynamic_task_mapping' retrieved from /home/sneha/spotify_airflow_project/venv/lib/python3.12/site-packages/airflow/example_dags/example_dynamic_task_mapping.py
[2026-01-08T12:07:08.401+0530] {logging_mixin.py:190} INFO - [2026-01-08T12:07:08.400+0530] {dag.py:3239} INFO - Sync 1 DAGs
[2026-01-08T12:07:08.417+0530] {logging_mixin.py:190} INFO - [2026-01-08T12:07:08.416+0530] {dag.py:4180} INFO - Setting next_dagrun for example_dynamic_task_mapping to None, run_after=None
[2026-01-08T12:07:08.443+0530] {processor.py:208} INFO - Processing /home/sneha/spotify_airflow_project/venv/lib/python3.12/site-packages/airflow/example_dags/example_dynamic_task_mapping.py took 0.100 seconds
[2026-01-08T12:08:09.580+0530] {processor.py:186} INFO - Started process (PID=25571) to work on /home/sneha/spotify_airflow_project/venv/lib/python3.12/site-packages/airflow/example_dags/example_dynamic_task_mapping.py
[2026-01-08T12:08:09.582+0530] {processor.py:914} INFO - Processing file /home/sneha/spotify_airflow_project/venv/lib/python3.12/site-packages/airflow/example_dags/example_dynamic_task_mapping.py for tasks to queue
[2026-01-08T12:08:09.584+0530] {logging_mixin.py:190} INFO - [2026-01-08T12:08:09.583+0530] {dagbag.py:588} INFO - Filling up the DagBag from /home/sneha/spotify_airflow_project/venv/lib/python3.12/site-packages/airflow/example_dags/example_dynamic_task_mapping.py
[2026-01-08T12:08:09.594+0530] {processor.py:925} INFO - DAG(s) 'example_dynamic_task_mapping' retrieved from /home/sneha/spotify_airflow_project/venv/lib/python3.12/site-packages/airflow/example_dags/example_dynamic_task_mapping.py
[2026-01-08T12:08:09.620+0530] {logging_mixin.py:190} INFO - [2026-01-08T12:08:09.619+0530] {dag.py:3239} INFO - Sync 1 DAGs
[2026-01-08T12:08:09.638+0530] {logging_mixin.py:190} INFO - [2026-01-08T12:08:09.638+0530] {dag.py:4180} INFO - Setting next_dagrun for example_dynamic_task_mapping to None, run_after=None
[2026-01-08T12:08:09.665+0530] {processor.py:208} INFO - Processing /home/sneha/spotify_airflow_project/venv/lib/python3.12/site-packages/airflow/example_dags/example_dynamic_task_mapping.py took 0.097 seconds
[2026-01-08T12:09:18.716+0530] {processor.py:186} INFO - Started process (PID=25664) to work on /home/sneha/spotify_airflow_project/venv/lib/python3.12/site-packages/airflow/example_dags/example_dynamic_task_mapping.py
[2026-01-08T12:09:18.728+0530] {processor.py:914} INFO - Processing file /home/sneha/spotify_airflow_project/venv/lib/python3.12/site-packages/airflow/example_dags/example_dynamic_task_mapping.py for tasks to queue
[2026-01-08T12:09:18.730+0530] {logging_mixin.py:190} INFO - [2026-01-08T12:09:18.730+0530] {dagbag.py:588} INFO - Filling up the DagBag from /home/sneha/spotify_airflow_project/venv/lib/python3.12/site-packages/airflow/example_dags/example_dynamic_task_mapping.py
[2026-01-08T12:09:18.740+0530] {processor.py:925} INFO - DAG(s) 'example_dynamic_task_mapping' retrieved from /home/sneha/spotify_airflow_project/venv/lib/python3.12/site-packages/airflow/example_dags/example_dynamic_task_mapping.py
[2026-01-08T12:09:18.763+0530] {logging_mixin.py:190} INFO - [2026-01-08T12:09:18.763+0530] {dag.py:3239} INFO - Sync 1 DAGs
[2026-01-08T12:09:18.780+0530] {logging_mixin.py:190} INFO - [2026-01-08T12:09:18.779+0530] {dag.py:4180} INFO - Setting next_dagrun for example_dynamic_task_mapping to None, run_after=None
[2026-01-08T12:09:18.808+0530] {processor.py:208} INFO - Processing /home/sneha/spotify_airflow_project/venv/lib/python3.12/site-packages/airflow/example_dags/example_dynamic_task_mapping.py took 0.104 seconds
[2026-01-08T12:10:16.786+0530] {processor.py:186} INFO - Started process (PID=25728) to work on /home/sneha/spotify_airflow_project/venv/lib/python3.12/site-packages/airflow/example_dags/example_dynamic_task_mapping.py
[2026-01-08T12:10:16.787+0530] {processor.py:914} INFO - Processing file /home/sneha/spotify_airflow_project/venv/lib/python3.12/site-packages/airflow/example_dags/example_dynamic_task_mapping.py for tasks to queue
[2026-01-08T12:10:16.789+0530] {logging_mixin.py:190} INFO - [2026-01-08T12:10:16.789+0530] {dagbag.py:588} INFO - Filling up the DagBag from /home/sneha/spotify_airflow_project/venv/lib/python3.12/site-packages/airflow/example_dags/example_dynamic_task_mapping.py
[2026-01-08T12:10:16.799+0530] {processor.py:925} INFO - DAG(s) 'example_dynamic_task_mapping' retrieved from /home/sneha/spotify_airflow_project/venv/lib/python3.12/site-packages/airflow/example_dags/example_dynamic_task_mapping.py
[2026-01-08T12:10:16.825+0530] {logging_mixin.py:190} INFO - [2026-01-08T12:10:16.824+0530] {dag.py:3239} INFO - Sync 1 DAGs
[2026-01-08T12:10:16.842+0530] {logging_mixin.py:190} INFO - [2026-01-08T12:10:16.842+0530] {dag.py:4180} INFO - Setting next_dagrun for example_dynamic_task_mapping to None, run_after=None
[2026-01-08T12:10:16.870+0530] {processor.py:208} INFO - Processing /home/sneha/spotify_airflow_project/venv/lib/python3.12/site-packages/airflow/example_dags/example_dynamic_task_mapping.py took 0.094 seconds
[2026-01-08T12:11:14.694+0530] {processor.py:186} INFO - Started process (PID=25788) to work on /home/sneha/spotify_airflow_project/venv/lib/python3.12/site-packages/airflow/example_dags/example_dynamic_task_mapping.py
[2026-01-08T12:11:14.696+0530] {processor.py:914} INFO - Processing file /home/sneha/spotify_airflow_project/venv/lib/python3.12/site-packages/airflow/example_dags/example_dynamic_task_mapping.py for tasks to queue
[2026-01-08T12:11:14.697+0530] {logging_mixin.py:190} INFO - [2026-01-08T12:11:14.697+0530] {dagbag.py:588} INFO - Filling up the DagBag from /home/sneha/spotify_airflow_project/venv/lib/python3.12/site-packages/airflow/example_dags/example_dynamic_task_mapping.py
[2026-01-08T12:11:14.708+0530] {processor.py:925} INFO - DAG(s) 'example_dynamic_task_mapping' retrieved from /home/sneha/spotify_airflow_project/venv/lib/python3.12/site-packages/airflow/example_dags/example_dynamic_task_mapping.py
[2026-01-08T12:11:14.732+0530] {logging_mixin.py:190} INFO - [2026-01-08T12:11:14.732+0530] {dag.py:3239} INFO - Sync 1 DAGs
[2026-01-08T12:11:14.749+0530] {logging_mixin.py:190} INFO - [2026-01-08T12:11:14.749+0530] {dag.py:4180} INFO - Setting next_dagrun for example_dynamic_task_mapping to None, run_after=None
[2026-01-08T12:11:14.776+0530] {processor.py:208} INFO - Processing /home/sneha/spotify_airflow_project/venv/lib/python3.12/site-packages/airflow/example_dags/example_dynamic_task_mapping.py took 0.091 seconds
[2026-01-08T12:12:16.546+0530] {processor.py:186} INFO - Started process (PID=25848) to work on /home/sneha/spotify_airflow_project/venv/lib/python3.12/site-packages/airflow/example_dags/example_dynamic_task_mapping.py
[2026-01-08T12:12:16.548+0530] {processor.py:914} INFO - Processing file /home/sneha/spotify_airflow_project/venv/lib/python3.12/site-packages/airflow/example_dags/example_dynamic_task_mapping.py for tasks to queue
[2026-01-08T12:12:16.549+0530] {logging_mixin.py:190} INFO - [2026-01-08T12:12:16.549+0530] {dagbag.py:588} INFO - Filling up the DagBag from /home/sneha/spotify_airflow_project/venv/lib/python3.12/site-packages/airflow/example_dags/example_dynamic_task_mapping.py
[2026-01-08T12:12:16.559+0530] {processor.py:925} INFO - DAG(s) 'example_dynamic_task_mapping' retrieved from /home/sneha/spotify_airflow_project/venv/lib/python3.12/site-packages/airflow/example_dags/example_dynamic_task_mapping.py
[2026-01-08T12:12:16.584+0530] {logging_mixin.py:190} INFO - [2026-01-08T12:12:16.583+0530] {dag.py:3239} INFO - Sync 1 DAGs
[2026-01-08T12:12:16.602+0530] {logging_mixin.py:190} INFO - [2026-01-08T12:12:16.601+0530] {dag.py:4180} INFO - Setting next_dagrun for example_dynamic_task_mapping to None, run_after=None
[2026-01-08T12:12:16.628+0530] {processor.py:208} INFO - Processing /home/sneha/spotify_airflow_project/venv/lib/python3.12/site-packages/airflow/example_dags/example_dynamic_task_mapping.py took 0.093 seconds
[2026-01-08T12:24:47.742+0530] {processor.py:186} INFO - Started process (PID=26260) to work on /home/sneha/spotify_airflow_project/venv/lib/python3.12/site-packages/airflow/example_dags/example_dynamic_task_mapping.py
[2026-01-08T12:24:47.744+0530] {processor.py:914} INFO - Processing file /home/sneha/spotify_airflow_project/venv/lib/python3.12/site-packages/airflow/example_dags/example_dynamic_task_mapping.py for tasks to queue
[2026-01-08T12:24:47.746+0530] {logging_mixin.py:190} INFO - [2026-01-08T12:24:47.745+0530] {dagbag.py:588} INFO - Filling up the DagBag from /home/sneha/spotify_airflow_project/venv/lib/python3.12/site-packages/airflow/example_dags/example_dynamic_task_mapping.py
[2026-01-08T12:24:47.756+0530] {processor.py:925} INFO - DAG(s) 'example_dynamic_task_mapping' retrieved from /home/sneha/spotify_airflow_project/venv/lib/python3.12/site-packages/airflow/example_dags/example_dynamic_task_mapping.py
[2026-01-08T12:24:47.782+0530] {logging_mixin.py:190} INFO - [2026-01-08T12:24:47.782+0530] {dag.py:3239} INFO - Sync 1 DAGs
[2026-01-08T12:24:47.799+0530] {logging_mixin.py:190} INFO - [2026-01-08T12:24:47.799+0530] {dag.py:4180} INFO - Setting next_dagrun for example_dynamic_task_mapping to None, run_after=None
[2026-01-08T12:24:47.826+0530] {processor.py:208} INFO - Processing /home/sneha/spotify_airflow_project/venv/lib/python3.12/site-packages/airflow/example_dags/example_dynamic_task_mapping.py took 0.096 seconds
[2026-01-08T12:25:51.542+0530] {processor.py:186} INFO - Started process (PID=26327) to work on /home/sneha/spotify_airflow_project/venv/lib/python3.12/site-packages/airflow/example_dags/example_dynamic_task_mapping.py
[2026-01-08T12:25:51.544+0530] {processor.py:914} INFO - Processing file /home/sneha/spotify_airflow_project/venv/lib/python3.12/site-packages/airflow/example_dags/example_dynamic_task_mapping.py for tasks to queue
[2026-01-08T12:25:51.546+0530] {logging_mixin.py:190} INFO - [2026-01-08T12:25:51.545+0530] {dagbag.py:588} INFO - Filling up the DagBag from /home/sneha/spotify_airflow_project/venv/lib/python3.12/site-packages/airflow/example_dags/example_dynamic_task_mapping.py
[2026-01-08T12:25:51.555+0530] {processor.py:925} INFO - DAG(s) 'example_dynamic_task_mapping' retrieved from /home/sneha/spotify_airflow_project/venv/lib/python3.12/site-packages/airflow/example_dags/example_dynamic_task_mapping.py
[2026-01-08T12:25:51.578+0530] {logging_mixin.py:190} INFO - [2026-01-08T12:25:51.578+0530] {dag.py:3239} INFO - Sync 1 DAGs
[2026-01-08T12:25:51.594+0530] {logging_mixin.py:190} INFO - [2026-01-08T12:25:51.594+0530] {dag.py:4180} INFO - Setting next_dagrun for example_dynamic_task_mapping to None, run_after=None
[2026-01-08T12:25:51.621+0530] {processor.py:208} INFO - Processing /home/sneha/spotify_airflow_project/venv/lib/python3.12/site-packages/airflow/example_dags/example_dynamic_task_mapping.py took 0.090 seconds
[2026-01-08T12:26:55.750+0530] {processor.py:186} INFO - Started process (PID=26390) to work on /home/sneha/spotify_airflow_project/venv/lib/python3.12/site-packages/airflow/example_dags/example_dynamic_task_mapping.py
[2026-01-08T12:26:55.751+0530] {processor.py:914} INFO - Processing file /home/sneha/spotify_airflow_project/venv/lib/python3.12/site-packages/airflow/example_dags/example_dynamic_task_mapping.py for tasks to queue
[2026-01-08T12:26:55.753+0530] {logging_mixin.py:190} INFO - [2026-01-08T12:26:55.753+0530] {dagbag.py:588} INFO - Filling up the DagBag from /home/sneha/spotify_airflow_project/venv/lib/python3.12/site-packages/airflow/example_dags/example_dynamic_task_mapping.py
[2026-01-08T12:26:55.763+0530] {processor.py:925} INFO - DAG(s) 'example_dynamic_task_mapping' retrieved from /home/sneha/spotify_airflow_project/venv/lib/python3.12/site-packages/airflow/example_dags/example_dynamic_task_mapping.py
[2026-01-08T12:26:55.786+0530] {logging_mixin.py:190} INFO - [2026-01-08T12:26:55.786+0530] {dag.py:3239} INFO - Sync 1 DAGs
[2026-01-08T12:26:55.803+0530] {logging_mixin.py:190} INFO - [2026-01-08T12:26:55.802+0530] {dag.py:4180} INFO - Setting next_dagrun for example_dynamic_task_mapping to None, run_after=None
[2026-01-08T12:26:55.830+0530] {processor.py:208} INFO - Processing /home/sneha/spotify_airflow_project/venv/lib/python3.12/site-packages/airflow/example_dags/example_dynamic_task_mapping.py took 0.091 seconds
[2026-01-08T12:27:58.509+0530] {processor.py:186} INFO - Started process (PID=26452) to work on /home/sneha/spotify_airflow_project/venv/lib/python3.12/site-packages/airflow/example_dags/example_dynamic_task_mapping.py
[2026-01-08T12:27:58.511+0530] {processor.py:914} INFO - Processing file /home/sneha/spotify_airflow_project/venv/lib/python3.12/site-packages/airflow/example_dags/example_dynamic_task_mapping.py for tasks to queue
[2026-01-08T12:27:58.512+0530] {logging_mixin.py:190} INFO - [2026-01-08T12:27:58.512+0530] {dagbag.py:588} INFO - Filling up the DagBag from /home/sneha/spotify_airflow_project/venv/lib/python3.12/site-packages/airflow/example_dags/example_dynamic_task_mapping.py
[2026-01-08T12:27:58.523+0530] {processor.py:925} INFO - DAG(s) 'example_dynamic_task_mapping' retrieved from /home/sneha/spotify_airflow_project/venv/lib/python3.12/site-packages/airflow/example_dags/example_dynamic_task_mapping.py
[2026-01-08T12:27:58.548+0530] {logging_mixin.py:190} INFO - [2026-01-08T12:27:58.548+0530] {dag.py:3239} INFO - Sync 1 DAGs
[2026-01-08T12:27:58.566+0530] {logging_mixin.py:190} INFO - [2026-01-08T12:27:58.566+0530] {dag.py:4180} INFO - Setting next_dagrun for example_dynamic_task_mapping to None, run_after=None
[2026-01-08T12:27:58.595+0530] {processor.py:208} INFO - Processing /home/sneha/spotify_airflow_project/venv/lib/python3.12/site-packages/airflow/example_dags/example_dynamic_task_mapping.py took 0.098 seconds
[2026-01-08T12:29:01.629+0530] {processor.py:186} INFO - Started process (PID=26516) to work on /home/sneha/spotify_airflow_project/venv/lib/python3.12/site-packages/airflow/example_dags/example_dynamic_task_mapping.py
[2026-01-08T12:29:01.631+0530] {processor.py:914} INFO - Processing file /home/sneha/spotify_airflow_project/venv/lib/python3.12/site-packages/airflow/example_dags/example_dynamic_task_mapping.py for tasks to queue
[2026-01-08T12:29:01.633+0530] {logging_mixin.py:190} INFO - [2026-01-08T12:29:01.632+0530] {dagbag.py:588} INFO - Filling up the DagBag from /home/sneha/spotify_airflow_project/venv/lib/python3.12/site-packages/airflow/example_dags/example_dynamic_task_mapping.py
[2026-01-08T12:29:01.642+0530] {processor.py:925} INFO - DAG(s) 'example_dynamic_task_mapping' retrieved from /home/sneha/spotify_airflow_project/venv/lib/python3.12/site-packages/airflow/example_dags/example_dynamic_task_mapping.py
[2026-01-08T12:29:01.666+0530] {logging_mixin.py:190} INFO - [2026-01-08T12:29:01.665+0530] {dag.py:3239} INFO - Sync 1 DAGs
[2026-01-08T12:29:01.682+0530] {logging_mixin.py:190} INFO - [2026-01-08T12:29:01.682+0530] {dag.py:4180} INFO - Setting next_dagrun for example_dynamic_task_mapping to None, run_after=None
[2026-01-08T12:29:01.708+0530] {processor.py:208} INFO - Processing /home/sneha/spotify_airflow_project/venv/lib/python3.12/site-packages/airflow/example_dags/example_dynamic_task_mapping.py took 0.090 seconds
[2026-01-08T12:32:30.929+0530] {processor.py:186} INFO - Started process (PID=31225) to work on /home/sneha/spotify_airflow_project/venv/lib/python3.12/site-packages/airflow/example_dags/example_dynamic_task_mapping.py
[2026-01-08T12:32:30.930+0530] {processor.py:914} INFO - Processing file /home/sneha/spotify_airflow_project/venv/lib/python3.12/site-packages/airflow/example_dags/example_dynamic_task_mapping.py for tasks to queue
[2026-01-08T12:32:30.932+0530] {logging_mixin.py:190} INFO - [2026-01-08T12:32:30.931+0530] {dagbag.py:588} INFO - Filling up the DagBag from /home/sneha/spotify_airflow_project/venv/lib/python3.12/site-packages/airflow/example_dags/example_dynamic_task_mapping.py
[2026-01-08T12:32:30.941+0530] {processor.py:925} INFO - DAG(s) 'example_dynamic_task_mapping' retrieved from /home/sneha/spotify_airflow_project/venv/lib/python3.12/site-packages/airflow/example_dags/example_dynamic_task_mapping.py
[2026-01-08T12:32:30.966+0530] {logging_mixin.py:190} INFO - [2026-01-08T12:32:30.965+0530] {dag.py:3239} INFO - Sync 1 DAGs
[2026-01-08T12:32:30.984+0530] {logging_mixin.py:190} INFO - [2026-01-08T12:32:30.984+0530] {dag.py:4180} INFO - Setting next_dagrun for example_dynamic_task_mapping to None, run_after=None
[2026-01-08T12:32:31.012+0530] {processor.py:208} INFO - Processing /home/sneha/spotify_airflow_project/venv/lib/python3.12/site-packages/airflow/example_dags/example_dynamic_task_mapping.py took 0.095 seconds
[2026-01-08T12:33:33.968+0530] {processor.py:186} INFO - Started process (PID=31288) to work on /home/sneha/spotify_airflow_project/venv/lib/python3.12/site-packages/airflow/example_dags/example_dynamic_task_mapping.py
[2026-01-08T12:33:33.969+0530] {processor.py:914} INFO - Processing file /home/sneha/spotify_airflow_project/venv/lib/python3.12/site-packages/airflow/example_dags/example_dynamic_task_mapping.py for tasks to queue
[2026-01-08T12:33:33.971+0530] {logging_mixin.py:190} INFO - [2026-01-08T12:33:33.971+0530] {dagbag.py:588} INFO - Filling up the DagBag from /home/sneha/spotify_airflow_project/venv/lib/python3.12/site-packages/airflow/example_dags/example_dynamic_task_mapping.py
[2026-01-08T12:33:33.981+0530] {processor.py:925} INFO - DAG(s) 'example_dynamic_task_mapping' retrieved from /home/sneha/spotify_airflow_project/venv/lib/python3.12/site-packages/airflow/example_dags/example_dynamic_task_mapping.py
[2026-01-08T12:33:34.006+0530] {logging_mixin.py:190} INFO - [2026-01-08T12:33:34.005+0530] {dag.py:3239} INFO - Sync 1 DAGs
[2026-01-08T12:33:34.024+0530] {logging_mixin.py:190} INFO - [2026-01-08T12:33:34.023+0530] {dag.py:4180} INFO - Setting next_dagrun for example_dynamic_task_mapping to None, run_after=None
[2026-01-08T12:33:34.051+0530] {processor.py:208} INFO - Processing /home/sneha/spotify_airflow_project/venv/lib/python3.12/site-packages/airflow/example_dags/example_dynamic_task_mapping.py took 0.094 seconds
[2026-01-08T12:34:36.968+0530] {processor.py:186} INFO - Started process (PID=31350) to work on /home/sneha/spotify_airflow_project/venv/lib/python3.12/site-packages/airflow/example_dags/example_dynamic_task_mapping.py
[2026-01-08T12:34:36.969+0530] {processor.py:914} INFO - Processing file /home/sneha/spotify_airflow_project/venv/lib/python3.12/site-packages/airflow/example_dags/example_dynamic_task_mapping.py for tasks to queue
[2026-01-08T12:34:36.971+0530] {logging_mixin.py:190} INFO - [2026-01-08T12:34:36.971+0530] {dagbag.py:588} INFO - Filling up the DagBag from /home/sneha/spotify_airflow_project/venv/lib/python3.12/site-packages/airflow/example_dags/example_dynamic_task_mapping.py
[2026-01-08T12:34:36.982+0530] {processor.py:925} INFO - DAG(s) 'example_dynamic_task_mapping' retrieved from /home/sneha/spotify_airflow_project/venv/lib/python3.12/site-packages/airflow/example_dags/example_dynamic_task_mapping.py
[2026-01-08T12:34:37.006+0530] {logging_mixin.py:190} INFO - [2026-01-08T12:34:37.005+0530] {dag.py:3239} INFO - Sync 1 DAGs
[2026-01-08T12:34:37.023+0530] {logging_mixin.py:190} INFO - [2026-01-08T12:34:37.022+0530] {dag.py:4180} INFO - Setting next_dagrun for example_dynamic_task_mapping to None, run_after=None
[2026-01-08T12:34:37.050+0530] {processor.py:208} INFO - Processing /home/sneha/spotify_airflow_project/venv/lib/python3.12/site-packages/airflow/example_dags/example_dynamic_task_mapping.py took 0.094 seconds
[2026-01-08T12:35:35.278+0530] {processor.py:186} INFO - Started process (PID=31443) to work on /home/sneha/spotify_airflow_project/venv/lib/python3.12/site-packages/airflow/example_dags/example_dynamic_task_mapping.py
[2026-01-08T12:35:35.279+0530] {processor.py:914} INFO - Processing file /home/sneha/spotify_airflow_project/venv/lib/python3.12/site-packages/airflow/example_dags/example_dynamic_task_mapping.py for tasks to queue
[2026-01-08T12:35:35.281+0530] {logging_mixin.py:190} INFO - [2026-01-08T12:35:35.281+0530] {dagbag.py:588} INFO - Filling up the DagBag from /home/sneha/spotify_airflow_project/venv/lib/python3.12/site-packages/airflow/example_dags/example_dynamic_task_mapping.py
[2026-01-08T12:35:35.292+0530] {processor.py:925} INFO - DAG(s) 'example_dynamic_task_mapping' retrieved from /home/sneha/spotify_airflow_project/venv/lib/python3.12/site-packages/airflow/example_dags/example_dynamic_task_mapping.py
[2026-01-08T12:35:35.318+0530] {logging_mixin.py:190} INFO - [2026-01-08T12:35:35.317+0530] {dag.py:3239} INFO - Sync 1 DAGs
[2026-01-08T12:35:35.335+0530] {logging_mixin.py:190} INFO - [2026-01-08T12:35:35.335+0530] {dag.py:4180} INFO - Setting next_dagrun for example_dynamic_task_mapping to None, run_after=None
[2026-01-08T12:35:35.362+0530] {processor.py:208} INFO - Processing /home/sneha/spotify_airflow_project/venv/lib/python3.12/site-packages/airflow/example_dags/example_dynamic_task_mapping.py took 0.094 seconds
[2026-01-08T12:36:37.759+0530] {processor.py:186} INFO - Started process (PID=31505) to work on /home/sneha/spotify_airflow_project/venv/lib/python3.12/site-packages/airflow/example_dags/example_dynamic_task_mapping.py
[2026-01-08T12:36:37.761+0530] {processor.py:914} INFO - Processing file /home/sneha/spotify_airflow_project/venv/lib/python3.12/site-packages/airflow/example_dags/example_dynamic_task_mapping.py for tasks to queue
[2026-01-08T12:36:37.763+0530] {logging_mixin.py:190} INFO - [2026-01-08T12:36:37.762+0530] {dagbag.py:588} INFO - Filling up the DagBag from /home/sneha/spotify_airflow_project/venv/lib/python3.12/site-packages/airflow/example_dags/example_dynamic_task_mapping.py
[2026-01-08T12:36:37.773+0530] {processor.py:925} INFO - DAG(s) 'example_dynamic_task_mapping' retrieved from /home/sneha/spotify_airflow_project/venv/lib/python3.12/site-packages/airflow/example_dags/example_dynamic_task_mapping.py
[2026-01-08T12:36:37.797+0530] {logging_mixin.py:190} INFO - [2026-01-08T12:36:37.797+0530] {dag.py:3239} INFO - Sync 1 DAGs
[2026-01-08T12:36:37.814+0530] {logging_mixin.py:190} INFO - [2026-01-08T12:36:37.813+0530] {dag.py:4180} INFO - Setting next_dagrun for example_dynamic_task_mapping to None, run_after=None
[2026-01-08T12:36:37.841+0530] {processor.py:208} INFO - Processing /home/sneha/spotify_airflow_project/venv/lib/python3.12/site-packages/airflow/example_dags/example_dynamic_task_mapping.py took 0.091 seconds
[2026-01-08T12:37:39.961+0530] {processor.py:186} INFO - Started process (PID=31565) to work on /home/sneha/spotify_airflow_project/venv/lib/python3.12/site-packages/airflow/example_dags/example_dynamic_task_mapping.py
[2026-01-08T12:37:39.972+0530] {processor.py:914} INFO - Processing file /home/sneha/spotify_airflow_project/venv/lib/python3.12/site-packages/airflow/example_dags/example_dynamic_task_mapping.py for tasks to queue
[2026-01-08T12:37:39.974+0530] {logging_mixin.py:190} INFO - [2026-01-08T12:37:39.973+0530] {dagbag.py:588} INFO - Filling up the DagBag from /home/sneha/spotify_airflow_project/venv/lib/python3.12/site-packages/airflow/example_dags/example_dynamic_task_mapping.py
[2026-01-08T12:37:39.983+0530] {processor.py:925} INFO - DAG(s) 'example_dynamic_task_mapping' retrieved from /home/sneha/spotify_airflow_project/venv/lib/python3.12/site-packages/airflow/example_dags/example_dynamic_task_mapping.py
[2026-01-08T12:37:40.008+0530] {logging_mixin.py:190} INFO - [2026-01-08T12:37:40.007+0530] {dag.py:3239} INFO - Sync 1 DAGs
[2026-01-08T12:37:40.026+0530] {logging_mixin.py:190} INFO - [2026-01-08T12:37:40.026+0530] {dag.py:4180} INFO - Setting next_dagrun for example_dynamic_task_mapping to None, run_after=None
[2026-01-08T12:37:40.053+0530] {processor.py:208} INFO - Processing /home/sneha/spotify_airflow_project/venv/lib/python3.12/site-packages/airflow/example_dags/example_dynamic_task_mapping.py took 0.103 seconds
[2026-01-08T12:38:45.704+0530] {processor.py:186} INFO - Started process (PID=31628) to work on /home/sneha/spotify_airflow_project/venv/lib/python3.12/site-packages/airflow/example_dags/example_dynamic_task_mapping.py
[2026-01-08T12:38:45.706+0530] {processor.py:914} INFO - Processing file /home/sneha/spotify_airflow_project/venv/lib/python3.12/site-packages/airflow/example_dags/example_dynamic_task_mapping.py for tasks to queue
[2026-01-08T12:38:45.707+0530] {logging_mixin.py:190} INFO - [2026-01-08T12:38:45.707+0530] {dagbag.py:588} INFO - Filling up the DagBag from /home/sneha/spotify_airflow_project/venv/lib/python3.12/site-packages/airflow/example_dags/example_dynamic_task_mapping.py
[2026-01-08T12:38:45.717+0530] {processor.py:925} INFO - DAG(s) 'example_dynamic_task_mapping' retrieved from /home/sneha/spotify_airflow_project/venv/lib/python3.12/site-packages/airflow/example_dags/example_dynamic_task_mapping.py
[2026-01-08T12:38:45.741+0530] {logging_mixin.py:190} INFO - [2026-01-08T12:38:45.741+0530] {dag.py:3239} INFO - Sync 1 DAGs
[2026-01-08T12:38:45.759+0530] {logging_mixin.py:190} INFO - [2026-01-08T12:38:45.759+0530] {dag.py:4180} INFO - Setting next_dagrun for example_dynamic_task_mapping to None, run_after=None
[2026-01-08T12:38:45.786+0530] {processor.py:208} INFO - Processing /home/sneha/spotify_airflow_project/venv/lib/python3.12/site-packages/airflow/example_dags/example_dynamic_task_mapping.py took 0.093 seconds
[2026-01-08T12:39:51.250+0530] {processor.py:186} INFO - Started process (PID=31721) to work on /home/sneha/spotify_airflow_project/venv/lib/python3.12/site-packages/airflow/example_dags/example_dynamic_task_mapping.py
[2026-01-08T12:39:51.251+0530] {processor.py:914} INFO - Processing file /home/sneha/spotify_airflow_project/venv/lib/python3.12/site-packages/airflow/example_dags/example_dynamic_task_mapping.py for tasks to queue
[2026-01-08T12:39:51.253+0530] {logging_mixin.py:190} INFO - [2026-01-08T12:39:51.253+0530] {dagbag.py:588} INFO - Filling up the DagBag from /home/sneha/spotify_airflow_project/venv/lib/python3.12/site-packages/airflow/example_dags/example_dynamic_task_mapping.py
[2026-01-08T12:39:51.263+0530] {processor.py:925} INFO - DAG(s) 'example_dynamic_task_mapping' retrieved from /home/sneha/spotify_airflow_project/venv/lib/python3.12/site-packages/airflow/example_dags/example_dynamic_task_mapping.py
[2026-01-08T12:39:51.287+0530] {logging_mixin.py:190} INFO - [2026-01-08T12:39:51.286+0530] {dag.py:3239} INFO - Sync 1 DAGs
[2026-01-08T12:39:51.304+0530] {logging_mixin.py:190} INFO - [2026-01-08T12:39:51.304+0530] {dag.py:4180} INFO - Setting next_dagrun for example_dynamic_task_mapping to None, run_after=None
[2026-01-08T12:39:51.332+0530] {processor.py:208} INFO - Processing /home/sneha/spotify_airflow_project/venv/lib/python3.12/site-packages/airflow/example_dags/example_dynamic_task_mapping.py took 0.093 seconds
[2026-01-08T12:40:57.174+0530] {processor.py:186} INFO - Started process (PID=31785) to work on /home/sneha/spotify_airflow_project/venv/lib/python3.12/site-packages/airflow/example_dags/example_dynamic_task_mapping.py
[2026-01-08T12:40:57.175+0530] {processor.py:914} INFO - Processing file /home/sneha/spotify_airflow_project/venv/lib/python3.12/site-packages/airflow/example_dags/example_dynamic_task_mapping.py for tasks to queue
[2026-01-08T12:40:57.177+0530] {logging_mixin.py:190} INFO - [2026-01-08T12:40:57.177+0530] {dagbag.py:588} INFO - Filling up the DagBag from /home/sneha/spotify_airflow_project/venv/lib/python3.12/site-packages/airflow/example_dags/example_dynamic_task_mapping.py
[2026-01-08T12:40:57.187+0530] {processor.py:925} INFO - DAG(s) 'example_dynamic_task_mapping' retrieved from /home/sneha/spotify_airflow_project/venv/lib/python3.12/site-packages/airflow/example_dags/example_dynamic_task_mapping.py
[2026-01-08T12:40:57.211+0530] {logging_mixin.py:190} INFO - [2026-01-08T12:40:57.210+0530] {dag.py:3239} INFO - Sync 1 DAGs
[2026-01-08T12:40:57.427+0530] {logging_mixin.py:190} INFO - [2026-01-08T12:40:57.427+0530] {dag.py:4180} INFO - Setting next_dagrun for example_dynamic_task_mapping to None, run_after=None
[2026-01-08T12:40:57.450+0530] {processor.py:208} INFO - Processing /home/sneha/spotify_airflow_project/venv/lib/python3.12/site-packages/airflow/example_dags/example_dynamic_task_mapping.py took 0.287 seconds
[2026-01-08T12:42:04.046+0530] {processor.py:186} INFO - Started process (PID=31850) to work on /home/sneha/spotify_airflow_project/venv/lib/python3.12/site-packages/airflow/example_dags/example_dynamic_task_mapping.py
[2026-01-08T12:42:04.047+0530] {processor.py:914} INFO - Processing file /home/sneha/spotify_airflow_project/venv/lib/python3.12/site-packages/airflow/example_dags/example_dynamic_task_mapping.py for tasks to queue
[2026-01-08T12:42:04.049+0530] {logging_mixin.py:190} INFO - [2026-01-08T12:42:04.048+0530] {dagbag.py:588} INFO - Filling up the DagBag from /home/sneha/spotify_airflow_project/venv/lib/python3.12/site-packages/airflow/example_dags/example_dynamic_task_mapping.py
[2026-01-08T12:42:04.058+0530] {processor.py:925} INFO - DAG(s) 'example_dynamic_task_mapping' retrieved from /home/sneha/spotify_airflow_project/venv/lib/python3.12/site-packages/airflow/example_dags/example_dynamic_task_mapping.py
[2026-01-08T12:42:04.081+0530] {logging_mixin.py:190} INFO - [2026-01-08T12:42:04.080+0530] {dag.py:3239} INFO - Sync 1 DAGs
[2026-01-08T12:42:04.098+0530] {logging_mixin.py:190} INFO - [2026-01-08T12:42:04.097+0530] {dag.py:4180} INFO - Setting next_dagrun for example_dynamic_task_mapping to None, run_after=None
[2026-01-08T12:42:04.334+0530] {processor.py:208} INFO - Processing /home/sneha/spotify_airflow_project/venv/lib/python3.12/site-packages/airflow/example_dags/example_dynamic_task_mapping.py took 0.300 seconds
[2026-01-08T12:43:14.925+0530] {processor.py:186} INFO - Started process (PID=31918) to work on /home/sneha/spotify_airflow_project/venv/lib/python3.12/site-packages/airflow/example_dags/example_dynamic_task_mapping.py
[2026-01-08T12:43:14.927+0530] {processor.py:914} INFO - Processing file /home/sneha/spotify_airflow_project/venv/lib/python3.12/site-packages/airflow/example_dags/example_dynamic_task_mapping.py for tasks to queue
[2026-01-08T12:43:14.928+0530] {logging_mixin.py:190} INFO - [2026-01-08T12:43:14.928+0530] {dagbag.py:588} INFO - Filling up the DagBag from /home/sneha/spotify_airflow_project/venv/lib/python3.12/site-packages/airflow/example_dags/example_dynamic_task_mapping.py
[2026-01-08T12:43:14.939+0530] {processor.py:925} INFO - DAG(s) 'example_dynamic_task_mapping' retrieved from /home/sneha/spotify_airflow_project/venv/lib/python3.12/site-packages/airflow/example_dags/example_dynamic_task_mapping.py
[2026-01-08T12:43:14.965+0530] {logging_mixin.py:190} INFO - [2026-01-08T12:43:14.964+0530] {dag.py:3239} INFO - Sync 1 DAGs
[2026-01-08T12:43:14.983+0530] {logging_mixin.py:190} INFO - [2026-01-08T12:43:14.983+0530] {dag.py:4180} INFO - Setting next_dagrun for example_dynamic_task_mapping to None, run_after=None
[2026-01-08T12:43:15.010+0530] {processor.py:208} INFO - Processing /home/sneha/spotify_airflow_project/venv/lib/python3.12/site-packages/airflow/example_dags/example_dynamic_task_mapping.py took 0.097 seconds
[2026-01-08T12:44:35.382+0530] {processor.py:186} INFO - Started process (PID=31987) to work on /home/sneha/spotify_airflow_project/venv/lib/python3.12/site-packages/airflow/example_dags/example_dynamic_task_mapping.py
[2026-01-08T12:44:35.383+0530] {processor.py:914} INFO - Processing file /home/sneha/spotify_airflow_project/venv/lib/python3.12/site-packages/airflow/example_dags/example_dynamic_task_mapping.py for tasks to queue
[2026-01-08T12:44:35.385+0530] {logging_mixin.py:190} INFO - [2026-01-08T12:44:35.384+0530] {dagbag.py:588} INFO - Filling up the DagBag from /home/sneha/spotify_airflow_project/venv/lib/python3.12/site-packages/airflow/example_dags/example_dynamic_task_mapping.py
[2026-01-08T12:44:35.394+0530] {processor.py:925} INFO - DAG(s) 'example_dynamic_task_mapping' retrieved from /home/sneha/spotify_airflow_project/venv/lib/python3.12/site-packages/airflow/example_dags/example_dynamic_task_mapping.py
[2026-01-08T12:44:35.418+0530] {logging_mixin.py:190} INFO - [2026-01-08T12:44:35.418+0530] {dag.py:3239} INFO - Sync 1 DAGs
[2026-01-08T12:44:35.436+0530] {logging_mixin.py:190} INFO - [2026-01-08T12:44:35.436+0530] {dag.py:4180} INFO - Setting next_dagrun for example_dynamic_task_mapping to None, run_after=None
[2026-01-08T12:44:35.462+0530] {processor.py:208} INFO - Processing /home/sneha/spotify_airflow_project/venv/lib/python3.12/site-packages/airflow/example_dags/example_dynamic_task_mapping.py took 0.091 seconds
[2026-01-08T12:45:44.306+0530] {processor.py:186} INFO - Started process (PID=32085) to work on /home/sneha/spotify_airflow_project/venv/lib/python3.12/site-packages/airflow/example_dags/example_dynamic_task_mapping.py
[2026-01-08T12:45:44.308+0530] {processor.py:914} INFO - Processing file /home/sneha/spotify_airflow_project/venv/lib/python3.12/site-packages/airflow/example_dags/example_dynamic_task_mapping.py for tasks to queue
[2026-01-08T12:45:44.311+0530] {logging_mixin.py:190} INFO - [2026-01-08T12:45:44.310+0530] {dagbag.py:588} INFO - Filling up the DagBag from /home/sneha/spotify_airflow_project/venv/lib/python3.12/site-packages/airflow/example_dags/example_dynamic_task_mapping.py
[2026-01-08T12:45:44.320+0530] {processor.py:925} INFO - DAG(s) 'example_dynamic_task_mapping' retrieved from /home/sneha/spotify_airflow_project/venv/lib/python3.12/site-packages/airflow/example_dags/example_dynamic_task_mapping.py
[2026-01-08T12:45:44.346+0530] {logging_mixin.py:190} INFO - [2026-01-08T12:45:44.346+0530] {dag.py:3239} INFO - Sync 1 DAGs
[2026-01-08T12:45:44.364+0530] {logging_mixin.py:190} INFO - [2026-01-08T12:45:44.364+0530] {dag.py:4180} INFO - Setting next_dagrun for example_dynamic_task_mapping to None, run_after=None
[2026-01-08T12:45:44.392+0530] {processor.py:208} INFO - Processing /home/sneha/spotify_airflow_project/venv/lib/python3.12/site-packages/airflow/example_dags/example_dynamic_task_mapping.py took 0.097 seconds
