[2026-01-08T11:19:11.934+0530] {processor.py:186} INFO - Started process (PID=12276) to work on /home/sneha/spotify_airflow_project/venv/lib/python3.12/site-packages/airflow/example_dags/example_params_ui_tutorial.py
[2026-01-08T11:19:11.935+0530] {processor.py:914} INFO - Processing file /home/sneha/spotify_airflow_project/venv/lib/python3.12/site-packages/airflow/example_dags/example_params_ui_tutorial.py for tasks to queue
[2026-01-08T11:19:11.937+0530] {logging_mixin.py:190} INFO - [2026-01-08T11:19:11.936+0530] {dagbag.py:588} INFO - Filling up the DagBag from /home/sneha/spotify_airflow_project/venv/lib/python3.12/site-packages/airflow/example_dags/example_params_ui_tutorial.py
[2026-01-08T11:19:11.947+0530] {processor.py:925} INFO - DAG(s) 'example_params_ui_tutorial' retrieved from /home/sneha/spotify_airflow_project/venv/lib/python3.12/site-packages/airflow/example_dags/example_params_ui_tutorial.py
[2026-01-08T11:19:12.156+0530] {logging_mixin.py:190} INFO - [2026-01-08T11:19:12.156+0530] {dag.py:3239} INFO - Sync 1 DAGs
[2026-01-08T11:19:12.172+0530] {logging_mixin.py:190} INFO - [2026-01-08T11:19:12.171+0530] {dag.py:4180} INFO - Setting next_dagrun for example_params_ui_tutorial to None, run_after=None
[2026-01-08T11:19:12.202+0530] {processor.py:208} INFO - Processing /home/sneha/spotify_airflow_project/venv/lib/python3.12/site-packages/airflow/example_dags/example_params_ui_tutorial.py took 0.279 seconds
[2026-01-08T11:20:15.026+0530] {processor.py:186} INFO - Started process (PID=12371) to work on /home/sneha/spotify_airflow_project/venv/lib/python3.12/site-packages/airflow/example_dags/example_params_ui_tutorial.py
[2026-01-08T11:20:15.028+0530] {processor.py:914} INFO - Processing file /home/sneha/spotify_airflow_project/venv/lib/python3.12/site-packages/airflow/example_dags/example_params_ui_tutorial.py for tasks to queue
[2026-01-08T11:20:15.030+0530] {logging_mixin.py:190} INFO - [2026-01-08T11:20:15.029+0530] {dagbag.py:588} INFO - Filling up the DagBag from /home/sneha/spotify_airflow_project/venv/lib/python3.12/site-packages/airflow/example_dags/example_params_ui_tutorial.py
[2026-01-08T11:20:15.039+0530] {processor.py:925} INFO - DAG(s) 'example_params_ui_tutorial' retrieved from /home/sneha/spotify_airflow_project/venv/lib/python3.12/site-packages/airflow/example_dags/example_params_ui_tutorial.py
[2026-01-08T11:20:15.102+0530] {logging_mixin.py:190} INFO - [2026-01-08T11:20:15.101+0530] {dag.py:3239} INFO - Sync 1 DAGs
[2026-01-08T11:20:15.120+0530] {logging_mixin.py:190} INFO - [2026-01-08T11:20:15.119+0530] {dag.py:4180} INFO - Setting next_dagrun for example_params_ui_tutorial to None, run_after=None
[2026-01-08T11:20:15.149+0530] {processor.py:208} INFO - Processing /home/sneha/spotify_airflow_project/venv/lib/python3.12/site-packages/airflow/example_dags/example_params_ui_tutorial.py took 0.134 seconds
[2026-01-08T11:21:21.336+0530] {processor.py:186} INFO - Started process (PID=12466) to work on /home/sneha/spotify_airflow_project/venv/lib/python3.12/site-packages/airflow/example_dags/example_params_ui_tutorial.py
[2026-01-08T11:21:21.338+0530] {processor.py:914} INFO - Processing file /home/sneha/spotify_airflow_project/venv/lib/python3.12/site-packages/airflow/example_dags/example_params_ui_tutorial.py for tasks to queue
[2026-01-08T11:21:21.339+0530] {logging_mixin.py:190} INFO - [2026-01-08T11:21:21.339+0530] {dagbag.py:588} INFO - Filling up the DagBag from /home/sneha/spotify_airflow_project/venv/lib/python3.12/site-packages/airflow/example_dags/example_params_ui_tutorial.py
[2026-01-08T11:21:21.348+0530] {processor.py:925} INFO - DAG(s) 'example_params_ui_tutorial' retrieved from /home/sneha/spotify_airflow_project/venv/lib/python3.12/site-packages/airflow/example_dags/example_params_ui_tutorial.py
[2026-01-08T11:21:21.409+0530] {logging_mixin.py:190} INFO - [2026-01-08T11:21:21.408+0530] {dag.py:3239} INFO - Sync 1 DAGs
[2026-01-08T11:21:21.427+0530] {logging_mixin.py:190} INFO - [2026-01-08T11:21:21.427+0530] {dag.py:4180} INFO - Setting next_dagrun for example_params_ui_tutorial to None, run_after=None
[2026-01-08T11:21:21.461+0530] {processor.py:208} INFO - Processing /home/sneha/spotify_airflow_project/venv/lib/python3.12/site-packages/airflow/example_dags/example_params_ui_tutorial.py took 0.136 seconds
[2026-01-08T11:23:46.570+0530] {processor.py:186} INFO - Started process (PID=17794) to work on /home/sneha/spotify_airflow_project/venv/lib/python3.12/site-packages/airflow/example_dags/example_params_ui_tutorial.py
[2026-01-08T11:23:46.572+0530] {processor.py:914} INFO - Processing file /home/sneha/spotify_airflow_project/venv/lib/python3.12/site-packages/airflow/example_dags/example_params_ui_tutorial.py for tasks to queue
[2026-01-08T11:23:46.574+0530] {logging_mixin.py:190} INFO - [2026-01-08T11:23:46.573+0530] {dagbag.py:588} INFO - Filling up the DagBag from /home/sneha/spotify_airflow_project/venv/lib/python3.12/site-packages/airflow/example_dags/example_params_ui_tutorial.py
[2026-01-08T11:23:46.583+0530] {processor.py:925} INFO - DAG(s) 'example_params_ui_tutorial' retrieved from /home/sneha/spotify_airflow_project/venv/lib/python3.12/site-packages/airflow/example_dags/example_params_ui_tutorial.py
[2026-01-08T11:23:46.649+0530] {logging_mixin.py:190} INFO - [2026-01-08T11:23:46.649+0530] {dag.py:3239} INFO - Sync 1 DAGs
[2026-01-08T11:23:46.668+0530] {logging_mixin.py:190} INFO - [2026-01-08T11:23:46.667+0530] {dag.py:4180} INFO - Setting next_dagrun for example_params_ui_tutorial to None, run_after=None
[2026-01-08T11:23:46.699+0530] {processor.py:208} INFO - Processing /home/sneha/spotify_airflow_project/venv/lib/python3.12/site-packages/airflow/example_dags/example_params_ui_tutorial.py took 0.141 seconds
[2026-01-08T11:24:52.505+0530] {processor.py:186} INFO - Started process (PID=17859) to work on /home/sneha/spotify_airflow_project/venv/lib/python3.12/site-packages/airflow/example_dags/example_params_ui_tutorial.py
[2026-01-08T11:24:52.506+0530] {processor.py:914} INFO - Processing file /home/sneha/spotify_airflow_project/venv/lib/python3.12/site-packages/airflow/example_dags/example_params_ui_tutorial.py for tasks to queue
[2026-01-08T11:24:52.508+0530] {logging_mixin.py:190} INFO - [2026-01-08T11:24:52.507+0530] {dagbag.py:588} INFO - Filling up the DagBag from /home/sneha/spotify_airflow_project/venv/lib/python3.12/site-packages/airflow/example_dags/example_params_ui_tutorial.py
[2026-01-08T11:24:52.518+0530] {processor.py:925} INFO - DAG(s) 'example_params_ui_tutorial' retrieved from /home/sneha/spotify_airflow_project/venv/lib/python3.12/site-packages/airflow/example_dags/example_params_ui_tutorial.py
[2026-01-08T11:24:52.583+0530] {logging_mixin.py:190} INFO - [2026-01-08T11:24:52.582+0530] {dag.py:3239} INFO - Sync 1 DAGs
[2026-01-08T11:24:52.601+0530] {logging_mixin.py:190} INFO - [2026-01-08T11:24:52.600+0530] {dag.py:4180} INFO - Setting next_dagrun for example_params_ui_tutorial to None, run_after=None
[2026-01-08T11:24:52.629+0530] {processor.py:208} INFO - Processing /home/sneha/spotify_airflow_project/venv/lib/python3.12/site-packages/airflow/example_dags/example_params_ui_tutorial.py took 0.136 seconds
[2026-01-08T11:25:55.504+0530] {processor.py:186} INFO - Started process (PID=17956) to work on /home/sneha/spotify_airflow_project/venv/lib/python3.12/site-packages/airflow/example_dags/example_params_ui_tutorial.py
[2026-01-08T11:25:55.505+0530] {processor.py:914} INFO - Processing file /home/sneha/spotify_airflow_project/venv/lib/python3.12/site-packages/airflow/example_dags/example_params_ui_tutorial.py for tasks to queue
[2026-01-08T11:25:55.507+0530] {logging_mixin.py:190} INFO - [2026-01-08T11:25:55.506+0530] {dagbag.py:588} INFO - Filling up the DagBag from /home/sneha/spotify_airflow_project/venv/lib/python3.12/site-packages/airflow/example_dags/example_params_ui_tutorial.py
[2026-01-08T11:25:55.518+0530] {processor.py:925} INFO - DAG(s) 'example_params_ui_tutorial' retrieved from /home/sneha/spotify_airflow_project/venv/lib/python3.12/site-packages/airflow/example_dags/example_params_ui_tutorial.py
[2026-01-08T11:25:55.580+0530] {logging_mixin.py:190} INFO - [2026-01-08T11:25:55.579+0530] {dag.py:3239} INFO - Sync 1 DAGs
[2026-01-08T11:25:55.596+0530] {logging_mixin.py:190} INFO - [2026-01-08T11:25:55.596+0530] {dag.py:4180} INFO - Setting next_dagrun for example_params_ui_tutorial to None, run_after=None
[2026-01-08T11:25:55.623+0530] {processor.py:208} INFO - Processing /home/sneha/spotify_airflow_project/venv/lib/python3.12/site-packages/airflow/example_dags/example_params_ui_tutorial.py took 0.134 seconds
[2026-01-08T11:27:05.364+0530] {processor.py:186} INFO - Started process (PID=18022) to work on /home/sneha/spotify_airflow_project/venv/lib/python3.12/site-packages/airflow/example_dags/example_params_ui_tutorial.py
[2026-01-08T11:27:05.375+0530] {processor.py:914} INFO - Processing file /home/sneha/spotify_airflow_project/venv/lib/python3.12/site-packages/airflow/example_dags/example_params_ui_tutorial.py for tasks to queue
[2026-01-08T11:27:05.376+0530] {logging_mixin.py:190} INFO - [2026-01-08T11:27:05.376+0530] {dagbag.py:588} INFO - Filling up the DagBag from /home/sneha/spotify_airflow_project/venv/lib/python3.12/site-packages/airflow/example_dags/example_params_ui_tutorial.py
[2026-01-08T11:27:05.386+0530] {processor.py:925} INFO - DAG(s) 'example_params_ui_tutorial' retrieved from /home/sneha/spotify_airflow_project/venv/lib/python3.12/site-packages/airflow/example_dags/example_params_ui_tutorial.py
[2026-01-08T11:27:05.449+0530] {logging_mixin.py:190} INFO - [2026-01-08T11:27:05.449+0530] {dag.py:3239} INFO - Sync 1 DAGs
[2026-01-08T11:27:05.467+0530] {logging_mixin.py:190} INFO - [2026-01-08T11:27:05.466+0530] {dag.py:4180} INFO - Setting next_dagrun for example_params_ui_tutorial to None, run_after=None
[2026-01-08T11:27:05.497+0530] {processor.py:208} INFO - Processing /home/sneha/spotify_airflow_project/venv/lib/python3.12/site-packages/airflow/example_dags/example_params_ui_tutorial.py took 0.144 seconds
[2026-01-08T11:28:05.012+0530] {processor.py:186} INFO - Started process (PID=18083) to work on /home/sneha/spotify_airflow_project/venv/lib/python3.12/site-packages/airflow/example_dags/example_params_ui_tutorial.py
[2026-01-08T11:28:05.023+0530] {processor.py:914} INFO - Processing file /home/sneha/spotify_airflow_project/venv/lib/python3.12/site-packages/airflow/example_dags/example_params_ui_tutorial.py for tasks to queue
[2026-01-08T11:28:05.025+0530] {logging_mixin.py:190} INFO - [2026-01-08T11:28:05.025+0530] {dagbag.py:588} INFO - Filling up the DagBag from /home/sneha/spotify_airflow_project/venv/lib/python3.12/site-packages/airflow/example_dags/example_params_ui_tutorial.py
[2026-01-08T11:28:05.035+0530] {processor.py:925} INFO - DAG(s) 'example_params_ui_tutorial' retrieved from /home/sneha/spotify_airflow_project/venv/lib/python3.12/site-packages/airflow/example_dags/example_params_ui_tutorial.py
[2026-01-08T11:28:05.097+0530] {logging_mixin.py:190} INFO - [2026-01-08T11:28:05.096+0530] {dag.py:3239} INFO - Sync 1 DAGs
[2026-01-08T11:28:05.114+0530] {logging_mixin.py:190} INFO - [2026-01-08T11:28:05.114+0530] {dag.py:4180} INFO - Setting next_dagrun for example_params_ui_tutorial to None, run_after=None
[2026-01-08T11:28:05.142+0530] {processor.py:208} INFO - Processing /home/sneha/spotify_airflow_project/venv/lib/python3.12/site-packages/airflow/example_dags/example_params_ui_tutorial.py took 0.140 seconds
[2026-01-08T11:29:04.054+0530] {processor.py:186} INFO - Started process (PID=18170) to work on /home/sneha/spotify_airflow_project/venv/lib/python3.12/site-packages/airflow/example_dags/example_params_ui_tutorial.py
[2026-01-08T11:29:04.056+0530] {processor.py:914} INFO - Processing file /home/sneha/spotify_airflow_project/venv/lib/python3.12/site-packages/airflow/example_dags/example_params_ui_tutorial.py for tasks to queue
[2026-01-08T11:29:04.058+0530] {logging_mixin.py:190} INFO - [2026-01-08T11:29:04.057+0530] {dagbag.py:588} INFO - Filling up the DagBag from /home/sneha/spotify_airflow_project/venv/lib/python3.12/site-packages/airflow/example_dags/example_params_ui_tutorial.py
[2026-01-08T11:29:04.068+0530] {processor.py:925} INFO - DAG(s) 'example_params_ui_tutorial' retrieved from /home/sneha/spotify_airflow_project/venv/lib/python3.12/site-packages/airflow/example_dags/example_params_ui_tutorial.py
[2026-01-08T11:29:04.132+0530] {logging_mixin.py:190} INFO - [2026-01-08T11:29:04.132+0530] {dag.py:3239} INFO - Sync 1 DAGs
[2026-01-08T11:29:04.149+0530] {logging_mixin.py:190} INFO - [2026-01-08T11:29:04.149+0530] {dag.py:4180} INFO - Setting next_dagrun for example_params_ui_tutorial to None, run_after=None
[2026-01-08T11:29:04.177+0530] {processor.py:208} INFO - Processing /home/sneha/spotify_airflow_project/venv/lib/python3.12/site-packages/airflow/example_dags/example_params_ui_tutorial.py took 0.134 seconds
[2026-01-08T11:32:14.122+0530] {processor.py:186} INFO - Started process (PID=22842) to work on /home/sneha/spotify_airflow_project/venv/lib/python3.12/site-packages/airflow/example_dags/example_params_ui_tutorial.py
[2026-01-08T11:32:14.124+0530] {processor.py:914} INFO - Processing file /home/sneha/spotify_airflow_project/venv/lib/python3.12/site-packages/airflow/example_dags/example_params_ui_tutorial.py for tasks to queue
[2026-01-08T11:32:14.126+0530] {logging_mixin.py:190} INFO - [2026-01-08T11:32:14.125+0530] {dagbag.py:588} INFO - Filling up the DagBag from /home/sneha/spotify_airflow_project/venv/lib/python3.12/site-packages/airflow/example_dags/example_params_ui_tutorial.py
[2026-01-08T11:32:14.137+0530] {processor.py:925} INFO - DAG(s) 'example_params_ui_tutorial' retrieved from /home/sneha/spotify_airflow_project/venv/lib/python3.12/site-packages/airflow/example_dags/example_params_ui_tutorial.py
[2026-01-08T11:32:14.208+0530] {logging_mixin.py:190} INFO - [2026-01-08T11:32:14.207+0530] {dag.py:3239} INFO - Sync 1 DAGs
[2026-01-08T11:32:14.227+0530] {logging_mixin.py:190} INFO - [2026-01-08T11:32:14.226+0530] {dag.py:4180} INFO - Setting next_dagrun for example_params_ui_tutorial to None, run_after=None
[2026-01-08T11:32:14.255+0530] {processor.py:208} INFO - Processing /home/sneha/spotify_airflow_project/venv/lib/python3.12/site-packages/airflow/example_dags/example_params_ui_tutorial.py took 0.145 seconds
[2026-01-08T11:33:17.105+0530] {processor.py:186} INFO - Started process (PID=22931) to work on /home/sneha/spotify_airflow_project/venv/lib/python3.12/site-packages/airflow/example_dags/example_params_ui_tutorial.py
[2026-01-08T11:33:17.107+0530] {processor.py:914} INFO - Processing file /home/sneha/spotify_airflow_project/venv/lib/python3.12/site-packages/airflow/example_dags/example_params_ui_tutorial.py for tasks to queue
[2026-01-08T11:33:17.109+0530] {logging_mixin.py:190} INFO - [2026-01-08T11:33:17.108+0530] {dagbag.py:588} INFO - Filling up the DagBag from /home/sneha/spotify_airflow_project/venv/lib/python3.12/site-packages/airflow/example_dags/example_params_ui_tutorial.py
[2026-01-08T11:33:17.118+0530] {processor.py:925} INFO - DAG(s) 'example_params_ui_tutorial' retrieved from /home/sneha/spotify_airflow_project/venv/lib/python3.12/site-packages/airflow/example_dags/example_params_ui_tutorial.py
[2026-01-08T11:33:17.182+0530] {logging_mixin.py:190} INFO - [2026-01-08T11:33:17.182+0530] {dag.py:3239} INFO - Sync 1 DAGs
[2026-01-08T11:33:17.201+0530] {logging_mixin.py:190} INFO - [2026-01-08T11:33:17.201+0530] {dag.py:4180} INFO - Setting next_dagrun for example_params_ui_tutorial to None, run_after=None
[2026-01-08T11:33:17.230+0530] {processor.py:208} INFO - Processing /home/sneha/spotify_airflow_project/venv/lib/python3.12/site-packages/airflow/example_dags/example_params_ui_tutorial.py took 0.136 seconds
[2026-01-08T11:34:14.957+0530] {processor.py:186} INFO - Started process (PID=22992) to work on /home/sneha/spotify_airflow_project/venv/lib/python3.12/site-packages/airflow/example_dags/example_params_ui_tutorial.py
[2026-01-08T11:34:14.958+0530] {processor.py:914} INFO - Processing file /home/sneha/spotify_airflow_project/venv/lib/python3.12/site-packages/airflow/example_dags/example_params_ui_tutorial.py for tasks to queue
[2026-01-08T11:34:14.960+0530] {logging_mixin.py:190} INFO - [2026-01-08T11:34:14.959+0530] {dagbag.py:588} INFO - Filling up the DagBag from /home/sneha/spotify_airflow_project/venv/lib/python3.12/site-packages/airflow/example_dags/example_params_ui_tutorial.py
[2026-01-08T11:34:14.969+0530] {processor.py:925} INFO - DAG(s) 'example_params_ui_tutorial' retrieved from /home/sneha/spotify_airflow_project/venv/lib/python3.12/site-packages/airflow/example_dags/example_params_ui_tutorial.py
[2026-01-08T11:34:15.032+0530] {logging_mixin.py:190} INFO - [2026-01-08T11:34:15.032+0530] {dag.py:3239} INFO - Sync 1 DAGs
[2026-01-08T11:34:15.050+0530] {logging_mixin.py:190} INFO - [2026-01-08T11:34:15.050+0530] {dag.py:4180} INFO - Setting next_dagrun for example_params_ui_tutorial to None, run_after=None
[2026-01-08T11:34:15.078+0530] {processor.py:208} INFO - Processing /home/sneha/spotify_airflow_project/venv/lib/python3.12/site-packages/airflow/example_dags/example_params_ui_tutorial.py took 0.133 seconds
[2026-01-08T11:35:14.319+0530] {processor.py:186} INFO - Started process (PID=23056) to work on /home/sneha/spotify_airflow_project/venv/lib/python3.12/site-packages/airflow/example_dags/example_params_ui_tutorial.py
[2026-01-08T11:35:14.320+0530] {processor.py:914} INFO - Processing file /home/sneha/spotify_airflow_project/venv/lib/python3.12/site-packages/airflow/example_dags/example_params_ui_tutorial.py for tasks to queue
[2026-01-08T11:35:14.322+0530] {logging_mixin.py:190} INFO - [2026-01-08T11:35:14.322+0530] {dagbag.py:588} INFO - Filling up the DagBag from /home/sneha/spotify_airflow_project/venv/lib/python3.12/site-packages/airflow/example_dags/example_params_ui_tutorial.py
[2026-01-08T11:35:14.332+0530] {processor.py:925} INFO - DAG(s) 'example_params_ui_tutorial' retrieved from /home/sneha/spotify_airflow_project/venv/lib/python3.12/site-packages/airflow/example_dags/example_params_ui_tutorial.py
[2026-01-08T11:35:14.393+0530] {logging_mixin.py:190} INFO - [2026-01-08T11:35:14.392+0530] {dag.py:3239} INFO - Sync 1 DAGs
[2026-01-08T11:35:14.409+0530] {logging_mixin.py:190} INFO - [2026-01-08T11:35:14.409+0530] {dag.py:4180} INFO - Setting next_dagrun for example_params_ui_tutorial to None, run_after=None
[2026-01-08T11:35:14.436+0530] {processor.py:208} INFO - Processing /home/sneha/spotify_airflow_project/venv/lib/python3.12/site-packages/airflow/example_dags/example_params_ui_tutorial.py took 0.128 seconds
[2026-01-08T11:36:14.571+0530] {processor.py:186} INFO - Started process (PID=23119) to work on /home/sneha/spotify_airflow_project/venv/lib/python3.12/site-packages/airflow/example_dags/example_params_ui_tutorial.py
[2026-01-08T11:36:14.573+0530] {processor.py:914} INFO - Processing file /home/sneha/spotify_airflow_project/venv/lib/python3.12/site-packages/airflow/example_dags/example_params_ui_tutorial.py for tasks to queue
[2026-01-08T11:36:14.575+0530] {logging_mixin.py:190} INFO - [2026-01-08T11:36:14.574+0530] {dagbag.py:588} INFO - Filling up the DagBag from /home/sneha/spotify_airflow_project/venv/lib/python3.12/site-packages/airflow/example_dags/example_params_ui_tutorial.py
[2026-01-08T11:36:14.585+0530] {processor.py:925} INFO - DAG(s) 'example_params_ui_tutorial' retrieved from /home/sneha/spotify_airflow_project/venv/lib/python3.12/site-packages/airflow/example_dags/example_params_ui_tutorial.py
[2026-01-08T11:36:14.649+0530] {logging_mixin.py:190} INFO - [2026-01-08T11:36:14.648+0530] {dag.py:3239} INFO - Sync 1 DAGs
[2026-01-08T11:36:14.666+0530] {logging_mixin.py:190} INFO - [2026-01-08T11:36:14.666+0530] {dag.py:4180} INFO - Setting next_dagrun for example_params_ui_tutorial to None, run_after=None
[2026-01-08T11:36:14.694+0530] {processor.py:208} INFO - Processing /home/sneha/spotify_airflow_project/venv/lib/python3.12/site-packages/airflow/example_dags/example_params_ui_tutorial.py took 0.135 seconds
[2026-01-08T11:37:16.544+0530] {processor.py:186} INFO - Started process (PID=23180) to work on /home/sneha/spotify_airflow_project/venv/lib/python3.12/site-packages/airflow/example_dags/example_params_ui_tutorial.py
[2026-01-08T11:37:16.545+0530] {processor.py:914} INFO - Processing file /home/sneha/spotify_airflow_project/venv/lib/python3.12/site-packages/airflow/example_dags/example_params_ui_tutorial.py for tasks to queue
[2026-01-08T11:37:16.547+0530] {logging_mixin.py:190} INFO - [2026-01-08T11:37:16.547+0530] {dagbag.py:588} INFO - Filling up the DagBag from /home/sneha/spotify_airflow_project/venv/lib/python3.12/site-packages/airflow/example_dags/example_params_ui_tutorial.py
[2026-01-08T11:37:16.557+0530] {processor.py:925} INFO - DAG(s) 'example_params_ui_tutorial' retrieved from /home/sneha/spotify_airflow_project/venv/lib/python3.12/site-packages/airflow/example_dags/example_params_ui_tutorial.py
[2026-01-08T11:37:16.620+0530] {logging_mixin.py:190} INFO - [2026-01-08T11:37:16.620+0530] {dag.py:3239} INFO - Sync 1 DAGs
[2026-01-08T11:37:16.637+0530] {logging_mixin.py:190} INFO - [2026-01-08T11:37:16.637+0530] {dag.py:4180} INFO - Setting next_dagrun for example_params_ui_tutorial to None, run_after=None
[2026-01-08T11:37:16.664+0530] {processor.py:208} INFO - Processing /home/sneha/spotify_airflow_project/venv/lib/python3.12/site-packages/airflow/example_dags/example_params_ui_tutorial.py took 0.131 seconds
[2026-01-08T11:38:22.610+0530] {processor.py:186} INFO - Started process (PID=23273) to work on /home/sneha/spotify_airflow_project/venv/lib/python3.12/site-packages/airflow/example_dags/example_params_ui_tutorial.py
[2026-01-08T11:38:22.612+0530] {processor.py:914} INFO - Processing file /home/sneha/spotify_airflow_project/venv/lib/python3.12/site-packages/airflow/example_dags/example_params_ui_tutorial.py for tasks to queue
[2026-01-08T11:38:22.613+0530] {logging_mixin.py:190} INFO - [2026-01-08T11:38:22.613+0530] {dagbag.py:588} INFO - Filling up the DagBag from /home/sneha/spotify_airflow_project/venv/lib/python3.12/site-packages/airflow/example_dags/example_params_ui_tutorial.py
[2026-01-08T11:38:22.623+0530] {processor.py:925} INFO - DAG(s) 'example_params_ui_tutorial' retrieved from /home/sneha/spotify_airflow_project/venv/lib/python3.12/site-packages/airflow/example_dags/example_params_ui_tutorial.py
[2026-01-08T11:38:22.683+0530] {logging_mixin.py:190} INFO - [2026-01-08T11:38:22.682+0530] {dag.py:3239} INFO - Sync 1 DAGs
[2026-01-08T11:38:22.699+0530] {logging_mixin.py:190} INFO - [2026-01-08T11:38:22.699+0530] {dag.py:4180} INFO - Setting next_dagrun for example_params_ui_tutorial to None, run_after=None
[2026-01-08T11:38:22.728+0530] {processor.py:208} INFO - Processing /home/sneha/spotify_airflow_project/venv/lib/python3.12/site-packages/airflow/example_dags/example_params_ui_tutorial.py took 0.130 seconds
[2026-01-08T11:39:26.379+0530] {processor.py:186} INFO - Started process (PID=23336) to work on /home/sneha/spotify_airflow_project/venv/lib/python3.12/site-packages/airflow/example_dags/example_params_ui_tutorial.py
[2026-01-08T11:39:26.381+0530] {processor.py:914} INFO - Processing file /home/sneha/spotify_airflow_project/venv/lib/python3.12/site-packages/airflow/example_dags/example_params_ui_tutorial.py for tasks to queue
[2026-01-08T11:39:26.383+0530] {logging_mixin.py:190} INFO - [2026-01-08T11:39:26.382+0530] {dagbag.py:588} INFO - Filling up the DagBag from /home/sneha/spotify_airflow_project/venv/lib/python3.12/site-packages/airflow/example_dags/example_params_ui_tutorial.py
[2026-01-08T11:39:26.393+0530] {processor.py:925} INFO - DAG(s) 'example_params_ui_tutorial' retrieved from /home/sneha/spotify_airflow_project/venv/lib/python3.12/site-packages/airflow/example_dags/example_params_ui_tutorial.py
[2026-01-08T11:39:26.456+0530] {logging_mixin.py:190} INFO - [2026-01-08T11:39:26.456+0530] {dag.py:3239} INFO - Sync 1 DAGs
[2026-01-08T11:39:26.475+0530] {logging_mixin.py:190} INFO - [2026-01-08T11:39:26.474+0530] {dag.py:4180} INFO - Setting next_dagrun for example_params_ui_tutorial to None, run_after=None
[2026-01-08T11:39:26.504+0530] {processor.py:208} INFO - Processing /home/sneha/spotify_airflow_project/venv/lib/python3.12/site-packages/airflow/example_dags/example_params_ui_tutorial.py took 0.136 seconds
[2026-01-08T11:40:31.725+0530] {processor.py:186} INFO - Started process (PID=23419) to work on /home/sneha/spotify_airflow_project/venv/lib/python3.12/site-packages/airflow/example_dags/example_params_ui_tutorial.py
[2026-01-08T11:40:31.727+0530] {processor.py:914} INFO - Processing file /home/sneha/spotify_airflow_project/venv/lib/python3.12/site-packages/airflow/example_dags/example_params_ui_tutorial.py for tasks to queue
[2026-01-08T11:40:31.729+0530] {logging_mixin.py:190} INFO - [2026-01-08T11:40:31.728+0530] {dagbag.py:588} INFO - Filling up the DagBag from /home/sneha/spotify_airflow_project/venv/lib/python3.12/site-packages/airflow/example_dags/example_params_ui_tutorial.py
[2026-01-08T11:40:31.738+0530] {processor.py:925} INFO - DAG(s) 'example_params_ui_tutorial' retrieved from /home/sneha/spotify_airflow_project/venv/lib/python3.12/site-packages/airflow/example_dags/example_params_ui_tutorial.py
[2026-01-08T11:40:31.799+0530] {logging_mixin.py:190} INFO - [2026-01-08T11:40:31.798+0530] {dag.py:3239} INFO - Sync 1 DAGs
[2026-01-08T11:40:31.816+0530] {logging_mixin.py:190} INFO - [2026-01-08T11:40:31.815+0530] {dag.py:4180} INFO - Setting next_dagrun for example_params_ui_tutorial to None, run_after=None
[2026-01-08T11:40:31.844+0530] {processor.py:208} INFO - Processing /home/sneha/spotify_airflow_project/venv/lib/python3.12/site-packages/airflow/example_dags/example_params_ui_tutorial.py took 0.130 seconds
[2026-01-08T11:41:31.577+0530] {processor.py:186} INFO - Started process (PID=23553) to work on /home/sneha/spotify_airflow_project/venv/lib/python3.12/site-packages/airflow/example_dags/example_params_ui_tutorial.py
[2026-01-08T11:41:31.578+0530] {processor.py:914} INFO - Processing file /home/sneha/spotify_airflow_project/venv/lib/python3.12/site-packages/airflow/example_dags/example_params_ui_tutorial.py for tasks to queue
[2026-01-08T11:41:31.580+0530] {logging_mixin.py:190} INFO - [2026-01-08T11:41:31.579+0530] {dagbag.py:588} INFO - Filling up the DagBag from /home/sneha/spotify_airflow_project/venv/lib/python3.12/site-packages/airflow/example_dags/example_params_ui_tutorial.py
[2026-01-08T11:41:31.590+0530] {processor.py:925} INFO - DAG(s) 'example_params_ui_tutorial' retrieved from /home/sneha/spotify_airflow_project/venv/lib/python3.12/site-packages/airflow/example_dags/example_params_ui_tutorial.py
[2026-01-08T11:41:31.655+0530] {logging_mixin.py:190} INFO - [2026-01-08T11:41:31.654+0530] {dag.py:3239} INFO - Sync 1 DAGs
[2026-01-08T11:41:31.673+0530] {logging_mixin.py:190} INFO - [2026-01-08T11:41:31.673+0530] {dag.py:4180} INFO - Setting next_dagrun for example_params_ui_tutorial to None, run_after=None
[2026-01-08T11:41:31.702+0530] {processor.py:208} INFO - Processing /home/sneha/spotify_airflow_project/venv/lib/python3.12/site-packages/airflow/example_dags/example_params_ui_tutorial.py took 0.134 seconds
[2026-01-08T11:42:42.485+0530] {processor.py:186} INFO - Started process (PID=23623) to work on /home/sneha/spotify_airflow_project/venv/lib/python3.12/site-packages/airflow/example_dags/example_params_ui_tutorial.py
[2026-01-08T11:42:42.486+0530] {processor.py:914} INFO - Processing file /home/sneha/spotify_airflow_project/venv/lib/python3.12/site-packages/airflow/example_dags/example_params_ui_tutorial.py for tasks to queue
[2026-01-08T11:42:42.489+0530] {logging_mixin.py:190} INFO - [2026-01-08T11:42:42.488+0530] {dagbag.py:588} INFO - Filling up the DagBag from /home/sneha/spotify_airflow_project/venv/lib/python3.12/site-packages/airflow/example_dags/example_params_ui_tutorial.py
[2026-01-08T11:42:42.499+0530] {processor.py:925} INFO - DAG(s) 'example_params_ui_tutorial' retrieved from /home/sneha/spotify_airflow_project/venv/lib/python3.12/site-packages/airflow/example_dags/example_params_ui_tutorial.py
[2026-01-08T11:42:42.565+0530] {logging_mixin.py:190} INFO - [2026-01-08T11:42:42.565+0530] {dag.py:3239} INFO - Sync 1 DAGs
[2026-01-08T11:42:42.584+0530] {logging_mixin.py:190} INFO - [2026-01-08T11:42:42.584+0530] {dag.py:4180} INFO - Setting next_dagrun for example_params_ui_tutorial to None, run_after=None
[2026-01-08T11:42:42.613+0530] {processor.py:208} INFO - Processing /home/sneha/spotify_airflow_project/venv/lib/python3.12/site-packages/airflow/example_dags/example_params_ui_tutorial.py took 0.139 seconds
[2026-01-08T11:43:43.014+0530] {processor.py:186} INFO - Started process (PID=23713) to work on /home/sneha/spotify_airflow_project/venv/lib/python3.12/site-packages/airflow/example_dags/example_params_ui_tutorial.py
[2026-01-08T11:43:43.016+0530] {processor.py:914} INFO - Processing file /home/sneha/spotify_airflow_project/venv/lib/python3.12/site-packages/airflow/example_dags/example_params_ui_tutorial.py for tasks to queue
[2026-01-08T11:43:43.017+0530] {logging_mixin.py:190} INFO - [2026-01-08T11:43:43.017+0530] {dagbag.py:588} INFO - Filling up the DagBag from /home/sneha/spotify_airflow_project/venv/lib/python3.12/site-packages/airflow/example_dags/example_params_ui_tutorial.py
[2026-01-08T11:43:43.027+0530] {processor.py:925} INFO - DAG(s) 'example_params_ui_tutorial' retrieved from /home/sneha/spotify_airflow_project/venv/lib/python3.12/site-packages/airflow/example_dags/example_params_ui_tutorial.py
[2026-01-08T11:43:43.087+0530] {logging_mixin.py:190} INFO - [2026-01-08T11:43:43.087+0530] {dag.py:3239} INFO - Sync 1 DAGs
[2026-01-08T11:43:43.104+0530] {logging_mixin.py:190} INFO - [2026-01-08T11:43:43.103+0530] {dag.py:4180} INFO - Setting next_dagrun for example_params_ui_tutorial to None, run_after=None
[2026-01-08T11:43:43.131+0530] {processor.py:208} INFO - Processing /home/sneha/spotify_airflow_project/venv/lib/python3.12/site-packages/airflow/example_dags/example_params_ui_tutorial.py took 0.129 seconds
[2026-01-08T11:44:47.739+0530] {processor.py:186} INFO - Started process (PID=23899) to work on /home/sneha/spotify_airflow_project/venv/lib/python3.12/site-packages/airflow/example_dags/example_params_ui_tutorial.py
[2026-01-08T11:44:47.741+0530] {processor.py:914} INFO - Processing file /home/sneha/spotify_airflow_project/venv/lib/python3.12/site-packages/airflow/example_dags/example_params_ui_tutorial.py for tasks to queue
[2026-01-08T11:44:47.743+0530] {logging_mixin.py:190} INFO - [2026-01-08T11:44:47.742+0530] {dagbag.py:588} INFO - Filling up the DagBag from /home/sneha/spotify_airflow_project/venv/lib/python3.12/site-packages/airflow/example_dags/example_params_ui_tutorial.py
[2026-01-08T11:44:47.757+0530] {processor.py:925} INFO - DAG(s) 'example_params_ui_tutorial' retrieved from /home/sneha/spotify_airflow_project/venv/lib/python3.12/site-packages/airflow/example_dags/example_params_ui_tutorial.py
[2026-01-08T11:44:47.824+0530] {logging_mixin.py:190} INFO - [2026-01-08T11:44:47.824+0530] {dag.py:3239} INFO - Sync 1 DAGs
[2026-01-08T11:44:47.843+0530] {logging_mixin.py:190} INFO - [2026-01-08T11:44:47.843+0530] {dag.py:4180} INFO - Setting next_dagrun for example_params_ui_tutorial to None, run_after=None
[2026-01-08T11:44:47.875+0530] {processor.py:208} INFO - Processing /home/sneha/spotify_airflow_project/venv/lib/python3.12/site-packages/airflow/example_dags/example_params_ui_tutorial.py took 0.152 seconds
[2026-01-08T11:45:51.133+0530] {processor.py:186} INFO - Started process (PID=24087) to work on /home/sneha/spotify_airflow_project/venv/lib/python3.12/site-packages/airflow/example_dags/example_params_ui_tutorial.py
[2026-01-08T11:45:51.144+0530] {processor.py:914} INFO - Processing file /home/sneha/spotify_airflow_project/venv/lib/python3.12/site-packages/airflow/example_dags/example_params_ui_tutorial.py for tasks to queue
[2026-01-08T11:45:51.146+0530] {logging_mixin.py:190} INFO - [2026-01-08T11:45:51.145+0530] {dagbag.py:588} INFO - Filling up the DagBag from /home/sneha/spotify_airflow_project/venv/lib/python3.12/site-packages/airflow/example_dags/example_params_ui_tutorial.py
[2026-01-08T11:45:51.156+0530] {processor.py:925} INFO - DAG(s) 'example_params_ui_tutorial' retrieved from /home/sneha/spotify_airflow_project/venv/lib/python3.12/site-packages/airflow/example_dags/example_params_ui_tutorial.py
[2026-01-08T11:45:51.217+0530] {logging_mixin.py:190} INFO - [2026-01-08T11:45:51.217+0530] {dag.py:3239} INFO - Sync 1 DAGs
[2026-01-08T11:45:51.236+0530] {logging_mixin.py:190} INFO - [2026-01-08T11:45:51.235+0530] {dag.py:4180} INFO - Setting next_dagrun for example_params_ui_tutorial to None, run_after=None
[2026-01-08T11:45:51.266+0530] {processor.py:208} INFO - Processing /home/sneha/spotify_airflow_project/venv/lib/python3.12/site-packages/airflow/example_dags/example_params_ui_tutorial.py took 0.144 seconds
[2026-01-08T11:46:55.454+0530] {processor.py:186} INFO - Started process (PID=24150) to work on /home/sneha/spotify_airflow_project/venv/lib/python3.12/site-packages/airflow/example_dags/example_params_ui_tutorial.py
[2026-01-08T11:46:55.465+0530] {processor.py:914} INFO - Processing file /home/sneha/spotify_airflow_project/venv/lib/python3.12/site-packages/airflow/example_dags/example_params_ui_tutorial.py for tasks to queue
[2026-01-08T11:46:55.468+0530] {logging_mixin.py:190} INFO - [2026-01-08T11:46:55.467+0530] {dagbag.py:588} INFO - Filling up the DagBag from /home/sneha/spotify_airflow_project/venv/lib/python3.12/site-packages/airflow/example_dags/example_params_ui_tutorial.py
[2026-01-08T11:46:55.477+0530] {processor.py:925} INFO - DAG(s) 'example_params_ui_tutorial' retrieved from /home/sneha/spotify_airflow_project/venv/lib/python3.12/site-packages/airflow/example_dags/example_params_ui_tutorial.py
[2026-01-08T11:46:55.544+0530] {logging_mixin.py:190} INFO - [2026-01-08T11:46:55.543+0530] {dag.py:3239} INFO - Sync 1 DAGs
[2026-01-08T11:46:55.562+0530] {logging_mixin.py:190} INFO - [2026-01-08T11:46:55.561+0530] {dag.py:4180} INFO - Setting next_dagrun for example_params_ui_tutorial to None, run_after=None
[2026-01-08T11:46:55.590+0530] {processor.py:208} INFO - Processing /home/sneha/spotify_airflow_project/venv/lib/python3.12/site-packages/airflow/example_dags/example_params_ui_tutorial.py took 0.145 seconds
[2026-01-08T11:48:00.777+0530] {processor.py:186} INFO - Started process (PID=24213) to work on /home/sneha/spotify_airflow_project/venv/lib/python3.12/site-packages/airflow/example_dags/example_params_ui_tutorial.py
[2026-01-08T11:48:00.788+0530] {processor.py:914} INFO - Processing file /home/sneha/spotify_airflow_project/venv/lib/python3.12/site-packages/airflow/example_dags/example_params_ui_tutorial.py for tasks to queue
[2026-01-08T11:48:00.790+0530] {logging_mixin.py:190} INFO - [2026-01-08T11:48:00.789+0530] {dagbag.py:588} INFO - Filling up the DagBag from /home/sneha/spotify_airflow_project/venv/lib/python3.12/site-packages/airflow/example_dags/example_params_ui_tutorial.py
[2026-01-08T11:48:00.799+0530] {processor.py:925} INFO - DAG(s) 'example_params_ui_tutorial' retrieved from /home/sneha/spotify_airflow_project/venv/lib/python3.12/site-packages/airflow/example_dags/example_params_ui_tutorial.py
[2026-01-08T11:48:00.859+0530] {logging_mixin.py:190} INFO - [2026-01-08T11:48:00.858+0530] {dag.py:3239} INFO - Sync 1 DAGs
[2026-01-08T11:48:00.877+0530] {logging_mixin.py:190} INFO - [2026-01-08T11:48:00.876+0530] {dag.py:4180} INFO - Setting next_dagrun for example_params_ui_tutorial to None, run_after=None
[2026-01-08T11:48:00.905+0530] {processor.py:208} INFO - Processing /home/sneha/spotify_airflow_project/venv/lib/python3.12/site-packages/airflow/example_dags/example_params_ui_tutorial.py took 0.140 seconds
[2026-01-08T11:49:02.064+0530] {processor.py:186} INFO - Started process (PID=24301) to work on /home/sneha/spotify_airflow_project/venv/lib/python3.12/site-packages/airflow/example_dags/example_params_ui_tutorial.py
[2026-01-08T11:49:02.075+0530] {processor.py:914} INFO - Processing file /home/sneha/spotify_airflow_project/venv/lib/python3.12/site-packages/airflow/example_dags/example_params_ui_tutorial.py for tasks to queue
[2026-01-08T11:49:02.077+0530] {logging_mixin.py:190} INFO - [2026-01-08T11:49:02.076+0530] {dagbag.py:588} INFO - Filling up the DagBag from /home/sneha/spotify_airflow_project/venv/lib/python3.12/site-packages/airflow/example_dags/example_params_ui_tutorial.py
[2026-01-08T11:49:02.087+0530] {processor.py:925} INFO - DAG(s) 'example_params_ui_tutorial' retrieved from /home/sneha/spotify_airflow_project/venv/lib/python3.12/site-packages/airflow/example_dags/example_params_ui_tutorial.py
[2026-01-08T11:49:02.148+0530] {logging_mixin.py:190} INFO - [2026-01-08T11:49:02.148+0530] {dag.py:3239} INFO - Sync 1 DAGs
[2026-01-08T11:49:02.166+0530] {logging_mixin.py:190} INFO - [2026-01-08T11:49:02.166+0530] {dag.py:4180} INFO - Setting next_dagrun for example_params_ui_tutorial to None, run_after=None
[2026-01-08T11:49:02.195+0530] {processor.py:208} INFO - Processing /home/sneha/spotify_airflow_project/venv/lib/python3.12/site-packages/airflow/example_dags/example_params_ui_tutorial.py took 0.142 seconds
[2026-01-08T11:50:06.831+0530] {processor.py:186} INFO - Started process (PID=24364) to work on /home/sneha/spotify_airflow_project/venv/lib/python3.12/site-packages/airflow/example_dags/example_params_ui_tutorial.py
[2026-01-08T11:50:06.833+0530] {processor.py:914} INFO - Processing file /home/sneha/spotify_airflow_project/venv/lib/python3.12/site-packages/airflow/example_dags/example_params_ui_tutorial.py for tasks to queue
[2026-01-08T11:50:06.835+0530] {logging_mixin.py:190} INFO - [2026-01-08T11:50:06.834+0530] {dagbag.py:588} INFO - Filling up the DagBag from /home/sneha/spotify_airflow_project/venv/lib/python3.12/site-packages/airflow/example_dags/example_params_ui_tutorial.py
[2026-01-08T11:50:06.845+0530] {processor.py:925} INFO - DAG(s) 'example_params_ui_tutorial' retrieved from /home/sneha/spotify_airflow_project/venv/lib/python3.12/site-packages/airflow/example_dags/example_params_ui_tutorial.py
[2026-01-08T11:50:06.910+0530] {logging_mixin.py:190} INFO - [2026-01-08T11:50:06.909+0530] {dag.py:3239} INFO - Sync 1 DAGs
[2026-01-08T11:50:06.929+0530] {logging_mixin.py:190} INFO - [2026-01-08T11:50:06.928+0530] {dag.py:4180} INFO - Setting next_dagrun for example_params_ui_tutorial to None, run_after=None
[2026-01-08T11:50:06.959+0530] {processor.py:208} INFO - Processing /home/sneha/spotify_airflow_project/venv/lib/python3.12/site-packages/airflow/example_dags/example_params_ui_tutorial.py took 0.138 seconds
[2026-01-08T11:51:12.904+0530] {processor.py:186} INFO - Started process (PID=24437) to work on /home/sneha/spotify_airflow_project/venv/lib/python3.12/site-packages/airflow/example_dags/example_params_ui_tutorial.py
[2026-01-08T11:51:12.916+0530] {processor.py:914} INFO - Processing file /home/sneha/spotify_airflow_project/venv/lib/python3.12/site-packages/airflow/example_dags/example_params_ui_tutorial.py for tasks to queue
[2026-01-08T11:51:12.917+0530] {logging_mixin.py:190} INFO - [2026-01-08T11:51:12.917+0530] {dagbag.py:588} INFO - Filling up the DagBag from /home/sneha/spotify_airflow_project/venv/lib/python3.12/site-packages/airflow/example_dags/example_params_ui_tutorial.py
[2026-01-08T11:51:12.927+0530] {processor.py:925} INFO - DAG(s) 'example_params_ui_tutorial' retrieved from /home/sneha/spotify_airflow_project/venv/lib/python3.12/site-packages/airflow/example_dags/example_params_ui_tutorial.py
[2026-01-08T11:51:12.986+0530] {logging_mixin.py:190} INFO - [2026-01-08T11:51:12.985+0530] {dag.py:3239} INFO - Sync 1 DAGs
[2026-01-08T11:51:13.003+0530] {logging_mixin.py:190} INFO - [2026-01-08T11:51:13.003+0530] {dag.py:4180} INFO - Setting next_dagrun for example_params_ui_tutorial to None, run_after=None
[2026-01-08T11:51:13.031+0530] {processor.py:208} INFO - Processing /home/sneha/spotify_airflow_project/venv/lib/python3.12/site-packages/airflow/example_dags/example_params_ui_tutorial.py took 0.138 seconds
[2026-01-08T11:52:14.067+0530] {processor.py:186} INFO - Started process (PID=24500) to work on /home/sneha/spotify_airflow_project/venv/lib/python3.12/site-packages/airflow/example_dags/example_params_ui_tutorial.py
[2026-01-08T11:52:14.068+0530] {processor.py:914} INFO - Processing file /home/sneha/spotify_airflow_project/venv/lib/python3.12/site-packages/airflow/example_dags/example_params_ui_tutorial.py for tasks to queue
[2026-01-08T11:52:14.070+0530] {logging_mixin.py:190} INFO - [2026-01-08T11:52:14.069+0530] {dagbag.py:588} INFO - Filling up the DagBag from /home/sneha/spotify_airflow_project/venv/lib/python3.12/site-packages/airflow/example_dags/example_params_ui_tutorial.py
[2026-01-08T11:52:14.079+0530] {processor.py:925} INFO - DAG(s) 'example_params_ui_tutorial' retrieved from /home/sneha/spotify_airflow_project/venv/lib/python3.12/site-packages/airflow/example_dags/example_params_ui_tutorial.py
[2026-01-08T11:52:14.141+0530] {logging_mixin.py:190} INFO - [2026-01-08T11:52:14.141+0530] {dag.py:3239} INFO - Sync 1 DAGs
[2026-01-08T11:52:14.159+0530] {logging_mixin.py:190} INFO - [2026-01-08T11:52:14.158+0530] {dag.py:4180} INFO - Setting next_dagrun for example_params_ui_tutorial to None, run_after=None
[2026-01-08T11:52:14.186+0530] {processor.py:208} INFO - Processing /home/sneha/spotify_airflow_project/venv/lib/python3.12/site-packages/airflow/example_dags/example_params_ui_tutorial.py took 0.131 seconds
[2026-01-08T11:53:16.941+0530] {processor.py:186} INFO - Started process (PID=24581) to work on /home/sneha/spotify_airflow_project/venv/lib/python3.12/site-packages/airflow/example_dags/example_params_ui_tutorial.py
[2026-01-08T11:53:16.943+0530] {processor.py:914} INFO - Processing file /home/sneha/spotify_airflow_project/venv/lib/python3.12/site-packages/airflow/example_dags/example_params_ui_tutorial.py for tasks to queue
[2026-01-08T11:53:16.945+0530] {logging_mixin.py:190} INFO - [2026-01-08T11:53:16.945+0530] {dagbag.py:588} INFO - Filling up the DagBag from /home/sneha/spotify_airflow_project/venv/lib/python3.12/site-packages/airflow/example_dags/example_params_ui_tutorial.py
[2026-01-08T11:53:16.956+0530] {processor.py:925} INFO - DAG(s) 'example_params_ui_tutorial' retrieved from /home/sneha/spotify_airflow_project/venv/lib/python3.12/site-packages/airflow/example_dags/example_params_ui_tutorial.py
[2026-01-08T11:53:17.022+0530] {logging_mixin.py:190} INFO - [2026-01-08T11:53:17.021+0530] {dag.py:3239} INFO - Sync 1 DAGs
[2026-01-08T11:53:17.040+0530] {logging_mixin.py:190} INFO - [2026-01-08T11:53:17.039+0530] {dag.py:4180} INFO - Setting next_dagrun for example_params_ui_tutorial to None, run_after=None
[2026-01-08T11:53:17.068+0530] {processor.py:208} INFO - Processing /home/sneha/spotify_airflow_project/venv/lib/python3.12/site-packages/airflow/example_dags/example_params_ui_tutorial.py took 0.140 seconds
[2026-01-08T11:54:18.655+0530] {processor.py:186} INFO - Started process (PID=24667) to work on /home/sneha/spotify_airflow_project/venv/lib/python3.12/site-packages/airflow/example_dags/example_params_ui_tutorial.py
[2026-01-08T11:54:18.657+0530] {processor.py:914} INFO - Processing file /home/sneha/spotify_airflow_project/venv/lib/python3.12/site-packages/airflow/example_dags/example_params_ui_tutorial.py for tasks to queue
[2026-01-08T11:54:18.658+0530] {logging_mixin.py:190} INFO - [2026-01-08T11:54:18.658+0530] {dagbag.py:588} INFO - Filling up the DagBag from /home/sneha/spotify_airflow_project/venv/lib/python3.12/site-packages/airflow/example_dags/example_params_ui_tutorial.py
[2026-01-08T11:54:18.669+0530] {processor.py:925} INFO - DAG(s) 'example_params_ui_tutorial' retrieved from /home/sneha/spotify_airflow_project/venv/lib/python3.12/site-packages/airflow/example_dags/example_params_ui_tutorial.py
[2026-01-08T11:54:18.734+0530] {logging_mixin.py:190} INFO - [2026-01-08T11:54:18.734+0530] {dag.py:3239} INFO - Sync 1 DAGs
[2026-01-08T11:54:18.752+0530] {logging_mixin.py:190} INFO - [2026-01-08T11:54:18.752+0530] {dag.py:4180} INFO - Setting next_dagrun for example_params_ui_tutorial to None, run_after=None
[2026-01-08T11:54:18.780+0530] {processor.py:208} INFO - Processing /home/sneha/spotify_airflow_project/venv/lib/python3.12/site-packages/airflow/example_dags/example_params_ui_tutorial.py took 0.135 seconds
[2026-01-08T11:55:21.394+0530] {processor.py:186} INFO - Started process (PID=24734) to work on /home/sneha/spotify_airflow_project/venv/lib/python3.12/site-packages/airflow/example_dags/example_params_ui_tutorial.py
[2026-01-08T11:55:21.395+0530] {processor.py:914} INFO - Processing file /home/sneha/spotify_airflow_project/venv/lib/python3.12/site-packages/airflow/example_dags/example_params_ui_tutorial.py for tasks to queue
[2026-01-08T11:55:21.397+0530] {logging_mixin.py:190} INFO - [2026-01-08T11:55:21.397+0530] {dagbag.py:588} INFO - Filling up the DagBag from /home/sneha/spotify_airflow_project/venv/lib/python3.12/site-packages/airflow/example_dags/example_params_ui_tutorial.py
[2026-01-08T11:55:21.407+0530] {processor.py:925} INFO - DAG(s) 'example_params_ui_tutorial' retrieved from /home/sneha/spotify_airflow_project/venv/lib/python3.12/site-packages/airflow/example_dags/example_params_ui_tutorial.py
[2026-01-08T11:55:21.468+0530] {logging_mixin.py:190} INFO - [2026-01-08T11:55:21.468+0530] {dag.py:3239} INFO - Sync 1 DAGs
[2026-01-08T11:55:21.486+0530] {logging_mixin.py:190} INFO - [2026-01-08T11:55:21.486+0530] {dag.py:4180} INFO - Setting next_dagrun for example_params_ui_tutorial to None, run_after=None
[2026-01-08T11:55:21.515+0530] {processor.py:208} INFO - Processing /home/sneha/spotify_airflow_project/venv/lib/python3.12/site-packages/airflow/example_dags/example_params_ui_tutorial.py took 0.132 seconds
[2026-01-08T11:56:25.630+0530] {processor.py:186} INFO - Started process (PID=24797) to work on /home/sneha/spotify_airflow_project/venv/lib/python3.12/site-packages/airflow/example_dags/example_params_ui_tutorial.py
[2026-01-08T11:56:25.632+0530] {processor.py:914} INFO - Processing file /home/sneha/spotify_airflow_project/venv/lib/python3.12/site-packages/airflow/example_dags/example_params_ui_tutorial.py for tasks to queue
[2026-01-08T11:56:25.633+0530] {logging_mixin.py:190} INFO - [2026-01-08T11:56:25.633+0530] {dagbag.py:588} INFO - Filling up the DagBag from /home/sneha/spotify_airflow_project/venv/lib/python3.12/site-packages/airflow/example_dags/example_params_ui_tutorial.py
[2026-01-08T11:56:25.643+0530] {processor.py:925} INFO - DAG(s) 'example_params_ui_tutorial' retrieved from /home/sneha/spotify_airflow_project/venv/lib/python3.12/site-packages/airflow/example_dags/example_params_ui_tutorial.py
[2026-01-08T11:56:25.702+0530] {logging_mixin.py:190} INFO - [2026-01-08T11:56:25.701+0530] {dag.py:3239} INFO - Sync 1 DAGs
[2026-01-08T11:56:25.718+0530] {logging_mixin.py:190} INFO - [2026-01-08T11:56:25.717+0530] {dag.py:4180} INFO - Setting next_dagrun for example_params_ui_tutorial to None, run_after=None
[2026-01-08T11:56:25.745+0530] {processor.py:208} INFO - Processing /home/sneha/spotify_airflow_project/venv/lib/python3.12/site-packages/airflow/example_dags/example_params_ui_tutorial.py took 0.127 seconds
[2026-01-08T11:57:27.287+0530] {processor.py:186} INFO - Started process (PID=24860) to work on /home/sneha/spotify_airflow_project/venv/lib/python3.12/site-packages/airflow/example_dags/example_params_ui_tutorial.py
[2026-01-08T11:57:27.289+0530] {processor.py:914} INFO - Processing file /home/sneha/spotify_airflow_project/venv/lib/python3.12/site-packages/airflow/example_dags/example_params_ui_tutorial.py for tasks to queue
[2026-01-08T11:57:27.291+0530] {logging_mixin.py:190} INFO - [2026-01-08T11:57:27.290+0530] {dagbag.py:588} INFO - Filling up the DagBag from /home/sneha/spotify_airflow_project/venv/lib/python3.12/site-packages/airflow/example_dags/example_params_ui_tutorial.py
[2026-01-08T11:57:27.300+0530] {processor.py:925} INFO - DAG(s) 'example_params_ui_tutorial' retrieved from /home/sneha/spotify_airflow_project/venv/lib/python3.12/site-packages/airflow/example_dags/example_params_ui_tutorial.py
[2026-01-08T11:57:27.362+0530] {logging_mixin.py:190} INFO - [2026-01-08T11:57:27.362+0530] {dag.py:3239} INFO - Sync 1 DAGs
[2026-01-08T11:57:27.380+0530] {logging_mixin.py:190} INFO - [2026-01-08T11:57:27.380+0530] {dag.py:4180} INFO - Setting next_dagrun for example_params_ui_tutorial to None, run_after=None
[2026-01-08T11:57:27.410+0530] {processor.py:208} INFO - Processing /home/sneha/spotify_airflow_project/venv/lib/python3.12/site-packages/airflow/example_dags/example_params_ui_tutorial.py took 0.133 seconds
[2026-01-08T11:58:25.810+0530] {processor.py:186} INFO - Started process (PID=24947) to work on /home/sneha/spotify_airflow_project/venv/lib/python3.12/site-packages/airflow/example_dags/example_params_ui_tutorial.py
[2026-01-08T11:58:25.812+0530] {processor.py:914} INFO - Processing file /home/sneha/spotify_airflow_project/venv/lib/python3.12/site-packages/airflow/example_dags/example_params_ui_tutorial.py for tasks to queue
[2026-01-08T11:58:25.815+0530] {logging_mixin.py:190} INFO - [2026-01-08T11:58:25.814+0530] {dagbag.py:588} INFO - Filling up the DagBag from /home/sneha/spotify_airflow_project/venv/lib/python3.12/site-packages/airflow/example_dags/example_params_ui_tutorial.py
[2026-01-08T11:58:25.825+0530] {processor.py:925} INFO - DAG(s) 'example_params_ui_tutorial' retrieved from /home/sneha/spotify_airflow_project/venv/lib/python3.12/site-packages/airflow/example_dags/example_params_ui_tutorial.py
[2026-01-08T11:58:25.891+0530] {logging_mixin.py:190} INFO - [2026-01-08T11:58:25.890+0530] {dag.py:3239} INFO - Sync 1 DAGs
[2026-01-08T11:58:25.909+0530] {logging_mixin.py:190} INFO - [2026-01-08T11:58:25.908+0530] {dag.py:4180} INFO - Setting next_dagrun for example_params_ui_tutorial to None, run_after=None
[2026-01-08T11:58:25.937+0530] {processor.py:208} INFO - Processing /home/sneha/spotify_airflow_project/venv/lib/python3.12/site-packages/airflow/example_dags/example_params_ui_tutorial.py took 0.139 seconds
[2026-01-08T11:59:25.809+0530] {processor.py:186} INFO - Started process (PID=25007) to work on /home/sneha/spotify_airflow_project/venv/lib/python3.12/site-packages/airflow/example_dags/example_params_ui_tutorial.py
[2026-01-08T11:59:25.810+0530] {processor.py:914} INFO - Processing file /home/sneha/spotify_airflow_project/venv/lib/python3.12/site-packages/airflow/example_dags/example_params_ui_tutorial.py for tasks to queue
[2026-01-08T11:59:25.812+0530] {logging_mixin.py:190} INFO - [2026-01-08T11:59:25.811+0530] {dagbag.py:588} INFO - Filling up the DagBag from /home/sneha/spotify_airflow_project/venv/lib/python3.12/site-packages/airflow/example_dags/example_params_ui_tutorial.py
[2026-01-08T11:59:25.824+0530] {processor.py:925} INFO - DAG(s) 'example_params_ui_tutorial' retrieved from /home/sneha/spotify_airflow_project/venv/lib/python3.12/site-packages/airflow/example_dags/example_params_ui_tutorial.py
[2026-01-08T11:59:25.882+0530] {logging_mixin.py:190} INFO - [2026-01-08T11:59:25.881+0530] {dag.py:3239} INFO - Sync 1 DAGs
[2026-01-08T11:59:25.898+0530] {logging_mixin.py:190} INFO - [2026-01-08T11:59:25.898+0530] {dag.py:4180} INFO - Setting next_dagrun for example_params_ui_tutorial to None, run_after=None
[2026-01-08T11:59:25.925+0530] {processor.py:208} INFO - Processing /home/sneha/spotify_airflow_project/venv/lib/python3.12/site-packages/airflow/example_dags/example_params_ui_tutorial.py took 0.128 seconds
[2026-01-08T12:00:25.816+0530] {processor.py:186} INFO - Started process (PID=25067) to work on /home/sneha/spotify_airflow_project/venv/lib/python3.12/site-packages/airflow/example_dags/example_params_ui_tutorial.py
[2026-01-08T12:00:25.817+0530] {processor.py:914} INFO - Processing file /home/sneha/spotify_airflow_project/venv/lib/python3.12/site-packages/airflow/example_dags/example_params_ui_tutorial.py for tasks to queue
[2026-01-08T12:00:25.819+0530] {logging_mixin.py:190} INFO - [2026-01-08T12:00:25.818+0530] {dagbag.py:588} INFO - Filling up the DagBag from /home/sneha/spotify_airflow_project/venv/lib/python3.12/site-packages/airflow/example_dags/example_params_ui_tutorial.py
[2026-01-08T12:00:25.828+0530] {processor.py:925} INFO - DAG(s) 'example_params_ui_tutorial' retrieved from /home/sneha/spotify_airflow_project/venv/lib/python3.12/site-packages/airflow/example_dags/example_params_ui_tutorial.py
[2026-01-08T12:00:25.887+0530] {logging_mixin.py:190} INFO - [2026-01-08T12:00:25.887+0530] {dag.py:3239} INFO - Sync 1 DAGs
[2026-01-08T12:00:25.906+0530] {logging_mixin.py:190} INFO - [2026-01-08T12:00:25.905+0530] {dag.py:4180} INFO - Setting next_dagrun for example_params_ui_tutorial to None, run_after=None
[2026-01-08T12:00:25.932+0530] {processor.py:208} INFO - Processing /home/sneha/spotify_airflow_project/venv/lib/python3.12/site-packages/airflow/example_dags/example_params_ui_tutorial.py took 0.128 seconds
[2026-01-08T12:01:29.556+0530] {processor.py:186} INFO - Started process (PID=25131) to work on /home/sneha/spotify_airflow_project/venv/lib/python3.12/site-packages/airflow/example_dags/example_params_ui_tutorial.py
[2026-01-08T12:01:29.557+0530] {processor.py:914} INFO - Processing file /home/sneha/spotify_airflow_project/venv/lib/python3.12/site-packages/airflow/example_dags/example_params_ui_tutorial.py for tasks to queue
[2026-01-08T12:01:29.559+0530] {logging_mixin.py:190} INFO - [2026-01-08T12:01:29.558+0530] {dagbag.py:588} INFO - Filling up the DagBag from /home/sneha/spotify_airflow_project/venv/lib/python3.12/site-packages/airflow/example_dags/example_params_ui_tutorial.py
[2026-01-08T12:01:29.569+0530] {processor.py:925} INFO - DAG(s) 'example_params_ui_tutorial' retrieved from /home/sneha/spotify_airflow_project/venv/lib/python3.12/site-packages/airflow/example_dags/example_params_ui_tutorial.py
[2026-01-08T12:01:29.634+0530] {logging_mixin.py:190} INFO - [2026-01-08T12:01:29.633+0530] {dag.py:3239} INFO - Sync 1 DAGs
[2026-01-08T12:01:29.651+0530] {logging_mixin.py:190} INFO - [2026-01-08T12:01:29.651+0530] {dag.py:4180} INFO - Setting next_dagrun for example_params_ui_tutorial to None, run_after=None
[2026-01-08T12:01:29.680+0530] {processor.py:208} INFO - Processing /home/sneha/spotify_airflow_project/venv/lib/python3.12/site-packages/airflow/example_dags/example_params_ui_tutorial.py took 0.134 seconds
[2026-01-08T12:02:33.210+0530] {processor.py:186} INFO - Started process (PID=25195) to work on /home/sneha/spotify_airflow_project/venv/lib/python3.12/site-packages/airflow/example_dags/example_params_ui_tutorial.py
[2026-01-08T12:02:33.212+0530] {processor.py:914} INFO - Processing file /home/sneha/spotify_airflow_project/venv/lib/python3.12/site-packages/airflow/example_dags/example_params_ui_tutorial.py for tasks to queue
[2026-01-08T12:02:33.214+0530] {logging_mixin.py:190} INFO - [2026-01-08T12:02:33.213+0530] {dagbag.py:588} INFO - Filling up the DagBag from /home/sneha/spotify_airflow_project/venv/lib/python3.12/site-packages/airflow/example_dags/example_params_ui_tutorial.py
[2026-01-08T12:02:33.223+0530] {processor.py:925} INFO - DAG(s) 'example_params_ui_tutorial' retrieved from /home/sneha/spotify_airflow_project/venv/lib/python3.12/site-packages/airflow/example_dags/example_params_ui_tutorial.py
[2026-01-08T12:02:33.285+0530] {logging_mixin.py:190} INFO - [2026-01-08T12:02:33.284+0530] {dag.py:3239} INFO - Sync 1 DAGs
[2026-01-08T12:02:33.302+0530] {logging_mixin.py:190} INFO - [2026-01-08T12:02:33.302+0530] {dag.py:4180} INFO - Setting next_dagrun for example_params_ui_tutorial to None, run_after=None
[2026-01-08T12:02:33.331+0530] {processor.py:208} INFO - Processing /home/sneha/spotify_airflow_project/venv/lib/python3.12/site-packages/airflow/example_dags/example_params_ui_tutorial.py took 0.132 seconds
[2026-01-08T12:03:39.397+0530] {processor.py:186} INFO - Started process (PID=25286) to work on /home/sneha/spotify_airflow_project/venv/lib/python3.12/site-packages/airflow/example_dags/example_params_ui_tutorial.py
[2026-01-08T12:03:39.399+0530] {processor.py:914} INFO - Processing file /home/sneha/spotify_airflow_project/venv/lib/python3.12/site-packages/airflow/example_dags/example_params_ui_tutorial.py for tasks to queue
[2026-01-08T12:03:39.401+0530] {logging_mixin.py:190} INFO - [2026-01-08T12:03:39.400+0530] {dagbag.py:588} INFO - Filling up the DagBag from /home/sneha/spotify_airflow_project/venv/lib/python3.12/site-packages/airflow/example_dags/example_params_ui_tutorial.py
[2026-01-08T12:03:39.411+0530] {processor.py:925} INFO - DAG(s) 'example_params_ui_tutorial' retrieved from /home/sneha/spotify_airflow_project/venv/lib/python3.12/site-packages/airflow/example_dags/example_params_ui_tutorial.py
[2026-01-08T12:03:39.476+0530] {logging_mixin.py:190} INFO - [2026-01-08T12:03:39.476+0530] {dag.py:3239} INFO - Sync 1 DAGs
[2026-01-08T12:03:39.494+0530] {logging_mixin.py:190} INFO - [2026-01-08T12:03:39.493+0530] {dag.py:4180} INFO - Setting next_dagrun for example_params_ui_tutorial to None, run_after=None
[2026-01-08T12:03:39.521+0530] {processor.py:208} INFO - Processing /home/sneha/spotify_airflow_project/venv/lib/python3.12/site-packages/airflow/example_dags/example_params_ui_tutorial.py took 0.135 seconds
[2026-01-08T12:04:43.156+0530] {processor.py:186} INFO - Started process (PID=25360) to work on /home/sneha/spotify_airflow_project/venv/lib/python3.12/site-packages/airflow/example_dags/example_params_ui_tutorial.py
[2026-01-08T12:04:43.158+0530] {processor.py:914} INFO - Processing file /home/sneha/spotify_airflow_project/venv/lib/python3.12/site-packages/airflow/example_dags/example_params_ui_tutorial.py for tasks to queue
[2026-01-08T12:04:43.160+0530] {logging_mixin.py:190} INFO - [2026-01-08T12:04:43.159+0530] {dagbag.py:588} INFO - Filling up the DagBag from /home/sneha/spotify_airflow_project/venv/lib/python3.12/site-packages/airflow/example_dags/example_params_ui_tutorial.py
[2026-01-08T12:04:43.170+0530] {processor.py:925} INFO - DAG(s) 'example_params_ui_tutorial' retrieved from /home/sneha/spotify_airflow_project/venv/lib/python3.12/site-packages/airflow/example_dags/example_params_ui_tutorial.py
[2026-01-08T12:04:43.232+0530] {logging_mixin.py:190} INFO - [2026-01-08T12:04:43.231+0530] {dag.py:3239} INFO - Sync 1 DAGs
[2026-01-08T12:04:43.249+0530] {logging_mixin.py:190} INFO - [2026-01-08T12:04:43.249+0530] {dag.py:4180} INFO - Setting next_dagrun for example_params_ui_tutorial to None, run_after=None
[2026-01-08T12:04:43.277+0530] {processor.py:208} INFO - Processing /home/sneha/spotify_airflow_project/venv/lib/python3.12/site-packages/airflow/example_dags/example_params_ui_tutorial.py took 0.134 seconds
[2026-01-08T12:05:47.081+0530] {processor.py:186} INFO - Started process (PID=25427) to work on /home/sneha/spotify_airflow_project/venv/lib/python3.12/site-packages/airflow/example_dags/example_params_ui_tutorial.py
[2026-01-08T12:05:47.092+0530] {processor.py:914} INFO - Processing file /home/sneha/spotify_airflow_project/venv/lib/python3.12/site-packages/airflow/example_dags/example_params_ui_tutorial.py for tasks to queue
[2026-01-08T12:05:47.094+0530] {logging_mixin.py:190} INFO - [2026-01-08T12:05:47.093+0530] {dagbag.py:588} INFO - Filling up the DagBag from /home/sneha/spotify_airflow_project/venv/lib/python3.12/site-packages/airflow/example_dags/example_params_ui_tutorial.py
[2026-01-08T12:05:47.103+0530] {processor.py:925} INFO - DAG(s) 'example_params_ui_tutorial' retrieved from /home/sneha/spotify_airflow_project/venv/lib/python3.12/site-packages/airflow/example_dags/example_params_ui_tutorial.py
[2026-01-08T12:05:47.163+0530] {logging_mixin.py:190} INFO - [2026-01-08T12:05:47.162+0530] {dag.py:3239} INFO - Sync 1 DAGs
[2026-01-08T12:05:47.179+0530] {logging_mixin.py:190} INFO - [2026-01-08T12:05:47.179+0530] {dag.py:4180} INFO - Setting next_dagrun for example_params_ui_tutorial to None, run_after=None
[2026-01-08T12:05:47.206+0530] {processor.py:208} INFO - Processing /home/sneha/spotify_airflow_project/venv/lib/python3.12/site-packages/airflow/example_dags/example_params_ui_tutorial.py took 0.137 seconds
[2026-01-08T12:06:48.901+0530] {processor.py:186} INFO - Started process (PID=25490) to work on /home/sneha/spotify_airflow_project/venv/lib/python3.12/site-packages/airflow/example_dags/example_params_ui_tutorial.py
[2026-01-08T12:06:48.903+0530] {processor.py:914} INFO - Processing file /home/sneha/spotify_airflow_project/venv/lib/python3.12/site-packages/airflow/example_dags/example_params_ui_tutorial.py for tasks to queue
[2026-01-08T12:06:48.904+0530] {logging_mixin.py:190} INFO - [2026-01-08T12:06:48.904+0530] {dagbag.py:588} INFO - Filling up the DagBag from /home/sneha/spotify_airflow_project/venv/lib/python3.12/site-packages/airflow/example_dags/example_params_ui_tutorial.py
[2026-01-08T12:06:48.914+0530] {processor.py:925} INFO - DAG(s) 'example_params_ui_tutorial' retrieved from /home/sneha/spotify_airflow_project/venv/lib/python3.12/site-packages/airflow/example_dags/example_params_ui_tutorial.py
[2026-01-08T12:06:48.978+0530] {logging_mixin.py:190} INFO - [2026-01-08T12:06:48.978+0530] {dag.py:3239} INFO - Sync 1 DAGs
[2026-01-08T12:06:48.996+0530] {logging_mixin.py:190} INFO - [2026-01-08T12:06:48.996+0530] {dag.py:4180} INFO - Setting next_dagrun for example_params_ui_tutorial to None, run_after=None
[2026-01-08T12:06:49.024+0530] {processor.py:208} INFO - Processing /home/sneha/spotify_airflow_project/venv/lib/python3.12/site-packages/airflow/example_dags/example_params_ui_tutorial.py took 0.134 seconds
[2026-01-08T12:07:46.735+0530] {processor.py:186} INFO - Started process (PID=25550) to work on /home/sneha/spotify_airflow_project/venv/lib/python3.12/site-packages/airflow/example_dags/example_params_ui_tutorial.py
[2026-01-08T12:07:46.737+0530] {processor.py:914} INFO - Processing file /home/sneha/spotify_airflow_project/venv/lib/python3.12/site-packages/airflow/example_dags/example_params_ui_tutorial.py for tasks to queue
[2026-01-08T12:07:46.739+0530] {logging_mixin.py:190} INFO - [2026-01-08T12:07:46.738+0530] {dagbag.py:588} INFO - Filling up the DagBag from /home/sneha/spotify_airflow_project/venv/lib/python3.12/site-packages/airflow/example_dags/example_params_ui_tutorial.py
[2026-01-08T12:07:46.749+0530] {processor.py:925} INFO - DAG(s) 'example_params_ui_tutorial' retrieved from /home/sneha/spotify_airflow_project/venv/lib/python3.12/site-packages/airflow/example_dags/example_params_ui_tutorial.py
[2026-01-08T12:07:46.812+0530] {logging_mixin.py:190} INFO - [2026-01-08T12:07:46.812+0530] {dag.py:3239} INFO - Sync 1 DAGs
[2026-01-08T12:07:46.830+0530] {logging_mixin.py:190} INFO - [2026-01-08T12:07:46.829+0530] {dag.py:4180} INFO - Setting next_dagrun for example_params_ui_tutorial to None, run_after=None
[2026-01-08T12:07:46.858+0530] {processor.py:208} INFO - Processing /home/sneha/spotify_airflow_project/venv/lib/python3.12/site-packages/airflow/example_dags/example_params_ui_tutorial.py took 0.135 seconds
[2026-01-08T12:08:53.154+0530] {processor.py:186} INFO - Started process (PID=25639) to work on /home/sneha/spotify_airflow_project/venv/lib/python3.12/site-packages/airflow/example_dags/example_params_ui_tutorial.py
[2026-01-08T12:08:53.155+0530] {processor.py:914} INFO - Processing file /home/sneha/spotify_airflow_project/venv/lib/python3.12/site-packages/airflow/example_dags/example_params_ui_tutorial.py for tasks to queue
[2026-01-08T12:08:53.157+0530] {logging_mixin.py:190} INFO - [2026-01-08T12:08:53.157+0530] {dagbag.py:588} INFO - Filling up the DagBag from /home/sneha/spotify_airflow_project/venv/lib/python3.12/site-packages/airflow/example_dags/example_params_ui_tutorial.py
[2026-01-08T12:08:53.167+0530] {processor.py:925} INFO - DAG(s) 'example_params_ui_tutorial' retrieved from /home/sneha/spotify_airflow_project/venv/lib/python3.12/site-packages/airflow/example_dags/example_params_ui_tutorial.py
[2026-01-08T12:08:53.227+0530] {logging_mixin.py:190} INFO - [2026-01-08T12:08:53.227+0530] {dag.py:3239} INFO - Sync 1 DAGs
[2026-01-08T12:08:53.244+0530] {logging_mixin.py:190} INFO - [2026-01-08T12:08:53.243+0530] {dag.py:4180} INFO - Setting next_dagrun for example_params_ui_tutorial to None, run_after=None
[2026-01-08T12:08:53.272+0530] {processor.py:208} INFO - Processing /home/sneha/spotify_airflow_project/venv/lib/python3.12/site-packages/airflow/example_dags/example_params_ui_tutorial.py took 0.129 seconds
[2026-01-08T12:09:55.522+0530] {processor.py:186} INFO - Started process (PID=25702) to work on /home/sneha/spotify_airflow_project/venv/lib/python3.12/site-packages/airflow/example_dags/example_params_ui_tutorial.py
[2026-01-08T12:09:55.533+0530] {processor.py:914} INFO - Processing file /home/sneha/spotify_airflow_project/venv/lib/python3.12/site-packages/airflow/example_dags/example_params_ui_tutorial.py for tasks to queue
[2026-01-08T12:09:55.535+0530] {logging_mixin.py:190} INFO - [2026-01-08T12:09:55.534+0530] {dagbag.py:588} INFO - Filling up the DagBag from /home/sneha/spotify_airflow_project/venv/lib/python3.12/site-packages/airflow/example_dags/example_params_ui_tutorial.py
[2026-01-08T12:09:55.545+0530] {processor.py:925} INFO - DAG(s) 'example_params_ui_tutorial' retrieved from /home/sneha/spotify_airflow_project/venv/lib/python3.12/site-packages/airflow/example_dags/example_params_ui_tutorial.py
[2026-01-08T12:09:55.609+0530] {logging_mixin.py:190} INFO - [2026-01-08T12:09:55.609+0530] {dag.py:3239} INFO - Sync 1 DAGs
[2026-01-08T12:09:55.627+0530] {logging_mixin.py:190} INFO - [2026-01-08T12:09:55.626+0530] {dag.py:4180} INFO - Setting next_dagrun for example_params_ui_tutorial to None, run_after=None
[2026-01-08T12:09:55.655+0530] {processor.py:208} INFO - Processing /home/sneha/spotify_airflow_project/venv/lib/python3.12/site-packages/airflow/example_dags/example_params_ui_tutorial.py took 0.145 seconds
[2026-01-08T12:10:57.195+0530] {processor.py:186} INFO - Started process (PID=25770) to work on /home/sneha/spotify_airflow_project/venv/lib/python3.12/site-packages/airflow/example_dags/example_params_ui_tutorial.py
[2026-01-08T12:10:57.196+0530] {processor.py:914} INFO - Processing file /home/sneha/spotify_airflow_project/venv/lib/python3.12/site-packages/airflow/example_dags/example_params_ui_tutorial.py for tasks to queue
[2026-01-08T12:10:57.198+0530] {logging_mixin.py:190} INFO - [2026-01-08T12:10:57.197+0530] {dagbag.py:588} INFO - Filling up the DagBag from /home/sneha/spotify_airflow_project/venv/lib/python3.12/site-packages/airflow/example_dags/example_params_ui_tutorial.py
[2026-01-08T12:10:57.208+0530] {processor.py:925} INFO - DAG(s) 'example_params_ui_tutorial' retrieved from /home/sneha/spotify_airflow_project/venv/lib/python3.12/site-packages/airflow/example_dags/example_params_ui_tutorial.py
[2026-01-08T12:10:57.272+0530] {logging_mixin.py:190} INFO - [2026-01-08T12:10:57.272+0530] {dag.py:3239} INFO - Sync 1 DAGs
[2026-01-08T12:10:57.289+0530] {logging_mixin.py:190} INFO - [2026-01-08T12:10:57.289+0530] {dag.py:4180} INFO - Setting next_dagrun for example_params_ui_tutorial to None, run_after=None
[2026-01-08T12:10:57.319+0530] {processor.py:208} INFO - Processing /home/sneha/spotify_airflow_project/venv/lib/python3.12/site-packages/airflow/example_dags/example_params_ui_tutorial.py took 0.136 seconds
[2026-01-08T12:11:57.539+0530] {processor.py:186} INFO - Started process (PID=25830) to work on /home/sneha/spotify_airflow_project/venv/lib/python3.12/site-packages/airflow/example_dags/example_params_ui_tutorial.py
[2026-01-08T12:11:57.540+0530] {processor.py:914} INFO - Processing file /home/sneha/spotify_airflow_project/venv/lib/python3.12/site-packages/airflow/example_dags/example_params_ui_tutorial.py for tasks to queue
[2026-01-08T12:11:57.542+0530] {logging_mixin.py:190} INFO - [2026-01-08T12:11:57.541+0530] {dagbag.py:588} INFO - Filling up the DagBag from /home/sneha/spotify_airflow_project/venv/lib/python3.12/site-packages/airflow/example_dags/example_params_ui_tutorial.py
[2026-01-08T12:11:57.552+0530] {processor.py:925} INFO - DAG(s) 'example_params_ui_tutorial' retrieved from /home/sneha/spotify_airflow_project/venv/lib/python3.12/site-packages/airflow/example_dags/example_params_ui_tutorial.py
[2026-01-08T12:11:57.613+0530] {logging_mixin.py:190} INFO - [2026-01-08T12:11:57.613+0530] {dag.py:3239} INFO - Sync 1 DAGs
[2026-01-08T12:11:57.633+0530] {logging_mixin.py:190} INFO - [2026-01-08T12:11:57.633+0530] {dag.py:4180} INFO - Setting next_dagrun for example_params_ui_tutorial to None, run_after=None
[2026-01-08T12:11:57.662+0530] {processor.py:208} INFO - Processing /home/sneha/spotify_airflow_project/venv/lib/python3.12/site-packages/airflow/example_dags/example_params_ui_tutorial.py took 0.136 seconds
[2026-01-08T12:24:30.254+0530] {processor.py:186} INFO - Started process (PID=26215) to work on /home/sneha/spotify_airflow_project/venv/lib/python3.12/site-packages/airflow/example_dags/example_params_ui_tutorial.py
[2026-01-08T12:24:30.255+0530] {processor.py:914} INFO - Processing file /home/sneha/spotify_airflow_project/venv/lib/python3.12/site-packages/airflow/example_dags/example_params_ui_tutorial.py for tasks to queue
[2026-01-08T12:24:30.257+0530] {logging_mixin.py:190} INFO - [2026-01-08T12:24:30.256+0530] {dagbag.py:588} INFO - Filling up the DagBag from /home/sneha/spotify_airflow_project/venv/lib/python3.12/site-packages/airflow/example_dags/example_params_ui_tutorial.py
[2026-01-08T12:24:30.267+0530] {processor.py:925} INFO - DAG(s) 'example_params_ui_tutorial' retrieved from /home/sneha/spotify_airflow_project/venv/lib/python3.12/site-packages/airflow/example_dags/example_params_ui_tutorial.py
[2026-01-08T12:24:30.326+0530] {logging_mixin.py:190} INFO - [2026-01-08T12:24:30.325+0530] {dag.py:3239} INFO - Sync 1 DAGs
[2026-01-08T12:24:30.343+0530] {logging_mixin.py:190} INFO - [2026-01-08T12:24:30.343+0530] {dag.py:4180} INFO - Setting next_dagrun for example_params_ui_tutorial to None, run_after=None
[2026-01-08T12:24:30.372+0530] {processor.py:208} INFO - Processing /home/sneha/spotify_airflow_project/venv/lib/python3.12/site-packages/airflow/example_dags/example_params_ui_tutorial.py took 0.130 seconds
[2026-01-08T12:25:32.844+0530] {processor.py:186} INFO - Started process (PID=26309) to work on /home/sneha/spotify_airflow_project/venv/lib/python3.12/site-packages/airflow/example_dags/example_params_ui_tutorial.py
[2026-01-08T12:25:32.845+0530] {processor.py:914} INFO - Processing file /home/sneha/spotify_airflow_project/venv/lib/python3.12/site-packages/airflow/example_dags/example_params_ui_tutorial.py for tasks to queue
[2026-01-08T12:25:32.847+0530] {logging_mixin.py:190} INFO - [2026-01-08T12:25:32.846+0530] {dagbag.py:588} INFO - Filling up the DagBag from /home/sneha/spotify_airflow_project/venv/lib/python3.12/site-packages/airflow/example_dags/example_params_ui_tutorial.py
[2026-01-08T12:25:32.856+0530] {processor.py:925} INFO - DAG(s) 'example_params_ui_tutorial' retrieved from /home/sneha/spotify_airflow_project/venv/lib/python3.12/site-packages/airflow/example_dags/example_params_ui_tutorial.py
[2026-01-08T12:25:32.919+0530] {logging_mixin.py:190} INFO - [2026-01-08T12:25:32.918+0530] {dag.py:3239} INFO - Sync 1 DAGs
[2026-01-08T12:25:32.936+0530] {logging_mixin.py:190} INFO - [2026-01-08T12:25:32.936+0530] {dag.py:4180} INFO - Setting next_dagrun for example_params_ui_tutorial to None, run_after=None
[2026-01-08T12:25:32.966+0530] {processor.py:208} INFO - Processing /home/sneha/spotify_airflow_project/venv/lib/python3.12/site-packages/airflow/example_dags/example_params_ui_tutorial.py took 0.134 seconds
[2026-01-08T12:26:37.255+0530] {processor.py:186} INFO - Started process (PID=26372) to work on /home/sneha/spotify_airflow_project/venv/lib/python3.12/site-packages/airflow/example_dags/example_params_ui_tutorial.py
[2026-01-08T12:26:37.257+0530] {processor.py:914} INFO - Processing file /home/sneha/spotify_airflow_project/venv/lib/python3.12/site-packages/airflow/example_dags/example_params_ui_tutorial.py for tasks to queue
[2026-01-08T12:26:37.259+0530] {logging_mixin.py:190} INFO - [2026-01-08T12:26:37.258+0530] {dagbag.py:588} INFO - Filling up the DagBag from /home/sneha/spotify_airflow_project/venv/lib/python3.12/site-packages/airflow/example_dags/example_params_ui_tutorial.py
[2026-01-08T12:26:37.268+0530] {processor.py:925} INFO - DAG(s) 'example_params_ui_tutorial' retrieved from /home/sneha/spotify_airflow_project/venv/lib/python3.12/site-packages/airflow/example_dags/example_params_ui_tutorial.py
[2026-01-08T12:26:37.333+0530] {logging_mixin.py:190} INFO - [2026-01-08T12:26:37.333+0530] {dag.py:3239} INFO - Sync 1 DAGs
[2026-01-08T12:26:37.351+0530] {logging_mixin.py:190} INFO - [2026-01-08T12:26:37.351+0530] {dag.py:4180} INFO - Setting next_dagrun for example_params_ui_tutorial to None, run_after=None
[2026-01-08T12:26:37.381+0530] {processor.py:208} INFO - Processing /home/sneha/spotify_airflow_project/venv/lib/python3.12/site-packages/airflow/example_dags/example_params_ui_tutorial.py took 0.137 seconds
[2026-01-08T12:27:40.295+0530] {processor.py:186} INFO - Started process (PID=26434) to work on /home/sneha/spotify_airflow_project/venv/lib/python3.12/site-packages/airflow/example_dags/example_params_ui_tutorial.py
[2026-01-08T12:27:40.297+0530] {processor.py:914} INFO - Processing file /home/sneha/spotify_airflow_project/venv/lib/python3.12/site-packages/airflow/example_dags/example_params_ui_tutorial.py for tasks to queue
[2026-01-08T12:27:40.299+0530] {logging_mixin.py:190} INFO - [2026-01-08T12:27:40.298+0530] {dagbag.py:588} INFO - Filling up the DagBag from /home/sneha/spotify_airflow_project/venv/lib/python3.12/site-packages/airflow/example_dags/example_params_ui_tutorial.py
[2026-01-08T12:27:40.309+0530] {processor.py:925} INFO - DAG(s) 'example_params_ui_tutorial' retrieved from /home/sneha/spotify_airflow_project/venv/lib/python3.12/site-packages/airflow/example_dags/example_params_ui_tutorial.py
[2026-01-08T12:27:40.374+0530] {logging_mixin.py:190} INFO - [2026-01-08T12:27:40.373+0530] {dag.py:3239} INFO - Sync 1 DAGs
[2026-01-08T12:27:40.391+0530] {logging_mixin.py:190} INFO - [2026-01-08T12:27:40.391+0530] {dag.py:4180} INFO - Setting next_dagrun for example_params_ui_tutorial to None, run_after=None
[2026-01-08T12:27:40.418+0530] {processor.py:208} INFO - Processing /home/sneha/spotify_airflow_project/venv/lib/python3.12/site-packages/airflow/example_dags/example_params_ui_tutorial.py took 0.135 seconds
[2026-01-08T12:28:42.033+0530] {processor.py:186} INFO - Started process (PID=26495) to work on /home/sneha/spotify_airflow_project/venv/lib/python3.12/site-packages/airflow/example_dags/example_params_ui_tutorial.py
[2026-01-08T12:28:42.034+0530] {processor.py:914} INFO - Processing file /home/sneha/spotify_airflow_project/venv/lib/python3.12/site-packages/airflow/example_dags/example_params_ui_tutorial.py for tasks to queue
[2026-01-08T12:28:42.037+0530] {logging_mixin.py:190} INFO - [2026-01-08T12:28:42.036+0530] {dagbag.py:588} INFO - Filling up the DagBag from /home/sneha/spotify_airflow_project/venv/lib/python3.12/site-packages/airflow/example_dags/example_params_ui_tutorial.py
[2026-01-08T12:28:42.049+0530] {processor.py:925} INFO - DAG(s) 'example_params_ui_tutorial' retrieved from /home/sneha/spotify_airflow_project/venv/lib/python3.12/site-packages/airflow/example_dags/example_params_ui_tutorial.py
[2026-01-08T12:28:42.129+0530] {logging_mixin.py:190} INFO - [2026-01-08T12:28:42.128+0530] {dag.py:3239} INFO - Sync 1 DAGs
[2026-01-08T12:28:42.150+0530] {logging_mixin.py:190} INFO - [2026-01-08T12:28:42.149+0530] {dag.py:4180} INFO - Setting next_dagrun for example_params_ui_tutorial to None, run_after=None
[2026-01-08T12:28:42.185+0530] {processor.py:208} INFO - Processing /home/sneha/spotify_airflow_project/venv/lib/python3.12/site-packages/airflow/example_dags/example_params_ui_tutorial.py took 0.163 seconds
[2026-01-08T12:29:46.095+0530] {processor.py:186} INFO - Started process (PID=26588) to work on /home/sneha/spotify_airflow_project/venv/lib/python3.12/site-packages/airflow/example_dags/example_params_ui_tutorial.py
[2026-01-08T12:29:46.096+0530] {processor.py:914} INFO - Processing file /home/sneha/spotify_airflow_project/venv/lib/python3.12/site-packages/airflow/example_dags/example_params_ui_tutorial.py for tasks to queue
[2026-01-08T12:29:46.098+0530] {logging_mixin.py:190} INFO - [2026-01-08T12:29:46.097+0530] {dagbag.py:588} INFO - Filling up the DagBag from /home/sneha/spotify_airflow_project/venv/lib/python3.12/site-packages/airflow/example_dags/example_params_ui_tutorial.py
[2026-01-08T12:29:46.107+0530] {processor.py:925} INFO - DAG(s) 'example_params_ui_tutorial' retrieved from /home/sneha/spotify_airflow_project/venv/lib/python3.12/site-packages/airflow/example_dags/example_params_ui_tutorial.py
[2026-01-08T12:29:46.168+0530] {logging_mixin.py:190} INFO - [2026-01-08T12:29:46.167+0530] {dag.py:3239} INFO - Sync 1 DAGs
[2026-01-08T12:29:46.185+0530] {logging_mixin.py:190} INFO - [2026-01-08T12:29:46.185+0530] {dag.py:4180} INFO - Setting next_dagrun for example_params_ui_tutorial to None, run_after=None
[2026-01-08T12:29:46.217+0530] {processor.py:208} INFO - Processing /home/sneha/spotify_airflow_project/venv/lib/python3.12/site-packages/airflow/example_dags/example_params_ui_tutorial.py took 0.134 seconds
[2026-01-08T12:32:12.073+0530] {processor.py:186} INFO - Started process (PID=31208) to work on /home/sneha/spotify_airflow_project/venv/lib/python3.12/site-packages/airflow/example_dags/example_params_ui_tutorial.py
[2026-01-08T12:32:12.075+0530] {processor.py:914} INFO - Processing file /home/sneha/spotify_airflow_project/venv/lib/python3.12/site-packages/airflow/example_dags/example_params_ui_tutorial.py for tasks to queue
[2026-01-08T12:32:12.077+0530] {logging_mixin.py:190} INFO - [2026-01-08T12:32:12.076+0530] {dagbag.py:588} INFO - Filling up the DagBag from /home/sneha/spotify_airflow_project/venv/lib/python3.12/site-packages/airflow/example_dags/example_params_ui_tutorial.py
[2026-01-08T12:32:12.086+0530] {processor.py:925} INFO - DAG(s) 'example_params_ui_tutorial' retrieved from /home/sneha/spotify_airflow_project/venv/lib/python3.12/site-packages/airflow/example_dags/example_params_ui_tutorial.py
[2026-01-08T12:32:12.157+0530] {logging_mixin.py:190} INFO - [2026-01-08T12:32:12.157+0530] {dag.py:3239} INFO - Sync 1 DAGs
[2026-01-08T12:32:12.174+0530] {logging_mixin.py:190} INFO - [2026-01-08T12:32:12.174+0530] {dag.py:4180} INFO - Setting next_dagrun for example_params_ui_tutorial to None, run_after=None
[2026-01-08T12:32:12.202+0530] {processor.py:208} INFO - Processing /home/sneha/spotify_airflow_project/venv/lib/python3.12/site-packages/airflow/example_dags/example_params_ui_tutorial.py took 0.140 seconds
[2026-01-08T12:33:14.795+0530] {processor.py:186} INFO - Started process (PID=31270) to work on /home/sneha/spotify_airflow_project/venv/lib/python3.12/site-packages/airflow/example_dags/example_params_ui_tutorial.py
[2026-01-08T12:33:14.797+0530] {processor.py:914} INFO - Processing file /home/sneha/spotify_airflow_project/venv/lib/python3.12/site-packages/airflow/example_dags/example_params_ui_tutorial.py for tasks to queue
[2026-01-08T12:33:14.798+0530] {logging_mixin.py:190} INFO - [2026-01-08T12:33:14.798+0530] {dagbag.py:588} INFO - Filling up the DagBag from /home/sneha/spotify_airflow_project/venv/lib/python3.12/site-packages/airflow/example_dags/example_params_ui_tutorial.py
[2026-01-08T12:33:14.808+0530] {processor.py:925} INFO - DAG(s) 'example_params_ui_tutorial' retrieved from /home/sneha/spotify_airflow_project/venv/lib/python3.12/site-packages/airflow/example_dags/example_params_ui_tutorial.py
[2026-01-08T12:33:14.868+0530] {logging_mixin.py:190} INFO - [2026-01-08T12:33:14.867+0530] {dag.py:3239} INFO - Sync 1 DAGs
[2026-01-08T12:33:14.886+0530] {logging_mixin.py:190} INFO - [2026-01-08T12:33:14.886+0530] {dag.py:4180} INFO - Setting next_dagrun for example_params_ui_tutorial to None, run_after=None
[2026-01-08T12:33:14.914+0530] {processor.py:208} INFO - Processing /home/sneha/spotify_airflow_project/venv/lib/python3.12/site-packages/airflow/example_dags/example_params_ui_tutorial.py took 0.130 seconds
[2026-01-08T12:34:18.767+0530] {processor.py:186} INFO - Started process (PID=31332) to work on /home/sneha/spotify_airflow_project/venv/lib/python3.12/site-packages/airflow/example_dags/example_params_ui_tutorial.py
[2026-01-08T12:34:18.769+0530] {processor.py:914} INFO - Processing file /home/sneha/spotify_airflow_project/venv/lib/python3.12/site-packages/airflow/example_dags/example_params_ui_tutorial.py for tasks to queue
[2026-01-08T12:34:18.771+0530] {logging_mixin.py:190} INFO - [2026-01-08T12:34:18.770+0530] {dagbag.py:588} INFO - Filling up the DagBag from /home/sneha/spotify_airflow_project/venv/lib/python3.12/site-packages/airflow/example_dags/example_params_ui_tutorial.py
[2026-01-08T12:34:18.781+0530] {processor.py:925} INFO - DAG(s) 'example_params_ui_tutorial' retrieved from /home/sneha/spotify_airflow_project/venv/lib/python3.12/site-packages/airflow/example_dags/example_params_ui_tutorial.py
[2026-01-08T12:34:18.842+0530] {logging_mixin.py:190} INFO - [2026-01-08T12:34:18.841+0530] {dag.py:3239} INFO - Sync 1 DAGs
[2026-01-08T12:34:18.858+0530] {logging_mixin.py:190} INFO - [2026-01-08T12:34:18.858+0530] {dag.py:4180} INFO - Setting next_dagrun for example_params_ui_tutorial to None, run_after=None
[2026-01-08T12:34:18.887+0530] {processor.py:208} INFO - Processing /home/sneha/spotify_airflow_project/venv/lib/python3.12/site-packages/airflow/example_dags/example_params_ui_tutorial.py took 0.131 seconds
[2026-01-08T12:35:17.861+0530] {processor.py:186} INFO - Started process (PID=31424) to work on /home/sneha/spotify_airflow_project/venv/lib/python3.12/site-packages/airflow/example_dags/example_params_ui_tutorial.py
[2026-01-08T12:35:17.863+0530] {processor.py:914} INFO - Processing file /home/sneha/spotify_airflow_project/venv/lib/python3.12/site-packages/airflow/example_dags/example_params_ui_tutorial.py for tasks to queue
[2026-01-08T12:35:17.865+0530] {logging_mixin.py:190} INFO - [2026-01-08T12:35:17.864+0530] {dagbag.py:588} INFO - Filling up the DagBag from /home/sneha/spotify_airflow_project/venv/lib/python3.12/site-packages/airflow/example_dags/example_params_ui_tutorial.py
[2026-01-08T12:35:17.875+0530] {processor.py:925} INFO - DAG(s) 'example_params_ui_tutorial' retrieved from /home/sneha/spotify_airflow_project/venv/lib/python3.12/site-packages/airflow/example_dags/example_params_ui_tutorial.py
[2026-01-08T12:35:17.939+0530] {logging_mixin.py:190} INFO - [2026-01-08T12:35:17.938+0530] {dag.py:3239} INFO - Sync 1 DAGs
[2026-01-08T12:35:17.959+0530] {logging_mixin.py:190} INFO - [2026-01-08T12:35:17.958+0530] {dag.py:4180} INFO - Setting next_dagrun for example_params_ui_tutorial to None, run_after=None
[2026-01-08T12:35:17.987+0530] {processor.py:208} INFO - Processing /home/sneha/spotify_airflow_project/venv/lib/python3.12/site-packages/airflow/example_dags/example_params_ui_tutorial.py took 0.138 seconds
[2026-01-08T12:36:20.253+0530] {processor.py:186} INFO - Started process (PID=31487) to work on /home/sneha/spotify_airflow_project/venv/lib/python3.12/site-packages/airflow/example_dags/example_params_ui_tutorial.py
[2026-01-08T12:36:20.265+0530] {processor.py:914} INFO - Processing file /home/sneha/spotify_airflow_project/venv/lib/python3.12/site-packages/airflow/example_dags/example_params_ui_tutorial.py for tasks to queue
[2026-01-08T12:36:20.267+0530] {logging_mixin.py:190} INFO - [2026-01-08T12:36:20.266+0530] {dagbag.py:588} INFO - Filling up the DagBag from /home/sneha/spotify_airflow_project/venv/lib/python3.12/site-packages/airflow/example_dags/example_params_ui_tutorial.py
[2026-01-08T12:36:20.280+0530] {processor.py:925} INFO - DAG(s) 'example_params_ui_tutorial' retrieved from /home/sneha/spotify_airflow_project/venv/lib/python3.12/site-packages/airflow/example_dags/example_params_ui_tutorial.py
[2026-01-08T12:36:20.372+0530] {logging_mixin.py:190} INFO - [2026-01-08T12:36:20.371+0530] {dag.py:3239} INFO - Sync 1 DAGs
[2026-01-08T12:36:20.397+0530] {logging_mixin.py:190} INFO - [2026-01-08T12:36:20.397+0530] {dag.py:4180} INFO - Setting next_dagrun for example_params_ui_tutorial to None, run_after=None
[2026-01-08T12:36:20.434+0530] {processor.py:208} INFO - Processing /home/sneha/spotify_airflow_project/venv/lib/python3.12/site-packages/airflow/example_dags/example_params_ui_tutorial.py took 0.193 seconds
[2026-01-08T12:37:20.419+0530] {processor.py:186} INFO - Started process (PID=31547) to work on /home/sneha/spotify_airflow_project/venv/lib/python3.12/site-packages/airflow/example_dags/example_params_ui_tutorial.py
[2026-01-08T12:37:20.420+0530] {processor.py:914} INFO - Processing file /home/sneha/spotify_airflow_project/venv/lib/python3.12/site-packages/airflow/example_dags/example_params_ui_tutorial.py for tasks to queue
[2026-01-08T12:37:20.422+0530] {logging_mixin.py:190} INFO - [2026-01-08T12:37:20.422+0530] {dagbag.py:588} INFO - Filling up the DagBag from /home/sneha/spotify_airflow_project/venv/lib/python3.12/site-packages/airflow/example_dags/example_params_ui_tutorial.py
[2026-01-08T12:37:20.433+0530] {processor.py:925} INFO - DAG(s) 'example_params_ui_tutorial' retrieved from /home/sneha/spotify_airflow_project/venv/lib/python3.12/site-packages/airflow/example_dags/example_params_ui_tutorial.py
[2026-01-08T12:37:20.496+0530] {logging_mixin.py:190} INFO - [2026-01-08T12:37:20.496+0530] {dag.py:3239} INFO - Sync 1 DAGs
[2026-01-08T12:37:20.515+0530] {logging_mixin.py:190} INFO - [2026-01-08T12:37:20.515+0530] {dag.py:4180} INFO - Setting next_dagrun for example_params_ui_tutorial to None, run_after=None
[2026-01-08T12:37:20.543+0530] {processor.py:208} INFO - Processing /home/sneha/spotify_airflow_project/venv/lib/python3.12/site-packages/airflow/example_dags/example_params_ui_tutorial.py took 0.136 seconds
[2026-01-08T12:38:26.990+0530] {processor.py:186} INFO - Started process (PID=31610) to work on /home/sneha/spotify_airflow_project/venv/lib/python3.12/site-packages/airflow/example_dags/example_params_ui_tutorial.py
[2026-01-08T12:38:26.992+0530] {processor.py:914} INFO - Processing file /home/sneha/spotify_airflow_project/venv/lib/python3.12/site-packages/airflow/example_dags/example_params_ui_tutorial.py for tasks to queue
[2026-01-08T12:38:26.994+0530] {logging_mixin.py:190} INFO - [2026-01-08T12:38:26.993+0530] {dagbag.py:588} INFO - Filling up the DagBag from /home/sneha/spotify_airflow_project/venv/lib/python3.12/site-packages/airflow/example_dags/example_params_ui_tutorial.py
[2026-01-08T12:38:27.003+0530] {processor.py:925} INFO - DAG(s) 'example_params_ui_tutorial' retrieved from /home/sneha/spotify_airflow_project/venv/lib/python3.12/site-packages/airflow/example_dags/example_params_ui_tutorial.py
[2026-01-08T12:38:27.062+0530] {logging_mixin.py:190} INFO - [2026-01-08T12:38:27.061+0530] {dag.py:3239} INFO - Sync 1 DAGs
[2026-01-08T12:38:27.079+0530] {logging_mixin.py:190} INFO - [2026-01-08T12:38:27.078+0530] {dag.py:4180} INFO - Setting next_dagrun for example_params_ui_tutorial to None, run_after=None
[2026-01-08T12:38:27.106+0530] {processor.py:208} INFO - Processing /home/sneha/spotify_airflow_project/venv/lib/python3.12/site-packages/airflow/example_dags/example_params_ui_tutorial.py took 0.127 seconds
[2026-01-08T12:39:31.116+0530] {processor.py:186} INFO - Started process (PID=31671) to work on /home/sneha/spotify_airflow_project/venv/lib/python3.12/site-packages/airflow/example_dags/example_params_ui_tutorial.py
[2026-01-08T12:39:31.117+0530] {processor.py:914} INFO - Processing file /home/sneha/spotify_airflow_project/venv/lib/python3.12/site-packages/airflow/example_dags/example_params_ui_tutorial.py for tasks to queue
[2026-01-08T12:39:31.119+0530] {logging_mixin.py:190} INFO - [2026-01-08T12:39:31.118+0530] {dagbag.py:588} INFO - Filling up the DagBag from /home/sneha/spotify_airflow_project/venv/lib/python3.12/site-packages/airflow/example_dags/example_params_ui_tutorial.py
[2026-01-08T12:39:31.128+0530] {processor.py:925} INFO - DAG(s) 'example_params_ui_tutorial' retrieved from /home/sneha/spotify_airflow_project/venv/lib/python3.12/site-packages/airflow/example_dags/example_params_ui_tutorial.py
[2026-01-08T12:39:31.188+0530] {logging_mixin.py:190} INFO - [2026-01-08T12:39:31.187+0530] {dag.py:3239} INFO - Sync 1 DAGs
[2026-01-08T12:39:31.205+0530] {logging_mixin.py:190} INFO - [2026-01-08T12:39:31.205+0530] {dag.py:4180} INFO - Setting next_dagrun for example_params_ui_tutorial to None, run_after=None
[2026-01-08T12:39:31.233+0530] {processor.py:208} INFO - Processing /home/sneha/spotify_airflow_project/venv/lib/python3.12/site-packages/airflow/example_dags/example_params_ui_tutorial.py took 0.128 seconds
[2026-01-08T12:40:29.927+0530] {processor.py:186} INFO - Started process (PID=31759) to work on /home/sneha/spotify_airflow_project/venv/lib/python3.12/site-packages/airflow/example_dags/example_params_ui_tutorial.py
[2026-01-08T12:40:29.928+0530] {processor.py:914} INFO - Processing file /home/sneha/spotify_airflow_project/venv/lib/python3.12/site-packages/airflow/example_dags/example_params_ui_tutorial.py for tasks to queue
[2026-01-08T12:40:29.930+0530] {logging_mixin.py:190} INFO - [2026-01-08T12:40:29.930+0530] {dagbag.py:588} INFO - Filling up the DagBag from /home/sneha/spotify_airflow_project/venv/lib/python3.12/site-packages/airflow/example_dags/example_params_ui_tutorial.py
[2026-01-08T12:40:29.940+0530] {processor.py:925} INFO - DAG(s) 'example_params_ui_tutorial' retrieved from /home/sneha/spotify_airflow_project/venv/lib/python3.12/site-packages/airflow/example_dags/example_params_ui_tutorial.py
[2026-01-08T12:40:29.999+0530] {logging_mixin.py:190} INFO - [2026-01-08T12:40:29.999+0530] {dag.py:3239} INFO - Sync 1 DAGs
[2026-01-08T12:40:30.018+0530] {logging_mixin.py:190} INFO - [2026-01-08T12:40:30.017+0530] {dag.py:4180} INFO - Setting next_dagrun for example_params_ui_tutorial to None, run_after=None
[2026-01-08T12:40:30.260+0530] {processor.py:208} INFO - Processing /home/sneha/spotify_airflow_project/venv/lib/python3.12/site-packages/airflow/example_dags/example_params_ui_tutorial.py took 0.345 seconds
[2026-01-08T12:41:38.367+0530] {processor.py:186} INFO - Started process (PID=31826) to work on /home/sneha/spotify_airflow_project/venv/lib/python3.12/site-packages/airflow/example_dags/example_params_ui_tutorial.py
[2026-01-08T12:41:38.378+0530] {processor.py:914} INFO - Processing file /home/sneha/spotify_airflow_project/venv/lib/python3.12/site-packages/airflow/example_dags/example_params_ui_tutorial.py for tasks to queue
[2026-01-08T12:41:38.379+0530] {logging_mixin.py:190} INFO - [2026-01-08T12:41:38.379+0530] {dagbag.py:588} INFO - Filling up the DagBag from /home/sneha/spotify_airflow_project/venv/lib/python3.12/site-packages/airflow/example_dags/example_params_ui_tutorial.py
[2026-01-08T12:41:38.389+0530] {processor.py:925} INFO - DAG(s) 'example_params_ui_tutorial' retrieved from /home/sneha/spotify_airflow_project/venv/lib/python3.12/site-packages/airflow/example_dags/example_params_ui_tutorial.py
[2026-01-08T12:41:38.448+0530] {logging_mixin.py:190} INFO - [2026-01-08T12:41:38.448+0530] {dag.py:3239} INFO - Sync 1 DAGs
[2026-01-08T12:41:38.464+0530] {logging_mixin.py:190} INFO - [2026-01-08T12:41:38.464+0530] {dag.py:4180} INFO - Setting next_dagrun for example_params_ui_tutorial to None, run_after=None
[2026-01-08T12:41:38.492+0530] {processor.py:208} INFO - Processing /home/sneha/spotify_airflow_project/venv/lib/python3.12/site-packages/airflow/example_dags/example_params_ui_tutorial.py took 0.137 seconds
[2026-01-08T12:42:47.448+0530] {processor.py:186} INFO - Started process (PID=31891) to work on /home/sneha/spotify_airflow_project/venv/lib/python3.12/site-packages/airflow/example_dags/example_params_ui_tutorial.py
[2026-01-08T12:42:47.450+0530] {processor.py:914} INFO - Processing file /home/sneha/spotify_airflow_project/venv/lib/python3.12/site-packages/airflow/example_dags/example_params_ui_tutorial.py for tasks to queue
[2026-01-08T12:42:47.452+0530] {logging_mixin.py:190} INFO - [2026-01-08T12:42:47.451+0530] {dagbag.py:588} INFO - Filling up the DagBag from /home/sneha/spotify_airflow_project/venv/lib/python3.12/site-packages/airflow/example_dags/example_params_ui_tutorial.py
[2026-01-08T12:42:47.462+0530] {processor.py:925} INFO - DAG(s) 'example_params_ui_tutorial' retrieved from /home/sneha/spotify_airflow_project/venv/lib/python3.12/site-packages/airflow/example_dags/example_params_ui_tutorial.py
[2026-01-08T12:42:47.527+0530] {logging_mixin.py:190} INFO - [2026-01-08T12:42:47.526+0530] {dag.py:3239} INFO - Sync 1 DAGs
[2026-01-08T12:42:47.544+0530] {logging_mixin.py:190} INFO - [2026-01-08T12:42:47.544+0530] {dag.py:4180} INFO - Setting next_dagrun for example_params_ui_tutorial to None, run_after=None
[2026-01-08T12:42:47.572+0530] {processor.py:208} INFO - Processing /home/sneha/spotify_airflow_project/venv/lib/python3.12/site-packages/airflow/example_dags/example_params_ui_tutorial.py took 0.137 seconds
[2026-01-08T12:43:58.617+0530] {processor.py:186} INFO - Started process (PID=31956) to work on /home/sneha/spotify_airflow_project/venv/lib/python3.12/site-packages/airflow/example_dags/example_params_ui_tutorial.py
[2026-01-08T12:43:58.619+0530] {processor.py:914} INFO - Processing file /home/sneha/spotify_airflow_project/venv/lib/python3.12/site-packages/airflow/example_dags/example_params_ui_tutorial.py for tasks to queue
[2026-01-08T12:43:58.621+0530] {logging_mixin.py:190} INFO - [2026-01-08T12:43:58.620+0530] {dagbag.py:588} INFO - Filling up the DagBag from /home/sneha/spotify_airflow_project/venv/lib/python3.12/site-packages/airflow/example_dags/example_params_ui_tutorial.py
[2026-01-08T12:43:58.630+0530] {processor.py:925} INFO - DAG(s) 'example_params_ui_tutorial' retrieved from /home/sneha/spotify_airflow_project/venv/lib/python3.12/site-packages/airflow/example_dags/example_params_ui_tutorial.py
[2026-01-08T12:43:58.907+0530] {logging_mixin.py:190} INFO - [2026-01-08T12:43:58.907+0530] {dag.py:3239} INFO - Sync 1 DAGs
[2026-01-08T12:43:58.922+0530] {logging_mixin.py:190} INFO - [2026-01-08T12:43:58.921+0530] {dag.py:4180} INFO - Setting next_dagrun for example_params_ui_tutorial to None, run_after=None
[2026-01-08T12:43:58.947+0530] {processor.py:208} INFO - Processing /home/sneha/spotify_airflow_project/venv/lib/python3.12/site-packages/airflow/example_dags/example_params_ui_tutorial.py took 0.341 seconds
[2026-01-08T12:45:16.804+0530] {processor.py:186} INFO - Started process (PID=32057) to work on /home/sneha/spotify_airflow_project/venv/lib/python3.12/site-packages/airflow/example_dags/example_params_ui_tutorial.py
[2026-01-08T12:45:16.806+0530] {processor.py:914} INFO - Processing file /home/sneha/spotify_airflow_project/venv/lib/python3.12/site-packages/airflow/example_dags/example_params_ui_tutorial.py for tasks to queue
[2026-01-08T12:45:16.807+0530] {logging_mixin.py:190} INFO - [2026-01-08T12:45:16.807+0530] {dagbag.py:588} INFO - Filling up the DagBag from /home/sneha/spotify_airflow_project/venv/lib/python3.12/site-packages/airflow/example_dags/example_params_ui_tutorial.py
[2026-01-08T12:45:16.817+0530] {processor.py:925} INFO - DAG(s) 'example_params_ui_tutorial' retrieved from /home/sneha/spotify_airflow_project/venv/lib/python3.12/site-packages/airflow/example_dags/example_params_ui_tutorial.py
[2026-01-08T12:45:16.881+0530] {logging_mixin.py:190} INFO - [2026-01-08T12:45:16.881+0530] {dag.py:3239} INFO - Sync 1 DAGs
[2026-01-08T12:45:16.899+0530] {logging_mixin.py:190} INFO - [2026-01-08T12:45:16.899+0530] {dag.py:4180} INFO - Setting next_dagrun for example_params_ui_tutorial to None, run_after=None
[2026-01-08T12:45:16.927+0530] {processor.py:208} INFO - Processing /home/sneha/spotify_airflow_project/venv/lib/python3.12/site-packages/airflow/example_dags/example_params_ui_tutorial.py took 0.132 seconds
[2026-01-08T12:46:57.621+0530] {processor.py:186} INFO - Started process (PID=32334) to work on /home/sneha/spotify_airflow_project/venv/lib/python3.12/site-packages/airflow/example_dags/example_params_ui_tutorial.py
[2026-01-08T12:46:57.623+0530] {processor.py:914} INFO - Processing file /home/sneha/spotify_airflow_project/venv/lib/python3.12/site-packages/airflow/example_dags/example_params_ui_tutorial.py for tasks to queue
[2026-01-08T12:46:57.624+0530] {logging_mixin.py:190} INFO - [2026-01-08T12:46:57.624+0530] {dagbag.py:588} INFO - Filling up the DagBag from /home/sneha/spotify_airflow_project/venv/lib/python3.12/site-packages/airflow/example_dags/example_params_ui_tutorial.py
[2026-01-08T12:46:57.634+0530] {processor.py:925} INFO - DAG(s) 'example_params_ui_tutorial' retrieved from /home/sneha/spotify_airflow_project/venv/lib/python3.12/site-packages/airflow/example_dags/example_params_ui_tutorial.py
[2026-01-08T12:46:57.704+0530] {logging_mixin.py:190} INFO - [2026-01-08T12:46:57.703+0530] {dag.py:3239} INFO - Sync 1 DAGs
[2026-01-08T12:46:57.723+0530] {logging_mixin.py:190} INFO - [2026-01-08T12:46:57.723+0530] {dag.py:4180} INFO - Setting next_dagrun for example_params_ui_tutorial to None, run_after=None
[2026-01-08T12:46:57.753+0530] {processor.py:208} INFO - Processing /home/sneha/spotify_airflow_project/venv/lib/python3.12/site-packages/airflow/example_dags/example_params_ui_tutorial.py took 0.140 seconds
