[2026-01-08T11:19:09.188+0530] {processor.py:186} INFO - Started process (PID=12271) to work on /home/sneha/spotify_airflow_project/venv/lib/python3.12/site-packages/airflow/example_dags/example_skip_dag.py
[2026-01-08T11:19:09.189+0530] {processor.py:914} INFO - Processing file /home/sneha/spotify_airflow_project/venv/lib/python3.12/site-packages/airflow/example_dags/example_skip_dag.py for tasks to queue
[2026-01-08T11:19:09.191+0530] {logging_mixin.py:190} INFO - [2026-01-08T11:19:09.190+0530] {dagbag.py:588} INFO - Filling up the DagBag from /home/sneha/spotify_airflow_project/venv/lib/python3.12/site-packages/airflow/example_dags/example_skip_dag.py
[2026-01-08T11:19:09.201+0530] {processor.py:925} INFO - DAG(s) 'example_skip_dag' retrieved from /home/sneha/spotify_airflow_project/venv/lib/python3.12/site-packages/airflow/example_dags/example_skip_dag.py
[2026-01-08T11:19:09.228+0530] {logging_mixin.py:190} INFO - [2026-01-08T11:19:09.228+0530] {dag.py:3239} INFO - Sync 1 DAGs
[2026-01-08T11:19:09.255+0530] {logging_mixin.py:190} INFO - [2026-01-08T11:19:09.255+0530] {dag.py:4180} INFO - Setting next_dagrun for example_skip_dag to 2026-01-07 00:00:00+00:00, run_after=2026-01-08 00:00:00+00:00
[2026-01-08T11:19:09.283+0530] {processor.py:208} INFO - Processing /home/sneha/spotify_airflow_project/venv/lib/python3.12/site-packages/airflow/example_dags/example_skip_dag.py took 0.106 seconds
[2026-01-08T11:20:08.560+0530] {processor.py:186} INFO - Started process (PID=12364) to work on /home/sneha/spotify_airflow_project/venv/lib/python3.12/site-packages/airflow/example_dags/example_skip_dag.py
[2026-01-08T11:20:08.562+0530] {processor.py:914} INFO - Processing file /home/sneha/spotify_airflow_project/venv/lib/python3.12/site-packages/airflow/example_dags/example_skip_dag.py for tasks to queue
[2026-01-08T11:20:08.564+0530] {logging_mixin.py:190} INFO - [2026-01-08T11:20:08.563+0530] {dagbag.py:588} INFO - Filling up the DagBag from /home/sneha/spotify_airflow_project/venv/lib/python3.12/site-packages/airflow/example_dags/example_skip_dag.py
[2026-01-08T11:20:08.575+0530] {processor.py:925} INFO - DAG(s) 'example_skip_dag' retrieved from /home/sneha/spotify_airflow_project/venv/lib/python3.12/site-packages/airflow/example_dags/example_skip_dag.py
[2026-01-08T11:20:08.602+0530] {logging_mixin.py:190} INFO - [2026-01-08T11:20:08.602+0530] {dag.py:3239} INFO - Sync 1 DAGs
[2026-01-08T11:20:08.626+0530] {logging_mixin.py:190} INFO - [2026-01-08T11:20:08.626+0530] {dag.py:4180} INFO - Setting next_dagrun for example_skip_dag to 2026-01-07 00:00:00+00:00, run_after=2026-01-08 00:00:00+00:00
[2026-01-08T11:20:08.653+0530] {processor.py:208} INFO - Processing /home/sneha/spotify_airflow_project/venv/lib/python3.12/site-packages/airflow/example_dags/example_skip_dag.py took 0.101 seconds
[2026-01-08T11:21:12.761+0530] {processor.py:186} INFO - Started process (PID=12429) to work on /home/sneha/spotify_airflow_project/venv/lib/python3.12/site-packages/airflow/example_dags/example_skip_dag.py
[2026-01-08T11:21:12.762+0530] {processor.py:914} INFO - Processing file /home/sneha/spotify_airflow_project/venv/lib/python3.12/site-packages/airflow/example_dags/example_skip_dag.py for tasks to queue
[2026-01-08T11:21:12.764+0530] {logging_mixin.py:190} INFO - [2026-01-08T11:21:12.763+0530] {dagbag.py:588} INFO - Filling up the DagBag from /home/sneha/spotify_airflow_project/venv/lib/python3.12/site-packages/airflow/example_dags/example_skip_dag.py
[2026-01-08T11:21:12.774+0530] {processor.py:925} INFO - DAG(s) 'example_skip_dag' retrieved from /home/sneha/spotify_airflow_project/venv/lib/python3.12/site-packages/airflow/example_dags/example_skip_dag.py
[2026-01-08T11:21:12.800+0530] {logging_mixin.py:190} INFO - [2026-01-08T11:21:12.799+0530] {dag.py:3239} INFO - Sync 1 DAGs
[2026-01-08T11:21:12.824+0530] {logging_mixin.py:190} INFO - [2026-01-08T11:21:12.823+0530] {dag.py:4180} INFO - Setting next_dagrun for example_skip_dag to 2026-01-07 00:00:00+00:00, run_after=2026-01-08 00:00:00+00:00
[2026-01-08T11:21:12.856+0530] {processor.py:208} INFO - Processing /home/sneha/spotify_airflow_project/venv/lib/python3.12/site-packages/airflow/example_dags/example_skip_dag.py took 0.106 seconds
[2026-01-08T11:23:43.818+0530] {processor.py:186} INFO - Started process (PID=17790) to work on /home/sneha/spotify_airflow_project/venv/lib/python3.12/site-packages/airflow/example_dags/example_skip_dag.py
[2026-01-08T11:23:43.820+0530] {processor.py:914} INFO - Processing file /home/sneha/spotify_airflow_project/venv/lib/python3.12/site-packages/airflow/example_dags/example_skip_dag.py for tasks to queue
[2026-01-08T11:23:43.822+0530] {logging_mixin.py:190} INFO - [2026-01-08T11:23:43.821+0530] {dagbag.py:588} INFO - Filling up the DagBag from /home/sneha/spotify_airflow_project/venv/lib/python3.12/site-packages/airflow/example_dags/example_skip_dag.py
[2026-01-08T11:23:43.832+0530] {processor.py:925} INFO - DAG(s) 'example_skip_dag' retrieved from /home/sneha/spotify_airflow_project/venv/lib/python3.12/site-packages/airflow/example_dags/example_skip_dag.py
[2026-01-08T11:23:43.861+0530] {logging_mixin.py:190} INFO - [2026-01-08T11:23:43.861+0530] {dag.py:3239} INFO - Sync 1 DAGs
[2026-01-08T11:23:43.889+0530] {logging_mixin.py:190} INFO - [2026-01-08T11:23:43.889+0530] {dag.py:4180} INFO - Setting next_dagrun for example_skip_dag to 2026-01-07 00:00:00+00:00, run_after=2026-01-08 00:00:00+00:00
[2026-01-08T11:23:43.917+0530] {processor.py:208} INFO - Processing /home/sneha/spotify_airflow_project/venv/lib/python3.12/site-packages/airflow/example_dags/example_skip_dag.py took 0.110 seconds
[2026-01-08T11:24:45.052+0530] {processor.py:186} INFO - Started process (PID=17851) to work on /home/sneha/spotify_airflow_project/venv/lib/python3.12/site-packages/airflow/example_dags/example_skip_dag.py
[2026-01-08T11:24:45.063+0530] {processor.py:914} INFO - Processing file /home/sneha/spotify_airflow_project/venv/lib/python3.12/site-packages/airflow/example_dags/example_skip_dag.py for tasks to queue
[2026-01-08T11:24:45.065+0530] {logging_mixin.py:190} INFO - [2026-01-08T11:24:45.065+0530] {dagbag.py:588} INFO - Filling up the DagBag from /home/sneha/spotify_airflow_project/venv/lib/python3.12/site-packages/airflow/example_dags/example_skip_dag.py
[2026-01-08T11:24:45.075+0530] {processor.py:925} INFO - DAG(s) 'example_skip_dag' retrieved from /home/sneha/spotify_airflow_project/venv/lib/python3.12/site-packages/airflow/example_dags/example_skip_dag.py
[2026-01-08T11:24:45.101+0530] {logging_mixin.py:190} INFO - [2026-01-08T11:24:45.100+0530] {dag.py:3239} INFO - Sync 1 DAGs
[2026-01-08T11:24:45.125+0530] {logging_mixin.py:190} INFO - [2026-01-08T11:24:45.125+0530] {dag.py:4180} INFO - Setting next_dagrun for example_skip_dag to 2026-01-07 00:00:00+00:00, run_after=2026-01-08 00:00:00+00:00
[2026-01-08T11:24:45.152+0530] {processor.py:208} INFO - Processing /home/sneha/spotify_airflow_project/venv/lib/python3.12/site-packages/airflow/example_dags/example_skip_dag.py took 0.111 seconds
[2026-01-08T11:25:47.670+0530] {processor.py:186} INFO - Started process (PID=17947) to work on /home/sneha/spotify_airflow_project/venv/lib/python3.12/site-packages/airflow/example_dags/example_skip_dag.py
[2026-01-08T11:25:47.672+0530] {processor.py:914} INFO - Processing file /home/sneha/spotify_airflow_project/venv/lib/python3.12/site-packages/airflow/example_dags/example_skip_dag.py for tasks to queue
[2026-01-08T11:25:47.674+0530] {logging_mixin.py:190} INFO - [2026-01-08T11:25:47.673+0530] {dagbag.py:588} INFO - Filling up the DagBag from /home/sneha/spotify_airflow_project/venv/lib/python3.12/site-packages/airflow/example_dags/example_skip_dag.py
[2026-01-08T11:25:47.685+0530] {processor.py:925} INFO - DAG(s) 'example_skip_dag' retrieved from /home/sneha/spotify_airflow_project/venv/lib/python3.12/site-packages/airflow/example_dags/example_skip_dag.py
[2026-01-08T11:25:47.713+0530] {logging_mixin.py:190} INFO - [2026-01-08T11:25:47.712+0530] {dag.py:3239} INFO - Sync 1 DAGs
[2026-01-08T11:25:47.741+0530] {logging_mixin.py:190} INFO - [2026-01-08T11:25:47.740+0530] {dag.py:4180} INFO - Setting next_dagrun for example_skip_dag to 2026-01-07 00:00:00+00:00, run_after=2026-01-08 00:00:00+00:00
[2026-01-08T11:25:47.769+0530] {processor.py:208} INFO - Processing /home/sneha/spotify_airflow_project/venv/lib/python3.12/site-packages/airflow/example_dags/example_skip_dag.py took 0.111 seconds
[2026-01-08T11:26:53.918+0530] {processor.py:186} INFO - Started process (PID=18011) to work on /home/sneha/spotify_airflow_project/venv/lib/python3.12/site-packages/airflow/example_dags/example_skip_dag.py
[2026-01-08T11:26:53.919+0530] {processor.py:914} INFO - Processing file /home/sneha/spotify_airflow_project/venv/lib/python3.12/site-packages/airflow/example_dags/example_skip_dag.py for tasks to queue
[2026-01-08T11:26:53.921+0530] {logging_mixin.py:190} INFO - [2026-01-08T11:26:53.920+0530] {dagbag.py:588} INFO - Filling up the DagBag from /home/sneha/spotify_airflow_project/venv/lib/python3.12/site-packages/airflow/example_dags/example_skip_dag.py
[2026-01-08T11:26:53.932+0530] {processor.py:925} INFO - DAG(s) 'example_skip_dag' retrieved from /home/sneha/spotify_airflow_project/venv/lib/python3.12/site-packages/airflow/example_dags/example_skip_dag.py
[2026-01-08T11:26:53.960+0530] {logging_mixin.py:190} INFO - [2026-01-08T11:26:53.960+0530] {dag.py:3239} INFO - Sync 1 DAGs
[2026-01-08T11:26:53.987+0530] {logging_mixin.py:190} INFO - [2026-01-08T11:26:53.987+0530] {dag.py:4180} INFO - Setting next_dagrun for example_skip_dag to 2026-01-07 00:00:00+00:00, run_after=2026-01-08 00:00:00+00:00
[2026-01-08T11:26:54.016+0530] {processor.py:208} INFO - Processing /home/sneha/spotify_airflow_project/venv/lib/python3.12/site-packages/airflow/example_dags/example_skip_dag.py took 0.110 seconds
[2026-01-08T11:27:56.508+0530] {processor.py:186} INFO - Started process (PID=18075) to work on /home/sneha/spotify_airflow_project/venv/lib/python3.12/site-packages/airflow/example_dags/example_skip_dag.py
[2026-01-08T11:27:56.510+0530] {processor.py:914} INFO - Processing file /home/sneha/spotify_airflow_project/venv/lib/python3.12/site-packages/airflow/example_dags/example_skip_dag.py for tasks to queue
[2026-01-08T11:27:56.511+0530] {logging_mixin.py:190} INFO - [2026-01-08T11:27:56.511+0530] {dagbag.py:588} INFO - Filling up the DagBag from /home/sneha/spotify_airflow_project/venv/lib/python3.12/site-packages/airflow/example_dags/example_skip_dag.py
[2026-01-08T11:27:56.523+0530] {processor.py:925} INFO - DAG(s) 'example_skip_dag' retrieved from /home/sneha/spotify_airflow_project/venv/lib/python3.12/site-packages/airflow/example_dags/example_skip_dag.py
[2026-01-08T11:27:56.552+0530] {logging_mixin.py:190} INFO - [2026-01-08T11:27:56.552+0530] {dag.py:3239} INFO - Sync 1 DAGs
[2026-01-08T11:27:56.579+0530] {logging_mixin.py:190} INFO - [2026-01-08T11:27:56.579+0530] {dag.py:4180} INFO - Setting next_dagrun for example_skip_dag to 2026-01-07 00:00:00+00:00, run_after=2026-01-08 00:00:00+00:00
[2026-01-08T11:27:56.607+0530] {processor.py:208} INFO - Processing /home/sneha/spotify_airflow_project/venv/lib/python3.12/site-packages/airflow/example_dags/example_skip_dag.py took 0.110 seconds
[2026-01-08T11:28:55.045+0530] {processor.py:186} INFO - Started process (PID=18162) to work on /home/sneha/spotify_airflow_project/venv/lib/python3.12/site-packages/airflow/example_dags/example_skip_dag.py
[2026-01-08T11:28:55.047+0530] {processor.py:914} INFO - Processing file /home/sneha/spotify_airflow_project/venv/lib/python3.12/site-packages/airflow/example_dags/example_skip_dag.py for tasks to queue
[2026-01-08T11:28:55.049+0530] {logging_mixin.py:190} INFO - [2026-01-08T11:28:55.048+0530] {dagbag.py:588} INFO - Filling up the DagBag from /home/sneha/spotify_airflow_project/venv/lib/python3.12/site-packages/airflow/example_dags/example_skip_dag.py
[2026-01-08T11:28:55.060+0530] {processor.py:925} INFO - DAG(s) 'example_skip_dag' retrieved from /home/sneha/spotify_airflow_project/venv/lib/python3.12/site-packages/airflow/example_dags/example_skip_dag.py
[2026-01-08T11:28:55.085+0530] {logging_mixin.py:190} INFO - [2026-01-08T11:28:55.085+0530] {dag.py:3239} INFO - Sync 1 DAGs
[2026-01-08T11:28:55.112+0530] {logging_mixin.py:190} INFO - [2026-01-08T11:28:55.111+0530] {dag.py:4180} INFO - Setting next_dagrun for example_skip_dag to 2026-01-07 00:00:00+00:00, run_after=2026-01-08 00:00:00+00:00
[2026-01-08T11:28:55.139+0530] {processor.py:208} INFO - Processing /home/sneha/spotify_airflow_project/venv/lib/python3.12/site-packages/airflow/example_dags/example_skip_dag.py took 0.105 seconds
[2026-01-08T11:29:58.892+0530] {processor.py:186} INFO - Started process (PID=18224) to work on /home/sneha/spotify_airflow_project/venv/lib/python3.12/site-packages/airflow/example_dags/example_skip_dag.py
[2026-01-08T11:29:58.894+0530] {processor.py:914} INFO - Processing file /home/sneha/spotify_airflow_project/venv/lib/python3.12/site-packages/airflow/example_dags/example_skip_dag.py for tasks to queue
[2026-01-08T11:29:58.896+0530] {logging_mixin.py:190} INFO - [2026-01-08T11:29:58.895+0530] {dagbag.py:588} INFO - Filling up the DagBag from /home/sneha/spotify_airflow_project/venv/lib/python3.12/site-packages/airflow/example_dags/example_skip_dag.py
[2026-01-08T11:29:58.906+0530] {processor.py:925} INFO - DAG(s) 'example_skip_dag' retrieved from /home/sneha/spotify_airflow_project/venv/lib/python3.12/site-packages/airflow/example_dags/example_skip_dag.py
[2026-01-08T11:29:58.932+0530] {logging_mixin.py:190} INFO - [2026-01-08T11:29:58.932+0530] {dag.py:3239} INFO - Sync 1 DAGs
[2026-01-08T11:29:58.960+0530] {logging_mixin.py:190} INFO - [2026-01-08T11:29:58.959+0530] {dag.py:4180} INFO - Setting next_dagrun for example_skip_dag to 2026-01-07 00:00:00+00:00, run_after=2026-01-08 00:00:00+00:00
[2026-01-08T11:29:58.988+0530] {processor.py:208} INFO - Processing /home/sneha/spotify_airflow_project/venv/lib/python3.12/site-packages/airflow/example_dags/example_skip_dag.py took 0.104 seconds
[2026-01-08T11:32:10.102+0530] {processor.py:186} INFO - Started process (PID=22838) to work on /home/sneha/spotify_airflow_project/venv/lib/python3.12/site-packages/airflow/example_dags/example_skip_dag.py
[2026-01-08T11:32:10.103+0530] {processor.py:914} INFO - Processing file /home/sneha/spotify_airflow_project/venv/lib/python3.12/site-packages/airflow/example_dags/example_skip_dag.py for tasks to queue
[2026-01-08T11:32:10.105+0530] {logging_mixin.py:190} INFO - [2026-01-08T11:32:10.104+0530] {dagbag.py:588} INFO - Filling up the DagBag from /home/sneha/spotify_airflow_project/venv/lib/python3.12/site-packages/airflow/example_dags/example_skip_dag.py
[2026-01-08T11:32:10.117+0530] {processor.py:925} INFO - DAG(s) 'example_skip_dag' retrieved from /home/sneha/spotify_airflow_project/venv/lib/python3.12/site-packages/airflow/example_dags/example_skip_dag.py
[2026-01-08T11:32:10.147+0530] {logging_mixin.py:190} INFO - [2026-01-08T11:32:10.146+0530] {dag.py:3239} INFO - Sync 1 DAGs
[2026-01-08T11:32:10.175+0530] {logging_mixin.py:190} INFO - [2026-01-08T11:32:10.174+0530] {dag.py:4180} INFO - Setting next_dagrun for example_skip_dag to 2026-01-07 00:00:00+00:00, run_after=2026-01-08 00:00:00+00:00
[2026-01-08T11:32:10.202+0530] {processor.py:208} INFO - Processing /home/sneha/spotify_airflow_project/venv/lib/python3.12/site-packages/airflow/example_dags/example_skip_dag.py took 0.112 seconds
[2026-01-08T11:33:11.431+0530] {processor.py:186} INFO - Started process (PID=22898) to work on /home/sneha/spotify_airflow_project/venv/lib/python3.12/site-packages/airflow/example_dags/example_skip_dag.py
[2026-01-08T11:33:11.432+0530] {processor.py:914} INFO - Processing file /home/sneha/spotify_airflow_project/venv/lib/python3.12/site-packages/airflow/example_dags/example_skip_dag.py for tasks to queue
[2026-01-08T11:33:11.434+0530] {logging_mixin.py:190} INFO - [2026-01-08T11:33:11.434+0530] {dagbag.py:588} INFO - Filling up the DagBag from /home/sneha/spotify_airflow_project/venv/lib/python3.12/site-packages/airflow/example_dags/example_skip_dag.py
[2026-01-08T11:33:11.446+0530] {processor.py:925} INFO - DAG(s) 'example_skip_dag' retrieved from /home/sneha/spotify_airflow_project/venv/lib/python3.12/site-packages/airflow/example_dags/example_skip_dag.py
[2026-01-08T11:33:11.474+0530] {logging_mixin.py:190} INFO - [2026-01-08T11:33:11.474+0530] {dag.py:3239} INFO - Sync 1 DAGs
[2026-01-08T11:33:11.502+0530] {logging_mixin.py:190} INFO - [2026-01-08T11:33:11.502+0530] {dag.py:4180} INFO - Setting next_dagrun for example_skip_dag to 2026-01-07 00:00:00+00:00, run_after=2026-01-08 00:00:00+00:00
[2026-01-08T11:33:11.532+0530] {processor.py:208} INFO - Processing /home/sneha/spotify_airflow_project/venv/lib/python3.12/site-packages/airflow/example_dags/example_skip_dag.py took 0.113 seconds
[2026-01-08T11:34:08.997+0530] {processor.py:186} INFO - Started process (PID=22986) to work on /home/sneha/spotify_airflow_project/venv/lib/python3.12/site-packages/airflow/example_dags/example_skip_dag.py
[2026-01-08T11:34:08.999+0530] {processor.py:914} INFO - Processing file /home/sneha/spotify_airflow_project/venv/lib/python3.12/site-packages/airflow/example_dags/example_skip_dag.py for tasks to queue
[2026-01-08T11:34:09.001+0530] {logging_mixin.py:190} INFO - [2026-01-08T11:34:09.000+0530] {dagbag.py:588} INFO - Filling up the DagBag from /home/sneha/spotify_airflow_project/venv/lib/python3.12/site-packages/airflow/example_dags/example_skip_dag.py
[2026-01-08T11:34:09.012+0530] {processor.py:925} INFO - DAG(s) 'example_skip_dag' retrieved from /home/sneha/spotify_airflow_project/venv/lib/python3.12/site-packages/airflow/example_dags/example_skip_dag.py
[2026-01-08T11:34:09.040+0530] {logging_mixin.py:190} INFO - [2026-01-08T11:34:09.039+0530] {dag.py:3239} INFO - Sync 1 DAGs
[2026-01-08T11:34:09.067+0530] {logging_mixin.py:190} INFO - [2026-01-08T11:34:09.066+0530] {dag.py:4180} INFO - Setting next_dagrun for example_skip_dag to 2026-01-07 00:00:00+00:00, run_after=2026-01-08 00:00:00+00:00
[2026-01-08T11:34:09.095+0530] {processor.py:208} INFO - Processing /home/sneha/spotify_airflow_project/venv/lib/python3.12/site-packages/airflow/example_dags/example_skip_dag.py took 0.110 seconds
[2026-01-08T11:35:07.260+0530] {processor.py:186} INFO - Started process (PID=23049) to work on /home/sneha/spotify_airflow_project/venv/lib/python3.12/site-packages/airflow/example_dags/example_skip_dag.py
[2026-01-08T11:35:07.262+0530] {processor.py:914} INFO - Processing file /home/sneha/spotify_airflow_project/venv/lib/python3.12/site-packages/airflow/example_dags/example_skip_dag.py for tasks to queue
[2026-01-08T11:35:07.263+0530] {logging_mixin.py:190} INFO - [2026-01-08T11:35:07.263+0530] {dagbag.py:588} INFO - Filling up the DagBag from /home/sneha/spotify_airflow_project/venv/lib/python3.12/site-packages/airflow/example_dags/example_skip_dag.py
[2026-01-08T11:35:07.273+0530] {processor.py:925} INFO - DAG(s) 'example_skip_dag' retrieved from /home/sneha/spotify_airflow_project/venv/lib/python3.12/site-packages/airflow/example_dags/example_skip_dag.py
[2026-01-08T11:35:07.300+0530] {logging_mixin.py:190} INFO - [2026-01-08T11:35:07.300+0530] {dag.py:3239} INFO - Sync 1 DAGs
[2026-01-08T11:35:07.324+0530] {logging_mixin.py:190} INFO - [2026-01-08T11:35:07.324+0530] {dag.py:4180} INFO - Setting next_dagrun for example_skip_dag to 2026-01-07 00:00:00+00:00, run_after=2026-01-08 00:00:00+00:00
[2026-01-08T11:35:07.357+0530] {processor.py:208} INFO - Processing /home/sneha/spotify_airflow_project/venv/lib/python3.12/site-packages/airflow/example_dags/example_skip_dag.py took 0.108 seconds
[2026-01-08T11:36:08.113+0530] {processor.py:186} INFO - Started process (PID=23113) to work on /home/sneha/spotify_airflow_project/venv/lib/python3.12/site-packages/airflow/example_dags/example_skip_dag.py
[2026-01-08T11:36:08.114+0530] {processor.py:914} INFO - Processing file /home/sneha/spotify_airflow_project/venv/lib/python3.12/site-packages/airflow/example_dags/example_skip_dag.py for tasks to queue
[2026-01-08T11:36:08.116+0530] {logging_mixin.py:190} INFO - [2026-01-08T11:36:08.116+0530] {dagbag.py:588} INFO - Filling up the DagBag from /home/sneha/spotify_airflow_project/venv/lib/python3.12/site-packages/airflow/example_dags/example_skip_dag.py
[2026-01-08T11:36:08.127+0530] {processor.py:925} INFO - DAG(s) 'example_skip_dag' retrieved from /home/sneha/spotify_airflow_project/venv/lib/python3.12/site-packages/airflow/example_dags/example_skip_dag.py
[2026-01-08T11:36:08.156+0530] {logging_mixin.py:190} INFO - [2026-01-08T11:36:08.155+0530] {dag.py:3239} INFO - Sync 1 DAGs
[2026-01-08T11:36:08.183+0530] {logging_mixin.py:190} INFO - [2026-01-08T11:36:08.183+0530] {dag.py:4180} INFO - Setting next_dagrun for example_skip_dag to 2026-01-07 00:00:00+00:00, run_after=2026-01-08 00:00:00+00:00
[2026-01-08T11:36:08.212+0530] {processor.py:208} INFO - Processing /home/sneha/spotify_airflow_project/venv/lib/python3.12/site-packages/airflow/example_dags/example_skip_dag.py took 0.111 seconds
[2026-01-08T11:37:09.572+0530] {processor.py:186} INFO - Started process (PID=23173) to work on /home/sneha/spotify_airflow_project/venv/lib/python3.12/site-packages/airflow/example_dags/example_skip_dag.py
[2026-01-08T11:37:09.573+0530] {processor.py:914} INFO - Processing file /home/sneha/spotify_airflow_project/venv/lib/python3.12/site-packages/airflow/example_dags/example_skip_dag.py for tasks to queue
[2026-01-08T11:37:09.575+0530] {logging_mixin.py:190} INFO - [2026-01-08T11:37:09.575+0530] {dagbag.py:588} INFO - Filling up the DagBag from /home/sneha/spotify_airflow_project/venv/lib/python3.12/site-packages/airflow/example_dags/example_skip_dag.py
[2026-01-08T11:37:09.585+0530] {processor.py:925} INFO - DAG(s) 'example_skip_dag' retrieved from /home/sneha/spotify_airflow_project/venv/lib/python3.12/site-packages/airflow/example_dags/example_skip_dag.py
[2026-01-08T11:37:09.611+0530] {logging_mixin.py:190} INFO - [2026-01-08T11:37:09.611+0530] {dag.py:3239} INFO - Sync 1 DAGs
[2026-01-08T11:37:09.637+0530] {logging_mixin.py:190} INFO - [2026-01-08T11:37:09.637+0530] {dag.py:4180} INFO - Setting next_dagrun for example_skip_dag to 2026-01-07 00:00:00+00:00, run_after=2026-01-08 00:00:00+00:00
[2026-01-08T11:37:09.664+0530] {processor.py:208} INFO - Processing /home/sneha/spotify_airflow_project/venv/lib/python3.12/site-packages/airflow/example_dags/example_skip_dag.py took 0.104 seconds
[2026-01-08T11:38:13.565+0530] {processor.py:186} INFO - Started process (PID=23236) to work on /home/sneha/spotify_airflow_project/venv/lib/python3.12/site-packages/airflow/example_dags/example_skip_dag.py
[2026-01-08T11:38:13.576+0530] {processor.py:914} INFO - Processing file /home/sneha/spotify_airflow_project/venv/lib/python3.12/site-packages/airflow/example_dags/example_skip_dag.py for tasks to queue
[2026-01-08T11:38:13.578+0530] {logging_mixin.py:190} INFO - [2026-01-08T11:38:13.577+0530] {dagbag.py:588} INFO - Filling up the DagBag from /home/sneha/spotify_airflow_project/venv/lib/python3.12/site-packages/airflow/example_dags/example_skip_dag.py
[2026-01-08T11:38:13.588+0530] {processor.py:925} INFO - DAG(s) 'example_skip_dag' retrieved from /home/sneha/spotify_airflow_project/venv/lib/python3.12/site-packages/airflow/example_dags/example_skip_dag.py
[2026-01-08T11:38:13.613+0530] {logging_mixin.py:190} INFO - [2026-01-08T11:38:13.613+0530] {dag.py:3239} INFO - Sync 1 DAGs
[2026-01-08T11:38:13.638+0530] {logging_mixin.py:190} INFO - [2026-01-08T11:38:13.638+0530] {dag.py:4180} INFO - Setting next_dagrun for example_skip_dag to 2026-01-07 00:00:00+00:00, run_after=2026-01-08 00:00:00+00:00
[2026-01-08T11:38:13.665+0530] {processor.py:208} INFO - Processing /home/sneha/spotify_airflow_project/venv/lib/python3.12/site-packages/airflow/example_dags/example_skip_dag.py took 0.111 seconds
[2026-01-08T11:39:19.618+0530] {processor.py:186} INFO - Started process (PID=23329) to work on /home/sneha/spotify_airflow_project/venv/lib/python3.12/site-packages/airflow/example_dags/example_skip_dag.py
[2026-01-08T11:39:19.620+0530] {processor.py:914} INFO - Processing file /home/sneha/spotify_airflow_project/venv/lib/python3.12/site-packages/airflow/example_dags/example_skip_dag.py for tasks to queue
[2026-01-08T11:39:19.621+0530] {logging_mixin.py:190} INFO - [2026-01-08T11:39:19.621+0530] {dagbag.py:588} INFO - Filling up the DagBag from /home/sneha/spotify_airflow_project/venv/lib/python3.12/site-packages/airflow/example_dags/example_skip_dag.py
[2026-01-08T11:39:19.632+0530] {processor.py:925} INFO - DAG(s) 'example_skip_dag' retrieved from /home/sneha/spotify_airflow_project/venv/lib/python3.12/site-packages/airflow/example_dags/example_skip_dag.py
[2026-01-08T11:39:19.659+0530] {logging_mixin.py:190} INFO - [2026-01-08T11:39:19.659+0530] {dag.py:3239} INFO - Sync 1 DAGs
[2026-01-08T11:39:19.687+0530] {logging_mixin.py:190} INFO - [2026-01-08T11:39:19.686+0530] {dag.py:4180} INFO - Setting next_dagrun for example_skip_dag to 2026-01-07 00:00:00+00:00, run_after=2026-01-08 00:00:00+00:00
[2026-01-08T11:39:19.715+0530] {processor.py:208} INFO - Processing /home/sneha/spotify_airflow_project/venv/lib/python3.12/site-packages/airflow/example_dags/example_skip_dag.py took 0.108 seconds
[2026-01-08T11:40:22.395+0530] {processor.py:186} INFO - Started process (PID=23391) to work on /home/sneha/spotify_airflow_project/venv/lib/python3.12/site-packages/airflow/example_dags/example_skip_dag.py
[2026-01-08T11:40:22.397+0530] {processor.py:914} INFO - Processing file /home/sneha/spotify_airflow_project/venv/lib/python3.12/site-packages/airflow/example_dags/example_skip_dag.py for tasks to queue
[2026-01-08T11:40:22.399+0530] {logging_mixin.py:190} INFO - [2026-01-08T11:40:22.398+0530] {dagbag.py:588} INFO - Filling up the DagBag from /home/sneha/spotify_airflow_project/venv/lib/python3.12/site-packages/airflow/example_dags/example_skip_dag.py
[2026-01-08T11:40:22.411+0530] {processor.py:925} INFO - DAG(s) 'example_skip_dag' retrieved from /home/sneha/spotify_airflow_project/venv/lib/python3.12/site-packages/airflow/example_dags/example_skip_dag.py
[2026-01-08T11:40:22.440+0530] {logging_mixin.py:190} INFO - [2026-01-08T11:40:22.440+0530] {dag.py:3239} INFO - Sync 1 DAGs
[2026-01-08T11:40:22.471+0530] {logging_mixin.py:190} INFO - [2026-01-08T11:40:22.470+0530] {dag.py:4180} INFO - Setting next_dagrun for example_skip_dag to 2026-01-07 00:00:00+00:00, run_after=2026-01-08 00:00:00+00:00
[2026-01-08T11:40:22.501+0530] {processor.py:208} INFO - Processing /home/sneha/spotify_airflow_project/venv/lib/python3.12/site-packages/airflow/example_dags/example_skip_dag.py took 0.117 seconds
[2026-01-08T11:41:26.388+0530] {processor.py:186} INFO - Started process (PID=23547) to work on /home/sneha/spotify_airflow_project/venv/lib/python3.12/site-packages/airflow/example_dags/example_skip_dag.py
[2026-01-08T11:41:26.390+0530] {processor.py:914} INFO - Processing file /home/sneha/spotify_airflow_project/venv/lib/python3.12/site-packages/airflow/example_dags/example_skip_dag.py for tasks to queue
[2026-01-08T11:41:26.392+0530] {logging_mixin.py:190} INFO - [2026-01-08T11:41:26.391+0530] {dagbag.py:588} INFO - Filling up the DagBag from /home/sneha/spotify_airflow_project/venv/lib/python3.12/site-packages/airflow/example_dags/example_skip_dag.py
[2026-01-08T11:41:26.402+0530] {processor.py:925} INFO - DAG(s) 'example_skip_dag' retrieved from /home/sneha/spotify_airflow_project/venv/lib/python3.12/site-packages/airflow/example_dags/example_skip_dag.py
[2026-01-08T11:41:26.429+0530] {logging_mixin.py:190} INFO - [2026-01-08T11:41:26.428+0530] {dag.py:3239} INFO - Sync 1 DAGs
[2026-01-08T11:41:26.455+0530] {logging_mixin.py:190} INFO - [2026-01-08T11:41:26.455+0530] {dag.py:4180} INFO - Setting next_dagrun for example_skip_dag to 2026-01-07 00:00:00+00:00, run_after=2026-01-08 00:00:00+00:00
[2026-01-08T11:41:26.485+0530] {processor.py:208} INFO - Processing /home/sneha/spotify_airflow_project/venv/lib/python3.12/site-packages/airflow/example_dags/example_skip_dag.py took 0.108 seconds
[2026-01-08T11:42:31.242+0530] {processor.py:186} INFO - Started process (PID=23613) to work on /home/sneha/spotify_airflow_project/venv/lib/python3.12/site-packages/airflow/example_dags/example_skip_dag.py
[2026-01-08T11:42:31.244+0530] {processor.py:914} INFO - Processing file /home/sneha/spotify_airflow_project/venv/lib/python3.12/site-packages/airflow/example_dags/example_skip_dag.py for tasks to queue
[2026-01-08T11:42:31.246+0530] {logging_mixin.py:190} INFO - [2026-01-08T11:42:31.245+0530] {dagbag.py:588} INFO - Filling up the DagBag from /home/sneha/spotify_airflow_project/venv/lib/python3.12/site-packages/airflow/example_dags/example_skip_dag.py
[2026-01-08T11:42:31.256+0530] {processor.py:925} INFO - DAG(s) 'example_skip_dag' retrieved from /home/sneha/spotify_airflow_project/venv/lib/python3.12/site-packages/airflow/example_dags/example_skip_dag.py
[2026-01-08T11:42:31.283+0530] {logging_mixin.py:190} INFO - [2026-01-08T11:42:31.282+0530] {dag.py:3239} INFO - Sync 1 DAGs
[2026-01-08T11:42:31.310+0530] {logging_mixin.py:190} INFO - [2026-01-08T11:42:31.310+0530] {dag.py:4180} INFO - Setting next_dagrun for example_skip_dag to 2026-01-07 00:00:00+00:00, run_after=2026-01-08 00:00:00+00:00
[2026-01-08T11:42:31.339+0530] {processor.py:208} INFO - Processing /home/sneha/spotify_airflow_project/venv/lib/python3.12/site-packages/airflow/example_dags/example_skip_dag.py took 0.109 seconds
[2026-01-08T11:43:36.092+0530] {processor.py:186} INFO - Started process (PID=23707) to work on /home/sneha/spotify_airflow_project/venv/lib/python3.12/site-packages/airflow/example_dags/example_skip_dag.py
[2026-01-08T11:43:36.094+0530] {processor.py:914} INFO - Processing file /home/sneha/spotify_airflow_project/venv/lib/python3.12/site-packages/airflow/example_dags/example_skip_dag.py for tasks to queue
[2026-01-08T11:43:36.095+0530] {logging_mixin.py:190} INFO - [2026-01-08T11:43:36.095+0530] {dagbag.py:588} INFO - Filling up the DagBag from /home/sneha/spotify_airflow_project/venv/lib/python3.12/site-packages/airflow/example_dags/example_skip_dag.py
[2026-01-08T11:43:36.105+0530] {processor.py:925} INFO - DAG(s) 'example_skip_dag' retrieved from /home/sneha/spotify_airflow_project/venv/lib/python3.12/site-packages/airflow/example_dags/example_skip_dag.py
[2026-01-08T11:43:36.131+0530] {logging_mixin.py:190} INFO - [2026-01-08T11:43:36.130+0530] {dag.py:3239} INFO - Sync 1 DAGs
[2026-01-08T11:43:36.158+0530] {logging_mixin.py:190} INFO - [2026-01-08T11:43:36.158+0530] {dag.py:4180} INFO - Setting next_dagrun for example_skip_dag to 2026-01-07 00:00:00+00:00, run_after=2026-01-08 00:00:00+00:00
[2026-01-08T11:43:36.185+0530] {processor.py:208} INFO - Processing /home/sneha/spotify_airflow_project/venv/lib/python3.12/site-packages/airflow/example_dags/example_skip_dag.py took 0.104 seconds
[2026-01-08T11:44:43.262+0530] {processor.py:186} INFO - Started process (PID=23880) to work on /home/sneha/spotify_airflow_project/venv/lib/python3.12/site-packages/airflow/example_dags/example_skip_dag.py
[2026-01-08T11:44:43.273+0530] {processor.py:914} INFO - Processing file /home/sneha/spotify_airflow_project/venv/lib/python3.12/site-packages/airflow/example_dags/example_skip_dag.py for tasks to queue
[2026-01-08T11:44:43.275+0530] {logging_mixin.py:190} INFO - [2026-01-08T11:44:43.275+0530] {dagbag.py:588} INFO - Filling up the DagBag from /home/sneha/spotify_airflow_project/venv/lib/python3.12/site-packages/airflow/example_dags/example_skip_dag.py
[2026-01-08T11:44:43.285+0530] {processor.py:925} INFO - DAG(s) 'example_skip_dag' retrieved from /home/sneha/spotify_airflow_project/venv/lib/python3.12/site-packages/airflow/example_dags/example_skip_dag.py
[2026-01-08T11:44:43.311+0530] {logging_mixin.py:190} INFO - [2026-01-08T11:44:43.311+0530] {dag.py:3239} INFO - Sync 1 DAGs
[2026-01-08T11:44:43.337+0530] {logging_mixin.py:190} INFO - [2026-01-08T11:44:43.337+0530] {dag.py:4180} INFO - Setting next_dagrun for example_skip_dag to 2026-01-07 00:00:00+00:00, run_after=2026-01-08 00:00:00+00:00
[2026-01-08T11:44:43.364+0530] {processor.py:208} INFO - Processing /home/sneha/spotify_airflow_project/venv/lib/python3.12/site-packages/airflow/example_dags/example_skip_dag.py took 0.113 seconds
[2026-01-08T11:45:47.131+0530] {processor.py:186} INFO - Started process (PID=24082) to work on /home/sneha/spotify_airflow_project/venv/lib/python3.12/site-packages/airflow/example_dags/example_skip_dag.py
[2026-01-08T11:45:47.133+0530] {processor.py:914} INFO - Processing file /home/sneha/spotify_airflow_project/venv/lib/python3.12/site-packages/airflow/example_dags/example_skip_dag.py for tasks to queue
[2026-01-08T11:45:47.135+0530] {logging_mixin.py:190} INFO - [2026-01-08T11:45:47.134+0530] {dagbag.py:588} INFO - Filling up the DagBag from /home/sneha/spotify_airflow_project/venv/lib/python3.12/site-packages/airflow/example_dags/example_skip_dag.py
[2026-01-08T11:45:47.145+0530] {processor.py:925} INFO - DAG(s) 'example_skip_dag' retrieved from /home/sneha/spotify_airflow_project/venv/lib/python3.12/site-packages/airflow/example_dags/example_skip_dag.py
[2026-01-08T11:45:47.173+0530] {logging_mixin.py:190} INFO - [2026-01-08T11:45:47.172+0530] {dag.py:3239} INFO - Sync 1 DAGs
[2026-01-08T11:45:47.199+0530] {logging_mixin.py:190} INFO - [2026-01-08T11:45:47.198+0530] {dag.py:4180} INFO - Setting next_dagrun for example_skip_dag to 2026-01-07 00:00:00+00:00, run_after=2026-01-08 00:00:00+00:00
[2026-01-08T11:45:47.228+0530] {processor.py:208} INFO - Processing /home/sneha/spotify_airflow_project/venv/lib/python3.12/site-packages/airflow/example_dags/example_skip_dag.py took 0.108 seconds
[2026-01-08T11:46:51.649+0530] {processor.py:186} INFO - Started process (PID=24146) to work on /home/sneha/spotify_airflow_project/venv/lib/python3.12/site-packages/airflow/example_dags/example_skip_dag.py
[2026-01-08T11:46:51.660+0530] {processor.py:914} INFO - Processing file /home/sneha/spotify_airflow_project/venv/lib/python3.12/site-packages/airflow/example_dags/example_skip_dag.py for tasks to queue
[2026-01-08T11:46:51.662+0530] {logging_mixin.py:190} INFO - [2026-01-08T11:46:51.661+0530] {dagbag.py:588} INFO - Filling up the DagBag from /home/sneha/spotify_airflow_project/venv/lib/python3.12/site-packages/airflow/example_dags/example_skip_dag.py
[2026-01-08T11:46:51.672+0530] {processor.py:925} INFO - DAG(s) 'example_skip_dag' retrieved from /home/sneha/spotify_airflow_project/venv/lib/python3.12/site-packages/airflow/example_dags/example_skip_dag.py
[2026-01-08T11:46:51.698+0530] {logging_mixin.py:190} INFO - [2026-01-08T11:46:51.698+0530] {dag.py:3239} INFO - Sync 1 DAGs
[2026-01-08T11:46:51.724+0530] {logging_mixin.py:190} INFO - [2026-01-08T11:46:51.723+0530] {dag.py:4180} INFO - Setting next_dagrun for example_skip_dag to 2026-01-07 00:00:00+00:00, run_after=2026-01-08 00:00:00+00:00
[2026-01-08T11:46:51.754+0530] {processor.py:208} INFO - Processing /home/sneha/spotify_airflow_project/venv/lib/python3.12/site-packages/airflow/example_dags/example_skip_dag.py took 0.117 seconds
[2026-01-08T11:47:56.295+0530] {processor.py:186} INFO - Started process (PID=24209) to work on /home/sneha/spotify_airflow_project/venv/lib/python3.12/site-packages/airflow/example_dags/example_skip_dag.py
[2026-01-08T11:47:56.297+0530] {processor.py:914} INFO - Processing file /home/sneha/spotify_airflow_project/venv/lib/python3.12/site-packages/airflow/example_dags/example_skip_dag.py for tasks to queue
[2026-01-08T11:47:56.298+0530] {logging_mixin.py:190} INFO - [2026-01-08T11:47:56.298+0530] {dagbag.py:588} INFO - Filling up the DagBag from /home/sneha/spotify_airflow_project/venv/lib/python3.12/site-packages/airflow/example_dags/example_skip_dag.py
[2026-01-08T11:47:56.309+0530] {processor.py:925} INFO - DAG(s) 'example_skip_dag' retrieved from /home/sneha/spotify_airflow_project/venv/lib/python3.12/site-packages/airflow/example_dags/example_skip_dag.py
[2026-01-08T11:47:56.335+0530] {logging_mixin.py:190} INFO - [2026-01-08T11:47:56.335+0530] {dag.py:3239} INFO - Sync 1 DAGs
[2026-01-08T11:47:56.362+0530] {logging_mixin.py:190} INFO - [2026-01-08T11:47:56.362+0530] {dag.py:4180} INFO - Setting next_dagrun for example_skip_dag to 2026-01-07 00:00:00+00:00, run_after=2026-01-08 00:00:00+00:00
[2026-01-08T11:47:56.389+0530] {processor.py:208} INFO - Processing /home/sneha/spotify_airflow_project/venv/lib/python3.12/site-packages/airflow/example_dags/example_skip_dag.py took 0.105 seconds
[2026-01-08T11:48:57.392+0530] {processor.py:186} INFO - Started process (PID=24297) to work on /home/sneha/spotify_airflow_project/venv/lib/python3.12/site-packages/airflow/example_dags/example_skip_dag.py
[2026-01-08T11:48:57.394+0530] {processor.py:914} INFO - Processing file /home/sneha/spotify_airflow_project/venv/lib/python3.12/site-packages/airflow/example_dags/example_skip_dag.py for tasks to queue
[2026-01-08T11:48:57.395+0530] {logging_mixin.py:190} INFO - [2026-01-08T11:48:57.395+0530] {dagbag.py:588} INFO - Filling up the DagBag from /home/sneha/spotify_airflow_project/venv/lib/python3.12/site-packages/airflow/example_dags/example_skip_dag.py
[2026-01-08T11:48:57.406+0530] {processor.py:925} INFO - DAG(s) 'example_skip_dag' retrieved from /home/sneha/spotify_airflow_project/venv/lib/python3.12/site-packages/airflow/example_dags/example_skip_dag.py
[2026-01-08T11:48:57.435+0530] {logging_mixin.py:190} INFO - [2026-01-08T11:48:57.434+0530] {dag.py:3239} INFO - Sync 1 DAGs
[2026-01-08T11:48:57.462+0530] {logging_mixin.py:190} INFO - [2026-01-08T11:48:57.462+0530] {dag.py:4180} INFO - Setting next_dagrun for example_skip_dag to 2026-01-07 00:00:00+00:00, run_after=2026-01-08 00:00:00+00:00
[2026-01-08T11:48:57.491+0530] {processor.py:208} INFO - Processing /home/sneha/spotify_airflow_project/venv/lib/python3.12/site-packages/airflow/example_dags/example_skip_dag.py took 0.110 seconds
[2026-01-08T11:50:01.801+0530] {processor.py:186} INFO - Started process (PID=24360) to work on /home/sneha/spotify_airflow_project/venv/lib/python3.12/site-packages/airflow/example_dags/example_skip_dag.py
[2026-01-08T11:50:01.803+0530] {processor.py:914} INFO - Processing file /home/sneha/spotify_airflow_project/venv/lib/python3.12/site-packages/airflow/example_dags/example_skip_dag.py for tasks to queue
[2026-01-08T11:50:01.804+0530] {logging_mixin.py:190} INFO - [2026-01-08T11:50:01.804+0530] {dagbag.py:588} INFO - Filling up the DagBag from /home/sneha/spotify_airflow_project/venv/lib/python3.12/site-packages/airflow/example_dags/example_skip_dag.py
[2026-01-08T11:50:01.814+0530] {processor.py:925} INFO - DAG(s) 'example_skip_dag' retrieved from /home/sneha/spotify_airflow_project/venv/lib/python3.12/site-packages/airflow/example_dags/example_skip_dag.py
[2026-01-08T11:50:01.840+0530] {logging_mixin.py:190} INFO - [2026-01-08T11:50:01.839+0530] {dag.py:3239} INFO - Sync 1 DAGs
[2026-01-08T11:50:01.864+0530] {logging_mixin.py:190} INFO - [2026-01-08T11:50:01.864+0530] {dag.py:4180} INFO - Setting next_dagrun for example_skip_dag to 2026-01-07 00:00:00+00:00, run_after=2026-01-08 00:00:00+00:00
[2026-01-08T11:50:01.891+0530] {processor.py:208} INFO - Processing /home/sneha/spotify_airflow_project/venv/lib/python3.12/site-packages/airflow/example_dags/example_skip_dag.py took 0.101 seconds
[2026-01-08T11:51:08.247+0530] {processor.py:186} INFO - Started process (PID=24433) to work on /home/sneha/spotify_airflow_project/venv/lib/python3.12/site-packages/airflow/example_dags/example_skip_dag.py
[2026-01-08T11:51:08.249+0530] {processor.py:914} INFO - Processing file /home/sneha/spotify_airflow_project/venv/lib/python3.12/site-packages/airflow/example_dags/example_skip_dag.py for tasks to queue
[2026-01-08T11:51:08.250+0530] {logging_mixin.py:190} INFO - [2026-01-08T11:51:08.250+0530] {dagbag.py:588} INFO - Filling up the DagBag from /home/sneha/spotify_airflow_project/venv/lib/python3.12/site-packages/airflow/example_dags/example_skip_dag.py
[2026-01-08T11:51:08.260+0530] {processor.py:925} INFO - DAG(s) 'example_skip_dag' retrieved from /home/sneha/spotify_airflow_project/venv/lib/python3.12/site-packages/airflow/example_dags/example_skip_dag.py
[2026-01-08T11:51:08.287+0530] {logging_mixin.py:190} INFO - [2026-01-08T11:51:08.286+0530] {dag.py:3239} INFO - Sync 1 DAGs
[2026-01-08T11:51:08.312+0530] {logging_mixin.py:190} INFO - [2026-01-08T11:51:08.311+0530] {dag.py:4180} INFO - Setting next_dagrun for example_skip_dag to 2026-01-07 00:00:00+00:00, run_after=2026-01-08 00:00:00+00:00
[2026-01-08T11:51:08.340+0530] {processor.py:208} INFO - Processing /home/sneha/spotify_airflow_project/venv/lib/python3.12/site-packages/airflow/example_dags/example_skip_dag.py took 0.103 seconds
[2026-01-08T11:52:09.365+0530] {processor.py:186} INFO - Started process (PID=24496) to work on /home/sneha/spotify_airflow_project/venv/lib/python3.12/site-packages/airflow/example_dags/example_skip_dag.py
[2026-01-08T11:52:09.367+0530] {processor.py:914} INFO - Processing file /home/sneha/spotify_airflow_project/venv/lib/python3.12/site-packages/airflow/example_dags/example_skip_dag.py for tasks to queue
[2026-01-08T11:52:09.368+0530] {logging_mixin.py:190} INFO - [2026-01-08T11:52:09.368+0530] {dagbag.py:588} INFO - Filling up the DagBag from /home/sneha/spotify_airflow_project/venv/lib/python3.12/site-packages/airflow/example_dags/example_skip_dag.py
[2026-01-08T11:52:09.378+0530] {processor.py:925} INFO - DAG(s) 'example_skip_dag' retrieved from /home/sneha/spotify_airflow_project/venv/lib/python3.12/site-packages/airflow/example_dags/example_skip_dag.py
[2026-01-08T11:52:09.404+0530] {logging_mixin.py:190} INFO - [2026-01-08T11:52:09.404+0530] {dag.py:3239} INFO - Sync 1 DAGs
[2026-01-08T11:52:09.430+0530] {logging_mixin.py:190} INFO - [2026-01-08T11:52:09.430+0530] {dag.py:4180} INFO - Setting next_dagrun for example_skip_dag to 2026-01-07 00:00:00+00:00, run_after=2026-01-08 00:00:00+00:00
[2026-01-08T11:52:09.458+0530] {processor.py:208} INFO - Processing /home/sneha/spotify_airflow_project/venv/lib/python3.12/site-packages/airflow/example_dags/example_skip_dag.py took 0.103 seconds
[2026-01-08T11:53:13.377+0530] {processor.py:186} INFO - Started process (PID=24573) to work on /home/sneha/spotify_airflow_project/venv/lib/python3.12/site-packages/airflow/example_dags/example_skip_dag.py
[2026-01-08T11:53:13.378+0530] {processor.py:914} INFO - Processing file /home/sneha/spotify_airflow_project/venv/lib/python3.12/site-packages/airflow/example_dags/example_skip_dag.py for tasks to queue
[2026-01-08T11:53:13.380+0530] {logging_mixin.py:190} INFO - [2026-01-08T11:53:13.380+0530] {dagbag.py:588} INFO - Filling up the DagBag from /home/sneha/spotify_airflow_project/venv/lib/python3.12/site-packages/airflow/example_dags/example_skip_dag.py
[2026-01-08T11:53:13.390+0530] {processor.py:925} INFO - DAG(s) 'example_skip_dag' retrieved from /home/sneha/spotify_airflow_project/venv/lib/python3.12/site-packages/airflow/example_dags/example_skip_dag.py
[2026-01-08T11:53:13.416+0530] {logging_mixin.py:190} INFO - [2026-01-08T11:53:13.415+0530] {dag.py:3239} INFO - Sync 1 DAGs
[2026-01-08T11:53:13.441+0530] {logging_mixin.py:190} INFO - [2026-01-08T11:53:13.441+0530] {dag.py:4180} INFO - Setting next_dagrun for example_skip_dag to 2026-01-07 00:00:00+00:00, run_after=2026-01-08 00:00:00+00:00
[2026-01-08T11:53:13.469+0530] {processor.py:208} INFO - Processing /home/sneha/spotify_airflow_project/venv/lib/python3.12/site-packages/airflow/example_dags/example_skip_dag.py took 0.103 seconds
[2026-01-08T11:54:15.636+0530] {processor.py:186} INFO - Started process (PID=24663) to work on /home/sneha/spotify_airflow_project/venv/lib/python3.12/site-packages/airflow/example_dags/example_skip_dag.py
[2026-01-08T11:54:15.638+0530] {processor.py:914} INFO - Processing file /home/sneha/spotify_airflow_project/venv/lib/python3.12/site-packages/airflow/example_dags/example_skip_dag.py for tasks to queue
[2026-01-08T11:54:15.640+0530] {logging_mixin.py:190} INFO - [2026-01-08T11:54:15.639+0530] {dagbag.py:588} INFO - Filling up the DagBag from /home/sneha/spotify_airflow_project/venv/lib/python3.12/site-packages/airflow/example_dags/example_skip_dag.py
[2026-01-08T11:54:15.650+0530] {processor.py:925} INFO - DAG(s) 'example_skip_dag' retrieved from /home/sneha/spotify_airflow_project/venv/lib/python3.12/site-packages/airflow/example_dags/example_skip_dag.py
[2026-01-08T11:54:15.675+0530] {logging_mixin.py:190} INFO - [2026-01-08T11:54:15.675+0530] {dag.py:3239} INFO - Sync 1 DAGs
[2026-01-08T11:54:15.700+0530] {logging_mixin.py:190} INFO - [2026-01-08T11:54:15.700+0530] {dag.py:4180} INFO - Setting next_dagrun for example_skip_dag to 2026-01-07 00:00:00+00:00, run_after=2026-01-08 00:00:00+00:00
[2026-01-08T11:54:15.727+0530] {processor.py:208} INFO - Processing /home/sneha/spotify_airflow_project/venv/lib/python3.12/site-packages/airflow/example_dags/example_skip_dag.py took 0.102 seconds
[2026-01-08T11:55:16.813+0530] {processor.py:186} INFO - Started process (PID=24730) to work on /home/sneha/spotify_airflow_project/venv/lib/python3.12/site-packages/airflow/example_dags/example_skip_dag.py
[2026-01-08T11:55:16.814+0530] {processor.py:914} INFO - Processing file /home/sneha/spotify_airflow_project/venv/lib/python3.12/site-packages/airflow/example_dags/example_skip_dag.py for tasks to queue
[2026-01-08T11:55:16.816+0530] {logging_mixin.py:190} INFO - [2026-01-08T11:55:16.815+0530] {dagbag.py:588} INFO - Filling up the DagBag from /home/sneha/spotify_airflow_project/venv/lib/python3.12/site-packages/airflow/example_dags/example_skip_dag.py
[2026-01-08T11:55:16.826+0530] {processor.py:925} INFO - DAG(s) 'example_skip_dag' retrieved from /home/sneha/spotify_airflow_project/venv/lib/python3.12/site-packages/airflow/example_dags/example_skip_dag.py
[2026-01-08T11:55:16.851+0530] {logging_mixin.py:190} INFO - [2026-01-08T11:55:16.851+0530] {dag.py:3239} INFO - Sync 1 DAGs
[2026-01-08T11:55:16.876+0530] {logging_mixin.py:190} INFO - [2026-01-08T11:55:16.876+0530] {dag.py:4180} INFO - Setting next_dagrun for example_skip_dag to 2026-01-07 00:00:00+00:00, run_after=2026-01-08 00:00:00+00:00
[2026-01-08T11:55:16.903+0530] {processor.py:208} INFO - Processing /home/sneha/spotify_airflow_project/venv/lib/python3.12/site-packages/airflow/example_dags/example_skip_dag.py took 0.101 seconds
[2026-01-08T11:56:21.504+0530] {processor.py:186} INFO - Started process (PID=24793) to work on /home/sneha/spotify_airflow_project/venv/lib/python3.12/site-packages/airflow/example_dags/example_skip_dag.py
[2026-01-08T11:56:21.516+0530] {processor.py:914} INFO - Processing file /home/sneha/spotify_airflow_project/venv/lib/python3.12/site-packages/airflow/example_dags/example_skip_dag.py for tasks to queue
[2026-01-08T11:56:21.517+0530] {logging_mixin.py:190} INFO - [2026-01-08T11:56:21.517+0530] {dagbag.py:588} INFO - Filling up the DagBag from /home/sneha/spotify_airflow_project/venv/lib/python3.12/site-packages/airflow/example_dags/example_skip_dag.py
[2026-01-08T11:56:21.528+0530] {processor.py:925} INFO - DAG(s) 'example_skip_dag' retrieved from /home/sneha/spotify_airflow_project/venv/lib/python3.12/site-packages/airflow/example_dags/example_skip_dag.py
[2026-01-08T11:56:21.556+0530] {logging_mixin.py:190} INFO - [2026-01-08T11:56:21.555+0530] {dag.py:3239} INFO - Sync 1 DAGs
[2026-01-08T11:56:21.583+0530] {logging_mixin.py:190} INFO - [2026-01-08T11:56:21.583+0530] {dag.py:4180} INFO - Setting next_dagrun for example_skip_dag to 2026-01-07 00:00:00+00:00, run_after=2026-01-08 00:00:00+00:00
[2026-01-08T11:56:21.612+0530] {processor.py:208} INFO - Processing /home/sneha/spotify_airflow_project/venv/lib/python3.12/site-packages/airflow/example_dags/example_skip_dag.py took 0.120 seconds
[2026-01-08T11:57:22.967+0530] {processor.py:186} INFO - Started process (PID=24856) to work on /home/sneha/spotify_airflow_project/venv/lib/python3.12/site-packages/airflow/example_dags/example_skip_dag.py
[2026-01-08T11:57:22.968+0530] {processor.py:914} INFO - Processing file /home/sneha/spotify_airflow_project/venv/lib/python3.12/site-packages/airflow/example_dags/example_skip_dag.py for tasks to queue
[2026-01-08T11:57:22.970+0530] {logging_mixin.py:190} INFO - [2026-01-08T11:57:22.969+0530] {dagbag.py:588} INFO - Filling up the DagBag from /home/sneha/spotify_airflow_project/venv/lib/python3.12/site-packages/airflow/example_dags/example_skip_dag.py
[2026-01-08T11:57:22.981+0530] {processor.py:925} INFO - DAG(s) 'example_skip_dag' retrieved from /home/sneha/spotify_airflow_project/venv/lib/python3.12/site-packages/airflow/example_dags/example_skip_dag.py
[2026-01-08T11:57:23.007+0530] {logging_mixin.py:190} INFO - [2026-01-08T11:57:23.006+0530] {dag.py:3239} INFO - Sync 1 DAGs
[2026-01-08T11:57:23.033+0530] {logging_mixin.py:190} INFO - [2026-01-08T11:57:23.032+0530] {dag.py:4180} INFO - Setting next_dagrun for example_skip_dag to 2026-01-07 00:00:00+00:00, run_after=2026-01-08 00:00:00+00:00
[2026-01-08T11:57:23.060+0530] {processor.py:208} INFO - Processing /home/sneha/spotify_airflow_project/venv/lib/python3.12/site-packages/airflow/example_dags/example_skip_dag.py took 0.104 seconds
[2026-01-08T11:58:22.111+0530] {processor.py:186} INFO - Started process (PID=24943) to work on /home/sneha/spotify_airflow_project/venv/lib/python3.12/site-packages/airflow/example_dags/example_skip_dag.py
[2026-01-08T11:58:22.122+0530] {processor.py:914} INFO - Processing file /home/sneha/spotify_airflow_project/venv/lib/python3.12/site-packages/airflow/example_dags/example_skip_dag.py for tasks to queue
[2026-01-08T11:58:22.123+0530] {logging_mixin.py:190} INFO - [2026-01-08T11:58:22.123+0530] {dagbag.py:588} INFO - Filling up the DagBag from /home/sneha/spotify_airflow_project/venv/lib/python3.12/site-packages/airflow/example_dags/example_skip_dag.py
[2026-01-08T11:58:22.133+0530] {processor.py:925} INFO - DAG(s) 'example_skip_dag' retrieved from /home/sneha/spotify_airflow_project/venv/lib/python3.12/site-packages/airflow/example_dags/example_skip_dag.py
[2026-01-08T11:58:22.159+0530] {logging_mixin.py:190} INFO - [2026-01-08T11:58:22.158+0530] {dag.py:3239} INFO - Sync 1 DAGs
[2026-01-08T11:58:22.183+0530] {logging_mixin.py:190} INFO - [2026-01-08T11:58:22.183+0530] {dag.py:4180} INFO - Setting next_dagrun for example_skip_dag to 2026-01-07 00:00:00+00:00, run_after=2026-01-08 00:00:00+00:00
[2026-01-08T11:58:22.211+0530] {processor.py:208} INFO - Processing /home/sneha/spotify_airflow_project/venv/lib/python3.12/site-packages/airflow/example_dags/example_skip_dag.py took 0.112 seconds
[2026-01-08T11:59:21.801+0530] {processor.py:186} INFO - Started process (PID=25003) to work on /home/sneha/spotify_airflow_project/venv/lib/python3.12/site-packages/airflow/example_dags/example_skip_dag.py
[2026-01-08T11:59:21.803+0530] {processor.py:914} INFO - Processing file /home/sneha/spotify_airflow_project/venv/lib/python3.12/site-packages/airflow/example_dags/example_skip_dag.py for tasks to queue
[2026-01-08T11:59:21.805+0530] {logging_mixin.py:190} INFO - [2026-01-08T11:59:21.804+0530] {dagbag.py:588} INFO - Filling up the DagBag from /home/sneha/spotify_airflow_project/venv/lib/python3.12/site-packages/airflow/example_dags/example_skip_dag.py
[2026-01-08T11:59:21.816+0530] {processor.py:925} INFO - DAG(s) 'example_skip_dag' retrieved from /home/sneha/spotify_airflow_project/venv/lib/python3.12/site-packages/airflow/example_dags/example_skip_dag.py
[2026-01-08T11:59:21.844+0530] {logging_mixin.py:190} INFO - [2026-01-08T11:59:21.843+0530] {dag.py:3239} INFO - Sync 1 DAGs
[2026-01-08T11:59:21.871+0530] {logging_mixin.py:190} INFO - [2026-01-08T11:59:21.871+0530] {dag.py:4180} INFO - Setting next_dagrun for example_skip_dag to 2026-01-07 00:00:00+00:00, run_after=2026-01-08 00:00:00+00:00
[2026-01-08T11:59:21.898+0530] {processor.py:208} INFO - Processing /home/sneha/spotify_airflow_project/venv/lib/python3.12/site-packages/airflow/example_dags/example_skip_dag.py took 0.109 seconds
[2026-01-08T12:00:21.240+0530] {processor.py:186} INFO - Started process (PID=25063) to work on /home/sneha/spotify_airflow_project/venv/lib/python3.12/site-packages/airflow/example_dags/example_skip_dag.py
[2026-01-08T12:00:21.242+0530] {processor.py:914} INFO - Processing file /home/sneha/spotify_airflow_project/venv/lib/python3.12/site-packages/airflow/example_dags/example_skip_dag.py for tasks to queue
[2026-01-08T12:00:21.244+0530] {logging_mixin.py:190} INFO - [2026-01-08T12:00:21.243+0530] {dagbag.py:588} INFO - Filling up the DagBag from /home/sneha/spotify_airflow_project/venv/lib/python3.12/site-packages/airflow/example_dags/example_skip_dag.py
[2026-01-08T12:00:21.255+0530] {processor.py:925} INFO - DAG(s) 'example_skip_dag' retrieved from /home/sneha/spotify_airflow_project/venv/lib/python3.12/site-packages/airflow/example_dags/example_skip_dag.py
[2026-01-08T12:00:21.283+0530] {logging_mixin.py:190} INFO - [2026-01-08T12:00:21.283+0530] {dag.py:3239} INFO - Sync 1 DAGs
[2026-01-08T12:00:21.310+0530] {logging_mixin.py:190} INFO - [2026-01-08T12:00:21.309+0530] {dag.py:4180} INFO - Setting next_dagrun for example_skip_dag to 2026-01-07 00:00:00+00:00, run_after=2026-01-08 00:00:00+00:00
[2026-01-08T12:00:21.337+0530] {processor.py:208} INFO - Processing /home/sneha/spotify_airflow_project/venv/lib/python3.12/site-packages/airflow/example_dags/example_skip_dag.py took 0.109 seconds
[2026-01-08T12:01:24.872+0530] {processor.py:186} INFO - Started process (PID=25126) to work on /home/sneha/spotify_airflow_project/venv/lib/python3.12/site-packages/airflow/example_dags/example_skip_dag.py
[2026-01-08T12:01:24.874+0530] {processor.py:914} INFO - Processing file /home/sneha/spotify_airflow_project/venv/lib/python3.12/site-packages/airflow/example_dags/example_skip_dag.py for tasks to queue
[2026-01-08T12:01:24.876+0530] {logging_mixin.py:190} INFO - [2026-01-08T12:01:24.875+0530] {dagbag.py:588} INFO - Filling up the DagBag from /home/sneha/spotify_airflow_project/venv/lib/python3.12/site-packages/airflow/example_dags/example_skip_dag.py
[2026-01-08T12:01:24.886+0530] {processor.py:925} INFO - DAG(s) 'example_skip_dag' retrieved from /home/sneha/spotify_airflow_project/venv/lib/python3.12/site-packages/airflow/example_dags/example_skip_dag.py
[2026-01-08T12:01:24.912+0530] {logging_mixin.py:190} INFO - [2026-01-08T12:01:24.911+0530] {dag.py:3239} INFO - Sync 1 DAGs
[2026-01-08T12:01:24.936+0530] {logging_mixin.py:190} INFO - [2026-01-08T12:01:24.935+0530] {dag.py:4180} INFO - Setting next_dagrun for example_skip_dag to 2026-01-07 00:00:00+00:00, run_after=2026-01-08 00:00:00+00:00
[2026-01-08T12:01:24.963+0530] {processor.py:208} INFO - Processing /home/sneha/spotify_airflow_project/venv/lib/python3.12/site-packages/airflow/example_dags/example_skip_dag.py took 0.103 seconds
[2026-01-08T12:02:28.202+0530] {processor.py:186} INFO - Started process (PID=25188) to work on /home/sneha/spotify_airflow_project/venv/lib/python3.12/site-packages/airflow/example_dags/example_skip_dag.py
[2026-01-08T12:02:28.204+0530] {processor.py:914} INFO - Processing file /home/sneha/spotify_airflow_project/venv/lib/python3.12/site-packages/airflow/example_dags/example_skip_dag.py for tasks to queue
[2026-01-08T12:02:28.206+0530] {logging_mixin.py:190} INFO - [2026-01-08T12:02:28.205+0530] {dagbag.py:588} INFO - Filling up the DagBag from /home/sneha/spotify_airflow_project/venv/lib/python3.12/site-packages/airflow/example_dags/example_skip_dag.py
[2026-01-08T12:02:28.217+0530] {processor.py:925} INFO - DAG(s) 'example_skip_dag' retrieved from /home/sneha/spotify_airflow_project/venv/lib/python3.12/site-packages/airflow/example_dags/example_skip_dag.py
[2026-01-08T12:02:28.245+0530] {logging_mixin.py:190} INFO - [2026-01-08T12:02:28.244+0530] {dag.py:3239} INFO - Sync 1 DAGs
[2026-01-08T12:02:28.271+0530] {logging_mixin.py:190} INFO - [2026-01-08T12:02:28.271+0530] {dag.py:4180} INFO - Setting next_dagrun for example_skip_dag to 2026-01-07 00:00:00+00:00, run_after=2026-01-08 00:00:00+00:00
[2026-01-08T12:02:28.298+0530] {processor.py:208} INFO - Processing /home/sneha/spotify_airflow_project/venv/lib/python3.12/site-packages/airflow/example_dags/example_skip_dag.py took 0.109 seconds
[2026-01-08T12:03:35.359+0530] {processor.py:186} INFO - Started process (PID=25282) to work on /home/sneha/spotify_airflow_project/venv/lib/python3.12/site-packages/airflow/example_dags/example_skip_dag.py
[2026-01-08T12:03:35.360+0530] {processor.py:914} INFO - Processing file /home/sneha/spotify_airflow_project/venv/lib/python3.12/site-packages/airflow/example_dags/example_skip_dag.py for tasks to queue
[2026-01-08T12:03:35.362+0530] {logging_mixin.py:190} INFO - [2026-01-08T12:03:35.361+0530] {dagbag.py:588} INFO - Filling up the DagBag from /home/sneha/spotify_airflow_project/venv/lib/python3.12/site-packages/airflow/example_dags/example_skip_dag.py
[2026-01-08T12:03:35.373+0530] {processor.py:925} INFO - DAG(s) 'example_skip_dag' retrieved from /home/sneha/spotify_airflow_project/venv/lib/python3.12/site-packages/airflow/example_dags/example_skip_dag.py
[2026-01-08T12:03:35.400+0530] {logging_mixin.py:190} INFO - [2026-01-08T12:03:35.399+0530] {dag.py:3239} INFO - Sync 1 DAGs
[2026-01-08T12:03:35.426+0530] {logging_mixin.py:190} INFO - [2026-01-08T12:03:35.425+0530] {dag.py:4180} INFO - Setting next_dagrun for example_skip_dag to 2026-01-07 00:00:00+00:00, run_after=2026-01-08 00:00:00+00:00
[2026-01-08T12:03:35.454+0530] {processor.py:208} INFO - Processing /home/sneha/spotify_airflow_project/venv/lib/python3.12/site-packages/airflow/example_dags/example_skip_dag.py took 0.107 seconds
[2026-01-08T12:04:39.153+0530] {processor.py:186} INFO - Started process (PID=25356) to work on /home/sneha/spotify_airflow_project/venv/lib/python3.12/site-packages/airflow/example_dags/example_skip_dag.py
[2026-01-08T12:04:39.154+0530] {processor.py:914} INFO - Processing file /home/sneha/spotify_airflow_project/venv/lib/python3.12/site-packages/airflow/example_dags/example_skip_dag.py for tasks to queue
[2026-01-08T12:04:39.156+0530] {logging_mixin.py:190} INFO - [2026-01-08T12:04:39.156+0530] {dagbag.py:588} INFO - Filling up the DagBag from /home/sneha/spotify_airflow_project/venv/lib/python3.12/site-packages/airflow/example_dags/example_skip_dag.py
[2026-01-08T12:04:39.169+0530] {processor.py:925} INFO - DAG(s) 'example_skip_dag' retrieved from /home/sneha/spotify_airflow_project/venv/lib/python3.12/site-packages/airflow/example_dags/example_skip_dag.py
[2026-01-08T12:04:39.195+0530] {logging_mixin.py:190} INFO - [2026-01-08T12:04:39.195+0530] {dag.py:3239} INFO - Sync 1 DAGs
[2026-01-08T12:04:39.221+0530] {logging_mixin.py:190} INFO - [2026-01-08T12:04:39.221+0530] {dag.py:4180} INFO - Setting next_dagrun for example_skip_dag to 2026-01-07 00:00:00+00:00, run_after=2026-01-08 00:00:00+00:00
[2026-01-08T12:04:39.248+0530] {processor.py:208} INFO - Processing /home/sneha/spotify_airflow_project/venv/lib/python3.12/site-packages/airflow/example_dags/example_skip_dag.py took 0.107 seconds
[2026-01-08T12:05:43.683+0530] {processor.py:186} INFO - Started process (PID=25423) to work on /home/sneha/spotify_airflow_project/venv/lib/python3.12/site-packages/airflow/example_dags/example_skip_dag.py
[2026-01-08T12:05:43.695+0530] {processor.py:914} INFO - Processing file /home/sneha/spotify_airflow_project/venv/lib/python3.12/site-packages/airflow/example_dags/example_skip_dag.py for tasks to queue
[2026-01-08T12:05:43.696+0530] {logging_mixin.py:190} INFO - [2026-01-08T12:05:43.696+0530] {dagbag.py:588} INFO - Filling up the DagBag from /home/sneha/spotify_airflow_project/venv/lib/python3.12/site-packages/airflow/example_dags/example_skip_dag.py
[2026-01-08T12:05:43.707+0530] {processor.py:925} INFO - DAG(s) 'example_skip_dag' retrieved from /home/sneha/spotify_airflow_project/venv/lib/python3.12/site-packages/airflow/example_dags/example_skip_dag.py
[2026-01-08T12:05:43.733+0530] {logging_mixin.py:190} INFO - [2026-01-08T12:05:43.733+0530] {dag.py:3239} INFO - Sync 1 DAGs
[2026-01-08T12:05:43.758+0530] {logging_mixin.py:190} INFO - [2026-01-08T12:05:43.757+0530] {dag.py:4180} INFO - Setting next_dagrun for example_skip_dag to 2026-01-07 00:00:00+00:00, run_after=2026-01-08 00:00:00+00:00
[2026-01-08T12:05:43.785+0530] {processor.py:208} INFO - Processing /home/sneha/spotify_airflow_project/venv/lib/python3.12/site-packages/airflow/example_dags/example_skip_dag.py took 0.113 seconds
[2026-01-08T12:06:45.363+0530] {processor.py:186} INFO - Started process (PID=25485) to work on /home/sneha/spotify_airflow_project/venv/lib/python3.12/site-packages/airflow/example_dags/example_skip_dag.py
[2026-01-08T12:06:45.365+0530] {processor.py:914} INFO - Processing file /home/sneha/spotify_airflow_project/venv/lib/python3.12/site-packages/airflow/example_dags/example_skip_dag.py for tasks to queue
[2026-01-08T12:06:45.367+0530] {logging_mixin.py:190} INFO - [2026-01-08T12:06:45.366+0530] {dagbag.py:588} INFO - Filling up the DagBag from /home/sneha/spotify_airflow_project/venv/lib/python3.12/site-packages/airflow/example_dags/example_skip_dag.py
[2026-01-08T12:06:45.378+0530] {processor.py:925} INFO - DAG(s) 'example_skip_dag' retrieved from /home/sneha/spotify_airflow_project/venv/lib/python3.12/site-packages/airflow/example_dags/example_skip_dag.py
[2026-01-08T12:06:45.407+0530] {logging_mixin.py:190} INFO - [2026-01-08T12:06:45.406+0530] {dag.py:3239} INFO - Sync 1 DAGs
[2026-01-08T12:06:45.436+0530] {logging_mixin.py:190} INFO - [2026-01-08T12:06:45.435+0530] {dag.py:4180} INFO - Setting next_dagrun for example_skip_dag to 2026-01-07 00:00:00+00:00, run_after=2026-01-08 00:00:00+00:00
[2026-01-08T12:06:45.463+0530] {processor.py:208} INFO - Processing /home/sneha/spotify_airflow_project/venv/lib/python3.12/site-packages/airflow/example_dags/example_skip_dag.py took 0.109 seconds
[2026-01-08T12:07:42.910+0530] {processor.py:186} INFO - Started process (PID=25546) to work on /home/sneha/spotify_airflow_project/venv/lib/python3.12/site-packages/airflow/example_dags/example_skip_dag.py
[2026-01-08T12:07:42.912+0530] {processor.py:914} INFO - Processing file /home/sneha/spotify_airflow_project/venv/lib/python3.12/site-packages/airflow/example_dags/example_skip_dag.py for tasks to queue
[2026-01-08T12:07:42.914+0530] {logging_mixin.py:190} INFO - [2026-01-08T12:07:42.913+0530] {dagbag.py:588} INFO - Filling up the DagBag from /home/sneha/spotify_airflow_project/venv/lib/python3.12/site-packages/airflow/example_dags/example_skip_dag.py
[2026-01-08T12:07:42.923+0530] {processor.py:925} INFO - DAG(s) 'example_skip_dag' retrieved from /home/sneha/spotify_airflow_project/venv/lib/python3.12/site-packages/airflow/example_dags/example_skip_dag.py
[2026-01-08T12:07:42.949+0530] {logging_mixin.py:190} INFO - [2026-01-08T12:07:42.949+0530] {dag.py:3239} INFO - Sync 1 DAGs
[2026-01-08T12:07:42.975+0530] {logging_mixin.py:190} INFO - [2026-01-08T12:07:42.975+0530] {dag.py:4180} INFO - Setting next_dagrun for example_skip_dag to 2026-01-07 00:00:00+00:00, run_after=2026-01-08 00:00:00+00:00
[2026-01-08T12:07:43.003+0530] {processor.py:208} INFO - Processing /home/sneha/spotify_airflow_project/venv/lib/python3.12/site-packages/airflow/example_dags/example_skip_dag.py took 0.105 seconds
[2026-01-08T12:08:48.066+0530] {processor.py:186} INFO - Started process (PID=25634) to work on /home/sneha/spotify_airflow_project/venv/lib/python3.12/site-packages/airflow/example_dags/example_skip_dag.py
[2026-01-08T12:08:48.068+0530] {processor.py:914} INFO - Processing file /home/sneha/spotify_airflow_project/venv/lib/python3.12/site-packages/airflow/example_dags/example_skip_dag.py for tasks to queue
[2026-01-08T12:08:48.070+0530] {logging_mixin.py:190} INFO - [2026-01-08T12:08:48.069+0530] {dagbag.py:588} INFO - Filling up the DagBag from /home/sneha/spotify_airflow_project/venv/lib/python3.12/site-packages/airflow/example_dags/example_skip_dag.py
[2026-01-08T12:08:48.080+0530] {processor.py:925} INFO - DAG(s) 'example_skip_dag' retrieved from /home/sneha/spotify_airflow_project/venv/lib/python3.12/site-packages/airflow/example_dags/example_skip_dag.py
[2026-01-08T12:08:48.106+0530] {logging_mixin.py:190} INFO - [2026-01-08T12:08:48.105+0530] {dag.py:3239} INFO - Sync 1 DAGs
[2026-01-08T12:08:48.131+0530] {logging_mixin.py:190} INFO - [2026-01-08T12:08:48.130+0530] {dag.py:4180} INFO - Setting next_dagrun for example_skip_dag to 2026-01-07 00:00:00+00:00, run_after=2026-01-08 00:00:00+00:00
[2026-01-08T12:08:48.158+0530] {processor.py:208} INFO - Processing /home/sneha/spotify_airflow_project/venv/lib/python3.12/site-packages/airflow/example_dags/example_skip_dag.py took 0.104 seconds
[2026-01-08T12:09:50.615+0530] {processor.py:186} INFO - Started process (PID=25698) to work on /home/sneha/spotify_airflow_project/venv/lib/python3.12/site-packages/airflow/example_dags/example_skip_dag.py
[2026-01-08T12:09:50.616+0530] {processor.py:914} INFO - Processing file /home/sneha/spotify_airflow_project/venv/lib/python3.12/site-packages/airflow/example_dags/example_skip_dag.py for tasks to queue
[2026-01-08T12:09:50.618+0530] {logging_mixin.py:190} INFO - [2026-01-08T12:09:50.618+0530] {dagbag.py:588} INFO - Filling up the DagBag from /home/sneha/spotify_airflow_project/venv/lib/python3.12/site-packages/airflow/example_dags/example_skip_dag.py
[2026-01-08T12:09:50.629+0530] {processor.py:925} INFO - DAG(s) 'example_skip_dag' retrieved from /home/sneha/spotify_airflow_project/venv/lib/python3.12/site-packages/airflow/example_dags/example_skip_dag.py
[2026-01-08T12:09:50.656+0530] {logging_mixin.py:190} INFO - [2026-01-08T12:09:50.655+0530] {dag.py:3239} INFO - Sync 1 DAGs
[2026-01-08T12:09:50.682+0530] {logging_mixin.py:190} INFO - [2026-01-08T12:09:50.682+0530] {dag.py:4180} INFO - Setting next_dagrun for example_skip_dag to 2026-01-07 00:00:00+00:00, run_after=2026-01-08 00:00:00+00:00
[2026-01-08T12:09:50.710+0530] {processor.py:208} INFO - Processing /home/sneha/spotify_airflow_project/venv/lib/python3.12/site-packages/airflow/example_dags/example_skip_dag.py took 0.107 seconds
[2026-01-08T12:10:48.374+0530] {processor.py:186} INFO - Started process (PID=25762) to work on /home/sneha/spotify_airflow_project/venv/lib/python3.12/site-packages/airflow/example_dags/example_skip_dag.py
[2026-01-08T12:10:48.376+0530] {processor.py:914} INFO - Processing file /home/sneha/spotify_airflow_project/venv/lib/python3.12/site-packages/airflow/example_dags/example_skip_dag.py for tasks to queue
[2026-01-08T12:10:48.378+0530] {logging_mixin.py:190} INFO - [2026-01-08T12:10:48.377+0530] {dagbag.py:588} INFO - Filling up the DagBag from /home/sneha/spotify_airflow_project/venv/lib/python3.12/site-packages/airflow/example_dags/example_skip_dag.py
[2026-01-08T12:10:48.389+0530] {processor.py:925} INFO - DAG(s) 'example_skip_dag' retrieved from /home/sneha/spotify_airflow_project/venv/lib/python3.12/site-packages/airflow/example_dags/example_skip_dag.py
[2026-01-08T12:10:48.416+0530] {logging_mixin.py:190} INFO - [2026-01-08T12:10:48.415+0530] {dag.py:3239} INFO - Sync 1 DAGs
[2026-01-08T12:10:48.441+0530] {logging_mixin.py:190} INFO - [2026-01-08T12:10:48.441+0530] {dag.py:4180} INFO - Setting next_dagrun for example_skip_dag to 2026-01-07 00:00:00+00:00, run_after=2026-01-08 00:00:00+00:00
[2026-01-08T12:10:48.468+0530] {processor.py:208} INFO - Processing /home/sneha/spotify_airflow_project/venv/lib/python3.12/site-packages/airflow/example_dags/example_skip_dag.py took 0.104 seconds
[2026-01-08T12:11:48.011+0530] {processor.py:186} INFO - Started process (PID=25820) to work on /home/sneha/spotify_airflow_project/venv/lib/python3.12/site-packages/airflow/example_dags/example_skip_dag.py
[2026-01-08T12:11:48.013+0530] {processor.py:914} INFO - Processing file /home/sneha/spotify_airflow_project/venv/lib/python3.12/site-packages/airflow/example_dags/example_skip_dag.py for tasks to queue
[2026-01-08T12:11:48.015+0530] {logging_mixin.py:190} INFO - [2026-01-08T12:11:48.014+0530] {dagbag.py:588} INFO - Filling up the DagBag from /home/sneha/spotify_airflow_project/venv/lib/python3.12/site-packages/airflow/example_dags/example_skip_dag.py
[2026-01-08T12:11:48.024+0530] {processor.py:925} INFO - DAG(s) 'example_skip_dag' retrieved from /home/sneha/spotify_airflow_project/venv/lib/python3.12/site-packages/airflow/example_dags/example_skip_dag.py
[2026-01-08T12:11:48.051+0530] {logging_mixin.py:190} INFO - [2026-01-08T12:11:48.050+0530] {dag.py:3239} INFO - Sync 1 DAGs
[2026-01-08T12:11:48.076+0530] {logging_mixin.py:190} INFO - [2026-01-08T12:11:48.075+0530] {dag.py:4180} INFO - Setting next_dagrun for example_skip_dag to 2026-01-07 00:00:00+00:00, run_after=2026-01-08 00:00:00+00:00
[2026-01-08T12:11:48.102+0530] {processor.py:208} INFO - Processing /home/sneha/spotify_airflow_project/venv/lib/python3.12/site-packages/airflow/example_dags/example_skip_dag.py took 0.102 seconds
[2026-01-08T12:24:18.715+0530] {processor.py:186} INFO - Started process (PID=26201) to work on /home/sneha/spotify_airflow_project/venv/lib/python3.12/site-packages/airflow/example_dags/example_skip_dag.py
[2026-01-08T12:24:18.717+0530] {processor.py:914} INFO - Processing file /home/sneha/spotify_airflow_project/venv/lib/python3.12/site-packages/airflow/example_dags/example_skip_dag.py for tasks to queue
[2026-01-08T12:24:18.720+0530] {logging_mixin.py:190} INFO - [2026-01-08T12:24:18.719+0530] {dagbag.py:588} INFO - Filling up the DagBag from /home/sneha/spotify_airflow_project/venv/lib/python3.12/site-packages/airflow/example_dags/example_skip_dag.py
[2026-01-08T12:24:18.734+0530] {processor.py:925} INFO - DAG(s) 'example_skip_dag' retrieved from /home/sneha/spotify_airflow_project/venv/lib/python3.12/site-packages/airflow/example_dags/example_skip_dag.py
[2026-01-08T12:24:18.769+0530] {logging_mixin.py:190} INFO - [2026-01-08T12:24:18.769+0530] {dag.py:3239} INFO - Sync 1 DAGs
[2026-01-08T12:24:18.806+0530] {logging_mixin.py:190} INFO - [2026-01-08T12:24:18.806+0530] {dag.py:4180} INFO - Setting next_dagrun for example_skip_dag to 2026-01-07 00:00:00+00:00, run_after=2026-01-08 00:00:00+00:00
[2026-01-08T12:24:18.840+0530] {processor.py:208} INFO - Processing /home/sneha/spotify_airflow_project/venv/lib/python3.12/site-packages/airflow/example_dags/example_skip_dag.py took 0.137 seconds
[2026-01-08T12:25:24.027+0530] {processor.py:186} INFO - Started process (PID=26298) to work on /home/sneha/spotify_airflow_project/venv/lib/python3.12/site-packages/airflow/example_dags/example_skip_dag.py
[2026-01-08T12:25:24.028+0530] {processor.py:914} INFO - Processing file /home/sneha/spotify_airflow_project/venv/lib/python3.12/site-packages/airflow/example_dags/example_skip_dag.py for tasks to queue
[2026-01-08T12:25:24.031+0530] {logging_mixin.py:190} INFO - [2026-01-08T12:25:24.030+0530] {dagbag.py:588} INFO - Filling up the DagBag from /home/sneha/spotify_airflow_project/venv/lib/python3.12/site-packages/airflow/example_dags/example_skip_dag.py
[2026-01-08T12:25:24.041+0530] {processor.py:925} INFO - DAG(s) 'example_skip_dag' retrieved from /home/sneha/spotify_airflow_project/venv/lib/python3.12/site-packages/airflow/example_dags/example_skip_dag.py
[2026-01-08T12:25:24.068+0530] {logging_mixin.py:190} INFO - [2026-01-08T12:25:24.068+0530] {dag.py:3239} INFO - Sync 1 DAGs
[2026-01-08T12:25:24.094+0530] {logging_mixin.py:190} INFO - [2026-01-08T12:25:24.093+0530] {dag.py:4180} INFO - Setting next_dagrun for example_skip_dag to 2026-01-07 00:00:00+00:00, run_after=2026-01-08 00:00:00+00:00
[2026-01-08T12:25:24.121+0530] {processor.py:208} INFO - Processing /home/sneha/spotify_airflow_project/venv/lib/python3.12/site-packages/airflow/example_dags/example_skip_dag.py took 0.106 seconds
[2026-01-08T12:26:29.046+0530] {processor.py:186} INFO - Started process (PID=26363) to work on /home/sneha/spotify_airflow_project/venv/lib/python3.12/site-packages/airflow/example_dags/example_skip_dag.py
[2026-01-08T12:26:29.047+0530] {processor.py:914} INFO - Processing file /home/sneha/spotify_airflow_project/venv/lib/python3.12/site-packages/airflow/example_dags/example_skip_dag.py for tasks to queue
[2026-01-08T12:26:29.049+0530] {logging_mixin.py:190} INFO - [2026-01-08T12:26:29.048+0530] {dagbag.py:588} INFO - Filling up the DagBag from /home/sneha/spotify_airflow_project/venv/lib/python3.12/site-packages/airflow/example_dags/example_skip_dag.py
[2026-01-08T12:26:29.060+0530] {processor.py:925} INFO - DAG(s) 'example_skip_dag' retrieved from /home/sneha/spotify_airflow_project/venv/lib/python3.12/site-packages/airflow/example_dags/example_skip_dag.py
[2026-01-08T12:26:29.088+0530] {logging_mixin.py:190} INFO - [2026-01-08T12:26:29.087+0530] {dag.py:3239} INFO - Sync 1 DAGs
[2026-01-08T12:26:29.113+0530] {logging_mixin.py:190} INFO - [2026-01-08T12:26:29.113+0530] {dag.py:4180} INFO - Setting next_dagrun for example_skip_dag to 2026-01-07 00:00:00+00:00, run_after=2026-01-08 00:00:00+00:00
[2026-01-08T12:26:29.141+0530] {processor.py:208} INFO - Processing /home/sneha/spotify_airflow_project/venv/lib/python3.12/site-packages/airflow/example_dags/example_skip_dag.py took 0.107 seconds
[2026-01-08T12:27:31.667+0530] {processor.py:186} INFO - Started process (PID=26426) to work on /home/sneha/spotify_airflow_project/venv/lib/python3.12/site-packages/airflow/example_dags/example_skip_dag.py
[2026-01-08T12:27:31.668+0530] {processor.py:914} INFO - Processing file /home/sneha/spotify_airflow_project/venv/lib/python3.12/site-packages/airflow/example_dags/example_skip_dag.py for tasks to queue
[2026-01-08T12:27:31.670+0530] {logging_mixin.py:190} INFO - [2026-01-08T12:27:31.669+0530] {dagbag.py:588} INFO - Filling up the DagBag from /home/sneha/spotify_airflow_project/venv/lib/python3.12/site-packages/airflow/example_dags/example_skip_dag.py
[2026-01-08T12:27:31.680+0530] {processor.py:925} INFO - DAG(s) 'example_skip_dag' retrieved from /home/sneha/spotify_airflow_project/venv/lib/python3.12/site-packages/airflow/example_dags/example_skip_dag.py
[2026-01-08T12:27:31.705+0530] {logging_mixin.py:190} INFO - [2026-01-08T12:27:31.705+0530] {dag.py:3239} INFO - Sync 1 DAGs
[2026-01-08T12:27:31.731+0530] {logging_mixin.py:190} INFO - [2026-01-08T12:27:31.731+0530] {dag.py:4180} INFO - Setting next_dagrun for example_skip_dag to 2026-01-07 00:00:00+00:00, run_after=2026-01-08 00:00:00+00:00
[2026-01-08T12:27:31.759+0530] {processor.py:208} INFO - Processing /home/sneha/spotify_airflow_project/venv/lib/python3.12/site-packages/airflow/example_dags/example_skip_dag.py took 0.103 seconds
[2026-01-08T12:28:32.555+0530] {processor.py:186} INFO - Started process (PID=26486) to work on /home/sneha/spotify_airflow_project/venv/lib/python3.12/site-packages/airflow/example_dags/example_skip_dag.py
[2026-01-08T12:28:32.557+0530] {processor.py:914} INFO - Processing file /home/sneha/spotify_airflow_project/venv/lib/python3.12/site-packages/airflow/example_dags/example_skip_dag.py for tasks to queue
[2026-01-08T12:28:32.559+0530] {logging_mixin.py:190} INFO - [2026-01-08T12:28:32.558+0530] {dagbag.py:588} INFO - Filling up the DagBag from /home/sneha/spotify_airflow_project/venv/lib/python3.12/site-packages/airflow/example_dags/example_skip_dag.py
[2026-01-08T12:28:32.570+0530] {processor.py:925} INFO - DAG(s) 'example_skip_dag' retrieved from /home/sneha/spotify_airflow_project/venv/lib/python3.12/site-packages/airflow/example_dags/example_skip_dag.py
[2026-01-08T12:28:32.598+0530] {logging_mixin.py:190} INFO - [2026-01-08T12:28:32.598+0530] {dag.py:3239} INFO - Sync 1 DAGs
[2026-01-08T12:28:32.624+0530] {logging_mixin.py:190} INFO - [2026-01-08T12:28:32.623+0530] {dag.py:4180} INFO - Setting next_dagrun for example_skip_dag to 2026-01-07 00:00:00+00:00, run_after=2026-01-08 00:00:00+00:00
[2026-01-08T12:28:32.654+0530] {processor.py:208} INFO - Processing /home/sneha/spotify_airflow_project/venv/lib/python3.12/site-packages/airflow/example_dags/example_skip_dag.py took 0.111 seconds
[2026-01-08T12:29:38.742+0530] {processor.py:186} INFO - Started process (PID=26553) to work on /home/sneha/spotify_airflow_project/venv/lib/python3.12/site-packages/airflow/example_dags/example_skip_dag.py
[2026-01-08T12:29:38.745+0530] {processor.py:914} INFO - Processing file /home/sneha/spotify_airflow_project/venv/lib/python3.12/site-packages/airflow/example_dags/example_skip_dag.py for tasks to queue
[2026-01-08T12:29:38.747+0530] {logging_mixin.py:190} INFO - [2026-01-08T12:29:38.746+0530] {dagbag.py:588} INFO - Filling up the DagBag from /home/sneha/spotify_airflow_project/venv/lib/python3.12/site-packages/airflow/example_dags/example_skip_dag.py
[2026-01-08T12:29:38.761+0530] {processor.py:925} INFO - DAG(s) 'example_skip_dag' retrieved from /home/sneha/spotify_airflow_project/venv/lib/python3.12/site-packages/airflow/example_dags/example_skip_dag.py
[2026-01-08T12:29:38.796+0530] {logging_mixin.py:190} INFO - [2026-01-08T12:29:38.796+0530] {dag.py:3239} INFO - Sync 1 DAGs
[2026-01-08T12:29:38.836+0530] {logging_mixin.py:190} INFO - [2026-01-08T12:29:38.835+0530] {dag.py:4180} INFO - Setting next_dagrun for example_skip_dag to 2026-01-07 00:00:00+00:00, run_after=2026-01-08 00:00:00+00:00
[2026-01-08T12:29:38.871+0530] {processor.py:208} INFO - Processing /home/sneha/spotify_airflow_project/venv/lib/python3.12/site-packages/airflow/example_dags/example_skip_dag.py took 0.140 seconds
[2026-01-08T12:32:09.320+0530] {processor.py:186} INFO - Started process (PID=31203) to work on /home/sneha/spotify_airflow_project/venv/lib/python3.12/site-packages/airflow/example_dags/example_skip_dag.py
[2026-01-08T12:32:09.322+0530] {processor.py:914} INFO - Processing file /home/sneha/spotify_airflow_project/venv/lib/python3.12/site-packages/airflow/example_dags/example_skip_dag.py for tasks to queue
[2026-01-08T12:32:09.325+0530] {logging_mixin.py:190} INFO - [2026-01-08T12:32:09.324+0530] {dagbag.py:588} INFO - Filling up the DagBag from /home/sneha/spotify_airflow_project/venv/lib/python3.12/site-packages/airflow/example_dags/example_skip_dag.py
[2026-01-08T12:32:09.339+0530] {processor.py:925} INFO - DAG(s) 'example_skip_dag' retrieved from /home/sneha/spotify_airflow_project/venv/lib/python3.12/site-packages/airflow/example_dags/example_skip_dag.py
[2026-01-08T12:32:09.379+0530] {logging_mixin.py:190} INFO - [2026-01-08T12:32:09.379+0530] {dag.py:3239} INFO - Sync 1 DAGs
[2026-01-08T12:32:09.421+0530] {logging_mixin.py:190} INFO - [2026-01-08T12:32:09.420+0530] {dag.py:4180} INFO - Setting next_dagrun for example_skip_dag to 2026-01-07 00:00:00+00:00, run_after=2026-01-08 00:00:00+00:00
[2026-01-08T12:32:09.456+0530] {processor.py:208} INFO - Processing /home/sneha/spotify_airflow_project/venv/lib/python3.12/site-packages/airflow/example_dags/example_skip_dag.py took 0.148 seconds
[2026-01-08T12:33:09.612+0530] {processor.py:186} INFO - Started process (PID=31263) to work on /home/sneha/spotify_airflow_project/venv/lib/python3.12/site-packages/airflow/example_dags/example_skip_dag.py
[2026-01-08T12:33:09.623+0530] {processor.py:914} INFO - Processing file /home/sneha/spotify_airflow_project/venv/lib/python3.12/site-packages/airflow/example_dags/example_skip_dag.py for tasks to queue
[2026-01-08T12:33:09.625+0530] {logging_mixin.py:190} INFO - [2026-01-08T12:33:09.624+0530] {dagbag.py:588} INFO - Filling up the DagBag from /home/sneha/spotify_airflow_project/venv/lib/python3.12/site-packages/airflow/example_dags/example_skip_dag.py
[2026-01-08T12:33:09.635+0530] {processor.py:925} INFO - DAG(s) 'example_skip_dag' retrieved from /home/sneha/spotify_airflow_project/venv/lib/python3.12/site-packages/airflow/example_dags/example_skip_dag.py
[2026-01-08T12:33:09.661+0530] {logging_mixin.py:190} INFO - [2026-01-08T12:33:09.660+0530] {dag.py:3239} INFO - Sync 1 DAGs
[2026-01-08T12:33:09.688+0530] {logging_mixin.py:190} INFO - [2026-01-08T12:33:09.687+0530] {dag.py:4180} INFO - Setting next_dagrun for example_skip_dag to 2026-01-07 00:00:00+00:00, run_after=2026-01-08 00:00:00+00:00
[2026-01-08T12:33:09.718+0530] {processor.py:208} INFO - Processing /home/sneha/spotify_airflow_project/venv/lib/python3.12/site-packages/airflow/example_dags/example_skip_dag.py took 0.117 seconds
[2026-01-08T12:34:11.956+0530] {processor.py:186} INFO - Started process (PID=31326) to work on /home/sneha/spotify_airflow_project/venv/lib/python3.12/site-packages/airflow/example_dags/example_skip_dag.py
[2026-01-08T12:34:11.957+0530] {processor.py:914} INFO - Processing file /home/sneha/spotify_airflow_project/venv/lib/python3.12/site-packages/airflow/example_dags/example_skip_dag.py for tasks to queue
[2026-01-08T12:34:11.959+0530] {logging_mixin.py:190} INFO - [2026-01-08T12:34:11.959+0530] {dagbag.py:588} INFO - Filling up the DagBag from /home/sneha/spotify_airflow_project/venv/lib/python3.12/site-packages/airflow/example_dags/example_skip_dag.py
[2026-01-08T12:34:11.971+0530] {processor.py:925} INFO - DAG(s) 'example_skip_dag' retrieved from /home/sneha/spotify_airflow_project/venv/lib/python3.12/site-packages/airflow/example_dags/example_skip_dag.py
[2026-01-08T12:34:11.999+0530] {logging_mixin.py:190} INFO - [2026-01-08T12:34:11.999+0530] {dag.py:3239} INFO - Sync 1 DAGs
[2026-01-08T12:34:12.026+0530] {logging_mixin.py:190} INFO - [2026-01-08T12:34:12.026+0530] {dag.py:4180} INFO - Setting next_dagrun for example_skip_dag to 2026-01-07 00:00:00+00:00, run_after=2026-01-08 00:00:00+00:00
[2026-01-08T12:34:12.054+0530] {processor.py:208} INFO - Processing /home/sneha/spotify_airflow_project/venv/lib/python3.12/site-packages/airflow/example_dags/example_skip_dag.py took 0.111 seconds
[2026-01-08T12:35:11.407+0530] {processor.py:186} INFO - Started process (PID=31418) to work on /home/sneha/spotify_airflow_project/venv/lib/python3.12/site-packages/airflow/example_dags/example_skip_dag.py
[2026-01-08T12:35:11.409+0530] {processor.py:914} INFO - Processing file /home/sneha/spotify_airflow_project/venv/lib/python3.12/site-packages/airflow/example_dags/example_skip_dag.py for tasks to queue
[2026-01-08T12:35:11.411+0530] {logging_mixin.py:190} INFO - [2026-01-08T12:35:11.410+0530] {dagbag.py:588} INFO - Filling up the DagBag from /home/sneha/spotify_airflow_project/venv/lib/python3.12/site-packages/airflow/example_dags/example_skip_dag.py
[2026-01-08T12:35:11.422+0530] {processor.py:925} INFO - DAG(s) 'example_skip_dag' retrieved from /home/sneha/spotify_airflow_project/venv/lib/python3.12/site-packages/airflow/example_dags/example_skip_dag.py
[2026-01-08T12:35:11.449+0530] {logging_mixin.py:190} INFO - [2026-01-08T12:35:11.449+0530] {dag.py:3239} INFO - Sync 1 DAGs
[2026-01-08T12:35:11.476+0530] {logging_mixin.py:190} INFO - [2026-01-08T12:35:11.476+0530] {dag.py:4180} INFO - Setting next_dagrun for example_skip_dag to 2026-01-07 00:00:00+00:00, run_after=2026-01-08 00:00:00+00:00
[2026-01-08T12:35:11.505+0530] {processor.py:208} INFO - Processing /home/sneha/spotify_airflow_project/venv/lib/python3.12/site-packages/airflow/example_dags/example_skip_dag.py took 0.110 seconds
[2026-01-08T12:36:11.444+0530] {processor.py:186} INFO - Started process (PID=31479) to work on /home/sneha/spotify_airflow_project/venv/lib/python3.12/site-packages/airflow/example_dags/example_skip_dag.py
[2026-01-08T12:36:11.445+0530] {processor.py:914} INFO - Processing file /home/sneha/spotify_airflow_project/venv/lib/python3.12/site-packages/airflow/example_dags/example_skip_dag.py for tasks to queue
[2026-01-08T12:36:11.447+0530] {logging_mixin.py:190} INFO - [2026-01-08T12:36:11.446+0530] {dagbag.py:588} INFO - Filling up the DagBag from /home/sneha/spotify_airflow_project/venv/lib/python3.12/site-packages/airflow/example_dags/example_skip_dag.py
[2026-01-08T12:36:11.457+0530] {processor.py:925} INFO - DAG(s) 'example_skip_dag' retrieved from /home/sneha/spotify_airflow_project/venv/lib/python3.12/site-packages/airflow/example_dags/example_skip_dag.py
[2026-01-08T12:36:11.482+0530] {logging_mixin.py:190} INFO - [2026-01-08T12:36:11.481+0530] {dag.py:3239} INFO - Sync 1 DAGs
[2026-01-08T12:36:11.506+0530] {logging_mixin.py:190} INFO - [2026-01-08T12:36:11.506+0530] {dag.py:4180} INFO - Setting next_dagrun for example_skip_dag to 2026-01-07 00:00:00+00:00, run_after=2026-01-08 00:00:00+00:00
[2026-01-08T12:36:11.535+0530] {processor.py:208} INFO - Processing /home/sneha/spotify_airflow_project/venv/lib/python3.12/site-packages/airflow/example_dags/example_skip_dag.py took 0.103 seconds
[2026-01-08T12:37:13.938+0530] {processor.py:186} INFO - Started process (PID=31541) to work on /home/sneha/spotify_airflow_project/venv/lib/python3.12/site-packages/airflow/example_dags/example_skip_dag.py
[2026-01-08T12:37:13.950+0530] {processor.py:914} INFO - Processing file /home/sneha/spotify_airflow_project/venv/lib/python3.12/site-packages/airflow/example_dags/example_skip_dag.py for tasks to queue
[2026-01-08T12:37:13.952+0530] {logging_mixin.py:190} INFO - [2026-01-08T12:37:13.951+0530] {dagbag.py:588} INFO - Filling up the DagBag from /home/sneha/spotify_airflow_project/venv/lib/python3.12/site-packages/airflow/example_dags/example_skip_dag.py
[2026-01-08T12:37:13.962+0530] {processor.py:925} INFO - DAG(s) 'example_skip_dag' retrieved from /home/sneha/spotify_airflow_project/venv/lib/python3.12/site-packages/airflow/example_dags/example_skip_dag.py
[2026-01-08T12:37:13.989+0530] {logging_mixin.py:190} INFO - [2026-01-08T12:37:13.988+0530] {dag.py:3239} INFO - Sync 1 DAGs
[2026-01-08T12:37:14.016+0530] {logging_mixin.py:190} INFO - [2026-01-08T12:37:14.016+0530] {dag.py:4180} INFO - Setting next_dagrun for example_skip_dag to 2026-01-07 00:00:00+00:00, run_after=2026-01-08 00:00:00+00:00
[2026-01-08T12:37:14.043+0530] {processor.py:208} INFO - Processing /home/sneha/spotify_airflow_project/venv/lib/python3.12/site-packages/airflow/example_dags/example_skip_dag.py took 0.116 seconds
[2026-01-08T12:38:19.362+0530] {processor.py:186} INFO - Started process (PID=31603) to work on /home/sneha/spotify_airflow_project/venv/lib/python3.12/site-packages/airflow/example_dags/example_skip_dag.py
[2026-01-08T12:38:19.364+0530] {processor.py:914} INFO - Processing file /home/sneha/spotify_airflow_project/venv/lib/python3.12/site-packages/airflow/example_dags/example_skip_dag.py for tasks to queue
[2026-01-08T12:38:19.366+0530] {logging_mixin.py:190} INFO - [2026-01-08T12:38:19.365+0530] {dagbag.py:588} INFO - Filling up the DagBag from /home/sneha/spotify_airflow_project/venv/lib/python3.12/site-packages/airflow/example_dags/example_skip_dag.py
[2026-01-08T12:38:19.376+0530] {processor.py:925} INFO - DAG(s) 'example_skip_dag' retrieved from /home/sneha/spotify_airflow_project/venv/lib/python3.12/site-packages/airflow/example_dags/example_skip_dag.py
[2026-01-08T12:38:19.403+0530] {logging_mixin.py:190} INFO - [2026-01-08T12:38:19.402+0530] {dag.py:3239} INFO - Sync 1 DAGs
[2026-01-08T12:38:19.429+0530] {logging_mixin.py:190} INFO - [2026-01-08T12:38:19.429+0530] {dag.py:4180} INFO - Setting next_dagrun for example_skip_dag to 2026-01-07 00:00:00+00:00, run_after=2026-01-08 00:00:00+00:00
[2026-01-08T12:38:19.458+0530] {processor.py:208} INFO - Processing /home/sneha/spotify_airflow_project/venv/lib/python3.12/site-packages/airflow/example_dags/example_skip_dag.py took 0.107 seconds
[2026-01-08T12:39:27.689+0530] {processor.py:186} INFO - Started process (PID=31666) to work on /home/sneha/spotify_airflow_project/venv/lib/python3.12/site-packages/airflow/example_dags/example_skip_dag.py
[2026-01-08T12:39:27.691+0530] {processor.py:914} INFO - Processing file /home/sneha/spotify_airflow_project/venv/lib/python3.12/site-packages/airflow/example_dags/example_skip_dag.py for tasks to queue
[2026-01-08T12:39:27.693+0530] {logging_mixin.py:190} INFO - [2026-01-08T12:39:27.692+0530] {dagbag.py:588} INFO - Filling up the DagBag from /home/sneha/spotify_airflow_project/venv/lib/python3.12/site-packages/airflow/example_dags/example_skip_dag.py
[2026-01-08T12:39:27.703+0530] {processor.py:925} INFO - DAG(s) 'example_skip_dag' retrieved from /home/sneha/spotify_airflow_project/venv/lib/python3.12/site-packages/airflow/example_dags/example_skip_dag.py
[2026-01-08T12:39:27.729+0530] {logging_mixin.py:190} INFO - [2026-01-08T12:39:27.729+0530] {dag.py:3239} INFO - Sync 1 DAGs
[2026-01-08T12:39:27.754+0530] {logging_mixin.py:190} INFO - [2026-01-08T12:39:27.754+0530] {dag.py:4180} INFO - Setting next_dagrun for example_skip_dag to 2026-01-07 00:00:00+00:00, run_after=2026-01-08 00:00:00+00:00
[2026-01-08T12:39:27.781+0530] {processor.py:208} INFO - Processing /home/sneha/spotify_airflow_project/venv/lib/python3.12/site-packages/airflow/example_dags/example_skip_dag.py took 0.103 seconds
[2026-01-08T12:40:24.841+0530] {processor.py:186} INFO - Started process (PID=31755) to work on /home/sneha/spotify_airflow_project/venv/lib/python3.12/site-packages/airflow/example_dags/example_skip_dag.py
[2026-01-08T12:40:24.842+0530] {processor.py:914} INFO - Processing file /home/sneha/spotify_airflow_project/venv/lib/python3.12/site-packages/airflow/example_dags/example_skip_dag.py for tasks to queue
[2026-01-08T12:40:24.844+0530] {logging_mixin.py:190} INFO - [2026-01-08T12:40:24.844+0530] {dagbag.py:588} INFO - Filling up the DagBag from /home/sneha/spotify_airflow_project/venv/lib/python3.12/site-packages/airflow/example_dags/example_skip_dag.py
[2026-01-08T12:40:24.854+0530] {processor.py:925} INFO - DAG(s) 'example_skip_dag' retrieved from /home/sneha/spotify_airflow_project/venv/lib/python3.12/site-packages/airflow/example_dags/example_skip_dag.py
[2026-01-08T12:40:24.880+0530] {logging_mixin.py:190} INFO - [2026-01-08T12:40:24.880+0530] {dag.py:3239} INFO - Sync 1 DAGs
[2026-01-08T12:40:24.904+0530] {logging_mixin.py:190} INFO - [2026-01-08T12:40:24.904+0530] {dag.py:4180} INFO - Setting next_dagrun for example_skip_dag to 2026-01-07 00:00:00+00:00, run_after=2026-01-08 00:00:00+00:00
[2026-01-08T12:40:24.931+0530] {processor.py:208} INFO - Processing /home/sneha/spotify_airflow_project/venv/lib/python3.12/site-packages/airflow/example_dags/example_skip_dag.py took 0.102 seconds
[2026-01-08T12:41:34.041+0530] {processor.py:186} INFO - Started process (PID=31822) to work on /home/sneha/spotify_airflow_project/venv/lib/python3.12/site-packages/airflow/example_dags/example_skip_dag.py
[2026-01-08T12:41:34.042+0530] {processor.py:914} INFO - Processing file /home/sneha/spotify_airflow_project/venv/lib/python3.12/site-packages/airflow/example_dags/example_skip_dag.py for tasks to queue
[2026-01-08T12:41:34.044+0530] {logging_mixin.py:190} INFO - [2026-01-08T12:41:34.043+0530] {dagbag.py:588} INFO - Filling up the DagBag from /home/sneha/spotify_airflow_project/venv/lib/python3.12/site-packages/airflow/example_dags/example_skip_dag.py
[2026-01-08T12:41:34.055+0530] {processor.py:925} INFO - DAG(s) 'example_skip_dag' retrieved from /home/sneha/spotify_airflow_project/venv/lib/python3.12/site-packages/airflow/example_dags/example_skip_dag.py
[2026-01-08T12:41:34.080+0530] {logging_mixin.py:190} INFO - [2026-01-08T12:41:34.080+0530] {dag.py:3239} INFO - Sync 1 DAGs
[2026-01-08T12:41:34.105+0530] {logging_mixin.py:190} INFO - [2026-01-08T12:41:34.105+0530] {dag.py:4180} INFO - Setting next_dagrun for example_skip_dag to 2026-01-07 00:00:00+00:00, run_after=2026-01-08 00:00:00+00:00
[2026-01-08T12:41:34.133+0530] {processor.py:208} INFO - Processing /home/sneha/spotify_airflow_project/venv/lib/python3.12/site-packages/airflow/example_dags/example_skip_dag.py took 0.104 seconds
[2026-01-08T12:42:43.244+0530] {processor.py:186} INFO - Started process (PID=31887) to work on /home/sneha/spotify_airflow_project/venv/lib/python3.12/site-packages/airflow/example_dags/example_skip_dag.py
[2026-01-08T12:42:43.245+0530] {processor.py:914} INFO - Processing file /home/sneha/spotify_airflow_project/venv/lib/python3.12/site-packages/airflow/example_dags/example_skip_dag.py for tasks to queue
[2026-01-08T12:42:43.247+0530] {logging_mixin.py:190} INFO - [2026-01-08T12:42:43.247+0530] {dagbag.py:588} INFO - Filling up the DagBag from /home/sneha/spotify_airflow_project/venv/lib/python3.12/site-packages/airflow/example_dags/example_skip_dag.py
[2026-01-08T12:42:43.257+0530] {processor.py:925} INFO - DAG(s) 'example_skip_dag' retrieved from /home/sneha/spotify_airflow_project/venv/lib/python3.12/site-packages/airflow/example_dags/example_skip_dag.py
[2026-01-08T12:42:43.282+0530] {logging_mixin.py:190} INFO - [2026-01-08T12:42:43.282+0530] {dag.py:3239} INFO - Sync 1 DAGs
[2026-01-08T12:42:43.307+0530] {logging_mixin.py:190} INFO - [2026-01-08T12:42:43.307+0530] {dag.py:4180} INFO - Setting next_dagrun for example_skip_dag to 2026-01-07 00:00:00+00:00, run_after=2026-01-08 00:00:00+00:00
[2026-01-08T12:42:43.334+0530] {processor.py:208} INFO - Processing /home/sneha/spotify_airflow_project/venv/lib/python3.12/site-packages/airflow/example_dags/example_skip_dag.py took 0.101 seconds
[2026-01-08T12:43:54.616+0530] {processor.py:186} INFO - Started process (PID=31952) to work on /home/sneha/spotify_airflow_project/venv/lib/python3.12/site-packages/airflow/example_dags/example_skip_dag.py
[2026-01-08T12:43:54.618+0530] {processor.py:914} INFO - Processing file /home/sneha/spotify_airflow_project/venv/lib/python3.12/site-packages/airflow/example_dags/example_skip_dag.py for tasks to queue
[2026-01-08T12:43:54.620+0530] {logging_mixin.py:190} INFO - [2026-01-08T12:43:54.619+0530] {dagbag.py:588} INFO - Filling up the DagBag from /home/sneha/spotify_airflow_project/venv/lib/python3.12/site-packages/airflow/example_dags/example_skip_dag.py
[2026-01-08T12:43:54.631+0530] {processor.py:925} INFO - DAG(s) 'example_skip_dag' retrieved from /home/sneha/spotify_airflow_project/venv/lib/python3.12/site-packages/airflow/example_dags/example_skip_dag.py
[2026-01-08T12:43:54.659+0530] {logging_mixin.py:190} INFO - [2026-01-08T12:43:54.659+0530] {dag.py:3239} INFO - Sync 1 DAGs
[2026-01-08T12:43:54.887+0530] {logging_mixin.py:190} INFO - [2026-01-08T12:43:54.887+0530] {dag.py:4180} INFO - Setting next_dagrun for example_skip_dag to 2026-01-07 00:00:00+00:00, run_after=2026-01-08 00:00:00+00:00
[2026-01-08T12:43:54.912+0530] {processor.py:208} INFO - Processing /home/sneha/spotify_airflow_project/venv/lib/python3.12/site-packages/airflow/example_dags/example_skip_dag.py took 0.308 seconds
[2026-01-08T12:45:11.711+0530] {processor.py:186} INFO - Started process (PID=32053) to work on /home/sneha/spotify_airflow_project/venv/lib/python3.12/site-packages/airflow/example_dags/example_skip_dag.py
[2026-01-08T12:45:11.712+0530] {processor.py:914} INFO - Processing file /home/sneha/spotify_airflow_project/venv/lib/python3.12/site-packages/airflow/example_dags/example_skip_dag.py for tasks to queue
[2026-01-08T12:45:11.714+0530] {logging_mixin.py:190} INFO - [2026-01-08T12:45:11.714+0530] {dagbag.py:588} INFO - Filling up the DagBag from /home/sneha/spotify_airflow_project/venv/lib/python3.12/site-packages/airflow/example_dags/example_skip_dag.py
[2026-01-08T12:45:11.725+0530] {processor.py:925} INFO - DAG(s) 'example_skip_dag' retrieved from /home/sneha/spotify_airflow_project/venv/lib/python3.12/site-packages/airflow/example_dags/example_skip_dag.py
[2026-01-08T12:45:11.754+0530] {logging_mixin.py:190} INFO - [2026-01-08T12:45:11.753+0530] {dag.py:3239} INFO - Sync 1 DAGs
[2026-01-08T12:45:11.780+0530] {logging_mixin.py:190} INFO - [2026-01-08T12:45:11.779+0530] {dag.py:4180} INFO - Setting next_dagrun for example_skip_dag to 2026-01-07 00:00:00+00:00, run_after=2026-01-08 00:00:00+00:00
[2026-01-08T12:45:11.809+0530] {processor.py:208} INFO - Processing /home/sneha/spotify_airflow_project/venv/lib/python3.12/site-packages/airflow/example_dags/example_skip_dag.py took 0.110 seconds
[2026-01-08T12:46:54.277+0530] {processor.py:186} INFO - Started process (PID=32278) to work on /home/sneha/spotify_airflow_project/venv/lib/python3.12/site-packages/airflow/example_dags/example_skip_dag.py
[2026-01-08T12:46:54.279+0530] {processor.py:914} INFO - Processing file /home/sneha/spotify_airflow_project/venv/lib/python3.12/site-packages/airflow/example_dags/example_skip_dag.py for tasks to queue
[2026-01-08T12:46:54.281+0530] {logging_mixin.py:190} INFO - [2026-01-08T12:46:54.280+0530] {dagbag.py:588} INFO - Filling up the DagBag from /home/sneha/spotify_airflow_project/venv/lib/python3.12/site-packages/airflow/example_dags/example_skip_dag.py
[2026-01-08T12:46:54.291+0530] {processor.py:925} INFO - DAG(s) 'example_skip_dag' retrieved from /home/sneha/spotify_airflow_project/venv/lib/python3.12/site-packages/airflow/example_dags/example_skip_dag.py
[2026-01-08T12:46:54.317+0530] {logging_mixin.py:190} INFO - [2026-01-08T12:46:54.316+0530] {dag.py:3239} INFO - Sync 1 DAGs
[2026-01-08T12:46:54.341+0530] {logging_mixin.py:190} INFO - [2026-01-08T12:46:54.340+0530] {dag.py:4180} INFO - Setting next_dagrun for example_skip_dag to 2026-01-07 00:00:00+00:00, run_after=2026-01-08 00:00:00+00:00
[2026-01-08T12:46:54.368+0530] {processor.py:208} INFO - Processing /home/sneha/spotify_airflow_project/venv/lib/python3.12/site-packages/airflow/example_dags/example_skip_dag.py took 0.102 seconds
