[2026-01-08T11:19:10.225+0530] {processor.py:186} INFO - Started process (PID=12274) to work on /home/sneha/spotify_airflow_project/venv/lib/python3.12/site-packages/airflow/example_dags/example_sensor_decorator.py
[2026-01-08T11:19:10.227+0530] {processor.py:914} INFO - Processing file /home/sneha/spotify_airflow_project/venv/lib/python3.12/site-packages/airflow/example_dags/example_sensor_decorator.py for tasks to queue
[2026-01-08T11:19:10.228+0530] {logging_mixin.py:190} INFO - [2026-01-08T11:19:10.228+0530] {dagbag.py:588} INFO - Filling up the DagBag from /home/sneha/spotify_airflow_project/venv/lib/python3.12/site-packages/airflow/example_dags/example_sensor_decorator.py
[2026-01-08T11:19:10.237+0530] {processor.py:925} INFO - DAG(s) 'example_sensor_decorator' retrieved from /home/sneha/spotify_airflow_project/venv/lib/python3.12/site-packages/airflow/example_dags/example_sensor_decorator.py
[2026-01-08T11:19:10.266+0530] {logging_mixin.py:190} INFO - [2026-01-08T11:19:10.266+0530] {dag.py:3239} INFO - Sync 1 DAGs
[2026-01-08T11:19:10.287+0530] {logging_mixin.py:190} INFO - [2026-01-08T11:19:10.286+0530] {dag.py:4180} INFO - Setting next_dagrun for example_sensor_decorator to None, run_after=None
[2026-01-08T11:19:10.315+0530] {processor.py:208} INFO - Processing /home/sneha/spotify_airflow_project/venv/lib/python3.12/site-packages/airflow/example_dags/example_sensor_decorator.py took 0.098 seconds
[2026-01-08T11:20:11.109+0530] {processor.py:186} INFO - Started process (PID=12366) to work on /home/sneha/spotify_airflow_project/venv/lib/python3.12/site-packages/airflow/example_dags/example_sensor_decorator.py
[2026-01-08T11:20:11.120+0530] {processor.py:914} INFO - Processing file /home/sneha/spotify_airflow_project/venv/lib/python3.12/site-packages/airflow/example_dags/example_sensor_decorator.py for tasks to queue
[2026-01-08T11:20:11.121+0530] {logging_mixin.py:190} INFO - [2026-01-08T11:20:11.121+0530] {dagbag.py:588} INFO - Filling up the DagBag from /home/sneha/spotify_airflow_project/venv/lib/python3.12/site-packages/airflow/example_dags/example_sensor_decorator.py
[2026-01-08T11:20:11.129+0530] {processor.py:925} INFO - DAG(s) 'example_sensor_decorator' retrieved from /home/sneha/spotify_airflow_project/venv/lib/python3.12/site-packages/airflow/example_dags/example_sensor_decorator.py
[2026-01-08T11:20:11.153+0530] {logging_mixin.py:190} INFO - [2026-01-08T11:20:11.153+0530] {dag.py:3239} INFO - Sync 1 DAGs
[2026-01-08T11:20:11.171+0530] {logging_mixin.py:190} INFO - [2026-01-08T11:20:11.170+0530] {dag.py:4180} INFO - Setting next_dagrun for example_sensor_decorator to None, run_after=None
[2026-01-08T11:20:11.199+0530] {processor.py:208} INFO - Processing /home/sneha/spotify_airflow_project/venv/lib/python3.12/site-packages/airflow/example_dags/example_sensor_decorator.py took 0.100 seconds
[2026-01-08T11:21:15.303+0530] {processor.py:186} INFO - Started process (PID=12461) to work on /home/sneha/spotify_airflow_project/venv/lib/python3.12/site-packages/airflow/example_dags/example_sensor_decorator.py
[2026-01-08T11:21:15.305+0530] {processor.py:914} INFO - Processing file /home/sneha/spotify_airflow_project/venv/lib/python3.12/site-packages/airflow/example_dags/example_sensor_decorator.py for tasks to queue
[2026-01-08T11:21:15.307+0530] {logging_mixin.py:190} INFO - [2026-01-08T11:21:15.306+0530] {dagbag.py:588} INFO - Filling up the DagBag from /home/sneha/spotify_airflow_project/venv/lib/python3.12/site-packages/airflow/example_dags/example_sensor_decorator.py
[2026-01-08T11:21:15.315+0530] {processor.py:925} INFO - DAG(s) 'example_sensor_decorator' retrieved from /home/sneha/spotify_airflow_project/venv/lib/python3.12/site-packages/airflow/example_dags/example_sensor_decorator.py
[2026-01-08T11:21:15.340+0530] {logging_mixin.py:190} INFO - [2026-01-08T11:21:15.340+0530] {dag.py:3239} INFO - Sync 1 DAGs
[2026-01-08T11:21:15.358+0530] {logging_mixin.py:190} INFO - [2026-01-08T11:21:15.357+0530] {dag.py:4180} INFO - Setting next_dagrun for example_sensor_decorator to None, run_after=None
[2026-01-08T11:21:15.386+0530] {processor.py:208} INFO - Processing /home/sneha/spotify_airflow_project/venv/lib/python3.12/site-packages/airflow/example_dags/example_sensor_decorator.py took 0.093 seconds
[2026-01-08T11:23:44.866+0530] {processor.py:186} INFO - Started process (PID=17792) to work on /home/sneha/spotify_airflow_project/venv/lib/python3.12/site-packages/airflow/example_dags/example_sensor_decorator.py
[2026-01-08T11:23:44.868+0530] {processor.py:914} INFO - Processing file /home/sneha/spotify_airflow_project/venv/lib/python3.12/site-packages/airflow/example_dags/example_sensor_decorator.py for tasks to queue
[2026-01-08T11:23:44.869+0530] {logging_mixin.py:190} INFO - [2026-01-08T11:23:44.869+0530] {dagbag.py:588} INFO - Filling up the DagBag from /home/sneha/spotify_airflow_project/venv/lib/python3.12/site-packages/airflow/example_dags/example_sensor_decorator.py
[2026-01-08T11:23:44.878+0530] {processor.py:925} INFO - DAG(s) 'example_sensor_decorator' retrieved from /home/sneha/spotify_airflow_project/venv/lib/python3.12/site-packages/airflow/example_dags/example_sensor_decorator.py
[2026-01-08T11:23:44.907+0530] {logging_mixin.py:190} INFO - [2026-01-08T11:23:44.907+0530] {dag.py:3239} INFO - Sync 1 DAGs
[2026-01-08T11:23:44.926+0530] {logging_mixin.py:190} INFO - [2026-01-08T11:23:44.925+0530] {dag.py:4180} INFO - Setting next_dagrun for example_sensor_decorator to None, run_after=None
[2026-01-08T11:23:44.954+0530] {processor.py:208} INFO - Processing /home/sneha/spotify_airflow_project/venv/lib/python3.12/site-packages/airflow/example_dags/example_sensor_decorator.py took 0.099 seconds
[2026-01-08T11:24:46.426+0530] {processor.py:186} INFO - Started process (PID=17853) to work on /home/sneha/spotify_airflow_project/venv/lib/python3.12/site-packages/airflow/example_dags/example_sensor_decorator.py
[2026-01-08T11:24:46.428+0530] {processor.py:914} INFO - Processing file /home/sneha/spotify_airflow_project/venv/lib/python3.12/site-packages/airflow/example_dags/example_sensor_decorator.py for tasks to queue
[2026-01-08T11:24:46.429+0530] {logging_mixin.py:190} INFO - [2026-01-08T11:24:46.429+0530] {dagbag.py:588} INFO - Filling up the DagBag from /home/sneha/spotify_airflow_project/venv/lib/python3.12/site-packages/airflow/example_dags/example_sensor_decorator.py
[2026-01-08T11:24:46.438+0530] {processor.py:925} INFO - DAG(s) 'example_sensor_decorator' retrieved from /home/sneha/spotify_airflow_project/venv/lib/python3.12/site-packages/airflow/example_dags/example_sensor_decorator.py
[2026-01-08T11:24:46.463+0530] {logging_mixin.py:190} INFO - [2026-01-08T11:24:46.463+0530] {dag.py:3239} INFO - Sync 1 DAGs
[2026-01-08T11:24:46.482+0530] {logging_mixin.py:190} INFO - [2026-01-08T11:24:46.481+0530] {dag.py:4180} INFO - Setting next_dagrun for example_sensor_decorator to None, run_after=None
[2026-01-08T11:24:46.509+0530] {processor.py:208} INFO - Processing /home/sneha/spotify_airflow_project/venv/lib/python3.12/site-packages/airflow/example_dags/example_sensor_decorator.py took 0.094 seconds
[2026-01-08T11:25:50.215+0530] {processor.py:186} INFO - Started process (PID=17951) to work on /home/sneha/spotify_airflow_project/venv/lib/python3.12/site-packages/airflow/example_dags/example_sensor_decorator.py
[2026-01-08T11:25:50.216+0530] {processor.py:914} INFO - Processing file /home/sneha/spotify_airflow_project/venv/lib/python3.12/site-packages/airflow/example_dags/example_sensor_decorator.py for tasks to queue
[2026-01-08T11:25:50.218+0530] {logging_mixin.py:190} INFO - [2026-01-08T11:25:50.218+0530] {dagbag.py:588} INFO - Filling up the DagBag from /home/sneha/spotify_airflow_project/venv/lib/python3.12/site-packages/airflow/example_dags/example_sensor_decorator.py
[2026-01-08T11:25:50.227+0530] {processor.py:925} INFO - DAG(s) 'example_sensor_decorator' retrieved from /home/sneha/spotify_airflow_project/venv/lib/python3.12/site-packages/airflow/example_dags/example_sensor_decorator.py
[2026-01-08T11:25:50.252+0530] {logging_mixin.py:190} INFO - [2026-01-08T11:25:50.252+0530] {dag.py:3239} INFO - Sync 1 DAGs
[2026-01-08T11:25:50.270+0530] {logging_mixin.py:190} INFO - [2026-01-08T11:25:50.270+0530] {dag.py:4180} INFO - Setting next_dagrun for example_sensor_decorator to None, run_after=None
[2026-01-08T11:25:50.299+0530] {processor.py:208} INFO - Processing /home/sneha/spotify_airflow_project/venv/lib/python3.12/site-packages/airflow/example_dags/example_sensor_decorator.py took 0.095 seconds
[2026-01-08T11:26:56.459+0530] {processor.py:186} INFO - Started process (PID=18013) to work on /home/sneha/spotify_airflow_project/venv/lib/python3.12/site-packages/airflow/example_dags/example_sensor_decorator.py
[2026-01-08T11:26:56.461+0530] {processor.py:914} INFO - Processing file /home/sneha/spotify_airflow_project/venv/lib/python3.12/site-packages/airflow/example_dags/example_sensor_decorator.py for tasks to queue
[2026-01-08T11:26:56.463+0530] {logging_mixin.py:190} INFO - [2026-01-08T11:26:56.462+0530] {dagbag.py:588} INFO - Filling up the DagBag from /home/sneha/spotify_airflow_project/venv/lib/python3.12/site-packages/airflow/example_dags/example_sensor_decorator.py
[2026-01-08T11:26:56.472+0530] {processor.py:925} INFO - DAG(s) 'example_sensor_decorator' retrieved from /home/sneha/spotify_airflow_project/venv/lib/python3.12/site-packages/airflow/example_dags/example_sensor_decorator.py
[2026-01-08T11:26:56.499+0530] {logging_mixin.py:190} INFO - [2026-01-08T11:26:56.499+0530] {dag.py:3239} INFO - Sync 1 DAGs
[2026-01-08T11:26:56.518+0530] {logging_mixin.py:190} INFO - [2026-01-08T11:26:56.517+0530] {dag.py:4180} INFO - Setting next_dagrun for example_sensor_decorator to None, run_after=None
[2026-01-08T11:26:56.548+0530] {processor.py:208} INFO - Processing /home/sneha/spotify_airflow_project/venv/lib/python3.12/site-packages/airflow/example_dags/example_sensor_decorator.py took 0.100 seconds
[2026-01-08T11:27:59.047+0530] {processor.py:186} INFO - Started process (PID=18077) to work on /home/sneha/spotify_airflow_project/venv/lib/python3.12/site-packages/airflow/example_dags/example_sensor_decorator.py
[2026-01-08T11:27:59.049+0530] {processor.py:914} INFO - Processing file /home/sneha/spotify_airflow_project/venv/lib/python3.12/site-packages/airflow/example_dags/example_sensor_decorator.py for tasks to queue
[2026-01-08T11:27:59.050+0530] {logging_mixin.py:190} INFO - [2026-01-08T11:27:59.050+0530] {dagbag.py:588} INFO - Filling up the DagBag from /home/sneha/spotify_airflow_project/venv/lib/python3.12/site-packages/airflow/example_dags/example_sensor_decorator.py
[2026-01-08T11:27:59.059+0530] {processor.py:925} INFO - DAG(s) 'example_sensor_decorator' retrieved from /home/sneha/spotify_airflow_project/venv/lib/python3.12/site-packages/airflow/example_dags/example_sensor_decorator.py
[2026-01-08T11:27:59.082+0530] {logging_mixin.py:190} INFO - [2026-01-08T11:27:59.082+0530] {dag.py:3239} INFO - Sync 1 DAGs
[2026-01-08T11:27:59.099+0530] {logging_mixin.py:190} INFO - [2026-01-08T11:27:59.099+0530] {dag.py:4180} INFO - Setting next_dagrun for example_sensor_decorator to None, run_after=None
[2026-01-08T11:27:59.126+0530] {processor.py:208} INFO - Processing /home/sneha/spotify_airflow_project/venv/lib/python3.12/site-packages/airflow/example_dags/example_sensor_decorator.py took 0.090 seconds
[2026-01-08T11:28:57.585+0530] {processor.py:186} INFO - Started process (PID=18164) to work on /home/sneha/spotify_airflow_project/venv/lib/python3.12/site-packages/airflow/example_dags/example_sensor_decorator.py
[2026-01-08T11:28:57.596+0530] {processor.py:914} INFO - Processing file /home/sneha/spotify_airflow_project/venv/lib/python3.12/site-packages/airflow/example_dags/example_sensor_decorator.py for tasks to queue
[2026-01-08T11:28:57.598+0530] {logging_mixin.py:190} INFO - [2026-01-08T11:28:57.598+0530] {dagbag.py:588} INFO - Filling up the DagBag from /home/sneha/spotify_airflow_project/venv/lib/python3.12/site-packages/airflow/example_dags/example_sensor_decorator.py
[2026-01-08T11:28:57.607+0530] {processor.py:925} INFO - DAG(s) 'example_sensor_decorator' retrieved from /home/sneha/spotify_airflow_project/venv/lib/python3.12/site-packages/airflow/example_dags/example_sensor_decorator.py
[2026-01-08T11:28:57.631+0530] {logging_mixin.py:190} INFO - [2026-01-08T11:28:57.631+0530] {dag.py:3239} INFO - Sync 1 DAGs
[2026-01-08T11:28:57.647+0530] {logging_mixin.py:190} INFO - [2026-01-08T11:28:57.647+0530] {dag.py:4180} INFO - Setting next_dagrun for example_sensor_decorator to None, run_after=None
[2026-01-08T11:28:57.674+0530] {processor.py:208} INFO - Processing /home/sneha/spotify_airflow_project/venv/lib/python3.12/site-packages/airflow/example_dags/example_sensor_decorator.py took 0.100 seconds
[2026-01-08T11:30:01.448+0530] {processor.py:186} INFO - Started process (PID=18228) to work on /home/sneha/spotify_airflow_project/venv/lib/python3.12/site-packages/airflow/example_dags/example_sensor_decorator.py
[2026-01-08T11:30:01.449+0530] {processor.py:914} INFO - Processing file /home/sneha/spotify_airflow_project/venv/lib/python3.12/site-packages/airflow/example_dags/example_sensor_decorator.py for tasks to queue
[2026-01-08T11:30:01.451+0530] {logging_mixin.py:190} INFO - [2026-01-08T11:30:01.451+0530] {dagbag.py:588} INFO - Filling up the DagBag from /home/sneha/spotify_airflow_project/venv/lib/python3.12/site-packages/airflow/example_dags/example_sensor_decorator.py
[2026-01-08T11:30:01.459+0530] {processor.py:925} INFO - DAG(s) 'example_sensor_decorator' retrieved from /home/sneha/spotify_airflow_project/venv/lib/python3.12/site-packages/airflow/example_dags/example_sensor_decorator.py
[2026-01-08T11:30:01.486+0530] {logging_mixin.py:190} INFO - [2026-01-08T11:30:01.485+0530] {dag.py:3239} INFO - Sync 1 DAGs
[2026-01-08T11:30:01.505+0530] {logging_mixin.py:190} INFO - [2026-01-08T11:30:01.504+0530] {dag.py:4180} INFO - Setting next_dagrun for example_sensor_decorator to None, run_after=None
[2026-01-08T11:30:01.534+0530] {processor.py:208} INFO - Processing /home/sneha/spotify_airflow_project/venv/lib/python3.12/site-packages/airflow/example_dags/example_sensor_decorator.py took 0.097 seconds
[2026-01-08T11:32:11.567+0530] {processor.py:186} INFO - Started process (PID=22840) to work on /home/sneha/spotify_airflow_project/venv/lib/python3.12/site-packages/airflow/example_dags/example_sensor_decorator.py
[2026-01-08T11:32:11.569+0530] {processor.py:914} INFO - Processing file /home/sneha/spotify_airflow_project/venv/lib/python3.12/site-packages/airflow/example_dags/example_sensor_decorator.py for tasks to queue
[2026-01-08T11:32:11.571+0530] {logging_mixin.py:190} INFO - [2026-01-08T11:32:11.570+0530] {dagbag.py:588} INFO - Filling up the DagBag from /home/sneha/spotify_airflow_project/venv/lib/python3.12/site-packages/airflow/example_dags/example_sensor_decorator.py
[2026-01-08T11:32:11.579+0530] {processor.py:925} INFO - DAG(s) 'example_sensor_decorator' retrieved from /home/sneha/spotify_airflow_project/venv/lib/python3.12/site-packages/airflow/example_dags/example_sensor_decorator.py
[2026-01-08T11:32:11.608+0530] {logging_mixin.py:190} INFO - [2026-01-08T11:32:11.608+0530] {dag.py:3239} INFO - Sync 1 DAGs
[2026-01-08T11:32:11.630+0530] {logging_mixin.py:190} INFO - [2026-01-08T11:32:11.629+0530] {dag.py:4180} INFO - Setting next_dagrun for example_sensor_decorator to None, run_after=None
[2026-01-08T11:32:11.656+0530] {processor.py:208} INFO - Processing /home/sneha/spotify_airflow_project/venv/lib/python3.12/site-packages/airflow/example_dags/example_sensor_decorator.py took 0.101 seconds
[2026-01-08T11:33:13.301+0530] {processor.py:186} INFO - Started process (PID=22900) to work on /home/sneha/spotify_airflow_project/venv/lib/python3.12/site-packages/airflow/example_dags/example_sensor_decorator.py
[2026-01-08T11:33:13.303+0530] {processor.py:914} INFO - Processing file /home/sneha/spotify_airflow_project/venv/lib/python3.12/site-packages/airflow/example_dags/example_sensor_decorator.py for tasks to queue
[2026-01-08T11:33:13.305+0530] {logging_mixin.py:190} INFO - [2026-01-08T11:33:13.304+0530] {dagbag.py:588} INFO - Filling up the DagBag from /home/sneha/spotify_airflow_project/venv/lib/python3.12/site-packages/airflow/example_dags/example_sensor_decorator.py
[2026-01-08T11:33:13.314+0530] {processor.py:925} INFO - DAG(s) 'example_sensor_decorator' retrieved from /home/sneha/spotify_airflow_project/venv/lib/python3.12/site-packages/airflow/example_dags/example_sensor_decorator.py
[2026-01-08T11:33:13.341+0530] {logging_mixin.py:190} INFO - [2026-01-08T11:33:13.341+0530] {dag.py:3239} INFO - Sync 1 DAGs
[2026-01-08T11:33:13.359+0530] {logging_mixin.py:190} INFO - [2026-01-08T11:33:13.359+0530] {dag.py:4180} INFO - Setting next_dagrun for example_sensor_decorator to None, run_after=None
[2026-01-08T11:33:13.388+0530] {processor.py:208} INFO - Processing /home/sneha/spotify_airflow_project/venv/lib/python3.12/site-packages/airflow/example_dags/example_sensor_decorator.py took 0.098 seconds
[2026-01-08T11:34:11.537+0530] {processor.py:186} INFO - Started process (PID=22988) to work on /home/sneha/spotify_airflow_project/venv/lib/python3.12/site-packages/airflow/example_dags/example_sensor_decorator.py
[2026-01-08T11:34:11.539+0530] {processor.py:914} INFO - Processing file /home/sneha/spotify_airflow_project/venv/lib/python3.12/site-packages/airflow/example_dags/example_sensor_decorator.py for tasks to queue
[2026-01-08T11:34:11.540+0530] {logging_mixin.py:190} INFO - [2026-01-08T11:34:11.540+0530] {dagbag.py:588} INFO - Filling up the DagBag from /home/sneha/spotify_airflow_project/venv/lib/python3.12/site-packages/airflow/example_dags/example_sensor_decorator.py
[2026-01-08T11:34:11.550+0530] {processor.py:925} INFO - DAG(s) 'example_sensor_decorator' retrieved from /home/sneha/spotify_airflow_project/venv/lib/python3.12/site-packages/airflow/example_dags/example_sensor_decorator.py
[2026-01-08T11:34:11.577+0530] {logging_mixin.py:190} INFO - [2026-01-08T11:34:11.576+0530] {dag.py:3239} INFO - Sync 1 DAGs
[2026-01-08T11:34:11.598+0530] {logging_mixin.py:190} INFO - [2026-01-08T11:34:11.597+0530] {dag.py:4180} INFO - Setting next_dagrun for example_sensor_decorator to None, run_after=None
[2026-01-08T11:34:11.625+0530] {processor.py:208} INFO - Processing /home/sneha/spotify_airflow_project/venv/lib/python3.12/site-packages/airflow/example_dags/example_sensor_decorator.py took 0.100 seconds
[2026-01-08T11:35:09.120+0530] {processor.py:186} INFO - Started process (PID=23051) to work on /home/sneha/spotify_airflow_project/venv/lib/python3.12/site-packages/airflow/example_dags/example_sensor_decorator.py
[2026-01-08T11:35:09.122+0530] {processor.py:914} INFO - Processing file /home/sneha/spotify_airflow_project/venv/lib/python3.12/site-packages/airflow/example_dags/example_sensor_decorator.py for tasks to queue
[2026-01-08T11:35:09.124+0530] {logging_mixin.py:190} INFO - [2026-01-08T11:35:09.123+0530] {dagbag.py:588} INFO - Filling up the DagBag from /home/sneha/spotify_airflow_project/venv/lib/python3.12/site-packages/airflow/example_dags/example_sensor_decorator.py
[2026-01-08T11:35:09.132+0530] {processor.py:925} INFO - DAG(s) 'example_sensor_decorator' retrieved from /home/sneha/spotify_airflow_project/venv/lib/python3.12/site-packages/airflow/example_dags/example_sensor_decorator.py
[2026-01-08T11:35:09.155+0530] {logging_mixin.py:190} INFO - [2026-01-08T11:35:09.155+0530] {dag.py:3239} INFO - Sync 1 DAGs
[2026-01-08T11:35:09.172+0530] {logging_mixin.py:190} INFO - [2026-01-08T11:35:09.172+0530] {dag.py:4180} INFO - Setting next_dagrun for example_sensor_decorator to None, run_after=None
[2026-01-08T11:35:09.201+0530] {processor.py:208} INFO - Processing /home/sneha/spotify_airflow_project/venv/lib/python3.12/site-packages/airflow/example_dags/example_sensor_decorator.py took 0.092 seconds
[2026-01-08T11:36:10.647+0530] {processor.py:186} INFO - Started process (PID=23115) to work on /home/sneha/spotify_airflow_project/venv/lib/python3.12/site-packages/airflow/example_dags/example_sensor_decorator.py
[2026-01-08T11:36:10.648+0530] {processor.py:914} INFO - Processing file /home/sneha/spotify_airflow_project/venv/lib/python3.12/site-packages/airflow/example_dags/example_sensor_decorator.py for tasks to queue
[2026-01-08T11:36:10.650+0530] {logging_mixin.py:190} INFO - [2026-01-08T11:36:10.649+0530] {dagbag.py:588} INFO - Filling up the DagBag from /home/sneha/spotify_airflow_project/venv/lib/python3.12/site-packages/airflow/example_dags/example_sensor_decorator.py
[2026-01-08T11:36:10.658+0530] {processor.py:925} INFO - DAG(s) 'example_sensor_decorator' retrieved from /home/sneha/spotify_airflow_project/venv/lib/python3.12/site-packages/airflow/example_dags/example_sensor_decorator.py
[2026-01-08T11:36:10.682+0530] {logging_mixin.py:190} INFO - [2026-01-08T11:36:10.682+0530] {dag.py:3239} INFO - Sync 1 DAGs
[2026-01-08T11:36:10.699+0530] {logging_mixin.py:190} INFO - [2026-01-08T11:36:10.699+0530] {dag.py:4180} INFO - Setting next_dagrun for example_sensor_decorator to None, run_after=None
[2026-01-08T11:36:10.726+0530] {processor.py:208} INFO - Processing /home/sneha/spotify_airflow_project/venv/lib/python3.12/site-packages/airflow/example_dags/example_sensor_decorator.py took 0.091 seconds
[2026-01-08T11:37:12.124+0530] {processor.py:186} INFO - Started process (PID=23175) to work on /home/sneha/spotify_airflow_project/venv/lib/python3.12/site-packages/airflow/example_dags/example_sensor_decorator.py
[2026-01-08T11:37:12.135+0530] {processor.py:914} INFO - Processing file /home/sneha/spotify_airflow_project/venv/lib/python3.12/site-packages/airflow/example_dags/example_sensor_decorator.py for tasks to queue
[2026-01-08T11:37:12.137+0530] {logging_mixin.py:190} INFO - [2026-01-08T11:37:12.137+0530] {dagbag.py:588} INFO - Filling up the DagBag from /home/sneha/spotify_airflow_project/venv/lib/python3.12/site-packages/airflow/example_dags/example_sensor_decorator.py
[2026-01-08T11:37:12.146+0530] {processor.py:925} INFO - DAG(s) 'example_sensor_decorator' retrieved from /home/sneha/spotify_airflow_project/venv/lib/python3.12/site-packages/airflow/example_dags/example_sensor_decorator.py
[2026-01-08T11:37:12.170+0530] {logging_mixin.py:190} INFO - [2026-01-08T11:37:12.170+0530] {dag.py:3239} INFO - Sync 1 DAGs
[2026-01-08T11:37:12.187+0530] {logging_mixin.py:190} INFO - [2026-01-08T11:37:12.186+0530] {dag.py:4180} INFO - Setting next_dagrun for example_sensor_decorator to None, run_after=None
[2026-01-08T11:37:12.216+0530] {processor.py:208} INFO - Processing /home/sneha/spotify_airflow_project/venv/lib/python3.12/site-packages/airflow/example_dags/example_sensor_decorator.py took 0.103 seconds
[2026-01-08T11:38:16.038+0530] {processor.py:186} INFO - Started process (PID=23238) to work on /home/sneha/spotify_airflow_project/venv/lib/python3.12/site-packages/airflow/example_dags/example_sensor_decorator.py
[2026-01-08T11:38:16.040+0530] {processor.py:914} INFO - Processing file /home/sneha/spotify_airflow_project/venv/lib/python3.12/site-packages/airflow/example_dags/example_sensor_decorator.py for tasks to queue
[2026-01-08T11:38:16.042+0530] {logging_mixin.py:190} INFO - [2026-01-08T11:38:16.041+0530] {dagbag.py:588} INFO - Filling up the DagBag from /home/sneha/spotify_airflow_project/venv/lib/python3.12/site-packages/airflow/example_dags/example_sensor_decorator.py
[2026-01-08T11:38:16.051+0530] {processor.py:925} INFO - DAG(s) 'example_sensor_decorator' retrieved from /home/sneha/spotify_airflow_project/venv/lib/python3.12/site-packages/airflow/example_dags/example_sensor_decorator.py
[2026-01-08T11:38:16.078+0530] {logging_mixin.py:190} INFO - [2026-01-08T11:38:16.077+0530] {dag.py:3239} INFO - Sync 1 DAGs
[2026-01-08T11:38:16.097+0530] {logging_mixin.py:190} INFO - [2026-01-08T11:38:16.097+0530] {dag.py:4180} INFO - Setting next_dagrun for example_sensor_decorator to None, run_after=None
[2026-01-08T11:38:16.129+0530] {processor.py:208} INFO - Processing /home/sneha/spotify_airflow_project/venv/lib/python3.12/site-packages/airflow/example_dags/example_sensor_decorator.py took 0.102 seconds
[2026-01-08T11:39:21.193+0530] {processor.py:186} INFO - Started process (PID=23331) to work on /home/sneha/spotify_airflow_project/venv/lib/python3.12/site-packages/airflow/example_dags/example_sensor_decorator.py
[2026-01-08T11:39:21.195+0530] {processor.py:914} INFO - Processing file /home/sneha/spotify_airflow_project/venv/lib/python3.12/site-packages/airflow/example_dags/example_sensor_decorator.py for tasks to queue
[2026-01-08T11:39:21.197+0530] {logging_mixin.py:190} INFO - [2026-01-08T11:39:21.196+0530] {dagbag.py:588} INFO - Filling up the DagBag from /home/sneha/spotify_airflow_project/venv/lib/python3.12/site-packages/airflow/example_dags/example_sensor_decorator.py
[2026-01-08T11:39:21.205+0530] {processor.py:925} INFO - DAG(s) 'example_sensor_decorator' retrieved from /home/sneha/spotify_airflow_project/venv/lib/python3.12/site-packages/airflow/example_dags/example_sensor_decorator.py
[2026-01-08T11:39:21.230+0530] {logging_mixin.py:190} INFO - [2026-01-08T11:39:21.229+0530] {dag.py:3239} INFO - Sync 1 DAGs
[2026-01-08T11:39:21.246+0530] {logging_mixin.py:190} INFO - [2026-01-08T11:39:21.246+0530] {dag.py:4180} INFO - Setting next_dagrun for example_sensor_decorator to None, run_after=None
[2026-01-08T11:39:21.275+0530] {processor.py:208} INFO - Processing /home/sneha/spotify_airflow_project/venv/lib/python3.12/site-packages/airflow/example_dags/example_sensor_decorator.py took 0.093 seconds
[2026-01-08T11:40:24.947+0530] {processor.py:186} INFO - Started process (PID=23393) to work on /home/sneha/spotify_airflow_project/venv/lib/python3.12/site-packages/airflow/example_dags/example_sensor_decorator.py
[2026-01-08T11:40:24.948+0530] {processor.py:914} INFO - Processing file /home/sneha/spotify_airflow_project/venv/lib/python3.12/site-packages/airflow/example_dags/example_sensor_decorator.py for tasks to queue
[2026-01-08T11:40:24.950+0530] {logging_mixin.py:190} INFO - [2026-01-08T11:40:24.950+0530] {dagbag.py:588} INFO - Filling up the DagBag from /home/sneha/spotify_airflow_project/venv/lib/python3.12/site-packages/airflow/example_dags/example_sensor_decorator.py
[2026-01-08T11:40:24.960+0530] {processor.py:925} INFO - DAG(s) 'example_sensor_decorator' retrieved from /home/sneha/spotify_airflow_project/venv/lib/python3.12/site-packages/airflow/example_dags/example_sensor_decorator.py
[2026-01-08T11:40:24.987+0530] {logging_mixin.py:190} INFO - [2026-01-08T11:40:24.987+0530] {dag.py:3239} INFO - Sync 1 DAGs
[2026-01-08T11:40:25.005+0530] {logging_mixin.py:190} INFO - [2026-01-08T11:40:25.005+0530] {dag.py:4180} INFO - Setting next_dagrun for example_sensor_decorator to None, run_after=None
[2026-01-08T11:40:25.035+0530] {processor.py:208} INFO - Processing /home/sneha/spotify_airflow_project/venv/lib/python3.12/site-packages/airflow/example_dags/example_sensor_decorator.py took 0.101 seconds
[2026-01-08T11:41:28.923+0530] {processor.py:186} INFO - Started process (PID=23550) to work on /home/sneha/spotify_airflow_project/venv/lib/python3.12/site-packages/airflow/example_dags/example_sensor_decorator.py
[2026-01-08T11:41:28.924+0530] {processor.py:914} INFO - Processing file /home/sneha/spotify_airflow_project/venv/lib/python3.12/site-packages/airflow/example_dags/example_sensor_decorator.py for tasks to queue
[2026-01-08T11:41:28.926+0530] {logging_mixin.py:190} INFO - [2026-01-08T11:41:28.926+0530] {dagbag.py:588} INFO - Filling up the DagBag from /home/sneha/spotify_airflow_project/venv/lib/python3.12/site-packages/airflow/example_dags/example_sensor_decorator.py
[2026-01-08T11:41:28.935+0530] {processor.py:925} INFO - DAG(s) 'example_sensor_decorator' retrieved from /home/sneha/spotify_airflow_project/venv/lib/python3.12/site-packages/airflow/example_dags/example_sensor_decorator.py
[2026-01-08T11:41:28.961+0530] {logging_mixin.py:190} INFO - [2026-01-08T11:41:28.960+0530] {dag.py:3239} INFO - Sync 1 DAGs
[2026-01-08T11:41:28.978+0530] {logging_mixin.py:190} INFO - [2026-01-08T11:41:28.978+0530] {dag.py:4180} INFO - Setting next_dagrun for example_sensor_decorator to None, run_after=None
[2026-01-08T11:41:29.008+0530] {processor.py:208} INFO - Processing /home/sneha/spotify_airflow_project/venv/lib/python3.12/site-packages/airflow/example_dags/example_sensor_decorator.py took 0.094 seconds
[2026-01-08T11:42:33.788+0530] {processor.py:186} INFO - Started process (PID=23615) to work on /home/sneha/spotify_airflow_project/venv/lib/python3.12/site-packages/airflow/example_dags/example_sensor_decorator.py
[2026-01-08T11:42:33.790+0530] {processor.py:914} INFO - Processing file /home/sneha/spotify_airflow_project/venv/lib/python3.12/site-packages/airflow/example_dags/example_sensor_decorator.py for tasks to queue
[2026-01-08T11:42:33.792+0530] {logging_mixin.py:190} INFO - [2026-01-08T11:42:33.791+0530] {dagbag.py:588} INFO - Filling up the DagBag from /home/sneha/spotify_airflow_project/venv/lib/python3.12/site-packages/airflow/example_dags/example_sensor_decorator.py
[2026-01-08T11:42:33.800+0530] {processor.py:925} INFO - DAG(s) 'example_sensor_decorator' retrieved from /home/sneha/spotify_airflow_project/venv/lib/python3.12/site-packages/airflow/example_dags/example_sensor_decorator.py
[2026-01-08T11:42:33.824+0530] {logging_mixin.py:190} INFO - [2026-01-08T11:42:33.823+0530] {dag.py:3239} INFO - Sync 1 DAGs
[2026-01-08T11:42:33.840+0530] {logging_mixin.py:190} INFO - [2026-01-08T11:42:33.840+0530] {dag.py:4180} INFO - Setting next_dagrun for example_sensor_decorator to None, run_after=None
[2026-01-08T11:42:33.866+0530] {processor.py:208} INFO - Processing /home/sneha/spotify_airflow_project/venv/lib/python3.12/site-packages/airflow/example_dags/example_sensor_decorator.py took 0.089 seconds
[2026-01-08T11:43:38.633+0530] {processor.py:186} INFO - Started process (PID=23709) to work on /home/sneha/spotify_airflow_project/venv/lib/python3.12/site-packages/airflow/example_dags/example_sensor_decorator.py
[2026-01-08T11:43:38.644+0530] {processor.py:914} INFO - Processing file /home/sneha/spotify_airflow_project/venv/lib/python3.12/site-packages/airflow/example_dags/example_sensor_decorator.py for tasks to queue
[2026-01-08T11:43:38.646+0530] {logging_mixin.py:190} INFO - [2026-01-08T11:43:38.646+0530] {dagbag.py:588} INFO - Filling up the DagBag from /home/sneha/spotify_airflow_project/venv/lib/python3.12/site-packages/airflow/example_dags/example_sensor_decorator.py
[2026-01-08T11:43:38.656+0530] {processor.py:925} INFO - DAG(s) 'example_sensor_decorator' retrieved from /home/sneha/spotify_airflow_project/venv/lib/python3.12/site-packages/airflow/example_dags/example_sensor_decorator.py
[2026-01-08T11:43:38.681+0530] {logging_mixin.py:190} INFO - [2026-01-08T11:43:38.681+0530] {dag.py:3239} INFO - Sync 1 DAGs
[2026-01-08T11:43:38.697+0530] {logging_mixin.py:190} INFO - [2026-01-08T11:43:38.697+0530] {dag.py:4180} INFO - Setting next_dagrun for example_sensor_decorator to None, run_after=None
[2026-01-08T11:43:38.725+0530] {processor.py:208} INFO - Processing /home/sneha/spotify_airflow_project/venv/lib/python3.12/site-packages/airflow/example_dags/example_sensor_decorator.py took 0.103 seconds
[2026-01-08T11:44:45.829+0530] {processor.py:186} INFO - Started process (PID=23897) to work on /home/sneha/spotify_airflow_project/venv/lib/python3.12/site-packages/airflow/example_dags/example_sensor_decorator.py
[2026-01-08T11:44:45.831+0530] {processor.py:914} INFO - Processing file /home/sneha/spotify_airflow_project/venv/lib/python3.12/site-packages/airflow/example_dags/example_sensor_decorator.py for tasks to queue
[2026-01-08T11:44:45.833+0530] {logging_mixin.py:190} INFO - [2026-01-08T11:44:45.832+0530] {dagbag.py:588} INFO - Filling up the DagBag from /home/sneha/spotify_airflow_project/venv/lib/python3.12/site-packages/airflow/example_dags/example_sensor_decorator.py
[2026-01-08T11:44:45.841+0530] {processor.py:925} INFO - DAG(s) 'example_sensor_decorator' retrieved from /home/sneha/spotify_airflow_project/venv/lib/python3.12/site-packages/airflow/example_dags/example_sensor_decorator.py
[2026-01-08T11:44:45.867+0530] {logging_mixin.py:190} INFO - [2026-01-08T11:44:45.866+0530] {dag.py:3239} INFO - Sync 1 DAGs
[2026-01-08T11:44:45.884+0530] {logging_mixin.py:190} INFO - [2026-01-08T11:44:45.883+0530] {dag.py:4180} INFO - Setting next_dagrun for example_sensor_decorator to None, run_after=None
[2026-01-08T11:44:45.913+0530] {processor.py:208} INFO - Processing /home/sneha/spotify_airflow_project/venv/lib/python3.12/site-packages/airflow/example_dags/example_sensor_decorator.py took 0.095 seconds
[2026-01-08T11:45:49.093+0530] {processor.py:186} INFO - Started process (PID=24085) to work on /home/sneha/spotify_airflow_project/venv/lib/python3.12/site-packages/airflow/example_dags/example_sensor_decorator.py
[2026-01-08T11:45:49.095+0530] {processor.py:914} INFO - Processing file /home/sneha/spotify_airflow_project/venv/lib/python3.12/site-packages/airflow/example_dags/example_sensor_decorator.py for tasks to queue
[2026-01-08T11:45:49.097+0530] {logging_mixin.py:190} INFO - [2026-01-08T11:45:49.096+0530] {dagbag.py:588} INFO - Filling up the DagBag from /home/sneha/spotify_airflow_project/venv/lib/python3.12/site-packages/airflow/example_dags/example_sensor_decorator.py
[2026-01-08T11:45:49.106+0530] {processor.py:925} INFO - DAG(s) 'example_sensor_decorator' retrieved from /home/sneha/spotify_airflow_project/venv/lib/python3.12/site-packages/airflow/example_dags/example_sensor_decorator.py
[2026-01-08T11:45:49.132+0530] {logging_mixin.py:190} INFO - [2026-01-08T11:45:49.132+0530] {dag.py:3239} INFO - Sync 1 DAGs
[2026-01-08T11:45:49.150+0530] {logging_mixin.py:190} INFO - [2026-01-08T11:45:49.149+0530] {dag.py:4180} INFO - Setting next_dagrun for example_sensor_decorator to None, run_after=None
[2026-01-08T11:45:49.179+0530] {processor.py:208} INFO - Processing /home/sneha/spotify_airflow_project/venv/lib/python3.12/site-packages/airflow/example_dags/example_sensor_decorator.py took 0.098 seconds
[2026-01-08T11:46:53.770+0530] {processor.py:186} INFO - Started process (PID=24148) to work on /home/sneha/spotify_airflow_project/venv/lib/python3.12/site-packages/airflow/example_dags/example_sensor_decorator.py
[2026-01-08T11:46:53.771+0530] {processor.py:914} INFO - Processing file /home/sneha/spotify_airflow_project/venv/lib/python3.12/site-packages/airflow/example_dags/example_sensor_decorator.py for tasks to queue
[2026-01-08T11:46:53.773+0530] {logging_mixin.py:190} INFO - [2026-01-08T11:46:53.772+0530] {dagbag.py:588} INFO - Filling up the DagBag from /home/sneha/spotify_airflow_project/venv/lib/python3.12/site-packages/airflow/example_dags/example_sensor_decorator.py
[2026-01-08T11:46:53.781+0530] {processor.py:925} INFO - DAG(s) 'example_sensor_decorator' retrieved from /home/sneha/spotify_airflow_project/venv/lib/python3.12/site-packages/airflow/example_dags/example_sensor_decorator.py
[2026-01-08T11:46:53.805+0530] {logging_mixin.py:190} INFO - [2026-01-08T11:46:53.805+0530] {dag.py:3239} INFO - Sync 1 DAGs
[2026-01-08T11:46:53.823+0530] {logging_mixin.py:190} INFO - [2026-01-08T11:46:53.823+0530] {dag.py:4180} INFO - Setting next_dagrun for example_sensor_decorator to None, run_after=None
[2026-01-08T11:46:53.851+0530] {processor.py:208} INFO - Processing /home/sneha/spotify_airflow_project/venv/lib/python3.12/site-packages/airflow/example_dags/example_sensor_decorator.py took 0.092 seconds
[2026-01-08T11:47:58.852+0530] {processor.py:186} INFO - Started process (PID=24211) to work on /home/sneha/spotify_airflow_project/venv/lib/python3.12/site-packages/airflow/example_dags/example_sensor_decorator.py
[2026-01-08T11:47:58.854+0530] {processor.py:914} INFO - Processing file /home/sneha/spotify_airflow_project/venv/lib/python3.12/site-packages/airflow/example_dags/example_sensor_decorator.py for tasks to queue
[2026-01-08T11:47:58.855+0530] {logging_mixin.py:190} INFO - [2026-01-08T11:47:58.855+0530] {dagbag.py:588} INFO - Filling up the DagBag from /home/sneha/spotify_airflow_project/venv/lib/python3.12/site-packages/airflow/example_dags/example_sensor_decorator.py
[2026-01-08T11:47:58.864+0530] {processor.py:925} INFO - DAG(s) 'example_sensor_decorator' retrieved from /home/sneha/spotify_airflow_project/venv/lib/python3.12/site-packages/airflow/example_dags/example_sensor_decorator.py
[2026-01-08T11:47:58.887+0530] {logging_mixin.py:190} INFO - [2026-01-08T11:47:58.887+0530] {dag.py:3239} INFO - Sync 1 DAGs
[2026-01-08T11:47:58.904+0530] {logging_mixin.py:190} INFO - [2026-01-08T11:47:58.904+0530] {dag.py:4180} INFO - Setting next_dagrun for example_sensor_decorator to None, run_after=None
[2026-01-08T11:47:58.931+0530] {processor.py:208} INFO - Processing /home/sneha/spotify_airflow_project/venv/lib/python3.12/site-packages/airflow/example_dags/example_sensor_decorator.py took 0.090 seconds
[2026-01-08T11:48:59.511+0530] {processor.py:186} INFO - Started process (PID=24299) to work on /home/sneha/spotify_airflow_project/venv/lib/python3.12/site-packages/airflow/example_dags/example_sensor_decorator.py
[2026-01-08T11:48:59.512+0530] {processor.py:914} INFO - Processing file /home/sneha/spotify_airflow_project/venv/lib/python3.12/site-packages/airflow/example_dags/example_sensor_decorator.py for tasks to queue
[2026-01-08T11:48:59.514+0530] {logging_mixin.py:190} INFO - [2026-01-08T11:48:59.514+0530] {dagbag.py:588} INFO - Filling up the DagBag from /home/sneha/spotify_airflow_project/venv/lib/python3.12/site-packages/airflow/example_dags/example_sensor_decorator.py
[2026-01-08T11:48:59.523+0530] {processor.py:925} INFO - DAG(s) 'example_sensor_decorator' retrieved from /home/sneha/spotify_airflow_project/venv/lib/python3.12/site-packages/airflow/example_dags/example_sensor_decorator.py
[2026-01-08T11:48:59.550+0530] {logging_mixin.py:190} INFO - [2026-01-08T11:48:59.549+0530] {dag.py:3239} INFO - Sync 1 DAGs
[2026-01-08T11:48:59.569+0530] {logging_mixin.py:190} INFO - [2026-01-08T11:48:59.568+0530] {dag.py:4180} INFO - Setting next_dagrun for example_sensor_decorator to None, run_after=None
[2026-01-08T11:48:59.597+0530] {processor.py:208} INFO - Processing /home/sneha/spotify_airflow_project/venv/lib/python3.12/site-packages/airflow/example_dags/example_sensor_decorator.py took 0.098 seconds
[2026-01-08T11:50:04.366+0530] {processor.py:186} INFO - Started process (PID=24362) to work on /home/sneha/spotify_airflow_project/venv/lib/python3.12/site-packages/airflow/example_dags/example_sensor_decorator.py
[2026-01-08T11:50:04.367+0530] {processor.py:914} INFO - Processing file /home/sneha/spotify_airflow_project/venv/lib/python3.12/site-packages/airflow/example_dags/example_sensor_decorator.py for tasks to queue
[2026-01-08T11:50:04.369+0530] {logging_mixin.py:190} INFO - [2026-01-08T11:50:04.369+0530] {dagbag.py:588} INFO - Filling up the DagBag from /home/sneha/spotify_airflow_project/venv/lib/python3.12/site-packages/airflow/example_dags/example_sensor_decorator.py
[2026-01-08T11:50:04.378+0530] {processor.py:925} INFO - DAG(s) 'example_sensor_decorator' retrieved from /home/sneha/spotify_airflow_project/venv/lib/python3.12/site-packages/airflow/example_dags/example_sensor_decorator.py
[2026-01-08T11:50:04.402+0530] {logging_mixin.py:190} INFO - [2026-01-08T11:50:04.402+0530] {dag.py:3239} INFO - Sync 1 DAGs
[2026-01-08T11:50:04.419+0530] {logging_mixin.py:190} INFO - [2026-01-08T11:50:04.418+0530] {dag.py:4180} INFO - Setting next_dagrun for example_sensor_decorator to None, run_after=None
[2026-01-08T11:50:04.447+0530] {processor.py:208} INFO - Processing /home/sneha/spotify_airflow_project/venv/lib/python3.12/site-packages/airflow/example_dags/example_sensor_decorator.py took 0.091 seconds
[2026-01-08T11:51:10.568+0530] {processor.py:186} INFO - Started process (PID=24435) to work on /home/sneha/spotify_airflow_project/venv/lib/python3.12/site-packages/airflow/example_dags/example_sensor_decorator.py
[2026-01-08T11:51:10.569+0530] {processor.py:914} INFO - Processing file /home/sneha/spotify_airflow_project/venv/lib/python3.12/site-packages/airflow/example_dags/example_sensor_decorator.py for tasks to queue
[2026-01-08T11:51:10.571+0530] {logging_mixin.py:190} INFO - [2026-01-08T11:51:10.570+0530] {dagbag.py:588} INFO - Filling up the DagBag from /home/sneha/spotify_airflow_project/venv/lib/python3.12/site-packages/airflow/example_dags/example_sensor_decorator.py
[2026-01-08T11:51:10.579+0530] {processor.py:925} INFO - DAG(s) 'example_sensor_decorator' retrieved from /home/sneha/spotify_airflow_project/venv/lib/python3.12/site-packages/airflow/example_dags/example_sensor_decorator.py
[2026-01-08T11:51:10.604+0530] {logging_mixin.py:190} INFO - [2026-01-08T11:51:10.603+0530] {dag.py:3239} INFO - Sync 1 DAGs
[2026-01-08T11:51:10.622+0530] {logging_mixin.py:190} INFO - [2026-01-08T11:51:10.621+0530] {dag.py:4180} INFO - Setting next_dagrun for example_sensor_decorator to None, run_after=None
[2026-01-08T11:51:10.648+0530] {processor.py:208} INFO - Processing /home/sneha/spotify_airflow_project/venv/lib/python3.12/site-packages/airflow/example_dags/example_sensor_decorator.py took 0.092 seconds
[2026-01-08T11:52:11.901+0530] {processor.py:186} INFO - Started process (PID=24498) to work on /home/sneha/spotify_airflow_project/venv/lib/python3.12/site-packages/airflow/example_dags/example_sensor_decorator.py
[2026-01-08T11:52:11.903+0530] {processor.py:914} INFO - Processing file /home/sneha/spotify_airflow_project/venv/lib/python3.12/site-packages/airflow/example_dags/example_sensor_decorator.py for tasks to queue
[2026-01-08T11:52:11.904+0530] {logging_mixin.py:190} INFO - [2026-01-08T11:52:11.904+0530] {dagbag.py:588} INFO - Filling up the DagBag from /home/sneha/spotify_airflow_project/venv/lib/python3.12/site-packages/airflow/example_dags/example_sensor_decorator.py
[2026-01-08T11:52:11.915+0530] {processor.py:925} INFO - DAG(s) 'example_sensor_decorator' retrieved from /home/sneha/spotify_airflow_project/venv/lib/python3.12/site-packages/airflow/example_dags/example_sensor_decorator.py
[2026-01-08T11:52:11.942+0530] {logging_mixin.py:190} INFO - [2026-01-08T11:52:11.941+0530] {dag.py:3239} INFO - Sync 1 DAGs
[2026-01-08T11:52:11.959+0530] {logging_mixin.py:190} INFO - [2026-01-08T11:52:11.959+0530] {dag.py:4180} INFO - Setting next_dagrun for example_sensor_decorator to None, run_after=None
[2026-01-08T11:52:11.988+0530] {processor.py:208} INFO - Processing /home/sneha/spotify_airflow_project/venv/lib/python3.12/site-packages/airflow/example_dags/example_sensor_decorator.py took 0.098 seconds
[2026-01-08T11:53:15.163+0530] {processor.py:186} INFO - Started process (PID=24575) to work on /home/sneha/spotify_airflow_project/venv/lib/python3.12/site-packages/airflow/example_dags/example_sensor_decorator.py
[2026-01-08T11:53:15.175+0530] {processor.py:914} INFO - Processing file /home/sneha/spotify_airflow_project/venv/lib/python3.12/site-packages/airflow/example_dags/example_sensor_decorator.py for tasks to queue
[2026-01-08T11:53:15.176+0530] {logging_mixin.py:190} INFO - [2026-01-08T11:53:15.176+0530] {dagbag.py:588} INFO - Filling up the DagBag from /home/sneha/spotify_airflow_project/venv/lib/python3.12/site-packages/airflow/example_dags/example_sensor_decorator.py
[2026-01-08T11:53:15.185+0530] {processor.py:925} INFO - DAG(s) 'example_sensor_decorator' retrieved from /home/sneha/spotify_airflow_project/venv/lib/python3.12/site-packages/airflow/example_dags/example_sensor_decorator.py
[2026-01-08T11:53:15.211+0530] {logging_mixin.py:190} INFO - [2026-01-08T11:53:15.211+0530] {dag.py:3239} INFO - Sync 1 DAGs
[2026-01-08T11:53:15.230+0530] {logging_mixin.py:190} INFO - [2026-01-08T11:53:15.230+0530] {dag.py:4180} INFO - Setting next_dagrun for example_sensor_decorator to None, run_after=None
[2026-01-08T11:53:15.259+0530] {processor.py:208} INFO - Processing /home/sneha/spotify_airflow_project/venv/lib/python3.12/site-packages/airflow/example_dags/example_sensor_decorator.py took 0.105 seconds
[2026-01-08T11:54:17.099+0530] {processor.py:186} INFO - Started process (PID=24665) to work on /home/sneha/spotify_airflow_project/venv/lib/python3.12/site-packages/airflow/example_dags/example_sensor_decorator.py
[2026-01-08T11:54:17.100+0530] {processor.py:914} INFO - Processing file /home/sneha/spotify_airflow_project/venv/lib/python3.12/site-packages/airflow/example_dags/example_sensor_decorator.py for tasks to queue
[2026-01-08T11:54:17.102+0530] {logging_mixin.py:190} INFO - [2026-01-08T11:54:17.101+0530] {dagbag.py:588} INFO - Filling up the DagBag from /home/sneha/spotify_airflow_project/venv/lib/python3.12/site-packages/airflow/example_dags/example_sensor_decorator.py
[2026-01-08T11:54:17.110+0530] {processor.py:925} INFO - DAG(s) 'example_sensor_decorator' retrieved from /home/sneha/spotify_airflow_project/venv/lib/python3.12/site-packages/airflow/example_dags/example_sensor_decorator.py
[2026-01-08T11:54:17.134+0530] {logging_mixin.py:190} INFO - [2026-01-08T11:54:17.134+0530] {dag.py:3239} INFO - Sync 1 DAGs
[2026-01-08T11:54:17.150+0530] {logging_mixin.py:190} INFO - [2026-01-08T11:54:17.150+0530] {dag.py:4180} INFO - Setting next_dagrun for example_sensor_decorator to None, run_after=None
[2026-01-08T11:54:17.176+0530] {processor.py:208} INFO - Processing /home/sneha/spotify_airflow_project/venv/lib/python3.12/site-packages/airflow/example_dags/example_sensor_decorator.py took 0.088 seconds
[2026-01-08T11:55:19.359+0530] {processor.py:186} INFO - Started process (PID=24732) to work on /home/sneha/spotify_airflow_project/venv/lib/python3.12/site-packages/airflow/example_dags/example_sensor_decorator.py
[2026-01-08T11:55:19.360+0530] {processor.py:914} INFO - Processing file /home/sneha/spotify_airflow_project/venv/lib/python3.12/site-packages/airflow/example_dags/example_sensor_decorator.py for tasks to queue
[2026-01-08T11:55:19.362+0530] {logging_mixin.py:190} INFO - [2026-01-08T11:55:19.361+0530] {dagbag.py:588} INFO - Filling up the DagBag from /home/sneha/spotify_airflow_project/venv/lib/python3.12/site-packages/airflow/example_dags/example_sensor_decorator.py
[2026-01-08T11:55:19.370+0530] {processor.py:925} INFO - DAG(s) 'example_sensor_decorator' retrieved from /home/sneha/spotify_airflow_project/venv/lib/python3.12/site-packages/airflow/example_dags/example_sensor_decorator.py
[2026-01-08T11:55:19.394+0530] {logging_mixin.py:190} INFO - [2026-01-08T11:55:19.394+0530] {dag.py:3239} INFO - Sync 1 DAGs
[2026-01-08T11:55:19.411+0530] {logging_mixin.py:190} INFO - [2026-01-08T11:55:19.411+0530] {dag.py:4180} INFO - Setting next_dagrun for example_sensor_decorator to None, run_after=None
[2026-01-08T11:55:19.439+0530] {processor.py:208} INFO - Processing /home/sneha/spotify_airflow_project/venv/lib/python3.12/site-packages/airflow/example_dags/example_sensor_decorator.py took 0.090 seconds
[2026-01-08T11:56:23.188+0530] {processor.py:186} INFO - Started process (PID=24795) to work on /home/sneha/spotify_airflow_project/venv/lib/python3.12/site-packages/airflow/example_dags/example_sensor_decorator.py
[2026-01-08T11:56:23.189+0530] {processor.py:914} INFO - Processing file /home/sneha/spotify_airflow_project/venv/lib/python3.12/site-packages/airflow/example_dags/example_sensor_decorator.py for tasks to queue
[2026-01-08T11:56:23.191+0530] {logging_mixin.py:190} INFO - [2026-01-08T11:56:23.191+0530] {dagbag.py:588} INFO - Filling up the DagBag from /home/sneha/spotify_airflow_project/venv/lib/python3.12/site-packages/airflow/example_dags/example_sensor_decorator.py
[2026-01-08T11:56:23.200+0530] {processor.py:925} INFO - DAG(s) 'example_sensor_decorator' retrieved from /home/sneha/spotify_airflow_project/venv/lib/python3.12/site-packages/airflow/example_dags/example_sensor_decorator.py
[2026-01-08T11:56:23.223+0530] {logging_mixin.py:190} INFO - [2026-01-08T11:56:23.223+0530] {dag.py:3239} INFO - Sync 1 DAGs
[2026-01-08T11:56:23.240+0530] {logging_mixin.py:190} INFO - [2026-01-08T11:56:23.239+0530] {dag.py:4180} INFO - Setting next_dagrun for example_sensor_decorator to None, run_after=None
[2026-01-08T11:56:23.266+0530] {processor.py:208} INFO - Processing /home/sneha/spotify_airflow_project/venv/lib/python3.12/site-packages/airflow/example_dags/example_sensor_decorator.py took 0.090 seconds
[2026-01-08T11:57:24.914+0530] {processor.py:186} INFO - Started process (PID=24858) to work on /home/sneha/spotify_airflow_project/venv/lib/python3.12/site-packages/airflow/example_dags/example_sensor_decorator.py
[2026-01-08T11:57:24.915+0530] {processor.py:914} INFO - Processing file /home/sneha/spotify_airflow_project/venv/lib/python3.12/site-packages/airflow/example_dags/example_sensor_decorator.py for tasks to queue
[2026-01-08T11:57:24.917+0530] {logging_mixin.py:190} INFO - [2026-01-08T11:57:24.916+0530] {dagbag.py:588} INFO - Filling up the DagBag from /home/sneha/spotify_airflow_project/venv/lib/python3.12/site-packages/airflow/example_dags/example_sensor_decorator.py
[2026-01-08T11:57:24.926+0530] {processor.py:925} INFO - DAG(s) 'example_sensor_decorator' retrieved from /home/sneha/spotify_airflow_project/venv/lib/python3.12/site-packages/airflow/example_dags/example_sensor_decorator.py
[2026-01-08T11:57:24.950+0530] {logging_mixin.py:190} INFO - [2026-01-08T11:57:24.949+0530] {dag.py:3239} INFO - Sync 1 DAGs
[2026-01-08T11:57:24.967+0530] {logging_mixin.py:190} INFO - [2026-01-08T11:57:24.967+0530] {dag.py:4180} INFO - Setting next_dagrun for example_sensor_decorator to None, run_after=None
[2026-01-08T11:57:24.995+0530] {processor.py:208} INFO - Processing /home/sneha/spotify_airflow_project/venv/lib/python3.12/site-packages/airflow/example_dags/example_sensor_decorator.py took 0.093 seconds
[2026-01-08T11:58:23.785+0530] {processor.py:186} INFO - Started process (PID=24945) to work on /home/sneha/spotify_airflow_project/venv/lib/python3.12/site-packages/airflow/example_dags/example_sensor_decorator.py
[2026-01-08T11:58:23.786+0530] {processor.py:914} INFO - Processing file /home/sneha/spotify_airflow_project/venv/lib/python3.12/site-packages/airflow/example_dags/example_sensor_decorator.py for tasks to queue
[2026-01-08T11:58:23.788+0530] {logging_mixin.py:190} INFO - [2026-01-08T11:58:23.788+0530] {dagbag.py:588} INFO - Filling up the DagBag from /home/sneha/spotify_airflow_project/venv/lib/python3.12/site-packages/airflow/example_dags/example_sensor_decorator.py
[2026-01-08T11:58:23.797+0530] {processor.py:925} INFO - DAG(s) 'example_sensor_decorator' retrieved from /home/sneha/spotify_airflow_project/venv/lib/python3.12/site-packages/airflow/example_dags/example_sensor_decorator.py
[2026-01-08T11:58:23.823+0530] {logging_mixin.py:190} INFO - [2026-01-08T11:58:23.823+0530] {dag.py:3239} INFO - Sync 1 DAGs
[2026-01-08T11:58:23.840+0530] {logging_mixin.py:190} INFO - [2026-01-08T11:58:23.840+0530] {dag.py:4180} INFO - Setting next_dagrun for example_sensor_decorator to None, run_after=None
[2026-01-08T11:58:23.869+0530] {processor.py:208} INFO - Processing /home/sneha/spotify_airflow_project/venv/lib/python3.12/site-packages/airflow/example_dags/example_sensor_decorator.py took 0.096 seconds
[2026-01-08T11:59:24.337+0530] {processor.py:186} INFO - Started process (PID=25005) to work on /home/sneha/spotify_airflow_project/venv/lib/python3.12/site-packages/airflow/example_dags/example_sensor_decorator.py
[2026-01-08T11:59:24.338+0530] {processor.py:914} INFO - Processing file /home/sneha/spotify_airflow_project/venv/lib/python3.12/site-packages/airflow/example_dags/example_sensor_decorator.py for tasks to queue
[2026-01-08T11:59:24.340+0530] {logging_mixin.py:190} INFO - [2026-01-08T11:59:24.340+0530] {dagbag.py:588} INFO - Filling up the DagBag from /home/sneha/spotify_airflow_project/venv/lib/python3.12/site-packages/airflow/example_dags/example_sensor_decorator.py
[2026-01-08T11:59:24.348+0530] {processor.py:925} INFO - DAG(s) 'example_sensor_decorator' retrieved from /home/sneha/spotify_airflow_project/venv/lib/python3.12/site-packages/airflow/example_dags/example_sensor_decorator.py
[2026-01-08T11:59:24.372+0530] {logging_mixin.py:190} INFO - [2026-01-08T11:59:24.372+0530] {dag.py:3239} INFO - Sync 1 DAGs
[2026-01-08T11:59:24.389+0530] {logging_mixin.py:190} INFO - [2026-01-08T11:59:24.389+0530] {dag.py:4180} INFO - Setting next_dagrun for example_sensor_decorator to None, run_after=None
[2026-01-08T11:59:24.416+0530] {processor.py:208} INFO - Processing /home/sneha/spotify_airflow_project/venv/lib/python3.12/site-packages/airflow/example_dags/example_sensor_decorator.py took 0.090 seconds
[2026-01-08T12:00:23.260+0530] {processor.py:186} INFO - Started process (PID=25065) to work on /home/sneha/spotify_airflow_project/venv/lib/python3.12/site-packages/airflow/example_dags/example_sensor_decorator.py
[2026-01-08T12:00:23.262+0530] {processor.py:914} INFO - Processing file /home/sneha/spotify_airflow_project/venv/lib/python3.12/site-packages/airflow/example_dags/example_sensor_decorator.py for tasks to queue
[2026-01-08T12:00:23.263+0530] {logging_mixin.py:190} INFO - [2026-01-08T12:00:23.263+0530] {dagbag.py:588} INFO - Filling up the DagBag from /home/sneha/spotify_airflow_project/venv/lib/python3.12/site-packages/airflow/example_dags/example_sensor_decorator.py
[2026-01-08T12:00:23.273+0530] {processor.py:925} INFO - DAG(s) 'example_sensor_decorator' retrieved from /home/sneha/spotify_airflow_project/venv/lib/python3.12/site-packages/airflow/example_dags/example_sensor_decorator.py
[2026-01-08T12:00:23.298+0530] {logging_mixin.py:190} INFO - [2026-01-08T12:00:23.298+0530] {dag.py:3239} INFO - Sync 1 DAGs
[2026-01-08T12:00:23.316+0530] {logging_mixin.py:190} INFO - [2026-01-08T12:00:23.316+0530] {dag.py:4180} INFO - Setting next_dagrun for example_sensor_decorator to None, run_after=None
[2026-01-08T12:00:23.345+0530] {processor.py:208} INFO - Processing /home/sneha/spotify_airflow_project/venv/lib/python3.12/site-packages/airflow/example_dags/example_sensor_decorator.py took 0.096 seconds
[2026-01-08T12:01:27.009+0530] {processor.py:186} INFO - Started process (PID=25128) to work on /home/sneha/spotify_airflow_project/venv/lib/python3.12/site-packages/airflow/example_dags/example_sensor_decorator.py
[2026-01-08T12:01:27.020+0530] {processor.py:914} INFO - Processing file /home/sneha/spotify_airflow_project/venv/lib/python3.12/site-packages/airflow/example_dags/example_sensor_decorator.py for tasks to queue
[2026-01-08T12:01:27.022+0530] {logging_mixin.py:190} INFO - [2026-01-08T12:01:27.021+0530] {dagbag.py:588} INFO - Filling up the DagBag from /home/sneha/spotify_airflow_project/venv/lib/python3.12/site-packages/airflow/example_dags/example_sensor_decorator.py
[2026-01-08T12:01:27.030+0530] {processor.py:925} INFO - DAG(s) 'example_sensor_decorator' retrieved from /home/sneha/spotify_airflow_project/venv/lib/python3.12/site-packages/airflow/example_dags/example_sensor_decorator.py
[2026-01-08T12:01:27.055+0530] {logging_mixin.py:190} INFO - [2026-01-08T12:01:27.055+0530] {dag.py:3239} INFO - Sync 1 DAGs
[2026-01-08T12:01:27.072+0530] {logging_mixin.py:190} INFO - [2026-01-08T12:01:27.072+0530] {dag.py:4180} INFO - Setting next_dagrun for example_sensor_decorator to None, run_after=None
[2026-01-08T12:01:27.100+0530] {processor.py:208} INFO - Processing /home/sneha/spotify_airflow_project/venv/lib/python3.12/site-packages/airflow/example_dags/example_sensor_decorator.py took 0.102 seconds
[2026-01-08T12:02:30.759+0530] {processor.py:186} INFO - Started process (PID=25193) to work on /home/sneha/spotify_airflow_project/venv/lib/python3.12/site-packages/airflow/example_dags/example_sensor_decorator.py
[2026-01-08T12:02:30.760+0530] {processor.py:914} INFO - Processing file /home/sneha/spotify_airflow_project/venv/lib/python3.12/site-packages/airflow/example_dags/example_sensor_decorator.py for tasks to queue
[2026-01-08T12:02:30.762+0530] {logging_mixin.py:190} INFO - [2026-01-08T12:02:30.762+0530] {dagbag.py:588} INFO - Filling up the DagBag from /home/sneha/spotify_airflow_project/venv/lib/python3.12/site-packages/airflow/example_dags/example_sensor_decorator.py
[2026-01-08T12:02:30.771+0530] {processor.py:925} INFO - DAG(s) 'example_sensor_decorator' retrieved from /home/sneha/spotify_airflow_project/venv/lib/python3.12/site-packages/airflow/example_dags/example_sensor_decorator.py
[2026-01-08T12:02:30.795+0530] {logging_mixin.py:190} INFO - [2026-01-08T12:02:30.794+0530] {dag.py:3239} INFO - Sync 1 DAGs
[2026-01-08T12:02:30.812+0530] {logging_mixin.py:190} INFO - [2026-01-08T12:02:30.812+0530] {dag.py:4180} INFO - Setting next_dagrun for example_sensor_decorator to None, run_after=None
[2026-01-08T12:02:30.839+0530] {processor.py:208} INFO - Processing /home/sneha/spotify_airflow_project/venv/lib/python3.12/site-packages/airflow/example_dags/example_sensor_decorator.py took 0.091 seconds
[2026-01-08T12:03:37.909+0530] {processor.py:186} INFO - Started process (PID=25284) to work on /home/sneha/spotify_airflow_project/venv/lib/python3.12/site-packages/airflow/example_dags/example_sensor_decorator.py
[2026-01-08T12:03:37.911+0530] {processor.py:914} INFO - Processing file /home/sneha/spotify_airflow_project/venv/lib/python3.12/site-packages/airflow/example_dags/example_sensor_decorator.py for tasks to queue
[2026-01-08T12:03:37.913+0530] {logging_mixin.py:190} INFO - [2026-01-08T12:03:37.912+0530] {dagbag.py:588} INFO - Filling up the DagBag from /home/sneha/spotify_airflow_project/venv/lib/python3.12/site-packages/airflow/example_dags/example_sensor_decorator.py
[2026-01-08T12:03:37.921+0530] {processor.py:925} INFO - DAG(s) 'example_sensor_decorator' retrieved from /home/sneha/spotify_airflow_project/venv/lib/python3.12/site-packages/airflow/example_dags/example_sensor_decorator.py
[2026-01-08T12:03:37.945+0530] {logging_mixin.py:190} INFO - [2026-01-08T12:03:37.945+0530] {dag.py:3239} INFO - Sync 1 DAGs
[2026-01-08T12:03:37.963+0530] {logging_mixin.py:190} INFO - [2026-01-08T12:03:37.962+0530] {dag.py:4180} INFO - Setting next_dagrun for example_sensor_decorator to None, run_after=None
[2026-01-08T12:03:37.991+0530] {processor.py:208} INFO - Processing /home/sneha/spotify_airflow_project/venv/lib/python3.12/site-packages/airflow/example_dags/example_sensor_decorator.py took 0.093 seconds
[2026-01-08T12:04:41.506+0530] {processor.py:186} INFO - Started process (PID=25358) to work on /home/sneha/spotify_airflow_project/venv/lib/python3.12/site-packages/airflow/example_dags/example_sensor_decorator.py
[2026-01-08T12:04:41.508+0530] {processor.py:914} INFO - Processing file /home/sneha/spotify_airflow_project/venv/lib/python3.12/site-packages/airflow/example_dags/example_sensor_decorator.py for tasks to queue
[2026-01-08T12:04:41.509+0530] {logging_mixin.py:190} INFO - [2026-01-08T12:04:41.509+0530] {dagbag.py:588} INFO - Filling up the DagBag from /home/sneha/spotify_airflow_project/venv/lib/python3.12/site-packages/airflow/example_dags/example_sensor_decorator.py
[2026-01-08T12:04:41.519+0530] {processor.py:925} INFO - DAG(s) 'example_sensor_decorator' retrieved from /home/sneha/spotify_airflow_project/venv/lib/python3.12/site-packages/airflow/example_dags/example_sensor_decorator.py
[2026-01-08T12:04:41.542+0530] {logging_mixin.py:190} INFO - [2026-01-08T12:04:41.542+0530] {dag.py:3239} INFO - Sync 1 DAGs
[2026-01-08T12:04:41.558+0530] {logging_mixin.py:190} INFO - [2026-01-08T12:04:41.558+0530] {dag.py:4180} INFO - Setting next_dagrun for example_sensor_decorator to None, run_after=None
[2026-01-08T12:04:41.587+0530] {processor.py:208} INFO - Processing /home/sneha/spotify_airflow_project/venv/lib/python3.12/site-packages/airflow/example_dags/example_sensor_decorator.py took 0.093 seconds
[2026-01-08T12:05:45.397+0530] {processor.py:186} INFO - Started process (PID=25425) to work on /home/sneha/spotify_airflow_project/venv/lib/python3.12/site-packages/airflow/example_dags/example_sensor_decorator.py
[2026-01-08T12:05:45.399+0530] {processor.py:914} INFO - Processing file /home/sneha/spotify_airflow_project/venv/lib/python3.12/site-packages/airflow/example_dags/example_sensor_decorator.py for tasks to queue
[2026-01-08T12:05:45.401+0530] {logging_mixin.py:190} INFO - [2026-01-08T12:05:45.400+0530] {dagbag.py:588} INFO - Filling up the DagBag from /home/sneha/spotify_airflow_project/venv/lib/python3.12/site-packages/airflow/example_dags/example_sensor_decorator.py
[2026-01-08T12:05:45.410+0530] {processor.py:925} INFO - DAG(s) 'example_sensor_decorator' retrieved from /home/sneha/spotify_airflow_project/venv/lib/python3.12/site-packages/airflow/example_dags/example_sensor_decorator.py
[2026-01-08T12:05:45.435+0530] {logging_mixin.py:190} INFO - [2026-01-08T12:05:45.435+0530] {dag.py:3239} INFO - Sync 1 DAGs
[2026-01-08T12:05:45.453+0530] {logging_mixin.py:190} INFO - [2026-01-08T12:05:45.453+0530] {dag.py:4180} INFO - Setting next_dagrun for example_sensor_decorator to None, run_after=None
[2026-01-08T12:05:45.480+0530] {processor.py:208} INFO - Processing /home/sneha/spotify_airflow_project/venv/lib/python3.12/site-packages/airflow/example_dags/example_sensor_decorator.py took 0.094 seconds
[2026-01-08T12:06:47.900+0530] {processor.py:186} INFO - Started process (PID=25487) to work on /home/sneha/spotify_airflow_project/venv/lib/python3.12/site-packages/airflow/example_dags/example_sensor_decorator.py
[2026-01-08T12:06:47.911+0530] {processor.py:914} INFO - Processing file /home/sneha/spotify_airflow_project/venv/lib/python3.12/site-packages/airflow/example_dags/example_sensor_decorator.py for tasks to queue
[2026-01-08T12:06:47.913+0530] {logging_mixin.py:190} INFO - [2026-01-08T12:06:47.912+0530] {dagbag.py:588} INFO - Filling up the DagBag from /home/sneha/spotify_airflow_project/venv/lib/python3.12/site-packages/airflow/example_dags/example_sensor_decorator.py
[2026-01-08T12:06:47.921+0530] {processor.py:925} INFO - DAG(s) 'example_sensor_decorator' retrieved from /home/sneha/spotify_airflow_project/venv/lib/python3.12/site-packages/airflow/example_dags/example_sensor_decorator.py
[2026-01-08T12:06:47.945+0530] {logging_mixin.py:190} INFO - [2026-01-08T12:06:47.944+0530] {dag.py:3239} INFO - Sync 1 DAGs
[2026-01-08T12:06:47.963+0530] {logging_mixin.py:190} INFO - [2026-01-08T12:06:47.962+0530] {dag.py:4180} INFO - Setting next_dagrun for example_sensor_decorator to None, run_after=None
[2026-01-08T12:06:47.990+0530] {processor.py:208} INFO - Processing /home/sneha/spotify_airflow_project/venv/lib/python3.12/site-packages/airflow/example_dags/example_sensor_decorator.py took 0.101 seconds
[2026-01-08T12:07:45.235+0530] {processor.py:186} INFO - Started process (PID=25548) to work on /home/sneha/spotify_airflow_project/venv/lib/python3.12/site-packages/airflow/example_dags/example_sensor_decorator.py
[2026-01-08T12:07:45.237+0530] {processor.py:914} INFO - Processing file /home/sneha/spotify_airflow_project/venv/lib/python3.12/site-packages/airflow/example_dags/example_sensor_decorator.py for tasks to queue
[2026-01-08T12:07:45.239+0530] {logging_mixin.py:190} INFO - [2026-01-08T12:07:45.238+0530] {dagbag.py:588} INFO - Filling up the DagBag from /home/sneha/spotify_airflow_project/venv/lib/python3.12/site-packages/airflow/example_dags/example_sensor_decorator.py
[2026-01-08T12:07:45.247+0530] {processor.py:925} INFO - DAG(s) 'example_sensor_decorator' retrieved from /home/sneha/spotify_airflow_project/venv/lib/python3.12/site-packages/airflow/example_dags/example_sensor_decorator.py
[2026-01-08T12:07:45.272+0530] {logging_mixin.py:190} INFO - [2026-01-08T12:07:45.272+0530] {dag.py:3239} INFO - Sync 1 DAGs
[2026-01-08T12:07:45.289+0530] {logging_mixin.py:190} INFO - [2026-01-08T12:07:45.289+0530] {dag.py:4180} INFO - Setting next_dagrun for example_sensor_decorator to None, run_after=None
[2026-01-08T12:07:45.318+0530] {processor.py:208} INFO - Processing /home/sneha/spotify_airflow_project/venv/lib/python3.12/site-packages/airflow/example_dags/example_sensor_decorator.py took 0.092 seconds
[2026-01-08T12:08:50.617+0530] {processor.py:186} INFO - Started process (PID=25637) to work on /home/sneha/spotify_airflow_project/venv/lib/python3.12/site-packages/airflow/example_dags/example_sensor_decorator.py
[2026-01-08T12:08:50.619+0530] {processor.py:914} INFO - Processing file /home/sneha/spotify_airflow_project/venv/lib/python3.12/site-packages/airflow/example_dags/example_sensor_decorator.py for tasks to queue
[2026-01-08T12:08:50.621+0530] {logging_mixin.py:190} INFO - [2026-01-08T12:08:50.620+0530] {dagbag.py:588} INFO - Filling up the DagBag from /home/sneha/spotify_airflow_project/venv/lib/python3.12/site-packages/airflow/example_dags/example_sensor_decorator.py
[2026-01-08T12:08:50.630+0530] {processor.py:925} INFO - DAG(s) 'example_sensor_decorator' retrieved from /home/sneha/spotify_airflow_project/venv/lib/python3.12/site-packages/airflow/example_dags/example_sensor_decorator.py
[2026-01-08T12:08:50.655+0530] {logging_mixin.py:190} INFO - [2026-01-08T12:08:50.655+0530] {dag.py:3239} INFO - Sync 1 DAGs
[2026-01-08T12:08:50.673+0530] {logging_mixin.py:190} INFO - [2026-01-08T12:08:50.672+0530] {dag.py:4180} INFO - Setting next_dagrun for example_sensor_decorator to None, run_after=None
[2026-01-08T12:08:50.706+0530] {processor.py:208} INFO - Processing /home/sneha/spotify_airflow_project/venv/lib/python3.12/site-packages/airflow/example_dags/example_sensor_decorator.py took 0.101 seconds
[2026-01-08T12:09:53.161+0530] {processor.py:186} INFO - Started process (PID=25700) to work on /home/sneha/spotify_airflow_project/venv/lib/python3.12/site-packages/airflow/example_dags/example_sensor_decorator.py
[2026-01-08T12:09:53.163+0530] {processor.py:914} INFO - Processing file /home/sneha/spotify_airflow_project/venv/lib/python3.12/site-packages/airflow/example_dags/example_sensor_decorator.py for tasks to queue
[2026-01-08T12:09:53.164+0530] {logging_mixin.py:190} INFO - [2026-01-08T12:09:53.164+0530] {dagbag.py:588} INFO - Filling up the DagBag from /home/sneha/spotify_airflow_project/venv/lib/python3.12/site-packages/airflow/example_dags/example_sensor_decorator.py
[2026-01-08T12:09:53.173+0530] {processor.py:925} INFO - DAG(s) 'example_sensor_decorator' retrieved from /home/sneha/spotify_airflow_project/venv/lib/python3.12/site-packages/airflow/example_dags/example_sensor_decorator.py
[2026-01-08T12:09:53.196+0530] {logging_mixin.py:190} INFO - [2026-01-08T12:09:53.196+0530] {dag.py:3239} INFO - Sync 1 DAGs
[2026-01-08T12:09:53.214+0530] {logging_mixin.py:190} INFO - [2026-01-08T12:09:53.214+0530] {dag.py:4180} INFO - Setting next_dagrun for example_sensor_decorator to None, run_after=None
[2026-01-08T12:09:53.243+0530] {processor.py:208} INFO - Processing /home/sneha/spotify_airflow_project/venv/lib/python3.12/site-packages/airflow/example_dags/example_sensor_decorator.py took 0.093 seconds
[2026-01-08T12:10:50.819+0530] {processor.py:186} INFO - Started process (PID=25764) to work on /home/sneha/spotify_airflow_project/venv/lib/python3.12/site-packages/airflow/example_dags/example_sensor_decorator.py
[2026-01-08T12:10:50.821+0530] {processor.py:914} INFO - Processing file /home/sneha/spotify_airflow_project/venv/lib/python3.12/site-packages/airflow/example_dags/example_sensor_decorator.py for tasks to queue
[2026-01-08T12:10:50.823+0530] {logging_mixin.py:190} INFO - [2026-01-08T12:10:50.822+0530] {dagbag.py:588} INFO - Filling up the DagBag from /home/sneha/spotify_airflow_project/venv/lib/python3.12/site-packages/airflow/example_dags/example_sensor_decorator.py
[2026-01-08T12:10:50.831+0530] {processor.py:925} INFO - DAG(s) 'example_sensor_decorator' retrieved from /home/sneha/spotify_airflow_project/venv/lib/python3.12/site-packages/airflow/example_dags/example_sensor_decorator.py
[2026-01-08T12:10:50.855+0530] {logging_mixin.py:190} INFO - [2026-01-08T12:10:50.855+0530] {dag.py:3239} INFO - Sync 1 DAGs
[2026-01-08T12:10:50.873+0530] {logging_mixin.py:190} INFO - [2026-01-08T12:10:50.873+0530] {dag.py:4180} INFO - Setting next_dagrun for example_sensor_decorator to None, run_after=None
[2026-01-08T12:10:50.901+0530] {processor.py:208} INFO - Processing /home/sneha/spotify_airflow_project/venv/lib/python3.12/site-packages/airflow/example_dags/example_sensor_decorator.py took 0.093 seconds
[2026-01-08T12:11:49.944+0530] {processor.py:186} INFO - Started process (PID=25823) to work on /home/sneha/spotify_airflow_project/venv/lib/python3.12/site-packages/airflow/example_dags/example_sensor_decorator.py
[2026-01-08T12:11:49.956+0530] {processor.py:914} INFO - Processing file /home/sneha/spotify_airflow_project/venv/lib/python3.12/site-packages/airflow/example_dags/example_sensor_decorator.py for tasks to queue
[2026-01-08T12:11:49.958+0530] {logging_mixin.py:190} INFO - [2026-01-08T12:11:49.958+0530] {dagbag.py:588} INFO - Filling up the DagBag from /home/sneha/spotify_airflow_project/venv/lib/python3.12/site-packages/airflow/example_dags/example_sensor_decorator.py
[2026-01-08T12:11:49.967+0530] {processor.py:925} INFO - DAG(s) 'example_sensor_decorator' retrieved from /home/sneha/spotify_airflow_project/venv/lib/python3.12/site-packages/airflow/example_dags/example_sensor_decorator.py
[2026-01-08T12:11:49.991+0530] {logging_mixin.py:190} INFO - [2026-01-08T12:11:49.991+0530] {dag.py:3239} INFO - Sync 1 DAGs
[2026-01-08T12:11:50.007+0530] {logging_mixin.py:190} INFO - [2026-01-08T12:11:50.007+0530] {dag.py:4180} INFO - Setting next_dagrun for example_sensor_decorator to None, run_after=None
[2026-01-08T12:11:50.034+0530] {processor.py:208} INFO - Processing /home/sneha/spotify_airflow_project/venv/lib/python3.12/site-packages/airflow/example_dags/example_sensor_decorator.py took 0.102 seconds
[2026-01-08T12:24:21.258+0530] {processor.py:186} INFO - Started process (PID=26203) to work on /home/sneha/spotify_airflow_project/venv/lib/python3.12/site-packages/airflow/example_dags/example_sensor_decorator.py
[2026-01-08T12:24:21.260+0530] {processor.py:914} INFO - Processing file /home/sneha/spotify_airflow_project/venv/lib/python3.12/site-packages/airflow/example_dags/example_sensor_decorator.py for tasks to queue
[2026-01-08T12:24:21.262+0530] {logging_mixin.py:190} INFO - [2026-01-08T12:24:21.261+0530] {dagbag.py:588} INFO - Filling up the DagBag from /home/sneha/spotify_airflow_project/venv/lib/python3.12/site-packages/airflow/example_dags/example_sensor_decorator.py
[2026-01-08T12:24:21.270+0530] {processor.py:925} INFO - DAG(s) 'example_sensor_decorator' retrieved from /home/sneha/spotify_airflow_project/venv/lib/python3.12/site-packages/airflow/example_dags/example_sensor_decorator.py
[2026-01-08T12:24:21.294+0530] {logging_mixin.py:190} INFO - [2026-01-08T12:24:21.293+0530] {dag.py:3239} INFO - Sync 1 DAGs
[2026-01-08T12:24:21.310+0530] {logging_mixin.py:190} INFO - [2026-01-08T12:24:21.310+0530] {dag.py:4180} INFO - Setting next_dagrun for example_sensor_decorator to None, run_after=None
[2026-01-08T12:24:21.338+0530] {processor.py:208} INFO - Processing /home/sneha/spotify_airflow_project/venv/lib/python3.12/site-packages/airflow/example_dags/example_sensor_decorator.py took 0.091 seconds
[2026-01-08T12:25:26.579+0530] {processor.py:186} INFO - Started process (PID=26300) to work on /home/sneha/spotify_airflow_project/venv/lib/python3.12/site-packages/airflow/example_dags/example_sensor_decorator.py
[2026-01-08T12:25:26.580+0530] {processor.py:914} INFO - Processing file /home/sneha/spotify_airflow_project/venv/lib/python3.12/site-packages/airflow/example_dags/example_sensor_decorator.py for tasks to queue
[2026-01-08T12:25:26.582+0530] {logging_mixin.py:190} INFO - [2026-01-08T12:25:26.581+0530] {dagbag.py:588} INFO - Filling up the DagBag from /home/sneha/spotify_airflow_project/venv/lib/python3.12/site-packages/airflow/example_dags/example_sensor_decorator.py
[2026-01-08T12:25:26.590+0530] {processor.py:925} INFO - DAG(s) 'example_sensor_decorator' retrieved from /home/sneha/spotify_airflow_project/venv/lib/python3.12/site-packages/airflow/example_dags/example_sensor_decorator.py
[2026-01-08T12:25:26.614+0530] {logging_mixin.py:190} INFO - [2026-01-08T12:25:26.614+0530] {dag.py:3239} INFO - Sync 1 DAGs
[2026-01-08T12:25:26.631+0530] {logging_mixin.py:190} INFO - [2026-01-08T12:25:26.630+0530] {dag.py:4180} INFO - Setting next_dagrun for example_sensor_decorator to None, run_after=None
[2026-01-08T12:25:26.658+0530] {processor.py:208} INFO - Processing /home/sneha/spotify_airflow_project/venv/lib/python3.12/site-packages/airflow/example_dags/example_sensor_decorator.py took 0.091 seconds
[2026-01-08T12:26:31.588+0530] {processor.py:186} INFO - Started process (PID=26366) to work on /home/sneha/spotify_airflow_project/venv/lib/python3.12/site-packages/airflow/example_dags/example_sensor_decorator.py
[2026-01-08T12:26:31.590+0530] {processor.py:914} INFO - Processing file /home/sneha/spotify_airflow_project/venv/lib/python3.12/site-packages/airflow/example_dags/example_sensor_decorator.py for tasks to queue
[2026-01-08T12:26:31.592+0530] {logging_mixin.py:190} INFO - [2026-01-08T12:26:31.591+0530] {dagbag.py:588} INFO - Filling up the DagBag from /home/sneha/spotify_airflow_project/venv/lib/python3.12/site-packages/airflow/example_dags/example_sensor_decorator.py
[2026-01-08T12:26:31.601+0530] {processor.py:925} INFO - DAG(s) 'example_sensor_decorator' retrieved from /home/sneha/spotify_airflow_project/venv/lib/python3.12/site-packages/airflow/example_dags/example_sensor_decorator.py
[2026-01-08T12:26:31.626+0530] {logging_mixin.py:190} INFO - [2026-01-08T12:26:31.625+0530] {dag.py:3239} INFO - Sync 1 DAGs
[2026-01-08T12:26:31.644+0530] {logging_mixin.py:190} INFO - [2026-01-08T12:26:31.643+0530] {dag.py:4180} INFO - Setting next_dagrun for example_sensor_decorator to None, run_after=None
[2026-01-08T12:26:31.672+0530] {processor.py:208} INFO - Processing /home/sneha/spotify_airflow_project/venv/lib/python3.12/site-packages/airflow/example_dags/example_sensor_decorator.py took 0.096 seconds
[2026-01-08T12:27:34.209+0530] {processor.py:186} INFO - Started process (PID=26428) to work on /home/sneha/spotify_airflow_project/venv/lib/python3.12/site-packages/airflow/example_dags/example_sensor_decorator.py
[2026-01-08T12:27:34.210+0530] {processor.py:914} INFO - Processing file /home/sneha/spotify_airflow_project/venv/lib/python3.12/site-packages/airflow/example_dags/example_sensor_decorator.py for tasks to queue
[2026-01-08T12:27:34.213+0530] {logging_mixin.py:190} INFO - [2026-01-08T12:27:34.212+0530] {dagbag.py:588} INFO - Filling up the DagBag from /home/sneha/spotify_airflow_project/venv/lib/python3.12/site-packages/airflow/example_dags/example_sensor_decorator.py
[2026-01-08T12:27:34.222+0530] {processor.py:925} INFO - DAG(s) 'example_sensor_decorator' retrieved from /home/sneha/spotify_airflow_project/venv/lib/python3.12/site-packages/airflow/example_dags/example_sensor_decorator.py
[2026-01-08T12:27:34.246+0530] {logging_mixin.py:190} INFO - [2026-01-08T12:27:34.246+0530] {dag.py:3239} INFO - Sync 1 DAGs
[2026-01-08T12:27:34.263+0530] {logging_mixin.py:190} INFO - [2026-01-08T12:27:34.263+0530] {dag.py:4180} INFO - Setting next_dagrun for example_sensor_decorator to None, run_after=None
[2026-01-08T12:27:34.291+0530] {processor.py:208} INFO - Processing /home/sneha/spotify_airflow_project/venv/lib/python3.12/site-packages/airflow/example_dags/example_sensor_decorator.py took 0.095 seconds
[2026-01-08T12:28:35.099+0530] {processor.py:186} INFO - Started process (PID=26488) to work on /home/sneha/spotify_airflow_project/venv/lib/python3.12/site-packages/airflow/example_dags/example_sensor_decorator.py
[2026-01-08T12:28:35.101+0530] {processor.py:914} INFO - Processing file /home/sneha/spotify_airflow_project/venv/lib/python3.12/site-packages/airflow/example_dags/example_sensor_decorator.py for tasks to queue
[2026-01-08T12:28:35.103+0530] {logging_mixin.py:190} INFO - [2026-01-08T12:28:35.102+0530] {dagbag.py:588} INFO - Filling up the DagBag from /home/sneha/spotify_airflow_project/venv/lib/python3.12/site-packages/airflow/example_dags/example_sensor_decorator.py
[2026-01-08T12:28:35.112+0530] {processor.py:925} INFO - DAG(s) 'example_sensor_decorator' retrieved from /home/sneha/spotify_airflow_project/venv/lib/python3.12/site-packages/airflow/example_dags/example_sensor_decorator.py
[2026-01-08T12:28:35.137+0530] {logging_mixin.py:190} INFO - [2026-01-08T12:28:35.137+0530] {dag.py:3239} INFO - Sync 1 DAGs
[2026-01-08T12:28:35.154+0530] {logging_mixin.py:190} INFO - [2026-01-08T12:28:35.153+0530] {dag.py:4180} INFO - Setting next_dagrun for example_sensor_decorator to None, run_after=None
[2026-01-08T12:28:35.181+0530] {processor.py:208} INFO - Processing /home/sneha/spotify_airflow_project/venv/lib/python3.12/site-packages/airflow/example_dags/example_sensor_decorator.py took 0.094 seconds
[2026-01-08T12:29:40.207+0530] {processor.py:186} INFO - Started process (PID=26555) to work on /home/sneha/spotify_airflow_project/venv/lib/python3.12/site-packages/airflow/example_dags/example_sensor_decorator.py
[2026-01-08T12:29:40.209+0530] {processor.py:914} INFO - Processing file /home/sneha/spotify_airflow_project/venv/lib/python3.12/site-packages/airflow/example_dags/example_sensor_decorator.py for tasks to queue
[2026-01-08T12:29:40.211+0530] {logging_mixin.py:190} INFO - [2026-01-08T12:29:40.210+0530] {dagbag.py:588} INFO - Filling up the DagBag from /home/sneha/spotify_airflow_project/venv/lib/python3.12/site-packages/airflow/example_dags/example_sensor_decorator.py
[2026-01-08T12:29:40.219+0530] {processor.py:925} INFO - DAG(s) 'example_sensor_decorator' retrieved from /home/sneha/spotify_airflow_project/venv/lib/python3.12/site-packages/airflow/example_dags/example_sensor_decorator.py
[2026-01-08T12:29:40.244+0530] {logging_mixin.py:190} INFO - [2026-01-08T12:29:40.244+0530] {dag.py:3239} INFO - Sync 1 DAGs
[2026-01-08T12:29:40.261+0530] {logging_mixin.py:190} INFO - [2026-01-08T12:29:40.261+0530] {dag.py:4180} INFO - Setting next_dagrun for example_sensor_decorator to None, run_after=None
[2026-01-08T12:29:40.289+0530] {processor.py:208} INFO - Processing /home/sneha/spotify_airflow_project/venv/lib/python3.12/site-packages/airflow/example_dags/example_sensor_decorator.py took 0.093 seconds
[2026-01-08T12:32:10.382+0530] {processor.py:186} INFO - Started process (PID=31205) to work on /home/sneha/spotify_airflow_project/venv/lib/python3.12/site-packages/airflow/example_dags/example_sensor_decorator.py
[2026-01-08T12:32:10.384+0530] {processor.py:914} INFO - Processing file /home/sneha/spotify_airflow_project/venv/lib/python3.12/site-packages/airflow/example_dags/example_sensor_decorator.py for tasks to queue
[2026-01-08T12:32:10.386+0530] {logging_mixin.py:190} INFO - [2026-01-08T12:32:10.385+0530] {dagbag.py:588} INFO - Filling up the DagBag from /home/sneha/spotify_airflow_project/venv/lib/python3.12/site-packages/airflow/example_dags/example_sensor_decorator.py
[2026-01-08T12:32:10.394+0530] {processor.py:925} INFO - DAG(s) 'example_sensor_decorator' retrieved from /home/sneha/spotify_airflow_project/venv/lib/python3.12/site-packages/airflow/example_dags/example_sensor_decorator.py
[2026-01-08T12:32:10.420+0530] {logging_mixin.py:190} INFO - [2026-01-08T12:32:10.420+0530] {dag.py:3239} INFO - Sync 1 DAGs
[2026-01-08T12:32:10.444+0530] {logging_mixin.py:190} INFO - [2026-01-08T12:32:10.444+0530] {dag.py:4180} INFO - Setting next_dagrun for example_sensor_decorator to None, run_after=None
[2026-01-08T12:32:10.469+0530] {processor.py:208} INFO - Processing /home/sneha/spotify_airflow_project/venv/lib/python3.12/site-packages/airflow/example_dags/example_sensor_decorator.py took 0.098 seconds
[2026-01-08T12:33:11.228+0530] {processor.py:186} INFO - Started process (PID=31266) to work on /home/sneha/spotify_airflow_project/venv/lib/python3.12/site-packages/airflow/example_dags/example_sensor_decorator.py
[2026-01-08T12:33:11.229+0530] {processor.py:914} INFO - Processing file /home/sneha/spotify_airflow_project/venv/lib/python3.12/site-packages/airflow/example_dags/example_sensor_decorator.py for tasks to queue
[2026-01-08T12:33:11.231+0530] {logging_mixin.py:190} INFO - [2026-01-08T12:33:11.230+0530] {dagbag.py:588} INFO - Filling up the DagBag from /home/sneha/spotify_airflow_project/venv/lib/python3.12/site-packages/airflow/example_dags/example_sensor_decorator.py
[2026-01-08T12:33:11.239+0530] {processor.py:925} INFO - DAG(s) 'example_sensor_decorator' retrieved from /home/sneha/spotify_airflow_project/venv/lib/python3.12/site-packages/airflow/example_dags/example_sensor_decorator.py
[2026-01-08T12:33:11.262+0530] {logging_mixin.py:190} INFO - [2026-01-08T12:33:11.262+0530] {dag.py:3239} INFO - Sync 1 DAGs
[2026-01-08T12:33:11.279+0530] {logging_mixin.py:190} INFO - [2026-01-08T12:33:11.278+0530] {dag.py:4180} INFO - Setting next_dagrun for example_sensor_decorator to None, run_after=None
[2026-01-08T12:33:11.307+0530] {processor.py:208} INFO - Processing /home/sneha/spotify_airflow_project/venv/lib/python3.12/site-packages/airflow/example_dags/example_sensor_decorator.py took 0.090 seconds
[2026-01-08T12:34:13.771+0530] {processor.py:186} INFO - Started process (PID=31328) to work on /home/sneha/spotify_airflow_project/venv/lib/python3.12/site-packages/airflow/example_dags/example_sensor_decorator.py
[2026-01-08T12:34:13.773+0530] {processor.py:914} INFO - Processing file /home/sneha/spotify_airflow_project/venv/lib/python3.12/site-packages/airflow/example_dags/example_sensor_decorator.py for tasks to queue
[2026-01-08T12:34:13.775+0530] {logging_mixin.py:190} INFO - [2026-01-08T12:34:13.774+0530] {dagbag.py:588} INFO - Filling up the DagBag from /home/sneha/spotify_airflow_project/venv/lib/python3.12/site-packages/airflow/example_dags/example_sensor_decorator.py
[2026-01-08T12:34:13.784+0530] {processor.py:925} INFO - DAG(s) 'example_sensor_decorator' retrieved from /home/sneha/spotify_airflow_project/venv/lib/python3.12/site-packages/airflow/example_dags/example_sensor_decorator.py
[2026-01-08T12:34:13.810+0530] {logging_mixin.py:190} INFO - [2026-01-08T12:34:13.810+0530] {dag.py:3239} INFO - Sync 1 DAGs
[2026-01-08T12:34:13.828+0530] {logging_mixin.py:190} INFO - [2026-01-08T12:34:13.828+0530] {dag.py:4180} INFO - Setting next_dagrun for example_sensor_decorator to None, run_after=None
[2026-01-08T12:34:13.857+0530] {processor.py:208} INFO - Processing /home/sneha/spotify_airflow_project/venv/lib/python3.12/site-packages/airflow/example_dags/example_sensor_decorator.py took 0.098 seconds
[2026-01-08T12:35:12.962+0530] {processor.py:186} INFO - Started process (PID=31420) to work on /home/sneha/spotify_airflow_project/venv/lib/python3.12/site-packages/airflow/example_dags/example_sensor_decorator.py
[2026-01-08T12:35:12.963+0530] {processor.py:914} INFO - Processing file /home/sneha/spotify_airflow_project/venv/lib/python3.12/site-packages/airflow/example_dags/example_sensor_decorator.py for tasks to queue
[2026-01-08T12:35:12.965+0530] {logging_mixin.py:190} INFO - [2026-01-08T12:35:12.964+0530] {dagbag.py:588} INFO - Filling up the DagBag from /home/sneha/spotify_airflow_project/venv/lib/python3.12/site-packages/airflow/example_dags/example_sensor_decorator.py
[2026-01-08T12:35:12.973+0530] {processor.py:925} INFO - DAG(s) 'example_sensor_decorator' retrieved from /home/sneha/spotify_airflow_project/venv/lib/python3.12/site-packages/airflow/example_dags/example_sensor_decorator.py
[2026-01-08T12:35:12.998+0530] {logging_mixin.py:190} INFO - [2026-01-08T12:35:12.998+0530] {dag.py:3239} INFO - Sync 1 DAGs
[2026-01-08T12:35:13.016+0530] {logging_mixin.py:190} INFO - [2026-01-08T12:35:13.016+0530] {dag.py:4180} INFO - Setting next_dagrun for example_sensor_decorator to None, run_after=None
[2026-01-08T12:35:13.044+0530] {processor.py:208} INFO - Processing /home/sneha/spotify_airflow_project/venv/lib/python3.12/site-packages/airflow/example_dags/example_sensor_decorator.py took 0.091 seconds
[2026-01-08T12:36:13.963+0530] {processor.py:186} INFO - Started process (PID=31481) to work on /home/sneha/spotify_airflow_project/venv/lib/python3.12/site-packages/airflow/example_dags/example_sensor_decorator.py
[2026-01-08T12:36:13.964+0530] {processor.py:914} INFO - Processing file /home/sneha/spotify_airflow_project/venv/lib/python3.12/site-packages/airflow/example_dags/example_sensor_decorator.py for tasks to queue
[2026-01-08T12:36:13.966+0530] {logging_mixin.py:190} INFO - [2026-01-08T12:36:13.965+0530] {dagbag.py:588} INFO - Filling up the DagBag from /home/sneha/spotify_airflow_project/venv/lib/python3.12/site-packages/airflow/example_dags/example_sensor_decorator.py
[2026-01-08T12:36:13.974+0530] {processor.py:925} INFO - DAG(s) 'example_sensor_decorator' retrieved from /home/sneha/spotify_airflow_project/venv/lib/python3.12/site-packages/airflow/example_dags/example_sensor_decorator.py
[2026-01-08T12:36:13.998+0530] {logging_mixin.py:190} INFO - [2026-01-08T12:36:13.998+0530] {dag.py:3239} INFO - Sync 1 DAGs
[2026-01-08T12:36:14.016+0530] {logging_mixin.py:190} INFO - [2026-01-08T12:36:14.015+0530] {dag.py:4180} INFO - Setting next_dagrun for example_sensor_decorator to None, run_after=None
[2026-01-08T12:36:14.045+0530] {processor.py:208} INFO - Processing /home/sneha/spotify_airflow_project/venv/lib/python3.12/site-packages/airflow/example_dags/example_sensor_decorator.py took 0.093 seconds
[2026-01-08T12:37:16.239+0530] {processor.py:186} INFO - Started process (PID=31543) to work on /home/sneha/spotify_airflow_project/venv/lib/python3.12/site-packages/airflow/example_dags/example_sensor_decorator.py
[2026-01-08T12:37:16.241+0530] {processor.py:914} INFO - Processing file /home/sneha/spotify_airflow_project/venv/lib/python3.12/site-packages/airflow/example_dags/example_sensor_decorator.py for tasks to queue
[2026-01-08T12:37:16.244+0530] {logging_mixin.py:190} INFO - [2026-01-08T12:37:16.242+0530] {dagbag.py:588} INFO - Filling up the DagBag from /home/sneha/spotify_airflow_project/venv/lib/python3.12/site-packages/airflow/example_dags/example_sensor_decorator.py
[2026-01-08T12:37:16.255+0530] {processor.py:925} INFO - DAG(s) 'example_sensor_decorator' retrieved from /home/sneha/spotify_airflow_project/venv/lib/python3.12/site-packages/airflow/example_dags/example_sensor_decorator.py
[2026-01-08T12:37:16.291+0530] {logging_mixin.py:190} INFO - [2026-01-08T12:37:16.290+0530] {dag.py:3239} INFO - Sync 1 DAGs
[2026-01-08T12:37:16.314+0530] {logging_mixin.py:190} INFO - [2026-01-08T12:37:16.313+0530] {dag.py:4180} INFO - Setting next_dagrun for example_sensor_decorator to None, run_after=None
[2026-01-08T12:37:16.344+0530] {processor.py:208} INFO - Processing /home/sneha/spotify_airflow_project/venv/lib/python3.12/site-packages/airflow/example_dags/example_sensor_decorator.py took 0.118 seconds
[2026-01-08T12:38:21.066+0530] {processor.py:186} INFO - Started process (PID=31605) to work on /home/sneha/spotify_airflow_project/venv/lib/python3.12/site-packages/airflow/example_dags/example_sensor_decorator.py
[2026-01-08T12:38:21.068+0530] {processor.py:914} INFO - Processing file /home/sneha/spotify_airflow_project/venv/lib/python3.12/site-packages/airflow/example_dags/example_sensor_decorator.py for tasks to queue
[2026-01-08T12:38:21.070+0530] {logging_mixin.py:190} INFO - [2026-01-08T12:38:21.069+0530] {dagbag.py:588} INFO - Filling up the DagBag from /home/sneha/spotify_airflow_project/venv/lib/python3.12/site-packages/airflow/example_dags/example_sensor_decorator.py
[2026-01-08T12:38:21.078+0530] {processor.py:925} INFO - DAG(s) 'example_sensor_decorator' retrieved from /home/sneha/spotify_airflow_project/venv/lib/python3.12/site-packages/airflow/example_dags/example_sensor_decorator.py
[2026-01-08T12:38:21.101+0530] {logging_mixin.py:190} INFO - [2026-01-08T12:38:21.101+0530] {dag.py:3239} INFO - Sync 1 DAGs
[2026-01-08T12:38:21.118+0530] {logging_mixin.py:190} INFO - [2026-01-08T12:38:21.118+0530] {dag.py:4180} INFO - Setting next_dagrun for example_sensor_decorator to None, run_after=None
[2026-01-08T12:38:21.145+0530] {processor.py:208} INFO - Processing /home/sneha/spotify_airflow_project/venv/lib/python3.12/site-packages/airflow/example_dags/example_sensor_decorator.py took 0.091 seconds
[2026-01-08T12:39:30.234+0530] {processor.py:186} INFO - Started process (PID=31668) to work on /home/sneha/spotify_airflow_project/venv/lib/python3.12/site-packages/airflow/example_dags/example_sensor_decorator.py
[2026-01-08T12:39:30.235+0530] {processor.py:914} INFO - Processing file /home/sneha/spotify_airflow_project/venv/lib/python3.12/site-packages/airflow/example_dags/example_sensor_decorator.py for tasks to queue
[2026-01-08T12:39:30.237+0530] {logging_mixin.py:190} INFO - [2026-01-08T12:39:30.237+0530] {dagbag.py:588} INFO - Filling up the DagBag from /home/sneha/spotify_airflow_project/venv/lib/python3.12/site-packages/airflow/example_dags/example_sensor_decorator.py
[2026-01-08T12:39:30.245+0530] {processor.py:925} INFO - DAG(s) 'example_sensor_decorator' retrieved from /home/sneha/spotify_airflow_project/venv/lib/python3.12/site-packages/airflow/example_dags/example_sensor_decorator.py
[2026-01-08T12:39:30.270+0530] {logging_mixin.py:190} INFO - [2026-01-08T12:39:30.269+0530] {dag.py:3239} INFO - Sync 1 DAGs
[2026-01-08T12:39:30.286+0530] {logging_mixin.py:190} INFO - [2026-01-08T12:39:30.285+0530] {dag.py:4180} INFO - Setting next_dagrun for example_sensor_decorator to None, run_after=None
[2026-01-08T12:39:30.313+0530] {processor.py:208} INFO - Processing /home/sneha/spotify_airflow_project/venv/lib/python3.12/site-packages/airflow/example_dags/example_sensor_decorator.py took 0.090 seconds
[2026-01-08T12:40:27.380+0530] {processor.py:186} INFO - Started process (PID=31757) to work on /home/sneha/spotify_airflow_project/venv/lib/python3.12/site-packages/airflow/example_dags/example_sensor_decorator.py
[2026-01-08T12:40:27.392+0530] {processor.py:914} INFO - Processing file /home/sneha/spotify_airflow_project/venv/lib/python3.12/site-packages/airflow/example_dags/example_sensor_decorator.py for tasks to queue
[2026-01-08T12:40:27.394+0530] {logging_mixin.py:190} INFO - [2026-01-08T12:40:27.393+0530] {dagbag.py:588} INFO - Filling up the DagBag from /home/sneha/spotify_airflow_project/venv/lib/python3.12/site-packages/airflow/example_dags/example_sensor_decorator.py
[2026-01-08T12:40:27.402+0530] {processor.py:925} INFO - DAG(s) 'example_sensor_decorator' retrieved from /home/sneha/spotify_airflow_project/venv/lib/python3.12/site-packages/airflow/example_dags/example_sensor_decorator.py
[2026-01-08T12:40:27.426+0530] {logging_mixin.py:190} INFO - [2026-01-08T12:40:27.426+0530] {dag.py:3239} INFO - Sync 1 DAGs
[2026-01-08T12:40:27.442+0530] {logging_mixin.py:190} INFO - [2026-01-08T12:40:27.442+0530] {dag.py:4180} INFO - Setting next_dagrun for example_sensor_decorator to None, run_after=None
[2026-01-08T12:40:27.470+0530] {processor.py:208} INFO - Processing /home/sneha/spotify_airflow_project/venv/lib/python3.12/site-packages/airflow/example_dags/example_sensor_decorator.py took 0.102 seconds
[2026-01-08T12:41:35.905+0530] {processor.py:186} INFO - Started process (PID=31824) to work on /home/sneha/spotify_airflow_project/venv/lib/python3.12/site-packages/airflow/example_dags/example_sensor_decorator.py
[2026-01-08T12:41:35.907+0530] {processor.py:914} INFO - Processing file /home/sneha/spotify_airflow_project/venv/lib/python3.12/site-packages/airflow/example_dags/example_sensor_decorator.py for tasks to queue
[2026-01-08T12:41:35.909+0530] {logging_mixin.py:190} INFO - [2026-01-08T12:41:35.908+0530] {dagbag.py:588} INFO - Filling up the DagBag from /home/sneha/spotify_airflow_project/venv/lib/python3.12/site-packages/airflow/example_dags/example_sensor_decorator.py
[2026-01-08T12:41:35.918+0530] {processor.py:925} INFO - DAG(s) 'example_sensor_decorator' retrieved from /home/sneha/spotify_airflow_project/venv/lib/python3.12/site-packages/airflow/example_dags/example_sensor_decorator.py
[2026-01-08T12:41:35.944+0530] {logging_mixin.py:190} INFO - [2026-01-08T12:41:35.943+0530] {dag.py:3239} INFO - Sync 1 DAGs
[2026-01-08T12:41:35.962+0530] {logging_mixin.py:190} INFO - [2026-01-08T12:41:35.961+0530] {dag.py:4180} INFO - Setting next_dagrun for example_sensor_decorator to None, run_after=None
[2026-01-08T12:41:35.989+0530] {processor.py:208} INFO - Processing /home/sneha/spotify_airflow_project/venv/lib/python3.12/site-packages/airflow/example_dags/example_sensor_decorator.py took 0.096 seconds
[2026-01-08T12:42:44.889+0530] {processor.py:186} INFO - Started process (PID=31889) to work on /home/sneha/spotify_airflow_project/venv/lib/python3.12/site-packages/airflow/example_dags/example_sensor_decorator.py
[2026-01-08T12:42:44.890+0530] {processor.py:914} INFO - Processing file /home/sneha/spotify_airflow_project/venv/lib/python3.12/site-packages/airflow/example_dags/example_sensor_decorator.py for tasks to queue
[2026-01-08T12:42:44.892+0530] {logging_mixin.py:190} INFO - [2026-01-08T12:42:44.892+0530] {dagbag.py:588} INFO - Filling up the DagBag from /home/sneha/spotify_airflow_project/venv/lib/python3.12/site-packages/airflow/example_dags/example_sensor_decorator.py
[2026-01-08T12:42:44.901+0530] {processor.py:925} INFO - DAG(s) 'example_sensor_decorator' retrieved from /home/sneha/spotify_airflow_project/venv/lib/python3.12/site-packages/airflow/example_dags/example_sensor_decorator.py
[2026-01-08T12:42:44.928+0530] {logging_mixin.py:190} INFO - [2026-01-08T12:42:44.927+0530] {dag.py:3239} INFO - Sync 1 DAGs
[2026-01-08T12:42:44.946+0530] {logging_mixin.py:190} INFO - [2026-01-08T12:42:44.946+0530] {dag.py:4180} INFO - Setting next_dagrun for example_sensor_decorator to None, run_after=None
[2026-01-08T12:42:44.973+0530] {processor.py:208} INFO - Processing /home/sneha/spotify_airflow_project/venv/lib/python3.12/site-packages/airflow/example_dags/example_sensor_decorator.py took 0.096 seconds
[2026-01-08T12:43:57.560+0530] {processor.py:186} INFO - Started process (PID=31954) to work on /home/sneha/spotify_airflow_project/venv/lib/python3.12/site-packages/airflow/example_dags/example_sensor_decorator.py
[2026-01-08T12:43:57.561+0530] {processor.py:914} INFO - Processing file /home/sneha/spotify_airflow_project/venv/lib/python3.12/site-packages/airflow/example_dags/example_sensor_decorator.py for tasks to queue
[2026-01-08T12:43:57.563+0530] {logging_mixin.py:190} INFO - [2026-01-08T12:43:57.562+0530] {dagbag.py:588} INFO - Filling up the DagBag from /home/sneha/spotify_airflow_project/venv/lib/python3.12/site-packages/airflow/example_dags/example_sensor_decorator.py
[2026-01-08T12:43:57.571+0530] {processor.py:925} INFO - DAG(s) 'example_sensor_decorator' retrieved from /home/sneha/spotify_airflow_project/venv/lib/python3.12/site-packages/airflow/example_dags/example_sensor_decorator.py
[2026-01-08T12:43:57.598+0530] {logging_mixin.py:190} INFO - [2026-01-08T12:43:57.597+0530] {dag.py:3239} INFO - Sync 1 DAGs
[2026-01-08T12:43:57.823+0530] {logging_mixin.py:190} INFO - [2026-01-08T12:43:57.822+0530] {dag.py:4180} INFO - Setting next_dagrun for example_sensor_decorator to None, run_after=None
[2026-01-08T12:43:57.846+0530] {processor.py:208} INFO - Processing /home/sneha/spotify_airflow_project/venv/lib/python3.12/site-packages/airflow/example_dags/example_sensor_decorator.py took 0.298 seconds
[2026-01-08T12:45:14.265+0530] {processor.py:186} INFO - Started process (PID=32055) to work on /home/sneha/spotify_airflow_project/venv/lib/python3.12/site-packages/airflow/example_dags/example_sensor_decorator.py
[2026-01-08T12:45:14.266+0530] {processor.py:914} INFO - Processing file /home/sneha/spotify_airflow_project/venv/lib/python3.12/site-packages/airflow/example_dags/example_sensor_decorator.py for tasks to queue
[2026-01-08T12:45:14.268+0530] {logging_mixin.py:190} INFO - [2026-01-08T12:45:14.267+0530] {dagbag.py:588} INFO - Filling up the DagBag from /home/sneha/spotify_airflow_project/venv/lib/python3.12/site-packages/airflow/example_dags/example_sensor_decorator.py
[2026-01-08T12:45:14.277+0530] {processor.py:925} INFO - DAG(s) 'example_sensor_decorator' retrieved from /home/sneha/spotify_airflow_project/venv/lib/python3.12/site-packages/airflow/example_dags/example_sensor_decorator.py
[2026-01-08T12:45:14.302+0530] {logging_mixin.py:190} INFO - [2026-01-08T12:45:14.302+0530] {dag.py:3239} INFO - Sync 1 DAGs
[2026-01-08T12:45:14.320+0530] {logging_mixin.py:190} INFO - [2026-01-08T12:45:14.320+0530] {dag.py:4180} INFO - Setting next_dagrun for example_sensor_decorator to None, run_after=None
[2026-01-08T12:45:14.349+0530] {processor.py:208} INFO - Processing /home/sneha/spotify_airflow_project/venv/lib/python3.12/site-packages/airflow/example_dags/example_sensor_decorator.py took 0.096 seconds
[2026-01-08T12:46:55.926+0530] {processor.py:186} INFO - Started process (PID=32293) to work on /home/sneha/spotify_airflow_project/venv/lib/python3.12/site-packages/airflow/example_dags/example_sensor_decorator.py
[2026-01-08T12:46:55.928+0530] {processor.py:914} INFO - Processing file /home/sneha/spotify_airflow_project/venv/lib/python3.12/site-packages/airflow/example_dags/example_sensor_decorator.py for tasks to queue
[2026-01-08T12:46:55.929+0530] {logging_mixin.py:190} INFO - [2026-01-08T12:46:55.929+0530] {dagbag.py:588} INFO - Filling up the DagBag from /home/sneha/spotify_airflow_project/venv/lib/python3.12/site-packages/airflow/example_dags/example_sensor_decorator.py
[2026-01-08T12:46:55.938+0530] {processor.py:925} INFO - DAG(s) 'example_sensor_decorator' retrieved from /home/sneha/spotify_airflow_project/venv/lib/python3.12/site-packages/airflow/example_dags/example_sensor_decorator.py
[2026-01-08T12:46:55.962+0530] {logging_mixin.py:190} INFO - [2026-01-08T12:46:55.961+0530] {dag.py:3239} INFO - Sync 1 DAGs
[2026-01-08T12:46:55.978+0530] {logging_mixin.py:190} INFO - [2026-01-08T12:46:55.977+0530] {dag.py:4180} INFO - Setting next_dagrun for example_sensor_decorator to None, run_after=None
[2026-01-08T12:46:56.003+0530] {processor.py:208} INFO - Processing /home/sneha/spotify_airflow_project/venv/lib/python3.12/site-packages/airflow/example_dags/example_sensor_decorator.py took 0.085 seconds
