[2026-01-08T11:19:38.256+0530] {processor.py:186} INFO - Started process (PID=12331) to work on /home/sneha/spotify_airflow_project/venv/lib/python3.12/site-packages/airflow/example_dags/example_branch_labels.py
[2026-01-08T11:19:38.258+0530] {processor.py:914} INFO - Processing file /home/sneha/spotify_airflow_project/venv/lib/python3.12/site-packages/airflow/example_dags/example_branch_labels.py for tasks to queue
[2026-01-08T11:19:38.259+0530] {logging_mixin.py:190} INFO - [2026-01-08T11:19:38.259+0530] {dagbag.py:588} INFO - Filling up the DagBag from /home/sneha/spotify_airflow_project/venv/lib/python3.12/site-packages/airflow/example_dags/example_branch_labels.py
[2026-01-08T11:19:38.271+0530] {processor.py:925} INFO - DAG(s) 'example_branch_labels' retrieved from /home/sneha/spotify_airflow_project/venv/lib/python3.12/site-packages/airflow/example_dags/example_branch_labels.py
[2026-01-08T11:19:38.297+0530] {logging_mixin.py:190} INFO - [2026-01-08T11:19:38.297+0530] {dag.py:3239} INFO - Sync 1 DAGs
[2026-01-08T11:19:38.324+0530] {logging_mixin.py:190} INFO - [2026-01-08T11:19:38.323+0530] {dag.py:4180} INFO - Setting next_dagrun for example_branch_labels to 2026-01-07 00:00:00+00:00, run_after=2026-01-08 00:00:00+00:00
[2026-01-08T11:19:38.350+0530] {processor.py:208} INFO - Processing /home/sneha/spotify_airflow_project/venv/lib/python3.12/site-packages/airflow/example_dags/example_branch_labels.py took 0.105 seconds
[2026-01-08T11:20:42.125+0530] {processor.py:186} INFO - Started process (PID=12398) to work on /home/sneha/spotify_airflow_project/venv/lib/python3.12/site-packages/airflow/example_dags/example_branch_labels.py
[2026-01-08T11:20:42.127+0530] {processor.py:914} INFO - Processing file /home/sneha/spotify_airflow_project/venv/lib/python3.12/site-packages/airflow/example_dags/example_branch_labels.py for tasks to queue
[2026-01-08T11:20:42.130+0530] {logging_mixin.py:190} INFO - [2026-01-08T11:20:42.129+0530] {dagbag.py:588} INFO - Filling up the DagBag from /home/sneha/spotify_airflow_project/venv/lib/python3.12/site-packages/airflow/example_dags/example_branch_labels.py
[2026-01-08T11:20:42.140+0530] {processor.py:925} INFO - DAG(s) 'example_branch_labels' retrieved from /home/sneha/spotify_airflow_project/venv/lib/python3.12/site-packages/airflow/example_dags/example_branch_labels.py
[2026-01-08T11:20:42.166+0530] {logging_mixin.py:190} INFO - [2026-01-08T11:20:42.165+0530] {dag.py:3239} INFO - Sync 1 DAGs
[2026-01-08T11:20:42.191+0530] {logging_mixin.py:190} INFO - [2026-01-08T11:20:42.191+0530] {dag.py:4180} INFO - Setting next_dagrun for example_branch_labels to 2026-01-07 00:00:00+00:00, run_after=2026-01-08 00:00:00+00:00
[2026-01-08T11:20:42.217+0530] {processor.py:208} INFO - Processing /home/sneha/spotify_airflow_project/venv/lib/python3.12/site-packages/airflow/example_dags/example_branch_labels.py took 0.104 seconds
[2026-01-08T11:24:12.814+0530] {processor.py:186} INFO - Started process (PID=17821) to work on /home/sneha/spotify_airflow_project/venv/lib/python3.12/site-packages/airflow/example_dags/example_branch_labels.py
[2026-01-08T11:24:12.816+0530] {processor.py:914} INFO - Processing file /home/sneha/spotify_airflow_project/venv/lib/python3.12/site-packages/airflow/example_dags/example_branch_labels.py for tasks to queue
[2026-01-08T11:24:12.818+0530] {logging_mixin.py:190} INFO - [2026-01-08T11:24:12.817+0530] {dagbag.py:588} INFO - Filling up the DagBag from /home/sneha/spotify_airflow_project/venv/lib/python3.12/site-packages/airflow/example_dags/example_branch_labels.py
[2026-01-08T11:24:12.829+0530] {processor.py:925} INFO - DAG(s) 'example_branch_labels' retrieved from /home/sneha/spotify_airflow_project/venv/lib/python3.12/site-packages/airflow/example_dags/example_branch_labels.py
[2026-01-08T11:24:12.860+0530] {logging_mixin.py:190} INFO - [2026-01-08T11:24:12.860+0530] {dag.py:3239} INFO - Sync 1 DAGs
[2026-01-08T11:24:12.888+0530] {logging_mixin.py:190} INFO - [2026-01-08T11:24:12.888+0530] {dag.py:4180} INFO - Setting next_dagrun for example_branch_labels to 2026-01-07 00:00:00+00:00, run_after=2026-01-08 00:00:00+00:00
[2026-01-08T11:24:12.916+0530] {processor.py:208} INFO - Processing /home/sneha/spotify_airflow_project/venv/lib/python3.12/site-packages/airflow/example_dags/example_branch_labels.py took 0.112 seconds
[2026-01-08T11:25:17.058+0530] {processor.py:186} INFO - Started process (PID=17917) to work on /home/sneha/spotify_airflow_project/venv/lib/python3.12/site-packages/airflow/example_dags/example_branch_labels.py
[2026-01-08T11:25:17.060+0530] {processor.py:914} INFO - Processing file /home/sneha/spotify_airflow_project/venv/lib/python3.12/site-packages/airflow/example_dags/example_branch_labels.py for tasks to queue
[2026-01-08T11:25:17.062+0530] {logging_mixin.py:190} INFO - [2026-01-08T11:25:17.061+0530] {dagbag.py:588} INFO - Filling up the DagBag from /home/sneha/spotify_airflow_project/venv/lib/python3.12/site-packages/airflow/example_dags/example_branch_labels.py
[2026-01-08T11:25:17.072+0530] {processor.py:925} INFO - DAG(s) 'example_branch_labels' retrieved from /home/sneha/spotify_airflow_project/venv/lib/python3.12/site-packages/airflow/example_dags/example_branch_labels.py
[2026-01-08T11:25:17.100+0530] {logging_mixin.py:190} INFO - [2026-01-08T11:25:17.100+0530] {dag.py:3239} INFO - Sync 1 DAGs
[2026-01-08T11:25:17.131+0530] {logging_mixin.py:190} INFO - [2026-01-08T11:25:17.131+0530] {dag.py:4180} INFO - Setting next_dagrun for example_branch_labels to 2026-01-07 00:00:00+00:00, run_after=2026-01-08 00:00:00+00:00
[2026-01-08T11:25:17.159+0530] {processor.py:208} INFO - Processing /home/sneha/spotify_airflow_project/venv/lib/python3.12/site-packages/airflow/example_dags/example_branch_labels.py took 0.112 seconds
[2026-01-08T11:26:20.867+0530] {processor.py:186} INFO - Started process (PID=17981) to work on /home/sneha/spotify_airflow_project/venv/lib/python3.12/site-packages/airflow/example_dags/example_branch_labels.py
[2026-01-08T11:26:20.878+0530] {processor.py:914} INFO - Processing file /home/sneha/spotify_airflow_project/venv/lib/python3.12/site-packages/airflow/example_dags/example_branch_labels.py for tasks to queue
[2026-01-08T11:26:20.880+0530] {logging_mixin.py:190} INFO - [2026-01-08T11:26:20.879+0530] {dagbag.py:588} INFO - Filling up the DagBag from /home/sneha/spotify_airflow_project/venv/lib/python3.12/site-packages/airflow/example_dags/example_branch_labels.py
[2026-01-08T11:26:20.890+0530] {processor.py:925} INFO - DAG(s) 'example_branch_labels' retrieved from /home/sneha/spotify_airflow_project/venv/lib/python3.12/site-packages/airflow/example_dags/example_branch_labels.py
[2026-01-08T11:26:20.917+0530] {logging_mixin.py:190} INFO - [2026-01-08T11:26:20.916+0530] {dag.py:3239} INFO - Sync 1 DAGs
[2026-01-08T11:26:20.943+0530] {logging_mixin.py:190} INFO - [2026-01-08T11:26:20.943+0530] {dag.py:4180} INFO - Setting next_dagrun for example_branch_labels to 2026-01-07 00:00:00+00:00, run_after=2026-01-08 00:00:00+00:00
[2026-01-08T11:26:20.970+0530] {processor.py:208} INFO - Processing /home/sneha/spotify_airflow_project/venv/lib/python3.12/site-packages/airflow/example_dags/example_branch_labels.py took 0.115 seconds
[2026-01-08T11:27:29.329+0530] {processor.py:186} INFO - Started process (PID=18049) to work on /home/sneha/spotify_airflow_project/venv/lib/python3.12/site-packages/airflow/example_dags/example_branch_labels.py
[2026-01-08T11:27:29.331+0530] {processor.py:914} INFO - Processing file /home/sneha/spotify_airflow_project/venv/lib/python3.12/site-packages/airflow/example_dags/example_branch_labels.py for tasks to queue
[2026-01-08T11:27:29.333+0530] {logging_mixin.py:190} INFO - [2026-01-08T11:27:29.332+0530] {dagbag.py:588} INFO - Filling up the DagBag from /home/sneha/spotify_airflow_project/venv/lib/python3.12/site-packages/airflow/example_dags/example_branch_labels.py
[2026-01-08T11:27:29.343+0530] {processor.py:925} INFO - DAG(s) 'example_branch_labels' retrieved from /home/sneha/spotify_airflow_project/venv/lib/python3.12/site-packages/airflow/example_dags/example_branch_labels.py
[2026-01-08T11:27:29.372+0530] {logging_mixin.py:190} INFO - [2026-01-08T11:27:29.371+0530] {dag.py:3239} INFO - Sync 1 DAGs
[2026-01-08T11:27:29.399+0530] {logging_mixin.py:190} INFO - [2026-01-08T11:27:29.399+0530] {dag.py:4180} INFO - Setting next_dagrun for example_branch_labels to 2026-01-07 00:00:00+00:00, run_after=2026-01-08 00:00:00+00:00
[2026-01-08T11:27:29.424+0530] {processor.py:208} INFO - Processing /home/sneha/spotify_airflow_project/venv/lib/python3.12/site-packages/airflow/example_dags/example_branch_labels.py took 0.104 seconds
[2026-01-08T11:28:29.007+0530] {processor.py:186} INFO - Started process (PID=18136) to work on /home/sneha/spotify_airflow_project/venv/lib/python3.12/site-packages/airflow/example_dags/example_branch_labels.py
[2026-01-08T11:28:29.009+0530] {processor.py:914} INFO - Processing file /home/sneha/spotify_airflow_project/venv/lib/python3.12/site-packages/airflow/example_dags/example_branch_labels.py for tasks to queue
[2026-01-08T11:28:29.011+0530] {logging_mixin.py:190} INFO - [2026-01-08T11:28:29.011+0530] {dagbag.py:588} INFO - Filling up the DagBag from /home/sneha/spotify_airflow_project/venv/lib/python3.12/site-packages/airflow/example_dags/example_branch_labels.py
[2026-01-08T11:28:29.023+0530] {processor.py:925} INFO - DAG(s) 'example_branch_labels' retrieved from /home/sneha/spotify_airflow_project/venv/lib/python3.12/site-packages/airflow/example_dags/example_branch_labels.py
[2026-01-08T11:28:29.053+0530] {logging_mixin.py:190} INFO - [2026-01-08T11:28:29.052+0530] {dag.py:3239} INFO - Sync 1 DAGs
[2026-01-08T11:28:29.082+0530] {logging_mixin.py:190} INFO - [2026-01-08T11:28:29.081+0530] {dag.py:4180} INFO - Setting next_dagrun for example_branch_labels to 2026-01-07 00:00:00+00:00, run_after=2026-01-08 00:00:00+00:00
[2026-01-08T11:28:29.109+0530] {processor.py:208} INFO - Processing /home/sneha/spotify_airflow_project/venv/lib/python3.12/site-packages/airflow/example_dags/example_branch_labels.py took 0.110 seconds
[2026-01-08T11:29:30.311+0530] {processor.py:186} INFO - Started process (PID=18196) to work on /home/sneha/spotify_airflow_project/venv/lib/python3.12/site-packages/airflow/example_dags/example_branch_labels.py
[2026-01-08T11:29:30.313+0530] {processor.py:914} INFO - Processing file /home/sneha/spotify_airflow_project/venv/lib/python3.12/site-packages/airflow/example_dags/example_branch_labels.py for tasks to queue
[2026-01-08T11:29:30.314+0530] {logging_mixin.py:190} INFO - [2026-01-08T11:29:30.314+0530] {dagbag.py:588} INFO - Filling up the DagBag from /home/sneha/spotify_airflow_project/venv/lib/python3.12/site-packages/airflow/example_dags/example_branch_labels.py
[2026-01-08T11:29:30.324+0530] {processor.py:925} INFO - DAG(s) 'example_branch_labels' retrieved from /home/sneha/spotify_airflow_project/venv/lib/python3.12/site-packages/airflow/example_dags/example_branch_labels.py
[2026-01-08T11:29:30.350+0530] {logging_mixin.py:190} INFO - [2026-01-08T11:29:30.350+0530] {dag.py:3239} INFO - Sync 1 DAGs
[2026-01-08T11:29:30.375+0530] {logging_mixin.py:190} INFO - [2026-01-08T11:29:30.375+0530] {dag.py:4180} INFO - Setting next_dagrun for example_branch_labels to 2026-01-07 00:00:00+00:00, run_after=2026-01-08 00:00:00+00:00
[2026-01-08T11:29:30.404+0530] {processor.py:208} INFO - Processing /home/sneha/spotify_airflow_project/venv/lib/python3.12/site-packages/airflow/example_dags/example_branch_labels.py took 0.104 seconds
[2026-01-08T11:32:40.250+0530] {processor.py:186} INFO - Started process (PID=22867) to work on /home/sneha/spotify_airflow_project/venv/lib/python3.12/site-packages/airflow/example_dags/example_branch_labels.py
[2026-01-08T11:32:40.252+0530] {processor.py:914} INFO - Processing file /home/sneha/spotify_airflow_project/venv/lib/python3.12/site-packages/airflow/example_dags/example_branch_labels.py for tasks to queue
[2026-01-08T11:32:40.254+0530] {logging_mixin.py:190} INFO - [2026-01-08T11:32:40.253+0530] {dagbag.py:588} INFO - Filling up the DagBag from /home/sneha/spotify_airflow_project/venv/lib/python3.12/site-packages/airflow/example_dags/example_branch_labels.py
[2026-01-08T11:32:40.264+0530] {processor.py:925} INFO - DAG(s) 'example_branch_labels' retrieved from /home/sneha/spotify_airflow_project/venv/lib/python3.12/site-packages/airflow/example_dags/example_branch_labels.py
[2026-01-08T11:32:40.292+0530] {logging_mixin.py:190} INFO - [2026-01-08T11:32:40.292+0530] {dag.py:3239} INFO - Sync 1 DAGs
[2026-01-08T11:32:40.319+0530] {logging_mixin.py:190} INFO - [2026-01-08T11:32:40.319+0530] {dag.py:4180} INFO - Setting next_dagrun for example_branch_labels to 2026-01-07 00:00:00+00:00, run_after=2026-01-08 00:00:00+00:00
[2026-01-08T11:32:40.348+0530] {processor.py:208} INFO - Processing /home/sneha/spotify_airflow_project/venv/lib/python3.12/site-packages/airflow/example_dags/example_branch_labels.py took 0.110 seconds
[2026-01-08T11:33:42.147+0530] {processor.py:186} INFO - Started process (PID=22956) to work on /home/sneha/spotify_airflow_project/venv/lib/python3.12/site-packages/airflow/example_dags/example_branch_labels.py
[2026-01-08T11:33:42.158+0530] {processor.py:914} INFO - Processing file /home/sneha/spotify_airflow_project/venv/lib/python3.12/site-packages/airflow/example_dags/example_branch_labels.py for tasks to queue
[2026-01-08T11:33:42.161+0530] {logging_mixin.py:190} INFO - [2026-01-08T11:33:42.160+0530] {dagbag.py:588} INFO - Filling up the DagBag from /home/sneha/spotify_airflow_project/venv/lib/python3.12/site-packages/airflow/example_dags/example_branch_labels.py
[2026-01-08T11:33:42.174+0530] {processor.py:925} INFO - DAG(s) 'example_branch_labels' retrieved from /home/sneha/spotify_airflow_project/venv/lib/python3.12/site-packages/airflow/example_dags/example_branch_labels.py
[2026-01-08T11:33:42.200+0530] {logging_mixin.py:190} INFO - [2026-01-08T11:33:42.199+0530] {dag.py:3239} INFO - Sync 1 DAGs
[2026-01-08T11:33:42.228+0530] {logging_mixin.py:190} INFO - [2026-01-08T11:33:42.227+0530] {dag.py:4180} INFO - Setting next_dagrun for example_branch_labels to 2026-01-07 00:00:00+00:00, run_after=2026-01-08 00:00:00+00:00
[2026-01-08T11:33:42.255+0530] {processor.py:208} INFO - Processing /home/sneha/spotify_airflow_project/venv/lib/python3.12/site-packages/airflow/example_dags/example_branch_labels.py took 0.119 seconds
[2026-01-08T11:34:40.445+0530] {processor.py:186} INFO - Started process (PID=23018) to work on /home/sneha/spotify_airflow_project/venv/lib/python3.12/site-packages/airflow/example_dags/example_branch_labels.py
[2026-01-08T11:34:40.447+0530] {processor.py:914} INFO - Processing file /home/sneha/spotify_airflow_project/venv/lib/python3.12/site-packages/airflow/example_dags/example_branch_labels.py for tasks to queue
[2026-01-08T11:34:40.449+0530] {logging_mixin.py:190} INFO - [2026-01-08T11:34:40.448+0530] {dagbag.py:588} INFO - Filling up the DagBag from /home/sneha/spotify_airflow_project/venv/lib/python3.12/site-packages/airflow/example_dags/example_branch_labels.py
[2026-01-08T11:34:40.459+0530] {processor.py:925} INFO - DAG(s) 'example_branch_labels' retrieved from /home/sneha/spotify_airflow_project/venv/lib/python3.12/site-packages/airflow/example_dags/example_branch_labels.py
[2026-01-08T11:34:40.487+0530] {logging_mixin.py:190} INFO - [2026-01-08T11:34:40.487+0530] {dag.py:3239} INFO - Sync 1 DAGs
[2026-01-08T11:34:40.517+0530] {logging_mixin.py:190} INFO - [2026-01-08T11:34:40.516+0530] {dag.py:4180} INFO - Setting next_dagrun for example_branch_labels to 2026-01-07 00:00:00+00:00, run_after=2026-01-08 00:00:00+00:00
[2026-01-08T11:34:40.545+0530] {processor.py:208} INFO - Processing /home/sneha/spotify_airflow_project/venv/lib/python3.12/site-packages/airflow/example_dags/example_branch_labels.py took 0.110 seconds
[2026-01-08T11:35:40.666+0530] {processor.py:186} INFO - Started process (PID=23084) to work on /home/sneha/spotify_airflow_project/venv/lib/python3.12/site-packages/airflow/example_dags/example_branch_labels.py
[2026-01-08T11:35:40.667+0530] {processor.py:914} INFO - Processing file /home/sneha/spotify_airflow_project/venv/lib/python3.12/site-packages/airflow/example_dags/example_branch_labels.py for tasks to queue
[2026-01-08T11:35:40.669+0530] {logging_mixin.py:190} INFO - [2026-01-08T11:35:40.669+0530] {dagbag.py:588} INFO - Filling up the DagBag from /home/sneha/spotify_airflow_project/venv/lib/python3.12/site-packages/airflow/example_dags/example_branch_labels.py
[2026-01-08T11:35:40.679+0530] {processor.py:925} INFO - DAG(s) 'example_branch_labels' retrieved from /home/sneha/spotify_airflow_project/venv/lib/python3.12/site-packages/airflow/example_dags/example_branch_labels.py
[2026-01-08T11:35:40.705+0530] {logging_mixin.py:190} INFO - [2026-01-08T11:35:40.705+0530] {dag.py:3239} INFO - Sync 1 DAGs
[2026-01-08T11:35:40.732+0530] {logging_mixin.py:190} INFO - [2026-01-08T11:35:40.731+0530] {dag.py:4180} INFO - Setting next_dagrun for example_branch_labels to 2026-01-07 00:00:00+00:00, run_after=2026-01-08 00:00:00+00:00
[2026-01-08T11:35:40.764+0530] {processor.py:208} INFO - Processing /home/sneha/spotify_airflow_project/venv/lib/python3.12/site-packages/airflow/example_dags/example_branch_labels.py took 0.107 seconds
[2026-01-08T11:36:39.706+0530] {processor.py:186} INFO - Started process (PID=23144) to work on /home/sneha/spotify_airflow_project/venv/lib/python3.12/site-packages/airflow/example_dags/example_branch_labels.py
[2026-01-08T11:36:39.707+0530] {processor.py:914} INFO - Processing file /home/sneha/spotify_airflow_project/venv/lib/python3.12/site-packages/airflow/example_dags/example_branch_labels.py for tasks to queue
[2026-01-08T11:36:39.709+0530] {logging_mixin.py:190} INFO - [2026-01-08T11:36:39.708+0530] {dagbag.py:588} INFO - Filling up the DagBag from /home/sneha/spotify_airflow_project/venv/lib/python3.12/site-packages/airflow/example_dags/example_branch_labels.py
[2026-01-08T11:36:39.719+0530] {processor.py:925} INFO - DAG(s) 'example_branch_labels' retrieved from /home/sneha/spotify_airflow_project/venv/lib/python3.12/site-packages/airflow/example_dags/example_branch_labels.py
[2026-01-08T11:36:39.748+0530] {logging_mixin.py:190} INFO - [2026-01-08T11:36:39.748+0530] {dag.py:3239} INFO - Sync 1 DAGs
[2026-01-08T11:36:39.776+0530] {logging_mixin.py:190} INFO - [2026-01-08T11:36:39.776+0530] {dag.py:4180} INFO - Setting next_dagrun for example_branch_labels to 2026-01-07 00:00:00+00:00, run_after=2026-01-08 00:00:00+00:00
[2026-01-08T11:36:39.803+0530] {processor.py:208} INFO - Processing /home/sneha/spotify_airflow_project/venv/lib/python3.12/site-packages/airflow/example_dags/example_branch_labels.py took 0.109 seconds
[2026-01-08T11:37:41.960+0530] {processor.py:186} INFO - Started process (PID=23205) to work on /home/sneha/spotify_airflow_project/venv/lib/python3.12/site-packages/airflow/example_dags/example_branch_labels.py
[2026-01-08T11:37:41.961+0530] {processor.py:914} INFO - Processing file /home/sneha/spotify_airflow_project/venv/lib/python3.12/site-packages/airflow/example_dags/example_branch_labels.py for tasks to queue
[2026-01-08T11:37:41.963+0530] {logging_mixin.py:190} INFO - [2026-01-08T11:37:41.962+0530] {dagbag.py:588} INFO - Filling up the DagBag from /home/sneha/spotify_airflow_project/venv/lib/python3.12/site-packages/airflow/example_dags/example_branch_labels.py
[2026-01-08T11:37:41.974+0530] {processor.py:925} INFO - DAG(s) 'example_branch_labels' retrieved from /home/sneha/spotify_airflow_project/venv/lib/python3.12/site-packages/airflow/example_dags/example_branch_labels.py
[2026-01-08T11:37:42.002+0530] {logging_mixin.py:190} INFO - [2026-01-08T11:37:42.002+0530] {dag.py:3239} INFO - Sync 1 DAGs
[2026-01-08T11:37:42.030+0530] {logging_mixin.py:190} INFO - [2026-01-08T11:37:42.030+0530] {dag.py:4180} INFO - Setting next_dagrun for example_branch_labels to 2026-01-07 00:00:00+00:00, run_after=2026-01-08 00:00:00+00:00
[2026-01-08T11:37:42.057+0530] {processor.py:208} INFO - Processing /home/sneha/spotify_airflow_project/venv/lib/python3.12/site-packages/airflow/example_dags/example_branch_labels.py took 0.109 seconds
[2026-01-08T11:38:48.794+0530] {processor.py:186} INFO - Started process (PID=23299) to work on /home/sneha/spotify_airflow_project/venv/lib/python3.12/site-packages/airflow/example_dags/example_branch_labels.py
[2026-01-08T11:38:48.796+0530] {processor.py:914} INFO - Processing file /home/sneha/spotify_airflow_project/venv/lib/python3.12/site-packages/airflow/example_dags/example_branch_labels.py for tasks to queue
[2026-01-08T11:38:48.798+0530] {logging_mixin.py:190} INFO - [2026-01-08T11:38:48.797+0530] {dagbag.py:588} INFO - Filling up the DagBag from /home/sneha/spotify_airflow_project/venv/lib/python3.12/site-packages/airflow/example_dags/example_branch_labels.py
[2026-01-08T11:38:48.809+0530] {processor.py:925} INFO - DAG(s) 'example_branch_labels' retrieved from /home/sneha/spotify_airflow_project/venv/lib/python3.12/site-packages/airflow/example_dags/example_branch_labels.py
[2026-01-08T11:38:48.837+0530] {logging_mixin.py:190} INFO - [2026-01-08T11:38:48.836+0530] {dag.py:3239} INFO - Sync 1 DAGs
[2026-01-08T11:38:48.864+0530] {logging_mixin.py:190} INFO - [2026-01-08T11:38:48.864+0530] {dag.py:4180} INFO - Setting next_dagrun for example_branch_labels to 2026-01-07 00:00:00+00:00, run_after=2026-01-08 00:00:00+00:00
[2026-01-08T11:38:48.891+0530] {processor.py:208} INFO - Processing /home/sneha/spotify_airflow_project/venv/lib/python3.12/site-packages/airflow/example_dags/example_branch_labels.py took 0.109 seconds
[2026-01-08T11:39:51.318+0530] {processor.py:186} INFO - Started process (PID=23362) to work on /home/sneha/spotify_airflow_project/venv/lib/python3.12/site-packages/airflow/example_dags/example_branch_labels.py
[2026-01-08T11:39:51.320+0530] {processor.py:914} INFO - Processing file /home/sneha/spotify_airflow_project/venv/lib/python3.12/site-packages/airflow/example_dags/example_branch_labels.py for tasks to queue
[2026-01-08T11:39:51.322+0530] {logging_mixin.py:190} INFO - [2026-01-08T11:39:51.321+0530] {dagbag.py:588} INFO - Filling up the DagBag from /home/sneha/spotify_airflow_project/venv/lib/python3.12/site-packages/airflow/example_dags/example_branch_labels.py
[2026-01-08T11:39:51.333+0530] {processor.py:925} INFO - DAG(s) 'example_branch_labels' retrieved from /home/sneha/spotify_airflow_project/venv/lib/python3.12/site-packages/airflow/example_dags/example_branch_labels.py
[2026-01-08T11:39:51.360+0530] {logging_mixin.py:190} INFO - [2026-01-08T11:39:51.360+0530] {dag.py:3239} INFO - Sync 1 DAGs
[2026-01-08T11:39:51.386+0530] {logging_mixin.py:190} INFO - [2026-01-08T11:39:51.385+0530] {dag.py:4180} INFO - Setting next_dagrun for example_branch_labels to 2026-01-07 00:00:00+00:00, run_after=2026-01-08 00:00:00+00:00
[2026-01-08T11:39:51.413+0530] {processor.py:208} INFO - Processing /home/sneha/spotify_airflow_project/venv/lib/python3.12/site-packages/airflow/example_dags/example_branch_labels.py took 0.106 seconds
[2026-01-08T11:40:57.455+0530] {processor.py:186} INFO - Started process (PID=23444) to work on /home/sneha/spotify_airflow_project/venv/lib/python3.12/site-packages/airflow/example_dags/example_branch_labels.py
[2026-01-08T11:40:57.457+0530] {processor.py:914} INFO - Processing file /home/sneha/spotify_airflow_project/venv/lib/python3.12/site-packages/airflow/example_dags/example_branch_labels.py for tasks to queue
[2026-01-08T11:40:57.459+0530] {logging_mixin.py:190} INFO - [2026-01-08T11:40:57.458+0530] {dagbag.py:588} INFO - Filling up the DagBag from /home/sneha/spotify_airflow_project/venv/lib/python3.12/site-packages/airflow/example_dags/example_branch_labels.py
[2026-01-08T11:40:57.469+0530] {processor.py:925} INFO - DAG(s) 'example_branch_labels' retrieved from /home/sneha/spotify_airflow_project/venv/lib/python3.12/site-packages/airflow/example_dags/example_branch_labels.py
[2026-01-08T11:40:57.498+0530] {logging_mixin.py:190} INFO - [2026-01-08T11:40:57.497+0530] {dag.py:3239} INFO - Sync 1 DAGs
[2026-01-08T11:40:57.525+0530] {logging_mixin.py:190} INFO - [2026-01-08T11:40:57.525+0530] {dag.py:4180} INFO - Setting next_dagrun for example_branch_labels to 2026-01-07 00:00:00+00:00, run_after=2026-01-08 00:00:00+00:00
[2026-01-08T11:40:57.552+0530] {processor.py:208} INFO - Processing /home/sneha/spotify_airflow_project/venv/lib/python3.12/site-packages/airflow/example_dags/example_branch_labels.py took 0.109 seconds
[2026-01-08T11:41:57.821+0530] {processor.py:186} INFO - Started process (PID=23581) to work on /home/sneha/spotify_airflow_project/venv/lib/python3.12/site-packages/airflow/example_dags/example_branch_labels.py
[2026-01-08T11:41:57.832+0530] {processor.py:914} INFO - Processing file /home/sneha/spotify_airflow_project/venv/lib/python3.12/site-packages/airflow/example_dags/example_branch_labels.py for tasks to queue
[2026-01-08T11:41:57.834+0530] {logging_mixin.py:190} INFO - [2026-01-08T11:41:57.833+0530] {dagbag.py:588} INFO - Filling up the DagBag from /home/sneha/spotify_airflow_project/venv/lib/python3.12/site-packages/airflow/example_dags/example_branch_labels.py
[2026-01-08T11:41:57.844+0530] {processor.py:925} INFO - DAG(s) 'example_branch_labels' retrieved from /home/sneha/spotify_airflow_project/venv/lib/python3.12/site-packages/airflow/example_dags/example_branch_labels.py
[2026-01-08T11:41:57.869+0530] {logging_mixin.py:190} INFO - [2026-01-08T11:41:57.869+0530] {dag.py:3239} INFO - Sync 1 DAGs
[2026-01-08T11:41:57.895+0530] {logging_mixin.py:190} INFO - [2026-01-08T11:41:57.895+0530] {dag.py:4180} INFO - Setting next_dagrun for example_branch_labels to 2026-01-07 00:00:00+00:00, run_after=2026-01-08 00:00:00+00:00
[2026-01-08T11:41:57.922+0530] {processor.py:208} INFO - Processing /home/sneha/spotify_airflow_project/venv/lib/python3.12/site-packages/airflow/example_dags/example_branch_labels.py took 0.112 seconds
[2026-01-08T11:43:06.807+0530] {processor.py:186} INFO - Started process (PID=23648) to work on /home/sneha/spotify_airflow_project/venv/lib/python3.12/site-packages/airflow/example_dags/example_branch_labels.py
[2026-01-08T11:43:06.808+0530] {processor.py:914} INFO - Processing file /home/sneha/spotify_airflow_project/venv/lib/python3.12/site-packages/airflow/example_dags/example_branch_labels.py for tasks to queue
[2026-01-08T11:43:06.810+0530] {logging_mixin.py:190} INFO - [2026-01-08T11:43:06.809+0530] {dagbag.py:588} INFO - Filling up the DagBag from /home/sneha/spotify_airflow_project/venv/lib/python3.12/site-packages/airflow/example_dags/example_branch_labels.py
[2026-01-08T11:43:06.820+0530] {processor.py:925} INFO - DAG(s) 'example_branch_labels' retrieved from /home/sneha/spotify_airflow_project/venv/lib/python3.12/site-packages/airflow/example_dags/example_branch_labels.py
[2026-01-08T11:43:06.845+0530] {logging_mixin.py:190} INFO - [2026-01-08T11:43:06.845+0530] {dag.py:3239} INFO - Sync 1 DAGs
[2026-01-08T11:43:06.870+0530] {logging_mixin.py:190} INFO - [2026-01-08T11:43:06.870+0530] {dag.py:4180} INFO - Setting next_dagrun for example_branch_labels to 2026-01-07 00:00:00+00:00, run_after=2026-01-08 00:00:00+00:00
[2026-01-08T11:43:06.896+0530] {processor.py:208} INFO - Processing /home/sneha/spotify_airflow_project/venv/lib/python3.12/site-packages/airflow/example_dags/example_branch_labels.py took 0.099 seconds
[2026-01-08T11:44:11.568+0530] {processor.py:186} INFO - Started process (PID=23740) to work on /home/sneha/spotify_airflow_project/venv/lib/python3.12/site-packages/airflow/example_dags/example_branch_labels.py
[2026-01-08T11:44:11.569+0530] {processor.py:914} INFO - Processing file /home/sneha/spotify_airflow_project/venv/lib/python3.12/site-packages/airflow/example_dags/example_branch_labels.py for tasks to queue
[2026-01-08T11:44:11.571+0530] {logging_mixin.py:190} INFO - [2026-01-08T11:44:11.571+0530] {dagbag.py:588} INFO - Filling up the DagBag from /home/sneha/spotify_airflow_project/venv/lib/python3.12/site-packages/airflow/example_dags/example_branch_labels.py
[2026-01-08T11:44:11.582+0530] {processor.py:925} INFO - DAG(s) 'example_branch_labels' retrieved from /home/sneha/spotify_airflow_project/venv/lib/python3.12/site-packages/airflow/example_dags/example_branch_labels.py
[2026-01-08T11:44:11.610+0530] {logging_mixin.py:190} INFO - [2026-01-08T11:44:11.610+0530] {dag.py:3239} INFO - Sync 1 DAGs
[2026-01-08T11:44:11.639+0530] {logging_mixin.py:190} INFO - [2026-01-08T11:44:11.638+0530] {dag.py:4180} INFO - Setting next_dagrun for example_branch_labels to 2026-01-07 00:00:00+00:00, run_after=2026-01-08 00:00:00+00:00
[2026-01-08T11:44:11.667+0530] {processor.py:208} INFO - Processing /home/sneha/spotify_airflow_project/venv/lib/python3.12/site-packages/airflow/example_dags/example_branch_labels.py took 0.110 seconds
[2026-01-08T11:45:18.450+0530] {processor.py:186} INFO - Started process (PID=24054) to work on /home/sneha/spotify_airflow_project/venv/lib/python3.12/site-packages/airflow/example_dags/example_branch_labels.py
[2026-01-08T11:45:18.451+0530] {processor.py:914} INFO - Processing file /home/sneha/spotify_airflow_project/venv/lib/python3.12/site-packages/airflow/example_dags/example_branch_labels.py for tasks to queue
[2026-01-08T11:45:18.453+0530] {logging_mixin.py:190} INFO - [2026-01-08T11:45:18.453+0530] {dagbag.py:588} INFO - Filling up the DagBag from /home/sneha/spotify_airflow_project/venv/lib/python3.12/site-packages/airflow/example_dags/example_branch_labels.py
[2026-01-08T11:45:18.464+0530] {processor.py:925} INFO - DAG(s) 'example_branch_labels' retrieved from /home/sneha/spotify_airflow_project/venv/lib/python3.12/site-packages/airflow/example_dags/example_branch_labels.py
[2026-01-08T11:45:18.493+0530] {logging_mixin.py:190} INFO - [2026-01-08T11:45:18.493+0530] {dag.py:3239} INFO - Sync 1 DAGs
[2026-01-08T11:45:18.522+0530] {logging_mixin.py:190} INFO - [2026-01-08T11:45:18.522+0530] {dag.py:4180} INFO - Setting next_dagrun for example_branch_labels to 2026-01-07 00:00:00+00:00, run_after=2026-01-08 00:00:00+00:00
[2026-01-08T11:45:18.551+0530] {processor.py:208} INFO - Processing /home/sneha/spotify_airflow_project/venv/lib/python3.12/site-packages/airflow/example_dags/example_branch_labels.py took 0.113 seconds
[2026-01-08T11:46:19.807+0530] {processor.py:186} INFO - Started process (PID=24115) to work on /home/sneha/spotify_airflow_project/venv/lib/python3.12/site-packages/airflow/example_dags/example_branch_labels.py
[2026-01-08T11:46:19.809+0530] {processor.py:914} INFO - Processing file /home/sneha/spotify_airflow_project/venv/lib/python3.12/site-packages/airflow/example_dags/example_branch_labels.py for tasks to queue
[2026-01-08T11:46:19.811+0530] {logging_mixin.py:190} INFO - [2026-01-08T11:46:19.810+0530] {dagbag.py:588} INFO - Filling up the DagBag from /home/sneha/spotify_airflow_project/venv/lib/python3.12/site-packages/airflow/example_dags/example_branch_labels.py
[2026-01-08T11:46:19.822+0530] {processor.py:925} INFO - DAG(s) 'example_branch_labels' retrieved from /home/sneha/spotify_airflow_project/venv/lib/python3.12/site-packages/airflow/example_dags/example_branch_labels.py
[2026-01-08T11:46:19.847+0530] {logging_mixin.py:190} INFO - [2026-01-08T11:46:19.847+0530] {dag.py:3239} INFO - Sync 1 DAGs
[2026-01-08T11:46:19.875+0530] {logging_mixin.py:190} INFO - [2026-01-08T11:46:19.874+0530] {dag.py:4180} INFO - Setting next_dagrun for example_branch_labels to 2026-01-07 00:00:00+00:00, run_after=2026-01-08 00:00:00+00:00
[2026-01-08T11:46:19.902+0530] {processor.py:208} INFO - Processing /home/sneha/spotify_airflow_project/venv/lib/python3.12/site-packages/airflow/example_dags/example_branch_labels.py took 0.106 seconds
[2026-01-08T11:47:26.243+0530] {processor.py:186} INFO - Started process (PID=24178) to work on /home/sneha/spotify_airflow_project/venv/lib/python3.12/site-packages/airflow/example_dags/example_branch_labels.py
[2026-01-08T11:47:26.245+0530] {processor.py:914} INFO - Processing file /home/sneha/spotify_airflow_project/venv/lib/python3.12/site-packages/airflow/example_dags/example_branch_labels.py for tasks to queue
[2026-01-08T11:47:26.248+0530] {logging_mixin.py:190} INFO - [2026-01-08T11:47:26.247+0530] {dagbag.py:588} INFO - Filling up the DagBag from /home/sneha/spotify_airflow_project/venv/lib/python3.12/site-packages/airflow/example_dags/example_branch_labels.py
[2026-01-08T11:47:26.262+0530] {processor.py:925} INFO - DAG(s) 'example_branch_labels' retrieved from /home/sneha/spotify_airflow_project/venv/lib/python3.12/site-packages/airflow/example_dags/example_branch_labels.py
[2026-01-08T11:47:26.299+0530] {logging_mixin.py:190} INFO - [2026-01-08T11:47:26.298+0530] {dag.py:3239} INFO - Sync 1 DAGs
[2026-01-08T11:47:26.336+0530] {logging_mixin.py:190} INFO - [2026-01-08T11:47:26.336+0530] {dag.py:4180} INFO - Setting next_dagrun for example_branch_labels to 2026-01-07 00:00:00+00:00, run_after=2026-01-08 00:00:00+00:00
[2026-01-08T11:47:26.375+0530] {processor.py:208} INFO - Processing /home/sneha/spotify_airflow_project/venv/lib/python3.12/site-packages/airflow/example_dags/example_branch_labels.py took 0.144 seconds
[2026-01-08T11:48:30.355+0530] {processor.py:186} INFO - Started process (PID=24270) to work on /home/sneha/spotify_airflow_project/venv/lib/python3.12/site-packages/airflow/example_dags/example_branch_labels.py
[2026-01-08T11:48:30.369+0530] {processor.py:914} INFO - Processing file /home/sneha/spotify_airflow_project/venv/lib/python3.12/site-packages/airflow/example_dags/example_branch_labels.py for tasks to queue
[2026-01-08T11:48:30.371+0530] {logging_mixin.py:190} INFO - [2026-01-08T11:48:30.371+0530] {dagbag.py:588} INFO - Filling up the DagBag from /home/sneha/spotify_airflow_project/venv/lib/python3.12/site-packages/airflow/example_dags/example_branch_labels.py
[2026-01-08T11:48:30.381+0530] {processor.py:925} INFO - DAG(s) 'example_branch_labels' retrieved from /home/sneha/spotify_airflow_project/venv/lib/python3.12/site-packages/airflow/example_dags/example_branch_labels.py
[2026-01-08T11:48:30.407+0530] {logging_mixin.py:190} INFO - [2026-01-08T11:48:30.407+0530] {dag.py:3239} INFO - Sync 1 DAGs
[2026-01-08T11:48:30.434+0530] {logging_mixin.py:190} INFO - [2026-01-08T11:48:30.434+0530] {dag.py:4180} INFO - Setting next_dagrun for example_branch_labels to 2026-01-07 00:00:00+00:00, run_after=2026-01-08 00:00:00+00:00
[2026-01-08T11:48:30.463+0530] {processor.py:208} INFO - Processing /home/sneha/spotify_airflow_project/venv/lib/python3.12/site-packages/airflow/example_dags/example_branch_labels.py took 0.119 seconds
[2026-01-08T11:49:32.795+0530] {processor.py:186} INFO - Started process (PID=24332) to work on /home/sneha/spotify_airflow_project/venv/lib/python3.12/site-packages/airflow/example_dags/example_branch_labels.py
[2026-01-08T11:49:32.797+0530] {processor.py:914} INFO - Processing file /home/sneha/spotify_airflow_project/venv/lib/python3.12/site-packages/airflow/example_dags/example_branch_labels.py for tasks to queue
[2026-01-08T11:49:32.799+0530] {logging_mixin.py:190} INFO - [2026-01-08T11:49:32.798+0530] {dagbag.py:588} INFO - Filling up the DagBag from /home/sneha/spotify_airflow_project/venv/lib/python3.12/site-packages/airflow/example_dags/example_branch_labels.py
[2026-01-08T11:49:32.808+0530] {processor.py:925} INFO - DAG(s) 'example_branch_labels' retrieved from /home/sneha/spotify_airflow_project/venv/lib/python3.12/site-packages/airflow/example_dags/example_branch_labels.py
[2026-01-08T11:49:32.834+0530] {logging_mixin.py:190} INFO - [2026-01-08T11:49:32.834+0530] {dag.py:3239} INFO - Sync 1 DAGs
[2026-01-08T11:49:32.862+0530] {logging_mixin.py:190} INFO - [2026-01-08T11:49:32.862+0530] {dag.py:4180} INFO - Setting next_dagrun for example_branch_labels to 2026-01-07 00:00:00+00:00, run_after=2026-01-08 00:00:00+00:00
[2026-01-08T11:49:32.890+0530] {processor.py:208} INFO - Processing /home/sneha/spotify_airflow_project/venv/lib/python3.12/site-packages/airflow/example_dags/example_branch_labels.py took 0.106 seconds
[2026-01-08T11:50:39.402+0530] {processor.py:186} INFO - Started process (PID=24404) to work on /home/sneha/spotify_airflow_project/venv/lib/python3.12/site-packages/airflow/example_dags/example_branch_labels.py
[2026-01-08T11:50:39.404+0530] {processor.py:914} INFO - Processing file /home/sneha/spotify_airflow_project/venv/lib/python3.12/site-packages/airflow/example_dags/example_branch_labels.py for tasks to queue
[2026-01-08T11:50:39.406+0530] {logging_mixin.py:190} INFO - [2026-01-08T11:50:39.405+0530] {dagbag.py:588} INFO - Filling up the DagBag from /home/sneha/spotify_airflow_project/venv/lib/python3.12/site-packages/airflow/example_dags/example_branch_labels.py
[2026-01-08T11:50:39.415+0530] {processor.py:925} INFO - DAG(s) 'example_branch_labels' retrieved from /home/sneha/spotify_airflow_project/venv/lib/python3.12/site-packages/airflow/example_dags/example_branch_labels.py
[2026-01-08T11:50:39.440+0530] {logging_mixin.py:190} INFO - [2026-01-08T11:50:39.440+0530] {dag.py:3239} INFO - Sync 1 DAGs
[2026-01-08T11:50:39.466+0530] {logging_mixin.py:190} INFO - [2026-01-08T11:50:39.465+0530] {dag.py:4180} INFO - Setting next_dagrun for example_branch_labels to 2026-01-07 00:00:00+00:00, run_after=2026-01-08 00:00:00+00:00
[2026-01-08T11:50:39.493+0530] {processor.py:208} INFO - Processing /home/sneha/spotify_airflow_project/venv/lib/python3.12/site-packages/airflow/example_dags/example_branch_labels.py took 0.100 seconds
[2026-01-08T11:51:42.444+0530] {processor.py:186} INFO - Started process (PID=24469) to work on /home/sneha/spotify_airflow_project/venv/lib/python3.12/site-packages/airflow/example_dags/example_branch_labels.py
[2026-01-08T11:51:42.446+0530] {processor.py:914} INFO - Processing file /home/sneha/spotify_airflow_project/venv/lib/python3.12/site-packages/airflow/example_dags/example_branch_labels.py for tasks to queue
[2026-01-08T11:51:42.448+0530] {logging_mixin.py:190} INFO - [2026-01-08T11:51:42.447+0530] {dagbag.py:588} INFO - Filling up the DagBag from /home/sneha/spotify_airflow_project/venv/lib/python3.12/site-packages/airflow/example_dags/example_branch_labels.py
[2026-01-08T11:51:42.458+0530] {processor.py:925} INFO - DAG(s) 'example_branch_labels' retrieved from /home/sneha/spotify_airflow_project/venv/lib/python3.12/site-packages/airflow/example_dags/example_branch_labels.py
[2026-01-08T11:51:42.486+0530] {logging_mixin.py:190} INFO - [2026-01-08T11:51:42.486+0530] {dag.py:3239} INFO - Sync 1 DAGs
[2026-01-08T11:51:42.515+0530] {logging_mixin.py:190} INFO - [2026-01-08T11:51:42.514+0530] {dag.py:4180} INFO - Setting next_dagrun for example_branch_labels to 2026-01-07 00:00:00+00:00, run_after=2026-01-08 00:00:00+00:00
[2026-01-08T11:51:42.542+0530] {processor.py:208} INFO - Processing /home/sneha/spotify_airflow_project/venv/lib/python3.12/site-packages/airflow/example_dags/example_branch_labels.py took 0.111 seconds
[2026-01-08T11:52:44.617+0530] {processor.py:186} INFO - Started process (PID=24542) to work on /home/sneha/spotify_airflow_project/venv/lib/python3.12/site-packages/airflow/example_dags/example_branch_labels.py
[2026-01-08T11:52:44.618+0530] {processor.py:914} INFO - Processing file /home/sneha/spotify_airflow_project/venv/lib/python3.12/site-packages/airflow/example_dags/example_branch_labels.py for tasks to queue
[2026-01-08T11:52:44.620+0530] {logging_mixin.py:190} INFO - [2026-01-08T11:52:44.619+0530] {dagbag.py:588} INFO - Filling up the DagBag from /home/sneha/spotify_airflow_project/venv/lib/python3.12/site-packages/airflow/example_dags/example_branch_labels.py
[2026-01-08T11:52:44.632+0530] {processor.py:925} INFO - DAG(s) 'example_branch_labels' retrieved from /home/sneha/spotify_airflow_project/venv/lib/python3.12/site-packages/airflow/example_dags/example_branch_labels.py
[2026-01-08T11:52:44.658+0530] {logging_mixin.py:190} INFO - [2026-01-08T11:52:44.658+0530] {dag.py:3239} INFO - Sync 1 DAGs
[2026-01-08T11:52:44.684+0530] {logging_mixin.py:190} INFO - [2026-01-08T11:52:44.684+0530] {dag.py:4180} INFO - Setting next_dagrun for example_branch_labels to 2026-01-07 00:00:00+00:00, run_after=2026-01-08 00:00:00+00:00
[2026-01-08T11:52:44.711+0530] {processor.py:208} INFO - Processing /home/sneha/spotify_airflow_project/venv/lib/python3.12/site-packages/airflow/example_dags/example_branch_labels.py took 0.106 seconds
[2026-01-08T11:53:46.963+0530] {processor.py:186} INFO - Started process (PID=24633) to work on /home/sneha/spotify_airflow_project/venv/lib/python3.12/site-packages/airflow/example_dags/example_branch_labels.py
[2026-01-08T11:53:46.965+0530] {processor.py:914} INFO - Processing file /home/sneha/spotify_airflow_project/venv/lib/python3.12/site-packages/airflow/example_dags/example_branch_labels.py for tasks to queue
[2026-01-08T11:53:46.967+0530] {logging_mixin.py:190} INFO - [2026-01-08T11:53:46.966+0530] {dagbag.py:588} INFO - Filling up the DagBag from /home/sneha/spotify_airflow_project/venv/lib/python3.12/site-packages/airflow/example_dags/example_branch_labels.py
[2026-01-08T11:53:46.978+0530] {processor.py:925} INFO - DAG(s) 'example_branch_labels' retrieved from /home/sneha/spotify_airflow_project/venv/lib/python3.12/site-packages/airflow/example_dags/example_branch_labels.py
[2026-01-08T11:53:47.004+0530] {logging_mixin.py:190} INFO - [2026-01-08T11:53:47.004+0530] {dag.py:3239} INFO - Sync 1 DAGs
[2026-01-08T11:53:47.030+0530] {logging_mixin.py:190} INFO - [2026-01-08T11:53:47.030+0530] {dag.py:4180} INFO - Setting next_dagrun for example_branch_labels to 2026-01-07 00:00:00+00:00, run_after=2026-01-08 00:00:00+00:00
[2026-01-08T11:53:47.056+0530] {processor.py:208} INFO - Processing /home/sneha/spotify_airflow_project/venv/lib/python3.12/site-packages/airflow/example_dags/example_branch_labels.py took 0.107 seconds
[2026-01-08T11:54:48.303+0530] {processor.py:186} INFO - Started process (PID=24698) to work on /home/sneha/spotify_airflow_project/venv/lib/python3.12/site-packages/airflow/example_dags/example_branch_labels.py
[2026-01-08T11:54:48.305+0530] {processor.py:914} INFO - Processing file /home/sneha/spotify_airflow_project/venv/lib/python3.12/site-packages/airflow/example_dags/example_branch_labels.py for tasks to queue
[2026-01-08T11:54:48.307+0530] {logging_mixin.py:190} INFO - [2026-01-08T11:54:48.306+0530] {dagbag.py:588} INFO - Filling up the DagBag from /home/sneha/spotify_airflow_project/venv/lib/python3.12/site-packages/airflow/example_dags/example_branch_labels.py
[2026-01-08T11:54:48.318+0530] {processor.py:925} INFO - DAG(s) 'example_branch_labels' retrieved from /home/sneha/spotify_airflow_project/venv/lib/python3.12/site-packages/airflow/example_dags/example_branch_labels.py
[2026-01-08T11:54:48.346+0530] {logging_mixin.py:190} INFO - [2026-01-08T11:54:48.345+0530] {dag.py:3239} INFO - Sync 1 DAGs
[2026-01-08T11:54:48.374+0530] {logging_mixin.py:190} INFO - [2026-01-08T11:54:48.374+0530] {dag.py:4180} INFO - Setting next_dagrun for example_branch_labels to 2026-01-07 00:00:00+00:00, run_after=2026-01-08 00:00:00+00:00
[2026-01-08T11:54:48.402+0530] {processor.py:208} INFO - Processing /home/sneha/spotify_airflow_project/venv/lib/python3.12/site-packages/airflow/example_dags/example_branch_labels.py took 0.111 seconds
[2026-01-08T11:55:52.213+0530] {processor.py:186} INFO - Started process (PID=24766) to work on /home/sneha/spotify_airflow_project/venv/lib/python3.12/site-packages/airflow/example_dags/example_branch_labels.py
[2026-01-08T11:55:52.224+0530] {processor.py:914} INFO - Processing file /home/sneha/spotify_airflow_project/venv/lib/python3.12/site-packages/airflow/example_dags/example_branch_labels.py for tasks to queue
[2026-01-08T11:55:52.226+0530] {logging_mixin.py:190} INFO - [2026-01-08T11:55:52.226+0530] {dagbag.py:588} INFO - Filling up the DagBag from /home/sneha/spotify_airflow_project/venv/lib/python3.12/site-packages/airflow/example_dags/example_branch_labels.py
[2026-01-08T11:55:52.237+0530] {processor.py:925} INFO - DAG(s) 'example_branch_labels' retrieved from /home/sneha/spotify_airflow_project/venv/lib/python3.12/site-packages/airflow/example_dags/example_branch_labels.py
[2026-01-08T11:55:52.264+0530] {logging_mixin.py:190} INFO - [2026-01-08T11:55:52.264+0530] {dag.py:3239} INFO - Sync 1 DAGs
[2026-01-08T11:55:52.292+0530] {logging_mixin.py:190} INFO - [2026-01-08T11:55:52.292+0530] {dag.py:4180} INFO - Setting next_dagrun for example_branch_labels to 2026-01-07 00:00:00+00:00, run_after=2026-01-08 00:00:00+00:00
[2026-01-08T11:55:52.321+0530] {processor.py:208} INFO - Processing /home/sneha/spotify_airflow_project/venv/lib/python3.12/site-packages/airflow/example_dags/example_branch_labels.py took 0.120 seconds
[2026-01-08T11:56:54.791+0530] {processor.py:186} INFO - Started process (PID=24827) to work on /home/sneha/spotify_airflow_project/venv/lib/python3.12/site-packages/airflow/example_dags/example_branch_labels.py
[2026-01-08T11:56:54.792+0530] {processor.py:914} INFO - Processing file /home/sneha/spotify_airflow_project/venv/lib/python3.12/site-packages/airflow/example_dags/example_branch_labels.py for tasks to queue
[2026-01-08T11:56:54.794+0530] {logging_mixin.py:190} INFO - [2026-01-08T11:56:54.794+0530] {dagbag.py:588} INFO - Filling up the DagBag from /home/sneha/spotify_airflow_project/venv/lib/python3.12/site-packages/airflow/example_dags/example_branch_labels.py
[2026-01-08T11:56:54.805+0530] {processor.py:925} INFO - DAG(s) 'example_branch_labels' retrieved from /home/sneha/spotify_airflow_project/venv/lib/python3.12/site-packages/airflow/example_dags/example_branch_labels.py
[2026-01-08T11:56:54.831+0530] {logging_mixin.py:190} INFO - [2026-01-08T11:56:54.831+0530] {dag.py:3239} INFO - Sync 1 DAGs
[2026-01-08T11:56:54.857+0530] {logging_mixin.py:190} INFO - [2026-01-08T11:56:54.856+0530] {dag.py:4180} INFO - Setting next_dagrun for example_branch_labels to 2026-01-07 00:00:00+00:00, run_after=2026-01-08 00:00:00+00:00
[2026-01-08T11:56:54.883+0530] {processor.py:208} INFO - Processing /home/sneha/spotify_airflow_project/venv/lib/python3.12/site-packages/airflow/example_dags/example_branch_labels.py took 0.103 seconds
[2026-01-08T11:57:55.072+0530] {processor.py:186} INFO - Started process (PID=24889) to work on /home/sneha/spotify_airflow_project/venv/lib/python3.12/site-packages/airflow/example_dags/example_branch_labels.py
[2026-01-08T11:57:55.083+0530] {processor.py:914} INFO - Processing file /home/sneha/spotify_airflow_project/venv/lib/python3.12/site-packages/airflow/example_dags/example_branch_labels.py for tasks to queue
[2026-01-08T11:57:55.084+0530] {logging_mixin.py:190} INFO - [2026-01-08T11:57:55.084+0530] {dagbag.py:588} INFO - Filling up the DagBag from /home/sneha/spotify_airflow_project/venv/lib/python3.12/site-packages/airflow/example_dags/example_branch_labels.py
[2026-01-08T11:57:55.095+0530] {processor.py:925} INFO - DAG(s) 'example_branch_labels' retrieved from /home/sneha/spotify_airflow_project/venv/lib/python3.12/site-packages/airflow/example_dags/example_branch_labels.py
[2026-01-08T11:57:55.121+0530] {logging_mixin.py:190} INFO - [2026-01-08T11:57:55.121+0530] {dag.py:3239} INFO - Sync 1 DAGs
[2026-01-08T11:57:55.146+0530] {logging_mixin.py:190} INFO - [2026-01-08T11:57:55.146+0530] {dag.py:4180} INFO - Setting next_dagrun for example_branch_labels to 2026-01-07 00:00:00+00:00, run_after=2026-01-08 00:00:00+00:00
[2026-01-08T11:57:55.173+0530] {processor.py:208} INFO - Processing /home/sneha/spotify_airflow_project/venv/lib/python3.12/site-packages/airflow/example_dags/example_branch_labels.py took 0.113 seconds
[2026-01-08T11:58:54.144+0530] {processor.py:186} INFO - Started process (PID=24976) to work on /home/sneha/spotify_airflow_project/venv/lib/python3.12/site-packages/airflow/example_dags/example_branch_labels.py
[2026-01-08T11:58:54.146+0530] {processor.py:914} INFO - Processing file /home/sneha/spotify_airflow_project/venv/lib/python3.12/site-packages/airflow/example_dags/example_branch_labels.py for tasks to queue
[2026-01-08T11:58:54.147+0530] {logging_mixin.py:190} INFO - [2026-01-08T11:58:54.147+0530] {dagbag.py:588} INFO - Filling up the DagBag from /home/sneha/spotify_airflow_project/venv/lib/python3.12/site-packages/airflow/example_dags/example_branch_labels.py
[2026-01-08T11:58:54.157+0530] {processor.py:925} INFO - DAG(s) 'example_branch_labels' retrieved from /home/sneha/spotify_airflow_project/venv/lib/python3.12/site-packages/airflow/example_dags/example_branch_labels.py
[2026-01-08T11:58:54.183+0530] {logging_mixin.py:190} INFO - [2026-01-08T11:58:54.182+0530] {dag.py:3239} INFO - Sync 1 DAGs
[2026-01-08T11:58:54.208+0530] {logging_mixin.py:190} INFO - [2026-01-08T11:58:54.208+0530] {dag.py:4180} INFO - Setting next_dagrun for example_branch_labels to 2026-01-07 00:00:00+00:00, run_after=2026-01-08 00:00:00+00:00
[2026-01-08T11:58:54.235+0530] {processor.py:208} INFO - Processing /home/sneha/spotify_airflow_project/venv/lib/python3.12/site-packages/airflow/example_dags/example_branch_labels.py took 0.102 seconds
[2026-01-08T11:59:55.387+0530] {processor.py:186} INFO - Started process (PID=25037) to work on /home/sneha/spotify_airflow_project/venv/lib/python3.12/site-packages/airflow/example_dags/example_branch_labels.py
[2026-01-08T11:59:55.389+0530] {processor.py:914} INFO - Processing file /home/sneha/spotify_airflow_project/venv/lib/python3.12/site-packages/airflow/example_dags/example_branch_labels.py for tasks to queue
[2026-01-08T11:59:55.390+0530] {logging_mixin.py:190} INFO - [2026-01-08T11:59:55.390+0530] {dagbag.py:588} INFO - Filling up the DagBag from /home/sneha/spotify_airflow_project/venv/lib/python3.12/site-packages/airflow/example_dags/example_branch_labels.py
[2026-01-08T11:59:55.400+0530] {processor.py:925} INFO - DAG(s) 'example_branch_labels' retrieved from /home/sneha/spotify_airflow_project/venv/lib/python3.12/site-packages/airflow/example_dags/example_branch_labels.py
[2026-01-08T11:59:55.425+0530] {logging_mixin.py:190} INFO - [2026-01-08T11:59:55.425+0530] {dag.py:3239} INFO - Sync 1 DAGs
[2026-01-08T11:59:55.450+0530] {logging_mixin.py:190} INFO - [2026-01-08T11:59:55.450+0530] {dag.py:4180} INFO - Setting next_dagrun for example_branch_labels to 2026-01-07 00:00:00+00:00, run_after=2026-01-08 00:00:00+00:00
[2026-01-08T11:59:55.477+0530] {processor.py:208} INFO - Processing /home/sneha/spotify_airflow_project/venv/lib/python3.12/site-packages/airflow/example_dags/example_branch_labels.py took 0.101 seconds
[2026-01-08T12:00:57.690+0530] {processor.py:186} INFO - Started process (PID=25099) to work on /home/sneha/spotify_airflow_project/venv/lib/python3.12/site-packages/airflow/example_dags/example_branch_labels.py
[2026-01-08T12:00:57.701+0530] {processor.py:914} INFO - Processing file /home/sneha/spotify_airflow_project/venv/lib/python3.12/site-packages/airflow/example_dags/example_branch_labels.py for tasks to queue
[2026-01-08T12:00:57.703+0530] {logging_mixin.py:190} INFO - [2026-01-08T12:00:57.702+0530] {dagbag.py:588} INFO - Filling up the DagBag from /home/sneha/spotify_airflow_project/venv/lib/python3.12/site-packages/airflow/example_dags/example_branch_labels.py
[2026-01-08T12:00:57.712+0530] {processor.py:925} INFO - DAG(s) 'example_branch_labels' retrieved from /home/sneha/spotify_airflow_project/venv/lib/python3.12/site-packages/airflow/example_dags/example_branch_labels.py
[2026-01-08T12:00:57.739+0530] {logging_mixin.py:190} INFO - [2026-01-08T12:00:57.738+0530] {dag.py:3239} INFO - Sync 1 DAGs
[2026-01-08T12:00:57.764+0530] {logging_mixin.py:190} INFO - [2026-01-08T12:00:57.764+0530] {dag.py:4180} INFO - Setting next_dagrun for example_branch_labels to 2026-01-07 00:00:00+00:00, run_after=2026-01-08 00:00:00+00:00
[2026-01-08T12:00:57.791+0530] {processor.py:208} INFO - Processing /home/sneha/spotify_airflow_project/venv/lib/python3.12/site-packages/airflow/example_dags/example_branch_labels.py took 0.112 seconds
[2026-01-08T12:01:59.006+0530] {processor.py:186} INFO - Started process (PID=25160) to work on /home/sneha/spotify_airflow_project/venv/lib/python3.12/site-packages/airflow/example_dags/example_branch_labels.py
[2026-01-08T12:01:59.008+0530] {processor.py:914} INFO - Processing file /home/sneha/spotify_airflow_project/venv/lib/python3.12/site-packages/airflow/example_dags/example_branch_labels.py for tasks to queue
[2026-01-08T12:01:59.010+0530] {logging_mixin.py:190} INFO - [2026-01-08T12:01:59.009+0530] {dagbag.py:588} INFO - Filling up the DagBag from /home/sneha/spotify_airflow_project/venv/lib/python3.12/site-packages/airflow/example_dags/example_branch_labels.py
[2026-01-08T12:01:59.019+0530] {processor.py:925} INFO - DAG(s) 'example_branch_labels' retrieved from /home/sneha/spotify_airflow_project/venv/lib/python3.12/site-packages/airflow/example_dags/example_branch_labels.py
[2026-01-08T12:01:59.046+0530] {logging_mixin.py:190} INFO - [2026-01-08T12:01:59.046+0530] {dag.py:3239} INFO - Sync 1 DAGs
[2026-01-08T12:01:59.074+0530] {logging_mixin.py:190} INFO - [2026-01-08T12:01:59.074+0530] {dag.py:4180} INFO - Setting next_dagrun for example_branch_labels to 2026-01-07 00:00:00+00:00, run_after=2026-01-08 00:00:00+00:00
[2026-01-08T12:01:59.102+0530] {processor.py:208} INFO - Processing /home/sneha/spotify_airflow_project/venv/lib/python3.12/site-packages/airflow/example_dags/example_branch_labels.py took 0.107 seconds
[2026-01-08T12:03:05.514+0530] {processor.py:186} INFO - Started process (PID=25226) to work on /home/sneha/spotify_airflow_project/venv/lib/python3.12/site-packages/airflow/example_dags/example_branch_labels.py
[2026-01-08T12:03:05.516+0530] {processor.py:914} INFO - Processing file /home/sneha/spotify_airflow_project/venv/lib/python3.12/site-packages/airflow/example_dags/example_branch_labels.py for tasks to queue
[2026-01-08T12:03:05.518+0530] {logging_mixin.py:190} INFO - [2026-01-08T12:03:05.517+0530] {dagbag.py:588} INFO - Filling up the DagBag from /home/sneha/spotify_airflow_project/venv/lib/python3.12/site-packages/airflow/example_dags/example_branch_labels.py
[2026-01-08T12:03:05.529+0530] {processor.py:925} INFO - DAG(s) 'example_branch_labels' retrieved from /home/sneha/spotify_airflow_project/venv/lib/python3.12/site-packages/airflow/example_dags/example_branch_labels.py
[2026-01-08T12:03:05.557+0530] {logging_mixin.py:190} INFO - [2026-01-08T12:03:05.557+0530] {dag.py:3239} INFO - Sync 1 DAGs
[2026-01-08T12:03:05.584+0530] {logging_mixin.py:190} INFO - [2026-01-08T12:03:05.584+0530] {dag.py:4180} INFO - Setting next_dagrun for example_branch_labels to 2026-01-07 00:00:00+00:00, run_after=2026-01-08 00:00:00+00:00
[2026-01-08T12:03:05.611+0530] {processor.py:208} INFO - Processing /home/sneha/spotify_airflow_project/venv/lib/python3.12/site-packages/airflow/example_dags/example_branch_labels.py took 0.109 seconds
[2026-01-08T12:04:09.946+0530] {processor.py:186} INFO - Started process (PID=25319) to work on /home/sneha/spotify_airflow_project/venv/lib/python3.12/site-packages/airflow/example_dags/example_branch_labels.py
[2026-01-08T12:04:09.957+0530] {processor.py:914} INFO - Processing file /home/sneha/spotify_airflow_project/venv/lib/python3.12/site-packages/airflow/example_dags/example_branch_labels.py for tasks to queue
[2026-01-08T12:04:09.960+0530] {logging_mixin.py:190} INFO - [2026-01-08T12:04:09.959+0530] {dagbag.py:588} INFO - Filling up the DagBag from /home/sneha/spotify_airflow_project/venv/lib/python3.12/site-packages/airflow/example_dags/example_branch_labels.py
[2026-01-08T12:04:09.970+0530] {processor.py:925} INFO - DAG(s) 'example_branch_labels' retrieved from /home/sneha/spotify_airflow_project/venv/lib/python3.12/site-packages/airflow/example_dags/example_branch_labels.py
[2026-01-08T12:04:09.997+0530] {logging_mixin.py:190} INFO - [2026-01-08T12:04:09.997+0530] {dag.py:3239} INFO - Sync 1 DAGs
[2026-01-08T12:04:10.024+0530] {logging_mixin.py:190} INFO - [2026-01-08T12:04:10.024+0530] {dag.py:4180} INFO - Setting next_dagrun for example_branch_labels to 2026-01-07 00:00:00+00:00, run_after=2026-01-08 00:00:00+00:00
[2026-01-08T12:04:10.051+0530] {processor.py:208} INFO - Processing /home/sneha/spotify_airflow_project/venv/lib/python3.12/site-packages/airflow/example_dags/example_branch_labels.py took 0.116 seconds
[2026-01-08T12:05:14.573+0530] {processor.py:186} INFO - Started process (PID=25394) to work on /home/sneha/spotify_airflow_project/venv/lib/python3.12/site-packages/airflow/example_dags/example_branch_labels.py
[2026-01-08T12:05:14.575+0530] {processor.py:914} INFO - Processing file /home/sneha/spotify_airflow_project/venv/lib/python3.12/site-packages/airflow/example_dags/example_branch_labels.py for tasks to queue
[2026-01-08T12:05:14.577+0530] {logging_mixin.py:190} INFO - [2026-01-08T12:05:14.576+0530] {dagbag.py:588} INFO - Filling up the DagBag from /home/sneha/spotify_airflow_project/venv/lib/python3.12/site-packages/airflow/example_dags/example_branch_labels.py
[2026-01-08T12:05:14.586+0530] {processor.py:925} INFO - DAG(s) 'example_branch_labels' retrieved from /home/sneha/spotify_airflow_project/venv/lib/python3.12/site-packages/airflow/example_dags/example_branch_labels.py
[2026-01-08T12:05:14.611+0530] {logging_mixin.py:190} INFO - [2026-01-08T12:05:14.611+0530] {dag.py:3239} INFO - Sync 1 DAGs
[2026-01-08T12:05:14.637+0530] {logging_mixin.py:190} INFO - [2026-01-08T12:05:14.637+0530] {dag.py:4180} INFO - Setting next_dagrun for example_branch_labels to 2026-01-07 00:00:00+00:00, run_after=2026-01-08 00:00:00+00:00
[2026-01-08T12:05:14.663+0530] {processor.py:208} INFO - Processing /home/sneha/spotify_airflow_project/venv/lib/python3.12/site-packages/airflow/example_dags/example_branch_labels.py took 0.102 seconds
[2026-01-08T12:06:16.738+0530] {processor.py:186} INFO - Started process (PID=25456) to work on /home/sneha/spotify_airflow_project/venv/lib/python3.12/site-packages/airflow/example_dags/example_branch_labels.py
[2026-01-08T12:06:16.739+0530] {processor.py:914} INFO - Processing file /home/sneha/spotify_airflow_project/venv/lib/python3.12/site-packages/airflow/example_dags/example_branch_labels.py for tasks to queue
[2026-01-08T12:06:16.741+0530] {logging_mixin.py:190} INFO - [2026-01-08T12:06:16.740+0530] {dagbag.py:588} INFO - Filling up the DagBag from /home/sneha/spotify_airflow_project/venv/lib/python3.12/site-packages/airflow/example_dags/example_branch_labels.py
[2026-01-08T12:06:16.752+0530] {processor.py:925} INFO - DAG(s) 'example_branch_labels' retrieved from /home/sneha/spotify_airflow_project/venv/lib/python3.12/site-packages/airflow/example_dags/example_branch_labels.py
[2026-01-08T12:06:16.780+0530] {logging_mixin.py:190} INFO - [2026-01-08T12:06:16.779+0530] {dag.py:3239} INFO - Sync 1 DAGs
[2026-01-08T12:06:16.807+0530] {logging_mixin.py:190} INFO - [2026-01-08T12:06:16.807+0530] {dag.py:4180} INFO - Setting next_dagrun for example_branch_labels to 2026-01-07 00:00:00+00:00, run_after=2026-01-08 00:00:00+00:00
[2026-01-08T12:06:16.834+0530] {processor.py:208} INFO - Processing /home/sneha/spotify_airflow_project/venv/lib/python3.12/site-packages/airflow/example_dags/example_branch_labels.py took 0.108 seconds
[2026-01-08T12:07:15.921+0530] {processor.py:186} INFO - Started process (PID=25518) to work on /home/sneha/spotify_airflow_project/venv/lib/python3.12/site-packages/airflow/example_dags/example_branch_labels.py
[2026-01-08T12:07:15.923+0530] {processor.py:914} INFO - Processing file /home/sneha/spotify_airflow_project/venv/lib/python3.12/site-packages/airflow/example_dags/example_branch_labels.py for tasks to queue
[2026-01-08T12:07:15.925+0530] {logging_mixin.py:190} INFO - [2026-01-08T12:07:15.924+0530] {dagbag.py:588} INFO - Filling up the DagBag from /home/sneha/spotify_airflow_project/venv/lib/python3.12/site-packages/airflow/example_dags/example_branch_labels.py
[2026-01-08T12:07:15.936+0530] {processor.py:925} INFO - DAG(s) 'example_branch_labels' retrieved from /home/sneha/spotify_airflow_project/venv/lib/python3.12/site-packages/airflow/example_dags/example_branch_labels.py
[2026-01-08T12:07:15.964+0530] {logging_mixin.py:190} INFO - [2026-01-08T12:07:15.963+0530] {dag.py:3239} INFO - Sync 1 DAGs
[2026-01-08T12:07:15.991+0530] {logging_mixin.py:190} INFO - [2026-01-08T12:07:15.991+0530] {dag.py:4180} INFO - Setting next_dagrun for example_branch_labels to 2026-01-07 00:00:00+00:00, run_after=2026-01-08 00:00:00+00:00
[2026-01-08T12:07:16.018+0530] {processor.py:208} INFO - Processing /home/sneha/spotify_airflow_project/venv/lib/python3.12/site-packages/airflow/example_dags/example_branch_labels.py took 0.110 seconds
[2026-01-08T12:08:17.208+0530] {processor.py:186} INFO - Started process (PID=25578) to work on /home/sneha/spotify_airflow_project/venv/lib/python3.12/site-packages/airflow/example_dags/example_branch_labels.py
[2026-01-08T12:08:17.210+0530] {processor.py:914} INFO - Processing file /home/sneha/spotify_airflow_project/venv/lib/python3.12/site-packages/airflow/example_dags/example_branch_labels.py for tasks to queue
[2026-01-08T12:08:17.212+0530] {logging_mixin.py:190} INFO - [2026-01-08T12:08:17.211+0530] {dagbag.py:588} INFO - Filling up the DagBag from /home/sneha/spotify_airflow_project/venv/lib/python3.12/site-packages/airflow/example_dags/example_branch_labels.py
[2026-01-08T12:08:17.222+0530] {processor.py:925} INFO - DAG(s) 'example_branch_labels' retrieved from /home/sneha/spotify_airflow_project/venv/lib/python3.12/site-packages/airflow/example_dags/example_branch_labels.py
[2026-01-08T12:08:17.248+0530] {logging_mixin.py:190} INFO - [2026-01-08T12:08:17.247+0530] {dag.py:3239} INFO - Sync 1 DAGs
[2026-01-08T12:08:17.276+0530] {logging_mixin.py:190} INFO - [2026-01-08T12:08:17.275+0530] {dag.py:4180} INFO - Setting next_dagrun for example_branch_labels to 2026-01-07 00:00:00+00:00, run_after=2026-01-08 00:00:00+00:00
[2026-01-08T12:08:17.305+0530] {processor.py:208} INFO - Processing /home/sneha/spotify_airflow_project/venv/lib/python3.12/site-packages/airflow/example_dags/example_branch_labels.py took 0.108 seconds
[2026-01-08T12:09:25.780+0530] {processor.py:186} INFO - Started process (PID=25671) to work on /home/sneha/spotify_airflow_project/venv/lib/python3.12/site-packages/airflow/example_dags/example_branch_labels.py
[2026-01-08T12:09:25.781+0530] {processor.py:914} INFO - Processing file /home/sneha/spotify_airflow_project/venv/lib/python3.12/site-packages/airflow/example_dags/example_branch_labels.py for tasks to queue
[2026-01-08T12:09:25.783+0530] {logging_mixin.py:190} INFO - [2026-01-08T12:09:25.783+0530] {dagbag.py:588} INFO - Filling up the DagBag from /home/sneha/spotify_airflow_project/venv/lib/python3.12/site-packages/airflow/example_dags/example_branch_labels.py
[2026-01-08T12:09:25.794+0530] {processor.py:925} INFO - DAG(s) 'example_branch_labels' retrieved from /home/sneha/spotify_airflow_project/venv/lib/python3.12/site-packages/airflow/example_dags/example_branch_labels.py
[2026-01-08T12:09:25.821+0530] {logging_mixin.py:190} INFO - [2026-01-08T12:09:25.820+0530] {dag.py:3239} INFO - Sync 1 DAGs
[2026-01-08T12:09:25.848+0530] {logging_mixin.py:190} INFO - [2026-01-08T12:09:25.848+0530] {dag.py:4180} INFO - Setting next_dagrun for example_branch_labels to 2026-01-07 00:00:00+00:00, run_after=2026-01-08 00:00:00+00:00
[2026-01-08T12:09:25.876+0530] {processor.py:208} INFO - Processing /home/sneha/spotify_airflow_project/venv/lib/python3.12/site-packages/airflow/example_dags/example_branch_labels.py took 0.109 seconds
[2026-01-08T12:10:23.592+0530] {processor.py:186} INFO - Started process (PID=25735) to work on /home/sneha/spotify_airflow_project/venv/lib/python3.12/site-packages/airflow/example_dags/example_branch_labels.py
[2026-01-08T12:10:23.593+0530] {processor.py:914} INFO - Processing file /home/sneha/spotify_airflow_project/venv/lib/python3.12/site-packages/airflow/example_dags/example_branch_labels.py for tasks to queue
[2026-01-08T12:10:23.595+0530] {logging_mixin.py:190} INFO - [2026-01-08T12:10:23.595+0530] {dagbag.py:588} INFO - Filling up the DagBag from /home/sneha/spotify_airflow_project/venv/lib/python3.12/site-packages/airflow/example_dags/example_branch_labels.py
[2026-01-08T12:10:23.605+0530] {processor.py:925} INFO - DAG(s) 'example_branch_labels' retrieved from /home/sneha/spotify_airflow_project/venv/lib/python3.12/site-packages/airflow/example_dags/example_branch_labels.py
[2026-01-08T12:10:23.630+0530] {logging_mixin.py:190} INFO - [2026-01-08T12:10:23.630+0530] {dag.py:3239} INFO - Sync 1 DAGs
[2026-01-08T12:10:23.656+0530] {logging_mixin.py:190} INFO - [2026-01-08T12:10:23.655+0530] {dag.py:4180} INFO - Setting next_dagrun for example_branch_labels to 2026-01-07 00:00:00+00:00, run_after=2026-01-08 00:00:00+00:00
[2026-01-08T12:10:23.683+0530] {processor.py:208} INFO - Processing /home/sneha/spotify_airflow_project/venv/lib/python3.12/site-packages/airflow/example_dags/example_branch_labels.py took 0.103 seconds
[2026-01-08T12:11:52.192+0530] {processor.py:186} INFO - Started process (PID=25825) to work on /home/sneha/spotify_airflow_project/venv/lib/python3.12/site-packages/airflow/example_dags/example_branch_labels.py
[2026-01-08T12:11:52.193+0530] {processor.py:914} INFO - Processing file /home/sneha/spotify_airflow_project/venv/lib/python3.12/site-packages/airflow/example_dags/example_branch_labels.py for tasks to queue
[2026-01-08T12:11:52.195+0530] {logging_mixin.py:190} INFO - [2026-01-08T12:11:52.194+0530] {dagbag.py:588} INFO - Filling up the DagBag from /home/sneha/spotify_airflow_project/venv/lib/python3.12/site-packages/airflow/example_dags/example_branch_labels.py
[2026-01-08T12:11:52.205+0530] {processor.py:925} INFO - DAG(s) 'example_branch_labels' retrieved from /home/sneha/spotify_airflow_project/venv/lib/python3.12/site-packages/airflow/example_dags/example_branch_labels.py
[2026-01-08T12:11:52.233+0530] {logging_mixin.py:190} INFO - [2026-01-08T12:11:52.233+0530] {dag.py:3239} INFO - Sync 1 DAGs
[2026-01-08T12:11:52.260+0530] {logging_mixin.py:190} INFO - [2026-01-08T12:11:52.260+0530] {dag.py:4180} INFO - Setting next_dagrun for example_branch_labels to 2026-01-07 00:00:00+00:00, run_after=2026-01-08 00:00:00+00:00
[2026-01-08T12:11:52.288+0530] {processor.py:208} INFO - Processing /home/sneha/spotify_airflow_project/venv/lib/python3.12/site-packages/airflow/example_dags/example_branch_labels.py took 0.108 seconds
[2026-01-08T12:24:22.726+0530] {processor.py:186} INFO - Started process (PID=26205) to work on /home/sneha/spotify_airflow_project/venv/lib/python3.12/site-packages/airflow/example_dags/example_branch_labels.py
[2026-01-08T12:24:22.728+0530] {processor.py:914} INFO - Processing file /home/sneha/spotify_airflow_project/venv/lib/python3.12/site-packages/airflow/example_dags/example_branch_labels.py for tasks to queue
[2026-01-08T12:24:22.730+0530] {logging_mixin.py:190} INFO - [2026-01-08T12:24:22.729+0530] {dagbag.py:588} INFO - Filling up the DagBag from /home/sneha/spotify_airflow_project/venv/lib/python3.12/site-packages/airflow/example_dags/example_branch_labels.py
[2026-01-08T12:24:22.740+0530] {processor.py:925} INFO - DAG(s) 'example_branch_labels' retrieved from /home/sneha/spotify_airflow_project/venv/lib/python3.12/site-packages/airflow/example_dags/example_branch_labels.py
[2026-01-08T12:24:22.765+0530] {logging_mixin.py:190} INFO - [2026-01-08T12:24:22.765+0530] {dag.py:3239} INFO - Sync 1 DAGs
[2026-01-08T12:24:22.791+0530] {logging_mixin.py:190} INFO - [2026-01-08T12:24:22.790+0530] {dag.py:4180} INFO - Setting next_dagrun for example_branch_labels to 2026-01-07 00:00:00+00:00, run_after=2026-01-08 00:00:00+00:00
[2026-01-08T12:24:22.817+0530] {processor.py:208} INFO - Processing /home/sneha/spotify_airflow_project/venv/lib/python3.12/site-packages/airflow/example_dags/example_branch_labels.py took 0.100 seconds
[2026-01-08T12:25:27.750+0530] {processor.py:186} INFO - Started process (PID=26302) to work on /home/sneha/spotify_airflow_project/venv/lib/python3.12/site-packages/airflow/example_dags/example_branch_labels.py
[2026-01-08T12:25:27.751+0530] {processor.py:914} INFO - Processing file /home/sneha/spotify_airflow_project/venv/lib/python3.12/site-packages/airflow/example_dags/example_branch_labels.py for tasks to queue
[2026-01-08T12:25:27.753+0530] {logging_mixin.py:190} INFO - [2026-01-08T12:25:27.753+0530] {dagbag.py:588} INFO - Filling up the DagBag from /home/sneha/spotify_airflow_project/venv/lib/python3.12/site-packages/airflow/example_dags/example_branch_labels.py
[2026-01-08T12:25:27.763+0530] {processor.py:925} INFO - DAG(s) 'example_branch_labels' retrieved from /home/sneha/spotify_airflow_project/venv/lib/python3.12/site-packages/airflow/example_dags/example_branch_labels.py
[2026-01-08T12:25:27.792+0530] {logging_mixin.py:190} INFO - [2026-01-08T12:25:27.791+0530] {dag.py:3239} INFO - Sync 1 DAGs
[2026-01-08T12:25:27.820+0530] {logging_mixin.py:190} INFO - [2026-01-08T12:25:27.820+0530] {dag.py:4180} INFO - Setting next_dagrun for example_branch_labels to 2026-01-07 00:00:00+00:00, run_after=2026-01-08 00:00:00+00:00
[2026-01-08T12:25:27.848+0530] {processor.py:208} INFO - Processing /home/sneha/spotify_airflow_project/venv/lib/python3.12/site-packages/airflow/example_dags/example_branch_labels.py took 0.110 seconds
[2026-01-08T12:26:33.253+0530] {processor.py:186} INFO - Started process (PID=26368) to work on /home/sneha/spotify_airflow_project/venv/lib/python3.12/site-packages/airflow/example_dags/example_branch_labels.py
[2026-01-08T12:26:33.255+0530] {processor.py:914} INFO - Processing file /home/sneha/spotify_airflow_project/venv/lib/python3.12/site-packages/airflow/example_dags/example_branch_labels.py for tasks to queue
[2026-01-08T12:26:33.257+0530] {logging_mixin.py:190} INFO - [2026-01-08T12:26:33.256+0530] {dagbag.py:588} INFO - Filling up the DagBag from /home/sneha/spotify_airflow_project/venv/lib/python3.12/site-packages/airflow/example_dags/example_branch_labels.py
[2026-01-08T12:26:33.267+0530] {processor.py:925} INFO - DAG(s) 'example_branch_labels' retrieved from /home/sneha/spotify_airflow_project/venv/lib/python3.12/site-packages/airflow/example_dags/example_branch_labels.py
[2026-01-08T12:26:33.293+0530] {logging_mixin.py:190} INFO - [2026-01-08T12:26:33.293+0530] {dag.py:3239} INFO - Sync 1 DAGs
[2026-01-08T12:26:33.321+0530] {logging_mixin.py:190} INFO - [2026-01-08T12:26:33.320+0530] {dag.py:4180} INFO - Setting next_dagrun for example_branch_labels to 2026-01-07 00:00:00+00:00, run_after=2026-01-08 00:00:00+00:00
[2026-01-08T12:26:33.348+0530] {processor.py:208} INFO - Processing /home/sneha/spotify_airflow_project/venv/lib/python3.12/site-packages/airflow/example_dags/example_branch_labels.py took 0.106 seconds
[2026-01-08T12:27:36.294+0530] {processor.py:186} INFO - Started process (PID=26430) to work on /home/sneha/spotify_airflow_project/venv/lib/python3.12/site-packages/airflow/example_dags/example_branch_labels.py
[2026-01-08T12:27:36.296+0530] {processor.py:914} INFO - Processing file /home/sneha/spotify_airflow_project/venv/lib/python3.12/site-packages/airflow/example_dags/example_branch_labels.py for tasks to queue
[2026-01-08T12:27:36.298+0530] {logging_mixin.py:190} INFO - [2026-01-08T12:27:36.297+0530] {dagbag.py:588} INFO - Filling up the DagBag from /home/sneha/spotify_airflow_project/venv/lib/python3.12/site-packages/airflow/example_dags/example_branch_labels.py
[2026-01-08T12:27:36.309+0530] {processor.py:925} INFO - DAG(s) 'example_branch_labels' retrieved from /home/sneha/spotify_airflow_project/venv/lib/python3.12/site-packages/airflow/example_dags/example_branch_labels.py
[2026-01-08T12:27:36.335+0530] {logging_mixin.py:190} INFO - [2026-01-08T12:27:36.334+0530] {dag.py:3239} INFO - Sync 1 DAGs
[2026-01-08T12:27:36.362+0530] {logging_mixin.py:190} INFO - [2026-01-08T12:27:36.362+0530] {dag.py:4180} INFO - Setting next_dagrun for example_branch_labels to 2026-01-07 00:00:00+00:00, run_after=2026-01-08 00:00:00+00:00
[2026-01-08T12:27:36.390+0530] {processor.py:208} INFO - Processing /home/sneha/spotify_airflow_project/venv/lib/python3.12/site-packages/airflow/example_dags/example_branch_labels.py took 0.108 seconds
[2026-01-08T12:28:37.551+0530] {processor.py:186} INFO - Started process (PID=26490) to work on /home/sneha/spotify_airflow_project/venv/lib/python3.12/site-packages/airflow/example_dags/example_branch_labels.py
[2026-01-08T12:28:37.553+0530] {processor.py:914} INFO - Processing file /home/sneha/spotify_airflow_project/venv/lib/python3.12/site-packages/airflow/example_dags/example_branch_labels.py for tasks to queue
[2026-01-08T12:28:37.555+0530] {logging_mixin.py:190} INFO - [2026-01-08T12:28:37.554+0530] {dagbag.py:588} INFO - Filling up the DagBag from /home/sneha/spotify_airflow_project/venv/lib/python3.12/site-packages/airflow/example_dags/example_branch_labels.py
[2026-01-08T12:28:37.564+0530] {processor.py:925} INFO - DAG(s) 'example_branch_labels' retrieved from /home/sneha/spotify_airflow_project/venv/lib/python3.12/site-packages/airflow/example_dags/example_branch_labels.py
[2026-01-08T12:28:37.589+0530] {logging_mixin.py:190} INFO - [2026-01-08T12:28:37.589+0530] {dag.py:3239} INFO - Sync 1 DAGs
[2026-01-08T12:28:37.615+0530] {logging_mixin.py:190} INFO - [2026-01-08T12:28:37.614+0530] {dag.py:4180} INFO - Setting next_dagrun for example_branch_labels to 2026-01-07 00:00:00+00:00, run_after=2026-01-08 00:00:00+00:00
[2026-01-08T12:28:37.641+0530] {processor.py:208} INFO - Processing /home/sneha/spotify_airflow_project/venv/lib/python3.12/site-packages/airflow/example_dags/example_branch_labels.py took 0.102 seconds
[2026-01-08T12:29:42.674+0530] {processor.py:186} INFO - Started process (PID=26584) to work on /home/sneha/spotify_airflow_project/venv/lib/python3.12/site-packages/airflow/example_dags/example_branch_labels.py
[2026-01-08T12:29:42.676+0530] {processor.py:914} INFO - Processing file /home/sneha/spotify_airflow_project/venv/lib/python3.12/site-packages/airflow/example_dags/example_branch_labels.py for tasks to queue
[2026-01-08T12:29:42.678+0530] {logging_mixin.py:190} INFO - [2026-01-08T12:29:42.677+0530] {dagbag.py:588} INFO - Filling up the DagBag from /home/sneha/spotify_airflow_project/venv/lib/python3.12/site-packages/airflow/example_dags/example_branch_labels.py
[2026-01-08T12:29:42.688+0530] {processor.py:925} INFO - DAG(s) 'example_branch_labels' retrieved from /home/sneha/spotify_airflow_project/venv/lib/python3.12/site-packages/airflow/example_dags/example_branch_labels.py
[2026-01-08T12:29:42.714+0530] {logging_mixin.py:190} INFO - [2026-01-08T12:29:42.714+0530] {dag.py:3239} INFO - Sync 1 DAGs
[2026-01-08T12:29:42.742+0530] {logging_mixin.py:190} INFO - [2026-01-08T12:29:42.742+0530] {dag.py:4180} INFO - Setting next_dagrun for example_branch_labels to 2026-01-07 00:00:00+00:00, run_after=2026-01-08 00:00:00+00:00
[2026-01-08T12:29:42.771+0530] {processor.py:208} INFO - Processing /home/sneha/spotify_airflow_project/venv/lib/python3.12/site-packages/airflow/example_dags/example_branch_labels.py took 0.109 seconds
[2026-01-08T12:32:38.324+0530] {processor.py:186} INFO - Started process (PID=31233) to work on /home/sneha/spotify_airflow_project/venv/lib/python3.12/site-packages/airflow/example_dags/example_branch_labels.py
[2026-01-08T12:32:38.325+0530] {processor.py:914} INFO - Processing file /home/sneha/spotify_airflow_project/venv/lib/python3.12/site-packages/airflow/example_dags/example_branch_labels.py for tasks to queue
[2026-01-08T12:32:38.327+0530] {logging_mixin.py:190} INFO - [2026-01-08T12:32:38.326+0530] {dagbag.py:588} INFO - Filling up the DagBag from /home/sneha/spotify_airflow_project/venv/lib/python3.12/site-packages/airflow/example_dags/example_branch_labels.py
[2026-01-08T12:32:38.337+0530] {processor.py:925} INFO - DAG(s) 'example_branch_labels' retrieved from /home/sneha/spotify_airflow_project/venv/lib/python3.12/site-packages/airflow/example_dags/example_branch_labels.py
[2026-01-08T12:32:38.362+0530] {logging_mixin.py:190} INFO - [2026-01-08T12:32:38.362+0530] {dag.py:3239} INFO - Sync 1 DAGs
[2026-01-08T12:32:38.388+0530] {logging_mixin.py:190} INFO - [2026-01-08T12:32:38.387+0530] {dag.py:4180} INFO - Setting next_dagrun for example_branch_labels to 2026-01-07 00:00:00+00:00, run_after=2026-01-08 00:00:00+00:00
[2026-01-08T12:32:38.414+0530] {processor.py:208} INFO - Processing /home/sneha/spotify_airflow_project/venv/lib/python3.12/site-packages/airflow/example_dags/example_branch_labels.py took 0.102 seconds
[2026-01-08T12:33:41.045+0530] {processor.py:186} INFO - Started process (PID=31295) to work on /home/sneha/spotify_airflow_project/venv/lib/python3.12/site-packages/airflow/example_dags/example_branch_labels.py
[2026-01-08T12:33:41.046+0530] {processor.py:914} INFO - Processing file /home/sneha/spotify_airflow_project/venv/lib/python3.12/site-packages/airflow/example_dags/example_branch_labels.py for tasks to queue
[2026-01-08T12:33:41.048+0530] {logging_mixin.py:190} INFO - [2026-01-08T12:33:41.047+0530] {dagbag.py:588} INFO - Filling up the DagBag from /home/sneha/spotify_airflow_project/venv/lib/python3.12/site-packages/airflow/example_dags/example_branch_labels.py
[2026-01-08T12:33:41.058+0530] {processor.py:925} INFO - DAG(s) 'example_branch_labels' retrieved from /home/sneha/spotify_airflow_project/venv/lib/python3.12/site-packages/airflow/example_dags/example_branch_labels.py
[2026-01-08T12:33:41.083+0530] {logging_mixin.py:190} INFO - [2026-01-08T12:33:41.082+0530] {dag.py:3239} INFO - Sync 1 DAGs
[2026-01-08T12:33:41.108+0530] {logging_mixin.py:190} INFO - [2026-01-08T12:33:41.108+0530] {dag.py:4180} INFO - Setting next_dagrun for example_branch_labels to 2026-01-07 00:00:00+00:00, run_after=2026-01-08 00:00:00+00:00
[2026-01-08T12:33:41.134+0530] {processor.py:208} INFO - Processing /home/sneha/spotify_airflow_project/venv/lib/python3.12/site-packages/airflow/example_dags/example_branch_labels.py took 0.099 seconds
[2026-01-08T12:34:42.731+0530] {processor.py:186} INFO - Started process (PID=31384) to work on /home/sneha/spotify_airflow_project/venv/lib/python3.12/site-packages/airflow/example_dags/example_branch_labels.py
[2026-01-08T12:34:42.733+0530] {processor.py:914} INFO - Processing file /home/sneha/spotify_airflow_project/venv/lib/python3.12/site-packages/airflow/example_dags/example_branch_labels.py for tasks to queue
[2026-01-08T12:34:42.735+0530] {logging_mixin.py:190} INFO - [2026-01-08T12:34:42.734+0530] {dagbag.py:588} INFO - Filling up the DagBag from /home/sneha/spotify_airflow_project/venv/lib/python3.12/site-packages/airflow/example_dags/example_branch_labels.py
[2026-01-08T12:34:42.744+0530] {processor.py:925} INFO - DAG(s) 'example_branch_labels' retrieved from /home/sneha/spotify_airflow_project/venv/lib/python3.12/site-packages/airflow/example_dags/example_branch_labels.py
[2026-01-08T12:34:42.770+0530] {logging_mixin.py:190} INFO - [2026-01-08T12:34:42.770+0530] {dag.py:3239} INFO - Sync 1 DAGs
[2026-01-08T12:34:42.799+0530] {logging_mixin.py:190} INFO - [2026-01-08T12:34:42.798+0530] {dag.py:4180} INFO - Setting next_dagrun for example_branch_labels to 2026-01-07 00:00:00+00:00, run_after=2026-01-08 00:00:00+00:00
[2026-01-08T12:34:42.827+0530] {processor.py:208} INFO - Processing /home/sneha/spotify_airflow_project/venv/lib/python3.12/site-packages/airflow/example_dags/example_branch_labels.py took 0.107 seconds
[2026-01-08T12:35:41.504+0530] {processor.py:186} INFO - Started process (PID=31450) to work on /home/sneha/spotify_airflow_project/venv/lib/python3.12/site-packages/airflow/example_dags/example_branch_labels.py
[2026-01-08T12:35:41.506+0530] {processor.py:914} INFO - Processing file /home/sneha/spotify_airflow_project/venv/lib/python3.12/site-packages/airflow/example_dags/example_branch_labels.py for tasks to queue
[2026-01-08T12:35:41.508+0530] {logging_mixin.py:190} INFO - [2026-01-08T12:35:41.507+0530] {dagbag.py:588} INFO - Filling up the DagBag from /home/sneha/spotify_airflow_project/venv/lib/python3.12/site-packages/airflow/example_dags/example_branch_labels.py
[2026-01-08T12:35:41.518+0530] {processor.py:925} INFO - DAG(s) 'example_branch_labels' retrieved from /home/sneha/spotify_airflow_project/venv/lib/python3.12/site-packages/airflow/example_dags/example_branch_labels.py
[2026-01-08T12:35:41.546+0530] {logging_mixin.py:190} INFO - [2026-01-08T12:35:41.545+0530] {dag.py:3239} INFO - Sync 1 DAGs
[2026-01-08T12:35:41.573+0530] {logging_mixin.py:190} INFO - [2026-01-08T12:35:41.573+0530] {dag.py:4180} INFO - Setting next_dagrun for example_branch_labels to 2026-01-07 00:00:00+00:00, run_after=2026-01-08 00:00:00+00:00
[2026-01-08T12:35:41.600+0530] {processor.py:208} INFO - Processing /home/sneha/spotify_airflow_project/venv/lib/python3.12/site-packages/airflow/example_dags/example_branch_labels.py took 0.107 seconds
[2026-01-08T12:36:45.682+0530] {processor.py:186} INFO - Started process (PID=31512) to work on /home/sneha/spotify_airflow_project/venv/lib/python3.12/site-packages/airflow/example_dags/example_branch_labels.py
[2026-01-08T12:36:45.684+0530] {processor.py:914} INFO - Processing file /home/sneha/spotify_airflow_project/venv/lib/python3.12/site-packages/airflow/example_dags/example_branch_labels.py for tasks to queue
[2026-01-08T12:36:45.686+0530] {logging_mixin.py:190} INFO - [2026-01-08T12:36:45.685+0530] {dagbag.py:588} INFO - Filling up the DagBag from /home/sneha/spotify_airflow_project/venv/lib/python3.12/site-packages/airflow/example_dags/example_branch_labels.py
[2026-01-08T12:36:45.695+0530] {processor.py:925} INFO - DAG(s) 'example_branch_labels' retrieved from /home/sneha/spotify_airflow_project/venv/lib/python3.12/site-packages/airflow/example_dags/example_branch_labels.py
[2026-01-08T12:36:45.723+0530] {logging_mixin.py:190} INFO - [2026-01-08T12:36:45.723+0530] {dag.py:3239} INFO - Sync 1 DAGs
[2026-01-08T12:36:45.751+0530] {logging_mixin.py:190} INFO - [2026-01-08T12:36:45.751+0530] {dag.py:4180} INFO - Setting next_dagrun for example_branch_labels to 2026-01-07 00:00:00+00:00, run_after=2026-01-08 00:00:00+00:00
[2026-01-08T12:36:45.778+0530] {processor.py:208} INFO - Processing /home/sneha/spotify_airflow_project/venv/lib/python3.12/site-packages/airflow/example_dags/example_branch_labels.py took 0.107 seconds
[2026-01-08T12:37:47.035+0530] {processor.py:186} INFO - Started process (PID=31572) to work on /home/sneha/spotify_airflow_project/venv/lib/python3.12/site-packages/airflow/example_dags/example_branch_labels.py
[2026-01-08T12:37:47.036+0530] {processor.py:914} INFO - Processing file /home/sneha/spotify_airflow_project/venv/lib/python3.12/site-packages/airflow/example_dags/example_branch_labels.py for tasks to queue
[2026-01-08T12:37:47.038+0530] {logging_mixin.py:190} INFO - [2026-01-08T12:37:47.037+0530] {dagbag.py:588} INFO - Filling up the DagBag from /home/sneha/spotify_airflow_project/venv/lib/python3.12/site-packages/airflow/example_dags/example_branch_labels.py
[2026-01-08T12:37:47.049+0530] {processor.py:925} INFO - DAG(s) 'example_branch_labels' retrieved from /home/sneha/spotify_airflow_project/venv/lib/python3.12/site-packages/airflow/example_dags/example_branch_labels.py
[2026-01-08T12:37:47.075+0530] {logging_mixin.py:190} INFO - [2026-01-08T12:37:47.074+0530] {dag.py:3239} INFO - Sync 1 DAGs
[2026-01-08T12:37:47.101+0530] {logging_mixin.py:190} INFO - [2026-01-08T12:37:47.100+0530] {dag.py:4180} INFO - Setting next_dagrun for example_branch_labels to 2026-01-07 00:00:00+00:00, run_after=2026-01-08 00:00:00+00:00
[2026-01-08T12:37:47.127+0530] {processor.py:208} INFO - Processing /home/sneha/spotify_airflow_project/venv/lib/python3.12/site-packages/airflow/example_dags/example_branch_labels.py took 0.105 seconds
[2026-01-08T12:38:53.025+0530] {processor.py:186} INFO - Started process (PID=31636) to work on /home/sneha/spotify_airflow_project/venv/lib/python3.12/site-packages/airflow/example_dags/example_branch_labels.py
[2026-01-08T12:38:53.026+0530] {processor.py:914} INFO - Processing file /home/sneha/spotify_airflow_project/venv/lib/python3.12/site-packages/airflow/example_dags/example_branch_labels.py for tasks to queue
[2026-01-08T12:38:53.028+0530] {logging_mixin.py:190} INFO - [2026-01-08T12:38:53.027+0530] {dagbag.py:588} INFO - Filling up the DagBag from /home/sneha/spotify_airflow_project/venv/lib/python3.12/site-packages/airflow/example_dags/example_branch_labels.py
[2026-01-08T12:38:53.038+0530] {processor.py:925} INFO - DAG(s) 'example_branch_labels' retrieved from /home/sneha/spotify_airflow_project/venv/lib/python3.12/site-packages/airflow/example_dags/example_branch_labels.py
[2026-01-08T12:38:53.062+0530] {logging_mixin.py:190} INFO - [2026-01-08T12:38:53.062+0530] {dag.py:3239} INFO - Sync 1 DAGs
[2026-01-08T12:38:53.087+0530] {logging_mixin.py:190} INFO - [2026-01-08T12:38:53.087+0530] {dag.py:4180} INFO - Setting next_dagrun for example_branch_labels to 2026-01-07 00:00:00+00:00, run_after=2026-01-08 00:00:00+00:00
[2026-01-08T12:38:53.312+0530] {processor.py:208} INFO - Processing /home/sneha/spotify_airflow_project/venv/lib/python3.12/site-packages/airflow/example_dags/example_branch_labels.py took 0.299 seconds
[2026-01-08T12:39:58.897+0530] {processor.py:186} INFO - Started process (PID=31728) to work on /home/sneha/spotify_airflow_project/venv/lib/python3.12/site-packages/airflow/example_dags/example_branch_labels.py
[2026-01-08T12:39:58.898+0530] {processor.py:914} INFO - Processing file /home/sneha/spotify_airflow_project/venv/lib/python3.12/site-packages/airflow/example_dags/example_branch_labels.py for tasks to queue
[2026-01-08T12:39:58.900+0530] {logging_mixin.py:190} INFO - [2026-01-08T12:39:58.899+0530] {dagbag.py:588} INFO - Filling up the DagBag from /home/sneha/spotify_airflow_project/venv/lib/python3.12/site-packages/airflow/example_dags/example_branch_labels.py
[2026-01-08T12:39:58.910+0530] {processor.py:925} INFO - DAG(s) 'example_branch_labels' retrieved from /home/sneha/spotify_airflow_project/venv/lib/python3.12/site-packages/airflow/example_dags/example_branch_labels.py
[2026-01-08T12:39:58.935+0530] {logging_mixin.py:190} INFO - [2026-01-08T12:39:58.935+0530] {dag.py:3239} INFO - Sync 1 DAGs
[2026-01-08T12:39:58.962+0530] {logging_mixin.py:190} INFO - [2026-01-08T12:39:58.962+0530] {dag.py:4180} INFO - Setting next_dagrun for example_branch_labels to 2026-01-07 00:00:00+00:00, run_after=2026-01-08 00:00:00+00:00
[2026-01-08T12:39:58.990+0530] {processor.py:208} INFO - Processing /home/sneha/spotify_airflow_project/venv/lib/python3.12/site-packages/airflow/example_dags/example_branch_labels.py took 0.105 seconds
[2026-01-08T12:41:04.675+0530] {processor.py:186} INFO - Started process (PID=31792) to work on /home/sneha/spotify_airflow_project/venv/lib/python3.12/site-packages/airflow/example_dags/example_branch_labels.py
[2026-01-08T12:41:04.677+0530] {processor.py:914} INFO - Processing file /home/sneha/spotify_airflow_project/venv/lib/python3.12/site-packages/airflow/example_dags/example_branch_labels.py for tasks to queue
[2026-01-08T12:41:04.679+0530] {logging_mixin.py:190} INFO - [2026-01-08T12:41:04.678+0530] {dagbag.py:588} INFO - Filling up the DagBag from /home/sneha/spotify_airflow_project/venv/lib/python3.12/site-packages/airflow/example_dags/example_branch_labels.py
[2026-01-08T12:41:04.690+0530] {processor.py:925} INFO - DAG(s) 'example_branch_labels' retrieved from /home/sneha/spotify_airflow_project/venv/lib/python3.12/site-packages/airflow/example_dags/example_branch_labels.py
[2026-01-08T12:41:04.717+0530] {logging_mixin.py:190} INFO - [2026-01-08T12:41:04.717+0530] {dag.py:3239} INFO - Sync 1 DAGs
[2026-01-08T12:41:04.745+0530] {logging_mixin.py:190} INFO - [2026-01-08T12:41:04.744+0530] {dag.py:4180} INFO - Setting next_dagrun for example_branch_labels to 2026-01-07 00:00:00+00:00, run_after=2026-01-08 00:00:00+00:00
[2026-01-08T12:41:04.773+0530] {processor.py:208} INFO - Processing /home/sneha/spotify_airflow_project/venv/lib/python3.12/site-packages/airflow/example_dags/example_branch_labels.py took 0.109 seconds
[2026-01-08T12:42:13.192+0530] {processor.py:186} INFO - Started process (PID=31858) to work on /home/sneha/spotify_airflow_project/venv/lib/python3.12/site-packages/airflow/example_dags/example_branch_labels.py
[2026-01-08T12:42:13.194+0530] {processor.py:914} INFO - Processing file /home/sneha/spotify_airflow_project/venv/lib/python3.12/site-packages/airflow/example_dags/example_branch_labels.py for tasks to queue
[2026-01-08T12:42:13.196+0530] {logging_mixin.py:190} INFO - [2026-01-08T12:42:13.195+0530] {dagbag.py:588} INFO - Filling up the DagBag from /home/sneha/spotify_airflow_project/venv/lib/python3.12/site-packages/airflow/example_dags/example_branch_labels.py
[2026-01-08T12:42:13.206+0530] {processor.py:925} INFO - DAG(s) 'example_branch_labels' retrieved from /home/sneha/spotify_airflow_project/venv/lib/python3.12/site-packages/airflow/example_dags/example_branch_labels.py
[2026-01-08T12:42:13.232+0530] {logging_mixin.py:190} INFO - [2026-01-08T12:42:13.232+0530] {dag.py:3239} INFO - Sync 1 DAGs
[2026-01-08T12:42:13.453+0530] {logging_mixin.py:190} INFO - [2026-01-08T12:42:13.453+0530] {dag.py:4180} INFO - Setting next_dagrun for example_branch_labels to 2026-01-07 00:00:00+00:00, run_after=2026-01-08 00:00:00+00:00
[2026-01-08T12:42:13.477+0530] {processor.py:208} INFO - Processing /home/sneha/spotify_airflow_project/venv/lib/python3.12/site-packages/airflow/example_dags/example_branch_labels.py took 0.297 seconds
[2026-01-08T12:43:22.957+0530] {processor.py:186} INFO - Started process (PID=31925) to work on /home/sneha/spotify_airflow_project/venv/lib/python3.12/site-packages/airflow/example_dags/example_branch_labels.py
[2026-01-08T12:43:22.958+0530] {processor.py:914} INFO - Processing file /home/sneha/spotify_airflow_project/venv/lib/python3.12/site-packages/airflow/example_dags/example_branch_labels.py for tasks to queue
[2026-01-08T12:43:22.960+0530] {logging_mixin.py:190} INFO - [2026-01-08T12:43:22.959+0530] {dagbag.py:588} INFO - Filling up the DagBag from /home/sneha/spotify_airflow_project/venv/lib/python3.12/site-packages/airflow/example_dags/example_branch_labels.py
[2026-01-08T12:43:22.970+0530] {processor.py:925} INFO - DAG(s) 'example_branch_labels' retrieved from /home/sneha/spotify_airflow_project/venv/lib/python3.12/site-packages/airflow/example_dags/example_branch_labels.py
[2026-01-08T12:43:22.995+0530] {logging_mixin.py:190} INFO - [2026-01-08T12:43:22.994+0530] {dag.py:3239} INFO - Sync 1 DAGs
[2026-01-08T12:43:23.020+0530] {logging_mixin.py:190} INFO - [2026-01-08T12:43:23.019+0530] {dag.py:4180} INFO - Setting next_dagrun for example_branch_labels to 2026-01-07 00:00:00+00:00, run_after=2026-01-08 00:00:00+00:00
[2026-01-08T12:43:23.253+0530] {processor.py:208} INFO - Processing /home/sneha/spotify_airflow_project/venv/lib/python3.12/site-packages/airflow/example_dags/example_branch_labels.py took 0.308 seconds
[2026-01-08T12:44:42.728+0530] {processor.py:186} INFO - Started process (PID=32021) to work on /home/sneha/spotify_airflow_project/venv/lib/python3.12/site-packages/airflow/example_dags/example_branch_labels.py
[2026-01-08T12:44:42.739+0530] {processor.py:914} INFO - Processing file /home/sneha/spotify_airflow_project/venv/lib/python3.12/site-packages/airflow/example_dags/example_branch_labels.py for tasks to queue
[2026-01-08T12:44:42.741+0530] {logging_mixin.py:190} INFO - [2026-01-08T12:44:42.740+0530] {dagbag.py:588} INFO - Filling up the DagBag from /home/sneha/spotify_airflow_project/venv/lib/python3.12/site-packages/airflow/example_dags/example_branch_labels.py
[2026-01-08T12:44:42.752+0530] {processor.py:925} INFO - DAG(s) 'example_branch_labels' retrieved from /home/sneha/spotify_airflow_project/venv/lib/python3.12/site-packages/airflow/example_dags/example_branch_labels.py
[2026-01-08T12:44:42.780+0530] {logging_mixin.py:190} INFO - [2026-01-08T12:44:42.780+0530] {dag.py:3239} INFO - Sync 1 DAGs
[2026-01-08T12:44:42.808+0530] {logging_mixin.py:190} INFO - [2026-01-08T12:44:42.807+0530] {dag.py:4180} INFO - Setting next_dagrun for example_branch_labels to 2026-01-07 00:00:00+00:00, run_after=2026-01-08 00:00:00+00:00
[2026-01-08T12:44:42.835+0530] {processor.py:208} INFO - Processing /home/sneha/spotify_airflow_project/venv/lib/python3.12/site-packages/airflow/example_dags/example_branch_labels.py took 0.120 seconds
[2026-01-08T12:45:52.548+0530] {processor.py:186} INFO - Started process (PID=32093) to work on /home/sneha/spotify_airflow_project/venv/lib/python3.12/site-packages/airflow/example_dags/example_branch_labels.py
[2026-01-08T12:45:52.549+0530] {processor.py:914} INFO - Processing file /home/sneha/spotify_airflow_project/venv/lib/python3.12/site-packages/airflow/example_dags/example_branch_labels.py for tasks to queue
[2026-01-08T12:45:52.551+0530] {logging_mixin.py:190} INFO - [2026-01-08T12:45:52.550+0530] {dagbag.py:588} INFO - Filling up the DagBag from /home/sneha/spotify_airflow_project/venv/lib/python3.12/site-packages/airflow/example_dags/example_branch_labels.py
[2026-01-08T12:45:52.561+0530] {processor.py:925} INFO - DAG(s) 'example_branch_labels' retrieved from /home/sneha/spotify_airflow_project/venv/lib/python3.12/site-packages/airflow/example_dags/example_branch_labels.py
[2026-01-08T12:45:52.586+0530] {logging_mixin.py:190} INFO - [2026-01-08T12:45:52.585+0530] {dag.py:3239} INFO - Sync 1 DAGs
[2026-01-08T12:45:52.611+0530] {logging_mixin.py:190} INFO - [2026-01-08T12:45:52.611+0530] {dag.py:4180} INFO - Setting next_dagrun for example_branch_labels to 2026-01-07 00:00:00+00:00, run_after=2026-01-08 00:00:00+00:00
[2026-01-08T12:45:52.638+0530] {processor.py:208} INFO - Processing /home/sneha/spotify_airflow_project/venv/lib/python3.12/site-packages/airflow/example_dags/example_branch_labels.py took 0.099 seconds
