[2026-01-08T11:19:30.209+0530] {processor.py:186} INFO - Started process (PID=12293) to work on /home/sneha/spotify_airflow_project/venv/lib/python3.12/site-packages/airflow/example_dags/example_dag_decorator.py
[2026-01-08T11:19:30.210+0530] {processor.py:914} INFO - Processing file /home/sneha/spotify_airflow_project/venv/lib/python3.12/site-packages/airflow/example_dags/example_dag_decorator.py for tasks to queue
[2026-01-08T11:19:30.212+0530] {logging_mixin.py:190} INFO - [2026-01-08T11:19:30.212+0530] {dagbag.py:588} INFO - Filling up the DagBag from /home/sneha/spotify_airflow_project/venv/lib/python3.12/site-packages/airflow/example_dags/example_dag_decorator.py
[2026-01-08T11:19:30.227+0530] {processor.py:925} INFO - DAG(s) 'example_dag_decorator' retrieved from /home/sneha/spotify_airflow_project/venv/lib/python3.12/site-packages/airflow/example_dags/example_dag_decorator.py
[2026-01-08T11:19:30.381+0530] {logging_mixin.py:190} INFO - [2026-01-08T11:19:30.380+0530] {dag.py:3239} INFO - Sync 1 DAGs
[2026-01-08T11:19:30.397+0530] {logging_mixin.py:190} INFO - [2026-01-08T11:19:30.396+0530] {dag.py:4180} INFO - Setting next_dagrun for example_dag_decorator to None, run_after=None
[2026-01-08T11:19:30.426+0530] {processor.py:208} INFO - Processing /home/sneha/spotify_airflow_project/venv/lib/python3.12/site-packages/airflow/example_dags/example_dag_decorator.py took 0.228 seconds
[2026-01-08T11:20:33.124+0530] {processor.py:186} INFO - Started process (PID=12390) to work on /home/sneha/spotify_airflow_project/venv/lib/python3.12/site-packages/airflow/example_dags/example_dag_decorator.py
[2026-01-08T11:20:33.126+0530] {processor.py:914} INFO - Processing file /home/sneha/spotify_airflow_project/venv/lib/python3.12/site-packages/airflow/example_dags/example_dag_decorator.py for tasks to queue
[2026-01-08T11:20:33.128+0530] {logging_mixin.py:190} INFO - [2026-01-08T11:20:33.127+0530] {dagbag.py:588} INFO - Filling up the DagBag from /home/sneha/spotify_airflow_project/venv/lib/python3.12/site-packages/airflow/example_dags/example_dag_decorator.py
[2026-01-08T11:20:33.142+0530] {processor.py:925} INFO - DAG(s) 'example_dag_decorator' retrieved from /home/sneha/spotify_airflow_project/venv/lib/python3.12/site-packages/airflow/example_dags/example_dag_decorator.py
[2026-01-08T11:20:33.288+0530] {logging_mixin.py:190} INFO - [2026-01-08T11:20:33.287+0530] {dag.py:3239} INFO - Sync 1 DAGs
[2026-01-08T11:20:33.520+0530] {logging_mixin.py:190} INFO - [2026-01-08T11:20:33.519+0530] {dag.py:4180} INFO - Setting next_dagrun for example_dag_decorator to None, run_after=None
[2026-01-08T11:20:33.545+0530] {processor.py:208} INFO - Processing /home/sneha/spotify_airflow_project/venv/lib/python3.12/site-packages/airflow/example_dags/example_dag_decorator.py took 0.432 seconds
[2026-01-08T11:24:04.780+0530] {processor.py:186} INFO - Started process (PID=17811) to work on /home/sneha/spotify_airflow_project/venv/lib/python3.12/site-packages/airflow/example_dags/example_dag_decorator.py
[2026-01-08T11:24:04.791+0530] {processor.py:914} INFO - Processing file /home/sneha/spotify_airflow_project/venv/lib/python3.12/site-packages/airflow/example_dags/example_dag_decorator.py for tasks to queue
[2026-01-08T11:24:04.793+0530] {logging_mixin.py:190} INFO - [2026-01-08T11:24:04.793+0530] {dagbag.py:588} INFO - Filling up the DagBag from /home/sneha/spotify_airflow_project/venv/lib/python3.12/site-packages/airflow/example_dags/example_dag_decorator.py
[2026-01-08T11:24:04.808+0530] {processor.py:925} INFO - DAG(s) 'example_dag_decorator' retrieved from /home/sneha/spotify_airflow_project/venv/lib/python3.12/site-packages/airflow/example_dags/example_dag_decorator.py
[2026-01-08T11:24:04.960+0530] {logging_mixin.py:190} INFO - [2026-01-08T11:24:04.959+0530] {dag.py:3239} INFO - Sync 1 DAGs
[2026-01-08T11:24:04.975+0530] {logging_mixin.py:190} INFO - [2026-01-08T11:24:04.974+0530] {dag.py:4180} INFO - Setting next_dagrun for example_dag_decorator to None, run_after=None
[2026-01-08T11:24:05.003+0530] {processor.py:208} INFO - Processing /home/sneha/spotify_airflow_project/venv/lib/python3.12/site-packages/airflow/example_dags/example_dag_decorator.py took 0.235 seconds
[2026-01-08T11:25:08.657+0530] {processor.py:186} INFO - Started process (PID=17909) to work on /home/sneha/spotify_airflow_project/venv/lib/python3.12/site-packages/airflow/example_dags/example_dag_decorator.py
[2026-01-08T11:25:08.659+0530] {processor.py:914} INFO - Processing file /home/sneha/spotify_airflow_project/venv/lib/python3.12/site-packages/airflow/example_dags/example_dag_decorator.py for tasks to queue
[2026-01-08T11:25:08.661+0530] {logging_mixin.py:190} INFO - [2026-01-08T11:25:08.660+0530] {dagbag.py:588} INFO - Filling up the DagBag from /home/sneha/spotify_airflow_project/venv/lib/python3.12/site-packages/airflow/example_dags/example_dag_decorator.py
[2026-01-08T11:25:08.676+0530] {processor.py:925} INFO - DAG(s) 'example_dag_decorator' retrieved from /home/sneha/spotify_airflow_project/venv/lib/python3.12/site-packages/airflow/example_dags/example_dag_decorator.py
[2026-01-08T11:25:08.837+0530] {logging_mixin.py:190} INFO - [2026-01-08T11:25:08.836+0530] {dag.py:3239} INFO - Sync 1 DAGs
[2026-01-08T11:25:08.853+0530] {logging_mixin.py:190} INFO - [2026-01-08T11:25:08.852+0530] {dag.py:4180} INFO - Setting next_dagrun for example_dag_decorator to None, run_after=None
[2026-01-08T11:25:08.891+0530] {processor.py:208} INFO - Processing /home/sneha/spotify_airflow_project/venv/lib/python3.12/site-packages/airflow/example_dags/example_dag_decorator.py took 0.244 seconds
[2026-01-08T11:26:12.624+0530] {processor.py:186} INFO - Started process (PID=17973) to work on /home/sneha/spotify_airflow_project/venv/lib/python3.12/site-packages/airflow/example_dags/example_dag_decorator.py
[2026-01-08T11:26:12.625+0530] {processor.py:914} INFO - Processing file /home/sneha/spotify_airflow_project/venv/lib/python3.12/site-packages/airflow/example_dags/example_dag_decorator.py for tasks to queue
[2026-01-08T11:26:12.628+0530] {logging_mixin.py:190} INFO - [2026-01-08T11:26:12.627+0530] {dagbag.py:588} INFO - Filling up the DagBag from /home/sneha/spotify_airflow_project/venv/lib/python3.12/site-packages/airflow/example_dags/example_dag_decorator.py
[2026-01-08T11:26:12.643+0530] {processor.py:925} INFO - DAG(s) 'example_dag_decorator' retrieved from /home/sneha/spotify_airflow_project/venv/lib/python3.12/site-packages/airflow/example_dags/example_dag_decorator.py
[2026-01-08T11:26:12.792+0530] {logging_mixin.py:190} INFO - [2026-01-08T11:26:12.792+0530] {dag.py:3239} INFO - Sync 1 DAGs
[2026-01-08T11:26:12.807+0530] {logging_mixin.py:190} INFO - [2026-01-08T11:26:12.807+0530] {dag.py:4180} INFO - Setting next_dagrun for example_dag_decorator to None, run_after=None
[2026-01-08T11:26:12.836+0530] {processor.py:208} INFO - Processing /home/sneha/spotify_airflow_project/venv/lib/python3.12/site-packages/airflow/example_dags/example_dag_decorator.py took 0.224 seconds
[2026-01-08T11:27:20.746+0530] {processor.py:186} INFO - Started process (PID=18039) to work on /home/sneha/spotify_airflow_project/venv/lib/python3.12/site-packages/airflow/example_dags/example_dag_decorator.py
[2026-01-08T11:27:20.748+0530] {processor.py:914} INFO - Processing file /home/sneha/spotify_airflow_project/venv/lib/python3.12/site-packages/airflow/example_dags/example_dag_decorator.py for tasks to queue
[2026-01-08T11:27:20.752+0530] {logging_mixin.py:190} INFO - [2026-01-08T11:27:20.751+0530] {dagbag.py:588} INFO - Filling up the DagBag from /home/sneha/spotify_airflow_project/venv/lib/python3.12/site-packages/airflow/example_dags/example_dag_decorator.py
[2026-01-08T11:27:20.767+0530] {processor.py:925} INFO - DAG(s) 'example_dag_decorator' retrieved from /home/sneha/spotify_airflow_project/venv/lib/python3.12/site-packages/airflow/example_dags/example_dag_decorator.py
[2026-01-08T11:27:20.920+0530] {logging_mixin.py:190} INFO - [2026-01-08T11:27:20.920+0530] {dag.py:3239} INFO - Sync 1 DAGs
[2026-01-08T11:27:20.935+0530] {logging_mixin.py:190} INFO - [2026-01-08T11:27:20.935+0530] {dag.py:4180} INFO - Setting next_dagrun for example_dag_decorator to None, run_after=None
[2026-01-08T11:27:20.964+0530] {processor.py:208} INFO - Processing /home/sneha/spotify_airflow_project/venv/lib/python3.12/site-packages/airflow/example_dags/example_dag_decorator.py took 0.228 seconds
[2026-01-08T11:28:20.952+0530] {processor.py:186} INFO - Started process (PID=18127) to work on /home/sneha/spotify_airflow_project/venv/lib/python3.12/site-packages/airflow/example_dags/example_dag_decorator.py
[2026-01-08T11:28:20.954+0530] {processor.py:914} INFO - Processing file /home/sneha/spotify_airflow_project/venv/lib/python3.12/site-packages/airflow/example_dags/example_dag_decorator.py for tasks to queue
[2026-01-08T11:28:20.956+0530] {logging_mixin.py:190} INFO - [2026-01-08T11:28:20.955+0530] {dagbag.py:588} INFO - Filling up the DagBag from /home/sneha/spotify_airflow_project/venv/lib/python3.12/site-packages/airflow/example_dags/example_dag_decorator.py
[2026-01-08T11:28:20.973+0530] {processor.py:925} INFO - DAG(s) 'example_dag_decorator' retrieved from /home/sneha/spotify_airflow_project/venv/lib/python3.12/site-packages/airflow/example_dags/example_dag_decorator.py
[2026-01-08T11:28:21.119+0530] {logging_mixin.py:190} INFO - [2026-01-08T11:28:21.119+0530] {dag.py:3239} INFO - Sync 1 DAGs
[2026-01-08T11:28:21.137+0530] {logging_mixin.py:190} INFO - [2026-01-08T11:28:21.136+0530] {dag.py:4180} INFO - Setting next_dagrun for example_dag_decorator to None, run_after=None
[2026-01-08T11:28:21.166+0530] {processor.py:208} INFO - Processing /home/sneha/spotify_airflow_project/venv/lib/python3.12/site-packages/airflow/example_dags/example_dag_decorator.py took 0.224 seconds
[2026-01-08T11:29:21.095+0530] {processor.py:186} INFO - Started process (PID=18187) to work on /home/sneha/spotify_airflow_project/venv/lib/python3.12/site-packages/airflow/example_dags/example_dag_decorator.py
[2026-01-08T11:29:21.096+0530] {processor.py:914} INFO - Processing file /home/sneha/spotify_airflow_project/venv/lib/python3.12/site-packages/airflow/example_dags/example_dag_decorator.py for tasks to queue
[2026-01-08T11:29:21.098+0530] {logging_mixin.py:190} INFO - [2026-01-08T11:29:21.098+0530] {dagbag.py:588} INFO - Filling up the DagBag from /home/sneha/spotify_airflow_project/venv/lib/python3.12/site-packages/airflow/example_dags/example_dag_decorator.py
[2026-01-08T11:29:21.113+0530] {processor.py:925} INFO - DAG(s) 'example_dag_decorator' retrieved from /home/sneha/spotify_airflow_project/venv/lib/python3.12/site-packages/airflow/example_dags/example_dag_decorator.py
[2026-01-08T11:29:21.259+0530] {logging_mixin.py:190} INFO - [2026-01-08T11:29:21.259+0530] {dag.py:3239} INFO - Sync 1 DAGs
[2026-01-08T11:29:21.274+0530] {logging_mixin.py:190} INFO - [2026-01-08T11:29:21.274+0530] {dag.py:4180} INFO - Setting next_dagrun for example_dag_decorator to None, run_after=None
[2026-01-08T11:29:21.304+0530] {processor.py:208} INFO - Processing /home/sneha/spotify_airflow_project/venv/lib/python3.12/site-packages/airflow/example_dags/example_dag_decorator.py took 0.220 seconds
[2026-01-08T11:32:31.359+0530] {processor.py:186} INFO - Started process (PID=22859) to work on /home/sneha/spotify_airflow_project/venv/lib/python3.12/site-packages/airflow/example_dags/example_dag_decorator.py
[2026-01-08T11:32:31.361+0530] {processor.py:914} INFO - Processing file /home/sneha/spotify_airflow_project/venv/lib/python3.12/site-packages/airflow/example_dags/example_dag_decorator.py for tasks to queue
[2026-01-08T11:32:31.362+0530] {logging_mixin.py:190} INFO - [2026-01-08T11:32:31.362+0530] {dagbag.py:588} INFO - Filling up the DagBag from /home/sneha/spotify_airflow_project/venv/lib/python3.12/site-packages/airflow/example_dags/example_dag_decorator.py
[2026-01-08T11:32:31.381+0530] {processor.py:925} INFO - DAG(s) 'example_dag_decorator' retrieved from /home/sneha/spotify_airflow_project/venv/lib/python3.12/site-packages/airflow/example_dags/example_dag_decorator.py
[2026-01-08T11:32:31.531+0530] {logging_mixin.py:190} INFO - [2026-01-08T11:32:31.531+0530] {dag.py:3239} INFO - Sync 1 DAGs
[2026-01-08T11:32:31.546+0530] {logging_mixin.py:190} INFO - [2026-01-08T11:32:31.546+0530] {dag.py:4180} INFO - Setting next_dagrun for example_dag_decorator to None, run_after=None
[2026-01-08T11:32:31.574+0530] {processor.py:208} INFO - Processing /home/sneha/spotify_airflow_project/venv/lib/python3.12/site-packages/airflow/example_dags/example_dag_decorator.py took 0.223 seconds
[2026-01-08T11:33:35.032+0530] {processor.py:186} INFO - Started process (PID=22948) to work on /home/sneha/spotify_airflow_project/venv/lib/python3.12/site-packages/airflow/example_dags/example_dag_decorator.py
[2026-01-08T11:33:35.033+0530] {processor.py:914} INFO - Processing file /home/sneha/spotify_airflow_project/venv/lib/python3.12/site-packages/airflow/example_dags/example_dag_decorator.py for tasks to queue
[2026-01-08T11:33:35.035+0530] {logging_mixin.py:190} INFO - [2026-01-08T11:33:35.035+0530] {dagbag.py:588} INFO - Filling up the DagBag from /home/sneha/spotify_airflow_project/venv/lib/python3.12/site-packages/airflow/example_dags/example_dag_decorator.py
[2026-01-08T11:33:35.051+0530] {processor.py:925} INFO - DAG(s) 'example_dag_decorator' retrieved from /home/sneha/spotify_airflow_project/venv/lib/python3.12/site-packages/airflow/example_dags/example_dag_decorator.py
[2026-01-08T11:33:35.083+0530] {logging_mixin.py:190} INFO - [2026-01-08T11:33:35.083+0530] {dag.py:3239} INFO - Sync 1 DAGs
[2026-01-08T11:33:35.101+0530] {logging_mixin.py:190} INFO - [2026-01-08T11:33:35.100+0530] {dag.py:4180} INFO - Setting next_dagrun for example_dag_decorator to None, run_after=None
[2026-01-08T11:33:35.129+0530] {processor.py:208} INFO - Processing /home/sneha/spotify_airflow_project/venv/lib/python3.12/site-packages/airflow/example_dags/example_dag_decorator.py took 0.109 seconds
[2026-01-08T11:34:32.010+0530] {processor.py:186} INFO - Started process (PID=23010) to work on /home/sneha/spotify_airflow_project/venv/lib/python3.12/site-packages/airflow/example_dags/example_dag_decorator.py
[2026-01-08T11:34:32.011+0530] {processor.py:914} INFO - Processing file /home/sneha/spotify_airflow_project/venv/lib/python3.12/site-packages/airflow/example_dags/example_dag_decorator.py for tasks to queue
[2026-01-08T11:34:32.013+0530] {logging_mixin.py:190} INFO - [2026-01-08T11:34:32.012+0530] {dagbag.py:588} INFO - Filling up the DagBag from /home/sneha/spotify_airflow_project/venv/lib/python3.12/site-packages/airflow/example_dags/example_dag_decorator.py
[2026-01-08T11:34:32.028+0530] {processor.py:925} INFO - DAG(s) 'example_dag_decorator' retrieved from /home/sneha/spotify_airflow_project/venv/lib/python3.12/site-packages/airflow/example_dags/example_dag_decorator.py
[2026-01-08T11:34:32.057+0530] {logging_mixin.py:190} INFO - [2026-01-08T11:34:32.057+0530] {dag.py:3239} INFO - Sync 1 DAGs
[2026-01-08T11:34:32.073+0530] {logging_mixin.py:190} INFO - [2026-01-08T11:34:32.073+0530] {dag.py:4180} INFO - Setting next_dagrun for example_dag_decorator to None, run_after=None
[2026-01-08T11:34:32.102+0530] {processor.py:208} INFO - Processing /home/sneha/spotify_airflow_project/venv/lib/python3.12/site-packages/airflow/example_dags/example_dag_decorator.py took 0.104 seconds
[2026-01-08T11:35:31.364+0530] {processor.py:186} INFO - Started process (PID=23076) to work on /home/sneha/spotify_airflow_project/venv/lib/python3.12/site-packages/airflow/example_dags/example_dag_decorator.py
[2026-01-08T11:35:31.376+0530] {processor.py:914} INFO - Processing file /home/sneha/spotify_airflow_project/venv/lib/python3.12/site-packages/airflow/example_dags/example_dag_decorator.py for tasks to queue
[2026-01-08T11:35:31.378+0530] {logging_mixin.py:190} INFO - [2026-01-08T11:35:31.377+0530] {dagbag.py:588} INFO - Filling up the DagBag from /home/sneha/spotify_airflow_project/venv/lib/python3.12/site-packages/airflow/example_dags/example_dag_decorator.py
[2026-01-08T11:35:31.393+0530] {processor.py:925} INFO - DAG(s) 'example_dag_decorator' retrieved from /home/sneha/spotify_airflow_project/venv/lib/python3.12/site-packages/airflow/example_dags/example_dag_decorator.py
[2026-01-08T11:35:31.543+0530] {logging_mixin.py:190} INFO - [2026-01-08T11:35:31.542+0530] {dag.py:3239} INFO - Sync 1 DAGs
[2026-01-08T11:35:31.556+0530] {logging_mixin.py:190} INFO - [2026-01-08T11:35:31.556+0530] {dag.py:4180} INFO - Setting next_dagrun for example_dag_decorator to None, run_after=None
[2026-01-08T11:35:31.585+0530] {processor.py:208} INFO - Processing /home/sneha/spotify_airflow_project/venv/lib/python3.12/site-packages/airflow/example_dags/example_dag_decorator.py took 0.232 seconds
[2026-01-08T11:36:31.040+0530] {processor.py:186} INFO - Started process (PID=23136) to work on /home/sneha/spotify_airflow_project/venv/lib/python3.12/site-packages/airflow/example_dags/example_dag_decorator.py
[2026-01-08T11:36:31.041+0530] {processor.py:914} INFO - Processing file /home/sneha/spotify_airflow_project/venv/lib/python3.12/site-packages/airflow/example_dags/example_dag_decorator.py for tasks to queue
[2026-01-08T11:36:31.043+0530] {logging_mixin.py:190} INFO - [2026-01-08T11:36:31.043+0530] {dagbag.py:588} INFO - Filling up the DagBag from /home/sneha/spotify_airflow_project/venv/lib/python3.12/site-packages/airflow/example_dags/example_dag_decorator.py
[2026-01-08T11:36:31.058+0530] {processor.py:925} INFO - DAG(s) 'example_dag_decorator' retrieved from /home/sneha/spotify_airflow_project/venv/lib/python3.12/site-packages/airflow/example_dags/example_dag_decorator.py
[2026-01-08T11:36:31.086+0530] {logging_mixin.py:190} INFO - [2026-01-08T11:36:31.085+0530] {dag.py:3239} INFO - Sync 1 DAGs
[2026-01-08T11:36:31.103+0530] {logging_mixin.py:190} INFO - [2026-01-08T11:36:31.103+0530] {dag.py:4180} INFO - Setting next_dagrun for example_dag_decorator to None, run_after=None
[2026-01-08T11:36:31.131+0530] {processor.py:208} INFO - Processing /home/sneha/spotify_airflow_project/venv/lib/python3.12/site-packages/airflow/example_dags/example_dag_decorator.py took 0.102 seconds
[2026-01-08T11:37:34.166+0530] {processor.py:186} INFO - Started process (PID=23197) to work on /home/sneha/spotify_airflow_project/venv/lib/python3.12/site-packages/airflow/example_dags/example_dag_decorator.py
[2026-01-08T11:37:34.168+0530] {processor.py:914} INFO - Processing file /home/sneha/spotify_airflow_project/venv/lib/python3.12/site-packages/airflow/example_dags/example_dag_decorator.py for tasks to queue
[2026-01-08T11:37:34.170+0530] {logging_mixin.py:190} INFO - [2026-01-08T11:37:34.169+0530] {dagbag.py:588} INFO - Filling up the DagBag from /home/sneha/spotify_airflow_project/venv/lib/python3.12/site-packages/airflow/example_dags/example_dag_decorator.py
[2026-01-08T11:37:34.184+0530] {processor.py:925} INFO - DAG(s) 'example_dag_decorator' retrieved from /home/sneha/spotify_airflow_project/venv/lib/python3.12/site-packages/airflow/example_dags/example_dag_decorator.py
[2026-01-08T11:37:34.213+0530] {logging_mixin.py:190} INFO - [2026-01-08T11:37:34.213+0530] {dag.py:3239} INFO - Sync 1 DAGs
[2026-01-08T11:37:34.231+0530] {logging_mixin.py:190} INFO - [2026-01-08T11:37:34.230+0530] {dag.py:4180} INFO - Setting next_dagrun for example_dag_decorator to None, run_after=None
[2026-01-08T11:37:34.259+0530] {processor.py:208} INFO - Processing /home/sneha/spotify_airflow_project/venv/lib/python3.12/site-packages/airflow/example_dags/example_dag_decorator.py took 0.105 seconds
[2026-01-08T11:38:40.326+0530] {processor.py:186} INFO - Started process (PID=23290) to work on /home/sneha/spotify_airflow_project/venv/lib/python3.12/site-packages/airflow/example_dags/example_dag_decorator.py
[2026-01-08T11:38:40.337+0530] {processor.py:914} INFO - Processing file /home/sneha/spotify_airflow_project/venv/lib/python3.12/site-packages/airflow/example_dags/example_dag_decorator.py for tasks to queue
[2026-01-08T11:38:40.339+0530] {logging_mixin.py:190} INFO - [2026-01-08T11:38:40.338+0530] {dagbag.py:588} INFO - Filling up the DagBag from /home/sneha/spotify_airflow_project/venv/lib/python3.12/site-packages/airflow/example_dags/example_dag_decorator.py
[2026-01-08T11:38:40.354+0530] {processor.py:925} INFO - DAG(s) 'example_dag_decorator' retrieved from /home/sneha/spotify_airflow_project/venv/lib/python3.12/site-packages/airflow/example_dags/example_dag_decorator.py
[2026-01-08T11:38:40.383+0530] {logging_mixin.py:190} INFO - [2026-01-08T11:38:40.382+0530] {dag.py:3239} INFO - Sync 1 DAGs
[2026-01-08T11:38:40.400+0530] {logging_mixin.py:190} INFO - [2026-01-08T11:38:40.399+0530] {dag.py:4180} INFO - Setting next_dagrun for example_dag_decorator to None, run_after=None
[2026-01-08T11:38:40.427+0530] {processor.py:208} INFO - Processing /home/sneha/spotify_airflow_project/venv/lib/python3.12/site-packages/airflow/example_dags/example_dag_decorator.py took 0.112 seconds
[2026-01-08T11:39:43.796+0530] {processor.py:186} INFO - Started process (PID=23353) to work on /home/sneha/spotify_airflow_project/venv/lib/python3.12/site-packages/airflow/example_dags/example_dag_decorator.py
[2026-01-08T11:39:43.807+0530] {processor.py:914} INFO - Processing file /home/sneha/spotify_airflow_project/venv/lib/python3.12/site-packages/airflow/example_dags/example_dag_decorator.py for tasks to queue
[2026-01-08T11:39:43.809+0530] {logging_mixin.py:190} INFO - [2026-01-08T11:39:43.808+0530] {dagbag.py:588} INFO - Filling up the DagBag from /home/sneha/spotify_airflow_project/venv/lib/python3.12/site-packages/airflow/example_dags/example_dag_decorator.py
[2026-01-08T11:39:43.824+0530] {processor.py:925} INFO - DAG(s) 'example_dag_decorator' retrieved from /home/sneha/spotify_airflow_project/venv/lib/python3.12/site-packages/airflow/example_dags/example_dag_decorator.py
[2026-01-08T11:39:43.853+0530] {logging_mixin.py:190} INFO - [2026-01-08T11:39:43.852+0530] {dag.py:3239} INFO - Sync 1 DAGs
[2026-01-08T11:39:43.870+0530] {logging_mixin.py:190} INFO - [2026-01-08T11:39:43.870+0530] {dag.py:4180} INFO - Setting next_dagrun for example_dag_decorator to None, run_after=None
[2026-01-08T11:39:43.898+0530] {processor.py:208} INFO - Processing /home/sneha/spotify_airflow_project/venv/lib/python3.12/site-packages/airflow/example_dags/example_dag_decorator.py took 0.113 seconds
[2026-01-08T11:40:48.433+0530] {processor.py:186} INFO - Started process (PID=23436) to work on /home/sneha/spotify_airflow_project/venv/lib/python3.12/site-packages/airflow/example_dags/example_dag_decorator.py
[2026-01-08T11:40:48.434+0530] {processor.py:914} INFO - Processing file /home/sneha/spotify_airflow_project/venv/lib/python3.12/site-packages/airflow/example_dags/example_dag_decorator.py for tasks to queue
[2026-01-08T11:40:48.436+0530] {logging_mixin.py:190} INFO - [2026-01-08T11:40:48.435+0530] {dagbag.py:588} INFO - Filling up the DagBag from /home/sneha/spotify_airflow_project/venv/lib/python3.12/site-packages/airflow/example_dags/example_dag_decorator.py
[2026-01-08T11:40:48.451+0530] {processor.py:925} INFO - DAG(s) 'example_dag_decorator' retrieved from /home/sneha/spotify_airflow_project/venv/lib/python3.12/site-packages/airflow/example_dags/example_dag_decorator.py
[2026-01-08T11:40:48.600+0530] {logging_mixin.py:190} INFO - [2026-01-08T11:40:48.600+0530] {dag.py:3239} INFO - Sync 1 DAGs
[2026-01-08T11:40:48.614+0530] {logging_mixin.py:190} INFO - [2026-01-08T11:40:48.614+0530] {dag.py:4180} INFO - Setting next_dagrun for example_dag_decorator to None, run_after=None
[2026-01-08T11:40:48.643+0530] {processor.py:208} INFO - Processing /home/sneha/spotify_airflow_project/venv/lib/python3.12/site-packages/airflow/example_dags/example_dag_decorator.py took 0.222 seconds
[2026-01-08T11:41:49.394+0530] {processor.py:186} INFO - Started process (PID=23573) to work on /home/sneha/spotify_airflow_project/venv/lib/python3.12/site-packages/airflow/example_dags/example_dag_decorator.py
[2026-01-08T11:41:49.395+0530] {processor.py:914} INFO - Processing file /home/sneha/spotify_airflow_project/venv/lib/python3.12/site-packages/airflow/example_dags/example_dag_decorator.py for tasks to queue
[2026-01-08T11:41:49.397+0530] {logging_mixin.py:190} INFO - [2026-01-08T11:41:49.397+0530] {dagbag.py:588} INFO - Filling up the DagBag from /home/sneha/spotify_airflow_project/venv/lib/python3.12/site-packages/airflow/example_dags/example_dag_decorator.py
[2026-01-08T11:41:49.412+0530] {processor.py:925} INFO - DAG(s) 'example_dag_decorator' retrieved from /home/sneha/spotify_airflow_project/venv/lib/python3.12/site-packages/airflow/example_dags/example_dag_decorator.py
[2026-01-08T11:41:49.576+0530] {logging_mixin.py:190} INFO - [2026-01-08T11:41:49.576+0530] {dag.py:3239} INFO - Sync 1 DAGs
[2026-01-08T11:41:49.592+0530] {logging_mixin.py:190} INFO - [2026-01-08T11:41:49.591+0530] {dag.py:4180} INFO - Setting next_dagrun for example_dag_decorator to None, run_after=None
[2026-01-08T11:41:49.619+0530] {processor.py:208} INFO - Processing /home/sneha/spotify_airflow_project/venv/lib/python3.12/site-packages/airflow/example_dags/example_dag_decorator.py took 0.237 seconds
[2026-01-08T11:42:58.723+0530] {processor.py:186} INFO - Started process (PID=23640) to work on /home/sneha/spotify_airflow_project/venv/lib/python3.12/site-packages/airflow/example_dags/example_dag_decorator.py
[2026-01-08T11:42:58.725+0530] {processor.py:914} INFO - Processing file /home/sneha/spotify_airflow_project/venv/lib/python3.12/site-packages/airflow/example_dags/example_dag_decorator.py for tasks to queue
[2026-01-08T11:42:58.727+0530] {logging_mixin.py:190} INFO - [2026-01-08T11:42:58.726+0530] {dagbag.py:588} INFO - Filling up the DagBag from /home/sneha/spotify_airflow_project/venv/lib/python3.12/site-packages/airflow/example_dags/example_dag_decorator.py
[2026-01-08T11:42:58.745+0530] {processor.py:925} INFO - DAG(s) 'example_dag_decorator' retrieved from /home/sneha/spotify_airflow_project/venv/lib/python3.12/site-packages/airflow/example_dags/example_dag_decorator.py
[2026-01-08T11:42:58.890+0530] {logging_mixin.py:190} INFO - [2026-01-08T11:42:58.890+0530] {dag.py:3239} INFO - Sync 1 DAGs
[2026-01-08T11:42:58.904+0530] {logging_mixin.py:190} INFO - [2026-01-08T11:42:58.904+0530] {dag.py:4180} INFO - Setting next_dagrun for example_dag_decorator to None, run_after=None
[2026-01-08T11:42:58.936+0530] {processor.py:208} INFO - Processing /home/sneha/spotify_airflow_project/venv/lib/python3.12/site-packages/airflow/example_dags/example_dag_decorator.py took 0.224 seconds
[2026-01-08T11:44:01.475+0530] {processor.py:186} INFO - Started process (PID=23730) to work on /home/sneha/spotify_airflow_project/venv/lib/python3.12/site-packages/airflow/example_dags/example_dag_decorator.py
[2026-01-08T11:44:01.477+0530] {processor.py:914} INFO - Processing file /home/sneha/spotify_airflow_project/venv/lib/python3.12/site-packages/airflow/example_dags/example_dag_decorator.py for tasks to queue
[2026-01-08T11:44:01.478+0530] {logging_mixin.py:190} INFO - [2026-01-08T11:44:01.478+0530] {dagbag.py:588} INFO - Filling up the DagBag from /home/sneha/spotify_airflow_project/venv/lib/python3.12/site-packages/airflow/example_dags/example_dag_decorator.py
[2026-01-08T11:44:01.495+0530] {processor.py:925} INFO - DAG(s) 'example_dag_decorator' retrieved from /home/sneha/spotify_airflow_project/venv/lib/python3.12/site-packages/airflow/example_dags/example_dag_decorator.py
[2026-01-08T11:44:01.644+0530] {logging_mixin.py:190} INFO - [2026-01-08T11:44:01.643+0530] {dag.py:3239} INFO - Sync 1 DAGs
[2026-01-08T11:44:01.658+0530] {logging_mixin.py:190} INFO - [2026-01-08T11:44:01.657+0530] {dag.py:4180} INFO - Setting next_dagrun for example_dag_decorator to None, run_after=None
[2026-01-08T11:44:01.687+0530] {processor.py:208} INFO - Processing /home/sneha/spotify_airflow_project/venv/lib/python3.12/site-packages/airflow/example_dags/example_dag_decorator.py took 0.224 seconds
[2026-01-08T11:45:09.200+0530] {processor.py:186} INFO - Started process (PID=24016) to work on /home/sneha/spotify_airflow_project/venv/lib/python3.12/site-packages/airflow/example_dags/example_dag_decorator.py
[2026-01-08T11:45:09.201+0530] {processor.py:914} INFO - Processing file /home/sneha/spotify_airflow_project/venv/lib/python3.12/site-packages/airflow/example_dags/example_dag_decorator.py for tasks to queue
[2026-01-08T11:45:09.203+0530] {logging_mixin.py:190} INFO - [2026-01-08T11:45:09.203+0530] {dagbag.py:588} INFO - Filling up the DagBag from /home/sneha/spotify_airflow_project/venv/lib/python3.12/site-packages/airflow/example_dags/example_dag_decorator.py
[2026-01-08T11:45:09.220+0530] {processor.py:925} INFO - DAG(s) 'example_dag_decorator' retrieved from /home/sneha/spotify_airflow_project/venv/lib/python3.12/site-packages/airflow/example_dags/example_dag_decorator.py
[2026-01-08T11:45:09.370+0530] {logging_mixin.py:190} INFO - [2026-01-08T11:45:09.370+0530] {dag.py:3239} INFO - Sync 1 DAGs
[2026-01-08T11:45:09.385+0530] {logging_mixin.py:190} INFO - [2026-01-08T11:45:09.384+0530] {dag.py:4180} INFO - Setting next_dagrun for example_dag_decorator to None, run_after=None
[2026-01-08T11:45:09.413+0530] {processor.py:208} INFO - Processing /home/sneha/spotify_airflow_project/venv/lib/python3.12/site-packages/airflow/example_dags/example_dag_decorator.py took 0.224 seconds
[2026-01-08T11:46:10.826+0530] {processor.py:186} INFO - Started process (PID=24107) to work on /home/sneha/spotify_airflow_project/venv/lib/python3.12/site-packages/airflow/example_dags/example_dag_decorator.py
[2026-01-08T11:46:10.837+0530] {processor.py:914} INFO - Processing file /home/sneha/spotify_airflow_project/venv/lib/python3.12/site-packages/airflow/example_dags/example_dag_decorator.py for tasks to queue
[2026-01-08T11:46:10.839+0530] {logging_mixin.py:190} INFO - [2026-01-08T11:46:10.838+0530] {dagbag.py:588} INFO - Filling up the DagBag from /home/sneha/spotify_airflow_project/venv/lib/python3.12/site-packages/airflow/example_dags/example_dag_decorator.py
[2026-01-08T11:46:10.853+0530] {processor.py:925} INFO - DAG(s) 'example_dag_decorator' retrieved from /home/sneha/spotify_airflow_project/venv/lib/python3.12/site-packages/airflow/example_dags/example_dag_decorator.py
[2026-01-08T11:46:10.993+0530] {logging_mixin.py:190} INFO - [2026-01-08T11:46:10.993+0530] {dag.py:3239} INFO - Sync 1 DAGs
[2026-01-08T11:46:11.011+0530] {logging_mixin.py:190} INFO - [2026-01-08T11:46:11.010+0530] {dag.py:4180} INFO - Setting next_dagrun for example_dag_decorator to None, run_after=None
[2026-01-08T11:46:11.040+0530] {processor.py:208} INFO - Processing /home/sneha/spotify_airflow_project/venv/lib/python3.12/site-packages/airflow/example_dags/example_dag_decorator.py took 0.225 seconds
[2026-01-08T11:47:17.022+0530] {processor.py:186} INFO - Started process (PID=24170) to work on /home/sneha/spotify_airflow_project/venv/lib/python3.12/site-packages/airflow/example_dags/example_dag_decorator.py
[2026-01-08T11:47:17.024+0530] {processor.py:914} INFO - Processing file /home/sneha/spotify_airflow_project/venv/lib/python3.12/site-packages/airflow/example_dags/example_dag_decorator.py for tasks to queue
[2026-01-08T11:47:17.025+0530] {logging_mixin.py:190} INFO - [2026-01-08T11:47:17.025+0530] {dagbag.py:588} INFO - Filling up the DagBag from /home/sneha/spotify_airflow_project/venv/lib/python3.12/site-packages/airflow/example_dags/example_dag_decorator.py
[2026-01-08T11:47:17.040+0530] {processor.py:925} INFO - DAG(s) 'example_dag_decorator' retrieved from /home/sneha/spotify_airflow_project/venv/lib/python3.12/site-packages/airflow/example_dags/example_dag_decorator.py
[2026-01-08T11:47:17.188+0530] {logging_mixin.py:190} INFO - [2026-01-08T11:47:17.187+0530] {dag.py:3239} INFO - Sync 1 DAGs
[2026-01-08T11:47:17.203+0530] {logging_mixin.py:190} INFO - [2026-01-08T11:47:17.202+0530] {dag.py:4180} INFO - Setting next_dagrun for example_dag_decorator to None, run_after=None
[2026-01-08T11:47:17.231+0530] {processor.py:208} INFO - Processing /home/sneha/spotify_airflow_project/venv/lib/python3.12/site-packages/airflow/example_dags/example_dag_decorator.py took 0.221 seconds
[2026-01-08T11:48:22.418+0530] {processor.py:186} INFO - Started process (PID=24261) to work on /home/sneha/spotify_airflow_project/venv/lib/python3.12/site-packages/airflow/example_dags/example_dag_decorator.py
[2026-01-08T11:48:22.420+0530] {processor.py:914} INFO - Processing file /home/sneha/spotify_airflow_project/venv/lib/python3.12/site-packages/airflow/example_dags/example_dag_decorator.py for tasks to queue
[2026-01-08T11:48:22.422+0530] {logging_mixin.py:190} INFO - [2026-01-08T11:48:22.421+0530] {dagbag.py:588} INFO - Filling up the DagBag from /home/sneha/spotify_airflow_project/venv/lib/python3.12/site-packages/airflow/example_dags/example_dag_decorator.py
[2026-01-08T11:48:22.439+0530] {processor.py:925} INFO - DAG(s) 'example_dag_decorator' retrieved from /home/sneha/spotify_airflow_project/venv/lib/python3.12/site-packages/airflow/example_dags/example_dag_decorator.py
[2026-01-08T11:48:22.471+0530] {logging_mixin.py:190} INFO - [2026-01-08T11:48:22.470+0530] {dag.py:3239} INFO - Sync 1 DAGs
[2026-01-08T11:48:22.489+0530] {logging_mixin.py:190} INFO - [2026-01-08T11:48:22.488+0530] {dag.py:4180} INFO - Setting next_dagrun for example_dag_decorator to None, run_after=None
[2026-01-08T11:48:22.518+0530] {processor.py:208} INFO - Processing /home/sneha/spotify_airflow_project/venv/lib/python3.12/site-packages/airflow/example_dags/example_dag_decorator.py took 0.111 seconds
[2026-01-08T11:49:25.062+0530] {processor.py:186} INFO - Started process (PID=24323) to work on /home/sneha/spotify_airflow_project/venv/lib/python3.12/site-packages/airflow/example_dags/example_dag_decorator.py
[2026-01-08T11:49:25.074+0530] {processor.py:914} INFO - Processing file /home/sneha/spotify_airflow_project/venv/lib/python3.12/site-packages/airflow/example_dags/example_dag_decorator.py for tasks to queue
[2026-01-08T11:49:25.076+0530] {logging_mixin.py:190} INFO - [2026-01-08T11:49:25.075+0530] {dagbag.py:588} INFO - Filling up the DagBag from /home/sneha/spotify_airflow_project/venv/lib/python3.12/site-packages/airflow/example_dags/example_dag_decorator.py
[2026-01-08T11:49:25.091+0530] {processor.py:925} INFO - DAG(s) 'example_dag_decorator' retrieved from /home/sneha/spotify_airflow_project/venv/lib/python3.12/site-packages/airflow/example_dags/example_dag_decorator.py
[2026-01-08T11:49:25.235+0530] {logging_mixin.py:190} INFO - [2026-01-08T11:49:25.235+0530] {dag.py:3239} INFO - Sync 1 DAGs
[2026-01-08T11:49:25.250+0530] {logging_mixin.py:190} INFO - [2026-01-08T11:49:25.249+0530] {dag.py:4180} INFO - Setting next_dagrun for example_dag_decorator to None, run_after=None
[2026-01-08T11:49:25.277+0530] {processor.py:208} INFO - Processing /home/sneha/spotify_airflow_project/venv/lib/python3.12/site-packages/airflow/example_dags/example_dag_decorator.py took 0.223 seconds
[2026-01-08T11:50:30.202+0530] {processor.py:186} INFO - Started process (PID=24395) to work on /home/sneha/spotify_airflow_project/venv/lib/python3.12/site-packages/airflow/example_dags/example_dag_decorator.py
[2026-01-08T11:50:30.204+0530] {processor.py:914} INFO - Processing file /home/sneha/spotify_airflow_project/venv/lib/python3.12/site-packages/airflow/example_dags/example_dag_decorator.py for tasks to queue
[2026-01-08T11:50:30.206+0530] {logging_mixin.py:190} INFO - [2026-01-08T11:50:30.205+0530] {dagbag.py:588} INFO - Filling up the DagBag from /home/sneha/spotify_airflow_project/venv/lib/python3.12/site-packages/airflow/example_dags/example_dag_decorator.py
[2026-01-08T11:50:30.220+0530] {processor.py:925} INFO - DAG(s) 'example_dag_decorator' retrieved from /home/sneha/spotify_airflow_project/venv/lib/python3.12/site-packages/airflow/example_dags/example_dag_decorator.py
[2026-01-08T11:50:30.360+0530] {logging_mixin.py:190} INFO - [2026-01-08T11:50:30.360+0530] {dag.py:3239} INFO - Sync 1 DAGs
[2026-01-08T11:50:30.378+0530] {logging_mixin.py:190} INFO - [2026-01-08T11:50:30.378+0530] {dag.py:4180} INFO - Setting next_dagrun for example_dag_decorator to None, run_after=None
[2026-01-08T11:50:30.406+0530] {processor.py:208} INFO - Processing /home/sneha/spotify_airflow_project/venv/lib/python3.12/site-packages/airflow/example_dags/example_dag_decorator.py took 0.215 seconds
[2026-01-08T11:51:35.011+0530] {processor.py:186} INFO - Started process (PID=24461) to work on /home/sneha/spotify_airflow_project/venv/lib/python3.12/site-packages/airflow/example_dags/example_dag_decorator.py
[2026-01-08T11:51:35.013+0530] {processor.py:914} INFO - Processing file /home/sneha/spotify_airflow_project/venv/lib/python3.12/site-packages/airflow/example_dags/example_dag_decorator.py for tasks to queue
[2026-01-08T11:51:35.014+0530] {logging_mixin.py:190} INFO - [2026-01-08T11:51:35.014+0530] {dagbag.py:588} INFO - Filling up the DagBag from /home/sneha/spotify_airflow_project/venv/lib/python3.12/site-packages/airflow/example_dags/example_dag_decorator.py
[2026-01-08T11:51:35.029+0530] {processor.py:925} INFO - DAG(s) 'example_dag_decorator' retrieved from /home/sneha/spotify_airflow_project/venv/lib/python3.12/site-packages/airflow/example_dags/example_dag_decorator.py
[2026-01-08T11:51:35.176+0530] {logging_mixin.py:190} INFO - [2026-01-08T11:51:35.175+0530] {dag.py:3239} INFO - Sync 1 DAGs
[2026-01-08T11:51:35.190+0530] {logging_mixin.py:190} INFO - [2026-01-08T11:51:35.189+0530] {dag.py:4180} INFO - Setting next_dagrun for example_dag_decorator to None, run_after=None
[2026-01-08T11:51:35.217+0530] {processor.py:208} INFO - Processing /home/sneha/spotify_airflow_project/venv/lib/python3.12/site-packages/airflow/example_dags/example_dag_decorator.py took 0.217 seconds
[2026-01-08T11:52:36.174+0530] {processor.py:186} INFO - Started process (PID=24534) to work on /home/sneha/spotify_airflow_project/venv/lib/python3.12/site-packages/airflow/example_dags/example_dag_decorator.py
[2026-01-08T11:52:36.175+0530] {processor.py:914} INFO - Processing file /home/sneha/spotify_airflow_project/venv/lib/python3.12/site-packages/airflow/example_dags/example_dag_decorator.py for tasks to queue
[2026-01-08T11:52:36.177+0530] {logging_mixin.py:190} INFO - [2026-01-08T11:52:36.176+0530] {dagbag.py:588} INFO - Filling up the DagBag from /home/sneha/spotify_airflow_project/venv/lib/python3.12/site-packages/airflow/example_dags/example_dag_decorator.py
[2026-01-08T11:52:36.192+0530] {processor.py:925} INFO - DAG(s) 'example_dag_decorator' retrieved from /home/sneha/spotify_airflow_project/venv/lib/python3.12/site-packages/airflow/example_dags/example_dag_decorator.py
[2026-01-08T11:52:36.344+0530] {logging_mixin.py:190} INFO - [2026-01-08T11:52:36.344+0530] {dag.py:3239} INFO - Sync 1 DAGs
[2026-01-08T11:52:36.359+0530] {logging_mixin.py:190} INFO - [2026-01-08T11:52:36.359+0530] {dag.py:4180} INFO - Setting next_dagrun for example_dag_decorator to None, run_after=None
[2026-01-08T11:52:36.386+0530] {processor.py:208} INFO - Processing /home/sneha/spotify_airflow_project/venv/lib/python3.12/site-packages/airflow/example_dags/example_dag_decorator.py took 0.224 seconds
[2026-01-08T11:53:38.928+0530] {processor.py:186} INFO - Started process (PID=24625) to work on /home/sneha/spotify_airflow_project/venv/lib/python3.12/site-packages/airflow/example_dags/example_dag_decorator.py
[2026-01-08T11:53:38.940+0530] {processor.py:914} INFO - Processing file /home/sneha/spotify_airflow_project/venv/lib/python3.12/site-packages/airflow/example_dags/example_dag_decorator.py for tasks to queue
[2026-01-08T11:53:38.942+0530] {logging_mixin.py:190} INFO - [2026-01-08T11:53:38.941+0530] {dagbag.py:588} INFO - Filling up the DagBag from /home/sneha/spotify_airflow_project/venv/lib/python3.12/site-packages/airflow/example_dags/example_dag_decorator.py
[2026-01-08T11:53:38.958+0530] {processor.py:925} INFO - DAG(s) 'example_dag_decorator' retrieved from /home/sneha/spotify_airflow_project/venv/lib/python3.12/site-packages/airflow/example_dags/example_dag_decorator.py
[2026-01-08T11:53:39.107+0530] {logging_mixin.py:190} INFO - [2026-01-08T11:53:39.107+0530] {dag.py:3239} INFO - Sync 1 DAGs
[2026-01-08T11:53:39.125+0530] {logging_mixin.py:190} INFO - [2026-01-08T11:53:39.125+0530] {dag.py:4180} INFO - Setting next_dagrun for example_dag_decorator to None, run_after=None
[2026-01-08T11:53:39.154+0530] {processor.py:208} INFO - Processing /home/sneha/spotify_airflow_project/venv/lib/python3.12/site-packages/airflow/example_dags/example_dag_decorator.py took 0.237 seconds
[2026-01-08T11:54:41.461+0530] {processor.py:186} INFO - Started process (PID=24689) to work on /home/sneha/spotify_airflow_project/venv/lib/python3.12/site-packages/airflow/example_dags/example_dag_decorator.py
[2026-01-08T11:54:41.463+0530] {processor.py:914} INFO - Processing file /home/sneha/spotify_airflow_project/venv/lib/python3.12/site-packages/airflow/example_dags/example_dag_decorator.py for tasks to queue
[2026-01-08T11:54:41.465+0530] {logging_mixin.py:190} INFO - [2026-01-08T11:54:41.464+0530] {dagbag.py:588} INFO - Filling up the DagBag from /home/sneha/spotify_airflow_project/venv/lib/python3.12/site-packages/airflow/example_dags/example_dag_decorator.py
[2026-01-08T11:54:41.480+0530] {processor.py:925} INFO - DAG(s) 'example_dag_decorator' retrieved from /home/sneha/spotify_airflow_project/venv/lib/python3.12/site-packages/airflow/example_dags/example_dag_decorator.py
[2026-01-08T11:54:41.511+0530] {logging_mixin.py:190} INFO - [2026-01-08T11:54:41.511+0530] {dag.py:3239} INFO - Sync 1 DAGs
[2026-01-08T11:54:41.529+0530] {logging_mixin.py:190} INFO - [2026-01-08T11:54:41.529+0530] {dag.py:4180} INFO - Setting next_dagrun for example_dag_decorator to None, run_after=None
[2026-01-08T11:54:41.558+0530] {processor.py:208} INFO - Processing /home/sneha/spotify_airflow_project/venv/lib/python3.12/site-packages/airflow/example_dags/example_dag_decorator.py took 0.107 seconds
[2026-01-08T11:55:44.169+0530] {processor.py:186} INFO - Started process (PID=24757) to work on /home/sneha/spotify_airflow_project/venv/lib/python3.12/site-packages/airflow/example_dags/example_dag_decorator.py
[2026-01-08T11:55:44.170+0530] {processor.py:914} INFO - Processing file /home/sneha/spotify_airflow_project/venv/lib/python3.12/site-packages/airflow/example_dags/example_dag_decorator.py for tasks to queue
[2026-01-08T11:55:44.172+0530] {logging_mixin.py:190} INFO - [2026-01-08T11:55:44.172+0530] {dagbag.py:588} INFO - Filling up the DagBag from /home/sneha/spotify_airflow_project/venv/lib/python3.12/site-packages/airflow/example_dags/example_dag_decorator.py
[2026-01-08T11:55:44.188+0530] {processor.py:925} INFO - DAG(s) 'example_dag_decorator' retrieved from /home/sneha/spotify_airflow_project/venv/lib/python3.12/site-packages/airflow/example_dags/example_dag_decorator.py
[2026-01-08T11:55:44.341+0530] {logging_mixin.py:190} INFO - [2026-01-08T11:55:44.340+0530] {dag.py:3239} INFO - Sync 1 DAGs
[2026-01-08T11:55:44.355+0530] {logging_mixin.py:190} INFO - [2026-01-08T11:55:44.355+0530] {dag.py:4180} INFO - Setting next_dagrun for example_dag_decorator to None, run_after=None
[2026-01-08T11:55:44.383+0530] {processor.py:208} INFO - Processing /home/sneha/spotify_airflow_project/venv/lib/python3.12/site-packages/airflow/example_dags/example_dag_decorator.py took 0.226 seconds
[2026-01-08T11:56:46.409+0530] {processor.py:186} INFO - Started process (PID=24818) to work on /home/sneha/spotify_airflow_project/venv/lib/python3.12/site-packages/airflow/example_dags/example_dag_decorator.py
[2026-01-08T11:56:46.420+0530] {processor.py:914} INFO - Processing file /home/sneha/spotify_airflow_project/venv/lib/python3.12/site-packages/airflow/example_dags/example_dag_decorator.py for tasks to queue
[2026-01-08T11:56:46.421+0530] {logging_mixin.py:190} INFO - [2026-01-08T11:56:46.421+0530] {dagbag.py:588} INFO - Filling up the DagBag from /home/sneha/spotify_airflow_project/venv/lib/python3.12/site-packages/airflow/example_dags/example_dag_decorator.py
[2026-01-08T11:56:46.437+0530] {processor.py:925} INFO - DAG(s) 'example_dag_decorator' retrieved from /home/sneha/spotify_airflow_project/venv/lib/python3.12/site-packages/airflow/example_dags/example_dag_decorator.py
[2026-01-08T11:56:46.586+0530] {logging_mixin.py:190} INFO - [2026-01-08T11:56:46.586+0530] {dag.py:3239} INFO - Sync 1 DAGs
[2026-01-08T11:56:46.601+0530] {logging_mixin.py:190} INFO - [2026-01-08T11:56:46.600+0530] {dag.py:4180} INFO - Setting next_dagrun for example_dag_decorator to None, run_after=None
[2026-01-08T11:56:46.629+0530] {processor.py:208} INFO - Processing /home/sneha/spotify_airflow_project/venv/lib/python3.12/site-packages/airflow/example_dags/example_dag_decorator.py took 0.232 seconds
[2026-01-08T11:57:46.776+0530] {processor.py:186} INFO - Started process (PID=24880) to work on /home/sneha/spotify_airflow_project/venv/lib/python3.12/site-packages/airflow/example_dags/example_dag_decorator.py
[2026-01-08T11:57:46.777+0530] {processor.py:914} INFO - Processing file /home/sneha/spotify_airflow_project/venv/lib/python3.12/site-packages/airflow/example_dags/example_dag_decorator.py for tasks to queue
[2026-01-08T11:57:46.779+0530] {logging_mixin.py:190} INFO - [2026-01-08T11:57:46.778+0530] {dagbag.py:588} INFO - Filling up the DagBag from /home/sneha/spotify_airflow_project/venv/lib/python3.12/site-packages/airflow/example_dags/example_dag_decorator.py
[2026-01-08T11:57:46.795+0530] {processor.py:925} INFO - DAG(s) 'example_dag_decorator' retrieved from /home/sneha/spotify_airflow_project/venv/lib/python3.12/site-packages/airflow/example_dags/example_dag_decorator.py
[2026-01-08T11:57:46.825+0530] {logging_mixin.py:190} INFO - [2026-01-08T11:57:46.825+0530] {dag.py:3239} INFO - Sync 1 DAGs
[2026-01-08T11:57:46.842+0530] {logging_mixin.py:190} INFO - [2026-01-08T11:57:46.841+0530] {dag.py:4180} INFO - Setting next_dagrun for example_dag_decorator to None, run_after=None
[2026-01-08T11:57:46.869+0530] {processor.py:208} INFO - Processing /home/sneha/spotify_airflow_project/venv/lib/python3.12/site-packages/airflow/example_dags/example_dag_decorator.py took 0.105 seconds
[2026-01-08T11:58:46.128+0530] {processor.py:186} INFO - Started process (PID=24967) to work on /home/sneha/spotify_airflow_project/venv/lib/python3.12/site-packages/airflow/example_dags/example_dag_decorator.py
[2026-01-08T11:58:46.129+0530] {processor.py:914} INFO - Processing file /home/sneha/spotify_airflow_project/venv/lib/python3.12/site-packages/airflow/example_dags/example_dag_decorator.py for tasks to queue
[2026-01-08T11:58:46.131+0530] {logging_mixin.py:190} INFO - [2026-01-08T11:58:46.131+0530] {dagbag.py:588} INFO - Filling up the DagBag from /home/sneha/spotify_airflow_project/venv/lib/python3.12/site-packages/airflow/example_dags/example_dag_decorator.py
[2026-01-08T11:58:46.147+0530] {processor.py:925} INFO - DAG(s) 'example_dag_decorator' retrieved from /home/sneha/spotify_airflow_project/venv/lib/python3.12/site-packages/airflow/example_dags/example_dag_decorator.py
[2026-01-08T11:58:46.297+0530] {logging_mixin.py:190} INFO - [2026-01-08T11:58:46.296+0530] {dag.py:3239} INFO - Sync 1 DAGs
[2026-01-08T11:58:46.312+0530] {logging_mixin.py:190} INFO - [2026-01-08T11:58:46.311+0530] {dag.py:4180} INFO - Setting next_dagrun for example_dag_decorator to None, run_after=None
[2026-01-08T11:58:46.341+0530] {processor.py:208} INFO - Processing /home/sneha/spotify_airflow_project/venv/lib/python3.12/site-packages/airflow/example_dags/example_dag_decorator.py took 0.223 seconds
[2026-01-08T11:59:46.378+0530] {processor.py:186} INFO - Started process (PID=25028) to work on /home/sneha/spotify_airflow_project/venv/lib/python3.12/site-packages/airflow/example_dags/example_dag_decorator.py
[2026-01-08T11:59:46.379+0530] {processor.py:914} INFO - Processing file /home/sneha/spotify_airflow_project/venv/lib/python3.12/site-packages/airflow/example_dags/example_dag_decorator.py for tasks to queue
[2026-01-08T11:59:46.381+0530] {logging_mixin.py:190} INFO - [2026-01-08T11:59:46.380+0530] {dagbag.py:588} INFO - Filling up the DagBag from /home/sneha/spotify_airflow_project/venv/lib/python3.12/site-packages/airflow/example_dags/example_dag_decorator.py
[2026-01-08T11:59:46.396+0530] {processor.py:925} INFO - DAG(s) 'example_dag_decorator' retrieved from /home/sneha/spotify_airflow_project/venv/lib/python3.12/site-packages/airflow/example_dags/example_dag_decorator.py
[2026-01-08T11:59:46.541+0530] {logging_mixin.py:190} INFO - [2026-01-08T11:59:46.541+0530] {dag.py:3239} INFO - Sync 1 DAGs
[2026-01-08T11:59:46.556+0530] {logging_mixin.py:190} INFO - [2026-01-08T11:59:46.556+0530] {dag.py:4180} INFO - Setting next_dagrun for example_dag_decorator to None, run_after=None
[2026-01-08T11:59:46.584+0530] {processor.py:208} INFO - Processing /home/sneha/spotify_airflow_project/venv/lib/python3.12/site-packages/airflow/example_dags/example_dag_decorator.py took 0.218 seconds
[2026-01-08T12:00:48.692+0530] {processor.py:186} INFO - Started process (PID=25091) to work on /home/sneha/spotify_airflow_project/venv/lib/python3.12/site-packages/airflow/example_dags/example_dag_decorator.py
[2026-01-08T12:00:48.694+0530] {processor.py:914} INFO - Processing file /home/sneha/spotify_airflow_project/venv/lib/python3.12/site-packages/airflow/example_dags/example_dag_decorator.py for tasks to queue
[2026-01-08T12:00:48.695+0530] {logging_mixin.py:190} INFO - [2026-01-08T12:00:48.695+0530] {dagbag.py:588} INFO - Filling up the DagBag from /home/sneha/spotify_airflow_project/venv/lib/python3.12/site-packages/airflow/example_dags/example_dag_decorator.py
[2026-01-08T12:00:48.712+0530] {processor.py:925} INFO - DAG(s) 'example_dag_decorator' retrieved from /home/sneha/spotify_airflow_project/venv/lib/python3.12/site-packages/airflow/example_dags/example_dag_decorator.py
[2026-01-08T12:00:48.859+0530] {logging_mixin.py:190} INFO - [2026-01-08T12:00:48.859+0530] {dag.py:3239} INFO - Sync 1 DAGs
[2026-01-08T12:00:48.874+0530] {logging_mixin.py:190} INFO - [2026-01-08T12:00:48.873+0530] {dag.py:4180} INFO - Setting next_dagrun for example_dag_decorator to None, run_after=None
[2026-01-08T12:00:48.905+0530] {processor.py:208} INFO - Processing /home/sneha/spotify_airflow_project/venv/lib/python3.12/site-packages/airflow/example_dags/example_dag_decorator.py took 0.225 seconds
[2026-01-08T12:01:51.270+0530] {processor.py:186} INFO - Started process (PID=25152) to work on /home/sneha/spotify_airflow_project/venv/lib/python3.12/site-packages/airflow/example_dags/example_dag_decorator.py
[2026-01-08T12:01:51.272+0530] {processor.py:914} INFO - Processing file /home/sneha/spotify_airflow_project/venv/lib/python3.12/site-packages/airflow/example_dags/example_dag_decorator.py for tasks to queue
[2026-01-08T12:01:51.274+0530] {logging_mixin.py:190} INFO - [2026-01-08T12:01:51.273+0530] {dagbag.py:588} INFO - Filling up the DagBag from /home/sneha/spotify_airflow_project/venv/lib/python3.12/site-packages/airflow/example_dags/example_dag_decorator.py
[2026-01-08T12:01:51.288+0530] {processor.py:925} INFO - DAG(s) 'example_dag_decorator' retrieved from /home/sneha/spotify_airflow_project/venv/lib/python3.12/site-packages/airflow/example_dags/example_dag_decorator.py
[2026-01-08T12:01:51.437+0530] {logging_mixin.py:190} INFO - [2026-01-08T12:01:51.436+0530] {dag.py:3239} INFO - Sync 1 DAGs
[2026-01-08T12:01:51.451+0530] {logging_mixin.py:190} INFO - [2026-01-08T12:01:51.451+0530] {dag.py:4180} INFO - Setting next_dagrun for example_dag_decorator to None, run_after=None
[2026-01-08T12:01:51.480+0530] {processor.py:208} INFO - Processing /home/sneha/spotify_airflow_project/venv/lib/python3.12/site-packages/airflow/example_dags/example_dag_decorator.py took 0.221 seconds
[2026-01-08T12:02:56.400+0530] {processor.py:186} INFO - Started process (PID=25218) to work on /home/sneha/spotify_airflow_project/venv/lib/python3.12/site-packages/airflow/example_dags/example_dag_decorator.py
[2026-01-08T12:02:56.401+0530] {processor.py:914} INFO - Processing file /home/sneha/spotify_airflow_project/venv/lib/python3.12/site-packages/airflow/example_dags/example_dag_decorator.py for tasks to queue
[2026-01-08T12:02:56.403+0530] {logging_mixin.py:190} INFO - [2026-01-08T12:02:56.403+0530] {dagbag.py:588} INFO - Filling up the DagBag from /home/sneha/spotify_airflow_project/venv/lib/python3.12/site-packages/airflow/example_dags/example_dag_decorator.py
[2026-01-08T12:02:56.418+0530] {processor.py:925} INFO - DAG(s) 'example_dag_decorator' retrieved from /home/sneha/spotify_airflow_project/venv/lib/python3.12/site-packages/airflow/example_dags/example_dag_decorator.py
[2026-01-08T12:02:56.567+0530] {logging_mixin.py:190} INFO - [2026-01-08T12:02:56.567+0530] {dag.py:3239} INFO - Sync 1 DAGs
[2026-01-08T12:02:56.582+0530] {logging_mixin.py:190} INFO - [2026-01-08T12:02:56.581+0530] {dag.py:4180} INFO - Setting next_dagrun for example_dag_decorator to None, run_after=None
[2026-01-08T12:02:56.620+0530] {processor.py:208} INFO - Processing /home/sneha/spotify_airflow_project/venv/lib/python3.12/site-packages/airflow/example_dags/example_dag_decorator.py took 0.231 seconds
[2026-01-08T12:04:01.291+0530] {processor.py:186} INFO - Started process (PID=25309) to work on /home/sneha/spotify_airflow_project/venv/lib/python3.12/site-packages/airflow/example_dags/example_dag_decorator.py
[2026-01-08T12:04:01.292+0530] {processor.py:914} INFO - Processing file /home/sneha/spotify_airflow_project/venv/lib/python3.12/site-packages/airflow/example_dags/example_dag_decorator.py for tasks to queue
[2026-01-08T12:04:01.294+0530] {logging_mixin.py:190} INFO - [2026-01-08T12:04:01.294+0530] {dagbag.py:588} INFO - Filling up the DagBag from /home/sneha/spotify_airflow_project/venv/lib/python3.12/site-packages/airflow/example_dags/example_dag_decorator.py
[2026-01-08T12:04:01.310+0530] {processor.py:925} INFO - DAG(s) 'example_dag_decorator' retrieved from /home/sneha/spotify_airflow_project/venv/lib/python3.12/site-packages/airflow/example_dags/example_dag_decorator.py
[2026-01-08T12:04:01.455+0530] {logging_mixin.py:190} INFO - [2026-01-08T12:04:01.454+0530] {dag.py:3239} INFO - Sync 1 DAGs
[2026-01-08T12:04:01.472+0530] {logging_mixin.py:190} INFO - [2026-01-08T12:04:01.472+0530] {dag.py:4180} INFO - Setting next_dagrun for example_dag_decorator to None, run_after=None
[2026-01-08T12:04:01.500+0530] {processor.py:208} INFO - Processing /home/sneha/spotify_airflow_project/venv/lib/python3.12/site-packages/airflow/example_dags/example_dag_decorator.py took 0.219 seconds
[2026-01-08T12:05:05.469+0530] {processor.py:186} INFO - Started process (PID=25385) to work on /home/sneha/spotify_airflow_project/venv/lib/python3.12/site-packages/airflow/example_dags/example_dag_decorator.py
[2026-01-08T12:05:05.471+0530] {processor.py:914} INFO - Processing file /home/sneha/spotify_airflow_project/venv/lib/python3.12/site-packages/airflow/example_dags/example_dag_decorator.py for tasks to queue
[2026-01-08T12:05:05.473+0530] {logging_mixin.py:190} INFO - [2026-01-08T12:05:05.472+0530] {dagbag.py:588} INFO - Filling up the DagBag from /home/sneha/spotify_airflow_project/venv/lib/python3.12/site-packages/airflow/example_dags/example_dag_decorator.py
[2026-01-08T12:05:05.488+0530] {processor.py:925} INFO - DAG(s) 'example_dag_decorator' retrieved from /home/sneha/spotify_airflow_project/venv/lib/python3.12/site-packages/airflow/example_dags/example_dag_decorator.py
[2026-01-08T12:05:05.637+0530] {logging_mixin.py:190} INFO - [2026-01-08T12:05:05.636+0530] {dag.py:3239} INFO - Sync 1 DAGs
[2026-01-08T12:05:05.651+0530] {logging_mixin.py:190} INFO - [2026-01-08T12:05:05.651+0530] {dag.py:4180} INFO - Setting next_dagrun for example_dag_decorator to None, run_after=None
[2026-01-08T12:05:05.679+0530] {processor.py:208} INFO - Processing /home/sneha/spotify_airflow_project/venv/lib/python3.12/site-packages/airflow/example_dags/example_dag_decorator.py took 0.222 seconds
[2026-01-08T12:06:07.721+0530] {processor.py:186} INFO - Started process (PID=25448) to work on /home/sneha/spotify_airflow_project/venv/lib/python3.12/site-packages/airflow/example_dags/example_dag_decorator.py
[2026-01-08T12:06:07.723+0530] {processor.py:914} INFO - Processing file /home/sneha/spotify_airflow_project/venv/lib/python3.12/site-packages/airflow/example_dags/example_dag_decorator.py for tasks to queue
[2026-01-08T12:06:07.724+0530] {logging_mixin.py:190} INFO - [2026-01-08T12:06:07.724+0530] {dagbag.py:588} INFO - Filling up the DagBag from /home/sneha/spotify_airflow_project/venv/lib/python3.12/site-packages/airflow/example_dags/example_dag_decorator.py
[2026-01-08T12:06:07.739+0530] {processor.py:925} INFO - DAG(s) 'example_dag_decorator' retrieved from /home/sneha/spotify_airflow_project/venv/lib/python3.12/site-packages/airflow/example_dags/example_dag_decorator.py
[2026-01-08T12:06:07.882+0530] {logging_mixin.py:190} INFO - [2026-01-08T12:06:07.881+0530] {dag.py:3239} INFO - Sync 1 DAGs
[2026-01-08T12:06:07.895+0530] {logging_mixin.py:190} INFO - [2026-01-08T12:06:07.895+0530] {dag.py:4180} INFO - Setting next_dagrun for example_dag_decorator to None, run_after=None
[2026-01-08T12:06:07.922+0530] {processor.py:208} INFO - Processing /home/sneha/spotify_airflow_project/venv/lib/python3.12/site-packages/airflow/example_dags/example_dag_decorator.py took 0.212 seconds
[2026-01-08T12:07:06.981+0530] {processor.py:186} INFO - Started process (PID=25508) to work on /home/sneha/spotify_airflow_project/venv/lib/python3.12/site-packages/airflow/example_dags/example_dag_decorator.py
[2026-01-08T12:07:06.983+0530] {processor.py:914} INFO - Processing file /home/sneha/spotify_airflow_project/venv/lib/python3.12/site-packages/airflow/example_dags/example_dag_decorator.py for tasks to queue
[2026-01-08T12:07:06.985+0530] {logging_mixin.py:190} INFO - [2026-01-08T12:07:06.984+0530] {dagbag.py:588} INFO - Filling up the DagBag from /home/sneha/spotify_airflow_project/venv/lib/python3.12/site-packages/airflow/example_dags/example_dag_decorator.py
[2026-01-08T12:07:07.003+0530] {processor.py:925} INFO - DAG(s) 'example_dag_decorator' retrieved from /home/sneha/spotify_airflow_project/venv/lib/python3.12/site-packages/airflow/example_dags/example_dag_decorator.py
[2026-01-08T12:07:07.156+0530] {logging_mixin.py:190} INFO - [2026-01-08T12:07:07.156+0530] {dag.py:3239} INFO - Sync 1 DAGs
[2026-01-08T12:07:07.171+0530] {logging_mixin.py:190} INFO - [2026-01-08T12:07:07.170+0530] {dag.py:4180} INFO - Setting next_dagrun for example_dag_decorator to None, run_after=None
[2026-01-08T12:07:07.199+0530] {processor.py:208} INFO - Processing /home/sneha/spotify_airflow_project/venv/lib/python3.12/site-packages/airflow/example_dags/example_dag_decorator.py took 0.229 seconds
[2026-01-08T12:08:08.211+0530] {processor.py:186} INFO - Started process (PID=25570) to work on /home/sneha/spotify_airflow_project/venv/lib/python3.12/site-packages/airflow/example_dags/example_dag_decorator.py
[2026-01-08T12:08:08.212+0530] {processor.py:914} INFO - Processing file /home/sneha/spotify_airflow_project/venv/lib/python3.12/site-packages/airflow/example_dags/example_dag_decorator.py for tasks to queue
[2026-01-08T12:08:08.214+0530] {logging_mixin.py:190} INFO - [2026-01-08T12:08:08.213+0530] {dagbag.py:588} INFO - Filling up the DagBag from /home/sneha/spotify_airflow_project/venv/lib/python3.12/site-packages/airflow/example_dags/example_dag_decorator.py
[2026-01-08T12:08:08.229+0530] {processor.py:925} INFO - DAG(s) 'example_dag_decorator' retrieved from /home/sneha/spotify_airflow_project/venv/lib/python3.12/site-packages/airflow/example_dags/example_dag_decorator.py
[2026-01-08T12:08:08.374+0530] {logging_mixin.py:190} INFO - [2026-01-08T12:08:08.373+0530] {dag.py:3239} INFO - Sync 1 DAGs
[2026-01-08T12:08:08.388+0530] {logging_mixin.py:190} INFO - [2026-01-08T12:08:08.388+0530] {dag.py:4180} INFO - Setting next_dagrun for example_dag_decorator to None, run_after=None
[2026-01-08T12:08:08.419+0530] {processor.py:208} INFO - Processing /home/sneha/spotify_airflow_project/venv/lib/python3.12/site-packages/airflow/example_dags/example_dag_decorator.py took 0.220 seconds
[2026-01-08T12:09:18.122+0530] {processor.py:186} INFO - Started process (PID=25663) to work on /home/sneha/spotify_airflow_project/venv/lib/python3.12/site-packages/airflow/example_dags/example_dag_decorator.py
[2026-01-08T12:09:18.123+0530] {processor.py:914} INFO - Processing file /home/sneha/spotify_airflow_project/venv/lib/python3.12/site-packages/airflow/example_dags/example_dag_decorator.py for tasks to queue
[2026-01-08T12:09:18.125+0530] {logging_mixin.py:190} INFO - [2026-01-08T12:09:18.124+0530] {dagbag.py:588} INFO - Filling up the DagBag from /home/sneha/spotify_airflow_project/venv/lib/python3.12/site-packages/airflow/example_dags/example_dag_decorator.py
[2026-01-08T12:09:18.141+0530] {processor.py:925} INFO - DAG(s) 'example_dag_decorator' retrieved from /home/sneha/spotify_airflow_project/venv/lib/python3.12/site-packages/airflow/example_dags/example_dag_decorator.py
[2026-01-08T12:09:18.287+0530] {logging_mixin.py:190} INFO - [2026-01-08T12:09:18.286+0530] {dag.py:3239} INFO - Sync 1 DAGs
[2026-01-08T12:09:18.302+0530] {logging_mixin.py:190} INFO - [2026-01-08T12:09:18.301+0530] {dag.py:4180} INFO - Setting next_dagrun for example_dag_decorator to None, run_after=None
[2026-01-08T12:09:18.330+0530] {processor.py:208} INFO - Processing /home/sneha/spotify_airflow_project/venv/lib/python3.12/site-packages/airflow/example_dags/example_dag_decorator.py took 0.221 seconds
[2026-01-08T12:10:15.405+0530] {processor.py:186} INFO - Started process (PID=25727) to work on /home/sneha/spotify_airflow_project/venv/lib/python3.12/site-packages/airflow/example_dags/example_dag_decorator.py
[2026-01-08T12:10:15.416+0530] {processor.py:914} INFO - Processing file /home/sneha/spotify_airflow_project/venv/lib/python3.12/site-packages/airflow/example_dags/example_dag_decorator.py for tasks to queue
[2026-01-08T12:10:15.418+0530] {logging_mixin.py:190} INFO - [2026-01-08T12:10:15.418+0530] {dagbag.py:588} INFO - Filling up the DagBag from /home/sneha/spotify_airflow_project/venv/lib/python3.12/site-packages/airflow/example_dags/example_dag_decorator.py
[2026-01-08T12:10:15.433+0530] {processor.py:925} INFO - DAG(s) 'example_dag_decorator' retrieved from /home/sneha/spotify_airflow_project/venv/lib/python3.12/site-packages/airflow/example_dags/example_dag_decorator.py
[2026-01-08T12:10:15.576+0530] {logging_mixin.py:190} INFO - [2026-01-08T12:10:15.576+0530] {dag.py:3239} INFO - Sync 1 DAGs
[2026-01-08T12:10:15.591+0530] {logging_mixin.py:190} INFO - [2026-01-08T12:10:15.590+0530] {dag.py:4180} INFO - Setting next_dagrun for example_dag_decorator to None, run_after=None
[2026-01-08T12:10:15.619+0530] {processor.py:208} INFO - Processing /home/sneha/spotify_airflow_project/venv/lib/python3.12/site-packages/airflow/example_dags/example_dag_decorator.py took 0.226 seconds
[2026-01-08T12:11:13.732+0530] {processor.py:186} INFO - Started process (PID=25787) to work on /home/sneha/spotify_airflow_project/venv/lib/python3.12/site-packages/airflow/example_dags/example_dag_decorator.py
[2026-01-08T12:11:13.733+0530] {processor.py:914} INFO - Processing file /home/sneha/spotify_airflow_project/venv/lib/python3.12/site-packages/airflow/example_dags/example_dag_decorator.py for tasks to queue
[2026-01-08T12:11:13.735+0530] {logging_mixin.py:190} INFO - [2026-01-08T12:11:13.735+0530] {dagbag.py:588} INFO - Filling up the DagBag from /home/sneha/spotify_airflow_project/venv/lib/python3.12/site-packages/airflow/example_dags/example_dag_decorator.py
[2026-01-08T12:11:13.752+0530] {processor.py:925} INFO - DAG(s) 'example_dag_decorator' retrieved from /home/sneha/spotify_airflow_project/venv/lib/python3.12/site-packages/airflow/example_dags/example_dag_decorator.py
[2026-01-08T12:11:13.783+0530] {logging_mixin.py:190} INFO - [2026-01-08T12:11:13.782+0530] {dag.py:3239} INFO - Sync 1 DAGs
[2026-01-08T12:11:13.801+0530] {logging_mixin.py:190} INFO - [2026-01-08T12:11:13.800+0530] {dag.py:4180} INFO - Setting next_dagrun for example_dag_decorator to None, run_after=None
[2026-01-08T12:11:13.829+0530] {processor.py:208} INFO - Processing /home/sneha/spotify_airflow_project/venv/lib/python3.12/site-packages/airflow/example_dags/example_dag_decorator.py took 0.105 seconds
[2026-01-08T12:12:15.178+0530] {processor.py:186} INFO - Started process (PID=25847) to work on /home/sneha/spotify_airflow_project/venv/lib/python3.12/site-packages/airflow/example_dags/example_dag_decorator.py
[2026-01-08T12:12:15.180+0530] {processor.py:914} INFO - Processing file /home/sneha/spotify_airflow_project/venv/lib/python3.12/site-packages/airflow/example_dags/example_dag_decorator.py for tasks to queue
[2026-01-08T12:12:15.182+0530] {logging_mixin.py:190} INFO - [2026-01-08T12:12:15.181+0530] {dagbag.py:588} INFO - Filling up the DagBag from /home/sneha/spotify_airflow_project/venv/lib/python3.12/site-packages/airflow/example_dags/example_dag_decorator.py
[2026-01-08T12:12:15.198+0530] {processor.py:925} INFO - DAG(s) 'example_dag_decorator' retrieved from /home/sneha/spotify_airflow_project/venv/lib/python3.12/site-packages/airflow/example_dags/example_dag_decorator.py
[2026-01-08T12:12:15.347+0530] {logging_mixin.py:190} INFO - [2026-01-08T12:12:15.346+0530] {dag.py:3239} INFO - Sync 1 DAGs
[2026-01-08T12:12:15.362+0530] {logging_mixin.py:190} INFO - [2026-01-08T12:12:15.361+0530] {dag.py:4180} INFO - Setting next_dagrun for example_dag_decorator to None, run_after=None
[2026-01-08T12:12:15.392+0530] {processor.py:208} INFO - Processing /home/sneha/spotify_airflow_project/venv/lib/python3.12/site-packages/airflow/example_dags/example_dag_decorator.py took 0.227 seconds
[2026-01-08T12:24:46.804+0530] {processor.py:186} INFO - Started process (PID=26259) to work on /home/sneha/spotify_airflow_project/venv/lib/python3.12/site-packages/airflow/example_dags/example_dag_decorator.py
[2026-01-08T12:24:46.806+0530] {processor.py:914} INFO - Processing file /home/sneha/spotify_airflow_project/venv/lib/python3.12/site-packages/airflow/example_dags/example_dag_decorator.py for tasks to queue
[2026-01-08T12:24:46.807+0530] {logging_mixin.py:190} INFO - [2026-01-08T12:24:46.807+0530] {dagbag.py:588} INFO - Filling up the DagBag from /home/sneha/spotify_airflow_project/venv/lib/python3.12/site-packages/airflow/example_dags/example_dag_decorator.py
[2026-01-08T12:24:46.824+0530] {processor.py:925} INFO - DAG(s) 'example_dag_decorator' retrieved from /home/sneha/spotify_airflow_project/venv/lib/python3.12/site-packages/airflow/example_dags/example_dag_decorator.py
[2026-01-08T12:24:46.976+0530] {logging_mixin.py:190} INFO - [2026-01-08T12:24:46.975+0530] {dag.py:3239} INFO - Sync 1 DAGs
[2026-01-08T12:24:46.991+0530] {logging_mixin.py:190} INFO - [2026-01-08T12:24:46.990+0530] {dag.py:4180} INFO - Setting next_dagrun for example_dag_decorator to None, run_after=None
[2026-01-08T12:24:47.020+0530] {processor.py:208} INFO - Processing /home/sneha/spotify_airflow_project/venv/lib/python3.12/site-packages/airflow/example_dags/example_dag_decorator.py took 0.226 seconds
[2026-01-08T12:25:50.159+0530] {processor.py:186} INFO - Started process (PID=26325) to work on /home/sneha/spotify_airflow_project/venv/lib/python3.12/site-packages/airflow/example_dags/example_dag_decorator.py
[2026-01-08T12:25:50.161+0530] {processor.py:914} INFO - Processing file /home/sneha/spotify_airflow_project/venv/lib/python3.12/site-packages/airflow/example_dags/example_dag_decorator.py for tasks to queue
[2026-01-08T12:25:50.163+0530] {logging_mixin.py:190} INFO - [2026-01-08T12:25:50.162+0530] {dagbag.py:588} INFO - Filling up the DagBag from /home/sneha/spotify_airflow_project/venv/lib/python3.12/site-packages/airflow/example_dags/example_dag_decorator.py
[2026-01-08T12:25:50.178+0530] {processor.py:925} INFO - DAG(s) 'example_dag_decorator' retrieved from /home/sneha/spotify_airflow_project/venv/lib/python3.12/site-packages/airflow/example_dags/example_dag_decorator.py
[2026-01-08T12:25:50.333+0530] {logging_mixin.py:190} INFO - [2026-01-08T12:25:50.332+0530] {dag.py:3239} INFO - Sync 1 DAGs
[2026-01-08T12:25:50.348+0530] {logging_mixin.py:190} INFO - [2026-01-08T12:25:50.347+0530] {dag.py:4180} INFO - Setting next_dagrun for example_dag_decorator to None, run_after=None
[2026-01-08T12:25:50.376+0530] {processor.py:208} INFO - Processing /home/sneha/spotify_airflow_project/venv/lib/python3.12/site-packages/airflow/example_dags/example_dag_decorator.py took 0.228 seconds
[2026-01-08T12:26:54.380+0530] {processor.py:186} INFO - Started process (PID=26389) to work on /home/sneha/spotify_airflow_project/venv/lib/python3.12/site-packages/airflow/example_dags/example_dag_decorator.py
[2026-01-08T12:26:54.391+0530] {processor.py:914} INFO - Processing file /home/sneha/spotify_airflow_project/venv/lib/python3.12/site-packages/airflow/example_dags/example_dag_decorator.py for tasks to queue
[2026-01-08T12:26:54.393+0530] {logging_mixin.py:190} INFO - [2026-01-08T12:26:54.392+0530] {dagbag.py:588} INFO - Filling up the DagBag from /home/sneha/spotify_airflow_project/venv/lib/python3.12/site-packages/airflow/example_dags/example_dag_decorator.py
[2026-01-08T12:26:54.408+0530] {processor.py:925} INFO - DAG(s) 'example_dag_decorator' retrieved from /home/sneha/spotify_airflow_project/venv/lib/python3.12/site-packages/airflow/example_dags/example_dag_decorator.py
[2026-01-08T12:26:54.550+0530] {logging_mixin.py:190} INFO - [2026-01-08T12:26:54.550+0530] {dag.py:3239} INFO - Sync 1 DAGs
[2026-01-08T12:26:54.567+0530] {logging_mixin.py:190} INFO - [2026-01-08T12:26:54.566+0530] {dag.py:4180} INFO - Setting next_dagrun for example_dag_decorator to None, run_after=None
[2026-01-08T12:26:54.595+0530] {processor.py:208} INFO - Processing /home/sneha/spotify_airflow_project/venv/lib/python3.12/site-packages/airflow/example_dags/example_dag_decorator.py took 0.226 seconds
[2026-01-08T12:27:57.132+0530] {processor.py:186} INFO - Started process (PID=26451) to work on /home/sneha/spotify_airflow_project/venv/lib/python3.12/site-packages/airflow/example_dags/example_dag_decorator.py
[2026-01-08T12:27:57.143+0530] {processor.py:914} INFO - Processing file /home/sneha/spotify_airflow_project/venv/lib/python3.12/site-packages/airflow/example_dags/example_dag_decorator.py for tasks to queue
[2026-01-08T12:27:57.145+0530] {logging_mixin.py:190} INFO - [2026-01-08T12:27:57.145+0530] {dagbag.py:588} INFO - Filling up the DagBag from /home/sneha/spotify_airflow_project/venv/lib/python3.12/site-packages/airflow/example_dags/example_dag_decorator.py
[2026-01-08T12:27:57.161+0530] {processor.py:925} INFO - DAG(s) 'example_dag_decorator' retrieved from /home/sneha/spotify_airflow_project/venv/lib/python3.12/site-packages/airflow/example_dags/example_dag_decorator.py
[2026-01-08T12:27:57.311+0530] {logging_mixin.py:190} INFO - [2026-01-08T12:27:57.311+0530] {dag.py:3239} INFO - Sync 1 DAGs
[2026-01-08T12:27:57.326+0530] {logging_mixin.py:190} INFO - [2026-01-08T12:27:57.326+0530] {dag.py:4180} INFO - Setting next_dagrun for example_dag_decorator to None, run_after=None
[2026-01-08T12:27:57.355+0530] {processor.py:208} INFO - Processing /home/sneha/spotify_airflow_project/venv/lib/python3.12/site-packages/airflow/example_dags/example_dag_decorator.py took 0.234 seconds
[2026-01-08T12:29:00.253+0530] {processor.py:186} INFO - Started process (PID=26514) to work on /home/sneha/spotify_airflow_project/venv/lib/python3.12/site-packages/airflow/example_dags/example_dag_decorator.py
[2026-01-08T12:29:00.254+0530] {processor.py:914} INFO - Processing file /home/sneha/spotify_airflow_project/venv/lib/python3.12/site-packages/airflow/example_dags/example_dag_decorator.py for tasks to queue
[2026-01-08T12:29:00.256+0530] {logging_mixin.py:190} INFO - [2026-01-08T12:29:00.255+0530] {dagbag.py:588} INFO - Filling up the DagBag from /home/sneha/spotify_airflow_project/venv/lib/python3.12/site-packages/airflow/example_dags/example_dag_decorator.py
[2026-01-08T12:29:00.271+0530] {processor.py:925} INFO - DAG(s) 'example_dag_decorator' retrieved from /home/sneha/spotify_airflow_project/venv/lib/python3.12/site-packages/airflow/example_dags/example_dag_decorator.py
[2026-01-08T12:29:00.413+0530] {logging_mixin.py:190} INFO - [2026-01-08T12:29:00.413+0530] {dag.py:3239} INFO - Sync 1 DAGs
[2026-01-08T12:29:00.427+0530] {logging_mixin.py:190} INFO - [2026-01-08T12:29:00.427+0530] {dag.py:4180} INFO - Setting next_dagrun for example_dag_decorator to None, run_after=None
[2026-01-08T12:29:00.455+0530] {processor.py:208} INFO - Processing /home/sneha/spotify_airflow_project/venv/lib/python3.12/site-packages/airflow/example_dags/example_dag_decorator.py took 0.213 seconds
[2026-01-08T12:32:30.287+0530] {processor.py:186} INFO - Started process (PID=31224) to work on /home/sneha/spotify_airflow_project/venv/lib/python3.12/site-packages/airflow/example_dags/example_dag_decorator.py
[2026-01-08T12:32:30.289+0530] {processor.py:914} INFO - Processing file /home/sneha/spotify_airflow_project/venv/lib/python3.12/site-packages/airflow/example_dags/example_dag_decorator.py for tasks to queue
[2026-01-08T12:32:30.291+0530] {logging_mixin.py:190} INFO - [2026-01-08T12:32:30.290+0530] {dagbag.py:588} INFO - Filling up the DagBag from /home/sneha/spotify_airflow_project/venv/lib/python3.12/site-packages/airflow/example_dags/example_dag_decorator.py
[2026-01-08T12:32:30.306+0530] {processor.py:925} INFO - DAG(s) 'example_dag_decorator' retrieved from /home/sneha/spotify_airflow_project/venv/lib/python3.12/site-packages/airflow/example_dags/example_dag_decorator.py
[2026-01-08T12:32:30.650+0530] {logging_mixin.py:190} INFO - [2026-01-08T12:32:30.649+0530] {dag.py:3239} INFO - Sync 1 DAGs
[2026-01-08T12:32:30.663+0530] {logging_mixin.py:190} INFO - [2026-01-08T12:32:30.662+0530] {dag.py:4180} INFO - Setting next_dagrun for example_dag_decorator to None, run_after=None
[2026-01-08T12:32:30.688+0530] {processor.py:208} INFO - Processing /home/sneha/spotify_airflow_project/venv/lib/python3.12/site-packages/airflow/example_dags/example_dag_decorator.py took 0.410 seconds
[2026-01-08T12:33:32.392+0530] {processor.py:186} INFO - Started process (PID=31287) to work on /home/sneha/spotify_airflow_project/venv/lib/python3.12/site-packages/airflow/example_dags/example_dag_decorator.py
[2026-01-08T12:33:32.394+0530] {processor.py:914} INFO - Processing file /home/sneha/spotify_airflow_project/venv/lib/python3.12/site-packages/airflow/example_dags/example_dag_decorator.py for tasks to queue
[2026-01-08T12:33:32.396+0530] {logging_mixin.py:190} INFO - [2026-01-08T12:33:32.395+0530] {dagbag.py:588} INFO - Filling up the DagBag from /home/sneha/spotify_airflow_project/venv/lib/python3.12/site-packages/airflow/example_dags/example_dag_decorator.py
[2026-01-08T12:33:32.411+0530] {processor.py:925} INFO - DAG(s) 'example_dag_decorator' retrieved from /home/sneha/spotify_airflow_project/venv/lib/python3.12/site-packages/airflow/example_dags/example_dag_decorator.py
[2026-01-08T12:33:32.556+0530] {logging_mixin.py:190} INFO - [2026-01-08T12:33:32.555+0530] {dag.py:3239} INFO - Sync 1 DAGs
[2026-01-08T12:33:32.574+0530] {logging_mixin.py:190} INFO - [2026-01-08T12:33:32.573+0530] {dag.py:4180} INFO - Setting next_dagrun for example_dag_decorator to None, run_after=None
[2026-01-08T12:33:32.798+0530] {processor.py:208} INFO - Processing /home/sneha/spotify_airflow_project/venv/lib/python3.12/site-packages/airflow/example_dags/example_dag_decorator.py took 0.418 seconds
[2026-01-08T12:34:35.597+0530] {processor.py:186} INFO - Started process (PID=31349) to work on /home/sneha/spotify_airflow_project/venv/lib/python3.12/site-packages/airflow/example_dags/example_dag_decorator.py
[2026-01-08T12:34:35.598+0530] {processor.py:914} INFO - Processing file /home/sneha/spotify_airflow_project/venv/lib/python3.12/site-packages/airflow/example_dags/example_dag_decorator.py for tasks to queue
[2026-01-08T12:34:35.600+0530] {logging_mixin.py:190} INFO - [2026-01-08T12:34:35.599+0530] {dagbag.py:588} INFO - Filling up the DagBag from /home/sneha/spotify_airflow_project/venv/lib/python3.12/site-packages/airflow/example_dags/example_dag_decorator.py
[2026-01-08T12:34:35.615+0530] {processor.py:925} INFO - DAG(s) 'example_dag_decorator' retrieved from /home/sneha/spotify_airflow_project/venv/lib/python3.12/site-packages/airflow/example_dags/example_dag_decorator.py
[2026-01-08T12:34:35.763+0530] {logging_mixin.py:190} INFO - [2026-01-08T12:34:35.762+0530] {dag.py:3239} INFO - Sync 1 DAGs
[2026-01-08T12:34:35.777+0530] {logging_mixin.py:190} INFO - [2026-01-08T12:34:35.777+0530] {dag.py:4180} INFO - Setting next_dagrun for example_dag_decorator to None, run_after=None
[2026-01-08T12:34:35.805+0530] {processor.py:208} INFO - Processing /home/sneha/spotify_airflow_project/venv/lib/python3.12/site-packages/airflow/example_dags/example_dag_decorator.py took 0.220 seconds
[2026-01-08T12:35:34.994+0530] {processor.py:186} INFO - Started process (PID=31442) to work on /home/sneha/spotify_airflow_project/venv/lib/python3.12/site-packages/airflow/example_dags/example_dag_decorator.py
[2026-01-08T12:35:34.996+0530] {processor.py:914} INFO - Processing file /home/sneha/spotify_airflow_project/venv/lib/python3.12/site-packages/airflow/example_dags/example_dag_decorator.py for tasks to queue
[2026-01-08T12:35:34.998+0530] {logging_mixin.py:190} INFO - [2026-01-08T12:35:34.997+0530] {dagbag.py:588} INFO - Filling up the DagBag from /home/sneha/spotify_airflow_project/venv/lib/python3.12/site-packages/airflow/example_dags/example_dag_decorator.py
[2026-01-08T12:35:35.014+0530] {processor.py:925} INFO - DAG(s) 'example_dag_decorator' retrieved from /home/sneha/spotify_airflow_project/venv/lib/python3.12/site-packages/airflow/example_dags/example_dag_decorator.py
[2026-01-08T12:35:35.046+0530] {logging_mixin.py:190} INFO - [2026-01-08T12:35:35.046+0530] {dag.py:3239} INFO - Sync 1 DAGs
[2026-01-08T12:35:35.064+0530] {logging_mixin.py:190} INFO - [2026-01-08T12:35:35.063+0530] {dag.py:4180} INFO - Setting next_dagrun for example_dag_decorator to None, run_after=None
[2026-01-08T12:35:35.092+0530] {processor.py:208} INFO - Processing /home/sneha/spotify_airflow_project/venv/lib/python3.12/site-packages/airflow/example_dags/example_dag_decorator.py took 0.107 seconds
[2026-01-08T12:36:37.078+0530] {processor.py:186} INFO - Started process (PID=31504) to work on /home/sneha/spotify_airflow_project/venv/lib/python3.12/site-packages/airflow/example_dags/example_dag_decorator.py
[2026-01-08T12:36:37.089+0530] {processor.py:914} INFO - Processing file /home/sneha/spotify_airflow_project/venv/lib/python3.12/site-packages/airflow/example_dags/example_dag_decorator.py for tasks to queue
[2026-01-08T12:36:37.091+0530] {logging_mixin.py:190} INFO - [2026-01-08T12:36:37.091+0530] {dagbag.py:588} INFO - Filling up the DagBag from /home/sneha/spotify_airflow_project/venv/lib/python3.12/site-packages/airflow/example_dags/example_dag_decorator.py
[2026-01-08T12:36:37.107+0530] {processor.py:925} INFO - DAG(s) 'example_dag_decorator' retrieved from /home/sneha/spotify_airflow_project/venv/lib/python3.12/site-packages/airflow/example_dags/example_dag_decorator.py
[2026-01-08T12:36:37.137+0530] {logging_mixin.py:190} INFO - [2026-01-08T12:36:37.137+0530] {dag.py:3239} INFO - Sync 1 DAGs
[2026-01-08T12:36:37.154+0530] {logging_mixin.py:190} INFO - [2026-01-08T12:36:37.154+0530] {dag.py:4180} INFO - Setting next_dagrun for example_dag_decorator to None, run_after=None
[2026-01-08T12:36:37.182+0530] {processor.py:208} INFO - Processing /home/sneha/spotify_airflow_project/venv/lib/python3.12/site-packages/airflow/example_dags/example_dag_decorator.py took 0.115 seconds
[2026-01-08T12:37:38.514+0530] {processor.py:186} INFO - Started process (PID=31564) to work on /home/sneha/spotify_airflow_project/venv/lib/python3.12/site-packages/airflow/example_dags/example_dag_decorator.py
[2026-01-08T12:37:38.515+0530] {processor.py:914} INFO - Processing file /home/sneha/spotify_airflow_project/venv/lib/python3.12/site-packages/airflow/example_dags/example_dag_decorator.py for tasks to queue
[2026-01-08T12:37:38.517+0530] {logging_mixin.py:190} INFO - [2026-01-08T12:37:38.516+0530] {dagbag.py:588} INFO - Filling up the DagBag from /home/sneha/spotify_airflow_project/venv/lib/python3.12/site-packages/airflow/example_dags/example_dag_decorator.py
[2026-01-08T12:37:38.531+0530] {processor.py:925} INFO - DAG(s) 'example_dag_decorator' retrieved from /home/sneha/spotify_airflow_project/venv/lib/python3.12/site-packages/airflow/example_dags/example_dag_decorator.py
[2026-01-08T12:37:38.672+0530] {logging_mixin.py:190} INFO - [2026-01-08T12:37:38.671+0530] {dag.py:3239} INFO - Sync 1 DAGs
[2026-01-08T12:37:38.686+0530] {logging_mixin.py:190} INFO - [2026-01-08T12:37:38.686+0530] {dag.py:4180} INFO - Setting next_dagrun for example_dag_decorator to None, run_after=None
[2026-01-08T12:37:38.718+0530] {processor.py:208} INFO - Processing /home/sneha/spotify_airflow_project/venv/lib/python3.12/site-packages/airflow/example_dags/example_dag_decorator.py took 0.215 seconds
[2026-01-08T12:38:44.127+0530] {processor.py:186} INFO - Started process (PID=31627) to work on /home/sneha/spotify_airflow_project/venv/lib/python3.12/site-packages/airflow/example_dags/example_dag_decorator.py
[2026-01-08T12:38:44.128+0530] {processor.py:914} INFO - Processing file /home/sneha/spotify_airflow_project/venv/lib/python3.12/site-packages/airflow/example_dags/example_dag_decorator.py for tasks to queue
[2026-01-08T12:38:44.130+0530] {logging_mixin.py:190} INFO - [2026-01-08T12:38:44.130+0530] {dagbag.py:588} INFO - Filling up the DagBag from /home/sneha/spotify_airflow_project/venv/lib/python3.12/site-packages/airflow/example_dags/example_dag_decorator.py
[2026-01-08T12:38:44.147+0530] {processor.py:925} INFO - DAG(s) 'example_dag_decorator' retrieved from /home/sneha/spotify_airflow_project/venv/lib/python3.12/site-packages/airflow/example_dags/example_dag_decorator.py
[2026-01-08T12:38:44.504+0530] {logging_mixin.py:190} INFO - [2026-01-08T12:38:44.504+0530] {dag.py:3239} INFO - Sync 1 DAGs
[2026-01-08T12:38:44.517+0530] {logging_mixin.py:190} INFO - [2026-01-08T12:38:44.516+0530] {dag.py:4180} INFO - Setting next_dagrun for example_dag_decorator to None, run_after=None
[2026-01-08T12:38:44.541+0530] {processor.py:208} INFO - Processing /home/sneha/spotify_airflow_project/venv/lib/python3.12/site-packages/airflow/example_dags/example_dag_decorator.py took 0.426 seconds
[2026-01-08T12:39:50.869+0530] {processor.py:186} INFO - Started process (PID=31719) to work on /home/sneha/spotify_airflow_project/venv/lib/python3.12/site-packages/airflow/example_dags/example_dag_decorator.py
[2026-01-08T12:39:50.870+0530] {processor.py:914} INFO - Processing file /home/sneha/spotify_airflow_project/venv/lib/python3.12/site-packages/airflow/example_dags/example_dag_decorator.py for tasks to queue
[2026-01-08T12:39:50.872+0530] {logging_mixin.py:190} INFO - [2026-01-08T12:39:50.871+0530] {dagbag.py:588} INFO - Filling up the DagBag from /home/sneha/spotify_airflow_project/venv/lib/python3.12/site-packages/airflow/example_dags/example_dag_decorator.py
[2026-01-08T12:39:50.887+0530] {processor.py:925} INFO - DAG(s) 'example_dag_decorator' retrieved from /home/sneha/spotify_airflow_project/venv/lib/python3.12/site-packages/airflow/example_dags/example_dag_decorator.py
[2026-01-08T12:39:50.916+0530] {logging_mixin.py:190} INFO - [2026-01-08T12:39:50.915+0530] {dag.py:3239} INFO - Sync 1 DAGs
[2026-01-08T12:39:50.932+0530] {logging_mixin.py:190} INFO - [2026-01-08T12:39:50.931+0530] {dag.py:4180} INFO - Setting next_dagrun for example_dag_decorator to None, run_after=None
[2026-01-08T12:39:50.959+0530] {processor.py:208} INFO - Processing /home/sneha/spotify_airflow_project/venv/lib/python3.12/site-packages/airflow/example_dags/example_dag_decorator.py took 0.099 seconds
[2026-01-08T12:40:55.604+0530] {processor.py:186} INFO - Started process (PID=31783) to work on /home/sneha/spotify_airflow_project/venv/lib/python3.12/site-packages/airflow/example_dags/example_dag_decorator.py
[2026-01-08T12:40:55.605+0530] {processor.py:914} INFO - Processing file /home/sneha/spotify_airflow_project/venv/lib/python3.12/site-packages/airflow/example_dags/example_dag_decorator.py for tasks to queue
[2026-01-08T12:40:55.607+0530] {logging_mixin.py:190} INFO - [2026-01-08T12:40:55.606+0530] {dagbag.py:588} INFO - Filling up the DagBag from /home/sneha/spotify_airflow_project/venv/lib/python3.12/site-packages/airflow/example_dags/example_dag_decorator.py
[2026-01-08T12:40:55.622+0530] {processor.py:925} INFO - DAG(s) 'example_dag_decorator' retrieved from /home/sneha/spotify_airflow_project/venv/lib/python3.12/site-packages/airflow/example_dags/example_dag_decorator.py
[2026-01-08T12:40:55.992+0530] {logging_mixin.py:190} INFO - [2026-01-08T12:40:55.992+0530] {dag.py:3239} INFO - Sync 1 DAGs
[2026-01-08T12:40:56.005+0530] {logging_mixin.py:190} INFO - [2026-01-08T12:40:56.005+0530] {dag.py:4180} INFO - Setting next_dagrun for example_dag_decorator to None, run_after=None
[2026-01-08T12:40:56.042+0530] {processor.py:208} INFO - Processing /home/sneha/spotify_airflow_project/venv/lib/python3.12/site-packages/airflow/example_dags/example_dag_decorator.py took 0.450 seconds
[2026-01-08T12:42:02.490+0530] {processor.py:186} INFO - Started process (PID=31849) to work on /home/sneha/spotify_airflow_project/venv/lib/python3.12/site-packages/airflow/example_dags/example_dag_decorator.py
[2026-01-08T12:42:02.491+0530] {processor.py:914} INFO - Processing file /home/sneha/spotify_airflow_project/venv/lib/python3.12/site-packages/airflow/example_dags/example_dag_decorator.py for tasks to queue
[2026-01-08T12:42:02.493+0530] {logging_mixin.py:190} INFO - [2026-01-08T12:42:02.493+0530] {dagbag.py:588} INFO - Filling up the DagBag from /home/sneha/spotify_airflow_project/venv/lib/python3.12/site-packages/airflow/example_dags/example_dag_decorator.py
[2026-01-08T12:42:02.509+0530] {processor.py:925} INFO - DAG(s) 'example_dag_decorator' retrieved from /home/sneha/spotify_airflow_project/venv/lib/python3.12/site-packages/airflow/example_dags/example_dag_decorator.py
[2026-01-08T12:42:02.873+0530] {logging_mixin.py:190} INFO - [2026-01-08T12:42:02.873+0530] {dag.py:3239} INFO - Sync 1 DAGs
[2026-01-08T12:42:02.886+0530] {logging_mixin.py:190} INFO - [2026-01-08T12:42:02.886+0530] {dag.py:4180} INFO - Setting next_dagrun for example_dag_decorator to None, run_after=None
[2026-01-08T12:42:02.915+0530] {processor.py:208} INFO - Processing /home/sneha/spotify_airflow_project/venv/lib/python3.12/site-packages/airflow/example_dags/example_dag_decorator.py took 0.436 seconds
[2026-01-08T12:43:13.357+0530] {processor.py:186} INFO - Started process (PID=31917) to work on /home/sneha/spotify_airflow_project/venv/lib/python3.12/site-packages/airflow/example_dags/example_dag_decorator.py
[2026-01-08T12:43:13.368+0530] {processor.py:914} INFO - Processing file /home/sneha/spotify_airflow_project/venv/lib/python3.12/site-packages/airflow/example_dags/example_dag_decorator.py for tasks to queue
[2026-01-08T12:43:13.370+0530] {logging_mixin.py:190} INFO - [2026-01-08T12:43:13.369+0530] {dagbag.py:588} INFO - Filling up the DagBag from /home/sneha/spotify_airflow_project/venv/lib/python3.12/site-packages/airflow/example_dags/example_dag_decorator.py
[2026-01-08T12:43:13.384+0530] {processor.py:925} INFO - DAG(s) 'example_dag_decorator' retrieved from /home/sneha/spotify_airflow_project/venv/lib/python3.12/site-packages/airflow/example_dags/example_dag_decorator.py
[2026-01-08T12:43:13.727+0530] {logging_mixin.py:190} INFO - [2026-01-08T12:43:13.727+0530] {dag.py:3239} INFO - Sync 1 DAGs
[2026-01-08T12:43:13.740+0530] {logging_mixin.py:190} INFO - [2026-01-08T12:43:13.740+0530] {dag.py:4180} INFO - Setting next_dagrun for example_dag_decorator to None, run_after=None
[2026-01-08T12:43:13.766+0530] {processor.py:208} INFO - Processing /home/sneha/spotify_airflow_project/venv/lib/python3.12/site-packages/airflow/example_dags/example_dag_decorator.py took 0.421 seconds
[2026-01-08T12:44:34.008+0530] {processor.py:186} INFO - Started process (PID=31986) to work on /home/sneha/spotify_airflow_project/venv/lib/python3.12/site-packages/airflow/example_dags/example_dag_decorator.py
[2026-01-08T12:44:34.010+0530] {processor.py:914} INFO - Processing file /home/sneha/spotify_airflow_project/venv/lib/python3.12/site-packages/airflow/example_dags/example_dag_decorator.py for tasks to queue
[2026-01-08T12:44:34.012+0530] {logging_mixin.py:190} INFO - [2026-01-08T12:44:34.011+0530] {dagbag.py:588} INFO - Filling up the DagBag from /home/sneha/spotify_airflow_project/venv/lib/python3.12/site-packages/airflow/example_dags/example_dag_decorator.py
[2026-01-08T12:44:34.028+0530] {processor.py:925} INFO - DAG(s) 'example_dag_decorator' retrieved from /home/sneha/spotify_airflow_project/venv/lib/python3.12/site-packages/airflow/example_dags/example_dag_decorator.py
[2026-01-08T12:44:34.168+0530] {logging_mixin.py:190} INFO - [2026-01-08T12:44:34.167+0530] {dag.py:3239} INFO - Sync 1 DAGs
[2026-01-08T12:44:34.182+0530] {logging_mixin.py:190} INFO - [2026-01-08T12:44:34.181+0530] {dag.py:4180} INFO - Setting next_dagrun for example_dag_decorator to None, run_after=None
[2026-01-08T12:44:34.209+0530] {processor.py:208} INFO - Processing /home/sneha/spotify_airflow_project/venv/lib/python3.12/site-packages/airflow/example_dags/example_dag_decorator.py took 0.211 seconds
[2026-01-08T12:45:42.906+0530] {processor.py:186} INFO - Started process (PID=32084) to work on /home/sneha/spotify_airflow_project/venv/lib/python3.12/site-packages/airflow/example_dags/example_dag_decorator.py
[2026-01-08T12:45:42.908+0530] {processor.py:914} INFO - Processing file /home/sneha/spotify_airflow_project/venv/lib/python3.12/site-packages/airflow/example_dags/example_dag_decorator.py for tasks to queue
[2026-01-08T12:45:42.911+0530] {logging_mixin.py:190} INFO - [2026-01-08T12:45:42.910+0530] {dagbag.py:588} INFO - Filling up the DagBag from /home/sneha/spotify_airflow_project/venv/lib/python3.12/site-packages/airflow/example_dags/example_dag_decorator.py
[2026-01-08T12:45:42.926+0530] {processor.py:925} INFO - DAG(s) 'example_dag_decorator' retrieved from /home/sneha/spotify_airflow_project/venv/lib/python3.12/site-packages/airflow/example_dags/example_dag_decorator.py
[2026-01-08T12:45:43.077+0530] {logging_mixin.py:190} INFO - [2026-01-08T12:45:43.076+0530] {dag.py:3239} INFO - Sync 1 DAGs
[2026-01-08T12:45:43.091+0530] {logging_mixin.py:190} INFO - [2026-01-08T12:45:43.091+0530] {dag.py:4180} INFO - Setting next_dagrun for example_dag_decorator to None, run_after=None
[2026-01-08T12:45:43.119+0530] {processor.py:208} INFO - Processing /home/sneha/spotify_airflow_project/venv/lib/python3.12/site-packages/airflow/example_dags/example_dag_decorator.py took 0.224 seconds
