[2026-01-08T11:19:13.298+0530] {processor.py:186} INFO - Started process (PID=12277) to work on /home/sneha/spotify_airflow_project/venv/lib/python3.12/site-packages/airflow/example_dags/example_params_trigger_ui.py
[2026-01-08T11:19:13.300+0530] {processor.py:914} INFO - Processing file /home/sneha/spotify_airflow_project/venv/lib/python3.12/site-packages/airflow/example_dags/example_params_trigger_ui.py for tasks to queue
[2026-01-08T11:19:13.301+0530] {logging_mixin.py:190} INFO - [2026-01-08T11:19:13.301+0530] {dagbag.py:588} INFO - Filling up the DagBag from /home/sneha/spotify_airflow_project/venv/lib/python3.12/site-packages/airflow/example_dags/example_params_trigger_ui.py
[2026-01-08T11:19:13.315+0530] {processor.py:925} INFO - DAG(s) 'example_params_trigger_ui' retrieved from /home/sneha/spotify_airflow_project/venv/lib/python3.12/site-packages/airflow/example_dags/example_params_trigger_ui.py
[2026-01-08T11:19:13.374+0530] {logging_mixin.py:190} INFO - [2026-01-08T11:19:13.374+0530] {dag.py:3239} INFO - Sync 1 DAGs
[2026-01-08T11:19:13.394+0530] {logging_mixin.py:190} INFO - [2026-01-08T11:19:13.394+0530] {dag.py:4180} INFO - Setting next_dagrun for example_params_trigger_ui to None, run_after=None
[2026-01-08T11:19:13.423+0530] {processor.py:208} INFO - Processing /home/sneha/spotify_airflow_project/venv/lib/python3.12/site-packages/airflow/example_dags/example_params_trigger_ui.py took 0.136 seconds
[2026-01-08T11:20:16.297+0530] {processor.py:186} INFO - Started process (PID=12372) to work on /home/sneha/spotify_airflow_project/venv/lib/python3.12/site-packages/airflow/example_dags/example_params_trigger_ui.py
[2026-01-08T11:20:16.299+0530] {processor.py:914} INFO - Processing file /home/sneha/spotify_airflow_project/venv/lib/python3.12/site-packages/airflow/example_dags/example_params_trigger_ui.py for tasks to queue
[2026-01-08T11:20:16.301+0530] {logging_mixin.py:190} INFO - [2026-01-08T11:20:16.300+0530] {dagbag.py:588} INFO - Filling up the DagBag from /home/sneha/spotify_airflow_project/venv/lib/python3.12/site-packages/airflow/example_dags/example_params_trigger_ui.py
[2026-01-08T11:20:16.314+0530] {processor.py:925} INFO - DAG(s) 'example_params_trigger_ui' retrieved from /home/sneha/spotify_airflow_project/venv/lib/python3.12/site-packages/airflow/example_dags/example_params_trigger_ui.py
[2026-01-08T11:20:16.372+0530] {logging_mixin.py:190} INFO - [2026-01-08T11:20:16.371+0530] {dag.py:3239} INFO - Sync 1 DAGs
[2026-01-08T11:20:16.389+0530] {logging_mixin.py:190} INFO - [2026-01-08T11:20:16.389+0530] {dag.py:4180} INFO - Setting next_dagrun for example_params_trigger_ui to None, run_after=None
[2026-01-08T11:20:16.421+0530] {processor.py:208} INFO - Processing /home/sneha/spotify_airflow_project/venv/lib/python3.12/site-packages/airflow/example_dags/example_params_trigger_ui.py took 0.135 seconds
[2026-01-08T11:21:21.704+0530] {processor.py:186} INFO - Started process (PID=12467) to work on /home/sneha/spotify_airflow_project/venv/lib/python3.12/site-packages/airflow/example_dags/example_params_trigger_ui.py
[2026-01-08T11:21:21.706+0530] {processor.py:914} INFO - Processing file /home/sneha/spotify_airflow_project/venv/lib/python3.12/site-packages/airflow/example_dags/example_params_trigger_ui.py for tasks to queue
[2026-01-08T11:21:21.708+0530] {logging_mixin.py:190} INFO - [2026-01-08T11:21:21.707+0530] {dagbag.py:588} INFO - Filling up the DagBag from /home/sneha/spotify_airflow_project/venv/lib/python3.12/site-packages/airflow/example_dags/example_params_trigger_ui.py
[2026-01-08T11:21:21.722+0530] {processor.py:925} INFO - DAG(s) 'example_params_trigger_ui' retrieved from /home/sneha/spotify_airflow_project/venv/lib/python3.12/site-packages/airflow/example_dags/example_params_trigger_ui.py
[2026-01-08T11:21:21.784+0530] {logging_mixin.py:190} INFO - [2026-01-08T11:21:21.783+0530] {dag.py:3239} INFO - Sync 1 DAGs
[2026-01-08T11:21:21.802+0530] {logging_mixin.py:190} INFO - [2026-01-08T11:21:21.802+0530] {dag.py:4180} INFO - Setting next_dagrun for example_params_trigger_ui to None, run_after=None
[2026-01-08T11:21:21.840+0530] {processor.py:208} INFO - Processing /home/sneha/spotify_airflow_project/venv/lib/python3.12/site-packages/airflow/example_dags/example_params_trigger_ui.py took 0.144 seconds
[2026-01-08T11:23:47.841+0530] {processor.py:186} INFO - Started process (PID=17796) to work on /home/sneha/spotify_airflow_project/venv/lib/python3.12/site-packages/airflow/example_dags/example_params_trigger_ui.py
[2026-01-08T11:23:47.852+0530] {processor.py:914} INFO - Processing file /home/sneha/spotify_airflow_project/venv/lib/python3.12/site-packages/airflow/example_dags/example_params_trigger_ui.py for tasks to queue
[2026-01-08T11:23:47.854+0530] {logging_mixin.py:190} INFO - [2026-01-08T11:23:47.854+0530] {dagbag.py:588} INFO - Filling up the DagBag from /home/sneha/spotify_airflow_project/venv/lib/python3.12/site-packages/airflow/example_dags/example_params_trigger_ui.py
[2026-01-08T11:23:47.867+0530] {processor.py:925} INFO - DAG(s) 'example_params_trigger_ui' retrieved from /home/sneha/spotify_airflow_project/venv/lib/python3.12/site-packages/airflow/example_dags/example_params_trigger_ui.py
[2026-01-08T11:23:47.926+0530] {logging_mixin.py:190} INFO - [2026-01-08T11:23:47.925+0530] {dag.py:3239} INFO - Sync 1 DAGs
[2026-01-08T11:23:47.942+0530] {logging_mixin.py:190} INFO - [2026-01-08T11:23:47.942+0530] {dag.py:4180} INFO - Setting next_dagrun for example_params_trigger_ui to None, run_after=None
[2026-01-08T11:23:47.973+0530] {processor.py:208} INFO - Processing /home/sneha/spotify_airflow_project/venv/lib/python3.12/site-packages/airflow/example_dags/example_params_trigger_ui.py took 0.143 seconds
[2026-01-08T11:24:52.895+0530] {processor.py:186} INFO - Started process (PID=17860) to work on /home/sneha/spotify_airflow_project/venv/lib/python3.12/site-packages/airflow/example_dags/example_params_trigger_ui.py
[2026-01-08T11:24:52.897+0530] {processor.py:914} INFO - Processing file /home/sneha/spotify_airflow_project/venv/lib/python3.12/site-packages/airflow/example_dags/example_params_trigger_ui.py for tasks to queue
[2026-01-08T11:24:52.898+0530] {logging_mixin.py:190} INFO - [2026-01-08T11:24:52.898+0530] {dagbag.py:588} INFO - Filling up the DagBag from /home/sneha/spotify_airflow_project/venv/lib/python3.12/site-packages/airflow/example_dags/example_params_trigger_ui.py
[2026-01-08T11:24:52.913+0530] {processor.py:925} INFO - DAG(s) 'example_params_trigger_ui' retrieved from /home/sneha/spotify_airflow_project/venv/lib/python3.12/site-packages/airflow/example_dags/example_params_trigger_ui.py
[2026-01-08T11:24:52.973+0530] {logging_mixin.py:190} INFO - [2026-01-08T11:24:52.973+0530] {dag.py:3239} INFO - Sync 1 DAGs
[2026-01-08T11:24:52.991+0530] {logging_mixin.py:190} INFO - [2026-01-08T11:24:52.991+0530] {dag.py:4180} INFO - Setting next_dagrun for example_params_trigger_ui to None, run_after=None
[2026-01-08T11:24:53.020+0530] {processor.py:208} INFO - Processing /home/sneha/spotify_airflow_project/venv/lib/python3.12/site-packages/airflow/example_dags/example_params_trigger_ui.py took 0.137 seconds
[2026-01-08T11:25:56.785+0530] {processor.py:186} INFO - Started process (PID=17957) to work on /home/sneha/spotify_airflow_project/venv/lib/python3.12/site-packages/airflow/example_dags/example_params_trigger_ui.py
[2026-01-08T11:25:56.797+0530] {processor.py:914} INFO - Processing file /home/sneha/spotify_airflow_project/venv/lib/python3.12/site-packages/airflow/example_dags/example_params_trigger_ui.py for tasks to queue
[2026-01-08T11:25:56.799+0530] {logging_mixin.py:190} INFO - [2026-01-08T11:25:56.798+0530] {dagbag.py:588} INFO - Filling up the DagBag from /home/sneha/spotify_airflow_project/venv/lib/python3.12/site-packages/airflow/example_dags/example_params_trigger_ui.py
[2026-01-08T11:25:56.812+0530] {processor.py:925} INFO - DAG(s) 'example_params_trigger_ui' retrieved from /home/sneha/spotify_airflow_project/venv/lib/python3.12/site-packages/airflow/example_dags/example_params_trigger_ui.py
[2026-01-08T11:25:56.867+0530] {logging_mixin.py:190} INFO - [2026-01-08T11:25:56.867+0530] {dag.py:3239} INFO - Sync 1 DAGs
[2026-01-08T11:25:56.883+0530] {logging_mixin.py:190} INFO - [2026-01-08T11:25:56.883+0530] {dag.py:4180} INFO - Setting next_dagrun for example_params_trigger_ui to None, run_after=None
[2026-01-08T11:25:56.911+0530] {processor.py:208} INFO - Processing /home/sneha/spotify_airflow_project/venv/lib/python3.12/site-packages/airflow/example_dags/example_params_trigger_ui.py took 0.137 seconds
[2026-01-08T11:27:06.636+0530] {processor.py:186} INFO - Started process (PID=18023) to work on /home/sneha/spotify_airflow_project/venv/lib/python3.12/site-packages/airflow/example_dags/example_params_trigger_ui.py
[2026-01-08T11:27:06.638+0530] {processor.py:914} INFO - Processing file /home/sneha/spotify_airflow_project/venv/lib/python3.12/site-packages/airflow/example_dags/example_params_trigger_ui.py for tasks to queue
[2026-01-08T11:27:06.640+0530] {logging_mixin.py:190} INFO - [2026-01-08T11:27:06.639+0530] {dagbag.py:588} INFO - Filling up the DagBag from /home/sneha/spotify_airflow_project/venv/lib/python3.12/site-packages/airflow/example_dags/example_params_trigger_ui.py
[2026-01-08T11:27:06.653+0530] {processor.py:925} INFO - DAG(s) 'example_params_trigger_ui' retrieved from /home/sneha/spotify_airflow_project/venv/lib/python3.12/site-packages/airflow/example_dags/example_params_trigger_ui.py
[2026-01-08T11:27:06.710+0530] {logging_mixin.py:190} INFO - [2026-01-08T11:27:06.710+0530] {dag.py:3239} INFO - Sync 1 DAGs
[2026-01-08T11:27:06.727+0530] {logging_mixin.py:190} INFO - [2026-01-08T11:27:06.727+0530] {dag.py:4180} INFO - Setting next_dagrun for example_params_trigger_ui to None, run_after=None
[2026-01-08T11:27:06.759+0530] {processor.py:208} INFO - Processing /home/sneha/spotify_airflow_project/venv/lib/python3.12/site-packages/airflow/example_dags/example_params_trigger_ui.py took 0.133 seconds
[2026-01-08T11:28:05.685+0530] {processor.py:186} INFO - Started process (PID=18084) to work on /home/sneha/spotify_airflow_project/venv/lib/python3.12/site-packages/airflow/example_dags/example_params_trigger_ui.py
[2026-01-08T11:28:05.686+0530] {processor.py:914} INFO - Processing file /home/sneha/spotify_airflow_project/venv/lib/python3.12/site-packages/airflow/example_dags/example_params_trigger_ui.py for tasks to queue
[2026-01-08T11:28:05.688+0530] {logging_mixin.py:190} INFO - [2026-01-08T11:28:05.687+0530] {dagbag.py:588} INFO - Filling up the DagBag from /home/sneha/spotify_airflow_project/venv/lib/python3.12/site-packages/airflow/example_dags/example_params_trigger_ui.py
[2026-01-08T11:28:05.701+0530] {processor.py:925} INFO - DAG(s) 'example_params_trigger_ui' retrieved from /home/sneha/spotify_airflow_project/venv/lib/python3.12/site-packages/airflow/example_dags/example_params_trigger_ui.py
[2026-01-08T11:28:05.760+0530] {logging_mixin.py:190} INFO - [2026-01-08T11:28:05.759+0530] {dag.py:3239} INFO - Sync 1 DAGs
[2026-01-08T11:28:05.777+0530] {logging_mixin.py:190} INFO - [2026-01-08T11:28:05.777+0530] {dag.py:4180} INFO - Setting next_dagrun for example_params_trigger_ui to None, run_after=None
[2026-01-08T11:28:05.805+0530] {processor.py:208} INFO - Processing /home/sneha/spotify_airflow_project/venv/lib/python3.12/site-packages/airflow/example_dags/example_params_trigger_ui.py took 0.131 seconds
[2026-01-08T11:29:04.739+0530] {processor.py:186} INFO - Started process (PID=18171) to work on /home/sneha/spotify_airflow_project/venv/lib/python3.12/site-packages/airflow/example_dags/example_params_trigger_ui.py
[2026-01-08T11:29:04.741+0530] {processor.py:914} INFO - Processing file /home/sneha/spotify_airflow_project/venv/lib/python3.12/site-packages/airflow/example_dags/example_params_trigger_ui.py for tasks to queue
[2026-01-08T11:29:04.743+0530] {logging_mixin.py:190} INFO - [2026-01-08T11:29:04.743+0530] {dagbag.py:588} INFO - Filling up the DagBag from /home/sneha/spotify_airflow_project/venv/lib/python3.12/site-packages/airflow/example_dags/example_params_trigger_ui.py
[2026-01-08T11:29:04.757+0530] {processor.py:925} INFO - DAG(s) 'example_params_trigger_ui' retrieved from /home/sneha/spotify_airflow_project/venv/lib/python3.12/site-packages/airflow/example_dags/example_params_trigger_ui.py
[2026-01-08T11:29:04.812+0530] {logging_mixin.py:190} INFO - [2026-01-08T11:29:04.812+0530] {dag.py:3239} INFO - Sync 1 DAGs
[2026-01-08T11:29:04.829+0530] {logging_mixin.py:190} INFO - [2026-01-08T11:29:04.828+0530] {dag.py:4180} INFO - Setting next_dagrun for example_params_trigger_ui to None, run_after=None
[2026-01-08T11:29:04.855+0530] {processor.py:208} INFO - Processing /home/sneha/spotify_airflow_project/venv/lib/python3.12/site-packages/airflow/example_dags/example_params_trigger_ui.py took 0.128 seconds
[2026-01-08T11:32:15.392+0530] {processor.py:186} INFO - Started process (PID=22843) to work on /home/sneha/spotify_airflow_project/venv/lib/python3.12/site-packages/airflow/example_dags/example_params_trigger_ui.py
[2026-01-08T11:32:15.394+0530] {processor.py:914} INFO - Processing file /home/sneha/spotify_airflow_project/venv/lib/python3.12/site-packages/airflow/example_dags/example_params_trigger_ui.py for tasks to queue
[2026-01-08T11:32:15.396+0530] {logging_mixin.py:190} INFO - [2026-01-08T11:32:15.395+0530] {dagbag.py:588} INFO - Filling up the DagBag from /home/sneha/spotify_airflow_project/venv/lib/python3.12/site-packages/airflow/example_dags/example_params_trigger_ui.py
[2026-01-08T11:32:15.409+0530] {processor.py:925} INFO - DAG(s) 'example_params_trigger_ui' retrieved from /home/sneha/spotify_airflow_project/venv/lib/python3.12/site-packages/airflow/example_dags/example_params_trigger_ui.py
[2026-01-08T11:32:15.476+0530] {logging_mixin.py:190} INFO - [2026-01-08T11:32:15.476+0530] {dag.py:3239} INFO - Sync 1 DAGs
[2026-01-08T11:32:15.497+0530] {logging_mixin.py:190} INFO - [2026-01-08T11:32:15.497+0530] {dag.py:4180} INFO - Setting next_dagrun for example_params_trigger_ui to None, run_after=None
[2026-01-08T11:32:15.529+0530] {processor.py:208} INFO - Processing /home/sneha/spotify_airflow_project/venv/lib/python3.12/site-packages/airflow/example_dags/example_params_trigger_ui.py took 0.148 seconds
[2026-01-08T11:33:18.376+0530] {processor.py:186} INFO - Started process (PID=22932) to work on /home/sneha/spotify_airflow_project/venv/lib/python3.12/site-packages/airflow/example_dags/example_params_trigger_ui.py
[2026-01-08T11:33:18.378+0530] {processor.py:914} INFO - Processing file /home/sneha/spotify_airflow_project/venv/lib/python3.12/site-packages/airflow/example_dags/example_params_trigger_ui.py for tasks to queue
[2026-01-08T11:33:18.380+0530] {logging_mixin.py:190} INFO - [2026-01-08T11:33:18.379+0530] {dagbag.py:588} INFO - Filling up the DagBag from /home/sneha/spotify_airflow_project/venv/lib/python3.12/site-packages/airflow/example_dags/example_params_trigger_ui.py
[2026-01-08T11:33:18.394+0530] {processor.py:925} INFO - DAG(s) 'example_params_trigger_ui' retrieved from /home/sneha/spotify_airflow_project/venv/lib/python3.12/site-packages/airflow/example_dags/example_params_trigger_ui.py
[2026-01-08T11:33:18.454+0530] {logging_mixin.py:190} INFO - [2026-01-08T11:33:18.453+0530] {dag.py:3239} INFO - Sync 1 DAGs
[2026-01-08T11:33:18.473+0530] {logging_mixin.py:190} INFO - [2026-01-08T11:33:18.473+0530] {dag.py:4180} INFO - Setting next_dagrun for example_params_trigger_ui to None, run_after=None
[2026-01-08T11:33:18.502+0530] {processor.py:208} INFO - Processing /home/sneha/spotify_airflow_project/venv/lib/python3.12/site-packages/airflow/example_dags/example_params_trigger_ui.py took 0.137 seconds
[2026-01-08T11:34:16.235+0530] {processor.py:186} INFO - Started process (PID=22993) to work on /home/sneha/spotify_airflow_project/venv/lib/python3.12/site-packages/airflow/example_dags/example_params_trigger_ui.py
[2026-01-08T11:34:16.237+0530] {processor.py:914} INFO - Processing file /home/sneha/spotify_airflow_project/venv/lib/python3.12/site-packages/airflow/example_dags/example_params_trigger_ui.py for tasks to queue
[2026-01-08T11:34:16.239+0530] {logging_mixin.py:190} INFO - [2026-01-08T11:34:16.238+0530] {dagbag.py:588} INFO - Filling up the DagBag from /home/sneha/spotify_airflow_project/venv/lib/python3.12/site-packages/airflow/example_dags/example_params_trigger_ui.py
[2026-01-08T11:34:16.253+0530] {processor.py:925} INFO - DAG(s) 'example_params_trigger_ui' retrieved from /home/sneha/spotify_airflow_project/venv/lib/python3.12/site-packages/airflow/example_dags/example_params_trigger_ui.py
[2026-01-08T11:34:16.312+0530] {logging_mixin.py:190} INFO - [2026-01-08T11:34:16.312+0530] {dag.py:3239} INFO - Sync 1 DAGs
[2026-01-08T11:34:16.330+0530] {logging_mixin.py:190} INFO - [2026-01-08T11:34:16.329+0530] {dag.py:4180} INFO - Setting next_dagrun for example_params_trigger_ui to None, run_after=None
[2026-01-08T11:34:16.358+0530] {processor.py:208} INFO - Processing /home/sneha/spotify_airflow_project/venv/lib/python3.12/site-packages/airflow/example_dags/example_params_trigger_ui.py took 0.135 seconds
[2026-01-08T11:35:14.995+0530] {processor.py:186} INFO - Started process (PID=23057) to work on /home/sneha/spotify_airflow_project/venv/lib/python3.12/site-packages/airflow/example_dags/example_params_trigger_ui.py
[2026-01-08T11:35:14.997+0530] {processor.py:914} INFO - Processing file /home/sneha/spotify_airflow_project/venv/lib/python3.12/site-packages/airflow/example_dags/example_params_trigger_ui.py for tasks to queue
[2026-01-08T11:35:14.999+0530] {logging_mixin.py:190} INFO - [2026-01-08T11:35:14.998+0530] {dagbag.py:588} INFO - Filling up the DagBag from /home/sneha/spotify_airflow_project/venv/lib/python3.12/site-packages/airflow/example_dags/example_params_trigger_ui.py
[2026-01-08T11:35:15.012+0530] {processor.py:925} INFO - DAG(s) 'example_params_trigger_ui' retrieved from /home/sneha/spotify_airflow_project/venv/lib/python3.12/site-packages/airflow/example_dags/example_params_trigger_ui.py
[2026-01-08T11:35:15.071+0530] {logging_mixin.py:190} INFO - [2026-01-08T11:35:15.071+0530] {dag.py:3239} INFO - Sync 1 DAGs
[2026-01-08T11:35:15.090+0530] {logging_mixin.py:190} INFO - [2026-01-08T11:35:15.089+0530] {dag.py:4180} INFO - Setting next_dagrun for example_params_trigger_ui to None, run_after=None
[2026-01-08T11:35:15.118+0530] {processor.py:208} INFO - Processing /home/sneha/spotify_airflow_project/venv/lib/python3.12/site-packages/airflow/example_dags/example_params_trigger_ui.py took 0.134 seconds
[2026-01-08T11:36:15.851+0530] {processor.py:186} INFO - Started process (PID=23120) to work on /home/sneha/spotify_airflow_project/venv/lib/python3.12/site-packages/airflow/example_dags/example_params_trigger_ui.py
[2026-01-08T11:36:15.862+0530] {processor.py:914} INFO - Processing file /home/sneha/spotify_airflow_project/venv/lib/python3.12/site-packages/airflow/example_dags/example_params_trigger_ui.py for tasks to queue
[2026-01-08T11:36:15.864+0530] {logging_mixin.py:190} INFO - [2026-01-08T11:36:15.864+0530] {dagbag.py:588} INFO - Filling up the DagBag from /home/sneha/spotify_airflow_project/venv/lib/python3.12/site-packages/airflow/example_dags/example_params_trigger_ui.py
[2026-01-08T11:36:15.878+0530] {processor.py:925} INFO - DAG(s) 'example_params_trigger_ui' retrieved from /home/sneha/spotify_airflow_project/venv/lib/python3.12/site-packages/airflow/example_dags/example_params_trigger_ui.py
[2026-01-08T11:36:15.938+0530] {logging_mixin.py:190} INFO - [2026-01-08T11:36:15.938+0530] {dag.py:3239} INFO - Sync 1 DAGs
[2026-01-08T11:36:15.956+0530] {logging_mixin.py:190} INFO - [2026-01-08T11:36:15.955+0530] {dag.py:4180} INFO - Setting next_dagrun for example_params_trigger_ui to None, run_after=None
[2026-01-08T11:36:15.984+0530] {processor.py:208} INFO - Processing /home/sneha/spotify_airflow_project/venv/lib/python3.12/site-packages/airflow/example_dags/example_params_trigger_ui.py took 0.144 seconds
[2026-01-08T11:37:17.303+0530] {processor.py:186} INFO - Started process (PID=23181) to work on /home/sneha/spotify_airflow_project/venv/lib/python3.12/site-packages/airflow/example_dags/example_params_trigger_ui.py
[2026-01-08T11:37:17.305+0530] {processor.py:914} INFO - Processing file /home/sneha/spotify_airflow_project/venv/lib/python3.12/site-packages/airflow/example_dags/example_params_trigger_ui.py for tasks to queue
[2026-01-08T11:37:17.307+0530] {logging_mixin.py:190} INFO - [2026-01-08T11:37:17.306+0530] {dagbag.py:588} INFO - Filling up the DagBag from /home/sneha/spotify_airflow_project/venv/lib/python3.12/site-packages/airflow/example_dags/example_params_trigger_ui.py
[2026-01-08T11:37:17.322+0530] {processor.py:925} INFO - DAG(s) 'example_params_trigger_ui' retrieved from /home/sneha/spotify_airflow_project/venv/lib/python3.12/site-packages/airflow/example_dags/example_params_trigger_ui.py
[2026-01-08T11:37:17.377+0530] {logging_mixin.py:190} INFO - [2026-01-08T11:37:17.376+0530] {dag.py:3239} INFO - Sync 1 DAGs
[2026-01-08T11:37:17.393+0530] {logging_mixin.py:190} INFO - [2026-01-08T11:37:17.393+0530] {dag.py:4180} INFO - Setting next_dagrun for example_params_trigger_ui to None, run_after=None
[2026-01-08T11:37:17.420+0530] {processor.py:208} INFO - Processing /home/sneha/spotify_airflow_project/venv/lib/python3.12/site-packages/airflow/example_dags/example_params_trigger_ui.py took 0.129 seconds
[2026-01-08T11:38:23.894+0530] {processor.py:186} INFO - Started process (PID=23274) to work on /home/sneha/spotify_airflow_project/venv/lib/python3.12/site-packages/airflow/example_dags/example_params_trigger_ui.py
[2026-01-08T11:38:23.896+0530] {processor.py:914} INFO - Processing file /home/sneha/spotify_airflow_project/venv/lib/python3.12/site-packages/airflow/example_dags/example_params_trigger_ui.py for tasks to queue
[2026-01-08T11:38:23.898+0530] {logging_mixin.py:190} INFO - [2026-01-08T11:38:23.897+0530] {dagbag.py:588} INFO - Filling up the DagBag from /home/sneha/spotify_airflow_project/venv/lib/python3.12/site-packages/airflow/example_dags/example_params_trigger_ui.py
[2026-01-08T11:38:23.911+0530] {processor.py:925} INFO - DAG(s) 'example_params_trigger_ui' retrieved from /home/sneha/spotify_airflow_project/venv/lib/python3.12/site-packages/airflow/example_dags/example_params_trigger_ui.py
[2026-01-08T11:38:23.968+0530] {logging_mixin.py:190} INFO - [2026-01-08T11:38:23.967+0530] {dag.py:3239} INFO - Sync 1 DAGs
[2026-01-08T11:38:23.986+0530] {logging_mixin.py:190} INFO - [2026-01-08T11:38:23.985+0530] {dag.py:4180} INFO - Setting next_dagrun for example_params_trigger_ui to None, run_after=None
[2026-01-08T11:38:24.014+0530] {processor.py:208} INFO - Processing /home/sneha/spotify_airflow_project/venv/lib/python3.12/site-packages/airflow/example_dags/example_params_trigger_ui.py took 0.131 seconds
[2026-01-08T11:39:27.649+0530] {processor.py:186} INFO - Started process (PID=23338) to work on /home/sneha/spotify_airflow_project/venv/lib/python3.12/site-packages/airflow/example_dags/example_params_trigger_ui.py
[2026-01-08T11:39:27.651+0530] {processor.py:914} INFO - Processing file /home/sneha/spotify_airflow_project/venv/lib/python3.12/site-packages/airflow/example_dags/example_params_trigger_ui.py for tasks to queue
[2026-01-08T11:39:27.653+0530] {logging_mixin.py:190} INFO - [2026-01-08T11:39:27.652+0530] {dagbag.py:588} INFO - Filling up the DagBag from /home/sneha/spotify_airflow_project/venv/lib/python3.12/site-packages/airflow/example_dags/example_params_trigger_ui.py
[2026-01-08T11:39:27.667+0530] {processor.py:925} INFO - DAG(s) 'example_params_trigger_ui' retrieved from /home/sneha/spotify_airflow_project/venv/lib/python3.12/site-packages/airflow/example_dags/example_params_trigger_ui.py
[2026-01-08T11:39:27.726+0530] {logging_mixin.py:190} INFO - [2026-01-08T11:39:27.726+0530] {dag.py:3239} INFO - Sync 1 DAGs
[2026-01-08T11:39:27.747+0530] {logging_mixin.py:190} INFO - [2026-01-08T11:39:27.746+0530] {dag.py:4180} INFO - Setting next_dagrun for example_params_trigger_ui to None, run_after=None
[2026-01-08T11:39:27.776+0530] {processor.py:208} INFO - Processing /home/sneha/spotify_airflow_project/venv/lib/python3.12/site-packages/airflow/example_dags/example_params_trigger_ui.py took 0.138 seconds
[2026-01-08T11:40:32.773+0530] {processor.py:186} INFO - Started process (PID=23420) to work on /home/sneha/spotify_airflow_project/venv/lib/python3.12/site-packages/airflow/example_dags/example_params_trigger_ui.py
[2026-01-08T11:40:32.774+0530] {processor.py:914} INFO - Processing file /home/sneha/spotify_airflow_project/venv/lib/python3.12/site-packages/airflow/example_dags/example_params_trigger_ui.py for tasks to queue
[2026-01-08T11:40:32.776+0530] {logging_mixin.py:190} INFO - [2026-01-08T11:40:32.776+0530] {dagbag.py:588} INFO - Filling up the DagBag from /home/sneha/spotify_airflow_project/venv/lib/python3.12/site-packages/airflow/example_dags/example_params_trigger_ui.py
[2026-01-08T11:40:32.791+0530] {processor.py:925} INFO - DAG(s) 'example_params_trigger_ui' retrieved from /home/sneha/spotify_airflow_project/venv/lib/python3.12/site-packages/airflow/example_dags/example_params_trigger_ui.py
[2026-01-08T11:40:32.849+0530] {logging_mixin.py:190} INFO - [2026-01-08T11:40:32.849+0530] {dag.py:3239} INFO - Sync 1 DAGs
[2026-01-08T11:40:32.867+0530] {logging_mixin.py:190} INFO - [2026-01-08T11:40:32.866+0530] {dag.py:4180} INFO - Setting next_dagrun for example_params_trigger_ui to None, run_after=None
[2026-01-08T11:40:32.894+0530] {processor.py:208} INFO - Processing /home/sneha/spotify_airflow_project/venv/lib/python3.12/site-packages/airflow/example_dags/example_params_trigger_ui.py took 0.133 seconds
[2026-01-08T11:41:32.845+0530] {processor.py:186} INFO - Started process (PID=23557) to work on /home/sneha/spotify_airflow_project/venv/lib/python3.12/site-packages/airflow/example_dags/example_params_trigger_ui.py
[2026-01-08T11:41:32.846+0530] {processor.py:914} INFO - Processing file /home/sneha/spotify_airflow_project/venv/lib/python3.12/site-packages/airflow/example_dags/example_params_trigger_ui.py for tasks to queue
[2026-01-08T11:41:32.849+0530] {logging_mixin.py:190} INFO - [2026-01-08T11:41:32.848+0530] {dagbag.py:588} INFO - Filling up the DagBag from /home/sneha/spotify_airflow_project/venv/lib/python3.12/site-packages/airflow/example_dags/example_params_trigger_ui.py
[2026-01-08T11:41:32.863+0530] {processor.py:925} INFO - DAG(s) 'example_params_trigger_ui' retrieved from /home/sneha/spotify_airflow_project/venv/lib/python3.12/site-packages/airflow/example_dags/example_params_trigger_ui.py
[2026-01-08T11:41:32.924+0530] {logging_mixin.py:190} INFO - [2026-01-08T11:41:32.924+0530] {dag.py:3239} INFO - Sync 1 DAGs
[2026-01-08T11:41:32.942+0530] {logging_mixin.py:190} INFO - [2026-01-08T11:41:32.942+0530] {dag.py:4180} INFO - Setting next_dagrun for example_params_trigger_ui to None, run_after=None
[2026-01-08T11:41:32.969+0530] {processor.py:208} INFO - Processing /home/sneha/spotify_airflow_project/venv/lib/python3.12/site-packages/airflow/example_dags/example_params_trigger_ui.py took 0.136 seconds
[2026-01-08T11:42:42.972+0530] {processor.py:186} INFO - Started process (PID=23624) to work on /home/sneha/spotify_airflow_project/venv/lib/python3.12/site-packages/airflow/example_dags/example_params_trigger_ui.py
[2026-01-08T11:42:42.974+0530] {processor.py:914} INFO - Processing file /home/sneha/spotify_airflow_project/venv/lib/python3.12/site-packages/airflow/example_dags/example_params_trigger_ui.py for tasks to queue
[2026-01-08T11:42:42.976+0530] {logging_mixin.py:190} INFO - [2026-01-08T11:42:42.975+0530] {dagbag.py:588} INFO - Filling up the DagBag from /home/sneha/spotify_airflow_project/venv/lib/python3.12/site-packages/airflow/example_dags/example_params_trigger_ui.py
[2026-01-08T11:42:42.989+0530] {processor.py:925} INFO - DAG(s) 'example_params_trigger_ui' retrieved from /home/sneha/spotify_airflow_project/venv/lib/python3.12/site-packages/airflow/example_dags/example_params_trigger_ui.py
[2026-01-08T11:42:43.044+0530] {logging_mixin.py:190} INFO - [2026-01-08T11:42:43.043+0530] {dag.py:3239} INFO - Sync 1 DAGs
[2026-01-08T11:42:43.061+0530] {logging_mixin.py:190} INFO - [2026-01-08T11:42:43.061+0530] {dag.py:4180} INFO - Setting next_dagrun for example_params_trigger_ui to None, run_after=None
[2026-01-08T11:42:43.089+0530] {processor.py:208} INFO - Processing /home/sneha/spotify_airflow_project/venv/lib/python3.12/site-packages/airflow/example_dags/example_params_trigger_ui.py took 0.128 seconds
[2026-01-08T11:43:44.288+0530] {processor.py:186} INFO - Started process (PID=23714) to work on /home/sneha/spotify_airflow_project/venv/lib/python3.12/site-packages/airflow/example_dags/example_params_trigger_ui.py
[2026-01-08T11:43:44.290+0530] {processor.py:914} INFO - Processing file /home/sneha/spotify_airflow_project/venv/lib/python3.12/site-packages/airflow/example_dags/example_params_trigger_ui.py for tasks to queue
[2026-01-08T11:43:44.291+0530] {logging_mixin.py:190} INFO - [2026-01-08T11:43:44.291+0530] {dagbag.py:588} INFO - Filling up the DagBag from /home/sneha/spotify_airflow_project/venv/lib/python3.12/site-packages/airflow/example_dags/example_params_trigger_ui.py
[2026-01-08T11:43:44.304+0530] {processor.py:925} INFO - DAG(s) 'example_params_trigger_ui' retrieved from /home/sneha/spotify_airflow_project/venv/lib/python3.12/site-packages/airflow/example_dags/example_params_trigger_ui.py
[2026-01-08T11:43:44.359+0530] {logging_mixin.py:190} INFO - [2026-01-08T11:43:44.358+0530] {dag.py:3239} INFO - Sync 1 DAGs
[2026-01-08T11:43:44.375+0530] {logging_mixin.py:190} INFO - [2026-01-08T11:43:44.375+0530] {dag.py:4180} INFO - Setting next_dagrun for example_params_trigger_ui to None, run_after=None
[2026-01-08T11:43:44.404+0530] {processor.py:208} INFO - Processing /home/sneha/spotify_airflow_project/venv/lib/python3.12/site-packages/airflow/example_dags/example_params_trigger_ui.py took 0.124 seconds
[2026-01-08T11:44:53.577+0530] {processor.py:186} INFO - Started process (PID=23936) to work on /home/sneha/spotify_airflow_project/venv/lib/python3.12/site-packages/airflow/example_dags/example_params_trigger_ui.py
[2026-01-08T11:44:53.588+0530] {processor.py:914} INFO - Processing file /home/sneha/spotify_airflow_project/venv/lib/python3.12/site-packages/airflow/example_dags/example_params_trigger_ui.py for tasks to queue
[2026-01-08T11:44:53.591+0530] {logging_mixin.py:190} INFO - [2026-01-08T11:44:53.590+0530] {dagbag.py:588} INFO - Filling up the DagBag from /home/sneha/spotify_airflow_project/venv/lib/python3.12/site-packages/airflow/example_dags/example_params_trigger_ui.py
[2026-01-08T11:44:53.609+0530] {processor.py:925} INFO - DAG(s) 'example_params_trigger_ui' retrieved from /home/sneha/spotify_airflow_project/venv/lib/python3.12/site-packages/airflow/example_dags/example_params_trigger_ui.py
[2026-01-08T11:44:53.674+0530] {logging_mixin.py:190} INFO - [2026-01-08T11:44:53.674+0530] {dag.py:3239} INFO - Sync 1 DAGs
[2026-01-08T11:44:53.692+0530] {logging_mixin.py:190} INFO - [2026-01-08T11:44:53.692+0530] {dag.py:4180} INFO - Setting next_dagrun for example_params_trigger_ui to None, run_after=None
[2026-01-08T11:44:53.721+0530] {processor.py:208} INFO - Processing /home/sneha/spotify_airflow_project/venv/lib/python3.12/site-packages/airflow/example_dags/example_params_trigger_ui.py took 0.155 seconds
[2026-01-08T11:45:54.474+0530] {processor.py:186} INFO - Started process (PID=24090) to work on /home/sneha/spotify_airflow_project/venv/lib/python3.12/site-packages/airflow/example_dags/example_params_trigger_ui.py
[2026-01-08T11:45:54.476+0530] {processor.py:914} INFO - Processing file /home/sneha/spotify_airflow_project/venv/lib/python3.12/site-packages/airflow/example_dags/example_params_trigger_ui.py for tasks to queue
[2026-01-08T11:45:54.478+0530] {logging_mixin.py:190} INFO - [2026-01-08T11:45:54.477+0530] {dagbag.py:588} INFO - Filling up the DagBag from /home/sneha/spotify_airflow_project/venv/lib/python3.12/site-packages/airflow/example_dags/example_params_trigger_ui.py
[2026-01-08T11:45:54.493+0530] {processor.py:925} INFO - DAG(s) 'example_params_trigger_ui' retrieved from /home/sneha/spotify_airflow_project/venv/lib/python3.12/site-packages/airflow/example_dags/example_params_trigger_ui.py
[2026-01-08T11:45:54.559+0530] {logging_mixin.py:190} INFO - [2026-01-08T11:45:54.558+0530] {dag.py:3239} INFO - Sync 1 DAGs
[2026-01-08T11:45:54.576+0530] {logging_mixin.py:190} INFO - [2026-01-08T11:45:54.576+0530] {dag.py:4180} INFO - Setting next_dagrun for example_params_trigger_ui to None, run_after=None
[2026-01-08T11:45:54.604+0530] {processor.py:208} INFO - Processing /home/sneha/spotify_airflow_project/venv/lib/python3.12/site-packages/airflow/example_dags/example_params_trigger_ui.py took 0.142 seconds
[2026-01-08T11:46:59.375+0530] {processor.py:186} INFO - Started process (PID=24154) to work on /home/sneha/spotify_airflow_project/venv/lib/python3.12/site-packages/airflow/example_dags/example_params_trigger_ui.py
[2026-01-08T11:46:59.377+0530] {processor.py:914} INFO - Processing file /home/sneha/spotify_airflow_project/venv/lib/python3.12/site-packages/airflow/example_dags/example_params_trigger_ui.py for tasks to queue
[2026-01-08T11:46:59.378+0530] {logging_mixin.py:190} INFO - [2026-01-08T11:46:59.378+0530] {dagbag.py:588} INFO - Filling up the DagBag from /home/sneha/spotify_airflow_project/venv/lib/python3.12/site-packages/airflow/example_dags/example_params_trigger_ui.py
[2026-01-08T11:46:59.391+0530] {processor.py:925} INFO - DAG(s) 'example_params_trigger_ui' retrieved from /home/sneha/spotify_airflow_project/venv/lib/python3.12/site-packages/airflow/example_dags/example_params_trigger_ui.py
[2026-01-08T11:46:59.450+0530] {logging_mixin.py:190} INFO - [2026-01-08T11:46:59.449+0530] {dag.py:3239} INFO - Sync 1 DAGs
[2026-01-08T11:46:59.467+0530] {logging_mixin.py:190} INFO - [2026-01-08T11:46:59.467+0530] {dag.py:4180} INFO - Setting next_dagrun for example_params_trigger_ui to None, run_after=None
[2026-01-08T11:46:59.497+0530] {processor.py:208} INFO - Processing /home/sneha/spotify_airflow_project/venv/lib/python3.12/site-packages/airflow/example_dags/example_params_trigger_ui.py took 0.134 seconds
[2026-01-08T11:48:01.583+0530] {processor.py:186} INFO - Started process (PID=24214) to work on /home/sneha/spotify_airflow_project/venv/lib/python3.12/site-packages/airflow/example_dags/example_params_trigger_ui.py
[2026-01-08T11:48:01.584+0530] {processor.py:914} INFO - Processing file /home/sneha/spotify_airflow_project/venv/lib/python3.12/site-packages/airflow/example_dags/example_params_trigger_ui.py for tasks to queue
[2026-01-08T11:48:01.586+0530] {logging_mixin.py:190} INFO - [2026-01-08T11:48:01.585+0530] {dagbag.py:588} INFO - Filling up the DagBag from /home/sneha/spotify_airflow_project/venv/lib/python3.12/site-packages/airflow/example_dags/example_params_trigger_ui.py
[2026-01-08T11:48:01.599+0530] {processor.py:925} INFO - DAG(s) 'example_params_trigger_ui' retrieved from /home/sneha/spotify_airflow_project/venv/lib/python3.12/site-packages/airflow/example_dags/example_params_trigger_ui.py
[2026-01-08T11:48:01.652+0530] {logging_mixin.py:190} INFO - [2026-01-08T11:48:01.652+0530] {dag.py:3239} INFO - Sync 1 DAGs
[2026-01-08T11:48:01.669+0530] {logging_mixin.py:190} INFO - [2026-01-08T11:48:01.668+0530] {dag.py:4180} INFO - Setting next_dagrun for example_params_trigger_ui to None, run_after=None
[2026-01-08T11:48:01.695+0530] {processor.py:208} INFO - Processing /home/sneha/spotify_airflow_project/venv/lib/python3.12/site-packages/airflow/example_dags/example_params_trigger_ui.py took 0.124 seconds
[2026-01-08T11:49:03.345+0530] {processor.py:186} INFO - Started process (PID=24302) to work on /home/sneha/spotify_airflow_project/venv/lib/python3.12/site-packages/airflow/example_dags/example_params_trigger_ui.py
[2026-01-08T11:49:03.346+0530] {processor.py:914} INFO - Processing file /home/sneha/spotify_airflow_project/venv/lib/python3.12/site-packages/airflow/example_dags/example_params_trigger_ui.py for tasks to queue
[2026-01-08T11:49:03.348+0530] {logging_mixin.py:190} INFO - [2026-01-08T11:49:03.348+0530] {dagbag.py:588} INFO - Filling up the DagBag from /home/sneha/spotify_airflow_project/venv/lib/python3.12/site-packages/airflow/example_dags/example_params_trigger_ui.py
[2026-01-08T11:49:03.362+0530] {processor.py:925} INFO - DAG(s) 'example_params_trigger_ui' retrieved from /home/sneha/spotify_airflow_project/venv/lib/python3.12/site-packages/airflow/example_dags/example_params_trigger_ui.py
[2026-01-08T11:49:03.420+0530] {logging_mixin.py:190} INFO - [2026-01-08T11:49:03.420+0530] {dag.py:3239} INFO - Sync 1 DAGs
[2026-01-08T11:49:03.438+0530] {logging_mixin.py:190} INFO - [2026-01-08T11:49:03.437+0530] {dag.py:4180} INFO - Setting next_dagrun for example_params_trigger_ui to None, run_after=None
[2026-01-08T11:49:03.467+0530] {processor.py:208} INFO - Processing /home/sneha/spotify_airflow_project/venv/lib/python3.12/site-packages/airflow/example_dags/example_params_trigger_ui.py took 0.134 seconds
[2026-01-08T11:50:08.117+0530] {processor.py:186} INFO - Started process (PID=24366) to work on /home/sneha/spotify_airflow_project/venv/lib/python3.12/site-packages/airflow/example_dags/example_params_trigger_ui.py
[2026-01-08T11:50:08.118+0530] {processor.py:914} INFO - Processing file /home/sneha/spotify_airflow_project/venv/lib/python3.12/site-packages/airflow/example_dags/example_params_trigger_ui.py for tasks to queue
[2026-01-08T11:50:08.120+0530] {logging_mixin.py:190} INFO - [2026-01-08T11:50:08.120+0530] {dagbag.py:588} INFO - Filling up the DagBag from /home/sneha/spotify_airflow_project/venv/lib/python3.12/site-packages/airflow/example_dags/example_params_trigger_ui.py
[2026-01-08T11:50:08.135+0530] {processor.py:925} INFO - DAG(s) 'example_params_trigger_ui' retrieved from /home/sneha/spotify_airflow_project/venv/lib/python3.12/site-packages/airflow/example_dags/example_params_trigger_ui.py
[2026-01-08T11:50:08.195+0530] {logging_mixin.py:190} INFO - [2026-01-08T11:50:08.194+0530] {dag.py:3239} INFO - Sync 1 DAGs
[2026-01-08T11:50:08.214+0530] {logging_mixin.py:190} INFO - [2026-01-08T11:50:08.213+0530] {dag.py:4180} INFO - Setting next_dagrun for example_params_trigger_ui to None, run_after=None
[2026-01-08T11:50:08.244+0530] {processor.py:208} INFO - Processing /home/sneha/spotify_airflow_project/venv/lib/python3.12/site-packages/airflow/example_dags/example_params_trigger_ui.py took 0.139 seconds
[2026-01-08T11:51:14.183+0530] {processor.py:186} INFO - Started process (PID=24438) to work on /home/sneha/spotify_airflow_project/venv/lib/python3.12/site-packages/airflow/example_dags/example_params_trigger_ui.py
[2026-01-08T11:51:14.184+0530] {processor.py:914} INFO - Processing file /home/sneha/spotify_airflow_project/venv/lib/python3.12/site-packages/airflow/example_dags/example_params_trigger_ui.py for tasks to queue
[2026-01-08T11:51:14.186+0530] {logging_mixin.py:190} INFO - [2026-01-08T11:51:14.185+0530] {dagbag.py:588} INFO - Filling up the DagBag from /home/sneha/spotify_airflow_project/venv/lib/python3.12/site-packages/airflow/example_dags/example_params_trigger_ui.py
[2026-01-08T11:51:14.200+0530] {processor.py:925} INFO - DAG(s) 'example_params_trigger_ui' retrieved from /home/sneha/spotify_airflow_project/venv/lib/python3.12/site-packages/airflow/example_dags/example_params_trigger_ui.py
[2026-01-08T11:51:14.255+0530] {logging_mixin.py:190} INFO - [2026-01-08T11:51:14.255+0530] {dag.py:3239} INFO - Sync 1 DAGs
[2026-01-08T11:51:14.272+0530] {logging_mixin.py:190} INFO - [2026-01-08T11:51:14.271+0530] {dag.py:4180} INFO - Setting next_dagrun for example_params_trigger_ui to None, run_after=None
[2026-01-08T11:51:14.300+0530] {processor.py:208} INFO - Processing /home/sneha/spotify_airflow_project/venv/lib/python3.12/site-packages/airflow/example_dags/example_params_trigger_ui.py took 0.129 seconds
[2026-01-08T11:52:15.343+0530] {processor.py:186} INFO - Started process (PID=24501) to work on /home/sneha/spotify_airflow_project/venv/lib/python3.12/site-packages/airflow/example_dags/example_params_trigger_ui.py
[2026-01-08T11:52:15.344+0530] {processor.py:914} INFO - Processing file /home/sneha/spotify_airflow_project/venv/lib/python3.12/site-packages/airflow/example_dags/example_params_trigger_ui.py for tasks to queue
[2026-01-08T11:52:15.346+0530] {logging_mixin.py:190} INFO - [2026-01-08T11:52:15.345+0530] {dagbag.py:588} INFO - Filling up the DagBag from /home/sneha/spotify_airflow_project/venv/lib/python3.12/site-packages/airflow/example_dags/example_params_trigger_ui.py
[2026-01-08T11:52:15.359+0530] {processor.py:925} INFO - DAG(s) 'example_params_trigger_ui' retrieved from /home/sneha/spotify_airflow_project/venv/lib/python3.12/site-packages/airflow/example_dags/example_params_trigger_ui.py
[2026-01-08T11:52:15.416+0530] {logging_mixin.py:190} INFO - [2026-01-08T11:52:15.416+0530] {dag.py:3239} INFO - Sync 1 DAGs
[2026-01-08T11:52:15.434+0530] {logging_mixin.py:190} INFO - [2026-01-08T11:52:15.434+0530] {dag.py:4180} INFO - Setting next_dagrun for example_params_trigger_ui to None, run_after=None
[2026-01-08T11:52:15.462+0530] {processor.py:208} INFO - Processing /home/sneha/spotify_airflow_project/venv/lib/python3.12/site-packages/airflow/example_dags/example_params_trigger_ui.py took 0.129 seconds
[2026-01-08T11:53:17.279+0530] {processor.py:186} INFO - Started process (PID=24592) to work on /home/sneha/spotify_airflow_project/venv/lib/python3.12/site-packages/airflow/example_dags/example_params_trigger_ui.py
[2026-01-08T11:53:17.281+0530] {processor.py:914} INFO - Processing file /home/sneha/spotify_airflow_project/venv/lib/python3.12/site-packages/airflow/example_dags/example_params_trigger_ui.py for tasks to queue
[2026-01-08T11:53:17.283+0530] {logging_mixin.py:190} INFO - [2026-01-08T11:53:17.282+0530] {dagbag.py:588} INFO - Filling up the DagBag from /home/sneha/spotify_airflow_project/venv/lib/python3.12/site-packages/airflow/example_dags/example_params_trigger_ui.py
[2026-01-08T11:53:17.296+0530] {processor.py:925} INFO - DAG(s) 'example_params_trigger_ui' retrieved from /home/sneha/spotify_airflow_project/venv/lib/python3.12/site-packages/airflow/example_dags/example_params_trigger_ui.py
[2026-01-08T11:53:17.352+0530] {logging_mixin.py:190} INFO - [2026-01-08T11:53:17.351+0530] {dag.py:3239} INFO - Sync 1 DAGs
[2026-01-08T11:53:17.369+0530] {logging_mixin.py:190} INFO - [2026-01-08T11:53:17.369+0530] {dag.py:4180} INFO - Setting next_dagrun for example_params_trigger_ui to None, run_after=None
[2026-01-08T11:53:17.399+0530] {processor.py:208} INFO - Processing /home/sneha/spotify_airflow_project/venv/lib/python3.12/site-packages/airflow/example_dags/example_params_trigger_ui.py took 0.131 seconds
[2026-01-08T11:54:19.934+0530] {processor.py:186} INFO - Started process (PID=24668) to work on /home/sneha/spotify_airflow_project/venv/lib/python3.12/site-packages/airflow/example_dags/example_params_trigger_ui.py
[2026-01-08T11:54:19.936+0530] {processor.py:914} INFO - Processing file /home/sneha/spotify_airflow_project/venv/lib/python3.12/site-packages/airflow/example_dags/example_params_trigger_ui.py for tasks to queue
[2026-01-08T11:54:19.938+0530] {logging_mixin.py:190} INFO - [2026-01-08T11:54:19.937+0530] {dagbag.py:588} INFO - Filling up the DagBag from /home/sneha/spotify_airflow_project/venv/lib/python3.12/site-packages/airflow/example_dags/example_params_trigger_ui.py
[2026-01-08T11:54:19.951+0530] {processor.py:925} INFO - DAG(s) 'example_params_trigger_ui' retrieved from /home/sneha/spotify_airflow_project/venv/lib/python3.12/site-packages/airflow/example_dags/example_params_trigger_ui.py
[2026-01-08T11:54:20.006+0530] {logging_mixin.py:190} INFO - [2026-01-08T11:54:20.006+0530] {dag.py:3239} INFO - Sync 1 DAGs
[2026-01-08T11:54:20.023+0530] {logging_mixin.py:190} INFO - [2026-01-08T11:54:20.022+0530] {dag.py:4180} INFO - Setting next_dagrun for example_params_trigger_ui to None, run_after=None
[2026-01-08T11:54:20.049+0530] {processor.py:208} INFO - Processing /home/sneha/spotify_airflow_project/venv/lib/python3.12/site-packages/airflow/example_dags/example_params_trigger_ui.py took 0.126 seconds
[2026-01-08T11:55:22.664+0530] {processor.py:186} INFO - Started process (PID=24735) to work on /home/sneha/spotify_airflow_project/venv/lib/python3.12/site-packages/airflow/example_dags/example_params_trigger_ui.py
[2026-01-08T11:55:22.675+0530] {processor.py:914} INFO - Processing file /home/sneha/spotify_airflow_project/venv/lib/python3.12/site-packages/airflow/example_dags/example_params_trigger_ui.py for tasks to queue
[2026-01-08T11:55:22.677+0530] {logging_mixin.py:190} INFO - [2026-01-08T11:55:22.676+0530] {dagbag.py:588} INFO - Filling up the DagBag from /home/sneha/spotify_airflow_project/venv/lib/python3.12/site-packages/airflow/example_dags/example_params_trigger_ui.py
[2026-01-08T11:55:22.690+0530] {processor.py:925} INFO - DAG(s) 'example_params_trigger_ui' retrieved from /home/sneha/spotify_airflow_project/venv/lib/python3.12/site-packages/airflow/example_dags/example_params_trigger_ui.py
[2026-01-08T11:55:22.747+0530] {logging_mixin.py:190} INFO - [2026-01-08T11:55:22.747+0530] {dag.py:3239} INFO - Sync 1 DAGs
[2026-01-08T11:55:22.765+0530] {logging_mixin.py:190} INFO - [2026-01-08T11:55:22.764+0530] {dag.py:4180} INFO - Setting next_dagrun for example_params_trigger_ui to None, run_after=None
[2026-01-08T11:55:22.792+0530] {processor.py:208} INFO - Processing /home/sneha/spotify_airflow_project/venv/lib/python3.12/site-packages/airflow/example_dags/example_params_trigger_ui.py took 0.141 seconds
[2026-01-08T11:56:26.901+0530] {processor.py:186} INFO - Started process (PID=24798) to work on /home/sneha/spotify_airflow_project/venv/lib/python3.12/site-packages/airflow/example_dags/example_params_trigger_ui.py
[2026-01-08T11:56:26.902+0530] {processor.py:914} INFO - Processing file /home/sneha/spotify_airflow_project/venv/lib/python3.12/site-packages/airflow/example_dags/example_params_trigger_ui.py for tasks to queue
[2026-01-08T11:56:26.904+0530] {logging_mixin.py:190} INFO - [2026-01-08T11:56:26.904+0530] {dagbag.py:588} INFO - Filling up the DagBag from /home/sneha/spotify_airflow_project/venv/lib/python3.12/site-packages/airflow/example_dags/example_params_trigger_ui.py
[2026-01-08T11:56:26.918+0530] {processor.py:925} INFO - DAG(s) 'example_params_trigger_ui' retrieved from /home/sneha/spotify_airflow_project/venv/lib/python3.12/site-packages/airflow/example_dags/example_params_trigger_ui.py
[2026-01-08T11:56:26.976+0530] {logging_mixin.py:190} INFO - [2026-01-08T11:56:26.975+0530] {dag.py:3239} INFO - Sync 1 DAGs
[2026-01-08T11:56:26.993+0530] {logging_mixin.py:190} INFO - [2026-01-08T11:56:26.993+0530] {dag.py:4180} INFO - Setting next_dagrun for example_params_trigger_ui to None, run_after=None
[2026-01-08T11:56:27.022+0530] {processor.py:208} INFO - Processing /home/sneha/spotify_airflow_project/venv/lib/python3.12/site-packages/airflow/example_dags/example_params_trigger_ui.py took 0.134 seconds
[2026-01-08T11:57:28.558+0530] {processor.py:186} INFO - Started process (PID=24862) to work on /home/sneha/spotify_airflow_project/venv/lib/python3.12/site-packages/airflow/example_dags/example_params_trigger_ui.py
[2026-01-08T11:57:28.560+0530] {processor.py:914} INFO - Processing file /home/sneha/spotify_airflow_project/venv/lib/python3.12/site-packages/airflow/example_dags/example_params_trigger_ui.py for tasks to queue
[2026-01-08T11:57:28.561+0530] {logging_mixin.py:190} INFO - [2026-01-08T11:57:28.561+0530] {dagbag.py:588} INFO - Filling up the DagBag from /home/sneha/spotify_airflow_project/venv/lib/python3.12/site-packages/airflow/example_dags/example_params_trigger_ui.py
[2026-01-08T11:57:28.575+0530] {processor.py:925} INFO - DAG(s) 'example_params_trigger_ui' retrieved from /home/sneha/spotify_airflow_project/venv/lib/python3.12/site-packages/airflow/example_dags/example_params_trigger_ui.py
[2026-01-08T11:57:28.633+0530] {logging_mixin.py:190} INFO - [2026-01-08T11:57:28.632+0530] {dag.py:3239} INFO - Sync 1 DAGs
[2026-01-08T11:57:28.652+0530] {logging_mixin.py:190} INFO - [2026-01-08T11:57:28.652+0530] {dag.py:4180} INFO - Setting next_dagrun for example_params_trigger_ui to None, run_after=None
[2026-01-08T11:57:28.682+0530] {processor.py:208} INFO - Processing /home/sneha/spotify_airflow_project/venv/lib/python3.12/site-packages/airflow/example_dags/example_params_trigger_ui.py took 0.135 seconds
[2026-01-08T11:58:27.077+0530] {processor.py:186} INFO - Started process (PID=24948) to work on /home/sneha/spotify_airflow_project/venv/lib/python3.12/site-packages/airflow/example_dags/example_params_trigger_ui.py
[2026-01-08T11:58:27.079+0530] {processor.py:914} INFO - Processing file /home/sneha/spotify_airflow_project/venv/lib/python3.12/site-packages/airflow/example_dags/example_params_trigger_ui.py for tasks to queue
[2026-01-08T11:58:27.080+0530] {logging_mixin.py:190} INFO - [2026-01-08T11:58:27.080+0530] {dagbag.py:588} INFO - Filling up the DagBag from /home/sneha/spotify_airflow_project/venv/lib/python3.12/site-packages/airflow/example_dags/example_params_trigger_ui.py
[2026-01-08T11:58:27.095+0530] {processor.py:925} INFO - DAG(s) 'example_params_trigger_ui' retrieved from /home/sneha/spotify_airflow_project/venv/lib/python3.12/site-packages/airflow/example_dags/example_params_trigger_ui.py
[2026-01-08T11:58:27.152+0530] {logging_mixin.py:190} INFO - [2026-01-08T11:58:27.151+0530] {dag.py:3239} INFO - Sync 1 DAGs
[2026-01-08T11:58:27.170+0530] {logging_mixin.py:190} INFO - [2026-01-08T11:58:27.170+0530] {dag.py:4180} INFO - Setting next_dagrun for example_params_trigger_ui to None, run_after=None
[2026-01-08T11:58:27.197+0530] {processor.py:208} INFO - Processing /home/sneha/spotify_airflow_project/venv/lib/python3.12/site-packages/airflow/example_dags/example_params_trigger_ui.py took 0.129 seconds
[2026-01-08T11:59:27.086+0530] {processor.py:186} INFO - Started process (PID=25008) to work on /home/sneha/spotify_airflow_project/venv/lib/python3.12/site-packages/airflow/example_dags/example_params_trigger_ui.py
[2026-01-08T11:59:27.087+0530] {processor.py:914} INFO - Processing file /home/sneha/spotify_airflow_project/venv/lib/python3.12/site-packages/airflow/example_dags/example_params_trigger_ui.py for tasks to queue
[2026-01-08T11:59:27.089+0530] {logging_mixin.py:190} INFO - [2026-01-08T11:59:27.088+0530] {dagbag.py:588} INFO - Filling up the DagBag from /home/sneha/spotify_airflow_project/venv/lib/python3.12/site-packages/airflow/example_dags/example_params_trigger_ui.py
[2026-01-08T11:59:27.102+0530] {processor.py:925} INFO - DAG(s) 'example_params_trigger_ui' retrieved from /home/sneha/spotify_airflow_project/venv/lib/python3.12/site-packages/airflow/example_dags/example_params_trigger_ui.py
[2026-01-08T11:59:27.161+0530] {logging_mixin.py:190} INFO - [2026-01-08T11:59:27.160+0530] {dag.py:3239} INFO - Sync 1 DAGs
[2026-01-08T11:59:27.178+0530] {logging_mixin.py:190} INFO - [2026-01-08T11:59:27.178+0530] {dag.py:4180} INFO - Setting next_dagrun for example_params_trigger_ui to None, run_after=None
[2026-01-08T11:59:27.206+0530] {processor.py:208} INFO - Processing /home/sneha/spotify_airflow_project/venv/lib/python3.12/site-packages/airflow/example_dags/example_params_trigger_ui.py took 0.132 seconds
[2026-01-08T12:00:27.086+0530] {processor.py:186} INFO - Started process (PID=25068) to work on /home/sneha/spotify_airflow_project/venv/lib/python3.12/site-packages/airflow/example_dags/example_params_trigger_ui.py
[2026-01-08T12:00:27.088+0530] {processor.py:914} INFO - Processing file /home/sneha/spotify_airflow_project/venv/lib/python3.12/site-packages/airflow/example_dags/example_params_trigger_ui.py for tasks to queue
[2026-01-08T12:00:27.089+0530] {logging_mixin.py:190} INFO - [2026-01-08T12:00:27.089+0530] {dagbag.py:588} INFO - Filling up the DagBag from /home/sneha/spotify_airflow_project/venv/lib/python3.12/site-packages/airflow/example_dags/example_params_trigger_ui.py
[2026-01-08T12:00:27.102+0530] {processor.py:925} INFO - DAG(s) 'example_params_trigger_ui' retrieved from /home/sneha/spotify_airflow_project/venv/lib/python3.12/site-packages/airflow/example_dags/example_params_trigger_ui.py
[2026-01-08T12:00:27.156+0530] {logging_mixin.py:190} INFO - [2026-01-08T12:00:27.156+0530] {dag.py:3239} INFO - Sync 1 DAGs
[2026-01-08T12:00:27.173+0530] {logging_mixin.py:190} INFO - [2026-01-08T12:00:27.173+0530] {dag.py:4180} INFO - Setting next_dagrun for example_params_trigger_ui to None, run_after=None
[2026-01-08T12:00:27.201+0530] {processor.py:208} INFO - Processing /home/sneha/spotify_airflow_project/venv/lib/python3.12/site-packages/airflow/example_dags/example_params_trigger_ui.py took 0.126 seconds
[2026-01-08T12:01:30.830+0530] {processor.py:186} INFO - Started process (PID=25132) to work on /home/sneha/spotify_airflow_project/venv/lib/python3.12/site-packages/airflow/example_dags/example_params_trigger_ui.py
[2026-01-08T12:01:30.831+0530] {processor.py:914} INFO - Processing file /home/sneha/spotify_airflow_project/venv/lib/python3.12/site-packages/airflow/example_dags/example_params_trigger_ui.py for tasks to queue
[2026-01-08T12:01:30.833+0530] {logging_mixin.py:190} INFO - [2026-01-08T12:01:30.833+0530] {dagbag.py:588} INFO - Filling up the DagBag from /home/sneha/spotify_airflow_project/venv/lib/python3.12/site-packages/airflow/example_dags/example_params_trigger_ui.py
[2026-01-08T12:01:30.847+0530] {processor.py:925} INFO - DAG(s) 'example_params_trigger_ui' retrieved from /home/sneha/spotify_airflow_project/venv/lib/python3.12/site-packages/airflow/example_dags/example_params_trigger_ui.py
[2026-01-08T12:01:30.902+0530] {logging_mixin.py:190} INFO - [2026-01-08T12:01:30.902+0530] {dag.py:3239} INFO - Sync 1 DAGs
[2026-01-08T12:01:30.918+0530] {logging_mixin.py:190} INFO - [2026-01-08T12:01:30.918+0530] {dag.py:4180} INFO - Setting next_dagrun for example_params_trigger_ui to None, run_after=None
[2026-01-08T12:01:30.946+0530] {processor.py:208} INFO - Processing /home/sneha/spotify_airflow_project/venv/lib/python3.12/site-packages/airflow/example_dags/example_params_trigger_ui.py took 0.128 seconds
[2026-01-08T12:02:34.497+0530] {processor.py:186} INFO - Started process (PID=25196) to work on /home/sneha/spotify_airflow_project/venv/lib/python3.12/site-packages/airflow/example_dags/example_params_trigger_ui.py
[2026-01-08T12:02:34.499+0530] {processor.py:914} INFO - Processing file /home/sneha/spotify_airflow_project/venv/lib/python3.12/site-packages/airflow/example_dags/example_params_trigger_ui.py for tasks to queue
[2026-01-08T12:02:34.501+0530] {logging_mixin.py:190} INFO - [2026-01-08T12:02:34.500+0530] {dagbag.py:588} INFO - Filling up the DagBag from /home/sneha/spotify_airflow_project/venv/lib/python3.12/site-packages/airflow/example_dags/example_params_trigger_ui.py
[2026-01-08T12:02:34.515+0530] {processor.py:925} INFO - DAG(s) 'example_params_trigger_ui' retrieved from /home/sneha/spotify_airflow_project/venv/lib/python3.12/site-packages/airflow/example_dags/example_params_trigger_ui.py
[2026-01-08T12:02:34.572+0530] {logging_mixin.py:190} INFO - [2026-01-08T12:02:34.571+0530] {dag.py:3239} INFO - Sync 1 DAGs
[2026-01-08T12:02:34.589+0530] {logging_mixin.py:190} INFO - [2026-01-08T12:02:34.588+0530] {dag.py:4180} INFO - Setting next_dagrun for example_params_trigger_ui to None, run_after=None
[2026-01-08T12:02:34.616+0530] {processor.py:208} INFO - Processing /home/sneha/spotify_airflow_project/venv/lib/python3.12/site-packages/airflow/example_dags/example_params_trigger_ui.py took 0.131 seconds
[2026-01-08T12:03:40.640+0530] {processor.py:186} INFO - Started process (PID=25287) to work on /home/sneha/spotify_airflow_project/venv/lib/python3.12/site-packages/airflow/example_dags/example_params_trigger_ui.py
[2026-01-08T12:03:40.642+0530] {processor.py:914} INFO - Processing file /home/sneha/spotify_airflow_project/venv/lib/python3.12/site-packages/airflow/example_dags/example_params_trigger_ui.py for tasks to queue
[2026-01-08T12:03:40.643+0530] {logging_mixin.py:190} INFO - [2026-01-08T12:03:40.643+0530] {dagbag.py:588} INFO - Filling up the DagBag from /home/sneha/spotify_airflow_project/venv/lib/python3.12/site-packages/airflow/example_dags/example_params_trigger_ui.py
[2026-01-08T12:03:40.656+0530] {processor.py:925} INFO - DAG(s) 'example_params_trigger_ui' retrieved from /home/sneha/spotify_airflow_project/venv/lib/python3.12/site-packages/airflow/example_dags/example_params_trigger_ui.py
[2026-01-08T12:03:40.715+0530] {logging_mixin.py:190} INFO - [2026-01-08T12:03:40.714+0530] {dag.py:3239} INFO - Sync 1 DAGs
[2026-01-08T12:03:40.733+0530] {logging_mixin.py:190} INFO - [2026-01-08T12:03:40.732+0530] {dag.py:4180} INFO - Setting next_dagrun for example_params_trigger_ui to None, run_after=None
[2026-01-08T12:03:40.761+0530] {processor.py:208} INFO - Processing /home/sneha/spotify_airflow_project/venv/lib/python3.12/site-packages/airflow/example_dags/example_params_trigger_ui.py took 0.133 seconds
[2026-01-08T12:04:44.437+0530] {processor.py:186} INFO - Started process (PID=25361) to work on /home/sneha/spotify_airflow_project/venv/lib/python3.12/site-packages/airflow/example_dags/example_params_trigger_ui.py
[2026-01-08T12:04:44.438+0530] {processor.py:914} INFO - Processing file /home/sneha/spotify_airflow_project/venv/lib/python3.12/site-packages/airflow/example_dags/example_params_trigger_ui.py for tasks to queue
[2026-01-08T12:04:44.440+0530] {logging_mixin.py:190} INFO - [2026-01-08T12:04:44.440+0530] {dagbag.py:588} INFO - Filling up the DagBag from /home/sneha/spotify_airflow_project/venv/lib/python3.12/site-packages/airflow/example_dags/example_params_trigger_ui.py
[2026-01-08T12:04:44.455+0530] {processor.py:925} INFO - DAG(s) 'example_params_trigger_ui' retrieved from /home/sneha/spotify_airflow_project/venv/lib/python3.12/site-packages/airflow/example_dags/example_params_trigger_ui.py
[2026-01-08T12:04:44.514+0530] {logging_mixin.py:190} INFO - [2026-01-08T12:04:44.514+0530] {dag.py:3239} INFO - Sync 1 DAGs
[2026-01-08T12:04:44.533+0530] {logging_mixin.py:190} INFO - [2026-01-08T12:04:44.532+0530] {dag.py:4180} INFO - Setting next_dagrun for example_params_trigger_ui to None, run_after=None
[2026-01-08T12:04:44.560+0530] {processor.py:208} INFO - Processing /home/sneha/spotify_airflow_project/venv/lib/python3.12/site-packages/airflow/example_dags/example_params_trigger_ui.py took 0.136 seconds
[2026-01-08T12:05:48.349+0530] {processor.py:186} INFO - Started process (PID=25429) to work on /home/sneha/spotify_airflow_project/venv/lib/python3.12/site-packages/airflow/example_dags/example_params_trigger_ui.py
[2026-01-08T12:05:48.350+0530] {processor.py:914} INFO - Processing file /home/sneha/spotify_airflow_project/venv/lib/python3.12/site-packages/airflow/example_dags/example_params_trigger_ui.py for tasks to queue
[2026-01-08T12:05:48.352+0530] {logging_mixin.py:190} INFO - [2026-01-08T12:05:48.351+0530] {dagbag.py:588} INFO - Filling up the DagBag from /home/sneha/spotify_airflow_project/venv/lib/python3.12/site-packages/airflow/example_dags/example_params_trigger_ui.py
[2026-01-08T12:05:48.365+0530] {processor.py:925} INFO - DAG(s) 'example_params_trigger_ui' retrieved from /home/sneha/spotify_airflow_project/venv/lib/python3.12/site-packages/airflow/example_dags/example_params_trigger_ui.py
[2026-01-08T12:05:48.422+0530] {logging_mixin.py:190} INFO - [2026-01-08T12:05:48.422+0530] {dag.py:3239} INFO - Sync 1 DAGs
[2026-01-08T12:05:48.440+0530] {logging_mixin.py:190} INFO - [2026-01-08T12:05:48.440+0530] {dag.py:4180} INFO - Setting next_dagrun for example_params_trigger_ui to None, run_after=None
[2026-01-08T12:05:48.467+0530] {processor.py:208} INFO - Processing /home/sneha/spotify_airflow_project/venv/lib/python3.12/site-packages/airflow/example_dags/example_params_trigger_ui.py took 0.129 seconds
[2026-01-08T12:06:50.174+0530] {processor.py:186} INFO - Started process (PID=25491) to work on /home/sneha/spotify_airflow_project/venv/lib/python3.12/site-packages/airflow/example_dags/example_params_trigger_ui.py
[2026-01-08T12:06:50.176+0530] {processor.py:914} INFO - Processing file /home/sneha/spotify_airflow_project/venv/lib/python3.12/site-packages/airflow/example_dags/example_params_trigger_ui.py for tasks to queue
[2026-01-08T12:06:50.178+0530] {logging_mixin.py:190} INFO - [2026-01-08T12:06:50.177+0530] {dagbag.py:588} INFO - Filling up the DagBag from /home/sneha/spotify_airflow_project/venv/lib/python3.12/site-packages/airflow/example_dags/example_params_trigger_ui.py
[2026-01-08T12:06:50.191+0530] {processor.py:925} INFO - DAG(s) 'example_params_trigger_ui' retrieved from /home/sneha/spotify_airflow_project/venv/lib/python3.12/site-packages/airflow/example_dags/example_params_trigger_ui.py
[2026-01-08T12:06:50.246+0530] {logging_mixin.py:190} INFO - [2026-01-08T12:06:50.246+0530] {dag.py:3239} INFO - Sync 1 DAGs
[2026-01-08T12:06:50.264+0530] {logging_mixin.py:190} INFO - [2026-01-08T12:06:50.264+0530] {dag.py:4180} INFO - Setting next_dagrun for example_params_trigger_ui to None, run_after=None
[2026-01-08T12:06:50.291+0530] {processor.py:208} INFO - Processing /home/sneha/spotify_airflow_project/venv/lib/python3.12/site-packages/airflow/example_dags/example_params_trigger_ui.py took 0.128 seconds
[2026-01-08T12:07:50.354+0530] {processor.py:186} INFO - Started process (PID=25554) to work on /home/sneha/spotify_airflow_project/venv/lib/python3.12/site-packages/airflow/example_dags/example_params_trigger_ui.py
[2026-01-08T12:07:50.356+0530] {processor.py:914} INFO - Processing file /home/sneha/spotify_airflow_project/venv/lib/python3.12/site-packages/airflow/example_dags/example_params_trigger_ui.py for tasks to queue
[2026-01-08T12:07:50.358+0530] {logging_mixin.py:190} INFO - [2026-01-08T12:07:50.357+0530] {dagbag.py:588} INFO - Filling up the DagBag from /home/sneha/spotify_airflow_project/venv/lib/python3.12/site-packages/airflow/example_dags/example_params_trigger_ui.py
[2026-01-08T12:07:50.371+0530] {processor.py:925} INFO - DAG(s) 'example_params_trigger_ui' retrieved from /home/sneha/spotify_airflow_project/venv/lib/python3.12/site-packages/airflow/example_dags/example_params_trigger_ui.py
[2026-01-08T12:07:50.425+0530] {logging_mixin.py:190} INFO - [2026-01-08T12:07:50.424+0530] {dag.py:3239} INFO - Sync 1 DAGs
[2026-01-08T12:07:50.444+0530] {logging_mixin.py:190} INFO - [2026-01-08T12:07:50.444+0530] {dag.py:4180} INFO - Setting next_dagrun for example_params_trigger_ui to None, run_after=None
[2026-01-08T12:07:50.471+0530] {processor.py:208} INFO - Processing /home/sneha/spotify_airflow_project/venv/lib/python3.12/site-packages/airflow/example_dags/example_params_trigger_ui.py took 0.129 seconds
[2026-01-08T12:09:01.563+0530] {processor.py:186} INFO - Started process (PID=25647) to work on /home/sneha/spotify_airflow_project/venv/lib/python3.12/site-packages/airflow/example_dags/example_params_trigger_ui.py
[2026-01-08T12:09:01.565+0530] {processor.py:914} INFO - Processing file /home/sneha/spotify_airflow_project/venv/lib/python3.12/site-packages/airflow/example_dags/example_params_trigger_ui.py for tasks to queue
[2026-01-08T12:09:01.566+0530] {logging_mixin.py:190} INFO - [2026-01-08T12:09:01.566+0530] {dagbag.py:588} INFO - Filling up the DagBag from /home/sneha/spotify_airflow_project/venv/lib/python3.12/site-packages/airflow/example_dags/example_params_trigger_ui.py
[2026-01-08T12:09:01.579+0530] {processor.py:925} INFO - DAG(s) 'example_params_trigger_ui' retrieved from /home/sneha/spotify_airflow_project/venv/lib/python3.12/site-packages/airflow/example_dags/example_params_trigger_ui.py
[2026-01-08T12:09:01.634+0530] {logging_mixin.py:190} INFO - [2026-01-08T12:09:01.633+0530] {dag.py:3239} INFO - Sync 1 DAGs
[2026-01-08T12:09:01.650+0530] {logging_mixin.py:190} INFO - [2026-01-08T12:09:01.650+0530] {dag.py:4180} INFO - Setting next_dagrun for example_params_trigger_ui to None, run_after=None
[2026-01-08T12:09:01.678+0530] {processor.py:208} INFO - Processing /home/sneha/spotify_airflow_project/venv/lib/python3.12/site-packages/airflow/example_dags/example_params_trigger_ui.py took 0.127 seconds
[2026-01-08T12:09:59.715+0530] {processor.py:186} INFO - Started process (PID=25707) to work on /home/sneha/spotify_airflow_project/venv/lib/python3.12/site-packages/airflow/example_dags/example_params_trigger_ui.py
[2026-01-08T12:09:59.717+0530] {processor.py:914} INFO - Processing file /home/sneha/spotify_airflow_project/venv/lib/python3.12/site-packages/airflow/example_dags/example_params_trigger_ui.py for tasks to queue
[2026-01-08T12:09:59.718+0530] {logging_mixin.py:190} INFO - [2026-01-08T12:09:59.718+0530] {dagbag.py:588} INFO - Filling up the DagBag from /home/sneha/spotify_airflow_project/venv/lib/python3.12/site-packages/airflow/example_dags/example_params_trigger_ui.py
[2026-01-08T12:09:59.731+0530] {processor.py:925} INFO - DAG(s) 'example_params_trigger_ui' retrieved from /home/sneha/spotify_airflow_project/venv/lib/python3.12/site-packages/airflow/example_dags/example_params_trigger_ui.py
[2026-01-08T12:09:59.787+0530] {logging_mixin.py:190} INFO - [2026-01-08T12:09:59.786+0530] {dag.py:3239} INFO - Sync 1 DAGs
[2026-01-08T12:09:59.803+0530] {logging_mixin.py:190} INFO - [2026-01-08T12:09:59.803+0530] {dag.py:4180} INFO - Setting next_dagrun for example_params_trigger_ui to None, run_after=None
[2026-01-08T12:09:59.831+0530] {processor.py:208} INFO - Processing /home/sneha/spotify_airflow_project/venv/lib/python3.12/site-packages/airflow/example_dags/example_params_trigger_ui.py took 0.125 seconds
[2026-01-08T12:10:58.469+0530] {processor.py:186} INFO - Started process (PID=25771) to work on /home/sneha/spotify_airflow_project/venv/lib/python3.12/site-packages/airflow/example_dags/example_params_trigger_ui.py
[2026-01-08T12:10:58.470+0530] {processor.py:914} INFO - Processing file /home/sneha/spotify_airflow_project/venv/lib/python3.12/site-packages/airflow/example_dags/example_params_trigger_ui.py for tasks to queue
[2026-01-08T12:10:58.472+0530] {logging_mixin.py:190} INFO - [2026-01-08T12:10:58.471+0530] {dagbag.py:588} INFO - Filling up the DagBag from /home/sneha/spotify_airflow_project/venv/lib/python3.12/site-packages/airflow/example_dags/example_params_trigger_ui.py
[2026-01-08T12:10:58.485+0530] {processor.py:925} INFO - DAG(s) 'example_params_trigger_ui' retrieved from /home/sneha/spotify_airflow_project/venv/lib/python3.12/site-packages/airflow/example_dags/example_params_trigger_ui.py
[2026-01-08T12:10:58.542+0530] {logging_mixin.py:190} INFO - [2026-01-08T12:10:58.541+0530] {dag.py:3239} INFO - Sync 1 DAGs
[2026-01-08T12:10:58.559+0530] {logging_mixin.py:190} INFO - [2026-01-08T12:10:58.559+0530] {dag.py:4180} INFO - Setting next_dagrun for example_params_trigger_ui to None, run_after=None
[2026-01-08T12:10:58.587+0530] {processor.py:208} INFO - Processing /home/sneha/spotify_airflow_project/venv/lib/python3.12/site-packages/airflow/example_dags/example_params_trigger_ui.py took 0.130 seconds
[2026-01-08T12:11:58.811+0530] {processor.py:186} INFO - Started process (PID=25831) to work on /home/sneha/spotify_airflow_project/venv/lib/python3.12/site-packages/airflow/example_dags/example_params_trigger_ui.py
[2026-01-08T12:11:58.812+0530] {processor.py:914} INFO - Processing file /home/sneha/spotify_airflow_project/venv/lib/python3.12/site-packages/airflow/example_dags/example_params_trigger_ui.py for tasks to queue
[2026-01-08T12:11:58.814+0530] {logging_mixin.py:190} INFO - [2026-01-08T12:11:58.814+0530] {dagbag.py:588} INFO - Filling up the DagBag from /home/sneha/spotify_airflow_project/venv/lib/python3.12/site-packages/airflow/example_dags/example_params_trigger_ui.py
[2026-01-08T12:11:58.827+0530] {processor.py:925} INFO - DAG(s) 'example_params_trigger_ui' retrieved from /home/sneha/spotify_airflow_project/venv/lib/python3.12/site-packages/airflow/example_dags/example_params_trigger_ui.py
[2026-01-08T12:11:58.883+0530] {logging_mixin.py:190} INFO - [2026-01-08T12:11:58.883+0530] {dag.py:3239} INFO - Sync 1 DAGs
[2026-01-08T12:11:58.902+0530] {logging_mixin.py:190} INFO - [2026-01-08T12:11:58.901+0530] {dag.py:4180} INFO - Setting next_dagrun for example_params_trigger_ui to None, run_after=None
[2026-01-08T12:11:58.930+0530] {processor.py:208} INFO - Processing /home/sneha/spotify_airflow_project/venv/lib/python3.12/site-packages/airflow/example_dags/example_params_trigger_ui.py took 0.130 seconds
[2026-01-08T12:24:31.524+0530] {processor.py:186} INFO - Started process (PID=26217) to work on /home/sneha/spotify_airflow_project/venv/lib/python3.12/site-packages/airflow/example_dags/example_params_trigger_ui.py
[2026-01-08T12:24:31.525+0530] {processor.py:914} INFO - Processing file /home/sneha/spotify_airflow_project/venv/lib/python3.12/site-packages/airflow/example_dags/example_params_trigger_ui.py for tasks to queue
[2026-01-08T12:24:31.527+0530] {logging_mixin.py:190} INFO - [2026-01-08T12:24:31.526+0530] {dagbag.py:588} INFO - Filling up the DagBag from /home/sneha/spotify_airflow_project/venv/lib/python3.12/site-packages/airflow/example_dags/example_params_trigger_ui.py
[2026-01-08T12:24:31.541+0530] {processor.py:925} INFO - DAG(s) 'example_params_trigger_ui' retrieved from /home/sneha/spotify_airflow_project/venv/lib/python3.12/site-packages/airflow/example_dags/example_params_trigger_ui.py
[2026-01-08T12:24:31.600+0530] {logging_mixin.py:190} INFO - [2026-01-08T12:24:31.600+0530] {dag.py:3239} INFO - Sync 1 DAGs
[2026-01-08T12:24:31.618+0530] {logging_mixin.py:190} INFO - [2026-01-08T12:24:31.618+0530] {dag.py:4180} INFO - Setting next_dagrun for example_params_trigger_ui to None, run_after=None
[2026-01-08T12:24:31.647+0530] {processor.py:208} INFO - Processing /home/sneha/spotify_airflow_project/venv/lib/python3.12/site-packages/airflow/example_dags/example_params_trigger_ui.py took 0.133 seconds
[2026-01-08T12:25:34.110+0530] {processor.py:186} INFO - Started process (PID=26310) to work on /home/sneha/spotify_airflow_project/venv/lib/python3.12/site-packages/airflow/example_dags/example_params_trigger_ui.py
[2026-01-08T12:25:34.112+0530] {processor.py:914} INFO - Processing file /home/sneha/spotify_airflow_project/venv/lib/python3.12/site-packages/airflow/example_dags/example_params_trigger_ui.py for tasks to queue
[2026-01-08T12:25:34.114+0530] {logging_mixin.py:190} INFO - [2026-01-08T12:25:34.113+0530] {dagbag.py:588} INFO - Filling up the DagBag from /home/sneha/spotify_airflow_project/venv/lib/python3.12/site-packages/airflow/example_dags/example_params_trigger_ui.py
[2026-01-08T12:25:34.129+0530] {processor.py:925} INFO - DAG(s) 'example_params_trigger_ui' retrieved from /home/sneha/spotify_airflow_project/venv/lib/python3.12/site-packages/airflow/example_dags/example_params_trigger_ui.py
[2026-01-08T12:25:34.186+0530] {logging_mixin.py:190} INFO - [2026-01-08T12:25:34.185+0530] {dag.py:3239} INFO - Sync 1 DAGs
[2026-01-08T12:25:34.207+0530] {logging_mixin.py:190} INFO - [2026-01-08T12:25:34.206+0530] {dag.py:4180} INFO - Setting next_dagrun for example_params_trigger_ui to None, run_after=None
[2026-01-08T12:25:34.235+0530] {processor.py:208} INFO - Processing /home/sneha/spotify_airflow_project/venv/lib/python3.12/site-packages/airflow/example_dags/example_params_trigger_ui.py took 0.135 seconds
[2026-01-08T12:26:38.533+0530] {processor.py:186} INFO - Started process (PID=26373) to work on /home/sneha/spotify_airflow_project/venv/lib/python3.12/site-packages/airflow/example_dags/example_params_trigger_ui.py
[2026-01-08T12:26:38.535+0530] {processor.py:914} INFO - Processing file /home/sneha/spotify_airflow_project/venv/lib/python3.12/site-packages/airflow/example_dags/example_params_trigger_ui.py for tasks to queue
[2026-01-08T12:26:38.537+0530] {logging_mixin.py:190} INFO - [2026-01-08T12:26:38.536+0530] {dagbag.py:588} INFO - Filling up the DagBag from /home/sneha/spotify_airflow_project/venv/lib/python3.12/site-packages/airflow/example_dags/example_params_trigger_ui.py
[2026-01-08T12:26:38.551+0530] {processor.py:925} INFO - DAG(s) 'example_params_trigger_ui' retrieved from /home/sneha/spotify_airflow_project/venv/lib/python3.12/site-packages/airflow/example_dags/example_params_trigger_ui.py
[2026-01-08T12:26:38.610+0530] {logging_mixin.py:190} INFO - [2026-01-08T12:26:38.610+0530] {dag.py:3239} INFO - Sync 1 DAGs
[2026-01-08T12:26:38.628+0530] {logging_mixin.py:190} INFO - [2026-01-08T12:26:38.628+0530] {dag.py:4180} INFO - Setting next_dagrun for example_params_trigger_ui to None, run_after=None
[2026-01-08T12:26:38.656+0530] {processor.py:208} INFO - Processing /home/sneha/spotify_airflow_project/venv/lib/python3.12/site-packages/airflow/example_dags/example_params_trigger_ui.py took 0.135 seconds
[2026-01-08T12:27:40.671+0530] {processor.py:186} INFO - Started process (PID=26435) to work on /home/sneha/spotify_airflow_project/venv/lib/python3.12/site-packages/airflow/example_dags/example_params_trigger_ui.py
[2026-01-08T12:27:40.673+0530] {processor.py:914} INFO - Processing file /home/sneha/spotify_airflow_project/venv/lib/python3.12/site-packages/airflow/example_dags/example_params_trigger_ui.py for tasks to queue
[2026-01-08T12:27:40.676+0530] {logging_mixin.py:190} INFO - [2026-01-08T12:27:40.675+0530] {dagbag.py:588} INFO - Filling up the DagBag from /home/sneha/spotify_airflow_project/venv/lib/python3.12/site-packages/airflow/example_dags/example_params_trigger_ui.py
[2026-01-08T12:27:40.689+0530] {processor.py:925} INFO - DAG(s) 'example_params_trigger_ui' retrieved from /home/sneha/spotify_airflow_project/venv/lib/python3.12/site-packages/airflow/example_dags/example_params_trigger_ui.py
[2026-01-08T12:27:40.745+0530] {logging_mixin.py:190} INFO - [2026-01-08T12:27:40.744+0530] {dag.py:3239} INFO - Sync 1 DAGs
[2026-01-08T12:27:40.761+0530] {logging_mixin.py:190} INFO - [2026-01-08T12:27:40.761+0530] {dag.py:4180} INFO - Setting next_dagrun for example_params_trigger_ui to None, run_after=None
[2026-01-08T12:27:40.789+0530] {processor.py:208} INFO - Processing /home/sneha/spotify_airflow_project/venv/lib/python3.12/site-packages/airflow/example_dags/example_params_trigger_ui.py took 0.131 seconds
[2026-01-08T12:28:43.117+0530] {processor.py:186} INFO - Started process (PID=26496) to work on /home/sneha/spotify_airflow_project/venv/lib/python3.12/site-packages/airflow/example_dags/example_params_trigger_ui.py
[2026-01-08T12:28:43.128+0530] {processor.py:914} INFO - Processing file /home/sneha/spotify_airflow_project/venv/lib/python3.12/site-packages/airflow/example_dags/example_params_trigger_ui.py for tasks to queue
[2026-01-08T12:28:43.130+0530] {logging_mixin.py:190} INFO - [2026-01-08T12:28:43.129+0530] {dagbag.py:588} INFO - Filling up the DagBag from /home/sneha/spotify_airflow_project/venv/lib/python3.12/site-packages/airflow/example_dags/example_params_trigger_ui.py
[2026-01-08T12:28:43.143+0530] {processor.py:925} INFO - DAG(s) 'example_params_trigger_ui' retrieved from /home/sneha/spotify_airflow_project/venv/lib/python3.12/site-packages/airflow/example_dags/example_params_trigger_ui.py
[2026-01-08T12:28:43.203+0530] {logging_mixin.py:190} INFO - [2026-01-08T12:28:43.203+0530] {dag.py:3239} INFO - Sync 1 DAGs
[2026-01-08T12:28:43.222+0530] {logging_mixin.py:190} INFO - [2026-01-08T12:28:43.222+0530] {dag.py:4180} INFO - Setting next_dagrun for example_params_trigger_ui to None, run_after=None
[2026-01-08T12:28:43.251+0530] {processor.py:208} INFO - Processing /home/sneha/spotify_airflow_project/venv/lib/python3.12/site-packages/airflow/example_dags/example_params_trigger_ui.py took 0.146 seconds
[2026-01-08T12:29:47.369+0530] {processor.py:186} INFO - Started process (PID=26589) to work on /home/sneha/spotify_airflow_project/venv/lib/python3.12/site-packages/airflow/example_dags/example_params_trigger_ui.py
[2026-01-08T12:29:47.371+0530] {processor.py:914} INFO - Processing file /home/sneha/spotify_airflow_project/venv/lib/python3.12/site-packages/airflow/example_dags/example_params_trigger_ui.py for tasks to queue
[2026-01-08T12:29:47.373+0530] {logging_mixin.py:190} INFO - [2026-01-08T12:29:47.372+0530] {dagbag.py:588} INFO - Filling up the DagBag from /home/sneha/spotify_airflow_project/venv/lib/python3.12/site-packages/airflow/example_dags/example_params_trigger_ui.py
[2026-01-08T12:29:47.386+0530] {processor.py:925} INFO - DAG(s) 'example_params_trigger_ui' retrieved from /home/sneha/spotify_airflow_project/venv/lib/python3.12/site-packages/airflow/example_dags/example_params_trigger_ui.py
[2026-01-08T12:29:47.442+0530] {logging_mixin.py:190} INFO - [2026-01-08T12:29:47.441+0530] {dag.py:3239} INFO - Sync 1 DAGs
[2026-01-08T12:29:47.459+0530] {logging_mixin.py:190} INFO - [2026-01-08T12:29:47.459+0530] {dag.py:4180} INFO - Setting next_dagrun for example_params_trigger_ui to None, run_after=None
[2026-01-08T12:29:47.487+0530] {processor.py:208} INFO - Processing /home/sneha/spotify_airflow_project/venv/lib/python3.12/site-packages/airflow/example_dags/example_params_trigger_ui.py took 0.129 seconds
[2026-01-08T12:32:13.343+0530] {processor.py:186} INFO - Started process (PID=31209) to work on /home/sneha/spotify_airflow_project/venv/lib/python3.12/site-packages/airflow/example_dags/example_params_trigger_ui.py
[2026-01-08T12:32:13.354+0530] {processor.py:914} INFO - Processing file /home/sneha/spotify_airflow_project/venv/lib/python3.12/site-packages/airflow/example_dags/example_params_trigger_ui.py for tasks to queue
[2026-01-08T12:32:13.356+0530] {logging_mixin.py:190} INFO - [2026-01-08T12:32:13.356+0530] {dagbag.py:588} INFO - Filling up the DagBag from /home/sneha/spotify_airflow_project/venv/lib/python3.12/site-packages/airflow/example_dags/example_params_trigger_ui.py
[2026-01-08T12:32:13.369+0530] {processor.py:925} INFO - DAG(s) 'example_params_trigger_ui' retrieved from /home/sneha/spotify_airflow_project/venv/lib/python3.12/site-packages/airflow/example_dags/example_params_trigger_ui.py
[2026-01-08T12:32:13.434+0530] {logging_mixin.py:190} INFO - [2026-01-08T12:32:13.434+0530] {dag.py:3239} INFO - Sync 1 DAGs
[2026-01-08T12:32:13.451+0530] {logging_mixin.py:190} INFO - [2026-01-08T12:32:13.451+0530] {dag.py:4180} INFO - Setting next_dagrun for example_params_trigger_ui to None, run_after=None
[2026-01-08T12:32:13.480+0530] {processor.py:208} INFO - Processing /home/sneha/spotify_airflow_project/venv/lib/python3.12/site-packages/airflow/example_dags/example_params_trigger_ui.py took 0.147 seconds
[2026-01-08T12:33:16.065+0530] {processor.py:186} INFO - Started process (PID=31271) to work on /home/sneha/spotify_airflow_project/venv/lib/python3.12/site-packages/airflow/example_dags/example_params_trigger_ui.py
[2026-01-08T12:33:16.067+0530] {processor.py:914} INFO - Processing file /home/sneha/spotify_airflow_project/venv/lib/python3.12/site-packages/airflow/example_dags/example_params_trigger_ui.py for tasks to queue
[2026-01-08T12:33:16.069+0530] {logging_mixin.py:190} INFO - [2026-01-08T12:33:16.068+0530] {dagbag.py:588} INFO - Filling up the DagBag from /home/sneha/spotify_airflow_project/venv/lib/python3.12/site-packages/airflow/example_dags/example_params_trigger_ui.py
[2026-01-08T12:33:16.082+0530] {processor.py:925} INFO - DAG(s) 'example_params_trigger_ui' retrieved from /home/sneha/spotify_airflow_project/venv/lib/python3.12/site-packages/airflow/example_dags/example_params_trigger_ui.py
[2026-01-08T12:33:16.141+0530] {logging_mixin.py:190} INFO - [2026-01-08T12:33:16.141+0530] {dag.py:3239} INFO - Sync 1 DAGs
[2026-01-08T12:33:16.160+0530] {logging_mixin.py:190} INFO - [2026-01-08T12:33:16.160+0530] {dag.py:4180} INFO - Setting next_dagrun for example_params_trigger_ui to None, run_after=None
[2026-01-08T12:33:16.189+0530] {processor.py:208} INFO - Processing /home/sneha/spotify_airflow_project/venv/lib/python3.12/site-packages/airflow/example_dags/example_params_trigger_ui.py took 0.135 seconds
[2026-01-08T12:34:20.036+0530] {processor.py:186} INFO - Started process (PID=31333) to work on /home/sneha/spotify_airflow_project/venv/lib/python3.12/site-packages/airflow/example_dags/example_params_trigger_ui.py
[2026-01-08T12:34:20.047+0530] {processor.py:914} INFO - Processing file /home/sneha/spotify_airflow_project/venv/lib/python3.12/site-packages/airflow/example_dags/example_params_trigger_ui.py for tasks to queue
[2026-01-08T12:34:20.049+0530] {logging_mixin.py:190} INFO - [2026-01-08T12:34:20.049+0530] {dagbag.py:588} INFO - Filling up the DagBag from /home/sneha/spotify_airflow_project/venv/lib/python3.12/site-packages/airflow/example_dags/example_params_trigger_ui.py
[2026-01-08T12:34:20.062+0530] {processor.py:925} INFO - DAG(s) 'example_params_trigger_ui' retrieved from /home/sneha/spotify_airflow_project/venv/lib/python3.12/site-packages/airflow/example_dags/example_params_trigger_ui.py
[2026-01-08T12:34:20.119+0530] {logging_mixin.py:190} INFO - [2026-01-08T12:34:20.119+0530] {dag.py:3239} INFO - Sync 1 DAGs
[2026-01-08T12:34:20.137+0530] {logging_mixin.py:190} INFO - [2026-01-08T12:34:20.137+0530] {dag.py:4180} INFO - Setting next_dagrun for example_params_trigger_ui to None, run_after=None
[2026-01-08T12:34:20.165+0530] {processor.py:208} INFO - Processing /home/sneha/spotify_airflow_project/venv/lib/python3.12/site-packages/airflow/example_dags/example_params_trigger_ui.py took 0.140 seconds
[2026-01-08T12:35:19.132+0530] {processor.py:186} INFO - Started process (PID=31425) to work on /home/sneha/spotify_airflow_project/venv/lib/python3.12/site-packages/airflow/example_dags/example_params_trigger_ui.py
[2026-01-08T12:35:19.134+0530] {processor.py:914} INFO - Processing file /home/sneha/spotify_airflow_project/venv/lib/python3.12/site-packages/airflow/example_dags/example_params_trigger_ui.py for tasks to queue
[2026-01-08T12:35:19.136+0530] {logging_mixin.py:190} INFO - [2026-01-08T12:35:19.135+0530] {dagbag.py:588} INFO - Filling up the DagBag from /home/sneha/spotify_airflow_project/venv/lib/python3.12/site-packages/airflow/example_dags/example_params_trigger_ui.py
[2026-01-08T12:35:19.148+0530] {processor.py:925} INFO - DAG(s) 'example_params_trigger_ui' retrieved from /home/sneha/spotify_airflow_project/venv/lib/python3.12/site-packages/airflow/example_dags/example_params_trigger_ui.py
[2026-01-08T12:35:19.203+0530] {logging_mixin.py:190} INFO - [2026-01-08T12:35:19.202+0530] {dag.py:3239} INFO - Sync 1 DAGs
[2026-01-08T12:35:19.219+0530] {logging_mixin.py:190} INFO - [2026-01-08T12:35:19.219+0530] {dag.py:4180} INFO - Setting next_dagrun for example_params_trigger_ui to None, run_after=None
[2026-01-08T12:35:19.244+0530] {processor.py:208} INFO - Processing /home/sneha/spotify_airflow_project/venv/lib/python3.12/site-packages/airflow/example_dags/example_params_trigger_ui.py took 0.123 seconds
[2026-01-08T12:36:21.538+0530] {processor.py:186} INFO - Started process (PID=31488) to work on /home/sneha/spotify_airflow_project/venv/lib/python3.12/site-packages/airflow/example_dags/example_params_trigger_ui.py
[2026-01-08T12:36:21.540+0530] {processor.py:914} INFO - Processing file /home/sneha/spotify_airflow_project/venv/lib/python3.12/site-packages/airflow/example_dags/example_params_trigger_ui.py for tasks to queue
[2026-01-08T12:36:21.541+0530] {logging_mixin.py:190} INFO - [2026-01-08T12:36:21.541+0530] {dagbag.py:588} INFO - Filling up the DagBag from /home/sneha/spotify_airflow_project/venv/lib/python3.12/site-packages/airflow/example_dags/example_params_trigger_ui.py
[2026-01-08T12:36:21.555+0530] {processor.py:925} INFO - DAG(s) 'example_params_trigger_ui' retrieved from /home/sneha/spotify_airflow_project/venv/lib/python3.12/site-packages/airflow/example_dags/example_params_trigger_ui.py
[2026-01-08T12:36:21.614+0530] {logging_mixin.py:190} INFO - [2026-01-08T12:36:21.614+0530] {dag.py:3239} INFO - Sync 1 DAGs
[2026-01-08T12:36:21.633+0530] {logging_mixin.py:190} INFO - [2026-01-08T12:36:21.632+0530] {dag.py:4180} INFO - Setting next_dagrun for example_params_trigger_ui to None, run_after=None
[2026-01-08T12:36:21.661+0530] {processor.py:208} INFO - Processing /home/sneha/spotify_airflow_project/venv/lib/python3.12/site-packages/airflow/example_dags/example_params_trigger_ui.py took 0.134 seconds
[2026-01-08T12:37:21.686+0530] {processor.py:186} INFO - Started process (PID=31548) to work on /home/sneha/spotify_airflow_project/venv/lib/python3.12/site-packages/airflow/example_dags/example_params_trigger_ui.py
[2026-01-08T12:37:21.688+0530] {processor.py:914} INFO - Processing file /home/sneha/spotify_airflow_project/venv/lib/python3.12/site-packages/airflow/example_dags/example_params_trigger_ui.py for tasks to queue
[2026-01-08T12:37:21.690+0530] {logging_mixin.py:190} INFO - [2026-01-08T12:37:21.689+0530] {dagbag.py:588} INFO - Filling up the DagBag from /home/sneha/spotify_airflow_project/venv/lib/python3.12/site-packages/airflow/example_dags/example_params_trigger_ui.py
[2026-01-08T12:37:21.703+0530] {processor.py:925} INFO - DAG(s) 'example_params_trigger_ui' retrieved from /home/sneha/spotify_airflow_project/venv/lib/python3.12/site-packages/airflow/example_dags/example_params_trigger_ui.py
[2026-01-08T12:37:21.761+0530] {logging_mixin.py:190} INFO - [2026-01-08T12:37:21.761+0530] {dag.py:3239} INFO - Sync 1 DAGs
[2026-01-08T12:37:21.779+0530] {logging_mixin.py:190} INFO - [2026-01-08T12:37:21.779+0530] {dag.py:4180} INFO - Setting next_dagrun for example_params_trigger_ui to None, run_after=None
[2026-01-08T12:37:22.024+0530] {processor.py:208} INFO - Processing /home/sneha/spotify_airflow_project/venv/lib/python3.12/site-packages/airflow/example_dags/example_params_trigger_ui.py took 0.348 seconds
[2026-01-08T12:38:27.377+0530] {processor.py:186} INFO - Started process (PID=31611) to work on /home/sneha/spotify_airflow_project/venv/lib/python3.12/site-packages/airflow/example_dags/example_params_trigger_ui.py
[2026-01-08T12:38:27.379+0530] {processor.py:914} INFO - Processing file /home/sneha/spotify_airflow_project/venv/lib/python3.12/site-packages/airflow/example_dags/example_params_trigger_ui.py for tasks to queue
[2026-01-08T12:38:27.380+0530] {logging_mixin.py:190} INFO - [2026-01-08T12:38:27.380+0530] {dagbag.py:588} INFO - Filling up the DagBag from /home/sneha/spotify_airflow_project/venv/lib/python3.12/site-packages/airflow/example_dags/example_params_trigger_ui.py
[2026-01-08T12:38:27.393+0530] {processor.py:925} INFO - DAG(s) 'example_params_trigger_ui' retrieved from /home/sneha/spotify_airflow_project/venv/lib/python3.12/site-packages/airflow/example_dags/example_params_trigger_ui.py
[2026-01-08T12:38:27.452+0530] {logging_mixin.py:190} INFO - [2026-01-08T12:38:27.452+0530] {dag.py:3239} INFO - Sync 1 DAGs
[2026-01-08T12:38:27.470+0530] {logging_mixin.py:190} INFO - [2026-01-08T12:38:27.470+0530] {dag.py:4180} INFO - Setting next_dagrun for example_params_trigger_ui to None, run_after=None
[2026-01-08T12:38:27.497+0530] {processor.py:208} INFO - Processing /home/sneha/spotify_airflow_project/venv/lib/python3.12/site-packages/airflow/example_dags/example_params_trigger_ui.py took 0.131 seconds
[2026-01-08T12:39:36.785+0530] {processor.py:186} INFO - Started process (PID=31677) to work on /home/sneha/spotify_airflow_project/venv/lib/python3.12/site-packages/airflow/example_dags/example_params_trigger_ui.py
[2026-01-08T12:39:36.787+0530] {processor.py:914} INFO - Processing file /home/sneha/spotify_airflow_project/venv/lib/python3.12/site-packages/airflow/example_dags/example_params_trigger_ui.py for tasks to queue
[2026-01-08T12:39:36.788+0530] {logging_mixin.py:190} INFO - [2026-01-08T12:39:36.788+0530] {dagbag.py:588} INFO - Filling up the DagBag from /home/sneha/spotify_airflow_project/venv/lib/python3.12/site-packages/airflow/example_dags/example_params_trigger_ui.py
[2026-01-08T12:39:36.803+0530] {processor.py:925} INFO - DAG(s) 'example_params_trigger_ui' retrieved from /home/sneha/spotify_airflow_project/venv/lib/python3.12/site-packages/airflow/example_dags/example_params_trigger_ui.py
[2026-01-08T12:39:36.863+0530] {logging_mixin.py:190} INFO - [2026-01-08T12:39:36.863+0530] {dag.py:3239} INFO - Sync 1 DAGs
[2026-01-08T12:39:36.881+0530] {logging_mixin.py:190} INFO - [2026-01-08T12:39:36.881+0530] {dag.py:4180} INFO - Setting next_dagrun for example_params_trigger_ui to None, run_after=None
[2026-01-08T12:39:36.910+0530] {processor.py:208} INFO - Processing /home/sneha/spotify_airflow_project/venv/lib/python3.12/site-packages/airflow/example_dags/example_params_trigger_ui.py took 0.137 seconds
[2026-01-08T12:40:36.315+0530] {processor.py:186} INFO - Started process (PID=31766) to work on /home/sneha/spotify_airflow_project/venv/lib/python3.12/site-packages/airflow/example_dags/example_params_trigger_ui.py
[2026-01-08T12:40:36.316+0530] {processor.py:914} INFO - Processing file /home/sneha/spotify_airflow_project/venv/lib/python3.12/site-packages/airflow/example_dags/example_params_trigger_ui.py for tasks to queue
[2026-01-08T12:40:36.318+0530] {logging_mixin.py:190} INFO - [2026-01-08T12:40:36.318+0530] {dagbag.py:588} INFO - Filling up the DagBag from /home/sneha/spotify_airflow_project/venv/lib/python3.12/site-packages/airflow/example_dags/example_params_trigger_ui.py
[2026-01-08T12:40:36.331+0530] {processor.py:925} INFO - DAG(s) 'example_params_trigger_ui' retrieved from /home/sneha/spotify_airflow_project/venv/lib/python3.12/site-packages/airflow/example_dags/example_params_trigger_ui.py
[2026-01-08T12:40:36.386+0530] {logging_mixin.py:190} INFO - [2026-01-08T12:40:36.385+0530] {dag.py:3239} INFO - Sync 1 DAGs
[2026-01-08T12:40:36.615+0530] {logging_mixin.py:190} INFO - [2026-01-08T12:40:36.614+0530] {dag.py:4180} INFO - Setting next_dagrun for example_params_trigger_ui to None, run_after=None
[2026-01-08T12:40:36.640+0530] {processor.py:208} INFO - Processing /home/sneha/spotify_airflow_project/venv/lib/python3.12/site-packages/airflow/example_dags/example_params_trigger_ui.py took 0.336 seconds
[2026-01-08T12:41:39.638+0530] {processor.py:186} INFO - Started process (PID=31827) to work on /home/sneha/spotify_airflow_project/venv/lib/python3.12/site-packages/airflow/example_dags/example_params_trigger_ui.py
[2026-01-08T12:41:39.639+0530] {processor.py:914} INFO - Processing file /home/sneha/spotify_airflow_project/venv/lib/python3.12/site-packages/airflow/example_dags/example_params_trigger_ui.py for tasks to queue
[2026-01-08T12:41:39.641+0530] {logging_mixin.py:190} INFO - [2026-01-08T12:41:39.640+0530] {dagbag.py:588} INFO - Filling up the DagBag from /home/sneha/spotify_airflow_project/venv/lib/python3.12/site-packages/airflow/example_dags/example_params_trigger_ui.py
[2026-01-08T12:41:39.654+0530] {processor.py:925} INFO - DAG(s) 'example_params_trigger_ui' retrieved from /home/sneha/spotify_airflow_project/venv/lib/python3.12/site-packages/airflow/example_dags/example_params_trigger_ui.py
[2026-01-08T12:41:39.708+0530] {logging_mixin.py:190} INFO - [2026-01-08T12:41:39.707+0530] {dag.py:3239} INFO - Sync 1 DAGs
[2026-01-08T12:41:39.726+0530] {logging_mixin.py:190} INFO - [2026-01-08T12:41:39.725+0530] {dag.py:4180} INFO - Setting next_dagrun for example_params_trigger_ui to None, run_after=None
[2026-01-08T12:41:39.753+0530] {processor.py:208} INFO - Processing /home/sneha/spotify_airflow_project/venv/lib/python3.12/site-packages/airflow/example_dags/example_params_trigger_ui.py took 0.126 seconds
[2026-01-08T12:42:48.716+0530] {processor.py:186} INFO - Started process (PID=31892) to work on /home/sneha/spotify_airflow_project/venv/lib/python3.12/site-packages/airflow/example_dags/example_params_trigger_ui.py
[2026-01-08T12:42:48.717+0530] {processor.py:914} INFO - Processing file /home/sneha/spotify_airflow_project/venv/lib/python3.12/site-packages/airflow/example_dags/example_params_trigger_ui.py for tasks to queue
[2026-01-08T12:42:48.719+0530] {logging_mixin.py:190} INFO - [2026-01-08T12:42:48.718+0530] {dagbag.py:588} INFO - Filling up the DagBag from /home/sneha/spotify_airflow_project/venv/lib/python3.12/site-packages/airflow/example_dags/example_params_trigger_ui.py
[2026-01-08T12:42:48.732+0530] {processor.py:925} INFO - DAG(s) 'example_params_trigger_ui' retrieved from /home/sneha/spotify_airflow_project/venv/lib/python3.12/site-packages/airflow/example_dags/example_params_trigger_ui.py
[2026-01-08T12:42:48.787+0530] {logging_mixin.py:190} INFO - [2026-01-08T12:42:48.786+0530] {dag.py:3239} INFO - Sync 1 DAGs
[2026-01-08T12:42:48.805+0530] {logging_mixin.py:190} INFO - [2026-01-08T12:42:48.805+0530] {dag.py:4180} INFO - Setting next_dagrun for example_params_trigger_ui to None, run_after=None
[2026-01-08T12:42:48.833+0530] {processor.py:208} INFO - Processing /home/sneha/spotify_airflow_project/venv/lib/python3.12/site-packages/airflow/example_dags/example_params_trigger_ui.py took 0.128 seconds
[2026-01-08T12:44:00.103+0530] {processor.py:186} INFO - Started process (PID=31957) to work on /home/sneha/spotify_airflow_project/venv/lib/python3.12/site-packages/airflow/example_dags/example_params_trigger_ui.py
[2026-01-08T12:44:00.104+0530] {processor.py:914} INFO - Processing file /home/sneha/spotify_airflow_project/venv/lib/python3.12/site-packages/airflow/example_dags/example_params_trigger_ui.py for tasks to queue
[2026-01-08T12:44:00.106+0530] {logging_mixin.py:190} INFO - [2026-01-08T12:44:00.106+0530] {dagbag.py:588} INFO - Filling up the DagBag from /home/sneha/spotify_airflow_project/venv/lib/python3.12/site-packages/airflow/example_dags/example_params_trigger_ui.py
[2026-01-08T12:44:00.119+0530] {processor.py:925} INFO - DAG(s) 'example_params_trigger_ui' retrieved from /home/sneha/spotify_airflow_project/venv/lib/python3.12/site-packages/airflow/example_dags/example_params_trigger_ui.py
[2026-01-08T12:44:00.377+0530] {logging_mixin.py:190} INFO - [2026-01-08T12:44:00.377+0530] {dag.py:3239} INFO - Sync 1 DAGs
[2026-01-08T12:44:00.392+0530] {logging_mixin.py:190} INFO - [2026-01-08T12:44:00.392+0530] {dag.py:4180} INFO - Setting next_dagrun for example_params_trigger_ui to None, run_after=None
[2026-01-08T12:44:00.418+0530] {processor.py:208} INFO - Processing /home/sneha/spotify_airflow_project/venv/lib/python3.12/site-packages/airflow/example_dags/example_params_trigger_ui.py took 0.326 seconds
[2026-01-08T12:45:18.088+0530] {processor.py:186} INFO - Started process (PID=32058) to work on /home/sneha/spotify_airflow_project/venv/lib/python3.12/site-packages/airflow/example_dags/example_params_trigger_ui.py
[2026-01-08T12:45:18.089+0530] {processor.py:914} INFO - Processing file /home/sneha/spotify_airflow_project/venv/lib/python3.12/site-packages/airflow/example_dags/example_params_trigger_ui.py for tasks to queue
[2026-01-08T12:45:18.091+0530] {logging_mixin.py:190} INFO - [2026-01-08T12:45:18.090+0530] {dagbag.py:588} INFO - Filling up the DagBag from /home/sneha/spotify_airflow_project/venv/lib/python3.12/site-packages/airflow/example_dags/example_params_trigger_ui.py
[2026-01-08T12:45:18.104+0530] {processor.py:925} INFO - DAG(s) 'example_params_trigger_ui' retrieved from /home/sneha/spotify_airflow_project/venv/lib/python3.12/site-packages/airflow/example_dags/example_params_trigger_ui.py
[2026-01-08T12:45:18.162+0530] {logging_mixin.py:190} INFO - [2026-01-08T12:45:18.161+0530] {dag.py:3239} INFO - Sync 1 DAGs
[2026-01-08T12:45:18.180+0530] {logging_mixin.py:190} INFO - [2026-01-08T12:45:18.180+0530] {dag.py:4180} INFO - Setting next_dagrun for example_params_trigger_ui to None, run_after=None
[2026-01-08T12:45:18.207+0530] {processor.py:208} INFO - Processing /home/sneha/spotify_airflow_project/venv/lib/python3.12/site-packages/airflow/example_dags/example_params_trigger_ui.py took 0.132 seconds
[2026-01-08T12:46:58.274+0530] {processor.py:186} INFO - Started process (PID=32339) to work on /home/sneha/spotify_airflow_project/venv/lib/python3.12/site-packages/airflow/example_dags/example_params_trigger_ui.py
[2026-01-08T12:46:58.275+0530] {processor.py:914} INFO - Processing file /home/sneha/spotify_airflow_project/venv/lib/python3.12/site-packages/airflow/example_dags/example_params_trigger_ui.py for tasks to queue
[2026-01-08T12:46:58.277+0530] {logging_mixin.py:190} INFO - [2026-01-08T12:46:58.276+0530] {dagbag.py:588} INFO - Filling up the DagBag from /home/sneha/spotify_airflow_project/venv/lib/python3.12/site-packages/airflow/example_dags/example_params_trigger_ui.py
[2026-01-08T12:46:58.292+0530] {processor.py:925} INFO - DAG(s) 'example_params_trigger_ui' retrieved from /home/sneha/spotify_airflow_project/venv/lib/python3.12/site-packages/airflow/example_dags/example_params_trigger_ui.py
[2026-01-08T12:46:58.352+0530] {logging_mixin.py:190} INFO - [2026-01-08T12:46:58.351+0530] {dag.py:3239} INFO - Sync 1 DAGs
[2026-01-08T12:46:58.370+0530] {logging_mixin.py:190} INFO - [2026-01-08T12:46:58.370+0530] {dag.py:4180} INFO - Setting next_dagrun for example_params_trigger_ui to None, run_after=None
[2026-01-08T12:46:58.399+0530] {processor.py:208} INFO - Processing /home/sneha/spotify_airflow_project/venv/lib/python3.12/site-packages/airflow/example_dags/example_params_trigger_ui.py took 0.136 seconds
