[2026-01-08T11:18:50.966+0530] {processor.py:186} INFO - Started process (PID=12253) to work on /home/sneha/spotify_airflow_project/venv/lib/python3.12/site-packages/airflow/example_dags/tutorial_dag.py
[2026-01-08T11:18:50.967+0530] {processor.py:914} INFO - Processing file /home/sneha/spotify_airflow_project/venv/lib/python3.12/site-packages/airflow/example_dags/tutorial_dag.py for tasks to queue
[2026-01-08T11:18:50.968+0530] {logging_mixin.py:190} INFO - [2026-01-08T11:18:50.968+0530] {dagbag.py:588} INFO - Filling up the DagBag from /home/sneha/spotify_airflow_project/venv/lib/python3.12/site-packages/airflow/example_dags/tutorial_dag.py
[2026-01-08T11:18:50.975+0530] {processor.py:925} INFO - DAG(s) 'tutorial_dag' retrieved from /home/sneha/spotify_airflow_project/venv/lib/python3.12/site-packages/airflow/example_dags/tutorial_dag.py
[2026-01-08T11:18:51.011+0530] {logging_mixin.py:190} INFO - [2026-01-08T11:18:51.010+0530] {dag.py:3239} INFO - Sync 1 DAGs
[2026-01-08T11:18:51.028+0530] {logging_mixin.py:190} INFO - [2026-01-08T11:18:51.028+0530] {dag.py:4180} INFO - Setting next_dagrun for tutorial_dag to None, run_after=None
[2026-01-08T11:18:51.057+0530] {processor.py:208} INFO - Processing /home/sneha/spotify_airflow_project/venv/lib/python3.12/site-packages/airflow/example_dags/tutorial_dag.py took 0.102 seconds
[2026-01-08T11:19:52.433+0530] {processor.py:186} INFO - Started process (PID=12345) to work on /home/sneha/spotify_airflow_project/venv/lib/python3.12/site-packages/airflow/example_dags/tutorial_dag.py
[2026-01-08T11:19:52.435+0530] {processor.py:914} INFO - Processing file /home/sneha/spotify_airflow_project/venv/lib/python3.12/site-packages/airflow/example_dags/tutorial_dag.py for tasks to queue
[2026-01-08T11:19:52.437+0530] {logging_mixin.py:190} INFO - [2026-01-08T11:19:52.436+0530] {dagbag.py:588} INFO - Filling up the DagBag from /home/sneha/spotify_airflow_project/venv/lib/python3.12/site-packages/airflow/example_dags/tutorial_dag.py
[2026-01-08T11:19:52.446+0530] {processor.py:925} INFO - DAG(s) 'tutorial_dag' retrieved from /home/sneha/spotify_airflow_project/venv/lib/python3.12/site-packages/airflow/example_dags/tutorial_dag.py
[2026-01-08T11:19:52.473+0530] {logging_mixin.py:190} INFO - [2026-01-08T11:19:52.472+0530] {dag.py:3239} INFO - Sync 1 DAGs
[2026-01-08T11:19:52.490+0530] {logging_mixin.py:190} INFO - [2026-01-08T11:19:52.490+0530] {dag.py:4180} INFO - Setting next_dagrun for tutorial_dag to None, run_after=None
[2026-01-08T11:19:52.519+0530] {processor.py:208} INFO - Processing /home/sneha/spotify_airflow_project/venv/lib/python3.12/site-packages/airflow/example_dags/tutorial_dag.py took 0.097 seconds
[2026-01-08T11:20:55.451+0530] {processor.py:186} INFO - Started process (PID=12412) to work on /home/sneha/spotify_airflow_project/venv/lib/python3.12/site-packages/airflow/example_dags/tutorial_dag.py
[2026-01-08T11:20:55.453+0530] {processor.py:914} INFO - Processing file /home/sneha/spotify_airflow_project/venv/lib/python3.12/site-packages/airflow/example_dags/tutorial_dag.py for tasks to queue
[2026-01-08T11:20:55.455+0530] {logging_mixin.py:190} INFO - [2026-01-08T11:20:55.454+0530] {dagbag.py:588} INFO - Filling up the DagBag from /home/sneha/spotify_airflow_project/venv/lib/python3.12/site-packages/airflow/example_dags/tutorial_dag.py
[2026-01-08T11:20:55.463+0530] {processor.py:925} INFO - DAG(s) 'tutorial_dag' retrieved from /home/sneha/spotify_airflow_project/venv/lib/python3.12/site-packages/airflow/example_dags/tutorial_dag.py
[2026-01-08T11:20:55.489+0530] {logging_mixin.py:190} INFO - [2026-01-08T11:20:55.488+0530] {dag.py:3239} INFO - Sync 1 DAGs
[2026-01-08T11:20:55.506+0530] {logging_mixin.py:190} INFO - [2026-01-08T11:20:55.506+0530] {dag.py:4180} INFO - Setting next_dagrun for tutorial_dag to None, run_after=None
[2026-01-08T11:20:55.536+0530] {processor.py:208} INFO - Processing /home/sneha/spotify_airflow_project/venv/lib/python3.12/site-packages/airflow/example_dags/tutorial_dag.py took 0.096 seconds
[2026-01-08T11:23:25.602+0530] {processor.py:186} INFO - Started process (PID=17773) to work on /home/sneha/spotify_airflow_project/venv/lib/python3.12/site-packages/airflow/example_dags/tutorial_dag.py
[2026-01-08T11:23:25.604+0530] {processor.py:914} INFO - Processing file /home/sneha/spotify_airflow_project/venv/lib/python3.12/site-packages/airflow/example_dags/tutorial_dag.py for tasks to queue
[2026-01-08T11:23:25.606+0530] {logging_mixin.py:190} INFO - [2026-01-08T11:23:25.605+0530] {dagbag.py:588} INFO - Filling up the DagBag from /home/sneha/spotify_airflow_project/venv/lib/python3.12/site-packages/airflow/example_dags/tutorial_dag.py
[2026-01-08T11:23:25.612+0530] {processor.py:925} INFO - DAG(s) 'tutorial_dag' retrieved from /home/sneha/spotify_airflow_project/venv/lib/python3.12/site-packages/airflow/example_dags/tutorial_dag.py
[2026-01-08T11:23:25.648+0530] {logging_mixin.py:190} INFO - [2026-01-08T11:23:25.647+0530] {dag.py:3239} INFO - Sync 1 DAGs
[2026-01-08T11:23:25.667+0530] {logging_mixin.py:190} INFO - [2026-01-08T11:23:25.666+0530] {dag.py:4180} INFO - Setting next_dagrun for tutorial_dag to None, run_after=None
[2026-01-08T11:23:25.694+0530] {processor.py:208} INFO - Processing /home/sneha/spotify_airflow_project/venv/lib/python3.12/site-packages/airflow/example_dags/tutorial_dag.py took 0.103 seconds
[2026-01-08T11:24:25.959+0530] {processor.py:186} INFO - Started process (PID=17834) to work on /home/sneha/spotify_airflow_project/venv/lib/python3.12/site-packages/airflow/example_dags/tutorial_dag.py
[2026-01-08T11:24:25.961+0530] {processor.py:914} INFO - Processing file /home/sneha/spotify_airflow_project/venv/lib/python3.12/site-packages/airflow/example_dags/tutorial_dag.py for tasks to queue
[2026-01-08T11:24:25.963+0530] {logging_mixin.py:190} INFO - [2026-01-08T11:24:25.962+0530] {dagbag.py:588} INFO - Filling up the DagBag from /home/sneha/spotify_airflow_project/venv/lib/python3.12/site-packages/airflow/example_dags/tutorial_dag.py
[2026-01-08T11:24:25.970+0530] {processor.py:925} INFO - DAG(s) 'tutorial_dag' retrieved from /home/sneha/spotify_airflow_project/venv/lib/python3.12/site-packages/airflow/example_dags/tutorial_dag.py
[2026-01-08T11:24:25.997+0530] {logging_mixin.py:190} INFO - [2026-01-08T11:24:25.996+0530] {dag.py:3239} INFO - Sync 1 DAGs
[2026-01-08T11:24:26.015+0530] {logging_mixin.py:190} INFO - [2026-01-08T11:24:26.015+0530] {dag.py:4180} INFO - Setting next_dagrun for tutorial_dag to None, run_after=None
[2026-01-08T11:24:26.043+0530] {processor.py:208} INFO - Processing /home/sneha/spotify_airflow_project/venv/lib/python3.12/site-packages/airflow/example_dags/tutorial_dag.py took 0.092 seconds
[2026-01-08T11:25:29.741+0530] {processor.py:186} INFO - Started process (PID=17930) to work on /home/sneha/spotify_airflow_project/venv/lib/python3.12/site-packages/airflow/example_dags/tutorial_dag.py
[2026-01-08T11:25:29.753+0530] {processor.py:914} INFO - Processing file /home/sneha/spotify_airflow_project/venv/lib/python3.12/site-packages/airflow/example_dags/tutorial_dag.py for tasks to queue
[2026-01-08T11:25:29.755+0530] {logging_mixin.py:190} INFO - [2026-01-08T11:25:29.754+0530] {dagbag.py:588} INFO - Filling up the DagBag from /home/sneha/spotify_airflow_project/venv/lib/python3.12/site-packages/airflow/example_dags/tutorial_dag.py
[2026-01-08T11:25:29.762+0530] {processor.py:925} INFO - DAG(s) 'tutorial_dag' retrieved from /home/sneha/spotify_airflow_project/venv/lib/python3.12/site-packages/airflow/example_dags/tutorial_dag.py
[2026-01-08T11:25:29.789+0530] {logging_mixin.py:190} INFO - [2026-01-08T11:25:29.789+0530] {dag.py:3239} INFO - Sync 1 DAGs
[2026-01-08T11:25:29.806+0530] {logging_mixin.py:190} INFO - [2026-01-08T11:25:29.806+0530] {dag.py:4180} INFO - Setting next_dagrun for tutorial_dag to None, run_after=None
[2026-01-08T11:25:29.834+0530] {processor.py:208} INFO - Processing /home/sneha/spotify_airflow_project/venv/lib/python3.12/site-packages/airflow/example_dags/tutorial_dag.py took 0.106 seconds
[2026-01-08T11:26:33.530+0530] {processor.py:186} INFO - Started process (PID=17994) to work on /home/sneha/spotify_airflow_project/venv/lib/python3.12/site-packages/airflow/example_dags/tutorial_dag.py
[2026-01-08T11:26:33.542+0530] {processor.py:914} INFO - Processing file /home/sneha/spotify_airflow_project/venv/lib/python3.12/site-packages/airflow/example_dags/tutorial_dag.py for tasks to queue
[2026-01-08T11:26:33.544+0530] {logging_mixin.py:190} INFO - [2026-01-08T11:26:33.543+0530] {dagbag.py:588} INFO - Filling up the DagBag from /home/sneha/spotify_airflow_project/venv/lib/python3.12/site-packages/airflow/example_dags/tutorial_dag.py
[2026-01-08T11:26:33.551+0530] {processor.py:925} INFO - DAG(s) 'tutorial_dag' retrieved from /home/sneha/spotify_airflow_project/venv/lib/python3.12/site-packages/airflow/example_dags/tutorial_dag.py
[2026-01-08T11:26:33.578+0530] {logging_mixin.py:190} INFO - [2026-01-08T11:26:33.577+0530] {dag.py:3239} INFO - Sync 1 DAGs
[2026-01-08T11:26:33.595+0530] {logging_mixin.py:190} INFO - [2026-01-08T11:26:33.595+0530] {dag.py:4180} INFO - Setting next_dagrun for tutorial_dag to None, run_after=None
[2026-01-08T11:26:33.623+0530] {processor.py:208} INFO - Processing /home/sneha/spotify_airflow_project/venv/lib/python3.12/site-packages/airflow/example_dags/tutorial_dag.py took 0.106 seconds
[2026-01-08T11:27:39.266+0530] {processor.py:186} INFO - Started process (PID=18058) to work on /home/sneha/spotify_airflow_project/venv/lib/python3.12/site-packages/airflow/example_dags/tutorial_dag.py
[2026-01-08T11:27:39.267+0530] {processor.py:914} INFO - Processing file /home/sneha/spotify_airflow_project/venv/lib/python3.12/site-packages/airflow/example_dags/tutorial_dag.py for tasks to queue
[2026-01-08T11:27:39.270+0530] {logging_mixin.py:190} INFO - [2026-01-08T11:27:39.269+0530] {dagbag.py:588} INFO - Filling up the DagBag from /home/sneha/spotify_airflow_project/venv/lib/python3.12/site-packages/airflow/example_dags/tutorial_dag.py
[2026-01-08T11:27:39.278+0530] {processor.py:925} INFO - DAG(s) 'tutorial_dag' retrieved from /home/sneha/spotify_airflow_project/venv/lib/python3.12/site-packages/airflow/example_dags/tutorial_dag.py
[2026-01-08T11:27:39.304+0530] {logging_mixin.py:190} INFO - [2026-01-08T11:27:39.304+0530] {dag.py:3239} INFO - Sync 1 DAGs
[2026-01-08T11:27:39.321+0530] {logging_mixin.py:190} INFO - [2026-01-08T11:27:39.321+0530] {dag.py:4180} INFO - Setting next_dagrun for tutorial_dag to None, run_after=None
[2026-01-08T11:27:39.349+0530] {processor.py:208} INFO - Processing /home/sneha/spotify_airflow_project/venv/lib/python3.12/site-packages/airflow/example_dags/tutorial_dag.py took 0.095 seconds
[2026-01-08T11:28:38.017+0530] {processor.py:186} INFO - Started process (PID=18145) to work on /home/sneha/spotify_airflow_project/venv/lib/python3.12/site-packages/airflow/example_dags/tutorial_dag.py
[2026-01-08T11:28:38.018+0530] {processor.py:914} INFO - Processing file /home/sneha/spotify_airflow_project/venv/lib/python3.12/site-packages/airflow/example_dags/tutorial_dag.py for tasks to queue
[2026-01-08T11:28:38.020+0530] {logging_mixin.py:190} INFO - [2026-01-08T11:28:38.020+0530] {dagbag.py:588} INFO - Filling up the DagBag from /home/sneha/spotify_airflow_project/venv/lib/python3.12/site-packages/airflow/example_dags/tutorial_dag.py
[2026-01-08T11:28:38.027+0530] {processor.py:925} INFO - DAG(s) 'tutorial_dag' retrieved from /home/sneha/spotify_airflow_project/venv/lib/python3.12/site-packages/airflow/example_dags/tutorial_dag.py
[2026-01-08T11:28:38.052+0530] {logging_mixin.py:190} INFO - [2026-01-08T11:28:38.051+0530] {dag.py:3239} INFO - Sync 1 DAGs
[2026-01-08T11:28:38.069+0530] {logging_mixin.py:190} INFO - [2026-01-08T11:28:38.068+0530] {dag.py:4180} INFO - Setting next_dagrun for tutorial_dag to None, run_after=None
[2026-01-08T11:28:38.095+0530] {processor.py:208} INFO - Processing /home/sneha/spotify_airflow_project/venv/lib/python3.12/site-packages/airflow/example_dags/tutorial_dag.py took 0.089 seconds
[2026-01-08T11:29:42.052+0530] {processor.py:186} INFO - Started process (PID=18207) to work on /home/sneha/spotify_airflow_project/venv/lib/python3.12/site-packages/airflow/example_dags/tutorial_dag.py
[2026-01-08T11:29:42.054+0530] {processor.py:914} INFO - Processing file /home/sneha/spotify_airflow_project/venv/lib/python3.12/site-packages/airflow/example_dags/tutorial_dag.py for tasks to queue
[2026-01-08T11:29:42.056+0530] {logging_mixin.py:190} INFO - [2026-01-08T11:29:42.055+0530] {dagbag.py:588} INFO - Filling up the DagBag from /home/sneha/spotify_airflow_project/venv/lib/python3.12/site-packages/airflow/example_dags/tutorial_dag.py
[2026-01-08T11:29:42.063+0530] {processor.py:925} INFO - DAG(s) 'tutorial_dag' retrieved from /home/sneha/spotify_airflow_project/venv/lib/python3.12/site-packages/airflow/example_dags/tutorial_dag.py
[2026-01-08T11:29:42.088+0530] {logging_mixin.py:190} INFO - [2026-01-08T11:29:42.087+0530] {dag.py:3239} INFO - Sync 1 DAGs
[2026-01-08T11:29:42.104+0530] {logging_mixin.py:190} INFO - [2026-01-08T11:29:42.104+0530] {dag.py:4180} INFO - Setting next_dagrun for tutorial_dag to None, run_after=None
[2026-01-08T11:29:42.133+0530] {processor.py:208} INFO - Processing /home/sneha/spotify_airflow_project/venv/lib/python3.12/site-packages/airflow/example_dags/tutorial_dag.py took 0.092 seconds
[2026-01-08T11:31:51.899+0530] {processor.py:186} INFO - Started process (PID=22821) to work on /home/sneha/spotify_airflow_project/venv/lib/python3.12/site-packages/airflow/example_dags/tutorial_dag.py
[2026-01-08T11:31:51.900+0530] {processor.py:914} INFO - Processing file /home/sneha/spotify_airflow_project/venv/lib/python3.12/site-packages/airflow/example_dags/tutorial_dag.py for tasks to queue
[2026-01-08T11:31:51.902+0530] {logging_mixin.py:190} INFO - [2026-01-08T11:31:51.901+0530] {dagbag.py:588} INFO - Filling up the DagBag from /home/sneha/spotify_airflow_project/venv/lib/python3.12/site-packages/airflow/example_dags/tutorial_dag.py
[2026-01-08T11:31:51.909+0530] {processor.py:925} INFO - DAG(s) 'tutorial_dag' retrieved from /home/sneha/spotify_airflow_project/venv/lib/python3.12/site-packages/airflow/example_dags/tutorial_dag.py
[2026-01-08T11:31:51.944+0530] {logging_mixin.py:190} INFO - [2026-01-08T11:31:51.943+0530] {dag.py:3239} INFO - Sync 1 DAGs
[2026-01-08T11:31:51.960+0530] {logging_mixin.py:190} INFO - [2026-01-08T11:31:51.959+0530] {dag.py:4180} INFO - Setting next_dagrun for tutorial_dag to None, run_after=None
[2026-01-08T11:31:51.987+0530] {processor.py:208} INFO - Processing /home/sneha/spotify_airflow_project/venv/lib/python3.12/site-packages/airflow/example_dags/tutorial_dag.py took 0.100 seconds
[2026-01-08T11:32:53.212+0530] {processor.py:186} INFO - Started process (PID=22881) to work on /home/sneha/spotify_airflow_project/venv/lib/python3.12/site-packages/airflow/example_dags/tutorial_dag.py
[2026-01-08T11:32:53.213+0530] {processor.py:914} INFO - Processing file /home/sneha/spotify_airflow_project/venv/lib/python3.12/site-packages/airflow/example_dags/tutorial_dag.py for tasks to queue
[2026-01-08T11:32:53.215+0530] {logging_mixin.py:190} INFO - [2026-01-08T11:32:53.215+0530] {dagbag.py:588} INFO - Filling up the DagBag from /home/sneha/spotify_airflow_project/venv/lib/python3.12/site-packages/airflow/example_dags/tutorial_dag.py
[2026-01-08T11:32:53.223+0530] {processor.py:925} INFO - DAG(s) 'tutorial_dag' retrieved from /home/sneha/spotify_airflow_project/venv/lib/python3.12/site-packages/airflow/example_dags/tutorial_dag.py
[2026-01-08T11:32:53.251+0530] {logging_mixin.py:190} INFO - [2026-01-08T11:32:53.251+0530] {dag.py:3239} INFO - Sync 1 DAGs
[2026-01-08T11:32:53.270+0530] {logging_mixin.py:190} INFO - [2026-01-08T11:32:53.270+0530] {dag.py:4180} INFO - Setting next_dagrun for tutorial_dag to None, run_after=None
[2026-01-08T11:32:53.300+0530] {processor.py:208} INFO - Processing /home/sneha/spotify_airflow_project/venv/lib/python3.12/site-packages/airflow/example_dags/tutorial_dag.py took 0.100 seconds
[2026-01-08T11:33:51.960+0530] {processor.py:186} INFO - Started process (PID=22968) to work on /home/sneha/spotify_airflow_project/venv/lib/python3.12/site-packages/airflow/example_dags/tutorial_dag.py
[2026-01-08T11:33:51.971+0530] {processor.py:914} INFO - Processing file /home/sneha/spotify_airflow_project/venv/lib/python3.12/site-packages/airflow/example_dags/tutorial_dag.py for tasks to queue
[2026-01-08T11:33:51.974+0530] {logging_mixin.py:190} INFO - [2026-01-08T11:33:51.973+0530] {dagbag.py:588} INFO - Filling up the DagBag from /home/sneha/spotify_airflow_project/venv/lib/python3.12/site-packages/airflow/example_dags/tutorial_dag.py
[2026-01-08T11:33:51.981+0530] {processor.py:925} INFO - DAG(s) 'tutorial_dag' retrieved from /home/sneha/spotify_airflow_project/venv/lib/python3.12/site-packages/airflow/example_dags/tutorial_dag.py
[2026-01-08T11:33:52.006+0530] {logging_mixin.py:190} INFO - [2026-01-08T11:33:52.006+0530] {dag.py:3239} INFO - Sync 1 DAGs
[2026-01-08T11:33:52.022+0530] {logging_mixin.py:190} INFO - [2026-01-08T11:33:52.022+0530] {dag.py:4180} INFO - Setting next_dagrun for tutorial_dag to None, run_after=None
[2026-01-08T11:33:52.050+0530] {processor.py:208} INFO - Processing /home/sneha/spotify_airflow_project/venv/lib/python3.12/site-packages/airflow/example_dags/tutorial_dag.py took 0.102 seconds
[2026-01-08T11:34:49.650+0530] {processor.py:186} INFO - Started process (PID=23029) to work on /home/sneha/spotify_airflow_project/venv/lib/python3.12/site-packages/airflow/example_dags/tutorial_dag.py
[2026-01-08T11:34:49.651+0530] {processor.py:914} INFO - Processing file /home/sneha/spotify_airflow_project/venv/lib/python3.12/site-packages/airflow/example_dags/tutorial_dag.py for tasks to queue
[2026-01-08T11:34:49.653+0530] {logging_mixin.py:190} INFO - [2026-01-08T11:34:49.652+0530] {dagbag.py:588} INFO - Filling up the DagBag from /home/sneha/spotify_airflow_project/venv/lib/python3.12/site-packages/airflow/example_dags/tutorial_dag.py
[2026-01-08T11:34:49.660+0530] {processor.py:925} INFO - DAG(s) 'tutorial_dag' retrieved from /home/sneha/spotify_airflow_project/venv/lib/python3.12/site-packages/airflow/example_dags/tutorial_dag.py
[2026-01-08T11:34:49.685+0530] {logging_mixin.py:190} INFO - [2026-01-08T11:34:49.684+0530] {dag.py:3239} INFO - Sync 1 DAGs
[2026-01-08T11:34:49.701+0530] {logging_mixin.py:190} INFO - [2026-01-08T11:34:49.700+0530] {dag.py:4180} INFO - Setting next_dagrun for tutorial_dag to None, run_after=None
[2026-01-08T11:34:49.729+0530] {processor.py:208} INFO - Processing /home/sneha/spotify_airflow_project/venv/lib/python3.12/site-packages/airflow/example_dags/tutorial_dag.py took 0.091 seconds
[2026-01-08T11:35:51.136+0530] {processor.py:186} INFO - Started process (PID=23096) to work on /home/sneha/spotify_airflow_project/venv/lib/python3.12/site-packages/airflow/example_dags/tutorial_dag.py
[2026-01-08T11:35:51.137+0530] {processor.py:914} INFO - Processing file /home/sneha/spotify_airflow_project/venv/lib/python3.12/site-packages/airflow/example_dags/tutorial_dag.py for tasks to queue
[2026-01-08T11:35:51.139+0530] {logging_mixin.py:190} INFO - [2026-01-08T11:35:51.139+0530] {dagbag.py:588} INFO - Filling up the DagBag from /home/sneha/spotify_airflow_project/venv/lib/python3.12/site-packages/airflow/example_dags/tutorial_dag.py
[2026-01-08T11:35:51.147+0530] {processor.py:925} INFO - DAG(s) 'tutorial_dag' retrieved from /home/sneha/spotify_airflow_project/venv/lib/python3.12/site-packages/airflow/example_dags/tutorial_dag.py
[2026-01-08T11:35:51.172+0530] {logging_mixin.py:190} INFO - [2026-01-08T11:35:51.172+0530] {dag.py:3239} INFO - Sync 1 DAGs
[2026-01-08T11:35:51.192+0530] {logging_mixin.py:190} INFO - [2026-01-08T11:35:51.191+0530] {dag.py:4180} INFO - Setting next_dagrun for tutorial_dag to None, run_after=None
[2026-01-08T11:35:51.221+0530] {processor.py:208} INFO - Processing /home/sneha/spotify_airflow_project/venv/lib/python3.12/site-packages/airflow/example_dags/tutorial_dag.py took 0.095 seconds
[2026-01-08T11:36:51.452+0530] {processor.py:186} INFO - Started process (PID=23156) to work on /home/sneha/spotify_airflow_project/venv/lib/python3.12/site-packages/airflow/example_dags/tutorial_dag.py
[2026-01-08T11:36:51.464+0530] {processor.py:914} INFO - Processing file /home/sneha/spotify_airflow_project/venv/lib/python3.12/site-packages/airflow/example_dags/tutorial_dag.py for tasks to queue
[2026-01-08T11:36:51.467+0530] {logging_mixin.py:190} INFO - [2026-01-08T11:36:51.466+0530] {dagbag.py:588} INFO - Filling up the DagBag from /home/sneha/spotify_airflow_project/venv/lib/python3.12/site-packages/airflow/example_dags/tutorial_dag.py
[2026-01-08T11:36:51.475+0530] {processor.py:925} INFO - DAG(s) 'tutorial_dag' retrieved from /home/sneha/spotify_airflow_project/venv/lib/python3.12/site-packages/airflow/example_dags/tutorial_dag.py
[2026-01-08T11:36:51.503+0530] {logging_mixin.py:190} INFO - [2026-01-08T11:36:51.502+0530] {dag.py:3239} INFO - Sync 1 DAGs
[2026-01-08T11:36:51.521+0530] {logging_mixin.py:190} INFO - [2026-01-08T11:36:51.520+0530] {dag.py:4180} INFO - Setting next_dagrun for tutorial_dag to None, run_after=None
[2026-01-08T11:36:51.550+0530] {processor.py:208} INFO - Processing /home/sneha/spotify_airflow_project/venv/lib/python3.12/site-packages/airflow/example_dags/tutorial_dag.py took 0.109 seconds
[2026-01-08T11:37:56.319+0530] {processor.py:186} INFO - Started process (PID=23219) to work on /home/sneha/spotify_airflow_project/venv/lib/python3.12/site-packages/airflow/example_dags/tutorial_dag.py
[2026-01-08T11:37:56.330+0530] {processor.py:914} INFO - Processing file /home/sneha/spotify_airflow_project/venv/lib/python3.12/site-packages/airflow/example_dags/tutorial_dag.py for tasks to queue
[2026-01-08T11:37:56.332+0530] {logging_mixin.py:190} INFO - [2026-01-08T11:37:56.332+0530] {dagbag.py:588} INFO - Filling up the DagBag from /home/sneha/spotify_airflow_project/venv/lib/python3.12/site-packages/airflow/example_dags/tutorial_dag.py
[2026-01-08T11:37:56.340+0530] {processor.py:925} INFO - DAG(s) 'tutorial_dag' retrieved from /home/sneha/spotify_airflow_project/venv/lib/python3.12/site-packages/airflow/example_dags/tutorial_dag.py
[2026-01-08T11:37:56.365+0530] {logging_mixin.py:190} INFO - [2026-01-08T11:37:56.365+0530] {dag.py:3239} INFO - Sync 1 DAGs
[2026-01-08T11:37:56.381+0530] {logging_mixin.py:190} INFO - [2026-01-08T11:37:56.381+0530] {dag.py:4180} INFO - Setting next_dagrun for tutorial_dag to None, run_after=None
[2026-01-08T11:37:56.409+0530] {processor.py:208} INFO - Processing /home/sneha/spotify_airflow_project/venv/lib/python3.12/site-packages/airflow/example_dags/tutorial_dag.py took 0.101 seconds
[2026-01-08T11:39:00.880+0530] {processor.py:186} INFO - Started process (PID=23312) to work on /home/sneha/spotify_airflow_project/venv/lib/python3.12/site-packages/airflow/example_dags/tutorial_dag.py
[2026-01-08T11:39:00.885+0530] {processor.py:914} INFO - Processing file /home/sneha/spotify_airflow_project/venv/lib/python3.12/site-packages/airflow/example_dags/tutorial_dag.py for tasks to queue
[2026-01-08T11:39:00.887+0530] {logging_mixin.py:190} INFO - [2026-01-08T11:39:00.886+0530] {dagbag.py:588} INFO - Filling up the DagBag from /home/sneha/spotify_airflow_project/venv/lib/python3.12/site-packages/airflow/example_dags/tutorial_dag.py
[2026-01-08T11:39:00.894+0530] {processor.py:925} INFO - DAG(s) 'tutorial_dag' retrieved from /home/sneha/spotify_airflow_project/venv/lib/python3.12/site-packages/airflow/example_dags/tutorial_dag.py
[2026-01-08T11:39:00.920+0530] {logging_mixin.py:190} INFO - [2026-01-08T11:39:00.920+0530] {dag.py:3239} INFO - Sync 1 DAGs
[2026-01-08T11:39:00.939+0530] {logging_mixin.py:190} INFO - [2026-01-08T11:39:00.938+0530] {dag.py:4180} INFO - Setting next_dagrun for tutorial_dag to None, run_after=None
[2026-01-08T11:39:00.968+0530] {processor.py:208} INFO - Processing /home/sneha/spotify_airflow_project/venv/lib/python3.12/site-packages/airflow/example_dags/tutorial_dag.py took 0.099 seconds
[2026-01-08T11:40:04.192+0530] {processor.py:186} INFO - Started process (PID=23374) to work on /home/sneha/spotify_airflow_project/venv/lib/python3.12/site-packages/airflow/example_dags/tutorial_dag.py
[2026-01-08T11:40:04.193+0530] {processor.py:914} INFO - Processing file /home/sneha/spotify_airflow_project/venv/lib/python3.12/site-packages/airflow/example_dags/tutorial_dag.py for tasks to queue
[2026-01-08T11:40:04.195+0530] {logging_mixin.py:190} INFO - [2026-01-08T11:40:04.194+0530] {dagbag.py:588} INFO - Filling up the DagBag from /home/sneha/spotify_airflow_project/venv/lib/python3.12/site-packages/airflow/example_dags/tutorial_dag.py
[2026-01-08T11:40:04.202+0530] {processor.py:925} INFO - DAG(s) 'tutorial_dag' retrieved from /home/sneha/spotify_airflow_project/venv/lib/python3.12/site-packages/airflow/example_dags/tutorial_dag.py
[2026-01-08T11:40:04.230+0530] {logging_mixin.py:190} INFO - [2026-01-08T11:40:04.229+0530] {dag.py:3239} INFO - Sync 1 DAGs
[2026-01-08T11:40:04.248+0530] {logging_mixin.py:190} INFO - [2026-01-08T11:40:04.248+0530] {dag.py:4180} INFO - Setting next_dagrun for tutorial_dag to None, run_after=None
[2026-01-08T11:40:04.276+0530] {processor.py:208} INFO - Processing /home/sneha/spotify_airflow_project/venv/lib/python3.12/site-packages/airflow/example_dags/tutorial_dag.py took 0.097 seconds
[2026-01-08T11:41:09.334+0530] {processor.py:186} INFO - Started process (PID=23509) to work on /home/sneha/spotify_airflow_project/venv/lib/python3.12/site-packages/airflow/example_dags/tutorial_dag.py
[2026-01-08T11:41:09.335+0530] {processor.py:914} INFO - Processing file /home/sneha/spotify_airflow_project/venv/lib/python3.12/site-packages/airflow/example_dags/tutorial_dag.py for tasks to queue
[2026-01-08T11:41:09.338+0530] {logging_mixin.py:190} INFO - [2026-01-08T11:41:09.337+0530] {dagbag.py:588} INFO - Filling up the DagBag from /home/sneha/spotify_airflow_project/venv/lib/python3.12/site-packages/airflow/example_dags/tutorial_dag.py
[2026-01-08T11:41:09.347+0530] {processor.py:925} INFO - DAG(s) 'tutorial_dag' retrieved from /home/sneha/spotify_airflow_project/venv/lib/python3.12/site-packages/airflow/example_dags/tutorial_dag.py
[2026-01-08T11:41:09.377+0530] {logging_mixin.py:190} INFO - [2026-01-08T11:41:09.377+0530] {dag.py:3239} INFO - Sync 1 DAGs
[2026-01-08T11:41:09.397+0530] {logging_mixin.py:190} INFO - [2026-01-08T11:41:09.397+0530] {dag.py:4180} INFO - Setting next_dagrun for tutorial_dag to None, run_after=None
[2026-01-08T11:41:09.435+0530] {processor.py:208} INFO - Processing /home/sneha/spotify_airflow_project/venv/lib/python3.12/site-packages/airflow/example_dags/tutorial_dag.py took 0.113 seconds
[2026-01-08T11:42:11.721+0530] {processor.py:186} INFO - Started process (PID=23596) to work on /home/sneha/spotify_airflow_project/venv/lib/python3.12/site-packages/airflow/example_dags/tutorial_dag.py
[2026-01-08T11:42:11.733+0530] {processor.py:914} INFO - Processing file /home/sneha/spotify_airflow_project/venv/lib/python3.12/site-packages/airflow/example_dags/tutorial_dag.py for tasks to queue
[2026-01-08T11:42:11.735+0530] {logging_mixin.py:190} INFO - [2026-01-08T11:42:11.734+0530] {dagbag.py:588} INFO - Filling up the DagBag from /home/sneha/spotify_airflow_project/venv/lib/python3.12/site-packages/airflow/example_dags/tutorial_dag.py
[2026-01-08T11:42:11.743+0530] {processor.py:925} INFO - DAG(s) 'tutorial_dag' retrieved from /home/sneha/spotify_airflow_project/venv/lib/python3.12/site-packages/airflow/example_dags/tutorial_dag.py
[2026-01-08T11:42:11.770+0530] {logging_mixin.py:190} INFO - [2026-01-08T11:42:11.769+0530] {dag.py:3239} INFO - Sync 1 DAGs
[2026-01-08T11:42:11.787+0530] {logging_mixin.py:190} INFO - [2026-01-08T11:42:11.786+0530] {dag.py:4180} INFO - Setting next_dagrun for tutorial_dag to None, run_after=None
[2026-01-08T11:42:11.816+0530] {processor.py:208} INFO - Processing /home/sneha/spotify_airflow_project/venv/lib/python3.12/site-packages/airflow/example_dags/tutorial_dag.py took 0.105 seconds
[2026-01-08T11:43:19.760+0530] {processor.py:186} INFO - Started process (PID=23690) to work on /home/sneha/spotify_airflow_project/venv/lib/python3.12/site-packages/airflow/example_dags/tutorial_dag.py
[2026-01-08T11:43:19.761+0530] {processor.py:914} INFO - Processing file /home/sneha/spotify_airflow_project/venv/lib/python3.12/site-packages/airflow/example_dags/tutorial_dag.py for tasks to queue
[2026-01-08T11:43:19.763+0530] {logging_mixin.py:190} INFO - [2026-01-08T11:43:19.763+0530] {dagbag.py:588} INFO - Filling up the DagBag from /home/sneha/spotify_airflow_project/venv/lib/python3.12/site-packages/airflow/example_dags/tutorial_dag.py
[2026-01-08T11:43:19.771+0530] {processor.py:925} INFO - DAG(s) 'tutorial_dag' retrieved from /home/sneha/spotify_airflow_project/venv/lib/python3.12/site-packages/airflow/example_dags/tutorial_dag.py
[2026-01-08T11:43:19.797+0530] {logging_mixin.py:190} INFO - [2026-01-08T11:43:19.797+0530] {dag.py:3239} INFO - Sync 1 DAGs
[2026-01-08T11:43:19.815+0530] {logging_mixin.py:190} INFO - [2026-01-08T11:43:19.815+0530] {dag.py:4180} INFO - Setting next_dagrun for tutorial_dag to None, run_after=None
[2026-01-08T11:43:19.843+0530] {processor.py:208} INFO - Processing /home/sneha/spotify_airflow_project/venv/lib/python3.12/site-packages/airflow/example_dags/tutorial_dag.py took 0.093 seconds
[2026-01-08T11:44:25.002+0530] {processor.py:186} INFO - Started process (PID=23815) to work on /home/sneha/spotify_airflow_project/venv/lib/python3.12/site-packages/airflow/example_dags/tutorial_dag.py
[2026-01-08T11:44:25.003+0530] {processor.py:914} INFO - Processing file /home/sneha/spotify_airflow_project/venv/lib/python3.12/site-packages/airflow/example_dags/tutorial_dag.py for tasks to queue
[2026-01-08T11:44:25.005+0530] {logging_mixin.py:190} INFO - [2026-01-08T11:44:25.005+0530] {dagbag.py:588} INFO - Filling up the DagBag from /home/sneha/spotify_airflow_project/venv/lib/python3.12/site-packages/airflow/example_dags/tutorial_dag.py
[2026-01-08T11:44:25.012+0530] {processor.py:925} INFO - DAG(s) 'tutorial_dag' retrieved from /home/sneha/spotify_airflow_project/venv/lib/python3.12/site-packages/airflow/example_dags/tutorial_dag.py
[2026-01-08T11:44:25.038+0530] {logging_mixin.py:190} INFO - [2026-01-08T11:44:25.038+0530] {dag.py:3239} INFO - Sync 1 DAGs
[2026-01-08T11:44:25.055+0530] {logging_mixin.py:190} INFO - [2026-01-08T11:44:25.054+0530] {dag.py:4180} INFO - Setting next_dagrun for tutorial_dag to None, run_after=None
[2026-01-08T11:44:25.087+0530] {processor.py:208} INFO - Processing /home/sneha/spotify_airflow_project/venv/lib/python3.12/site-packages/airflow/example_dags/tutorial_dag.py took 0.097 seconds
[2026-01-08T11:45:30.189+0530] {processor.py:186} INFO - Started process (PID=24066) to work on /home/sneha/spotify_airflow_project/venv/lib/python3.12/site-packages/airflow/example_dags/tutorial_dag.py
[2026-01-08T11:45:30.191+0530] {processor.py:914} INFO - Processing file /home/sneha/spotify_airflow_project/venv/lib/python3.12/site-packages/airflow/example_dags/tutorial_dag.py for tasks to queue
[2026-01-08T11:45:30.193+0530] {logging_mixin.py:190} INFO - [2026-01-08T11:45:30.193+0530] {dagbag.py:588} INFO - Filling up the DagBag from /home/sneha/spotify_airflow_project/venv/lib/python3.12/site-packages/airflow/example_dags/tutorial_dag.py
[2026-01-08T11:45:30.203+0530] {processor.py:925} INFO - DAG(s) 'tutorial_dag' retrieved from /home/sneha/spotify_airflow_project/venv/lib/python3.12/site-packages/airflow/example_dags/tutorial_dag.py
[2026-01-08T11:45:30.237+0530] {logging_mixin.py:190} INFO - [2026-01-08T11:45:30.236+0530] {dag.py:3239} INFO - Sync 1 DAGs
[2026-01-08T11:45:30.261+0530] {logging_mixin.py:190} INFO - [2026-01-08T11:45:30.261+0530] {dag.py:4180} INFO - Setting next_dagrun for tutorial_dag to None, run_after=None
[2026-01-08T11:45:30.295+0530] {processor.py:208} INFO - Processing /home/sneha/spotify_airflow_project/venv/lib/python3.12/site-packages/airflow/example_dags/tutorial_dag.py took 0.118 seconds
[2026-01-08T11:46:34.106+0530] {processor.py:186} INFO - Started process (PID=24129) to work on /home/sneha/spotify_airflow_project/venv/lib/python3.12/site-packages/airflow/example_dags/tutorial_dag.py
[2026-01-08T11:46:34.108+0530] {processor.py:914} INFO - Processing file /home/sneha/spotify_airflow_project/venv/lib/python3.12/site-packages/airflow/example_dags/tutorial_dag.py for tasks to queue
[2026-01-08T11:46:34.110+0530] {logging_mixin.py:190} INFO - [2026-01-08T11:46:34.109+0530] {dagbag.py:588} INFO - Filling up the DagBag from /home/sneha/spotify_airflow_project/venv/lib/python3.12/site-packages/airflow/example_dags/tutorial_dag.py
[2026-01-08T11:46:34.117+0530] {processor.py:925} INFO - DAG(s) 'tutorial_dag' retrieved from /home/sneha/spotify_airflow_project/venv/lib/python3.12/site-packages/airflow/example_dags/tutorial_dag.py
[2026-01-08T11:46:34.144+0530] {logging_mixin.py:190} INFO - [2026-01-08T11:46:34.144+0530] {dag.py:3239} INFO - Sync 1 DAGs
[2026-01-08T11:46:34.162+0530] {logging_mixin.py:190} INFO - [2026-01-08T11:46:34.161+0530] {dag.py:4180} INFO - Setting next_dagrun for tutorial_dag to None, run_after=None
[2026-01-08T11:46:34.191+0530] {processor.py:208} INFO - Processing /home/sneha/spotify_airflow_project/venv/lib/python3.12/site-packages/airflow/example_dags/tutorial_dag.py took 0.096 seconds
[2026-01-08T11:47:39.844+0530] {processor.py:186} INFO - Started process (PID=24192) to work on /home/sneha/spotify_airflow_project/venv/lib/python3.12/site-packages/airflow/example_dags/tutorial_dag.py
[2026-01-08T11:47:39.846+0530] {processor.py:914} INFO - Processing file /home/sneha/spotify_airflow_project/venv/lib/python3.12/site-packages/airflow/example_dags/tutorial_dag.py for tasks to queue
[2026-01-08T11:47:39.847+0530] {logging_mixin.py:190} INFO - [2026-01-08T11:47:39.847+0530] {dagbag.py:588} INFO - Filling up the DagBag from /home/sneha/spotify_airflow_project/venv/lib/python3.12/site-packages/airflow/example_dags/tutorial_dag.py
[2026-01-08T11:47:39.854+0530] {processor.py:925} INFO - DAG(s) 'tutorial_dag' retrieved from /home/sneha/spotify_airflow_project/venv/lib/python3.12/site-packages/airflow/example_dags/tutorial_dag.py
[2026-01-08T11:47:39.881+0530] {logging_mixin.py:190} INFO - [2026-01-08T11:47:39.880+0530] {dag.py:3239} INFO - Sync 1 DAGs
[2026-01-08T11:47:39.898+0530] {logging_mixin.py:190} INFO - [2026-01-08T11:47:39.898+0530] {dag.py:4180} INFO - Setting next_dagrun for tutorial_dag to None, run_after=None
[2026-01-08T11:47:39.927+0530] {processor.py:208} INFO - Processing /home/sneha/spotify_airflow_project/venv/lib/python3.12/site-packages/airflow/example_dags/tutorial_dag.py took 0.094 seconds
[2026-01-08T11:48:40.836+0530] {processor.py:186} INFO - Started process (PID=24280) to work on /home/sneha/spotify_airflow_project/venv/lib/python3.12/site-packages/airflow/example_dags/tutorial_dag.py
[2026-01-08T11:48:40.838+0530] {processor.py:914} INFO - Processing file /home/sneha/spotify_airflow_project/venv/lib/python3.12/site-packages/airflow/example_dags/tutorial_dag.py for tasks to queue
[2026-01-08T11:48:40.840+0530] {logging_mixin.py:190} INFO - [2026-01-08T11:48:40.839+0530] {dagbag.py:588} INFO - Filling up the DagBag from /home/sneha/spotify_airflow_project/venv/lib/python3.12/site-packages/airflow/example_dags/tutorial_dag.py
[2026-01-08T11:48:40.847+0530] {processor.py:925} INFO - DAG(s) 'tutorial_dag' retrieved from /home/sneha/spotify_airflow_project/venv/lib/python3.12/site-packages/airflow/example_dags/tutorial_dag.py
[2026-01-08T11:48:40.874+0530] {logging_mixin.py:190} INFO - [2026-01-08T11:48:40.874+0530] {dag.py:3239} INFO - Sync 1 DAGs
[2026-01-08T11:48:40.893+0530] {logging_mixin.py:190} INFO - [2026-01-08T11:48:40.893+0530] {dag.py:4180} INFO - Setting next_dagrun for tutorial_dag to None, run_after=None
[2026-01-08T11:48:40.922+0530] {processor.py:208} INFO - Processing /home/sneha/spotify_airflow_project/venv/lib/python3.12/site-packages/airflow/example_dags/tutorial_dag.py took 0.096 seconds
[2026-01-08T11:49:43.070+0530] {processor.py:186} INFO - Started process (PID=24342) to work on /home/sneha/spotify_airflow_project/venv/lib/python3.12/site-packages/airflow/example_dags/tutorial_dag.py
[2026-01-08T11:49:43.072+0530] {processor.py:914} INFO - Processing file /home/sneha/spotify_airflow_project/venv/lib/python3.12/site-packages/airflow/example_dags/tutorial_dag.py for tasks to queue
[2026-01-08T11:49:43.074+0530] {logging_mixin.py:190} INFO - [2026-01-08T11:49:43.073+0530] {dagbag.py:588} INFO - Filling up the DagBag from /home/sneha/spotify_airflow_project/venv/lib/python3.12/site-packages/airflow/example_dags/tutorial_dag.py
[2026-01-08T11:49:43.081+0530] {processor.py:925} INFO - DAG(s) 'tutorial_dag' retrieved from /home/sneha/spotify_airflow_project/venv/lib/python3.12/site-packages/airflow/example_dags/tutorial_dag.py
[2026-01-08T11:49:43.108+0530] {logging_mixin.py:190} INFO - [2026-01-08T11:49:43.107+0530] {dag.py:3239} INFO - Sync 1 DAGs
[2026-01-08T11:49:43.125+0530] {logging_mixin.py:190} INFO - [2026-01-08T11:49:43.125+0530] {dag.py:4180} INFO - Setting next_dagrun for tutorial_dag to None, run_after=None
[2026-01-08T11:49:43.152+0530] {processor.py:208} INFO - Processing /home/sneha/spotify_airflow_project/venv/lib/python3.12/site-packages/airflow/example_dags/tutorial_dag.py took 0.094 seconds
[2026-01-08T11:50:51.109+0530] {processor.py:186} INFO - Started process (PID=24416) to work on /home/sneha/spotify_airflow_project/venv/lib/python3.12/site-packages/airflow/example_dags/tutorial_dag.py
[2026-01-08T11:50:51.111+0530] {processor.py:914} INFO - Processing file /home/sneha/spotify_airflow_project/venv/lib/python3.12/site-packages/airflow/example_dags/tutorial_dag.py for tasks to queue
[2026-01-08T11:50:51.112+0530] {logging_mixin.py:190} INFO - [2026-01-08T11:50:51.112+0530] {dagbag.py:588} INFO - Filling up the DagBag from /home/sneha/spotify_airflow_project/venv/lib/python3.12/site-packages/airflow/example_dags/tutorial_dag.py
[2026-01-08T11:50:51.119+0530] {processor.py:925} INFO - DAG(s) 'tutorial_dag' retrieved from /home/sneha/spotify_airflow_project/venv/lib/python3.12/site-packages/airflow/example_dags/tutorial_dag.py
[2026-01-08T11:50:51.143+0530] {logging_mixin.py:190} INFO - [2026-01-08T11:50:51.143+0530] {dag.py:3239} INFO - Sync 1 DAGs
[2026-01-08T11:50:51.159+0530] {logging_mixin.py:190} INFO - [2026-01-08T11:50:51.159+0530] {dag.py:4180} INFO - Setting next_dagrun for tutorial_dag to None, run_after=None
[2026-01-08T11:50:51.188+0530] {processor.py:208} INFO - Processing /home/sneha/spotify_airflow_project/venv/lib/python3.12/site-packages/airflow/example_dags/tutorial_dag.py took 0.087 seconds
[2026-01-08T11:51:51.260+0530] {processor.py:186} INFO - Started process (PID=24479) to work on /home/sneha/spotify_airflow_project/venv/lib/python3.12/site-packages/airflow/example_dags/tutorial_dag.py
[2026-01-08T11:51:51.262+0530] {processor.py:914} INFO - Processing file /home/sneha/spotify_airflow_project/venv/lib/python3.12/site-packages/airflow/example_dags/tutorial_dag.py for tasks to queue
[2026-01-08T11:51:51.264+0530] {logging_mixin.py:190} INFO - [2026-01-08T11:51:51.263+0530] {dagbag.py:588} INFO - Filling up the DagBag from /home/sneha/spotify_airflow_project/venv/lib/python3.12/site-packages/airflow/example_dags/tutorial_dag.py
[2026-01-08T11:51:51.271+0530] {processor.py:925} INFO - DAG(s) 'tutorial_dag' retrieved from /home/sneha/spotify_airflow_project/venv/lib/python3.12/site-packages/airflow/example_dags/tutorial_dag.py
[2026-01-08T11:51:51.295+0530] {logging_mixin.py:190} INFO - [2026-01-08T11:51:51.295+0530] {dag.py:3239} INFO - Sync 1 DAGs
[2026-01-08T11:51:51.312+0530] {logging_mixin.py:190} INFO - [2026-01-08T11:51:51.312+0530] {dag.py:4180} INFO - Setting next_dagrun for tutorial_dag to None, run_after=None
[2026-01-08T11:51:51.338+0530] {processor.py:208} INFO - Processing /home/sneha/spotify_airflow_project/venv/lib/python3.12/site-packages/airflow/example_dags/tutorial_dag.py took 0.089 seconds
[2026-01-08T11:52:55.150+0530] {processor.py:186} INFO - Started process (PID=24553) to work on /home/sneha/spotify_airflow_project/venv/lib/python3.12/site-packages/airflow/example_dags/tutorial_dag.py
[2026-01-08T11:52:55.152+0530] {processor.py:914} INFO - Processing file /home/sneha/spotify_airflow_project/venv/lib/python3.12/site-packages/airflow/example_dags/tutorial_dag.py for tasks to queue
[2026-01-08T11:52:55.154+0530] {logging_mixin.py:190} INFO - [2026-01-08T11:52:55.153+0530] {dagbag.py:588} INFO - Filling up the DagBag from /home/sneha/spotify_airflow_project/venv/lib/python3.12/site-packages/airflow/example_dags/tutorial_dag.py
[2026-01-08T11:52:55.160+0530] {processor.py:925} INFO - DAG(s) 'tutorial_dag' retrieved from /home/sneha/spotify_airflow_project/venv/lib/python3.12/site-packages/airflow/example_dags/tutorial_dag.py
[2026-01-08T11:52:55.187+0530] {logging_mixin.py:190} INFO - [2026-01-08T11:52:55.186+0530] {dag.py:3239} INFO - Sync 1 DAGs
[2026-01-08T11:52:55.204+0530] {logging_mixin.py:190} INFO - [2026-01-08T11:52:55.204+0530] {dag.py:4180} INFO - Setting next_dagrun for tutorial_dag to None, run_after=None
[2026-01-08T11:52:55.232+0530] {processor.py:208} INFO - Processing /home/sneha/spotify_airflow_project/venv/lib/python3.12/site-packages/airflow/example_dags/tutorial_dag.py took 0.092 seconds
[2026-01-08T11:53:58.202+0530] {processor.py:186} INFO - Started process (PID=24645) to work on /home/sneha/spotify_airflow_project/venv/lib/python3.12/site-packages/airflow/example_dags/tutorial_dag.py
[2026-01-08T11:53:58.204+0530] {processor.py:914} INFO - Processing file /home/sneha/spotify_airflow_project/venv/lib/python3.12/site-packages/airflow/example_dags/tutorial_dag.py for tasks to queue
[2026-01-08T11:53:58.206+0530] {logging_mixin.py:190} INFO - [2026-01-08T11:53:58.205+0530] {dagbag.py:588} INFO - Filling up the DagBag from /home/sneha/spotify_airflow_project/venv/lib/python3.12/site-packages/airflow/example_dags/tutorial_dag.py
[2026-01-08T11:53:58.212+0530] {processor.py:925} INFO - DAG(s) 'tutorial_dag' retrieved from /home/sneha/spotify_airflow_project/venv/lib/python3.12/site-packages/airflow/example_dags/tutorial_dag.py
[2026-01-08T11:53:58.237+0530] {logging_mixin.py:190} INFO - [2026-01-08T11:53:58.236+0530] {dag.py:3239} INFO - Sync 1 DAGs
[2026-01-08T11:53:58.254+0530] {logging_mixin.py:190} INFO - [2026-01-08T11:53:58.254+0530] {dag.py:4180} INFO - Setting next_dagrun for tutorial_dag to None, run_after=None
[2026-01-08T11:53:58.282+0530] {processor.py:208} INFO - Processing /home/sneha/spotify_airflow_project/venv/lib/python3.12/site-packages/airflow/example_dags/tutorial_dag.py took 0.090 seconds
[2026-01-08T11:54:58.776+0530] {processor.py:186} INFO - Started process (PID=24708) to work on /home/sneha/spotify_airflow_project/venv/lib/python3.12/site-packages/airflow/example_dags/tutorial_dag.py
[2026-01-08T11:54:58.777+0530] {processor.py:914} INFO - Processing file /home/sneha/spotify_airflow_project/venv/lib/python3.12/site-packages/airflow/example_dags/tutorial_dag.py for tasks to queue
[2026-01-08T11:54:58.779+0530] {logging_mixin.py:190} INFO - [2026-01-08T11:54:58.778+0530] {dagbag.py:588} INFO - Filling up the DagBag from /home/sneha/spotify_airflow_project/venv/lib/python3.12/site-packages/airflow/example_dags/tutorial_dag.py
[2026-01-08T11:54:58.787+0530] {processor.py:925} INFO - DAG(s) 'tutorial_dag' retrieved from /home/sneha/spotify_airflow_project/venv/lib/python3.12/site-packages/airflow/example_dags/tutorial_dag.py
[2026-01-08T11:54:58.814+0530] {logging_mixin.py:190} INFO - [2026-01-08T11:54:58.814+0530] {dag.py:3239} INFO - Sync 1 DAGs
[2026-01-08T11:54:58.832+0530] {logging_mixin.py:190} INFO - [2026-01-08T11:54:58.831+0530] {dag.py:4180} INFO - Setting next_dagrun for tutorial_dag to None, run_after=None
[2026-01-08T11:54:58.859+0530] {processor.py:208} INFO - Processing /home/sneha/spotify_airflow_project/venv/lib/python3.12/site-packages/airflow/example_dags/tutorial_dag.py took 0.095 seconds
[2026-01-08T11:56:02.636+0530] {processor.py:186} INFO - Started process (PID=24776) to work on /home/sneha/spotify_airflow_project/venv/lib/python3.12/site-packages/airflow/example_dags/tutorial_dag.py
[2026-01-08T11:56:02.638+0530] {processor.py:914} INFO - Processing file /home/sneha/spotify_airflow_project/venv/lib/python3.12/site-packages/airflow/example_dags/tutorial_dag.py for tasks to queue
[2026-01-08T11:56:02.639+0530] {logging_mixin.py:190} INFO - [2026-01-08T11:56:02.639+0530] {dagbag.py:588} INFO - Filling up the DagBag from /home/sneha/spotify_airflow_project/venv/lib/python3.12/site-packages/airflow/example_dags/tutorial_dag.py
[2026-01-08T11:56:02.646+0530] {processor.py:925} INFO - DAG(s) 'tutorial_dag' retrieved from /home/sneha/spotify_airflow_project/venv/lib/python3.12/site-packages/airflow/example_dags/tutorial_dag.py
[2026-01-08T11:56:02.673+0530] {logging_mixin.py:190} INFO - [2026-01-08T11:56:02.672+0530] {dag.py:3239} INFO - Sync 1 DAGs
[2026-01-08T11:56:02.689+0530] {logging_mixin.py:190} INFO - [2026-01-08T11:56:02.689+0530] {dag.py:4180} INFO - Setting next_dagrun for tutorial_dag to None, run_after=None
[2026-01-08T11:56:02.717+0530] {processor.py:208} INFO - Processing /home/sneha/spotify_airflow_project/venv/lib/python3.12/site-packages/airflow/example_dags/tutorial_dag.py took 0.092 seconds
[2026-01-08T11:57:06.452+0530] {processor.py:186} INFO - Started process (PID=24838) to work on /home/sneha/spotify_airflow_project/venv/lib/python3.12/site-packages/airflow/example_dags/tutorial_dag.py
[2026-01-08T11:57:06.454+0530] {processor.py:914} INFO - Processing file /home/sneha/spotify_airflow_project/venv/lib/python3.12/site-packages/airflow/example_dags/tutorial_dag.py for tasks to queue
[2026-01-08T11:57:06.456+0530] {logging_mixin.py:190} INFO - [2026-01-08T11:57:06.455+0530] {dagbag.py:588} INFO - Filling up the DagBag from /home/sneha/spotify_airflow_project/venv/lib/python3.12/site-packages/airflow/example_dags/tutorial_dag.py
[2026-01-08T11:57:06.463+0530] {processor.py:925} INFO - DAG(s) 'tutorial_dag' retrieved from /home/sneha/spotify_airflow_project/venv/lib/python3.12/site-packages/airflow/example_dags/tutorial_dag.py
[2026-01-08T11:57:06.488+0530] {logging_mixin.py:190} INFO - [2026-01-08T11:57:06.487+0530] {dag.py:3239} INFO - Sync 1 DAGs
[2026-01-08T11:57:06.506+0530] {logging_mixin.py:190} INFO - [2026-01-08T11:57:06.505+0530] {dag.py:4180} INFO - Setting next_dagrun for tutorial_dag to None, run_after=None
[2026-01-08T11:57:06.533+0530] {processor.py:208} INFO - Processing /home/sneha/spotify_airflow_project/venv/lib/python3.12/site-packages/airflow/example_dags/tutorial_dag.py took 0.093 seconds
[2026-01-08T11:58:04.474+0530] {processor.py:186} INFO - Started process (PID=24899) to work on /home/sneha/spotify_airflow_project/venv/lib/python3.12/site-packages/airflow/example_dags/tutorial_dag.py
[2026-01-08T11:58:04.476+0530] {processor.py:914} INFO - Processing file /home/sneha/spotify_airflow_project/venv/lib/python3.12/site-packages/airflow/example_dags/tutorial_dag.py for tasks to queue
[2026-01-08T11:58:04.478+0530] {logging_mixin.py:190} INFO - [2026-01-08T11:58:04.477+0530] {dagbag.py:588} INFO - Filling up the DagBag from /home/sneha/spotify_airflow_project/venv/lib/python3.12/site-packages/airflow/example_dags/tutorial_dag.py
[2026-01-08T11:58:04.485+0530] {processor.py:925} INFO - DAG(s) 'tutorial_dag' retrieved from /home/sneha/spotify_airflow_project/venv/lib/python3.12/site-packages/airflow/example_dags/tutorial_dag.py
[2026-01-08T11:58:04.510+0530] {logging_mixin.py:190} INFO - [2026-01-08T11:58:04.509+0530] {dag.py:3239} INFO - Sync 1 DAGs
[2026-01-08T11:58:04.528+0530] {logging_mixin.py:190} INFO - [2026-01-08T11:58:04.527+0530] {dag.py:4180} INFO - Setting next_dagrun for tutorial_dag to None, run_after=None
[2026-01-08T11:58:04.556+0530] {processor.py:208} INFO - Processing /home/sneha/spotify_airflow_project/venv/lib/python3.12/site-packages/airflow/example_dags/tutorial_dag.py took 0.093 seconds
[2026-01-08T11:59:04.614+0530] {processor.py:186} INFO - Started process (PID=24986) to work on /home/sneha/spotify_airflow_project/venv/lib/python3.12/site-packages/airflow/example_dags/tutorial_dag.py
[2026-01-08T11:59:04.615+0530] {processor.py:914} INFO - Processing file /home/sneha/spotify_airflow_project/venv/lib/python3.12/site-packages/airflow/example_dags/tutorial_dag.py for tasks to queue
[2026-01-08T11:59:04.617+0530] {logging_mixin.py:190} INFO - [2026-01-08T11:59:04.616+0530] {dagbag.py:588} INFO - Filling up the DagBag from /home/sneha/spotify_airflow_project/venv/lib/python3.12/site-packages/airflow/example_dags/tutorial_dag.py
[2026-01-08T11:59:04.625+0530] {processor.py:925} INFO - DAG(s) 'tutorial_dag' retrieved from /home/sneha/spotify_airflow_project/venv/lib/python3.12/site-packages/airflow/example_dags/tutorial_dag.py
[2026-01-08T11:59:04.651+0530] {logging_mixin.py:190} INFO - [2026-01-08T11:59:04.650+0530] {dag.py:3239} INFO - Sync 1 DAGs
[2026-01-08T11:59:04.669+0530] {logging_mixin.py:190} INFO - [2026-01-08T11:59:04.668+0530] {dag.py:4180} INFO - Setting next_dagrun for tutorial_dag to None, run_after=None
[2026-01-08T11:59:04.696+0530] {processor.py:208} INFO - Processing /home/sneha/spotify_airflow_project/venv/lib/python3.12/site-packages/airflow/example_dags/tutorial_dag.py took 0.094 seconds
[2026-01-08T12:00:04.775+0530] {processor.py:186} INFO - Started process (PID=25046) to work on /home/sneha/spotify_airflow_project/venv/lib/python3.12/site-packages/airflow/example_dags/tutorial_dag.py
[2026-01-08T12:00:04.777+0530] {processor.py:914} INFO - Processing file /home/sneha/spotify_airflow_project/venv/lib/python3.12/site-packages/airflow/example_dags/tutorial_dag.py for tasks to queue
[2026-01-08T12:00:04.779+0530] {logging_mixin.py:190} INFO - [2026-01-08T12:00:04.778+0530] {dagbag.py:588} INFO - Filling up the DagBag from /home/sneha/spotify_airflow_project/venv/lib/python3.12/site-packages/airflow/example_dags/tutorial_dag.py
[2026-01-08T12:00:04.786+0530] {processor.py:925} INFO - DAG(s) 'tutorial_dag' retrieved from /home/sneha/spotify_airflow_project/venv/lib/python3.12/site-packages/airflow/example_dags/tutorial_dag.py
[2026-01-08T12:00:04.810+0530] {logging_mixin.py:190} INFO - [2026-01-08T12:00:04.810+0530] {dag.py:3239} INFO - Sync 1 DAGs
[2026-01-08T12:00:04.827+0530] {logging_mixin.py:190} INFO - [2026-01-08T12:00:04.826+0530] {dag.py:4180} INFO - Setting next_dagrun for tutorial_dag to None, run_after=None
[2026-01-08T12:00:04.855+0530] {processor.py:208} INFO - Processing /home/sneha/spotify_airflow_project/venv/lib/python3.12/site-packages/airflow/example_dags/tutorial_dag.py took 0.090 seconds
[2026-01-08T12:01:07.957+0530] {processor.py:186} INFO - Started process (PID=25110) to work on /home/sneha/spotify_airflow_project/venv/lib/python3.12/site-packages/airflow/example_dags/tutorial_dag.py
[2026-01-08T12:01:07.959+0530] {processor.py:914} INFO - Processing file /home/sneha/spotify_airflow_project/venv/lib/python3.12/site-packages/airflow/example_dags/tutorial_dag.py for tasks to queue
[2026-01-08T12:01:07.960+0530] {logging_mixin.py:190} INFO - [2026-01-08T12:01:07.960+0530] {dagbag.py:588} INFO - Filling up the DagBag from /home/sneha/spotify_airflow_project/venv/lib/python3.12/site-packages/airflow/example_dags/tutorial_dag.py
[2026-01-08T12:01:07.967+0530] {processor.py:925} INFO - DAG(s) 'tutorial_dag' retrieved from /home/sneha/spotify_airflow_project/venv/lib/python3.12/site-packages/airflow/example_dags/tutorial_dag.py
[2026-01-08T12:01:07.991+0530] {logging_mixin.py:190} INFO - [2026-01-08T12:01:07.991+0530] {dag.py:3239} INFO - Sync 1 DAGs
[2026-01-08T12:01:08.007+0530] {logging_mixin.py:190} INFO - [2026-01-08T12:01:08.007+0530] {dag.py:4180} INFO - Setting next_dagrun for tutorial_dag to None, run_after=None
[2026-01-08T12:01:08.036+0530] {processor.py:208} INFO - Processing /home/sneha/spotify_airflow_project/venv/lib/python3.12/site-packages/airflow/example_dags/tutorial_dag.py took 0.090 seconds
[2026-01-08T12:02:09.232+0530] {processor.py:186} INFO - Started process (PID=25171) to work on /home/sneha/spotify_airflow_project/venv/lib/python3.12/site-packages/airflow/example_dags/tutorial_dag.py
[2026-01-08T12:02:09.234+0530] {processor.py:914} INFO - Processing file /home/sneha/spotify_airflow_project/venv/lib/python3.12/site-packages/airflow/example_dags/tutorial_dag.py for tasks to queue
[2026-01-08T12:02:09.235+0530] {logging_mixin.py:190} INFO - [2026-01-08T12:02:09.235+0530] {dagbag.py:588} INFO - Filling up the DagBag from /home/sneha/spotify_airflow_project/venv/lib/python3.12/site-packages/airflow/example_dags/tutorial_dag.py
[2026-01-08T12:02:09.242+0530] {processor.py:925} INFO - DAG(s) 'tutorial_dag' retrieved from /home/sneha/spotify_airflow_project/venv/lib/python3.12/site-packages/airflow/example_dags/tutorial_dag.py
[2026-01-08T12:02:09.268+0530] {logging_mixin.py:190} INFO - [2026-01-08T12:02:09.267+0530] {dag.py:3239} INFO - Sync 1 DAGs
[2026-01-08T12:02:09.285+0530] {logging_mixin.py:190} INFO - [2026-01-08T12:02:09.285+0530] {dag.py:4180} INFO - Setting next_dagrun for tutorial_dag to None, run_after=None
[2026-01-08T12:02:09.314+0530] {processor.py:208} INFO - Processing /home/sneha/spotify_airflow_project/venv/lib/python3.12/site-packages/airflow/example_dags/tutorial_dag.py took 0.094 seconds
[2026-01-08T12:03:17.261+0530] {processor.py:186} INFO - Started process (PID=25242) to work on /home/sneha/spotify_airflow_project/venv/lib/python3.12/site-packages/airflow/example_dags/tutorial_dag.py
[2026-01-08T12:03:17.273+0530] {processor.py:914} INFO - Processing file /home/sneha/spotify_airflow_project/venv/lib/python3.12/site-packages/airflow/example_dags/tutorial_dag.py for tasks to queue
[2026-01-08T12:03:17.276+0530] {logging_mixin.py:190} INFO - [2026-01-08T12:03:17.275+0530] {dagbag.py:588} INFO - Filling up the DagBag from /home/sneha/spotify_airflow_project/venv/lib/python3.12/site-packages/airflow/example_dags/tutorial_dag.py
[2026-01-08T12:03:17.287+0530] {processor.py:925} INFO - DAG(s) 'tutorial_dag' retrieved from /home/sneha/spotify_airflow_project/venv/lib/python3.12/site-packages/airflow/example_dags/tutorial_dag.py
[2026-01-08T12:03:17.314+0530] {logging_mixin.py:190} INFO - [2026-01-08T12:03:17.314+0530] {dag.py:3239} INFO - Sync 1 DAGs
[2026-01-08T12:03:17.332+0530] {logging_mixin.py:190} INFO - [2026-01-08T12:03:17.332+0530] {dag.py:4180} INFO - Setting next_dagrun for tutorial_dag to None, run_after=None
[2026-01-08T12:03:17.360+0530] {processor.py:208} INFO - Processing /home/sneha/spotify_airflow_project/venv/lib/python3.12/site-packages/airflow/example_dags/tutorial_dag.py took 0.113 seconds
[2026-01-08T12:04:20.936+0530] {processor.py:186} INFO - Started process (PID=25329) to work on /home/sneha/spotify_airflow_project/venv/lib/python3.12/site-packages/airflow/example_dags/tutorial_dag.py
[2026-01-08T12:04:20.937+0530] {processor.py:914} INFO - Processing file /home/sneha/spotify_airflow_project/venv/lib/python3.12/site-packages/airflow/example_dags/tutorial_dag.py for tasks to queue
[2026-01-08T12:04:20.939+0530] {logging_mixin.py:190} INFO - [2026-01-08T12:04:20.938+0530] {dagbag.py:588} INFO - Filling up the DagBag from /home/sneha/spotify_airflow_project/venv/lib/python3.12/site-packages/airflow/example_dags/tutorial_dag.py
[2026-01-08T12:04:20.946+0530] {processor.py:925} INFO - DAG(s) 'tutorial_dag' retrieved from /home/sneha/spotify_airflow_project/venv/lib/python3.12/site-packages/airflow/example_dags/tutorial_dag.py
[2026-01-08T12:04:20.972+0530] {logging_mixin.py:190} INFO - [2026-01-08T12:04:20.971+0530] {dag.py:3239} INFO - Sync 1 DAGs
[2026-01-08T12:04:20.988+0530] {logging_mixin.py:190} INFO - [2026-01-08T12:04:20.988+0530] {dag.py:4180} INFO - Setting next_dagrun for tutorial_dag to None, run_after=None
[2026-01-08T12:04:21.016+0530] {processor.py:208} INFO - Processing /home/sneha/spotify_airflow_project/venv/lib/python3.12/site-packages/airflow/example_dags/tutorial_dag.py took 0.093 seconds
[2026-01-08T12:05:25.951+0530] {processor.py:186} INFO - Started process (PID=25405) to work on /home/sneha/spotify_airflow_project/venv/lib/python3.12/site-packages/airflow/example_dags/tutorial_dag.py
[2026-01-08T12:05:25.953+0530] {processor.py:914} INFO - Processing file /home/sneha/spotify_airflow_project/venv/lib/python3.12/site-packages/airflow/example_dags/tutorial_dag.py for tasks to queue
[2026-01-08T12:05:25.954+0530] {logging_mixin.py:190} INFO - [2026-01-08T12:05:25.954+0530] {dagbag.py:588} INFO - Filling up the DagBag from /home/sneha/spotify_airflow_project/venv/lib/python3.12/site-packages/airflow/example_dags/tutorial_dag.py
[2026-01-08T12:05:25.961+0530] {processor.py:925} INFO - DAG(s) 'tutorial_dag' retrieved from /home/sneha/spotify_airflow_project/venv/lib/python3.12/site-packages/airflow/example_dags/tutorial_dag.py
[2026-01-08T12:05:25.986+0530] {logging_mixin.py:190} INFO - [2026-01-08T12:05:25.986+0530] {dag.py:3239} INFO - Sync 1 DAGs
[2026-01-08T12:05:26.005+0530] {logging_mixin.py:190} INFO - [2026-01-08T12:05:26.005+0530] {dag.py:4180} INFO - Setting next_dagrun for tutorial_dag to None, run_after=None
[2026-01-08T12:05:26.035+0530] {processor.py:208} INFO - Processing /home/sneha/spotify_airflow_project/venv/lib/python3.12/site-packages/airflow/example_dags/tutorial_dag.py took 0.095 seconds
[2026-01-08T12:06:28.483+0530] {processor.py:186} INFO - Started process (PID=25469) to work on /home/sneha/spotify_airflow_project/venv/lib/python3.12/site-packages/airflow/example_dags/tutorial_dag.py
[2026-01-08T12:06:28.484+0530] {processor.py:914} INFO - Processing file /home/sneha/spotify_airflow_project/venv/lib/python3.12/site-packages/airflow/example_dags/tutorial_dag.py for tasks to queue
[2026-01-08T12:06:28.486+0530] {logging_mixin.py:190} INFO - [2026-01-08T12:06:28.485+0530] {dagbag.py:588} INFO - Filling up the DagBag from /home/sneha/spotify_airflow_project/venv/lib/python3.12/site-packages/airflow/example_dags/tutorial_dag.py
[2026-01-08T12:06:28.493+0530] {processor.py:925} INFO - DAG(s) 'tutorial_dag' retrieved from /home/sneha/spotify_airflow_project/venv/lib/python3.12/site-packages/airflow/example_dags/tutorial_dag.py
[2026-01-08T12:06:28.518+0530] {logging_mixin.py:190} INFO - [2026-01-08T12:06:28.518+0530] {dag.py:3239} INFO - Sync 1 DAGs
[2026-01-08T12:06:28.537+0530] {logging_mixin.py:190} INFO - [2026-01-08T12:06:28.536+0530] {dag.py:4180} INFO - Setting next_dagrun for tutorial_dag to None, run_after=None
[2026-01-08T12:06:28.565+0530] {processor.py:208} INFO - Processing /home/sneha/spotify_airflow_project/venv/lib/python3.12/site-packages/airflow/example_dags/tutorial_dag.py took 0.093 seconds
[2026-01-08T12:07:27.462+0530] {processor.py:186} INFO - Started process (PID=25529) to work on /home/sneha/spotify_airflow_project/venv/lib/python3.12/site-packages/airflow/example_dags/tutorial_dag.py
[2026-01-08T12:07:27.464+0530] {processor.py:914} INFO - Processing file /home/sneha/spotify_airflow_project/venv/lib/python3.12/site-packages/airflow/example_dags/tutorial_dag.py for tasks to queue
[2026-01-08T12:07:27.466+0530] {logging_mixin.py:190} INFO - [2026-01-08T12:07:27.465+0530] {dagbag.py:588} INFO - Filling up the DagBag from /home/sneha/spotify_airflow_project/venv/lib/python3.12/site-packages/airflow/example_dags/tutorial_dag.py
[2026-01-08T12:07:27.472+0530] {processor.py:925} INFO - DAG(s) 'tutorial_dag' retrieved from /home/sneha/spotify_airflow_project/venv/lib/python3.12/site-packages/airflow/example_dags/tutorial_dag.py
[2026-01-08T12:07:27.497+0530] {logging_mixin.py:190} INFO - [2026-01-08T12:07:27.496+0530] {dag.py:3239} INFO - Sync 1 DAGs
[2026-01-08T12:07:27.514+0530] {logging_mixin.py:190} INFO - [2026-01-08T12:07:27.513+0530] {dag.py:4180} INFO - Setting next_dagrun for tutorial_dag to None, run_after=None
[2026-01-08T12:07:27.542+0530] {processor.py:208} INFO - Processing /home/sneha/spotify_airflow_project/venv/lib/python3.12/site-packages/airflow/example_dags/tutorial_dag.py took 0.091 seconds
[2026-01-08T12:08:29.934+0530] {processor.py:186} INFO - Started process (PID=25618) to work on /home/sneha/spotify_airflow_project/venv/lib/python3.12/site-packages/airflow/example_dags/tutorial_dag.py
[2026-01-08T12:08:29.936+0530] {processor.py:914} INFO - Processing file /home/sneha/spotify_airflow_project/venv/lib/python3.12/site-packages/airflow/example_dags/tutorial_dag.py for tasks to queue
[2026-01-08T12:08:29.937+0530] {logging_mixin.py:190} INFO - [2026-01-08T12:08:29.937+0530] {dagbag.py:588} INFO - Filling up the DagBag from /home/sneha/spotify_airflow_project/venv/lib/python3.12/site-packages/airflow/example_dags/tutorial_dag.py
[2026-01-08T12:08:29.944+0530] {processor.py:925} INFO - DAG(s) 'tutorial_dag' retrieved from /home/sneha/spotify_airflow_project/venv/lib/python3.12/site-packages/airflow/example_dags/tutorial_dag.py
[2026-01-08T12:08:29.970+0530] {logging_mixin.py:190} INFO - [2026-01-08T12:08:29.970+0530] {dag.py:3239} INFO - Sync 1 DAGs
[2026-01-08T12:08:29.986+0530] {logging_mixin.py:190} INFO - [2026-01-08T12:08:29.986+0530] {dag.py:4180} INFO - Setting next_dagrun for tutorial_dag to None, run_after=None
[2026-01-08T12:08:30.014+0530] {processor.py:208} INFO - Processing /home/sneha/spotify_airflow_project/venv/lib/python3.12/site-packages/airflow/example_dags/tutorial_dag.py took 0.092 seconds
[2026-01-08T12:09:34.857+0530] {processor.py:186} INFO - Started process (PID=25681) to work on /home/sneha/spotify_airflow_project/venv/lib/python3.12/site-packages/airflow/example_dags/tutorial_dag.py
[2026-01-08T12:09:34.858+0530] {processor.py:914} INFO - Processing file /home/sneha/spotify_airflow_project/venv/lib/python3.12/site-packages/airflow/example_dags/tutorial_dag.py for tasks to queue
[2026-01-08T12:09:34.860+0530] {logging_mixin.py:190} INFO - [2026-01-08T12:09:34.860+0530] {dagbag.py:588} INFO - Filling up the DagBag from /home/sneha/spotify_airflow_project/venv/lib/python3.12/site-packages/airflow/example_dags/tutorial_dag.py
[2026-01-08T12:09:34.868+0530] {processor.py:925} INFO - DAG(s) 'tutorial_dag' retrieved from /home/sneha/spotify_airflow_project/venv/lib/python3.12/site-packages/airflow/example_dags/tutorial_dag.py
[2026-01-08T12:09:34.893+0530] {logging_mixin.py:190} INFO - [2026-01-08T12:09:34.893+0530] {dag.py:3239} INFO - Sync 1 DAGs
[2026-01-08T12:09:34.911+0530] {logging_mixin.py:190} INFO - [2026-01-08T12:09:34.911+0530] {dag.py:4180} INFO - Setting next_dagrun for tutorial_dag to None, run_after=None
[2026-01-08T12:09:34.938+0530] {processor.py:208} INFO - Processing /home/sneha/spotify_airflow_project/venv/lib/python3.12/site-packages/airflow/example_dags/tutorial_dag.py took 0.094 seconds
[2026-01-08T12:10:30.784+0530] {processor.py:186} INFO - Started process (PID=25745) to work on /home/sneha/spotify_airflow_project/venv/lib/python3.12/site-packages/airflow/example_dags/tutorial_dag.py
[2026-01-08T12:10:30.785+0530] {processor.py:914} INFO - Processing file /home/sneha/spotify_airflow_project/venv/lib/python3.12/site-packages/airflow/example_dags/tutorial_dag.py for tasks to queue
[2026-01-08T12:10:30.787+0530] {logging_mixin.py:190} INFO - [2026-01-08T12:10:30.787+0530] {dagbag.py:588} INFO - Filling up the DagBag from /home/sneha/spotify_airflow_project/venv/lib/python3.12/site-packages/airflow/example_dags/tutorial_dag.py
[2026-01-08T12:10:30.795+0530] {processor.py:925} INFO - DAG(s) 'tutorial_dag' retrieved from /home/sneha/spotify_airflow_project/venv/lib/python3.12/site-packages/airflow/example_dags/tutorial_dag.py
[2026-01-08T12:10:30.822+0530] {logging_mixin.py:190} INFO - [2026-01-08T12:10:30.822+0530] {dag.py:3239} INFO - Sync 1 DAGs
[2026-01-08T12:10:30.840+0530] {logging_mixin.py:190} INFO - [2026-01-08T12:10:30.839+0530] {dag.py:4180} INFO - Setting next_dagrun for tutorial_dag to None, run_after=None
[2026-01-08T12:10:30.867+0530] {processor.py:208} INFO - Processing /home/sneha/spotify_airflow_project/venv/lib/python3.12/site-packages/airflow/example_dags/tutorial_dag.py took 0.092 seconds
[2026-01-08T12:11:30.256+0530] {processor.py:186} INFO - Started process (PID=25804) to work on /home/sneha/spotify_airflow_project/venv/lib/python3.12/site-packages/airflow/example_dags/tutorial_dag.py
[2026-01-08T12:11:30.258+0530] {processor.py:914} INFO - Processing file /home/sneha/spotify_airflow_project/venv/lib/python3.12/site-packages/airflow/example_dags/tutorial_dag.py for tasks to queue
[2026-01-08T12:11:30.259+0530] {logging_mixin.py:190} INFO - [2026-01-08T12:11:30.259+0530] {dagbag.py:588} INFO - Filling up the DagBag from /home/sneha/spotify_airflow_project/venv/lib/python3.12/site-packages/airflow/example_dags/tutorial_dag.py
[2026-01-08T12:11:30.266+0530] {processor.py:925} INFO - DAG(s) 'tutorial_dag' retrieved from /home/sneha/spotify_airflow_project/venv/lib/python3.12/site-packages/airflow/example_dags/tutorial_dag.py
[2026-01-08T12:11:30.291+0530] {logging_mixin.py:190} INFO - [2026-01-08T12:11:30.291+0530] {dag.py:3239} INFO - Sync 1 DAGs
[2026-01-08T12:11:30.308+0530] {logging_mixin.py:190} INFO - [2026-01-08T12:11:30.308+0530] {dag.py:4180} INFO - Setting next_dagrun for tutorial_dag to None, run_after=None
[2026-01-08T12:11:30.335+0530] {processor.py:208} INFO - Processing /home/sneha/spotify_airflow_project/venv/lib/python3.12/site-packages/airflow/example_dags/tutorial_dag.py took 0.090 seconds
[2026-01-08T12:23:59.451+0530] {processor.py:186} INFO - Started process (PID=26041) to work on /home/sneha/spotify_airflow_project/venv/lib/python3.12/site-packages/airflow/example_dags/tutorial_dag.py
[2026-01-08T12:23:59.453+0530] {processor.py:914} INFO - Processing file /home/sneha/spotify_airflow_project/venv/lib/python3.12/site-packages/airflow/example_dags/tutorial_dag.py for tasks to queue
[2026-01-08T12:23:59.455+0530] {logging_mixin.py:190} INFO - [2026-01-08T12:23:59.454+0530] {dagbag.py:588} INFO - Filling up the DagBag from /home/sneha/spotify_airflow_project/venv/lib/python3.12/site-packages/airflow/example_dags/tutorial_dag.py
[2026-01-08T12:23:59.463+0530] {processor.py:925} INFO - DAG(s) 'tutorial_dag' retrieved from /home/sneha/spotify_airflow_project/venv/lib/python3.12/site-packages/airflow/example_dags/tutorial_dag.py
[2026-01-08T12:23:59.491+0530] {logging_mixin.py:190} INFO - [2026-01-08T12:23:59.490+0530] {dag.py:3239} INFO - Sync 1 DAGs
[2026-01-08T12:23:59.511+0530] {logging_mixin.py:190} INFO - [2026-01-08T12:23:59.510+0530] {dag.py:4180} INFO - Setting next_dagrun for tutorial_dag to None, run_after=None
[2026-01-08T12:23:59.543+0530] {processor.py:208} INFO - Processing /home/sneha/spotify_airflow_project/venv/lib/python3.12/site-packages/airflow/example_dags/tutorial_dag.py took 0.104 seconds
[2026-01-08T12:25:05.956+0530] {processor.py:186} INFO - Started process (PID=26281) to work on /home/sneha/spotify_airflow_project/venv/lib/python3.12/site-packages/airflow/example_dags/tutorial_dag.py
[2026-01-08T12:25:05.968+0530] {processor.py:914} INFO - Processing file /home/sneha/spotify_airflow_project/venv/lib/python3.12/site-packages/airflow/example_dags/tutorial_dag.py for tasks to queue
[2026-01-08T12:25:05.970+0530] {logging_mixin.py:190} INFO - [2026-01-08T12:25:05.969+0530] {dagbag.py:588} INFO - Filling up the DagBag from /home/sneha/spotify_airflow_project/venv/lib/python3.12/site-packages/airflow/example_dags/tutorial_dag.py
[2026-01-08T12:25:05.977+0530] {processor.py:925} INFO - DAG(s) 'tutorial_dag' retrieved from /home/sneha/spotify_airflow_project/venv/lib/python3.12/site-packages/airflow/example_dags/tutorial_dag.py
[2026-01-08T12:25:06.005+0530] {logging_mixin.py:190} INFO - [2026-01-08T12:25:06.005+0530] {dag.py:3239} INFO - Sync 1 DAGs
[2026-01-08T12:25:06.023+0530] {logging_mixin.py:190} INFO - [2026-01-08T12:25:06.022+0530] {dag.py:4180} INFO - Setting next_dagrun for tutorial_dag to None, run_after=None
[2026-01-08T12:25:06.052+0530] {processor.py:208} INFO - Processing /home/sneha/spotify_airflow_project/venv/lib/python3.12/site-packages/airflow/example_dags/tutorial_dag.py took 0.108 seconds
[2026-01-08T12:26:12.314+0530] {processor.py:186} INFO - Started process (PID=26347) to work on /home/sneha/spotify_airflow_project/venv/lib/python3.12/site-packages/airflow/example_dags/tutorial_dag.py
[2026-01-08T12:26:12.316+0530] {processor.py:914} INFO - Processing file /home/sneha/spotify_airflow_project/venv/lib/python3.12/site-packages/airflow/example_dags/tutorial_dag.py for tasks to queue
[2026-01-08T12:26:12.318+0530] {logging_mixin.py:190} INFO - [2026-01-08T12:26:12.317+0530] {dagbag.py:588} INFO - Filling up the DagBag from /home/sneha/spotify_airflow_project/venv/lib/python3.12/site-packages/airflow/example_dags/tutorial_dag.py
[2026-01-08T12:26:12.326+0530] {processor.py:925} INFO - DAG(s) 'tutorial_dag' retrieved from /home/sneha/spotify_airflow_project/venv/lib/python3.12/site-packages/airflow/example_dags/tutorial_dag.py
[2026-01-08T12:26:12.353+0530] {logging_mixin.py:190} INFO - [2026-01-08T12:26:12.353+0530] {dag.py:3239} INFO - Sync 1 DAGs
[2026-01-08T12:26:12.371+0530] {logging_mixin.py:190} INFO - [2026-01-08T12:26:12.371+0530] {dag.py:4180} INFO - Setting next_dagrun for tutorial_dag to None, run_after=None
[2026-01-08T12:26:12.401+0530] {processor.py:208} INFO - Processing /home/sneha/spotify_airflow_project/venv/lib/python3.12/site-packages/airflow/example_dags/tutorial_dag.py took 0.098 seconds
[2026-01-08T12:27:15.237+0530] {processor.py:186} INFO - Started process (PID=26409) to work on /home/sneha/spotify_airflow_project/venv/lib/python3.12/site-packages/airflow/example_dags/tutorial_dag.py
[2026-01-08T12:27:15.239+0530] {processor.py:914} INFO - Processing file /home/sneha/spotify_airflow_project/venv/lib/python3.12/site-packages/airflow/example_dags/tutorial_dag.py for tasks to queue
[2026-01-08T12:27:15.241+0530] {logging_mixin.py:190} INFO - [2026-01-08T12:27:15.240+0530] {dagbag.py:588} INFO - Filling up the DagBag from /home/sneha/spotify_airflow_project/venv/lib/python3.12/site-packages/airflow/example_dags/tutorial_dag.py
[2026-01-08T12:27:15.247+0530] {processor.py:925} INFO - DAG(s) 'tutorial_dag' retrieved from /home/sneha/spotify_airflow_project/venv/lib/python3.12/site-packages/airflow/example_dags/tutorial_dag.py
[2026-01-08T12:27:15.272+0530] {logging_mixin.py:190} INFO - [2026-01-08T12:27:15.271+0530] {dag.py:3239} INFO - Sync 1 DAGs
[2026-01-08T12:27:15.288+0530] {logging_mixin.py:190} INFO - [2026-01-08T12:27:15.287+0530] {dag.py:4180} INFO - Setting next_dagrun for tutorial_dag to None, run_after=None
[2026-01-08T12:27:15.315+0530] {processor.py:208} INFO - Processing /home/sneha/spotify_airflow_project/venv/lib/python3.12/site-packages/airflow/example_dags/tutorial_dag.py took 0.089 seconds
[2026-01-08T12:28:14.407+0530] {processor.py:186} INFO - Started process (PID=26469) to work on /home/sneha/spotify_airflow_project/venv/lib/python3.12/site-packages/airflow/example_dags/tutorial_dag.py
[2026-01-08T12:28:14.409+0530] {processor.py:914} INFO - Processing file /home/sneha/spotify_airflow_project/venv/lib/python3.12/site-packages/airflow/example_dags/tutorial_dag.py for tasks to queue
[2026-01-08T12:28:14.411+0530] {logging_mixin.py:190} INFO - [2026-01-08T12:28:14.410+0530] {dagbag.py:588} INFO - Filling up the DagBag from /home/sneha/spotify_airflow_project/venv/lib/python3.12/site-packages/airflow/example_dags/tutorial_dag.py
[2026-01-08T12:28:14.418+0530] {processor.py:925} INFO - DAG(s) 'tutorial_dag' retrieved from /home/sneha/spotify_airflow_project/venv/lib/python3.12/site-packages/airflow/example_dags/tutorial_dag.py
[2026-01-08T12:28:14.447+0530] {logging_mixin.py:190} INFO - [2026-01-08T12:28:14.447+0530] {dag.py:3239} INFO - Sync 1 DAGs
[2026-01-08T12:28:14.465+0530] {logging_mixin.py:190} INFO - [2026-01-08T12:28:14.465+0530] {dag.py:4180} INFO - Setting next_dagrun for tutorial_dag to None, run_after=None
[2026-01-08T12:28:14.494+0530] {processor.py:208} INFO - Processing /home/sneha/spotify_airflow_project/venv/lib/python3.12/site-packages/airflow/example_dags/tutorial_dag.py took 0.098 seconds
[2026-01-08T12:29:20.542+0530] {processor.py:186} INFO - Started process (PID=26536) to work on /home/sneha/spotify_airflow_project/venv/lib/python3.12/site-packages/airflow/example_dags/tutorial_dag.py
[2026-01-08T12:29:20.544+0530] {processor.py:914} INFO - Processing file /home/sneha/spotify_airflow_project/venv/lib/python3.12/site-packages/airflow/example_dags/tutorial_dag.py for tasks to queue
[2026-01-08T12:29:20.545+0530] {logging_mixin.py:190} INFO - [2026-01-08T12:29:20.545+0530] {dagbag.py:588} INFO - Filling up the DagBag from /home/sneha/spotify_airflow_project/venv/lib/python3.12/site-packages/airflow/example_dags/tutorial_dag.py
[2026-01-08T12:29:20.552+0530] {processor.py:925} INFO - DAG(s) 'tutorial_dag' retrieved from /home/sneha/spotify_airflow_project/venv/lib/python3.12/site-packages/airflow/example_dags/tutorial_dag.py
[2026-01-08T12:29:20.576+0530] {logging_mixin.py:190} INFO - [2026-01-08T12:29:20.576+0530] {dag.py:3239} INFO - Sync 1 DAGs
[2026-01-08T12:29:20.595+0530] {logging_mixin.py:190} INFO - [2026-01-08T12:29:20.594+0530] {dag.py:4180} INFO - Setting next_dagrun for tutorial_dag to None, run_after=None
[2026-01-08T12:29:20.623+0530] {processor.py:208} INFO - Processing /home/sneha/spotify_airflow_project/venv/lib/python3.12/site-packages/airflow/example_dags/tutorial_dag.py took 0.093 seconds
[2026-01-08T12:31:51.121+0530] {processor.py:186} INFO - Started process (PID=31186) to work on /home/sneha/spotify_airflow_project/venv/lib/python3.12/site-packages/airflow/example_dags/tutorial_dag.py
[2026-01-08T12:31:51.123+0530] {processor.py:914} INFO - Processing file /home/sneha/spotify_airflow_project/venv/lib/python3.12/site-packages/airflow/example_dags/tutorial_dag.py for tasks to queue
[2026-01-08T12:31:51.125+0530] {logging_mixin.py:190} INFO - [2026-01-08T12:31:51.124+0530] {dagbag.py:588} INFO - Filling up the DagBag from /home/sneha/spotify_airflow_project/venv/lib/python3.12/site-packages/airflow/example_dags/tutorial_dag.py
[2026-01-08T12:31:51.132+0530] {processor.py:925} INFO - DAG(s) 'tutorial_dag' retrieved from /home/sneha/spotify_airflow_project/venv/lib/python3.12/site-packages/airflow/example_dags/tutorial_dag.py
[2026-01-08T12:31:51.170+0530] {logging_mixin.py:190} INFO - [2026-01-08T12:31:51.169+0530] {dag.py:3239} INFO - Sync 1 DAGs
[2026-01-08T12:31:51.187+0530] {logging_mixin.py:190} INFO - [2026-01-08T12:31:51.187+0530] {dag.py:4180} INFO - Setting next_dagrun for tutorial_dag to None, run_after=None
[2026-01-08T12:31:51.221+0530] {processor.py:208} INFO - Processing /home/sneha/spotify_airflow_project/venv/lib/python3.12/site-packages/airflow/example_dags/tutorial_dag.py took 0.112 seconds
[2026-01-08T12:32:51.480+0530] {processor.py:186} INFO - Started process (PID=31247) to work on /home/sneha/spotify_airflow_project/venv/lib/python3.12/site-packages/airflow/example_dags/tutorial_dag.py
[2026-01-08T12:32:51.482+0530] {processor.py:914} INFO - Processing file /home/sneha/spotify_airflow_project/venv/lib/python3.12/site-packages/airflow/example_dags/tutorial_dag.py for tasks to queue
[2026-01-08T12:32:51.483+0530] {logging_mixin.py:190} INFO - [2026-01-08T12:32:51.483+0530] {dagbag.py:588} INFO - Filling up the DagBag from /home/sneha/spotify_airflow_project/venv/lib/python3.12/site-packages/airflow/example_dags/tutorial_dag.py
[2026-01-08T12:32:51.490+0530] {processor.py:925} INFO - DAG(s) 'tutorial_dag' retrieved from /home/sneha/spotify_airflow_project/venv/lib/python3.12/site-packages/airflow/example_dags/tutorial_dag.py
[2026-01-08T12:32:51.514+0530] {logging_mixin.py:190} INFO - [2026-01-08T12:32:51.514+0530] {dag.py:3239} INFO - Sync 1 DAGs
[2026-01-08T12:32:51.530+0530] {logging_mixin.py:190} INFO - [2026-01-08T12:32:51.530+0530] {dag.py:4180} INFO - Setting next_dagrun for tutorial_dag to None, run_after=None
[2026-01-08T12:32:51.559+0530] {processor.py:208} INFO - Processing /home/sneha/spotify_airflow_project/venv/lib/python3.12/site-packages/airflow/example_dags/tutorial_dag.py took 0.090 seconds
[2026-01-08T12:33:54.497+0530] {processor.py:186} INFO - Started process (PID=31309) to work on /home/sneha/spotify_airflow_project/venv/lib/python3.12/site-packages/airflow/example_dags/tutorial_dag.py
[2026-01-08T12:33:54.498+0530] {processor.py:914} INFO - Processing file /home/sneha/spotify_airflow_project/venv/lib/python3.12/site-packages/airflow/example_dags/tutorial_dag.py for tasks to queue
[2026-01-08T12:33:54.500+0530] {logging_mixin.py:190} INFO - [2026-01-08T12:33:54.499+0530] {dagbag.py:588} INFO - Filling up the DagBag from /home/sneha/spotify_airflow_project/venv/lib/python3.12/site-packages/airflow/example_dags/tutorial_dag.py
[2026-01-08T12:33:54.507+0530] {processor.py:925} INFO - DAG(s) 'tutorial_dag' retrieved from /home/sneha/spotify_airflow_project/venv/lib/python3.12/site-packages/airflow/example_dags/tutorial_dag.py
[2026-01-08T12:33:54.532+0530] {logging_mixin.py:190} INFO - [2026-01-08T12:33:54.531+0530] {dag.py:3239} INFO - Sync 1 DAGs
[2026-01-08T12:33:54.549+0530] {logging_mixin.py:190} INFO - [2026-01-08T12:33:54.549+0530] {dag.py:4180} INFO - Setting next_dagrun for tutorial_dag to None, run_after=None
[2026-01-08T12:33:54.577+0530] {processor.py:208} INFO - Processing /home/sneha/spotify_airflow_project/venv/lib/python3.12/site-packages/airflow/example_dags/tutorial_dag.py took 0.092 seconds
[2026-01-08T12:34:54.477+0530] {processor.py:186} INFO - Started process (PID=31396) to work on /home/sneha/spotify_airflow_project/venv/lib/python3.12/site-packages/airflow/example_dags/tutorial_dag.py
[2026-01-08T12:34:54.488+0530] {processor.py:914} INFO - Processing file /home/sneha/spotify_airflow_project/venv/lib/python3.12/site-packages/airflow/example_dags/tutorial_dag.py for tasks to queue
[2026-01-08T12:34:54.490+0530] {logging_mixin.py:190} INFO - [2026-01-08T12:34:54.489+0530] {dagbag.py:588} INFO - Filling up the DagBag from /home/sneha/spotify_airflow_project/venv/lib/python3.12/site-packages/airflow/example_dags/tutorial_dag.py
[2026-01-08T12:34:54.497+0530] {processor.py:925} INFO - DAG(s) 'tutorial_dag' retrieved from /home/sneha/spotify_airflow_project/venv/lib/python3.12/site-packages/airflow/example_dags/tutorial_dag.py
[2026-01-08T12:34:54.521+0530] {logging_mixin.py:190} INFO - [2026-01-08T12:34:54.521+0530] {dag.py:3239} INFO - Sync 1 DAGs
[2026-01-08T12:34:54.537+0530] {logging_mixin.py:190} INFO - [2026-01-08T12:34:54.537+0530] {dag.py:4180} INFO - Setting next_dagrun for tutorial_dag to None, run_after=None
[2026-01-08T12:34:54.564+0530] {processor.py:208} INFO - Processing /home/sneha/spotify_airflow_project/venv/lib/python3.12/site-packages/airflow/example_dags/tutorial_dag.py took 0.099 seconds
[2026-01-08T12:35:53.235+0530] {processor.py:186} INFO - Started process (PID=31462) to work on /home/sneha/spotify_airflow_project/venv/lib/python3.12/site-packages/airflow/example_dags/tutorial_dag.py
[2026-01-08T12:35:53.236+0530] {processor.py:914} INFO - Processing file /home/sneha/spotify_airflow_project/venv/lib/python3.12/site-packages/airflow/example_dags/tutorial_dag.py for tasks to queue
[2026-01-08T12:35:53.238+0530] {logging_mixin.py:190} INFO - [2026-01-08T12:35:53.237+0530] {dagbag.py:588} INFO - Filling up the DagBag from /home/sneha/spotify_airflow_project/venv/lib/python3.12/site-packages/airflow/example_dags/tutorial_dag.py
[2026-01-08T12:35:53.245+0530] {processor.py:925} INFO - DAG(s) 'tutorial_dag' retrieved from /home/sneha/spotify_airflow_project/venv/lib/python3.12/site-packages/airflow/example_dags/tutorial_dag.py
[2026-01-08T12:35:53.269+0530] {logging_mixin.py:190} INFO - [2026-01-08T12:35:53.268+0530] {dag.py:3239} INFO - Sync 1 DAGs
[2026-01-08T12:35:53.285+0530] {logging_mixin.py:190} INFO - [2026-01-08T12:35:53.284+0530] {dag.py:4180} INFO - Setting next_dagrun for tutorial_dag to None, run_after=None
[2026-01-08T12:35:53.312+0530] {processor.py:208} INFO - Processing /home/sneha/spotify_airflow_project/venv/lib/python3.12/site-packages/airflow/example_dags/tutorial_dag.py took 0.087 seconds
[2026-01-08T12:36:56.917+0530] {processor.py:186} INFO - Started process (PID=31524) to work on /home/sneha/spotify_airflow_project/venv/lib/python3.12/site-packages/airflow/example_dags/tutorial_dag.py
[2026-01-08T12:36:56.918+0530] {processor.py:914} INFO - Processing file /home/sneha/spotify_airflow_project/venv/lib/python3.12/site-packages/airflow/example_dags/tutorial_dag.py for tasks to queue
[2026-01-08T12:36:56.920+0530] {logging_mixin.py:190} INFO - [2026-01-08T12:36:56.920+0530] {dagbag.py:588} INFO - Filling up the DagBag from /home/sneha/spotify_airflow_project/venv/lib/python3.12/site-packages/airflow/example_dags/tutorial_dag.py
[2026-01-08T12:36:56.928+0530] {processor.py:925} INFO - DAG(s) 'tutorial_dag' retrieved from /home/sneha/spotify_airflow_project/venv/lib/python3.12/site-packages/airflow/example_dags/tutorial_dag.py
[2026-01-08T12:36:56.954+0530] {logging_mixin.py:190} INFO - [2026-01-08T12:36:56.954+0530] {dag.py:3239} INFO - Sync 1 DAGs
[2026-01-08T12:36:56.972+0530] {logging_mixin.py:190} INFO - [2026-01-08T12:36:56.972+0530] {dag.py:4180} INFO - Setting next_dagrun for tutorial_dag to None, run_after=None
[2026-01-08T12:36:57.001+0530] {processor.py:208} INFO - Processing /home/sneha/spotify_airflow_project/venv/lib/python3.12/site-packages/airflow/example_dags/tutorial_dag.py took 0.096 seconds
[2026-01-08T12:38:00.508+0530] {processor.py:186} INFO - Started process (PID=31586) to work on /home/sneha/spotify_airflow_project/venv/lib/python3.12/site-packages/airflow/example_dags/tutorial_dag.py
[2026-01-08T12:38:00.509+0530] {processor.py:914} INFO - Processing file /home/sneha/spotify_airflow_project/venv/lib/python3.12/site-packages/airflow/example_dags/tutorial_dag.py for tasks to queue
[2026-01-08T12:38:00.511+0530] {logging_mixin.py:190} INFO - [2026-01-08T12:38:00.511+0530] {dagbag.py:588} INFO - Filling up the DagBag from /home/sneha/spotify_airflow_project/venv/lib/python3.12/site-packages/airflow/example_dags/tutorial_dag.py
[2026-01-08T12:38:00.519+0530] {processor.py:925} INFO - DAG(s) 'tutorial_dag' retrieved from /home/sneha/spotify_airflow_project/venv/lib/python3.12/site-packages/airflow/example_dags/tutorial_dag.py
[2026-01-08T12:38:00.544+0530] {logging_mixin.py:190} INFO - [2026-01-08T12:38:00.544+0530] {dag.py:3239} INFO - Sync 1 DAGs
[2026-01-08T12:38:00.562+0530] {logging_mixin.py:190} INFO - [2026-01-08T12:38:00.561+0530] {dag.py:4180} INFO - Setting next_dagrun for tutorial_dag to None, run_after=None
[2026-01-08T12:38:00.590+0530] {processor.py:208} INFO - Processing /home/sneha/spotify_airflow_project/venv/lib/python3.12/site-packages/airflow/example_dags/tutorial_dag.py took 0.094 seconds
[2026-01-08T12:39:09.166+0530] {processor.py:186} INFO - Started process (PID=31649) to work on /home/sneha/spotify_airflow_project/venv/lib/python3.12/site-packages/airflow/example_dags/tutorial_dag.py
[2026-01-08T12:39:09.168+0530] {processor.py:914} INFO - Processing file /home/sneha/spotify_airflow_project/venv/lib/python3.12/site-packages/airflow/example_dags/tutorial_dag.py for tasks to queue
[2026-01-08T12:39:09.170+0530] {logging_mixin.py:190} INFO - [2026-01-08T12:39:09.169+0530] {dagbag.py:588} INFO - Filling up the DagBag from /home/sneha/spotify_airflow_project/venv/lib/python3.12/site-packages/airflow/example_dags/tutorial_dag.py
[2026-01-08T12:39:09.177+0530] {processor.py:925} INFO - DAG(s) 'tutorial_dag' retrieved from /home/sneha/spotify_airflow_project/venv/lib/python3.12/site-packages/airflow/example_dags/tutorial_dag.py
[2026-01-08T12:39:09.201+0530] {logging_mixin.py:190} INFO - [2026-01-08T12:39:09.201+0530] {dag.py:3239} INFO - Sync 1 DAGs
[2026-01-08T12:39:09.219+0530] {logging_mixin.py:190} INFO - [2026-01-08T12:39:09.218+0530] {dag.py:4180} INFO - Setting next_dagrun for tutorial_dag to None, run_after=None
[2026-01-08T12:39:09.450+0530] {processor.py:208} INFO - Processing /home/sneha/spotify_airflow_project/venv/lib/python3.12/site-packages/airflow/example_dags/tutorial_dag.py took 0.295 seconds
[2026-01-08T12:40:06.718+0530] {processor.py:186} INFO - Started process (PID=31738) to work on /home/sneha/spotify_airflow_project/venv/lib/python3.12/site-packages/airflow/example_dags/tutorial_dag.py
[2026-01-08T12:40:06.729+0530] {processor.py:914} INFO - Processing file /home/sneha/spotify_airflow_project/venv/lib/python3.12/site-packages/airflow/example_dags/tutorial_dag.py for tasks to queue
[2026-01-08T12:40:06.731+0530] {logging_mixin.py:190} INFO - [2026-01-08T12:40:06.730+0530] {dagbag.py:588} INFO - Filling up the DagBag from /home/sneha/spotify_airflow_project/venv/lib/python3.12/site-packages/airflow/example_dags/tutorial_dag.py
[2026-01-08T12:40:06.739+0530] {processor.py:925} INFO - DAG(s) 'tutorial_dag' retrieved from /home/sneha/spotify_airflow_project/venv/lib/python3.12/site-packages/airflow/example_dags/tutorial_dag.py
[2026-01-08T12:40:06.765+0530] {logging_mixin.py:190} INFO - [2026-01-08T12:40:06.765+0530] {dag.py:3239} INFO - Sync 1 DAGs
[2026-01-08T12:40:06.781+0530] {logging_mixin.py:190} INFO - [2026-01-08T12:40:06.781+0530] {dag.py:4180} INFO - Setting next_dagrun for tutorial_dag to None, run_after=None
[2026-01-08T12:40:06.809+0530] {processor.py:208} INFO - Processing /home/sneha/spotify_airflow_project/venv/lib/python3.12/site-packages/airflow/example_dags/tutorial_dag.py took 0.103 seconds
[2026-01-08T12:41:17.599+0530] {processor.py:186} INFO - Started process (PID=31805) to work on /home/sneha/spotify_airflow_project/venv/lib/python3.12/site-packages/airflow/example_dags/tutorial_dag.py
[2026-01-08T12:41:17.601+0530] {processor.py:914} INFO - Processing file /home/sneha/spotify_airflow_project/venv/lib/python3.12/site-packages/airflow/example_dags/tutorial_dag.py for tasks to queue
[2026-01-08T12:41:17.603+0530] {logging_mixin.py:190} INFO - [2026-01-08T12:41:17.602+0530] {dagbag.py:588} INFO - Filling up the DagBag from /home/sneha/spotify_airflow_project/venv/lib/python3.12/site-packages/airflow/example_dags/tutorial_dag.py
[2026-01-08T12:41:17.610+0530] {processor.py:925} INFO - DAG(s) 'tutorial_dag' retrieved from /home/sneha/spotify_airflow_project/venv/lib/python3.12/site-packages/airflow/example_dags/tutorial_dag.py
[2026-01-08T12:41:17.635+0530] {logging_mixin.py:190} INFO - [2026-01-08T12:41:17.635+0530] {dag.py:3239} INFO - Sync 1 DAGs
[2026-01-08T12:41:17.652+0530] {logging_mixin.py:190} INFO - [2026-01-08T12:41:17.652+0530] {dag.py:4180} INFO - Setting next_dagrun for tutorial_dag to None, run_after=None
[2026-01-08T12:41:17.680+0530] {processor.py:208} INFO - Processing /home/sneha/spotify_airflow_project/venv/lib/python3.12/site-packages/airflow/example_dags/tutorial_dag.py took 0.092 seconds
[2026-01-08T12:42:25.901+0530] {processor.py:186} INFO - Started process (PID=31870) to work on /home/sneha/spotify_airflow_project/venv/lib/python3.12/site-packages/airflow/example_dags/tutorial_dag.py
[2026-01-08T12:42:25.903+0530] {processor.py:914} INFO - Processing file /home/sneha/spotify_airflow_project/venv/lib/python3.12/site-packages/airflow/example_dags/tutorial_dag.py for tasks to queue
[2026-01-08T12:42:25.905+0530] {logging_mixin.py:190} INFO - [2026-01-08T12:42:25.904+0530] {dagbag.py:588} INFO - Filling up the DagBag from /home/sneha/spotify_airflow_project/venv/lib/python3.12/site-packages/airflow/example_dags/tutorial_dag.py
[2026-01-08T12:42:25.912+0530] {processor.py:925} INFO - DAG(s) 'tutorial_dag' retrieved from /home/sneha/spotify_airflow_project/venv/lib/python3.12/site-packages/airflow/example_dags/tutorial_dag.py
[2026-01-08T12:42:25.939+0530] {logging_mixin.py:190} INFO - [2026-01-08T12:42:25.939+0530] {dag.py:3239} INFO - Sync 1 DAGs
[2026-01-08T12:42:25.957+0530] {logging_mixin.py:190} INFO - [2026-01-08T12:42:25.956+0530] {dag.py:4180} INFO - Setting next_dagrun for tutorial_dag to None, run_after=None
[2026-01-08T12:42:25.985+0530] {processor.py:208} INFO - Processing /home/sneha/spotify_airflow_project/venv/lib/python3.12/site-packages/airflow/example_dags/tutorial_dag.py took 0.096 seconds
[2026-01-08T12:43:33.625+0530] {processor.py:186} INFO - Started process (PID=31935) to work on /home/sneha/spotify_airflow_project/venv/lib/python3.12/site-packages/airflow/example_dags/tutorial_dag.py
[2026-01-08T12:43:33.636+0530] {processor.py:914} INFO - Processing file /home/sneha/spotify_airflow_project/venv/lib/python3.12/site-packages/airflow/example_dags/tutorial_dag.py for tasks to queue
[2026-01-08T12:43:33.638+0530] {logging_mixin.py:190} INFO - [2026-01-08T12:43:33.637+0530] {dagbag.py:588} INFO - Filling up the DagBag from /home/sneha/spotify_airflow_project/venv/lib/python3.12/site-packages/airflow/example_dags/tutorial_dag.py
[2026-01-08T12:43:33.645+0530] {processor.py:925} INFO - DAG(s) 'tutorial_dag' retrieved from /home/sneha/spotify_airflow_project/venv/lib/python3.12/site-packages/airflow/example_dags/tutorial_dag.py
[2026-01-08T12:43:33.670+0530] {logging_mixin.py:190} INFO - [2026-01-08T12:43:33.669+0530] {dag.py:3239} INFO - Sync 1 DAGs
[2026-01-08T12:43:33.688+0530] {logging_mixin.py:190} INFO - [2026-01-08T12:43:33.687+0530] {dag.py:4180} INFO - Setting next_dagrun for tutorial_dag to None, run_after=None
[2026-01-08T12:43:33.933+0530] {processor.py:208} INFO - Processing /home/sneha/spotify_airflow_project/venv/lib/python3.12/site-packages/airflow/example_dags/tutorial_dag.py took 0.321 seconds
[2026-01-08T12:44:16.095+0530] {processor.py:186} INFO - Started process (PID=31971) to work on /home/sneha/spotify_airflow_project/venv/lib/python3.12/site-packages/airflow/example_dags/tutorial_dag.py
[2026-01-08T12:44:16.097+0530] {processor.py:914} INFO - Processing file /home/sneha/spotify_airflow_project/venv/lib/python3.12/site-packages/airflow/example_dags/tutorial_dag.py for tasks to queue
[2026-01-08T12:44:16.098+0530] {logging_mixin.py:190} INFO - [2026-01-08T12:44:16.098+0530] {dagbag.py:588} INFO - Filling up the DagBag from /home/sneha/spotify_airflow_project/venv/lib/python3.12/site-packages/airflow/example_dags/tutorial_dag.py
[2026-01-08T12:44:16.105+0530] {processor.py:925} INFO - DAG(s) 'tutorial_dag' retrieved from /home/sneha/spotify_airflow_project/venv/lib/python3.12/site-packages/airflow/example_dags/tutorial_dag.py
[2026-01-08T12:44:16.342+0530] {logging_mixin.py:190} INFO - [2026-01-08T12:44:16.342+0530] {dag.py:3239} INFO - Sync 1 DAGs
[2026-01-08T12:44:16.356+0530] {logging_mixin.py:190} INFO - [2026-01-08T12:44:16.355+0530] {dag.py:4180} INFO - Setting next_dagrun for tutorial_dag to None, run_after=None
[2026-01-08T12:44:16.381+0530] {processor.py:208} INFO - Processing /home/sneha/spotify_airflow_project/venv/lib/python3.12/site-packages/airflow/example_dags/tutorial_dag.py took 0.297 seconds
[2026-01-08T12:45:28.562+0530] {processor.py:186} INFO - Started process (PID=32068) to work on /home/sneha/spotify_airflow_project/venv/lib/python3.12/site-packages/airflow/example_dags/tutorial_dag.py
[2026-01-08T12:45:28.564+0530] {processor.py:914} INFO - Processing file /home/sneha/spotify_airflow_project/venv/lib/python3.12/site-packages/airflow/example_dags/tutorial_dag.py for tasks to queue
[2026-01-08T12:45:28.566+0530] {logging_mixin.py:190} INFO - [2026-01-08T12:45:28.565+0530] {dagbag.py:588} INFO - Filling up the DagBag from /home/sneha/spotify_airflow_project/venv/lib/python3.12/site-packages/airflow/example_dags/tutorial_dag.py
[2026-01-08T12:45:28.573+0530] {processor.py:925} INFO - DAG(s) 'tutorial_dag' retrieved from /home/sneha/spotify_airflow_project/venv/lib/python3.12/site-packages/airflow/example_dags/tutorial_dag.py
[2026-01-08T12:45:28.597+0530] {logging_mixin.py:190} INFO - [2026-01-08T12:45:28.597+0530] {dag.py:3239} INFO - Sync 1 DAGs
[2026-01-08T12:45:28.614+0530] {logging_mixin.py:190} INFO - [2026-01-08T12:45:28.614+0530] {dag.py:4180} INFO - Setting next_dagrun for tutorial_dag to None, run_after=None
[2026-01-08T12:45:28.641+0530] {processor.py:208} INFO - Processing /home/sneha/spotify_airflow_project/venv/lib/python3.12/site-packages/airflow/example_dags/tutorial_dag.py took 0.090 seconds
