[2026-01-08T11:18:46.993+0530] {processor.py:186} INFO - Started process (PID=12218) to work on /home/sneha/spotify_airflow_project/venv/lib/python3.12/site-packages/airflow/example_dags/tutorial_taskflow_api.py
[2026-01-08T11:18:46.994+0530] {processor.py:914} INFO - Processing file /home/sneha/spotify_airflow_project/venv/lib/python3.12/site-packages/airflow/example_dags/tutorial_taskflow_api.py for tasks to queue
[2026-01-08T11:18:46.996+0530] {logging_mixin.py:190} INFO - [2026-01-08T11:18:46.996+0530] {dagbag.py:588} INFO - Filling up the DagBag from /home/sneha/spotify_airflow_project/venv/lib/python3.12/site-packages/airflow/example_dags/tutorial_taskflow_api.py
[2026-01-08T11:18:47.006+0530] {processor.py:925} INFO - DAG(s) 'tutorial_taskflow_api' retrieved from /home/sneha/spotify_airflow_project/venv/lib/python3.12/site-packages/airflow/example_dags/tutorial_taskflow_api.py
[2026-01-08T11:18:47.040+0530] {logging_mixin.py:190} INFO - [2026-01-08T11:18:47.040+0530] {dag.py:3239} INFO - Sync 1 DAGs
[2026-01-08T11:18:47.059+0530] {logging_mixin.py:190} INFO - [2026-01-08T11:18:47.058+0530] {dag.py:4180} INFO - Setting next_dagrun for tutorial_taskflow_api to None, run_after=None
[2026-01-08T11:18:47.089+0530] {processor.py:208} INFO - Processing /home/sneha/spotify_airflow_project/venv/lib/python3.12/site-packages/airflow/example_dags/tutorial_taskflow_api.py took 0.107 seconds
[2026-01-08T11:19:47.446+0530] {processor.py:186} INFO - Started process (PID=12340) to work on /home/sneha/spotify_airflow_project/venv/lib/python3.12/site-packages/airflow/example_dags/tutorial_taskflow_api.py
[2026-01-08T11:19:47.448+0530] {processor.py:914} INFO - Processing file /home/sneha/spotify_airflow_project/venv/lib/python3.12/site-packages/airflow/example_dags/tutorial_taskflow_api.py for tasks to queue
[2026-01-08T11:19:47.450+0530] {logging_mixin.py:190} INFO - [2026-01-08T11:19:47.449+0530] {dagbag.py:588} INFO - Filling up the DagBag from /home/sneha/spotify_airflow_project/venv/lib/python3.12/site-packages/airflow/example_dags/tutorial_taskflow_api.py
[2026-01-08T11:19:47.459+0530] {processor.py:925} INFO - DAG(s) 'tutorial_taskflow_api' retrieved from /home/sneha/spotify_airflow_project/venv/lib/python3.12/site-packages/airflow/example_dags/tutorial_taskflow_api.py
[2026-01-08T11:19:47.487+0530] {logging_mixin.py:190} INFO - [2026-01-08T11:19:47.486+0530] {dag.py:3239} INFO - Sync 1 DAGs
[2026-01-08T11:19:47.505+0530] {logging_mixin.py:190} INFO - [2026-01-08T11:19:47.505+0530] {dag.py:4180} INFO - Setting next_dagrun for tutorial_taskflow_api to None, run_after=None
[2026-01-08T11:19:47.535+0530] {processor.py:208} INFO - Processing /home/sneha/spotify_airflow_project/venv/lib/python3.12/site-packages/airflow/example_dags/tutorial_taskflow_api.py took 0.102 seconds
[2026-01-08T11:20:51.452+0530] {processor.py:186} INFO - Started process (PID=12408) to work on /home/sneha/spotify_airflow_project/venv/lib/python3.12/site-packages/airflow/example_dags/tutorial_taskflow_api.py
[2026-01-08T11:20:51.454+0530] {processor.py:914} INFO - Processing file /home/sneha/spotify_airflow_project/venv/lib/python3.12/site-packages/airflow/example_dags/tutorial_taskflow_api.py for tasks to queue
[2026-01-08T11:20:51.456+0530] {logging_mixin.py:190} INFO - [2026-01-08T11:20:51.456+0530] {dagbag.py:588} INFO - Filling up the DagBag from /home/sneha/spotify_airflow_project/venv/lib/python3.12/site-packages/airflow/example_dags/tutorial_taskflow_api.py
[2026-01-08T11:20:51.468+0530] {processor.py:925} INFO - DAG(s) 'tutorial_taskflow_api' retrieved from /home/sneha/spotify_airflow_project/venv/lib/python3.12/site-packages/airflow/example_dags/tutorial_taskflow_api.py
[2026-01-08T11:20:51.501+0530] {logging_mixin.py:190} INFO - [2026-01-08T11:20:51.500+0530] {dag.py:3239} INFO - Sync 1 DAGs
[2026-01-08T11:20:51.524+0530] {logging_mixin.py:190} INFO - [2026-01-08T11:20:51.524+0530] {dag.py:4180} INFO - Setting next_dagrun for tutorial_taskflow_api to None, run_after=None
[2026-01-08T11:20:51.559+0530] {processor.py:208} INFO - Processing /home/sneha/spotify_airflow_project/venv/lib/python3.12/site-packages/airflow/example_dags/tutorial_taskflow_api.py took 0.119 seconds
[2026-01-08T11:23:21.586+0530] {processor.py:186} INFO - Started process (PID=17769) to work on /home/sneha/spotify_airflow_project/venv/lib/python3.12/site-packages/airflow/example_dags/tutorial_taskflow_api.py
[2026-01-08T11:23:21.588+0530] {processor.py:914} INFO - Processing file /home/sneha/spotify_airflow_project/venv/lib/python3.12/site-packages/airflow/example_dags/tutorial_taskflow_api.py for tasks to queue
[2026-01-08T11:23:21.589+0530] {logging_mixin.py:190} INFO - [2026-01-08T11:23:21.589+0530] {dagbag.py:588} INFO - Filling up the DagBag from /home/sneha/spotify_airflow_project/venv/lib/python3.12/site-packages/airflow/example_dags/tutorial_taskflow_api.py
[2026-01-08T11:23:21.598+0530] {processor.py:925} INFO - DAG(s) 'tutorial_taskflow_api' retrieved from /home/sneha/spotify_airflow_project/venv/lib/python3.12/site-packages/airflow/example_dags/tutorial_taskflow_api.py
[2026-01-08T11:23:21.635+0530] {logging_mixin.py:190} INFO - [2026-01-08T11:23:21.635+0530] {dag.py:3239} INFO - Sync 1 DAGs
[2026-01-08T11:23:21.653+0530] {logging_mixin.py:190} INFO - [2026-01-08T11:23:21.652+0530] {dag.py:4180} INFO - Setting next_dagrun for tutorial_taskflow_api to None, run_after=None
[2026-01-08T11:23:21.681+0530] {processor.py:208} INFO - Processing /home/sneha/spotify_airflow_project/venv/lib/python3.12/site-packages/airflow/example_dags/tutorial_taskflow_api.py took 0.108 seconds
[2026-01-08T11:24:22.000+0530] {processor.py:186} INFO - Started process (PID=17830) to work on /home/sneha/spotify_airflow_project/venv/lib/python3.12/site-packages/airflow/example_dags/tutorial_taskflow_api.py
[2026-01-08T11:24:22.002+0530] {processor.py:914} INFO - Processing file /home/sneha/spotify_airflow_project/venv/lib/python3.12/site-packages/airflow/example_dags/tutorial_taskflow_api.py for tasks to queue
[2026-01-08T11:24:22.004+0530] {logging_mixin.py:190} INFO - [2026-01-08T11:24:22.003+0530] {dagbag.py:588} INFO - Filling up the DagBag from /home/sneha/spotify_airflow_project/venv/lib/python3.12/site-packages/airflow/example_dags/tutorial_taskflow_api.py
[2026-01-08T11:24:22.012+0530] {processor.py:925} INFO - DAG(s) 'tutorial_taskflow_api' retrieved from /home/sneha/spotify_airflow_project/venv/lib/python3.12/site-packages/airflow/example_dags/tutorial_taskflow_api.py
[2026-01-08T11:24:22.037+0530] {logging_mixin.py:190} INFO - [2026-01-08T11:24:22.036+0530] {dag.py:3239} INFO - Sync 1 DAGs
[2026-01-08T11:24:22.053+0530] {logging_mixin.py:190} INFO - [2026-01-08T11:24:22.052+0530] {dag.py:4180} INFO - Setting next_dagrun for tutorial_taskflow_api to None, run_after=None
[2026-01-08T11:24:22.081+0530] {processor.py:208} INFO - Processing /home/sneha/spotify_airflow_project/venv/lib/python3.12/site-packages/airflow/example_dags/tutorial_taskflow_api.py took 0.092 seconds
[2026-01-08T11:25:25.746+0530] {processor.py:186} INFO - Started process (PID=17925) to work on /home/sneha/spotify_airflow_project/venv/lib/python3.12/site-packages/airflow/example_dags/tutorial_taskflow_api.py
[2026-01-08T11:25:25.750+0530] {processor.py:914} INFO - Processing file /home/sneha/spotify_airflow_project/venv/lib/python3.12/site-packages/airflow/example_dags/tutorial_taskflow_api.py for tasks to queue
[2026-01-08T11:25:25.752+0530] {logging_mixin.py:190} INFO - [2026-01-08T11:25:25.751+0530] {dagbag.py:588} INFO - Filling up the DagBag from /home/sneha/spotify_airflow_project/venv/lib/python3.12/site-packages/airflow/example_dags/tutorial_taskflow_api.py
[2026-01-08T11:25:25.761+0530] {processor.py:925} INFO - DAG(s) 'tutorial_taskflow_api' retrieved from /home/sneha/spotify_airflow_project/venv/lib/python3.12/site-packages/airflow/example_dags/tutorial_taskflow_api.py
[2026-01-08T11:25:25.787+0530] {logging_mixin.py:190} INFO - [2026-01-08T11:25:25.787+0530] {dag.py:3239} INFO - Sync 1 DAGs
[2026-01-08T11:25:25.806+0530] {logging_mixin.py:190} INFO - [2026-01-08T11:25:25.805+0530] {dag.py:4180} INFO - Setting next_dagrun for tutorial_taskflow_api to None, run_after=None
[2026-01-08T11:25:25.834+0530] {processor.py:208} INFO - Processing /home/sneha/spotify_airflow_project/venv/lib/python3.12/site-packages/airflow/example_dags/tutorial_taskflow_api.py took 0.101 seconds
[2026-01-08T11:26:28.596+0530] {processor.py:186} INFO - Started process (PID=17990) to work on /home/sneha/spotify_airflow_project/venv/lib/python3.12/site-packages/airflow/example_dags/tutorial_taskflow_api.py
[2026-01-08T11:26:28.598+0530] {processor.py:914} INFO - Processing file /home/sneha/spotify_airflow_project/venv/lib/python3.12/site-packages/airflow/example_dags/tutorial_taskflow_api.py for tasks to queue
[2026-01-08T11:26:28.600+0530] {logging_mixin.py:190} INFO - [2026-01-08T11:26:28.599+0530] {dagbag.py:588} INFO - Filling up the DagBag from /home/sneha/spotify_airflow_project/venv/lib/python3.12/site-packages/airflow/example_dags/tutorial_taskflow_api.py
[2026-01-08T11:26:28.608+0530] {processor.py:925} INFO - DAG(s) 'tutorial_taskflow_api' retrieved from /home/sneha/spotify_airflow_project/venv/lib/python3.12/site-packages/airflow/example_dags/tutorial_taskflow_api.py
[2026-01-08T11:26:28.635+0530] {logging_mixin.py:190} INFO - [2026-01-08T11:26:28.635+0530] {dag.py:3239} INFO - Sync 1 DAGs
[2026-01-08T11:26:28.654+0530] {logging_mixin.py:190} INFO - [2026-01-08T11:26:28.654+0530] {dag.py:4180} INFO - Setting next_dagrun for tutorial_taskflow_api to None, run_after=None
[2026-01-08T11:26:28.683+0530] {processor.py:208} INFO - Processing /home/sneha/spotify_airflow_project/venv/lib/python3.12/site-packages/airflow/example_dags/tutorial_taskflow_api.py took 0.095 seconds
[2026-01-08T11:27:04.189+0530] {processor.py:186} INFO - Started process (PID=18021) to work on /home/sneha/spotify_airflow_project/venv/lib/python3.12/site-packages/airflow/example_dags/tutorial_taskflow_api.py
[2026-01-08T11:27:04.191+0530] {processor.py:914} INFO - Processing file /home/sneha/spotify_airflow_project/venv/lib/python3.12/site-packages/airflow/example_dags/tutorial_taskflow_api.py for tasks to queue
[2026-01-08T11:27:04.192+0530] {logging_mixin.py:190} INFO - [2026-01-08T11:27:04.192+0530] {dagbag.py:588} INFO - Filling up the DagBag from /home/sneha/spotify_airflow_project/venv/lib/python3.12/site-packages/airflow/example_dags/tutorial_taskflow_api.py
[2026-01-08T11:27:04.201+0530] {processor.py:925} INFO - DAG(s) 'tutorial_taskflow_api' retrieved from /home/sneha/spotify_airflow_project/venv/lib/python3.12/site-packages/airflow/example_dags/tutorial_taskflow_api.py
[2026-01-08T11:27:04.225+0530] {logging_mixin.py:190} INFO - [2026-01-08T11:27:04.225+0530] {dag.py:3239} INFO - Sync 1 DAGs
[2026-01-08T11:27:04.242+0530] {logging_mixin.py:190} INFO - [2026-01-08T11:27:04.242+0530] {dag.py:4180} INFO - Setting next_dagrun for tutorial_taskflow_api to None, run_after=None
[2026-01-08T11:27:04.269+0530] {processor.py:208} INFO - Processing /home/sneha/spotify_airflow_project/venv/lib/python3.12/site-packages/airflow/example_dags/tutorial_taskflow_api.py took 0.092 seconds
[2026-01-08T11:28:03.737+0530] {processor.py:186} INFO - Started process (PID=18082) to work on /home/sneha/spotify_airflow_project/venv/lib/python3.12/site-packages/airflow/example_dags/tutorial_taskflow_api.py
[2026-01-08T11:28:03.739+0530] {processor.py:914} INFO - Processing file /home/sneha/spotify_airflow_project/venv/lib/python3.12/site-packages/airflow/example_dags/tutorial_taskflow_api.py for tasks to queue
[2026-01-08T11:28:03.741+0530] {logging_mixin.py:190} INFO - [2026-01-08T11:28:03.741+0530] {dagbag.py:588} INFO - Filling up the DagBag from /home/sneha/spotify_airflow_project/venv/lib/python3.12/site-packages/airflow/example_dags/tutorial_taskflow_api.py
[2026-01-08T11:28:03.751+0530] {processor.py:925} INFO - DAG(s) 'tutorial_taskflow_api' retrieved from /home/sneha/spotify_airflow_project/venv/lib/python3.12/site-packages/airflow/example_dags/tutorial_taskflow_api.py
[2026-01-08T11:28:03.778+0530] {logging_mixin.py:190} INFO - [2026-01-08T11:28:03.777+0530] {dag.py:3239} INFO - Sync 1 DAGs
[2026-01-08T11:28:03.796+0530] {logging_mixin.py:190} INFO - [2026-01-08T11:28:03.795+0530] {dag.py:4180} INFO - Setting next_dagrun for tutorial_taskflow_api to None, run_after=None
[2026-01-08T11:28:03.824+0530] {processor.py:208} INFO - Processing /home/sneha/spotify_airflow_project/venv/lib/python3.12/site-packages/airflow/example_dags/tutorial_taskflow_api.py took 0.099 seconds
[2026-01-08T11:29:02.866+0530] {processor.py:186} INFO - Started process (PID=18169) to work on /home/sneha/spotify_airflow_project/venv/lib/python3.12/site-packages/airflow/example_dags/tutorial_taskflow_api.py
[2026-01-08T11:29:02.868+0530] {processor.py:914} INFO - Processing file /home/sneha/spotify_airflow_project/venv/lib/python3.12/site-packages/airflow/example_dags/tutorial_taskflow_api.py for tasks to queue
[2026-01-08T11:29:02.870+0530] {logging_mixin.py:190} INFO - [2026-01-08T11:29:02.869+0530] {dagbag.py:588} INFO - Filling up the DagBag from /home/sneha/spotify_airflow_project/venv/lib/python3.12/site-packages/airflow/example_dags/tutorial_taskflow_api.py
[2026-01-08T11:29:02.878+0530] {processor.py:925} INFO - DAG(s) 'tutorial_taskflow_api' retrieved from /home/sneha/spotify_airflow_project/venv/lib/python3.12/site-packages/airflow/example_dags/tutorial_taskflow_api.py
[2026-01-08T11:29:02.903+0530] {logging_mixin.py:190} INFO - [2026-01-08T11:29:02.902+0530] {dag.py:3239} INFO - Sync 1 DAGs
[2026-01-08T11:29:02.919+0530] {logging_mixin.py:190} INFO - [2026-01-08T11:29:02.919+0530] {dag.py:4180} INFO - Setting next_dagrun for tutorial_taskflow_api to None, run_after=None
[2026-01-08T11:29:02.946+0530] {processor.py:208} INFO - Processing /home/sneha/spotify_airflow_project/venv/lib/python3.12/site-packages/airflow/example_dags/tutorial_taskflow_api.py took 0.091 seconds
[2026-01-08T11:31:47.874+0530] {processor.py:186} INFO - Started process (PID=22817) to work on /home/sneha/spotify_airflow_project/venv/lib/python3.12/site-packages/airflow/example_dags/tutorial_taskflow_api.py
[2026-01-08T11:31:47.875+0530] {processor.py:914} INFO - Processing file /home/sneha/spotify_airflow_project/venv/lib/python3.12/site-packages/airflow/example_dags/tutorial_taskflow_api.py for tasks to queue
[2026-01-08T11:31:47.877+0530] {logging_mixin.py:190} INFO - [2026-01-08T11:31:47.877+0530] {dagbag.py:588} INFO - Filling up the DagBag from /home/sneha/spotify_airflow_project/venv/lib/python3.12/site-packages/airflow/example_dags/tutorial_taskflow_api.py
[2026-01-08T11:31:47.886+0530] {processor.py:925} INFO - DAG(s) 'tutorial_taskflow_api' retrieved from /home/sneha/spotify_airflow_project/venv/lib/python3.12/site-packages/airflow/example_dags/tutorial_taskflow_api.py
[2026-01-08T11:31:47.924+0530] {logging_mixin.py:190} INFO - [2026-01-08T11:31:47.923+0530] {dag.py:3239} INFO - Sync 1 DAGs
[2026-01-08T11:31:47.941+0530] {logging_mixin.py:190} INFO - [2026-01-08T11:31:47.941+0530] {dag.py:4180} INFO - Setting next_dagrun for tutorial_taskflow_api to None, run_after=None
[2026-01-08T11:31:47.970+0530] {processor.py:208} INFO - Processing /home/sneha/spotify_airflow_project/venv/lib/python3.12/site-packages/airflow/example_dags/tutorial_taskflow_api.py took 0.108 seconds
[2026-01-08T11:32:49.210+0530] {processor.py:186} INFO - Started process (PID=22877) to work on /home/sneha/spotify_airflow_project/venv/lib/python3.12/site-packages/airflow/example_dags/tutorial_taskflow_api.py
[2026-01-08T11:32:49.212+0530] {processor.py:914} INFO - Processing file /home/sneha/spotify_airflow_project/venv/lib/python3.12/site-packages/airflow/example_dags/tutorial_taskflow_api.py for tasks to queue
[2026-01-08T11:32:49.214+0530] {logging_mixin.py:190} INFO - [2026-01-08T11:32:49.213+0530] {dagbag.py:588} INFO - Filling up the DagBag from /home/sneha/spotify_airflow_project/venv/lib/python3.12/site-packages/airflow/example_dags/tutorial_taskflow_api.py
[2026-01-08T11:32:49.222+0530] {processor.py:925} INFO - DAG(s) 'tutorial_taskflow_api' retrieved from /home/sneha/spotify_airflow_project/venv/lib/python3.12/site-packages/airflow/example_dags/tutorial_taskflow_api.py
[2026-01-08T11:32:49.246+0530] {logging_mixin.py:190} INFO - [2026-01-08T11:32:49.246+0530] {dag.py:3239} INFO - Sync 1 DAGs
[2026-01-08T11:32:49.263+0530] {logging_mixin.py:190} INFO - [2026-01-08T11:32:49.263+0530] {dag.py:4180} INFO - Setting next_dagrun for tutorial_taskflow_api to None, run_after=None
[2026-01-08T11:32:49.291+0530] {processor.py:208} INFO - Processing /home/sneha/spotify_airflow_project/venv/lib/python3.12/site-packages/airflow/example_dags/tutorial_taskflow_api.py took 0.092 seconds
[2026-01-08T11:33:47.843+0530] {processor.py:186} INFO - Started process (PID=22964) to work on /home/sneha/spotify_airflow_project/venv/lib/python3.12/site-packages/airflow/example_dags/tutorial_taskflow_api.py
[2026-01-08T11:33:47.844+0530] {processor.py:914} INFO - Processing file /home/sneha/spotify_airflow_project/venv/lib/python3.12/site-packages/airflow/example_dags/tutorial_taskflow_api.py for tasks to queue
[2026-01-08T11:33:47.846+0530] {logging_mixin.py:190} INFO - [2026-01-08T11:33:47.845+0530] {dagbag.py:588} INFO - Filling up the DagBag from /home/sneha/spotify_airflow_project/venv/lib/python3.12/site-packages/airflow/example_dags/tutorial_taskflow_api.py
[2026-01-08T11:33:47.855+0530] {processor.py:925} INFO - DAG(s) 'tutorial_taskflow_api' retrieved from /home/sneha/spotify_airflow_project/venv/lib/python3.12/site-packages/airflow/example_dags/tutorial_taskflow_api.py
[2026-01-08T11:33:47.880+0530] {logging_mixin.py:190} INFO - [2026-01-08T11:33:47.879+0530] {dag.py:3239} INFO - Sync 1 DAGs
[2026-01-08T11:33:47.896+0530] {logging_mixin.py:190} INFO - [2026-01-08T11:33:47.896+0530] {dag.py:4180} INFO - Setting next_dagrun for tutorial_taskflow_api to None, run_after=None
[2026-01-08T11:33:47.924+0530] {processor.py:208} INFO - Processing /home/sneha/spotify_airflow_project/venv/lib/python3.12/site-packages/airflow/example_dags/tutorial_taskflow_api.py took 0.093 seconds
[2026-01-08T11:34:45.438+0530] {processor.py:186} INFO - Started process (PID=23024) to work on /home/sneha/spotify_airflow_project/venv/lib/python3.12/site-packages/airflow/example_dags/tutorial_taskflow_api.py
[2026-01-08T11:34:45.449+0530] {processor.py:914} INFO - Processing file /home/sneha/spotify_airflow_project/venv/lib/python3.12/site-packages/airflow/example_dags/tutorial_taskflow_api.py for tasks to queue
[2026-01-08T11:34:45.452+0530] {logging_mixin.py:190} INFO - [2026-01-08T11:34:45.451+0530] {dagbag.py:588} INFO - Filling up the DagBag from /home/sneha/spotify_airflow_project/venv/lib/python3.12/site-packages/airflow/example_dags/tutorial_taskflow_api.py
[2026-01-08T11:34:45.462+0530] {processor.py:925} INFO - DAG(s) 'tutorial_taskflow_api' retrieved from /home/sneha/spotify_airflow_project/venv/lib/python3.12/site-packages/airflow/example_dags/tutorial_taskflow_api.py
[2026-01-08T11:34:45.493+0530] {logging_mixin.py:190} INFO - [2026-01-08T11:34:45.493+0530] {dag.py:3239} INFO - Sync 1 DAGs
[2026-01-08T11:34:45.515+0530] {logging_mixin.py:190} INFO - [2026-01-08T11:34:45.515+0530] {dag.py:4180} INFO - Setting next_dagrun for tutorial_taskflow_api to None, run_after=None
[2026-01-08T11:34:45.549+0530] {processor.py:208} INFO - Processing /home/sneha/spotify_airflow_project/venv/lib/python3.12/site-packages/airflow/example_dags/tutorial_taskflow_api.py took 0.123 seconds
[2026-01-08T11:35:47.138+0530] {processor.py:186} INFO - Started process (PID=23091) to work on /home/sneha/spotify_airflow_project/venv/lib/python3.12/site-packages/airflow/example_dags/tutorial_taskflow_api.py
[2026-01-08T11:35:47.139+0530] {processor.py:914} INFO - Processing file /home/sneha/spotify_airflow_project/venv/lib/python3.12/site-packages/airflow/example_dags/tutorial_taskflow_api.py for tasks to queue
[2026-01-08T11:35:47.141+0530] {logging_mixin.py:190} INFO - [2026-01-08T11:35:47.141+0530] {dagbag.py:588} INFO - Filling up the DagBag from /home/sneha/spotify_airflow_project/venv/lib/python3.12/site-packages/airflow/example_dags/tutorial_taskflow_api.py
[2026-01-08T11:35:47.150+0530] {processor.py:925} INFO - DAG(s) 'tutorial_taskflow_api' retrieved from /home/sneha/spotify_airflow_project/venv/lib/python3.12/site-packages/airflow/example_dags/tutorial_taskflow_api.py
[2026-01-08T11:35:47.175+0530] {logging_mixin.py:190} INFO - [2026-01-08T11:35:47.174+0530] {dag.py:3239} INFO - Sync 1 DAGs
[2026-01-08T11:35:47.192+0530] {logging_mixin.py:190} INFO - [2026-01-08T11:35:47.192+0530] {dag.py:4180} INFO - Setting next_dagrun for tutorial_taskflow_api to None, run_after=None
[2026-01-08T11:35:47.222+0530] {processor.py:208} INFO - Processing /home/sneha/spotify_airflow_project/venv/lib/python3.12/site-packages/airflow/example_dags/tutorial_taskflow_api.py took 0.095 seconds
[2026-01-08T11:36:46.762+0530] {processor.py:186} INFO - Started process (PID=23151) to work on /home/sneha/spotify_airflow_project/venv/lib/python3.12/site-packages/airflow/example_dags/tutorial_taskflow_api.py
[2026-01-08T11:36:46.763+0530] {processor.py:914} INFO - Processing file /home/sneha/spotify_airflow_project/venv/lib/python3.12/site-packages/airflow/example_dags/tutorial_taskflow_api.py for tasks to queue
[2026-01-08T11:36:46.765+0530] {logging_mixin.py:190} INFO - [2026-01-08T11:36:46.765+0530] {dagbag.py:588} INFO - Filling up the DagBag from /home/sneha/spotify_airflow_project/venv/lib/python3.12/site-packages/airflow/example_dags/tutorial_taskflow_api.py
[2026-01-08T11:36:46.774+0530] {processor.py:925} INFO - DAG(s) 'tutorial_taskflow_api' retrieved from /home/sneha/spotify_airflow_project/venv/lib/python3.12/site-packages/airflow/example_dags/tutorial_taskflow_api.py
[2026-01-08T11:36:46.798+0530] {logging_mixin.py:190} INFO - [2026-01-08T11:36:46.798+0530] {dag.py:3239} INFO - Sync 1 DAGs
[2026-01-08T11:36:46.816+0530] {logging_mixin.py:190} INFO - [2026-01-08T11:36:46.815+0530] {dag.py:4180} INFO - Setting next_dagrun for tutorial_taskflow_api to None, run_after=None
[2026-01-08T11:36:46.843+0530] {processor.py:208} INFO - Processing /home/sneha/spotify_airflow_project/venv/lib/python3.12/site-packages/airflow/example_dags/tutorial_taskflow_api.py took 0.093 seconds
[2026-01-08T11:37:51.423+0530] {processor.py:186} INFO - Started process (PID=23215) to work on /home/sneha/spotify_airflow_project/venv/lib/python3.12/site-packages/airflow/example_dags/tutorial_taskflow_api.py
[2026-01-08T11:37:51.425+0530] {processor.py:914} INFO - Processing file /home/sneha/spotify_airflow_project/venv/lib/python3.12/site-packages/airflow/example_dags/tutorial_taskflow_api.py for tasks to queue
[2026-01-08T11:37:51.427+0530] {logging_mixin.py:190} INFO - [2026-01-08T11:37:51.426+0530] {dagbag.py:588} INFO - Filling up the DagBag from /home/sneha/spotify_airflow_project/venv/lib/python3.12/site-packages/airflow/example_dags/tutorial_taskflow_api.py
[2026-01-08T11:37:51.435+0530] {processor.py:925} INFO - DAG(s) 'tutorial_taskflow_api' retrieved from /home/sneha/spotify_airflow_project/venv/lib/python3.12/site-packages/airflow/example_dags/tutorial_taskflow_api.py
[2026-01-08T11:37:51.460+0530] {logging_mixin.py:190} INFO - [2026-01-08T11:37:51.460+0530] {dag.py:3239} INFO - Sync 1 DAGs
[2026-01-08T11:37:51.478+0530] {logging_mixin.py:190} INFO - [2026-01-08T11:37:51.478+0530] {dag.py:4180} INFO - Setting next_dagrun for tutorial_taskflow_api to None, run_after=None
[2026-01-08T11:37:51.506+0530] {processor.py:208} INFO - Processing /home/sneha/spotify_airflow_project/venv/lib/python3.12/site-packages/airflow/example_dags/tutorial_taskflow_api.py took 0.094 seconds
[2026-01-08T11:38:57.593+0530] {processor.py:186} INFO - Started process (PID=23308) to work on /home/sneha/spotify_airflow_project/venv/lib/python3.12/site-packages/airflow/example_dags/tutorial_taskflow_api.py
[2026-01-08T11:38:57.595+0530] {processor.py:914} INFO - Processing file /home/sneha/spotify_airflow_project/venv/lib/python3.12/site-packages/airflow/example_dags/tutorial_taskflow_api.py for tasks to queue
[2026-01-08T11:38:57.597+0530] {logging_mixin.py:190} INFO - [2026-01-08T11:38:57.596+0530] {dagbag.py:588} INFO - Filling up the DagBag from /home/sneha/spotify_airflow_project/venv/lib/python3.12/site-packages/airflow/example_dags/tutorial_taskflow_api.py
[2026-01-08T11:38:57.606+0530] {processor.py:925} INFO - DAG(s) 'tutorial_taskflow_api' retrieved from /home/sneha/spotify_airflow_project/venv/lib/python3.12/site-packages/airflow/example_dags/tutorial_taskflow_api.py
[2026-01-08T11:38:57.631+0530] {logging_mixin.py:190} INFO - [2026-01-08T11:38:57.631+0530] {dag.py:3239} INFO - Sync 1 DAGs
[2026-01-08T11:38:57.647+0530] {logging_mixin.py:190} INFO - [2026-01-08T11:38:57.647+0530] {dag.py:4180} INFO - Setting next_dagrun for tutorial_taskflow_api to None, run_after=None
[2026-01-08T11:38:57.675+0530] {processor.py:208} INFO - Processing /home/sneha/spotify_airflow_project/venv/lib/python3.12/site-packages/airflow/example_dags/tutorial_taskflow_api.py took 0.093 seconds
[2026-01-08T11:40:00.124+0530] {processor.py:186} INFO - Started process (PID=23370) to work on /home/sneha/spotify_airflow_project/venv/lib/python3.12/site-packages/airflow/example_dags/tutorial_taskflow_api.py
[2026-01-08T11:40:00.135+0530] {processor.py:914} INFO - Processing file /home/sneha/spotify_airflow_project/venv/lib/python3.12/site-packages/airflow/example_dags/tutorial_taskflow_api.py for tasks to queue
[2026-01-08T11:40:00.137+0530] {logging_mixin.py:190} INFO - [2026-01-08T11:40:00.137+0530] {dagbag.py:588} INFO - Filling up the DagBag from /home/sneha/spotify_airflow_project/venv/lib/python3.12/site-packages/airflow/example_dags/tutorial_taskflow_api.py
[2026-01-08T11:40:00.146+0530] {processor.py:925} INFO - DAG(s) 'tutorial_taskflow_api' retrieved from /home/sneha/spotify_airflow_project/venv/lib/python3.12/site-packages/airflow/example_dags/tutorial_taskflow_api.py
[2026-01-08T11:40:00.169+0530] {logging_mixin.py:190} INFO - [2026-01-08T11:40:00.169+0530] {dag.py:3239} INFO - Sync 1 DAGs
[2026-01-08T11:40:00.187+0530] {logging_mixin.py:190} INFO - [2026-01-08T11:40:00.186+0530] {dag.py:4180} INFO - Setting next_dagrun for tutorial_taskflow_api to None, run_after=None
[2026-01-08T11:40:00.215+0530] {processor.py:208} INFO - Processing /home/sneha/spotify_airflow_project/venv/lib/python3.12/site-packages/airflow/example_dags/tutorial_taskflow_api.py took 0.103 seconds
[2026-01-08T11:41:04.305+0530] {processor.py:186} INFO - Started process (PID=23469) to work on /home/sneha/spotify_airflow_project/venv/lib/python3.12/site-packages/airflow/example_dags/tutorial_taskflow_api.py
[2026-01-08T11:41:04.306+0530] {processor.py:914} INFO - Processing file /home/sneha/spotify_airflow_project/venv/lib/python3.12/site-packages/airflow/example_dags/tutorial_taskflow_api.py for tasks to queue
[2026-01-08T11:41:04.308+0530] {logging_mixin.py:190} INFO - [2026-01-08T11:41:04.307+0530] {dagbag.py:588} INFO - Filling up the DagBag from /home/sneha/spotify_airflow_project/venv/lib/python3.12/site-packages/airflow/example_dags/tutorial_taskflow_api.py
[2026-01-08T11:41:04.316+0530] {processor.py:925} INFO - DAG(s) 'tutorial_taskflow_api' retrieved from /home/sneha/spotify_airflow_project/venv/lib/python3.12/site-packages/airflow/example_dags/tutorial_taskflow_api.py
[2026-01-08T11:41:04.342+0530] {logging_mixin.py:190} INFO - [2026-01-08T11:41:04.341+0530] {dag.py:3239} INFO - Sync 1 DAGs
[2026-01-08T11:41:04.359+0530] {logging_mixin.py:190} INFO - [2026-01-08T11:41:04.359+0530] {dag.py:4180} INFO - Setting next_dagrun for tutorial_taskflow_api to None, run_after=None
[2026-01-08T11:41:04.390+0530] {processor.py:208} INFO - Processing /home/sneha/spotify_airflow_project/venv/lib/python3.12/site-packages/airflow/example_dags/tutorial_taskflow_api.py took 0.097 seconds
[2026-01-08T11:42:06.924+0530] {processor.py:186} INFO - Started process (PID=23590) to work on /home/sneha/spotify_airflow_project/venv/lib/python3.12/site-packages/airflow/example_dags/tutorial_taskflow_api.py
[2026-01-08T11:42:06.926+0530] {processor.py:914} INFO - Processing file /home/sneha/spotify_airflow_project/venv/lib/python3.12/site-packages/airflow/example_dags/tutorial_taskflow_api.py for tasks to queue
[2026-01-08T11:42:06.928+0530] {logging_mixin.py:190} INFO - [2026-01-08T11:42:06.927+0530] {dagbag.py:588} INFO - Filling up the DagBag from /home/sneha/spotify_airflow_project/venv/lib/python3.12/site-packages/airflow/example_dags/tutorial_taskflow_api.py
[2026-01-08T11:42:06.936+0530] {processor.py:925} INFO - DAG(s) 'tutorial_taskflow_api' retrieved from /home/sneha/spotify_airflow_project/venv/lib/python3.12/site-packages/airflow/example_dags/tutorial_taskflow_api.py
[2026-01-08T11:42:06.959+0530] {logging_mixin.py:190} INFO - [2026-01-08T11:42:06.959+0530] {dag.py:3239} INFO - Sync 1 DAGs
[2026-01-08T11:42:06.977+0530] {logging_mixin.py:190} INFO - [2026-01-08T11:42:06.976+0530] {dag.py:4180} INFO - Setting next_dagrun for tutorial_taskflow_api to None, run_after=None
[2026-01-08T11:42:07.004+0530] {processor.py:208} INFO - Processing /home/sneha/spotify_airflow_project/venv/lib/python3.12/site-packages/airflow/example_dags/tutorial_taskflow_api.py took 0.092 seconds
[2026-01-08T11:43:15.101+0530] {processor.py:186} INFO - Started process (PID=23657) to work on /home/sneha/spotify_airflow_project/venv/lib/python3.12/site-packages/airflow/example_dags/tutorial_taskflow_api.py
[2026-01-08T11:43:15.112+0530] {processor.py:914} INFO - Processing file /home/sneha/spotify_airflow_project/venv/lib/python3.12/site-packages/airflow/example_dags/tutorial_taskflow_api.py for tasks to queue
[2026-01-08T11:43:15.114+0530] {logging_mixin.py:190} INFO - [2026-01-08T11:43:15.113+0530] {dagbag.py:588} INFO - Filling up the DagBag from /home/sneha/spotify_airflow_project/venv/lib/python3.12/site-packages/airflow/example_dags/tutorial_taskflow_api.py
[2026-01-08T11:43:15.123+0530] {processor.py:925} INFO - DAG(s) 'tutorial_taskflow_api' retrieved from /home/sneha/spotify_airflow_project/venv/lib/python3.12/site-packages/airflow/example_dags/tutorial_taskflow_api.py
[2026-01-08T11:43:15.147+0530] {logging_mixin.py:190} INFO - [2026-01-08T11:43:15.147+0530] {dag.py:3239} INFO - Sync 1 DAGs
[2026-01-08T11:43:15.163+0530] {logging_mixin.py:190} INFO - [2026-01-08T11:43:15.163+0530] {dag.py:4180} INFO - Setting next_dagrun for tutorial_taskflow_api to None, run_after=None
[2026-01-08T11:43:15.190+0530] {processor.py:208} INFO - Processing /home/sneha/spotify_airflow_project/venv/lib/python3.12/site-packages/airflow/example_dags/tutorial_taskflow_api.py took 0.098 seconds
[2026-01-08T11:44:20.797+0530] {processor.py:186} INFO - Started process (PID=23781) to work on /home/sneha/spotify_airflow_project/venv/lib/python3.12/site-packages/airflow/example_dags/tutorial_taskflow_api.py
[2026-01-08T11:44:20.800+0530] {processor.py:914} INFO - Processing file /home/sneha/spotify_airflow_project/venv/lib/python3.12/site-packages/airflow/example_dags/tutorial_taskflow_api.py for tasks to queue
[2026-01-08T11:44:20.803+0530] {logging_mixin.py:190} INFO - [2026-01-08T11:44:20.802+0530] {dagbag.py:588} INFO - Filling up the DagBag from /home/sneha/spotify_airflow_project/venv/lib/python3.12/site-packages/airflow/example_dags/tutorial_taskflow_api.py
[2026-01-08T11:44:20.813+0530] {processor.py:925} INFO - DAG(s) 'tutorial_taskflow_api' retrieved from /home/sneha/spotify_airflow_project/venv/lib/python3.12/site-packages/airflow/example_dags/tutorial_taskflow_api.py
[2026-01-08T11:44:20.841+0530] {logging_mixin.py:190} INFO - [2026-01-08T11:44:20.841+0530] {dag.py:3239} INFO - Sync 1 DAGs
[2026-01-08T11:44:20.860+0530] {logging_mixin.py:190} INFO - [2026-01-08T11:44:20.860+0530] {dag.py:4180} INFO - Setting next_dagrun for tutorial_taskflow_api to None, run_after=None
[2026-01-08T11:44:20.889+0530] {processor.py:208} INFO - Processing /home/sneha/spotify_airflow_project/venv/lib/python3.12/site-packages/airflow/example_dags/tutorial_taskflow_api.py took 0.109 seconds
[2026-01-08T11:45:26.187+0530] {processor.py:186} INFO - Started process (PID=24061) to work on /home/sneha/spotify_airflow_project/venv/lib/python3.12/site-packages/airflow/example_dags/tutorial_taskflow_api.py
[2026-01-08T11:45:26.189+0530] {processor.py:914} INFO - Processing file /home/sneha/spotify_airflow_project/venv/lib/python3.12/site-packages/airflow/example_dags/tutorial_taskflow_api.py for tasks to queue
[2026-01-08T11:45:26.190+0530] {logging_mixin.py:190} INFO - [2026-01-08T11:45:26.190+0530] {dagbag.py:588} INFO - Filling up the DagBag from /home/sneha/spotify_airflow_project/venv/lib/python3.12/site-packages/airflow/example_dags/tutorial_taskflow_api.py
[2026-01-08T11:45:26.199+0530] {processor.py:925} INFO - DAG(s) 'tutorial_taskflow_api' retrieved from /home/sneha/spotify_airflow_project/venv/lib/python3.12/site-packages/airflow/example_dags/tutorial_taskflow_api.py
[2026-01-08T11:45:26.224+0530] {logging_mixin.py:190} INFO - [2026-01-08T11:45:26.223+0530] {dag.py:3239} INFO - Sync 1 DAGs
[2026-01-08T11:45:26.242+0530] {logging_mixin.py:190} INFO - [2026-01-08T11:45:26.241+0530] {dag.py:4180} INFO - Setting next_dagrun for tutorial_taskflow_api to None, run_after=None
[2026-01-08T11:45:26.270+0530] {processor.py:208} INFO - Processing /home/sneha/spotify_airflow_project/venv/lib/python3.12/site-packages/airflow/example_dags/tutorial_taskflow_api.py took 0.094 seconds
[2026-01-08T11:46:29.983+0530] {processor.py:186} INFO - Started process (PID=24125) to work on /home/sneha/spotify_airflow_project/venv/lib/python3.12/site-packages/airflow/example_dags/tutorial_taskflow_api.py
[2026-01-08T11:46:29.985+0530] {processor.py:914} INFO - Processing file /home/sneha/spotify_airflow_project/venv/lib/python3.12/site-packages/airflow/example_dags/tutorial_taskflow_api.py for tasks to queue
[2026-01-08T11:46:29.986+0530] {logging_mixin.py:190} INFO - [2026-01-08T11:46:29.986+0530] {dagbag.py:588} INFO - Filling up the DagBag from /home/sneha/spotify_airflow_project/venv/lib/python3.12/site-packages/airflow/example_dags/tutorial_taskflow_api.py
[2026-01-08T11:46:29.995+0530] {processor.py:925} INFO - DAG(s) 'tutorial_taskflow_api' retrieved from /home/sneha/spotify_airflow_project/venv/lib/python3.12/site-packages/airflow/example_dags/tutorial_taskflow_api.py
[2026-01-08T11:46:30.018+0530] {logging_mixin.py:190} INFO - [2026-01-08T11:46:30.018+0530] {dag.py:3239} INFO - Sync 1 DAGs
[2026-01-08T11:46:30.035+0530] {logging_mixin.py:190} INFO - [2026-01-08T11:46:30.034+0530] {dag.py:4180} INFO - Setting next_dagrun for tutorial_taskflow_api to None, run_after=None
[2026-01-08T11:46:30.064+0530] {processor.py:208} INFO - Processing /home/sneha/spotify_airflow_project/venv/lib/python3.12/site-packages/airflow/example_dags/tutorial_taskflow_api.py took 0.092 seconds
[2026-01-08T11:47:35.429+0530] {processor.py:186} INFO - Started process (PID=24188) to work on /home/sneha/spotify_airflow_project/venv/lib/python3.12/site-packages/airflow/example_dags/tutorial_taskflow_api.py
[2026-01-08T11:47:35.430+0530] {processor.py:914} INFO - Processing file /home/sneha/spotify_airflow_project/venv/lib/python3.12/site-packages/airflow/example_dags/tutorial_taskflow_api.py for tasks to queue
[2026-01-08T11:47:35.432+0530] {logging_mixin.py:190} INFO - [2026-01-08T11:47:35.431+0530] {dagbag.py:588} INFO - Filling up the DagBag from /home/sneha/spotify_airflow_project/venv/lib/python3.12/site-packages/airflow/example_dags/tutorial_taskflow_api.py
[2026-01-08T11:47:35.440+0530] {processor.py:925} INFO - DAG(s) 'tutorial_taskflow_api' retrieved from /home/sneha/spotify_airflow_project/venv/lib/python3.12/site-packages/airflow/example_dags/tutorial_taskflow_api.py
[2026-01-08T11:47:35.465+0530] {logging_mixin.py:190} INFO - [2026-01-08T11:47:35.464+0530] {dag.py:3239} INFO - Sync 1 DAGs
[2026-01-08T11:47:35.483+0530] {logging_mixin.py:190} INFO - [2026-01-08T11:47:35.483+0530] {dag.py:4180} INFO - Setting next_dagrun for tutorial_taskflow_api to None, run_after=None
[2026-01-08T11:47:35.512+0530] {processor.py:208} INFO - Processing /home/sneha/spotify_airflow_project/venv/lib/python3.12/site-packages/airflow/example_dags/tutorial_taskflow_api.py took 0.095 seconds
[2026-01-08T11:48:36.714+0530] {processor.py:186} INFO - Started process (PID=24276) to work on /home/sneha/spotify_airflow_project/venv/lib/python3.12/site-packages/airflow/example_dags/tutorial_taskflow_api.py
[2026-01-08T11:48:36.725+0530] {processor.py:914} INFO - Processing file /home/sneha/spotify_airflow_project/venv/lib/python3.12/site-packages/airflow/example_dags/tutorial_taskflow_api.py for tasks to queue
[2026-01-08T11:48:36.728+0530] {logging_mixin.py:190} INFO - [2026-01-08T11:48:36.727+0530] {dagbag.py:588} INFO - Filling up the DagBag from /home/sneha/spotify_airflow_project/venv/lib/python3.12/site-packages/airflow/example_dags/tutorial_taskflow_api.py
[2026-01-08T11:48:36.739+0530] {processor.py:925} INFO - DAG(s) 'tutorial_taskflow_api' retrieved from /home/sneha/spotify_airflow_project/venv/lib/python3.12/site-packages/airflow/example_dags/tutorial_taskflow_api.py
[2026-01-08T11:48:36.766+0530] {logging_mixin.py:190} INFO - [2026-01-08T11:48:36.765+0530] {dag.py:3239} INFO - Sync 1 DAGs
[2026-01-08T11:48:36.784+0530] {logging_mixin.py:190} INFO - [2026-01-08T11:48:36.784+0530] {dag.py:4180} INFO - Setting next_dagrun for tutorial_taskflow_api to None, run_after=None
[2026-01-08T11:48:36.812+0530] {processor.py:208} INFO - Processing /home/sneha/spotify_airflow_project/venv/lib/python3.12/site-packages/airflow/example_dags/tutorial_taskflow_api.py took 0.109 seconds
[2026-01-08T11:49:39.830+0530] {processor.py:186} INFO - Started process (PID=24338) to work on /home/sneha/spotify_airflow_project/venv/lib/python3.12/site-packages/airflow/example_dags/tutorial_taskflow_api.py
[2026-01-08T11:49:39.832+0530] {processor.py:914} INFO - Processing file /home/sneha/spotify_airflow_project/venv/lib/python3.12/site-packages/airflow/example_dags/tutorial_taskflow_api.py for tasks to queue
[2026-01-08T11:49:39.834+0530] {logging_mixin.py:190} INFO - [2026-01-08T11:49:39.833+0530] {dagbag.py:588} INFO - Filling up the DagBag from /home/sneha/spotify_airflow_project/venv/lib/python3.12/site-packages/airflow/example_dags/tutorial_taskflow_api.py
[2026-01-08T11:49:39.843+0530] {processor.py:925} INFO - DAG(s) 'tutorial_taskflow_api' retrieved from /home/sneha/spotify_airflow_project/venv/lib/python3.12/site-packages/airflow/example_dags/tutorial_taskflow_api.py
[2026-01-08T11:49:39.869+0530] {logging_mixin.py:190} INFO - [2026-01-08T11:49:39.868+0530] {dag.py:3239} INFO - Sync 1 DAGs
[2026-01-08T11:49:39.887+0530] {logging_mixin.py:190} INFO - [2026-01-08T11:49:39.886+0530] {dag.py:4180} INFO - Setting next_dagrun for tutorial_taskflow_api to None, run_after=None
[2026-01-08T11:49:39.915+0530] {processor.py:208} INFO - Processing /home/sneha/spotify_airflow_project/venv/lib/python3.12/site-packages/airflow/example_dags/tutorial_taskflow_api.py took 0.097 seconds
[2026-01-08T11:50:46.114+0530] {processor.py:186} INFO - Started process (PID=24411) to work on /home/sneha/spotify_airflow_project/venv/lib/python3.12/site-packages/airflow/example_dags/tutorial_taskflow_api.py
[2026-01-08T11:50:46.115+0530] {processor.py:914} INFO - Processing file /home/sneha/spotify_airflow_project/venv/lib/python3.12/site-packages/airflow/example_dags/tutorial_taskflow_api.py for tasks to queue
[2026-01-08T11:50:46.117+0530] {logging_mixin.py:190} INFO - [2026-01-08T11:50:46.116+0530] {dagbag.py:588} INFO - Filling up the DagBag from /home/sneha/spotify_airflow_project/venv/lib/python3.12/site-packages/airflow/example_dags/tutorial_taskflow_api.py
[2026-01-08T11:50:46.126+0530] {processor.py:925} INFO - DAG(s) 'tutorial_taskflow_api' retrieved from /home/sneha/spotify_airflow_project/venv/lib/python3.12/site-packages/airflow/example_dags/tutorial_taskflow_api.py
[2026-01-08T11:50:46.153+0530] {logging_mixin.py:190} INFO - [2026-01-08T11:50:46.152+0530] {dag.py:3239} INFO - Sync 1 DAGs
[2026-01-08T11:50:46.171+0530] {logging_mixin.py:190} INFO - [2026-01-08T11:50:46.170+0530] {dag.py:4180} INFO - Setting next_dagrun for tutorial_taskflow_api to None, run_after=None
[2026-01-08T11:50:46.199+0530] {processor.py:208} INFO - Processing /home/sneha/spotify_airflow_project/venv/lib/python3.12/site-packages/airflow/example_dags/tutorial_taskflow_api.py took 0.098 seconds
[2026-01-08T11:51:47.258+0530] {processor.py:186} INFO - Started process (PID=24474) to work on /home/sneha/spotify_airflow_project/venv/lib/python3.12/site-packages/airflow/example_dags/tutorial_taskflow_api.py
[2026-01-08T11:51:47.269+0530] {processor.py:914} INFO - Processing file /home/sneha/spotify_airflow_project/venv/lib/python3.12/site-packages/airflow/example_dags/tutorial_taskflow_api.py for tasks to queue
[2026-01-08T11:51:47.271+0530] {logging_mixin.py:190} INFO - [2026-01-08T11:51:47.270+0530] {dagbag.py:588} INFO - Filling up the DagBag from /home/sneha/spotify_airflow_project/venv/lib/python3.12/site-packages/airflow/example_dags/tutorial_taskflow_api.py
[2026-01-08T11:51:47.280+0530] {processor.py:925} INFO - DAG(s) 'tutorial_taskflow_api' retrieved from /home/sneha/spotify_airflow_project/venv/lib/python3.12/site-packages/airflow/example_dags/tutorial_taskflow_api.py
[2026-01-08T11:51:47.307+0530] {logging_mixin.py:190} INFO - [2026-01-08T11:51:47.307+0530] {dag.py:3239} INFO - Sync 1 DAGs
[2026-01-08T11:51:47.325+0530] {logging_mixin.py:190} INFO - [2026-01-08T11:51:47.324+0530] {dag.py:4180} INFO - Setting next_dagrun for tutorial_taskflow_api to None, run_after=None
[2026-01-08T11:51:47.354+0530] {processor.py:208} INFO - Processing /home/sneha/spotify_airflow_project/venv/lib/python3.12/site-packages/airflow/example_dags/tutorial_taskflow_api.py took 0.109 seconds
[2026-01-08T11:52:51.038+0530] {processor.py:186} INFO - Started process (PID=24549) to work on /home/sneha/spotify_airflow_project/venv/lib/python3.12/site-packages/airflow/example_dags/tutorial_taskflow_api.py
[2026-01-08T11:52:51.039+0530] {processor.py:914} INFO - Processing file /home/sneha/spotify_airflow_project/venv/lib/python3.12/site-packages/airflow/example_dags/tutorial_taskflow_api.py for tasks to queue
[2026-01-08T11:52:51.041+0530] {logging_mixin.py:190} INFO - [2026-01-08T11:52:51.040+0530] {dagbag.py:588} INFO - Filling up the DagBag from /home/sneha/spotify_airflow_project/venv/lib/python3.12/site-packages/airflow/example_dags/tutorial_taskflow_api.py
[2026-01-08T11:52:51.049+0530] {processor.py:925} INFO - DAG(s) 'tutorial_taskflow_api' retrieved from /home/sneha/spotify_airflow_project/venv/lib/python3.12/site-packages/airflow/example_dags/tutorial_taskflow_api.py
[2026-01-08T11:52:51.073+0530] {logging_mixin.py:190} INFO - [2026-01-08T11:52:51.072+0530] {dag.py:3239} INFO - Sync 1 DAGs
[2026-01-08T11:52:51.092+0530] {logging_mixin.py:190} INFO - [2026-01-08T11:52:51.091+0530] {dag.py:4180} INFO - Setting next_dagrun for tutorial_taskflow_api to None, run_after=None
[2026-01-08T11:52:51.121+0530] {processor.py:208} INFO - Processing /home/sneha/spotify_airflow_project/venv/lib/python3.12/site-packages/airflow/example_dags/tutorial_taskflow_api.py took 0.094 seconds
[2026-01-08T11:53:54.495+0530] {processor.py:186} INFO - Started process (PID=24641) to work on /home/sneha/spotify_airflow_project/venv/lib/python3.12/site-packages/airflow/example_dags/tutorial_taskflow_api.py
[2026-01-08T11:53:54.496+0530] {processor.py:914} INFO - Processing file /home/sneha/spotify_airflow_project/venv/lib/python3.12/site-packages/airflow/example_dags/tutorial_taskflow_api.py for tasks to queue
[2026-01-08T11:53:54.498+0530] {logging_mixin.py:190} INFO - [2026-01-08T11:53:54.497+0530] {dagbag.py:588} INFO - Filling up the DagBag from /home/sneha/spotify_airflow_project/venv/lib/python3.12/site-packages/airflow/example_dags/tutorial_taskflow_api.py
[2026-01-08T11:53:54.506+0530] {processor.py:925} INFO - DAG(s) 'tutorial_taskflow_api' retrieved from /home/sneha/spotify_airflow_project/venv/lib/python3.12/site-packages/airflow/example_dags/tutorial_taskflow_api.py
[2026-01-08T11:53:54.531+0530] {logging_mixin.py:190} INFO - [2026-01-08T11:53:54.530+0530] {dag.py:3239} INFO - Sync 1 DAGs
[2026-01-08T11:53:54.549+0530] {logging_mixin.py:190} INFO - [2026-01-08T11:53:54.548+0530] {dag.py:4180} INFO - Setting next_dagrun for tutorial_taskflow_api to None, run_after=None
[2026-01-08T11:53:54.578+0530] {processor.py:208} INFO - Processing /home/sneha/spotify_airflow_project/venv/lib/python3.12/site-packages/airflow/example_dags/tutorial_taskflow_api.py took 0.092 seconds
[2026-01-08T11:54:54.776+0530] {processor.py:186} INFO - Started process (PID=24704) to work on /home/sneha/spotify_airflow_project/venv/lib/python3.12/site-packages/airflow/example_dags/tutorial_taskflow_api.py
[2026-01-08T11:54:54.777+0530] {processor.py:914} INFO - Processing file /home/sneha/spotify_airflow_project/venv/lib/python3.12/site-packages/airflow/example_dags/tutorial_taskflow_api.py for tasks to queue
[2026-01-08T11:54:54.779+0530] {logging_mixin.py:190} INFO - [2026-01-08T11:54:54.778+0530] {dagbag.py:588} INFO - Filling up the DagBag from /home/sneha/spotify_airflow_project/venv/lib/python3.12/site-packages/airflow/example_dags/tutorial_taskflow_api.py
[2026-01-08T11:54:54.787+0530] {processor.py:925} INFO - DAG(s) 'tutorial_taskflow_api' retrieved from /home/sneha/spotify_airflow_project/venv/lib/python3.12/site-packages/airflow/example_dags/tutorial_taskflow_api.py
[2026-01-08T11:54:54.811+0530] {logging_mixin.py:190} INFO - [2026-01-08T11:54:54.811+0530] {dag.py:3239} INFO - Sync 1 DAGs
[2026-01-08T11:54:54.827+0530] {logging_mixin.py:190} INFO - [2026-01-08T11:54:54.827+0530] {dag.py:4180} INFO - Setting next_dagrun for tutorial_taskflow_api to None, run_after=None
[2026-01-08T11:54:54.854+0530] {processor.py:208} INFO - Processing /home/sneha/spotify_airflow_project/venv/lib/python3.12/site-packages/airflow/example_dags/tutorial_taskflow_api.py took 0.090 seconds
[2026-01-08T11:55:59.476+0530] {processor.py:186} INFO - Started process (PID=24772) to work on /home/sneha/spotify_airflow_project/venv/lib/python3.12/site-packages/airflow/example_dags/tutorial_taskflow_api.py
[2026-01-08T11:55:59.478+0530] {processor.py:914} INFO - Processing file /home/sneha/spotify_airflow_project/venv/lib/python3.12/site-packages/airflow/example_dags/tutorial_taskflow_api.py for tasks to queue
[2026-01-08T11:55:59.479+0530] {logging_mixin.py:190} INFO - [2026-01-08T11:55:59.479+0530] {dagbag.py:588} INFO - Filling up the DagBag from /home/sneha/spotify_airflow_project/venv/lib/python3.12/site-packages/airflow/example_dags/tutorial_taskflow_api.py
[2026-01-08T11:55:59.488+0530] {processor.py:925} INFO - DAG(s) 'tutorial_taskflow_api' retrieved from /home/sneha/spotify_airflow_project/venv/lib/python3.12/site-packages/airflow/example_dags/tutorial_taskflow_api.py
[2026-01-08T11:55:59.514+0530] {logging_mixin.py:190} INFO - [2026-01-08T11:55:59.513+0530] {dag.py:3239} INFO - Sync 1 DAGs
[2026-01-08T11:55:59.532+0530] {logging_mixin.py:190} INFO - [2026-01-08T11:55:59.531+0530] {dag.py:4180} INFO - Setting next_dagrun for tutorial_taskflow_api to None, run_after=None
[2026-01-08T11:55:59.559+0530] {processor.py:208} INFO - Processing /home/sneha/spotify_airflow_project/venv/lib/python3.12/site-packages/airflow/example_dags/tutorial_taskflow_api.py took 0.095 seconds
[2026-01-08T11:57:02.501+0530] {processor.py:186} INFO - Started process (PID=24834) to work on /home/sneha/spotify_airflow_project/venv/lib/python3.12/site-packages/airflow/example_dags/tutorial_taskflow_api.py
[2026-01-08T11:57:02.503+0530] {processor.py:914} INFO - Processing file /home/sneha/spotify_airflow_project/venv/lib/python3.12/site-packages/airflow/example_dags/tutorial_taskflow_api.py for tasks to queue
[2026-01-08T11:57:02.505+0530] {logging_mixin.py:190} INFO - [2026-01-08T11:57:02.504+0530] {dagbag.py:588} INFO - Filling up the DagBag from /home/sneha/spotify_airflow_project/venv/lib/python3.12/site-packages/airflow/example_dags/tutorial_taskflow_api.py
[2026-01-08T11:57:02.513+0530] {processor.py:925} INFO - DAG(s) 'tutorial_taskflow_api' retrieved from /home/sneha/spotify_airflow_project/venv/lib/python3.12/site-packages/airflow/example_dags/tutorial_taskflow_api.py
[2026-01-08T11:57:02.537+0530] {logging_mixin.py:190} INFO - [2026-01-08T11:57:02.537+0530] {dag.py:3239} INFO - Sync 1 DAGs
[2026-01-08T11:57:02.555+0530] {logging_mixin.py:190} INFO - [2026-01-08T11:57:02.555+0530] {dag.py:4180} INFO - Setting next_dagrun for tutorial_taskflow_api to None, run_after=None
[2026-01-08T11:57:02.583+0530] {processor.py:208} INFO - Processing /home/sneha/spotify_airflow_project/venv/lib/python3.12/site-packages/airflow/example_dags/tutorial_taskflow_api.py took 0.092 seconds
[2026-01-08T11:58:01.517+0530] {processor.py:186} INFO - Started process (PID=24895) to work on /home/sneha/spotify_airflow_project/venv/lib/python3.12/site-packages/airflow/example_dags/tutorial_taskflow_api.py
[2026-01-08T11:58:01.519+0530] {processor.py:914} INFO - Processing file /home/sneha/spotify_airflow_project/venv/lib/python3.12/site-packages/airflow/example_dags/tutorial_taskflow_api.py for tasks to queue
[2026-01-08T11:58:01.521+0530] {logging_mixin.py:190} INFO - [2026-01-08T11:58:01.520+0530] {dagbag.py:588} INFO - Filling up the DagBag from /home/sneha/spotify_airflow_project/venv/lib/python3.12/site-packages/airflow/example_dags/tutorial_taskflow_api.py
[2026-01-08T11:58:01.529+0530] {processor.py:925} INFO - DAG(s) 'tutorial_taskflow_api' retrieved from /home/sneha/spotify_airflow_project/venv/lib/python3.12/site-packages/airflow/example_dags/tutorial_taskflow_api.py
[2026-01-08T11:58:01.554+0530] {logging_mixin.py:190} INFO - [2026-01-08T11:58:01.554+0530] {dag.py:3239} INFO - Sync 1 DAGs
[2026-01-08T11:58:01.572+0530] {logging_mixin.py:190} INFO - [2026-01-08T11:58:01.571+0530] {dag.py:4180} INFO - Setting next_dagrun for tutorial_taskflow_api to None, run_after=None
[2026-01-08T11:58:01.599+0530] {processor.py:208} INFO - Processing /home/sneha/spotify_airflow_project/venv/lib/python3.12/site-packages/airflow/example_dags/tutorial_taskflow_api.py took 0.094 seconds
[2026-01-08T11:59:00.613+0530] {processor.py:186} INFO - Started process (PID=24982) to work on /home/sneha/spotify_airflow_project/venv/lib/python3.12/site-packages/airflow/example_dags/tutorial_taskflow_api.py
[2026-01-08T11:59:00.614+0530] {processor.py:914} INFO - Processing file /home/sneha/spotify_airflow_project/venv/lib/python3.12/site-packages/airflow/example_dags/tutorial_taskflow_api.py for tasks to queue
[2026-01-08T11:59:00.616+0530] {logging_mixin.py:190} INFO - [2026-01-08T11:59:00.615+0530] {dagbag.py:588} INFO - Filling up the DagBag from /home/sneha/spotify_airflow_project/venv/lib/python3.12/site-packages/airflow/example_dags/tutorial_taskflow_api.py
[2026-01-08T11:59:00.624+0530] {processor.py:925} INFO - DAG(s) 'tutorial_taskflow_api' retrieved from /home/sneha/spotify_airflow_project/venv/lib/python3.12/site-packages/airflow/example_dags/tutorial_taskflow_api.py
[2026-01-08T11:59:00.648+0530] {logging_mixin.py:190} INFO - [2026-01-08T11:59:00.647+0530] {dag.py:3239} INFO - Sync 1 DAGs
[2026-01-08T11:59:00.665+0530] {logging_mixin.py:190} INFO - [2026-01-08T11:59:00.664+0530] {dag.py:4180} INFO - Setting next_dagrun for tutorial_taskflow_api to None, run_after=None
[2026-01-08T11:59:00.691+0530] {processor.py:208} INFO - Processing /home/sneha/spotify_airflow_project/venv/lib/python3.12/site-packages/airflow/example_dags/tutorial_taskflow_api.py took 0.089 seconds
[2026-01-08T12:00:00.569+0530] {processor.py:186} INFO - Started process (PID=25042) to work on /home/sneha/spotify_airflow_project/venv/lib/python3.12/site-packages/airflow/example_dags/tutorial_taskflow_api.py
[2026-01-08T12:00:00.571+0530] {processor.py:914} INFO - Processing file /home/sneha/spotify_airflow_project/venv/lib/python3.12/site-packages/airflow/example_dags/tutorial_taskflow_api.py for tasks to queue
[2026-01-08T12:00:00.572+0530] {logging_mixin.py:190} INFO - [2026-01-08T12:00:00.572+0530] {dagbag.py:588} INFO - Filling up the DagBag from /home/sneha/spotify_airflow_project/venv/lib/python3.12/site-packages/airflow/example_dags/tutorial_taskflow_api.py
[2026-01-08T12:00:00.580+0530] {processor.py:925} INFO - DAG(s) 'tutorial_taskflow_api' retrieved from /home/sneha/spotify_airflow_project/venv/lib/python3.12/site-packages/airflow/example_dags/tutorial_taskflow_api.py
[2026-01-08T12:00:00.607+0530] {logging_mixin.py:190} INFO - [2026-01-08T12:00:00.606+0530] {dag.py:3239} INFO - Sync 1 DAGs
[2026-01-08T12:00:00.624+0530] {logging_mixin.py:190} INFO - [2026-01-08T12:00:00.624+0530] {dag.py:4180} INFO - Setting next_dagrun for tutorial_taskflow_api to None, run_after=None
[2026-01-08T12:00:00.653+0530] {processor.py:208} INFO - Processing /home/sneha/spotify_airflow_project/venv/lib/python3.12/site-packages/airflow/example_dags/tutorial_taskflow_api.py took 0.095 seconds
[2026-01-08T12:01:04.391+0530] {processor.py:186} INFO - Started process (PID=25105) to work on /home/sneha/spotify_airflow_project/venv/lib/python3.12/site-packages/airflow/example_dags/tutorial_taskflow_api.py
[2026-01-08T12:01:04.393+0530] {processor.py:914} INFO - Processing file /home/sneha/spotify_airflow_project/venv/lib/python3.12/site-packages/airflow/example_dags/tutorial_taskflow_api.py for tasks to queue
[2026-01-08T12:01:04.395+0530] {logging_mixin.py:190} INFO - [2026-01-08T12:01:04.394+0530] {dagbag.py:588} INFO - Filling up the DagBag from /home/sneha/spotify_airflow_project/venv/lib/python3.12/site-packages/airflow/example_dags/tutorial_taskflow_api.py
[2026-01-08T12:01:04.403+0530] {processor.py:925} INFO - DAG(s) 'tutorial_taskflow_api' retrieved from /home/sneha/spotify_airflow_project/venv/lib/python3.12/site-packages/airflow/example_dags/tutorial_taskflow_api.py
[2026-01-08T12:01:04.430+0530] {logging_mixin.py:190} INFO - [2026-01-08T12:01:04.430+0530] {dag.py:3239} INFO - Sync 1 DAGs
[2026-01-08T12:01:04.448+0530] {logging_mixin.py:190} INFO - [2026-01-08T12:01:04.448+0530] {dag.py:4180} INFO - Setting next_dagrun for tutorial_taskflow_api to None, run_after=None
[2026-01-08T12:01:04.477+0530] {processor.py:208} INFO - Processing /home/sneha/spotify_airflow_project/venv/lib/python3.12/site-packages/airflow/example_dags/tutorial_taskflow_api.py took 0.098 seconds
[2026-01-08T12:02:05.958+0530] {processor.py:186} INFO - Started process (PID=25166) to work on /home/sneha/spotify_airflow_project/venv/lib/python3.12/site-packages/airflow/example_dags/tutorial_taskflow_api.py
[2026-01-08T12:02:05.960+0530] {processor.py:914} INFO - Processing file /home/sneha/spotify_airflow_project/venv/lib/python3.12/site-packages/airflow/example_dags/tutorial_taskflow_api.py for tasks to queue
[2026-01-08T12:02:05.961+0530] {logging_mixin.py:190} INFO - [2026-01-08T12:02:05.961+0530] {dagbag.py:588} INFO - Filling up the DagBag from /home/sneha/spotify_airflow_project/venv/lib/python3.12/site-packages/airflow/example_dags/tutorial_taskflow_api.py
[2026-01-08T12:02:05.970+0530] {processor.py:925} INFO - DAG(s) 'tutorial_taskflow_api' retrieved from /home/sneha/spotify_airflow_project/venv/lib/python3.12/site-packages/airflow/example_dags/tutorial_taskflow_api.py
[2026-01-08T12:02:05.994+0530] {logging_mixin.py:190} INFO - [2026-01-08T12:02:05.994+0530] {dag.py:3239} INFO - Sync 1 DAGs
[2026-01-08T12:02:06.011+0530] {logging_mixin.py:190} INFO - [2026-01-08T12:02:06.011+0530] {dag.py:4180} INFO - Setting next_dagrun for tutorial_taskflow_api to None, run_after=None
[2026-01-08T12:02:06.037+0530] {processor.py:208} INFO - Processing /home/sneha/spotify_airflow_project/venv/lib/python3.12/site-packages/airflow/example_dags/tutorial_taskflow_api.py took 0.090 seconds
[2026-01-08T12:03:12.821+0530] {processor.py:186} INFO - Started process (PID=25234) to work on /home/sneha/spotify_airflow_project/venv/lib/python3.12/site-packages/airflow/example_dags/tutorial_taskflow_api.py
[2026-01-08T12:03:12.823+0530] {processor.py:914} INFO - Processing file /home/sneha/spotify_airflow_project/venv/lib/python3.12/site-packages/airflow/example_dags/tutorial_taskflow_api.py for tasks to queue
[2026-01-08T12:03:12.825+0530] {logging_mixin.py:190} INFO - [2026-01-08T12:03:12.825+0530] {dagbag.py:588} INFO - Filling up the DagBag from /home/sneha/spotify_airflow_project/venv/lib/python3.12/site-packages/airflow/example_dags/tutorial_taskflow_api.py
[2026-01-08T12:03:12.837+0530] {processor.py:925} INFO - DAG(s) 'tutorial_taskflow_api' retrieved from /home/sneha/spotify_airflow_project/venv/lib/python3.12/site-packages/airflow/example_dags/tutorial_taskflow_api.py
[2026-01-08T12:03:12.861+0530] {logging_mixin.py:190} INFO - [2026-01-08T12:03:12.861+0530] {dag.py:3239} INFO - Sync 1 DAGs
[2026-01-08T12:03:12.879+0530] {logging_mixin.py:190} INFO - [2026-01-08T12:03:12.878+0530] {dag.py:4180} INFO - Setting next_dagrun for tutorial_taskflow_api to None, run_after=None
[2026-01-08T12:03:12.907+0530] {processor.py:208} INFO - Processing /home/sneha/spotify_airflow_project/venv/lib/python3.12/site-packages/airflow/example_dags/tutorial_taskflow_api.py took 0.098 seconds
[2026-01-08T12:04:16.837+0530] {processor.py:186} INFO - Started process (PID=25325) to work on /home/sneha/spotify_airflow_project/venv/lib/python3.12/site-packages/airflow/example_dags/tutorial_taskflow_api.py
[2026-01-08T12:04:16.848+0530] {processor.py:914} INFO - Processing file /home/sneha/spotify_airflow_project/venv/lib/python3.12/site-packages/airflow/example_dags/tutorial_taskflow_api.py for tasks to queue
[2026-01-08T12:04:16.850+0530] {logging_mixin.py:190} INFO - [2026-01-08T12:04:16.849+0530] {dagbag.py:588} INFO - Filling up the DagBag from /home/sneha/spotify_airflow_project/venv/lib/python3.12/site-packages/airflow/example_dags/tutorial_taskflow_api.py
[2026-01-08T12:04:16.858+0530] {processor.py:925} INFO - DAG(s) 'tutorial_taskflow_api' retrieved from /home/sneha/spotify_airflow_project/venv/lib/python3.12/site-packages/airflow/example_dags/tutorial_taskflow_api.py
[2026-01-08T12:04:16.882+0530] {logging_mixin.py:190} INFO - [2026-01-08T12:04:16.882+0530] {dag.py:3239} INFO - Sync 1 DAGs
[2026-01-08T12:04:16.899+0530] {logging_mixin.py:190} INFO - [2026-01-08T12:04:16.898+0530] {dag.py:4180} INFO - Setting next_dagrun for tutorial_taskflow_api to None, run_after=None
[2026-01-08T12:04:16.926+0530] {processor.py:208} INFO - Processing /home/sneha/spotify_airflow_project/venv/lib/python3.12/site-packages/airflow/example_dags/tutorial_taskflow_api.py took 0.101 seconds
[2026-01-08T12:05:22.202+0530] {processor.py:186} INFO - Started process (PID=25401) to work on /home/sneha/spotify_airflow_project/venv/lib/python3.12/site-packages/airflow/example_dags/tutorial_taskflow_api.py
[2026-01-08T12:05:22.204+0530] {processor.py:914} INFO - Processing file /home/sneha/spotify_airflow_project/venv/lib/python3.12/site-packages/airflow/example_dags/tutorial_taskflow_api.py for tasks to queue
[2026-01-08T12:05:22.206+0530] {logging_mixin.py:190} INFO - [2026-01-08T12:05:22.205+0530] {dagbag.py:588} INFO - Filling up the DagBag from /home/sneha/spotify_airflow_project/venv/lib/python3.12/site-packages/airflow/example_dags/tutorial_taskflow_api.py
[2026-01-08T12:05:22.215+0530] {processor.py:925} INFO - DAG(s) 'tutorial_taskflow_api' retrieved from /home/sneha/spotify_airflow_project/venv/lib/python3.12/site-packages/airflow/example_dags/tutorial_taskflow_api.py
[2026-01-08T12:05:22.241+0530] {logging_mixin.py:190} INFO - [2026-01-08T12:05:22.241+0530] {dag.py:3239} INFO - Sync 1 DAGs
[2026-01-08T12:05:22.259+0530] {logging_mixin.py:190} INFO - [2026-01-08T12:05:22.258+0530] {dag.py:4180} INFO - Setting next_dagrun for tutorial_taskflow_api to None, run_after=None
[2026-01-08T12:05:22.286+0530] {processor.py:208} INFO - Processing /home/sneha/spotify_airflow_project/venv/lib/python3.12/site-packages/airflow/example_dags/tutorial_taskflow_api.py took 0.094 seconds
[2026-01-08T12:06:25.021+0530] {processor.py:186} INFO - Started process (PID=25464) to work on /home/sneha/spotify_airflow_project/venv/lib/python3.12/site-packages/airflow/example_dags/tutorial_taskflow_api.py
[2026-01-08T12:06:25.023+0530] {processor.py:914} INFO - Processing file /home/sneha/spotify_airflow_project/venv/lib/python3.12/site-packages/airflow/example_dags/tutorial_taskflow_api.py for tasks to queue
[2026-01-08T12:06:25.024+0530] {logging_mixin.py:190} INFO - [2026-01-08T12:06:25.024+0530] {dagbag.py:588} INFO - Filling up the DagBag from /home/sneha/spotify_airflow_project/venv/lib/python3.12/site-packages/airflow/example_dags/tutorial_taskflow_api.py
[2026-01-08T12:06:25.033+0530] {processor.py:925} INFO - DAG(s) 'tutorial_taskflow_api' retrieved from /home/sneha/spotify_airflow_project/venv/lib/python3.12/site-packages/airflow/example_dags/tutorial_taskflow_api.py
[2026-01-08T12:06:25.057+0530] {logging_mixin.py:190} INFO - [2026-01-08T12:06:25.056+0530] {dag.py:3239} INFO - Sync 1 DAGs
[2026-01-08T12:06:25.073+0530] {logging_mixin.py:190} INFO - [2026-01-08T12:06:25.073+0530] {dag.py:4180} INFO - Setting next_dagrun for tutorial_taskflow_api to None, run_after=None
[2026-01-08T12:06:25.099+0530] {processor.py:208} INFO - Processing /home/sneha/spotify_airflow_project/venv/lib/python3.12/site-packages/airflow/example_dags/tutorial_taskflow_api.py took 0.090 seconds
[2026-01-08T12:07:23.440+0530] {processor.py:186} INFO - Started process (PID=25525) to work on /home/sneha/spotify_airflow_project/venv/lib/python3.12/site-packages/airflow/example_dags/tutorial_taskflow_api.py
[2026-01-08T12:07:23.441+0530] {processor.py:914} INFO - Processing file /home/sneha/spotify_airflow_project/venv/lib/python3.12/site-packages/airflow/example_dags/tutorial_taskflow_api.py for tasks to queue
[2026-01-08T12:07:23.443+0530] {logging_mixin.py:190} INFO - [2026-01-08T12:07:23.442+0530] {dagbag.py:588} INFO - Filling up the DagBag from /home/sneha/spotify_airflow_project/venv/lib/python3.12/site-packages/airflow/example_dags/tutorial_taskflow_api.py
[2026-01-08T12:07:23.451+0530] {processor.py:925} INFO - DAG(s) 'tutorial_taskflow_api' retrieved from /home/sneha/spotify_airflow_project/venv/lib/python3.12/site-packages/airflow/example_dags/tutorial_taskflow_api.py
[2026-01-08T12:07:23.476+0530] {logging_mixin.py:190} INFO - [2026-01-08T12:07:23.476+0530] {dag.py:3239} INFO - Sync 1 DAGs
[2026-01-08T12:07:23.493+0530] {logging_mixin.py:190} INFO - [2026-01-08T12:07:23.493+0530] {dag.py:4180} INFO - Setting next_dagrun for tutorial_taskflow_api to None, run_after=None
[2026-01-08T12:07:23.523+0530] {processor.py:208} INFO - Processing /home/sneha/spotify_airflow_project/venv/lib/python3.12/site-packages/airflow/example_dags/tutorial_taskflow_api.py took 0.092 seconds
[2026-01-08T12:08:26.017+0530] {processor.py:186} INFO - Started process (PID=25613) to work on /home/sneha/spotify_airflow_project/venv/lib/python3.12/site-packages/airflow/example_dags/tutorial_taskflow_api.py
[2026-01-08T12:08:26.018+0530] {processor.py:914} INFO - Processing file /home/sneha/spotify_airflow_project/venv/lib/python3.12/site-packages/airflow/example_dags/tutorial_taskflow_api.py for tasks to queue
[2026-01-08T12:08:26.020+0530] {logging_mixin.py:190} INFO - [2026-01-08T12:08:26.019+0530] {dagbag.py:588} INFO - Filling up the DagBag from /home/sneha/spotify_airflow_project/venv/lib/python3.12/site-packages/airflow/example_dags/tutorial_taskflow_api.py
[2026-01-08T12:08:26.029+0530] {processor.py:925} INFO - DAG(s) 'tutorial_taskflow_api' retrieved from /home/sneha/spotify_airflow_project/venv/lib/python3.12/site-packages/airflow/example_dags/tutorial_taskflow_api.py
[2026-01-08T12:08:26.055+0530] {logging_mixin.py:190} INFO - [2026-01-08T12:08:26.055+0530] {dag.py:3239} INFO - Sync 1 DAGs
[2026-01-08T12:08:26.073+0530] {logging_mixin.py:190} INFO - [2026-01-08T12:08:26.072+0530] {dag.py:4180} INFO - Setting next_dagrun for tutorial_taskflow_api to None, run_after=None
[2026-01-08T12:08:26.102+0530] {processor.py:208} INFO - Processing /home/sneha/spotify_airflow_project/venv/lib/python3.12/site-packages/airflow/example_dags/tutorial_taskflow_api.py took 0.097 seconds
[2026-01-08T12:09:30.856+0530] {processor.py:186} INFO - Started process (PID=25677) to work on /home/sneha/spotify_airflow_project/venv/lib/python3.12/site-packages/airflow/example_dags/tutorial_taskflow_api.py
[2026-01-08T12:09:30.858+0530] {processor.py:914} INFO - Processing file /home/sneha/spotify_airflow_project/venv/lib/python3.12/site-packages/airflow/example_dags/tutorial_taskflow_api.py for tasks to queue
[2026-01-08T12:09:30.859+0530] {logging_mixin.py:190} INFO - [2026-01-08T12:09:30.859+0530] {dagbag.py:588} INFO - Filling up the DagBag from /home/sneha/spotify_airflow_project/venv/lib/python3.12/site-packages/airflow/example_dags/tutorial_taskflow_api.py
[2026-01-08T12:09:30.868+0530] {processor.py:925} INFO - DAG(s) 'tutorial_taskflow_api' retrieved from /home/sneha/spotify_airflow_project/venv/lib/python3.12/site-packages/airflow/example_dags/tutorial_taskflow_api.py
[2026-01-08T12:09:30.892+0530] {logging_mixin.py:190} INFO - [2026-01-08T12:09:30.891+0530] {dag.py:3239} INFO - Sync 1 DAGs
[2026-01-08T12:09:30.910+0530] {logging_mixin.py:190} INFO - [2026-01-08T12:09:30.910+0530] {dag.py:4180} INFO - Setting next_dagrun for tutorial_taskflow_api to None, run_after=None
[2026-01-08T12:09:30.936+0530] {processor.py:208} INFO - Processing /home/sneha/spotify_airflow_project/venv/lib/python3.12/site-packages/airflow/example_dags/tutorial_taskflow_api.py took 0.092 seconds
[2026-01-08T12:10:27.591+0530] {processor.py:186} INFO - Started process (PID=25739) to work on /home/sneha/spotify_airflow_project/venv/lib/python3.12/site-packages/airflow/example_dags/tutorial_taskflow_api.py
[2026-01-08T12:10:27.592+0530] {processor.py:914} INFO - Processing file /home/sneha/spotify_airflow_project/venv/lib/python3.12/site-packages/airflow/example_dags/tutorial_taskflow_api.py for tasks to queue
[2026-01-08T12:10:27.594+0530] {logging_mixin.py:190} INFO - [2026-01-08T12:10:27.594+0530] {dagbag.py:588} INFO - Filling up the DagBag from /home/sneha/spotify_airflow_project/venv/lib/python3.12/site-packages/airflow/example_dags/tutorial_taskflow_api.py
[2026-01-08T12:10:27.602+0530] {processor.py:925} INFO - DAG(s) 'tutorial_taskflow_api' retrieved from /home/sneha/spotify_airflow_project/venv/lib/python3.12/site-packages/airflow/example_dags/tutorial_taskflow_api.py
[2026-01-08T12:10:27.629+0530] {logging_mixin.py:190} INFO - [2026-01-08T12:10:27.628+0530] {dag.py:3239} INFO - Sync 1 DAGs
[2026-01-08T12:10:27.646+0530] {logging_mixin.py:190} INFO - [2026-01-08T12:10:27.646+0530] {dag.py:4180} INFO - Setting next_dagrun for tutorial_taskflow_api to None, run_after=None
[2026-01-08T12:10:27.674+0530] {processor.py:208} INFO - Processing /home/sneha/spotify_airflow_project/venv/lib/python3.12/site-packages/airflow/example_dags/tutorial_taskflow_api.py took 0.094 seconds
[2026-01-08T12:11:26.256+0530] {processor.py:186} INFO - Started process (PID=25799) to work on /home/sneha/spotify_airflow_project/venv/lib/python3.12/site-packages/airflow/example_dags/tutorial_taskflow_api.py
[2026-01-08T12:11:26.267+0530] {processor.py:914} INFO - Processing file /home/sneha/spotify_airflow_project/venv/lib/python3.12/site-packages/airflow/example_dags/tutorial_taskflow_api.py for tasks to queue
[2026-01-08T12:11:26.269+0530] {logging_mixin.py:190} INFO - [2026-01-08T12:11:26.269+0530] {dagbag.py:588} INFO - Filling up the DagBag from /home/sneha/spotify_airflow_project/venv/lib/python3.12/site-packages/airflow/example_dags/tutorial_taskflow_api.py
[2026-01-08T12:11:26.277+0530] {processor.py:925} INFO - DAG(s) 'tutorial_taskflow_api' retrieved from /home/sneha/spotify_airflow_project/venv/lib/python3.12/site-packages/airflow/example_dags/tutorial_taskflow_api.py
[2026-01-08T12:11:26.301+0530] {logging_mixin.py:190} INFO - [2026-01-08T12:11:26.301+0530] {dag.py:3239} INFO - Sync 1 DAGs
[2026-01-08T12:11:26.318+0530] {logging_mixin.py:190} INFO - [2026-01-08T12:11:26.317+0530] {dag.py:4180} INFO - Setting next_dagrun for tutorial_taskflow_api to None, run_after=None
[2026-01-08T12:11:26.345+0530] {processor.py:208} INFO - Processing /home/sneha/spotify_airflow_project/venv/lib/python3.12/site-packages/airflow/example_dags/tutorial_taskflow_api.py took 0.101 seconds
[2026-01-08T12:12:29.932+0530] {processor.py:186} INFO - Started process (PID=25862) to work on /home/sneha/spotify_airflow_project/venv/lib/python3.12/site-packages/airflow/example_dags/tutorial_taskflow_api.py
[2026-01-08T12:12:29.934+0530] {processor.py:914} INFO - Processing file /home/sneha/spotify_airflow_project/venv/lib/python3.12/site-packages/airflow/example_dags/tutorial_taskflow_api.py for tasks to queue
[2026-01-08T12:12:29.936+0530] {logging_mixin.py:190} INFO - [2026-01-08T12:12:29.935+0530] {dagbag.py:588} INFO - Filling up the DagBag from /home/sneha/spotify_airflow_project/venv/lib/python3.12/site-packages/airflow/example_dags/tutorial_taskflow_api.py
[2026-01-08T12:12:29.944+0530] {processor.py:925} INFO - DAG(s) 'tutorial_taskflow_api' retrieved from /home/sneha/spotify_airflow_project/venv/lib/python3.12/site-packages/airflow/example_dags/tutorial_taskflow_api.py
[2026-01-08T12:12:29.968+0530] {logging_mixin.py:190} INFO - [2026-01-08T12:12:29.967+0530] {dag.py:3239} INFO - Sync 1 DAGs
[2026-01-08T12:12:29.985+0530] {logging_mixin.py:190} INFO - [2026-01-08T12:12:29.985+0530] {dag.py:4180} INFO - Setting next_dagrun for tutorial_taskflow_api to None, run_after=None
[2026-01-08T12:12:30.013+0530] {processor.py:208} INFO - Processing /home/sneha/spotify_airflow_project/venv/lib/python3.12/site-packages/airflow/example_dags/tutorial_taskflow_api.py took 0.092 seconds
[2026-01-08T12:24:29.074+0530] {processor.py:186} INFO - Started process (PID=26214) to work on /home/sneha/spotify_airflow_project/venv/lib/python3.12/site-packages/airflow/example_dags/tutorial_taskflow_api.py
[2026-01-08T12:24:29.075+0530] {processor.py:914} INFO - Processing file /home/sneha/spotify_airflow_project/venv/lib/python3.12/site-packages/airflow/example_dags/tutorial_taskflow_api.py for tasks to queue
[2026-01-08T12:24:29.077+0530] {logging_mixin.py:190} INFO - [2026-01-08T12:24:29.076+0530] {dagbag.py:588} INFO - Filling up the DagBag from /home/sneha/spotify_airflow_project/venv/lib/python3.12/site-packages/airflow/example_dags/tutorial_taskflow_api.py
[2026-01-08T12:24:29.085+0530] {processor.py:925} INFO - DAG(s) 'tutorial_taskflow_api' retrieved from /home/sneha/spotify_airflow_project/venv/lib/python3.12/site-packages/airflow/example_dags/tutorial_taskflow_api.py
[2026-01-08T12:24:29.110+0530] {logging_mixin.py:190} INFO - [2026-01-08T12:24:29.109+0530] {dag.py:3239} INFO - Sync 1 DAGs
[2026-01-08T12:24:29.126+0530] {logging_mixin.py:190} INFO - [2026-01-08T12:24:29.126+0530] {dag.py:4180} INFO - Setting next_dagrun for tutorial_taskflow_api to None, run_after=None
[2026-01-08T12:24:29.154+0530] {processor.py:208} INFO - Processing /home/sneha/spotify_airflow_project/venv/lib/python3.12/site-packages/airflow/example_dags/tutorial_taskflow_api.py took 0.091 seconds
[2026-01-08T12:25:31.659+0530] {processor.py:186} INFO - Started process (PID=26308) to work on /home/sneha/spotify_airflow_project/venv/lib/python3.12/site-packages/airflow/example_dags/tutorial_taskflow_api.py
[2026-01-08T12:25:31.661+0530] {processor.py:914} INFO - Processing file /home/sneha/spotify_airflow_project/venv/lib/python3.12/site-packages/airflow/example_dags/tutorial_taskflow_api.py for tasks to queue
[2026-01-08T12:25:31.663+0530] {logging_mixin.py:190} INFO - [2026-01-08T12:25:31.662+0530] {dagbag.py:588} INFO - Filling up the DagBag from /home/sneha/spotify_airflow_project/venv/lib/python3.12/site-packages/airflow/example_dags/tutorial_taskflow_api.py
[2026-01-08T12:25:31.672+0530] {processor.py:925} INFO - DAG(s) 'tutorial_taskflow_api' retrieved from /home/sneha/spotify_airflow_project/venv/lib/python3.12/site-packages/airflow/example_dags/tutorial_taskflow_api.py
[2026-01-08T12:25:31.697+0530] {logging_mixin.py:190} INFO - [2026-01-08T12:25:31.696+0530] {dag.py:3239} INFO - Sync 1 DAGs
[2026-01-08T12:25:31.713+0530] {logging_mixin.py:190} INFO - [2026-01-08T12:25:31.712+0530] {dag.py:4180} INFO - Setting next_dagrun for tutorial_taskflow_api to None, run_after=None
[2026-01-08T12:25:31.740+0530] {processor.py:208} INFO - Processing /home/sneha/spotify_airflow_project/venv/lib/python3.12/site-packages/airflow/example_dags/tutorial_taskflow_api.py took 0.093 seconds
[2026-01-08T12:26:08.235+0530] {processor.py:186} INFO - Started process (PID=26342) to work on /home/sneha/spotify_airflow_project/venv/lib/python3.12/site-packages/airflow/example_dags/tutorial_taskflow_api.py
[2026-01-08T12:26:08.236+0530] {processor.py:914} INFO - Processing file /home/sneha/spotify_airflow_project/venv/lib/python3.12/site-packages/airflow/example_dags/tutorial_taskflow_api.py for tasks to queue
[2026-01-08T12:26:08.239+0530] {logging_mixin.py:190} INFO - [2026-01-08T12:26:08.239+0530] {dagbag.py:588} INFO - Filling up the DagBag from /home/sneha/spotify_airflow_project/venv/lib/python3.12/site-packages/airflow/example_dags/tutorial_taskflow_api.py
[2026-01-08T12:26:08.254+0530] {processor.py:925} INFO - DAG(s) 'tutorial_taskflow_api' retrieved from /home/sneha/spotify_airflow_project/venv/lib/python3.12/site-packages/airflow/example_dags/tutorial_taskflow_api.py
[2026-01-08T12:26:08.292+0530] {logging_mixin.py:190} INFO - [2026-01-08T12:26:08.291+0530] {dag.py:3239} INFO - Sync 1 DAGs
[2026-01-08T12:26:08.320+0530] {logging_mixin.py:190} INFO - [2026-01-08T12:26:08.320+0530] {dag.py:4180} INFO - Setting next_dagrun for tutorial_taskflow_api to None, run_after=None
[2026-01-08T12:26:08.379+0530] {processor.py:208} INFO - Processing /home/sneha/spotify_airflow_project/venv/lib/python3.12/site-packages/airflow/example_dags/tutorial_taskflow_api.py took 0.157 seconds
[2026-01-08T12:27:11.116+0530] {processor.py:186} INFO - Started process (PID=26405) to work on /home/sneha/spotify_airflow_project/venv/lib/python3.12/site-packages/airflow/example_dags/tutorial_taskflow_api.py
[2026-01-08T12:27:11.117+0530] {processor.py:914} INFO - Processing file /home/sneha/spotify_airflow_project/venv/lib/python3.12/site-packages/airflow/example_dags/tutorial_taskflow_api.py for tasks to queue
[2026-01-08T12:27:11.119+0530] {logging_mixin.py:190} INFO - [2026-01-08T12:27:11.118+0530] {dagbag.py:588} INFO - Filling up the DagBag from /home/sneha/spotify_airflow_project/venv/lib/python3.12/site-packages/airflow/example_dags/tutorial_taskflow_api.py
[2026-01-08T12:27:11.127+0530] {processor.py:925} INFO - DAG(s) 'tutorial_taskflow_api' retrieved from /home/sneha/spotify_airflow_project/venv/lib/python3.12/site-packages/airflow/example_dags/tutorial_taskflow_api.py
[2026-01-08T12:27:11.153+0530] {logging_mixin.py:190} INFO - [2026-01-08T12:27:11.153+0530] {dag.py:3239} INFO - Sync 1 DAGs
[2026-01-08T12:27:11.171+0530] {logging_mixin.py:190} INFO - [2026-01-08T12:27:11.170+0530] {dag.py:4180} INFO - Setting next_dagrun for tutorial_taskflow_api to None, run_after=None
[2026-01-08T12:27:11.202+0530] {processor.py:208} INFO - Processing /home/sneha/spotify_airflow_project/venv/lib/python3.12/site-packages/airflow/example_dags/tutorial_taskflow_api.py took 0.098 seconds
[2026-01-08T12:28:11.215+0530] {processor.py:186} INFO - Started process (PID=26465) to work on /home/sneha/spotify_airflow_project/venv/lib/python3.12/site-packages/airflow/example_dags/tutorial_taskflow_api.py
[2026-01-08T12:28:11.217+0530] {processor.py:914} INFO - Processing file /home/sneha/spotify_airflow_project/venv/lib/python3.12/site-packages/airflow/example_dags/tutorial_taskflow_api.py for tasks to queue
[2026-01-08T12:28:11.219+0530] {logging_mixin.py:190} INFO - [2026-01-08T12:28:11.218+0530] {dagbag.py:588} INFO - Filling up the DagBag from /home/sneha/spotify_airflow_project/venv/lib/python3.12/site-packages/airflow/example_dags/tutorial_taskflow_api.py
[2026-01-08T12:28:11.230+0530] {processor.py:925} INFO - DAG(s) 'tutorial_taskflow_api' retrieved from /home/sneha/spotify_airflow_project/venv/lib/python3.12/site-packages/airflow/example_dags/tutorial_taskflow_api.py
[2026-01-08T12:28:11.256+0530] {logging_mixin.py:190} INFO - [2026-01-08T12:28:11.256+0530] {dag.py:3239} INFO - Sync 1 DAGs
[2026-01-08T12:28:11.272+0530] {logging_mixin.py:190} INFO - [2026-01-08T12:28:11.272+0530] {dag.py:4180} INFO - Setting next_dagrun for tutorial_taskflow_api to None, run_after=None
[2026-01-08T12:28:11.300+0530] {processor.py:208} INFO - Processing /home/sneha/spotify_airflow_project/venv/lib/python3.12/site-packages/airflow/example_dags/tutorial_taskflow_api.py took 0.098 seconds
[2026-01-08T12:29:15.628+0530] {processor.py:186} INFO - Started process (PID=26532) to work on /home/sneha/spotify_airflow_project/venv/lib/python3.12/site-packages/airflow/example_dags/tutorial_taskflow_api.py
[2026-01-08T12:29:15.630+0530] {processor.py:914} INFO - Processing file /home/sneha/spotify_airflow_project/venv/lib/python3.12/site-packages/airflow/example_dags/tutorial_taskflow_api.py for tasks to queue
[2026-01-08T12:29:15.631+0530] {logging_mixin.py:190} INFO - [2026-01-08T12:29:15.631+0530] {dagbag.py:588} INFO - Filling up the DagBag from /home/sneha/spotify_airflow_project/venv/lib/python3.12/site-packages/airflow/example_dags/tutorial_taskflow_api.py
[2026-01-08T12:29:15.639+0530] {processor.py:925} INFO - DAG(s) 'tutorial_taskflow_api' retrieved from /home/sneha/spotify_airflow_project/venv/lib/python3.12/site-packages/airflow/example_dags/tutorial_taskflow_api.py
[2026-01-08T12:29:15.664+0530] {logging_mixin.py:190} INFO - [2026-01-08T12:29:15.663+0530] {dag.py:3239} INFO - Sync 1 DAGs
[2026-01-08T12:29:15.681+0530] {logging_mixin.py:190} INFO - [2026-01-08T12:29:15.680+0530] {dag.py:4180} INFO - Setting next_dagrun for tutorial_taskflow_api to None, run_after=None
[2026-01-08T12:29:15.709+0530] {processor.py:208} INFO - Processing /home/sneha/spotify_airflow_project/venv/lib/python3.12/site-packages/airflow/example_dags/tutorial_taskflow_api.py took 0.090 seconds
[2026-01-08T12:31:47.081+0530] {processor.py:186} INFO - Started process (PID=31181) to work on /home/sneha/spotify_airflow_project/venv/lib/python3.12/site-packages/airflow/example_dags/tutorial_taskflow_api.py
[2026-01-08T12:31:47.093+0530] {processor.py:914} INFO - Processing file /home/sneha/spotify_airflow_project/venv/lib/python3.12/site-packages/airflow/example_dags/tutorial_taskflow_api.py for tasks to queue
[2026-01-08T12:31:47.095+0530] {logging_mixin.py:190} INFO - [2026-01-08T12:31:47.094+0530] {dagbag.py:588} INFO - Filling up the DagBag from /home/sneha/spotify_airflow_project/venv/lib/python3.12/site-packages/airflow/example_dags/tutorial_taskflow_api.py
[2026-01-08T12:31:47.103+0530] {processor.py:925} INFO - DAG(s) 'tutorial_taskflow_api' retrieved from /home/sneha/spotify_airflow_project/venv/lib/python3.12/site-packages/airflow/example_dags/tutorial_taskflow_api.py
[2026-01-08T12:31:47.139+0530] {logging_mixin.py:190} INFO - [2026-01-08T12:31:47.139+0530] {dag.py:3239} INFO - Sync 1 DAGs
[2026-01-08T12:31:47.157+0530] {logging_mixin.py:190} INFO - [2026-01-08T12:31:47.157+0530] {dag.py:4180} INFO - Setting next_dagrun for tutorial_taskflow_api to None, run_after=None
[2026-01-08T12:31:47.191+0530] {processor.py:208} INFO - Processing /home/sneha/spotify_airflow_project/venv/lib/python3.12/site-packages/airflow/example_dags/tutorial_taskflow_api.py took 0.121 seconds
[2026-01-08T12:32:47.508+0530] {processor.py:186} INFO - Started process (PID=31242) to work on /home/sneha/spotify_airflow_project/venv/lib/python3.12/site-packages/airflow/example_dags/tutorial_taskflow_api.py
[2026-01-08T12:32:47.510+0530] {processor.py:914} INFO - Processing file /home/sneha/spotify_airflow_project/venv/lib/python3.12/site-packages/airflow/example_dags/tutorial_taskflow_api.py for tasks to queue
[2026-01-08T12:32:47.512+0530] {logging_mixin.py:190} INFO - [2026-01-08T12:32:47.511+0530] {dagbag.py:588} INFO - Filling up the DagBag from /home/sneha/spotify_airflow_project/venv/lib/python3.12/site-packages/airflow/example_dags/tutorial_taskflow_api.py
[2026-01-08T12:32:47.521+0530] {processor.py:925} INFO - DAG(s) 'tutorial_taskflow_api' retrieved from /home/sneha/spotify_airflow_project/venv/lib/python3.12/site-packages/airflow/example_dags/tutorial_taskflow_api.py
[2026-01-08T12:32:47.546+0530] {logging_mixin.py:190} INFO - [2026-01-08T12:32:47.546+0530] {dag.py:3239} INFO - Sync 1 DAGs
[2026-01-08T12:32:47.564+0530] {logging_mixin.py:190} INFO - [2026-01-08T12:32:47.564+0530] {dag.py:4180} INFO - Setting next_dagrun for tutorial_taskflow_api to None, run_after=None
[2026-01-08T12:32:47.592+0530] {processor.py:208} INFO - Processing /home/sneha/spotify_airflow_project/venv/lib/python3.12/site-packages/airflow/example_dags/tutorial_taskflow_api.py took 0.096 seconds
[2026-01-08T12:33:50.211+0530] {processor.py:186} INFO - Started process (PID=31304) to work on /home/sneha/spotify_airflow_project/venv/lib/python3.12/site-packages/airflow/example_dags/tutorial_taskflow_api.py
[2026-01-08T12:33:50.213+0530] {processor.py:914} INFO - Processing file /home/sneha/spotify_airflow_project/venv/lib/python3.12/site-packages/airflow/example_dags/tutorial_taskflow_api.py for tasks to queue
[2026-01-08T12:33:50.215+0530] {logging_mixin.py:190} INFO - [2026-01-08T12:33:50.214+0530] {dagbag.py:588} INFO - Filling up the DagBag from /home/sneha/spotify_airflow_project/venv/lib/python3.12/site-packages/airflow/example_dags/tutorial_taskflow_api.py
[2026-01-08T12:33:50.223+0530] {processor.py:925} INFO - DAG(s) 'tutorial_taskflow_api' retrieved from /home/sneha/spotify_airflow_project/venv/lib/python3.12/site-packages/airflow/example_dags/tutorial_taskflow_api.py
[2026-01-08T12:33:50.247+0530] {logging_mixin.py:190} INFO - [2026-01-08T12:33:50.246+0530] {dag.py:3239} INFO - Sync 1 DAGs
[2026-01-08T12:33:50.264+0530] {logging_mixin.py:190} INFO - [2026-01-08T12:33:50.264+0530] {dag.py:4180} INFO - Setting next_dagrun for tutorial_taskflow_api to None, run_after=None
[2026-01-08T12:33:50.292+0530] {processor.py:208} INFO - Processing /home/sneha/spotify_airflow_project/venv/lib/python3.12/site-packages/airflow/example_dags/tutorial_taskflow_api.py took 0.092 seconds
[2026-01-08T12:34:50.363+0530] {processor.py:186} INFO - Started process (PID=31391) to work on /home/sneha/spotify_airflow_project/venv/lib/python3.12/site-packages/airflow/example_dags/tutorial_taskflow_api.py
[2026-01-08T12:34:50.365+0530] {processor.py:914} INFO - Processing file /home/sneha/spotify_airflow_project/venv/lib/python3.12/site-packages/airflow/example_dags/tutorial_taskflow_api.py for tasks to queue
[2026-01-08T12:34:50.367+0530] {logging_mixin.py:190} INFO - [2026-01-08T12:34:50.366+0530] {dagbag.py:588} INFO - Filling up the DagBag from /home/sneha/spotify_airflow_project/venv/lib/python3.12/site-packages/airflow/example_dags/tutorial_taskflow_api.py
[2026-01-08T12:34:50.376+0530] {processor.py:925} INFO - DAG(s) 'tutorial_taskflow_api' retrieved from /home/sneha/spotify_airflow_project/venv/lib/python3.12/site-packages/airflow/example_dags/tutorial_taskflow_api.py
[2026-01-08T12:34:50.400+0530] {logging_mixin.py:190} INFO - [2026-01-08T12:34:50.400+0530] {dag.py:3239} INFO - Sync 1 DAGs
[2026-01-08T12:34:50.419+0530] {logging_mixin.py:190} INFO - [2026-01-08T12:34:50.419+0530] {dag.py:4180} INFO - Setting next_dagrun for tutorial_taskflow_api to None, run_after=None
[2026-01-08T12:34:50.447+0530] {processor.py:208} INFO - Processing /home/sneha/spotify_airflow_project/venv/lib/python3.12/site-packages/airflow/example_dags/tutorial_taskflow_api.py took 0.095 seconds
[2026-01-08T12:35:48.586+0530] {processor.py:186} INFO - Started process (PID=31457) to work on /home/sneha/spotify_airflow_project/venv/lib/python3.12/site-packages/airflow/example_dags/tutorial_taskflow_api.py
[2026-01-08T12:35:48.587+0530] {processor.py:914} INFO - Processing file /home/sneha/spotify_airflow_project/venv/lib/python3.12/site-packages/airflow/example_dags/tutorial_taskflow_api.py for tasks to queue
[2026-01-08T12:35:48.589+0530] {logging_mixin.py:190} INFO - [2026-01-08T12:35:48.589+0530] {dagbag.py:588} INFO - Filling up the DagBag from /home/sneha/spotify_airflow_project/venv/lib/python3.12/site-packages/airflow/example_dags/tutorial_taskflow_api.py
[2026-01-08T12:35:48.597+0530] {processor.py:925} INFO - DAG(s) 'tutorial_taskflow_api' retrieved from /home/sneha/spotify_airflow_project/venv/lib/python3.12/site-packages/airflow/example_dags/tutorial_taskflow_api.py
[2026-01-08T12:35:48.622+0530] {logging_mixin.py:190} INFO - [2026-01-08T12:35:48.621+0530] {dag.py:3239} INFO - Sync 1 DAGs
[2026-01-08T12:35:48.638+0530] {logging_mixin.py:190} INFO - [2026-01-08T12:35:48.638+0530] {dag.py:4180} INFO - Setting next_dagrun for tutorial_taskflow_api to None, run_after=None
[2026-01-08T12:35:48.665+0530] {processor.py:208} INFO - Processing /home/sneha/spotify_airflow_project/venv/lib/python3.12/site-packages/airflow/example_dags/tutorial_taskflow_api.py took 0.091 seconds
[2026-01-08T12:36:52.796+0530] {processor.py:186} INFO - Started process (PID=31520) to work on /home/sneha/spotify_airflow_project/venv/lib/python3.12/site-packages/airflow/example_dags/tutorial_taskflow_api.py
[2026-01-08T12:36:52.798+0530] {processor.py:914} INFO - Processing file /home/sneha/spotify_airflow_project/venv/lib/python3.12/site-packages/airflow/example_dags/tutorial_taskflow_api.py for tasks to queue
[2026-01-08T12:36:52.800+0530] {logging_mixin.py:190} INFO - [2026-01-08T12:36:52.799+0530] {dagbag.py:588} INFO - Filling up the DagBag from /home/sneha/spotify_airflow_project/venv/lib/python3.12/site-packages/airflow/example_dags/tutorial_taskflow_api.py
[2026-01-08T12:36:52.809+0530] {processor.py:925} INFO - DAG(s) 'tutorial_taskflow_api' retrieved from /home/sneha/spotify_airflow_project/venv/lib/python3.12/site-packages/airflow/example_dags/tutorial_taskflow_api.py
[2026-01-08T12:36:52.834+0530] {logging_mixin.py:190} INFO - [2026-01-08T12:36:52.833+0530] {dag.py:3239} INFO - Sync 1 DAGs
[2026-01-08T12:36:52.851+0530] {logging_mixin.py:190} INFO - [2026-01-08T12:36:52.851+0530] {dag.py:4180} INFO - Setting next_dagrun for tutorial_taskflow_api to None, run_after=None
[2026-01-08T12:36:52.879+0530] {processor.py:208} INFO - Processing /home/sneha/spotify_airflow_project/venv/lib/python3.12/site-packages/airflow/example_dags/tutorial_taskflow_api.py took 0.094 seconds
[2026-01-08T12:37:56.218+0530] {processor.py:186} INFO - Started process (PID=31582) to work on /home/sneha/spotify_airflow_project/venv/lib/python3.12/site-packages/airflow/example_dags/tutorial_taskflow_api.py
[2026-01-08T12:37:56.219+0530] {processor.py:914} INFO - Processing file /home/sneha/spotify_airflow_project/venv/lib/python3.12/site-packages/airflow/example_dags/tutorial_taskflow_api.py for tasks to queue
[2026-01-08T12:37:56.221+0530] {logging_mixin.py:190} INFO - [2026-01-08T12:37:56.220+0530] {dagbag.py:588} INFO - Filling up the DagBag from /home/sneha/spotify_airflow_project/venv/lib/python3.12/site-packages/airflow/example_dags/tutorial_taskflow_api.py
[2026-01-08T12:37:56.229+0530] {processor.py:925} INFO - DAG(s) 'tutorial_taskflow_api' retrieved from /home/sneha/spotify_airflow_project/venv/lib/python3.12/site-packages/airflow/example_dags/tutorial_taskflow_api.py
[2026-01-08T12:37:56.254+0530] {logging_mixin.py:190} INFO - [2026-01-08T12:37:56.254+0530] {dag.py:3239} INFO - Sync 1 DAGs
[2026-01-08T12:37:56.271+0530] {logging_mixin.py:190} INFO - [2026-01-08T12:37:56.271+0530] {dag.py:4180} INFO - Setting next_dagrun for tutorial_taskflow_api to None, run_after=None
[2026-01-08T12:37:56.299+0530] {processor.py:208} INFO - Processing /home/sneha/spotify_airflow_project/venv/lib/python3.12/site-packages/airflow/example_dags/tutorial_taskflow_api.py took 0.093 seconds
[2026-01-08T12:39:03.684+0530] {processor.py:186} INFO - Started process (PID=31645) to work on /home/sneha/spotify_airflow_project/venv/lib/python3.12/site-packages/airflow/example_dags/tutorial_taskflow_api.py
[2026-01-08T12:39:03.685+0530] {processor.py:914} INFO - Processing file /home/sneha/spotify_airflow_project/venv/lib/python3.12/site-packages/airflow/example_dags/tutorial_taskflow_api.py for tasks to queue
[2026-01-08T12:39:03.687+0530] {logging_mixin.py:190} INFO - [2026-01-08T12:39:03.686+0530] {dagbag.py:588} INFO - Filling up the DagBag from /home/sneha/spotify_airflow_project/venv/lib/python3.12/site-packages/airflow/example_dags/tutorial_taskflow_api.py
[2026-01-08T12:39:03.695+0530] {processor.py:925} INFO - DAG(s) 'tutorial_taskflow_api' retrieved from /home/sneha/spotify_airflow_project/venv/lib/python3.12/site-packages/airflow/example_dags/tutorial_taskflow_api.py
[2026-01-08T12:39:03.719+0530] {logging_mixin.py:190} INFO - [2026-01-08T12:39:03.719+0530] {dag.py:3239} INFO - Sync 1 DAGs
[2026-01-08T12:39:03.736+0530] {logging_mixin.py:190} INFO - [2026-01-08T12:39:03.736+0530] {dag.py:4180} INFO - Setting next_dagrun for tutorial_taskflow_api to None, run_after=None
[2026-01-08T12:39:03.972+0530] {processor.py:208} INFO - Processing /home/sneha/spotify_airflow_project/venv/lib/python3.12/site-packages/airflow/example_dags/tutorial_taskflow_api.py took 0.300 seconds
[2026-01-08T12:40:02.338+0530] {processor.py:186} INFO - Started process (PID=31734) to work on /home/sneha/spotify_airflow_project/venv/lib/python3.12/site-packages/airflow/example_dags/tutorial_taskflow_api.py
[2026-01-08T12:40:02.339+0530] {processor.py:914} INFO - Processing file /home/sneha/spotify_airflow_project/venv/lib/python3.12/site-packages/airflow/example_dags/tutorial_taskflow_api.py for tasks to queue
[2026-01-08T12:40:02.341+0530] {logging_mixin.py:190} INFO - [2026-01-08T12:40:02.340+0530] {dagbag.py:588} INFO - Filling up the DagBag from /home/sneha/spotify_airflow_project/venv/lib/python3.12/site-packages/airflow/example_dags/tutorial_taskflow_api.py
[2026-01-08T12:40:02.350+0530] {processor.py:925} INFO - DAG(s) 'tutorial_taskflow_api' retrieved from /home/sneha/spotify_airflow_project/venv/lib/python3.12/site-packages/airflow/example_dags/tutorial_taskflow_api.py
[2026-01-08T12:40:02.376+0530] {logging_mixin.py:190} INFO - [2026-01-08T12:40:02.375+0530] {dag.py:3239} INFO - Sync 1 DAGs
[2026-01-08T12:40:02.393+0530] {logging_mixin.py:190} INFO - [2026-01-08T12:40:02.393+0530] {dag.py:4180} INFO - Setting next_dagrun for tutorial_taskflow_api to None, run_after=None
[2026-01-08T12:40:02.421+0530] {processor.py:208} INFO - Processing /home/sneha/spotify_airflow_project/venv/lib/python3.12/site-packages/airflow/example_dags/tutorial_taskflow_api.py took 0.093 seconds
[2026-01-08T12:41:13.484+0530] {processor.py:186} INFO - Started process (PID=31801) to work on /home/sneha/spotify_airflow_project/venv/lib/python3.12/site-packages/airflow/example_dags/tutorial_taskflow_api.py
[2026-01-08T12:41:13.486+0530] {processor.py:914} INFO - Processing file /home/sneha/spotify_airflow_project/venv/lib/python3.12/site-packages/airflow/example_dags/tutorial_taskflow_api.py for tasks to queue
[2026-01-08T12:41:13.488+0530] {logging_mixin.py:190} INFO - [2026-01-08T12:41:13.487+0530] {dagbag.py:588} INFO - Filling up the DagBag from /home/sneha/spotify_airflow_project/venv/lib/python3.12/site-packages/airflow/example_dags/tutorial_taskflow_api.py
[2026-01-08T12:41:13.497+0530] {processor.py:925} INFO - DAG(s) 'tutorial_taskflow_api' retrieved from /home/sneha/spotify_airflow_project/venv/lib/python3.12/site-packages/airflow/example_dags/tutorial_taskflow_api.py
[2026-01-08T12:41:13.524+0530] {logging_mixin.py:190} INFO - [2026-01-08T12:41:13.523+0530] {dag.py:3239} INFO - Sync 1 DAGs
[2026-01-08T12:41:13.542+0530] {logging_mixin.py:190} INFO - [2026-01-08T12:41:13.542+0530] {dag.py:4180} INFO - Setting next_dagrun for tutorial_taskflow_api to None, run_after=None
[2026-01-08T12:41:13.570+0530] {processor.py:208} INFO - Processing /home/sneha/spotify_airflow_project/venv/lib/python3.12/site-packages/airflow/example_dags/tutorial_taskflow_api.py took 0.098 seconds
[2026-01-08T12:42:21.856+0530] {processor.py:186} INFO - Started process (PID=31866) to work on /home/sneha/spotify_airflow_project/venv/lib/python3.12/site-packages/airflow/example_dags/tutorial_taskflow_api.py
[2026-01-08T12:42:21.857+0530] {processor.py:914} INFO - Processing file /home/sneha/spotify_airflow_project/venv/lib/python3.12/site-packages/airflow/example_dags/tutorial_taskflow_api.py for tasks to queue
[2026-01-08T12:42:21.859+0530] {logging_mixin.py:190} INFO - [2026-01-08T12:42:21.858+0530] {dagbag.py:588} INFO - Filling up the DagBag from /home/sneha/spotify_airflow_project/venv/lib/python3.12/site-packages/airflow/example_dags/tutorial_taskflow_api.py
[2026-01-08T12:42:21.867+0530] {processor.py:925} INFO - DAG(s) 'tutorial_taskflow_api' retrieved from /home/sneha/spotify_airflow_project/venv/lib/python3.12/site-packages/airflow/example_dags/tutorial_taskflow_api.py
[2026-01-08T12:42:21.893+0530] {logging_mixin.py:190} INFO - [2026-01-08T12:42:21.893+0530] {dag.py:3239} INFO - Sync 1 DAGs
[2026-01-08T12:42:21.911+0530] {logging_mixin.py:190} INFO - [2026-01-08T12:42:21.910+0530] {dag.py:4180} INFO - Setting next_dagrun for tutorial_taskflow_api to None, run_after=None
[2026-01-08T12:42:21.937+0530] {processor.py:208} INFO - Processing /home/sneha/spotify_airflow_project/venv/lib/python3.12/site-packages/airflow/example_dags/tutorial_taskflow_api.py took 0.094 seconds
[2026-01-08T12:42:58.779+0530] {processor.py:186} INFO - Started process (PID=31902) to work on /home/sneha/spotify_airflow_project/venv/lib/python3.12/site-packages/airflow/example_dags/tutorial_taskflow_api.py
[2026-01-08T12:42:58.780+0530] {processor.py:914} INFO - Processing file /home/sneha/spotify_airflow_project/venv/lib/python3.12/site-packages/airflow/example_dags/tutorial_taskflow_api.py for tasks to queue
[2026-01-08T12:42:58.782+0530] {logging_mixin.py:190} INFO - [2026-01-08T12:42:58.781+0530] {dagbag.py:588} INFO - Filling up the DagBag from /home/sneha/spotify_airflow_project/venv/lib/python3.12/site-packages/airflow/example_dags/tutorial_taskflow_api.py
[2026-01-08T12:42:58.791+0530] {processor.py:925} INFO - DAG(s) 'tutorial_taskflow_api' retrieved from /home/sneha/spotify_airflow_project/venv/lib/python3.12/site-packages/airflow/example_dags/tutorial_taskflow_api.py
[2026-01-08T12:42:58.817+0530] {logging_mixin.py:190} INFO - [2026-01-08T12:42:58.816+0530] {dag.py:3239} INFO - Sync 1 DAGs
[2026-01-08T12:42:58.835+0530] {logging_mixin.py:190} INFO - [2026-01-08T12:42:58.834+0530] {dag.py:4180} INFO - Setting next_dagrun for tutorial_taskflow_api to None, run_after=None
[2026-01-08T12:42:58.861+0530] {processor.py:208} INFO - Processing /home/sneha/spotify_airflow_project/venv/lib/python3.12/site-packages/airflow/example_dags/tutorial_taskflow_api.py took 0.092 seconds
[2026-01-08T12:44:10.767+0530] {processor.py:186} INFO - Started process (PID=31966) to work on /home/sneha/spotify_airflow_project/venv/lib/python3.12/site-packages/airflow/example_dags/tutorial_taskflow_api.py
[2026-01-08T12:44:10.768+0530] {processor.py:914} INFO - Processing file /home/sneha/spotify_airflow_project/venv/lib/python3.12/site-packages/airflow/example_dags/tutorial_taskflow_api.py for tasks to queue
[2026-01-08T12:44:10.770+0530] {logging_mixin.py:190} INFO - [2026-01-08T12:44:10.770+0530] {dagbag.py:588} INFO - Filling up the DagBag from /home/sneha/spotify_airflow_project/venv/lib/python3.12/site-packages/airflow/example_dags/tutorial_taskflow_api.py
[2026-01-08T12:44:10.779+0530] {processor.py:925} INFO - DAG(s) 'tutorial_taskflow_api' retrieved from /home/sneha/spotify_airflow_project/venv/lib/python3.12/site-packages/airflow/example_dags/tutorial_taskflow_api.py
[2026-01-08T12:44:11.009+0530] {logging_mixin.py:190} INFO - [2026-01-08T12:44:11.009+0530] {dag.py:3239} INFO - Sync 1 DAGs
[2026-01-08T12:44:11.022+0530] {logging_mixin.py:190} INFO - [2026-01-08T12:44:11.022+0530] {dag.py:4180} INFO - Setting next_dagrun for tutorial_taskflow_api to None, run_after=None
[2026-01-08T12:44:11.045+0530] {processor.py:208} INFO - Processing /home/sneha/spotify_airflow_project/venv/lib/python3.12/site-packages/airflow/example_dags/tutorial_taskflow_api.py took 0.288 seconds
[2026-01-08T12:44:50.935+0530] {processor.py:186} INFO - Started process (PID=32029) to work on /home/sneha/spotify_airflow_project/venv/lib/python3.12/site-packages/airflow/example_dags/tutorial_taskflow_api.py
[2026-01-08T12:44:50.937+0530] {processor.py:914} INFO - Processing file /home/sneha/spotify_airflow_project/venv/lib/python3.12/site-packages/airflow/example_dags/tutorial_taskflow_api.py for tasks to queue
[2026-01-08T12:44:50.938+0530] {logging_mixin.py:190} INFO - [2026-01-08T12:44:50.938+0530] {dagbag.py:588} INFO - Filling up the DagBag from /home/sneha/spotify_airflow_project/venv/lib/python3.12/site-packages/airflow/example_dags/tutorial_taskflow_api.py
[2026-01-08T12:44:50.947+0530] {processor.py:925} INFO - DAG(s) 'tutorial_taskflow_api' retrieved from /home/sneha/spotify_airflow_project/venv/lib/python3.12/site-packages/airflow/example_dags/tutorial_taskflow_api.py
[2026-01-08T12:44:50.972+0530] {logging_mixin.py:190} INFO - [2026-01-08T12:44:50.972+0530] {dag.py:3239} INFO - Sync 1 DAGs
[2026-01-08T12:44:50.989+0530] {logging_mixin.py:190} INFO - [2026-01-08T12:44:50.988+0530] {dag.py:4180} INFO - Setting next_dagrun for tutorial_taskflow_api to None, run_after=None
[2026-01-08T12:44:51.017+0530] {processor.py:208} INFO - Processing /home/sneha/spotify_airflow_project/venv/lib/python3.12/site-packages/airflow/example_dags/tutorial_taskflow_api.py took 0.093 seconds
[2026-01-08T12:45:27.278+0530] {processor.py:186} INFO - Started process (PID=32067) to work on /home/sneha/spotify_airflow_project/venv/lib/python3.12/site-packages/airflow/example_dags/tutorial_taskflow_api.py
[2026-01-08T12:45:27.280+0530] {processor.py:914} INFO - Processing file /home/sneha/spotify_airflow_project/venv/lib/python3.12/site-packages/airflow/example_dags/tutorial_taskflow_api.py for tasks to queue
[2026-01-08T12:45:27.282+0530] {logging_mixin.py:190} INFO - [2026-01-08T12:45:27.281+0530] {dagbag.py:588} INFO - Filling up the DagBag from /home/sneha/spotify_airflow_project/venv/lib/python3.12/site-packages/airflow/example_dags/tutorial_taskflow_api.py
[2026-01-08T12:45:27.291+0530] {processor.py:925} INFO - DAG(s) 'tutorial_taskflow_api' retrieved from /home/sneha/spotify_airflow_project/venv/lib/python3.12/site-packages/airflow/example_dags/tutorial_taskflow_api.py
[2026-01-08T12:45:27.318+0530] {logging_mixin.py:190} INFO - [2026-01-08T12:45:27.317+0530] {dag.py:3239} INFO - Sync 1 DAGs
[2026-01-08T12:45:27.336+0530] {logging_mixin.py:190} INFO - [2026-01-08T12:45:27.336+0530] {dag.py:4180} INFO - Setting next_dagrun for tutorial_taskflow_api to None, run_after=None
[2026-01-08T12:45:27.364+0530] {processor.py:208} INFO - Processing /home/sneha/spotify_airflow_project/venv/lib/python3.12/site-packages/airflow/example_dags/tutorial_taskflow_api.py took 0.098 seconds
