[2025-12-17T10:30:36.878+0530] {processor.py:186} INFO - Started process (PID=7239) to work on /home/sneha/spotify_airflow_project/venv/lib/python3.12/site-packages/airflow/example_dags/example_kubernetes_executor.py
[2025-12-17T10:30:36.878+0530] {processor.py:914} INFO - Processing file /home/sneha/spotify_airflow_project/venv/lib/python3.12/site-packages/airflow/example_dags/example_kubernetes_executor.py for tasks to queue
[2025-12-17T10:30:36.880+0530] {logging_mixin.py:190} INFO - [2025-12-17T10:30:36.880+0530] {dagbag.py:588} INFO - Filling up the DagBag from /home/sneha/spotify_airflow_project/venv/lib/python3.12/site-packages/airflow/example_dags/example_kubernetes_executor.py
[2025-12-17T10:30:36.884+0530] {logging_mixin.py:190} INFO - [2025-12-17T10:30:36.884+0530] {example_kubernetes_executor.py:39} WARNING - The example_kubernetes_executor example DAG requires the kubernetes provider. Please install it with: pip install apache-airflow[cncf.kubernetes]
[2025-12-17T10:30:36.884+0530] {processor.py:927} WARNING - No viable dags retrieved from /home/sneha/spotify_airflow_project/venv/lib/python3.12/site-packages/airflow/example_dags/example_kubernetes_executor.py
[2025-12-17T10:30:36.897+0530] {processor.py:208} INFO - Processing /home/sneha/spotify_airflow_project/venv/lib/python3.12/site-packages/airflow/example_dags/example_kubernetes_executor.py took 0.025 seconds
[2025-12-17T10:31:36.909+0530] {processor.py:186} INFO - Started process (PID=7484) to work on /home/sneha/spotify_airflow_project/venv/lib/python3.12/site-packages/airflow/example_dags/example_kubernetes_executor.py
[2025-12-17T10:31:36.911+0530] {processor.py:914} INFO - Processing file /home/sneha/spotify_airflow_project/venv/lib/python3.12/site-packages/airflow/example_dags/example_kubernetes_executor.py for tasks to queue
[2025-12-17T10:31:36.913+0530] {logging_mixin.py:190} INFO - [2025-12-17T10:31:36.912+0530] {dagbag.py:588} INFO - Filling up the DagBag from /home/sneha/spotify_airflow_project/venv/lib/python3.12/site-packages/airflow/example_dags/example_kubernetes_executor.py
[2025-12-17T10:31:36.915+0530] {logging_mixin.py:190} INFO - [2025-12-17T10:31:36.915+0530] {example_kubernetes_executor.py:39} WARNING - The example_kubernetes_executor example DAG requires the kubernetes provider. Please install it with: pip install apache-airflow[cncf.kubernetes]
[2025-12-17T10:31:36.915+0530] {processor.py:927} WARNING - No viable dags retrieved from /home/sneha/spotify_airflow_project/venv/lib/python3.12/site-packages/airflow/example_dags/example_kubernetes_executor.py
[2025-12-17T10:31:36.925+0530] {processor.py:208} INFO - Processing /home/sneha/spotify_airflow_project/venv/lib/python3.12/site-packages/airflow/example_dags/example_kubernetes_executor.py took 0.023 seconds
[2025-12-17T10:32:35.643+0530] {processor.py:186} INFO - Started process (PID=7915) to work on /home/sneha/spotify_airflow_project/venv/lib/python3.12/site-packages/airflow/example_dags/example_kubernetes_executor.py
[2025-12-17T10:32:35.644+0530] {processor.py:914} INFO - Processing file /home/sneha/spotify_airflow_project/venv/lib/python3.12/site-packages/airflow/example_dags/example_kubernetes_executor.py for tasks to queue
[2025-12-17T10:32:35.647+0530] {logging_mixin.py:190} INFO - [2025-12-17T10:32:35.646+0530] {dagbag.py:588} INFO - Filling up the DagBag from /home/sneha/spotify_airflow_project/venv/lib/python3.12/site-packages/airflow/example_dags/example_kubernetes_executor.py
[2025-12-17T10:32:35.650+0530] {logging_mixin.py:190} INFO - [2025-12-17T10:32:35.650+0530] {example_kubernetes_executor.py:39} WARNING - The example_kubernetes_executor example DAG requires the kubernetes provider. Please install it with: pip install apache-airflow[cncf.kubernetes]
[2025-12-17T10:32:35.650+0530] {processor.py:927} WARNING - No viable dags retrieved from /home/sneha/spotify_airflow_project/venv/lib/python3.12/site-packages/airflow/example_dags/example_kubernetes_executor.py
[2025-12-17T10:32:35.662+0530] {processor.py:208} INFO - Processing /home/sneha/spotify_airflow_project/venv/lib/python3.12/site-packages/airflow/example_dags/example_kubernetes_executor.py took 0.025 seconds
[2025-12-17T10:33:33.435+0530] {processor.py:186} INFO - Started process (PID=8321) to work on /home/sneha/spotify_airflow_project/venv/lib/python3.12/site-packages/airflow/example_dags/example_kubernetes_executor.py
[2025-12-17T10:33:33.436+0530] {processor.py:914} INFO - Processing file /home/sneha/spotify_airflow_project/venv/lib/python3.12/site-packages/airflow/example_dags/example_kubernetes_executor.py for tasks to queue
[2025-12-17T10:33:33.438+0530] {logging_mixin.py:190} INFO - [2025-12-17T10:33:33.438+0530] {dagbag.py:588} INFO - Filling up the DagBag from /home/sneha/spotify_airflow_project/venv/lib/python3.12/site-packages/airflow/example_dags/example_kubernetes_executor.py
[2025-12-17T10:33:33.441+0530] {logging_mixin.py:190} INFO - [2025-12-17T10:33:33.441+0530] {example_kubernetes_executor.py:39} WARNING - The example_kubernetes_executor example DAG requires the kubernetes provider. Please install it with: pip install apache-airflow[cncf.kubernetes]
[2025-12-17T10:33:33.441+0530] {processor.py:927} WARNING - No viable dags retrieved from /home/sneha/spotify_airflow_project/venv/lib/python3.12/site-packages/airflow/example_dags/example_kubernetes_executor.py
[2025-12-17T10:33:33.453+0530] {processor.py:208} INFO - Processing /home/sneha/spotify_airflow_project/venv/lib/python3.12/site-packages/airflow/example_dags/example_kubernetes_executor.py took 0.024 seconds
[2025-12-17T10:34:28.195+0530] {processor.py:186} INFO - Started process (PID=8651) to work on /home/sneha/spotify_airflow_project/venv/lib/python3.12/site-packages/airflow/example_dags/example_kubernetes_executor.py
[2025-12-17T10:34:28.196+0530] {processor.py:914} INFO - Processing file /home/sneha/spotify_airflow_project/venv/lib/python3.12/site-packages/airflow/example_dags/example_kubernetes_executor.py for tasks to queue
[2025-12-17T10:34:28.198+0530] {logging_mixin.py:190} INFO - [2025-12-17T10:34:28.198+0530] {dagbag.py:588} INFO - Filling up the DagBag from /home/sneha/spotify_airflow_project/venv/lib/python3.12/site-packages/airflow/example_dags/example_kubernetes_executor.py
[2025-12-17T10:34:28.201+0530] {logging_mixin.py:190} INFO - [2025-12-17T10:34:28.200+0530] {example_kubernetes_executor.py:39} WARNING - The example_kubernetes_executor example DAG requires the kubernetes provider. Please install it with: pip install apache-airflow[cncf.kubernetes]
[2025-12-17T10:34:28.201+0530] {processor.py:927} WARNING - No viable dags retrieved from /home/sneha/spotify_airflow_project/venv/lib/python3.12/site-packages/airflow/example_dags/example_kubernetes_executor.py
[2025-12-17T10:34:28.212+0530] {processor.py:208} INFO - Processing /home/sneha/spotify_airflow_project/venv/lib/python3.12/site-packages/airflow/example_dags/example_kubernetes_executor.py took 0.025 seconds
[2025-12-17T10:35:47.033+0530] {processor.py:186} INFO - Started process (PID=9544) to work on /home/sneha/spotify_airflow_project/venv/lib/python3.12/site-packages/airflow/example_dags/example_kubernetes_executor.py
[2025-12-17T10:35:47.034+0530] {processor.py:914} INFO - Processing file /home/sneha/spotify_airflow_project/venv/lib/python3.12/site-packages/airflow/example_dags/example_kubernetes_executor.py for tasks to queue
[2025-12-17T10:35:47.036+0530] {logging_mixin.py:190} INFO - [2025-12-17T10:35:47.036+0530] {dagbag.py:588} INFO - Filling up the DagBag from /home/sneha/spotify_airflow_project/venv/lib/python3.12/site-packages/airflow/example_dags/example_kubernetes_executor.py
[2025-12-17T10:35:47.039+0530] {logging_mixin.py:190} INFO - [2025-12-17T10:35:47.038+0530] {example_kubernetes_executor.py:39} WARNING - The example_kubernetes_executor example DAG requires the kubernetes provider. Please install it with: pip install apache-airflow[cncf.kubernetes]
[2025-12-17T10:35:47.039+0530] {processor.py:927} WARNING - No viable dags retrieved from /home/sneha/spotify_airflow_project/venv/lib/python3.12/site-packages/airflow/example_dags/example_kubernetes_executor.py
[2025-12-17T10:35:47.050+0530] {processor.py:208} INFO - Processing /home/sneha/spotify_airflow_project/venv/lib/python3.12/site-packages/airflow/example_dags/example_kubernetes_executor.py took 0.024 seconds
[2025-12-17T10:36:53.163+0530] {processor.py:186} INFO - Started process (PID=9998) to work on /home/sneha/spotify_airflow_project/venv/lib/python3.12/site-packages/airflow/example_dags/example_kubernetes_executor.py
[2025-12-17T10:36:53.164+0530] {processor.py:914} INFO - Processing file /home/sneha/spotify_airflow_project/venv/lib/python3.12/site-packages/airflow/example_dags/example_kubernetes_executor.py for tasks to queue
[2025-12-17T10:36:53.166+0530] {logging_mixin.py:190} INFO - [2025-12-17T10:36:53.166+0530] {dagbag.py:588} INFO - Filling up the DagBag from /home/sneha/spotify_airflow_project/venv/lib/python3.12/site-packages/airflow/example_dags/example_kubernetes_executor.py
[2025-12-17T10:36:53.169+0530] {logging_mixin.py:190} INFO - [2025-12-17T10:36:53.169+0530] {example_kubernetes_executor.py:39} WARNING - The example_kubernetes_executor example DAG requires the kubernetes provider. Please install it with: pip install apache-airflow[cncf.kubernetes]
[2025-12-17T10:36:53.169+0530] {processor.py:927} WARNING - No viable dags retrieved from /home/sneha/spotify_airflow_project/venv/lib/python3.12/site-packages/airflow/example_dags/example_kubernetes_executor.py
[2025-12-17T10:36:53.181+0530] {processor.py:208} INFO - Processing /home/sneha/spotify_airflow_project/venv/lib/python3.12/site-packages/airflow/example_dags/example_kubernetes_executor.py took 0.026 seconds
[2025-12-17T10:37:47.864+0530] {processor.py:186} INFO - Started process (PID=10387) to work on /home/sneha/spotify_airflow_project/venv/lib/python3.12/site-packages/airflow/example_dags/example_kubernetes_executor.py
[2025-12-17T10:37:47.865+0530] {processor.py:914} INFO - Processing file /home/sneha/spotify_airflow_project/venv/lib/python3.12/site-packages/airflow/example_dags/example_kubernetes_executor.py for tasks to queue
[2025-12-17T10:37:47.867+0530] {logging_mixin.py:190} INFO - [2025-12-17T10:37:47.867+0530] {dagbag.py:588} INFO - Filling up the DagBag from /home/sneha/spotify_airflow_project/venv/lib/python3.12/site-packages/airflow/example_dags/example_kubernetes_executor.py
[2025-12-17T10:37:47.870+0530] {logging_mixin.py:190} INFO - [2025-12-17T10:37:47.870+0530] {example_kubernetes_executor.py:39} WARNING - The example_kubernetes_executor example DAG requires the kubernetes provider. Please install it with: pip install apache-airflow[cncf.kubernetes]
[2025-12-17T10:37:47.870+0530] {processor.py:927} WARNING - No viable dags retrieved from /home/sneha/spotify_airflow_project/venv/lib/python3.12/site-packages/airflow/example_dags/example_kubernetes_executor.py
[2025-12-17T10:37:47.882+0530] {processor.py:208} INFO - Processing /home/sneha/spotify_airflow_project/venv/lib/python3.12/site-packages/airflow/example_dags/example_kubernetes_executor.py took 0.026 seconds
[2025-12-17T10:38:46.602+0530] {processor.py:186} INFO - Started process (PID=10793) to work on /home/sneha/spotify_airflow_project/venv/lib/python3.12/site-packages/airflow/example_dags/example_kubernetes_executor.py
[2025-12-17T10:38:46.603+0530] {processor.py:914} INFO - Processing file /home/sneha/spotify_airflow_project/venv/lib/python3.12/site-packages/airflow/example_dags/example_kubernetes_executor.py for tasks to queue
[2025-12-17T10:38:46.605+0530] {logging_mixin.py:190} INFO - [2025-12-17T10:38:46.605+0530] {dagbag.py:588} INFO - Filling up the DagBag from /home/sneha/spotify_airflow_project/venv/lib/python3.12/site-packages/airflow/example_dags/example_kubernetes_executor.py
[2025-12-17T10:38:46.608+0530] {logging_mixin.py:190} INFO - [2025-12-17T10:38:46.608+0530] {example_kubernetes_executor.py:39} WARNING - The example_kubernetes_executor example DAG requires the kubernetes provider. Please install it with: pip install apache-airflow[cncf.kubernetes]
[2025-12-17T10:38:46.608+0530] {processor.py:927} WARNING - No viable dags retrieved from /home/sneha/spotify_airflow_project/venv/lib/python3.12/site-packages/airflow/example_dags/example_kubernetes_executor.py
[2025-12-17T10:38:46.620+0530] {processor.py:208} INFO - Processing /home/sneha/spotify_airflow_project/venv/lib/python3.12/site-packages/airflow/example_dags/example_kubernetes_executor.py took 0.026 seconds
[2025-12-17T10:39:44.689+0530] {processor.py:186} INFO - Started process (PID=11225) to work on /home/sneha/spotify_airflow_project/venv/lib/python3.12/site-packages/airflow/example_dags/example_kubernetes_executor.py
[2025-12-17T10:39:44.690+0530] {processor.py:914} INFO - Processing file /home/sneha/spotify_airflow_project/venv/lib/python3.12/site-packages/airflow/example_dags/example_kubernetes_executor.py for tasks to queue
[2025-12-17T10:39:44.692+0530] {logging_mixin.py:190} INFO - [2025-12-17T10:39:44.692+0530] {dagbag.py:588} INFO - Filling up the DagBag from /home/sneha/spotify_airflow_project/venv/lib/python3.12/site-packages/airflow/example_dags/example_kubernetes_executor.py
[2025-12-17T10:39:44.695+0530] {logging_mixin.py:190} INFO - [2025-12-17T10:39:44.695+0530] {example_kubernetes_executor.py:39} WARNING - The example_kubernetes_executor example DAG requires the kubernetes provider. Please install it with: pip install apache-airflow[cncf.kubernetes]
[2025-12-17T10:39:44.696+0530] {processor.py:927} WARNING - No viable dags retrieved from /home/sneha/spotify_airflow_project/venv/lib/python3.12/site-packages/airflow/example_dags/example_kubernetes_executor.py
[2025-12-17T10:39:44.707+0530] {processor.py:208} INFO - Processing /home/sneha/spotify_airflow_project/venv/lib/python3.12/site-packages/airflow/example_dags/example_kubernetes_executor.py took 0.028 seconds
[2025-12-17T10:40:44.538+0530] {processor.py:186} INFO - Started process (PID=11735) to work on /home/sneha/spotify_airflow_project/venv/lib/python3.12/site-packages/airflow/example_dags/example_kubernetes_executor.py
[2025-12-17T10:40:44.540+0530] {processor.py:914} INFO - Processing file /home/sneha/spotify_airflow_project/venv/lib/python3.12/site-packages/airflow/example_dags/example_kubernetes_executor.py for tasks to queue
[2025-12-17T10:40:44.542+0530] {logging_mixin.py:190} INFO - [2025-12-17T10:40:44.541+0530] {dagbag.py:588} INFO - Filling up the DagBag from /home/sneha/spotify_airflow_project/venv/lib/python3.12/site-packages/airflow/example_dags/example_kubernetes_executor.py
[2025-12-17T10:40:44.544+0530] {logging_mixin.py:190} INFO - [2025-12-17T10:40:44.544+0530] {example_kubernetes_executor.py:39} WARNING - The example_kubernetes_executor example DAG requires the kubernetes provider. Please install it with: pip install apache-airflow[cncf.kubernetes]
[2025-12-17T10:40:44.544+0530] {processor.py:927} WARNING - No viable dags retrieved from /home/sneha/spotify_airflow_project/venv/lib/python3.12/site-packages/airflow/example_dags/example_kubernetes_executor.py
[2025-12-17T10:40:44.554+0530] {processor.py:208} INFO - Processing /home/sneha/spotify_airflow_project/venv/lib/python3.12/site-packages/airflow/example_dags/example_kubernetes_executor.py took 0.026 seconds
[2025-12-17T10:41:38.735+0530] {processor.py:186} INFO - Started process (PID=11792) to work on /home/sneha/spotify_airflow_project/venv/lib/python3.12/site-packages/airflow/example_dags/example_kubernetes_executor.py
[2025-12-17T10:41:38.736+0530] {processor.py:914} INFO - Processing file /home/sneha/spotify_airflow_project/venv/lib/python3.12/site-packages/airflow/example_dags/example_kubernetes_executor.py for tasks to queue
[2025-12-17T10:41:38.738+0530] {logging_mixin.py:190} INFO - [2025-12-17T10:41:38.737+0530] {dagbag.py:588} INFO - Filling up the DagBag from /home/sneha/spotify_airflow_project/venv/lib/python3.12/site-packages/airflow/example_dags/example_kubernetes_executor.py
[2025-12-17T10:41:38.740+0530] {logging_mixin.py:190} INFO - [2025-12-17T10:41:38.740+0530] {example_kubernetes_executor.py:39} WARNING - The example_kubernetes_executor example DAG requires the kubernetes provider. Please install it with: pip install apache-airflow[cncf.kubernetes]
[2025-12-17T10:41:38.741+0530] {processor.py:927} WARNING - No viable dags retrieved from /home/sneha/spotify_airflow_project/venv/lib/python3.12/site-packages/airflow/example_dags/example_kubernetes_executor.py
[2025-12-17T10:41:38.751+0530] {processor.py:208} INFO - Processing /home/sneha/spotify_airflow_project/venv/lib/python3.12/site-packages/airflow/example_dags/example_kubernetes_executor.py took 0.027 seconds
[2025-12-17T10:42:33.144+0530] {processor.py:186} INFO - Started process (PID=12101) to work on /home/sneha/spotify_airflow_project/venv/lib/python3.12/site-packages/airflow/example_dags/example_kubernetes_executor.py
[2025-12-17T10:42:33.145+0530] {processor.py:914} INFO - Processing file /home/sneha/spotify_airflow_project/venv/lib/python3.12/site-packages/airflow/example_dags/example_kubernetes_executor.py for tasks to queue
[2025-12-17T10:42:33.147+0530] {logging_mixin.py:190} INFO - [2025-12-17T10:42:33.147+0530] {dagbag.py:588} INFO - Filling up the DagBag from /home/sneha/spotify_airflow_project/venv/lib/python3.12/site-packages/airflow/example_dags/example_kubernetes_executor.py
[2025-12-17T10:42:33.150+0530] {logging_mixin.py:190} INFO - [2025-12-17T10:42:33.150+0530] {example_kubernetes_executor.py:39} WARNING - The example_kubernetes_executor example DAG requires the kubernetes provider. Please install it with: pip install apache-airflow[cncf.kubernetes]
[2025-12-17T10:42:33.150+0530] {processor.py:927} WARNING - No viable dags retrieved from /home/sneha/spotify_airflow_project/venv/lib/python3.12/site-packages/airflow/example_dags/example_kubernetes_executor.py
[2025-12-17T10:42:33.161+0530] {processor.py:208} INFO - Processing /home/sneha/spotify_airflow_project/venv/lib/python3.12/site-packages/airflow/example_dags/example_kubernetes_executor.py took 0.027 seconds
[2025-12-17T10:43:31.464+0530] {processor.py:186} INFO - Started process (PID=12213) to work on /home/sneha/spotify_airflow_project/venv/lib/python3.12/site-packages/airflow/example_dags/example_kubernetes_executor.py
[2025-12-17T10:43:31.465+0530] {processor.py:914} INFO - Processing file /home/sneha/spotify_airflow_project/venv/lib/python3.12/site-packages/airflow/example_dags/example_kubernetes_executor.py for tasks to queue
[2025-12-17T10:43:31.468+0530] {logging_mixin.py:190} INFO - [2025-12-17T10:43:31.467+0530] {dagbag.py:588} INFO - Filling up the DagBag from /home/sneha/spotify_airflow_project/venv/lib/python3.12/site-packages/airflow/example_dags/example_kubernetes_executor.py
[2025-12-17T10:43:31.470+0530] {logging_mixin.py:190} INFO - [2025-12-17T10:43:31.470+0530] {example_kubernetes_executor.py:39} WARNING - The example_kubernetes_executor example DAG requires the kubernetes provider. Please install it with: pip install apache-airflow[cncf.kubernetes]
[2025-12-17T10:43:31.470+0530] {processor.py:927} WARNING - No viable dags retrieved from /home/sneha/spotify_airflow_project/venv/lib/python3.12/site-packages/airflow/example_dags/example_kubernetes_executor.py
[2025-12-17T10:43:31.482+0530] {processor.py:208} INFO - Processing /home/sneha/spotify_airflow_project/venv/lib/python3.12/site-packages/airflow/example_dags/example_kubernetes_executor.py took 0.025 seconds
[2025-12-17T10:44:25.574+0530] {processor.py:186} INFO - Started process (PID=12272) to work on /home/sneha/spotify_airflow_project/venv/lib/python3.12/site-packages/airflow/example_dags/example_kubernetes_executor.py
[2025-12-17T10:44:25.576+0530] {processor.py:914} INFO - Processing file /home/sneha/spotify_airflow_project/venv/lib/python3.12/site-packages/airflow/example_dags/example_kubernetes_executor.py for tasks to queue
[2025-12-17T10:44:25.578+0530] {logging_mixin.py:190} INFO - [2025-12-17T10:44:25.578+0530] {dagbag.py:588} INFO - Filling up the DagBag from /home/sneha/spotify_airflow_project/venv/lib/python3.12/site-packages/airflow/example_dags/example_kubernetes_executor.py
[2025-12-17T10:44:25.582+0530] {logging_mixin.py:190} INFO - [2025-12-17T10:44:25.581+0530] {example_kubernetes_executor.py:39} WARNING - The example_kubernetes_executor example DAG requires the kubernetes provider. Please install it with: pip install apache-airflow[cncf.kubernetes]
[2025-12-17T10:44:25.582+0530] {processor.py:927} WARNING - No viable dags retrieved from /home/sneha/spotify_airflow_project/venv/lib/python3.12/site-packages/airflow/example_dags/example_kubernetes_executor.py
[2025-12-17T10:44:25.596+0530] {processor.py:208} INFO - Processing /home/sneha/spotify_airflow_project/venv/lib/python3.12/site-packages/airflow/example_dags/example_kubernetes_executor.py took 0.030 seconds
[2025-12-17T10:45:19.729+0530] {processor.py:186} INFO - Started process (PID=12387) to work on /home/sneha/spotify_airflow_project/venv/lib/python3.12/site-packages/airflow/example_dags/example_kubernetes_executor.py
[2025-12-17T10:45:19.730+0530] {processor.py:914} INFO - Processing file /home/sneha/spotify_airflow_project/venv/lib/python3.12/site-packages/airflow/example_dags/example_kubernetes_executor.py for tasks to queue
[2025-12-17T10:45:19.733+0530] {logging_mixin.py:190} INFO - [2025-12-17T10:45:19.732+0530] {dagbag.py:588} INFO - Filling up the DagBag from /home/sneha/spotify_airflow_project/venv/lib/python3.12/site-packages/airflow/example_dags/example_kubernetes_executor.py
[2025-12-17T10:45:19.736+0530] {logging_mixin.py:190} INFO - [2025-12-17T10:45:19.735+0530] {example_kubernetes_executor.py:39} WARNING - The example_kubernetes_executor example DAG requires the kubernetes provider. Please install it with: pip install apache-airflow[cncf.kubernetes]
[2025-12-17T10:45:19.736+0530] {processor.py:927} WARNING - No viable dags retrieved from /home/sneha/spotify_airflow_project/venv/lib/python3.12/site-packages/airflow/example_dags/example_kubernetes_executor.py
[2025-12-17T10:45:19.749+0530] {processor.py:208} INFO - Processing /home/sneha/spotify_airflow_project/venv/lib/python3.12/site-packages/airflow/example_dags/example_kubernetes_executor.py took 0.028 seconds
[2025-12-17T10:46:14.192+0530] {processor.py:186} INFO - Started process (PID=12446) to work on /home/sneha/spotify_airflow_project/venv/lib/python3.12/site-packages/airflow/example_dags/example_kubernetes_executor.py
[2025-12-17T10:46:14.193+0530] {processor.py:914} INFO - Processing file /home/sneha/spotify_airflow_project/venv/lib/python3.12/site-packages/airflow/example_dags/example_kubernetes_executor.py for tasks to queue
[2025-12-17T10:46:14.195+0530] {logging_mixin.py:190} INFO - [2025-12-17T10:46:14.194+0530] {dagbag.py:588} INFO - Filling up the DagBag from /home/sneha/spotify_airflow_project/venv/lib/python3.12/site-packages/airflow/example_dags/example_kubernetes_executor.py
[2025-12-17T10:46:14.197+0530] {logging_mixin.py:190} INFO - [2025-12-17T10:46:14.197+0530] {example_kubernetes_executor.py:39} WARNING - The example_kubernetes_executor example DAG requires the kubernetes provider. Please install it with: pip install apache-airflow[cncf.kubernetes]
[2025-12-17T10:46:14.197+0530] {processor.py:927} WARNING - No viable dags retrieved from /home/sneha/spotify_airflow_project/venv/lib/python3.12/site-packages/airflow/example_dags/example_kubernetes_executor.py
[2025-12-17T10:46:14.208+0530] {processor.py:208} INFO - Processing /home/sneha/spotify_airflow_project/venv/lib/python3.12/site-packages/airflow/example_dags/example_kubernetes_executor.py took 0.025 seconds
[2025-12-17T10:47:11.105+0530] {processor.py:186} INFO - Started process (PID=12732) to work on /home/sneha/spotify_airflow_project/venv/lib/python3.12/site-packages/airflow/example_dags/example_kubernetes_executor.py
[2025-12-17T10:47:11.106+0530] {processor.py:914} INFO - Processing file /home/sneha/spotify_airflow_project/venv/lib/python3.12/site-packages/airflow/example_dags/example_kubernetes_executor.py for tasks to queue
[2025-12-17T10:47:11.108+0530] {logging_mixin.py:190} INFO - [2025-12-17T10:47:11.107+0530] {dagbag.py:588} INFO - Filling up the DagBag from /home/sneha/spotify_airflow_project/venv/lib/python3.12/site-packages/airflow/example_dags/example_kubernetes_executor.py
[2025-12-17T10:47:11.111+0530] {logging_mixin.py:190} INFO - [2025-12-17T10:47:11.110+0530] {example_kubernetes_executor.py:39} WARNING - The example_kubernetes_executor example DAG requires the kubernetes provider. Please install it with: pip install apache-airflow[cncf.kubernetes]
[2025-12-17T10:47:11.111+0530] {processor.py:927} WARNING - No viable dags retrieved from /home/sneha/spotify_airflow_project/venv/lib/python3.12/site-packages/airflow/example_dags/example_kubernetes_executor.py
[2025-12-17T10:47:11.122+0530] {processor.py:208} INFO - Processing /home/sneha/spotify_airflow_project/venv/lib/python3.12/site-packages/airflow/example_dags/example_kubernetes_executor.py took 0.025 seconds
[2025-12-17T10:48:06.123+0530] {processor.py:186} INFO - Started process (PID=12794) to work on /home/sneha/spotify_airflow_project/venv/lib/python3.12/site-packages/airflow/example_dags/example_kubernetes_executor.py
[2025-12-17T10:48:06.124+0530] {processor.py:914} INFO - Processing file /home/sneha/spotify_airflow_project/venv/lib/python3.12/site-packages/airflow/example_dags/example_kubernetes_executor.py for tasks to queue
[2025-12-17T10:48:06.126+0530] {logging_mixin.py:190} INFO - [2025-12-17T10:48:06.125+0530] {dagbag.py:588} INFO - Filling up the DagBag from /home/sneha/spotify_airflow_project/venv/lib/python3.12/site-packages/airflow/example_dags/example_kubernetes_executor.py
[2025-12-17T10:48:06.128+0530] {logging_mixin.py:190} INFO - [2025-12-17T10:48:06.128+0530] {example_kubernetes_executor.py:39} WARNING - The example_kubernetes_executor example DAG requires the kubernetes provider. Please install it with: pip install apache-airflow[cncf.kubernetes]
[2025-12-17T10:48:06.128+0530] {processor.py:927} WARNING - No viable dags retrieved from /home/sneha/spotify_airflow_project/venv/lib/python3.12/site-packages/airflow/example_dags/example_kubernetes_executor.py
[2025-12-17T10:48:06.138+0530] {processor.py:208} INFO - Processing /home/sneha/spotify_airflow_project/venv/lib/python3.12/site-packages/airflow/example_dags/example_kubernetes_executor.py took 0.025 seconds
[2025-12-17T10:49:18.162+0530] {processor.py:186} INFO - Started process (PID=13412) to work on /home/sneha/spotify_airflow_project/venv/lib/python3.12/site-packages/airflow/example_dags/example_kubernetes_executor.py
[2025-12-17T10:49:18.163+0530] {processor.py:914} INFO - Processing file /home/sneha/spotify_airflow_project/venv/lib/python3.12/site-packages/airflow/example_dags/example_kubernetes_executor.py for tasks to queue
[2025-12-17T10:49:18.165+0530] {logging_mixin.py:190} INFO - [2025-12-17T10:49:18.165+0530] {dagbag.py:588} INFO - Filling up the DagBag from /home/sneha/spotify_airflow_project/venv/lib/python3.12/site-packages/airflow/example_dags/example_kubernetes_executor.py
[2025-12-17T10:49:18.168+0530] {logging_mixin.py:190} INFO - [2025-12-17T10:49:18.168+0530] {example_kubernetes_executor.py:39} WARNING - The example_kubernetes_executor example DAG requires the kubernetes provider. Please install it with: pip install apache-airflow[cncf.kubernetes]
[2025-12-17T10:49:18.168+0530] {processor.py:927} WARNING - No viable dags retrieved from /home/sneha/spotify_airflow_project/venv/lib/python3.12/site-packages/airflow/example_dags/example_kubernetes_executor.py
[2025-12-17T10:49:18.180+0530] {processor.py:208} INFO - Processing /home/sneha/spotify_airflow_project/venv/lib/python3.12/site-packages/airflow/example_dags/example_kubernetes_executor.py took 0.024 seconds
[2025-12-17T10:50:13.993+0530] {processor.py:186} INFO - Started process (PID=13723) to work on /home/sneha/spotify_airflow_project/venv/lib/python3.12/site-packages/airflow/example_dags/example_kubernetes_executor.py
[2025-12-17T10:50:13.994+0530] {processor.py:914} INFO - Processing file /home/sneha/spotify_airflow_project/venv/lib/python3.12/site-packages/airflow/example_dags/example_kubernetes_executor.py for tasks to queue
[2025-12-17T10:50:13.996+0530] {logging_mixin.py:190} INFO - [2025-12-17T10:50:13.995+0530] {dagbag.py:588} INFO - Filling up the DagBag from /home/sneha/spotify_airflow_project/venv/lib/python3.12/site-packages/airflow/example_dags/example_kubernetes_executor.py
[2025-12-17T10:50:13.998+0530] {logging_mixin.py:190} INFO - [2025-12-17T10:50:13.998+0530] {example_kubernetes_executor.py:39} WARNING - The example_kubernetes_executor example DAG requires the kubernetes provider. Please install it with: pip install apache-airflow[cncf.kubernetes]
[2025-12-17T10:50:13.999+0530] {processor.py:927} WARNING - No viable dags retrieved from /home/sneha/spotify_airflow_project/venv/lib/python3.12/site-packages/airflow/example_dags/example_kubernetes_executor.py
[2025-12-17T10:50:14.010+0530] {processor.py:208} INFO - Processing /home/sneha/spotify_airflow_project/venv/lib/python3.12/site-packages/airflow/example_dags/example_kubernetes_executor.py took 0.024 seconds
[2025-12-17T10:51:08.692+0530] {processor.py:186} INFO - Started process (PID=14061) to work on /home/sneha/spotify_airflow_project/venv/lib/python3.12/site-packages/airflow/example_dags/example_kubernetes_executor.py
[2025-12-17T10:51:08.693+0530] {processor.py:914} INFO - Processing file /home/sneha/spotify_airflow_project/venv/lib/python3.12/site-packages/airflow/example_dags/example_kubernetes_executor.py for tasks to queue
[2025-12-17T10:51:08.695+0530] {logging_mixin.py:190} INFO - [2025-12-17T10:51:08.695+0530] {dagbag.py:588} INFO - Filling up the DagBag from /home/sneha/spotify_airflow_project/venv/lib/python3.12/site-packages/airflow/example_dags/example_kubernetes_executor.py
[2025-12-17T10:51:08.698+0530] {logging_mixin.py:190} INFO - [2025-12-17T10:51:08.698+0530] {example_kubernetes_executor.py:39} WARNING - The example_kubernetes_executor example DAG requires the kubernetes provider. Please install it with: pip install apache-airflow[cncf.kubernetes]
[2025-12-17T10:51:08.699+0530] {processor.py:927} WARNING - No viable dags retrieved from /home/sneha/spotify_airflow_project/venv/lib/python3.12/site-packages/airflow/example_dags/example_kubernetes_executor.py
[2025-12-17T10:51:08.710+0530] {processor.py:208} INFO - Processing /home/sneha/spotify_airflow_project/venv/lib/python3.12/site-packages/airflow/example_dags/example_kubernetes_executor.py took 0.025 seconds
[2025-12-17T10:52:03.131+0530] {processor.py:186} INFO - Started process (PID=14450) to work on /home/sneha/spotify_airflow_project/venv/lib/python3.12/site-packages/airflow/example_dags/example_kubernetes_executor.py
[2025-12-17T10:52:03.132+0530] {processor.py:914} INFO - Processing file /home/sneha/spotify_airflow_project/venv/lib/python3.12/site-packages/airflow/example_dags/example_kubernetes_executor.py for tasks to queue
[2025-12-17T10:52:03.134+0530] {logging_mixin.py:190} INFO - [2025-12-17T10:52:03.134+0530] {dagbag.py:588} INFO - Filling up the DagBag from /home/sneha/spotify_airflow_project/venv/lib/python3.12/site-packages/airflow/example_dags/example_kubernetes_executor.py
[2025-12-17T10:52:03.137+0530] {logging_mixin.py:190} INFO - [2025-12-17T10:52:03.137+0530] {example_kubernetes_executor.py:39} WARNING - The example_kubernetes_executor example DAG requires the kubernetes provider. Please install it with: pip install apache-airflow[cncf.kubernetes]
[2025-12-17T10:52:03.137+0530] {processor.py:927} WARNING - No viable dags retrieved from /home/sneha/spotify_airflow_project/venv/lib/python3.12/site-packages/airflow/example_dags/example_kubernetes_executor.py
[2025-12-17T10:52:03.149+0530] {processor.py:208} INFO - Processing /home/sneha/spotify_airflow_project/venv/lib/python3.12/site-packages/airflow/example_dags/example_kubernetes_executor.py took 0.025 seconds
[2025-12-17T10:52:57.986+0530] {processor.py:186} INFO - Started process (PID=14836) to work on /home/sneha/spotify_airflow_project/venv/lib/python3.12/site-packages/airflow/example_dags/example_kubernetes_executor.py
[2025-12-17T10:52:57.987+0530] {processor.py:914} INFO - Processing file /home/sneha/spotify_airflow_project/venv/lib/python3.12/site-packages/airflow/example_dags/example_kubernetes_executor.py for tasks to queue
[2025-12-17T10:52:57.989+0530] {logging_mixin.py:190} INFO - [2025-12-17T10:52:57.989+0530] {dagbag.py:588} INFO - Filling up the DagBag from /home/sneha/spotify_airflow_project/venv/lib/python3.12/site-packages/airflow/example_dags/example_kubernetes_executor.py
[2025-12-17T10:52:57.993+0530] {logging_mixin.py:190} INFO - [2025-12-17T10:52:57.992+0530] {example_kubernetes_executor.py:39} WARNING - The example_kubernetes_executor example DAG requires the kubernetes provider. Please install it with: pip install apache-airflow[cncf.kubernetes]
[2025-12-17T10:52:57.993+0530] {processor.py:927} WARNING - No viable dags retrieved from /home/sneha/spotify_airflow_project/venv/lib/python3.12/site-packages/airflow/example_dags/example_kubernetes_executor.py
[2025-12-17T10:52:58.004+0530] {processor.py:208} INFO - Processing /home/sneha/spotify_airflow_project/venv/lib/python3.12/site-packages/airflow/example_dags/example_kubernetes_executor.py took 0.024 seconds
[2025-12-17T10:53:58.149+0530] {processor.py:186} INFO - Started process (PID=15288) to work on /home/sneha/spotify_airflow_project/venv/lib/python3.12/site-packages/airflow/example_dags/example_kubernetes_executor.py
[2025-12-17T10:53:58.150+0530] {processor.py:914} INFO - Processing file /home/sneha/spotify_airflow_project/venv/lib/python3.12/site-packages/airflow/example_dags/example_kubernetes_executor.py for tasks to queue
[2025-12-17T10:53:58.152+0530] {logging_mixin.py:190} INFO - [2025-12-17T10:53:58.152+0530] {dagbag.py:588} INFO - Filling up the DagBag from /home/sneha/spotify_airflow_project/venv/lib/python3.12/site-packages/airflow/example_dags/example_kubernetes_executor.py
[2025-12-17T10:53:58.155+0530] {logging_mixin.py:190} INFO - [2025-12-17T10:53:58.155+0530] {example_kubernetes_executor.py:39} WARNING - The example_kubernetes_executor example DAG requires the kubernetes provider. Please install it with: pip install apache-airflow[cncf.kubernetes]
[2025-12-17T10:53:58.155+0530] {processor.py:927} WARNING - No viable dags retrieved from /home/sneha/spotify_airflow_project/venv/lib/python3.12/site-packages/airflow/example_dags/example_kubernetes_executor.py
[2025-12-17T10:53:58.166+0530] {processor.py:208} INFO - Processing /home/sneha/spotify_airflow_project/venv/lib/python3.12/site-packages/airflow/example_dags/example_kubernetes_executor.py took 0.029 seconds
[2025-12-17T10:54:57.628+0530] {processor.py:186} INFO - Started process (PID=15525) to work on /home/sneha/spotify_airflow_project/venv/lib/python3.12/site-packages/airflow/example_dags/example_kubernetes_executor.py
[2025-12-17T10:54:57.630+0530] {processor.py:914} INFO - Processing file /home/sneha/spotify_airflow_project/venv/lib/python3.12/site-packages/airflow/example_dags/example_kubernetes_executor.py for tasks to queue
[2025-12-17T10:54:57.632+0530] {logging_mixin.py:190} INFO - [2025-12-17T10:54:57.631+0530] {dagbag.py:588} INFO - Filling up the DagBag from /home/sneha/spotify_airflow_project/venv/lib/python3.12/site-packages/airflow/example_dags/example_kubernetes_executor.py
[2025-12-17T10:54:57.634+0530] {logging_mixin.py:190} INFO - [2025-12-17T10:54:57.634+0530] {example_kubernetes_executor.py:39} WARNING - The example_kubernetes_executor example DAG requires the kubernetes provider. Please install it with: pip install apache-airflow[cncf.kubernetes]
[2025-12-17T10:54:57.634+0530] {processor.py:927} WARNING - No viable dags retrieved from /home/sneha/spotify_airflow_project/venv/lib/python3.12/site-packages/airflow/example_dags/example_kubernetes_executor.py
[2025-12-17T10:54:57.644+0530] {processor.py:208} INFO - Processing /home/sneha/spotify_airflow_project/venv/lib/python3.12/site-packages/airflow/example_dags/example_kubernetes_executor.py took 0.027 seconds
[2025-12-17T10:55:53.619+0530] {processor.py:186} INFO - Started process (PID=15620) to work on /home/sneha/spotify_airflow_project/venv/lib/python3.12/site-packages/airflow/example_dags/example_kubernetes_executor.py
[2025-12-17T10:55:53.620+0530] {processor.py:914} INFO - Processing file /home/sneha/spotify_airflow_project/venv/lib/python3.12/site-packages/airflow/example_dags/example_kubernetes_executor.py for tasks to queue
[2025-12-17T10:55:53.622+0530] {logging_mixin.py:190} INFO - [2025-12-17T10:55:53.622+0530] {dagbag.py:588} INFO - Filling up the DagBag from /home/sneha/spotify_airflow_project/venv/lib/python3.12/site-packages/airflow/example_dags/example_kubernetes_executor.py
[2025-12-17T10:55:53.625+0530] {logging_mixin.py:190} INFO - [2025-12-17T10:55:53.625+0530] {example_kubernetes_executor.py:39} WARNING - The example_kubernetes_executor example DAG requires the kubernetes provider. Please install it with: pip install apache-airflow[cncf.kubernetes]
[2025-12-17T10:55:53.625+0530] {processor.py:927} WARNING - No viable dags retrieved from /home/sneha/spotify_airflow_project/venv/lib/python3.12/site-packages/airflow/example_dags/example_kubernetes_executor.py
[2025-12-17T10:55:53.636+0530] {processor.py:208} INFO - Processing /home/sneha/spotify_airflow_project/venv/lib/python3.12/site-packages/airflow/example_dags/example_kubernetes_executor.py took 0.024 seconds
[2025-12-17T10:56:47.828+0530] {processor.py:186} INFO - Started process (PID=15680) to work on /home/sneha/spotify_airflow_project/venv/lib/python3.12/site-packages/airflow/example_dags/example_kubernetes_executor.py
[2025-12-17T10:56:47.829+0530] {processor.py:914} INFO - Processing file /home/sneha/spotify_airflow_project/venv/lib/python3.12/site-packages/airflow/example_dags/example_kubernetes_executor.py for tasks to queue
[2025-12-17T10:56:47.831+0530] {logging_mixin.py:190} INFO - [2025-12-17T10:56:47.831+0530] {dagbag.py:588} INFO - Filling up the DagBag from /home/sneha/spotify_airflow_project/venv/lib/python3.12/site-packages/airflow/example_dags/example_kubernetes_executor.py
[2025-12-17T10:56:47.834+0530] {logging_mixin.py:190} INFO - [2025-12-17T10:56:47.834+0530] {example_kubernetes_executor.py:39} WARNING - The example_kubernetes_executor example DAG requires the kubernetes provider. Please install it with: pip install apache-airflow[cncf.kubernetes]
[2025-12-17T10:56:47.834+0530] {processor.py:927} WARNING - No viable dags retrieved from /home/sneha/spotify_airflow_project/venv/lib/python3.12/site-packages/airflow/example_dags/example_kubernetes_executor.py
[2025-12-17T10:56:47.844+0530] {processor.py:208} INFO - Processing /home/sneha/spotify_airflow_project/venv/lib/python3.12/site-packages/airflow/example_dags/example_kubernetes_executor.py took 0.026 seconds
[2025-12-17T10:57:43.049+0530] {processor.py:186} INFO - Started process (PID=15822) to work on /home/sneha/spotify_airflow_project/venv/lib/python3.12/site-packages/airflow/example_dags/example_kubernetes_executor.py
[2025-12-17T10:57:43.050+0530] {processor.py:914} INFO - Processing file /home/sneha/spotify_airflow_project/venv/lib/python3.12/site-packages/airflow/example_dags/example_kubernetes_executor.py for tasks to queue
[2025-12-17T10:57:43.052+0530] {logging_mixin.py:190} INFO - [2025-12-17T10:57:43.052+0530] {dagbag.py:588} INFO - Filling up the DagBag from /home/sneha/spotify_airflow_project/venv/lib/python3.12/site-packages/airflow/example_dags/example_kubernetes_executor.py
[2025-12-17T10:57:43.055+0530] {logging_mixin.py:190} INFO - [2025-12-17T10:57:43.054+0530] {example_kubernetes_executor.py:39} WARNING - The example_kubernetes_executor example DAG requires the kubernetes provider. Please install it with: pip install apache-airflow[cncf.kubernetes]
[2025-12-17T10:57:43.055+0530] {processor.py:927} WARNING - No viable dags retrieved from /home/sneha/spotify_airflow_project/venv/lib/python3.12/site-packages/airflow/example_dags/example_kubernetes_executor.py
[2025-12-17T10:57:43.066+0530] {processor.py:208} INFO - Processing /home/sneha/spotify_airflow_project/venv/lib/python3.12/site-packages/airflow/example_dags/example_kubernetes_executor.py took 0.028 seconds
[2025-12-17T11:01:32.646+0530] {processor.py:186} INFO - Started process (PID=17180) to work on /home/sneha/spotify_airflow_project/venv/lib/python3.12/site-packages/airflow/example_dags/example_kubernetes_executor.py
[2025-12-17T11:01:32.647+0530] {processor.py:914} INFO - Processing file /home/sneha/spotify_airflow_project/venv/lib/python3.12/site-packages/airflow/example_dags/example_kubernetes_executor.py for tasks to queue
[2025-12-17T11:01:32.649+0530] {logging_mixin.py:190} INFO - [2025-12-17T11:01:32.648+0530] {dagbag.py:588} INFO - Filling up the DagBag from /home/sneha/spotify_airflow_project/venv/lib/python3.12/site-packages/airflow/example_dags/example_kubernetes_executor.py
[2025-12-17T11:01:32.651+0530] {logging_mixin.py:190} INFO - [2025-12-17T11:01:32.651+0530] {example_kubernetes_executor.py:39} WARNING - The example_kubernetes_executor example DAG requires the kubernetes provider. Please install it with: pip install apache-airflow[cncf.kubernetes]
[2025-12-17T11:01:32.652+0530] {processor.py:927} WARNING - No viable dags retrieved from /home/sneha/spotify_airflow_project/venv/lib/python3.12/site-packages/airflow/example_dags/example_kubernetes_executor.py
[2025-12-17T11:01:32.663+0530] {processor.py:208} INFO - Processing /home/sneha/spotify_airflow_project/venv/lib/python3.12/site-packages/airflow/example_dags/example_kubernetes_executor.py took 0.026 seconds
[2025-12-17T11:03:00.203+0530] {processor.py:186} INFO - Started process (PID=18032) to work on /home/sneha/spotify_airflow_project/venv/lib/python3.12/site-packages/airflow/example_dags/example_kubernetes_executor.py
[2025-12-17T11:03:00.205+0530] {processor.py:914} INFO - Processing file /home/sneha/spotify_airflow_project/venv/lib/python3.12/site-packages/airflow/example_dags/example_kubernetes_executor.py for tasks to queue
[2025-12-17T11:03:00.207+0530] {logging_mixin.py:190} INFO - [2025-12-17T11:03:00.206+0530] {dagbag.py:588} INFO - Filling up the DagBag from /home/sneha/spotify_airflow_project/venv/lib/python3.12/site-packages/airflow/example_dags/example_kubernetes_executor.py
[2025-12-17T11:03:00.210+0530] {logging_mixin.py:190} INFO - [2025-12-17T11:03:00.210+0530] {example_kubernetes_executor.py:39} WARNING - The example_kubernetes_executor example DAG requires the kubernetes provider. Please install it with: pip install apache-airflow[cncf.kubernetes]
[2025-12-17T11:03:00.210+0530] {processor.py:927} WARNING - No viable dags retrieved from /home/sneha/spotify_airflow_project/venv/lib/python3.12/site-packages/airflow/example_dags/example_kubernetes_executor.py
[2025-12-17T11:03:00.223+0530] {processor.py:208} INFO - Processing /home/sneha/spotify_airflow_project/venv/lib/python3.12/site-packages/airflow/example_dags/example_kubernetes_executor.py took 0.031 seconds
[2025-12-17T11:03:57.885+0530] {processor.py:186} INFO - Started process (PID=18315) to work on /home/sneha/spotify_airflow_project/venv/lib/python3.12/site-packages/airflow/example_dags/example_kubernetes_executor.py
[2025-12-17T11:03:57.886+0530] {processor.py:914} INFO - Processing file /home/sneha/spotify_airflow_project/venv/lib/python3.12/site-packages/airflow/example_dags/example_kubernetes_executor.py for tasks to queue
[2025-12-17T11:03:57.888+0530] {logging_mixin.py:190} INFO - [2025-12-17T11:03:57.887+0530] {dagbag.py:588} INFO - Filling up the DagBag from /home/sneha/spotify_airflow_project/venv/lib/python3.12/site-packages/airflow/example_dags/example_kubernetes_executor.py
[2025-12-17T11:03:57.890+0530] {logging_mixin.py:190} INFO - [2025-12-17T11:03:57.890+0530] {example_kubernetes_executor.py:39} WARNING - The example_kubernetes_executor example DAG requires the kubernetes provider. Please install it with: pip install apache-airflow[cncf.kubernetes]
[2025-12-17T11:03:57.891+0530] {processor.py:927} WARNING - No viable dags retrieved from /home/sneha/spotify_airflow_project/venv/lib/python3.12/site-packages/airflow/example_dags/example_kubernetes_executor.py
[2025-12-17T11:03:57.902+0530] {processor.py:208} INFO - Processing /home/sneha/spotify_airflow_project/venv/lib/python3.12/site-packages/airflow/example_dags/example_kubernetes_executor.py took 0.026 seconds
[2025-12-17T11:04:57.623+0530] {processor.py:186} INFO - Started process (PID=18603) to work on /home/sneha/spotify_airflow_project/venv/lib/python3.12/site-packages/airflow/example_dags/example_kubernetes_executor.py
[2025-12-17T11:04:57.624+0530] {processor.py:914} INFO - Processing file /home/sneha/spotify_airflow_project/venv/lib/python3.12/site-packages/airflow/example_dags/example_kubernetes_executor.py for tasks to queue
[2025-12-17T11:04:57.628+0530] {logging_mixin.py:190} INFO - [2025-12-17T11:04:57.627+0530] {dagbag.py:588} INFO - Filling up the DagBag from /home/sneha/spotify_airflow_project/venv/lib/python3.12/site-packages/airflow/example_dags/example_kubernetes_executor.py
[2025-12-17T11:04:57.631+0530] {logging_mixin.py:190} INFO - [2025-12-17T11:04:57.631+0530] {example_kubernetes_executor.py:39} WARNING - The example_kubernetes_executor example DAG requires the kubernetes provider. Please install it with: pip install apache-airflow[cncf.kubernetes]
[2025-12-17T11:04:57.632+0530] {processor.py:927} WARNING - No viable dags retrieved from /home/sneha/spotify_airflow_project/venv/lib/python3.12/site-packages/airflow/example_dags/example_kubernetes_executor.py
[2025-12-17T11:04:57.647+0530] {processor.py:208} INFO - Processing /home/sneha/spotify_airflow_project/venv/lib/python3.12/site-packages/airflow/example_dags/example_kubernetes_executor.py took 0.032 seconds
[2025-12-17T11:05:56.705+0530] {processor.py:186} INFO - Started process (PID=18740) to work on /home/sneha/spotify_airflow_project/venv/lib/python3.12/site-packages/airflow/example_dags/example_kubernetes_executor.py
[2025-12-17T11:05:56.706+0530] {processor.py:914} INFO - Processing file /home/sneha/spotify_airflow_project/venv/lib/python3.12/site-packages/airflow/example_dags/example_kubernetes_executor.py for tasks to queue
[2025-12-17T11:05:56.708+0530] {logging_mixin.py:190} INFO - [2025-12-17T11:05:56.708+0530] {dagbag.py:588} INFO - Filling up the DagBag from /home/sneha/spotify_airflow_project/venv/lib/python3.12/site-packages/airflow/example_dags/example_kubernetes_executor.py
[2025-12-17T11:05:56.710+0530] {logging_mixin.py:190} INFO - [2025-12-17T11:05:56.710+0530] {example_kubernetes_executor.py:39} WARNING - The example_kubernetes_executor example DAG requires the kubernetes provider. Please install it with: pip install apache-airflow[cncf.kubernetes]
[2025-12-17T11:05:56.711+0530] {processor.py:927} WARNING - No viable dags retrieved from /home/sneha/spotify_airflow_project/venv/lib/python3.12/site-packages/airflow/example_dags/example_kubernetes_executor.py
[2025-12-17T11:05:56.722+0530] {processor.py:208} INFO - Processing /home/sneha/spotify_airflow_project/venv/lib/python3.12/site-packages/airflow/example_dags/example_kubernetes_executor.py took 0.026 seconds
[2025-12-17T11:07:07.104+0530] {processor.py:186} INFO - Started process (PID=19333) to work on /home/sneha/spotify_airflow_project/venv/lib/python3.12/site-packages/airflow/example_dags/example_kubernetes_executor.py
[2025-12-17T11:07:07.105+0530] {processor.py:914} INFO - Processing file /home/sneha/spotify_airflow_project/venv/lib/python3.12/site-packages/airflow/example_dags/example_kubernetes_executor.py for tasks to queue
[2025-12-17T11:07:07.107+0530] {logging_mixin.py:190} INFO - [2025-12-17T11:07:07.107+0530] {dagbag.py:588} INFO - Filling up the DagBag from /home/sneha/spotify_airflow_project/venv/lib/python3.12/site-packages/airflow/example_dags/example_kubernetes_executor.py
[2025-12-17T11:07:07.110+0530] {logging_mixin.py:190} INFO - [2025-12-17T11:07:07.110+0530] {example_kubernetes_executor.py:39} WARNING - The example_kubernetes_executor example DAG requires the kubernetes provider. Please install it with: pip install apache-airflow[cncf.kubernetes]
[2025-12-17T11:07:07.111+0530] {processor.py:927} WARNING - No viable dags retrieved from /home/sneha/spotify_airflow_project/venv/lib/python3.12/site-packages/airflow/example_dags/example_kubernetes_executor.py
[2025-12-17T11:07:07.122+0530] {processor.py:208} INFO - Processing /home/sneha/spotify_airflow_project/venv/lib/python3.12/site-packages/airflow/example_dags/example_kubernetes_executor.py took 0.025 seconds
[2025-12-17T12:47:46.587+0530] {processor.py:186} INFO - Started process (PID=71117) to work on /home/sneha/spotify_airflow_project/venv/lib/python3.12/site-packages/airflow/example_dags/example_kubernetes_executor.py
[2025-12-17T12:47:46.596+0530] {processor.py:914} INFO - Processing file /home/sneha/spotify_airflow_project/venv/lib/python3.12/site-packages/airflow/example_dags/example_kubernetes_executor.py for tasks to queue
[2025-12-17T12:47:46.602+0530] {logging_mixin.py:190} INFO - [2025-12-17T12:47:46.601+0530] {dagbag.py:588} INFO - Filling up the DagBag from /home/sneha/spotify_airflow_project/venv/lib/python3.12/site-packages/airflow/example_dags/example_kubernetes_executor.py
[2025-12-17T12:47:46.610+0530] {logging_mixin.py:190} INFO - [2025-12-17T12:47:46.609+0530] {example_kubernetes_executor.py:39} WARNING - The example_kubernetes_executor example DAG requires the kubernetes provider. Please install it with: pip install apache-airflow[cncf.kubernetes]
[2025-12-17T12:47:46.611+0530] {processor.py:927} WARNING - No viable dags retrieved from /home/sneha/spotify_airflow_project/venv/lib/python3.12/site-packages/airflow/example_dags/example_kubernetes_executor.py
[2025-12-17T12:47:46.640+0530] {processor.py:208} INFO - Processing /home/sneha/spotify_airflow_project/venv/lib/python3.12/site-packages/airflow/example_dags/example_kubernetes_executor.py took 0.082 seconds
[2025-12-17T12:48:56.544+0530] {processor.py:186} INFO - Started process (PID=71278) to work on /home/sneha/spotify_airflow_project/venv/lib/python3.12/site-packages/airflow/example_dags/example_kubernetes_executor.py
[2025-12-17T12:48:56.546+0530] {processor.py:914} INFO - Processing file /home/sneha/spotify_airflow_project/venv/lib/python3.12/site-packages/airflow/example_dags/example_kubernetes_executor.py for tasks to queue
[2025-12-17T12:48:56.550+0530] {logging_mixin.py:190} INFO - [2025-12-17T12:48:56.549+0530] {dagbag.py:588} INFO - Filling up the DagBag from /home/sneha/spotify_airflow_project/venv/lib/python3.12/site-packages/airflow/example_dags/example_kubernetes_executor.py
[2025-12-17T12:48:56.555+0530] {logging_mixin.py:190} INFO - [2025-12-17T12:48:56.555+0530] {example_kubernetes_executor.py:39} WARNING - The example_kubernetes_executor example DAG requires the kubernetes provider. Please install it with: pip install apache-airflow[cncf.kubernetes]
[2025-12-17T12:48:56.556+0530] {processor.py:927} WARNING - No viable dags retrieved from /home/sneha/spotify_airflow_project/venv/lib/python3.12/site-packages/airflow/example_dags/example_kubernetes_executor.py
[2025-12-17T12:48:56.577+0530] {processor.py:208} INFO - Processing /home/sneha/spotify_airflow_project/venv/lib/python3.12/site-packages/airflow/example_dags/example_kubernetes_executor.py took 0.043 seconds
[2025-12-17T12:50:29.007+0530] {processor.py:186} INFO - Started process (PID=71553) to work on /home/sneha/spotify_airflow_project/venv/lib/python3.12/site-packages/airflow/example_dags/example_kubernetes_executor.py
[2025-12-17T12:50:29.008+0530] {processor.py:914} INFO - Processing file /home/sneha/spotify_airflow_project/venv/lib/python3.12/site-packages/airflow/example_dags/example_kubernetes_executor.py for tasks to queue
[2025-12-17T12:50:29.012+0530] {logging_mixin.py:190} INFO - [2025-12-17T12:50:29.011+0530] {dagbag.py:588} INFO - Filling up the DagBag from /home/sneha/spotify_airflow_project/venv/lib/python3.12/site-packages/airflow/example_dags/example_kubernetes_executor.py
[2025-12-17T12:50:29.016+0530] {logging_mixin.py:190} INFO - [2025-12-17T12:50:29.016+0530] {example_kubernetes_executor.py:39} WARNING - The example_kubernetes_executor example DAG requires the kubernetes provider. Please install it with: pip install apache-airflow[cncf.kubernetes]
[2025-12-17T12:50:29.016+0530] {processor.py:927} WARNING - No viable dags retrieved from /home/sneha/spotify_airflow_project/venv/lib/python3.12/site-packages/airflow/example_dags/example_kubernetes_executor.py
[2025-12-17T12:50:29.037+0530] {processor.py:208} INFO - Processing /home/sneha/spotify_airflow_project/venv/lib/python3.12/site-packages/airflow/example_dags/example_kubernetes_executor.py took 0.041 seconds
[2025-12-17T12:51:42.327+0530] {processor.py:186} INFO - Started process (PID=72148) to work on /home/sneha/spotify_airflow_project/venv/lib/python3.12/site-packages/airflow/example_dags/example_kubernetes_executor.py
[2025-12-17T12:51:42.329+0530] {processor.py:914} INFO - Processing file /home/sneha/spotify_airflow_project/venv/lib/python3.12/site-packages/airflow/example_dags/example_kubernetes_executor.py for tasks to queue
[2025-12-17T12:51:42.334+0530] {logging_mixin.py:190} INFO - [2025-12-17T12:51:42.333+0530] {dagbag.py:588} INFO - Filling up the DagBag from /home/sneha/spotify_airflow_project/venv/lib/python3.12/site-packages/airflow/example_dags/example_kubernetes_executor.py
[2025-12-17T12:51:42.339+0530] {logging_mixin.py:190} INFO - [2025-12-17T12:51:42.339+0530] {example_kubernetes_executor.py:39} WARNING - The example_kubernetes_executor example DAG requires the kubernetes provider. Please install it with: pip install apache-airflow[cncf.kubernetes]
[2025-12-17T12:51:42.340+0530] {processor.py:927} WARNING - No viable dags retrieved from /home/sneha/spotify_airflow_project/venv/lib/python3.12/site-packages/airflow/example_dags/example_kubernetes_executor.py
[2025-12-17T12:51:42.361+0530] {processor.py:208} INFO - Processing /home/sneha/spotify_airflow_project/venv/lib/python3.12/site-packages/airflow/example_dags/example_kubernetes_executor.py took 0.044 seconds
[2025-12-17T12:52:51.610+0530] {processor.py:186} INFO - Started process (PID=72309) to work on /home/sneha/spotify_airflow_project/venv/lib/python3.12/site-packages/airflow/example_dags/example_kubernetes_executor.py
[2025-12-17T12:52:51.612+0530] {processor.py:914} INFO - Processing file /home/sneha/spotify_airflow_project/venv/lib/python3.12/site-packages/airflow/example_dags/example_kubernetes_executor.py for tasks to queue
[2025-12-17T12:52:51.615+0530] {logging_mixin.py:190} INFO - [2025-12-17T12:52:51.615+0530] {dagbag.py:588} INFO - Filling up the DagBag from /home/sneha/spotify_airflow_project/venv/lib/python3.12/site-packages/airflow/example_dags/example_kubernetes_executor.py
[2025-12-17T12:52:51.621+0530] {logging_mixin.py:190} INFO - [2025-12-17T12:52:51.620+0530] {example_kubernetes_executor.py:39} WARNING - The example_kubernetes_executor example DAG requires the kubernetes provider. Please install it with: pip install apache-airflow[cncf.kubernetes]
[2025-12-17T12:52:51.621+0530] {processor.py:927} WARNING - No viable dags retrieved from /home/sneha/spotify_airflow_project/venv/lib/python3.12/site-packages/airflow/example_dags/example_kubernetes_executor.py
[2025-12-17T12:52:51.639+0530] {processor.py:208} INFO - Processing /home/sneha/spotify_airflow_project/venv/lib/python3.12/site-packages/airflow/example_dags/example_kubernetes_executor.py took 0.039 seconds
[2025-12-17T12:55:07.022+0530] {processor.py:186} INFO - Started process (PID=73478) to work on /home/sneha/spotify_airflow_project/venv/lib/python3.12/site-packages/airflow/example_dags/example_kubernetes_executor.py
[2025-12-17T12:55:07.024+0530] {processor.py:914} INFO - Processing file /home/sneha/spotify_airflow_project/venv/lib/python3.12/site-packages/airflow/example_dags/example_kubernetes_executor.py for tasks to queue
[2025-12-17T12:55:07.029+0530] {logging_mixin.py:190} INFO - [2025-12-17T12:55:07.028+0530] {dagbag.py:588} INFO - Filling up the DagBag from /home/sneha/spotify_airflow_project/venv/lib/python3.12/site-packages/airflow/example_dags/example_kubernetes_executor.py
[2025-12-17T12:55:07.038+0530] {logging_mixin.py:190} INFO - [2025-12-17T12:55:07.037+0530] {example_kubernetes_executor.py:39} WARNING - The example_kubernetes_executor example DAG requires the kubernetes provider. Please install it with: pip install apache-airflow[cncf.kubernetes]
[2025-12-17T12:55:07.038+0530] {processor.py:927} WARNING - No viable dags retrieved from /home/sneha/spotify_airflow_project/venv/lib/python3.12/site-packages/airflow/example_dags/example_kubernetes_executor.py
[2025-12-17T12:55:07.060+0530] {processor.py:208} INFO - Processing /home/sneha/spotify_airflow_project/venv/lib/python3.12/site-packages/airflow/example_dags/example_kubernetes_executor.py took 0.052 seconds
