[2025-12-17T10:31:01.089+0530] {processor.py:186} INFO - Started process (PID=7356) to work on /home/sneha/spotify_airflow_project/venv/lib/python3.12/site-packages/airflow/example_dags/example_bash_decorator.py
[2025-12-17T10:31:01.090+0530] {processor.py:914} INFO - Processing file /home/sneha/spotify_airflow_project/venv/lib/python3.12/site-packages/airflow/example_dags/example_bash_decorator.py for tasks to queue
[2025-12-17T10:31:01.091+0530] {logging_mixin.py:190} INFO - [2025-12-17T10:31:01.091+0530] {dagbag.py:588} INFO - Filling up the DagBag from /home/sneha/spotify_airflow_project/venv/lib/python3.12/site-packages/airflow/example_dags/example_bash_decorator.py
[2025-12-17T10:31:01.105+0530] {processor.py:925} INFO - DAG(s) 'example_bash_decorator' retrieved from /home/sneha/spotify_airflow_project/venv/lib/python3.12/site-packages/airflow/example_dags/example_bash_decorator.py
[2025-12-17T10:31:01.206+0530] {logging_mixin.py:190} INFO - [2025-12-17T10:31:01.206+0530] {dag.py:3239} INFO - Sync 1 DAGs
[2025-12-17T10:31:01.217+0530] {logging_mixin.py:190} INFO - [2025-12-17T10:31:01.217+0530] {dag.py:4180} INFO - Setting next_dagrun for example_bash_decorator to None, run_after=None
[2025-12-17T10:31:01.236+0530] {processor.py:208} INFO - Processing /home/sneha/spotify_airflow_project/venv/lib/python3.12/site-packages/airflow/example_dags/example_bash_decorator.py took 0.157 seconds
[2025-12-17T10:31:59.494+0530] {processor.py:186} INFO - Started process (PID=7651) to work on /home/sneha/spotify_airflow_project/venv/lib/python3.12/site-packages/airflow/example_dags/example_bash_decorator.py
[2025-12-17T10:31:59.498+0530] {processor.py:914} INFO - Processing file /home/sneha/spotify_airflow_project/venv/lib/python3.12/site-packages/airflow/example_dags/example_bash_decorator.py for tasks to queue
[2025-12-17T10:31:59.500+0530] {logging_mixin.py:190} INFO - [2025-12-17T10:31:59.499+0530] {dagbag.py:588} INFO - Filling up the DagBag from /home/sneha/spotify_airflow_project/venv/lib/python3.12/site-packages/airflow/example_dags/example_bash_decorator.py
[2025-12-17T10:31:59.515+0530] {processor.py:925} INFO - DAG(s) 'example_bash_decorator' retrieved from /home/sneha/spotify_airflow_project/venv/lib/python3.12/site-packages/airflow/example_dags/example_bash_decorator.py
[2025-12-17T10:31:59.536+0530] {logging_mixin.py:190} INFO - [2025-12-17T10:31:59.535+0530] {dag.py:3239} INFO - Sync 1 DAGs
[2025-12-17T10:31:59.548+0530] {logging_mixin.py:190} INFO - [2025-12-17T10:31:59.548+0530] {dag.py:4180} INFO - Setting next_dagrun for example_bash_decorator to None, run_after=None
[2025-12-17T10:31:59.568+0530] {processor.py:208} INFO - Processing /home/sneha/spotify_airflow_project/venv/lib/python3.12/site-packages/airflow/example_dags/example_bash_decorator.py took 0.083 seconds
[2025-12-17T10:33:25.506+0530] {processor.py:186} INFO - Started process (PID=8268) to work on /home/sneha/spotify_airflow_project/venv/lib/python3.12/site-packages/airflow/example_dags/example_bash_decorator.py
[2025-12-17T10:33:25.508+0530] {processor.py:914} INFO - Processing file /home/sneha/spotify_airflow_project/venv/lib/python3.12/site-packages/airflow/example_dags/example_bash_decorator.py for tasks to queue
[2025-12-17T10:33:25.511+0530] {logging_mixin.py:190} INFO - [2025-12-17T10:33:25.510+0530] {dagbag.py:588} INFO - Filling up the DagBag from /home/sneha/spotify_airflow_project/venv/lib/python3.12/site-packages/airflow/example_dags/example_bash_decorator.py
[2025-12-17T10:33:25.526+0530] {processor.py:925} INFO - DAG(s) 'example_bash_decorator' retrieved from /home/sneha/spotify_airflow_project/venv/lib/python3.12/site-packages/airflow/example_dags/example_bash_decorator.py
[2025-12-17T10:33:25.547+0530] {logging_mixin.py:190} INFO - [2025-12-17T10:33:25.546+0530] {dag.py:3239} INFO - Sync 1 DAGs
[2025-12-17T10:33:25.559+0530] {logging_mixin.py:190} INFO - [2025-12-17T10:33:25.559+0530] {dag.py:4180} INFO - Setting next_dagrun for example_bash_decorator to None, run_after=None
[2025-12-17T10:33:25.579+0530] {processor.py:208} INFO - Processing /home/sneha/spotify_airflow_project/venv/lib/python3.12/site-packages/airflow/example_dags/example_bash_decorator.py took 0.079 seconds
[2025-12-17T10:34:47.896+0530] {processor.py:186} INFO - Started process (PID=8819) to work on /home/sneha/spotify_airflow_project/venv/lib/python3.12/site-packages/airflow/example_dags/example_bash_decorator.py
[2025-12-17T10:34:47.897+0530] {processor.py:914} INFO - Processing file /home/sneha/spotify_airflow_project/venv/lib/python3.12/site-packages/airflow/example_dags/example_bash_decorator.py for tasks to queue
[2025-12-17T10:34:47.899+0530] {logging_mixin.py:190} INFO - [2025-12-17T10:34:47.898+0530] {dagbag.py:588} INFO - Filling up the DagBag from /home/sneha/spotify_airflow_project/venv/lib/python3.12/site-packages/airflow/example_dags/example_bash_decorator.py
[2025-12-17T10:34:47.914+0530] {processor.py:925} INFO - DAG(s) 'example_bash_decorator' retrieved from /home/sneha/spotify_airflow_project/venv/lib/python3.12/site-packages/airflow/example_dags/example_bash_decorator.py
[2025-12-17T10:34:47.934+0530] {logging_mixin.py:190} INFO - [2025-12-17T10:34:47.933+0530] {dag.py:3239} INFO - Sync 1 DAGs
[2025-12-17T10:34:47.946+0530] {logging_mixin.py:190} INFO - [2025-12-17T10:34:47.946+0530] {dag.py:4180} INFO - Setting next_dagrun for example_bash_decorator to None, run_after=None
[2025-12-17T10:34:47.965+0530] {processor.py:208} INFO - Processing /home/sneha/spotify_airflow_project/venv/lib/python3.12/site-packages/airflow/example_dags/example_bash_decorator.py took 0.075 seconds
[2025-12-17T10:36:10.537+0530] {processor.py:186} INFO - Started process (PID=9685) to work on /home/sneha/spotify_airflow_project/venv/lib/python3.12/site-packages/airflow/example_dags/example_bash_decorator.py
[2025-12-17T10:36:10.538+0530] {processor.py:914} INFO - Processing file /home/sneha/spotify_airflow_project/venv/lib/python3.12/site-packages/airflow/example_dags/example_bash_decorator.py for tasks to queue
[2025-12-17T10:36:10.540+0530] {logging_mixin.py:190} INFO - [2025-12-17T10:36:10.540+0530] {dagbag.py:588} INFO - Filling up the DagBag from /home/sneha/spotify_airflow_project/venv/lib/python3.12/site-packages/airflow/example_dags/example_bash_decorator.py
[2025-12-17T10:36:10.680+0530] {processor.py:925} INFO - DAG(s) 'example_bash_decorator' retrieved from /home/sneha/spotify_airflow_project/venv/lib/python3.12/site-packages/airflow/example_dags/example_bash_decorator.py
[2025-12-17T10:36:10.695+0530] {logging_mixin.py:190} INFO - [2025-12-17T10:36:10.695+0530] {dag.py:3239} INFO - Sync 1 DAGs
[2025-12-17T10:36:10.705+0530] {logging_mixin.py:190} INFO - [2025-12-17T10:36:10.705+0530] {dag.py:4180} INFO - Setting next_dagrun for example_bash_decorator to None, run_after=None
[2025-12-17T10:36:10.722+0530] {processor.py:208} INFO - Processing /home/sneha/spotify_airflow_project/venv/lib/python3.12/site-packages/airflow/example_dags/example_bash_decorator.py took 0.195 seconds
[2025-12-17T10:37:11.727+0530] {processor.py:186} INFO - Started process (PID=10139) to work on /home/sneha/spotify_airflow_project/venv/lib/python3.12/site-packages/airflow/example_dags/example_bash_decorator.py
[2025-12-17T10:37:11.728+0530] {processor.py:914} INFO - Processing file /home/sneha/spotify_airflow_project/venv/lib/python3.12/site-packages/airflow/example_dags/example_bash_decorator.py for tasks to queue
[2025-12-17T10:37:11.730+0530] {logging_mixin.py:190} INFO - [2025-12-17T10:37:11.730+0530] {dagbag.py:588} INFO - Filling up the DagBag from /home/sneha/spotify_airflow_project/venv/lib/python3.12/site-packages/airflow/example_dags/example_bash_decorator.py
[2025-12-17T10:37:11.747+0530] {processor.py:925} INFO - DAG(s) 'example_bash_decorator' retrieved from /home/sneha/spotify_airflow_project/venv/lib/python3.12/site-packages/airflow/example_dags/example_bash_decorator.py
[2025-12-17T10:37:11.767+0530] {logging_mixin.py:190} INFO - [2025-12-17T10:37:11.767+0530] {dag.py:3239} INFO - Sync 1 DAGs
[2025-12-17T10:37:11.781+0530] {logging_mixin.py:190} INFO - [2025-12-17T10:37:11.780+0530] {dag.py:4180} INFO - Setting next_dagrun for example_bash_decorator to None, run_after=None
[2025-12-17T10:37:11.800+0530] {processor.py:208} INFO - Processing /home/sneha/spotify_airflow_project/venv/lib/python3.12/site-packages/airflow/example_dags/example_bash_decorator.py took 0.081 seconds
[2025-12-17T10:38:37.597+0530] {processor.py:186} INFO - Started process (PID=10738) to work on /home/sneha/spotify_airflow_project/venv/lib/python3.12/site-packages/airflow/example_dags/example_bash_decorator.py
[2025-12-17T10:38:37.598+0530] {processor.py:914} INFO - Processing file /home/sneha/spotify_airflow_project/venv/lib/python3.12/site-packages/airflow/example_dags/example_bash_decorator.py for tasks to queue
[2025-12-17T10:38:37.600+0530] {logging_mixin.py:190} INFO - [2025-12-17T10:38:37.600+0530] {dagbag.py:588} INFO - Filling up the DagBag from /home/sneha/spotify_airflow_project/venv/lib/python3.12/site-packages/airflow/example_dags/example_bash_decorator.py
[2025-12-17T10:38:37.617+0530] {processor.py:925} INFO - DAG(s) 'example_bash_decorator' retrieved from /home/sneha/spotify_airflow_project/venv/lib/python3.12/site-packages/airflow/example_dags/example_bash_decorator.py
[2025-12-17T10:38:37.637+0530] {logging_mixin.py:190} INFO - [2025-12-17T10:38:37.637+0530] {dag.py:3239} INFO - Sync 1 DAGs
[2025-12-17T10:38:37.650+0530] {logging_mixin.py:190} INFO - [2025-12-17T10:38:37.650+0530] {dag.py:4180} INFO - Setting next_dagrun for example_bash_decorator to None, run_after=None
[2025-12-17T10:38:37.669+0530] {processor.py:208} INFO - Processing /home/sneha/spotify_airflow_project/venv/lib/python3.12/site-packages/airflow/example_dags/example_bash_decorator.py took 0.079 seconds
[2025-12-17T10:40:05.704+0530] {processor.py:186} INFO - Started process (PID=11383) to work on /home/sneha/spotify_airflow_project/venv/lib/python3.12/site-packages/airflow/example_dags/example_bash_decorator.py
[2025-12-17T10:40:05.708+0530] {processor.py:914} INFO - Processing file /home/sneha/spotify_airflow_project/venv/lib/python3.12/site-packages/airflow/example_dags/example_bash_decorator.py for tasks to queue
[2025-12-17T10:40:05.711+0530] {logging_mixin.py:190} INFO - [2025-12-17T10:40:05.710+0530] {dagbag.py:588} INFO - Filling up the DagBag from /home/sneha/spotify_airflow_project/venv/lib/python3.12/site-packages/airflow/example_dags/example_bash_decorator.py
[2025-12-17T10:40:05.727+0530] {processor.py:925} INFO - DAG(s) 'example_bash_decorator' retrieved from /home/sneha/spotify_airflow_project/venv/lib/python3.12/site-packages/airflow/example_dags/example_bash_decorator.py
[2025-12-17T10:40:05.747+0530] {logging_mixin.py:190} INFO - [2025-12-17T10:40:05.746+0530] {dag.py:3239} INFO - Sync 1 DAGs
[2025-12-17T10:40:05.760+0530] {logging_mixin.py:190} INFO - [2025-12-17T10:40:05.760+0530] {dag.py:4180} INFO - Setting next_dagrun for example_bash_decorator to None, run_after=None
[2025-12-17T10:40:05.811+0530] {processor.py:208} INFO - Processing /home/sneha/spotify_airflow_project/venv/lib/python3.12/site-packages/airflow/example_dags/example_bash_decorator.py took 0.114 seconds
[2025-12-17T10:41:29.378+0530] {processor.py:186} INFO - Started process (PID=11782) to work on /home/sneha/spotify_airflow_project/venv/lib/python3.12/site-packages/airflow/example_dags/example_bash_decorator.py
[2025-12-17T10:41:29.379+0530] {processor.py:914} INFO - Processing file /home/sneha/spotify_airflow_project/venv/lib/python3.12/site-packages/airflow/example_dags/example_bash_decorator.py for tasks to queue
[2025-12-17T10:41:29.381+0530] {logging_mixin.py:190} INFO - [2025-12-17T10:41:29.381+0530] {dagbag.py:588} INFO - Filling up the DagBag from /home/sneha/spotify_airflow_project/venv/lib/python3.12/site-packages/airflow/example_dags/example_bash_decorator.py
[2025-12-17T10:41:29.397+0530] {processor.py:925} INFO - DAG(s) 'example_bash_decorator' retrieved from /home/sneha/spotify_airflow_project/venv/lib/python3.12/site-packages/airflow/example_dags/example_bash_decorator.py
[2025-12-17T10:41:29.416+0530] {logging_mixin.py:190} INFO - [2025-12-17T10:41:29.415+0530] {dag.py:3239} INFO - Sync 1 DAGs
[2025-12-17T10:41:29.428+0530] {logging_mixin.py:190} INFO - [2025-12-17T10:41:29.428+0530] {dag.py:4180} INFO - Setting next_dagrun for example_bash_decorator to None, run_after=None
[2025-12-17T10:41:29.446+0530] {processor.py:208} INFO - Processing /home/sneha/spotify_airflow_project/venv/lib/python3.12/site-packages/airflow/example_dags/example_bash_decorator.py took 0.079 seconds
[2025-12-17T10:42:52.106+0530] {processor.py:186} INFO - Started process (PID=12120) to work on /home/sneha/spotify_airflow_project/venv/lib/python3.12/site-packages/airflow/example_dags/example_bash_decorator.py
[2025-12-17T10:42:52.107+0530] {processor.py:914} INFO - Processing file /home/sneha/spotify_airflow_project/venv/lib/python3.12/site-packages/airflow/example_dags/example_bash_decorator.py for tasks to queue
[2025-12-17T10:42:52.109+0530] {logging_mixin.py:190} INFO - [2025-12-17T10:42:52.109+0530] {dagbag.py:588} INFO - Filling up the DagBag from /home/sneha/spotify_airflow_project/venv/lib/python3.12/site-packages/airflow/example_dags/example_bash_decorator.py
[2025-12-17T10:42:52.125+0530] {processor.py:925} INFO - DAG(s) 'example_bash_decorator' retrieved from /home/sneha/spotify_airflow_project/venv/lib/python3.12/site-packages/airflow/example_dags/example_bash_decorator.py
[2025-12-17T10:42:52.143+0530] {logging_mixin.py:190} INFO - [2025-12-17T10:42:52.143+0530] {dag.py:3239} INFO - Sync 1 DAGs
[2025-12-17T10:42:52.155+0530] {logging_mixin.py:190} INFO - [2025-12-17T10:42:52.155+0530] {dag.py:4180} INFO - Setting next_dagrun for example_bash_decorator to None, run_after=None
[2025-12-17T10:42:52.174+0530] {processor.py:208} INFO - Processing /home/sneha/spotify_airflow_project/venv/lib/python3.12/site-packages/airflow/example_dags/example_bash_decorator.py took 0.080 seconds
[2025-12-17T10:43:49.754+0530] {processor.py:186} INFO - Started process (PID=12232) to work on /home/sneha/spotify_airflow_project/venv/lib/python3.12/site-packages/airflow/example_dags/example_bash_decorator.py
[2025-12-17T10:43:49.766+0530] {processor.py:914} INFO - Processing file /home/sneha/spotify_airflow_project/venv/lib/python3.12/site-packages/airflow/example_dags/example_bash_decorator.py for tasks to queue
[2025-12-17T10:43:49.770+0530] {logging_mixin.py:190} INFO - [2025-12-17T10:43:49.769+0530] {dagbag.py:588} INFO - Filling up the DagBag from /home/sneha/spotify_airflow_project/venv/lib/python3.12/site-packages/airflow/example_dags/example_bash_decorator.py
[2025-12-17T10:43:49.789+0530] {processor.py:925} INFO - DAG(s) 'example_bash_decorator' retrieved from /home/sneha/spotify_airflow_project/venv/lib/python3.12/site-packages/airflow/example_dags/example_bash_decorator.py
[2025-12-17T10:43:49.809+0530] {logging_mixin.py:190} INFO - [2025-12-17T10:43:49.809+0530] {dag.py:3239} INFO - Sync 1 DAGs
[2025-12-17T10:43:49.823+0530] {logging_mixin.py:190} INFO - [2025-12-17T10:43:49.822+0530] {dag.py:4180} INFO - Setting next_dagrun for example_bash_decorator to None, run_after=None
[2025-12-17T10:43:49.842+0530] {processor.py:208} INFO - Processing /home/sneha/spotify_airflow_project/venv/lib/python3.12/site-packages/airflow/example_dags/example_bash_decorator.py took 0.102 seconds
[2025-12-17T10:45:09.273+0530] {processor.py:186} INFO - Started process (PID=12375) to work on /home/sneha/spotify_airflow_project/venv/lib/python3.12/site-packages/airflow/example_dags/example_bash_decorator.py
[2025-12-17T10:45:09.275+0530] {processor.py:914} INFO - Processing file /home/sneha/spotify_airflow_project/venv/lib/python3.12/site-packages/airflow/example_dags/example_bash_decorator.py for tasks to queue
[2025-12-17T10:45:09.279+0530] {logging_mixin.py:190} INFO - [2025-12-17T10:45:09.278+0530] {dagbag.py:588} INFO - Filling up the DagBag from /home/sneha/spotify_airflow_project/venv/lib/python3.12/site-packages/airflow/example_dags/example_bash_decorator.py
[2025-12-17T10:45:09.310+0530] {processor.py:925} INFO - DAG(s) 'example_bash_decorator' retrieved from /home/sneha/spotify_airflow_project/venv/lib/python3.12/site-packages/airflow/example_dags/example_bash_decorator.py
[2025-12-17T10:45:09.348+0530] {logging_mixin.py:190} INFO - [2025-12-17T10:45:09.348+0530] {dag.py:3239} INFO - Sync 1 DAGs
[2025-12-17T10:45:09.373+0530] {logging_mixin.py:190} INFO - [2025-12-17T10:45:09.373+0530] {dag.py:4180} INFO - Setting next_dagrun for example_bash_decorator to None, run_after=None
[2025-12-17T10:45:09.419+0530] {processor.py:208} INFO - Processing /home/sneha/spotify_airflow_project/venv/lib/python3.12/site-packages/airflow/example_dags/example_bash_decorator.py took 0.157 seconds
[2025-12-17T10:46:30.810+0530] {processor.py:186} INFO - Started process (PID=12537) to work on /home/sneha/spotify_airflow_project/venv/lib/python3.12/site-packages/airflow/example_dags/example_bash_decorator.py
[2025-12-17T10:46:30.811+0530] {processor.py:914} INFO - Processing file /home/sneha/spotify_airflow_project/venv/lib/python3.12/site-packages/airflow/example_dags/example_bash_decorator.py for tasks to queue
[2025-12-17T10:46:30.813+0530] {logging_mixin.py:190} INFO - [2025-12-17T10:46:30.812+0530] {dagbag.py:588} INFO - Filling up the DagBag from /home/sneha/spotify_airflow_project/venv/lib/python3.12/site-packages/airflow/example_dags/example_bash_decorator.py
[2025-12-17T10:46:30.828+0530] {processor.py:925} INFO - DAG(s) 'example_bash_decorator' retrieved from /home/sneha/spotify_airflow_project/venv/lib/python3.12/site-packages/airflow/example_dags/example_bash_decorator.py
[2025-12-17T10:46:30.847+0530] {logging_mixin.py:190} INFO - [2025-12-17T10:46:30.847+0530] {dag.py:3239} INFO - Sync 1 DAGs
[2025-12-17T10:46:30.860+0530] {logging_mixin.py:190} INFO - [2025-12-17T10:46:30.860+0530] {dag.py:4180} INFO - Setting next_dagrun for example_bash_decorator to None, run_after=None
[2025-12-17T10:46:30.881+0530] {processor.py:208} INFO - Processing /home/sneha/spotify_airflow_project/venv/lib/python3.12/site-packages/airflow/example_dags/example_bash_decorator.py took 0.078 seconds
[2025-12-17T10:47:55.972+0530] {processor.py:186} INFO - Started process (PID=12782) to work on /home/sneha/spotify_airflow_project/venv/lib/python3.12/site-packages/airflow/example_dags/example_bash_decorator.py
[2025-12-17T10:47:55.973+0530] {processor.py:914} INFO - Processing file /home/sneha/spotify_airflow_project/venv/lib/python3.12/site-packages/airflow/example_dags/example_bash_decorator.py for tasks to queue
[2025-12-17T10:47:55.975+0530] {logging_mixin.py:190} INFO - [2025-12-17T10:47:55.975+0530] {dagbag.py:588} INFO - Filling up the DagBag from /home/sneha/spotify_airflow_project/venv/lib/python3.12/site-packages/airflow/example_dags/example_bash_decorator.py
[2025-12-17T10:47:55.990+0530] {processor.py:925} INFO - DAG(s) 'example_bash_decorator' retrieved from /home/sneha/spotify_airflow_project/venv/lib/python3.12/site-packages/airflow/example_dags/example_bash_decorator.py
[2025-12-17T10:47:56.010+0530] {logging_mixin.py:190} INFO - [2025-12-17T10:47:56.009+0530] {dag.py:3239} INFO - Sync 1 DAGs
[2025-12-17T10:47:56.022+0530] {logging_mixin.py:190} INFO - [2025-12-17T10:47:56.021+0530] {dag.py:4180} INFO - Setting next_dagrun for example_bash_decorator to None, run_after=None
[2025-12-17T10:47:56.039+0530] {processor.py:208} INFO - Processing /home/sneha/spotify_airflow_project/venv/lib/python3.12/site-packages/airflow/example_dags/example_bash_decorator.py took 0.079 seconds
[2025-12-17T10:49:37.703+0530] {processor.py:186} INFO - Started process (PID=13625) to work on /home/sneha/spotify_airflow_project/venv/lib/python3.12/site-packages/airflow/example_dags/example_bash_decorator.py
[2025-12-17T10:49:37.704+0530] {processor.py:914} INFO - Processing file /home/sneha/spotify_airflow_project/venv/lib/python3.12/site-packages/airflow/example_dags/example_bash_decorator.py for tasks to queue
[2025-12-17T10:49:37.707+0530] {logging_mixin.py:190} INFO - [2025-12-17T10:49:37.706+0530] {dagbag.py:588} INFO - Filling up the DagBag from /home/sneha/spotify_airflow_project/venv/lib/python3.12/site-packages/airflow/example_dags/example_bash_decorator.py
[2025-12-17T10:49:37.723+0530] {processor.py:925} INFO - DAG(s) 'example_bash_decorator' retrieved from /home/sneha/spotify_airflow_project/venv/lib/python3.12/site-packages/airflow/example_dags/example_bash_decorator.py
[2025-12-17T10:49:37.742+0530] {logging_mixin.py:190} INFO - [2025-12-17T10:49:37.742+0530] {dag.py:3239} INFO - Sync 1 DAGs
[2025-12-17T10:49:37.754+0530] {logging_mixin.py:190} INFO - [2025-12-17T10:49:37.754+0530] {dag.py:4180} INFO - Setting next_dagrun for example_bash_decorator to None, run_after=None
[2025-12-17T10:49:37.774+0530] {processor.py:208} INFO - Processing /home/sneha/spotify_airflow_project/venv/lib/python3.12/site-packages/airflow/example_dags/example_bash_decorator.py took 0.078 seconds
[2025-12-17T10:50:57.059+0530] {processor.py:186} INFO - Started process (PID=13974) to work on /home/sneha/spotify_airflow_project/venv/lib/python3.12/site-packages/airflow/example_dags/example_bash_decorator.py
[2025-12-17T10:50:57.060+0530] {processor.py:914} INFO - Processing file /home/sneha/spotify_airflow_project/venv/lib/python3.12/site-packages/airflow/example_dags/example_bash_decorator.py for tasks to queue
[2025-12-17T10:50:57.063+0530] {logging_mixin.py:190} INFO - [2025-12-17T10:50:57.062+0530] {dagbag.py:588} INFO - Filling up the DagBag from /home/sneha/spotify_airflow_project/venv/lib/python3.12/site-packages/airflow/example_dags/example_bash_decorator.py
[2025-12-17T10:50:57.079+0530] {processor.py:925} INFO - DAG(s) 'example_bash_decorator' retrieved from /home/sneha/spotify_airflow_project/venv/lib/python3.12/site-packages/airflow/example_dags/example_bash_decorator.py
[2025-12-17T10:50:57.099+0530] {logging_mixin.py:190} INFO - [2025-12-17T10:50:57.098+0530] {dag.py:3239} INFO - Sync 1 DAGs
[2025-12-17T10:50:57.112+0530] {logging_mixin.py:190} INFO - [2025-12-17T10:50:57.112+0530] {dag.py:4180} INFO - Setting next_dagrun for example_bash_decorator to None, run_after=None
[2025-12-17T10:50:57.131+0530] {processor.py:208} INFO - Processing /home/sneha/spotify_airflow_project/venv/lib/python3.12/site-packages/airflow/example_dags/example_bash_decorator.py took 0.084 seconds
[2025-12-17T10:52:19.058+0530] {processor.py:186} INFO - Started process (PID=14556) to work on /home/sneha/spotify_airflow_project/venv/lib/python3.12/site-packages/airflow/example_dags/example_bash_decorator.py
[2025-12-17T10:52:19.059+0530] {processor.py:914} INFO - Processing file /home/sneha/spotify_airflow_project/venv/lib/python3.12/site-packages/airflow/example_dags/example_bash_decorator.py for tasks to queue
[2025-12-17T10:52:19.061+0530] {logging_mixin.py:190} INFO - [2025-12-17T10:52:19.061+0530] {dagbag.py:588} INFO - Filling up the DagBag from /home/sneha/spotify_airflow_project/venv/lib/python3.12/site-packages/airflow/example_dags/example_bash_decorator.py
[2025-12-17T10:52:19.077+0530] {processor.py:925} INFO - DAG(s) 'example_bash_decorator' retrieved from /home/sneha/spotify_airflow_project/venv/lib/python3.12/site-packages/airflow/example_dags/example_bash_decorator.py
[2025-12-17T10:52:19.097+0530] {logging_mixin.py:190} INFO - [2025-12-17T10:52:19.097+0530] {dag.py:3239} INFO - Sync 1 DAGs
[2025-12-17T10:52:19.110+0530] {logging_mixin.py:190} INFO - [2025-12-17T10:52:19.110+0530] {dag.py:4180} INFO - Setting next_dagrun for example_bash_decorator to None, run_after=None
[2025-12-17T10:52:19.129+0530] {processor.py:208} INFO - Processing /home/sneha/spotify_airflow_project/venv/lib/python3.12/site-packages/airflow/example_dags/example_bash_decorator.py took 0.078 seconds
[2025-12-17T10:53:44.680+0530] {processor.py:186} INFO - Started process (PID=15155) to work on /home/sneha/spotify_airflow_project/venv/lib/python3.12/site-packages/airflow/example_dags/example_bash_decorator.py
[2025-12-17T10:53:44.690+0530] {processor.py:914} INFO - Processing file /home/sneha/spotify_airflow_project/venv/lib/python3.12/site-packages/airflow/example_dags/example_bash_decorator.py for tasks to queue
[2025-12-17T10:53:44.694+0530] {logging_mixin.py:190} INFO - [2025-12-17T10:53:44.693+0530] {dagbag.py:588} INFO - Filling up the DagBag from /home/sneha/spotify_airflow_project/venv/lib/python3.12/site-packages/airflow/example_dags/example_bash_decorator.py
[2025-12-17T10:53:44.714+0530] {processor.py:925} INFO - DAG(s) 'example_bash_decorator' retrieved from /home/sneha/spotify_airflow_project/venv/lib/python3.12/site-packages/airflow/example_dags/example_bash_decorator.py
[2025-12-17T10:53:44.737+0530] {logging_mixin.py:190} INFO - [2025-12-17T10:53:44.737+0530] {dag.py:3239} INFO - Sync 1 DAGs
[2025-12-17T10:53:44.752+0530] {logging_mixin.py:190} INFO - [2025-12-17T10:53:44.752+0530] {dag.py:4180} INFO - Setting next_dagrun for example_bash_decorator to None, run_after=None
[2025-12-17T10:53:44.772+0530] {processor.py:208} INFO - Processing /home/sneha/spotify_airflow_project/venv/lib/python3.12/site-packages/airflow/example_dags/example_bash_decorator.py took 0.099 seconds
[2025-12-17T10:54:46.332+0530] {processor.py:186} INFO - Started process (PID=15454) to work on /home/sneha/spotify_airflow_project/venv/lib/python3.12/site-packages/airflow/example_dags/example_bash_decorator.py
[2025-12-17T10:54:46.333+0530] {processor.py:914} INFO - Processing file /home/sneha/spotify_airflow_project/venv/lib/python3.12/site-packages/airflow/example_dags/example_bash_decorator.py for tasks to queue
[2025-12-17T10:54:46.335+0530] {logging_mixin.py:190} INFO - [2025-12-17T10:54:46.334+0530] {dagbag.py:588} INFO - Filling up the DagBag from /home/sneha/spotify_airflow_project/venv/lib/python3.12/site-packages/airflow/example_dags/example_bash_decorator.py
[2025-12-17T10:54:46.350+0530] {processor.py:925} INFO - DAG(s) 'example_bash_decorator' retrieved from /home/sneha/spotify_airflow_project/venv/lib/python3.12/site-packages/airflow/example_dags/example_bash_decorator.py
[2025-12-17T10:54:46.369+0530] {logging_mixin.py:190} INFO - [2025-12-17T10:54:46.369+0530] {dag.py:3239} INFO - Sync 1 DAGs
[2025-12-17T10:54:46.381+0530] {logging_mixin.py:190} INFO - [2025-12-17T10:54:46.381+0530] {dag.py:4180} INFO - Setting next_dagrun for example_bash_decorator to None, run_after=None
[2025-12-17T10:54:46.399+0530] {processor.py:208} INFO - Processing /home/sneha/spotify_airflow_project/venv/lib/python3.12/site-packages/airflow/example_dags/example_bash_decorator.py took 0.073 seconds
[2025-12-17T10:56:11.196+0530] {processor.py:186} INFO - Started process (PID=15641) to work on /home/sneha/spotify_airflow_project/venv/lib/python3.12/site-packages/airflow/example_dags/example_bash_decorator.py
[2025-12-17T10:56:11.197+0530] {processor.py:914} INFO - Processing file /home/sneha/spotify_airflow_project/venv/lib/python3.12/site-packages/airflow/example_dags/example_bash_decorator.py for tasks to queue
[2025-12-17T10:56:11.199+0530] {logging_mixin.py:190} INFO - [2025-12-17T10:56:11.199+0530] {dagbag.py:588} INFO - Filling up the DagBag from /home/sneha/spotify_airflow_project/venv/lib/python3.12/site-packages/airflow/example_dags/example_bash_decorator.py
[2025-12-17T10:56:11.213+0530] {processor.py:925} INFO - DAG(s) 'example_bash_decorator' retrieved from /home/sneha/spotify_airflow_project/venv/lib/python3.12/site-packages/airflow/example_dags/example_bash_decorator.py
[2025-12-17T10:56:11.230+0530] {logging_mixin.py:190} INFO - [2025-12-17T10:56:11.230+0530] {dag.py:3239} INFO - Sync 1 DAGs
[2025-12-17T10:56:11.242+0530] {logging_mixin.py:190} INFO - [2025-12-17T10:56:11.241+0530] {dag.py:4180} INFO - Setting next_dagrun for example_bash_decorator to None, run_after=None
[2025-12-17T10:56:11.259+0530] {processor.py:208} INFO - Processing /home/sneha/spotify_airflow_project/venv/lib/python3.12/site-packages/airflow/example_dags/example_bash_decorator.py took 0.073 seconds
[2025-12-17T10:57:31.572+0530] {processor.py:186} INFO - Started process (PID=15809) to work on /home/sneha/spotify_airflow_project/venv/lib/python3.12/site-packages/airflow/example_dags/example_bash_decorator.py
[2025-12-17T10:57:31.583+0530] {processor.py:914} INFO - Processing file /home/sneha/spotify_airflow_project/venv/lib/python3.12/site-packages/airflow/example_dags/example_bash_decorator.py for tasks to queue
[2025-12-17T10:57:31.585+0530] {logging_mixin.py:190} INFO - [2025-12-17T10:57:31.585+0530] {dagbag.py:588} INFO - Filling up the DagBag from /home/sneha/spotify_airflow_project/venv/lib/python3.12/site-packages/airflow/example_dags/example_bash_decorator.py
[2025-12-17T10:57:31.601+0530] {processor.py:925} INFO - DAG(s) 'example_bash_decorator' retrieved from /home/sneha/spotify_airflow_project/venv/lib/python3.12/site-packages/airflow/example_dags/example_bash_decorator.py
[2025-12-17T10:57:31.618+0530] {logging_mixin.py:190} INFO - [2025-12-17T10:57:31.617+0530] {dag.py:3239} INFO - Sync 1 DAGs
[2025-12-17T10:57:31.629+0530] {logging_mixin.py:190} INFO - [2025-12-17T10:57:31.629+0530] {dag.py:4180} INFO - Setting next_dagrun for example_bash_decorator to None, run_after=None
[2025-12-17T10:57:31.646+0530] {processor.py:208} INFO - Processing /home/sneha/spotify_airflow_project/venv/lib/python3.12/site-packages/airflow/example_dags/example_bash_decorator.py took 0.084 seconds
[2025-12-17T11:01:54.490+0530] {processor.py:186} INFO - Started process (PID=17203) to work on /home/sneha/spotify_airflow_project/venv/lib/python3.12/site-packages/airflow/example_dags/example_bash_decorator.py
[2025-12-17T11:01:54.491+0530] {processor.py:914} INFO - Processing file /home/sneha/spotify_airflow_project/venv/lib/python3.12/site-packages/airflow/example_dags/example_bash_decorator.py for tasks to queue
[2025-12-17T11:01:54.493+0530] {logging_mixin.py:190} INFO - [2025-12-17T11:01:54.493+0530] {dagbag.py:588} INFO - Filling up the DagBag from /home/sneha/spotify_airflow_project/venv/lib/python3.12/site-packages/airflow/example_dags/example_bash_decorator.py
[2025-12-17T11:01:54.507+0530] {processor.py:925} INFO - DAG(s) 'example_bash_decorator' retrieved from /home/sneha/spotify_airflow_project/venv/lib/python3.12/site-packages/airflow/example_dags/example_bash_decorator.py
[2025-12-17T11:01:54.610+0530] {logging_mixin.py:190} INFO - [2025-12-17T11:01:54.609+0530] {dag.py:3239} INFO - Sync 1 DAGs
[2025-12-17T11:01:54.624+0530] {logging_mixin.py:190} INFO - [2025-12-17T11:01:54.623+0530] {dag.py:4180} INFO - Setting next_dagrun for example_bash_decorator to None, run_after=None
[2025-12-17T11:01:54.643+0530] {processor.py:208} INFO - Processing /home/sneha/spotify_airflow_project/venv/lib/python3.12/site-packages/airflow/example_dags/example_bash_decorator.py took 0.164 seconds
[2025-12-17T11:03:22.700+0530] {processor.py:186} INFO - Started process (PID=18177) to work on /home/sneha/spotify_airflow_project/venv/lib/python3.12/site-packages/airflow/example_dags/example_bash_decorator.py
[2025-12-17T11:03:22.702+0530] {processor.py:914} INFO - Processing file /home/sneha/spotify_airflow_project/venv/lib/python3.12/site-packages/airflow/example_dags/example_bash_decorator.py for tasks to queue
[2025-12-17T11:03:22.704+0530] {logging_mixin.py:190} INFO - [2025-12-17T11:03:22.704+0530] {dagbag.py:588} INFO - Filling up the DagBag from /home/sneha/spotify_airflow_project/venv/lib/python3.12/site-packages/airflow/example_dags/example_bash_decorator.py
[2025-12-17T11:03:22.721+0530] {processor.py:925} INFO - DAG(s) 'example_bash_decorator' retrieved from /home/sneha/spotify_airflow_project/venv/lib/python3.12/site-packages/airflow/example_dags/example_bash_decorator.py
[2025-12-17T11:03:22.744+0530] {logging_mixin.py:190} INFO - [2025-12-17T11:03:22.744+0530] {dag.py:3239} INFO - Sync 1 DAGs
[2025-12-17T11:03:22.759+0530] {logging_mixin.py:190} INFO - [2025-12-17T11:03:22.758+0530] {dag.py:4180} INFO - Setting next_dagrun for example_bash_decorator to None, run_after=None
[2025-12-17T11:03:22.780+0530] {processor.py:208} INFO - Processing /home/sneha/spotify_airflow_project/venv/lib/python3.12/site-packages/airflow/example_dags/example_bash_decorator.py took 0.085 seconds
[2025-12-17T11:04:47.332+0530] {processor.py:186} INFO - Started process (PID=18591) to work on /home/sneha/spotify_airflow_project/venv/lib/python3.12/site-packages/airflow/example_dags/example_bash_decorator.py
[2025-12-17T11:04:47.334+0530] {processor.py:914} INFO - Processing file /home/sneha/spotify_airflow_project/venv/lib/python3.12/site-packages/airflow/example_dags/example_bash_decorator.py for tasks to queue
[2025-12-17T11:04:47.337+0530] {logging_mixin.py:190} INFO - [2025-12-17T11:04:47.336+0530] {dagbag.py:588} INFO - Filling up the DagBag from /home/sneha/spotify_airflow_project/venv/lib/python3.12/site-packages/airflow/example_dags/example_bash_decorator.py
[2025-12-17T11:04:47.370+0530] {processor.py:925} INFO - DAG(s) 'example_bash_decorator' retrieved from /home/sneha/spotify_airflow_project/venv/lib/python3.12/site-packages/airflow/example_dags/example_bash_decorator.py
[2025-12-17T11:04:47.409+0530] {logging_mixin.py:190} INFO - [2025-12-17T11:04:47.409+0530] {dag.py:3239} INFO - Sync 1 DAGs
[2025-12-17T11:04:47.432+0530] {logging_mixin.py:190} INFO - [2025-12-17T11:04:47.432+0530] {dag.py:4180} INFO - Setting next_dagrun for example_bash_decorator to None, run_after=None
[2025-12-17T11:04:47.471+0530] {processor.py:208} INFO - Processing /home/sneha/spotify_airflow_project/venv/lib/python3.12/site-packages/airflow/example_dags/example_bash_decorator.py took 0.149 seconds
[2025-12-17T11:05:48.604+0530] {processor.py:186} INFO - Started process (PID=18732) to work on /home/sneha/spotify_airflow_project/venv/lib/python3.12/site-packages/airflow/example_dags/example_bash_decorator.py
[2025-12-17T11:05:48.605+0530] {processor.py:914} INFO - Processing file /home/sneha/spotify_airflow_project/venv/lib/python3.12/site-packages/airflow/example_dags/example_bash_decorator.py for tasks to queue
[2025-12-17T11:05:48.607+0530] {logging_mixin.py:190} INFO - [2025-12-17T11:05:48.607+0530] {dagbag.py:588} INFO - Filling up the DagBag from /home/sneha/spotify_airflow_project/venv/lib/python3.12/site-packages/airflow/example_dags/example_bash_decorator.py
[2025-12-17T11:05:48.622+0530] {processor.py:925} INFO - DAG(s) 'example_bash_decorator' retrieved from /home/sneha/spotify_airflow_project/venv/lib/python3.12/site-packages/airflow/example_dags/example_bash_decorator.py
[2025-12-17T11:05:48.641+0530] {logging_mixin.py:190} INFO - [2025-12-17T11:05:48.641+0530] {dag.py:3239} INFO - Sync 1 DAGs
[2025-12-17T11:05:48.653+0530] {logging_mixin.py:190} INFO - [2025-12-17T11:05:48.653+0530] {dag.py:4180} INFO - Setting next_dagrun for example_bash_decorator to None, run_after=None
[2025-12-17T11:05:48.671+0530] {processor.py:208} INFO - Processing /home/sneha/spotify_airflow_project/venv/lib/python3.12/site-packages/airflow/example_dags/example_bash_decorator.py took 0.078 seconds
[2025-12-17T11:06:52.805+0530] {processor.py:186} INFO - Started process (PID=19235) to work on /home/sneha/spotify_airflow_project/venv/lib/python3.12/site-packages/airflow/example_dags/example_bash_decorator.py
[2025-12-17T11:06:52.816+0530] {processor.py:914} INFO - Processing file /home/sneha/spotify_airflow_project/venv/lib/python3.12/site-packages/airflow/example_dags/example_bash_decorator.py for tasks to queue
[2025-12-17T11:06:52.819+0530] {logging_mixin.py:190} INFO - [2025-12-17T11:06:52.819+0530] {dagbag.py:588} INFO - Filling up the DagBag from /home/sneha/spotify_airflow_project/venv/lib/python3.12/site-packages/airflow/example_dags/example_bash_decorator.py
[2025-12-17T11:06:52.835+0530] {processor.py:925} INFO - DAG(s) 'example_bash_decorator' retrieved from /home/sneha/spotify_airflow_project/venv/lib/python3.12/site-packages/airflow/example_dags/example_bash_decorator.py
[2025-12-17T11:06:52.856+0530] {logging_mixin.py:190} INFO - [2025-12-17T11:06:52.855+0530] {dag.py:3239} INFO - Sync 1 DAGs
[2025-12-17T11:06:52.993+0530] {logging_mixin.py:190} INFO - [2025-12-17T11:06:52.993+0530] {dag.py:4180} INFO - Setting next_dagrun for example_bash_decorator to None, run_after=None
[2025-12-17T11:06:53.012+0530] {processor.py:208} INFO - Processing /home/sneha/spotify_airflow_project/venv/lib/python3.12/site-packages/airflow/example_dags/example_bash_decorator.py took 0.214 seconds
[2025-12-17T12:48:16.166+0530] {processor.py:186} INFO - Started process (PID=71190) to work on /home/sneha/spotify_airflow_project/venv/lib/python3.12/site-packages/airflow/example_dags/example_bash_decorator.py
[2025-12-17T12:48:16.168+0530] {processor.py:914} INFO - Processing file /home/sneha/spotify_airflow_project/venv/lib/python3.12/site-packages/airflow/example_dags/example_bash_decorator.py for tasks to queue
[2025-12-17T12:48:16.172+0530] {logging_mixin.py:190} INFO - [2025-12-17T12:48:16.171+0530] {dagbag.py:588} INFO - Filling up the DagBag from /home/sneha/spotify_airflow_project/venv/lib/python3.12/site-packages/airflow/example_dags/example_bash_decorator.py
[2025-12-17T12:48:16.197+0530] {processor.py:925} INFO - DAG(s) 'example_bash_decorator' retrieved from /home/sneha/spotify_airflow_project/venv/lib/python3.12/site-packages/airflow/example_dags/example_bash_decorator.py
[2025-12-17T12:48:16.365+0530] {logging_mixin.py:190} INFO - [2025-12-17T12:48:16.364+0530] {dag.py:3239} INFO - Sync 1 DAGs
[2025-12-17T12:48:16.384+0530] {logging_mixin.py:190} INFO - [2025-12-17T12:48:16.384+0530] {dag.py:4180} INFO - Setting next_dagrun for example_bash_decorator to None, run_after=None
[2025-12-17T12:48:16.418+0530] {processor.py:208} INFO - Processing /home/sneha/spotify_airflow_project/venv/lib/python3.12/site-packages/airflow/example_dags/example_bash_decorator.py took 0.261 seconds
[2025-12-17T12:49:47.627+0530] {processor.py:186} INFO - Started process (PID=71515) to work on /home/sneha/spotify_airflow_project/venv/lib/python3.12/site-packages/airflow/example_dags/example_bash_decorator.py
[2025-12-17T12:49:47.629+0530] {processor.py:914} INFO - Processing file /home/sneha/spotify_airflow_project/venv/lib/python3.12/site-packages/airflow/example_dags/example_bash_decorator.py for tasks to queue
[2025-12-17T12:49:47.632+0530] {logging_mixin.py:190} INFO - [2025-12-17T12:49:47.632+0530] {dagbag.py:588} INFO - Filling up the DagBag from /home/sneha/spotify_airflow_project/venv/lib/python3.12/site-packages/airflow/example_dags/example_bash_decorator.py
[2025-12-17T12:49:47.658+0530] {processor.py:925} INFO - DAG(s) 'example_bash_decorator' retrieved from /home/sneha/spotify_airflow_project/venv/lib/python3.12/site-packages/airflow/example_dags/example_bash_decorator.py
[2025-12-17T12:49:47.691+0530] {logging_mixin.py:190} INFO - [2025-12-17T12:49:47.691+0530] {dag.py:3239} INFO - Sync 1 DAGs
[2025-12-17T12:49:47.712+0530] {logging_mixin.py:190} INFO - [2025-12-17T12:49:47.712+0530] {dag.py:4180} INFO - Setting next_dagrun for example_bash_decorator to None, run_after=None
[2025-12-17T12:49:47.746+0530] {processor.py:208} INFO - Processing /home/sneha/spotify_airflow_project/venv/lib/python3.12/site-packages/airflow/example_dags/example_bash_decorator.py took 0.129 seconds
[2025-12-17T12:51:08.026+0530] {processor.py:186} INFO - Started process (PID=71789) to work on /home/sneha/spotify_airflow_project/venv/lib/python3.12/site-packages/airflow/example_dags/example_bash_decorator.py
[2025-12-17T12:51:08.028+0530] {processor.py:914} INFO - Processing file /home/sneha/spotify_airflow_project/venv/lib/python3.12/site-packages/airflow/example_dags/example_bash_decorator.py for tasks to queue
[2025-12-17T12:51:08.036+0530] {logging_mixin.py:190} INFO - [2025-12-17T12:51:08.034+0530] {dagbag.py:588} INFO - Filling up the DagBag from /home/sneha/spotify_airflow_project/venv/lib/python3.12/site-packages/airflow/example_dags/example_bash_decorator.py
[2025-12-17T12:51:08.072+0530] {processor.py:925} INFO - DAG(s) 'example_bash_decorator' retrieved from /home/sneha/spotify_airflow_project/venv/lib/python3.12/site-packages/airflow/example_dags/example_bash_decorator.py
[2025-12-17T12:51:08.119+0530] {logging_mixin.py:190} INFO - [2025-12-17T12:51:08.119+0530] {dag.py:3239} INFO - Sync 1 DAGs
[2025-12-17T12:51:08.161+0530] {logging_mixin.py:190} INFO - [2025-12-17T12:51:08.160+0530] {dag.py:4180} INFO - Setting next_dagrun for example_bash_decorator to None, run_after=None
[2025-12-17T12:51:08.220+0530] {processor.py:208} INFO - Processing /home/sneha/spotify_airflow_project/venv/lib/python3.12/site-packages/airflow/example_dags/example_bash_decorator.py took 0.204 seconds
[2025-12-17T12:52:20.306+0530] {processor.py:186} INFO - Started process (PID=72277) to work on /home/sneha/spotify_airflow_project/venv/lib/python3.12/site-packages/airflow/example_dags/example_bash_decorator.py
[2025-12-17T12:52:20.307+0530] {processor.py:914} INFO - Processing file /home/sneha/spotify_airflow_project/venv/lib/python3.12/site-packages/airflow/example_dags/example_bash_decorator.py for tasks to queue
[2025-12-17T12:52:20.310+0530] {logging_mixin.py:190} INFO - [2025-12-17T12:52:20.310+0530] {dagbag.py:588} INFO - Filling up the DagBag from /home/sneha/spotify_airflow_project/venv/lib/python3.12/site-packages/airflow/example_dags/example_bash_decorator.py
[2025-12-17T12:52:20.334+0530] {processor.py:925} INFO - DAG(s) 'example_bash_decorator' retrieved from /home/sneha/spotify_airflow_project/venv/lib/python3.12/site-packages/airflow/example_dags/example_bash_decorator.py
[2025-12-17T12:52:20.364+0530] {logging_mixin.py:190} INFO - [2025-12-17T12:52:20.364+0530] {dag.py:3239} INFO - Sync 1 DAGs
[2025-12-17T12:52:20.390+0530] {logging_mixin.py:190} INFO - [2025-12-17T12:52:20.389+0530] {dag.py:4180} INFO - Setting next_dagrun for example_bash_decorator to None, run_after=None
[2025-12-17T12:52:20.421+0530] {processor.py:208} INFO - Processing /home/sneha/spotify_airflow_project/venv/lib/python3.12/site-packages/airflow/example_dags/example_bash_decorator.py took 0.124 seconds
[2025-12-17T12:54:22.192+0530] {processor.py:186} INFO - Started process (PID=73208) to work on /home/sneha/spotify_airflow_project/venv/lib/python3.12/site-packages/airflow/example_dags/example_bash_decorator.py
[2025-12-17T12:54:22.194+0530] {processor.py:914} INFO - Processing file /home/sneha/spotify_airflow_project/venv/lib/python3.12/site-packages/airflow/example_dags/example_bash_decorator.py for tasks to queue
[2025-12-17T12:54:22.197+0530] {logging_mixin.py:190} INFO - [2025-12-17T12:54:22.196+0530] {dagbag.py:588} INFO - Filling up the DagBag from /home/sneha/spotify_airflow_project/venv/lib/python3.12/site-packages/airflow/example_dags/example_bash_decorator.py
[2025-12-17T12:54:22.220+0530] {processor.py:925} INFO - DAG(s) 'example_bash_decorator' retrieved from /home/sneha/spotify_airflow_project/venv/lib/python3.12/site-packages/airflow/example_dags/example_bash_decorator.py
[2025-12-17T12:54:22.450+0530] {logging_mixin.py:190} INFO - [2025-12-17T12:54:22.449+0530] {dag.py:3239} INFO - Sync 1 DAGs
[2025-12-17T12:54:22.465+0530] {logging_mixin.py:190} INFO - [2025-12-17T12:54:22.464+0530] {dag.py:4180} INFO - Setting next_dagrun for example_bash_decorator to None, run_after=None
[2025-12-17T12:54:22.492+0530] {processor.py:208} INFO - Processing /home/sneha/spotify_airflow_project/venv/lib/python3.12/site-packages/airflow/example_dags/example_bash_decorator.py took 0.312 seconds
[2025-12-17T12:55:52.673+0530] {processor.py:186} INFO - Started process (PID=73526) to work on /home/sneha/spotify_airflow_project/venv/lib/python3.12/site-packages/airflow/example_dags/example_bash_decorator.py
[2025-12-17T12:55:52.684+0530] {processor.py:914} INFO - Processing file /home/sneha/spotify_airflow_project/venv/lib/python3.12/site-packages/airflow/example_dags/example_bash_decorator.py for tasks to queue
[2025-12-17T12:55:52.688+0530] {logging_mixin.py:190} INFO - [2025-12-17T12:55:52.687+0530] {dagbag.py:588} INFO - Filling up the DagBag from /home/sneha/spotify_airflow_project/venv/lib/python3.12/site-packages/airflow/example_dags/example_bash_decorator.py
[2025-12-17T12:55:52.711+0530] {processor.py:925} INFO - DAG(s) 'example_bash_decorator' retrieved from /home/sneha/spotify_airflow_project/venv/lib/python3.12/site-packages/airflow/example_dags/example_bash_decorator.py
[2025-12-17T12:55:52.742+0530] {logging_mixin.py:190} INFO - [2025-12-17T12:55:52.741+0530] {dag.py:3239} INFO - Sync 1 DAGs
[2025-12-17T12:55:52.761+0530] {logging_mixin.py:190} INFO - [2025-12-17T12:55:52.761+0530] {dag.py:4180} INFO - Setting next_dagrun for example_bash_decorator to None, run_after=None
[2025-12-17T12:55:52.790+0530] {processor.py:208} INFO - Processing /home/sneha/spotify_airflow_project/venv/lib/python3.12/site-packages/airflow/example_dags/example_bash_decorator.py took 0.129 seconds
