[2025-12-17T10:30:16.096+0530] {processor.py:186} INFO - Started process (PID=7192) to work on /home/sneha/spotify_airflow_project/venv/lib/python3.12/site-packages/airflow/example_dags/example_task_group.py
[2025-12-17T10:30:16.097+0530] {processor.py:914} INFO - Processing file /home/sneha/spotify_airflow_project/venv/lib/python3.12/site-packages/airflow/example_dags/example_task_group.py for tasks to queue
[2025-12-17T10:30:16.100+0530] {logging_mixin.py:190} INFO - [2025-12-17T10:30:16.099+0530] {dagbag.py:588} INFO - Filling up the DagBag from /home/sneha/spotify_airflow_project/venv/lib/python3.12/site-packages/airflow/example_dags/example_task_group.py
[2025-12-17T10:30:16.110+0530] {processor.py:925} INFO - DAG(s) 'example_task_group' retrieved from /home/sneha/spotify_airflow_project/venv/lib/python3.12/site-packages/airflow/example_dags/example_task_group.py
[2025-12-17T10:30:16.131+0530] {logging_mixin.py:190} INFO - [2025-12-17T10:30:16.131+0530] {dag.py:3239} INFO - Sync 1 DAGs
[2025-12-17T10:30:16.152+0530] {logging_mixin.py:190} INFO - [2025-12-17T10:30:16.151+0530] {dag.py:4180} INFO - Setting next_dagrun for example_task_group to None, run_after=None
[2025-12-17T10:30:16.186+0530] {processor.py:208} INFO - Processing /home/sneha/spotify_airflow_project/venv/lib/python3.12/site-packages/airflow/example_dags/example_task_group.py took 0.097 seconds
[2025-12-17T10:31:17.793+0530] {processor.py:186} INFO - Started process (PID=7463) to work on /home/sneha/spotify_airflow_project/venv/lib/python3.12/site-packages/airflow/example_dags/example_task_group.py
[2025-12-17T10:31:17.794+0530] {processor.py:914} INFO - Processing file /home/sneha/spotify_airflow_project/venv/lib/python3.12/site-packages/airflow/example_dags/example_task_group.py for tasks to queue
[2025-12-17T10:31:17.797+0530] {logging_mixin.py:190} INFO - [2025-12-17T10:31:17.797+0530] {dagbag.py:588} INFO - Filling up the DagBag from /home/sneha/spotify_airflow_project/venv/lib/python3.12/site-packages/airflow/example_dags/example_task_group.py
[2025-12-17T10:31:17.805+0530] {processor.py:925} INFO - DAG(s) 'example_task_group' retrieved from /home/sneha/spotify_airflow_project/venv/lib/python3.12/site-packages/airflow/example_dags/example_task_group.py
[2025-12-17T10:31:17.821+0530] {logging_mixin.py:190} INFO - [2025-12-17T10:31:17.820+0530] {dag.py:3239} INFO - Sync 1 DAGs
[2025-12-17T10:31:17.833+0530] {logging_mixin.py:190} INFO - [2025-12-17T10:31:17.833+0530] {dag.py:4180} INFO - Setting next_dagrun for example_task_group to None, run_after=None
[2025-12-17T10:31:17.852+0530] {processor.py:208} INFO - Processing /home/sneha/spotify_airflow_project/venv/lib/python3.12/site-packages/airflow/example_dags/example_task_group.py took 0.070 seconds
[2025-12-17T10:32:14.127+0530] {processor.py:186} INFO - Started process (PID=7758) to work on /home/sneha/spotify_airflow_project/venv/lib/python3.12/site-packages/airflow/example_dags/example_task_group.py
[2025-12-17T10:32:14.128+0530] {processor.py:914} INFO - Processing file /home/sneha/spotify_airflow_project/venv/lib/python3.12/site-packages/airflow/example_dags/example_task_group.py for tasks to queue
[2025-12-17T10:32:14.130+0530] {logging_mixin.py:190} INFO - [2025-12-17T10:32:14.130+0530] {dagbag.py:588} INFO - Filling up the DagBag from /home/sneha/spotify_airflow_project/venv/lib/python3.12/site-packages/airflow/example_dags/example_task_group.py
[2025-12-17T10:32:14.139+0530] {processor.py:925} INFO - DAG(s) 'example_task_group' retrieved from /home/sneha/spotify_airflow_project/venv/lib/python3.12/site-packages/airflow/example_dags/example_task_group.py
[2025-12-17T10:32:14.159+0530] {logging_mixin.py:190} INFO - [2025-12-17T10:32:14.158+0530] {dag.py:3239} INFO - Sync 1 DAGs
[2025-12-17T10:32:14.171+0530] {logging_mixin.py:190} INFO - [2025-12-17T10:32:14.171+0530] {dag.py:4180} INFO - Setting next_dagrun for example_task_group to None, run_after=None
[2025-12-17T10:32:14.192+0530] {processor.py:208} INFO - Processing /home/sneha/spotify_airflow_project/venv/lib/python3.12/site-packages/airflow/example_dags/example_task_group.py took 0.073 seconds
[2025-12-17T10:33:12.137+0530] {processor.py:186} INFO - Started process (PID=8178) to work on /home/sneha/spotify_airflow_project/venv/lib/python3.12/site-packages/airflow/example_dags/example_task_group.py
[2025-12-17T10:33:12.138+0530] {processor.py:914} INFO - Processing file /home/sneha/spotify_airflow_project/venv/lib/python3.12/site-packages/airflow/example_dags/example_task_group.py for tasks to queue
[2025-12-17T10:33:12.141+0530] {logging_mixin.py:190} INFO - [2025-12-17T10:33:12.140+0530] {dagbag.py:588} INFO - Filling up the DagBag from /home/sneha/spotify_airflow_project/venv/lib/python3.12/site-packages/airflow/example_dags/example_task_group.py
[2025-12-17T10:33:12.151+0530] {processor.py:925} INFO - DAG(s) 'example_task_group' retrieved from /home/sneha/spotify_airflow_project/venv/lib/python3.12/site-packages/airflow/example_dags/example_task_group.py
[2025-12-17T10:33:12.170+0530] {logging_mixin.py:190} INFO - [2025-12-17T10:33:12.170+0530] {dag.py:3239} INFO - Sync 1 DAGs
[2025-12-17T10:33:12.184+0530] {logging_mixin.py:190} INFO - [2025-12-17T10:33:12.184+0530] {dag.py:4180} INFO - Setting next_dagrun for example_task_group to None, run_after=None
[2025-12-17T10:33:12.205+0530] {processor.py:208} INFO - Processing /home/sneha/spotify_airflow_project/venv/lib/python3.12/site-packages/airflow/example_dags/example_task_group.py took 0.075 seconds
[2025-12-17T10:34:07.346+0530] {processor.py:186} INFO - Started process (PID=8510) to work on /home/sneha/spotify_airflow_project/venv/lib/python3.12/site-packages/airflow/example_dags/example_task_group.py
[2025-12-17T10:34:07.348+0530] {processor.py:914} INFO - Processing file /home/sneha/spotify_airflow_project/venv/lib/python3.12/site-packages/airflow/example_dags/example_task_group.py for tasks to queue
[2025-12-17T10:34:07.350+0530] {logging_mixin.py:190} INFO - [2025-12-17T10:34:07.350+0530] {dagbag.py:588} INFO - Filling up the DagBag from /home/sneha/spotify_airflow_project/venv/lib/python3.12/site-packages/airflow/example_dags/example_task_group.py
[2025-12-17T10:34:07.360+0530] {processor.py:925} INFO - DAG(s) 'example_task_group' retrieved from /home/sneha/spotify_airflow_project/venv/lib/python3.12/site-packages/airflow/example_dags/example_task_group.py
[2025-12-17T10:34:07.379+0530] {logging_mixin.py:190} INFO - [2025-12-17T10:34:07.378+0530] {dag.py:3239} INFO - Sync 1 DAGs
[2025-12-17T10:34:07.391+0530] {logging_mixin.py:190} INFO - [2025-12-17T10:34:07.391+0530] {dag.py:4180} INFO - Setting next_dagrun for example_task_group to None, run_after=None
[2025-12-17T10:34:07.411+0530] {processor.py:208} INFO - Processing /home/sneha/spotify_airflow_project/venv/lib/python3.12/site-packages/airflow/example_dags/example_task_group.py took 0.072 seconds
[2025-12-17T10:35:05.850+0530] {processor.py:186} INFO - Started process (PID=9015) to work on /home/sneha/spotify_airflow_project/venv/lib/python3.12/site-packages/airflow/example_dags/example_task_group.py
[2025-12-17T10:35:05.852+0530] {processor.py:914} INFO - Processing file /home/sneha/spotify_airflow_project/venv/lib/python3.12/site-packages/airflow/example_dags/example_task_group.py for tasks to queue
[2025-12-17T10:35:05.856+0530] {logging_mixin.py:190} INFO - [2025-12-17T10:35:05.855+0530] {dagbag.py:588} INFO - Filling up the DagBag from /home/sneha/spotify_airflow_project/venv/lib/python3.12/site-packages/airflow/example_dags/example_task_group.py
[2025-12-17T10:35:05.869+0530] {processor.py:925} INFO - DAG(s) 'example_task_group' retrieved from /home/sneha/spotify_airflow_project/venv/lib/python3.12/site-packages/airflow/example_dags/example_task_group.py
[2025-12-17T10:35:05.889+0530] {logging_mixin.py:190} INFO - [2025-12-17T10:35:05.889+0530] {dag.py:3239} INFO - Sync 1 DAGs
[2025-12-17T10:35:05.902+0530] {logging_mixin.py:190} INFO - [2025-12-17T10:35:05.901+0530] {dag.py:4180} INFO - Setting next_dagrun for example_task_group to None, run_after=None
[2025-12-17T10:35:05.921+0530] {processor.py:208} INFO - Processing /home/sneha/spotify_airflow_project/venv/lib/python3.12/site-packages/airflow/example_dags/example_task_group.py took 0.079 seconds
[2025-12-17T10:36:27.390+0530] {processor.py:186} INFO - Started process (PID=9822) to work on /home/sneha/spotify_airflow_project/venv/lib/python3.12/site-packages/airflow/example_dags/example_task_group.py
[2025-12-17T10:36:27.392+0530] {processor.py:914} INFO - Processing file /home/sneha/spotify_airflow_project/venv/lib/python3.12/site-packages/airflow/example_dags/example_task_group.py for tasks to queue
[2025-12-17T10:36:27.395+0530] {logging_mixin.py:190} INFO - [2025-12-17T10:36:27.394+0530] {dagbag.py:588} INFO - Filling up the DagBag from /home/sneha/spotify_airflow_project/venv/lib/python3.12/site-packages/airflow/example_dags/example_task_group.py
[2025-12-17T10:36:27.403+0530] {processor.py:925} INFO - DAG(s) 'example_task_group' retrieved from /home/sneha/spotify_airflow_project/venv/lib/python3.12/site-packages/airflow/example_dags/example_task_group.py
[2025-12-17T10:36:27.421+0530] {logging_mixin.py:190} INFO - [2025-12-17T10:36:27.421+0530] {dag.py:3239} INFO - Sync 1 DAGs
[2025-12-17T10:36:27.435+0530] {logging_mixin.py:190} INFO - [2025-12-17T10:36:27.434+0530] {dag.py:4180} INFO - Setting next_dagrun for example_task_group to None, run_after=None
[2025-12-17T10:36:27.454+0530] {processor.py:208} INFO - Processing /home/sneha/spotify_airflow_project/venv/lib/python3.12/site-packages/airflow/example_dags/example_task_group.py took 0.072 seconds
[2025-12-17T10:37:24.441+0530] {processor.py:186} INFO - Started process (PID=10212) to work on /home/sneha/spotify_airflow_project/venv/lib/python3.12/site-packages/airflow/example_dags/example_task_group.py
[2025-12-17T10:37:24.442+0530] {processor.py:914} INFO - Processing file /home/sneha/spotify_airflow_project/venv/lib/python3.12/site-packages/airflow/example_dags/example_task_group.py for tasks to queue
[2025-12-17T10:37:24.444+0530] {logging_mixin.py:190} INFO - [2025-12-17T10:37:24.444+0530] {dagbag.py:588} INFO - Filling up the DagBag from /home/sneha/spotify_airflow_project/venv/lib/python3.12/site-packages/airflow/example_dags/example_task_group.py
[2025-12-17T10:37:24.454+0530] {processor.py:925} INFO - DAG(s) 'example_task_group' retrieved from /home/sneha/spotify_airflow_project/venv/lib/python3.12/site-packages/airflow/example_dags/example_task_group.py
[2025-12-17T10:37:24.472+0530] {logging_mixin.py:190} INFO - [2025-12-17T10:37:24.471+0530] {dag.py:3239} INFO - Sync 1 DAGs
[2025-12-17T10:37:24.485+0530] {logging_mixin.py:190} INFO - [2025-12-17T10:37:24.485+0530] {dag.py:4180} INFO - Setting next_dagrun for example_task_group to None, run_after=None
[2025-12-17T10:37:24.504+0530] {processor.py:208} INFO - Processing /home/sneha/spotify_airflow_project/venv/lib/python3.12/site-packages/airflow/example_dags/example_task_group.py took 0.074 seconds
[2025-12-17T10:38:19.922+0530] {processor.py:186} INFO - Started process (PID=10599) to work on /home/sneha/spotify_airflow_project/venv/lib/python3.12/site-packages/airflow/example_dags/example_task_group.py
[2025-12-17T10:38:19.923+0530] {processor.py:914} INFO - Processing file /home/sneha/spotify_airflow_project/venv/lib/python3.12/site-packages/airflow/example_dags/example_task_group.py for tasks to queue
[2025-12-17T10:38:19.925+0530] {logging_mixin.py:190} INFO - [2025-12-17T10:38:19.925+0530] {dagbag.py:588} INFO - Filling up the DagBag from /home/sneha/spotify_airflow_project/venv/lib/python3.12/site-packages/airflow/example_dags/example_task_group.py
[2025-12-17T10:38:19.935+0530] {processor.py:925} INFO - DAG(s) 'example_task_group' retrieved from /home/sneha/spotify_airflow_project/venv/lib/python3.12/site-packages/airflow/example_dags/example_task_group.py
[2025-12-17T10:38:19.954+0530] {logging_mixin.py:190} INFO - [2025-12-17T10:38:19.954+0530] {dag.py:3239} INFO - Sync 1 DAGs
[2025-12-17T10:38:19.968+0530] {logging_mixin.py:190} INFO - [2025-12-17T10:38:19.968+0530] {dag.py:4180} INFO - Setting next_dagrun for example_task_group to None, run_after=None
[2025-12-17T10:38:19.988+0530] {processor.py:208} INFO - Processing /home/sneha/spotify_airflow_project/venv/lib/python3.12/site-packages/airflow/example_dags/example_task_group.py took 0.074 seconds
[2025-12-17T10:39:18.273+0530] {processor.py:186} INFO - Started process (PID=11019) to work on /home/sneha/spotify_airflow_project/venv/lib/python3.12/site-packages/airflow/example_dags/example_task_group.py
[2025-12-17T10:39:18.275+0530] {processor.py:914} INFO - Processing file /home/sneha/spotify_airflow_project/venv/lib/python3.12/site-packages/airflow/example_dags/example_task_group.py for tasks to queue
[2025-12-17T10:39:18.281+0530] {logging_mixin.py:190} INFO - [2025-12-17T10:39:18.280+0530] {dagbag.py:588} INFO - Filling up the DagBag from /home/sneha/spotify_airflow_project/venv/lib/python3.12/site-packages/airflow/example_dags/example_task_group.py
[2025-12-17T10:39:18.293+0530] {processor.py:925} INFO - DAG(s) 'example_task_group' retrieved from /home/sneha/spotify_airflow_project/venv/lib/python3.12/site-packages/airflow/example_dags/example_task_group.py
[2025-12-17T10:39:18.311+0530] {logging_mixin.py:190} INFO - [2025-12-17T10:39:18.311+0530] {dag.py:3239} INFO - Sync 1 DAGs
[2025-12-17T10:39:18.324+0530] {logging_mixin.py:190} INFO - [2025-12-17T10:39:18.324+0530] {dag.py:4180} INFO - Setting next_dagrun for example_task_group to None, run_after=None
[2025-12-17T10:39:18.344+0530] {processor.py:208} INFO - Processing /home/sneha/spotify_airflow_project/venv/lib/python3.12/site-packages/airflow/example_dags/example_task_group.py took 0.083 seconds
[2025-12-17T10:40:15.995+0530] {processor.py:186} INFO - Started process (PID=11454) to work on /home/sneha/spotify_airflow_project/venv/lib/python3.12/site-packages/airflow/example_dags/example_task_group.py
[2025-12-17T10:40:15.996+0530] {processor.py:914} INFO - Processing file /home/sneha/spotify_airflow_project/venv/lib/python3.12/site-packages/airflow/example_dags/example_task_group.py for tasks to queue
[2025-12-17T10:40:15.999+0530] {logging_mixin.py:190} INFO - [2025-12-17T10:40:15.998+0530] {dagbag.py:588} INFO - Filling up the DagBag from /home/sneha/spotify_airflow_project/venv/lib/python3.12/site-packages/airflow/example_dags/example_task_group.py
[2025-12-17T10:40:16.008+0530] {processor.py:925} INFO - DAG(s) 'example_task_group' retrieved from /home/sneha/spotify_airflow_project/venv/lib/python3.12/site-packages/airflow/example_dags/example_task_group.py
[2025-12-17T10:40:16.027+0530] {logging_mixin.py:190} INFO - [2025-12-17T10:40:16.026+0530] {dag.py:3239} INFO - Sync 1 DAGs
[2025-12-17T10:40:16.040+0530] {logging_mixin.py:190} INFO - [2025-12-17T10:40:16.040+0530] {dag.py:4180} INFO - Setting next_dagrun for example_task_group to None, run_after=None
[2025-12-17T10:40:16.060+0530] {processor.py:208} INFO - Processing /home/sneha/spotify_airflow_project/venv/lib/python3.12/site-packages/airflow/example_dags/example_task_group.py took 0.073 seconds
[2025-12-17T10:41:11.678+0530] {processor.py:186} INFO - Started process (PID=11764) to work on /home/sneha/spotify_airflow_project/venv/lib/python3.12/site-packages/airflow/example_dags/example_task_group.py
[2025-12-17T10:41:11.689+0530] {processor.py:914} INFO - Processing file /home/sneha/spotify_airflow_project/venv/lib/python3.12/site-packages/airflow/example_dags/example_task_group.py for tasks to queue
[2025-12-17T10:41:11.693+0530] {logging_mixin.py:190} INFO - [2025-12-17T10:41:11.692+0530] {dagbag.py:588} INFO - Filling up the DagBag from /home/sneha/spotify_airflow_project/venv/lib/python3.12/site-packages/airflow/example_dags/example_task_group.py
[2025-12-17T10:41:11.703+0530] {processor.py:925} INFO - DAG(s) 'example_task_group' retrieved from /home/sneha/spotify_airflow_project/venv/lib/python3.12/site-packages/airflow/example_dags/example_task_group.py
[2025-12-17T10:41:11.720+0530] {logging_mixin.py:190} INFO - [2025-12-17T10:41:11.720+0530] {dag.py:3239} INFO - Sync 1 DAGs
[2025-12-17T10:41:11.732+0530] {logging_mixin.py:190} INFO - [2025-12-17T10:41:11.732+0530] {dag.py:4180} INFO - Setting next_dagrun for example_task_group to None, run_after=None
[2025-12-17T10:41:11.751+0530] {processor.py:208} INFO - Processing /home/sneha/spotify_airflow_project/venv/lib/python3.12/site-packages/airflow/example_dags/example_task_group.py took 0.080 seconds
[2025-12-17T10:42:07.382+0530] {processor.py:186} INFO - Started process (PID=11997) to work on /home/sneha/spotify_airflow_project/venv/lib/python3.12/site-packages/airflow/example_dags/example_task_group.py
[2025-12-17T10:42:07.383+0530] {processor.py:914} INFO - Processing file /home/sneha/spotify_airflow_project/venv/lib/python3.12/site-packages/airflow/example_dags/example_task_group.py for tasks to queue
[2025-12-17T10:42:07.386+0530] {logging_mixin.py:190} INFO - [2025-12-17T10:42:07.386+0530] {dagbag.py:588} INFO - Filling up the DagBag from /home/sneha/spotify_airflow_project/venv/lib/python3.12/site-packages/airflow/example_dags/example_task_group.py
[2025-12-17T10:42:07.395+0530] {processor.py:925} INFO - DAG(s) 'example_task_group' retrieved from /home/sneha/spotify_airflow_project/venv/lib/python3.12/site-packages/airflow/example_dags/example_task_group.py
[2025-12-17T10:42:07.412+0530] {logging_mixin.py:190} INFO - [2025-12-17T10:42:07.412+0530] {dag.py:3239} INFO - Sync 1 DAGs
[2025-12-17T10:42:07.425+0530] {logging_mixin.py:190} INFO - [2025-12-17T10:42:07.425+0530] {dag.py:4180} INFO - Setting next_dagrun for example_task_group to None, run_after=None
[2025-12-17T10:42:07.444+0530] {processor.py:208} INFO - Processing /home/sneha/spotify_airflow_project/venv/lib/python3.12/site-packages/airflow/example_dags/example_task_group.py took 0.069 seconds
[2025-12-17T10:43:03.432+0530] {processor.py:186} INFO - Started process (PID=12159) to work on /home/sneha/spotify_airflow_project/venv/lib/python3.12/site-packages/airflow/example_dags/example_task_group.py
[2025-12-17T10:43:03.442+0530] {processor.py:914} INFO - Processing file /home/sneha/spotify_airflow_project/venv/lib/python3.12/site-packages/airflow/example_dags/example_task_group.py for tasks to queue
[2025-12-17T10:43:03.446+0530] {logging_mixin.py:190} INFO - [2025-12-17T10:43:03.446+0530] {dagbag.py:588} INFO - Filling up the DagBag from /home/sneha/spotify_airflow_project/venv/lib/python3.12/site-packages/airflow/example_dags/example_task_group.py
[2025-12-17T10:43:03.456+0530] {processor.py:925} INFO - DAG(s) 'example_task_group' retrieved from /home/sneha/spotify_airflow_project/venv/lib/python3.12/site-packages/airflow/example_dags/example_task_group.py
[2025-12-17T10:43:03.475+0530] {logging_mixin.py:190} INFO - [2025-12-17T10:43:03.474+0530] {dag.py:3239} INFO - Sync 1 DAGs
[2025-12-17T10:43:03.488+0530] {logging_mixin.py:190} INFO - [2025-12-17T10:43:03.487+0530] {dag.py:4180} INFO - Setting next_dagrun for example_task_group to None, run_after=None
[2025-12-17T10:43:03.507+0530] {processor.py:208} INFO - Processing /home/sneha/spotify_airflow_project/venv/lib/python3.12/site-packages/airflow/example_dags/example_task_group.py took 0.086 seconds
[2025-12-17T10:44:00.095+0530] {processor.py:186} INFO - Started process (PID=12244) to work on /home/sneha/spotify_airflow_project/venv/lib/python3.12/site-packages/airflow/example_dags/example_task_group.py
[2025-12-17T10:44:00.095+0530] {processor.py:914} INFO - Processing file /home/sneha/spotify_airflow_project/venv/lib/python3.12/site-packages/airflow/example_dags/example_task_group.py for tasks to queue
[2025-12-17T10:44:00.098+0530] {logging_mixin.py:190} INFO - [2025-12-17T10:44:00.098+0530] {dagbag.py:588} INFO - Filling up the DagBag from /home/sneha/spotify_airflow_project/venv/lib/python3.12/site-packages/airflow/example_dags/example_task_group.py
[2025-12-17T10:44:00.106+0530] {processor.py:925} INFO - DAG(s) 'example_task_group' retrieved from /home/sneha/spotify_airflow_project/venv/lib/python3.12/site-packages/airflow/example_dags/example_task_group.py
[2025-12-17T10:44:00.122+0530] {logging_mixin.py:190} INFO - [2025-12-17T10:44:00.122+0530] {dag.py:3239} INFO - Sync 1 DAGs
[2025-12-17T10:44:00.134+0530] {logging_mixin.py:190} INFO - [2025-12-17T10:44:00.133+0530] {dag.py:4180} INFO - Setting next_dagrun for example_task_group to None, run_after=None
[2025-12-17T10:44:00.152+0530] {processor.py:208} INFO - Processing /home/sneha/spotify_airflow_project/venv/lib/python3.12/site-packages/airflow/example_dags/example_task_group.py took 0.068 seconds
[2025-12-17T10:44:52.779+0530] {processor.py:186} INFO - Started process (PID=12327) to work on /home/sneha/spotify_airflow_project/venv/lib/python3.12/site-packages/airflow/example_dags/example_task_group.py
[2025-12-17T10:44:52.781+0530] {processor.py:914} INFO - Processing file /home/sneha/spotify_airflow_project/venv/lib/python3.12/site-packages/airflow/example_dags/example_task_group.py for tasks to queue
[2025-12-17T10:44:52.784+0530] {logging_mixin.py:190} INFO - [2025-12-17T10:44:52.784+0530] {dagbag.py:588} INFO - Filling up the DagBag from /home/sneha/spotify_airflow_project/venv/lib/python3.12/site-packages/airflow/example_dags/example_task_group.py
[2025-12-17T10:44:52.794+0530] {processor.py:925} INFO - DAG(s) 'example_task_group' retrieved from /home/sneha/spotify_airflow_project/venv/lib/python3.12/site-packages/airflow/example_dags/example_task_group.py
[2025-12-17T10:44:52.815+0530] {logging_mixin.py:190} INFO - [2025-12-17T10:44:52.815+0530] {dag.py:3239} INFO - Sync 1 DAGs
[2025-12-17T10:44:52.831+0530] {logging_mixin.py:190} INFO - [2025-12-17T10:44:52.831+0530] {dag.py:4180} INFO - Setting next_dagrun for example_task_group to None, run_after=None
[2025-12-17T10:44:52.854+0530] {processor.py:208} INFO - Processing /home/sneha/spotify_airflow_project/venv/lib/python3.12/site-packages/airflow/example_dags/example_task_group.py took 0.082 seconds
[2025-12-17T10:45:46.796+0530] {processor.py:186} INFO - Started process (PID=12418) to work on /home/sneha/spotify_airflow_project/venv/lib/python3.12/site-packages/airflow/example_dags/example_task_group.py
[2025-12-17T10:45:46.797+0530] {processor.py:914} INFO - Processing file /home/sneha/spotify_airflow_project/venv/lib/python3.12/site-packages/airflow/example_dags/example_task_group.py for tasks to queue
[2025-12-17T10:45:46.801+0530] {logging_mixin.py:190} INFO - [2025-12-17T10:45:46.799+0530] {dagbag.py:588} INFO - Filling up the DagBag from /home/sneha/spotify_airflow_project/venv/lib/python3.12/site-packages/airflow/example_dags/example_task_group.py
[2025-12-17T10:45:46.810+0530] {processor.py:925} INFO - DAG(s) 'example_task_group' retrieved from /home/sneha/spotify_airflow_project/venv/lib/python3.12/site-packages/airflow/example_dags/example_task_group.py
[2025-12-17T10:45:46.831+0530] {logging_mixin.py:190} INFO - [2025-12-17T10:45:46.830+0530] {dag.py:3239} INFO - Sync 1 DAGs
[2025-12-17T10:45:46.846+0530] {logging_mixin.py:190} INFO - [2025-12-17T10:45:46.845+0530] {dag.py:4180} INFO - Setting next_dagrun for example_task_group to None, run_after=None
[2025-12-17T10:45:46.869+0530] {processor.py:208} INFO - Processing /home/sneha/spotify_airflow_project/venv/lib/python3.12/site-packages/airflow/example_dags/example_task_group.py took 0.080 seconds
[2025-12-17T10:46:42.059+0530] {processor.py:186} INFO - Started process (PID=12574) to work on /home/sneha/spotify_airflow_project/venv/lib/python3.12/site-packages/airflow/example_dags/example_task_group.py
[2025-12-17T10:46:42.070+0530] {processor.py:914} INFO - Processing file /home/sneha/spotify_airflow_project/venv/lib/python3.12/site-packages/airflow/example_dags/example_task_group.py for tasks to queue
[2025-12-17T10:46:42.073+0530] {logging_mixin.py:190} INFO - [2025-12-17T10:46:42.073+0530] {dagbag.py:588} INFO - Filling up the DagBag from /home/sneha/spotify_airflow_project/venv/lib/python3.12/site-packages/airflow/example_dags/example_task_group.py
[2025-12-17T10:46:42.083+0530] {processor.py:925} INFO - DAG(s) 'example_task_group' retrieved from /home/sneha/spotify_airflow_project/venv/lib/python3.12/site-packages/airflow/example_dags/example_task_group.py
[2025-12-17T10:46:42.102+0530] {logging_mixin.py:190} INFO - [2025-12-17T10:46:42.101+0530] {dag.py:3239} INFO - Sync 1 DAGs
[2025-12-17T10:46:42.114+0530] {logging_mixin.py:190} INFO - [2025-12-17T10:46:42.114+0530] {dag.py:4180} INFO - Setting next_dagrun for example_task_group to None, run_after=None
[2025-12-17T10:46:42.138+0530] {processor.py:208} INFO - Processing /home/sneha/spotify_airflow_project/venv/lib/python3.12/site-packages/airflow/example_dags/example_task_group.py took 0.090 seconds
[2025-12-17T10:47:39.619+0530] {processor.py:186} INFO - Started process (PID=12764) to work on /home/sneha/spotify_airflow_project/venv/lib/python3.12/site-packages/airflow/example_dags/example_task_group.py
[2025-12-17T10:47:39.620+0530] {processor.py:914} INFO - Processing file /home/sneha/spotify_airflow_project/venv/lib/python3.12/site-packages/airflow/example_dags/example_task_group.py for tasks to queue
[2025-12-17T10:47:39.624+0530] {logging_mixin.py:190} INFO - [2025-12-17T10:47:39.624+0530] {dagbag.py:588} INFO - Filling up the DagBag from /home/sneha/spotify_airflow_project/venv/lib/python3.12/site-packages/airflow/example_dags/example_task_group.py
[2025-12-17T10:47:39.635+0530] {processor.py:925} INFO - DAG(s) 'example_task_group' retrieved from /home/sneha/spotify_airflow_project/venv/lib/python3.12/site-packages/airflow/example_dags/example_task_group.py
[2025-12-17T10:47:39.657+0530] {logging_mixin.py:190} INFO - [2025-12-17T10:47:39.657+0530] {dag.py:3239} INFO - Sync 1 DAGs
[2025-12-17T10:47:39.674+0530] {logging_mixin.py:190} INFO - [2025-12-17T10:47:39.673+0530] {dag.py:4180} INFO - Setting next_dagrun for example_task_group to None, run_after=None
[2025-12-17T10:47:39.698+0530] {processor.py:208} INFO - Processing /home/sneha/spotify_airflow_project/venv/lib/python3.12/site-packages/airflow/example_dags/example_task_group.py took 0.086 seconds
[2025-12-17T10:48:34.004+0530] {processor.py:186} INFO - Started process (PID=12935) to work on /home/sneha/spotify_airflow_project/venv/lib/python3.12/site-packages/airflow/example_dags/example_task_group.py
[2025-12-17T10:48:34.005+0530] {processor.py:914} INFO - Processing file /home/sneha/spotify_airflow_project/venv/lib/python3.12/site-packages/airflow/example_dags/example_task_group.py for tasks to queue
[2025-12-17T10:48:34.008+0530] {logging_mixin.py:190} INFO - [2025-12-17T10:48:34.008+0530] {dagbag.py:588} INFO - Filling up the DagBag from /home/sneha/spotify_airflow_project/venv/lib/python3.12/site-packages/airflow/example_dags/example_task_group.py
[2025-12-17T10:48:34.017+0530] {processor.py:925} INFO - DAG(s) 'example_task_group' retrieved from /home/sneha/spotify_airflow_project/venv/lib/python3.12/site-packages/airflow/example_dags/example_task_group.py
[2025-12-17T10:48:34.034+0530] {logging_mixin.py:190} INFO - [2025-12-17T10:48:34.034+0530] {dag.py:3239} INFO - Sync 1 DAGs
[2025-12-17T10:48:34.046+0530] {logging_mixin.py:190} INFO - [2025-12-17T10:48:34.046+0530] {dag.py:4180} INFO - Setting next_dagrun for example_task_group to None, run_after=None
[2025-12-17T10:48:34.067+0530] {processor.py:208} INFO - Processing /home/sneha/spotify_airflow_project/venv/lib/python3.12/site-packages/airflow/example_dags/example_task_group.py took 0.074 seconds
[2025-12-17T10:49:49.826+0530] {processor.py:186} INFO - Started process (PID=13697) to work on /home/sneha/spotify_airflow_project/venv/lib/python3.12/site-packages/airflow/example_dags/example_task_group.py
[2025-12-17T10:49:49.827+0530] {processor.py:914} INFO - Processing file /home/sneha/spotify_airflow_project/venv/lib/python3.12/site-packages/airflow/example_dags/example_task_group.py for tasks to queue
[2025-12-17T10:49:49.830+0530] {logging_mixin.py:190} INFO - [2025-12-17T10:49:49.830+0530] {dagbag.py:588} INFO - Filling up the DagBag from /home/sneha/spotify_airflow_project/venv/lib/python3.12/site-packages/airflow/example_dags/example_task_group.py
[2025-12-17T10:49:49.841+0530] {processor.py:925} INFO - DAG(s) 'example_task_group' retrieved from /home/sneha/spotify_airflow_project/venv/lib/python3.12/site-packages/airflow/example_dags/example_task_group.py
[2025-12-17T10:49:49.865+0530] {logging_mixin.py:190} INFO - [2025-12-17T10:49:49.864+0530] {dag.py:3239} INFO - Sync 1 DAGs
[2025-12-17T10:49:49.886+0530] {logging_mixin.py:190} INFO - [2025-12-17T10:49:49.886+0530] {dag.py:4180} INFO - Setting next_dagrun for example_task_group to None, run_after=None
[2025-12-17T10:49:49.914+0530] {processor.py:208} INFO - Processing /home/sneha/spotify_airflow_project/venv/lib/python3.12/site-packages/airflow/example_dags/example_task_group.py took 0.094 seconds
[2025-12-17T10:50:41.632+0530] {processor.py:186} INFO - Started process (PID=13868) to work on /home/sneha/spotify_airflow_project/venv/lib/python3.12/site-packages/airflow/example_dags/example_task_group.py
[2025-12-17T10:50:41.633+0530] {processor.py:914} INFO - Processing file /home/sneha/spotify_airflow_project/venv/lib/python3.12/site-packages/airflow/example_dags/example_task_group.py for tasks to queue
[2025-12-17T10:50:41.636+0530] {logging_mixin.py:190} INFO - [2025-12-17T10:50:41.636+0530] {dagbag.py:588} INFO - Filling up the DagBag from /home/sneha/spotify_airflow_project/venv/lib/python3.12/site-packages/airflow/example_dags/example_task_group.py
[2025-12-17T10:50:41.646+0530] {processor.py:925} INFO - DAG(s) 'example_task_group' retrieved from /home/sneha/spotify_airflow_project/venv/lib/python3.12/site-packages/airflow/example_dags/example_task_group.py
[2025-12-17T10:50:41.664+0530] {logging_mixin.py:190} INFO - [2025-12-17T10:50:41.664+0530] {dag.py:3239} INFO - Sync 1 DAGs
[2025-12-17T10:50:41.678+0530] {logging_mixin.py:190} INFO - [2025-12-17T10:50:41.678+0530] {dag.py:4180} INFO - Setting next_dagrun for example_task_group to None, run_after=None
[2025-12-17T10:50:41.700+0530] {processor.py:208} INFO - Processing /home/sneha/spotify_airflow_project/venv/lib/python3.12/site-packages/airflow/example_dags/example_task_group.py took 0.074 seconds
[2025-12-17T10:51:36.271+0530] {processor.py:186} INFO - Started process (PID=14240) to work on /home/sneha/spotify_airflow_project/venv/lib/python3.12/site-packages/airflow/example_dags/example_task_group.py
[2025-12-17T10:51:36.272+0530] {processor.py:914} INFO - Processing file /home/sneha/spotify_airflow_project/venv/lib/python3.12/site-packages/airflow/example_dags/example_task_group.py for tasks to queue
[2025-12-17T10:51:36.275+0530] {logging_mixin.py:190} INFO - [2025-12-17T10:51:36.274+0530] {dagbag.py:588} INFO - Filling up the DagBag from /home/sneha/spotify_airflow_project/venv/lib/python3.12/site-packages/airflow/example_dags/example_task_group.py
[2025-12-17T10:51:36.284+0530] {processor.py:925} INFO - DAG(s) 'example_task_group' retrieved from /home/sneha/spotify_airflow_project/venv/lib/python3.12/site-packages/airflow/example_dags/example_task_group.py
[2025-12-17T10:51:36.302+0530] {logging_mixin.py:190} INFO - [2025-12-17T10:51:36.302+0530] {dag.py:3239} INFO - Sync 1 DAGs
[2025-12-17T10:51:36.315+0530] {logging_mixin.py:190} INFO - [2025-12-17T10:51:36.315+0530] {dag.py:4180} INFO - Setting next_dagrun for example_task_group to None, run_after=None
[2025-12-17T10:51:36.334+0530] {processor.py:208} INFO - Processing /home/sneha/spotify_airflow_project/venv/lib/python3.12/site-packages/airflow/example_dags/example_task_group.py took 0.070 seconds
[2025-12-17T10:52:31.749+0530] {processor.py:186} INFO - Started process (PID=14644) to work on /home/sneha/spotify_airflow_project/venv/lib/python3.12/site-packages/airflow/example_dags/example_task_group.py
[2025-12-17T10:52:31.750+0530] {processor.py:914} INFO - Processing file /home/sneha/spotify_airflow_project/venv/lib/python3.12/site-packages/airflow/example_dags/example_task_group.py for tasks to queue
[2025-12-17T10:52:31.753+0530] {logging_mixin.py:190} INFO - [2025-12-17T10:52:31.752+0530] {dagbag.py:588} INFO - Filling up the DagBag from /home/sneha/spotify_airflow_project/venv/lib/python3.12/site-packages/airflow/example_dags/example_task_group.py
[2025-12-17T10:52:31.762+0530] {processor.py:925} INFO - DAG(s) 'example_task_group' retrieved from /home/sneha/spotify_airflow_project/venv/lib/python3.12/site-packages/airflow/example_dags/example_task_group.py
[2025-12-17T10:52:31.780+0530] {logging_mixin.py:190} INFO - [2025-12-17T10:52:31.780+0530] {dag.py:3239} INFO - Sync 1 DAGs
[2025-12-17T10:52:31.794+0530] {logging_mixin.py:190} INFO - [2025-12-17T10:52:31.793+0530] {dag.py:4180} INFO - Setting next_dagrun for example_task_group to None, run_after=None
[2025-12-17T10:52:31.813+0530] {processor.py:208} INFO - Processing /home/sneha/spotify_airflow_project/venv/lib/python3.12/site-packages/airflow/example_dags/example_task_group.py took 0.072 seconds
[2025-12-17T10:53:26.845+0530] {processor.py:186} INFO - Started process (PID=15032) to work on /home/sneha/spotify_airflow_project/venv/lib/python3.12/site-packages/airflow/example_dags/example_task_group.py
[2025-12-17T10:53:26.846+0530] {processor.py:914} INFO - Processing file /home/sneha/spotify_airflow_project/venv/lib/python3.12/site-packages/airflow/example_dags/example_task_group.py for tasks to queue
[2025-12-17T10:53:26.849+0530] {logging_mixin.py:190} INFO - [2025-12-17T10:53:26.848+0530] {dagbag.py:588} INFO - Filling up the DagBag from /home/sneha/spotify_airflow_project/venv/lib/python3.12/site-packages/airflow/example_dags/example_task_group.py
[2025-12-17T10:53:26.858+0530] {processor.py:925} INFO - DAG(s) 'example_task_group' retrieved from /home/sneha/spotify_airflow_project/venv/lib/python3.12/site-packages/airflow/example_dags/example_task_group.py
[2025-12-17T10:53:26.877+0530] {logging_mixin.py:190} INFO - [2025-12-17T10:53:26.877+0530] {dag.py:3239} INFO - Sync 1 DAGs
[2025-12-17T10:53:26.890+0530] {logging_mixin.py:190} INFO - [2025-12-17T10:53:26.890+0530] {dag.py:4180} INFO - Setting next_dagrun for example_task_group to None, run_after=None
[2025-12-17T10:53:26.910+0530] {processor.py:208} INFO - Processing /home/sneha/spotify_airflow_project/venv/lib/python3.12/site-packages/airflow/example_dags/example_task_group.py took 0.071 seconds
[2025-12-17T10:54:30.461+0530] {processor.py:186} INFO - Started process (PID=15378) to work on /home/sneha/spotify_airflow_project/venv/lib/python3.12/site-packages/airflow/example_dags/example_task_group.py
[2025-12-17T10:54:30.462+0530] {processor.py:914} INFO - Processing file /home/sneha/spotify_airflow_project/venv/lib/python3.12/site-packages/airflow/example_dags/example_task_group.py for tasks to queue
[2025-12-17T10:54:30.464+0530] {logging_mixin.py:190} INFO - [2025-12-17T10:54:30.464+0530] {dagbag.py:588} INFO - Filling up the DagBag from /home/sneha/spotify_airflow_project/venv/lib/python3.12/site-packages/airflow/example_dags/example_task_group.py
[2025-12-17T10:54:30.473+0530] {processor.py:925} INFO - DAG(s) 'example_task_group' retrieved from /home/sneha/spotify_airflow_project/venv/lib/python3.12/site-packages/airflow/example_dags/example_task_group.py
[2025-12-17T10:54:30.491+0530] {logging_mixin.py:190} INFO - [2025-12-17T10:54:30.491+0530] {dag.py:3239} INFO - Sync 1 DAGs
[2025-12-17T10:54:30.504+0530] {logging_mixin.py:190} INFO - [2025-12-17T10:54:30.504+0530] {dag.py:4180} INFO - Setting next_dagrun for example_task_group to None, run_after=None
[2025-12-17T10:54:30.523+0530] {processor.py:208} INFO - Processing /home/sneha/spotify_airflow_project/venv/lib/python3.12/site-packages/airflow/example_dags/example_task_group.py took 0.074 seconds
[2025-12-17T10:55:27.061+0530] {processor.py:186} INFO - Started process (PID=15593) to work on /home/sneha/spotify_airflow_project/venv/lib/python3.12/site-packages/airflow/example_dags/example_task_group.py
[2025-12-17T10:55:27.063+0530] {processor.py:914} INFO - Processing file /home/sneha/spotify_airflow_project/venv/lib/python3.12/site-packages/airflow/example_dags/example_task_group.py for tasks to queue
[2025-12-17T10:55:27.066+0530] {logging_mixin.py:190} INFO - [2025-12-17T10:55:27.065+0530] {dagbag.py:588} INFO - Filling up the DagBag from /home/sneha/spotify_airflow_project/venv/lib/python3.12/site-packages/airflow/example_dags/example_task_group.py
[2025-12-17T10:55:27.080+0530] {processor.py:925} INFO - DAG(s) 'example_task_group' retrieved from /home/sneha/spotify_airflow_project/venv/lib/python3.12/site-packages/airflow/example_dags/example_task_group.py
[2025-12-17T10:55:27.104+0530] {logging_mixin.py:190} INFO - [2025-12-17T10:55:27.104+0530] {dag.py:3239} INFO - Sync 1 DAGs
[2025-12-17T10:55:27.122+0530] {logging_mixin.py:190} INFO - [2025-12-17T10:55:27.121+0530] {dag.py:4180} INFO - Setting next_dagrun for example_task_group to None, run_after=None
[2025-12-17T10:55:27.146+0530] {processor.py:208} INFO - Processing /home/sneha/spotify_airflow_project/venv/lib/python3.12/site-packages/airflow/example_dags/example_task_group.py took 0.093 seconds
[2025-12-17T10:56:23.626+0530] {processor.py:186} INFO - Started process (PID=15655) to work on /home/sneha/spotify_airflow_project/venv/lib/python3.12/site-packages/airflow/example_dags/example_task_group.py
[2025-12-17T10:56:23.627+0530] {processor.py:914} INFO - Processing file /home/sneha/spotify_airflow_project/venv/lib/python3.12/site-packages/airflow/example_dags/example_task_group.py for tasks to queue
[2025-12-17T10:56:23.629+0530] {logging_mixin.py:190} INFO - [2025-12-17T10:56:23.629+0530] {dagbag.py:588} INFO - Filling up the DagBag from /home/sneha/spotify_airflow_project/venv/lib/python3.12/site-packages/airflow/example_dags/example_task_group.py
[2025-12-17T10:56:23.637+0530] {processor.py:925} INFO - DAG(s) 'example_task_group' retrieved from /home/sneha/spotify_airflow_project/venv/lib/python3.12/site-packages/airflow/example_dags/example_task_group.py
[2025-12-17T10:56:23.653+0530] {logging_mixin.py:190} INFO - [2025-12-17T10:56:23.653+0530] {dag.py:3239} INFO - Sync 1 DAGs
[2025-12-17T10:56:23.664+0530] {logging_mixin.py:190} INFO - [2025-12-17T10:56:23.664+0530] {dag.py:4180} INFO - Setting next_dagrun for example_task_group to None, run_after=None
[2025-12-17T10:56:23.684+0530] {processor.py:208} INFO - Processing /home/sneha/spotify_airflow_project/venv/lib/python3.12/site-packages/airflow/example_dags/example_task_group.py took 0.068 seconds
[2025-12-17T10:57:18.538+0530] {processor.py:186} INFO - Started process (PID=15743) to work on /home/sneha/spotify_airflow_project/venv/lib/python3.12/site-packages/airflow/example_dags/example_task_group.py
[2025-12-17T10:57:18.539+0530] {processor.py:914} INFO - Processing file /home/sneha/spotify_airflow_project/venv/lib/python3.12/site-packages/airflow/example_dags/example_task_group.py for tasks to queue
[2025-12-17T10:57:18.542+0530] {logging_mixin.py:190} INFO - [2025-12-17T10:57:18.541+0530] {dagbag.py:588} INFO - Filling up the DagBag from /home/sneha/spotify_airflow_project/venv/lib/python3.12/site-packages/airflow/example_dags/example_task_group.py
[2025-12-17T10:57:18.553+0530] {processor.py:925} INFO - DAG(s) 'example_task_group' retrieved from /home/sneha/spotify_airflow_project/venv/lib/python3.12/site-packages/airflow/example_dags/example_task_group.py
[2025-12-17T10:57:18.574+0530] {logging_mixin.py:190} INFO - [2025-12-17T10:57:18.574+0530] {dag.py:3239} INFO - Sync 1 DAGs
[2025-12-17T10:57:18.589+0530] {logging_mixin.py:190} INFO - [2025-12-17T10:57:18.589+0530] {dag.py:4180} INFO - Setting next_dagrun for example_task_group to None, run_after=None
[2025-12-17T10:57:18.609+0530] {processor.py:208} INFO - Processing /home/sneha/spotify_airflow_project/venv/lib/python3.12/site-packages/airflow/example_dags/example_task_group.py took 0.077 seconds
[2025-12-17T10:58:13.115+0530] {processor.py:186} INFO - Started process (PID=16064) to work on /home/sneha/spotify_airflow_project/venv/lib/python3.12/site-packages/airflow/example_dags/example_task_group.py
[2025-12-17T10:58:13.116+0530] {processor.py:914} INFO - Processing file /home/sneha/spotify_airflow_project/venv/lib/python3.12/site-packages/airflow/example_dags/example_task_group.py for tasks to queue
[2025-12-17T10:58:13.119+0530] {logging_mixin.py:190} INFO - [2025-12-17T10:58:13.118+0530] {dagbag.py:588} INFO - Filling up the DagBag from /home/sneha/spotify_airflow_project/venv/lib/python3.12/site-packages/airflow/example_dags/example_task_group.py
[2025-12-17T10:58:13.128+0530] {processor.py:925} INFO - DAG(s) 'example_task_group' retrieved from /home/sneha/spotify_airflow_project/venv/lib/python3.12/site-packages/airflow/example_dags/example_task_group.py
[2025-12-17T10:58:13.147+0530] {logging_mixin.py:190} INFO - [2025-12-17T10:58:13.147+0530] {dag.py:3239} INFO - Sync 1 DAGs
[2025-12-17T10:58:13.160+0530] {logging_mixin.py:190} INFO - [2025-12-17T10:58:13.159+0530] {dag.py:4180} INFO - Setting next_dagrun for example_task_group to None, run_after=None
[2025-12-17T10:58:13.180+0530] {processor.py:208} INFO - Processing /home/sneha/spotify_airflow_project/venv/lib/python3.12/site-packages/airflow/example_dags/example_task_group.py took 0.074 seconds
[2025-12-17T11:01:12.616+0530] {processor.py:186} INFO - Started process (PID=17058) to work on /home/sneha/spotify_airflow_project/venv/lib/python3.12/site-packages/airflow/example_dags/example_task_group.py
[2025-12-17T11:01:12.617+0530] {processor.py:914} INFO - Processing file /home/sneha/spotify_airflow_project/venv/lib/python3.12/site-packages/airflow/example_dags/example_task_group.py for tasks to queue
[2025-12-17T11:01:12.619+0530] {logging_mixin.py:190} INFO - [2025-12-17T11:01:12.618+0530] {dagbag.py:588} INFO - Filling up the DagBag from /home/sneha/spotify_airflow_project/venv/lib/python3.12/site-packages/airflow/example_dags/example_task_group.py
[2025-12-17T11:01:12.627+0530] {processor.py:925} INFO - DAG(s) 'example_task_group' retrieved from /home/sneha/spotify_airflow_project/venv/lib/python3.12/site-packages/airflow/example_dags/example_task_group.py
[2025-12-17T11:01:12.647+0530] {logging_mixin.py:190} INFO - [2025-12-17T11:01:12.647+0530] {dag.py:3239} INFO - Sync 1 DAGs
[2025-12-17T11:01:12.661+0530] {logging_mixin.py:190} INFO - [2025-12-17T11:01:12.660+0530] {dag.py:4180} INFO - Setting next_dagrun for example_task_group to None, run_after=None
[2025-12-17T11:01:12.682+0530] {processor.py:208} INFO - Processing /home/sneha/spotify_airflow_project/venv/lib/python3.12/site-packages/airflow/example_dags/example_task_group.py took 0.072 seconds
[2025-12-17T11:02:35.459+0530] {processor.py:186} INFO - Started process (PID=17856) to work on /home/sneha/spotify_airflow_project/venv/lib/python3.12/site-packages/airflow/example_dags/example_task_group.py
[2025-12-17T11:02:35.460+0530] {processor.py:914} INFO - Processing file /home/sneha/spotify_airflow_project/venv/lib/python3.12/site-packages/airflow/example_dags/example_task_group.py for tasks to queue
[2025-12-17T11:02:35.462+0530] {logging_mixin.py:190} INFO - [2025-12-17T11:02:35.462+0530] {dagbag.py:588} INFO - Filling up the DagBag from /home/sneha/spotify_airflow_project/venv/lib/python3.12/site-packages/airflow/example_dags/example_task_group.py
[2025-12-17T11:02:35.471+0530] {processor.py:925} INFO - DAG(s) 'example_task_group' retrieved from /home/sneha/spotify_airflow_project/venv/lib/python3.12/site-packages/airflow/example_dags/example_task_group.py
[2025-12-17T11:02:35.490+0530] {logging_mixin.py:190} INFO - [2025-12-17T11:02:35.489+0530] {dag.py:3239} INFO - Sync 1 DAGs
[2025-12-17T11:02:35.503+0530] {logging_mixin.py:190} INFO - [2025-12-17T11:02:35.502+0530] {dag.py:4180} INFO - Setting next_dagrun for example_task_group to None, run_after=None
[2025-12-17T11:02:35.523+0530] {processor.py:208} INFO - Processing /home/sneha/spotify_airflow_project/venv/lib/python3.12/site-packages/airflow/example_dags/example_task_group.py took 0.071 seconds
[2025-12-17T11:03:38.261+0530] {processor.py:186} INFO - Started process (PID=18294) to work on /home/sneha/spotify_airflow_project/venv/lib/python3.12/site-packages/airflow/example_dags/example_task_group.py
[2025-12-17T11:03:38.262+0530] {processor.py:914} INFO - Processing file /home/sneha/spotify_airflow_project/venv/lib/python3.12/site-packages/airflow/example_dags/example_task_group.py for tasks to queue
[2025-12-17T11:03:38.265+0530] {logging_mixin.py:190} INFO - [2025-12-17T11:03:38.264+0530] {dagbag.py:588} INFO - Filling up the DagBag from /home/sneha/spotify_airflow_project/venv/lib/python3.12/site-packages/airflow/example_dags/example_task_group.py
[2025-12-17T11:03:38.273+0530] {processor.py:925} INFO - DAG(s) 'example_task_group' retrieved from /home/sneha/spotify_airflow_project/venv/lib/python3.12/site-packages/airflow/example_dags/example_task_group.py
[2025-12-17T11:03:38.293+0530] {logging_mixin.py:190} INFO - [2025-12-17T11:03:38.293+0530] {dag.py:3239} INFO - Sync 1 DAGs
[2025-12-17T11:03:38.305+0530] {logging_mixin.py:190} INFO - [2025-12-17T11:03:38.305+0530] {dag.py:4180} INFO - Setting next_dagrun for example_task_group to None, run_after=None
[2025-12-17T11:03:38.333+0530] {processor.py:208} INFO - Processing /home/sneha/spotify_airflow_project/venv/lib/python3.12/site-packages/airflow/example_dags/example_task_group.py took 0.082 seconds
[2025-12-17T11:04:33.991+0530] {processor.py:186} INFO - Started process (PID=18538) to work on /home/sneha/spotify_airflow_project/venv/lib/python3.12/site-packages/airflow/example_dags/example_task_group.py
[2025-12-17T11:04:33.993+0530] {processor.py:914} INFO - Processing file /home/sneha/spotify_airflow_project/venv/lib/python3.12/site-packages/airflow/example_dags/example_task_group.py for tasks to queue
[2025-12-17T11:04:33.998+0530] {logging_mixin.py:190} INFO - [2025-12-17T11:04:33.997+0530] {dagbag.py:588} INFO - Filling up the DagBag from /home/sneha/spotify_airflow_project/venv/lib/python3.12/site-packages/airflow/example_dags/example_task_group.py
[2025-12-17T11:04:34.007+0530] {processor.py:925} INFO - DAG(s) 'example_task_group' retrieved from /home/sneha/spotify_airflow_project/venv/lib/python3.12/site-packages/airflow/example_dags/example_task_group.py
[2025-12-17T11:04:34.029+0530] {logging_mixin.py:190} INFO - [2025-12-17T11:04:34.029+0530] {dag.py:3239} INFO - Sync 1 DAGs
[2025-12-17T11:04:34.044+0530] {logging_mixin.py:190} INFO - [2025-12-17T11:04:34.044+0530] {dag.py:4180} INFO - Setting next_dagrun for example_task_group to None, run_after=None
[2025-12-17T11:04:34.068+0530] {processor.py:208} INFO - Processing /home/sneha/spotify_airflow_project/venv/lib/python3.12/site-packages/airflow/example_dags/example_task_group.py took 0.084 seconds
[2025-12-17T11:05:36.365+0530] {processor.py:186} INFO - Started process (PID=18717) to work on /home/sneha/spotify_airflow_project/venv/lib/python3.12/site-packages/airflow/example_dags/example_task_group.py
[2025-12-17T11:05:36.366+0530] {processor.py:914} INFO - Processing file /home/sneha/spotify_airflow_project/venv/lib/python3.12/site-packages/airflow/example_dags/example_task_group.py for tasks to queue
[2025-12-17T11:05:36.369+0530] {logging_mixin.py:190} INFO - [2025-12-17T11:05:36.368+0530] {dagbag.py:588} INFO - Filling up the DagBag from /home/sneha/spotify_airflow_project/venv/lib/python3.12/site-packages/airflow/example_dags/example_task_group.py
[2025-12-17T11:05:36.377+0530] {processor.py:925} INFO - DAG(s) 'example_task_group' retrieved from /home/sneha/spotify_airflow_project/venv/lib/python3.12/site-packages/airflow/example_dags/example_task_group.py
[2025-12-17T11:05:36.395+0530] {logging_mixin.py:190} INFO - [2025-12-17T11:05:36.394+0530] {dag.py:3239} INFO - Sync 1 DAGs
[2025-12-17T11:05:36.407+0530] {logging_mixin.py:190} INFO - [2025-12-17T11:05:36.407+0530] {dag.py:4180} INFO - Setting next_dagrun for example_task_group to None, run_after=None
[2025-12-17T11:05:36.426+0530] {processor.py:208} INFO - Processing /home/sneha/spotify_airflow_project/venv/lib/python3.12/site-packages/airflow/example_dags/example_task_group.py took 0.066 seconds
[2025-12-17T11:06:34.797+0530] {processor.py:186} INFO - Started process (PID=19050) to work on /home/sneha/spotify_airflow_project/venv/lib/python3.12/site-packages/airflow/example_dags/example_task_group.py
[2025-12-17T11:06:34.798+0530] {processor.py:914} INFO - Processing file /home/sneha/spotify_airflow_project/venv/lib/python3.12/site-packages/airflow/example_dags/example_task_group.py for tasks to queue
[2025-12-17T11:06:34.801+0530] {logging_mixin.py:190} INFO - [2025-12-17T11:06:34.800+0530] {dagbag.py:588} INFO - Filling up the DagBag from /home/sneha/spotify_airflow_project/venv/lib/python3.12/site-packages/airflow/example_dags/example_task_group.py
[2025-12-17T11:06:34.809+0530] {processor.py:925} INFO - DAG(s) 'example_task_group' retrieved from /home/sneha/spotify_airflow_project/venv/lib/python3.12/site-packages/airflow/example_dags/example_task_group.py
[2025-12-17T11:06:34.827+0530] {logging_mixin.py:190} INFO - [2025-12-17T11:06:34.826+0530] {dag.py:3239} INFO - Sync 1 DAGs
[2025-12-17T11:06:34.839+0530] {logging_mixin.py:190} INFO - [2025-12-17T11:06:34.839+0530] {dag.py:4180} INFO - Setting next_dagrun for example_task_group to None, run_after=None
[2025-12-17T11:06:34.858+0530] {processor.py:208} INFO - Processing /home/sneha/spotify_airflow_project/venv/lib/python3.12/site-packages/airflow/example_dags/example_task_group.py took 0.071 seconds
[2025-12-17T12:47:24.506+0530] {processor.py:186} INFO - Started process (PID=71071) to work on /home/sneha/spotify_airflow_project/venv/lib/python3.12/site-packages/airflow/example_dags/example_task_group.py
[2025-12-17T12:47:24.509+0530] {processor.py:914} INFO - Processing file /home/sneha/spotify_airflow_project/venv/lib/python3.12/site-packages/airflow/example_dags/example_task_group.py for tasks to queue
[2025-12-17T12:47:24.516+0530] {logging_mixin.py:190} INFO - [2025-12-17T12:47:24.515+0530] {dagbag.py:588} INFO - Filling up the DagBag from /home/sneha/spotify_airflow_project/venv/lib/python3.12/site-packages/airflow/example_dags/example_task_group.py
[2025-12-17T12:47:24.539+0530] {processor.py:925} INFO - DAG(s) 'example_task_group' retrieved from /home/sneha/spotify_airflow_project/venv/lib/python3.12/site-packages/airflow/example_dags/example_task_group.py
[2025-12-17T12:47:24.587+0530] {logging_mixin.py:190} INFO - [2025-12-17T12:47:24.586+0530] {dag.py:3239} INFO - Sync 1 DAGs
[2025-12-17T12:47:24.628+0530] {logging_mixin.py:190} INFO - [2025-12-17T12:47:24.627+0530] {dag.py:4180} INFO - Setting next_dagrun for example_task_group to None, run_after=None
[2025-12-17T12:47:24.692+0530] {processor.py:208} INFO - Processing /home/sneha/spotify_airflow_project/venv/lib/python3.12/site-packages/airflow/example_dags/example_task_group.py took 0.202 seconds
[2025-12-17T12:48:33.408+0530] {processor.py:186} INFO - Started process (PID=71207) to work on /home/sneha/spotify_airflow_project/venv/lib/python3.12/site-packages/airflow/example_dags/example_task_group.py
[2025-12-17T12:48:33.409+0530] {processor.py:914} INFO - Processing file /home/sneha/spotify_airflow_project/venv/lib/python3.12/site-packages/airflow/example_dags/example_task_group.py for tasks to queue
[2025-12-17T12:48:33.414+0530] {logging_mixin.py:190} INFO - [2025-12-17T12:48:33.413+0530] {dagbag.py:588} INFO - Filling up the DagBag from /home/sneha/spotify_airflow_project/venv/lib/python3.12/site-packages/airflow/example_dags/example_task_group.py
[2025-12-17T12:48:33.429+0530] {processor.py:925} INFO - DAG(s) 'example_task_group' retrieved from /home/sneha/spotify_airflow_project/venv/lib/python3.12/site-packages/airflow/example_dags/example_task_group.py
[2025-12-17T12:48:33.459+0530] {logging_mixin.py:190} INFO - [2025-12-17T12:48:33.459+0530] {dag.py:3239} INFO - Sync 1 DAGs
[2025-12-17T12:48:33.483+0530] {logging_mixin.py:190} INFO - [2025-12-17T12:48:33.482+0530] {dag.py:4180} INFO - Setting next_dagrun for example_task_group to None, run_after=None
[2025-12-17T12:48:33.516+0530] {processor.py:208} INFO - Processing /home/sneha/spotify_airflow_project/venv/lib/python3.12/site-packages/airflow/example_dags/example_task_group.py took 0.119 seconds
[2025-12-17T12:50:05.744+0530] {processor.py:186} INFO - Started process (PID=71532) to work on /home/sneha/spotify_airflow_project/venv/lib/python3.12/site-packages/airflow/example_dags/example_task_group.py
[2025-12-17T12:50:05.746+0530] {processor.py:914} INFO - Processing file /home/sneha/spotify_airflow_project/venv/lib/python3.12/site-packages/airflow/example_dags/example_task_group.py for tasks to queue
[2025-12-17T12:50:05.750+0530] {logging_mixin.py:190} INFO - [2025-12-17T12:50:05.749+0530] {dagbag.py:588} INFO - Filling up the DagBag from /home/sneha/spotify_airflow_project/venv/lib/python3.12/site-packages/airflow/example_dags/example_task_group.py
[2025-12-17T12:50:05.765+0530] {processor.py:925} INFO - DAG(s) 'example_task_group' retrieved from /home/sneha/spotify_airflow_project/venv/lib/python3.12/site-packages/airflow/example_dags/example_task_group.py
[2025-12-17T12:50:05.797+0530] {logging_mixin.py:190} INFO - [2025-12-17T12:50:05.796+0530] {dag.py:3239} INFO - Sync 1 DAGs
[2025-12-17T12:50:05.818+0530] {logging_mixin.py:190} INFO - [2025-12-17T12:50:05.817+0530] {dag.py:4180} INFO - Setting next_dagrun for example_task_group to None, run_after=None
[2025-12-17T12:50:05.851+0530] {processor.py:208} INFO - Processing /home/sneha/spotify_airflow_project/venv/lib/python3.12/site-packages/airflow/example_dags/example_task_group.py took 0.118 seconds
[2025-12-17T12:51:19.228+0530] {processor.py:186} INFO - Started process (PID=71856) to work on /home/sneha/spotify_airflow_project/venv/lib/python3.12/site-packages/airflow/example_dags/example_task_group.py
[2025-12-17T12:51:19.229+0530] {processor.py:914} INFO - Processing file /home/sneha/spotify_airflow_project/venv/lib/python3.12/site-packages/airflow/example_dags/example_task_group.py for tasks to queue
[2025-12-17T12:51:19.232+0530] {logging_mixin.py:190} INFO - [2025-12-17T12:51:19.232+0530] {dagbag.py:588} INFO - Filling up the DagBag from /home/sneha/spotify_airflow_project/venv/lib/python3.12/site-packages/airflow/example_dags/example_task_group.py
[2025-12-17T12:51:19.246+0530] {processor.py:925} INFO - DAG(s) 'example_task_group' retrieved from /home/sneha/spotify_airflow_project/venv/lib/python3.12/site-packages/airflow/example_dags/example_task_group.py
[2025-12-17T12:51:19.272+0530] {logging_mixin.py:190} INFO - [2025-12-17T12:51:19.271+0530] {dag.py:3239} INFO - Sync 1 DAGs
[2025-12-17T12:51:19.290+0530] {logging_mixin.py:190} INFO - [2025-12-17T12:51:19.290+0530] {dag.py:4180} INFO - Setting next_dagrun for example_task_group to None, run_after=None
[2025-12-17T12:51:19.325+0530] {processor.py:208} INFO - Processing /home/sneha/spotify_airflow_project/venv/lib/python3.12/site-packages/airflow/example_dags/example_task_group.py took 0.108 seconds
[2025-12-17T12:52:29.666+0530] {processor.py:186} INFO - Started process (PID=72287) to work on /home/sneha/spotify_airflow_project/venv/lib/python3.12/site-packages/airflow/example_dags/example_task_group.py
[2025-12-17T12:52:29.668+0530] {processor.py:914} INFO - Processing file /home/sneha/spotify_airflow_project/venv/lib/python3.12/site-packages/airflow/example_dags/example_task_group.py for tasks to queue
[2025-12-17T12:52:29.671+0530] {logging_mixin.py:190} INFO - [2025-12-17T12:52:29.670+0530] {dagbag.py:588} INFO - Filling up the DagBag from /home/sneha/spotify_airflow_project/venv/lib/python3.12/site-packages/airflow/example_dags/example_task_group.py
[2025-12-17T12:52:29.685+0530] {processor.py:925} INFO - DAG(s) 'example_task_group' retrieved from /home/sneha/spotify_airflow_project/venv/lib/python3.12/site-packages/airflow/example_dags/example_task_group.py
[2025-12-17T12:52:29.712+0530] {logging_mixin.py:190} INFO - [2025-12-17T12:52:29.711+0530] {dag.py:3239} INFO - Sync 1 DAGs
[2025-12-17T12:52:29.731+0530] {logging_mixin.py:190} INFO - [2025-12-17T12:52:29.731+0530] {dag.py:4180} INFO - Setting next_dagrun for example_task_group to None, run_after=None
[2025-12-17T12:52:29.762+0530] {processor.py:208} INFO - Processing /home/sneha/spotify_airflow_project/venv/lib/python3.12/site-packages/airflow/example_dags/example_task_group.py took 0.104 seconds
[2025-12-17T12:54:42.819+0530] {processor.py:186} INFO - Started process (PID=73321) to work on /home/sneha/spotify_airflow_project/venv/lib/python3.12/site-packages/airflow/example_dags/example_task_group.py
[2025-12-17T12:54:42.821+0530] {processor.py:914} INFO - Processing file /home/sneha/spotify_airflow_project/venv/lib/python3.12/site-packages/airflow/example_dags/example_task_group.py for tasks to queue
[2025-12-17T12:54:42.825+0530] {logging_mixin.py:190} INFO - [2025-12-17T12:54:42.825+0530] {dagbag.py:588} INFO - Filling up the DagBag from /home/sneha/spotify_airflow_project/venv/lib/python3.12/site-packages/airflow/example_dags/example_task_group.py
[2025-12-17T12:54:42.839+0530] {processor.py:925} INFO - DAG(s) 'example_task_group' retrieved from /home/sneha/spotify_airflow_project/venv/lib/python3.12/site-packages/airflow/example_dags/example_task_group.py
[2025-12-17T12:54:43.074+0530] {logging_mixin.py:190} INFO - [2025-12-17T12:54:43.074+0530] {dag.py:3239} INFO - Sync 1 DAGs
[2025-12-17T12:54:43.092+0530] {logging_mixin.py:190} INFO - [2025-12-17T12:54:43.091+0530] {dag.py:4180} INFO - Setting next_dagrun for example_task_group to None, run_after=None
[2025-12-17T12:54:43.122+0530] {processor.py:208} INFO - Processing /home/sneha/spotify_airflow_project/venv/lib/python3.12/site-packages/airflow/example_dags/example_task_group.py took 0.311 seconds
[2025-12-17T12:55:32.990+0530] {processor.py:186} INFO - Started process (PID=73505) to work on /home/sneha/spotify_airflow_project/venv/lib/python3.12/site-packages/airflow/example_dags/example_task_group.py
[2025-12-17T12:55:33.001+0530] {processor.py:914} INFO - Processing file /home/sneha/spotify_airflow_project/venv/lib/python3.12/site-packages/airflow/example_dags/example_task_group.py for tasks to queue
[2025-12-17T12:55:33.006+0530] {logging_mixin.py:190} INFO - [2025-12-17T12:55:33.005+0530] {dagbag.py:588} INFO - Filling up the DagBag from /home/sneha/spotify_airflow_project/venv/lib/python3.12/site-packages/airflow/example_dags/example_task_group.py
[2025-12-17T12:55:33.022+0530] {processor.py:925} INFO - DAG(s) 'example_task_group' retrieved from /home/sneha/spotify_airflow_project/venv/lib/python3.12/site-packages/airflow/example_dags/example_task_group.py
[2025-12-17T12:55:33.053+0530] {logging_mixin.py:190} INFO - [2025-12-17T12:55:33.053+0530] {dag.py:3239} INFO - Sync 1 DAGs
[2025-12-17T12:55:33.076+0530] {logging_mixin.py:190} INFO - [2025-12-17T12:55:33.076+0530] {dag.py:4180} INFO - Setting next_dagrun for example_task_group to None, run_after=None
[2025-12-17T12:55:33.111+0530] {processor.py:208} INFO - Processing /home/sneha/spotify_airflow_project/venv/lib/python3.12/site-packages/airflow/example_dags/example_task_group.py took 0.136 seconds
