[2025-12-17T10:30:21.026+0530] {processor.py:186} INFO - Started process (PID=7224) to work on /home/sneha/spotify_airflow_project/venv/lib/python3.12/site-packages/airflow/example_dags/example_sensors.py
[2025-12-17T10:30:21.027+0530] {processor.py:914} INFO - Processing file /home/sneha/spotify_airflow_project/venv/lib/python3.12/site-packages/airflow/example_dags/example_sensors.py for tasks to queue
[2025-12-17T10:30:21.029+0530] {logging_mixin.py:190} INFO - [2025-12-17T10:30:21.029+0530] {dagbag.py:588} INFO - Filling up the DagBag from /home/sneha/spotify_airflow_project/venv/lib/python3.12/site-packages/airflow/example_dags/example_sensors.py
[2025-12-17T10:30:21.039+0530] {processor.py:925} INFO - DAG(s) 'example_sensors' retrieved from /home/sneha/spotify_airflow_project/venv/lib/python3.12/site-packages/airflow/example_dags/example_sensors.py
[2025-12-17T10:30:21.064+0530] {logging_mixin.py:190} INFO - [2025-12-17T10:30:21.064+0530] {dag.py:3239} INFO - Sync 1 DAGs
[2025-12-17T10:30:21.077+0530] {logging_mixin.py:190} INFO - [2025-12-17T10:30:21.077+0530] {dag.py:4180} INFO - Setting next_dagrun for example_sensors to None, run_after=None
[2025-12-17T10:30:21.096+0530] {processor.py:208} INFO - Processing /home/sneha/spotify_airflow_project/venv/lib/python3.12/site-packages/airflow/example_dags/example_sensors.py took 0.080 seconds
[2025-12-17T10:31:21.772+0530] {processor.py:186} INFO - Started process (PID=7468) to work on /home/sneha/spotify_airflow_project/venv/lib/python3.12/site-packages/airflow/example_dags/example_sensors.py
[2025-12-17T10:31:21.773+0530] {processor.py:914} INFO - Processing file /home/sneha/spotify_airflow_project/venv/lib/python3.12/site-packages/airflow/example_dags/example_sensors.py for tasks to queue
[2025-12-17T10:31:21.775+0530] {logging_mixin.py:190} INFO - [2025-12-17T10:31:21.775+0530] {dagbag.py:588} INFO - Filling up the DagBag from /home/sneha/spotify_airflow_project/venv/lib/python3.12/site-packages/airflow/example_dags/example_sensors.py
[2025-12-17T10:31:21.786+0530] {processor.py:925} INFO - DAG(s) 'example_sensors' retrieved from /home/sneha/spotify_airflow_project/venv/lib/python3.12/site-packages/airflow/example_dags/example_sensors.py
[2025-12-17T10:31:21.807+0530] {logging_mixin.py:190} INFO - [2025-12-17T10:31:21.807+0530] {dag.py:3239} INFO - Sync 1 DAGs
[2025-12-17T10:31:21.820+0530] {logging_mixin.py:190} INFO - [2025-12-17T10:31:21.819+0530] {dag.py:4180} INFO - Setting next_dagrun for example_sensors to None, run_after=None
[2025-12-17T10:31:21.838+0530] {processor.py:208} INFO - Processing /home/sneha/spotify_airflow_project/venv/lib/python3.12/site-packages/airflow/example_dags/example_sensors.py took 0.076 seconds
[2025-12-17T10:32:18.851+0530] {processor.py:186} INFO - Started process (PID=7793) to work on /home/sneha/spotify_airflow_project/venv/lib/python3.12/site-packages/airflow/example_dags/example_sensors.py
[2025-12-17T10:32:18.852+0530] {processor.py:914} INFO - Processing file /home/sneha/spotify_airflow_project/venv/lib/python3.12/site-packages/airflow/example_dags/example_sensors.py for tasks to queue
[2025-12-17T10:32:18.854+0530] {logging_mixin.py:190} INFO - [2025-12-17T10:32:18.853+0530] {dagbag.py:588} INFO - Filling up the DagBag from /home/sneha/spotify_airflow_project/venv/lib/python3.12/site-packages/airflow/example_dags/example_sensors.py
[2025-12-17T10:32:18.866+0530] {processor.py:925} INFO - DAG(s) 'example_sensors' retrieved from /home/sneha/spotify_airflow_project/venv/lib/python3.12/site-packages/airflow/example_dags/example_sensors.py
[2025-12-17T10:32:18.889+0530] {logging_mixin.py:190} INFO - [2025-12-17T10:32:18.889+0530] {dag.py:3239} INFO - Sync 1 DAGs
[2025-12-17T10:32:18.902+0530] {logging_mixin.py:190} INFO - [2025-12-17T10:32:18.902+0530] {dag.py:4180} INFO - Setting next_dagrun for example_sensors to None, run_after=None
[2025-12-17T10:32:18.922+0530] {processor.py:208} INFO - Processing /home/sneha/spotify_airflow_project/venv/lib/python3.12/site-packages/airflow/example_dags/example_sensors.py took 0.079 seconds
[2025-12-17T10:33:15.335+0530] {processor.py:186} INFO - Started process (PID=8197) to work on /home/sneha/spotify_airflow_project/venv/lib/python3.12/site-packages/airflow/example_dags/example_sensors.py
[2025-12-17T10:33:15.336+0530] {processor.py:914} INFO - Processing file /home/sneha/spotify_airflow_project/venv/lib/python3.12/site-packages/airflow/example_dags/example_sensors.py for tasks to queue
[2025-12-17T10:33:15.338+0530] {logging_mixin.py:190} INFO - [2025-12-17T10:33:15.338+0530] {dagbag.py:588} INFO - Filling up the DagBag from /home/sneha/spotify_airflow_project/venv/lib/python3.12/site-packages/airflow/example_dags/example_sensors.py
[2025-12-17T10:33:15.350+0530] {processor.py:925} INFO - DAG(s) 'example_sensors' retrieved from /home/sneha/spotify_airflow_project/venv/lib/python3.12/site-packages/airflow/example_dags/example_sensors.py
[2025-12-17T10:33:15.373+0530] {logging_mixin.py:190} INFO - [2025-12-17T10:33:15.373+0530] {dag.py:3239} INFO - Sync 1 DAGs
[2025-12-17T10:33:15.386+0530] {logging_mixin.py:190} INFO - [2025-12-17T10:33:15.386+0530] {dag.py:4180} INFO - Setting next_dagrun for example_sensors to None, run_after=None
[2025-12-17T10:33:15.406+0530] {processor.py:208} INFO - Processing /home/sneha/spotify_airflow_project/venv/lib/python3.12/site-packages/airflow/example_dags/example_sensors.py took 0.077 seconds
[2025-12-17T10:34:11.372+0530] {processor.py:186} INFO - Started process (PID=8529) to work on /home/sneha/spotify_airflow_project/venv/lib/python3.12/site-packages/airflow/example_dags/example_sensors.py
[2025-12-17T10:34:11.373+0530] {processor.py:914} INFO - Processing file /home/sneha/spotify_airflow_project/venv/lib/python3.12/site-packages/airflow/example_dags/example_sensors.py for tasks to queue
[2025-12-17T10:34:11.376+0530] {logging_mixin.py:190} INFO - [2025-12-17T10:34:11.376+0530] {dagbag.py:588} INFO - Filling up the DagBag from /home/sneha/spotify_airflow_project/venv/lib/python3.12/site-packages/airflow/example_dags/example_sensors.py
[2025-12-17T10:34:11.388+0530] {processor.py:925} INFO - DAG(s) 'example_sensors' retrieved from /home/sneha/spotify_airflow_project/venv/lib/python3.12/site-packages/airflow/example_dags/example_sensors.py
[2025-12-17T10:34:11.414+0530] {logging_mixin.py:190} INFO - [2025-12-17T10:34:11.413+0530] {dag.py:3239} INFO - Sync 1 DAGs
[2025-12-17T10:34:11.432+0530] {logging_mixin.py:190} INFO - [2025-12-17T10:34:11.432+0530] {dag.py:4180} INFO - Setting next_dagrun for example_sensors to None, run_after=None
[2025-12-17T10:34:11.462+0530] {processor.py:208} INFO - Processing /home/sneha/spotify_airflow_project/venv/lib/python3.12/site-packages/airflow/example_dags/example_sensors.py took 0.095 seconds
[2025-12-17T10:35:09.929+0530] {processor.py:186} INFO - Started process (PID=9034) to work on /home/sneha/spotify_airflow_project/venv/lib/python3.12/site-packages/airflow/example_dags/example_sensors.py
[2025-12-17T10:35:09.930+0530] {processor.py:914} INFO - Processing file /home/sneha/spotify_airflow_project/venv/lib/python3.12/site-packages/airflow/example_dags/example_sensors.py for tasks to queue
[2025-12-17T10:35:09.932+0530] {logging_mixin.py:190} INFO - [2025-12-17T10:35:09.932+0530] {dagbag.py:588} INFO - Filling up the DagBag from /home/sneha/spotify_airflow_project/venv/lib/python3.12/site-packages/airflow/example_dags/example_sensors.py
[2025-12-17T10:35:09.943+0530] {processor.py:925} INFO - DAG(s) 'example_sensors' retrieved from /home/sneha/spotify_airflow_project/venv/lib/python3.12/site-packages/airflow/example_dags/example_sensors.py
[2025-12-17T10:35:09.965+0530] {logging_mixin.py:190} INFO - [2025-12-17T10:35:09.965+0530] {dag.py:3239} INFO - Sync 1 DAGs
[2025-12-17T10:35:09.978+0530] {logging_mixin.py:190} INFO - [2025-12-17T10:35:09.977+0530] {dag.py:4180} INFO - Setting next_dagrun for example_sensors to None, run_after=None
[2025-12-17T10:35:09.997+0530] {processor.py:208} INFO - Processing /home/sneha/spotify_airflow_project/venv/lib/python3.12/site-packages/airflow/example_dags/example_sensors.py took 0.077 seconds
[2025-12-17T10:36:31.374+0530] {processor.py:186} INFO - Started process (PID=9841) to work on /home/sneha/spotify_airflow_project/venv/lib/python3.12/site-packages/airflow/example_dags/example_sensors.py
[2025-12-17T10:36:31.375+0530] {processor.py:914} INFO - Processing file /home/sneha/spotify_airflow_project/venv/lib/python3.12/site-packages/airflow/example_dags/example_sensors.py for tasks to queue
[2025-12-17T10:36:31.377+0530] {logging_mixin.py:190} INFO - [2025-12-17T10:36:31.377+0530] {dagbag.py:588} INFO - Filling up the DagBag from /home/sneha/spotify_airflow_project/venv/lib/python3.12/site-packages/airflow/example_dags/example_sensors.py
[2025-12-17T10:36:31.388+0530] {processor.py:925} INFO - DAG(s) 'example_sensors' retrieved from /home/sneha/spotify_airflow_project/venv/lib/python3.12/site-packages/airflow/example_dags/example_sensors.py
[2025-12-17T10:36:31.412+0530] {logging_mixin.py:190} INFO - [2025-12-17T10:36:31.411+0530] {dag.py:3239} INFO - Sync 1 DAGs
[2025-12-17T10:36:31.424+0530] {logging_mixin.py:190} INFO - [2025-12-17T10:36:31.424+0530] {dag.py:4180} INFO - Setting next_dagrun for example_sensors to None, run_after=None
[2025-12-17T10:36:31.446+0530] {processor.py:208} INFO - Processing /home/sneha/spotify_airflow_project/venv/lib/python3.12/site-packages/airflow/example_dags/example_sensors.py took 0.079 seconds
[2025-12-17T10:37:28.445+0530] {processor.py:186} INFO - Started process (PID=10246) to work on /home/sneha/spotify_airflow_project/venv/lib/python3.12/site-packages/airflow/example_dags/example_sensors.py
[2025-12-17T10:37:28.446+0530] {processor.py:914} INFO - Processing file /home/sneha/spotify_airflow_project/venv/lib/python3.12/site-packages/airflow/example_dags/example_sensors.py for tasks to queue
[2025-12-17T10:37:28.448+0530] {logging_mixin.py:190} INFO - [2025-12-17T10:37:28.448+0530] {dagbag.py:588} INFO - Filling up the DagBag from /home/sneha/spotify_airflow_project/venv/lib/python3.12/site-packages/airflow/example_dags/example_sensors.py
[2025-12-17T10:37:28.459+0530] {processor.py:925} INFO - DAG(s) 'example_sensors' retrieved from /home/sneha/spotify_airflow_project/venv/lib/python3.12/site-packages/airflow/example_dags/example_sensors.py
[2025-12-17T10:37:28.482+0530] {logging_mixin.py:190} INFO - [2025-12-17T10:37:28.482+0530] {dag.py:3239} INFO - Sync 1 DAGs
[2025-12-17T10:37:28.495+0530] {logging_mixin.py:190} INFO - [2025-12-17T10:37:28.495+0530] {dag.py:4180} INFO - Setting next_dagrun for example_sensors to None, run_after=None
[2025-12-17T10:37:28.515+0530] {processor.py:208} INFO - Processing /home/sneha/spotify_airflow_project/venv/lib/python3.12/site-packages/airflow/example_dags/example_sensors.py took 0.078 seconds
[2025-12-17T10:38:24.327+0530] {processor.py:186} INFO - Started process (PID=10634) to work on /home/sneha/spotify_airflow_project/venv/lib/python3.12/site-packages/airflow/example_dags/example_sensors.py
[2025-12-17T10:38:24.328+0530] {processor.py:914} INFO - Processing file /home/sneha/spotify_airflow_project/venv/lib/python3.12/site-packages/airflow/example_dags/example_sensors.py for tasks to queue
[2025-12-17T10:38:24.331+0530] {logging_mixin.py:190} INFO - [2025-12-17T10:38:24.331+0530] {dagbag.py:588} INFO - Filling up the DagBag from /home/sneha/spotify_airflow_project/venv/lib/python3.12/site-packages/airflow/example_dags/example_sensors.py
[2025-12-17T10:38:24.344+0530] {processor.py:925} INFO - DAG(s) 'example_sensors' retrieved from /home/sneha/spotify_airflow_project/venv/lib/python3.12/site-packages/airflow/example_dags/example_sensors.py
[2025-12-17T10:38:24.368+0530] {logging_mixin.py:190} INFO - [2025-12-17T10:38:24.368+0530] {dag.py:3239} INFO - Sync 1 DAGs
[2025-12-17T10:38:24.382+0530] {logging_mixin.py:190} INFO - [2025-12-17T10:38:24.382+0530] {dag.py:4180} INFO - Setting next_dagrun for example_sensors to None, run_after=None
[2025-12-17T10:38:24.403+0530] {processor.py:208} INFO - Processing /home/sneha/spotify_airflow_project/venv/lib/python3.12/site-packages/airflow/example_dags/example_sensors.py took 0.082 seconds
[2025-12-17T10:39:22.558+0530] {processor.py:186} INFO - Started process (PID=11054) to work on /home/sneha/spotify_airflow_project/venv/lib/python3.12/site-packages/airflow/example_dags/example_sensors.py
[2025-12-17T10:39:22.569+0530] {processor.py:914} INFO - Processing file /home/sneha/spotify_airflow_project/venv/lib/python3.12/site-packages/airflow/example_dags/example_sensors.py for tasks to queue
[2025-12-17T10:39:22.572+0530] {logging_mixin.py:190} INFO - [2025-12-17T10:39:22.571+0530] {dagbag.py:588} INFO - Filling up the DagBag from /home/sneha/spotify_airflow_project/venv/lib/python3.12/site-packages/airflow/example_dags/example_sensors.py
[2025-12-17T10:39:22.589+0530] {processor.py:925} INFO - DAG(s) 'example_sensors' retrieved from /home/sneha/spotify_airflow_project/venv/lib/python3.12/site-packages/airflow/example_dags/example_sensors.py
[2025-12-17T10:39:22.619+0530] {logging_mixin.py:190} INFO - [2025-12-17T10:39:22.618+0530] {dag.py:3239} INFO - Sync 1 DAGs
[2025-12-17T10:39:22.636+0530] {logging_mixin.py:190} INFO - [2025-12-17T10:39:22.635+0530] {dag.py:4180} INFO - Setting next_dagrun for example_sensors to None, run_after=None
[2025-12-17T10:39:22.657+0530] {processor.py:208} INFO - Processing /home/sneha/spotify_airflow_project/venv/lib/python3.12/site-packages/airflow/example_dags/example_sensors.py took 0.110 seconds
[2025-12-17T10:40:19.993+0530] {processor.py:186} INFO - Started process (PID=11474) to work on /home/sneha/spotify_airflow_project/venv/lib/python3.12/site-packages/airflow/example_dags/example_sensors.py
[2025-12-17T10:40:19.994+0530] {processor.py:914} INFO - Processing file /home/sneha/spotify_airflow_project/venv/lib/python3.12/site-packages/airflow/example_dags/example_sensors.py for tasks to queue
[2025-12-17T10:40:19.996+0530] {logging_mixin.py:190} INFO - [2025-12-17T10:40:19.996+0530] {dagbag.py:588} INFO - Filling up the DagBag from /home/sneha/spotify_airflow_project/venv/lib/python3.12/site-packages/airflow/example_dags/example_sensors.py
[2025-12-17T10:40:20.009+0530] {processor.py:925} INFO - DAG(s) 'example_sensors' retrieved from /home/sneha/spotify_airflow_project/venv/lib/python3.12/site-packages/airflow/example_dags/example_sensors.py
[2025-12-17T10:40:20.032+0530] {logging_mixin.py:190} INFO - [2025-12-17T10:40:20.032+0530] {dag.py:3239} INFO - Sync 1 DAGs
[2025-12-17T10:40:20.045+0530] {logging_mixin.py:190} INFO - [2025-12-17T10:40:20.045+0530] {dag.py:4180} INFO - Setting next_dagrun for example_sensors to None, run_after=None
[2025-12-17T10:40:20.065+0530] {processor.py:208} INFO - Processing /home/sneha/spotify_airflow_project/venv/lib/python3.12/site-packages/airflow/example_dags/example_sensors.py took 0.078 seconds
[2025-12-17T10:41:15.683+0530] {processor.py:186} INFO - Started process (PID=11768) to work on /home/sneha/spotify_airflow_project/venv/lib/python3.12/site-packages/airflow/example_dags/example_sensors.py
[2025-12-17T10:41:15.684+0530] {processor.py:914} INFO - Processing file /home/sneha/spotify_airflow_project/venv/lib/python3.12/site-packages/airflow/example_dags/example_sensors.py for tasks to queue
[2025-12-17T10:41:15.686+0530] {logging_mixin.py:190} INFO - [2025-12-17T10:41:15.685+0530] {dagbag.py:588} INFO - Filling up the DagBag from /home/sneha/spotify_airflow_project/venv/lib/python3.12/site-packages/airflow/example_dags/example_sensors.py
[2025-12-17T10:41:15.696+0530] {processor.py:925} INFO - DAG(s) 'example_sensors' retrieved from /home/sneha/spotify_airflow_project/venv/lib/python3.12/site-packages/airflow/example_dags/example_sensors.py
[2025-12-17T10:41:15.716+0530] {logging_mixin.py:190} INFO - [2025-12-17T10:41:15.715+0530] {dag.py:3239} INFO - Sync 1 DAGs
[2025-12-17T10:41:15.727+0530] {logging_mixin.py:190} INFO - [2025-12-17T10:41:15.726+0530] {dag.py:4180} INFO - Setting next_dagrun for example_sensors to None, run_after=None
[2025-12-17T10:41:15.748+0530] {processor.py:208} INFO - Processing /home/sneha/spotify_airflow_project/venv/lib/python3.12/site-packages/airflow/example_dags/example_sensors.py took 0.077 seconds
[2025-12-17T10:42:11.219+0530] {processor.py:186} INFO - Started process (PID=12025) to work on /home/sneha/spotify_airflow_project/venv/lib/python3.12/site-packages/airflow/example_dags/example_sensors.py
[2025-12-17T10:42:11.220+0530] {processor.py:914} INFO - Processing file /home/sneha/spotify_airflow_project/venv/lib/python3.12/site-packages/airflow/example_dags/example_sensors.py for tasks to queue
[2025-12-17T10:42:11.223+0530] {logging_mixin.py:190} INFO - [2025-12-17T10:42:11.222+0530] {dagbag.py:588} INFO - Filling up the DagBag from /home/sneha/spotify_airflow_project/venv/lib/python3.12/site-packages/airflow/example_dags/example_sensors.py
[2025-12-17T10:42:11.240+0530] {processor.py:925} INFO - DAG(s) 'example_sensors' retrieved from /home/sneha/spotify_airflow_project/venv/lib/python3.12/site-packages/airflow/example_dags/example_sensors.py
[2025-12-17T10:42:11.266+0530] {logging_mixin.py:190} INFO - [2025-12-17T10:42:11.266+0530] {dag.py:3239} INFO - Sync 1 DAGs
[2025-12-17T10:42:11.282+0530] {logging_mixin.py:190} INFO - [2025-12-17T10:42:11.281+0530] {dag.py:4180} INFO - Setting next_dagrun for example_sensors to None, run_after=None
[2025-12-17T10:42:11.312+0530] {processor.py:208} INFO - Processing /home/sneha/spotify_airflow_project/venv/lib/python3.12/site-packages/airflow/example_dags/example_sensors.py took 0.100 seconds
[2025-12-17T10:43:08.006+0530] {processor.py:186} INFO - Started process (PID=12188) to work on /home/sneha/spotify_airflow_project/venv/lib/python3.12/site-packages/airflow/example_dags/example_sensors.py
[2025-12-17T10:43:08.010+0530] {processor.py:914} INFO - Processing file /home/sneha/spotify_airflow_project/venv/lib/python3.12/site-packages/airflow/example_dags/example_sensors.py for tasks to queue
[2025-12-17T10:43:08.013+0530] {logging_mixin.py:190} INFO - [2025-12-17T10:43:08.013+0530] {dagbag.py:588} INFO - Filling up the DagBag from /home/sneha/spotify_airflow_project/venv/lib/python3.12/site-packages/airflow/example_dags/example_sensors.py
[2025-12-17T10:43:08.030+0530] {processor.py:925} INFO - DAG(s) 'example_sensors' retrieved from /home/sneha/spotify_airflow_project/venv/lib/python3.12/site-packages/airflow/example_dags/example_sensors.py
[2025-12-17T10:43:08.063+0530] {logging_mixin.py:190} INFO - [2025-12-17T10:43:08.063+0530] {dag.py:3239} INFO - Sync 1 DAGs
[2025-12-17T10:43:08.082+0530] {logging_mixin.py:190} INFO - [2025-12-17T10:43:08.082+0530] {dag.py:4180} INFO - Setting next_dagrun for example_sensors to None, run_after=None
[2025-12-17T10:43:08.118+0530] {processor.py:208} INFO - Processing /home/sneha/spotify_airflow_project/venv/lib/python3.12/site-packages/airflow/example_dags/example_sensors.py took 0.120 seconds
[2025-12-17T10:44:03.167+0530] {processor.py:186} INFO - Started process (PID=12248) to work on /home/sneha/spotify_airflow_project/venv/lib/python3.12/site-packages/airflow/example_dags/example_sensors.py
[2025-12-17T10:44:03.178+0530] {processor.py:914} INFO - Processing file /home/sneha/spotify_airflow_project/venv/lib/python3.12/site-packages/airflow/example_dags/example_sensors.py for tasks to queue
[2025-12-17T10:44:03.181+0530] {logging_mixin.py:190} INFO - [2025-12-17T10:44:03.180+0530] {dagbag.py:588} INFO - Filling up the DagBag from /home/sneha/spotify_airflow_project/venv/lib/python3.12/site-packages/airflow/example_dags/example_sensors.py
[2025-12-17T10:44:03.192+0530] {processor.py:925} INFO - DAG(s) 'example_sensors' retrieved from /home/sneha/spotify_airflow_project/venv/lib/python3.12/site-packages/airflow/example_dags/example_sensors.py
[2025-12-17T10:44:03.214+0530] {logging_mixin.py:190} INFO - [2025-12-17T10:44:03.213+0530] {dag.py:3239} INFO - Sync 1 DAGs
[2025-12-17T10:44:03.226+0530] {logging_mixin.py:190} INFO - [2025-12-17T10:44:03.226+0530] {dag.py:4180} INFO - Setting next_dagrun for example_sensors to None, run_after=None
[2025-12-17T10:44:03.244+0530] {processor.py:208} INFO - Processing /home/sneha/spotify_airflow_project/venv/lib/python3.12/site-packages/airflow/example_dags/example_sensors.py took 0.087 seconds
[2025-12-17T10:44:57.218+0530] {processor.py:186} INFO - Started process (PID=12331) to work on /home/sneha/spotify_airflow_project/venv/lib/python3.12/site-packages/airflow/example_dags/example_sensors.py
[2025-12-17T10:44:57.219+0530] {processor.py:914} INFO - Processing file /home/sneha/spotify_airflow_project/venv/lib/python3.12/site-packages/airflow/example_dags/example_sensors.py for tasks to queue
[2025-12-17T10:44:57.221+0530] {logging_mixin.py:190} INFO - [2025-12-17T10:44:57.220+0530] {dagbag.py:588} INFO - Filling up the DagBag from /home/sneha/spotify_airflow_project/venv/lib/python3.12/site-packages/airflow/example_dags/example_sensors.py
[2025-12-17T10:44:57.231+0530] {processor.py:925} INFO - DAG(s) 'example_sensors' retrieved from /home/sneha/spotify_airflow_project/venv/lib/python3.12/site-packages/airflow/example_dags/example_sensors.py
[2025-12-17T10:44:57.253+0530] {logging_mixin.py:190} INFO - [2025-12-17T10:44:57.253+0530] {dag.py:3239} INFO - Sync 1 DAGs
[2025-12-17T10:44:57.266+0530] {logging_mixin.py:190} INFO - [2025-12-17T10:44:57.266+0530] {dag.py:4180} INFO - Setting next_dagrun for example_sensors to None, run_after=None
[2025-12-17T10:44:57.286+0530] {processor.py:208} INFO - Processing /home/sneha/spotify_airflow_project/venv/lib/python3.12/site-packages/airflow/example_dags/example_sensors.py took 0.079 seconds
[2025-12-17T10:45:50.799+0530] {processor.py:186} INFO - Started process (PID=12422) to work on /home/sneha/spotify_airflow_project/venv/lib/python3.12/site-packages/airflow/example_dags/example_sensors.py
[2025-12-17T10:45:50.800+0530] {processor.py:914} INFO - Processing file /home/sneha/spotify_airflow_project/venv/lib/python3.12/site-packages/airflow/example_dags/example_sensors.py for tasks to queue
[2025-12-17T10:45:50.802+0530] {logging_mixin.py:190} INFO - [2025-12-17T10:45:50.801+0530] {dagbag.py:588} INFO - Filling up the DagBag from /home/sneha/spotify_airflow_project/venv/lib/python3.12/site-packages/airflow/example_dags/example_sensors.py
[2025-12-17T10:45:50.811+0530] {processor.py:925} INFO - DAG(s) 'example_sensors' retrieved from /home/sneha/spotify_airflow_project/venv/lib/python3.12/site-packages/airflow/example_dags/example_sensors.py
[2025-12-17T10:45:50.834+0530] {logging_mixin.py:190} INFO - [2025-12-17T10:45:50.833+0530] {dag.py:3239} INFO - Sync 1 DAGs
[2025-12-17T10:45:50.847+0530] {logging_mixin.py:190} INFO - [2025-12-17T10:45:50.847+0530] {dag.py:4180} INFO - Setting next_dagrun for example_sensors to None, run_after=None
[2025-12-17T10:45:50.868+0530] {processor.py:208} INFO - Processing /home/sneha/spotify_airflow_project/venv/lib/python3.12/site-packages/airflow/example_dags/example_sensors.py took 0.080 seconds
[2025-12-17T10:46:45.872+0530] {processor.py:186} INFO - Started process (PID=12579) to work on /home/sneha/spotify_airflow_project/venv/lib/python3.12/site-packages/airflow/example_dags/example_sensors.py
[2025-12-17T10:46:45.883+0530] {processor.py:914} INFO - Processing file /home/sneha/spotify_airflow_project/venv/lib/python3.12/site-packages/airflow/example_dags/example_sensors.py for tasks to queue
[2025-12-17T10:46:45.885+0530] {logging_mixin.py:190} INFO - [2025-12-17T10:46:45.885+0530] {dagbag.py:588} INFO - Filling up the DagBag from /home/sneha/spotify_airflow_project/venv/lib/python3.12/site-packages/airflow/example_dags/example_sensors.py
[2025-12-17T10:46:45.898+0530] {processor.py:925} INFO - DAG(s) 'example_sensors' retrieved from /home/sneha/spotify_airflow_project/venv/lib/python3.12/site-packages/airflow/example_dags/example_sensors.py
[2025-12-17T10:46:45.920+0530] {logging_mixin.py:190} INFO - [2025-12-17T10:46:45.919+0530] {dag.py:3239} INFO - Sync 1 DAGs
[2025-12-17T10:46:45.932+0530] {logging_mixin.py:190} INFO - [2025-12-17T10:46:45.932+0530] {dag.py:4180} INFO - Setting next_dagrun for example_sensors to None, run_after=None
[2025-12-17T10:46:45.951+0530] {processor.py:208} INFO - Processing /home/sneha/spotify_airflow_project/venv/lib/python3.12/site-packages/airflow/example_dags/example_sensors.py took 0.085 seconds
[2025-12-17T10:47:43.632+0530] {processor.py:186} INFO - Started process (PID=12769) to work on /home/sneha/spotify_airflow_project/venv/lib/python3.12/site-packages/airflow/example_dags/example_sensors.py
[2025-12-17T10:47:43.633+0530] {processor.py:914} INFO - Processing file /home/sneha/spotify_airflow_project/venv/lib/python3.12/site-packages/airflow/example_dags/example_sensors.py for tasks to queue
[2025-12-17T10:47:43.635+0530] {logging_mixin.py:190} INFO - [2025-12-17T10:47:43.634+0530] {dagbag.py:588} INFO - Filling up the DagBag from /home/sneha/spotify_airflow_project/venv/lib/python3.12/site-packages/airflow/example_dags/example_sensors.py
[2025-12-17T10:47:43.645+0530] {processor.py:925} INFO - DAG(s) 'example_sensors' retrieved from /home/sneha/spotify_airflow_project/venv/lib/python3.12/site-packages/airflow/example_dags/example_sensors.py
[2025-12-17T10:47:43.669+0530] {logging_mixin.py:190} INFO - [2025-12-17T10:47:43.668+0530] {dag.py:3239} INFO - Sync 1 DAGs
[2025-12-17T10:47:43.685+0530] {logging_mixin.py:190} INFO - [2025-12-17T10:47:43.684+0530] {dag.py:4180} INFO - Setting next_dagrun for example_sensors to None, run_after=None
[2025-12-17T10:47:43.708+0530] {processor.py:208} INFO - Processing /home/sneha/spotify_airflow_project/venv/lib/python3.12/site-packages/airflow/example_dags/example_sensors.py took 0.085 seconds
[2025-12-17T10:48:37.851+0530] {processor.py:186} INFO - Started process (PID=12951) to work on /home/sneha/spotify_airflow_project/venv/lib/python3.12/site-packages/airflow/example_dags/example_sensors.py
[2025-12-17T10:48:37.852+0530] {processor.py:914} INFO - Processing file /home/sneha/spotify_airflow_project/venv/lib/python3.12/site-packages/airflow/example_dags/example_sensors.py for tasks to queue
[2025-12-17T10:48:37.854+0530] {logging_mixin.py:190} INFO - [2025-12-17T10:48:37.854+0530] {dagbag.py:588} INFO - Filling up the DagBag from /home/sneha/spotify_airflow_project/venv/lib/python3.12/site-packages/airflow/example_dags/example_sensors.py
[2025-12-17T10:48:37.866+0530] {processor.py:925} INFO - DAG(s) 'example_sensors' retrieved from /home/sneha/spotify_airflow_project/venv/lib/python3.12/site-packages/airflow/example_dags/example_sensors.py
[2025-12-17T10:48:37.889+0530] {logging_mixin.py:190} INFO - [2025-12-17T10:48:37.889+0530] {dag.py:3239} INFO - Sync 1 DAGs
[2025-12-17T10:48:37.902+0530] {logging_mixin.py:190} INFO - [2025-12-17T10:48:37.901+0530] {dag.py:4180} INFO - Setting next_dagrun for example_sensors to None, run_after=None
[2025-12-17T10:48:37.921+0530] {processor.py:208} INFO - Processing /home/sneha/spotify_airflow_project/venv/lib/python3.12/site-packages/airflow/example_dags/example_sensors.py took 0.077 seconds
[2025-12-17T10:49:52.037+0530] {processor.py:186} INFO - Started process (PID=13701) to work on /home/sneha/spotify_airflow_project/venv/lib/python3.12/site-packages/airflow/example_dags/example_sensors.py
[2025-12-17T10:49:52.039+0530] {processor.py:914} INFO - Processing file /home/sneha/spotify_airflow_project/venv/lib/python3.12/site-packages/airflow/example_dags/example_sensors.py for tasks to queue
[2025-12-17T10:49:52.042+0530] {logging_mixin.py:190} INFO - [2025-12-17T10:49:52.041+0530] {dagbag.py:588} INFO - Filling up the DagBag from /home/sneha/spotify_airflow_project/venv/lib/python3.12/site-packages/airflow/example_dags/example_sensors.py
[2025-12-17T10:49:52.053+0530] {processor.py:925} INFO - DAG(s) 'example_sensors' retrieved from /home/sneha/spotify_airflow_project/venv/lib/python3.12/site-packages/airflow/example_dags/example_sensors.py
[2025-12-17T10:49:52.077+0530] {logging_mixin.py:190} INFO - [2025-12-17T10:49:52.077+0530] {dag.py:3239} INFO - Sync 1 DAGs
[2025-12-17T10:49:52.090+0530] {logging_mixin.py:190} INFO - [2025-12-17T10:49:52.090+0530] {dag.py:4180} INFO - Setting next_dagrun for example_sensors to None, run_after=None
[2025-12-17T10:49:52.108+0530] {processor.py:208} INFO - Processing /home/sneha/spotify_airflow_project/venv/lib/python3.12/site-packages/airflow/example_dags/example_sensors.py took 0.078 seconds
[2025-12-17T10:50:45.372+0530] {processor.py:186} INFO - Started process (PID=13887) to work on /home/sneha/spotify_airflow_project/venv/lib/python3.12/site-packages/airflow/example_dags/example_sensors.py
[2025-12-17T10:50:45.373+0530] {processor.py:914} INFO - Processing file /home/sneha/spotify_airflow_project/venv/lib/python3.12/site-packages/airflow/example_dags/example_sensors.py for tasks to queue
[2025-12-17T10:50:45.375+0530] {logging_mixin.py:190} INFO - [2025-12-17T10:50:45.375+0530] {dagbag.py:588} INFO - Filling up the DagBag from /home/sneha/spotify_airflow_project/venv/lib/python3.12/site-packages/airflow/example_dags/example_sensors.py
[2025-12-17T10:50:45.386+0530] {processor.py:925} INFO - DAG(s) 'example_sensors' retrieved from /home/sneha/spotify_airflow_project/venv/lib/python3.12/site-packages/airflow/example_dags/example_sensors.py
[2025-12-17T10:50:45.409+0530] {logging_mixin.py:190} INFO - [2025-12-17T10:50:45.409+0530] {dag.py:3239} INFO - Sync 1 DAGs
[2025-12-17T10:50:45.423+0530] {logging_mixin.py:190} INFO - [2025-12-17T10:50:45.423+0530] {dag.py:4180} INFO - Setting next_dagrun for example_sensors to None, run_after=None
[2025-12-17T10:50:45.442+0530] {processor.py:208} INFO - Processing /home/sneha/spotify_airflow_project/venv/lib/python3.12/site-packages/airflow/example_dags/example_sensors.py took 0.079 seconds
[2025-12-17T10:51:39.986+0530] {processor.py:186} INFO - Started process (PID=14274) to work on /home/sneha/spotify_airflow_project/venv/lib/python3.12/site-packages/airflow/example_dags/example_sensors.py
[2025-12-17T10:51:39.987+0530] {processor.py:914} INFO - Processing file /home/sneha/spotify_airflow_project/venv/lib/python3.12/site-packages/airflow/example_dags/example_sensors.py for tasks to queue
[2025-12-17T10:51:39.990+0530] {logging_mixin.py:190} INFO - [2025-12-17T10:51:39.989+0530] {dagbag.py:588} INFO - Filling up the DagBag from /home/sneha/spotify_airflow_project/venv/lib/python3.12/site-packages/airflow/example_dags/example_sensors.py
[2025-12-17T10:51:40.001+0530] {processor.py:925} INFO - DAG(s) 'example_sensors' retrieved from /home/sneha/spotify_airflow_project/venv/lib/python3.12/site-packages/airflow/example_dags/example_sensors.py
[2025-12-17T10:51:40.024+0530] {logging_mixin.py:190} INFO - [2025-12-17T10:51:40.024+0530] {dag.py:3239} INFO - Sync 1 DAGs
[2025-12-17T10:51:40.037+0530] {logging_mixin.py:190} INFO - [2025-12-17T10:51:40.037+0530] {dag.py:4180} INFO - Setting next_dagrun for example_sensors to None, run_after=None
[2025-12-17T10:51:40.057+0530] {processor.py:208} INFO - Processing /home/sneha/spotify_airflow_project/venv/lib/python3.12/site-packages/airflow/example_dags/example_sensors.py took 0.080 seconds
[2025-12-17T10:52:34.834+0530] {processor.py:186} INFO - Started process (PID=14663) to work on /home/sneha/spotify_airflow_project/venv/lib/python3.12/site-packages/airflow/example_dags/example_sensors.py
[2025-12-17T10:52:34.835+0530] {processor.py:914} INFO - Processing file /home/sneha/spotify_airflow_project/venv/lib/python3.12/site-packages/airflow/example_dags/example_sensors.py for tasks to queue
[2025-12-17T10:52:34.837+0530] {logging_mixin.py:190} INFO - [2025-12-17T10:52:34.836+0530] {dagbag.py:588} INFO - Filling up the DagBag from /home/sneha/spotify_airflow_project/venv/lib/python3.12/site-packages/airflow/example_dags/example_sensors.py
[2025-12-17T10:52:34.848+0530] {processor.py:925} INFO - DAG(s) 'example_sensors' retrieved from /home/sneha/spotify_airflow_project/venv/lib/python3.12/site-packages/airflow/example_dags/example_sensors.py
[2025-12-17T10:52:34.871+0530] {logging_mixin.py:190} INFO - [2025-12-17T10:52:34.871+0530] {dag.py:3239} INFO - Sync 1 DAGs
[2025-12-17T10:52:34.884+0530] {logging_mixin.py:190} INFO - [2025-12-17T10:52:34.884+0530] {dag.py:4180} INFO - Setting next_dagrun for example_sensors to None, run_after=None
[2025-12-17T10:52:34.904+0530] {processor.py:208} INFO - Processing /home/sneha/spotify_airflow_project/venv/lib/python3.12/site-packages/airflow/example_dags/example_sensors.py took 0.077 seconds
[2025-12-17T10:53:30.849+0530] {processor.py:186} INFO - Started process (PID=15051) to work on /home/sneha/spotify_airflow_project/venv/lib/python3.12/site-packages/airflow/example_dags/example_sensors.py
[2025-12-17T10:53:30.850+0530] {processor.py:914} INFO - Processing file /home/sneha/spotify_airflow_project/venv/lib/python3.12/site-packages/airflow/example_dags/example_sensors.py for tasks to queue
[2025-12-17T10:53:30.852+0530] {logging_mixin.py:190} INFO - [2025-12-17T10:53:30.852+0530] {dagbag.py:588} INFO - Filling up the DagBag from /home/sneha/spotify_airflow_project/venv/lib/python3.12/site-packages/airflow/example_dags/example_sensors.py
[2025-12-17T10:53:30.864+0530] {processor.py:925} INFO - DAG(s) 'example_sensors' retrieved from /home/sneha/spotify_airflow_project/venv/lib/python3.12/site-packages/airflow/example_dags/example_sensors.py
[2025-12-17T10:53:30.887+0530] {logging_mixin.py:190} INFO - [2025-12-17T10:53:30.887+0530] {dag.py:3239} INFO - Sync 1 DAGs
[2025-12-17T10:53:30.900+0530] {logging_mixin.py:190} INFO - [2025-12-17T10:53:30.900+0530] {dag.py:4180} INFO - Setting next_dagrun for example_sensors to None, run_after=None
[2025-12-17T10:53:30.921+0530] {processor.py:208} INFO - Processing /home/sneha/spotify_airflow_project/venv/lib/python3.12/site-packages/airflow/example_dags/example_sensors.py took 0.080 seconds
[2025-12-17T10:54:34.475+0530] {processor.py:186} INFO - Started process (PID=15382) to work on /home/sneha/spotify_airflow_project/venv/lib/python3.12/site-packages/airflow/example_dags/example_sensors.py
[2025-12-17T10:54:34.476+0530] {processor.py:914} INFO - Processing file /home/sneha/spotify_airflow_project/venv/lib/python3.12/site-packages/airflow/example_dags/example_sensors.py for tasks to queue
[2025-12-17T10:54:34.478+0530] {logging_mixin.py:190} INFO - [2025-12-17T10:54:34.478+0530] {dagbag.py:588} INFO - Filling up the DagBag from /home/sneha/spotify_airflow_project/venv/lib/python3.12/site-packages/airflow/example_dags/example_sensors.py
[2025-12-17T10:54:34.489+0530] {processor.py:925} INFO - DAG(s) 'example_sensors' retrieved from /home/sneha/spotify_airflow_project/venv/lib/python3.12/site-packages/airflow/example_dags/example_sensors.py
[2025-12-17T10:54:34.511+0530] {logging_mixin.py:190} INFO - [2025-12-17T10:54:34.510+0530] {dag.py:3239} INFO - Sync 1 DAGs
[2025-12-17T10:54:34.524+0530] {logging_mixin.py:190} INFO - [2025-12-17T10:54:34.523+0530] {dag.py:4180} INFO - Setting next_dagrun for example_sensors to None, run_after=None
[2025-12-17T10:54:34.542+0530] {processor.py:208} INFO - Processing /home/sneha/spotify_airflow_project/venv/lib/python3.12/site-packages/airflow/example_dags/example_sensors.py took 0.078 seconds
[2025-12-17T10:55:31.655+0530] {processor.py:186} INFO - Started process (PID=15597) to work on /home/sneha/spotify_airflow_project/venv/lib/python3.12/site-packages/airflow/example_dags/example_sensors.py
[2025-12-17T10:55:31.666+0530] {processor.py:914} INFO - Processing file /home/sneha/spotify_airflow_project/venv/lib/python3.12/site-packages/airflow/example_dags/example_sensors.py for tasks to queue
[2025-12-17T10:55:31.669+0530] {logging_mixin.py:190} INFO - [2025-12-17T10:55:31.668+0530] {dagbag.py:588} INFO - Filling up the DagBag from /home/sneha/spotify_airflow_project/venv/lib/python3.12/site-packages/airflow/example_dags/example_sensors.py
[2025-12-17T10:55:31.686+0530] {processor.py:925} INFO - DAG(s) 'example_sensors' retrieved from /home/sneha/spotify_airflow_project/venv/lib/python3.12/site-packages/airflow/example_dags/example_sensors.py
[2025-12-17T10:55:31.719+0530] {logging_mixin.py:190} INFO - [2025-12-17T10:55:31.718+0530] {dag.py:3239} INFO - Sync 1 DAGs
[2025-12-17T10:55:31.738+0530] {logging_mixin.py:190} INFO - [2025-12-17T10:55:31.738+0530] {dag.py:4180} INFO - Setting next_dagrun for example_sensors to None, run_after=None
[2025-12-17T10:55:31.766+0530] {processor.py:208} INFO - Processing /home/sneha/spotify_airflow_project/venv/lib/python3.12/site-packages/airflow/example_dags/example_sensors.py took 0.123 seconds
[2025-12-17T10:56:27.612+0530] {processor.py:186} INFO - Started process (PID=15659) to work on /home/sneha/spotify_airflow_project/venv/lib/python3.12/site-packages/airflow/example_dags/example_sensors.py
[2025-12-17T10:56:27.614+0530] {processor.py:914} INFO - Processing file /home/sneha/spotify_airflow_project/venv/lib/python3.12/site-packages/airflow/example_dags/example_sensors.py for tasks to queue
[2025-12-17T10:56:27.616+0530] {logging_mixin.py:190} INFO - [2025-12-17T10:56:27.615+0530] {dagbag.py:588} INFO - Filling up the DagBag from /home/sneha/spotify_airflow_project/venv/lib/python3.12/site-packages/airflow/example_dags/example_sensors.py
[2025-12-17T10:56:27.626+0530] {processor.py:925} INFO - DAG(s) 'example_sensors' retrieved from /home/sneha/spotify_airflow_project/venv/lib/python3.12/site-packages/airflow/example_dags/example_sensors.py
[2025-12-17T10:56:27.647+0530] {logging_mixin.py:190} INFO - [2025-12-17T10:56:27.647+0530] {dag.py:3239} INFO - Sync 1 DAGs
[2025-12-17T10:56:27.659+0530] {logging_mixin.py:190} INFO - [2025-12-17T10:56:27.659+0530] {dag.py:4180} INFO - Setting next_dagrun for example_sensors to None, run_after=None
[2025-12-17T10:56:27.677+0530] {processor.py:208} INFO - Processing /home/sneha/spotify_airflow_project/venv/lib/python3.12/site-packages/airflow/example_dags/example_sensors.py took 0.075 seconds
[2025-12-17T10:57:22.402+0530] {processor.py:186} INFO - Started process (PID=15787) to work on /home/sneha/spotify_airflow_project/venv/lib/python3.12/site-packages/airflow/example_dags/example_sensors.py
[2025-12-17T10:57:22.403+0530] {processor.py:914} INFO - Processing file /home/sneha/spotify_airflow_project/venv/lib/python3.12/site-packages/airflow/example_dags/example_sensors.py for tasks to queue
[2025-12-17T10:57:22.406+0530] {logging_mixin.py:190} INFO - [2025-12-17T10:57:22.405+0530] {dagbag.py:588} INFO - Filling up the DagBag from /home/sneha/spotify_airflow_project/venv/lib/python3.12/site-packages/airflow/example_dags/example_sensors.py
[2025-12-17T10:57:22.418+0530] {processor.py:925} INFO - DAG(s) 'example_sensors' retrieved from /home/sneha/spotify_airflow_project/venv/lib/python3.12/site-packages/airflow/example_dags/example_sensors.py
[2025-12-17T10:57:22.444+0530] {logging_mixin.py:190} INFO - [2025-12-17T10:57:22.443+0530] {dag.py:3239} INFO - Sync 1 DAGs
[2025-12-17T10:57:22.459+0530] {logging_mixin.py:190} INFO - [2025-12-17T10:57:22.458+0530] {dag.py:4180} INFO - Setting next_dagrun for example_sensors to None, run_after=None
[2025-12-17T10:57:22.481+0530] {processor.py:208} INFO - Processing /home/sneha/spotify_airflow_project/venv/lib/python3.12/site-packages/airflow/example_dags/example_sensors.py took 0.087 seconds
[2025-12-17T10:58:17.032+0530] {processor.py:186} INFO - Started process (PID=16068) to work on /home/sneha/spotify_airflow_project/venv/lib/python3.12/site-packages/airflow/example_dags/example_sensors.py
[2025-12-17T10:58:17.033+0530] {processor.py:914} INFO - Processing file /home/sneha/spotify_airflow_project/venv/lib/python3.12/site-packages/airflow/example_dags/example_sensors.py for tasks to queue
[2025-12-17T10:58:17.035+0530] {logging_mixin.py:190} INFO - [2025-12-17T10:58:17.034+0530] {dagbag.py:588} INFO - Filling up the DagBag from /home/sneha/spotify_airflow_project/venv/lib/python3.12/site-packages/airflow/example_dags/example_sensors.py
[2025-12-17T10:58:17.044+0530] {processor.py:925} INFO - DAG(s) 'example_sensors' retrieved from /home/sneha/spotify_airflow_project/venv/lib/python3.12/site-packages/airflow/example_dags/example_sensors.py
[2025-12-17T10:58:17.067+0530] {logging_mixin.py:190} INFO - [2025-12-17T10:58:17.067+0530] {dag.py:3239} INFO - Sync 1 DAGs
[2025-12-17T10:58:17.080+0530] {logging_mixin.py:190} INFO - [2025-12-17T10:58:17.080+0530] {dag.py:4180} INFO - Setting next_dagrun for example_sensors to None, run_after=None
[2025-12-17T10:58:17.099+0530] {processor.py:208} INFO - Processing /home/sneha/spotify_airflow_project/venv/lib/python3.12/site-packages/airflow/example_dags/example_sensors.py took 0.079 seconds
[2025-12-17T11:01:16.737+0530] {processor.py:186} INFO - Started process (PID=17076) to work on /home/sneha/spotify_airflow_project/venv/lib/python3.12/site-packages/airflow/example_dags/example_sensors.py
[2025-12-17T11:01:16.744+0530] {processor.py:914} INFO - Processing file /home/sneha/spotify_airflow_project/venv/lib/python3.12/site-packages/airflow/example_dags/example_sensors.py for tasks to queue
[2025-12-17T11:01:16.754+0530] {logging_mixin.py:190} INFO - [2025-12-17T11:01:16.752+0530] {dagbag.py:588} INFO - Filling up the DagBag from /home/sneha/spotify_airflow_project/venv/lib/python3.12/site-packages/airflow/example_dags/example_sensors.py
[2025-12-17T11:01:16.824+0530] {processor.py:925} INFO - DAG(s) 'example_sensors' retrieved from /home/sneha/spotify_airflow_project/venv/lib/python3.12/site-packages/airflow/example_dags/example_sensors.py
[2025-12-17T11:01:16.929+0530] {logging_mixin.py:190} INFO - [2025-12-17T11:01:16.928+0530] {dag.py:3239} INFO - Sync 1 DAGs
[2025-12-17T11:01:16.962+0530] {logging_mixin.py:190} INFO - [2025-12-17T11:01:16.961+0530] {dag.py:4180} INFO - Setting next_dagrun for example_sensors to None, run_after=None
[2025-12-17T11:01:17.016+0530] {processor.py:208} INFO - Processing /home/sneha/spotify_airflow_project/venv/lib/python3.12/site-packages/airflow/example_dags/example_sensors.py took 0.312 seconds
[2025-12-17T11:02:39.345+0530] {processor.py:186} INFO - Started process (PID=17875) to work on /home/sneha/spotify_airflow_project/venv/lib/python3.12/site-packages/airflow/example_dags/example_sensors.py
[2025-12-17T11:02:39.346+0530] {processor.py:914} INFO - Processing file /home/sneha/spotify_airflow_project/venv/lib/python3.12/site-packages/airflow/example_dags/example_sensors.py for tasks to queue
[2025-12-17T11:02:39.348+0530] {logging_mixin.py:190} INFO - [2025-12-17T11:02:39.347+0530] {dagbag.py:588} INFO - Filling up the DagBag from /home/sneha/spotify_airflow_project/venv/lib/python3.12/site-packages/airflow/example_dags/example_sensors.py
[2025-12-17T11:02:39.359+0530] {processor.py:925} INFO - DAG(s) 'example_sensors' retrieved from /home/sneha/spotify_airflow_project/venv/lib/python3.12/site-packages/airflow/example_dags/example_sensors.py
[2025-12-17T11:02:39.382+0530] {logging_mixin.py:190} INFO - [2025-12-17T11:02:39.381+0530] {dag.py:3239} INFO - Sync 1 DAGs
[2025-12-17T11:02:39.395+0530] {logging_mixin.py:190} INFO - [2025-12-17T11:02:39.395+0530] {dag.py:4180} INFO - Setting next_dagrun for example_sensors to None, run_after=None
[2025-12-17T11:02:39.414+0530] {processor.py:208} INFO - Processing /home/sneha/spotify_airflow_project/venv/lib/python3.12/site-packages/airflow/example_dags/example_sensors.py took 0.078 seconds
[2025-12-17T11:03:42.328+0530] {processor.py:186} INFO - Started process (PID=18299) to work on /home/sneha/spotify_airflow_project/venv/lib/python3.12/site-packages/airflow/example_dags/example_sensors.py
[2025-12-17T11:03:42.329+0530] {processor.py:914} INFO - Processing file /home/sneha/spotify_airflow_project/venv/lib/python3.12/site-packages/airflow/example_dags/example_sensors.py for tasks to queue
[2025-12-17T11:03:42.331+0530] {logging_mixin.py:190} INFO - [2025-12-17T11:03:42.331+0530] {dagbag.py:588} INFO - Filling up the DagBag from /home/sneha/spotify_airflow_project/venv/lib/python3.12/site-packages/airflow/example_dags/example_sensors.py
[2025-12-17T11:03:42.342+0530] {processor.py:925} INFO - DAG(s) 'example_sensors' retrieved from /home/sneha/spotify_airflow_project/venv/lib/python3.12/site-packages/airflow/example_dags/example_sensors.py
[2025-12-17T11:03:42.369+0530] {logging_mixin.py:190} INFO - [2025-12-17T11:03:42.369+0530] {dag.py:3239} INFO - Sync 1 DAGs
[2025-12-17T11:03:42.381+0530] {logging_mixin.py:190} INFO - [2025-12-17T11:03:42.381+0530] {dag.py:4180} INFO - Setting next_dagrun for example_sensors to None, run_after=None
[2025-12-17T11:03:42.401+0530] {processor.py:208} INFO - Processing /home/sneha/spotify_airflow_project/venv/lib/python3.12/site-packages/airflow/example_dags/example_sensors.py took 0.079 seconds
[2025-12-17T11:04:37.255+0530] {processor.py:186} INFO - Started process (PID=18578) to work on /home/sneha/spotify_airflow_project/venv/lib/python3.12/site-packages/airflow/example_dags/example_sensors.py
[2025-12-17T11:04:37.256+0530] {processor.py:914} INFO - Processing file /home/sneha/spotify_airflow_project/venv/lib/python3.12/site-packages/airflow/example_dags/example_sensors.py for tasks to queue
[2025-12-17T11:04:37.258+0530] {logging_mixin.py:190} INFO - [2025-12-17T11:04:37.258+0530] {dagbag.py:588} INFO - Filling up the DagBag from /home/sneha/spotify_airflow_project/venv/lib/python3.12/site-packages/airflow/example_dags/example_sensors.py
[2025-12-17T11:04:37.269+0530] {processor.py:925} INFO - DAG(s) 'example_sensors' retrieved from /home/sneha/spotify_airflow_project/venv/lib/python3.12/site-packages/airflow/example_dags/example_sensors.py
[2025-12-17T11:04:37.289+0530] {logging_mixin.py:190} INFO - [2025-12-17T11:04:37.289+0530] {dag.py:3239} INFO - Sync 1 DAGs
[2025-12-17T11:04:37.300+0530] {logging_mixin.py:190} INFO - [2025-12-17T11:04:37.300+0530] {dag.py:4180} INFO - Setting next_dagrun for example_sensors to None, run_after=None
[2025-12-17T11:04:37.318+0530] {processor.py:208} INFO - Processing /home/sneha/spotify_airflow_project/venv/lib/python3.12/site-packages/airflow/example_dags/example_sensors.py took 0.070 seconds
[2025-12-17T11:05:39.611+0530] {processor.py:186} INFO - Started process (PID=18721) to work on /home/sneha/spotify_airflow_project/venv/lib/python3.12/site-packages/airflow/example_dags/example_sensors.py
[2025-12-17T11:05:39.612+0530] {processor.py:914} INFO - Processing file /home/sneha/spotify_airflow_project/venv/lib/python3.12/site-packages/airflow/example_dags/example_sensors.py for tasks to queue
[2025-12-17T11:05:39.614+0530] {logging_mixin.py:190} INFO - [2025-12-17T11:05:39.614+0530] {dagbag.py:588} INFO - Filling up the DagBag from /home/sneha/spotify_airflow_project/venv/lib/python3.12/site-packages/airflow/example_dags/example_sensors.py
[2025-12-17T11:05:39.625+0530] {processor.py:925} INFO - DAG(s) 'example_sensors' retrieved from /home/sneha/spotify_airflow_project/venv/lib/python3.12/site-packages/airflow/example_dags/example_sensors.py
[2025-12-17T11:05:39.647+0530] {logging_mixin.py:190} INFO - [2025-12-17T11:05:39.647+0530] {dag.py:3239} INFO - Sync 1 DAGs
[2025-12-17T11:05:39.659+0530] {logging_mixin.py:190} INFO - [2025-12-17T11:05:39.659+0530] {dag.py:4180} INFO - Setting next_dagrun for example_sensors to None, run_after=None
[2025-12-17T11:05:39.677+0530] {processor.py:208} INFO - Processing /home/sneha/spotify_airflow_project/venv/lib/python3.12/site-packages/airflow/example_dags/example_sensors.py took 0.074 seconds
[2025-12-17T11:06:39.660+0530] {processor.py:186} INFO - Started process (PID=19108) to work on /home/sneha/spotify_airflow_project/venv/lib/python3.12/site-packages/airflow/example_dags/example_sensors.py
[2025-12-17T11:06:39.661+0530] {processor.py:914} INFO - Processing file /home/sneha/spotify_airflow_project/venv/lib/python3.12/site-packages/airflow/example_dags/example_sensors.py for tasks to queue
[2025-12-17T11:06:39.663+0530] {logging_mixin.py:190} INFO - [2025-12-17T11:06:39.663+0530] {dagbag.py:588} INFO - Filling up the DagBag from /home/sneha/spotify_airflow_project/venv/lib/python3.12/site-packages/airflow/example_dags/example_sensors.py
[2025-12-17T11:06:39.674+0530] {processor.py:925} INFO - DAG(s) 'example_sensors' retrieved from /home/sneha/spotify_airflow_project/venv/lib/python3.12/site-packages/airflow/example_dags/example_sensors.py
[2025-12-17T11:06:39.694+0530] {logging_mixin.py:190} INFO - [2025-12-17T11:06:39.694+0530] {dag.py:3239} INFO - Sync 1 DAGs
[2025-12-17T11:06:39.707+0530] {logging_mixin.py:190} INFO - [2025-12-17T11:06:39.707+0530] {dag.py:4180} INFO - Setting next_dagrun for example_sensors to None, run_after=None
[2025-12-17T11:06:39.852+0530] {processor.py:208} INFO - Processing /home/sneha/spotify_airflow_project/venv/lib/python3.12/site-packages/airflow/example_dags/example_sensors.py took 0.203 seconds
[2025-12-17T12:47:29.428+0530] {processor.py:186} INFO - Started process (PID=71078) to work on /home/sneha/spotify_airflow_project/venv/lib/python3.12/site-packages/airflow/example_dags/example_sensors.py
[2025-12-17T12:47:29.430+0530] {processor.py:914} INFO - Processing file /home/sneha/spotify_airflow_project/venv/lib/python3.12/site-packages/airflow/example_dags/example_sensors.py for tasks to queue
[2025-12-17T12:47:29.434+0530] {logging_mixin.py:190} INFO - [2025-12-17T12:47:29.433+0530] {dagbag.py:588} INFO - Filling up the DagBag from /home/sneha/spotify_airflow_project/venv/lib/python3.12/site-packages/airflow/example_dags/example_sensors.py
[2025-12-17T12:47:29.451+0530] {processor.py:925} INFO - DAG(s) 'example_sensors' retrieved from /home/sneha/spotify_airflow_project/venv/lib/python3.12/site-packages/airflow/example_dags/example_sensors.py
[2025-12-17T12:47:29.497+0530] {logging_mixin.py:190} INFO - [2025-12-17T12:47:29.496+0530] {dag.py:3239} INFO - Sync 1 DAGs
[2025-12-17T12:47:29.518+0530] {logging_mixin.py:190} INFO - [2025-12-17T12:47:29.517+0530] {dag.py:4180} INFO - Setting next_dagrun for example_sensors to None, run_after=None
[2025-12-17T12:47:29.553+0530] {processor.py:208} INFO - Processing /home/sneha/spotify_airflow_project/venv/lib/python3.12/site-packages/airflow/example_dags/example_sensors.py took 0.136 seconds
[2025-12-17T12:48:38.646+0530] {processor.py:186} INFO - Started process (PID=71211) to work on /home/sneha/spotify_airflow_project/venv/lib/python3.12/site-packages/airflow/example_dags/example_sensors.py
[2025-12-17T12:48:38.648+0530] {processor.py:914} INFO - Processing file /home/sneha/spotify_airflow_project/venv/lib/python3.12/site-packages/airflow/example_dags/example_sensors.py for tasks to queue
[2025-12-17T12:48:38.652+0530] {logging_mixin.py:190} INFO - [2025-12-17T12:48:38.651+0530] {dagbag.py:588} INFO - Filling up the DagBag from /home/sneha/spotify_airflow_project/venv/lib/python3.12/site-packages/airflow/example_dags/example_sensors.py
[2025-12-17T12:48:38.671+0530] {processor.py:925} INFO - DAG(s) 'example_sensors' retrieved from /home/sneha/spotify_airflow_project/venv/lib/python3.12/site-packages/airflow/example_dags/example_sensors.py
[2025-12-17T12:48:38.709+0530] {logging_mixin.py:190} INFO - [2025-12-17T12:48:38.709+0530] {dag.py:3239} INFO - Sync 1 DAGs
[2025-12-17T12:48:38.731+0530] {logging_mixin.py:190} INFO - [2025-12-17T12:48:38.730+0530] {dag.py:4180} INFO - Setting next_dagrun for example_sensors to None, run_after=None
[2025-12-17T12:48:38.764+0530] {processor.py:208} INFO - Processing /home/sneha/spotify_airflow_project/venv/lib/python3.12/site-packages/airflow/example_dags/example_sensors.py took 0.127 seconds
[2025-12-17T12:50:09.921+0530] {processor.py:186} INFO - Started process (PID=71537) to work on /home/sneha/spotify_airflow_project/venv/lib/python3.12/site-packages/airflow/example_dags/example_sensors.py
[2025-12-17T12:50:09.923+0530] {processor.py:914} INFO - Processing file /home/sneha/spotify_airflow_project/venv/lib/python3.12/site-packages/airflow/example_dags/example_sensors.py for tasks to queue
[2025-12-17T12:50:09.927+0530] {logging_mixin.py:190} INFO - [2025-12-17T12:50:09.926+0530] {dagbag.py:588} INFO - Filling up the DagBag from /home/sneha/spotify_airflow_project/venv/lib/python3.12/site-packages/airflow/example_dags/example_sensors.py
[2025-12-17T12:50:09.946+0530] {processor.py:925} INFO - DAG(s) 'example_sensors' retrieved from /home/sneha/spotify_airflow_project/venv/lib/python3.12/site-packages/airflow/example_dags/example_sensors.py
[2025-12-17T12:50:09.983+0530] {logging_mixin.py:190} INFO - [2025-12-17T12:50:09.983+0530] {dag.py:3239} INFO - Sync 1 DAGs
[2025-12-17T12:50:10.003+0530] {logging_mixin.py:190} INFO - [2025-12-17T12:50:10.003+0530] {dag.py:4180} INFO - Setting next_dagrun for example_sensors to None, run_after=None
[2025-12-17T12:50:10.039+0530] {processor.py:208} INFO - Processing /home/sneha/spotify_airflow_project/venv/lib/python3.12/site-packages/airflow/example_dags/example_sensors.py took 0.128 seconds
[2025-12-17T12:51:23.900+0530] {processor.py:186} INFO - Started process (PID=71888) to work on /home/sneha/spotify_airflow_project/venv/lib/python3.12/site-packages/airflow/example_dags/example_sensors.py
[2025-12-17T12:51:23.902+0530] {processor.py:914} INFO - Processing file /home/sneha/spotify_airflow_project/venv/lib/python3.12/site-packages/airflow/example_dags/example_sensors.py for tasks to queue
[2025-12-17T12:51:23.905+0530] {logging_mixin.py:190} INFO - [2025-12-17T12:51:23.905+0530] {dagbag.py:588} INFO - Filling up the DagBag from /home/sneha/spotify_airflow_project/venv/lib/python3.12/site-packages/airflow/example_dags/example_sensors.py
[2025-12-17T12:51:23.922+0530] {processor.py:925} INFO - DAG(s) 'example_sensors' retrieved from /home/sneha/spotify_airflow_project/venv/lib/python3.12/site-packages/airflow/example_dags/example_sensors.py
[2025-12-17T12:51:23.958+0530] {logging_mixin.py:190} INFO - [2025-12-17T12:51:23.957+0530] {dag.py:3239} INFO - Sync 1 DAGs
[2025-12-17T12:51:23.977+0530] {logging_mixin.py:190} INFO - [2025-12-17T12:51:23.977+0530] {dag.py:4180} INFO - Setting next_dagrun for example_sensors to None, run_after=None
[2025-12-17T12:51:24.008+0530] {processor.py:208} INFO - Processing /home/sneha/spotify_airflow_project/venv/lib/python3.12/site-packages/airflow/example_dags/example_sensors.py took 0.119 seconds
[2025-12-17T12:52:33.756+0530] {processor.py:186} INFO - Started process (PID=72291) to work on /home/sneha/spotify_airflow_project/venv/lib/python3.12/site-packages/airflow/example_dags/example_sensors.py
[2025-12-17T12:52:33.758+0530] {processor.py:914} INFO - Processing file /home/sneha/spotify_airflow_project/venv/lib/python3.12/site-packages/airflow/example_dags/example_sensors.py for tasks to queue
[2025-12-17T12:52:33.761+0530] {logging_mixin.py:190} INFO - [2025-12-17T12:52:33.761+0530] {dagbag.py:588} INFO - Filling up the DagBag from /home/sneha/spotify_airflow_project/venv/lib/python3.12/site-packages/airflow/example_dags/example_sensors.py
[2025-12-17T12:52:33.779+0530] {processor.py:925} INFO - DAG(s) 'example_sensors' retrieved from /home/sneha/spotify_airflow_project/venv/lib/python3.12/site-packages/airflow/example_dags/example_sensors.py
[2025-12-17T12:52:33.814+0530] {logging_mixin.py:190} INFO - [2025-12-17T12:52:33.813+0530] {dag.py:3239} INFO - Sync 1 DAGs
[2025-12-17T12:52:33.833+0530] {logging_mixin.py:190} INFO - [2025-12-17T12:52:33.832+0530] {dag.py:4180} INFO - Setting next_dagrun for example_sensors to None, run_after=None
[2025-12-17T12:52:33.863+0530] {processor.py:208} INFO - Processing /home/sneha/spotify_airflow_project/venv/lib/python3.12/site-packages/airflow/example_dags/example_sensors.py took 0.117 seconds
[2025-12-17T12:54:47.500+0530] {processor.py:186} INFO - Started process (PID=73325) to work on /home/sneha/spotify_airflow_project/venv/lib/python3.12/site-packages/airflow/example_dags/example_sensors.py
[2025-12-17T12:54:47.501+0530] {processor.py:914} INFO - Processing file /home/sneha/spotify_airflow_project/venv/lib/python3.12/site-packages/airflow/example_dags/example_sensors.py for tasks to queue
[2025-12-17T12:54:47.504+0530] {logging_mixin.py:190} INFO - [2025-12-17T12:54:47.504+0530] {dagbag.py:588} INFO - Filling up the DagBag from /home/sneha/spotify_airflow_project/venv/lib/python3.12/site-packages/airflow/example_dags/example_sensors.py
[2025-12-17T12:54:47.520+0530] {processor.py:925} INFO - DAG(s) 'example_sensors' retrieved from /home/sneha/spotify_airflow_project/venv/lib/python3.12/site-packages/airflow/example_dags/example_sensors.py
[2025-12-17T12:54:47.750+0530] {logging_mixin.py:190} INFO - [2025-12-17T12:54:47.750+0530] {dag.py:3239} INFO - Sync 1 DAGs
[2025-12-17T12:54:47.765+0530] {logging_mixin.py:190} INFO - [2025-12-17T12:54:47.765+0530] {dag.py:4180} INFO - Setting next_dagrun for example_sensors to None, run_after=None
[2025-12-17T12:54:47.794+0530] {processor.py:208} INFO - Processing /home/sneha/spotify_airflow_project/venv/lib/python3.12/site-packages/airflow/example_dags/example_sensors.py took 0.305 seconds
[2025-12-17T12:56:00.850+0530] {processor.py:186} INFO - Started process (PID=73534) to work on /home/sneha/spotify_airflow_project/venv/lib/python3.12/site-packages/airflow/example_dags/example_sensors.py
[2025-12-17T12:56:00.852+0530] {processor.py:914} INFO - Processing file /home/sneha/spotify_airflow_project/venv/lib/python3.12/site-packages/airflow/example_dags/example_sensors.py for tasks to queue
[2025-12-17T12:56:00.855+0530] {logging_mixin.py:190} INFO - [2025-12-17T12:56:00.854+0530] {dagbag.py:588} INFO - Filling up the DagBag from /home/sneha/spotify_airflow_project/venv/lib/python3.12/site-packages/airflow/example_dags/example_sensors.py
[2025-12-17T12:56:00.872+0530] {processor.py:925} INFO - DAG(s) 'example_sensors' retrieved from /home/sneha/spotify_airflow_project/venv/lib/python3.12/site-packages/airflow/example_dags/example_sensors.py
[2025-12-17T12:56:00.906+0530] {logging_mixin.py:190} INFO - [2025-12-17T12:56:00.905+0530] {dag.py:3239} INFO - Sync 1 DAGs
[2025-12-17T12:56:00.927+0530] {logging_mixin.py:190} INFO - [2025-12-17T12:56:00.926+0530] {dag.py:4180} INFO - Setting next_dagrun for example_sensors to None, run_after=None
[2025-12-17T12:56:00.958+0530] {processor.py:208} INFO - Processing /home/sneha/spotify_airflow_project/venv/lib/python3.12/site-packages/airflow/example_dags/example_sensors.py took 0.119 seconds
