[2025-12-17T10:30:50.744+0530] {processor.py:186} INFO - Started process (PID=7274) to work on /home/sneha/spotify_airflow_project/venv/lib/python3.12/site-packages/airflow/example_dags/example_dag_decorator.py
[2025-12-17T10:30:50.746+0530] {processor.py:914} INFO - Processing file /home/sneha/spotify_airflow_project/venv/lib/python3.12/site-packages/airflow/example_dags/example_dag_decorator.py for tasks to queue
[2025-12-17T10:30:50.749+0530] {logging_mixin.py:190} INFO - [2025-12-17T10:30:50.748+0530] {dagbag.py:588} INFO - Filling up the DagBag from /home/sneha/spotify_airflow_project/venv/lib/python3.12/site-packages/airflow/example_dags/example_dag_decorator.py
[2025-12-17T10:30:50.770+0530] {processor.py:925} INFO - DAG(s) 'example_dag_decorator' retrieved from /home/sneha/spotify_airflow_project/venv/lib/python3.12/site-packages/airflow/example_dags/example_dag_decorator.py
[2025-12-17T10:30:50.955+0530] {logging_mixin.py:190} INFO - [2025-12-17T10:30:50.955+0530] {dag.py:3239} INFO - Sync 1 DAGs
[2025-12-17T10:30:50.971+0530] {logging_mixin.py:190} INFO - [2025-12-17T10:30:50.971+0530] {dag.py:4180} INFO - Setting next_dagrun for example_dag_decorator to None, run_after=None
[2025-12-17T10:30:51.001+0530] {processor.py:208} INFO - Processing /home/sneha/spotify_airflow_project/venv/lib/python3.12/site-packages/airflow/example_dags/example_dag_decorator.py took 0.268 seconds
[2025-12-17T10:31:49.086+0530] {processor.py:186} INFO - Started process (PID=7599) to work on /home/sneha/spotify_airflow_project/venv/lib/python3.12/site-packages/airflow/example_dags/example_dag_decorator.py
[2025-12-17T10:31:49.087+0530] {processor.py:914} INFO - Processing file /home/sneha/spotify_airflow_project/venv/lib/python3.12/site-packages/airflow/example_dags/example_dag_decorator.py for tasks to queue
[2025-12-17T10:31:49.089+0530] {logging_mixin.py:190} INFO - [2025-12-17T10:31:49.089+0530] {dagbag.py:588} INFO - Filling up the DagBag from /home/sneha/spotify_airflow_project/venv/lib/python3.12/site-packages/airflow/example_dags/example_dag_decorator.py
[2025-12-17T10:31:49.101+0530] {processor.py:925} INFO - DAG(s) 'example_dag_decorator' retrieved from /home/sneha/spotify_airflow_project/venv/lib/python3.12/site-packages/airflow/example_dags/example_dag_decorator.py
[2025-12-17T10:31:49.203+0530] {logging_mixin.py:190} INFO - [2025-12-17T10:31:49.203+0530] {dag.py:3239} INFO - Sync 1 DAGs
[2025-12-17T10:31:49.213+0530] {logging_mixin.py:190} INFO - [2025-12-17T10:31:49.213+0530] {dag.py:4180} INFO - Setting next_dagrun for example_dag_decorator to None, run_after=None
[2025-12-17T10:31:49.234+0530] {processor.py:208} INFO - Processing /home/sneha/spotify_airflow_project/venv/lib/python3.12/site-packages/airflow/example_dags/example_dag_decorator.py took 0.155 seconds
[2025-12-17T10:32:47.853+0530] {processor.py:186} INFO - Started process (PID=8004) to work on /home/sneha/spotify_airflow_project/venv/lib/python3.12/site-packages/airflow/example_dags/example_dag_decorator.py
[2025-12-17T10:32:47.854+0530] {processor.py:914} INFO - Processing file /home/sneha/spotify_airflow_project/venv/lib/python3.12/site-packages/airflow/example_dags/example_dag_decorator.py for tasks to queue
[2025-12-17T10:32:47.857+0530] {logging_mixin.py:190} INFO - [2025-12-17T10:32:47.857+0530] {dagbag.py:588} INFO - Filling up the DagBag from /home/sneha/spotify_airflow_project/venv/lib/python3.12/site-packages/airflow/example_dags/example_dag_decorator.py
[2025-12-17T10:32:47.869+0530] {processor.py:925} INFO - DAG(s) 'example_dag_decorator' retrieved from /home/sneha/spotify_airflow_project/venv/lib/python3.12/site-packages/airflow/example_dags/example_dag_decorator.py
[2025-12-17T10:32:47.971+0530] {logging_mixin.py:190} INFO - [2025-12-17T10:32:47.971+0530] {dag.py:3239} INFO - Sync 1 DAGs
[2025-12-17T10:32:47.983+0530] {logging_mixin.py:190} INFO - [2025-12-17T10:32:47.983+0530] {dag.py:4180} INFO - Setting next_dagrun for example_dag_decorator to None, run_after=None
[2025-12-17T10:32:48.003+0530] {processor.py:208} INFO - Processing /home/sneha/spotify_airflow_project/venv/lib/python3.12/site-packages/airflow/example_dags/example_dag_decorator.py took 0.159 seconds
[2025-12-17T10:33:43.370+0530] {processor.py:186} INFO - Started process (PID=8394) to work on /home/sneha/spotify_airflow_project/venv/lib/python3.12/site-packages/airflow/example_dags/example_dag_decorator.py
[2025-12-17T10:33:43.371+0530] {processor.py:914} INFO - Processing file /home/sneha/spotify_airflow_project/venv/lib/python3.12/site-packages/airflow/example_dags/example_dag_decorator.py for tasks to queue
[2025-12-17T10:33:43.374+0530] {logging_mixin.py:190} INFO - [2025-12-17T10:33:43.373+0530] {dagbag.py:588} INFO - Filling up the DagBag from /home/sneha/spotify_airflow_project/venv/lib/python3.12/site-packages/airflow/example_dags/example_dag_decorator.py
[2025-12-17T10:33:43.386+0530] {processor.py:925} INFO - DAG(s) 'example_dag_decorator' retrieved from /home/sneha/spotify_airflow_project/venv/lib/python3.12/site-packages/airflow/example_dags/example_dag_decorator.py
[2025-12-17T10:33:43.487+0530] {logging_mixin.py:190} INFO - [2025-12-17T10:33:43.486+0530] {dag.py:3239} INFO - Sync 1 DAGs
[2025-12-17T10:33:43.498+0530] {logging_mixin.py:190} INFO - [2025-12-17T10:33:43.497+0530] {dag.py:4180} INFO - Setting next_dagrun for example_dag_decorator to None, run_after=None
[2025-12-17T10:33:43.530+0530] {processor.py:208} INFO - Processing /home/sneha/spotify_airflow_project/venv/lib/python3.12/site-packages/airflow/example_dags/example_dag_decorator.py took 0.168 seconds
[2025-12-17T10:34:39.851+0530] {processor.py:186} INFO - Started process (PID=8750) to work on /home/sneha/spotify_airflow_project/venv/lib/python3.12/site-packages/airflow/example_dags/example_dag_decorator.py
[2025-12-17T10:34:39.852+0530] {processor.py:914} INFO - Processing file /home/sneha/spotify_airflow_project/venv/lib/python3.12/site-packages/airflow/example_dags/example_dag_decorator.py for tasks to queue
[2025-12-17T10:34:39.855+0530] {logging_mixin.py:190} INFO - [2025-12-17T10:34:39.854+0530] {dagbag.py:588} INFO - Filling up the DagBag from /home/sneha/spotify_airflow_project/venv/lib/python3.12/site-packages/airflow/example_dags/example_dag_decorator.py
[2025-12-17T10:34:39.867+0530] {processor.py:925} INFO - DAG(s) 'example_dag_decorator' retrieved from /home/sneha/spotify_airflow_project/venv/lib/python3.12/site-packages/airflow/example_dags/example_dag_decorator.py
[2025-12-17T10:34:40.112+0530] {logging_mixin.py:190} INFO - [2025-12-17T10:34:40.112+0530] {dag.py:3239} INFO - Sync 1 DAGs
[2025-12-17T10:34:40.121+0530] {logging_mixin.py:190} INFO - [2025-12-17T10:34:40.121+0530] {dag.py:4180} INFO - Setting next_dagrun for example_dag_decorator to None, run_after=None
[2025-12-17T10:34:40.138+0530] {processor.py:208} INFO - Processing /home/sneha/spotify_airflow_project/venv/lib/python3.12/site-packages/airflow/example_dags/example_dag_decorator.py took 0.293 seconds
[2025-12-17T10:36:01.375+0530] {processor.py:186} INFO - Started process (PID=9632) to work on /home/sneha/spotify_airflow_project/venv/lib/python3.12/site-packages/airflow/example_dags/example_dag_decorator.py
[2025-12-17T10:36:01.376+0530] {processor.py:914} INFO - Processing file /home/sneha/spotify_airflow_project/venv/lib/python3.12/site-packages/airflow/example_dags/example_dag_decorator.py for tasks to queue
[2025-12-17T10:36:01.379+0530] {logging_mixin.py:190} INFO - [2025-12-17T10:36:01.378+0530] {dagbag.py:588} INFO - Filling up the DagBag from /home/sneha/spotify_airflow_project/venv/lib/python3.12/site-packages/airflow/example_dags/example_dag_decorator.py
[2025-12-17T10:36:01.391+0530] {processor.py:925} INFO - DAG(s) 'example_dag_decorator' retrieved from /home/sneha/spotify_airflow_project/venv/lib/python3.12/site-packages/airflow/example_dags/example_dag_decorator.py
[2025-12-17T10:36:01.611+0530] {logging_mixin.py:190} INFO - [2025-12-17T10:36:01.611+0530] {dag.py:3239} INFO - Sync 1 DAGs
[2025-12-17T10:36:01.621+0530] {logging_mixin.py:190} INFO - [2025-12-17T10:36:01.621+0530] {dag.py:4180} INFO - Setting next_dagrun for example_dag_decorator to None, run_after=None
[2025-12-17T10:36:01.642+0530] {processor.py:208} INFO - Processing /home/sneha/spotify_airflow_project/venv/lib/python3.12/site-packages/airflow/example_dags/example_dag_decorator.py took 0.277 seconds
[2025-12-17T10:37:04.116+0530] {processor.py:186} INFO - Started process (PID=10071) to work on /home/sneha/spotify_airflow_project/venv/lib/python3.12/site-packages/airflow/example_dags/example_dag_decorator.py
[2025-12-17T10:37:04.117+0530] {processor.py:914} INFO - Processing file /home/sneha/spotify_airflow_project/venv/lib/python3.12/site-packages/airflow/example_dags/example_dag_decorator.py for tasks to queue
[2025-12-17T10:37:04.120+0530] {logging_mixin.py:190} INFO - [2025-12-17T10:37:04.120+0530] {dagbag.py:588} INFO - Filling up the DagBag from /home/sneha/spotify_airflow_project/venv/lib/python3.12/site-packages/airflow/example_dags/example_dag_decorator.py
[2025-12-17T10:37:04.133+0530] {processor.py:925} INFO - DAG(s) 'example_dag_decorator' retrieved from /home/sneha/spotify_airflow_project/venv/lib/python3.12/site-packages/airflow/example_dags/example_dag_decorator.py
[2025-12-17T10:37:04.239+0530] {logging_mixin.py:190} INFO - [2025-12-17T10:37:04.238+0530] {dag.py:3239} INFO - Sync 1 DAGs
[2025-12-17T10:37:04.249+0530] {logging_mixin.py:190} INFO - [2025-12-17T10:37:04.249+0530] {dag.py:4180} INFO - Setting next_dagrun for example_dag_decorator to None, run_after=None
[2025-12-17T10:37:04.269+0530] {processor.py:208} INFO - Processing /home/sneha/spotify_airflow_project/venv/lib/python3.12/site-packages/airflow/example_dags/example_dag_decorator.py took 0.160 seconds
[2025-12-17T10:38:00.627+0530] {processor.py:186} INFO - Started process (PID=10475) to work on /home/sneha/spotify_airflow_project/venv/lib/python3.12/site-packages/airflow/example_dags/example_dag_decorator.py
[2025-12-17T10:38:00.628+0530] {processor.py:914} INFO - Processing file /home/sneha/spotify_airflow_project/venv/lib/python3.12/site-packages/airflow/example_dags/example_dag_decorator.py for tasks to queue
[2025-12-17T10:38:00.631+0530] {logging_mixin.py:190} INFO - [2025-12-17T10:38:00.630+0530] {dagbag.py:588} INFO - Filling up the DagBag from /home/sneha/spotify_airflow_project/venv/lib/python3.12/site-packages/airflow/example_dags/example_dag_decorator.py
[2025-12-17T10:38:00.643+0530] {processor.py:925} INFO - DAG(s) 'example_dag_decorator' retrieved from /home/sneha/spotify_airflow_project/venv/lib/python3.12/site-packages/airflow/example_dags/example_dag_decorator.py
[2025-12-17T10:38:00.745+0530] {logging_mixin.py:190} INFO - [2025-12-17T10:38:00.745+0530] {dag.py:3239} INFO - Sync 1 DAGs
[2025-12-17T10:38:00.756+0530] {logging_mixin.py:190} INFO - [2025-12-17T10:38:00.756+0530] {dag.py:4180} INFO - Setting next_dagrun for example_dag_decorator to None, run_after=None
[2025-12-17T10:38:00.779+0530] {processor.py:208} INFO - Processing /home/sneha/spotify_airflow_project/venv/lib/python3.12/site-packages/airflow/example_dags/example_dag_decorator.py took 0.158 seconds
[2025-12-17T10:39:00.259+0530] {processor.py:186} INFO - Started process (PID=10881) to work on /home/sneha/spotify_airflow_project/venv/lib/python3.12/site-packages/airflow/example_dags/example_dag_decorator.py
[2025-12-17T10:39:00.260+0530] {processor.py:914} INFO - Processing file /home/sneha/spotify_airflow_project/venv/lib/python3.12/site-packages/airflow/example_dags/example_dag_decorator.py for tasks to queue
[2025-12-17T10:39:00.263+0530] {logging_mixin.py:190} INFO - [2025-12-17T10:39:00.263+0530] {dagbag.py:588} INFO - Filling up the DagBag from /home/sneha/spotify_airflow_project/venv/lib/python3.12/site-packages/airflow/example_dags/example_dag_decorator.py
[2025-12-17T10:39:00.276+0530] {processor.py:925} INFO - DAG(s) 'example_dag_decorator' retrieved from /home/sneha/spotify_airflow_project/venv/lib/python3.12/site-packages/airflow/example_dags/example_dag_decorator.py
[2025-12-17T10:39:00.380+0530] {logging_mixin.py:190} INFO - [2025-12-17T10:39:00.379+0530] {dag.py:3239} INFO - Sync 1 DAGs
[2025-12-17T10:39:00.389+0530] {logging_mixin.py:190} INFO - [2025-12-17T10:39:00.389+0530] {dag.py:4180} INFO - Setting next_dagrun for example_dag_decorator to None, run_after=None
[2025-12-17T10:39:00.409+0530] {processor.py:208} INFO - Processing /home/sneha/spotify_airflow_project/venv/lib/python3.12/site-packages/airflow/example_dags/example_dag_decorator.py took 0.156 seconds
[2025-12-17T10:39:57.716+0530] {processor.py:186} INFO - Started process (PID=11327) to work on /home/sneha/spotify_airflow_project/venv/lib/python3.12/site-packages/airflow/example_dags/example_dag_decorator.py
[2025-12-17T10:39:57.717+0530] {processor.py:914} INFO - Processing file /home/sneha/spotify_airflow_project/venv/lib/python3.12/site-packages/airflow/example_dags/example_dag_decorator.py for tasks to queue
[2025-12-17T10:39:57.720+0530] {logging_mixin.py:190} INFO - [2025-12-17T10:39:57.719+0530] {dagbag.py:588} INFO - Filling up the DagBag from /home/sneha/spotify_airflow_project/venv/lib/python3.12/site-packages/airflow/example_dags/example_dag_decorator.py
[2025-12-17T10:39:57.733+0530] {processor.py:925} INFO - DAG(s) 'example_dag_decorator' retrieved from /home/sneha/spotify_airflow_project/venv/lib/python3.12/site-packages/airflow/example_dags/example_dag_decorator.py
[2025-12-17T10:39:57.835+0530] {logging_mixin.py:190} INFO - [2025-12-17T10:39:57.834+0530] {dag.py:3239} INFO - Sync 1 DAGs
[2025-12-17T10:39:57.845+0530] {logging_mixin.py:190} INFO - [2025-12-17T10:39:57.845+0530] {dag.py:4180} INFO - Setting next_dagrun for example_dag_decorator to None, run_after=None
[2025-12-17T10:39:57.865+0530] {processor.py:208} INFO - Processing /home/sneha/spotify_airflow_project/venv/lib/python3.12/site-packages/airflow/example_dags/example_dag_decorator.py took 0.156 seconds
[2025-12-17T10:40:56.213+0530] {processor.py:186} INFO - Started process (PID=11747) to work on /home/sneha/spotify_airflow_project/venv/lib/python3.12/site-packages/airflow/example_dags/example_dag_decorator.py
[2025-12-17T10:40:56.223+0530] {processor.py:914} INFO - Processing file /home/sneha/spotify_airflow_project/venv/lib/python3.12/site-packages/airflow/example_dags/example_dag_decorator.py for tasks to queue
[2025-12-17T10:40:56.226+0530] {logging_mixin.py:190} INFO - [2025-12-17T10:40:56.226+0530] {dagbag.py:588} INFO - Filling up the DagBag from /home/sneha/spotify_airflow_project/venv/lib/python3.12/site-packages/airflow/example_dags/example_dag_decorator.py
[2025-12-17T10:40:56.239+0530] {processor.py:925} INFO - DAG(s) 'example_dag_decorator' retrieved from /home/sneha/spotify_airflow_project/venv/lib/python3.12/site-packages/airflow/example_dags/example_dag_decorator.py
[2025-12-17T10:40:56.337+0530] {logging_mixin.py:190} INFO - [2025-12-17T10:40:56.337+0530] {dag.py:3239} INFO - Sync 1 DAGs
[2025-12-17T10:40:56.347+0530] {logging_mixin.py:190} INFO - [2025-12-17T10:40:56.347+0530] {dag.py:4180} INFO - Setting next_dagrun for example_dag_decorator to None, run_after=None
[2025-12-17T10:40:56.367+0530] {processor.py:208} INFO - Processing /home/sneha/spotify_airflow_project/venv/lib/python3.12/site-packages/airflow/example_dags/example_dag_decorator.py took 0.161 seconds
[2025-12-17T10:41:49.711+0530] {processor.py:186} INFO - Started process (PID=11829) to work on /home/sneha/spotify_airflow_project/venv/lib/python3.12/site-packages/airflow/example_dags/example_dag_decorator.py
[2025-12-17T10:41:49.712+0530] {processor.py:914} INFO - Processing file /home/sneha/spotify_airflow_project/venv/lib/python3.12/site-packages/airflow/example_dags/example_dag_decorator.py for tasks to queue
[2025-12-17T10:41:49.715+0530] {logging_mixin.py:190} INFO - [2025-12-17T10:41:49.714+0530] {dagbag.py:588} INFO - Filling up the DagBag from /home/sneha/spotify_airflow_project/venv/lib/python3.12/site-packages/airflow/example_dags/example_dag_decorator.py
[2025-12-17T10:41:49.727+0530] {processor.py:925} INFO - DAG(s) 'example_dag_decorator' retrieved from /home/sneha/spotify_airflow_project/venv/lib/python3.12/site-packages/airflow/example_dags/example_dag_decorator.py
[2025-12-17T10:41:49.749+0530] {logging_mixin.py:190} INFO - [2025-12-17T10:41:49.749+0530] {dag.py:3239} INFO - Sync 1 DAGs
[2025-12-17T10:41:49.762+0530] {logging_mixin.py:190} INFO - [2025-12-17T10:41:49.762+0530] {dag.py:4180} INFO - Setting next_dagrun for example_dag_decorator to None, run_after=None
[2025-12-17T10:41:49.782+0530] {processor.py:208} INFO - Processing /home/sneha/spotify_airflow_project/venv/lib/python3.12/site-packages/airflow/example_dags/example_dag_decorator.py took 0.082 seconds
[2025-12-17T10:42:44.876+0530] {processor.py:186} INFO - Started process (PID=12114) to work on /home/sneha/spotify_airflow_project/venv/lib/python3.12/site-packages/airflow/example_dags/example_dag_decorator.py
[2025-12-17T10:42:44.878+0530] {processor.py:914} INFO - Processing file /home/sneha/spotify_airflow_project/venv/lib/python3.12/site-packages/airflow/example_dags/example_dag_decorator.py for tasks to queue
[2025-12-17T10:42:44.883+0530] {logging_mixin.py:190} INFO - [2025-12-17T10:42:44.882+0530] {dagbag.py:588} INFO - Filling up the DagBag from /home/sneha/spotify_airflow_project/venv/lib/python3.12/site-packages/airflow/example_dags/example_dag_decorator.py
[2025-12-17T10:42:44.903+0530] {processor.py:925} INFO - DAG(s) 'example_dag_decorator' retrieved from /home/sneha/spotify_airflow_project/venv/lib/python3.12/site-packages/airflow/example_dags/example_dag_decorator.py
[2025-12-17T10:42:44.932+0530] {logging_mixin.py:190} INFO - [2025-12-17T10:42:44.932+0530] {dag.py:3239} INFO - Sync 1 DAGs
[2025-12-17T10:42:44.949+0530] {logging_mixin.py:190} INFO - [2025-12-17T10:42:44.949+0530] {dag.py:4180} INFO - Setting next_dagrun for example_dag_decorator to None, run_after=None
[2025-12-17T10:42:44.975+0530] {processor.py:208} INFO - Processing /home/sneha/spotify_airflow_project/venv/lib/python3.12/site-packages/airflow/example_dags/example_dag_decorator.py took 0.110 seconds
[2025-12-17T10:43:42.818+0530] {processor.py:186} INFO - Started process (PID=12226) to work on /home/sneha/spotify_airflow_project/venv/lib/python3.12/site-packages/airflow/example_dags/example_dag_decorator.py
[2025-12-17T10:43:42.820+0530] {processor.py:914} INFO - Processing file /home/sneha/spotify_airflow_project/venv/lib/python3.12/site-packages/airflow/example_dags/example_dag_decorator.py for tasks to queue
[2025-12-17T10:43:42.822+0530] {logging_mixin.py:190} INFO - [2025-12-17T10:43:42.822+0530] {dagbag.py:588} INFO - Filling up the DagBag from /home/sneha/spotify_airflow_project/venv/lib/python3.12/site-packages/airflow/example_dags/example_dag_decorator.py
[2025-12-17T10:43:42.834+0530] {processor.py:925} INFO - DAG(s) 'example_dag_decorator' retrieved from /home/sneha/spotify_airflow_project/venv/lib/python3.12/site-packages/airflow/example_dags/example_dag_decorator.py
[2025-12-17T10:43:42.854+0530] {logging_mixin.py:190} INFO - [2025-12-17T10:43:42.854+0530] {dag.py:3239} INFO - Sync 1 DAGs
[2025-12-17T10:43:42.866+0530] {logging_mixin.py:190} INFO - [2025-12-17T10:43:42.866+0530] {dag.py:4180} INFO - Setting next_dagrun for example_dag_decorator to None, run_after=None
[2025-12-17T10:43:42.884+0530] {processor.py:208} INFO - Processing /home/sneha/spotify_airflow_project/venv/lib/python3.12/site-packages/airflow/example_dags/example_dag_decorator.py took 0.072 seconds
[2025-12-17T10:44:38.128+0530] {processor.py:186} INFO - Started process (PID=12284) to work on /home/sneha/spotify_airflow_project/venv/lib/python3.12/site-packages/airflow/example_dags/example_dag_decorator.py
[2025-12-17T10:44:38.129+0530] {processor.py:914} INFO - Processing file /home/sneha/spotify_airflow_project/venv/lib/python3.12/site-packages/airflow/example_dags/example_dag_decorator.py for tasks to queue
[2025-12-17T10:44:38.132+0530] {logging_mixin.py:190} INFO - [2025-12-17T10:44:38.131+0530] {dagbag.py:588} INFO - Filling up the DagBag from /home/sneha/spotify_airflow_project/venv/lib/python3.12/site-packages/airflow/example_dags/example_dag_decorator.py
[2025-12-17T10:44:38.144+0530] {processor.py:925} INFO - DAG(s) 'example_dag_decorator' retrieved from /home/sneha/spotify_airflow_project/venv/lib/python3.12/site-packages/airflow/example_dags/example_dag_decorator.py
[2025-12-17T10:44:38.241+0530] {logging_mixin.py:190} INFO - [2025-12-17T10:44:38.241+0530] {dag.py:3239} INFO - Sync 1 DAGs
[2025-12-17T10:44:38.253+0530] {logging_mixin.py:190} INFO - [2025-12-17T10:44:38.253+0530] {dag.py:4180} INFO - Setting next_dagrun for example_dag_decorator to None, run_after=None
[2025-12-17T10:44:38.273+0530] {processor.py:208} INFO - Processing /home/sneha/spotify_airflow_project/venv/lib/python3.12/site-packages/airflow/example_dags/example_dag_decorator.py took 0.155 seconds
[2025-12-17T10:45:32.407+0530] {processor.py:186} INFO - Started process (PID=12400) to work on /home/sneha/spotify_airflow_project/venv/lib/python3.12/site-packages/airflow/example_dags/example_dag_decorator.py
[2025-12-17T10:45:32.408+0530] {processor.py:914} INFO - Processing file /home/sneha/spotify_airflow_project/venv/lib/python3.12/site-packages/airflow/example_dags/example_dag_decorator.py for tasks to queue
[2025-12-17T10:45:32.410+0530] {logging_mixin.py:190} INFO - [2025-12-17T10:45:32.410+0530] {dagbag.py:588} INFO - Filling up the DagBag from /home/sneha/spotify_airflow_project/venv/lib/python3.12/site-packages/airflow/example_dags/example_dag_decorator.py
[2025-12-17T10:45:32.421+0530] {processor.py:925} INFO - DAG(s) 'example_dag_decorator' retrieved from /home/sneha/spotify_airflow_project/venv/lib/python3.12/site-packages/airflow/example_dags/example_dag_decorator.py
[2025-12-17T10:45:32.517+0530] {logging_mixin.py:190} INFO - [2025-12-17T10:45:32.517+0530] {dag.py:3239} INFO - Sync 1 DAGs
[2025-12-17T10:45:32.527+0530] {logging_mixin.py:190} INFO - [2025-12-17T10:45:32.527+0530] {dag.py:4180} INFO - Setting next_dagrun for example_dag_decorator to None, run_after=None
[2025-12-17T10:45:32.545+0530] {processor.py:208} INFO - Processing /home/sneha/spotify_airflow_project/venv/lib/python3.12/site-packages/airflow/example_dags/example_dag_decorator.py took 0.149 seconds
[2025-12-17T10:46:26.729+0530] {processor.py:186} INFO - Started process (PID=12509) to work on /home/sneha/spotify_airflow_project/venv/lib/python3.12/site-packages/airflow/example_dags/example_dag_decorator.py
[2025-12-17T10:46:26.732+0530] {processor.py:914} INFO - Processing file /home/sneha/spotify_airflow_project/venv/lib/python3.12/site-packages/airflow/example_dags/example_dag_decorator.py for tasks to queue
[2025-12-17T10:46:26.740+0530] {logging_mixin.py:190} INFO - [2025-12-17T10:46:26.737+0530] {dagbag.py:588} INFO - Filling up the DagBag from /home/sneha/spotify_airflow_project/venv/lib/python3.12/site-packages/airflow/example_dags/example_dag_decorator.py
[2025-12-17T10:46:26.776+0530] {processor.py:925} INFO - DAG(s) 'example_dag_decorator' retrieved from /home/sneha/spotify_airflow_project/venv/lib/python3.12/site-packages/airflow/example_dags/example_dag_decorator.py
[2025-12-17T10:46:26.835+0530] {logging_mixin.py:190} INFO - [2025-12-17T10:46:26.835+0530] {dag.py:3239} INFO - Sync 1 DAGs
[2025-12-17T10:46:26.877+0530] {logging_mixin.py:190} INFO - [2025-12-17T10:46:26.877+0530] {dag.py:4180} INFO - Setting next_dagrun for example_dag_decorator to None, run_after=None
[2025-12-17T10:46:26.930+0530] {processor.py:208} INFO - Processing /home/sneha/spotify_airflow_project/venv/lib/python3.12/site-packages/airflow/example_dags/example_dag_decorator.py took 0.222 seconds
[2025-12-17T10:47:23.977+0530] {processor.py:186} INFO - Started process (PID=12746) to work on /home/sneha/spotify_airflow_project/venv/lib/python3.12/site-packages/airflow/example_dags/example_dag_decorator.py
[2025-12-17T10:47:23.978+0530] {processor.py:914} INFO - Processing file /home/sneha/spotify_airflow_project/venv/lib/python3.12/site-packages/airflow/example_dags/example_dag_decorator.py for tasks to queue
[2025-12-17T10:47:23.981+0530] {logging_mixin.py:190} INFO - [2025-12-17T10:47:23.980+0530] {dagbag.py:588} INFO - Filling up the DagBag from /home/sneha/spotify_airflow_project/venv/lib/python3.12/site-packages/airflow/example_dags/example_dag_decorator.py
[2025-12-17T10:47:23.993+0530] {processor.py:925} INFO - DAG(s) 'example_dag_decorator' retrieved from /home/sneha/spotify_airflow_project/venv/lib/python3.12/site-packages/airflow/example_dags/example_dag_decorator.py
[2025-12-17T10:47:24.012+0530] {logging_mixin.py:190} INFO - [2025-12-17T10:47:24.012+0530] {dag.py:3239} INFO - Sync 1 DAGs
[2025-12-17T10:47:24.025+0530] {logging_mixin.py:190} INFO - [2025-12-17T10:47:24.024+0530] {dag.py:4180} INFO - Setting next_dagrun for example_dag_decorator to None, run_after=None
[2025-12-17T10:47:24.047+0530] {processor.py:208} INFO - Processing /home/sneha/spotify_airflow_project/venv/lib/python3.12/site-packages/airflow/example_dags/example_dag_decorator.py took 0.078 seconds
[2025-12-17T10:48:18.747+0530] {processor.py:186} INFO - Started process (PID=12830) to work on /home/sneha/spotify_airflow_project/venv/lib/python3.12/site-packages/airflow/example_dags/example_dag_decorator.py
[2025-12-17T10:48:18.748+0530] {processor.py:914} INFO - Processing file /home/sneha/spotify_airflow_project/venv/lib/python3.12/site-packages/airflow/example_dags/example_dag_decorator.py for tasks to queue
[2025-12-17T10:48:18.751+0530] {logging_mixin.py:190} INFO - [2025-12-17T10:48:18.750+0530] {dagbag.py:588} INFO - Filling up the DagBag from /home/sneha/spotify_airflow_project/venv/lib/python3.12/site-packages/airflow/example_dags/example_dag_decorator.py
[2025-12-17T10:48:18.762+0530] {processor.py:925} INFO - DAG(s) 'example_dag_decorator' retrieved from /home/sneha/spotify_airflow_project/venv/lib/python3.12/site-packages/airflow/example_dags/example_dag_decorator.py
[2025-12-17T10:48:18.861+0530] {logging_mixin.py:190} INFO - [2025-12-17T10:48:18.861+0530] {dag.py:3239} INFO - Sync 1 DAGs
[2025-12-17T10:48:18.873+0530] {logging_mixin.py:190} INFO - [2025-12-17T10:48:18.872+0530] {dag.py:4180} INFO - Setting next_dagrun for example_dag_decorator to None, run_after=None
[2025-12-17T10:48:18.891+0530] {processor.py:208} INFO - Processing /home/sneha/spotify_airflow_project/venv/lib/python3.12/site-packages/airflow/example_dags/example_dag_decorator.py took 0.155 seconds
[2025-12-17T10:49:29.817+0530] {processor.py:186} INFO - Started process (PID=13533) to work on /home/sneha/spotify_airflow_project/venv/lib/python3.12/site-packages/airflow/example_dags/example_dag_decorator.py
[2025-12-17T10:49:29.818+0530] {processor.py:914} INFO - Processing file /home/sneha/spotify_airflow_project/venv/lib/python3.12/site-packages/airflow/example_dags/example_dag_decorator.py for tasks to queue
[2025-12-17T10:49:29.821+0530] {logging_mixin.py:190} INFO - [2025-12-17T10:49:29.820+0530] {dagbag.py:588} INFO - Filling up the DagBag from /home/sneha/spotify_airflow_project/venv/lib/python3.12/site-packages/airflow/example_dags/example_dag_decorator.py
[2025-12-17T10:49:29.833+0530] {processor.py:925} INFO - DAG(s) 'example_dag_decorator' retrieved from /home/sneha/spotify_airflow_project/venv/lib/python3.12/site-packages/airflow/example_dags/example_dag_decorator.py
[2025-12-17T10:49:29.938+0530] {logging_mixin.py:190} INFO - [2025-12-17T10:49:29.938+0530] {dag.py:3239} INFO - Sync 1 DAGs
[2025-12-17T10:49:29.953+0530] {logging_mixin.py:190} INFO - [2025-12-17T10:49:29.952+0530] {dag.py:4180} INFO - Setting next_dagrun for example_dag_decorator to None, run_after=None
[2025-12-17T10:49:29.973+0530] {processor.py:208} INFO - Processing /home/sneha/spotify_airflow_project/venv/lib/python3.12/site-packages/airflow/example_dags/example_dag_decorator.py took 0.163 seconds
[2025-12-17T10:50:25.612+0530] {processor.py:186} INFO - Started process (PID=13760) to work on /home/sneha/spotify_airflow_project/venv/lib/python3.12/site-packages/airflow/example_dags/example_dag_decorator.py
[2025-12-17T10:50:25.613+0530] {processor.py:914} INFO - Processing file /home/sneha/spotify_airflow_project/venv/lib/python3.12/site-packages/airflow/example_dags/example_dag_decorator.py for tasks to queue
[2025-12-17T10:50:25.617+0530] {logging_mixin.py:190} INFO - [2025-12-17T10:50:25.616+0530] {dagbag.py:588} INFO - Filling up the DagBag from /home/sneha/spotify_airflow_project/venv/lib/python3.12/site-packages/airflow/example_dags/example_dag_decorator.py
[2025-12-17T10:50:25.635+0530] {processor.py:925} INFO - DAG(s) 'example_dag_decorator' retrieved from /home/sneha/spotify_airflow_project/venv/lib/python3.12/site-packages/airflow/example_dags/example_dag_decorator.py
[2025-12-17T10:50:25.736+0530] {logging_mixin.py:190} INFO - [2025-12-17T10:50:25.736+0530] {dag.py:3239} INFO - Sync 1 DAGs
[2025-12-17T10:50:25.748+0530] {logging_mixin.py:190} INFO - [2025-12-17T10:50:25.748+0530] {dag.py:4180} INFO - Setting next_dagrun for example_dag_decorator to None, run_after=None
[2025-12-17T10:50:25.767+0530] {processor.py:208} INFO - Processing /home/sneha/spotify_airflow_project/venv/lib/python3.12/site-packages/airflow/example_dags/example_dag_decorator.py took 0.162 seconds
[2025-12-17T10:51:20.596+0530] {processor.py:186} INFO - Started process (PID=14134) to work on /home/sneha/spotify_airflow_project/venv/lib/python3.12/site-packages/airflow/example_dags/example_dag_decorator.py
[2025-12-17T10:51:20.598+0530] {processor.py:914} INFO - Processing file /home/sneha/spotify_airflow_project/venv/lib/python3.12/site-packages/airflow/example_dags/example_dag_decorator.py for tasks to queue
[2025-12-17T10:51:20.601+0530] {logging_mixin.py:190} INFO - [2025-12-17T10:51:20.600+0530] {dagbag.py:588} INFO - Filling up the DagBag from /home/sneha/spotify_airflow_project/venv/lib/python3.12/site-packages/airflow/example_dags/example_dag_decorator.py
[2025-12-17T10:51:20.613+0530] {processor.py:925} INFO - DAG(s) 'example_dag_decorator' retrieved from /home/sneha/spotify_airflow_project/venv/lib/python3.12/site-packages/airflow/example_dags/example_dag_decorator.py
[2025-12-17T10:51:20.717+0530] {logging_mixin.py:190} INFO - [2025-12-17T10:51:20.716+0530] {dag.py:3239} INFO - Sync 1 DAGs
[2025-12-17T10:51:20.727+0530] {logging_mixin.py:190} INFO - [2025-12-17T10:51:20.727+0530] {dag.py:4180} INFO - Setting next_dagrun for example_dag_decorator to None, run_after=None
[2025-12-17T10:51:20.746+0530] {processor.py:208} INFO - Processing /home/sneha/spotify_airflow_project/venv/lib/python3.12/site-packages/airflow/example_dags/example_dag_decorator.py took 0.156 seconds
[2025-12-17T10:52:14.480+0530] {processor.py:186} INFO - Started process (PID=14522) to work on /home/sneha/spotify_airflow_project/venv/lib/python3.12/site-packages/airflow/example_dags/example_dag_decorator.py
[2025-12-17T10:52:14.481+0530] {processor.py:914} INFO - Processing file /home/sneha/spotify_airflow_project/venv/lib/python3.12/site-packages/airflow/example_dags/example_dag_decorator.py for tasks to queue
[2025-12-17T10:52:14.484+0530] {logging_mixin.py:190} INFO - [2025-12-17T10:52:14.484+0530] {dagbag.py:588} INFO - Filling up the DagBag from /home/sneha/spotify_airflow_project/venv/lib/python3.12/site-packages/airflow/example_dags/example_dag_decorator.py
[2025-12-17T10:52:14.497+0530] {processor.py:925} INFO - DAG(s) 'example_dag_decorator' retrieved from /home/sneha/spotify_airflow_project/venv/lib/python3.12/site-packages/airflow/example_dags/example_dag_decorator.py
[2025-12-17T10:52:14.601+0530] {logging_mixin.py:190} INFO - [2025-12-17T10:52:14.601+0530] {dag.py:3239} INFO - Sync 1 DAGs
[2025-12-17T10:52:14.611+0530] {logging_mixin.py:190} INFO - [2025-12-17T10:52:14.611+0530] {dag.py:4180} INFO - Setting next_dagrun for example_dag_decorator to None, run_after=None
[2025-12-17T10:52:14.631+0530] {processor.py:208} INFO - Processing /home/sneha/spotify_airflow_project/venv/lib/python3.12/site-packages/airflow/example_dags/example_dag_decorator.py took 0.158 seconds
[2025-12-17T10:53:09.995+0530] {processor.py:186} INFO - Started process (PID=14909) to work on /home/sneha/spotify_airflow_project/venv/lib/python3.12/site-packages/airflow/example_dags/example_dag_decorator.py
[2025-12-17T10:53:09.996+0530] {processor.py:914} INFO - Processing file /home/sneha/spotify_airflow_project/venv/lib/python3.12/site-packages/airflow/example_dags/example_dag_decorator.py for tasks to queue
[2025-12-17T10:53:09.999+0530] {logging_mixin.py:190} INFO - [2025-12-17T10:53:09.999+0530] {dagbag.py:588} INFO - Filling up the DagBag from /home/sneha/spotify_airflow_project/venv/lib/python3.12/site-packages/airflow/example_dags/example_dag_decorator.py
[2025-12-17T10:53:10.012+0530] {processor.py:925} INFO - DAG(s) 'example_dag_decorator' retrieved from /home/sneha/spotify_airflow_project/venv/lib/python3.12/site-packages/airflow/example_dags/example_dag_decorator.py
[2025-12-17T10:53:10.115+0530] {logging_mixin.py:190} INFO - [2025-12-17T10:53:10.114+0530] {dag.py:3239} INFO - Sync 1 DAGs
[2025-12-17T10:53:10.126+0530] {logging_mixin.py:190} INFO - [2025-12-17T10:53:10.126+0530] {dag.py:4180} INFO - Setting next_dagrun for example_dag_decorator to None, run_after=None
[2025-12-17T10:53:10.146+0530] {processor.py:208} INFO - Processing /home/sneha/spotify_airflow_project/venv/lib/python3.12/site-packages/airflow/example_dags/example_dag_decorator.py took 0.158 seconds
[2025-12-17T10:54:10.721+0530] {processor.py:186} INFO - Started process (PID=15358) to work on /home/sneha/spotify_airflow_project/venv/lib/python3.12/site-packages/airflow/example_dags/example_dag_decorator.py
[2025-12-17T10:54:10.722+0530] {processor.py:914} INFO - Processing file /home/sneha/spotify_airflow_project/venv/lib/python3.12/site-packages/airflow/example_dags/example_dag_decorator.py for tasks to queue
[2025-12-17T10:54:10.724+0530] {logging_mixin.py:190} INFO - [2025-12-17T10:54:10.724+0530] {dagbag.py:588} INFO - Filling up the DagBag from /home/sneha/spotify_airflow_project/venv/lib/python3.12/site-packages/airflow/example_dags/example_dag_decorator.py
[2025-12-17T10:54:10.736+0530] {processor.py:925} INFO - DAG(s) 'example_dag_decorator' retrieved from /home/sneha/spotify_airflow_project/venv/lib/python3.12/site-packages/airflow/example_dags/example_dag_decorator.py
[2025-12-17T10:54:10.830+0530] {logging_mixin.py:190} INFO - [2025-12-17T10:54:10.830+0530] {dag.py:3239} INFO - Sync 1 DAGs
[2025-12-17T10:54:10.841+0530] {logging_mixin.py:190} INFO - [2025-12-17T10:54:10.840+0530] {dag.py:4180} INFO - Setting next_dagrun for example_dag_decorator to None, run_after=None
[2025-12-17T10:54:10.859+0530] {processor.py:208} INFO - Processing /home/sneha/spotify_airflow_project/venv/lib/python3.12/site-packages/airflow/example_dags/example_dag_decorator.py took 0.149 seconds
[2025-12-17T10:55:09.477+0530] {processor.py:186} INFO - Started process (PID=15572) to work on /home/sneha/spotify_airflow_project/venv/lib/python3.12/site-packages/airflow/example_dags/example_dag_decorator.py
[2025-12-17T10:55:09.478+0530] {processor.py:914} INFO - Processing file /home/sneha/spotify_airflow_project/venv/lib/python3.12/site-packages/airflow/example_dags/example_dag_decorator.py for tasks to queue
[2025-12-17T10:55:09.481+0530] {logging_mixin.py:190} INFO - [2025-12-17T10:55:09.480+0530] {dagbag.py:588} INFO - Filling up the DagBag from /home/sneha/spotify_airflow_project/venv/lib/python3.12/site-packages/airflow/example_dags/example_dag_decorator.py
[2025-12-17T10:55:09.493+0530] {processor.py:925} INFO - DAG(s) 'example_dag_decorator' retrieved from /home/sneha/spotify_airflow_project/venv/lib/python3.12/site-packages/airflow/example_dags/example_dag_decorator.py
[2025-12-17T10:55:09.593+0530] {logging_mixin.py:190} INFO - [2025-12-17T10:55:09.592+0530] {dag.py:3239} INFO - Sync 1 DAGs
[2025-12-17T10:55:09.603+0530] {logging_mixin.py:190} INFO - [2025-12-17T10:55:09.603+0530] {dag.py:4180} INFO - Setting next_dagrun for example_dag_decorator to None, run_after=None
[2025-12-17T10:55:09.621+0530] {processor.py:208} INFO - Processing /home/sneha/spotify_airflow_project/venv/lib/python3.12/site-packages/airflow/example_dags/example_dag_decorator.py took 0.151 seconds
[2025-12-17T10:56:05.253+0530] {processor.py:186} INFO - Started process (PID=15635) to work on /home/sneha/spotify_airflow_project/venv/lib/python3.12/site-packages/airflow/example_dags/example_dag_decorator.py
[2025-12-17T10:56:05.264+0530] {processor.py:914} INFO - Processing file /home/sneha/spotify_airflow_project/venv/lib/python3.12/site-packages/airflow/example_dags/example_dag_decorator.py for tasks to queue
[2025-12-17T10:56:05.267+0530] {logging_mixin.py:190} INFO - [2025-12-17T10:56:05.267+0530] {dagbag.py:588} INFO - Filling up the DagBag from /home/sneha/spotify_airflow_project/venv/lib/python3.12/site-packages/airflow/example_dags/example_dag_decorator.py
[2025-12-17T10:56:05.280+0530] {processor.py:925} INFO - DAG(s) 'example_dag_decorator' retrieved from /home/sneha/spotify_airflow_project/venv/lib/python3.12/site-packages/airflow/example_dags/example_dag_decorator.py
[2025-12-17T10:56:05.377+0530] {logging_mixin.py:190} INFO - [2025-12-17T10:56:05.377+0530] {dag.py:3239} INFO - Sync 1 DAGs
[2025-12-17T10:56:05.388+0530] {logging_mixin.py:190} INFO - [2025-12-17T10:56:05.387+0530] {dag.py:4180} INFO - Setting next_dagrun for example_dag_decorator to None, run_after=None
[2025-12-17T10:56:05.406+0530] {processor.py:208} INFO - Processing /home/sneha/spotify_airflow_project/venv/lib/python3.12/site-packages/airflow/example_dags/example_dag_decorator.py took 0.163 seconds
[2025-12-17T10:56:59.704+0530] {processor.py:186} INFO - Started process (PID=15692) to work on /home/sneha/spotify_airflow_project/venv/lib/python3.12/site-packages/airflow/example_dags/example_dag_decorator.py
[2025-12-17T10:56:59.714+0530] {processor.py:914} INFO - Processing file /home/sneha/spotify_airflow_project/venv/lib/python3.12/site-packages/airflow/example_dags/example_dag_decorator.py for tasks to queue
[2025-12-17T10:56:59.718+0530] {logging_mixin.py:190} INFO - [2025-12-17T10:56:59.718+0530] {dagbag.py:588} INFO - Filling up the DagBag from /home/sneha/spotify_airflow_project/venv/lib/python3.12/site-packages/airflow/example_dags/example_dag_decorator.py
[2025-12-17T10:56:59.730+0530] {processor.py:925} INFO - DAG(s) 'example_dag_decorator' retrieved from /home/sneha/spotify_airflow_project/venv/lib/python3.12/site-packages/airflow/example_dags/example_dag_decorator.py
[2025-12-17T10:56:59.824+0530] {logging_mixin.py:190} INFO - [2025-12-17T10:56:59.824+0530] {dag.py:3239} INFO - Sync 1 DAGs
[2025-12-17T10:56:59.836+0530] {logging_mixin.py:190} INFO - [2025-12-17T10:56:59.836+0530] {dag.py:4180} INFO - Setting next_dagrun for example_dag_decorator to None, run_after=None
[2025-12-17T10:56:59.854+0530] {processor.py:208} INFO - Processing /home/sneha/spotify_airflow_project/venv/lib/python3.12/site-packages/airflow/example_dags/example_dag_decorator.py took 0.159 seconds
[2025-12-17T10:57:55.055+0530] {processor.py:186} INFO - Started process (PID=15915) to work on /home/sneha/spotify_airflow_project/venv/lib/python3.12/site-packages/airflow/example_dags/example_dag_decorator.py
[2025-12-17T10:57:55.057+0530] {processor.py:914} INFO - Processing file /home/sneha/spotify_airflow_project/venv/lib/python3.12/site-packages/airflow/example_dags/example_dag_decorator.py for tasks to queue
[2025-12-17T10:57:55.061+0530] {logging_mixin.py:190} INFO - [2025-12-17T10:57:55.060+0530] {dagbag.py:588} INFO - Filling up the DagBag from /home/sneha/spotify_airflow_project/venv/lib/python3.12/site-packages/airflow/example_dags/example_dag_decorator.py
[2025-12-17T10:57:55.075+0530] {processor.py:925} INFO - DAG(s) 'example_dag_decorator' retrieved from /home/sneha/spotify_airflow_project/venv/lib/python3.12/site-packages/airflow/example_dags/example_dag_decorator.py
[2025-12-17T10:57:55.203+0530] {logging_mixin.py:190} INFO - [2025-12-17T10:57:55.203+0530] {dag.py:3239} INFO - Sync 1 DAGs
[2025-12-17T10:57:55.219+0530] {logging_mixin.py:190} INFO - [2025-12-17T10:57:55.218+0530] {dag.py:4180} INFO - Setting next_dagrun for example_dag_decorator to None, run_after=None
[2025-12-17T10:57:55.238+0530] {processor.py:208} INFO - Processing /home/sneha/spotify_airflow_project/venv/lib/python3.12/site-packages/airflow/example_dags/example_dag_decorator.py took 0.189 seconds
[2025-12-17T11:01:44.165+0530] {processor.py:186} INFO - Started process (PID=17193) to work on /home/sneha/spotify_airflow_project/venv/lib/python3.12/site-packages/airflow/example_dags/example_dag_decorator.py
[2025-12-17T11:01:44.166+0530] {processor.py:914} INFO - Processing file /home/sneha/spotify_airflow_project/venv/lib/python3.12/site-packages/airflow/example_dags/example_dag_decorator.py for tasks to queue
[2025-12-17T11:01:44.168+0530] {logging_mixin.py:190} INFO - [2025-12-17T11:01:44.168+0530] {dagbag.py:588} INFO - Filling up the DagBag from /home/sneha/spotify_airflow_project/venv/lib/python3.12/site-packages/airflow/example_dags/example_dag_decorator.py
[2025-12-17T11:01:44.179+0530] {processor.py:925} INFO - DAG(s) 'example_dag_decorator' retrieved from /home/sneha/spotify_airflow_project/venv/lib/python3.12/site-packages/airflow/example_dags/example_dag_decorator.py
[2025-12-17T11:01:44.270+0530] {logging_mixin.py:190} INFO - [2025-12-17T11:01:44.270+0530] {dag.py:3239} INFO - Sync 1 DAGs
[2025-12-17T11:01:44.280+0530] {logging_mixin.py:190} INFO - [2025-12-17T11:01:44.280+0530] {dag.py:4180} INFO - Setting next_dagrun for example_dag_decorator to None, run_after=None
[2025-12-17T11:01:44.298+0530] {processor.py:208} INFO - Processing /home/sneha/spotify_airflow_project/venv/lib/python3.12/site-packages/airflow/example_dags/example_dag_decorator.py took 0.144 seconds
[2025-12-17T11:03:12.225+0530] {processor.py:186} INFO - Started process (PID=18106) to work on /home/sneha/spotify_airflow_project/venv/lib/python3.12/site-packages/airflow/example_dags/example_dag_decorator.py
[2025-12-17T11:03:12.226+0530] {processor.py:914} INFO - Processing file /home/sneha/spotify_airflow_project/venv/lib/python3.12/site-packages/airflow/example_dags/example_dag_decorator.py for tasks to queue
[2025-12-17T11:03:12.228+0530] {logging_mixin.py:190} INFO - [2025-12-17T11:03:12.228+0530] {dagbag.py:588} INFO - Filling up the DagBag from /home/sneha/spotify_airflow_project/venv/lib/python3.12/site-packages/airflow/example_dags/example_dag_decorator.py
[2025-12-17T11:03:12.241+0530] {processor.py:925} INFO - DAG(s) 'example_dag_decorator' retrieved from /home/sneha/spotify_airflow_project/venv/lib/python3.12/site-packages/airflow/example_dags/example_dag_decorator.py
[2025-12-17T11:03:12.342+0530] {logging_mixin.py:190} INFO - [2025-12-17T11:03:12.342+0530] {dag.py:3239} INFO - Sync 1 DAGs
[2025-12-17T11:03:12.353+0530] {logging_mixin.py:190} INFO - [2025-12-17T11:03:12.353+0530] {dag.py:4180} INFO - Setting next_dagrun for example_dag_decorator to None, run_after=None
[2025-12-17T11:03:12.372+0530] {processor.py:208} INFO - Processing /home/sneha/spotify_airflow_project/venv/lib/python3.12/site-packages/airflow/example_dags/example_dag_decorator.py took 0.155 seconds
[2025-12-17T11:04:10.717+0530] {processor.py:186} INFO - Started process (PID=18376) to work on /home/sneha/spotify_airflow_project/venv/lib/python3.12/site-packages/airflow/example_dags/example_dag_decorator.py
[2025-12-17T11:04:10.718+0530] {processor.py:914} INFO - Processing file /home/sneha/spotify_airflow_project/venv/lib/python3.12/site-packages/airflow/example_dags/example_dag_decorator.py for tasks to queue
[2025-12-17T11:04:10.720+0530] {logging_mixin.py:190} INFO - [2025-12-17T11:04:10.720+0530] {dagbag.py:588} INFO - Filling up the DagBag from /home/sneha/spotify_airflow_project/venv/lib/python3.12/site-packages/airflow/example_dags/example_dag_decorator.py
[2025-12-17T11:04:10.732+0530] {processor.py:925} INFO - DAG(s) 'example_dag_decorator' retrieved from /home/sneha/spotify_airflow_project/venv/lib/python3.12/site-packages/airflow/example_dags/example_dag_decorator.py
[2025-12-17T11:04:10.834+0530] {logging_mixin.py:190} INFO - [2025-12-17T11:04:10.833+0530] {dag.py:3239} INFO - Sync 1 DAGs
[2025-12-17T11:04:10.846+0530] {logging_mixin.py:190} INFO - [2025-12-17T11:04:10.846+0530] {dag.py:4180} INFO - Setting next_dagrun for example_dag_decorator to None, run_after=None
[2025-12-17T11:04:10.869+0530] {processor.py:208} INFO - Processing /home/sneha/spotify_airflow_project/venv/lib/python3.12/site-packages/airflow/example_dags/example_dag_decorator.py took 0.162 seconds
[2025-12-17T11:05:11.529+0530] {processor.py:186} INFO - Started process (PID=18621) to work on /home/sneha/spotify_airflow_project/venv/lib/python3.12/site-packages/airflow/example_dags/example_dag_decorator.py
[2025-12-17T11:05:11.530+0530] {processor.py:914} INFO - Processing file /home/sneha/spotify_airflow_project/venv/lib/python3.12/site-packages/airflow/example_dags/example_dag_decorator.py for tasks to queue
[2025-12-17T11:05:11.535+0530] {logging_mixin.py:190} INFO - [2025-12-17T11:05:11.534+0530] {dagbag.py:588} INFO - Filling up the DagBag from /home/sneha/spotify_airflow_project/venv/lib/python3.12/site-packages/airflow/example_dags/example_dag_decorator.py
[2025-12-17T11:05:11.555+0530] {processor.py:925} INFO - DAG(s) 'example_dag_decorator' retrieved from /home/sneha/spotify_airflow_project/venv/lib/python3.12/site-packages/airflow/example_dags/example_dag_decorator.py
[2025-12-17T11:05:11.765+0530] {logging_mixin.py:190} INFO - [2025-12-17T11:05:11.765+0530] {dag.py:3239} INFO - Sync 1 DAGs
[2025-12-17T11:05:11.789+0530] {logging_mixin.py:190} INFO - [2025-12-17T11:05:11.789+0530] {dag.py:4180} INFO - Setting next_dagrun for example_dag_decorator to None, run_after=None
[2025-12-17T11:05:12.009+0530] {processor.py:208} INFO - Processing /home/sneha/spotify_airflow_project/venv/lib/python3.12/site-packages/airflow/example_dags/example_dag_decorator.py took 0.489 seconds
[2025-12-17T11:06:08.787+0530] {processor.py:186} INFO - Started process (PID=18849) to work on /home/sneha/spotify_airflow_project/venv/lib/python3.12/site-packages/airflow/example_dags/example_dag_decorator.py
[2025-12-17T11:06:08.789+0530] {processor.py:914} INFO - Processing file /home/sneha/spotify_airflow_project/venv/lib/python3.12/site-packages/airflow/example_dags/example_dag_decorator.py for tasks to queue
[2025-12-17T11:06:08.794+0530] {logging_mixin.py:190} INFO - [2025-12-17T11:06:08.793+0530] {dagbag.py:588} INFO - Filling up the DagBag from /home/sneha/spotify_airflow_project/venv/lib/python3.12/site-packages/airflow/example_dags/example_dag_decorator.py
[2025-12-17T11:06:08.817+0530] {processor.py:925} INFO - DAG(s) 'example_dag_decorator' retrieved from /home/sneha/spotify_airflow_project/venv/lib/python3.12/site-packages/airflow/example_dags/example_dag_decorator.py
[2025-12-17T11:06:09.209+0530] {logging_mixin.py:190} INFO - [2025-12-17T11:06:09.209+0530] {dag.py:3239} INFO - Sync 1 DAGs
[2025-12-17T11:06:09.225+0530] {logging_mixin.py:190} INFO - [2025-12-17T11:06:09.225+0530] {dag.py:4180} INFO - Setting next_dagrun for example_dag_decorator to None, run_after=None
[2025-12-17T11:06:09.251+0530] {processor.py:208} INFO - Processing /home/sneha/spotify_airflow_project/venv/lib/python3.12/site-packages/airflow/example_dags/example_dag_decorator.py took 0.475 seconds
[2025-12-17T11:07:20.412+0530] {processor.py:186} INFO - Started process (PID=19394) to work on /home/sneha/spotify_airflow_project/venv/lib/python3.12/site-packages/airflow/example_dags/example_dag_decorator.py
[2025-12-17T11:07:20.423+0530] {processor.py:914} INFO - Processing file /home/sneha/spotify_airflow_project/venv/lib/python3.12/site-packages/airflow/example_dags/example_dag_decorator.py for tasks to queue
[2025-12-17T11:07:20.426+0530] {logging_mixin.py:190} INFO - [2025-12-17T11:07:20.425+0530] {dagbag.py:588} INFO - Filling up the DagBag from /home/sneha/spotify_airflow_project/venv/lib/python3.12/site-packages/airflow/example_dags/example_dag_decorator.py
[2025-12-17T11:07:20.561+0530] {processor.py:925} INFO - DAG(s) 'example_dag_decorator' retrieved from /home/sneha/spotify_airflow_project/venv/lib/python3.12/site-packages/airflow/example_dags/example_dag_decorator.py
[2025-12-17T11:07:20.645+0530] {logging_mixin.py:190} INFO - [2025-12-17T11:07:20.645+0530] {dag.py:3239} INFO - Sync 1 DAGs
[2025-12-17T11:07:20.655+0530] {logging_mixin.py:190} INFO - [2025-12-17T11:07:20.654+0530] {dag.py:4180} INFO - Setting next_dagrun for example_dag_decorator to None, run_after=None
[2025-12-17T11:07:20.673+0530] {processor.py:208} INFO - Processing /home/sneha/spotify_airflow_project/venv/lib/python3.12/site-packages/airflow/example_dags/example_dag_decorator.py took 0.269 seconds
[2025-12-17T12:47:59.730+0530] {processor.py:186} INFO - Started process (PID=71130) to work on /home/sneha/spotify_airflow_project/venv/lib/python3.12/site-packages/airflow/example_dags/example_dag_decorator.py
[2025-12-17T12:47:59.732+0530] {processor.py:914} INFO - Processing file /home/sneha/spotify_airflow_project/venv/lib/python3.12/site-packages/airflow/example_dags/example_dag_decorator.py for tasks to queue
[2025-12-17T12:47:59.735+0530] {logging_mixin.py:190} INFO - [2025-12-17T12:47:59.734+0530] {dagbag.py:588} INFO - Filling up the DagBag from /home/sneha/spotify_airflow_project/venv/lib/python3.12/site-packages/airflow/example_dags/example_dag_decorator.py
[2025-12-17T12:47:59.758+0530] {processor.py:925} INFO - DAG(s) 'example_dag_decorator' retrieved from /home/sneha/spotify_airflow_project/venv/lib/python3.12/site-packages/airflow/example_dags/example_dag_decorator.py
[2025-12-17T12:47:59.928+0530] {logging_mixin.py:190} INFO - [2025-12-17T12:47:59.927+0530] {dag.py:3239} INFO - Sync 1 DAGs
[2025-12-17T12:47:59.945+0530] {logging_mixin.py:190} INFO - [2025-12-17T12:47:59.945+0530] {dag.py:4180} INFO - Setting next_dagrun for example_dag_decorator to None, run_after=None
[2025-12-17T12:47:59.979+0530] {processor.py:208} INFO - Processing /home/sneha/spotify_airflow_project/venv/lib/python3.12/site-packages/airflow/example_dags/example_dag_decorator.py took 0.259 seconds
[2025-12-17T12:49:37.113+0530] {processor.py:186} INFO - Started process (PID=71505) to work on /home/sneha/spotify_airflow_project/venv/lib/python3.12/site-packages/airflow/example_dags/example_dag_decorator.py
[2025-12-17T12:49:37.114+0530] {processor.py:914} INFO - Processing file /home/sneha/spotify_airflow_project/venv/lib/python3.12/site-packages/airflow/example_dags/example_dag_decorator.py for tasks to queue
[2025-12-17T12:49:37.118+0530] {logging_mixin.py:190} INFO - [2025-12-17T12:49:37.117+0530] {dagbag.py:588} INFO - Filling up the DagBag from /home/sneha/spotify_airflow_project/venv/lib/python3.12/site-packages/airflow/example_dags/example_dag_decorator.py
[2025-12-17T12:49:37.140+0530] {processor.py:925} INFO - DAG(s) 'example_dag_decorator' retrieved from /home/sneha/spotify_airflow_project/venv/lib/python3.12/site-packages/airflow/example_dags/example_dag_decorator.py
[2025-12-17T12:49:37.175+0530] {logging_mixin.py:190} INFO - [2025-12-17T12:49:37.175+0530] {dag.py:3239} INFO - Sync 1 DAGs
[2025-12-17T12:49:37.197+0530] {logging_mixin.py:190} INFO - [2025-12-17T12:49:37.196+0530] {dag.py:4180} INFO - Setting next_dagrun for example_dag_decorator to None, run_after=None
[2025-12-17T12:49:37.232+0530] {processor.py:208} INFO - Processing /home/sneha/spotify_airflow_project/venv/lib/python3.12/site-packages/airflow/example_dags/example_dag_decorator.py took 0.129 seconds
[2025-12-17T12:50:55.894+0530] {processor.py:186} INFO - Started process (PID=71720) to work on /home/sneha/spotify_airflow_project/venv/lib/python3.12/site-packages/airflow/example_dags/example_dag_decorator.py
[2025-12-17T12:50:55.896+0530] {processor.py:914} INFO - Processing file /home/sneha/spotify_airflow_project/venv/lib/python3.12/site-packages/airflow/example_dags/example_dag_decorator.py for tasks to queue
[2025-12-17T12:50:55.902+0530] {logging_mixin.py:190} INFO - [2025-12-17T12:50:55.901+0530] {dagbag.py:588} INFO - Filling up the DagBag from /home/sneha/spotify_airflow_project/venv/lib/python3.12/site-packages/airflow/example_dags/example_dag_decorator.py
[2025-12-17T12:50:55.931+0530] {processor.py:925} INFO - DAG(s) 'example_dag_decorator' retrieved from /home/sneha/spotify_airflow_project/venv/lib/python3.12/site-packages/airflow/example_dags/example_dag_decorator.py
[2025-12-17T12:50:56.215+0530] {logging_mixin.py:190} INFO - [2025-12-17T12:50:56.214+0530] {dag.py:3239} INFO - Sync 1 DAGs
[2025-12-17T12:50:56.242+0530] {logging_mixin.py:190} INFO - [2025-12-17T12:50:56.241+0530] {dag.py:4180} INFO - Setting next_dagrun for example_dag_decorator to None, run_after=None
[2025-12-17T12:50:56.298+0530] {processor.py:208} INFO - Processing /home/sneha/spotify_airflow_project/venv/lib/python3.12/site-packages/airflow/example_dags/example_dag_decorator.py took 0.417 seconds
[2025-12-17T12:52:08.937+0530] {processor.py:186} INFO - Started process (PID=72267) to work on /home/sneha/spotify_airflow_project/venv/lib/python3.12/site-packages/airflow/example_dags/example_dag_decorator.py
[2025-12-17T12:52:08.939+0530] {processor.py:914} INFO - Processing file /home/sneha/spotify_airflow_project/venv/lib/python3.12/site-packages/airflow/example_dags/example_dag_decorator.py for tasks to queue
[2025-12-17T12:52:08.942+0530] {logging_mixin.py:190} INFO - [2025-12-17T12:52:08.942+0530] {dagbag.py:588} INFO - Filling up the DagBag from /home/sneha/spotify_airflow_project/venv/lib/python3.12/site-packages/airflow/example_dags/example_dag_decorator.py
[2025-12-17T12:52:08.961+0530] {processor.py:925} INFO - DAG(s) 'example_dag_decorator' retrieved from /home/sneha/spotify_airflow_project/venv/lib/python3.12/site-packages/airflow/example_dags/example_dag_decorator.py
[2025-12-17T12:52:09.326+0530] {logging_mixin.py:190} INFO - [2025-12-17T12:52:09.325+0530] {dag.py:3239} INFO - Sync 1 DAGs
[2025-12-17T12:52:09.339+0530] {logging_mixin.py:190} INFO - [2025-12-17T12:52:09.339+0530] {dag.py:4180} INFO - Setting next_dagrun for example_dag_decorator to None, run_after=None
[2025-12-17T12:52:09.365+0530] {processor.py:208} INFO - Processing /home/sneha/spotify_airflow_project/venv/lib/python3.12/site-packages/airflow/example_dags/example_dag_decorator.py took 0.440 seconds
[2025-12-17T12:54:10.065+0530] {processor.py:186} INFO - Started process (PID=73077) to work on /home/sneha/spotify_airflow_project/venv/lib/python3.12/site-packages/airflow/example_dags/example_dag_decorator.py
[2025-12-17T12:54:10.067+0530] {processor.py:914} INFO - Processing file /home/sneha/spotify_airflow_project/venv/lib/python3.12/site-packages/airflow/example_dags/example_dag_decorator.py for tasks to queue
[2025-12-17T12:54:10.070+0530] {logging_mixin.py:190} INFO - [2025-12-17T12:54:10.069+0530] {dagbag.py:588} INFO - Filling up the DagBag from /home/sneha/spotify_airflow_project/venv/lib/python3.12/site-packages/airflow/example_dags/example_dag_decorator.py
[2025-12-17T12:54:10.087+0530] {processor.py:925} INFO - DAG(s) 'example_dag_decorator' retrieved from /home/sneha/spotify_airflow_project/venv/lib/python3.12/site-packages/airflow/example_dags/example_dag_decorator.py
[2025-12-17T12:54:10.446+0530] {logging_mixin.py:190} INFO - [2025-12-17T12:54:10.445+0530] {dag.py:3239} INFO - Sync 1 DAGs
[2025-12-17T12:54:10.463+0530] {logging_mixin.py:190} INFO - [2025-12-17T12:54:10.463+0530] {dag.py:4180} INFO - Setting next_dagrun for example_dag_decorator to None, run_after=None
[2025-12-17T12:54:10.493+0530] {processor.py:208} INFO - Processing /home/sneha/spotify_airflow_project/venv/lib/python3.12/site-packages/airflow/example_dags/example_dag_decorator.py took 0.438 seconds
[2025-12-17T12:55:41.555+0530] {processor.py:186} INFO - Started process (PID=73515) to work on /home/sneha/spotify_airflow_project/venv/lib/python3.12/site-packages/airflow/example_dags/example_dag_decorator.py
[2025-12-17T12:55:41.556+0530] {processor.py:914} INFO - Processing file /home/sneha/spotify_airflow_project/venv/lib/python3.12/site-packages/airflow/example_dags/example_dag_decorator.py for tasks to queue
[2025-12-17T12:55:41.560+0530] {logging_mixin.py:190} INFO - [2025-12-17T12:55:41.560+0530] {dagbag.py:588} INFO - Filling up the DagBag from /home/sneha/spotify_airflow_project/venv/lib/python3.12/site-packages/airflow/example_dags/example_dag_decorator.py
[2025-12-17T12:55:41.583+0530] {processor.py:925} INFO - DAG(s) 'example_dag_decorator' retrieved from /home/sneha/spotify_airflow_project/venv/lib/python3.12/site-packages/airflow/example_dags/example_dag_decorator.py
[2025-12-17T12:55:41.762+0530] {logging_mixin.py:190} INFO - [2025-12-17T12:55:41.761+0530] {dag.py:3239} INFO - Sync 1 DAGs
[2025-12-17T12:55:41.784+0530] {logging_mixin.py:190} INFO - [2025-12-17T12:55:41.783+0530] {dag.py:4180} INFO - Setting next_dagrun for example_dag_decorator to None, run_after=None
[2025-12-17T12:55:41.819+0530] {processor.py:208} INFO - Processing /home/sneha/spotify_airflow_project/venv/lib/python3.12/site-packages/airflow/example_dags/example_dag_decorator.py took 0.274 seconds
