[2025-12-17T10:30:46.936+0530] {processor.py:186} INFO - Started process (PID=7251) to work on /home/sneha/spotify_airflow_project/venv/lib/python3.12/site-packages/airflow/example_dags/example_dataset_alias_with_no_taskflow.py
[2025-12-17T10:30:46.936+0530] {processor.py:914} INFO - Processing file /home/sneha/spotify_airflow_project/venv/lib/python3.12/site-packages/airflow/example_dags/example_dataset_alias_with_no_taskflow.py for tasks to queue
[2025-12-17T10:30:46.939+0530] {logging_mixin.py:190} INFO - [2025-12-17T10:30:46.938+0530] {dagbag.py:588} INFO - Filling up the DagBag from /home/sneha/spotify_airflow_project/venv/lib/python3.12/site-packages/airflow/example_dags/example_dataset_alias_with_no_taskflow.py
[2025-12-17T10:30:46.963+0530] {processor.py:925} INFO - DAG(s) 'dataset_s3_bucket_consumer_with_no_taskflow', 'dataset_alias_example_alias_producer_with_no_taskflow', 'dataset_s3_bucket_producer_with_no_taskflow', 'dataset_alias_example_alias_consumer_with_no_taskflow' retrieved from /home/sneha/spotify_airflow_project/venv/lib/python3.12/site-packages/airflow/example_dags/example_dataset_alias_with_no_taskflow.py
[2025-12-17T10:30:46.985+0530] {logging_mixin.py:190} INFO - [2025-12-17T10:30:46.984+0530] {dag.py:3239} INFO - Sync 4 DAGs
[2025-12-17T10:30:47.005+0530] {logging_mixin.py:190} INFO - [2025-12-17T10:30:47.005+0530] {dag.py:4180} INFO - Setting next_dagrun for dataset_alias_example_alias_consumer_with_no_taskflow to None, run_after=None
[2025-12-17T10:30:47.007+0530] {logging_mixin.py:190} INFO - [2025-12-17T10:30:47.007+0530] {dag.py:4180} INFO - Setting next_dagrun for dataset_alias_example_alias_producer_with_no_taskflow to None, run_after=None
[2025-12-17T10:30:47.009+0530] {logging_mixin.py:190} INFO - [2025-12-17T10:30:47.008+0530] {dag.py:4180} INFO - Setting next_dagrun for dataset_s3_bucket_consumer_with_no_taskflow to None, run_after=None
[2025-12-17T10:30:47.009+0530] {logging_mixin.py:190} INFO - [2025-12-17T10:30:47.009+0530] {dag.py:4180} INFO - Setting next_dagrun for dataset_s3_bucket_producer_with_no_taskflow to None, run_after=None
[2025-12-17T10:30:47.037+0530] {processor.py:208} INFO - Processing /home/sneha/spotify_airflow_project/venv/lib/python3.12/site-packages/airflow/example_dags/example_dataset_alias_with_no_taskflow.py took 0.108 seconds
[2025-12-17T10:31:45.454+0530] {processor.py:186} INFO - Started process (PID=7557) to work on /home/sneha/spotify_airflow_project/venv/lib/python3.12/site-packages/airflow/example_dags/example_dataset_alias_with_no_taskflow.py
[2025-12-17T10:31:45.456+0530] {processor.py:914} INFO - Processing file /home/sneha/spotify_airflow_project/venv/lib/python3.12/site-packages/airflow/example_dags/example_dataset_alias_with_no_taskflow.py for tasks to queue
[2025-12-17T10:31:45.459+0530] {logging_mixin.py:190} INFO - [2025-12-17T10:31:45.459+0530] {dagbag.py:588} INFO - Filling up the DagBag from /home/sneha/spotify_airflow_project/venv/lib/python3.12/site-packages/airflow/example_dags/example_dataset_alias_with_no_taskflow.py
[2025-12-17T10:31:45.490+0530] {processor.py:925} INFO - DAG(s) 'dataset_alias_example_alias_producer_with_no_taskflow', 'dataset_s3_bucket_consumer_with_no_taskflow', 'dataset_alias_example_alias_consumer_with_no_taskflow', 'dataset_s3_bucket_producer_with_no_taskflow' retrieved from /home/sneha/spotify_airflow_project/venv/lib/python3.12/site-packages/airflow/example_dags/example_dataset_alias_with_no_taskflow.py
[2025-12-17T10:31:45.516+0530] {logging_mixin.py:190} INFO - [2025-12-17T10:31:45.516+0530] {dag.py:3239} INFO - Sync 4 DAGs
[2025-12-17T10:31:45.539+0530] {logging_mixin.py:190} INFO - [2025-12-17T10:31:45.539+0530] {dag.py:4180} INFO - Setting next_dagrun for dataset_alias_example_alias_consumer_with_no_taskflow to None, run_after=None
[2025-12-17T10:31:45.542+0530] {logging_mixin.py:190} INFO - [2025-12-17T10:31:45.542+0530] {dag.py:4180} INFO - Setting next_dagrun for dataset_alias_example_alias_producer_with_no_taskflow to None, run_after=None
[2025-12-17T10:31:45.544+0530] {logging_mixin.py:190} INFO - [2025-12-17T10:31:45.543+0530] {dag.py:4180} INFO - Setting next_dagrun for dataset_s3_bucket_consumer_with_no_taskflow to None, run_after=None
[2025-12-17T10:31:45.545+0530] {logging_mixin.py:190} INFO - [2025-12-17T10:31:45.544+0530] {dag.py:4180} INFO - Setting next_dagrun for dataset_s3_bucket_producer_with_no_taskflow to None, run_after=None
[2025-12-17T10:31:45.575+0530] {processor.py:208} INFO - Processing /home/sneha/spotify_airflow_project/venv/lib/python3.12/site-packages/airflow/example_dags/example_dataset_alias_with_no_taskflow.py took 0.131 seconds
[2025-12-17T10:32:44.755+0530] {processor.py:186} INFO - Started process (PID=7971) to work on /home/sneha/spotify_airflow_project/venv/lib/python3.12/site-packages/airflow/example_dags/example_dataset_alias_with_no_taskflow.py
[2025-12-17T10:32:44.756+0530] {processor.py:914} INFO - Processing file /home/sneha/spotify_airflow_project/venv/lib/python3.12/site-packages/airflow/example_dags/example_dataset_alias_with_no_taskflow.py for tasks to queue
[2025-12-17T10:32:44.759+0530] {logging_mixin.py:190} INFO - [2025-12-17T10:32:44.758+0530] {dagbag.py:588} INFO - Filling up the DagBag from /home/sneha/spotify_airflow_project/venv/lib/python3.12/site-packages/airflow/example_dags/example_dataset_alias_with_no_taskflow.py
[2025-12-17T10:32:44.783+0530] {processor.py:925} INFO - DAG(s) 'dataset_alias_example_alias_consumer_with_no_taskflow', 'dataset_alias_example_alias_producer_with_no_taskflow', 'dataset_s3_bucket_producer_with_no_taskflow', 'dataset_s3_bucket_consumer_with_no_taskflow' retrieved from /home/sneha/spotify_airflow_project/venv/lib/python3.12/site-packages/airflow/example_dags/example_dataset_alias_with_no_taskflow.py
[2025-12-17T10:32:44.805+0530] {logging_mixin.py:190} INFO - [2025-12-17T10:32:44.804+0530] {dag.py:3239} INFO - Sync 4 DAGs
[2025-12-17T10:32:44.826+0530] {logging_mixin.py:190} INFO - [2025-12-17T10:32:44.826+0530] {dag.py:4180} INFO - Setting next_dagrun for dataset_alias_example_alias_consumer_with_no_taskflow to None, run_after=None
[2025-12-17T10:32:44.828+0530] {logging_mixin.py:190} INFO - [2025-12-17T10:32:44.828+0530] {dag.py:4180} INFO - Setting next_dagrun for dataset_alias_example_alias_producer_with_no_taskflow to None, run_after=None
[2025-12-17T10:32:44.829+0530] {logging_mixin.py:190} INFO - [2025-12-17T10:32:44.829+0530] {dag.py:4180} INFO - Setting next_dagrun for dataset_s3_bucket_consumer_with_no_taskflow to None, run_after=None
[2025-12-17T10:32:44.830+0530] {logging_mixin.py:190} INFO - [2025-12-17T10:32:44.830+0530] {dag.py:4180} INFO - Setting next_dagrun for dataset_s3_bucket_producer_with_no_taskflow to None, run_after=None
[2025-12-17T10:32:44.854+0530] {processor.py:208} INFO - Processing /home/sneha/spotify_airflow_project/venv/lib/python3.12/site-packages/airflow/example_dags/example_dataset_alias_with_no_taskflow.py took 0.106 seconds
[2025-12-17T10:33:40.169+0530] {processor.py:186} INFO - Started process (PID=8375) to work on /home/sneha/spotify_airflow_project/venv/lib/python3.12/site-packages/airflow/example_dags/example_dataset_alias_with_no_taskflow.py
[2025-12-17T10:33:40.171+0530] {processor.py:914} INFO - Processing file /home/sneha/spotify_airflow_project/venv/lib/python3.12/site-packages/airflow/example_dags/example_dataset_alias_with_no_taskflow.py for tasks to queue
[2025-12-17T10:33:40.173+0530] {logging_mixin.py:190} INFO - [2025-12-17T10:33:40.172+0530] {dagbag.py:588} INFO - Filling up the DagBag from /home/sneha/spotify_airflow_project/venv/lib/python3.12/site-packages/airflow/example_dags/example_dataset_alias_with_no_taskflow.py
[2025-12-17T10:33:40.197+0530] {processor.py:925} INFO - DAG(s) 'dataset_alias_example_alias_producer_with_no_taskflow', 'dataset_s3_bucket_consumer_with_no_taskflow', 'dataset_s3_bucket_producer_with_no_taskflow', 'dataset_alias_example_alias_consumer_with_no_taskflow' retrieved from /home/sneha/spotify_airflow_project/venv/lib/python3.12/site-packages/airflow/example_dags/example_dataset_alias_with_no_taskflow.py
[2025-12-17T10:33:40.220+0530] {logging_mixin.py:190} INFO - [2025-12-17T10:33:40.220+0530] {dag.py:3239} INFO - Sync 4 DAGs
[2025-12-17T10:33:40.241+0530] {logging_mixin.py:190} INFO - [2025-12-17T10:33:40.241+0530] {dag.py:4180} INFO - Setting next_dagrun for dataset_alias_example_alias_consumer_with_no_taskflow to None, run_after=None
[2025-12-17T10:33:40.245+0530] {logging_mixin.py:190} INFO - [2025-12-17T10:33:40.245+0530] {dag.py:4180} INFO - Setting next_dagrun for dataset_alias_example_alias_producer_with_no_taskflow to None, run_after=None
[2025-12-17T10:33:40.246+0530] {logging_mixin.py:190} INFO - [2025-12-17T10:33:40.246+0530] {dag.py:4180} INFO - Setting next_dagrun for dataset_s3_bucket_consumer_with_no_taskflow to None, run_after=None
[2025-12-17T10:33:40.247+0530] {logging_mixin.py:190} INFO - [2025-12-17T10:33:40.247+0530] {dag.py:4180} INFO - Setting next_dagrun for dataset_s3_bucket_producer_with_no_taskflow to None, run_after=None
[2025-12-17T10:33:40.268+0530] {processor.py:208} INFO - Processing /home/sneha/spotify_airflow_project/venv/lib/python3.12/site-packages/airflow/example_dags/example_dataset_alias_with_no_taskflow.py took 0.106 seconds
[2025-12-17T10:34:36.956+0530] {processor.py:186} INFO - Started process (PID=8720) to work on /home/sneha/spotify_airflow_project/venv/lib/python3.12/site-packages/airflow/example_dags/example_dataset_alias_with_no_taskflow.py
[2025-12-17T10:34:36.958+0530] {processor.py:914} INFO - Processing file /home/sneha/spotify_airflow_project/venv/lib/python3.12/site-packages/airflow/example_dags/example_dataset_alias_with_no_taskflow.py for tasks to queue
[2025-12-17T10:34:36.960+0530] {logging_mixin.py:190} INFO - [2025-12-17T10:34:36.960+0530] {dagbag.py:588} INFO - Filling up the DagBag from /home/sneha/spotify_airflow_project/venv/lib/python3.12/site-packages/airflow/example_dags/example_dataset_alias_with_no_taskflow.py
[2025-12-17T10:34:36.983+0530] {processor.py:925} INFO - DAG(s) 'dataset_s3_bucket_consumer_with_no_taskflow', 'dataset_alias_example_alias_consumer_with_no_taskflow', 'dataset_alias_example_alias_producer_with_no_taskflow', 'dataset_s3_bucket_producer_with_no_taskflow' retrieved from /home/sneha/spotify_airflow_project/venv/lib/python3.12/site-packages/airflow/example_dags/example_dataset_alias_with_no_taskflow.py
[2025-12-17T10:34:37.003+0530] {logging_mixin.py:190} INFO - [2025-12-17T10:34:37.003+0530] {dag.py:3239} INFO - Sync 4 DAGs
[2025-12-17T10:34:37.023+0530] {logging_mixin.py:190} INFO - [2025-12-17T10:34:37.023+0530] {dag.py:4180} INFO - Setting next_dagrun for dataset_alias_example_alias_consumer_with_no_taskflow to None, run_after=None
[2025-12-17T10:34:37.026+0530] {logging_mixin.py:190} INFO - [2025-12-17T10:34:37.025+0530] {dag.py:4180} INFO - Setting next_dagrun for dataset_alias_example_alias_producer_with_no_taskflow to None, run_after=None
[2025-12-17T10:34:37.027+0530] {logging_mixin.py:190} INFO - [2025-12-17T10:34:37.026+0530] {dag.py:4180} INFO - Setting next_dagrun for dataset_s3_bucket_consumer_with_no_taskflow to None, run_after=None
[2025-12-17T10:34:37.027+0530] {logging_mixin.py:190} INFO - [2025-12-17T10:34:37.027+0530] {dag.py:4180} INFO - Setting next_dagrun for dataset_s3_bucket_producer_with_no_taskflow to None, run_after=None
[2025-12-17T10:34:37.051+0530] {processor.py:208} INFO - Processing /home/sneha/spotify_airflow_project/venv/lib/python3.12/site-packages/airflow/example_dags/example_dataset_alias_with_no_taskflow.py took 0.102 seconds
[2025-12-17T10:35:57.212+0530] {processor.py:186} INFO - Started process (PID=9613) to work on /home/sneha/spotify_airflow_project/venv/lib/python3.12/site-packages/airflow/example_dags/example_dataset_alias_with_no_taskflow.py
[2025-12-17T10:35:57.213+0530] {processor.py:914} INFO - Processing file /home/sneha/spotify_airflow_project/venv/lib/python3.12/site-packages/airflow/example_dags/example_dataset_alias_with_no_taskflow.py for tasks to queue
[2025-12-17T10:35:57.215+0530] {logging_mixin.py:190} INFO - [2025-12-17T10:35:57.214+0530] {dagbag.py:588} INFO - Filling up the DagBag from /home/sneha/spotify_airflow_project/venv/lib/python3.12/site-packages/airflow/example_dags/example_dataset_alias_with_no_taskflow.py
[2025-12-17T10:35:57.238+0530] {processor.py:925} INFO - DAG(s) 'dataset_alias_example_alias_producer_with_no_taskflow', 'dataset_alias_example_alias_consumer_with_no_taskflow', 'dataset_s3_bucket_producer_with_no_taskflow', 'dataset_s3_bucket_consumer_with_no_taskflow' retrieved from /home/sneha/spotify_airflow_project/venv/lib/python3.12/site-packages/airflow/example_dags/example_dataset_alias_with_no_taskflow.py
[2025-12-17T10:35:57.382+0530] {logging_mixin.py:190} INFO - [2025-12-17T10:35:57.382+0530] {dag.py:3239} INFO - Sync 4 DAGs
[2025-12-17T10:35:57.400+0530] {logging_mixin.py:190} INFO - [2025-12-17T10:35:57.399+0530] {dag.py:4180} INFO - Setting next_dagrun for dataset_alias_example_alias_consumer_with_no_taskflow to None, run_after=None
[2025-12-17T10:35:57.402+0530] {logging_mixin.py:190} INFO - [2025-12-17T10:35:57.401+0530] {dag.py:4180} INFO - Setting next_dagrun for dataset_alias_example_alias_producer_with_no_taskflow to None, run_after=None
[2025-12-17T10:35:57.402+0530] {logging_mixin.py:190} INFO - [2025-12-17T10:35:57.402+0530] {dag.py:4180} INFO - Setting next_dagrun for dataset_s3_bucket_consumer_with_no_taskflow to None, run_after=None
[2025-12-17T10:35:57.403+0530] {logging_mixin.py:190} INFO - [2025-12-17T10:35:57.403+0530] {dag.py:4180} INFO - Setting next_dagrun for dataset_s3_bucket_producer_with_no_taskflow to None, run_after=None
[2025-12-17T10:35:57.423+0530] {processor.py:208} INFO - Processing /home/sneha/spotify_airflow_project/venv/lib/python3.12/site-packages/airflow/example_dags/example_dataset_alias_with_no_taskflow.py took 0.218 seconds
[2025-12-17T10:37:01.176+0530] {processor.py:186} INFO - Started process (PID=10053) to work on /home/sneha/spotify_airflow_project/venv/lib/python3.12/site-packages/airflow/example_dags/example_dataset_alias_with_no_taskflow.py
[2025-12-17T10:37:01.178+0530] {processor.py:914} INFO - Processing file /home/sneha/spotify_airflow_project/venv/lib/python3.12/site-packages/airflow/example_dags/example_dataset_alias_with_no_taskflow.py for tasks to queue
[2025-12-17T10:37:01.181+0530] {logging_mixin.py:190} INFO - [2025-12-17T10:37:01.181+0530] {dagbag.py:588} INFO - Filling up the DagBag from /home/sneha/spotify_airflow_project/venv/lib/python3.12/site-packages/airflow/example_dags/example_dataset_alias_with_no_taskflow.py
[2025-12-17T10:37:01.204+0530] {processor.py:925} INFO - DAG(s) 'dataset_alias_example_alias_producer_with_no_taskflow', 'dataset_s3_bucket_producer_with_no_taskflow', 'dataset_alias_example_alias_consumer_with_no_taskflow', 'dataset_s3_bucket_consumer_with_no_taskflow' retrieved from /home/sneha/spotify_airflow_project/venv/lib/python3.12/site-packages/airflow/example_dags/example_dataset_alias_with_no_taskflow.py
[2025-12-17T10:37:01.226+0530] {logging_mixin.py:190} INFO - [2025-12-17T10:37:01.225+0530] {dag.py:3239} INFO - Sync 4 DAGs
[2025-12-17T10:37:01.247+0530] {logging_mixin.py:190} INFO - [2025-12-17T10:37:01.247+0530] {dag.py:4180} INFO - Setting next_dagrun for dataset_alias_example_alias_consumer_with_no_taskflow to None, run_after=None
[2025-12-17T10:37:01.249+0530] {logging_mixin.py:190} INFO - [2025-12-17T10:37:01.249+0530] {dag.py:4180} INFO - Setting next_dagrun for dataset_alias_example_alias_producer_with_no_taskflow to None, run_after=None
[2025-12-17T10:37:01.250+0530] {logging_mixin.py:190} INFO - [2025-12-17T10:37:01.250+0530] {dag.py:4180} INFO - Setting next_dagrun for dataset_s3_bucket_consumer_with_no_taskflow to None, run_after=None
[2025-12-17T10:37:01.251+0530] {logging_mixin.py:190} INFO - [2025-12-17T10:37:01.251+0530] {dag.py:4180} INFO - Setting next_dagrun for dataset_s3_bucket_producer_with_no_taskflow to None, run_after=None
[2025-12-17T10:37:01.274+0530] {processor.py:208} INFO - Processing /home/sneha/spotify_airflow_project/venv/lib/python3.12/site-packages/airflow/example_dags/example_dataset_alias_with_no_taskflow.py took 0.105 seconds
[2025-12-17T10:37:57.049+0530] {processor.py:186} INFO - Started process (PID=10456) to work on /home/sneha/spotify_airflow_project/venv/lib/python3.12/site-packages/airflow/example_dags/example_dataset_alias_with_no_taskflow.py
[2025-12-17T10:37:57.050+0530] {processor.py:914} INFO - Processing file /home/sneha/spotify_airflow_project/venv/lib/python3.12/site-packages/airflow/example_dags/example_dataset_alias_with_no_taskflow.py for tasks to queue
[2025-12-17T10:37:57.052+0530] {logging_mixin.py:190} INFO - [2025-12-17T10:37:57.051+0530] {dagbag.py:588} INFO - Filling up the DagBag from /home/sneha/spotify_airflow_project/venv/lib/python3.12/site-packages/airflow/example_dags/example_dataset_alias_with_no_taskflow.py
[2025-12-17T10:37:57.076+0530] {processor.py:925} INFO - DAG(s) 'dataset_alias_example_alias_producer_with_no_taskflow', 'dataset_s3_bucket_consumer_with_no_taskflow', 'dataset_alias_example_alias_consumer_with_no_taskflow', 'dataset_s3_bucket_producer_with_no_taskflow' retrieved from /home/sneha/spotify_airflow_project/venv/lib/python3.12/site-packages/airflow/example_dags/example_dataset_alias_with_no_taskflow.py
[2025-12-17T10:37:57.097+0530] {logging_mixin.py:190} INFO - [2025-12-17T10:37:57.097+0530] {dag.py:3239} INFO - Sync 4 DAGs
[2025-12-17T10:37:57.117+0530] {logging_mixin.py:190} INFO - [2025-12-17T10:37:57.117+0530] {dag.py:4180} INFO - Setting next_dagrun for dataset_alias_example_alias_consumer_with_no_taskflow to None, run_after=None
[2025-12-17T10:37:57.121+0530] {logging_mixin.py:190} INFO - [2025-12-17T10:37:57.121+0530] {dag.py:4180} INFO - Setting next_dagrun for dataset_alias_example_alias_producer_with_no_taskflow to None, run_after=None
[2025-12-17T10:37:57.122+0530] {logging_mixin.py:190} INFO - [2025-12-17T10:37:57.122+0530] {dag.py:4180} INFO - Setting next_dagrun for dataset_s3_bucket_consumer_with_no_taskflow to None, run_after=None
[2025-12-17T10:37:57.123+0530] {logging_mixin.py:190} INFO - [2025-12-17T10:37:57.123+0530] {dag.py:4180} INFO - Setting next_dagrun for dataset_s3_bucket_producer_with_no_taskflow to None, run_after=None
[2025-12-17T10:37:57.145+0530] {processor.py:208} INFO - Processing /home/sneha/spotify_airflow_project/venv/lib/python3.12/site-packages/airflow/example_dags/example_dataset_alias_with_no_taskflow.py took 0.102 seconds
[2025-12-17T10:38:56.614+0530] {processor.py:186} INFO - Started process (PID=10862) to work on /home/sneha/spotify_airflow_project/venv/lib/python3.12/site-packages/airflow/example_dags/example_dataset_alias_with_no_taskflow.py
[2025-12-17T10:38:56.615+0530] {processor.py:914} INFO - Processing file /home/sneha/spotify_airflow_project/venv/lib/python3.12/site-packages/airflow/example_dags/example_dataset_alias_with_no_taskflow.py for tasks to queue
[2025-12-17T10:38:56.619+0530] {logging_mixin.py:190} INFO - [2025-12-17T10:38:56.618+0530] {dagbag.py:588} INFO - Filling up the DagBag from /home/sneha/spotify_airflow_project/venv/lib/python3.12/site-packages/airflow/example_dags/example_dataset_alias_with_no_taskflow.py
[2025-12-17T10:38:56.643+0530] {processor.py:925} INFO - DAG(s) 'dataset_s3_bucket_producer_with_no_taskflow', 'dataset_alias_example_alias_producer_with_no_taskflow', 'dataset_s3_bucket_consumer_with_no_taskflow', 'dataset_alias_example_alias_consumer_with_no_taskflow' retrieved from /home/sneha/spotify_airflow_project/venv/lib/python3.12/site-packages/airflow/example_dags/example_dataset_alias_with_no_taskflow.py
[2025-12-17T10:38:56.664+0530] {logging_mixin.py:190} INFO - [2025-12-17T10:38:56.664+0530] {dag.py:3239} INFO - Sync 4 DAGs
[2025-12-17T10:38:56.684+0530] {logging_mixin.py:190} INFO - [2025-12-17T10:38:56.684+0530] {dag.py:4180} INFO - Setting next_dagrun for dataset_alias_example_alias_consumer_with_no_taskflow to None, run_after=None
[2025-12-17T10:38:56.687+0530] {logging_mixin.py:190} INFO - [2025-12-17T10:38:56.687+0530] {dag.py:4180} INFO - Setting next_dagrun for dataset_alias_example_alias_producer_with_no_taskflow to None, run_after=None
[2025-12-17T10:38:56.688+0530] {logging_mixin.py:190} INFO - [2025-12-17T10:38:56.688+0530] {dag.py:4180} INFO - Setting next_dagrun for dataset_s3_bucket_consumer_with_no_taskflow to None, run_after=None
[2025-12-17T10:38:56.688+0530] {logging_mixin.py:190} INFO - [2025-12-17T10:38:56.688+0530] {dag.py:4180} INFO - Setting next_dagrun for dataset_s3_bucket_producer_with_no_taskflow to None, run_after=None
[2025-12-17T10:38:56.710+0530] {processor.py:208} INFO - Processing /home/sneha/spotify_airflow_project/venv/lib/python3.12/site-packages/airflow/example_dags/example_dataset_alias_with_no_taskflow.py took 0.104 seconds
[2025-12-17T10:39:54.098+0530] {processor.py:186} INFO - Started process (PID=11294) to work on /home/sneha/spotify_airflow_project/venv/lib/python3.12/site-packages/airflow/example_dags/example_dataset_alias_with_no_taskflow.py
[2025-12-17T10:39:54.099+0530] {processor.py:914} INFO - Processing file /home/sneha/spotify_airflow_project/venv/lib/python3.12/site-packages/airflow/example_dags/example_dataset_alias_with_no_taskflow.py for tasks to queue
[2025-12-17T10:39:54.101+0530] {logging_mixin.py:190} INFO - [2025-12-17T10:39:54.101+0530] {dagbag.py:588} INFO - Filling up the DagBag from /home/sneha/spotify_airflow_project/venv/lib/python3.12/site-packages/airflow/example_dags/example_dataset_alias_with_no_taskflow.py
[2025-12-17T10:39:54.125+0530] {processor.py:925} INFO - DAG(s) 'dataset_alias_example_alias_consumer_with_no_taskflow', 'dataset_s3_bucket_consumer_with_no_taskflow', 'dataset_s3_bucket_producer_with_no_taskflow', 'dataset_alias_example_alias_producer_with_no_taskflow' retrieved from /home/sneha/spotify_airflow_project/venv/lib/python3.12/site-packages/airflow/example_dags/example_dataset_alias_with_no_taskflow.py
[2025-12-17T10:39:54.147+0530] {logging_mixin.py:190} INFO - [2025-12-17T10:39:54.147+0530] {dag.py:3239} INFO - Sync 4 DAGs
[2025-12-17T10:39:54.167+0530] {logging_mixin.py:190} INFO - [2025-12-17T10:39:54.167+0530] {dag.py:4180} INFO - Setting next_dagrun for dataset_alias_example_alias_consumer_with_no_taskflow to None, run_after=None
[2025-12-17T10:39:54.169+0530] {logging_mixin.py:190} INFO - [2025-12-17T10:39:54.169+0530] {dag.py:4180} INFO - Setting next_dagrun for dataset_alias_example_alias_producer_with_no_taskflow to None, run_after=None
[2025-12-17T10:39:54.170+0530] {logging_mixin.py:190} INFO - [2025-12-17T10:39:54.170+0530] {dag.py:4180} INFO - Setting next_dagrun for dataset_s3_bucket_consumer_with_no_taskflow to None, run_after=None
[2025-12-17T10:39:54.171+0530] {logging_mixin.py:190} INFO - [2025-12-17T10:39:54.171+0530] {dag.py:4180} INFO - Setting next_dagrun for dataset_s3_bucket_producer_with_no_taskflow to None, run_after=None
[2025-12-17T10:39:54.193+0530] {processor.py:208} INFO - Processing /home/sneha/spotify_airflow_project/venv/lib/python3.12/site-packages/airflow/example_dags/example_dataset_alias_with_no_taskflow.py took 0.103 seconds
[2025-12-17T10:40:53.126+0530] {processor.py:186} INFO - Started process (PID=11744) to work on /home/sneha/spotify_airflow_project/venv/lib/python3.12/site-packages/airflow/example_dags/example_dataset_alias_with_no_taskflow.py
[2025-12-17T10:40:53.137+0530] {processor.py:914} INFO - Processing file /home/sneha/spotify_airflow_project/venv/lib/python3.12/site-packages/airflow/example_dags/example_dataset_alias_with_no_taskflow.py for tasks to queue
[2025-12-17T10:40:53.140+0530] {logging_mixin.py:190} INFO - [2025-12-17T10:40:53.139+0530] {dagbag.py:588} INFO - Filling up the DagBag from /home/sneha/spotify_airflow_project/venv/lib/python3.12/site-packages/airflow/example_dags/example_dataset_alias_with_no_taskflow.py
[2025-12-17T10:40:53.163+0530] {processor.py:925} INFO - DAG(s) 'dataset_s3_bucket_producer_with_no_taskflow', 'dataset_alias_example_alias_consumer_with_no_taskflow', 'dataset_s3_bucket_consumer_with_no_taskflow', 'dataset_alias_example_alias_producer_with_no_taskflow' retrieved from /home/sneha/spotify_airflow_project/venv/lib/python3.12/site-packages/airflow/example_dags/example_dataset_alias_with_no_taskflow.py
[2025-12-17T10:40:53.183+0530] {logging_mixin.py:190} INFO - [2025-12-17T10:40:53.182+0530] {dag.py:3239} INFO - Sync 4 DAGs
[2025-12-17T10:40:53.203+0530] {logging_mixin.py:190} INFO - [2025-12-17T10:40:53.202+0530] {dag.py:4180} INFO - Setting next_dagrun for dataset_alias_example_alias_consumer_with_no_taskflow to None, run_after=None
[2025-12-17T10:40:53.205+0530] {logging_mixin.py:190} INFO - [2025-12-17T10:40:53.204+0530] {dag.py:4180} INFO - Setting next_dagrun for dataset_alias_example_alias_producer_with_no_taskflow to None, run_after=None
[2025-12-17T10:40:53.206+0530] {logging_mixin.py:190} INFO - [2025-12-17T10:40:53.205+0530] {dag.py:4180} INFO - Setting next_dagrun for dataset_s3_bucket_consumer_with_no_taskflow to None, run_after=None
[2025-12-17T10:40:53.206+0530] {logging_mixin.py:190} INFO - [2025-12-17T10:40:53.206+0530] {dag.py:4180} INFO - Setting next_dagrun for dataset_s3_bucket_producer_with_no_taskflow to None, run_after=None
[2025-12-17T10:40:53.227+0530] {processor.py:208} INFO - Processing /home/sneha/spotify_airflow_project/venv/lib/python3.12/site-packages/airflow/example_dags/example_dataset_alias_with_no_taskflow.py took 0.110 seconds
[2025-12-17T10:41:46.599+0530] {processor.py:186} INFO - Started process (PID=11802) to work on /home/sneha/spotify_airflow_project/venv/lib/python3.12/site-packages/airflow/example_dags/example_dataset_alias_with_no_taskflow.py
[2025-12-17T10:41:46.600+0530] {processor.py:914} INFO - Processing file /home/sneha/spotify_airflow_project/venv/lib/python3.12/site-packages/airflow/example_dags/example_dataset_alias_with_no_taskflow.py for tasks to queue
[2025-12-17T10:41:46.602+0530] {logging_mixin.py:190} INFO - [2025-12-17T10:41:46.602+0530] {dagbag.py:588} INFO - Filling up the DagBag from /home/sneha/spotify_airflow_project/venv/lib/python3.12/site-packages/airflow/example_dags/example_dataset_alias_with_no_taskflow.py
[2025-12-17T10:41:46.625+0530] {processor.py:925} INFO - DAG(s) 'dataset_alias_example_alias_producer_with_no_taskflow', 'dataset_s3_bucket_producer_with_no_taskflow', 'dataset_alias_example_alias_consumer_with_no_taskflow', 'dataset_s3_bucket_consumer_with_no_taskflow' retrieved from /home/sneha/spotify_airflow_project/venv/lib/python3.12/site-packages/airflow/example_dags/example_dataset_alias_with_no_taskflow.py
[2025-12-17T10:41:46.645+0530] {logging_mixin.py:190} INFO - [2025-12-17T10:41:46.644+0530] {dag.py:3239} INFO - Sync 4 DAGs
[2025-12-17T10:41:46.665+0530] {logging_mixin.py:190} INFO - [2025-12-17T10:41:46.665+0530] {dag.py:4180} INFO - Setting next_dagrun for dataset_alias_example_alias_consumer_with_no_taskflow to None, run_after=None
[2025-12-17T10:41:46.667+0530] {logging_mixin.py:190} INFO - [2025-12-17T10:41:46.667+0530] {dag.py:4180} INFO - Setting next_dagrun for dataset_alias_example_alias_producer_with_no_taskflow to None, run_after=None
[2025-12-17T10:41:46.668+0530] {logging_mixin.py:190} INFO - [2025-12-17T10:41:46.668+0530] {dag.py:4180} INFO - Setting next_dagrun for dataset_s3_bucket_consumer_with_no_taskflow to None, run_after=None
[2025-12-17T10:41:46.669+0530] {logging_mixin.py:190} INFO - [2025-12-17T10:41:46.669+0530] {dag.py:4180} INFO - Setting next_dagrun for dataset_s3_bucket_producer_with_no_taskflow to None, run_after=None
[2025-12-17T10:41:46.689+0530] {processor.py:208} INFO - Processing /home/sneha/spotify_airflow_project/venv/lib/python3.12/site-packages/airflow/example_dags/example_dataset_alias_with_no_taskflow.py took 0.101 seconds
[2025-12-17T10:42:41.849+0530] {processor.py:186} INFO - Started process (PID=12111) to work on /home/sneha/spotify_airflow_project/venv/lib/python3.12/site-packages/airflow/example_dags/example_dataset_alias_with_no_taskflow.py
[2025-12-17T10:42:41.851+0530] {processor.py:914} INFO - Processing file /home/sneha/spotify_airflow_project/venv/lib/python3.12/site-packages/airflow/example_dags/example_dataset_alias_with_no_taskflow.py for tasks to queue
[2025-12-17T10:42:41.855+0530] {logging_mixin.py:190} INFO - [2025-12-17T10:42:41.854+0530] {dagbag.py:588} INFO - Filling up the DagBag from /home/sneha/spotify_airflow_project/venv/lib/python3.12/site-packages/airflow/example_dags/example_dataset_alias_with_no_taskflow.py
[2025-12-17T10:42:41.891+0530] {processor.py:925} INFO - DAG(s) 'dataset_alias_example_alias_consumer_with_no_taskflow', 'dataset_s3_bucket_producer_with_no_taskflow', 'dataset_alias_example_alias_producer_with_no_taskflow', 'dataset_s3_bucket_consumer_with_no_taskflow' retrieved from /home/sneha/spotify_airflow_project/venv/lib/python3.12/site-packages/airflow/example_dags/example_dataset_alias_with_no_taskflow.py
[2025-12-17T10:42:41.921+0530] {logging_mixin.py:190} INFO - [2025-12-17T10:42:41.921+0530] {dag.py:3239} INFO - Sync 4 DAGs
[2025-12-17T10:42:41.951+0530] {logging_mixin.py:190} INFO - [2025-12-17T10:42:41.950+0530] {dag.py:4180} INFO - Setting next_dagrun for dataset_alias_example_alias_consumer_with_no_taskflow to None, run_after=None
[2025-12-17T10:42:41.954+0530] {logging_mixin.py:190} INFO - [2025-12-17T10:42:41.953+0530] {dag.py:4180} INFO - Setting next_dagrun for dataset_alias_example_alias_producer_with_no_taskflow to None, run_after=None
[2025-12-17T10:42:41.955+0530] {logging_mixin.py:190} INFO - [2025-12-17T10:42:41.955+0530] {dag.py:4180} INFO - Setting next_dagrun for dataset_s3_bucket_consumer_with_no_taskflow to None, run_after=None
[2025-12-17T10:42:41.957+0530] {logging_mixin.py:190} INFO - [2025-12-17T10:42:41.957+0530] {dag.py:4180} INFO - Setting next_dagrun for dataset_s3_bucket_producer_with_no_taskflow to None, run_after=None
[2025-12-17T10:42:41.984+0530] {processor.py:208} INFO - Processing /home/sneha/spotify_airflow_project/venv/lib/python3.12/site-packages/airflow/example_dags/example_dataset_alias_with_no_taskflow.py took 0.146 seconds
[2025-12-17T10:43:39.966+0530] {processor.py:186} INFO - Started process (PID=12222) to work on /home/sneha/spotify_airflow_project/venv/lib/python3.12/site-packages/airflow/example_dags/example_dataset_alias_with_no_taskflow.py
[2025-12-17T10:43:39.977+0530] {processor.py:914} INFO - Processing file /home/sneha/spotify_airflow_project/venv/lib/python3.12/site-packages/airflow/example_dags/example_dataset_alias_with_no_taskflow.py for tasks to queue
[2025-12-17T10:43:39.980+0530] {logging_mixin.py:190} INFO - [2025-12-17T10:43:39.979+0530] {dagbag.py:588} INFO - Filling up the DagBag from /home/sneha/spotify_airflow_project/venv/lib/python3.12/site-packages/airflow/example_dags/example_dataset_alias_with_no_taskflow.py
[2025-12-17T10:43:40.002+0530] {processor.py:925} INFO - DAG(s) 'dataset_s3_bucket_consumer_with_no_taskflow', 'dataset_alias_example_alias_producer_with_no_taskflow', 'dataset_alias_example_alias_consumer_with_no_taskflow', 'dataset_s3_bucket_producer_with_no_taskflow' retrieved from /home/sneha/spotify_airflow_project/venv/lib/python3.12/site-packages/airflow/example_dags/example_dataset_alias_with_no_taskflow.py
[2025-12-17T10:43:40.021+0530] {logging_mixin.py:190} INFO - [2025-12-17T10:43:40.021+0530] {dag.py:3239} INFO - Sync 4 DAGs
[2025-12-17T10:43:40.038+0530] {logging_mixin.py:190} INFO - [2025-12-17T10:43:40.038+0530] {dag.py:4180} INFO - Setting next_dagrun for dataset_alias_example_alias_consumer_with_no_taskflow to None, run_after=None
[2025-12-17T10:43:40.040+0530] {logging_mixin.py:190} INFO - [2025-12-17T10:43:40.040+0530] {dag.py:4180} INFO - Setting next_dagrun for dataset_alias_example_alias_producer_with_no_taskflow to None, run_after=None
[2025-12-17T10:43:40.041+0530] {logging_mixin.py:190} INFO - [2025-12-17T10:43:40.041+0530] {dag.py:4180} INFO - Setting next_dagrun for dataset_s3_bucket_consumer_with_no_taskflow to None, run_after=None
[2025-12-17T10:43:40.042+0530] {logging_mixin.py:190} INFO - [2025-12-17T10:43:40.042+0530] {dag.py:4180} INFO - Setting next_dagrun for dataset_s3_bucket_producer_with_no_taskflow to None, run_after=None
[2025-12-17T10:43:40.061+0530] {processor.py:208} INFO - Processing /home/sneha/spotify_airflow_project/venv/lib/python3.12/site-packages/airflow/example_dags/example_dataset_alias_with_no_taskflow.py took 0.106 seconds
[2025-12-17T10:44:35.383+0530] {processor.py:186} INFO - Started process (PID=12281) to work on /home/sneha/spotify_airflow_project/venv/lib/python3.12/site-packages/airflow/example_dags/example_dataset_alias_with_no_taskflow.py
[2025-12-17T10:44:35.384+0530] {processor.py:914} INFO - Processing file /home/sneha/spotify_airflow_project/venv/lib/python3.12/site-packages/airflow/example_dags/example_dataset_alias_with_no_taskflow.py for tasks to queue
[2025-12-17T10:44:35.386+0530] {logging_mixin.py:190} INFO - [2025-12-17T10:44:35.386+0530] {dagbag.py:588} INFO - Filling up the DagBag from /home/sneha/spotify_airflow_project/venv/lib/python3.12/site-packages/airflow/example_dags/example_dataset_alias_with_no_taskflow.py
[2025-12-17T10:44:35.409+0530] {processor.py:925} INFO - DAG(s) 'dataset_s3_bucket_consumer_with_no_taskflow', 'dataset_alias_example_alias_producer_with_no_taskflow', 'dataset_alias_example_alias_consumer_with_no_taskflow', 'dataset_s3_bucket_producer_with_no_taskflow' retrieved from /home/sneha/spotify_airflow_project/venv/lib/python3.12/site-packages/airflow/example_dags/example_dataset_alias_with_no_taskflow.py
[2025-12-17T10:44:35.430+0530] {logging_mixin.py:190} INFO - [2025-12-17T10:44:35.430+0530] {dag.py:3239} INFO - Sync 4 DAGs
[2025-12-17T10:44:35.450+0530] {logging_mixin.py:190} INFO - [2025-12-17T10:44:35.450+0530] {dag.py:4180} INFO - Setting next_dagrun for dataset_alias_example_alias_consumer_with_no_taskflow to None, run_after=None
[2025-12-17T10:44:35.452+0530] {logging_mixin.py:190} INFO - [2025-12-17T10:44:35.452+0530] {dag.py:4180} INFO - Setting next_dagrun for dataset_alias_example_alias_producer_with_no_taskflow to None, run_after=None
[2025-12-17T10:44:35.453+0530] {logging_mixin.py:190} INFO - [2025-12-17T10:44:35.453+0530] {dag.py:4180} INFO - Setting next_dagrun for dataset_s3_bucket_consumer_with_no_taskflow to None, run_after=None
[2025-12-17T10:44:35.454+0530] {logging_mixin.py:190} INFO - [2025-12-17T10:44:35.454+0530] {dag.py:4180} INFO - Setting next_dagrun for dataset_s3_bucket_producer_with_no_taskflow to None, run_after=None
[2025-12-17T10:44:35.475+0530] {processor.py:208} INFO - Processing /home/sneha/spotify_airflow_project/venv/lib/python3.12/site-packages/airflow/example_dags/example_dataset_alias_with_no_taskflow.py took 0.103 seconds
[2025-12-17T10:45:28.815+0530] {processor.py:186} INFO - Started process (PID=12397) to work on /home/sneha/spotify_airflow_project/venv/lib/python3.12/site-packages/airflow/example_dags/example_dataset_alias_with_no_taskflow.py
[2025-12-17T10:45:28.816+0530] {processor.py:914} INFO - Processing file /home/sneha/spotify_airflow_project/venv/lib/python3.12/site-packages/airflow/example_dags/example_dataset_alias_with_no_taskflow.py for tasks to queue
[2025-12-17T10:45:28.819+0530] {logging_mixin.py:190} INFO - [2025-12-17T10:45:28.819+0530] {dagbag.py:588} INFO - Filling up the DagBag from /home/sneha/spotify_airflow_project/venv/lib/python3.12/site-packages/airflow/example_dags/example_dataset_alias_with_no_taskflow.py
[2025-12-17T10:45:28.846+0530] {processor.py:925} INFO - DAG(s) 'dataset_alias_example_alias_consumer_with_no_taskflow', 'dataset_s3_bucket_consumer_with_no_taskflow', 'dataset_s3_bucket_producer_with_no_taskflow', 'dataset_alias_example_alias_producer_with_no_taskflow' retrieved from /home/sneha/spotify_airflow_project/venv/lib/python3.12/site-packages/airflow/example_dags/example_dataset_alias_with_no_taskflow.py
[2025-12-17T10:45:28.869+0530] {logging_mixin.py:190} INFO - [2025-12-17T10:45:28.868+0530] {dag.py:3239} INFO - Sync 4 DAGs
[2025-12-17T10:45:28.890+0530] {logging_mixin.py:190} INFO - [2025-12-17T10:45:28.890+0530] {dag.py:4180} INFO - Setting next_dagrun for dataset_alias_example_alias_consumer_with_no_taskflow to None, run_after=None
[2025-12-17T10:45:28.892+0530] {logging_mixin.py:190} INFO - [2025-12-17T10:45:28.892+0530] {dag.py:4180} INFO - Setting next_dagrun for dataset_alias_example_alias_producer_with_no_taskflow to None, run_after=None
[2025-12-17T10:45:28.893+0530] {logging_mixin.py:190} INFO - [2025-12-17T10:45:28.893+0530] {dag.py:4180} INFO - Setting next_dagrun for dataset_s3_bucket_consumer_with_no_taskflow to None, run_after=None
[2025-12-17T10:45:28.895+0530] {logging_mixin.py:190} INFO - [2025-12-17T10:45:28.895+0530] {dag.py:4180} INFO - Setting next_dagrun for dataset_s3_bucket_producer_with_no_taskflow to None, run_after=None
[2025-12-17T10:45:28.921+0530] {processor.py:208} INFO - Processing /home/sneha/spotify_airflow_project/venv/lib/python3.12/site-packages/airflow/example_dags/example_dataset_alias_with_no_taskflow.py took 0.113 seconds
[2025-12-17T10:46:23.225+0530] {processor.py:186} INFO - Started process (PID=12504) to work on /home/sneha/spotify_airflow_project/venv/lib/python3.12/site-packages/airflow/example_dags/example_dataset_alias_with_no_taskflow.py
[2025-12-17T10:46:23.236+0530] {processor.py:914} INFO - Processing file /home/sneha/spotify_airflow_project/venv/lib/python3.12/site-packages/airflow/example_dags/example_dataset_alias_with_no_taskflow.py for tasks to queue
[2025-12-17T10:46:23.239+0530] {logging_mixin.py:190} INFO - [2025-12-17T10:46:23.238+0530] {dagbag.py:588} INFO - Filling up the DagBag from /home/sneha/spotify_airflow_project/venv/lib/python3.12/site-packages/airflow/example_dags/example_dataset_alias_with_no_taskflow.py
[2025-12-17T10:46:23.261+0530] {processor.py:925} INFO - DAG(s) 'dataset_alias_example_alias_consumer_with_no_taskflow', 'dataset_alias_example_alias_producer_with_no_taskflow', 'dataset_s3_bucket_consumer_with_no_taskflow', 'dataset_s3_bucket_producer_with_no_taskflow' retrieved from /home/sneha/spotify_airflow_project/venv/lib/python3.12/site-packages/airflow/example_dags/example_dataset_alias_with_no_taskflow.py
[2025-12-17T10:46:23.286+0530] {logging_mixin.py:190} INFO - [2025-12-17T10:46:23.286+0530] {dag.py:3239} INFO - Sync 4 DAGs
[2025-12-17T10:46:23.306+0530] {logging_mixin.py:190} INFO - [2025-12-17T10:46:23.306+0530] {dag.py:4180} INFO - Setting next_dagrun for dataset_alias_example_alias_consumer_with_no_taskflow to None, run_after=None
[2025-12-17T10:46:23.308+0530] {logging_mixin.py:190} INFO - [2025-12-17T10:46:23.308+0530] {dag.py:4180} INFO - Setting next_dagrun for dataset_alias_example_alias_producer_with_no_taskflow to None, run_after=None
[2025-12-17T10:46:23.309+0530] {logging_mixin.py:190} INFO - [2025-12-17T10:46:23.309+0530] {dag.py:4180} INFO - Setting next_dagrun for dataset_s3_bucket_consumer_with_no_taskflow to None, run_after=None
[2025-12-17T10:46:23.310+0530] {logging_mixin.py:190} INFO - [2025-12-17T10:46:23.310+0530] {dag.py:4180} INFO - Setting next_dagrun for dataset_s3_bucket_producer_with_no_taskflow to None, run_after=None
[2025-12-17T10:46:23.331+0530] {processor.py:208} INFO - Processing /home/sneha/spotify_airflow_project/venv/lib/python3.12/site-packages/airflow/example_dags/example_dataset_alias_with_no_taskflow.py took 0.117 seconds
[2025-12-17T10:47:20.368+0530] {processor.py:186} INFO - Started process (PID=12743) to work on /home/sneha/spotify_airflow_project/venv/lib/python3.12/site-packages/airflow/example_dags/example_dataset_alias_with_no_taskflow.py
[2025-12-17T10:47:20.369+0530] {processor.py:914} INFO - Processing file /home/sneha/spotify_airflow_project/venv/lib/python3.12/site-packages/airflow/example_dags/example_dataset_alias_with_no_taskflow.py for tasks to queue
[2025-12-17T10:47:20.371+0530] {logging_mixin.py:190} INFO - [2025-12-17T10:47:20.371+0530] {dagbag.py:588} INFO - Filling up the DagBag from /home/sneha/spotify_airflow_project/venv/lib/python3.12/site-packages/airflow/example_dags/example_dataset_alias_with_no_taskflow.py
[2025-12-17T10:47:20.394+0530] {processor.py:925} INFO - DAG(s) 'dataset_alias_example_alias_consumer_with_no_taskflow', 'dataset_s3_bucket_producer_with_no_taskflow', 'dataset_alias_example_alias_producer_with_no_taskflow', 'dataset_s3_bucket_consumer_with_no_taskflow' retrieved from /home/sneha/spotify_airflow_project/venv/lib/python3.12/site-packages/airflow/example_dags/example_dataset_alias_with_no_taskflow.py
[2025-12-17T10:47:20.415+0530] {logging_mixin.py:190} INFO - [2025-12-17T10:47:20.414+0530] {dag.py:3239} INFO - Sync 4 DAGs
[2025-12-17T10:47:20.435+0530] {logging_mixin.py:190} INFO - [2025-12-17T10:47:20.435+0530] {dag.py:4180} INFO - Setting next_dagrun for dataset_alias_example_alias_consumer_with_no_taskflow to None, run_after=None
[2025-12-17T10:47:20.437+0530] {logging_mixin.py:190} INFO - [2025-12-17T10:47:20.437+0530] {dag.py:4180} INFO - Setting next_dagrun for dataset_alias_example_alias_producer_with_no_taskflow to None, run_after=None
[2025-12-17T10:47:20.439+0530] {logging_mixin.py:190} INFO - [2025-12-17T10:47:20.438+0530] {dag.py:4180} INFO - Setting next_dagrun for dataset_s3_bucket_consumer_with_no_taskflow to None, run_after=None
[2025-12-17T10:47:20.439+0530] {logging_mixin.py:190} INFO - [2025-12-17T10:47:20.439+0530] {dag.py:4180} INFO - Setting next_dagrun for dataset_s3_bucket_producer_with_no_taskflow to None, run_after=None
[2025-12-17T10:47:20.460+0530] {processor.py:208} INFO - Processing /home/sneha/spotify_airflow_project/venv/lib/python3.12/site-packages/airflow/example_dags/example_dataset_alias_with_no_taskflow.py took 0.102 seconds
[2025-12-17T10:48:15.229+0530] {processor.py:186} INFO - Started process (PID=12803) to work on /home/sneha/spotify_airflow_project/venv/lib/python3.12/site-packages/airflow/example_dags/example_dataset_alias_with_no_taskflow.py
[2025-12-17T10:48:15.231+0530] {processor.py:914} INFO - Processing file /home/sneha/spotify_airflow_project/venv/lib/python3.12/site-packages/airflow/example_dags/example_dataset_alias_with_no_taskflow.py for tasks to queue
[2025-12-17T10:48:15.233+0530] {logging_mixin.py:190} INFO - [2025-12-17T10:48:15.233+0530] {dagbag.py:588} INFO - Filling up the DagBag from /home/sneha/spotify_airflow_project/venv/lib/python3.12/site-packages/airflow/example_dags/example_dataset_alias_with_no_taskflow.py
[2025-12-17T10:48:15.261+0530] {processor.py:925} INFO - DAG(s) 'dataset_s3_bucket_producer_with_no_taskflow', 'dataset_alias_example_alias_consumer_with_no_taskflow', 'dataset_alias_example_alias_producer_with_no_taskflow', 'dataset_s3_bucket_consumer_with_no_taskflow' retrieved from /home/sneha/spotify_airflow_project/venv/lib/python3.12/site-packages/airflow/example_dags/example_dataset_alias_with_no_taskflow.py
[2025-12-17T10:48:15.285+0530] {logging_mixin.py:190} INFO - [2025-12-17T10:48:15.285+0530] {dag.py:3239} INFO - Sync 4 DAGs
[2025-12-17T10:48:15.308+0530] {logging_mixin.py:190} INFO - [2025-12-17T10:48:15.308+0530] {dag.py:4180} INFO - Setting next_dagrun for dataset_alias_example_alias_consumer_with_no_taskflow to None, run_after=None
[2025-12-17T10:48:15.310+0530] {logging_mixin.py:190} INFO - [2025-12-17T10:48:15.310+0530] {dag.py:4180} INFO - Setting next_dagrun for dataset_alias_example_alias_producer_with_no_taskflow to None, run_after=None
[2025-12-17T10:48:15.311+0530] {logging_mixin.py:190} INFO - [2025-12-17T10:48:15.311+0530] {dag.py:4180} INFO - Setting next_dagrun for dataset_s3_bucket_consumer_with_no_taskflow to None, run_after=None
[2025-12-17T10:48:15.312+0530] {logging_mixin.py:190} INFO - [2025-12-17T10:48:15.312+0530] {dag.py:4180} INFO - Setting next_dagrun for dataset_s3_bucket_producer_with_no_taskflow to None, run_after=None
[2025-12-17T10:48:15.333+0530] {processor.py:208} INFO - Processing /home/sneha/spotify_airflow_project/venv/lib/python3.12/site-packages/airflow/example_dags/example_dataset_alias_with_no_taskflow.py took 0.115 seconds
[2025-12-17T10:49:26.068+0530] {processor.py:186} INFO - Started process (PID=13491) to work on /home/sneha/spotify_airflow_project/venv/lib/python3.12/site-packages/airflow/example_dags/example_dataset_alias_with_no_taskflow.py
[2025-12-17T10:49:26.069+0530] {processor.py:914} INFO - Processing file /home/sneha/spotify_airflow_project/venv/lib/python3.12/site-packages/airflow/example_dags/example_dataset_alias_with_no_taskflow.py for tasks to queue
[2025-12-17T10:49:26.071+0530] {logging_mixin.py:190} INFO - [2025-12-17T10:49:26.071+0530] {dagbag.py:588} INFO - Filling up the DagBag from /home/sneha/spotify_airflow_project/venv/lib/python3.12/site-packages/airflow/example_dags/example_dataset_alias_with_no_taskflow.py
[2025-12-17T10:49:26.099+0530] {processor.py:925} INFO - DAG(s) 'dataset_alias_example_alias_producer_with_no_taskflow', 'dataset_s3_bucket_consumer_with_no_taskflow', 'dataset_s3_bucket_producer_with_no_taskflow', 'dataset_alias_example_alias_consumer_with_no_taskflow' retrieved from /home/sneha/spotify_airflow_project/venv/lib/python3.12/site-packages/airflow/example_dags/example_dataset_alias_with_no_taskflow.py
[2025-12-17T10:49:26.124+0530] {logging_mixin.py:190} INFO - [2025-12-17T10:49:26.124+0530] {dag.py:3239} INFO - Sync 4 DAGs
[2025-12-17T10:49:26.158+0530] {logging_mixin.py:190} INFO - [2025-12-17T10:49:26.158+0530] {dag.py:4180} INFO - Setting next_dagrun for dataset_alias_example_alias_consumer_with_no_taskflow to None, run_after=None
[2025-12-17T10:49:26.160+0530] {logging_mixin.py:190} INFO - [2025-12-17T10:49:26.160+0530] {dag.py:4180} INFO - Setting next_dagrun for dataset_alias_example_alias_producer_with_no_taskflow to None, run_after=None
[2025-12-17T10:49:26.162+0530] {logging_mixin.py:190} INFO - [2025-12-17T10:49:26.161+0530] {dag.py:4180} INFO - Setting next_dagrun for dataset_s3_bucket_consumer_with_no_taskflow to None, run_after=None
[2025-12-17T10:49:26.163+0530] {logging_mixin.py:190} INFO - [2025-12-17T10:49:26.163+0530] {dag.py:4180} INFO - Setting next_dagrun for dataset_s3_bucket_producer_with_no_taskflow to None, run_after=None
[2025-12-17T10:49:26.188+0530] {processor.py:208} INFO - Processing /home/sneha/spotify_airflow_project/venv/lib/python3.12/site-packages/airflow/example_dags/example_dataset_alias_with_no_taskflow.py took 0.127 seconds
[2025-12-17T10:50:22.431+0530] {processor.py:186} INFO - Started process (PID=13733) to work on /home/sneha/spotify_airflow_project/venv/lib/python3.12/site-packages/airflow/example_dags/example_dataset_alias_with_no_taskflow.py
[2025-12-17T10:50:22.432+0530] {processor.py:914} INFO - Processing file /home/sneha/spotify_airflow_project/venv/lib/python3.12/site-packages/airflow/example_dags/example_dataset_alias_with_no_taskflow.py for tasks to queue
[2025-12-17T10:50:22.434+0530] {logging_mixin.py:190} INFO - [2025-12-17T10:50:22.434+0530] {dagbag.py:588} INFO - Filling up the DagBag from /home/sneha/spotify_airflow_project/venv/lib/python3.12/site-packages/airflow/example_dags/example_dataset_alias_with_no_taskflow.py
[2025-12-17T10:50:22.459+0530] {processor.py:925} INFO - DAG(s) 'dataset_alias_example_alias_producer_with_no_taskflow', 'dataset_alias_example_alias_consumer_with_no_taskflow', 'dataset_s3_bucket_consumer_with_no_taskflow', 'dataset_s3_bucket_producer_with_no_taskflow' retrieved from /home/sneha/spotify_airflow_project/venv/lib/python3.12/site-packages/airflow/example_dags/example_dataset_alias_with_no_taskflow.py
[2025-12-17T10:50:22.481+0530] {logging_mixin.py:190} INFO - [2025-12-17T10:50:22.481+0530] {dag.py:3239} INFO - Sync 4 DAGs
[2025-12-17T10:50:22.502+0530] {logging_mixin.py:190} INFO - [2025-12-17T10:50:22.502+0530] {dag.py:4180} INFO - Setting next_dagrun for dataset_alias_example_alias_consumer_with_no_taskflow to None, run_after=None
[2025-12-17T10:50:22.504+0530] {logging_mixin.py:190} INFO - [2025-12-17T10:50:22.504+0530] {dag.py:4180} INFO - Setting next_dagrun for dataset_alias_example_alias_producer_with_no_taskflow to None, run_after=None
[2025-12-17T10:50:22.505+0530] {logging_mixin.py:190} INFO - [2025-12-17T10:50:22.505+0530] {dag.py:4180} INFO - Setting next_dagrun for dataset_s3_bucket_consumer_with_no_taskflow to None, run_after=None
[2025-12-17T10:50:22.506+0530] {logging_mixin.py:190} INFO - [2025-12-17T10:50:22.506+0530] {dag.py:4180} INFO - Setting next_dagrun for dataset_s3_bucket_producer_with_no_taskflow to None, run_after=None
[2025-12-17T10:50:22.529+0530] {processor.py:208} INFO - Processing /home/sneha/spotify_airflow_project/venv/lib/python3.12/site-packages/airflow/example_dags/example_dataset_alias_with_no_taskflow.py took 0.105 seconds
[2025-12-17T10:51:17.874+0530] {processor.py:186} INFO - Started process (PID=14130) to work on /home/sneha/spotify_airflow_project/venv/lib/python3.12/site-packages/airflow/example_dags/example_dataset_alias_with_no_taskflow.py
[2025-12-17T10:51:17.875+0530] {processor.py:914} INFO - Processing file /home/sneha/spotify_airflow_project/venv/lib/python3.12/site-packages/airflow/example_dags/example_dataset_alias_with_no_taskflow.py for tasks to queue
[2025-12-17T10:51:17.877+0530] {logging_mixin.py:190} INFO - [2025-12-17T10:51:17.877+0530] {dagbag.py:588} INFO - Filling up the DagBag from /home/sneha/spotify_airflow_project/venv/lib/python3.12/site-packages/airflow/example_dags/example_dataset_alias_with_no_taskflow.py
[2025-12-17T10:51:17.902+0530] {processor.py:925} INFO - DAG(s) 'dataset_s3_bucket_producer_with_no_taskflow', 'dataset_alias_example_alias_producer_with_no_taskflow', 'dataset_alias_example_alias_consumer_with_no_taskflow', 'dataset_s3_bucket_consumer_with_no_taskflow' retrieved from /home/sneha/spotify_airflow_project/venv/lib/python3.12/site-packages/airflow/example_dags/example_dataset_alias_with_no_taskflow.py
[2025-12-17T10:51:17.923+0530] {logging_mixin.py:190} INFO - [2025-12-17T10:51:17.923+0530] {dag.py:3239} INFO - Sync 4 DAGs
[2025-12-17T10:51:17.943+0530] {logging_mixin.py:190} INFO - [2025-12-17T10:51:17.943+0530] {dag.py:4180} INFO - Setting next_dagrun for dataset_alias_example_alias_consumer_with_no_taskflow to None, run_after=None
[2025-12-17T10:51:17.945+0530] {logging_mixin.py:190} INFO - [2025-12-17T10:51:17.945+0530] {dag.py:4180} INFO - Setting next_dagrun for dataset_alias_example_alias_producer_with_no_taskflow to None, run_after=None
[2025-12-17T10:51:17.946+0530] {logging_mixin.py:190} INFO - [2025-12-17T10:51:17.946+0530] {dag.py:4180} INFO - Setting next_dagrun for dataset_s3_bucket_consumer_with_no_taskflow to None, run_after=None
[2025-12-17T10:51:17.947+0530] {logging_mixin.py:190} INFO - [2025-12-17T10:51:17.947+0530] {dag.py:4180} INFO - Setting next_dagrun for dataset_s3_bucket_producer_with_no_taskflow to None, run_after=None
[2025-12-17T10:51:17.970+0530] {processor.py:208} INFO - Processing /home/sneha/spotify_airflow_project/venv/lib/python3.12/site-packages/airflow/example_dags/example_dataset_alias_with_no_taskflow.py took 0.103 seconds
[2025-12-17T10:52:12.223+0530] {processor.py:186} INFO - Started process (PID=14504) to work on /home/sneha/spotify_airflow_project/venv/lib/python3.12/site-packages/airflow/example_dags/example_dataset_alias_with_no_taskflow.py
[2025-12-17T10:52:12.224+0530] {processor.py:914} INFO - Processing file /home/sneha/spotify_airflow_project/venv/lib/python3.12/site-packages/airflow/example_dags/example_dataset_alias_with_no_taskflow.py for tasks to queue
[2025-12-17T10:52:12.226+0530] {logging_mixin.py:190} INFO - [2025-12-17T10:52:12.226+0530] {dagbag.py:588} INFO - Filling up the DagBag from /home/sneha/spotify_airflow_project/venv/lib/python3.12/site-packages/airflow/example_dags/example_dataset_alias_with_no_taskflow.py
[2025-12-17T10:52:12.250+0530] {processor.py:925} INFO - DAG(s) 'dataset_alias_example_alias_producer_with_no_taskflow', 'dataset_s3_bucket_consumer_with_no_taskflow', 'dataset_s3_bucket_producer_with_no_taskflow', 'dataset_alias_example_alias_consumer_with_no_taskflow' retrieved from /home/sneha/spotify_airflow_project/venv/lib/python3.12/site-packages/airflow/example_dags/example_dataset_alias_with_no_taskflow.py
[2025-12-17T10:52:12.271+0530] {logging_mixin.py:190} INFO - [2025-12-17T10:52:12.271+0530] {dag.py:3239} INFO - Sync 4 DAGs
[2025-12-17T10:52:12.291+0530] {logging_mixin.py:190} INFO - [2025-12-17T10:52:12.291+0530] {dag.py:4180} INFO - Setting next_dagrun for dataset_alias_example_alias_consumer_with_no_taskflow to None, run_after=None
[2025-12-17T10:52:12.293+0530] {logging_mixin.py:190} INFO - [2025-12-17T10:52:12.293+0530] {dag.py:4180} INFO - Setting next_dagrun for dataset_alias_example_alias_producer_with_no_taskflow to None, run_after=None
[2025-12-17T10:52:12.294+0530] {logging_mixin.py:190} INFO - [2025-12-17T10:52:12.294+0530] {dag.py:4180} INFO - Setting next_dagrun for dataset_s3_bucket_consumer_with_no_taskflow to None, run_after=None
[2025-12-17T10:52:12.295+0530] {logging_mixin.py:190} INFO - [2025-12-17T10:52:12.295+0530] {dag.py:4180} INFO - Setting next_dagrun for dataset_s3_bucket_producer_with_no_taskflow to None, run_after=None
[2025-12-17T10:52:12.316+0530] {processor.py:208} INFO - Processing /home/sneha/spotify_airflow_project/venv/lib/python3.12/site-packages/airflow/example_dags/example_dataset_alias_with_no_taskflow.py took 0.101 seconds
[2025-12-17T10:53:07.279+0530] {processor.py:186} INFO - Started process (PID=14891) to work on /home/sneha/spotify_airflow_project/venv/lib/python3.12/site-packages/airflow/example_dags/example_dataset_alias_with_no_taskflow.py
[2025-12-17T10:53:07.280+0530] {processor.py:914} INFO - Processing file /home/sneha/spotify_airflow_project/venv/lib/python3.12/site-packages/airflow/example_dags/example_dataset_alias_with_no_taskflow.py for tasks to queue
[2025-12-17T10:53:07.282+0530] {logging_mixin.py:190} INFO - [2025-12-17T10:53:07.281+0530] {dagbag.py:588} INFO - Filling up the DagBag from /home/sneha/spotify_airflow_project/venv/lib/python3.12/site-packages/airflow/example_dags/example_dataset_alias_with_no_taskflow.py
[2025-12-17T10:53:07.306+0530] {processor.py:925} INFO - DAG(s) 'dataset_s3_bucket_consumer_with_no_taskflow', 'dataset_alias_example_alias_consumer_with_no_taskflow', 'dataset_alias_example_alias_producer_with_no_taskflow', 'dataset_s3_bucket_producer_with_no_taskflow' retrieved from /home/sneha/spotify_airflow_project/venv/lib/python3.12/site-packages/airflow/example_dags/example_dataset_alias_with_no_taskflow.py
[2025-12-17T10:53:07.328+0530] {logging_mixin.py:190} INFO - [2025-12-17T10:53:07.327+0530] {dag.py:3239} INFO - Sync 4 DAGs
[2025-12-17T10:53:07.349+0530] {logging_mixin.py:190} INFO - [2025-12-17T10:53:07.349+0530] {dag.py:4180} INFO - Setting next_dagrun for dataset_alias_example_alias_consumer_with_no_taskflow to None, run_after=None
[2025-12-17T10:53:07.351+0530] {logging_mixin.py:190} INFO - [2025-12-17T10:53:07.351+0530] {dag.py:4180} INFO - Setting next_dagrun for dataset_alias_example_alias_producer_with_no_taskflow to None, run_after=None
[2025-12-17T10:53:07.352+0530] {logging_mixin.py:190} INFO - [2025-12-17T10:53:07.352+0530] {dag.py:4180} INFO - Setting next_dagrun for dataset_s3_bucket_consumer_with_no_taskflow to None, run_after=None
[2025-12-17T10:53:07.353+0530] {logging_mixin.py:190} INFO - [2025-12-17T10:53:07.353+0530] {dag.py:4180} INFO - Setting next_dagrun for dataset_s3_bucket_producer_with_no_taskflow to None, run_after=None
[2025-12-17T10:53:07.374+0530] {processor.py:208} INFO - Processing /home/sneha/spotify_airflow_project/venv/lib/python3.12/site-packages/airflow/example_dags/example_dataset_alias_with_no_taskflow.py took 0.103 seconds
[2025-12-17T10:54:07.322+0530] {processor.py:186} INFO - Started process (PID=15355) to work on /home/sneha/spotify_airflow_project/venv/lib/python3.12/site-packages/airflow/example_dags/example_dataset_alias_with_no_taskflow.py
[2025-12-17T10:54:07.323+0530] {processor.py:914} INFO - Processing file /home/sneha/spotify_airflow_project/venv/lib/python3.12/site-packages/airflow/example_dags/example_dataset_alias_with_no_taskflow.py for tasks to queue
[2025-12-17T10:54:07.325+0530] {logging_mixin.py:190} INFO - [2025-12-17T10:54:07.324+0530] {dagbag.py:588} INFO - Filling up the DagBag from /home/sneha/spotify_airflow_project/venv/lib/python3.12/site-packages/airflow/example_dags/example_dataset_alias_with_no_taskflow.py
[2025-12-17T10:54:07.346+0530] {processor.py:925} INFO - DAG(s) 'dataset_s3_bucket_consumer_with_no_taskflow', 'dataset_alias_example_alias_consumer_with_no_taskflow', 'dataset_alias_example_alias_producer_with_no_taskflow', 'dataset_s3_bucket_producer_with_no_taskflow' retrieved from /home/sneha/spotify_airflow_project/venv/lib/python3.12/site-packages/airflow/example_dags/example_dataset_alias_with_no_taskflow.py
[2025-12-17T10:54:07.365+0530] {logging_mixin.py:190} INFO - [2025-12-17T10:54:07.365+0530] {dag.py:3239} INFO - Sync 4 DAGs
[2025-12-17T10:54:07.384+0530] {logging_mixin.py:190} INFO - [2025-12-17T10:54:07.384+0530] {dag.py:4180} INFO - Setting next_dagrun for dataset_alias_example_alias_consumer_with_no_taskflow to None, run_after=None
[2025-12-17T10:54:07.386+0530] {logging_mixin.py:190} INFO - [2025-12-17T10:54:07.386+0530] {dag.py:4180} INFO - Setting next_dagrun for dataset_alias_example_alias_producer_with_no_taskflow to None, run_after=None
[2025-12-17T10:54:07.387+0530] {logging_mixin.py:190} INFO - [2025-12-17T10:54:07.387+0530] {dag.py:4180} INFO - Setting next_dagrun for dataset_s3_bucket_consumer_with_no_taskflow to None, run_after=None
[2025-12-17T10:54:07.390+0530] {logging_mixin.py:190} INFO - [2025-12-17T10:54:07.389+0530] {dag.py:4180} INFO - Setting next_dagrun for dataset_s3_bucket_producer_with_no_taskflow to None, run_after=None
[2025-12-17T10:54:07.410+0530] {processor.py:208} INFO - Processing /home/sneha/spotify_airflow_project/venv/lib/python3.12/site-packages/airflow/example_dags/example_dataset_alias_with_no_taskflow.py took 0.099 seconds
[2025-12-17T10:55:06.628+0530] {processor.py:186} INFO - Started process (PID=15569) to work on /home/sneha/spotify_airflow_project/venv/lib/python3.12/site-packages/airflow/example_dags/example_dataset_alias_with_no_taskflow.py
[2025-12-17T10:55:06.629+0530] {processor.py:914} INFO - Processing file /home/sneha/spotify_airflow_project/venv/lib/python3.12/site-packages/airflow/example_dags/example_dataset_alias_with_no_taskflow.py for tasks to queue
[2025-12-17T10:55:06.631+0530] {logging_mixin.py:190} INFO - [2025-12-17T10:55:06.631+0530] {dagbag.py:588} INFO - Filling up the DagBag from /home/sneha/spotify_airflow_project/venv/lib/python3.12/site-packages/airflow/example_dags/example_dataset_alias_with_no_taskflow.py
[2025-12-17T10:55:06.653+0530] {processor.py:925} INFO - DAG(s) 'dataset_s3_bucket_consumer_with_no_taskflow', 'dataset_alias_example_alias_consumer_with_no_taskflow', 'dataset_s3_bucket_producer_with_no_taskflow', 'dataset_alias_example_alias_producer_with_no_taskflow' retrieved from /home/sneha/spotify_airflow_project/venv/lib/python3.12/site-packages/airflow/example_dags/example_dataset_alias_with_no_taskflow.py
[2025-12-17T10:55:06.673+0530] {logging_mixin.py:190} INFO - [2025-12-17T10:55:06.673+0530] {dag.py:3239} INFO - Sync 4 DAGs
[2025-12-17T10:55:06.692+0530] {logging_mixin.py:190} INFO - [2025-12-17T10:55:06.692+0530] {dag.py:4180} INFO - Setting next_dagrun for dataset_alias_example_alias_consumer_with_no_taskflow to None, run_after=None
[2025-12-17T10:55:06.694+0530] {logging_mixin.py:190} INFO - [2025-12-17T10:55:06.694+0530] {dag.py:4180} INFO - Setting next_dagrun for dataset_alias_example_alias_producer_with_no_taskflow to None, run_after=None
[2025-12-17T10:55:06.695+0530] {logging_mixin.py:190} INFO - [2025-12-17T10:55:06.695+0530] {dag.py:4180} INFO - Setting next_dagrun for dataset_s3_bucket_consumer_with_no_taskflow to None, run_after=None
[2025-12-17T10:55:06.696+0530] {logging_mixin.py:190} INFO - [2025-12-17T10:55:06.696+0530] {dag.py:4180} INFO - Setting next_dagrun for dataset_s3_bucket_producer_with_no_taskflow to None, run_after=None
[2025-12-17T10:55:06.719+0530] {processor.py:208} INFO - Processing /home/sneha/spotify_airflow_project/venv/lib/python3.12/site-packages/airflow/example_dags/example_dataset_alias_with_no_taskflow.py took 0.102 seconds
[2025-12-17T10:56:01.619+0530] {processor.py:186} INFO - Started process (PID=15630) to work on /home/sneha/spotify_airflow_project/venv/lib/python3.12/site-packages/airflow/example_dags/example_dataset_alias_with_no_taskflow.py
[2025-12-17T10:56:01.620+0530] {processor.py:914} INFO - Processing file /home/sneha/spotify_airflow_project/venv/lib/python3.12/site-packages/airflow/example_dags/example_dataset_alias_with_no_taskflow.py for tasks to queue
[2025-12-17T10:56:01.622+0530] {logging_mixin.py:190} INFO - [2025-12-17T10:56:01.622+0530] {dagbag.py:588} INFO - Filling up the DagBag from /home/sneha/spotify_airflow_project/venv/lib/python3.12/site-packages/airflow/example_dags/example_dataset_alias_with_no_taskflow.py
[2025-12-17T10:56:01.648+0530] {processor.py:925} INFO - DAG(s) 'dataset_alias_example_alias_producer_with_no_taskflow', 'dataset_alias_example_alias_consumer_with_no_taskflow', 'dataset_s3_bucket_consumer_with_no_taskflow', 'dataset_s3_bucket_producer_with_no_taskflow' retrieved from /home/sneha/spotify_airflow_project/venv/lib/python3.12/site-packages/airflow/example_dags/example_dataset_alias_with_no_taskflow.py
[2025-12-17T10:56:01.669+0530] {logging_mixin.py:190} INFO - [2025-12-17T10:56:01.669+0530] {dag.py:3239} INFO - Sync 4 DAGs
[2025-12-17T10:56:01.690+0530] {logging_mixin.py:190} INFO - [2025-12-17T10:56:01.690+0530] {dag.py:4180} INFO - Setting next_dagrun for dataset_alias_example_alias_consumer_with_no_taskflow to None, run_after=None
[2025-12-17T10:56:01.693+0530] {logging_mixin.py:190} INFO - [2025-12-17T10:56:01.693+0530] {dag.py:4180} INFO - Setting next_dagrun for dataset_alias_example_alias_producer_with_no_taskflow to None, run_after=None
[2025-12-17T10:56:01.695+0530] {logging_mixin.py:190} INFO - [2025-12-17T10:56:01.694+0530] {dag.py:4180} INFO - Setting next_dagrun for dataset_s3_bucket_consumer_with_no_taskflow to None, run_after=None
[2025-12-17T10:56:01.696+0530] {logging_mixin.py:190} INFO - [2025-12-17T10:56:01.696+0530] {dag.py:4180} INFO - Setting next_dagrun for dataset_s3_bucket_producer_with_no_taskflow to None, run_after=None
[2025-12-17T10:56:01.720+0530] {processor.py:208} INFO - Processing /home/sneha/spotify_airflow_project/venv/lib/python3.12/site-packages/airflow/example_dags/example_dataset_alias_with_no_taskflow.py took 0.108 seconds
[2025-12-17T10:56:57.000+0530] {processor.py:186} INFO - Started process (PID=15689) to work on /home/sneha/spotify_airflow_project/venv/lib/python3.12/site-packages/airflow/example_dags/example_dataset_alias_with_no_taskflow.py
[2025-12-17T10:56:57.001+0530] {processor.py:914} INFO - Processing file /home/sneha/spotify_airflow_project/venv/lib/python3.12/site-packages/airflow/example_dags/example_dataset_alias_with_no_taskflow.py for tasks to queue
[2025-12-17T10:56:57.004+0530] {logging_mixin.py:190} INFO - [2025-12-17T10:56:57.003+0530] {dagbag.py:588} INFO - Filling up the DagBag from /home/sneha/spotify_airflow_project/venv/lib/python3.12/site-packages/airflow/example_dags/example_dataset_alias_with_no_taskflow.py
[2025-12-17T10:56:57.032+0530] {processor.py:925} INFO - DAG(s) 'dataset_alias_example_alias_producer_with_no_taskflow', 'dataset_s3_bucket_producer_with_no_taskflow', 'dataset_s3_bucket_consumer_with_no_taskflow', 'dataset_alias_example_alias_consumer_with_no_taskflow' retrieved from /home/sneha/spotify_airflow_project/venv/lib/python3.12/site-packages/airflow/example_dags/example_dataset_alias_with_no_taskflow.py
[2025-12-17T10:56:57.055+0530] {logging_mixin.py:190} INFO - [2025-12-17T10:56:57.055+0530] {dag.py:3239} INFO - Sync 4 DAGs
[2025-12-17T10:56:57.078+0530] {logging_mixin.py:190} INFO - [2025-12-17T10:56:57.078+0530] {dag.py:4180} INFO - Setting next_dagrun for dataset_alias_example_alias_consumer_with_no_taskflow to None, run_after=None
[2025-12-17T10:56:57.081+0530] {logging_mixin.py:190} INFO - [2025-12-17T10:56:57.080+0530] {dag.py:4180} INFO - Setting next_dagrun for dataset_alias_example_alias_producer_with_no_taskflow to None, run_after=None
[2025-12-17T10:56:57.082+0530] {logging_mixin.py:190} INFO - [2025-12-17T10:56:57.081+0530] {dag.py:4180} INFO - Setting next_dagrun for dataset_s3_bucket_consumer_with_no_taskflow to None, run_after=None
[2025-12-17T10:56:57.082+0530] {logging_mixin.py:190} INFO - [2025-12-17T10:56:57.082+0530] {dag.py:4180} INFO - Setting next_dagrun for dataset_s3_bucket_producer_with_no_taskflow to None, run_after=None
[2025-12-17T10:56:57.106+0530] {processor.py:208} INFO - Processing /home/sneha/spotify_airflow_project/venv/lib/python3.12/site-packages/airflow/example_dags/example_dataset_alias_with_no_taskflow.py took 0.112 seconds
[2025-12-17T10:57:52.338+0530] {processor.py:186} INFO - Started process (PID=15903) to work on /home/sneha/spotify_airflow_project/venv/lib/python3.12/site-packages/airflow/example_dags/example_dataset_alias_with_no_taskflow.py
[2025-12-17T10:57:52.339+0530] {processor.py:914} INFO - Processing file /home/sneha/spotify_airflow_project/venv/lib/python3.12/site-packages/airflow/example_dags/example_dataset_alias_with_no_taskflow.py for tasks to queue
[2025-12-17T10:57:52.341+0530] {logging_mixin.py:190} INFO - [2025-12-17T10:57:52.341+0530] {dagbag.py:588} INFO - Filling up the DagBag from /home/sneha/spotify_airflow_project/venv/lib/python3.12/site-packages/airflow/example_dags/example_dataset_alias_with_no_taskflow.py
[2025-12-17T10:57:52.365+0530] {processor.py:925} INFO - DAG(s) 'dataset_alias_example_alias_producer_with_no_taskflow', 'dataset_alias_example_alias_consumer_with_no_taskflow', 'dataset_s3_bucket_consumer_with_no_taskflow', 'dataset_s3_bucket_producer_with_no_taskflow' retrieved from /home/sneha/spotify_airflow_project/venv/lib/python3.12/site-packages/airflow/example_dags/example_dataset_alias_with_no_taskflow.py
[2025-12-17T10:57:52.384+0530] {logging_mixin.py:190} INFO - [2025-12-17T10:57:52.384+0530] {dag.py:3239} INFO - Sync 4 DAGs
[2025-12-17T10:57:52.404+0530] {logging_mixin.py:190} INFO - [2025-12-17T10:57:52.403+0530] {dag.py:4180} INFO - Setting next_dagrun for dataset_alias_example_alias_consumer_with_no_taskflow to None, run_after=None
[2025-12-17T10:57:52.406+0530] {logging_mixin.py:190} INFO - [2025-12-17T10:57:52.405+0530] {dag.py:4180} INFO - Setting next_dagrun for dataset_alias_example_alias_producer_with_no_taskflow to None, run_after=None
[2025-12-17T10:57:52.407+0530] {logging_mixin.py:190} INFO - [2025-12-17T10:57:52.407+0530] {dag.py:4180} INFO - Setting next_dagrun for dataset_s3_bucket_consumer_with_no_taskflow to None, run_after=None
[2025-12-17T10:57:52.407+0530] {logging_mixin.py:190} INFO - [2025-12-17T10:57:52.407+0530] {dag.py:4180} INFO - Setting next_dagrun for dataset_s3_bucket_producer_with_no_taskflow to None, run_after=None
[2025-12-17T10:57:52.429+0530] {processor.py:208} INFO - Processing /home/sneha/spotify_airflow_project/venv/lib/python3.12/site-packages/airflow/example_dags/example_dataset_alias_with_no_taskflow.py took 0.100 seconds
[2025-12-17T11:01:41.403+0530] {processor.py:186} INFO - Started process (PID=17190) to work on /home/sneha/spotify_airflow_project/venv/lib/python3.12/site-packages/airflow/example_dags/example_dataset_alias_with_no_taskflow.py
[2025-12-17T11:01:41.404+0530] {processor.py:914} INFO - Processing file /home/sneha/spotify_airflow_project/venv/lib/python3.12/site-packages/airflow/example_dags/example_dataset_alias_with_no_taskflow.py for tasks to queue
[2025-12-17T11:01:41.406+0530] {logging_mixin.py:190} INFO - [2025-12-17T11:01:41.405+0530] {dagbag.py:588} INFO - Filling up the DagBag from /home/sneha/spotify_airflow_project/venv/lib/python3.12/site-packages/airflow/example_dags/example_dataset_alias_with_no_taskflow.py
[2025-12-17T11:01:41.427+0530] {processor.py:925} INFO - DAG(s) 'dataset_s3_bucket_consumer_with_no_taskflow', 'dataset_s3_bucket_producer_with_no_taskflow', 'dataset_alias_example_alias_consumer_with_no_taskflow', 'dataset_alias_example_alias_producer_with_no_taskflow' retrieved from /home/sneha/spotify_airflow_project/venv/lib/python3.12/site-packages/airflow/example_dags/example_dataset_alias_with_no_taskflow.py
[2025-12-17T11:01:41.445+0530] {logging_mixin.py:190} INFO - [2025-12-17T11:01:41.445+0530] {dag.py:3239} INFO - Sync 4 DAGs
[2025-12-17T11:01:41.462+0530] {logging_mixin.py:190} INFO - [2025-12-17T11:01:41.462+0530] {dag.py:4180} INFO - Setting next_dagrun for dataset_alias_example_alias_consumer_with_no_taskflow to None, run_after=None
[2025-12-17T11:01:41.464+0530] {logging_mixin.py:190} INFO - [2025-12-17T11:01:41.464+0530] {dag.py:4180} INFO - Setting next_dagrun for dataset_alias_example_alias_producer_with_no_taskflow to None, run_after=None
[2025-12-17T11:01:41.465+0530] {logging_mixin.py:190} INFO - [2025-12-17T11:01:41.465+0530] {dag.py:4180} INFO - Setting next_dagrun for dataset_s3_bucket_consumer_with_no_taskflow to None, run_after=None
[2025-12-17T11:01:41.466+0530] {logging_mixin.py:190} INFO - [2025-12-17T11:01:41.465+0530] {dag.py:4180} INFO - Setting next_dagrun for dataset_s3_bucket_producer_with_no_taskflow to None, run_after=None
[2025-12-17T11:01:41.486+0530] {processor.py:208} INFO - Processing /home/sneha/spotify_airflow_project/venv/lib/python3.12/site-packages/airflow/example_dags/example_dataset_alias_with_no_taskflow.py took 0.092 seconds
[2025-12-17T11:03:09.513+0530] {processor.py:186} INFO - Started process (PID=18088) to work on /home/sneha/spotify_airflow_project/venv/lib/python3.12/site-packages/airflow/example_dags/example_dataset_alias_with_no_taskflow.py
[2025-12-17T11:03:09.514+0530] {processor.py:914} INFO - Processing file /home/sneha/spotify_airflow_project/venv/lib/python3.12/site-packages/airflow/example_dags/example_dataset_alias_with_no_taskflow.py for tasks to queue
[2025-12-17T11:03:09.517+0530] {logging_mixin.py:190} INFO - [2025-12-17T11:03:09.516+0530] {dagbag.py:588} INFO - Filling up the DagBag from /home/sneha/spotify_airflow_project/venv/lib/python3.12/site-packages/airflow/example_dags/example_dataset_alias_with_no_taskflow.py
[2025-12-17T11:03:09.541+0530] {processor.py:925} INFO - DAG(s) 'dataset_alias_example_alias_producer_with_no_taskflow', 'dataset_s3_bucket_consumer_with_no_taskflow', 'dataset_alias_example_alias_consumer_with_no_taskflow', 'dataset_s3_bucket_producer_with_no_taskflow' retrieved from /home/sneha/spotify_airflow_project/venv/lib/python3.12/site-packages/airflow/example_dags/example_dataset_alias_with_no_taskflow.py
[2025-12-17T11:03:09.561+0530] {logging_mixin.py:190} INFO - [2025-12-17T11:03:09.561+0530] {dag.py:3239} INFO - Sync 4 DAGs
[2025-12-17T11:03:09.581+0530] {logging_mixin.py:190} INFO - [2025-12-17T11:03:09.581+0530] {dag.py:4180} INFO - Setting next_dagrun for dataset_alias_example_alias_consumer_with_no_taskflow to None, run_after=None
[2025-12-17T11:03:09.583+0530] {logging_mixin.py:190} INFO - [2025-12-17T11:03:09.583+0530] {dag.py:4180} INFO - Setting next_dagrun for dataset_alias_example_alias_producer_with_no_taskflow to None, run_after=None
[2025-12-17T11:03:09.585+0530] {logging_mixin.py:190} INFO - [2025-12-17T11:03:09.584+0530] {dag.py:4180} INFO - Setting next_dagrun for dataset_s3_bucket_consumer_with_no_taskflow to None, run_after=None
[2025-12-17T11:03:09.586+0530] {logging_mixin.py:190} INFO - [2025-12-17T11:03:09.586+0530] {dag.py:4180} INFO - Setting next_dagrun for dataset_s3_bucket_producer_with_no_taskflow to None, run_after=None
[2025-12-17T11:03:09.608+0530] {processor.py:208} INFO - Processing /home/sneha/spotify_airflow_project/venv/lib/python3.12/site-packages/airflow/example_dags/example_dataset_alias_with_no_taskflow.py took 0.101 seconds
[2025-12-17T11:04:07.885+0530] {processor.py:186} INFO - Started process (PID=18373) to work on /home/sneha/spotify_airflow_project/venv/lib/python3.12/site-packages/airflow/example_dags/example_dataset_alias_with_no_taskflow.py
[2025-12-17T11:04:07.886+0530] {processor.py:914} INFO - Processing file /home/sneha/spotify_airflow_project/venv/lib/python3.12/site-packages/airflow/example_dags/example_dataset_alias_with_no_taskflow.py for tasks to queue
[2025-12-17T11:04:07.889+0530] {logging_mixin.py:190} INFO - [2025-12-17T11:04:07.888+0530] {dagbag.py:588} INFO - Filling up the DagBag from /home/sneha/spotify_airflow_project/venv/lib/python3.12/site-packages/airflow/example_dags/example_dataset_alias_with_no_taskflow.py
[2025-12-17T11:04:07.914+0530] {processor.py:925} INFO - DAG(s) 'dataset_alias_example_alias_producer_with_no_taskflow', 'dataset_s3_bucket_consumer_with_no_taskflow', 'dataset_alias_example_alias_consumer_with_no_taskflow', 'dataset_s3_bucket_producer_with_no_taskflow' retrieved from /home/sneha/spotify_airflow_project/venv/lib/python3.12/site-packages/airflow/example_dags/example_dataset_alias_with_no_taskflow.py
[2025-12-17T11:04:07.940+0530] {logging_mixin.py:190} INFO - [2025-12-17T11:04:07.940+0530] {dag.py:3239} INFO - Sync 4 DAGs
[2025-12-17T11:04:07.969+0530] {logging_mixin.py:190} INFO - [2025-12-17T11:04:07.969+0530] {dag.py:4180} INFO - Setting next_dagrun for dataset_alias_example_alias_consumer_with_no_taskflow to None, run_after=None
[2025-12-17T11:04:07.973+0530] {logging_mixin.py:190} INFO - [2025-12-17T11:04:07.972+0530] {dag.py:4180} INFO - Setting next_dagrun for dataset_alias_example_alias_producer_with_no_taskflow to None, run_after=None
[2025-12-17T11:04:07.974+0530] {logging_mixin.py:190} INFO - [2025-12-17T11:04:07.974+0530] {dag.py:4180} INFO - Setting next_dagrun for dataset_s3_bucket_consumer_with_no_taskflow to None, run_after=None
[2025-12-17T11:04:07.975+0530] {logging_mixin.py:190} INFO - [2025-12-17T11:04:07.975+0530] {dag.py:4180} INFO - Setting next_dagrun for dataset_s3_bucket_producer_with_no_taskflow to None, run_after=None
[2025-12-17T11:04:08.000+0530] {processor.py:208} INFO - Processing /home/sneha/spotify_airflow_project/venv/lib/python3.12/site-packages/airflow/example_dags/example_dataset_alias_with_no_taskflow.py took 0.121 seconds
[2025-12-17T11:05:07.809+0530] {processor.py:186} INFO - Started process (PID=18618) to work on /home/sneha/spotify_airflow_project/venv/lib/python3.12/site-packages/airflow/example_dags/example_dataset_alias_with_no_taskflow.py
[2025-12-17T11:05:07.810+0530] {processor.py:914} INFO - Processing file /home/sneha/spotify_airflow_project/venv/lib/python3.12/site-packages/airflow/example_dags/example_dataset_alias_with_no_taskflow.py for tasks to queue
[2025-12-17T11:05:07.813+0530] {logging_mixin.py:190} INFO - [2025-12-17T11:05:07.812+0530] {dagbag.py:588} INFO - Filling up the DagBag from /home/sneha/spotify_airflow_project/venv/lib/python3.12/site-packages/airflow/example_dags/example_dataset_alias_with_no_taskflow.py
[2025-12-17T11:05:07.845+0530] {processor.py:925} INFO - DAG(s) 'dataset_alias_example_alias_producer_with_no_taskflow', 'dataset_s3_bucket_producer_with_no_taskflow', 'dataset_alias_example_alias_consumer_with_no_taskflow', 'dataset_s3_bucket_consumer_with_no_taskflow' retrieved from /home/sneha/spotify_airflow_project/venv/lib/python3.12/site-packages/airflow/example_dags/example_dataset_alias_with_no_taskflow.py
[2025-12-17T11:05:07.871+0530] {logging_mixin.py:190} INFO - [2025-12-17T11:05:07.870+0530] {dag.py:3239} INFO - Sync 4 DAGs
[2025-12-17T11:05:07.895+0530] {logging_mixin.py:190} INFO - [2025-12-17T11:05:07.895+0530] {dag.py:4180} INFO - Setting next_dagrun for dataset_alias_example_alias_consumer_with_no_taskflow to None, run_after=None
[2025-12-17T11:05:07.898+0530] {logging_mixin.py:190} INFO - [2025-12-17T11:05:07.898+0530] {dag.py:4180} INFO - Setting next_dagrun for dataset_alias_example_alias_producer_with_no_taskflow to None, run_after=None
[2025-12-17T11:05:07.900+0530] {logging_mixin.py:190} INFO - [2025-12-17T11:05:07.899+0530] {dag.py:4180} INFO - Setting next_dagrun for dataset_s3_bucket_consumer_with_no_taskflow to None, run_after=None
[2025-12-17T11:05:07.901+0530] {logging_mixin.py:190} INFO - [2025-12-17T11:05:07.901+0530] {dag.py:4180} INFO - Setting next_dagrun for dataset_s3_bucket_producer_with_no_taskflow to None, run_after=None
[2025-12-17T11:05:07.927+0530] {processor.py:208} INFO - Processing /home/sneha/spotify_airflow_project/venv/lib/python3.12/site-packages/airflow/example_dags/example_dataset_alias_with_no_taskflow.py took 0.128 seconds
[2025-12-17T11:06:06.047+0530] {processor.py:186} INFO - Started process (PID=18825) to work on /home/sneha/spotify_airflow_project/venv/lib/python3.12/site-packages/airflow/example_dags/example_dataset_alias_with_no_taskflow.py
[2025-12-17T11:06:06.048+0530] {processor.py:914} INFO - Processing file /home/sneha/spotify_airflow_project/venv/lib/python3.12/site-packages/airflow/example_dags/example_dataset_alias_with_no_taskflow.py for tasks to queue
[2025-12-17T11:06:06.050+0530] {logging_mixin.py:190} INFO - [2025-12-17T11:06:06.050+0530] {dagbag.py:588} INFO - Filling up the DagBag from /home/sneha/spotify_airflow_project/venv/lib/python3.12/site-packages/airflow/example_dags/example_dataset_alias_with_no_taskflow.py
[2025-12-17T11:06:06.075+0530] {processor.py:925} INFO - DAG(s) 'dataset_alias_example_alias_producer_with_no_taskflow', 'dataset_s3_bucket_consumer_with_no_taskflow', 'dataset_alias_example_alias_consumer_with_no_taskflow', 'dataset_s3_bucket_producer_with_no_taskflow' retrieved from /home/sneha/spotify_airflow_project/venv/lib/python3.12/site-packages/airflow/example_dags/example_dataset_alias_with_no_taskflow.py
[2025-12-17T11:06:06.100+0530] {logging_mixin.py:190} INFO - [2025-12-17T11:06:06.100+0530] {dag.py:3239} INFO - Sync 4 DAGs
[2025-12-17T11:06:06.121+0530] {logging_mixin.py:190} INFO - [2025-12-17T11:06:06.121+0530] {dag.py:4180} INFO - Setting next_dagrun for dataset_alias_example_alias_consumer_with_no_taskflow to None, run_after=None
[2025-12-17T11:06:06.123+0530] {logging_mixin.py:190} INFO - [2025-12-17T11:06:06.123+0530] {dag.py:4180} INFO - Setting next_dagrun for dataset_alias_example_alias_producer_with_no_taskflow to None, run_after=None
[2025-12-17T11:06:06.125+0530] {logging_mixin.py:190} INFO - [2025-12-17T11:06:06.125+0530] {dag.py:4180} INFO - Setting next_dagrun for dataset_s3_bucket_consumer_with_no_taskflow to None, run_after=None
[2025-12-17T11:06:06.126+0530] {logging_mixin.py:190} INFO - [2025-12-17T11:06:06.125+0530] {dag.py:4180} INFO - Setting next_dagrun for dataset_s3_bucket_producer_with_no_taskflow to None, run_after=None
[2025-12-17T11:06:06.148+0530] {processor.py:208} INFO - Processing /home/sneha/spotify_airflow_project/venv/lib/python3.12/site-packages/airflow/example_dags/example_dataset_alias_with_no_taskflow.py took 0.108 seconds
[2025-12-17T11:07:16.379+0530] {processor.py:186} INFO - Started process (PID=19366) to work on /home/sneha/spotify_airflow_project/venv/lib/python3.12/site-packages/airflow/example_dags/example_dataset_alias_with_no_taskflow.py
[2025-12-17T11:07:16.380+0530] {processor.py:914} INFO - Processing file /home/sneha/spotify_airflow_project/venv/lib/python3.12/site-packages/airflow/example_dags/example_dataset_alias_with_no_taskflow.py for tasks to queue
[2025-12-17T11:07:16.382+0530] {logging_mixin.py:190} INFO - [2025-12-17T11:07:16.382+0530] {dagbag.py:588} INFO - Filling up the DagBag from /home/sneha/spotify_airflow_project/venv/lib/python3.12/site-packages/airflow/example_dags/example_dataset_alias_with_no_taskflow.py
[2025-12-17T11:07:16.515+0530] {processor.py:925} INFO - DAG(s) 'dataset_s3_bucket_consumer_with_no_taskflow', 'dataset_alias_example_alias_consumer_with_no_taskflow', 'dataset_s3_bucket_producer_with_no_taskflow', 'dataset_alias_example_alias_producer_with_no_taskflow' retrieved from /home/sneha/spotify_airflow_project/venv/lib/python3.12/site-packages/airflow/example_dags/example_dataset_alias_with_no_taskflow.py
[2025-12-17T11:07:16.531+0530] {logging_mixin.py:190} INFO - [2025-12-17T11:07:16.531+0530] {dag.py:3239} INFO - Sync 4 DAGs
[2025-12-17T11:07:16.550+0530] {logging_mixin.py:190} INFO - [2025-12-17T11:07:16.549+0530] {dag.py:4180} INFO - Setting next_dagrun for dataset_alias_example_alias_consumer_with_no_taskflow to None, run_after=None
[2025-12-17T11:07:16.552+0530] {logging_mixin.py:190} INFO - [2025-12-17T11:07:16.552+0530] {dag.py:4180} INFO - Setting next_dagrun for dataset_alias_example_alias_producer_with_no_taskflow to None, run_after=None
[2025-12-17T11:07:16.553+0530] {logging_mixin.py:190} INFO - [2025-12-17T11:07:16.553+0530] {dag.py:4180} INFO - Setting next_dagrun for dataset_s3_bucket_consumer_with_no_taskflow to None, run_after=None
[2025-12-17T11:07:16.554+0530] {logging_mixin.py:190} INFO - [2025-12-17T11:07:16.554+0530] {dag.py:4180} INFO - Setting next_dagrun for dataset_s3_bucket_producer_with_no_taskflow to None, run_after=None
[2025-12-17T11:07:16.580+0530] {processor.py:208} INFO - Processing /home/sneha/spotify_airflow_project/venv/lib/python3.12/site-packages/airflow/example_dags/example_dataset_alias_with_no_taskflow.py took 0.211 seconds
[2025-12-17T12:47:56.328+0530] {processor.py:186} INFO - Started process (PID=71127) to work on /home/sneha/spotify_airflow_project/venv/lib/python3.12/site-packages/airflow/example_dags/example_dataset_alias_with_no_taskflow.py
[2025-12-17T12:47:56.330+0530] {processor.py:914} INFO - Processing file /home/sneha/spotify_airflow_project/venv/lib/python3.12/site-packages/airflow/example_dags/example_dataset_alias_with_no_taskflow.py for tasks to queue
[2025-12-17T12:47:56.334+0530] {logging_mixin.py:190} INFO - [2025-12-17T12:47:56.333+0530] {dagbag.py:588} INFO - Filling up the DagBag from /home/sneha/spotify_airflow_project/venv/lib/python3.12/site-packages/airflow/example_dags/example_dataset_alias_with_no_taskflow.py
[2025-12-17T12:47:56.381+0530] {processor.py:925} INFO - DAG(s) 'dataset_alias_example_alias_consumer_with_no_taskflow', 'dataset_s3_bucket_consumer_with_no_taskflow', 'dataset_s3_bucket_producer_with_no_taskflow', 'dataset_alias_example_alias_producer_with_no_taskflow' retrieved from /home/sneha/spotify_airflow_project/venv/lib/python3.12/site-packages/airflow/example_dags/example_dataset_alias_with_no_taskflow.py
[2025-12-17T12:47:56.425+0530] {logging_mixin.py:190} INFO - [2025-12-17T12:47:56.424+0530] {dag.py:3239} INFO - Sync 4 DAGs
[2025-12-17T12:47:56.474+0530] {logging_mixin.py:190} INFO - [2025-12-17T12:47:56.473+0530] {dag.py:4180} INFO - Setting next_dagrun for dataset_alias_example_alias_consumer_with_no_taskflow to None, run_after=None
[2025-12-17T12:47:56.480+0530] {logging_mixin.py:190} INFO - [2025-12-17T12:47:56.479+0530] {dag.py:4180} INFO - Setting next_dagrun for dataset_alias_example_alias_producer_with_no_taskflow to None, run_after=None
[2025-12-17T12:47:56.483+0530] {logging_mixin.py:190} INFO - [2025-12-17T12:47:56.482+0530] {dag.py:4180} INFO - Setting next_dagrun for dataset_s3_bucket_consumer_with_no_taskflow to None, run_after=None
[2025-12-17T12:47:56.486+0530] {logging_mixin.py:190} INFO - [2025-12-17T12:47:56.486+0530] {dag.py:4180} INFO - Setting next_dagrun for dataset_s3_bucket_producer_with_no_taskflow to None, run_after=None
[2025-12-17T12:47:56.557+0530] {processor.py:208} INFO - Processing /home/sneha/spotify_airflow_project/venv/lib/python3.12/site-packages/airflow/example_dags/example_dataset_alias_with_no_taskflow.py took 0.240 seconds
[2025-12-17T12:49:34.426+0530] {processor.py:186} INFO - Started process (PID=71501) to work on /home/sneha/spotify_airflow_project/venv/lib/python3.12/site-packages/airflow/example_dags/example_dataset_alias_with_no_taskflow.py
[2025-12-17T12:49:34.429+0530] {processor.py:914} INFO - Processing file /home/sneha/spotify_airflow_project/venv/lib/python3.12/site-packages/airflow/example_dags/example_dataset_alias_with_no_taskflow.py for tasks to queue
[2025-12-17T12:49:34.434+0530] {logging_mixin.py:190} INFO - [2025-12-17T12:49:34.433+0530] {dagbag.py:588} INFO - Filling up the DagBag from /home/sneha/spotify_airflow_project/venv/lib/python3.12/site-packages/airflow/example_dags/example_dataset_alias_with_no_taskflow.py
[2025-12-17T12:49:34.479+0530] {processor.py:925} INFO - DAG(s) 'dataset_s3_bucket_producer_with_no_taskflow', 'dataset_alias_example_alias_producer_with_no_taskflow', 'dataset_alias_example_alias_consumer_with_no_taskflow', 'dataset_s3_bucket_consumer_with_no_taskflow' retrieved from /home/sneha/spotify_airflow_project/venv/lib/python3.12/site-packages/airflow/example_dags/example_dataset_alias_with_no_taskflow.py
[2025-12-17T12:49:34.515+0530] {logging_mixin.py:190} INFO - [2025-12-17T12:49:34.514+0530] {dag.py:3239} INFO - Sync 4 DAGs
[2025-12-17T12:49:34.548+0530] {logging_mixin.py:190} INFO - [2025-12-17T12:49:34.547+0530] {dag.py:4180} INFO - Setting next_dagrun for dataset_alias_example_alias_consumer_with_no_taskflow to None, run_after=None
[2025-12-17T12:49:34.551+0530] {logging_mixin.py:190} INFO - [2025-12-17T12:49:34.551+0530] {dag.py:4180} INFO - Setting next_dagrun for dataset_alias_example_alias_producer_with_no_taskflow to None, run_after=None
[2025-12-17T12:49:34.553+0530] {logging_mixin.py:190} INFO - [2025-12-17T12:49:34.553+0530] {dag.py:4180} INFO - Setting next_dagrun for dataset_s3_bucket_consumer_with_no_taskflow to None, run_after=None
[2025-12-17T12:49:34.555+0530] {logging_mixin.py:190} INFO - [2025-12-17T12:49:34.554+0530] {dag.py:4180} INFO - Setting next_dagrun for dataset_s3_bucket_producer_with_no_taskflow to None, run_after=None
[2025-12-17T12:49:34.592+0530] {processor.py:208} INFO - Processing /home/sneha/spotify_airflow_project/venv/lib/python3.12/site-packages/airflow/example_dags/example_dataset_alias_with_no_taskflow.py took 0.183 seconds
[2025-12-17T12:50:51.963+0530] {processor.py:186} INFO - Started process (PID=71693) to work on /home/sneha/spotify_airflow_project/venv/lib/python3.12/site-packages/airflow/example_dags/example_dataset_alias_with_no_taskflow.py
[2025-12-17T12:50:51.965+0530] {processor.py:914} INFO - Processing file /home/sneha/spotify_airflow_project/venv/lib/python3.12/site-packages/airflow/example_dags/example_dataset_alias_with_no_taskflow.py for tasks to queue
[2025-12-17T12:50:51.971+0530] {logging_mixin.py:190} INFO - [2025-12-17T12:50:51.970+0530] {dagbag.py:588} INFO - Filling up the DagBag from /home/sneha/spotify_airflow_project/venv/lib/python3.12/site-packages/airflow/example_dags/example_dataset_alias_with_no_taskflow.py
[2025-12-17T12:50:52.010+0530] {processor.py:925} INFO - DAG(s) 'dataset_alias_example_alias_consumer_with_no_taskflow', 'dataset_s3_bucket_consumer_with_no_taskflow', 'dataset_s3_bucket_producer_with_no_taskflow', 'dataset_alias_example_alias_producer_with_no_taskflow' retrieved from /home/sneha/spotify_airflow_project/venv/lib/python3.12/site-packages/airflow/example_dags/example_dataset_alias_with_no_taskflow.py
[2025-12-17T12:50:52.042+0530] {logging_mixin.py:190} INFO - [2025-12-17T12:50:52.042+0530] {dag.py:3239} INFO - Sync 4 DAGs
[2025-12-17T12:50:52.073+0530] {logging_mixin.py:190} INFO - [2025-12-17T12:50:52.072+0530] {dag.py:4180} INFO - Setting next_dagrun for dataset_alias_example_alias_consumer_with_no_taskflow to None, run_after=None
[2025-12-17T12:50:52.076+0530] {logging_mixin.py:190} INFO - [2025-12-17T12:50:52.076+0530] {dag.py:4180} INFO - Setting next_dagrun for dataset_alias_example_alias_producer_with_no_taskflow to None, run_after=None
[2025-12-17T12:50:52.078+0530] {logging_mixin.py:190} INFO - [2025-12-17T12:50:52.078+0530] {dag.py:4180} INFO - Setting next_dagrun for dataset_s3_bucket_consumer_with_no_taskflow to None, run_after=None
[2025-12-17T12:50:52.079+0530] {logging_mixin.py:190} INFO - [2025-12-17T12:50:52.079+0530] {dag.py:4180} INFO - Setting next_dagrun for dataset_s3_bucket_producer_with_no_taskflow to None, run_after=None
[2025-12-17T12:50:52.112+0530] {processor.py:208} INFO - Processing /home/sneha/spotify_airflow_project/venv/lib/python3.12/site-packages/airflow/example_dags/example_dataset_alias_with_no_taskflow.py took 0.160 seconds
[2025-12-17T12:52:05.120+0530] {processor.py:186} INFO - Started process (PID=72240) to work on /home/sneha/spotify_airflow_project/venv/lib/python3.12/site-packages/airflow/example_dags/example_dataset_alias_with_no_taskflow.py
[2025-12-17T12:52:05.122+0530] {processor.py:914} INFO - Processing file /home/sneha/spotify_airflow_project/venv/lib/python3.12/site-packages/airflow/example_dags/example_dataset_alias_with_no_taskflow.py for tasks to queue
[2025-12-17T12:52:05.126+0530] {logging_mixin.py:190} INFO - [2025-12-17T12:52:05.125+0530] {dagbag.py:588} INFO - Filling up the DagBag from /home/sneha/spotify_airflow_project/venv/lib/python3.12/site-packages/airflow/example_dags/example_dataset_alias_with_no_taskflow.py
[2025-12-17T12:52:05.163+0530] {processor.py:925} INFO - DAG(s) 'dataset_alias_example_alias_consumer_with_no_taskflow', 'dataset_alias_example_alias_producer_with_no_taskflow', 'dataset_s3_bucket_producer_with_no_taskflow', 'dataset_s3_bucket_consumer_with_no_taskflow' retrieved from /home/sneha/spotify_airflow_project/venv/lib/python3.12/site-packages/airflow/example_dags/example_dataset_alias_with_no_taskflow.py
[2025-12-17T12:52:05.199+0530] {logging_mixin.py:190} INFO - [2025-12-17T12:52:05.198+0530] {dag.py:3239} INFO - Sync 4 DAGs
[2025-12-17T12:52:05.231+0530] {logging_mixin.py:190} INFO - [2025-12-17T12:52:05.231+0530] {dag.py:4180} INFO - Setting next_dagrun for dataset_alias_example_alias_consumer_with_no_taskflow to None, run_after=None
[2025-12-17T12:52:05.234+0530] {logging_mixin.py:190} INFO - [2025-12-17T12:52:05.234+0530] {dag.py:4180} INFO - Setting next_dagrun for dataset_alias_example_alias_producer_with_no_taskflow to None, run_after=None
[2025-12-17T12:52:05.236+0530] {logging_mixin.py:190} INFO - [2025-12-17T12:52:05.236+0530] {dag.py:4180} INFO - Setting next_dagrun for dataset_s3_bucket_consumer_with_no_taskflow to None, run_after=None
[2025-12-17T12:52:05.237+0530] {logging_mixin.py:190} INFO - [2025-12-17T12:52:05.237+0530] {dag.py:4180} INFO - Setting next_dagrun for dataset_s3_bucket_producer_with_no_taskflow to None, run_after=None
[2025-12-17T12:52:05.277+0530] {processor.py:208} INFO - Processing /home/sneha/spotify_airflow_project/venv/lib/python3.12/site-packages/airflow/example_dags/example_dataset_alias_with_no_taskflow.py took 0.169 seconds
[2025-12-17T12:54:06.501+0530] {processor.py:186} INFO - Started process (PID=73010) to work on /home/sneha/spotify_airflow_project/venv/lib/python3.12/site-packages/airflow/example_dags/example_dataset_alias_with_no_taskflow.py
[2025-12-17T12:54:06.503+0530] {processor.py:914} INFO - Processing file /home/sneha/spotify_airflow_project/venv/lib/python3.12/site-packages/airflow/example_dags/example_dataset_alias_with_no_taskflow.py for tasks to queue
[2025-12-17T12:54:06.506+0530] {logging_mixin.py:190} INFO - [2025-12-17T12:54:06.506+0530] {dagbag.py:588} INFO - Filling up the DagBag from /home/sneha/spotify_airflow_project/venv/lib/python3.12/site-packages/airflow/example_dags/example_dataset_alias_with_no_taskflow.py
[2025-12-17T12:54:06.547+0530] {processor.py:925} INFO - DAG(s) 'dataset_s3_bucket_consumer_with_no_taskflow', 'dataset_alias_example_alias_consumer_with_no_taskflow', 'dataset_s3_bucket_producer_with_no_taskflow', 'dataset_alias_example_alias_producer_with_no_taskflow' retrieved from /home/sneha/spotify_airflow_project/venv/lib/python3.12/site-packages/airflow/example_dags/example_dataset_alias_with_no_taskflow.py
[2025-12-17T12:54:06.581+0530] {logging_mixin.py:190} INFO - [2025-12-17T12:54:06.580+0530] {dag.py:3239} INFO - Sync 4 DAGs
[2025-12-17T12:54:06.845+0530] {logging_mixin.py:190} INFO - [2025-12-17T12:54:06.844+0530] {dag.py:4180} INFO - Setting next_dagrun for dataset_alias_example_alias_consumer_with_no_taskflow to None, run_after=None
[2025-12-17T12:54:06.850+0530] {logging_mixin.py:190} INFO - [2025-12-17T12:54:06.849+0530] {dag.py:4180} INFO - Setting next_dagrun for dataset_alias_example_alias_producer_with_no_taskflow to None, run_after=None
[2025-12-17T12:54:06.852+0530] {logging_mixin.py:190} INFO - [2025-12-17T12:54:06.851+0530] {dag.py:4180} INFO - Setting next_dagrun for dataset_s3_bucket_consumer_with_no_taskflow to None, run_after=None
[2025-12-17T12:54:06.853+0530] {logging_mixin.py:190} INFO - [2025-12-17T12:54:06.853+0530] {dag.py:4180} INFO - Setting next_dagrun for dataset_s3_bucket_producer_with_no_taskflow to None, run_after=None
[2025-12-17T12:54:06.891+0530] {processor.py:208} INFO - Processing /home/sneha/spotify_airflow_project/venv/lib/python3.12/site-packages/airflow/example_dags/example_dataset_alias_with_no_taskflow.py took 0.400 seconds
[2025-12-17T12:55:38.180+0530] {processor.py:186} INFO - Started process (PID=73512) to work on /home/sneha/spotify_airflow_project/venv/lib/python3.12/site-packages/airflow/example_dags/example_dataset_alias_with_no_taskflow.py
[2025-12-17T12:55:38.182+0530] {processor.py:914} INFO - Processing file /home/sneha/spotify_airflow_project/venv/lib/python3.12/site-packages/airflow/example_dags/example_dataset_alias_with_no_taskflow.py for tasks to queue
[2025-12-17T12:55:38.185+0530] {logging_mixin.py:190} INFO - [2025-12-17T12:55:38.185+0530] {dagbag.py:588} INFO - Filling up the DagBag from /home/sneha/spotify_airflow_project/venv/lib/python3.12/site-packages/airflow/example_dags/example_dataset_alias_with_no_taskflow.py
[2025-12-17T12:55:38.220+0530] {processor.py:925} INFO - DAG(s) 'dataset_s3_bucket_consumer_with_no_taskflow', 'dataset_s3_bucket_producer_with_no_taskflow', 'dataset_alias_example_alias_consumer_with_no_taskflow', 'dataset_alias_example_alias_producer_with_no_taskflow' retrieved from /home/sneha/spotify_airflow_project/venv/lib/python3.12/site-packages/airflow/example_dags/example_dataset_alias_with_no_taskflow.py
[2025-12-17T12:55:38.251+0530] {logging_mixin.py:190} INFO - [2025-12-17T12:55:38.250+0530] {dag.py:3239} INFO - Sync 4 DAGs
[2025-12-17T12:55:38.286+0530] {logging_mixin.py:190} INFO - [2025-12-17T12:55:38.285+0530] {dag.py:4180} INFO - Setting next_dagrun for dataset_alias_example_alias_consumer_with_no_taskflow to None, run_after=None
[2025-12-17T12:55:38.289+0530] {logging_mixin.py:190} INFO - [2025-12-17T12:55:38.289+0530] {dag.py:4180} INFO - Setting next_dagrun for dataset_alias_example_alias_producer_with_no_taskflow to None, run_after=None
[2025-12-17T12:55:38.291+0530] {logging_mixin.py:190} INFO - [2025-12-17T12:55:38.291+0530] {dag.py:4180} INFO - Setting next_dagrun for dataset_s3_bucket_consumer_with_no_taskflow to None, run_after=None
[2025-12-17T12:55:38.292+0530] {logging_mixin.py:190} INFO - [2025-12-17T12:55:38.292+0530] {dag.py:4180} INFO - Setting next_dagrun for dataset_s3_bucket_producer_with_no_taskflow to None, run_after=None
[2025-12-17T12:55:38.325+0530] {processor.py:208} INFO - Processing /home/sneha/spotify_airflow_project/venv/lib/python3.12/site-packages/airflow/example_dags/example_dataset_alias_with_no_taskflow.py took 0.154 seconds
