[2025-12-17T10:30:31.738+0530] {processor.py:186} INFO - Started process (PID=7235) to work on /home/sneha/spotify_airflow_project/venv/lib/python3.12/site-packages/airflow/example_dags/example_params_ui_tutorial.py
[2025-12-17T10:30:31.740+0530] {processor.py:914} INFO - Processing file /home/sneha/spotify_airflow_project/venv/lib/python3.12/site-packages/airflow/example_dags/example_params_ui_tutorial.py for tasks to queue
[2025-12-17T10:30:31.742+0530] {logging_mixin.py:190} INFO - [2025-12-17T10:30:31.742+0530] {dagbag.py:588} INFO - Filling up the DagBag from /home/sneha/spotify_airflow_project/venv/lib/python3.12/site-packages/airflow/example_dags/example_params_ui_tutorial.py
[2025-12-17T10:30:31.754+0530] {processor.py:925} INFO - DAG(s) 'example_params_ui_tutorial' retrieved from /home/sneha/spotify_airflow_project/venv/lib/python3.12/site-packages/airflow/example_dags/example_params_ui_tutorial.py
[2025-12-17T10:30:31.885+0530] {logging_mixin.py:190} INFO - [2025-12-17T10:30:31.885+0530] {dag.py:3239} INFO - Sync 1 DAGs
[2025-12-17T10:30:31.895+0530] {logging_mixin.py:190} INFO - [2025-12-17T10:30:31.895+0530] {dag.py:4180} INFO - Setting next_dagrun for example_params_ui_tutorial to None, run_after=None
[2025-12-17T10:30:31.915+0530] {processor.py:208} INFO - Processing /home/sneha/spotify_airflow_project/venv/lib/python3.12/site-packages/airflow/example_dags/example_params_ui_tutorial.py took 0.183 seconds
[2025-12-17T10:31:33.377+0530] {processor.py:186} INFO - Started process (PID=7480) to work on /home/sneha/spotify_airflow_project/venv/lib/python3.12/site-packages/airflow/example_dags/example_params_ui_tutorial.py
[2025-12-17T10:31:33.381+0530] {processor.py:914} INFO - Processing file /home/sneha/spotify_airflow_project/venv/lib/python3.12/site-packages/airflow/example_dags/example_params_ui_tutorial.py for tasks to queue
[2025-12-17T10:31:33.383+0530] {logging_mixin.py:190} INFO - [2025-12-17T10:31:33.382+0530] {dagbag.py:588} INFO - Filling up the DagBag from /home/sneha/spotify_airflow_project/venv/lib/python3.12/site-packages/airflow/example_dags/example_params_ui_tutorial.py
[2025-12-17T10:31:33.392+0530] {processor.py:925} INFO - DAG(s) 'example_params_ui_tutorial' retrieved from /home/sneha/spotify_airflow_project/venv/lib/python3.12/site-packages/airflow/example_dags/example_params_ui_tutorial.py
[2025-12-17T10:31:33.432+0530] {logging_mixin.py:190} INFO - [2025-12-17T10:31:33.432+0530] {dag.py:3239} INFO - Sync 1 DAGs
[2025-12-17T10:31:33.444+0530] {logging_mixin.py:190} INFO - [2025-12-17T10:31:33.444+0530] {dag.py:4180} INFO - Setting next_dagrun for example_params_ui_tutorial to None, run_after=None
[2025-12-17T10:31:33.463+0530] {processor.py:208} INFO - Processing /home/sneha/spotify_airflow_project/venv/lib/python3.12/site-packages/airflow/example_dags/example_params_ui_tutorial.py took 0.097 seconds
[2025-12-17T10:32:30.892+0530] {processor.py:186} INFO - Started process (PID=7881) to work on /home/sneha/spotify_airflow_project/venv/lib/python3.12/site-packages/airflow/example_dags/example_params_ui_tutorial.py
[2025-12-17T10:32:30.893+0530] {processor.py:914} INFO - Processing file /home/sneha/spotify_airflow_project/venv/lib/python3.12/site-packages/airflow/example_dags/example_params_ui_tutorial.py for tasks to queue
[2025-12-17T10:32:30.895+0530] {logging_mixin.py:190} INFO - [2025-12-17T10:32:30.894+0530] {dagbag.py:588} INFO - Filling up the DagBag from /home/sneha/spotify_airflow_project/venv/lib/python3.12/site-packages/airflow/example_dags/example_params_ui_tutorial.py
[2025-12-17T10:32:30.904+0530] {processor.py:925} INFO - DAG(s) 'example_params_ui_tutorial' retrieved from /home/sneha/spotify_airflow_project/venv/lib/python3.12/site-packages/airflow/example_dags/example_params_ui_tutorial.py
[2025-12-17T10:32:30.946+0530] {logging_mixin.py:190} INFO - [2025-12-17T10:32:30.945+0530] {dag.py:3239} INFO - Sync 1 DAGs
[2025-12-17T10:32:30.958+0530] {logging_mixin.py:190} INFO - [2025-12-17T10:32:30.958+0530] {dag.py:4180} INFO - Setting next_dagrun for example_params_ui_tutorial to None, run_after=None
[2025-12-17T10:32:30.981+0530] {processor.py:208} INFO - Processing /home/sneha/spotify_airflow_project/venv/lib/python3.12/site-packages/airflow/example_dags/example_params_ui_tutorial.py took 0.099 seconds
[2025-12-17T10:33:28.404+0530] {processor.py:186} INFO - Started process (PID=8287) to work on /home/sneha/spotify_airflow_project/venv/lib/python3.12/site-packages/airflow/example_dags/example_params_ui_tutorial.py
[2025-12-17T10:33:28.405+0530] {processor.py:914} INFO - Processing file /home/sneha/spotify_airflow_project/venv/lib/python3.12/site-packages/airflow/example_dags/example_params_ui_tutorial.py for tasks to queue
[2025-12-17T10:33:28.408+0530] {logging_mixin.py:190} INFO - [2025-12-17T10:33:28.407+0530] {dagbag.py:588} INFO - Filling up the DagBag from /home/sneha/spotify_airflow_project/venv/lib/python3.12/site-packages/airflow/example_dags/example_params_ui_tutorial.py
[2025-12-17T10:33:28.418+0530] {processor.py:925} INFO - DAG(s) 'example_params_ui_tutorial' retrieved from /home/sneha/spotify_airflow_project/venv/lib/python3.12/site-packages/airflow/example_dags/example_params_ui_tutorial.py
[2025-12-17T10:33:28.462+0530] {logging_mixin.py:190} INFO - [2025-12-17T10:33:28.462+0530] {dag.py:3239} INFO - Sync 1 DAGs
[2025-12-17T10:33:28.475+0530] {logging_mixin.py:190} INFO - [2025-12-17T10:33:28.475+0530] {dag.py:4180} INFO - Setting next_dagrun for example_params_ui_tutorial to None, run_after=None
[2025-12-17T10:33:28.496+0530] {processor.py:208} INFO - Processing /home/sneha/spotify_airflow_project/venv/lib/python3.12/site-packages/airflow/example_dags/example_params_ui_tutorial.py took 0.099 seconds
[2025-12-17T10:34:24.106+0530] {processor.py:186} INFO - Started process (PID=8617) to work on /home/sneha/spotify_airflow_project/venv/lib/python3.12/site-packages/airflow/example_dags/example_params_ui_tutorial.py
[2025-12-17T10:34:24.107+0530] {processor.py:914} INFO - Processing file /home/sneha/spotify_airflow_project/venv/lib/python3.12/site-packages/airflow/example_dags/example_params_ui_tutorial.py for tasks to queue
[2025-12-17T10:34:24.111+0530] {logging_mixin.py:190} INFO - [2025-12-17T10:34:24.110+0530] {dagbag.py:588} INFO - Filling up the DagBag from /home/sneha/spotify_airflow_project/venv/lib/python3.12/site-packages/airflow/example_dags/example_params_ui_tutorial.py
[2025-12-17T10:34:24.120+0530] {processor.py:925} INFO - DAG(s) 'example_params_ui_tutorial' retrieved from /home/sneha/spotify_airflow_project/venv/lib/python3.12/site-packages/airflow/example_dags/example_params_ui_tutorial.py
[2025-12-17T10:34:24.167+0530] {logging_mixin.py:190} INFO - [2025-12-17T10:34:24.167+0530] {dag.py:3239} INFO - Sync 1 DAGs
[2025-12-17T10:34:24.182+0530] {logging_mixin.py:190} INFO - [2025-12-17T10:34:24.182+0530] {dag.py:4180} INFO - Setting next_dagrun for example_params_ui_tutorial to None, run_after=None
[2025-12-17T10:34:24.203+0530] {processor.py:208} INFO - Processing /home/sneha/spotify_airflow_project/venv/lib/python3.12/site-packages/airflow/example_dags/example_params_ui_tutorial.py took 0.105 seconds
[2025-12-17T10:35:41.524+0530] {processor.py:186} INFO - Started process (PID=9495) to work on /home/sneha/spotify_airflow_project/venv/lib/python3.12/site-packages/airflow/example_dags/example_params_ui_tutorial.py
[2025-12-17T10:35:41.536+0530] {processor.py:914} INFO - Processing file /home/sneha/spotify_airflow_project/venv/lib/python3.12/site-packages/airflow/example_dags/example_params_ui_tutorial.py for tasks to queue
[2025-12-17T10:35:41.538+0530] {logging_mixin.py:190} INFO - [2025-12-17T10:35:41.538+0530] {dagbag.py:588} INFO - Filling up the DagBag from /home/sneha/spotify_airflow_project/venv/lib/python3.12/site-packages/airflow/example_dags/example_params_ui_tutorial.py
[2025-12-17T10:35:41.551+0530] {processor.py:925} INFO - DAG(s) 'example_params_ui_tutorial' retrieved from /home/sneha/spotify_airflow_project/venv/lib/python3.12/site-packages/airflow/example_dags/example_params_ui_tutorial.py
[2025-12-17T10:35:41.600+0530] {logging_mixin.py:190} INFO - [2025-12-17T10:35:41.600+0530] {dag.py:3239} INFO - Sync 1 DAGs
[2025-12-17T10:35:41.732+0530] {logging_mixin.py:190} INFO - [2025-12-17T10:35:41.731+0530] {dag.py:4180} INFO - Setting next_dagrun for example_params_ui_tutorial to None, run_after=None
[2025-12-17T10:35:41.749+0530] {processor.py:208} INFO - Processing /home/sneha/spotify_airflow_project/venv/lib/python3.12/site-packages/airflow/example_dags/example_params_ui_tutorial.py took 0.233 seconds
[2025-12-17T10:36:42.807+0530] {processor.py:186} INFO - Started process (PID=9928) to work on /home/sneha/spotify_airflow_project/venv/lib/python3.12/site-packages/airflow/example_dags/example_params_ui_tutorial.py
[2025-12-17T10:36:42.809+0530] {processor.py:914} INFO - Processing file /home/sneha/spotify_airflow_project/venv/lib/python3.12/site-packages/airflow/example_dags/example_params_ui_tutorial.py for tasks to queue
[2025-12-17T10:36:42.811+0530] {logging_mixin.py:190} INFO - [2025-12-17T10:36:42.811+0530] {dagbag.py:588} INFO - Filling up the DagBag from /home/sneha/spotify_airflow_project/venv/lib/python3.12/site-packages/airflow/example_dags/example_params_ui_tutorial.py
[2025-12-17T10:36:42.820+0530] {processor.py:925} INFO - DAG(s) 'example_params_ui_tutorial' retrieved from /home/sneha/spotify_airflow_project/venv/lib/python3.12/site-packages/airflow/example_dags/example_params_ui_tutorial.py
[2025-12-17T10:36:42.863+0530] {logging_mixin.py:190} INFO - [2025-12-17T10:36:42.863+0530] {dag.py:3239} INFO - Sync 1 DAGs
[2025-12-17T10:36:42.876+0530] {logging_mixin.py:190} INFO - [2025-12-17T10:36:42.876+0530] {dag.py:4180} INFO - Setting next_dagrun for example_params_ui_tutorial to None, run_after=None
[2025-12-17T10:36:42.899+0530] {processor.py:208} INFO - Processing /home/sneha/spotify_airflow_project/venv/lib/python3.12/site-packages/airflow/example_dags/example_params_ui_tutorial.py took 0.100 seconds
[2025-12-17T10:37:43.865+0530] {processor.py:186} INFO - Started process (PID=10353) to work on /home/sneha/spotify_airflow_project/venv/lib/python3.12/site-packages/airflow/example_dags/example_params_ui_tutorial.py
[2025-12-17T10:37:43.866+0530] {processor.py:914} INFO - Processing file /home/sneha/spotify_airflow_project/venv/lib/python3.12/site-packages/airflow/example_dags/example_params_ui_tutorial.py for tasks to queue
[2025-12-17T10:37:43.868+0530] {logging_mixin.py:190} INFO - [2025-12-17T10:37:43.868+0530] {dagbag.py:588} INFO - Filling up the DagBag from /home/sneha/spotify_airflow_project/venv/lib/python3.12/site-packages/airflow/example_dags/example_params_ui_tutorial.py
[2025-12-17T10:37:43.878+0530] {processor.py:925} INFO - DAG(s) 'example_params_ui_tutorial' retrieved from /home/sneha/spotify_airflow_project/venv/lib/python3.12/site-packages/airflow/example_dags/example_params_ui_tutorial.py
[2025-12-17T10:37:43.921+0530] {logging_mixin.py:190} INFO - [2025-12-17T10:37:43.920+0530] {dag.py:3239} INFO - Sync 1 DAGs
[2025-12-17T10:37:43.934+0530] {logging_mixin.py:190} INFO - [2025-12-17T10:37:43.934+0530] {dag.py:4180} INFO - Setting next_dagrun for example_params_ui_tutorial to None, run_after=None
[2025-12-17T10:37:43.953+0530] {processor.py:208} INFO - Processing /home/sneha/spotify_airflow_project/venv/lib/python3.12/site-packages/airflow/example_dags/example_params_ui_tutorial.py took 0.099 seconds
[2025-12-17T10:38:42.296+0530] {processor.py:186} INFO - Started process (PID=10774) to work on /home/sneha/spotify_airflow_project/venv/lib/python3.12/site-packages/airflow/example_dags/example_params_ui_tutorial.py
[2025-12-17T10:38:42.297+0530] {processor.py:914} INFO - Processing file /home/sneha/spotify_airflow_project/venv/lib/python3.12/site-packages/airflow/example_dags/example_params_ui_tutorial.py for tasks to queue
[2025-12-17T10:38:42.300+0530] {logging_mixin.py:190} INFO - [2025-12-17T10:38:42.300+0530] {dagbag.py:588} INFO - Filling up the DagBag from /home/sneha/spotify_airflow_project/venv/lib/python3.12/site-packages/airflow/example_dags/example_params_ui_tutorial.py
[2025-12-17T10:38:42.310+0530] {processor.py:925} INFO - DAG(s) 'example_params_ui_tutorial' retrieved from /home/sneha/spotify_airflow_project/venv/lib/python3.12/site-packages/airflow/example_dags/example_params_ui_tutorial.py
[2025-12-17T10:38:42.352+0530] {logging_mixin.py:190} INFO - [2025-12-17T10:38:42.352+0530] {dag.py:3239} INFO - Sync 1 DAGs
[2025-12-17T10:38:42.365+0530] {logging_mixin.py:190} INFO - [2025-12-17T10:38:42.365+0530] {dag.py:4180} INFO - Setting next_dagrun for example_params_ui_tutorial to None, run_after=None
[2025-12-17T10:38:42.385+0530] {processor.py:208} INFO - Processing /home/sneha/spotify_airflow_project/venv/lib/python3.12/site-packages/airflow/example_dags/example_params_ui_tutorial.py took 0.097 seconds
[2025-12-17T10:39:39.790+0530] {processor.py:186} INFO - Started process (PID=11190) to work on /home/sneha/spotify_airflow_project/venv/lib/python3.12/site-packages/airflow/example_dags/example_params_ui_tutorial.py
[2025-12-17T10:39:39.791+0530] {processor.py:914} INFO - Processing file /home/sneha/spotify_airflow_project/venv/lib/python3.12/site-packages/airflow/example_dags/example_params_ui_tutorial.py for tasks to queue
[2025-12-17T10:39:39.793+0530] {logging_mixin.py:190} INFO - [2025-12-17T10:39:39.793+0530] {dagbag.py:588} INFO - Filling up the DagBag from /home/sneha/spotify_airflow_project/venv/lib/python3.12/site-packages/airflow/example_dags/example_params_ui_tutorial.py
[2025-12-17T10:39:39.803+0530] {processor.py:925} INFO - DAG(s) 'example_params_ui_tutorial' retrieved from /home/sneha/spotify_airflow_project/venv/lib/python3.12/site-packages/airflow/example_dags/example_params_ui_tutorial.py
[2025-12-17T10:39:39.845+0530] {logging_mixin.py:190} INFO - [2025-12-17T10:39:39.845+0530] {dag.py:3239} INFO - Sync 1 DAGs
[2025-12-17T10:39:39.858+0530] {logging_mixin.py:190} INFO - [2025-12-17T10:39:39.858+0530] {dag.py:4180} INFO - Setting next_dagrun for example_params_ui_tutorial to None, run_after=None
[2025-12-17T10:39:39.877+0530] {processor.py:208} INFO - Processing /home/sneha/spotify_airflow_project/venv/lib/python3.12/site-packages/airflow/example_dags/example_params_ui_tutorial.py took 0.097 seconds
[2025-12-17T10:40:39.552+0530] {processor.py:186} INFO - Started process (PID=11673) to work on /home/sneha/spotify_airflow_project/venv/lib/python3.12/site-packages/airflow/example_dags/example_params_ui_tutorial.py
[2025-12-17T10:40:39.553+0530] {processor.py:914} INFO - Processing file /home/sneha/spotify_airflow_project/venv/lib/python3.12/site-packages/airflow/example_dags/example_params_ui_tutorial.py for tasks to queue
[2025-12-17T10:40:39.555+0530] {logging_mixin.py:190} INFO - [2025-12-17T10:40:39.554+0530] {dagbag.py:588} INFO - Filling up the DagBag from /home/sneha/spotify_airflow_project/venv/lib/python3.12/site-packages/airflow/example_dags/example_params_ui_tutorial.py
[2025-12-17T10:40:39.563+0530] {processor.py:925} INFO - DAG(s) 'example_params_ui_tutorial' retrieved from /home/sneha/spotify_airflow_project/venv/lib/python3.12/site-packages/airflow/example_dags/example_params_ui_tutorial.py
[2025-12-17T10:40:39.602+0530] {logging_mixin.py:190} INFO - [2025-12-17T10:40:39.601+0530] {dag.py:3239} INFO - Sync 1 DAGs
[2025-12-17T10:40:39.615+0530] {logging_mixin.py:190} INFO - [2025-12-17T10:40:39.615+0530] {dag.py:4180} INFO - Setting next_dagrun for example_params_ui_tutorial to None, run_after=None
[2025-12-17T10:40:39.636+0530] {processor.py:208} INFO - Processing /home/sneha/spotify_airflow_project/venv/lib/python3.12/site-packages/airflow/example_dags/example_params_ui_tutorial.py took 0.095 seconds
[2025-12-17T10:41:35.727+0530] {processor.py:186} INFO - Started process (PID=11788) to work on /home/sneha/spotify_airflow_project/venv/lib/python3.12/site-packages/airflow/example_dags/example_params_ui_tutorial.py
[2025-12-17T10:41:35.728+0530] {processor.py:914} INFO - Processing file /home/sneha/spotify_airflow_project/venv/lib/python3.12/site-packages/airflow/example_dags/example_params_ui_tutorial.py for tasks to queue
[2025-12-17T10:41:35.730+0530] {logging_mixin.py:190} INFO - [2025-12-17T10:41:35.730+0530] {dagbag.py:588} INFO - Filling up the DagBag from /home/sneha/spotify_airflow_project/venv/lib/python3.12/site-packages/airflow/example_dags/example_params_ui_tutorial.py
[2025-12-17T10:41:35.739+0530] {processor.py:925} INFO - DAG(s) 'example_params_ui_tutorial' retrieved from /home/sneha/spotify_airflow_project/venv/lib/python3.12/site-packages/airflow/example_dags/example_params_ui_tutorial.py
[2025-12-17T10:41:35.779+0530] {logging_mixin.py:190} INFO - [2025-12-17T10:41:35.779+0530] {dag.py:3239} INFO - Sync 1 DAGs
[2025-12-17T10:41:35.792+0530] {logging_mixin.py:190} INFO - [2025-12-17T10:41:35.792+0530] {dag.py:4180} INFO - Setting next_dagrun for example_params_ui_tutorial to None, run_after=None
[2025-12-17T10:41:35.812+0530] {processor.py:208} INFO - Processing /home/sneha/spotify_airflow_project/venv/lib/python3.12/site-packages/airflow/example_dags/example_params_ui_tutorial.py took 0.096 seconds
[2025-12-17T10:42:29.137+0530] {processor.py:186} INFO - Started process (PID=12097) to work on /home/sneha/spotify_airflow_project/venv/lib/python3.12/site-packages/airflow/example_dags/example_params_ui_tutorial.py
[2025-12-17T10:42:29.139+0530] {processor.py:914} INFO - Processing file /home/sneha/spotify_airflow_project/venv/lib/python3.12/site-packages/airflow/example_dags/example_params_ui_tutorial.py for tasks to queue
[2025-12-17T10:42:29.141+0530] {logging_mixin.py:190} INFO - [2025-12-17T10:42:29.140+0530] {dagbag.py:588} INFO - Filling up the DagBag from /home/sneha/spotify_airflow_project/venv/lib/python3.12/site-packages/airflow/example_dags/example_params_ui_tutorial.py
[2025-12-17T10:42:29.150+0530] {processor.py:925} INFO - DAG(s) 'example_params_ui_tutorial' retrieved from /home/sneha/spotify_airflow_project/venv/lib/python3.12/site-packages/airflow/example_dags/example_params_ui_tutorial.py
[2025-12-17T10:42:29.191+0530] {logging_mixin.py:190} INFO - [2025-12-17T10:42:29.191+0530] {dag.py:3239} INFO - Sync 1 DAGs
[2025-12-17T10:42:29.203+0530] {logging_mixin.py:190} INFO - [2025-12-17T10:42:29.203+0530] {dag.py:4180} INFO - Setting next_dagrun for example_params_ui_tutorial to None, run_after=None
[2025-12-17T10:42:29.224+0530] {processor.py:208} INFO - Processing /home/sneha/spotify_airflow_project/venv/lib/python3.12/site-packages/airflow/example_dags/example_params_ui_tutorial.py took 0.094 seconds
[2025-12-17T10:43:27.652+0530] {processor.py:186} INFO - Started process (PID=12209) to work on /home/sneha/spotify_airflow_project/venv/lib/python3.12/site-packages/airflow/example_dags/example_params_ui_tutorial.py
[2025-12-17T10:43:27.653+0530] {processor.py:914} INFO - Processing file /home/sneha/spotify_airflow_project/venv/lib/python3.12/site-packages/airflow/example_dags/example_params_ui_tutorial.py for tasks to queue
[2025-12-17T10:43:27.655+0530] {logging_mixin.py:190} INFO - [2025-12-17T10:43:27.655+0530] {dagbag.py:588} INFO - Filling up the DagBag from /home/sneha/spotify_airflow_project/venv/lib/python3.12/site-packages/airflow/example_dags/example_params_ui_tutorial.py
[2025-12-17T10:43:27.663+0530] {processor.py:925} INFO - DAG(s) 'example_params_ui_tutorial' retrieved from /home/sneha/spotify_airflow_project/venv/lib/python3.12/site-packages/airflow/example_dags/example_params_ui_tutorial.py
[2025-12-17T10:43:27.701+0530] {logging_mixin.py:190} INFO - [2025-12-17T10:43:27.701+0530] {dag.py:3239} INFO - Sync 1 DAGs
[2025-12-17T10:43:27.715+0530] {logging_mixin.py:190} INFO - [2025-12-17T10:43:27.715+0530] {dag.py:4180} INFO - Setting next_dagrun for example_params_ui_tutorial to None, run_after=None
[2025-12-17T10:43:27.736+0530] {processor.py:208} INFO - Processing /home/sneha/spotify_airflow_project/venv/lib/python3.12/site-packages/airflow/example_dags/example_params_ui_tutorial.py took 0.095 seconds
[2025-12-17T10:44:22.317+0530] {processor.py:186} INFO - Started process (PID=12268) to work on /home/sneha/spotify_airflow_project/venv/lib/python3.12/site-packages/airflow/example_dags/example_params_ui_tutorial.py
[2025-12-17T10:44:22.318+0530] {processor.py:914} INFO - Processing file /home/sneha/spotify_airflow_project/venv/lib/python3.12/site-packages/airflow/example_dags/example_params_ui_tutorial.py for tasks to queue
[2025-12-17T10:44:22.320+0530] {logging_mixin.py:190} INFO - [2025-12-17T10:44:22.319+0530] {dagbag.py:588} INFO - Filling up the DagBag from /home/sneha/spotify_airflow_project/venv/lib/python3.12/site-packages/airflow/example_dags/example_params_ui_tutorial.py
[2025-12-17T10:44:22.329+0530] {processor.py:925} INFO - DAG(s) 'example_params_ui_tutorial' retrieved from /home/sneha/spotify_airflow_project/venv/lib/python3.12/site-packages/airflow/example_dags/example_params_ui_tutorial.py
[2025-12-17T10:44:22.366+0530] {logging_mixin.py:190} INFO - [2025-12-17T10:44:22.366+0530] {dag.py:3239} INFO - Sync 1 DAGs
[2025-12-17T10:44:22.378+0530] {logging_mixin.py:190} INFO - [2025-12-17T10:44:22.378+0530] {dag.py:4180} INFO - Setting next_dagrun for example_params_ui_tutorial to None, run_after=None
[2025-12-17T10:44:22.396+0530] {processor.py:208} INFO - Processing /home/sneha/spotify_airflow_project/venv/lib/python3.12/site-packages/airflow/example_dags/example_params_ui_tutorial.py took 0.090 seconds
[2025-12-17T10:45:15.731+0530] {processor.py:186} INFO - Started process (PID=12382) to work on /home/sneha/spotify_airflow_project/venv/lib/python3.12/site-packages/airflow/example_dags/example_params_ui_tutorial.py
[2025-12-17T10:45:15.732+0530] {processor.py:914} INFO - Processing file /home/sneha/spotify_airflow_project/venv/lib/python3.12/site-packages/airflow/example_dags/example_params_ui_tutorial.py for tasks to queue
[2025-12-17T10:45:15.734+0530] {logging_mixin.py:190} INFO - [2025-12-17T10:45:15.734+0530] {dagbag.py:588} INFO - Filling up the DagBag from /home/sneha/spotify_airflow_project/venv/lib/python3.12/site-packages/airflow/example_dags/example_params_ui_tutorial.py
[2025-12-17T10:45:15.744+0530] {processor.py:925} INFO - DAG(s) 'example_params_ui_tutorial' retrieved from /home/sneha/spotify_airflow_project/venv/lib/python3.12/site-packages/airflow/example_dags/example_params_ui_tutorial.py
[2025-12-17T10:45:15.787+0530] {logging_mixin.py:190} INFO - [2025-12-17T10:45:15.787+0530] {dag.py:3239} INFO - Sync 1 DAGs
[2025-12-17T10:45:15.800+0530] {logging_mixin.py:190} INFO - [2025-12-17T10:45:15.800+0530] {dag.py:4180} INFO - Setting next_dagrun for example_params_ui_tutorial to None, run_after=None
[2025-12-17T10:45:15.819+0530] {processor.py:208} INFO - Processing /home/sneha/spotify_airflow_project/venv/lib/python3.12/site-packages/airflow/example_dags/example_params_ui_tutorial.py took 0.094 seconds
[2025-12-17T10:46:11.012+0530] {processor.py:186} INFO - Started process (PID=12442) to work on /home/sneha/spotify_airflow_project/venv/lib/python3.12/site-packages/airflow/example_dags/example_params_ui_tutorial.py
[2025-12-17T10:46:11.013+0530] {processor.py:914} INFO - Processing file /home/sneha/spotify_airflow_project/venv/lib/python3.12/site-packages/airflow/example_dags/example_params_ui_tutorial.py for tasks to queue
[2025-12-17T10:46:11.015+0530] {logging_mixin.py:190} INFO - [2025-12-17T10:46:11.015+0530] {dagbag.py:588} INFO - Filling up the DagBag from /home/sneha/spotify_airflow_project/venv/lib/python3.12/site-packages/airflow/example_dags/example_params_ui_tutorial.py
[2025-12-17T10:46:11.025+0530] {processor.py:925} INFO - DAG(s) 'example_params_ui_tutorial' retrieved from /home/sneha/spotify_airflow_project/venv/lib/python3.12/site-packages/airflow/example_dags/example_params_ui_tutorial.py
[2025-12-17T10:46:11.065+0530] {logging_mixin.py:190} INFO - [2025-12-17T10:46:11.064+0530] {dag.py:3239} INFO - Sync 1 DAGs
[2025-12-17T10:46:11.077+0530] {logging_mixin.py:190} INFO - [2025-12-17T10:46:11.077+0530] {dag.py:4180} INFO - Setting next_dagrun for example_params_ui_tutorial to None, run_after=None
[2025-12-17T10:46:11.096+0530] {processor.py:208} INFO - Processing /home/sneha/spotify_airflow_project/venv/lib/python3.12/site-packages/airflow/example_dags/example_params_ui_tutorial.py took 0.095 seconds
[2025-12-17T10:47:06.212+0530] {processor.py:186} INFO - Started process (PID=12704) to work on /home/sneha/spotify_airflow_project/venv/lib/python3.12/site-packages/airflow/example_dags/example_params_ui_tutorial.py
[2025-12-17T10:47:06.213+0530] {processor.py:914} INFO - Processing file /home/sneha/spotify_airflow_project/venv/lib/python3.12/site-packages/airflow/example_dags/example_params_ui_tutorial.py for tasks to queue
[2025-12-17T10:47:06.215+0530] {logging_mixin.py:190} INFO - [2025-12-17T10:47:06.214+0530] {dagbag.py:588} INFO - Filling up the DagBag from /home/sneha/spotify_airflow_project/venv/lib/python3.12/site-packages/airflow/example_dags/example_params_ui_tutorial.py
[2025-12-17T10:47:06.223+0530] {processor.py:925} INFO - DAG(s) 'example_params_ui_tutorial' retrieved from /home/sneha/spotify_airflow_project/venv/lib/python3.12/site-packages/airflow/example_dags/example_params_ui_tutorial.py
[2025-12-17T10:47:06.267+0530] {logging_mixin.py:190} INFO - [2025-12-17T10:47:06.267+0530] {dag.py:3239} INFO - Sync 1 DAGs
[2025-12-17T10:47:06.280+0530] {logging_mixin.py:190} INFO - [2025-12-17T10:47:06.279+0530] {dag.py:4180} INFO - Setting next_dagrun for example_params_ui_tutorial to None, run_after=None
[2025-12-17T10:47:06.298+0530] {processor.py:208} INFO - Processing /home/sneha/spotify_airflow_project/venv/lib/python3.12/site-packages/airflow/example_dags/example_params_ui_tutorial.py took 0.097 seconds
[2025-12-17T10:48:03.019+0530] {processor.py:186} INFO - Started process (PID=12790) to work on /home/sneha/spotify_airflow_project/venv/lib/python3.12/site-packages/airflow/example_dags/example_params_ui_tutorial.py
[2025-12-17T10:48:03.021+0530] {processor.py:914} INFO - Processing file /home/sneha/spotify_airflow_project/venv/lib/python3.12/site-packages/airflow/example_dags/example_params_ui_tutorial.py for tasks to queue
[2025-12-17T10:48:03.023+0530] {logging_mixin.py:190} INFO - [2025-12-17T10:48:03.022+0530] {dagbag.py:588} INFO - Filling up the DagBag from /home/sneha/spotify_airflow_project/venv/lib/python3.12/site-packages/airflow/example_dags/example_params_ui_tutorial.py
[2025-12-17T10:48:03.032+0530] {processor.py:925} INFO - DAG(s) 'example_params_ui_tutorial' retrieved from /home/sneha/spotify_airflow_project/venv/lib/python3.12/site-packages/airflow/example_dags/example_params_ui_tutorial.py
[2025-12-17T10:48:03.069+0530] {logging_mixin.py:190} INFO - [2025-12-17T10:48:03.069+0530] {dag.py:3239} INFO - Sync 1 DAGs
[2025-12-17T10:48:03.081+0530] {logging_mixin.py:190} INFO - [2025-12-17T10:48:03.081+0530] {dag.py:4180} INFO - Setting next_dagrun for example_params_ui_tutorial to None, run_after=None
[2025-12-17T10:48:03.101+0530] {processor.py:208} INFO - Processing /home/sneha/spotify_airflow_project/venv/lib/python3.12/site-packages/airflow/example_dags/example_params_ui_tutorial.py took 0.090 seconds
[2025-12-17T10:49:13.929+0530] {processor.py:186} INFO - Started process (PID=13378) to work on /home/sneha/spotify_airflow_project/venv/lib/python3.12/site-packages/airflow/example_dags/example_params_ui_tutorial.py
[2025-12-17T10:49:13.930+0530] {processor.py:914} INFO - Processing file /home/sneha/spotify_airflow_project/venv/lib/python3.12/site-packages/airflow/example_dags/example_params_ui_tutorial.py for tasks to queue
[2025-12-17T10:49:13.933+0530] {logging_mixin.py:190} INFO - [2025-12-17T10:49:13.932+0530] {dagbag.py:588} INFO - Filling up the DagBag from /home/sneha/spotify_airflow_project/venv/lib/python3.12/site-packages/airflow/example_dags/example_params_ui_tutorial.py
[2025-12-17T10:49:13.943+0530] {processor.py:925} INFO - DAG(s) 'example_params_ui_tutorial' retrieved from /home/sneha/spotify_airflow_project/venv/lib/python3.12/site-packages/airflow/example_dags/example_params_ui_tutorial.py
[2025-12-17T10:49:13.986+0530] {logging_mixin.py:190} INFO - [2025-12-17T10:49:13.986+0530] {dag.py:3239} INFO - Sync 1 DAGs
[2025-12-17T10:49:14.000+0530] {logging_mixin.py:190} INFO - [2025-12-17T10:49:14.000+0530] {dag.py:4180} INFO - Setting next_dagrun for example_params_ui_tutorial to None, run_after=None
[2025-12-17T10:49:14.021+0530] {processor.py:208} INFO - Processing /home/sneha/spotify_airflow_project/venv/lib/python3.12/site-packages/airflow/example_dags/example_params_ui_tutorial.py took 0.099 seconds
[2025-12-17T10:50:09.996+0530] {processor.py:186} INFO - Started process (PID=13719) to work on /home/sneha/spotify_airflow_project/venv/lib/python3.12/site-packages/airflow/example_dags/example_params_ui_tutorial.py
[2025-12-17T10:50:09.997+0530] {processor.py:914} INFO - Processing file /home/sneha/spotify_airflow_project/venv/lib/python3.12/site-packages/airflow/example_dags/example_params_ui_tutorial.py for tasks to queue
[2025-12-17T10:50:09.999+0530] {logging_mixin.py:190} INFO - [2025-12-17T10:50:09.999+0530] {dagbag.py:588} INFO - Filling up the DagBag from /home/sneha/spotify_airflow_project/venv/lib/python3.12/site-packages/airflow/example_dags/example_params_ui_tutorial.py
[2025-12-17T10:50:10.009+0530] {processor.py:925} INFO - DAG(s) 'example_params_ui_tutorial' retrieved from /home/sneha/spotify_airflow_project/venv/lib/python3.12/site-packages/airflow/example_dags/example_params_ui_tutorial.py
[2025-12-17T10:50:10.050+0530] {logging_mixin.py:190} INFO - [2025-12-17T10:50:10.050+0530] {dag.py:3239} INFO - Sync 1 DAGs
[2025-12-17T10:50:10.063+0530] {logging_mixin.py:190} INFO - [2025-12-17T10:50:10.063+0530] {dag.py:4180} INFO - Setting next_dagrun for example_params_ui_tutorial to None, run_after=None
[2025-12-17T10:50:10.083+0530] {processor.py:208} INFO - Processing /home/sneha/spotify_airflow_project/venv/lib/python3.12/site-packages/airflow/example_dags/example_params_ui_tutorial.py took 0.097 seconds
[2025-12-17T10:51:04.360+0530] {processor.py:186} INFO - Started process (PID=14027) to work on /home/sneha/spotify_airflow_project/venv/lib/python3.12/site-packages/airflow/example_dags/example_params_ui_tutorial.py
[2025-12-17T10:51:04.361+0530] {processor.py:914} INFO - Processing file /home/sneha/spotify_airflow_project/venv/lib/python3.12/site-packages/airflow/example_dags/example_params_ui_tutorial.py for tasks to queue
[2025-12-17T10:51:04.363+0530] {logging_mixin.py:190} INFO - [2025-12-17T10:51:04.363+0530] {dagbag.py:588} INFO - Filling up the DagBag from /home/sneha/spotify_airflow_project/venv/lib/python3.12/site-packages/airflow/example_dags/example_params_ui_tutorial.py
[2025-12-17T10:51:04.373+0530] {processor.py:925} INFO - DAG(s) 'example_params_ui_tutorial' retrieved from /home/sneha/spotify_airflow_project/venv/lib/python3.12/site-packages/airflow/example_dags/example_params_ui_tutorial.py
[2025-12-17T10:51:04.415+0530] {logging_mixin.py:190} INFO - [2025-12-17T10:51:04.415+0530] {dag.py:3239} INFO - Sync 1 DAGs
[2025-12-17T10:51:04.428+0530] {logging_mixin.py:190} INFO - [2025-12-17T10:51:04.428+0530] {dag.py:4180} INFO - Setting next_dagrun for example_params_ui_tutorial to None, run_after=None
[2025-12-17T10:51:04.448+0530] {processor.py:208} INFO - Processing /home/sneha/spotify_airflow_project/venv/lib/python3.12/site-packages/airflow/example_dags/example_params_ui_tutorial.py took 0.100 seconds
[2025-12-17T10:51:59.399+0530] {processor.py:186} INFO - Started process (PID=14414) to work on /home/sneha/spotify_airflow_project/venv/lib/python3.12/site-packages/airflow/example_dags/example_params_ui_tutorial.py
[2025-12-17T10:51:59.400+0530] {processor.py:914} INFO - Processing file /home/sneha/spotify_airflow_project/venv/lib/python3.12/site-packages/airflow/example_dags/example_params_ui_tutorial.py for tasks to queue
[2025-12-17T10:51:59.402+0530] {logging_mixin.py:190} INFO - [2025-12-17T10:51:59.402+0530] {dagbag.py:588} INFO - Filling up the DagBag from /home/sneha/spotify_airflow_project/venv/lib/python3.12/site-packages/airflow/example_dags/example_params_ui_tutorial.py
[2025-12-17T10:51:59.412+0530] {processor.py:925} INFO - DAG(s) 'example_params_ui_tutorial' retrieved from /home/sneha/spotify_airflow_project/venv/lib/python3.12/site-packages/airflow/example_dags/example_params_ui_tutorial.py
[2025-12-17T10:51:59.455+0530] {logging_mixin.py:190} INFO - [2025-12-17T10:51:59.455+0530] {dag.py:3239} INFO - Sync 1 DAGs
[2025-12-17T10:51:59.468+0530] {logging_mixin.py:190} INFO - [2025-12-17T10:51:59.468+0530] {dag.py:4180} INFO - Setting next_dagrun for example_params_ui_tutorial to None, run_after=None
[2025-12-17T10:51:59.490+0530] {processor.py:208} INFO - Processing /home/sneha/spotify_airflow_project/venv/lib/python3.12/site-packages/airflow/example_dags/example_params_ui_tutorial.py took 0.099 seconds
[2025-12-17T10:52:53.806+0530] {processor.py:186} INFO - Started process (PID=14802) to work on /home/sneha/spotify_airflow_project/venv/lib/python3.12/site-packages/airflow/example_dags/example_params_ui_tutorial.py
[2025-12-17T10:52:53.807+0530] {processor.py:914} INFO - Processing file /home/sneha/spotify_airflow_project/venv/lib/python3.12/site-packages/airflow/example_dags/example_params_ui_tutorial.py for tasks to queue
[2025-12-17T10:52:53.810+0530] {logging_mixin.py:190} INFO - [2025-12-17T10:52:53.809+0530] {dagbag.py:588} INFO - Filling up the DagBag from /home/sneha/spotify_airflow_project/venv/lib/python3.12/site-packages/airflow/example_dags/example_params_ui_tutorial.py
[2025-12-17T10:52:53.819+0530] {processor.py:925} INFO - DAG(s) 'example_params_ui_tutorial' retrieved from /home/sneha/spotify_airflow_project/venv/lib/python3.12/site-packages/airflow/example_dags/example_params_ui_tutorial.py
[2025-12-17T10:52:53.862+0530] {logging_mixin.py:190} INFO - [2025-12-17T10:52:53.862+0530] {dag.py:3239} INFO - Sync 1 DAGs
[2025-12-17T10:52:53.880+0530] {logging_mixin.py:190} INFO - [2025-12-17T10:52:53.879+0530] {dag.py:4180} INFO - Setting next_dagrun for example_params_ui_tutorial to None, run_after=None
[2025-12-17T10:52:53.900+0530] {processor.py:208} INFO - Processing /home/sneha/spotify_airflow_project/venv/lib/python3.12/site-packages/airflow/example_dags/example_params_ui_tutorial.py took 0.103 seconds
[2025-12-17T10:53:51.600+0530] {processor.py:186} INFO - Started process (PID=15207) to work on /home/sneha/spotify_airflow_project/venv/lib/python3.12/site-packages/airflow/example_dags/example_params_ui_tutorial.py
[2025-12-17T10:53:51.602+0530] {processor.py:914} INFO - Processing file /home/sneha/spotify_airflow_project/venv/lib/python3.12/site-packages/airflow/example_dags/example_params_ui_tutorial.py for tasks to queue
[2025-12-17T10:53:51.604+0530] {logging_mixin.py:190} INFO - [2025-12-17T10:53:51.603+0530] {dagbag.py:588} INFO - Filling up the DagBag from /home/sneha/spotify_airflow_project/venv/lib/python3.12/site-packages/airflow/example_dags/example_params_ui_tutorial.py
[2025-12-17T10:53:51.613+0530] {processor.py:925} INFO - DAG(s) 'example_params_ui_tutorial' retrieved from /home/sneha/spotify_airflow_project/venv/lib/python3.12/site-packages/airflow/example_dags/example_params_ui_tutorial.py
[2025-12-17T10:53:51.661+0530] {logging_mixin.py:190} INFO - [2025-12-17T10:53:51.661+0530] {dag.py:3239} INFO - Sync 1 DAGs
[2025-12-17T10:53:51.674+0530] {logging_mixin.py:190} INFO - [2025-12-17T10:53:51.674+0530] {dag.py:4180} INFO - Setting next_dagrun for example_params_ui_tutorial to None, run_after=None
[2025-12-17T10:53:51.695+0530] {processor.py:208} INFO - Processing /home/sneha/spotify_airflow_project/venv/lib/python3.12/site-packages/airflow/example_dags/example_params_ui_tutorial.py took 0.102 seconds
[2025-12-17T10:54:52.941+0530] {processor.py:186} INFO - Started process (PID=15490) to work on /home/sneha/spotify_airflow_project/venv/lib/python3.12/site-packages/airflow/example_dags/example_params_ui_tutorial.py
[2025-12-17T10:54:52.952+0530] {processor.py:914} INFO - Processing file /home/sneha/spotify_airflow_project/venv/lib/python3.12/site-packages/airflow/example_dags/example_params_ui_tutorial.py for tasks to queue
[2025-12-17T10:54:52.955+0530] {logging_mixin.py:190} INFO - [2025-12-17T10:54:52.955+0530] {dagbag.py:588} INFO - Filling up the DagBag from /home/sneha/spotify_airflow_project/venv/lib/python3.12/site-packages/airflow/example_dags/example_params_ui_tutorial.py
[2025-12-17T10:54:52.966+0530] {processor.py:925} INFO - DAG(s) 'example_params_ui_tutorial' retrieved from /home/sneha/spotify_airflow_project/venv/lib/python3.12/site-packages/airflow/example_dags/example_params_ui_tutorial.py
[2025-12-17T10:54:53.008+0530] {logging_mixin.py:190} INFO - [2025-12-17T10:54:53.008+0530] {dag.py:3239} INFO - Sync 1 DAGs
[2025-12-17T10:54:53.020+0530] {logging_mixin.py:190} INFO - [2025-12-17T10:54:53.020+0530] {dag.py:4180} INFO - Setting next_dagrun for example_params_ui_tutorial to None, run_after=None
[2025-12-17T10:54:53.039+0530] {processor.py:208} INFO - Processing /home/sneha/spotify_airflow_project/venv/lib/python3.12/site-packages/airflow/example_dags/example_params_ui_tutorial.py took 0.108 seconds
[2025-12-17T10:55:49.616+0530] {processor.py:186} INFO - Started process (PID=15616) to work on /home/sneha/spotify_airflow_project/venv/lib/python3.12/site-packages/airflow/example_dags/example_params_ui_tutorial.py
[2025-12-17T10:55:49.617+0530] {processor.py:914} INFO - Processing file /home/sneha/spotify_airflow_project/venv/lib/python3.12/site-packages/airflow/example_dags/example_params_ui_tutorial.py for tasks to queue
[2025-12-17T10:55:49.619+0530] {logging_mixin.py:190} INFO - [2025-12-17T10:55:49.619+0530] {dagbag.py:588} INFO - Filling up the DagBag from /home/sneha/spotify_airflow_project/venv/lib/python3.12/site-packages/airflow/example_dags/example_params_ui_tutorial.py
[2025-12-17T10:55:49.630+0530] {processor.py:925} INFO - DAG(s) 'example_params_ui_tutorial' retrieved from /home/sneha/spotify_airflow_project/venv/lib/python3.12/site-packages/airflow/example_dags/example_params_ui_tutorial.py
[2025-12-17T10:55:49.672+0530] {logging_mixin.py:190} INFO - [2025-12-17T10:55:49.672+0530] {dag.py:3239} INFO - Sync 1 DAGs
[2025-12-17T10:55:49.686+0530] {logging_mixin.py:190} INFO - [2025-12-17T10:55:49.685+0530] {dag.py:4180} INFO - Setting next_dagrun for example_params_ui_tutorial to None, run_after=None
[2025-12-17T10:55:49.704+0530] {processor.py:208} INFO - Processing /home/sneha/spotify_airflow_project/venv/lib/python3.12/site-packages/airflow/example_dags/example_params_ui_tutorial.py took 0.098 seconds
[2025-12-17T10:56:43.057+0530] {processor.py:186} INFO - Started process (PID=15676) to work on /home/sneha/spotify_airflow_project/venv/lib/python3.12/site-packages/airflow/example_dags/example_params_ui_tutorial.py
[2025-12-17T10:56:43.058+0530] {processor.py:914} INFO - Processing file /home/sneha/spotify_airflow_project/venv/lib/python3.12/site-packages/airflow/example_dags/example_params_ui_tutorial.py for tasks to queue
[2025-12-17T10:56:43.060+0530] {logging_mixin.py:190} INFO - [2025-12-17T10:56:43.060+0530] {dagbag.py:588} INFO - Filling up the DagBag from /home/sneha/spotify_airflow_project/venv/lib/python3.12/site-packages/airflow/example_dags/example_params_ui_tutorial.py
[2025-12-17T10:56:43.070+0530] {processor.py:925} INFO - DAG(s) 'example_params_ui_tutorial' retrieved from /home/sneha/spotify_airflow_project/venv/lib/python3.12/site-packages/airflow/example_dags/example_params_ui_tutorial.py
[2025-12-17T10:56:43.113+0530] {logging_mixin.py:190} INFO - [2025-12-17T10:56:43.112+0530] {dag.py:3239} INFO - Sync 1 DAGs
[2025-12-17T10:56:43.126+0530] {logging_mixin.py:190} INFO - [2025-12-17T10:56:43.126+0530] {dag.py:4180} INFO - Setting next_dagrun for example_params_ui_tutorial to None, run_after=None
[2025-12-17T10:56:43.147+0530] {processor.py:208} INFO - Processing /home/sneha/spotify_airflow_project/venv/lib/python3.12/site-packages/airflow/example_dags/example_params_ui_tutorial.py took 0.098 seconds
[2025-12-17T10:57:39.076+0530] {processor.py:186} INFO - Started process (PID=15817) to work on /home/sneha/spotify_airflow_project/venv/lib/python3.12/site-packages/airflow/example_dags/example_params_ui_tutorial.py
[2025-12-17T10:57:39.077+0530] {processor.py:914} INFO - Processing file /home/sneha/spotify_airflow_project/venv/lib/python3.12/site-packages/airflow/example_dags/example_params_ui_tutorial.py for tasks to queue
[2025-12-17T10:57:39.079+0530] {logging_mixin.py:190} INFO - [2025-12-17T10:57:39.079+0530] {dagbag.py:588} INFO - Filling up the DagBag from /home/sneha/spotify_airflow_project/venv/lib/python3.12/site-packages/airflow/example_dags/example_params_ui_tutorial.py
[2025-12-17T10:57:39.088+0530] {processor.py:925} INFO - DAG(s) 'example_params_ui_tutorial' retrieved from /home/sneha/spotify_airflow_project/venv/lib/python3.12/site-packages/airflow/example_dags/example_params_ui_tutorial.py
[2025-12-17T10:57:39.130+0530] {logging_mixin.py:190} INFO - [2025-12-17T10:57:39.129+0530] {dag.py:3239} INFO - Sync 1 DAGs
[2025-12-17T10:57:39.143+0530] {logging_mixin.py:190} INFO - [2025-12-17T10:57:39.142+0530] {dag.py:4180} INFO - Setting next_dagrun for example_params_ui_tutorial to None, run_after=None
[2025-12-17T10:57:39.162+0530] {processor.py:208} INFO - Processing /home/sneha/spotify_airflow_project/venv/lib/python3.12/site-packages/airflow/example_dags/example_params_ui_tutorial.py took 0.091 seconds
[2025-12-17T10:58:35.901+0530] {processor.py:186} INFO - Started process (PID=16169) to work on /home/sneha/spotify_airflow_project/venv/lib/python3.12/site-packages/airflow/example_dags/example_params_ui_tutorial.py
[2025-12-17T10:58:35.902+0530] {processor.py:914} INFO - Processing file /home/sneha/spotify_airflow_project/venv/lib/python3.12/site-packages/airflow/example_dags/example_params_ui_tutorial.py for tasks to queue
[2025-12-17T10:58:35.904+0530] {logging_mixin.py:190} INFO - [2025-12-17T10:58:35.904+0530] {dagbag.py:588} INFO - Filling up the DagBag from /home/sneha/spotify_airflow_project/venv/lib/python3.12/site-packages/airflow/example_dags/example_params_ui_tutorial.py
[2025-12-17T10:58:35.914+0530] {processor.py:925} INFO - DAG(s) 'example_params_ui_tutorial' retrieved from /home/sneha/spotify_airflow_project/venv/lib/python3.12/site-packages/airflow/example_dags/example_params_ui_tutorial.py
[2025-12-17T10:58:35.953+0530] {logging_mixin.py:190} INFO - [2025-12-17T10:58:35.953+0530] {dag.py:3239} INFO - Sync 1 DAGs
[2025-12-17T10:58:35.966+0530] {logging_mixin.py:190} INFO - [2025-12-17T10:58:35.966+0530] {dag.py:4180} INFO - Setting next_dagrun for example_params_ui_tutorial to None, run_after=None
[2025-12-17T10:58:35.984+0530] {processor.py:208} INFO - Processing /home/sneha/spotify_airflow_project/venv/lib/python3.12/site-packages/airflow/example_dags/example_params_ui_tutorial.py took 0.092 seconds
[2025-12-17T11:01:28.644+0530] {processor.py:186} INFO - Started process (PID=17176) to work on /home/sneha/spotify_airflow_project/venv/lib/python3.12/site-packages/airflow/example_dags/example_params_ui_tutorial.py
[2025-12-17T11:01:28.645+0530] {processor.py:914} INFO - Processing file /home/sneha/spotify_airflow_project/venv/lib/python3.12/site-packages/airflow/example_dags/example_params_ui_tutorial.py for tasks to queue
[2025-12-17T11:01:28.647+0530] {logging_mixin.py:190} INFO - [2025-12-17T11:01:28.647+0530] {dagbag.py:588} INFO - Filling up the DagBag from /home/sneha/spotify_airflow_project/venv/lib/python3.12/site-packages/airflow/example_dags/example_params_ui_tutorial.py
[2025-12-17T11:01:28.658+0530] {processor.py:925} INFO - DAG(s) 'example_params_ui_tutorial' retrieved from /home/sneha/spotify_airflow_project/venv/lib/python3.12/site-packages/airflow/example_dags/example_params_ui_tutorial.py
[2025-12-17T11:01:28.701+0530] {logging_mixin.py:190} INFO - [2025-12-17T11:01:28.701+0530] {dag.py:3239} INFO - Sync 1 DAGs
[2025-12-17T11:01:28.713+0530] {logging_mixin.py:190} INFO - [2025-12-17T11:01:28.713+0530] {dag.py:4180} INFO - Setting next_dagrun for example_params_ui_tutorial to None, run_after=None
[2025-12-17T11:01:28.731+0530] {processor.py:208} INFO - Processing /home/sneha/spotify_airflow_project/venv/lib/python3.12/site-packages/airflow/example_dags/example_params_ui_tutorial.py took 0.098 seconds
[2025-12-17T11:02:56.136+0530] {processor.py:186} INFO - Started process (PID=17998) to work on /home/sneha/spotify_airflow_project/venv/lib/python3.12/site-packages/airflow/example_dags/example_params_ui_tutorial.py
[2025-12-17T11:02:56.137+0530] {processor.py:914} INFO - Processing file /home/sneha/spotify_airflow_project/venv/lib/python3.12/site-packages/airflow/example_dags/example_params_ui_tutorial.py for tasks to queue
[2025-12-17T11:02:56.139+0530] {logging_mixin.py:190} INFO - [2025-12-17T11:02:56.139+0530] {dagbag.py:588} INFO - Filling up the DagBag from /home/sneha/spotify_airflow_project/venv/lib/python3.12/site-packages/airflow/example_dags/example_params_ui_tutorial.py
[2025-12-17T11:02:56.148+0530] {processor.py:925} INFO - DAG(s) 'example_params_ui_tutorial' retrieved from /home/sneha/spotify_airflow_project/venv/lib/python3.12/site-packages/airflow/example_dags/example_params_ui_tutorial.py
[2025-12-17T11:02:56.191+0530] {logging_mixin.py:190} INFO - [2025-12-17T11:02:56.191+0530] {dag.py:3239} INFO - Sync 1 DAGs
[2025-12-17T11:02:56.204+0530] {logging_mixin.py:190} INFO - [2025-12-17T11:02:56.204+0530] {dag.py:4180} INFO - Setting next_dagrun for example_params_ui_tutorial to None, run_after=None
[2025-12-17T11:02:56.224+0530] {processor.py:208} INFO - Processing /home/sneha/spotify_airflow_project/venv/lib/python3.12/site-packages/airflow/example_dags/example_params_ui_tutorial.py took 0.097 seconds
[2025-12-17T11:03:53.799+0530] {processor.py:186} INFO - Started process (PID=18311) to work on /home/sneha/spotify_airflow_project/venv/lib/python3.12/site-packages/airflow/example_dags/example_params_ui_tutorial.py
[2025-12-17T11:03:53.800+0530] {processor.py:914} INFO - Processing file /home/sneha/spotify_airflow_project/venv/lib/python3.12/site-packages/airflow/example_dags/example_params_ui_tutorial.py for tasks to queue
[2025-12-17T11:03:53.803+0530] {logging_mixin.py:190} INFO - [2025-12-17T11:03:53.802+0530] {dagbag.py:588} INFO - Filling up the DagBag from /home/sneha/spotify_airflow_project/venv/lib/python3.12/site-packages/airflow/example_dags/example_params_ui_tutorial.py
[2025-12-17T11:03:53.812+0530] {processor.py:925} INFO - DAG(s) 'example_params_ui_tutorial' retrieved from /home/sneha/spotify_airflow_project/venv/lib/python3.12/site-packages/airflow/example_dags/example_params_ui_tutorial.py
[2025-12-17T11:03:53.854+0530] {logging_mixin.py:190} INFO - [2025-12-17T11:03:53.854+0530] {dag.py:3239} INFO - Sync 1 DAGs
[2025-12-17T11:03:53.867+0530] {logging_mixin.py:190} INFO - [2025-12-17T11:03:53.867+0530] {dag.py:4180} INFO - Setting next_dagrun for example_params_ui_tutorial to None, run_after=None
[2025-12-17T11:03:53.889+0530] {processor.py:208} INFO - Processing /home/sneha/spotify_airflow_project/venv/lib/python3.12/site-packages/airflow/example_dags/example_params_ui_tutorial.py took 0.100 seconds
[2025-12-17T11:04:53.796+0530] {processor.py:186} INFO - Started process (PID=18598) to work on /home/sneha/spotify_airflow_project/venv/lib/python3.12/site-packages/airflow/example_dags/example_params_ui_tutorial.py
[2025-12-17T11:04:53.797+0530] {processor.py:914} INFO - Processing file /home/sneha/spotify_airflow_project/venv/lib/python3.12/site-packages/airflow/example_dags/example_params_ui_tutorial.py for tasks to queue
[2025-12-17T11:04:53.801+0530] {logging_mixin.py:190} INFO - [2025-12-17T11:04:53.800+0530] {dagbag.py:588} INFO - Filling up the DagBag from /home/sneha/spotify_airflow_project/venv/lib/python3.12/site-packages/airflow/example_dags/example_params_ui_tutorial.py
[2025-12-17T11:04:53.813+0530] {processor.py:925} INFO - DAG(s) 'example_params_ui_tutorial' retrieved from /home/sneha/spotify_airflow_project/venv/lib/python3.12/site-packages/airflow/example_dags/example_params_ui_tutorial.py
[2025-12-17T11:04:53.874+0530] {logging_mixin.py:190} INFO - [2025-12-17T11:04:53.873+0530] {dag.py:3239} INFO - Sync 1 DAGs
[2025-12-17T11:04:53.891+0530] {logging_mixin.py:190} INFO - [2025-12-17T11:04:53.891+0530] {dag.py:4180} INFO - Setting next_dagrun for example_params_ui_tutorial to None, run_after=None
[2025-12-17T11:04:53.918+0530] {processor.py:208} INFO - Processing /home/sneha/spotify_airflow_project/venv/lib/python3.12/site-packages/airflow/example_dags/example_params_ui_tutorial.py took 0.130 seconds
[2025-12-17T11:05:53.293+0530] {processor.py:186} INFO - Started process (PID=18736) to work on /home/sneha/spotify_airflow_project/venv/lib/python3.12/site-packages/airflow/example_dags/example_params_ui_tutorial.py
[2025-12-17T11:05:53.304+0530] {processor.py:914} INFO - Processing file /home/sneha/spotify_airflow_project/venv/lib/python3.12/site-packages/airflow/example_dags/example_params_ui_tutorial.py for tasks to queue
[2025-12-17T11:05:53.307+0530] {logging_mixin.py:190} INFO - [2025-12-17T11:05:53.307+0530] {dagbag.py:588} INFO - Filling up the DagBag from /home/sneha/spotify_airflow_project/venv/lib/python3.12/site-packages/airflow/example_dags/example_params_ui_tutorial.py
[2025-12-17T11:05:53.317+0530] {processor.py:925} INFO - DAG(s) 'example_params_ui_tutorial' retrieved from /home/sneha/spotify_airflow_project/venv/lib/python3.12/site-packages/airflow/example_dags/example_params_ui_tutorial.py
[2025-12-17T11:05:53.356+0530] {logging_mixin.py:190} INFO - [2025-12-17T11:05:53.355+0530] {dag.py:3239} INFO - Sync 1 DAGs
[2025-12-17T11:05:53.368+0530] {logging_mixin.py:190} INFO - [2025-12-17T11:05:53.368+0530] {dag.py:4180} INFO - Setting next_dagrun for example_params_ui_tutorial to None, run_after=None
[2025-12-17T11:05:53.387+0530] {processor.py:208} INFO - Processing /home/sneha/spotify_airflow_project/venv/lib/python3.12/site-packages/airflow/example_dags/example_params_ui_tutorial.py took 0.105 seconds
[2025-12-17T11:07:01.706+0530] {processor.py:186} INFO - Started process (PID=19305) to work on /home/sneha/spotify_airflow_project/venv/lib/python3.12/site-packages/airflow/example_dags/example_params_ui_tutorial.py
[2025-12-17T11:07:01.707+0530] {processor.py:914} INFO - Processing file /home/sneha/spotify_airflow_project/venv/lib/python3.12/site-packages/airflow/example_dags/example_params_ui_tutorial.py for tasks to queue
[2025-12-17T11:07:01.709+0530] {logging_mixin.py:190} INFO - [2025-12-17T11:07:01.709+0530] {dagbag.py:588} INFO - Filling up the DagBag from /home/sneha/spotify_airflow_project/venv/lib/python3.12/site-packages/airflow/example_dags/example_params_ui_tutorial.py
[2025-12-17T11:07:01.718+0530] {processor.py:925} INFO - DAG(s) 'example_params_ui_tutorial' retrieved from /home/sneha/spotify_airflow_project/venv/lib/python3.12/site-packages/airflow/example_dags/example_params_ui_tutorial.py
[2025-12-17T11:07:01.879+0530] {logging_mixin.py:190} INFO - [2025-12-17T11:07:01.878+0530] {dag.py:3239} INFO - Sync 1 DAGs
[2025-12-17T11:07:01.893+0530] {logging_mixin.py:190} INFO - [2025-12-17T11:07:01.892+0530] {dag.py:4180} INFO - Setting next_dagrun for example_params_ui_tutorial to None, run_after=None
[2025-12-17T11:07:01.911+0530] {processor.py:208} INFO - Processing /home/sneha/spotify_airflow_project/venv/lib/python3.12/site-packages/airflow/example_dags/example_params_ui_tutorial.py took 0.211 seconds
[2025-12-17T12:47:42.540+0530] {processor.py:186} INFO - Started process (PID=71089) to work on /home/sneha/spotify_airflow_project/venv/lib/python3.12/site-packages/airflow/example_dags/example_params_ui_tutorial.py
[2025-12-17T12:47:42.542+0530] {processor.py:914} INFO - Processing file /home/sneha/spotify_airflow_project/venv/lib/python3.12/site-packages/airflow/example_dags/example_params_ui_tutorial.py for tasks to queue
[2025-12-17T12:47:42.546+0530] {logging_mixin.py:190} INFO - [2025-12-17T12:47:42.545+0530] {dagbag.py:588} INFO - Filling up the DagBag from /home/sneha/spotify_airflow_project/venv/lib/python3.12/site-packages/airflow/example_dags/example_params_ui_tutorial.py
[2025-12-17T12:47:42.566+0530] {processor.py:925} INFO - DAG(s) 'example_params_ui_tutorial' retrieved from /home/sneha/spotify_airflow_project/venv/lib/python3.12/site-packages/airflow/example_dags/example_params_ui_tutorial.py
[2025-12-17T12:47:42.646+0530] {logging_mixin.py:190} INFO - [2025-12-17T12:47:42.646+0530] {dag.py:3239} INFO - Sync 1 DAGs
[2025-12-17T12:47:42.670+0530] {logging_mixin.py:190} INFO - [2025-12-17T12:47:42.669+0530] {dag.py:4180} INFO - Setting next_dagrun for example_params_ui_tutorial to None, run_after=None
[2025-12-17T12:47:42.708+0530] {processor.py:208} INFO - Processing /home/sneha/spotify_airflow_project/venv/lib/python3.12/site-packages/airflow/example_dags/example_params_ui_tutorial.py took 0.179 seconds
[2025-12-17T12:48:51.863+0530] {processor.py:186} INFO - Started process (PID=71249) to work on /home/sneha/spotify_airflow_project/venv/lib/python3.12/site-packages/airflow/example_dags/example_params_ui_tutorial.py
[2025-12-17T12:48:51.865+0530] {processor.py:914} INFO - Processing file /home/sneha/spotify_airflow_project/venv/lib/python3.12/site-packages/airflow/example_dags/example_params_ui_tutorial.py for tasks to queue
[2025-12-17T12:48:51.868+0530] {logging_mixin.py:190} INFO - [2025-12-17T12:48:51.868+0530] {dagbag.py:588} INFO - Filling up the DagBag from /home/sneha/spotify_airflow_project/venv/lib/python3.12/site-packages/airflow/example_dags/example_params_ui_tutorial.py
[2025-12-17T12:48:51.890+0530] {processor.py:925} INFO - DAG(s) 'example_params_ui_tutorial' retrieved from /home/sneha/spotify_airflow_project/venv/lib/python3.12/site-packages/airflow/example_dags/example_params_ui_tutorial.py
[2025-12-17T12:48:51.972+0530] {logging_mixin.py:190} INFO - [2025-12-17T12:48:51.972+0530] {dag.py:3239} INFO - Sync 1 DAGs
[2025-12-17T12:48:51.997+0530] {logging_mixin.py:190} INFO - [2025-12-17T12:48:51.997+0530] {dag.py:4180} INFO - Setting next_dagrun for example_params_ui_tutorial to None, run_after=None
[2025-12-17T12:48:52.039+0530] {processor.py:208} INFO - Processing /home/sneha/spotify_airflow_project/venv/lib/python3.12/site-packages/airflow/example_dags/example_params_ui_tutorial.py took 0.186 seconds
[2025-12-17T12:50:24.061+0530] {processor.py:186} INFO - Started process (PID=71548) to work on /home/sneha/spotify_airflow_project/venv/lib/python3.12/site-packages/airflow/example_dags/example_params_ui_tutorial.py
[2025-12-17T12:50:24.062+0530] {processor.py:914} INFO - Processing file /home/sneha/spotify_airflow_project/venv/lib/python3.12/site-packages/airflow/example_dags/example_params_ui_tutorial.py for tasks to queue
[2025-12-17T12:50:24.066+0530] {logging_mixin.py:190} INFO - [2025-12-17T12:50:24.065+0530] {dagbag.py:588} INFO - Filling up the DagBag from /home/sneha/spotify_airflow_project/venv/lib/python3.12/site-packages/airflow/example_dags/example_params_ui_tutorial.py
[2025-12-17T12:50:24.082+0530] {processor.py:925} INFO - DAG(s) 'example_params_ui_tutorial' retrieved from /home/sneha/spotify_airflow_project/venv/lib/python3.12/site-packages/airflow/example_dags/example_params_ui_tutorial.py
[2025-12-17T12:50:24.150+0530] {logging_mixin.py:190} INFO - [2025-12-17T12:50:24.150+0530] {dag.py:3239} INFO - Sync 1 DAGs
[2025-12-17T12:50:24.174+0530] {logging_mixin.py:190} INFO - [2025-12-17T12:50:24.174+0530] {dag.py:4180} INFO - Setting next_dagrun for example_params_ui_tutorial to None, run_after=None
[2025-12-17T12:50:24.210+0530] {processor.py:208} INFO - Processing /home/sneha/spotify_airflow_project/venv/lib/python3.12/site-packages/airflow/example_dags/example_params_ui_tutorial.py took 0.159 seconds
[2025-12-17T12:51:37.029+0530] {processor.py:186} INFO - Started process (PID=71972) to work on /home/sneha/spotify_airflow_project/venv/lib/python3.12/site-packages/airflow/example_dags/example_params_ui_tutorial.py
[2025-12-17T12:51:37.032+0530] {processor.py:914} INFO - Processing file /home/sneha/spotify_airflow_project/venv/lib/python3.12/site-packages/airflow/example_dags/example_params_ui_tutorial.py for tasks to queue
[2025-12-17T12:51:37.037+0530] {logging_mixin.py:190} INFO - [2025-12-17T12:51:37.036+0530] {dagbag.py:588} INFO - Filling up the DagBag from /home/sneha/spotify_airflow_project/venv/lib/python3.12/site-packages/airflow/example_dags/example_params_ui_tutorial.py
[2025-12-17T12:51:37.060+0530] {processor.py:925} INFO - DAG(s) 'example_params_ui_tutorial' retrieved from /home/sneha/spotify_airflow_project/venv/lib/python3.12/site-packages/airflow/example_dags/example_params_ui_tutorial.py
[2025-12-17T12:51:37.155+0530] {logging_mixin.py:190} INFO - [2025-12-17T12:51:37.155+0530] {dag.py:3239} INFO - Sync 1 DAGs
[2025-12-17T12:51:37.188+0530] {logging_mixin.py:190} INFO - [2025-12-17T12:51:37.187+0530] {dag.py:4180} INFO - Setting next_dagrun for example_params_ui_tutorial to None, run_after=None
[2025-12-17T12:51:37.243+0530] {processor.py:208} INFO - Processing /home/sneha/spotify_airflow_project/venv/lib/python3.12/site-packages/airflow/example_dags/example_params_ui_tutorial.py took 0.231 seconds
[2025-12-17T12:52:46.604+0530] {processor.py:186} INFO - Started process (PID=72304) to work on /home/sneha/spotify_airflow_project/venv/lib/python3.12/site-packages/airflow/example_dags/example_params_ui_tutorial.py
[2025-12-17T12:52:46.606+0530] {processor.py:914} INFO - Processing file /home/sneha/spotify_airflow_project/venv/lib/python3.12/site-packages/airflow/example_dags/example_params_ui_tutorial.py for tasks to queue
[2025-12-17T12:52:46.612+0530] {logging_mixin.py:190} INFO - [2025-12-17T12:52:46.610+0530] {dagbag.py:588} INFO - Filling up the DagBag from /home/sneha/spotify_airflow_project/venv/lib/python3.12/site-packages/airflow/example_dags/example_params_ui_tutorial.py
[2025-12-17T12:52:46.636+0530] {processor.py:925} INFO - DAG(s) 'example_params_ui_tutorial' retrieved from /home/sneha/spotify_airflow_project/venv/lib/python3.12/site-packages/airflow/example_dags/example_params_ui_tutorial.py
[2025-12-17T12:52:46.734+0530] {logging_mixin.py:190} INFO - [2025-12-17T12:52:46.734+0530] {dag.py:3239} INFO - Sync 1 DAGs
[2025-12-17T12:52:46.761+0530] {logging_mixin.py:190} INFO - [2025-12-17T12:52:46.760+0530] {dag.py:4180} INFO - Setting next_dagrun for example_params_ui_tutorial to None, run_after=None
[2025-12-17T12:52:46.803+0530] {processor.py:208} INFO - Processing /home/sneha/spotify_airflow_project/venv/lib/python3.12/site-packages/airflow/example_dags/example_params_ui_tutorial.py took 0.212 seconds
[2025-12-17T12:55:02.845+0530] {processor.py:186} INFO - Started process (PID=73438) to work on /home/sneha/spotify_airflow_project/venv/lib/python3.12/site-packages/airflow/example_dags/example_params_ui_tutorial.py
[2025-12-17T12:55:02.847+0530] {processor.py:914} INFO - Processing file /home/sneha/spotify_airflow_project/venv/lib/python3.12/site-packages/airflow/example_dags/example_params_ui_tutorial.py for tasks to queue
[2025-12-17T12:55:02.850+0530] {logging_mixin.py:190} INFO - [2025-12-17T12:55:02.849+0530] {dagbag.py:588} INFO - Filling up the DagBag from /home/sneha/spotify_airflow_project/venv/lib/python3.12/site-packages/airflow/example_dags/example_params_ui_tutorial.py
[2025-12-17T12:55:02.864+0530] {processor.py:925} INFO - DAG(s) 'example_params_ui_tutorial' retrieved from /home/sneha/spotify_airflow_project/venv/lib/python3.12/site-packages/airflow/example_dags/example_params_ui_tutorial.py
[2025-12-17T12:55:02.924+0530] {logging_mixin.py:190} INFO - [2025-12-17T12:55:02.924+0530] {dag.py:3239} INFO - Sync 1 DAGs
[2025-12-17T12:55:02.945+0530] {logging_mixin.py:190} INFO - [2025-12-17T12:55:02.944+0530] {dag.py:4180} INFO - Setting next_dagrun for example_params_ui_tutorial to None, run_after=None
[2025-12-17T12:55:02.976+0530] {processor.py:208} INFO - Processing /home/sneha/spotify_airflow_project/venv/lib/python3.12/site-packages/airflow/example_dags/example_params_ui_tutorial.py took 0.141 seconds
