[2025-12-17T10:30:41.299+0530] {processor.py:186} INFO - Started process (PID=7246) to work on /home/sneha/spotify_airflow_project/venv/lib/python3.12/site-packages/airflow/example_dags/example_inlet_event_extra.py
[2025-12-17T10:30:41.300+0530] {processor.py:914} INFO - Processing file /home/sneha/spotify_airflow_project/venv/lib/python3.12/site-packages/airflow/example_dags/example_inlet_event_extra.py for tasks to queue
[2025-12-17T10:30:41.303+0530] {logging_mixin.py:190} INFO - [2025-12-17T10:30:41.302+0530] {dagbag.py:588} INFO - Filling up the DagBag from /home/sneha/spotify_airflow_project/venv/lib/python3.12/site-packages/airflow/example_dags/example_inlet_event_extra.py
[2025-12-17T10:30:41.315+0530] {processor.py:925} INFO - DAG(s) 'read_dataset_event_from_classic', 'read_dataset_event' retrieved from /home/sneha/spotify_airflow_project/venv/lib/python3.12/site-packages/airflow/example_dags/example_inlet_event_extra.py
[2025-12-17T10:30:41.336+0530] {logging_mixin.py:190} INFO - [2025-12-17T10:30:41.335+0530] {dag.py:3239} INFO - Sync 2 DAGs
[2025-12-17T10:30:41.359+0530] {logging_mixin.py:190} INFO - [2025-12-17T10:30:41.358+0530] {dag.py:4180} INFO - Setting next_dagrun for read_dataset_event to 2025-12-16 00:00:00+00:00, run_after=2025-12-17 00:00:00+00:00
[2025-12-17T10:30:41.364+0530] {logging_mixin.py:190} INFO - [2025-12-17T10:30:41.363+0530] {dag.py:4180} INFO - Setting next_dagrun for read_dataset_event_from_classic to 2025-12-16 00:00:00+00:00, run_after=2025-12-17 00:00:00+00:00
[2025-12-17T10:30:41.384+0530] {processor.py:208} INFO - Processing /home/sneha/spotify_airflow_project/venv/lib/python3.12/site-packages/airflow/example_dags/example_inlet_event_extra.py took 0.092 seconds
[2025-12-17T10:31:41.351+0530] {processor.py:186} INFO - Started process (PID=7489) to work on /home/sneha/spotify_airflow_project/venv/lib/python3.12/site-packages/airflow/example_dags/example_inlet_event_extra.py
[2025-12-17T10:31:41.363+0530] {processor.py:914} INFO - Processing file /home/sneha/spotify_airflow_project/venv/lib/python3.12/site-packages/airflow/example_dags/example_inlet_event_extra.py for tasks to queue
[2025-12-17T10:31:41.365+0530] {logging_mixin.py:190} INFO - [2025-12-17T10:31:41.365+0530] {dagbag.py:588} INFO - Filling up the DagBag from /home/sneha/spotify_airflow_project/venv/lib/python3.12/site-packages/airflow/example_dags/example_inlet_event_extra.py
[2025-12-17T10:31:41.379+0530] {processor.py:925} INFO - DAG(s) 'read_dataset_event', 'read_dataset_event_from_classic' retrieved from /home/sneha/spotify_airflow_project/venv/lib/python3.12/site-packages/airflow/example_dags/example_inlet_event_extra.py
[2025-12-17T10:31:41.396+0530] {logging_mixin.py:190} INFO - [2025-12-17T10:31:41.396+0530] {dag.py:3239} INFO - Sync 2 DAGs
[2025-12-17T10:31:41.417+0530] {logging_mixin.py:190} INFO - [2025-12-17T10:31:41.417+0530] {dag.py:4180} INFO - Setting next_dagrun for read_dataset_event to 2025-12-16 00:00:00+00:00, run_after=2025-12-17 00:00:00+00:00
[2025-12-17T10:31:41.421+0530] {logging_mixin.py:190} INFO - [2025-12-17T10:31:41.421+0530] {dag.py:4180} INFO - Setting next_dagrun for read_dataset_event_from_classic to 2025-12-16 00:00:00+00:00, run_after=2025-12-17 00:00:00+00:00
[2025-12-17T10:31:41.438+0530] {processor.py:208} INFO - Processing /home/sneha/spotify_airflow_project/venv/lib/python3.12/site-packages/airflow/example_dags/example_inlet_event_extra.py took 0.092 seconds
[2025-12-17T10:32:39.508+0530] {processor.py:186} INFO - Started process (PID=7935) to work on /home/sneha/spotify_airflow_project/venv/lib/python3.12/site-packages/airflow/example_dags/example_inlet_event_extra.py
[2025-12-17T10:32:39.509+0530] {processor.py:914} INFO - Processing file /home/sneha/spotify_airflow_project/venv/lib/python3.12/site-packages/airflow/example_dags/example_inlet_event_extra.py for tasks to queue
[2025-12-17T10:32:39.511+0530] {logging_mixin.py:190} INFO - [2025-12-17T10:32:39.511+0530] {dagbag.py:588} INFO - Filling up the DagBag from /home/sneha/spotify_airflow_project/venv/lib/python3.12/site-packages/airflow/example_dags/example_inlet_event_extra.py
[2025-12-17T10:32:39.525+0530] {processor.py:925} INFO - DAG(s) 'read_dataset_event', 'read_dataset_event_from_classic' retrieved from /home/sneha/spotify_airflow_project/venv/lib/python3.12/site-packages/airflow/example_dags/example_inlet_event_extra.py
[2025-12-17T10:32:39.544+0530] {logging_mixin.py:190} INFO - [2025-12-17T10:32:39.544+0530] {dag.py:3239} INFO - Sync 2 DAGs
[2025-12-17T10:32:39.567+0530] {logging_mixin.py:190} INFO - [2025-12-17T10:32:39.567+0530] {dag.py:4180} INFO - Setting next_dagrun for read_dataset_event to 2025-12-16 00:00:00+00:00, run_after=2025-12-17 00:00:00+00:00
[2025-12-17T10:32:39.572+0530] {logging_mixin.py:190} INFO - [2025-12-17T10:32:39.572+0530] {dag.py:4180} INFO - Setting next_dagrun for read_dataset_event_from_classic to 2025-12-16 00:00:00+00:00, run_after=2025-12-17 00:00:00+00:00
[2025-12-17T10:32:39.594+0530] {processor.py:208} INFO - Processing /home/sneha/spotify_airflow_project/venv/lib/python3.12/site-packages/airflow/example_dags/example_inlet_event_extra.py took 0.093 seconds
[2025-12-17T10:33:36.848+0530] {processor.py:186} INFO - Started process (PID=8355) to work on /home/sneha/spotify_airflow_project/venv/lib/python3.12/site-packages/airflow/example_dags/example_inlet_event_extra.py
[2025-12-17T10:33:36.849+0530] {processor.py:914} INFO - Processing file /home/sneha/spotify_airflow_project/venv/lib/python3.12/site-packages/airflow/example_dags/example_inlet_event_extra.py for tasks to queue
[2025-12-17T10:33:36.852+0530] {logging_mixin.py:190} INFO - [2025-12-17T10:33:36.851+0530] {dagbag.py:588} INFO - Filling up the DagBag from /home/sneha/spotify_airflow_project/venv/lib/python3.12/site-packages/airflow/example_dags/example_inlet_event_extra.py
[2025-12-17T10:33:36.865+0530] {processor.py:925} INFO - DAG(s) 'read_dataset_event', 'read_dataset_event_from_classic' retrieved from /home/sneha/spotify_airflow_project/venv/lib/python3.12/site-packages/airflow/example_dags/example_inlet_event_extra.py
[2025-12-17T10:33:36.885+0530] {logging_mixin.py:190} INFO - [2025-12-17T10:33:36.885+0530] {dag.py:3239} INFO - Sync 2 DAGs
[2025-12-17T10:33:36.908+0530] {logging_mixin.py:190} INFO - [2025-12-17T10:33:36.908+0530] {dag.py:4180} INFO - Setting next_dagrun for read_dataset_event to 2025-12-16 00:00:00+00:00, run_after=2025-12-17 00:00:00+00:00
[2025-12-17T10:33:36.914+0530] {logging_mixin.py:190} INFO - [2025-12-17T10:33:36.913+0530] {dag.py:4180} INFO - Setting next_dagrun for read_dataset_event_from_classic to 2025-12-16 00:00:00+00:00, run_after=2025-12-17 00:00:00+00:00
[2025-12-17T10:33:36.932+0530] {processor.py:208} INFO - Processing /home/sneha/spotify_airflow_project/venv/lib/python3.12/site-packages/airflow/example_dags/example_inlet_event_extra.py took 0.091 seconds
[2025-12-17T10:34:32.187+0530] {processor.py:186} INFO - Started process (PID=8685) to work on /home/sneha/spotify_airflow_project/venv/lib/python3.12/site-packages/airflow/example_dags/example_inlet_event_extra.py
[2025-12-17T10:34:32.188+0530] {processor.py:914} INFO - Processing file /home/sneha/spotify_airflow_project/venv/lib/python3.12/site-packages/airflow/example_dags/example_inlet_event_extra.py for tasks to queue
[2025-12-17T10:34:32.191+0530] {logging_mixin.py:190} INFO - [2025-12-17T10:34:32.190+0530] {dagbag.py:588} INFO - Filling up the DagBag from /home/sneha/spotify_airflow_project/venv/lib/python3.12/site-packages/airflow/example_dags/example_inlet_event_extra.py
[2025-12-17T10:34:32.203+0530] {processor.py:925} INFO - DAG(s) 'read_dataset_event', 'read_dataset_event_from_classic' retrieved from /home/sneha/spotify_airflow_project/venv/lib/python3.12/site-packages/airflow/example_dags/example_inlet_event_extra.py
[2025-12-17T10:34:32.222+0530] {logging_mixin.py:190} INFO - [2025-12-17T10:34:32.221+0530] {dag.py:3239} INFO - Sync 2 DAGs
[2025-12-17T10:34:32.244+0530] {logging_mixin.py:190} INFO - [2025-12-17T10:34:32.244+0530] {dag.py:4180} INFO - Setting next_dagrun for read_dataset_event to 2025-12-16 00:00:00+00:00, run_after=2025-12-17 00:00:00+00:00
[2025-12-17T10:34:32.249+0530] {logging_mixin.py:190} INFO - [2025-12-17T10:34:32.248+0530] {dag.py:4180} INFO - Setting next_dagrun for read_dataset_event_from_classic to 2025-12-16 00:00:00+00:00, run_after=2025-12-17 00:00:00+00:00
[2025-12-17T10:34:32.266+0530] {processor.py:208} INFO - Processing /home/sneha/spotify_airflow_project/venv/lib/python3.12/site-packages/airflow/example_dags/example_inlet_event_extra.py took 0.088 seconds
[2025-12-17T10:35:50.869+0530] {processor.py:186} INFO - Started process (PID=9563) to work on /home/sneha/spotify_airflow_project/venv/lib/python3.12/site-packages/airflow/example_dags/example_inlet_event_extra.py
[2025-12-17T10:35:50.870+0530] {processor.py:914} INFO - Processing file /home/sneha/spotify_airflow_project/venv/lib/python3.12/site-packages/airflow/example_dags/example_inlet_event_extra.py for tasks to queue
[2025-12-17T10:35:50.872+0530] {logging_mixin.py:190} INFO - [2025-12-17T10:35:50.872+0530] {dagbag.py:588} INFO - Filling up the DagBag from /home/sneha/spotify_airflow_project/venv/lib/python3.12/site-packages/airflow/example_dags/example_inlet_event_extra.py
[2025-12-17T10:35:50.884+0530] {processor.py:925} INFO - DAG(s) 'read_dataset_event', 'read_dataset_event_from_classic' retrieved from /home/sneha/spotify_airflow_project/venv/lib/python3.12/site-packages/airflow/example_dags/example_inlet_event_extra.py
[2025-12-17T10:35:50.903+0530] {logging_mixin.py:190} INFO - [2025-12-17T10:35:50.902+0530] {dag.py:3239} INFO - Sync 2 DAGs
[2025-12-17T10:35:51.046+0530] {logging_mixin.py:190} INFO - [2025-12-17T10:35:51.046+0530] {dag.py:4180} INFO - Setting next_dagrun for read_dataset_event to 2025-12-16 00:00:00+00:00, run_after=2025-12-17 00:00:00+00:00
[2025-12-17T10:35:51.050+0530] {logging_mixin.py:190} INFO - [2025-12-17T10:35:51.050+0530] {dag.py:4180} INFO - Setting next_dagrun for read_dataset_event_from_classic to 2025-12-16 00:00:00+00:00, run_after=2025-12-17 00:00:00+00:00
[2025-12-17T10:35:51.066+0530] {processor.py:208} INFO - Processing /home/sneha/spotify_airflow_project/venv/lib/python3.12/site-packages/airflow/example_dags/example_inlet_event_extra.py took 0.204 seconds
[2025-12-17T10:36:56.002+0530] {processor.py:186} INFO - Started process (PID=10017) to work on /home/sneha/spotify_airflow_project/venv/lib/python3.12/site-packages/airflow/example_dags/example_inlet_event_extra.py
[2025-12-17T10:36:56.003+0530] {processor.py:914} INFO - Processing file /home/sneha/spotify_airflow_project/venv/lib/python3.12/site-packages/airflow/example_dags/example_inlet_event_extra.py for tasks to queue
[2025-12-17T10:36:56.005+0530] {logging_mixin.py:190} INFO - [2025-12-17T10:36:56.005+0530] {dagbag.py:588} INFO - Filling up the DagBag from /home/sneha/spotify_airflow_project/venv/lib/python3.12/site-packages/airflow/example_dags/example_inlet_event_extra.py
[2025-12-17T10:36:56.019+0530] {processor.py:925} INFO - DAG(s) 'read_dataset_event_from_classic', 'read_dataset_event' retrieved from /home/sneha/spotify_airflow_project/venv/lib/python3.12/site-packages/airflow/example_dags/example_inlet_event_extra.py
[2025-12-17T10:36:56.037+0530] {logging_mixin.py:190} INFO - [2025-12-17T10:36:56.037+0530] {dag.py:3239} INFO - Sync 2 DAGs
[2025-12-17T10:36:56.060+0530] {logging_mixin.py:190} INFO - [2025-12-17T10:36:56.060+0530] {dag.py:4180} INFO - Setting next_dagrun for read_dataset_event to 2025-12-16 00:00:00+00:00, run_after=2025-12-17 00:00:00+00:00
[2025-12-17T10:36:56.065+0530] {logging_mixin.py:190} INFO - [2025-12-17T10:36:56.065+0530] {dag.py:4180} INFO - Setting next_dagrun for read_dataset_event_from_classic to 2025-12-16 00:00:00+00:00, run_after=2025-12-17 00:00:00+00:00
[2025-12-17T10:36:56.082+0530] {processor.py:208} INFO - Processing /home/sneha/spotify_airflow_project/venv/lib/python3.12/site-packages/airflow/example_dags/example_inlet_event_extra.py took 0.089 seconds
[2025-12-17T10:37:51.993+0530] {processor.py:186} INFO - Started process (PID=10421) to work on /home/sneha/spotify_airflow_project/venv/lib/python3.12/site-packages/airflow/example_dags/example_inlet_event_extra.py
[2025-12-17T10:37:51.994+0530] {processor.py:914} INFO - Processing file /home/sneha/spotify_airflow_project/venv/lib/python3.12/site-packages/airflow/example_dags/example_inlet_event_extra.py for tasks to queue
[2025-12-17T10:37:51.996+0530] {logging_mixin.py:190} INFO - [2025-12-17T10:37:51.996+0530] {dagbag.py:588} INFO - Filling up the DagBag from /home/sneha/spotify_airflow_project/venv/lib/python3.12/site-packages/airflow/example_dags/example_inlet_event_extra.py
[2025-12-17T10:37:52.009+0530] {processor.py:925} INFO - DAG(s) 'read_dataset_event', 'read_dataset_event_from_classic' retrieved from /home/sneha/spotify_airflow_project/venv/lib/python3.12/site-packages/airflow/example_dags/example_inlet_event_extra.py
[2025-12-17T10:37:52.028+0530] {logging_mixin.py:190} INFO - [2025-12-17T10:37:52.028+0530] {dag.py:3239} INFO - Sync 2 DAGs
[2025-12-17T10:37:52.051+0530] {logging_mixin.py:190} INFO - [2025-12-17T10:37:52.051+0530] {dag.py:4180} INFO - Setting next_dagrun for read_dataset_event to 2025-12-16 00:00:00+00:00, run_after=2025-12-17 00:00:00+00:00
[2025-12-17T10:37:52.055+0530] {logging_mixin.py:190} INFO - [2025-12-17T10:37:52.055+0530] {dag.py:4180} INFO - Setting next_dagrun for read_dataset_event_from_classic to 2025-12-16 00:00:00+00:00, run_after=2025-12-17 00:00:00+00:00
[2025-12-17T10:37:52.075+0530] {processor.py:208} INFO - Processing /home/sneha/spotify_airflow_project/venv/lib/python3.12/site-packages/airflow/example_dags/example_inlet_event_extra.py took 0.088 seconds
[2025-12-17T10:38:51.343+0530] {processor.py:186} INFO - Started process (PID=10827) to work on /home/sneha/spotify_airflow_project/venv/lib/python3.12/site-packages/airflow/example_dags/example_inlet_event_extra.py
[2025-12-17T10:38:51.344+0530] {processor.py:914} INFO - Processing file /home/sneha/spotify_airflow_project/venv/lib/python3.12/site-packages/airflow/example_dags/example_inlet_event_extra.py for tasks to queue
[2025-12-17T10:38:51.346+0530] {logging_mixin.py:190} INFO - [2025-12-17T10:38:51.346+0530] {dagbag.py:588} INFO - Filling up the DagBag from /home/sneha/spotify_airflow_project/venv/lib/python3.12/site-packages/airflow/example_dags/example_inlet_event_extra.py
[2025-12-17T10:38:51.359+0530] {processor.py:925} INFO - DAG(s) 'read_dataset_event_from_classic', 'read_dataset_event' retrieved from /home/sneha/spotify_airflow_project/venv/lib/python3.12/site-packages/airflow/example_dags/example_inlet_event_extra.py
[2025-12-17T10:38:51.378+0530] {logging_mixin.py:190} INFO - [2025-12-17T10:38:51.377+0530] {dag.py:3239} INFO - Sync 2 DAGs
[2025-12-17T10:38:51.400+0530] {logging_mixin.py:190} INFO - [2025-12-17T10:38:51.400+0530] {dag.py:4180} INFO - Setting next_dagrun for read_dataset_event to 2025-12-16 00:00:00+00:00, run_after=2025-12-17 00:00:00+00:00
[2025-12-17T10:38:51.405+0530] {logging_mixin.py:190} INFO - [2025-12-17T10:38:51.405+0530] {dag.py:4180} INFO - Setting next_dagrun for read_dataset_event_from_classic to 2025-12-16 00:00:00+00:00, run_after=2025-12-17 00:00:00+00:00
[2025-12-17T10:38:51.422+0530] {processor.py:208} INFO - Processing /home/sneha/spotify_airflow_project/venv/lib/python3.12/site-packages/airflow/example_dags/example_inlet_event_extra.py took 0.089 seconds
[2025-12-17T10:39:48.823+0530] {processor.py:186} INFO - Started process (PID=11259) to work on /home/sneha/spotify_airflow_project/venv/lib/python3.12/site-packages/airflow/example_dags/example_inlet_event_extra.py
[2025-12-17T10:39:48.824+0530] {processor.py:914} INFO - Processing file /home/sneha/spotify_airflow_project/venv/lib/python3.12/site-packages/airflow/example_dags/example_inlet_event_extra.py for tasks to queue
[2025-12-17T10:39:48.826+0530] {logging_mixin.py:190} INFO - [2025-12-17T10:39:48.826+0530] {dagbag.py:588} INFO - Filling up the DagBag from /home/sneha/spotify_airflow_project/venv/lib/python3.12/site-packages/airflow/example_dags/example_inlet_event_extra.py
[2025-12-17T10:39:48.839+0530] {processor.py:925} INFO - DAG(s) 'read_dataset_event_from_classic', 'read_dataset_event' retrieved from /home/sneha/spotify_airflow_project/venv/lib/python3.12/site-packages/airflow/example_dags/example_inlet_event_extra.py
[2025-12-17T10:39:48.858+0530] {logging_mixin.py:190} INFO - [2025-12-17T10:39:48.858+0530] {dag.py:3239} INFO - Sync 2 DAGs
[2025-12-17T10:39:48.881+0530] {logging_mixin.py:190} INFO - [2025-12-17T10:39:48.880+0530] {dag.py:4180} INFO - Setting next_dagrun for read_dataset_event to 2025-12-16 00:00:00+00:00, run_after=2025-12-17 00:00:00+00:00
[2025-12-17T10:39:48.885+0530] {logging_mixin.py:190} INFO - [2025-12-17T10:39:48.885+0530] {dag.py:4180} INFO - Setting next_dagrun for read_dataset_event_from_classic to 2025-12-16 00:00:00+00:00, run_after=2025-12-17 00:00:00+00:00
[2025-12-17T10:39:48.903+0530] {processor.py:208} INFO - Processing /home/sneha/spotify_airflow_project/venv/lib/python3.12/site-packages/airflow/example_dags/example_inlet_event_extra.py took 0.090 seconds
[2025-12-17T10:40:48.338+0530] {processor.py:186} INFO - Started process (PID=11739) to work on /home/sneha/spotify_airflow_project/venv/lib/python3.12/site-packages/airflow/example_dags/example_inlet_event_extra.py
[2025-12-17T10:40:48.339+0530] {processor.py:914} INFO - Processing file /home/sneha/spotify_airflow_project/venv/lib/python3.12/site-packages/airflow/example_dags/example_inlet_event_extra.py for tasks to queue
[2025-12-17T10:40:48.341+0530] {logging_mixin.py:190} INFO - [2025-12-17T10:40:48.340+0530] {dagbag.py:588} INFO - Filling up the DagBag from /home/sneha/spotify_airflow_project/venv/lib/python3.12/site-packages/airflow/example_dags/example_inlet_event_extra.py
[2025-12-17T10:40:48.352+0530] {processor.py:925} INFO - DAG(s) 'read_dataset_event', 'read_dataset_event_from_classic' retrieved from /home/sneha/spotify_airflow_project/venv/lib/python3.12/site-packages/airflow/example_dags/example_inlet_event_extra.py
[2025-12-17T10:40:48.368+0530] {logging_mixin.py:190} INFO - [2025-12-17T10:40:48.368+0530] {dag.py:3239} INFO - Sync 2 DAGs
[2025-12-17T10:40:48.390+0530] {logging_mixin.py:190} INFO - [2025-12-17T10:40:48.389+0530] {dag.py:4180} INFO - Setting next_dagrun for read_dataset_event to 2025-12-16 00:00:00+00:00, run_after=2025-12-17 00:00:00+00:00
[2025-12-17T10:40:48.394+0530] {logging_mixin.py:190} INFO - [2025-12-17T10:40:48.394+0530] {dag.py:4180} INFO - Setting next_dagrun for read_dataset_event_from_classic to 2025-12-16 00:00:00+00:00, run_after=2025-12-17 00:00:00+00:00
[2025-12-17T10:40:48.412+0530] {processor.py:208} INFO - Processing /home/sneha/spotify_airflow_project/venv/lib/python3.12/site-packages/airflow/example_dags/example_inlet_event_extra.py took 0.085 seconds
[2025-12-17T10:41:41.428+0530] {processor.py:186} INFO - Started process (PID=11797) to work on /home/sneha/spotify_airflow_project/venv/lib/python3.12/site-packages/airflow/example_dags/example_inlet_event_extra.py
[2025-12-17T10:41:41.429+0530] {processor.py:914} INFO - Processing file /home/sneha/spotify_airflow_project/venv/lib/python3.12/site-packages/airflow/example_dags/example_inlet_event_extra.py for tasks to queue
[2025-12-17T10:41:41.431+0530] {logging_mixin.py:190} INFO - [2025-12-17T10:41:41.430+0530] {dagbag.py:588} INFO - Filling up the DagBag from /home/sneha/spotify_airflow_project/venv/lib/python3.12/site-packages/airflow/example_dags/example_inlet_event_extra.py
[2025-12-17T10:41:41.442+0530] {processor.py:925} INFO - DAG(s) 'read_dataset_event_from_classic', 'read_dataset_event' retrieved from /home/sneha/spotify_airflow_project/venv/lib/python3.12/site-packages/airflow/example_dags/example_inlet_event_extra.py
[2025-12-17T10:41:41.459+0530] {logging_mixin.py:190} INFO - [2025-12-17T10:41:41.458+0530] {dag.py:3239} INFO - Sync 2 DAGs
[2025-12-17T10:41:41.478+0530] {logging_mixin.py:190} INFO - [2025-12-17T10:41:41.478+0530] {dag.py:4180} INFO - Setting next_dagrun for read_dataset_event to 2025-12-16 00:00:00+00:00, run_after=2025-12-17 00:00:00+00:00
[2025-12-17T10:41:41.482+0530] {logging_mixin.py:190} INFO - [2025-12-17T10:41:41.482+0530] {dag.py:4180} INFO - Setting next_dagrun for read_dataset_event_from_classic to 2025-12-16 00:00:00+00:00, run_after=2025-12-17 00:00:00+00:00
[2025-12-17T10:41:41.499+0530] {processor.py:208} INFO - Processing /home/sneha/spotify_airflow_project/venv/lib/python3.12/site-packages/airflow/example_dags/example_inlet_event_extra.py took 0.077 seconds
[2025-12-17T10:42:37.894+0530] {processor.py:186} INFO - Started process (PID=12105) to work on /home/sneha/spotify_airflow_project/venv/lib/python3.12/site-packages/airflow/example_dags/example_inlet_event_extra.py
[2025-12-17T10:42:37.896+0530] {processor.py:914} INFO - Processing file /home/sneha/spotify_airflow_project/venv/lib/python3.12/site-packages/airflow/example_dags/example_inlet_event_extra.py for tasks to queue
[2025-12-17T10:42:37.899+0530] {logging_mixin.py:190} INFO - [2025-12-17T10:42:37.898+0530] {dagbag.py:588} INFO - Filling up the DagBag from /home/sneha/spotify_airflow_project/venv/lib/python3.12/site-packages/airflow/example_dags/example_inlet_event_extra.py
[2025-12-17T10:42:37.920+0530] {processor.py:925} INFO - DAG(s) 'read_dataset_event', 'read_dataset_event_from_classic' retrieved from /home/sneha/spotify_airflow_project/venv/lib/python3.12/site-packages/airflow/example_dags/example_inlet_event_extra.py
[2025-12-17T10:42:37.952+0530] {logging_mixin.py:190} INFO - [2025-12-17T10:42:37.952+0530] {dag.py:3239} INFO - Sync 2 DAGs
[2025-12-17T10:42:37.999+0530] {logging_mixin.py:190} INFO - [2025-12-17T10:42:37.999+0530] {dag.py:4180} INFO - Setting next_dagrun for read_dataset_event to 2025-12-16 00:00:00+00:00, run_after=2025-12-17 00:00:00+00:00
[2025-12-17T10:42:38.010+0530] {logging_mixin.py:190} INFO - [2025-12-17T10:42:38.010+0530] {dag.py:4180} INFO - Setting next_dagrun for read_dataset_event_from_classic to 2025-12-16 00:00:00+00:00, run_after=2025-12-17 00:00:00+00:00
[2025-12-17T10:42:38.044+0530] {processor.py:208} INFO - Processing /home/sneha/spotify_airflow_project/venv/lib/python3.12/site-packages/airflow/example_dags/example_inlet_event_extra.py took 0.161 seconds
[2025-12-17T10:43:35.666+0530] {processor.py:186} INFO - Started process (PID=12217) to work on /home/sneha/spotify_airflow_project/venv/lib/python3.12/site-packages/airflow/example_dags/example_inlet_event_extra.py
[2025-12-17T10:43:35.667+0530] {processor.py:914} INFO - Processing file /home/sneha/spotify_airflow_project/venv/lib/python3.12/site-packages/airflow/example_dags/example_inlet_event_extra.py for tasks to queue
[2025-12-17T10:43:35.672+0530] {logging_mixin.py:190} INFO - [2025-12-17T10:43:35.671+0530] {dagbag.py:588} INFO - Filling up the DagBag from /home/sneha/spotify_airflow_project/venv/lib/python3.12/site-packages/airflow/example_dags/example_inlet_event_extra.py
[2025-12-17T10:43:35.686+0530] {processor.py:925} INFO - DAG(s) 'read_dataset_event', 'read_dataset_event_from_classic' retrieved from /home/sneha/spotify_airflow_project/venv/lib/python3.12/site-packages/airflow/example_dags/example_inlet_event_extra.py
[2025-12-17T10:43:35.706+0530] {logging_mixin.py:190} INFO - [2025-12-17T10:43:35.706+0530] {dag.py:3239} INFO - Sync 2 DAGs
[2025-12-17T10:43:35.731+0530] {logging_mixin.py:190} INFO - [2025-12-17T10:43:35.731+0530] {dag.py:4180} INFO - Setting next_dagrun for read_dataset_event to 2025-12-16 00:00:00+00:00, run_after=2025-12-17 00:00:00+00:00
[2025-12-17T10:43:35.736+0530] {logging_mixin.py:190} INFO - [2025-12-17T10:43:35.736+0530] {dag.py:4180} INFO - Setting next_dagrun for read_dataset_event_from_classic to 2025-12-16 00:00:00+00:00, run_after=2025-12-17 00:00:00+00:00
[2025-12-17T10:43:35.759+0530] {processor.py:208} INFO - Processing /home/sneha/spotify_airflow_project/venv/lib/python3.12/site-packages/airflow/example_dags/example_inlet_event_extra.py took 0.103 seconds
[2025-12-17T10:44:30.118+0530] {processor.py:186} INFO - Started process (PID=12276) to work on /home/sneha/spotify_airflow_project/venv/lib/python3.12/site-packages/airflow/example_dags/example_inlet_event_extra.py
[2025-12-17T10:44:30.129+0530] {processor.py:914} INFO - Processing file /home/sneha/spotify_airflow_project/venv/lib/python3.12/site-packages/airflow/example_dags/example_inlet_event_extra.py for tasks to queue
[2025-12-17T10:44:30.132+0530] {logging_mixin.py:190} INFO - [2025-12-17T10:44:30.131+0530] {dagbag.py:588} INFO - Filling up the DagBag from /home/sneha/spotify_airflow_project/venv/lib/python3.12/site-packages/airflow/example_dags/example_inlet_event_extra.py
[2025-12-17T10:44:30.146+0530] {processor.py:925} INFO - DAG(s) 'read_dataset_event', 'read_dataset_event_from_classic' retrieved from /home/sneha/spotify_airflow_project/venv/lib/python3.12/site-packages/airflow/example_dags/example_inlet_event_extra.py
[2025-12-17T10:44:30.164+0530] {logging_mixin.py:190} INFO - [2025-12-17T10:44:30.164+0530] {dag.py:3239} INFO - Sync 2 DAGs
[2025-12-17T10:44:30.187+0530] {logging_mixin.py:190} INFO - [2025-12-17T10:44:30.186+0530] {dag.py:4180} INFO - Setting next_dagrun for read_dataset_event to 2025-12-16 00:00:00+00:00, run_after=2025-12-17 00:00:00+00:00
[2025-12-17T10:44:30.191+0530] {logging_mixin.py:190} INFO - [2025-12-17T10:44:30.191+0530] {dag.py:4180} INFO - Setting next_dagrun for read_dataset_event_from_classic to 2025-12-16 00:00:00+00:00, run_after=2025-12-17 00:00:00+00:00
[2025-12-17T10:44:30.210+0530] {processor.py:208} INFO - Processing /home/sneha/spotify_airflow_project/venv/lib/python3.12/site-packages/airflow/example_dags/example_inlet_event_extra.py took 0.103 seconds
[2025-12-17T10:45:24.407+0530] {processor.py:186} INFO - Started process (PID=12392) to work on /home/sneha/spotify_airflow_project/venv/lib/python3.12/site-packages/airflow/example_dags/example_inlet_event_extra.py
[2025-12-17T10:45:24.408+0530] {processor.py:914} INFO - Processing file /home/sneha/spotify_airflow_project/venv/lib/python3.12/site-packages/airflow/example_dags/example_inlet_event_extra.py for tasks to queue
[2025-12-17T10:45:24.410+0530] {logging_mixin.py:190} INFO - [2025-12-17T10:45:24.410+0530] {dagbag.py:588} INFO - Filling up the DagBag from /home/sneha/spotify_airflow_project/venv/lib/python3.12/site-packages/airflow/example_dags/example_inlet_event_extra.py
[2025-12-17T10:45:24.425+0530] {processor.py:925} INFO - DAG(s) 'read_dataset_event_from_classic', 'read_dataset_event' retrieved from /home/sneha/spotify_airflow_project/venv/lib/python3.12/site-packages/airflow/example_dags/example_inlet_event_extra.py
[2025-12-17T10:45:24.446+0530] {logging_mixin.py:190} INFO - [2025-12-17T10:45:24.446+0530] {dag.py:3239} INFO - Sync 2 DAGs
[2025-12-17T10:45:24.470+0530] {logging_mixin.py:190} INFO - [2025-12-17T10:45:24.469+0530] {dag.py:4180} INFO - Setting next_dagrun for read_dataset_event to 2025-12-16 00:00:00+00:00, run_after=2025-12-17 00:00:00+00:00
[2025-12-17T10:45:24.474+0530] {logging_mixin.py:190} INFO - [2025-12-17T10:45:24.474+0530] {dag.py:4180} INFO - Setting next_dagrun for read_dataset_event_from_classic to 2025-12-16 00:00:00+00:00, run_after=2025-12-17 00:00:00+00:00
[2025-12-17T10:45:24.492+0530] {processor.py:208} INFO - Processing /home/sneha/spotify_airflow_project/venv/lib/python3.12/site-packages/airflow/example_dags/example_inlet_event_extra.py took 0.091 seconds
[2025-12-17T10:46:17.956+0530] {processor.py:186} INFO - Started process (PID=12474) to work on /home/sneha/spotify_airflow_project/venv/lib/python3.12/site-packages/airflow/example_dags/example_inlet_event_extra.py
[2025-12-17T10:46:17.958+0530] {processor.py:914} INFO - Processing file /home/sneha/spotify_airflow_project/venv/lib/python3.12/site-packages/airflow/example_dags/example_inlet_event_extra.py for tasks to queue
[2025-12-17T10:46:17.962+0530] {logging_mixin.py:190} INFO - [2025-12-17T10:46:17.961+0530] {dagbag.py:588} INFO - Filling up the DagBag from /home/sneha/spotify_airflow_project/venv/lib/python3.12/site-packages/airflow/example_dags/example_inlet_event_extra.py
[2025-12-17T10:46:17.978+0530] {processor.py:925} INFO - DAG(s) 'read_dataset_event', 'read_dataset_event_from_classic' retrieved from /home/sneha/spotify_airflow_project/venv/lib/python3.12/site-packages/airflow/example_dags/example_inlet_event_extra.py
[2025-12-17T10:46:17.997+0530] {logging_mixin.py:190} INFO - [2025-12-17T10:46:17.997+0530] {dag.py:3239} INFO - Sync 2 DAGs
[2025-12-17T10:46:18.028+0530] {logging_mixin.py:190} INFO - [2025-12-17T10:46:18.027+0530] {dag.py:4180} INFO - Setting next_dagrun for read_dataset_event to 2025-12-16 00:00:00+00:00, run_after=2025-12-17 00:00:00+00:00
[2025-12-17T10:46:18.033+0530] {logging_mixin.py:190} INFO - [2025-12-17T10:46:18.033+0530] {dag.py:4180} INFO - Setting next_dagrun for read_dataset_event_from_classic to 2025-12-16 00:00:00+00:00, run_after=2025-12-17 00:00:00+00:00
[2025-12-17T10:46:18.059+0530] {processor.py:208} INFO - Processing /home/sneha/spotify_airflow_project/venv/lib/python3.12/site-packages/airflow/example_dags/example_inlet_event_extra.py took 0.112 seconds
[2025-12-17T10:47:15.095+0530] {processor.py:186} INFO - Started process (PID=12737) to work on /home/sneha/spotify_airflow_project/venv/lib/python3.12/site-packages/airflow/example_dags/example_inlet_event_extra.py
[2025-12-17T10:47:15.106+0530] {processor.py:914} INFO - Processing file /home/sneha/spotify_airflow_project/venv/lib/python3.12/site-packages/airflow/example_dags/example_inlet_event_extra.py for tasks to queue
[2025-12-17T10:47:15.109+0530] {logging_mixin.py:190} INFO - [2025-12-17T10:47:15.108+0530] {dagbag.py:588} INFO - Filling up the DagBag from /home/sneha/spotify_airflow_project/venv/lib/python3.12/site-packages/airflow/example_dags/example_inlet_event_extra.py
[2025-12-17T10:47:15.122+0530] {processor.py:925} INFO - DAG(s) 'read_dataset_event_from_classic', 'read_dataset_event' retrieved from /home/sneha/spotify_airflow_project/venv/lib/python3.12/site-packages/airflow/example_dags/example_inlet_event_extra.py
[2025-12-17T10:47:15.138+0530] {logging_mixin.py:190} INFO - [2025-12-17T10:47:15.138+0530] {dag.py:3239} INFO - Sync 2 DAGs
[2025-12-17T10:47:15.157+0530] {logging_mixin.py:190} INFO - [2025-12-17T10:47:15.157+0530] {dag.py:4180} INFO - Setting next_dagrun for read_dataset_event to 2025-12-16 00:00:00+00:00, run_after=2025-12-17 00:00:00+00:00
[2025-12-17T10:47:15.161+0530] {logging_mixin.py:190} INFO - [2025-12-17T10:47:15.161+0530] {dag.py:4180} INFO - Setting next_dagrun for read_dataset_event_from_classic to 2025-12-16 00:00:00+00:00, run_after=2025-12-17 00:00:00+00:00
[2025-12-17T10:47:15.179+0530] {processor.py:208} INFO - Processing /home/sneha/spotify_airflow_project/venv/lib/python3.12/site-packages/airflow/example_dags/example_inlet_event_extra.py took 0.093 seconds
[2025-12-17T10:48:10.797+0530] {processor.py:186} INFO - Started process (PID=12798) to work on /home/sneha/spotify_airflow_project/venv/lib/python3.12/site-packages/airflow/example_dags/example_inlet_event_extra.py
[2025-12-17T10:48:10.799+0530] {processor.py:914} INFO - Processing file /home/sneha/spotify_airflow_project/venv/lib/python3.12/site-packages/airflow/example_dags/example_inlet_event_extra.py for tasks to queue
[2025-12-17T10:48:10.801+0530] {logging_mixin.py:190} INFO - [2025-12-17T10:48:10.800+0530] {dagbag.py:588} INFO - Filling up the DagBag from /home/sneha/spotify_airflow_project/venv/lib/python3.12/site-packages/airflow/example_dags/example_inlet_event_extra.py
[2025-12-17T10:48:10.814+0530] {processor.py:925} INFO - DAG(s) 'read_dataset_event', 'read_dataset_event_from_classic' retrieved from /home/sneha/spotify_airflow_project/venv/lib/python3.12/site-packages/airflow/example_dags/example_inlet_event_extra.py
[2025-12-17T10:48:10.831+0530] {logging_mixin.py:190} INFO - [2025-12-17T10:48:10.831+0530] {dag.py:3239} INFO - Sync 2 DAGs
[2025-12-17T10:48:10.853+0530] {logging_mixin.py:190} INFO - [2025-12-17T10:48:10.852+0530] {dag.py:4180} INFO - Setting next_dagrun for read_dataset_event to 2025-12-16 00:00:00+00:00, run_after=2025-12-17 00:00:00+00:00
[2025-12-17T10:48:10.857+0530] {logging_mixin.py:190} INFO - [2025-12-17T10:48:10.857+0530] {dag.py:4180} INFO - Setting next_dagrun for read_dataset_event_from_classic to 2025-12-16 00:00:00+00:00, run_after=2025-12-17 00:00:00+00:00
[2025-12-17T10:48:10.873+0530] {processor.py:208} INFO - Processing /home/sneha/spotify_airflow_project/venv/lib/python3.12/site-packages/airflow/example_dags/example_inlet_event_extra.py took 0.087 seconds
[2025-12-17T10:49:20.872+0530] {processor.py:186} INFO - Started process (PID=13432) to work on /home/sneha/spotify_airflow_project/venv/lib/python3.12/site-packages/airflow/example_dags/example_inlet_event_extra.py
[2025-12-17T10:49:20.873+0530] {processor.py:914} INFO - Processing file /home/sneha/spotify_airflow_project/venv/lib/python3.12/site-packages/airflow/example_dags/example_inlet_event_extra.py for tasks to queue
[2025-12-17T10:49:20.875+0530] {logging_mixin.py:190} INFO - [2025-12-17T10:49:20.875+0530] {dagbag.py:588} INFO - Filling up the DagBag from /home/sneha/spotify_airflow_project/venv/lib/python3.12/site-packages/airflow/example_dags/example_inlet_event_extra.py
[2025-12-17T10:49:20.889+0530] {processor.py:925} INFO - DAG(s) 'read_dataset_event_from_classic', 'read_dataset_event' retrieved from /home/sneha/spotify_airflow_project/venv/lib/python3.12/site-packages/airflow/example_dags/example_inlet_event_extra.py
[2025-12-17T10:49:20.908+0530] {logging_mixin.py:190} INFO - [2025-12-17T10:49:20.908+0530] {dag.py:3239} INFO - Sync 2 DAGs
[2025-12-17T10:49:20.932+0530] {logging_mixin.py:190} INFO - [2025-12-17T10:49:20.932+0530] {dag.py:4180} INFO - Setting next_dagrun for read_dataset_event to 2025-12-16 00:00:00+00:00, run_after=2025-12-17 00:00:00+00:00
[2025-12-17T10:49:20.937+0530] {logging_mixin.py:190} INFO - [2025-12-17T10:49:20.937+0530] {dag.py:4180} INFO - Setting next_dagrun for read_dataset_event_from_classic to 2025-12-16 00:00:00+00:00, run_after=2025-12-17 00:00:00+00:00
[2025-12-17T10:49:20.958+0530] {processor.py:208} INFO - Processing /home/sneha/spotify_airflow_project/venv/lib/python3.12/site-packages/airflow/example_dags/example_inlet_event_extra.py took 0.093 seconds
[2025-12-17T10:50:17.989+0530] {processor.py:186} INFO - Started process (PID=13727) to work on /home/sneha/spotify_airflow_project/venv/lib/python3.12/site-packages/airflow/example_dags/example_inlet_event_extra.py
[2025-12-17T10:50:17.990+0530] {processor.py:914} INFO - Processing file /home/sneha/spotify_airflow_project/venv/lib/python3.12/site-packages/airflow/example_dags/example_inlet_event_extra.py for tasks to queue
[2025-12-17T10:50:17.992+0530] {logging_mixin.py:190} INFO - [2025-12-17T10:50:17.992+0530] {dagbag.py:588} INFO - Filling up the DagBag from /home/sneha/spotify_airflow_project/venv/lib/python3.12/site-packages/airflow/example_dags/example_inlet_event_extra.py
[2025-12-17T10:50:18.005+0530] {processor.py:925} INFO - DAG(s) 'read_dataset_event_from_classic', 'read_dataset_event' retrieved from /home/sneha/spotify_airflow_project/venv/lib/python3.12/site-packages/airflow/example_dags/example_inlet_event_extra.py
[2025-12-17T10:50:18.023+0530] {logging_mixin.py:190} INFO - [2025-12-17T10:50:18.022+0530] {dag.py:3239} INFO - Sync 2 DAGs
[2025-12-17T10:50:18.045+0530] {logging_mixin.py:190} INFO - [2025-12-17T10:50:18.045+0530] {dag.py:4180} INFO - Setting next_dagrun for read_dataset_event to 2025-12-16 00:00:00+00:00, run_after=2025-12-17 00:00:00+00:00
[2025-12-17T10:50:18.050+0530] {logging_mixin.py:190} INFO - [2025-12-17T10:50:18.049+0530] {dag.py:4180} INFO - Setting next_dagrun for read_dataset_event_from_classic to 2025-12-16 00:00:00+00:00, run_after=2025-12-17 00:00:00+00:00
[2025-12-17T10:50:18.067+0530] {processor.py:208} INFO - Processing /home/sneha/spotify_airflow_project/venv/lib/python3.12/site-packages/airflow/example_dags/example_inlet_event_extra.py took 0.085 seconds
[2025-12-17T10:51:12.169+0530] {processor.py:186} INFO - Started process (PID=14080) to work on /home/sneha/spotify_airflow_project/venv/lib/python3.12/site-packages/airflow/example_dags/example_inlet_event_extra.py
[2025-12-17T10:51:12.170+0530] {processor.py:914} INFO - Processing file /home/sneha/spotify_airflow_project/venv/lib/python3.12/site-packages/airflow/example_dags/example_inlet_event_extra.py for tasks to queue
[2025-12-17T10:51:12.173+0530] {logging_mixin.py:190} INFO - [2025-12-17T10:51:12.172+0530] {dagbag.py:588} INFO - Filling up the DagBag from /home/sneha/spotify_airflow_project/venv/lib/python3.12/site-packages/airflow/example_dags/example_inlet_event_extra.py
[2025-12-17T10:51:12.186+0530] {processor.py:925} INFO - DAG(s) 'read_dataset_event_from_classic', 'read_dataset_event' retrieved from /home/sneha/spotify_airflow_project/venv/lib/python3.12/site-packages/airflow/example_dags/example_inlet_event_extra.py
[2025-12-17T10:51:12.205+0530] {logging_mixin.py:190} INFO - [2025-12-17T10:51:12.205+0530] {dag.py:3239} INFO - Sync 2 DAGs
[2025-12-17T10:51:12.227+0530] {logging_mixin.py:190} INFO - [2025-12-17T10:51:12.227+0530] {dag.py:4180} INFO - Setting next_dagrun for read_dataset_event to 2025-12-16 00:00:00+00:00, run_after=2025-12-17 00:00:00+00:00
[2025-12-17T10:51:12.232+0530] {logging_mixin.py:190} INFO - [2025-12-17T10:51:12.231+0530] {dag.py:4180} INFO - Setting next_dagrun for read_dataset_event_from_classic to 2025-12-16 00:00:00+00:00, run_after=2025-12-17 00:00:00+00:00
[2025-12-17T10:51:12.249+0530] {processor.py:208} INFO - Processing /home/sneha/spotify_airflow_project/venv/lib/python3.12/site-packages/airflow/example_dags/example_inlet_event_extra.py took 0.087 seconds
[2025-12-17T10:52:07.036+0530] {processor.py:186} INFO - Started process (PID=14469) to work on /home/sneha/spotify_airflow_project/venv/lib/python3.12/site-packages/airflow/example_dags/example_inlet_event_extra.py
[2025-12-17T10:52:07.038+0530] {processor.py:914} INFO - Processing file /home/sneha/spotify_airflow_project/venv/lib/python3.12/site-packages/airflow/example_dags/example_inlet_event_extra.py for tasks to queue
[2025-12-17T10:52:07.042+0530] {logging_mixin.py:190} INFO - [2025-12-17T10:52:07.042+0530] {dagbag.py:588} INFO - Filling up the DagBag from /home/sneha/spotify_airflow_project/venv/lib/python3.12/site-packages/airflow/example_dags/example_inlet_event_extra.py
[2025-12-17T10:52:07.058+0530] {processor.py:925} INFO - DAG(s) 'read_dataset_event', 'read_dataset_event_from_classic' retrieved from /home/sneha/spotify_airflow_project/venv/lib/python3.12/site-packages/airflow/example_dags/example_inlet_event_extra.py
[2025-12-17T10:52:07.077+0530] {logging_mixin.py:190} INFO - [2025-12-17T10:52:07.076+0530] {dag.py:3239} INFO - Sync 2 DAGs
[2025-12-17T10:52:07.099+0530] {logging_mixin.py:190} INFO - [2025-12-17T10:52:07.099+0530] {dag.py:4180} INFO - Setting next_dagrun for read_dataset_event to 2025-12-16 00:00:00+00:00, run_after=2025-12-17 00:00:00+00:00
[2025-12-17T10:52:07.104+0530] {logging_mixin.py:190} INFO - [2025-12-17T10:52:07.104+0530] {dag.py:4180} INFO - Setting next_dagrun for read_dataset_event_from_classic to 2025-12-16 00:00:00+00:00, run_after=2025-12-17 00:00:00+00:00
[2025-12-17T10:52:07.121+0530] {processor.py:208} INFO - Processing /home/sneha/spotify_airflow_project/venv/lib/python3.12/site-packages/airflow/example_dags/example_inlet_event_extra.py took 0.098 seconds
[2025-12-17T10:53:01.880+0530] {processor.py:186} INFO - Started process (PID=14856) to work on /home/sneha/spotify_airflow_project/venv/lib/python3.12/site-packages/airflow/example_dags/example_inlet_event_extra.py
[2025-12-17T10:53:01.881+0530] {processor.py:914} INFO - Processing file /home/sneha/spotify_airflow_project/venv/lib/python3.12/site-packages/airflow/example_dags/example_inlet_event_extra.py for tasks to queue
[2025-12-17T10:53:01.883+0530] {logging_mixin.py:190} INFO - [2025-12-17T10:53:01.883+0530] {dagbag.py:588} INFO - Filling up the DagBag from /home/sneha/spotify_airflow_project/venv/lib/python3.12/site-packages/airflow/example_dags/example_inlet_event_extra.py
[2025-12-17T10:53:01.897+0530] {processor.py:925} INFO - DAG(s) 'read_dataset_event_from_classic', 'read_dataset_event' retrieved from /home/sneha/spotify_airflow_project/venv/lib/python3.12/site-packages/airflow/example_dags/example_inlet_event_extra.py
[2025-12-17T10:53:01.915+0530] {logging_mixin.py:190} INFO - [2025-12-17T10:53:01.915+0530] {dag.py:3239} INFO - Sync 2 DAGs
[2025-12-17T10:53:01.938+0530] {logging_mixin.py:190} INFO - [2025-12-17T10:53:01.938+0530] {dag.py:4180} INFO - Setting next_dagrun for read_dataset_event to 2025-12-16 00:00:00+00:00, run_after=2025-12-17 00:00:00+00:00
[2025-12-17T10:53:01.943+0530] {logging_mixin.py:190} INFO - [2025-12-17T10:53:01.943+0530] {dag.py:4180} INFO - Setting next_dagrun for read_dataset_event_from_classic to 2025-12-16 00:00:00+00:00, run_after=2025-12-17 00:00:00+00:00
[2025-12-17T10:53:01.961+0530] {processor.py:208} INFO - Processing /home/sneha/spotify_airflow_project/venv/lib/python3.12/site-packages/airflow/example_dags/example_inlet_event_extra.py took 0.089 seconds
[2025-12-17T10:54:02.146+0530] {processor.py:186} INFO - Started process (PID=15335) to work on /home/sneha/spotify_airflow_project/venv/lib/python3.12/site-packages/airflow/example_dags/example_inlet_event_extra.py
[2025-12-17T10:54:02.147+0530] {processor.py:914} INFO - Processing file /home/sneha/spotify_airflow_project/venv/lib/python3.12/site-packages/airflow/example_dags/example_inlet_event_extra.py for tasks to queue
[2025-12-17T10:54:02.149+0530] {logging_mixin.py:190} INFO - [2025-12-17T10:54:02.149+0530] {dagbag.py:588} INFO - Filling up the DagBag from /home/sneha/spotify_airflow_project/venv/lib/python3.12/site-packages/airflow/example_dags/example_inlet_event_extra.py
[2025-12-17T10:54:02.162+0530] {processor.py:925} INFO - DAG(s) 'read_dataset_event_from_classic', 'read_dataset_event' retrieved from /home/sneha/spotify_airflow_project/venv/lib/python3.12/site-packages/airflow/example_dags/example_inlet_event_extra.py
[2025-12-17T10:54:02.180+0530] {logging_mixin.py:190} INFO - [2025-12-17T10:54:02.179+0530] {dag.py:3239} INFO - Sync 2 DAGs
[2025-12-17T10:54:02.201+0530] {logging_mixin.py:190} INFO - [2025-12-17T10:54:02.200+0530] {dag.py:4180} INFO - Setting next_dagrun for read_dataset_event to 2025-12-16 00:00:00+00:00, run_after=2025-12-17 00:00:00+00:00
[2025-12-17T10:54:02.205+0530] {logging_mixin.py:190} INFO - [2025-12-17T10:54:02.205+0530] {dag.py:4180} INFO - Setting next_dagrun for read_dataset_event_from_classic to 2025-12-16 00:00:00+00:00, run_after=2025-12-17 00:00:00+00:00
[2025-12-17T10:54:02.222+0530] {processor.py:208} INFO - Processing /home/sneha/spotify_airflow_project/venv/lib/python3.12/site-packages/airflow/example_dags/example_inlet_event_extra.py took 0.088 seconds
[2025-12-17T10:55:01.477+0530] {processor.py:186} INFO - Started process (PID=15546) to work on /home/sneha/spotify_airflow_project/venv/lib/python3.12/site-packages/airflow/example_dags/example_inlet_event_extra.py
[2025-12-17T10:55:01.478+0530] {processor.py:914} INFO - Processing file /home/sneha/spotify_airflow_project/venv/lib/python3.12/site-packages/airflow/example_dags/example_inlet_event_extra.py for tasks to queue
[2025-12-17T10:55:01.480+0530] {logging_mixin.py:190} INFO - [2025-12-17T10:55:01.480+0530] {dagbag.py:588} INFO - Filling up the DagBag from /home/sneha/spotify_airflow_project/venv/lib/python3.12/site-packages/airflow/example_dags/example_inlet_event_extra.py
[2025-12-17T10:55:01.493+0530] {processor.py:925} INFO - DAG(s) 'read_dataset_event_from_classic', 'read_dataset_event' retrieved from /home/sneha/spotify_airflow_project/venv/lib/python3.12/site-packages/airflow/example_dags/example_inlet_event_extra.py
[2025-12-17T10:55:01.511+0530] {logging_mixin.py:190} INFO - [2025-12-17T10:55:01.510+0530] {dag.py:3239} INFO - Sync 2 DAGs
[2025-12-17T10:55:01.532+0530] {logging_mixin.py:190} INFO - [2025-12-17T10:55:01.531+0530] {dag.py:4180} INFO - Setting next_dagrun for read_dataset_event to 2025-12-16 00:00:00+00:00, run_after=2025-12-17 00:00:00+00:00
[2025-12-17T10:55:01.536+0530] {logging_mixin.py:190} INFO - [2025-12-17T10:55:01.536+0530] {dag.py:4180} INFO - Setting next_dagrun for read_dataset_event_from_classic to 2025-12-16 00:00:00+00:00, run_after=2025-12-17 00:00:00+00:00
[2025-12-17T10:55:01.553+0530] {processor.py:208} INFO - Processing /home/sneha/spotify_airflow_project/venv/lib/python3.12/site-packages/airflow/example_dags/example_inlet_event_extra.py took 0.088 seconds
[2025-12-17T10:55:57.265+0530] {processor.py:186} INFO - Started process (PID=15624) to work on /home/sneha/spotify_airflow_project/venv/lib/python3.12/site-packages/airflow/example_dags/example_inlet_event_extra.py
[2025-12-17T10:55:57.266+0530] {processor.py:914} INFO - Processing file /home/sneha/spotify_airflow_project/venv/lib/python3.12/site-packages/airflow/example_dags/example_inlet_event_extra.py for tasks to queue
[2025-12-17T10:55:57.268+0530] {logging_mixin.py:190} INFO - [2025-12-17T10:55:57.268+0530] {dagbag.py:588} INFO - Filling up the DagBag from /home/sneha/spotify_airflow_project/venv/lib/python3.12/site-packages/airflow/example_dags/example_inlet_event_extra.py
[2025-12-17T10:55:57.282+0530] {processor.py:925} INFO - DAG(s) 'read_dataset_event', 'read_dataset_event_from_classic' retrieved from /home/sneha/spotify_airflow_project/venv/lib/python3.12/site-packages/airflow/example_dags/example_inlet_event_extra.py
[2025-12-17T10:55:57.301+0530] {logging_mixin.py:190} INFO - [2025-12-17T10:55:57.301+0530] {dag.py:3239} INFO - Sync 2 DAGs
[2025-12-17T10:55:57.323+0530] {logging_mixin.py:190} INFO - [2025-12-17T10:55:57.323+0530] {dag.py:4180} INFO - Setting next_dagrun for read_dataset_event to 2025-12-16 00:00:00+00:00, run_after=2025-12-17 00:00:00+00:00
[2025-12-17T10:55:57.328+0530] {logging_mixin.py:190} INFO - [2025-12-17T10:55:57.328+0530] {dag.py:4180} INFO - Setting next_dagrun for read_dataset_event_from_classic to 2025-12-16 00:00:00+00:00, run_after=2025-12-17 00:00:00+00:00
[2025-12-17T10:55:57.344+0530] {processor.py:208} INFO - Processing /home/sneha/spotify_airflow_project/venv/lib/python3.12/site-packages/airflow/example_dags/example_inlet_event_extra.py took 0.085 seconds
[2025-12-17T10:56:51.037+0530] {processor.py:186} INFO - Started process (PID=15684) to work on /home/sneha/spotify_airflow_project/venv/lib/python3.12/site-packages/airflow/example_dags/example_inlet_event_extra.py
[2025-12-17T10:56:51.038+0530] {processor.py:914} INFO - Processing file /home/sneha/spotify_airflow_project/venv/lib/python3.12/site-packages/airflow/example_dags/example_inlet_event_extra.py for tasks to queue
[2025-12-17T10:56:51.040+0530] {logging_mixin.py:190} INFO - [2025-12-17T10:56:51.040+0530] {dagbag.py:588} INFO - Filling up the DagBag from /home/sneha/spotify_airflow_project/venv/lib/python3.12/site-packages/airflow/example_dags/example_inlet_event_extra.py
[2025-12-17T10:56:51.052+0530] {processor.py:925} INFO - DAG(s) 'read_dataset_event', 'read_dataset_event_from_classic' retrieved from /home/sneha/spotify_airflow_project/venv/lib/python3.12/site-packages/airflow/example_dags/example_inlet_event_extra.py
[2025-12-17T10:56:51.069+0530] {logging_mixin.py:190} INFO - [2025-12-17T10:56:51.069+0530] {dag.py:3239} INFO - Sync 2 DAGs
[2025-12-17T10:56:51.091+0530] {logging_mixin.py:190} INFO - [2025-12-17T10:56:51.090+0530] {dag.py:4180} INFO - Setting next_dagrun for read_dataset_event to 2025-12-16 00:00:00+00:00, run_after=2025-12-17 00:00:00+00:00
[2025-12-17T10:56:51.095+0530] {logging_mixin.py:190} INFO - [2025-12-17T10:56:51.095+0530] {dag.py:4180} INFO - Setting next_dagrun for read_dataset_event_from_classic to 2025-12-16 00:00:00+00:00, run_after=2025-12-17 00:00:00+00:00
[2025-12-17T10:56:51.114+0530] {processor.py:208} INFO - Processing /home/sneha/spotify_airflow_project/venv/lib/python3.12/site-packages/airflow/example_dags/example_inlet_event_extra.py took 0.086 seconds
[2025-12-17T10:57:46.919+0530] {processor.py:186} INFO - Started process (PID=15851) to work on /home/sneha/spotify_airflow_project/venv/lib/python3.12/site-packages/airflow/example_dags/example_inlet_event_extra.py
[2025-12-17T10:57:46.921+0530] {processor.py:914} INFO - Processing file /home/sneha/spotify_airflow_project/venv/lib/python3.12/site-packages/airflow/example_dags/example_inlet_event_extra.py for tasks to queue
[2025-12-17T10:57:46.924+0530] {logging_mixin.py:190} INFO - [2025-12-17T10:57:46.923+0530] {dagbag.py:588} INFO - Filling up the DagBag from /home/sneha/spotify_airflow_project/venv/lib/python3.12/site-packages/airflow/example_dags/example_inlet_event_extra.py
[2025-12-17T10:57:46.941+0530] {processor.py:925} INFO - DAG(s) 'read_dataset_event_from_classic', 'read_dataset_event' retrieved from /home/sneha/spotify_airflow_project/venv/lib/python3.12/site-packages/airflow/example_dags/example_inlet_event_extra.py
[2025-12-17T10:57:46.964+0530] {logging_mixin.py:190} INFO - [2025-12-17T10:57:46.964+0530] {dag.py:3239} INFO - Sync 2 DAGs
[2025-12-17T10:57:46.988+0530] {logging_mixin.py:190} INFO - [2025-12-17T10:57:46.988+0530] {dag.py:4180} INFO - Setting next_dagrun for read_dataset_event to 2025-12-16 00:00:00+00:00, run_after=2025-12-17 00:00:00+00:00
[2025-12-17T10:57:46.993+0530] {logging_mixin.py:190} INFO - [2025-12-17T10:57:46.993+0530] {dag.py:4180} INFO - Setting next_dagrun for read_dataset_event_from_classic to 2025-12-16 00:00:00+00:00, run_after=2025-12-17 00:00:00+00:00
[2025-12-17T10:57:47.015+0530] {processor.py:208} INFO - Processing /home/sneha/spotify_airflow_project/venv/lib/python3.12/site-packages/airflow/example_dags/example_inlet_event_extra.py took 0.104 seconds
[2025-12-17T11:01:36.451+0530] {processor.py:186} INFO - Started process (PID=17184) to work on /home/sneha/spotify_airflow_project/venv/lib/python3.12/site-packages/airflow/example_dags/example_inlet_event_extra.py
[2025-12-17T11:01:36.452+0530] {processor.py:914} INFO - Processing file /home/sneha/spotify_airflow_project/venv/lib/python3.12/site-packages/airflow/example_dags/example_inlet_event_extra.py for tasks to queue
[2025-12-17T11:01:36.454+0530] {logging_mixin.py:190} INFO - [2025-12-17T11:01:36.454+0530] {dagbag.py:588} INFO - Filling up the DagBag from /home/sneha/spotify_airflow_project/venv/lib/python3.12/site-packages/airflow/example_dags/example_inlet_event_extra.py
[2025-12-17T11:01:36.465+0530] {processor.py:925} INFO - DAG(s) 'read_dataset_event', 'read_dataset_event_from_classic' retrieved from /home/sneha/spotify_airflow_project/venv/lib/python3.12/site-packages/airflow/example_dags/example_inlet_event_extra.py
[2025-12-17T11:01:36.481+0530] {logging_mixin.py:190} INFO - [2025-12-17T11:01:36.481+0530] {dag.py:3239} INFO - Sync 2 DAGs
[2025-12-17T11:01:36.500+0530] {logging_mixin.py:190} INFO - [2025-12-17T11:01:36.499+0530] {dag.py:4180} INFO - Setting next_dagrun for read_dataset_event to 2025-12-16 00:00:00+00:00, run_after=2025-12-17 00:00:00+00:00
[2025-12-17T11:01:36.504+0530] {logging_mixin.py:190} INFO - [2025-12-17T11:01:36.504+0530] {dag.py:4180} INFO - Setting next_dagrun for read_dataset_event_from_classic to 2025-12-16 00:00:00+00:00, run_after=2025-12-17 00:00:00+00:00
[2025-12-17T11:01:36.522+0530] {processor.py:208} INFO - Processing /home/sneha/spotify_airflow_project/venv/lib/python3.12/site-packages/airflow/example_dags/example_inlet_event_extra.py took 0.082 seconds
[2025-12-17T11:03:04.219+0530] {processor.py:186} INFO - Started process (PID=18053) to work on /home/sneha/spotify_airflow_project/venv/lib/python3.12/site-packages/airflow/example_dags/example_inlet_event_extra.py
[2025-12-17T11:03:04.220+0530] {processor.py:914} INFO - Processing file /home/sneha/spotify_airflow_project/venv/lib/python3.12/site-packages/airflow/example_dags/example_inlet_event_extra.py for tasks to queue
[2025-12-17T11:03:04.222+0530] {logging_mixin.py:190} INFO - [2025-12-17T11:03:04.222+0530] {dagbag.py:588} INFO - Filling up the DagBag from /home/sneha/spotify_airflow_project/venv/lib/python3.12/site-packages/airflow/example_dags/example_inlet_event_extra.py
[2025-12-17T11:03:04.235+0530] {processor.py:925} INFO - DAG(s) 'read_dataset_event_from_classic', 'read_dataset_event' retrieved from /home/sneha/spotify_airflow_project/venv/lib/python3.12/site-packages/airflow/example_dags/example_inlet_event_extra.py
[2025-12-17T11:03:04.253+0530] {logging_mixin.py:190} INFO - [2025-12-17T11:03:04.253+0530] {dag.py:3239} INFO - Sync 2 DAGs
[2025-12-17T11:03:04.275+0530] {logging_mixin.py:190} INFO - [2025-12-17T11:03:04.274+0530] {dag.py:4180} INFO - Setting next_dagrun for read_dataset_event to 2025-12-16 00:00:00+00:00, run_after=2025-12-17 00:00:00+00:00
[2025-12-17T11:03:04.279+0530] {logging_mixin.py:190} INFO - [2025-12-17T11:03:04.279+0530] {dag.py:4180} INFO - Setting next_dagrun for read_dataset_event_from_classic to 2025-12-16 00:00:00+00:00, run_after=2025-12-17 00:00:00+00:00
[2025-12-17T11:03:04.296+0530] {processor.py:208} INFO - Processing /home/sneha/spotify_airflow_project/venv/lib/python3.12/site-packages/airflow/example_dags/example_inlet_event_extra.py took 0.085 seconds
[2025-12-17T11:04:02.626+0530] {processor.py:186} INFO - Started process (PID=18344) to work on /home/sneha/spotify_airflow_project/venv/lib/python3.12/site-packages/airflow/example_dags/example_inlet_event_extra.py
[2025-12-17T11:04:02.627+0530] {processor.py:914} INFO - Processing file /home/sneha/spotify_airflow_project/venv/lib/python3.12/site-packages/airflow/example_dags/example_inlet_event_extra.py for tasks to queue
[2025-12-17T11:04:02.629+0530] {logging_mixin.py:190} INFO - [2025-12-17T11:04:02.629+0530] {dagbag.py:588} INFO - Filling up the DagBag from /home/sneha/spotify_airflow_project/venv/lib/python3.12/site-packages/airflow/example_dags/example_inlet_event_extra.py
[2025-12-17T11:04:02.640+0530] {processor.py:925} INFO - DAG(s) 'read_dataset_event', 'read_dataset_event_from_classic' retrieved from /home/sneha/spotify_airflow_project/venv/lib/python3.12/site-packages/airflow/example_dags/example_inlet_event_extra.py
[2025-12-17T11:04:02.657+0530] {logging_mixin.py:190} INFO - [2025-12-17T11:04:02.657+0530] {dag.py:3239} INFO - Sync 2 DAGs
[2025-12-17T11:04:02.676+0530] {logging_mixin.py:190} INFO - [2025-12-17T11:04:02.676+0530] {dag.py:4180} INFO - Setting next_dagrun for read_dataset_event to 2025-12-16 00:00:00+00:00, run_after=2025-12-17 00:00:00+00:00
[2025-12-17T11:04:02.681+0530] {logging_mixin.py:190} INFO - [2025-12-17T11:04:02.680+0530] {dag.py:4180} INFO - Setting next_dagrun for read_dataset_event_from_classic to 2025-12-16 00:00:00+00:00, run_after=2025-12-17 00:00:00+00:00
[2025-12-17T11:04:02.701+0530] {processor.py:208} INFO - Processing /home/sneha/spotify_airflow_project/venv/lib/python3.12/site-packages/airflow/example_dags/example_inlet_event_extra.py took 0.083 seconds
[2025-12-17T11:05:01.662+0530] {processor.py:186} INFO - Started process (PID=18610) to work on /home/sneha/spotify_airflow_project/venv/lib/python3.12/site-packages/airflow/example_dags/example_inlet_event_extra.py
[2025-12-17T11:05:01.664+0530] {processor.py:914} INFO - Processing file /home/sneha/spotify_airflow_project/venv/lib/python3.12/site-packages/airflow/example_dags/example_inlet_event_extra.py for tasks to queue
[2025-12-17T11:05:01.667+0530] {logging_mixin.py:190} INFO - [2025-12-17T11:05:01.666+0530] {dagbag.py:588} INFO - Filling up the DagBag from /home/sneha/spotify_airflow_project/venv/lib/python3.12/site-packages/airflow/example_dags/example_inlet_event_extra.py
[2025-12-17T11:05:01.684+0530] {processor.py:925} INFO - DAG(s) 'read_dataset_event_from_classic', 'read_dataset_event' retrieved from /home/sneha/spotify_airflow_project/venv/lib/python3.12/site-packages/airflow/example_dags/example_inlet_event_extra.py
[2025-12-17T11:05:01.707+0530] {logging_mixin.py:190} INFO - [2025-12-17T11:05:01.706+0530] {dag.py:3239} INFO - Sync 2 DAGs
[2025-12-17T11:05:01.733+0530] {logging_mixin.py:190} INFO - [2025-12-17T11:05:01.733+0530] {dag.py:4180} INFO - Setting next_dagrun for read_dataset_event to 2025-12-16 00:00:00+00:00, run_after=2025-12-17 00:00:00+00:00
[2025-12-17T11:05:01.739+0530] {logging_mixin.py:190} INFO - [2025-12-17T11:05:01.738+0530] {dag.py:4180} INFO - Setting next_dagrun for read_dataset_event_from_classic to 2025-12-16 00:00:00+00:00, run_after=2025-12-17 00:00:00+00:00
[2025-12-17T11:05:01.762+0530] {processor.py:208} INFO - Processing /home/sneha/spotify_airflow_project/venv/lib/python3.12/site-packages/airflow/example_dags/example_inlet_event_extra.py took 0.107 seconds
[2025-12-17T11:05:59.974+0530] {processor.py:186} INFO - Started process (PID=18795) to work on /home/sneha/spotify_airflow_project/venv/lib/python3.12/site-packages/airflow/example_dags/example_inlet_event_extra.py
[2025-12-17T11:05:59.985+0530] {processor.py:914} INFO - Processing file /home/sneha/spotify_airflow_project/venv/lib/python3.12/site-packages/airflow/example_dags/example_inlet_event_extra.py for tasks to queue
[2025-12-17T11:05:59.990+0530] {logging_mixin.py:190} INFO - [2025-12-17T11:05:59.989+0530] {dagbag.py:588} INFO - Filling up the DagBag from /home/sneha/spotify_airflow_project/venv/lib/python3.12/site-packages/airflow/example_dags/example_inlet_event_extra.py
[2025-12-17T11:06:00.009+0530] {processor.py:925} INFO - DAG(s) 'read_dataset_event_from_classic', 'read_dataset_event' retrieved from /home/sneha/spotify_airflow_project/venv/lib/python3.12/site-packages/airflow/example_dags/example_inlet_event_extra.py
[2025-12-17T11:06:00.039+0530] {logging_mixin.py:190} INFO - [2025-12-17T11:06:00.038+0530] {dag.py:3239} INFO - Sync 2 DAGs
[2025-12-17T11:06:00.076+0530] {logging_mixin.py:190} INFO - [2025-12-17T11:06:00.075+0530] {dag.py:4180} INFO - Setting next_dagrun for read_dataset_event to 2025-12-16 00:00:00+00:00, run_after=2025-12-17 00:00:00+00:00
[2025-12-17T11:06:00.082+0530] {logging_mixin.py:190} INFO - [2025-12-17T11:06:00.082+0530] {dag.py:4180} INFO - Setting next_dagrun for read_dataset_event_from_classic to 2025-12-16 00:00:00+00:00, run_after=2025-12-17 00:00:00+00:00
[2025-12-17T11:06:00.115+0530] {processor.py:208} INFO - Processing /home/sneha/spotify_airflow_project/venv/lib/python3.12/site-packages/airflow/example_dags/example_inlet_event_extra.py took 0.150 seconds
[2025-12-17T11:07:11.100+0530] {processor.py:186} INFO - Started process (PID=19337) to work on /home/sneha/spotify_airflow_project/venv/lib/python3.12/site-packages/airflow/example_dags/example_inlet_event_extra.py
[2025-12-17T11:07:11.101+0530] {processor.py:914} INFO - Processing file /home/sneha/spotify_airflow_project/venv/lib/python3.12/site-packages/airflow/example_dags/example_inlet_event_extra.py for tasks to queue
[2025-12-17T11:07:11.103+0530] {logging_mixin.py:190} INFO - [2025-12-17T11:07:11.103+0530] {dagbag.py:588} INFO - Filling up the DagBag from /home/sneha/spotify_airflow_project/venv/lib/python3.12/site-packages/airflow/example_dags/example_inlet_event_extra.py
[2025-12-17T11:07:11.114+0530] {processor.py:925} INFO - DAG(s) 'read_dataset_event', 'read_dataset_event_from_classic' retrieved from /home/sneha/spotify_airflow_project/venv/lib/python3.12/site-packages/airflow/example_dags/example_inlet_event_extra.py
[2025-12-17T11:07:11.243+0530] {logging_mixin.py:190} INFO - [2025-12-17T11:07:11.243+0530] {dag.py:3239} INFO - Sync 2 DAGs
[2025-12-17T11:07:11.261+0530] {logging_mixin.py:190} INFO - [2025-12-17T11:07:11.260+0530] {dag.py:4180} INFO - Setting next_dagrun for read_dataset_event to 2025-12-16 00:00:00+00:00, run_after=2025-12-17 00:00:00+00:00
[2025-12-17T11:07:11.265+0530] {logging_mixin.py:190} INFO - [2025-12-17T11:07:11.265+0530] {dag.py:4180} INFO - Setting next_dagrun for read_dataset_event_from_classic to 2025-12-16 00:00:00+00:00, run_after=2025-12-17 00:00:00+00:00
[2025-12-17T11:07:11.280+0530] {processor.py:208} INFO - Processing /home/sneha/spotify_airflow_project/venv/lib/python3.12/site-packages/airflow/example_dags/example_inlet_event_extra.py took 0.189 seconds
[2025-12-17T12:47:50.876+0530] {processor.py:186} INFO - Started process (PID=71122) to work on /home/sneha/spotify_airflow_project/venv/lib/python3.12/site-packages/airflow/example_dags/example_inlet_event_extra.py
[2025-12-17T12:47:50.878+0530] {processor.py:914} INFO - Processing file /home/sneha/spotify_airflow_project/venv/lib/python3.12/site-packages/airflow/example_dags/example_inlet_event_extra.py for tasks to queue
[2025-12-17T12:47:50.882+0530] {logging_mixin.py:190} INFO - [2025-12-17T12:47:50.882+0530] {dagbag.py:588} INFO - Filling up the DagBag from /home/sneha/spotify_airflow_project/venv/lib/python3.12/site-packages/airflow/example_dags/example_inlet_event_extra.py
[2025-12-17T12:47:50.905+0530] {processor.py:925} INFO - DAG(s) 'read_dataset_event_from_classic', 'read_dataset_event' retrieved from /home/sneha/spotify_airflow_project/venv/lib/python3.12/site-packages/airflow/example_dags/example_inlet_event_extra.py
[2025-12-17T12:47:50.940+0530] {logging_mixin.py:190} INFO - [2025-12-17T12:47:50.940+0530] {dag.py:3239} INFO - Sync 2 DAGs
[2025-12-17T12:47:50.980+0530] {logging_mixin.py:190} INFO - [2025-12-17T12:47:50.980+0530] {dag.py:4180} INFO - Setting next_dagrun for read_dataset_event to 2025-12-16 00:00:00+00:00, run_after=2025-12-17 00:00:00+00:00
[2025-12-17T12:47:50.991+0530] {logging_mixin.py:190} INFO - [2025-12-17T12:47:50.990+0530] {dag.py:4180} INFO - Setting next_dagrun for read_dataset_event_from_classic to 2025-12-16 00:00:00+00:00, run_after=2025-12-17 00:00:00+00:00
[2025-12-17T12:47:51.023+0530] {processor.py:208} INFO - Processing /home/sneha/spotify_airflow_project/venv/lib/python3.12/site-packages/airflow/example_dags/example_inlet_event_extra.py took 0.160 seconds
[2025-12-17T12:49:28.124+0530] {processor.py:186} INFO - Started process (PID=71465) to work on /home/sneha/spotify_airflow_project/venv/lib/python3.12/site-packages/airflow/example_dags/example_inlet_event_extra.py
[2025-12-17T12:49:28.125+0530] {processor.py:914} INFO - Processing file /home/sneha/spotify_airflow_project/venv/lib/python3.12/site-packages/airflow/example_dags/example_inlet_event_extra.py for tasks to queue
[2025-12-17T12:49:28.130+0530] {logging_mixin.py:190} INFO - [2025-12-17T12:49:28.129+0530] {dagbag.py:588} INFO - Filling up the DagBag from /home/sneha/spotify_airflow_project/venv/lib/python3.12/site-packages/airflow/example_dags/example_inlet_event_extra.py
[2025-12-17T12:49:28.150+0530] {processor.py:925} INFO - DAG(s) 'read_dataset_event', 'read_dataset_event_from_classic' retrieved from /home/sneha/spotify_airflow_project/venv/lib/python3.12/site-packages/airflow/example_dags/example_inlet_event_extra.py
[2025-12-17T12:49:28.182+0530] {logging_mixin.py:190} INFO - [2025-12-17T12:49:28.181+0530] {dag.py:3239} INFO - Sync 2 DAGs
[2025-12-17T12:49:28.218+0530] {logging_mixin.py:190} INFO - [2025-12-17T12:49:28.218+0530] {dag.py:4180} INFO - Setting next_dagrun for read_dataset_event to 2025-12-16 00:00:00+00:00, run_after=2025-12-17 00:00:00+00:00
[2025-12-17T12:49:28.226+0530] {logging_mixin.py:190} INFO - [2025-12-17T12:49:28.226+0530] {dag.py:4180} INFO - Setting next_dagrun for read_dataset_event_from_classic to 2025-12-16 00:00:00+00:00, run_after=2025-12-17 00:00:00+00:00
[2025-12-17T12:49:28.256+0530] {processor.py:208} INFO - Processing /home/sneha/spotify_airflow_project/venv/lib/python3.12/site-packages/airflow/example_dags/example_inlet_event_extra.py took 0.144 seconds
[2025-12-17T12:50:45.166+0530] {processor.py:186} INFO - Started process (PID=71659) to work on /home/sneha/spotify_airflow_project/venv/lib/python3.12/site-packages/airflow/example_dags/example_inlet_event_extra.py
[2025-12-17T12:50:45.167+0530] {processor.py:914} INFO - Processing file /home/sneha/spotify_airflow_project/venv/lib/python3.12/site-packages/airflow/example_dags/example_inlet_event_extra.py for tasks to queue
[2025-12-17T12:50:45.172+0530] {logging_mixin.py:190} INFO - [2025-12-17T12:50:45.171+0530] {dagbag.py:588} INFO - Filling up the DagBag from /home/sneha/spotify_airflow_project/venv/lib/python3.12/site-packages/airflow/example_dags/example_inlet_event_extra.py
[2025-12-17T12:50:45.192+0530] {processor.py:925} INFO - DAG(s) 'read_dataset_event_from_classic', 'read_dataset_event' retrieved from /home/sneha/spotify_airflow_project/venv/lib/python3.12/site-packages/airflow/example_dags/example_inlet_event_extra.py
[2025-12-17T12:50:45.222+0530] {logging_mixin.py:190} INFO - [2025-12-17T12:50:45.222+0530] {dag.py:3239} INFO - Sync 2 DAGs
[2025-12-17T12:50:45.256+0530] {logging_mixin.py:190} INFO - [2025-12-17T12:50:45.256+0530] {dag.py:4180} INFO - Setting next_dagrun for read_dataset_event to 2025-12-16 00:00:00+00:00, run_after=2025-12-17 00:00:00+00:00
[2025-12-17T12:50:45.263+0530] {logging_mixin.py:190} INFO - [2025-12-17T12:50:45.263+0530] {dag.py:4180} INFO - Setting next_dagrun for read_dataset_event_from_classic to 2025-12-16 00:00:00+00:00, run_after=2025-12-17 00:00:00+00:00
[2025-12-17T12:50:45.291+0530] {processor.py:208} INFO - Processing /home/sneha/spotify_airflow_project/venv/lib/python3.12/site-packages/airflow/example_dags/example_inlet_event_extra.py took 0.137 seconds
[2025-12-17T12:52:00.260+0530] {processor.py:186} INFO - Started process (PID=72235) to work on /home/sneha/spotify_airflow_project/venv/lib/python3.12/site-packages/airflow/example_dags/example_inlet_event_extra.py
[2025-12-17T12:52:00.262+0530] {processor.py:914} INFO - Processing file /home/sneha/spotify_airflow_project/venv/lib/python3.12/site-packages/airflow/example_dags/example_inlet_event_extra.py for tasks to queue
[2025-12-17T12:52:00.269+0530] {logging_mixin.py:190} INFO - [2025-12-17T12:52:00.268+0530] {dagbag.py:588} INFO - Filling up the DagBag from /home/sneha/spotify_airflow_project/venv/lib/python3.12/site-packages/airflow/example_dags/example_inlet_event_extra.py
[2025-12-17T12:52:00.292+0530] {processor.py:925} INFO - DAG(s) 'read_dataset_event', 'read_dataset_event_from_classic' retrieved from /home/sneha/spotify_airflow_project/venv/lib/python3.12/site-packages/airflow/example_dags/example_inlet_event_extra.py
[2025-12-17T12:52:00.324+0530] {logging_mixin.py:190} INFO - [2025-12-17T12:52:00.324+0530] {dag.py:3239} INFO - Sync 2 DAGs
[2025-12-17T12:52:00.365+0530] {logging_mixin.py:190} INFO - [2025-12-17T12:52:00.364+0530] {dag.py:4180} INFO - Setting next_dagrun for read_dataset_event to 2025-12-16 00:00:00+00:00, run_after=2025-12-17 00:00:00+00:00
[2025-12-17T12:52:00.375+0530] {logging_mixin.py:190} INFO - [2025-12-17T12:52:00.375+0530] {dag.py:4180} INFO - Setting next_dagrun for read_dataset_event_from_classic to 2025-12-16 00:00:00+00:00, run_after=2025-12-17 00:00:00+00:00
[2025-12-17T12:52:00.416+0530] {processor.py:208} INFO - Processing /home/sneha/spotify_airflow_project/venv/lib/python3.12/site-packages/airflow/example_dags/example_inlet_event_extra.py took 0.170 seconds
[2025-12-17T12:53:06.645+0530] {processor.py:186} INFO - Started process (PID=72324) to work on /home/sneha/spotify_airflow_project/venv/lib/python3.12/site-packages/airflow/example_dags/example_inlet_event_extra.py
[2025-12-17T12:53:06.647+0530] {processor.py:914} INFO - Processing file /home/sneha/spotify_airflow_project/venv/lib/python3.12/site-packages/airflow/example_dags/example_inlet_event_extra.py for tasks to queue
[2025-12-17T12:53:06.650+0530] {logging_mixin.py:190} INFO - [2025-12-17T12:53:06.650+0530] {dagbag.py:588} INFO - Filling up the DagBag from /home/sneha/spotify_airflow_project/venv/lib/python3.12/site-packages/airflow/example_dags/example_inlet_event_extra.py
[2025-12-17T12:53:06.668+0530] {processor.py:925} INFO - DAG(s) 'read_dataset_event_from_classic', 'read_dataset_event' retrieved from /home/sneha/spotify_airflow_project/venv/lib/python3.12/site-packages/airflow/example_dags/example_inlet_event_extra.py
[2025-12-17T12:53:06.695+0530] {logging_mixin.py:190} INFO - [2025-12-17T12:53:06.694+0530] {dag.py:3239} INFO - Sync 2 DAGs
[2025-12-17T12:53:06.727+0530] {logging_mixin.py:190} INFO - [2025-12-17T12:53:06.727+0530] {dag.py:4180} INFO - Setting next_dagrun for read_dataset_event to 2025-12-16 00:00:00+00:00, run_after=2025-12-17 00:00:00+00:00
[2025-12-17T12:53:06.930+0530] {logging_mixin.py:190} INFO - [2025-12-17T12:53:06.930+0530] {dag.py:4180} INFO - Setting next_dagrun for read_dataset_event_from_classic to 2025-12-16 00:00:00+00:00, run_after=2025-12-17 00:00:00+00:00
[2025-12-17T12:53:06.956+0530] {processor.py:208} INFO - Processing /home/sneha/spotify_airflow_project/venv/lib/python3.12/site-packages/airflow/example_dags/example_inlet_event_extra.py took 0.322 seconds
[2025-12-17T12:55:10.653+0530] {processor.py:186} INFO - Started process (PID=73483) to work on /home/sneha/spotify_airflow_project/venv/lib/python3.12/site-packages/airflow/example_dags/example_inlet_event_extra.py
[2025-12-17T12:55:10.655+0530] {processor.py:914} INFO - Processing file /home/sneha/spotify_airflow_project/venv/lib/python3.12/site-packages/airflow/example_dags/example_inlet_event_extra.py for tasks to queue
[2025-12-17T12:55:10.660+0530] {logging_mixin.py:190} INFO - [2025-12-17T12:55:10.659+0530] {dagbag.py:588} INFO - Filling up the DagBag from /home/sneha/spotify_airflow_project/venv/lib/python3.12/site-packages/airflow/example_dags/example_inlet_event_extra.py
[2025-12-17T12:55:10.683+0530] {processor.py:925} INFO - DAG(s) 'read_dataset_event_from_classic', 'read_dataset_event' retrieved from /home/sneha/spotify_airflow_project/venv/lib/python3.12/site-packages/airflow/example_dags/example_inlet_event_extra.py
[2025-12-17T12:55:10.713+0530] {logging_mixin.py:190} INFO - [2025-12-17T12:55:10.713+0530] {dag.py:3239} INFO - Sync 2 DAGs
[2025-12-17T12:55:10.762+0530] {logging_mixin.py:190} INFO - [2025-12-17T12:55:10.761+0530] {dag.py:4180} INFO - Setting next_dagrun for read_dataset_event to 2025-12-16 00:00:00+00:00, run_after=2025-12-17 00:00:00+00:00
[2025-12-17T12:55:10.775+0530] {logging_mixin.py:190} INFO - [2025-12-17T12:55:10.774+0530] {dag.py:4180} INFO - Setting next_dagrun for read_dataset_event_from_classic to 2025-12-16 00:00:00+00:00, run_after=2025-12-17 00:00:00+00:00
[2025-12-17T12:55:10.833+0530] {processor.py:208} INFO - Processing /home/sneha/spotify_airflow_project/venv/lib/python3.12/site-packages/airflow/example_dags/example_inlet_event_extra.py took 0.190 seconds
