[2025-12-15T14:41:06.487+0530] {local_task_job_runner.py:123} INFO - ::group::Pre task execution logs
[2025-12-15T14:41:06.510+0530] {taskinstance.py:2612} INFO - Dependencies all met for dep_context=non-requeueable deps ti=<TaskInstance: spotify_streaming_pipeline.run_spark_consumer manual__2025-12-15T09:05:25.010010+00:00 [queued]>
[2025-12-15T14:41:06.523+0530] {taskinstance.py:2612} INFO - Dependencies all met for dep_context=requeueable deps ti=<TaskInstance: spotify_streaming_pipeline.run_spark_consumer manual__2025-12-15T09:05:25.010010+00:00 [queued]>
[2025-12-15T14:41:06.523+0530] {taskinstance.py:2865} INFO - Starting attempt 2 of 2
[2025-12-15T14:41:06.541+0530] {taskinstance.py:2888} INFO - Executing <Task(BashOperator): run_spark_consumer> on 2025-12-15 09:05:25.010010+00:00
[2025-12-15T14:41:06.551+0530] {standard_task_runner.py:72} INFO - Started process 47848 to run task
[2025-12-15T14:41:06.557+0530] {standard_task_runner.py:104} INFO - Running: ['airflow', 'tasks', 'run', 'spotify_streaming_pipeline', 'run_spark_consumer', 'manual__2025-12-15T09:05:25.010010+00:00', '--job-id', '29', '--raw', '--subdir', 'DAGS_FOLDER/spotify_streaming_dag.py', '--cfg-path', '/tmp/tmpelpd95xb']
[2025-12-15T14:41:06.558+0530] {standard_task_runner.py:105} INFO - Job 29: Subtask run_spark_consumer
[2025-12-15T14:41:06.612+0530] {task_command.py:467} INFO - Running <TaskInstance: spotify_streaming_pipeline.run_spark_consumer manual__2025-12-15T09:05:25.010010+00:00 [running]> on host sneha-HP-Laptop-15s-eq1xxx
[2025-12-15T14:41:06.704+0530] {taskinstance.py:3131} INFO - Exporting env vars: AIRFLOW_CTX_DAG_OWNER='sneha' AIRFLOW_CTX_DAG_ID='spotify_streaming_pipeline' AIRFLOW_CTX_TASK_ID='run_spark_consumer' AIRFLOW_CTX_EXECUTION_DATE='2025-12-15T09:05:25.010010+00:00' AIRFLOW_CTX_TRY_NUMBER='2' AIRFLOW_CTX_DAG_RUN_ID='manual__2025-12-15T09:05:25.010010+00:00'
[2025-12-15T14:41:06.707+0530] {logging_mixin.py:190} INFO - Task instance is in running state
[2025-12-15T14:41:06.707+0530] {logging_mixin.py:190} INFO -  Previous state of the Task instance: queued
[2025-12-15T14:41:06.707+0530] {logging_mixin.py:190} INFO - Current task name:run_spark_consumer state:running start_date:2025-12-15 09:11:06.510983+00:00
[2025-12-15T14:41:06.708+0530] {logging_mixin.py:190} INFO - Dag name:spotify_streaming_pipeline and current dag run status:running
[2025-12-15T14:41:06.708+0530] {taskinstance.py:731} INFO - ::endgroup::
[2025-12-15T14:41:06.709+0530] {subprocess.py:63} INFO - Tmp dir root location: /tmp
[2025-12-15T14:41:06.710+0530] {subprocess.py:75} INFO - Running command: ['/usr/bin/bash', '-c', '\n        spark-submit         /home/sneha/spotify_airflow_project/scripts/spark_consumer_airflow.py\n        ']
[2025-12-15T14:41:06.732+0530] {subprocess.py:86} INFO - Output:
[2025-12-15T14:41:10.432+0530] {subprocess.py:93} INFO - 25/12/15 14:41:10 WARN Utils: Your hostname, sneha-HP-Laptop-15s-eq1xxx resolves to a loopback address: 127.0.1.1; using 192.168.1.86 instead (on interface wlo1)
[2025-12-15T14:41:10.442+0530] {subprocess.py:93} INFO - 25/12/15 14:41:10 WARN Utils: Set SPARK_LOCAL_IP if you need to bind to another address
[2025-12-15T14:41:17.360+0530] {subprocess.py:93} INFO - 25/12/15 14:41:17 INFO SparkContext: Running Spark version 3.4.4
[2025-12-15T14:41:17.519+0530] {subprocess.py:93} INFO - 25/12/15 14:41:17 WARN NativeCodeLoader: Unable to load native-hadoop library for your platform... using builtin-java classes where applicable
[2025-12-15T14:41:17.720+0530] {subprocess.py:93} INFO - 25/12/15 14:41:17 INFO ResourceUtils: ==============================================================
[2025-12-15T14:41:17.721+0530] {subprocess.py:93} INFO - 25/12/15 14:41:17 INFO ResourceUtils: No custom resources configured for spark.driver.
[2025-12-15T14:41:17.722+0530] {subprocess.py:93} INFO - 25/12/15 14:41:17 INFO ResourceUtils: ==============================================================
[2025-12-15T14:41:17.724+0530] {subprocess.py:93} INFO - 25/12/15 14:41:17 INFO SparkContext: Submitted application: spotify_streaming_airflow
[2025-12-15T14:41:17.779+0530] {subprocess.py:93} INFO - 25/12/15 14:41:17 INFO ResourceProfile: Default ResourceProfile created, executor resources: Map(cores -> name: cores, amount: 1, script: , vendor: , memory -> name: memory, amount: 1024, script: , vendor: , offHeap -> name: offHeap, amount: 0, script: , vendor: ), task resources: Map(cpus -> name: cpus, amount: 1.0)
[2025-12-15T14:41:17.809+0530] {subprocess.py:93} INFO - 25/12/15 14:41:17 INFO ResourceProfile: Limiting resource is cpu
[2025-12-15T14:41:17.813+0530] {subprocess.py:93} INFO - 25/12/15 14:41:17 INFO ResourceProfileManager: Added ResourceProfile id: 0
[2025-12-15T14:41:17.943+0530] {subprocess.py:93} INFO - 25/12/15 14:41:17 INFO SecurityManager: Changing view acls to: sneha
[2025-12-15T14:41:17.944+0530] {subprocess.py:93} INFO - 25/12/15 14:41:17 INFO SecurityManager: Changing modify acls to: sneha
[2025-12-15T14:41:17.945+0530] {subprocess.py:93} INFO - 25/12/15 14:41:17 INFO SecurityManager: Changing view acls groups to:
[2025-12-15T14:41:17.947+0530] {subprocess.py:93} INFO - 25/12/15 14:41:17 INFO SecurityManager: Changing modify acls groups to:
[2025-12-15T14:41:17.948+0530] {subprocess.py:93} INFO - 25/12/15 14:41:17 INFO SecurityManager: SecurityManager: authentication disabled; ui acls disabled; users with view permissions: sneha; groups with view permissions: EMPTY; users with modify permissions: sneha; groups with modify permissions: EMPTY
[2025-12-15T14:41:18.582+0530] {subprocess.py:93} INFO - 25/12/15 14:41:18 INFO Utils: Successfully started service 'sparkDriver' on port 44665.
[2025-12-15T14:41:18.652+0530] {subprocess.py:93} INFO - 25/12/15 14:41:18 INFO SparkEnv: Registering MapOutputTracker
[2025-12-15T14:41:18.754+0530] {subprocess.py:93} INFO - 25/12/15 14:41:18 INFO SparkEnv: Registering BlockManagerMaster
[2025-12-15T14:41:18.792+0530] {subprocess.py:93} INFO - 25/12/15 14:41:18 INFO BlockManagerMasterEndpoint: Using org.apache.spark.storage.DefaultTopologyMapper for getting topology information
[2025-12-15T14:41:18.795+0530] {subprocess.py:93} INFO - 25/12/15 14:41:18 INFO BlockManagerMasterEndpoint: BlockManagerMasterEndpoint up
[2025-12-15T14:41:18.802+0530] {subprocess.py:93} INFO - 25/12/15 14:41:18 INFO SparkEnv: Registering BlockManagerMasterHeartbeat
[2025-12-15T14:41:18.849+0530] {subprocess.py:93} INFO - 25/12/15 14:41:18 INFO DiskBlockManager: Created local directory at /tmp/blockmgr-000fef35-e12c-42ef-8094-e95fb19ee04a
[2025-12-15T14:41:18.958+0530] {subprocess.py:93} INFO - 25/12/15 14:41:18 INFO MemoryStore: MemoryStore started with capacity 366.3 MiB
[2025-12-15T14:41:18.998+0530] {subprocess.py:93} INFO - 25/12/15 14:41:18 INFO SparkEnv: Registering OutputCommitCoordinator
[2025-12-15T14:41:19.464+0530] {subprocess.py:93} INFO - 25/12/15 14:41:19 INFO JettyUtils: Start Jetty 0.0.0.0:4040 for SparkUI
[2025-12-15T14:41:19.652+0530] {subprocess.py:93} INFO - 25/12/15 14:41:19 INFO Utils: Successfully started service 'SparkUI' on port 4040.
[2025-12-15T14:41:20.076+0530] {subprocess.py:93} INFO - 25/12/15 14:41:20 INFO Executor: Starting executor ID driver on host 192.168.1.86
[2025-12-15T14:41:20.097+0530] {subprocess.py:93} INFO - 25/12/15 14:41:20 INFO Executor: Starting executor with user classpath (userClassPathFirst = false): ''
[2025-12-15T14:41:20.146+0530] {subprocess.py:93} INFO - 25/12/15 14:41:20 INFO Utils: Successfully started service 'org.apache.spark.network.netty.NettyBlockTransferService' on port 36521.
[2025-12-15T14:41:20.146+0530] {subprocess.py:93} INFO - 25/12/15 14:41:20 INFO NettyBlockTransferService: Server created on 192.168.1.86:36521
[2025-12-15T14:41:20.151+0530] {subprocess.py:93} INFO - 25/12/15 14:41:20 INFO BlockManager: Using org.apache.spark.storage.RandomBlockReplicationPolicy for block replication policy
[2025-12-15T14:41:20.171+0530] {subprocess.py:93} INFO - 25/12/15 14:41:20 INFO BlockManagerMaster: Registering BlockManager BlockManagerId(driver, 192.168.1.86, 36521, None)
[2025-12-15T14:41:20.186+0530] {subprocess.py:93} INFO - 25/12/15 14:41:20 INFO BlockManagerMasterEndpoint: Registering block manager 192.168.1.86:36521 with 366.3 MiB RAM, BlockManagerId(driver, 192.168.1.86, 36521, None)
[2025-12-15T14:41:20.193+0530] {subprocess.py:93} INFO - 25/12/15 14:41:20 INFO BlockManagerMaster: Registered BlockManager BlockManagerId(driver, 192.168.1.86, 36521, None)
[2025-12-15T14:41:20.195+0530] {subprocess.py:93} INFO - 25/12/15 14:41:20 INFO BlockManager: Initialized BlockManager: BlockManagerId(driver, 192.168.1.86, 36521, None)
[2025-12-15T14:41:21.675+0530] {subprocess.py:93} INFO - 25/12/15 14:41:21 INFO SharedState: Setting hive.metastore.warehouse.dir ('null') to the value of spark.sql.warehouse.dir.
[2025-12-15T14:41:21.722+0530] {subprocess.py:93} INFO - 25/12/15 14:41:21 INFO SharedState: Warehouse path is 'file:/tmp/airflowtmp6h1rxk3g/spark-warehouse'.
[2025-12-15T14:41:24.810+0530] {subprocess.py:93} INFO - Traceback (most recent call last):
[2025-12-15T14:41:24.811+0530] {subprocess.py:93} INFO -   File "/home/sneha/spotify_airflow_project/scripts/spark_consumer_airflow.py", line 24, in <module>
[2025-12-15T14:41:24.811+0530] {subprocess.py:93} INFO -     .load()
[2025-12-15T14:41:24.812+0530] {subprocess.py:93} INFO -      ^^^^^^
[2025-12-15T14:41:24.812+0530] {subprocess.py:93} INFO -   File "/home/sneha/spark/spark-3.4.4-bin-hadoop3/python/lib/pyspark.zip/pyspark/sql/readwriter.py", line 307, in load
[2025-12-15T14:41:24.812+0530] {subprocess.py:93} INFO -   File "/home/sneha/spark/spark-3.4.4-bin-hadoop3/python/lib/py4j-0.10.9.7-src.zip/py4j/java_gateway.py", line 1322, in __call__
[2025-12-15T14:41:24.813+0530] {subprocess.py:93} INFO -   File "/home/sneha/spark/spark-3.4.4-bin-hadoop3/python/lib/pyspark.zip/pyspark/errors/exceptions/captured.py", line 175, in deco
[2025-12-15T14:41:24.848+0530] {subprocess.py:93} INFO - pyspark.errors.exceptions.captured.AnalysisException: Failed to find data source: kafka. Please deploy the application as per the deployment section of Structured Streaming + Kafka Integration Guide.
[2025-12-15T14:41:24.974+0530] {subprocess.py:93} INFO - 25/12/15 14:41:24 INFO SparkContext: Invoking stop() from shutdown hook
[2025-12-15T14:41:24.977+0530] {subprocess.py:93} INFO - 25/12/15 14:41:24 INFO SparkContext: SparkContext is stopping with exitCode 0.
[2025-12-15T14:41:25.021+0530] {subprocess.py:93} INFO - 25/12/15 14:41:25 INFO SparkUI: Stopped Spark web UI at http://192.168.1.86:4040
[2025-12-15T14:41:25.103+0530] {subprocess.py:93} INFO - 25/12/15 14:41:25 INFO MapOutputTrackerMasterEndpoint: MapOutputTrackerMasterEndpoint stopped!
[2025-12-15T14:41:25.166+0530] {subprocess.py:93} INFO - 25/12/15 14:41:25 INFO MemoryStore: MemoryStore cleared
[2025-12-15T14:41:25.168+0530] {subprocess.py:93} INFO - 25/12/15 14:41:25 INFO BlockManager: BlockManager stopped
[2025-12-15T14:41:25.223+0530] {subprocess.py:93} INFO - 25/12/15 14:41:25 INFO BlockManagerMaster: BlockManagerMaster stopped
[2025-12-15T14:41:25.251+0530] {subprocess.py:93} INFO - 25/12/15 14:41:25 INFO OutputCommitCoordinator$OutputCommitCoordinatorEndpoint: OutputCommitCoordinator stopped!
[2025-12-15T14:41:25.287+0530] {subprocess.py:93} INFO - 25/12/15 14:41:25 INFO SparkContext: Successfully stopped SparkContext
[2025-12-15T14:41:25.288+0530] {subprocess.py:93} INFO - 25/12/15 14:41:25 INFO ShutdownHookManager: Shutdown hook called
[2025-12-15T14:41:25.292+0530] {subprocess.py:93} INFO - 25/12/15 14:41:25 INFO ShutdownHookManager: Deleting directory /tmp/spark-02ae0ea1-a0ba-4af1-a1d1-b4fc5657b6f4
[2025-12-15T14:41:25.303+0530] {subprocess.py:93} INFO - 25/12/15 14:41:25 INFO ShutdownHookManager: Deleting directory /tmp/spark-5fc91ec9-4ac4-43c5-a8fa-c69053ca9186
[2025-12-15T14:41:25.319+0530] {subprocess.py:93} INFO - 25/12/15 14:41:25 INFO ShutdownHookManager: Deleting directory /tmp/spark-5fc91ec9-4ac4-43c5-a8fa-c69053ca9186/pyspark-031c4f3b-46cf-4464-8add-b51bc724d179
[2025-12-15T14:41:25.463+0530] {subprocess.py:97} INFO - Command exited with return code 1
[2025-12-15T14:41:25.475+0530] {taskinstance.py:3310} ERROR - Task failed with exception
Traceback (most recent call last):
  File "/home/sneha/spotify_airflow_project/venv/lib/python3.12/site-packages/airflow/models/taskinstance.py", line 767, in _execute_task
    result = _execute_callable(context=context, **execute_callable_kwargs)
             ^^^^^^^^^^^^^^^^^^^^^^^^^^^^^^^^^^^^^^^^^^^^^^^^^^^^^^^^^^^^^
  File "/home/sneha/spotify_airflow_project/venv/lib/python3.12/site-packages/airflow/models/taskinstance.py", line 733, in _execute_callable
    return ExecutionCallableRunner(
           ^^^^^^^^^^^^^^^^^^^^^^^^
  File "/home/sneha/spotify_airflow_project/venv/lib/python3.12/site-packages/airflow/utils/operator_helpers.py", line 252, in run
    return self.func(*args, **kwargs)
           ^^^^^^^^^^^^^^^^^^^^^^^^^^
  File "/home/sneha/spotify_airflow_project/venv/lib/python3.12/site-packages/airflow/models/baseoperator.py", line 406, in wrapper
    return func(self, *args, **kwargs)
           ^^^^^^^^^^^^^^^^^^^^^^^^^^^
  File "/home/sneha/spotify_airflow_project/venv/lib/python3.12/site-packages/airflow/operators/bash.py", line 249, in execute
    raise AirflowException(
airflow.exceptions.AirflowException: Bash command failed. The command returned a non-zero exit code 1.
[2025-12-15T14:41:25.480+0530] {logging_mixin.py:190} INFO - Task instance in failure state
[2025-12-15T14:41:25.481+0530] {logging_mixin.py:190} INFO - Task start:2025-12-15 09:11:06.510983+00:00 end:2025-12-15 09:11:25.479939+00:00 duration:18.968956
[2025-12-15T14:41:25.481+0530] {logging_mixin.py:190} INFO - Task:<Task(BashOperator): run_spark_consumer> dag:<DAG: spotify_streaming_pipeline> dagrun:<DagRun spotify_streaming_pipeline @ 2025-12-15 09:05:25.010010+00:00: manual__2025-12-15T09:05:25.010010+00:00, state:running, queued_at: 2025-12-15 09:05:25.028396+00:00. externally triggered: True>
[2025-12-15T14:41:25.481+0530] {logging_mixin.py:190} INFO - Failure caused by Bash command failed. The command returned a non-zero exit code 1.
[2025-12-15T14:41:25.482+0530] {taskinstance.py:1225} INFO - Marking task as FAILED. dag_id=spotify_streaming_pipeline, task_id=run_spark_consumer, run_id=manual__2025-12-15T09:05:25.010010+00:00, execution_date=20251215T090525, start_date=20251215T091106, end_date=20251215T091125
[2025-12-15T14:41:25.499+0530] {taskinstance.py:340} INFO - ::group::Post task execution logs
[2025-12-15T14:41:25.500+0530] {standard_task_runner.py:124} ERROR - Failed to execute job 29 for task run_spark_consumer (Bash command failed. The command returned a non-zero exit code 1.; 47848)
Traceback (most recent call last):
  File "/home/sneha/spotify_airflow_project/venv/lib/python3.12/site-packages/airflow/task/task_runner/standard_task_runner.py", line 117, in _start_by_fork
    ret = args.func(args, dag=self.dag)
          ^^^^^^^^^^^^^^^^^^^^^^^^^^^^^
  File "/home/sneha/spotify_airflow_project/venv/lib/python3.12/site-packages/airflow/cli/cli_config.py", line 49, in command
    return func(*args, **kwargs)
           ^^^^^^^^^^^^^^^^^^^^^
  File "/home/sneha/spotify_airflow_project/venv/lib/python3.12/site-packages/airflow/utils/cli.py", line 115, in wrapper
    return f(*args, **kwargs)
           ^^^^^^^^^^^^^^^^^^
  File "/home/sneha/spotify_airflow_project/venv/lib/python3.12/site-packages/airflow/cli/commands/task_command.py", line 483, in task_run
    task_return_code = _run_task_by_selected_method(args, _dag, ti)
                       ^^^^^^^^^^^^^^^^^^^^^^^^^^^^^^^^^^^^^^^^^^^^
  File "/home/sneha/spotify_airflow_project/venv/lib/python3.12/site-packages/airflow/cli/commands/task_command.py", line 256, in _run_task_by_selected_method
    return _run_raw_task(args, ti)
           ^^^^^^^^^^^^^^^^^^^^^^^
  File "/home/sneha/spotify_airflow_project/venv/lib/python3.12/site-packages/airflow/cli/commands/task_command.py", line 341, in _run_raw_task
    return ti._run_raw_task(
           ^^^^^^^^^^^^^^^^^
  File "/home/sneha/spotify_airflow_project/venv/lib/python3.12/site-packages/airflow/utils/session.py", line 97, in wrapper
    return func(*args, session=session, **kwargs)
           ^^^^^^^^^^^^^^^^^^^^^^^^^^^^^^^^^^^^^^
  File "/home/sneha/spotify_airflow_project/venv/lib/python3.12/site-packages/airflow/models/taskinstance.py", line 3004, in _run_raw_task
    return _run_raw_task(
           ^^^^^^^^^^^^^^
  File "/home/sneha/spotify_airflow_project/venv/lib/python3.12/site-packages/airflow/models/taskinstance.py", line 273, in _run_raw_task
    TaskInstance._execute_task_with_callbacks(
  File "/home/sneha/spotify_airflow_project/venv/lib/python3.12/site-packages/airflow/models/taskinstance.py", line 3158, in _execute_task_with_callbacks
    result = self._execute_task(context, task_orig)
             ^^^^^^^^^^^^^^^^^^^^^^^^^^^^^^^^^^^^^^
  File "/home/sneha/spotify_airflow_project/venv/lib/python3.12/site-packages/airflow/models/taskinstance.py", line 3182, in _execute_task
    return _execute_task(self, context, task_orig)
           ^^^^^^^^^^^^^^^^^^^^^^^^^^^^^^^^^^^^^^^
  File "/home/sneha/spotify_airflow_project/venv/lib/python3.12/site-packages/airflow/models/taskinstance.py", line 767, in _execute_task
    result = _execute_callable(context=context, **execute_callable_kwargs)
             ^^^^^^^^^^^^^^^^^^^^^^^^^^^^^^^^^^^^^^^^^^^^^^^^^^^^^^^^^^^^^
  File "/home/sneha/spotify_airflow_project/venv/lib/python3.12/site-packages/airflow/models/taskinstance.py", line 733, in _execute_callable
    return ExecutionCallableRunner(
           ^^^^^^^^^^^^^^^^^^^^^^^^
  File "/home/sneha/spotify_airflow_project/venv/lib/python3.12/site-packages/airflow/utils/operator_helpers.py", line 252, in run
    return self.func(*args, **kwargs)
           ^^^^^^^^^^^^^^^^^^^^^^^^^^
  File "/home/sneha/spotify_airflow_project/venv/lib/python3.12/site-packages/airflow/models/baseoperator.py", line 406, in wrapper
    return func(self, *args, **kwargs)
           ^^^^^^^^^^^^^^^^^^^^^^^^^^^
  File "/home/sneha/spotify_airflow_project/venv/lib/python3.12/site-packages/airflow/operators/bash.py", line 249, in execute
    raise AirflowException(
airflow.exceptions.AirflowException: Bash command failed. The command returned a non-zero exit code 1.
[2025-12-15T14:41:25.541+0530] {local_task_job_runner.py:266} INFO - Task exited with return code 1
[2025-12-15T14:41:25.561+0530] {taskinstance.py:3900} INFO - 0 downstream tasks scheduled from follow-on schedule check
[2025-12-15T14:41:25.562+0530] {local_task_job_runner.py:245} INFO - ::endgroup::
