[2026-01-07T11:46:57.189+0530] {processor.py:186} INFO - Started process (PID=7151) to work on /home/sneha/spotify_astro_project/venv/lib/python3.12/site-packages/airflow/example_dags/plugins/event_listener.py
[2026-01-07T11:46:57.190+0530] {processor.py:914} INFO - Processing file /home/sneha/spotify_astro_project/venv/lib/python3.12/site-packages/airflow/example_dags/plugins/event_listener.py for tasks to queue
[2026-01-07T11:46:57.191+0530] {logging_mixin.py:190} INFO - [2026-01-07T11:46:57.190+0530] {dagbag.py:588} INFO - Filling up the DagBag from /home/sneha/spotify_astro_project/venv/lib/python3.12/site-packages/airflow/example_dags/plugins/event_listener.py
[2026-01-07T11:46:57.193+0530] {processor.py:927} WARNING - No viable dags retrieved from /home/sneha/spotify_astro_project/venv/lib/python3.12/site-packages/airflow/example_dags/plugins/event_listener.py
[2026-01-07T11:46:57.204+0530] {processor.py:208} INFO - Processing /home/sneha/spotify_astro_project/venv/lib/python3.12/site-packages/airflow/example_dags/plugins/event_listener.py took 0.021 seconds
[2026-01-07T11:48:02.218+0530] {processor.py:186} INFO - Started process (PID=7632) to work on /home/sneha/spotify_astro_project/venv/lib/python3.12/site-packages/airflow/example_dags/plugins/event_listener.py
[2026-01-07T11:48:02.220+0530] {processor.py:914} INFO - Processing file /home/sneha/spotify_astro_project/venv/lib/python3.12/site-packages/airflow/example_dags/plugins/event_listener.py for tasks to queue
[2026-01-07T11:48:02.223+0530] {logging_mixin.py:190} INFO - [2026-01-07T11:48:02.222+0530] {dagbag.py:588} INFO - Filling up the DagBag from /home/sneha/spotify_astro_project/venv/lib/python3.12/site-packages/airflow/example_dags/plugins/event_listener.py
[2026-01-07T11:48:02.227+0530] {processor.py:927} WARNING - No viable dags retrieved from /home/sneha/spotify_astro_project/venv/lib/python3.12/site-packages/airflow/example_dags/plugins/event_listener.py
[2026-01-07T11:48:02.241+0530] {processor.py:208} INFO - Processing /home/sneha/spotify_astro_project/venv/lib/python3.12/site-packages/airflow/example_dags/plugins/event_listener.py took 0.036 seconds
[2026-01-07T11:48:35.604+0530] {processor.py:186} INFO - Started process (PID=7876) to work on /home/sneha/spotify_astro_project/venv/lib/python3.12/site-packages/airflow/example_dags/plugins/event_listener.py
[2026-01-07T11:48:35.605+0530] {processor.py:914} INFO - Processing file /home/sneha/spotify_astro_project/venv/lib/python3.12/site-packages/airflow/example_dags/plugins/event_listener.py for tasks to queue
[2026-01-07T11:48:35.606+0530] {logging_mixin.py:190} INFO - [2026-01-07T11:48:35.606+0530] {dagbag.py:588} INFO - Filling up the DagBag from /home/sneha/spotify_astro_project/venv/lib/python3.12/site-packages/airflow/example_dags/plugins/event_listener.py
[2026-01-07T11:48:35.608+0530] {processor.py:927} WARNING - No viable dags retrieved from /home/sneha/spotify_astro_project/venv/lib/python3.12/site-packages/airflow/example_dags/plugins/event_listener.py
[2026-01-07T11:48:35.619+0530] {processor.py:208} INFO - Processing /home/sneha/spotify_astro_project/venv/lib/python3.12/site-packages/airflow/example_dags/plugins/event_listener.py took 0.022 seconds
[2026-01-07T11:49:34.791+0530] {processor.py:186} INFO - Started process (PID=8296) to work on /home/sneha/spotify_astro_project/venv/lib/python3.12/site-packages/airflow/example_dags/plugins/event_listener.py
[2026-01-07T11:49:34.792+0530] {processor.py:914} INFO - Processing file /home/sneha/spotify_astro_project/venv/lib/python3.12/site-packages/airflow/example_dags/plugins/event_listener.py for tasks to queue
[2026-01-07T11:49:34.794+0530] {logging_mixin.py:190} INFO - [2026-01-07T11:49:34.793+0530] {dagbag.py:588} INFO - Filling up the DagBag from /home/sneha/spotify_astro_project/venv/lib/python3.12/site-packages/airflow/example_dags/plugins/event_listener.py
[2026-01-07T11:49:34.796+0530] {processor.py:927} WARNING - No viable dags retrieved from /home/sneha/spotify_astro_project/venv/lib/python3.12/site-packages/airflow/example_dags/plugins/event_listener.py
[2026-01-07T11:49:34.807+0530] {processor.py:208} INFO - Processing /home/sneha/spotify_astro_project/venv/lib/python3.12/site-packages/airflow/example_dags/plugins/event_listener.py took 0.028 seconds
[2026-01-07T11:50:09.766+0530] {processor.py:186} INFO - Started process (PID=8538) to work on /home/sneha/spotify_astro_project/venv/lib/python3.12/site-packages/airflow/example_dags/plugins/event_listener.py
[2026-01-07T11:50:09.768+0530] {processor.py:914} INFO - Processing file /home/sneha/spotify_astro_project/venv/lib/python3.12/site-packages/airflow/example_dags/plugins/event_listener.py for tasks to queue
[2026-01-07T11:50:09.770+0530] {logging_mixin.py:190} INFO - [2026-01-07T11:50:09.769+0530] {dagbag.py:588} INFO - Filling up the DagBag from /home/sneha/spotify_astro_project/venv/lib/python3.12/site-packages/airflow/example_dags/plugins/event_listener.py
[2026-01-07T11:50:09.772+0530] {processor.py:927} WARNING - No viable dags retrieved from /home/sneha/spotify_astro_project/venv/lib/python3.12/site-packages/airflow/example_dags/plugins/event_listener.py
[2026-01-07T11:50:09.783+0530] {processor.py:208} INFO - Processing /home/sneha/spotify_astro_project/venv/lib/python3.12/site-packages/airflow/example_dags/plugins/event_listener.py took 0.030 seconds
[2026-01-07T11:50:50.237+0530] {processor.py:186} INFO - Started process (PID=8926) to work on /home/sneha/spotify_astro_project/venv/lib/python3.12/site-packages/airflow/example_dags/plugins/event_listener.py
[2026-01-07T11:50:50.239+0530] {processor.py:914} INFO - Processing file /home/sneha/spotify_astro_project/venv/lib/python3.12/site-packages/airflow/example_dags/plugins/event_listener.py for tasks to queue
[2026-01-07T11:50:50.241+0530] {logging_mixin.py:190} INFO - [2026-01-07T11:50:50.240+0530] {dagbag.py:588} INFO - Filling up the DagBag from /home/sneha/spotify_astro_project/venv/lib/python3.12/site-packages/airflow/example_dags/plugins/event_listener.py
[2026-01-07T11:50:50.243+0530] {processor.py:927} WARNING - No viable dags retrieved from /home/sneha/spotify_astro_project/venv/lib/python3.12/site-packages/airflow/example_dags/plugins/event_listener.py
[2026-01-07T11:50:50.255+0530] {processor.py:208} INFO - Processing /home/sneha/spotify_astro_project/venv/lib/python3.12/site-packages/airflow/example_dags/plugins/event_listener.py took 0.031 seconds
[2026-01-07T11:51:23.535+0530] {processor.py:186} INFO - Started process (PID=9161) to work on /home/sneha/spotify_astro_project/venv/lib/python3.12/site-packages/airflow/example_dags/plugins/event_listener.py
[2026-01-07T11:51:23.537+0530] {processor.py:914} INFO - Processing file /home/sneha/spotify_astro_project/venv/lib/python3.12/site-packages/airflow/example_dags/plugins/event_listener.py for tasks to queue
[2026-01-07T11:51:23.539+0530] {logging_mixin.py:190} INFO - [2026-01-07T11:51:23.539+0530] {dagbag.py:588} INFO - Filling up the DagBag from /home/sneha/spotify_astro_project/venv/lib/python3.12/site-packages/airflow/example_dags/plugins/event_listener.py
[2026-01-07T11:51:23.542+0530] {processor.py:927} WARNING - No viable dags retrieved from /home/sneha/spotify_astro_project/venv/lib/python3.12/site-packages/airflow/example_dags/plugins/event_listener.py
[2026-01-07T11:51:23.554+0530] {processor.py:208} INFO - Processing /home/sneha/spotify_astro_project/venv/lib/python3.12/site-packages/airflow/example_dags/plugins/event_listener.py took 0.033 seconds
[2026-01-07T11:57:08.197+0530] {processor.py:186} INFO - Started process (PID=16869) to work on /home/sneha/spotify_airflow_project/venv/lib/python3.12/site-packages/airflow/example_dags/plugins/event_listener.py
[2026-01-07T11:57:08.202+0530] {processor.py:914} INFO - Processing file /home/sneha/spotify_airflow_project/venv/lib/python3.12/site-packages/airflow/example_dags/plugins/event_listener.py for tasks to queue
[2026-01-07T11:57:08.204+0530] {logging_mixin.py:190} INFO - [2026-01-07T11:57:08.203+0530] {dagbag.py:588} INFO - Filling up the DagBag from /home/sneha/spotify_airflow_project/venv/lib/python3.12/site-packages/airflow/example_dags/plugins/event_listener.py
[2026-01-07T11:57:08.209+0530] {processor.py:927} WARNING - No viable dags retrieved from /home/sneha/spotify_airflow_project/venv/lib/python3.12/site-packages/airflow/example_dags/plugins/event_listener.py
[2026-01-07T11:57:08.224+0530] {processor.py:208} INFO - Processing /home/sneha/spotify_airflow_project/venv/lib/python3.12/site-packages/airflow/example_dags/plugins/event_listener.py took 0.040 seconds
[2026-01-07T11:58:11.984+0530] {processor.py:186} INFO - Started process (PID=17162) to work on /home/sneha/spotify_airflow_project/venv/lib/python3.12/site-packages/airflow/example_dags/plugins/event_listener.py
[2026-01-07T11:58:11.985+0530] {processor.py:914} INFO - Processing file /home/sneha/spotify_airflow_project/venv/lib/python3.12/site-packages/airflow/example_dags/plugins/event_listener.py for tasks to queue
[2026-01-07T11:58:11.986+0530] {logging_mixin.py:190} INFO - [2026-01-07T11:58:11.986+0530] {dagbag.py:588} INFO - Filling up the DagBag from /home/sneha/spotify_airflow_project/venv/lib/python3.12/site-packages/airflow/example_dags/plugins/event_listener.py
[2026-01-07T11:58:11.988+0530] {processor.py:927} WARNING - No viable dags retrieved from /home/sneha/spotify_airflow_project/venv/lib/python3.12/site-packages/airflow/example_dags/plugins/event_listener.py
[2026-01-07T11:58:12.000+0530] {processor.py:208} INFO - Processing /home/sneha/spotify_airflow_project/venv/lib/python3.12/site-packages/airflow/example_dags/plugins/event_listener.py took 0.030 seconds
[2026-01-07T11:59:07.282+0530] {processor.py:186} INFO - Started process (PID=17251) to work on /home/sneha/spotify_airflow_project/venv/lib/python3.12/site-packages/airflow/example_dags/plugins/event_listener.py
[2026-01-07T11:59:07.293+0530] {processor.py:914} INFO - Processing file /home/sneha/spotify_airflow_project/venv/lib/python3.12/site-packages/airflow/example_dags/plugins/event_listener.py for tasks to queue
[2026-01-07T11:59:07.295+0530] {logging_mixin.py:190} INFO - [2026-01-07T11:59:07.294+0530] {dagbag.py:588} INFO - Filling up the DagBag from /home/sneha/spotify_airflow_project/venv/lib/python3.12/site-packages/airflow/example_dags/plugins/event_listener.py
[2026-01-07T11:59:07.297+0530] {processor.py:927} WARNING - No viable dags retrieved from /home/sneha/spotify_airflow_project/venv/lib/python3.12/site-packages/airflow/example_dags/plugins/event_listener.py
[2026-01-07T11:59:07.309+0530] {processor.py:208} INFO - Processing /home/sneha/spotify_airflow_project/venv/lib/python3.12/site-packages/airflow/example_dags/plugins/event_listener.py took 0.039 seconds
[2026-01-07T11:59:59.117+0530] {processor.py:186} INFO - Started process (PID=17307) to work on /home/sneha/spotify_airflow_project/venv/lib/python3.12/site-packages/airflow/example_dags/plugins/event_listener.py
[2026-01-07T11:59:59.128+0530] {processor.py:914} INFO - Processing file /home/sneha/spotify_airflow_project/venv/lib/python3.12/site-packages/airflow/example_dags/plugins/event_listener.py for tasks to queue
[2026-01-07T11:59:59.129+0530] {logging_mixin.py:190} INFO - [2026-01-07T11:59:59.129+0530] {dagbag.py:588} INFO - Filling up the DagBag from /home/sneha/spotify_airflow_project/venv/lib/python3.12/site-packages/airflow/example_dags/plugins/event_listener.py
[2026-01-07T11:59:59.131+0530] {processor.py:927} WARNING - No viable dags retrieved from /home/sneha/spotify_airflow_project/venv/lib/python3.12/site-packages/airflow/example_dags/plugins/event_listener.py
[2026-01-07T11:59:59.143+0530] {processor.py:208} INFO - Processing /home/sneha/spotify_airflow_project/venv/lib/python3.12/site-packages/airflow/example_dags/plugins/event_listener.py took 0.038 seconds
[2026-01-07T12:01:07.572+0530] {processor.py:186} INFO - Started process (PID=17449) to work on /home/sneha/spotify_airflow_project/venv/lib/python3.12/site-packages/airflow/example_dags/plugins/event_listener.py
[2026-01-07T12:01:07.583+0530] {processor.py:914} INFO - Processing file /home/sneha/spotify_airflow_project/venv/lib/python3.12/site-packages/airflow/example_dags/plugins/event_listener.py for tasks to queue
[2026-01-07T12:01:07.585+0530] {logging_mixin.py:190} INFO - [2026-01-07T12:01:07.584+0530] {dagbag.py:588} INFO - Filling up the DagBag from /home/sneha/spotify_airflow_project/venv/lib/python3.12/site-packages/airflow/example_dags/plugins/event_listener.py
[2026-01-07T12:01:07.588+0530] {processor.py:927} WARNING - No viable dags retrieved from /home/sneha/spotify_airflow_project/venv/lib/python3.12/site-packages/airflow/example_dags/plugins/event_listener.py
[2026-01-07T12:01:07.601+0530] {processor.py:208} INFO - Processing /home/sneha/spotify_airflow_project/venv/lib/python3.12/site-packages/airflow/example_dags/plugins/event_listener.py took 0.040 seconds
[2026-01-07T12:02:05.029+0530] {processor.py:186} INFO - Started process (PID=17638) to work on /home/sneha/spotify_airflow_project/venv/lib/python3.12/site-packages/airflow/example_dags/plugins/event_listener.py
[2026-01-07T12:02:05.030+0530] {processor.py:914} INFO - Processing file /home/sneha/spotify_airflow_project/venv/lib/python3.12/site-packages/airflow/example_dags/plugins/event_listener.py for tasks to queue
[2026-01-07T12:02:05.031+0530] {logging_mixin.py:190} INFO - [2026-01-07T12:02:05.031+0530] {dagbag.py:588} INFO - Filling up the DagBag from /home/sneha/spotify_airflow_project/venv/lib/python3.12/site-packages/airflow/example_dags/plugins/event_listener.py
[2026-01-07T12:02:05.034+0530] {processor.py:927} WARNING - No viable dags retrieved from /home/sneha/spotify_airflow_project/venv/lib/python3.12/site-packages/airflow/example_dags/plugins/event_listener.py
[2026-01-07T12:02:05.046+0530] {processor.py:208} INFO - Processing /home/sneha/spotify_airflow_project/venv/lib/python3.12/site-packages/airflow/example_dags/plugins/event_listener.py took 0.023 seconds
[2026-01-07T12:03:04.812+0530] {processor.py:186} INFO - Started process (PID=17698) to work on /home/sneha/spotify_airflow_project/venv/lib/python3.12/site-packages/airflow/example_dags/plugins/event_listener.py
[2026-01-07T12:03:04.814+0530] {processor.py:914} INFO - Processing file /home/sneha/spotify_airflow_project/venv/lib/python3.12/site-packages/airflow/example_dags/plugins/event_listener.py for tasks to queue
[2026-01-07T12:03:04.816+0530] {logging_mixin.py:190} INFO - [2026-01-07T12:03:04.815+0530] {dagbag.py:588} INFO - Filling up the DagBag from /home/sneha/spotify_airflow_project/venv/lib/python3.12/site-packages/airflow/example_dags/plugins/event_listener.py
[2026-01-07T12:03:04.818+0530] {processor.py:927} WARNING - No viable dags retrieved from /home/sneha/spotify_airflow_project/venv/lib/python3.12/site-packages/airflow/example_dags/plugins/event_listener.py
[2026-01-07T12:03:04.831+0530] {processor.py:208} INFO - Processing /home/sneha/spotify_airflow_project/venv/lib/python3.12/site-packages/airflow/example_dags/plugins/event_listener.py took 0.032 seconds
[2026-01-07T12:04:01.971+0530] {processor.py:186} INFO - Started process (PID=17904) to work on /home/sneha/spotify_airflow_project/venv/lib/python3.12/site-packages/airflow/example_dags/plugins/event_listener.py
[2026-01-07T12:04:01.972+0530] {processor.py:914} INFO - Processing file /home/sneha/spotify_airflow_project/venv/lib/python3.12/site-packages/airflow/example_dags/plugins/event_listener.py for tasks to queue
[2026-01-07T12:04:01.974+0530] {logging_mixin.py:190} INFO - [2026-01-07T12:04:01.973+0530] {dagbag.py:588} INFO - Filling up the DagBag from /home/sneha/spotify_airflow_project/venv/lib/python3.12/site-packages/airflow/example_dags/plugins/event_listener.py
[2026-01-07T12:04:01.976+0530] {processor.py:927} WARNING - No viable dags retrieved from /home/sneha/spotify_airflow_project/venv/lib/python3.12/site-packages/airflow/example_dags/plugins/event_listener.py
[2026-01-07T12:04:01.987+0530] {processor.py:208} INFO - Processing /home/sneha/spotify_airflow_project/venv/lib/python3.12/site-packages/airflow/example_dags/plugins/event_listener.py took 0.026 seconds
[2026-01-07T12:04:55.854+0530] {processor.py:186} INFO - Started process (PID=18078) to work on /home/sneha/spotify_airflow_project/venv/lib/python3.12/site-packages/airflow/example_dags/plugins/event_listener.py
[2026-01-07T12:04:55.856+0530] {processor.py:914} INFO - Processing file /home/sneha/spotify_airflow_project/venv/lib/python3.12/site-packages/airflow/example_dags/plugins/event_listener.py for tasks to queue
[2026-01-07T12:04:55.858+0530] {logging_mixin.py:190} INFO - [2026-01-07T12:04:55.857+0530] {dagbag.py:588} INFO - Filling up the DagBag from /home/sneha/spotify_airflow_project/venv/lib/python3.12/site-packages/airflow/example_dags/plugins/event_listener.py
[2026-01-07T12:04:55.860+0530] {processor.py:927} WARNING - No viable dags retrieved from /home/sneha/spotify_airflow_project/venv/lib/python3.12/site-packages/airflow/example_dags/plugins/event_listener.py
[2026-01-07T12:04:55.871+0530] {processor.py:208} INFO - Processing /home/sneha/spotify_airflow_project/venv/lib/python3.12/site-packages/airflow/example_dags/plugins/event_listener.py took 0.030 seconds
[2026-01-07T12:05:49.541+0530] {processor.py:186} INFO - Started process (PID=18163) to work on /home/sneha/spotify_airflow_project/venv/lib/python3.12/site-packages/airflow/example_dags/plugins/event_listener.py
[2026-01-07T12:05:49.543+0530] {processor.py:914} INFO - Processing file /home/sneha/spotify_airflow_project/venv/lib/python3.12/site-packages/airflow/example_dags/plugins/event_listener.py for tasks to queue
[2026-01-07T12:05:49.545+0530] {logging_mixin.py:190} INFO - [2026-01-07T12:05:49.545+0530] {dagbag.py:588} INFO - Filling up the DagBag from /home/sneha/spotify_airflow_project/venv/lib/python3.12/site-packages/airflow/example_dags/plugins/event_listener.py
[2026-01-07T12:05:49.547+0530] {processor.py:927} WARNING - No viable dags retrieved from /home/sneha/spotify_airflow_project/venv/lib/python3.12/site-packages/airflow/example_dags/plugins/event_listener.py
[2026-01-07T12:05:49.558+0530] {processor.py:208} INFO - Processing /home/sneha/spotify_airflow_project/venv/lib/python3.12/site-packages/airflow/example_dags/plugins/event_listener.py took 0.029 seconds
[2026-01-07T12:06:42.156+0530] {processor.py:186} INFO - Started process (PID=18220) to work on /home/sneha/spotify_airflow_project/venv/lib/python3.12/site-packages/airflow/example_dags/plugins/event_listener.py
[2026-01-07T12:06:42.157+0530] {processor.py:914} INFO - Processing file /home/sneha/spotify_airflow_project/venv/lib/python3.12/site-packages/airflow/example_dags/plugins/event_listener.py for tasks to queue
[2026-01-07T12:06:42.159+0530] {logging_mixin.py:190} INFO - [2026-01-07T12:06:42.159+0530] {dagbag.py:588} INFO - Filling up the DagBag from /home/sneha/spotify_airflow_project/venv/lib/python3.12/site-packages/airflow/example_dags/plugins/event_listener.py
[2026-01-07T12:06:42.161+0530] {processor.py:927} WARNING - No viable dags retrieved from /home/sneha/spotify_airflow_project/venv/lib/python3.12/site-packages/airflow/example_dags/plugins/event_listener.py
[2026-01-07T12:06:42.173+0530] {processor.py:208} INFO - Processing /home/sneha/spotify_airflow_project/venv/lib/python3.12/site-packages/airflow/example_dags/plugins/event_listener.py took 0.028 seconds
[2026-01-07T12:07:35.780+0530] {processor.py:186} INFO - Started process (PID=18276) to work on /home/sneha/spotify_airflow_project/venv/lib/python3.12/site-packages/airflow/example_dags/plugins/event_listener.py
[2026-01-07T12:07:35.782+0530] {processor.py:914} INFO - Processing file /home/sneha/spotify_airflow_project/venv/lib/python3.12/site-packages/airflow/example_dags/plugins/event_listener.py for tasks to queue
[2026-01-07T12:07:35.783+0530] {logging_mixin.py:190} INFO - [2026-01-07T12:07:35.783+0530] {dagbag.py:588} INFO - Filling up the DagBag from /home/sneha/spotify_airflow_project/venv/lib/python3.12/site-packages/airflow/example_dags/plugins/event_listener.py
[2026-01-07T12:07:35.786+0530] {processor.py:927} WARNING - No viable dags retrieved from /home/sneha/spotify_airflow_project/venv/lib/python3.12/site-packages/airflow/example_dags/plugins/event_listener.py
[2026-01-07T12:07:35.797+0530] {processor.py:208} INFO - Processing /home/sneha/spotify_airflow_project/venv/lib/python3.12/site-packages/airflow/example_dags/plugins/event_listener.py took 0.030 seconds
[2026-01-07T12:08:28.143+0530] {processor.py:186} INFO - Started process (PID=18332) to work on /home/sneha/spotify_airflow_project/venv/lib/python3.12/site-packages/airflow/example_dags/plugins/event_listener.py
[2026-01-07T12:08:28.154+0530] {processor.py:914} INFO - Processing file /home/sneha/spotify_airflow_project/venv/lib/python3.12/site-packages/airflow/example_dags/plugins/event_listener.py for tasks to queue
[2026-01-07T12:08:28.156+0530] {logging_mixin.py:190} INFO - [2026-01-07T12:08:28.155+0530] {dagbag.py:588} INFO - Filling up the DagBag from /home/sneha/spotify_airflow_project/venv/lib/python3.12/site-packages/airflow/example_dags/plugins/event_listener.py
[2026-01-07T12:08:28.159+0530] {processor.py:927} WARNING - No viable dags retrieved from /home/sneha/spotify_airflow_project/venv/lib/python3.12/site-packages/airflow/example_dags/plugins/event_listener.py
[2026-01-07T12:08:28.171+0530] {processor.py:208} INFO - Processing /home/sneha/spotify_airflow_project/venv/lib/python3.12/site-packages/airflow/example_dags/plugins/event_listener.py took 0.038 seconds
[2026-01-07T12:09:19.334+0530] {processor.py:186} INFO - Started process (PID=18389) to work on /home/sneha/spotify_airflow_project/venv/lib/python3.12/site-packages/airflow/example_dags/plugins/event_listener.py
[2026-01-07T12:09:19.335+0530] {processor.py:914} INFO - Processing file /home/sneha/spotify_airflow_project/venv/lib/python3.12/site-packages/airflow/example_dags/plugins/event_listener.py for tasks to queue
[2026-01-07T12:09:19.337+0530] {logging_mixin.py:190} INFO - [2026-01-07T12:09:19.336+0530] {dagbag.py:588} INFO - Filling up the DagBag from /home/sneha/spotify_airflow_project/venv/lib/python3.12/site-packages/airflow/example_dags/plugins/event_listener.py
[2026-01-07T12:09:19.339+0530] {processor.py:927} WARNING - No viable dags retrieved from /home/sneha/spotify_airflow_project/venv/lib/python3.12/site-packages/airflow/example_dags/plugins/event_listener.py
[2026-01-07T12:09:19.350+0530] {processor.py:208} INFO - Processing /home/sneha/spotify_airflow_project/venv/lib/python3.12/site-packages/airflow/example_dags/plugins/event_listener.py took 0.029 seconds
[2026-01-07T12:10:13.413+0530] {processor.py:186} INFO - Started process (PID=18487) to work on /home/sneha/spotify_airflow_project/venv/lib/python3.12/site-packages/airflow/example_dags/plugins/event_listener.py
[2026-01-07T12:10:13.414+0530] {processor.py:914} INFO - Processing file /home/sneha/spotify_airflow_project/venv/lib/python3.12/site-packages/airflow/example_dags/plugins/event_listener.py for tasks to queue
[2026-01-07T12:10:13.416+0530] {logging_mixin.py:190} INFO - [2026-01-07T12:10:13.415+0530] {dagbag.py:588} INFO - Filling up the DagBag from /home/sneha/spotify_airflow_project/venv/lib/python3.12/site-packages/airflow/example_dags/plugins/event_listener.py
[2026-01-07T12:10:13.418+0530] {processor.py:927} WARNING - No viable dags retrieved from /home/sneha/spotify_airflow_project/venv/lib/python3.12/site-packages/airflow/example_dags/plugins/event_listener.py
[2026-01-07T12:10:13.429+0530] {processor.py:208} INFO - Processing /home/sneha/spotify_airflow_project/venv/lib/python3.12/site-packages/airflow/example_dags/plugins/event_listener.py took 0.022 seconds
[2026-01-07T12:11:05.189+0530] {processor.py:186} INFO - Started process (PID=18562) to work on /home/sneha/spotify_airflow_project/venv/lib/python3.12/site-packages/airflow/example_dags/plugins/event_listener.py
[2026-01-07T12:11:05.190+0530] {processor.py:914} INFO - Processing file /home/sneha/spotify_airflow_project/venv/lib/python3.12/site-packages/airflow/example_dags/plugins/event_listener.py for tasks to queue
[2026-01-07T12:11:05.191+0530] {logging_mixin.py:190} INFO - [2026-01-07T12:11:05.190+0530] {dagbag.py:588} INFO - Filling up the DagBag from /home/sneha/spotify_airflow_project/venv/lib/python3.12/site-packages/airflow/example_dags/plugins/event_listener.py
[2026-01-07T12:11:05.193+0530] {processor.py:927} WARNING - No viable dags retrieved from /home/sneha/spotify_airflow_project/venv/lib/python3.12/site-packages/airflow/example_dags/plugins/event_listener.py
[2026-01-07T12:11:05.204+0530] {processor.py:208} INFO - Processing /home/sneha/spotify_airflow_project/venv/lib/python3.12/site-packages/airflow/example_dags/plugins/event_listener.py took 0.026 seconds
[2026-01-07T12:11:58.587+0530] {processor.py:186} INFO - Started process (PID=18620) to work on /home/sneha/spotify_airflow_project/venv/lib/python3.12/site-packages/airflow/example_dags/plugins/event_listener.py
[2026-01-07T12:11:58.588+0530] {processor.py:914} INFO - Processing file /home/sneha/spotify_airflow_project/venv/lib/python3.12/site-packages/airflow/example_dags/plugins/event_listener.py for tasks to queue
[2026-01-07T12:11:58.589+0530] {logging_mixin.py:190} INFO - [2026-01-07T12:11:58.589+0530] {dagbag.py:588} INFO - Filling up the DagBag from /home/sneha/spotify_airflow_project/venv/lib/python3.12/site-packages/airflow/example_dags/plugins/event_listener.py
[2026-01-07T12:11:58.591+0530] {processor.py:927} WARNING - No viable dags retrieved from /home/sneha/spotify_airflow_project/venv/lib/python3.12/site-packages/airflow/example_dags/plugins/event_listener.py
[2026-01-07T12:11:58.602+0530] {processor.py:208} INFO - Processing /home/sneha/spotify_airflow_project/venv/lib/python3.12/site-packages/airflow/example_dags/plugins/event_listener.py took 0.027 seconds
[2026-01-07T12:12:50.252+0530] {processor.py:186} INFO - Started process (PID=18677) to work on /home/sneha/spotify_airflow_project/venv/lib/python3.12/site-packages/airflow/example_dags/plugins/event_listener.py
[2026-01-07T12:12:50.253+0530] {processor.py:914} INFO - Processing file /home/sneha/spotify_airflow_project/venv/lib/python3.12/site-packages/airflow/example_dags/plugins/event_listener.py for tasks to queue
[2026-01-07T12:12:50.255+0530] {logging_mixin.py:190} INFO - [2026-01-07T12:12:50.254+0530] {dagbag.py:588} INFO - Filling up the DagBag from /home/sneha/spotify_airflow_project/venv/lib/python3.12/site-packages/airflow/example_dags/plugins/event_listener.py
[2026-01-07T12:12:50.257+0530] {processor.py:927} WARNING - No viable dags retrieved from /home/sneha/spotify_airflow_project/venv/lib/python3.12/site-packages/airflow/example_dags/plugins/event_listener.py
[2026-01-07T12:12:50.267+0530] {processor.py:208} INFO - Processing /home/sneha/spotify_airflow_project/venv/lib/python3.12/site-packages/airflow/example_dags/plugins/event_listener.py took 0.026 seconds
[2026-01-07T12:13:44.377+0530] {processor.py:186} INFO - Started process (PID=18759) to work on /home/sneha/spotify_airflow_project/venv/lib/python3.12/site-packages/airflow/example_dags/plugins/event_listener.py
[2026-01-07T12:13:44.378+0530] {processor.py:914} INFO - Processing file /home/sneha/spotify_airflow_project/venv/lib/python3.12/site-packages/airflow/example_dags/plugins/event_listener.py for tasks to queue
[2026-01-07T12:13:44.380+0530] {logging_mixin.py:190} INFO - [2026-01-07T12:13:44.379+0530] {dagbag.py:588} INFO - Filling up the DagBag from /home/sneha/spotify_airflow_project/venv/lib/python3.12/site-packages/airflow/example_dags/plugins/event_listener.py
[2026-01-07T12:13:44.382+0530] {processor.py:927} WARNING - No viable dags retrieved from /home/sneha/spotify_airflow_project/venv/lib/python3.12/site-packages/airflow/example_dags/plugins/event_listener.py
[2026-01-07T12:13:44.393+0530] {processor.py:208} INFO - Processing /home/sneha/spotify_airflow_project/venv/lib/python3.12/site-packages/airflow/example_dags/plugins/event_listener.py took 0.027 seconds
[2026-01-07T12:14:39.055+0530] {processor.py:186} INFO - Started process (PID=18909) to work on /home/sneha/spotify_airflow_project/venv/lib/python3.12/site-packages/airflow/example_dags/plugins/event_listener.py
[2026-01-07T12:14:39.057+0530] {processor.py:914} INFO - Processing file /home/sneha/spotify_airflow_project/venv/lib/python3.12/site-packages/airflow/example_dags/plugins/event_listener.py for tasks to queue
[2026-01-07T12:14:39.058+0530] {logging_mixin.py:190} INFO - [2026-01-07T12:14:39.057+0530] {dagbag.py:588} INFO - Filling up the DagBag from /home/sneha/spotify_airflow_project/venv/lib/python3.12/site-packages/airflow/example_dags/plugins/event_listener.py
[2026-01-07T12:14:39.060+0530] {processor.py:927} WARNING - No viable dags retrieved from /home/sneha/spotify_airflow_project/venv/lib/python3.12/site-packages/airflow/example_dags/plugins/event_listener.py
[2026-01-07T12:14:39.072+0530] {processor.py:208} INFO - Processing /home/sneha/spotify_airflow_project/venv/lib/python3.12/site-packages/airflow/example_dags/plugins/event_listener.py took 0.028 seconds
[2026-01-07T12:15:32.371+0530] {processor.py:186} INFO - Started process (PID=18969) to work on /home/sneha/spotify_airflow_project/venv/lib/python3.12/site-packages/airflow/example_dags/plugins/event_listener.py
[2026-01-07T12:15:32.372+0530] {processor.py:914} INFO - Processing file /home/sneha/spotify_airflow_project/venv/lib/python3.12/site-packages/airflow/example_dags/plugins/event_listener.py for tasks to queue
[2026-01-07T12:15:32.374+0530] {logging_mixin.py:190} INFO - [2026-01-07T12:15:32.373+0530] {dagbag.py:588} INFO - Filling up the DagBag from /home/sneha/spotify_airflow_project/venv/lib/python3.12/site-packages/airflow/example_dags/plugins/event_listener.py
[2026-01-07T12:15:32.376+0530] {processor.py:927} WARNING - No viable dags retrieved from /home/sneha/spotify_airflow_project/venv/lib/python3.12/site-packages/airflow/example_dags/plugins/event_listener.py
[2026-01-07T12:15:32.388+0530] {processor.py:208} INFO - Processing /home/sneha/spotify_airflow_project/venv/lib/python3.12/site-packages/airflow/example_dags/plugins/event_listener.py took 0.031 seconds
[2026-01-07T12:16:27.676+0530] {processor.py:186} INFO - Started process (PID=19047) to work on /home/sneha/spotify_airflow_project/venv/lib/python3.12/site-packages/airflow/example_dags/plugins/event_listener.py
[2026-01-07T12:16:27.677+0530] {processor.py:914} INFO - Processing file /home/sneha/spotify_airflow_project/venv/lib/python3.12/site-packages/airflow/example_dags/plugins/event_listener.py for tasks to queue
[2026-01-07T12:16:27.679+0530] {logging_mixin.py:190} INFO - [2026-01-07T12:16:27.678+0530] {dagbag.py:588} INFO - Filling up the DagBag from /home/sneha/spotify_airflow_project/venv/lib/python3.12/site-packages/airflow/example_dags/plugins/event_listener.py
[2026-01-07T12:16:27.682+0530] {processor.py:927} WARNING - No viable dags retrieved from /home/sneha/spotify_airflow_project/venv/lib/python3.12/site-packages/airflow/example_dags/plugins/event_listener.py
[2026-01-07T12:16:27.693+0530] {processor.py:208} INFO - Processing /home/sneha/spotify_airflow_project/venv/lib/python3.12/site-packages/airflow/example_dags/plugins/event_listener.py took 0.027 seconds
[2026-01-07T12:17:24.175+0530] {processor.py:186} INFO - Started process (PID=19109) to work on /home/sneha/spotify_airflow_project/venv/lib/python3.12/site-packages/airflow/example_dags/plugins/event_listener.py
[2026-01-07T12:17:24.186+0530] {processor.py:914} INFO - Processing file /home/sneha/spotify_airflow_project/venv/lib/python3.12/site-packages/airflow/example_dags/plugins/event_listener.py for tasks to queue
[2026-01-07T12:17:24.188+0530] {logging_mixin.py:190} INFO - [2026-01-07T12:17:24.187+0530] {dagbag.py:588} INFO - Filling up the DagBag from /home/sneha/spotify_airflow_project/venv/lib/python3.12/site-packages/airflow/example_dags/plugins/event_listener.py
[2026-01-07T12:17:24.191+0530] {processor.py:927} WARNING - No viable dags retrieved from /home/sneha/spotify_airflow_project/venv/lib/python3.12/site-packages/airflow/example_dags/plugins/event_listener.py
[2026-01-07T12:17:24.203+0530] {processor.py:208} INFO - Processing /home/sneha/spotify_airflow_project/venv/lib/python3.12/site-packages/airflow/example_dags/plugins/event_listener.py took 0.035 seconds
[2026-01-07T12:18:19.760+0530] {processor.py:186} INFO - Started process (PID=19171) to work on /home/sneha/spotify_airflow_project/venv/lib/python3.12/site-packages/airflow/example_dags/plugins/event_listener.py
[2026-01-07T12:18:19.762+0530] {processor.py:914} INFO - Processing file /home/sneha/spotify_airflow_project/venv/lib/python3.12/site-packages/airflow/example_dags/plugins/event_listener.py for tasks to queue
[2026-01-07T12:18:19.763+0530] {logging_mixin.py:190} INFO - [2026-01-07T12:18:19.763+0530] {dagbag.py:588} INFO - Filling up the DagBag from /home/sneha/spotify_airflow_project/venv/lib/python3.12/site-packages/airflow/example_dags/plugins/event_listener.py
[2026-01-07T12:18:19.766+0530] {processor.py:927} WARNING - No viable dags retrieved from /home/sneha/spotify_airflow_project/venv/lib/python3.12/site-packages/airflow/example_dags/plugins/event_listener.py
[2026-01-07T12:18:19.777+0530] {processor.py:208} INFO - Processing /home/sneha/spotify_airflow_project/venv/lib/python3.12/site-packages/airflow/example_dags/plugins/event_listener.py took 0.030 seconds
[2026-01-07T12:19:16.758+0530] {processor.py:186} INFO - Started process (PID=19294) to work on /home/sneha/spotify_airflow_project/venv/lib/python3.12/site-packages/airflow/example_dags/plugins/event_listener.py
[2026-01-07T12:19:16.760+0530] {processor.py:914} INFO - Processing file /home/sneha/spotify_airflow_project/venv/lib/python3.12/site-packages/airflow/example_dags/plugins/event_listener.py for tasks to queue
[2026-01-07T12:19:16.763+0530] {logging_mixin.py:190} INFO - [2026-01-07T12:19:16.762+0530] {dagbag.py:588} INFO - Filling up the DagBag from /home/sneha/spotify_airflow_project/venv/lib/python3.12/site-packages/airflow/example_dags/plugins/event_listener.py
[2026-01-07T12:19:16.766+0530] {processor.py:927} WARNING - No viable dags retrieved from /home/sneha/spotify_airflow_project/venv/lib/python3.12/site-packages/airflow/example_dags/plugins/event_listener.py
[2026-01-07T12:19:16.782+0530] {processor.py:208} INFO - Processing /home/sneha/spotify_airflow_project/venv/lib/python3.12/site-packages/airflow/example_dags/plugins/event_listener.py took 0.034 seconds
[2026-01-07T12:20:12.940+0530] {processor.py:186} INFO - Started process (PID=19395) to work on /home/sneha/spotify_airflow_project/venv/lib/python3.12/site-packages/airflow/example_dags/plugins/event_listener.py
[2026-01-07T12:20:12.942+0530] {processor.py:914} INFO - Processing file /home/sneha/spotify_airflow_project/venv/lib/python3.12/site-packages/airflow/example_dags/plugins/event_listener.py for tasks to queue
[2026-01-07T12:20:12.945+0530] {logging_mixin.py:190} INFO - [2026-01-07T12:20:12.944+0530] {dagbag.py:588} INFO - Filling up the DagBag from /home/sneha/spotify_airflow_project/venv/lib/python3.12/site-packages/airflow/example_dags/plugins/event_listener.py
[2026-01-07T12:20:12.948+0530] {processor.py:927} WARNING - No viable dags retrieved from /home/sneha/spotify_airflow_project/venv/lib/python3.12/site-packages/airflow/example_dags/plugins/event_listener.py
[2026-01-07T12:20:12.960+0530] {processor.py:208} INFO - Processing /home/sneha/spotify_airflow_project/venv/lib/python3.12/site-packages/airflow/example_dags/plugins/event_listener.py took 0.032 seconds
