[2026-01-07T11:46:58.390+0530] {processor.py:186} INFO - Started process (PID=7167) to work on /home/sneha/spotify_astro_project/venv/lib/python3.12/site-packages/airflow/example_dags/plugins/workday.py
[2026-01-07T11:46:58.391+0530] {processor.py:914} INFO - Processing file /home/sneha/spotify_astro_project/venv/lib/python3.12/site-packages/airflow/example_dags/plugins/workday.py for tasks to queue
[2026-01-07T11:46:58.392+0530] {logging_mixin.py:190} INFO - [2026-01-07T11:46:58.392+0530] {dagbag.py:588} INFO - Filling up the DagBag from /home/sneha/spotify_astro_project/venv/lib/python3.12/site-packages/airflow/example_dags/plugins/workday.py
[2026-01-07T11:46:58.395+0530] {logging_mixin.py:190} INFO - [2026-01-07T11:46:58.395+0530] {workday.py:41} WARNING - Could not import pandas. Holidays will not be considered.
[2026-01-07T11:46:58.395+0530] {processor.py:927} WARNING - No viable dags retrieved from /home/sneha/spotify_astro_project/venv/lib/python3.12/site-packages/airflow/example_dags/plugins/workday.py
[2026-01-07T11:46:58.406+0530] {processor.py:208} INFO - Processing /home/sneha/spotify_astro_project/venv/lib/python3.12/site-packages/airflow/example_dags/plugins/workday.py took 0.028 seconds
[2026-01-07T11:48:03.416+0530] {processor.py:186} INFO - Started process (PID=7649) to work on /home/sneha/spotify_astro_project/venv/lib/python3.12/site-packages/airflow/example_dags/plugins/workday.py
[2026-01-07T11:48:03.418+0530] {processor.py:914} INFO - Processing file /home/sneha/spotify_astro_project/venv/lib/python3.12/site-packages/airflow/example_dags/plugins/workday.py for tasks to queue
[2026-01-07T11:48:03.420+0530] {logging_mixin.py:190} INFO - [2026-01-07T11:48:03.419+0530] {dagbag.py:588} INFO - Filling up the DagBag from /home/sneha/spotify_astro_project/venv/lib/python3.12/site-packages/airflow/example_dags/plugins/workday.py
[2026-01-07T11:48:03.424+0530] {logging_mixin.py:190} INFO - [2026-01-07T11:48:03.423+0530] {workday.py:41} WARNING - Could not import pandas. Holidays will not be considered.
[2026-01-07T11:48:03.424+0530] {processor.py:927} WARNING - No viable dags retrieved from /home/sneha/spotify_astro_project/venv/lib/python3.12/site-packages/airflow/example_dags/plugins/workday.py
[2026-01-07T11:48:03.435+0530] {processor.py:208} INFO - Processing /home/sneha/spotify_astro_project/venv/lib/python3.12/site-packages/airflow/example_dags/plugins/workday.py took 0.029 seconds
[2026-01-07T11:48:36.522+0530] {processor.py:186} INFO - Started process (PID=7877) to work on /home/sneha/spotify_astro_project/venv/lib/python3.12/site-packages/airflow/example_dags/plugins/workday.py
[2026-01-07T11:48:36.524+0530] {processor.py:914} INFO - Processing file /home/sneha/spotify_astro_project/venv/lib/python3.12/site-packages/airflow/example_dags/plugins/workday.py for tasks to queue
[2026-01-07T11:48:36.525+0530] {logging_mixin.py:190} INFO - [2026-01-07T11:48:36.525+0530] {dagbag.py:588} INFO - Filling up the DagBag from /home/sneha/spotify_astro_project/venv/lib/python3.12/site-packages/airflow/example_dags/plugins/workday.py
[2026-01-07T11:48:36.528+0530] {logging_mixin.py:190} INFO - [2026-01-07T11:48:36.528+0530] {workday.py:41} WARNING - Could not import pandas. Holidays will not be considered.
[2026-01-07T11:48:36.529+0530] {processor.py:927} WARNING - No viable dags retrieved from /home/sneha/spotify_astro_project/venv/lib/python3.12/site-packages/airflow/example_dags/plugins/workday.py
[2026-01-07T11:48:36.540+0530] {processor.py:208} INFO - Processing /home/sneha/spotify_astro_project/venv/lib/python3.12/site-packages/airflow/example_dags/plugins/workday.py took 0.031 seconds
[2026-01-07T11:49:35.967+0530] {processor.py:186} INFO - Started process (PID=8297) to work on /home/sneha/spotify_astro_project/venv/lib/python3.12/site-packages/airflow/example_dags/plugins/workday.py
[2026-01-07T11:49:35.968+0530] {processor.py:914} INFO - Processing file /home/sneha/spotify_astro_project/venv/lib/python3.12/site-packages/airflow/example_dags/plugins/workday.py for tasks to queue
[2026-01-07T11:49:35.969+0530] {logging_mixin.py:190} INFO - [2026-01-07T11:49:35.968+0530] {dagbag.py:588} INFO - Filling up the DagBag from /home/sneha/spotify_astro_project/venv/lib/python3.12/site-packages/airflow/example_dags/plugins/workday.py
[2026-01-07T11:49:35.971+0530] {logging_mixin.py:190} INFO - [2026-01-07T11:49:35.971+0530] {workday.py:41} WARNING - Could not import pandas. Holidays will not be considered.
[2026-01-07T11:49:35.972+0530] {processor.py:927} WARNING - No viable dags retrieved from /home/sneha/spotify_astro_project/venv/lib/python3.12/site-packages/airflow/example_dags/plugins/workday.py
[2026-01-07T11:49:35.983+0530] {processor.py:208} INFO - Processing /home/sneha/spotify_astro_project/venv/lib/python3.12/site-packages/airflow/example_dags/plugins/workday.py took 0.029 seconds
[2026-01-07T11:50:10.362+0530] {processor.py:186} INFO - Started process (PID=8539) to work on /home/sneha/spotify_astro_project/venv/lib/python3.12/site-packages/airflow/example_dags/plugins/workday.py
[2026-01-07T11:50:10.363+0530] {processor.py:914} INFO - Processing file /home/sneha/spotify_astro_project/venv/lib/python3.12/site-packages/airflow/example_dags/plugins/workday.py for tasks to queue
[2026-01-07T11:50:10.364+0530] {logging_mixin.py:190} INFO - [2026-01-07T11:50:10.364+0530] {dagbag.py:588} INFO - Filling up the DagBag from /home/sneha/spotify_astro_project/venv/lib/python3.12/site-packages/airflow/example_dags/plugins/workday.py
[2026-01-07T11:50:10.367+0530] {logging_mixin.py:190} INFO - [2026-01-07T11:50:10.367+0530] {workday.py:41} WARNING - Could not import pandas. Holidays will not be considered.
[2026-01-07T11:50:10.367+0530] {processor.py:927} WARNING - No viable dags retrieved from /home/sneha/spotify_astro_project/venv/lib/python3.12/site-packages/airflow/example_dags/plugins/workday.py
[2026-01-07T11:50:10.378+0530] {processor.py:208} INFO - Processing /home/sneha/spotify_astro_project/venv/lib/python3.12/site-packages/airflow/example_dags/plugins/workday.py took 0.022 seconds
[2026-01-07T11:50:50.990+0530] {processor.py:186} INFO - Started process (PID=8927) to work on /home/sneha/spotify_astro_project/venv/lib/python3.12/site-packages/airflow/example_dags/plugins/workday.py
[2026-01-07T11:50:50.992+0530] {processor.py:914} INFO - Processing file /home/sneha/spotify_astro_project/venv/lib/python3.12/site-packages/airflow/example_dags/plugins/workday.py for tasks to queue
[2026-01-07T11:50:50.995+0530] {logging_mixin.py:190} INFO - [2026-01-07T11:50:50.994+0530] {dagbag.py:588} INFO - Filling up the DagBag from /home/sneha/spotify_astro_project/venv/lib/python3.12/site-packages/airflow/example_dags/plugins/workday.py
[2026-01-07T11:50:50.999+0530] {logging_mixin.py:190} INFO - [2026-01-07T11:50:50.999+0530] {workday.py:41} WARNING - Could not import pandas. Holidays will not be considered.
[2026-01-07T11:50:50.999+0530] {processor.py:927} WARNING - No viable dags retrieved from /home/sneha/spotify_astro_project/venv/lib/python3.12/site-packages/airflow/example_dags/plugins/workday.py
[2026-01-07T11:50:51.011+0530] {processor.py:208} INFO - Processing /home/sneha/spotify_astro_project/venv/lib/python3.12/site-packages/airflow/example_dags/plugins/workday.py took 0.034 seconds
[2026-01-07T11:51:24.720+0530] {processor.py:186} INFO - Started process (PID=9177) to work on /home/sneha/spotify_astro_project/venv/lib/python3.12/site-packages/airflow/example_dags/plugins/workday.py
[2026-01-07T11:51:24.721+0530] {processor.py:914} INFO - Processing file /home/sneha/spotify_astro_project/venv/lib/python3.12/site-packages/airflow/example_dags/plugins/workday.py for tasks to queue
[2026-01-07T11:51:24.723+0530] {logging_mixin.py:190} INFO - [2026-01-07T11:51:24.722+0530] {dagbag.py:588} INFO - Filling up the DagBag from /home/sneha/spotify_astro_project/venv/lib/python3.12/site-packages/airflow/example_dags/plugins/workday.py
[2026-01-07T11:51:24.726+0530] {logging_mixin.py:190} INFO - [2026-01-07T11:51:24.725+0530] {workday.py:41} WARNING - Could not import pandas. Holidays will not be considered.
[2026-01-07T11:51:24.726+0530] {processor.py:927} WARNING - No viable dags retrieved from /home/sneha/spotify_astro_project/venv/lib/python3.12/site-packages/airflow/example_dags/plugins/workday.py
[2026-01-07T11:51:24.737+0530] {processor.py:208} INFO - Processing /home/sneha/spotify_astro_project/venv/lib/python3.12/site-packages/airflow/example_dags/plugins/workday.py took 0.031 seconds
[2026-01-07T11:57:09.350+0530] {processor.py:186} INFO - Started process (PID=16891) to work on /home/sneha/spotify_airflow_project/venv/lib/python3.12/site-packages/airflow/example_dags/plugins/workday.py
[2026-01-07T11:57:09.351+0530] {processor.py:914} INFO - Processing file /home/sneha/spotify_airflow_project/venv/lib/python3.12/site-packages/airflow/example_dags/plugins/workday.py for tasks to queue
[2026-01-07T11:57:09.352+0530] {logging_mixin.py:190} INFO - [2026-01-07T11:57:09.351+0530] {dagbag.py:588} INFO - Filling up the DagBag from /home/sneha/spotify_airflow_project/venv/lib/python3.12/site-packages/airflow/example_dags/plugins/workday.py
[2026-01-07T11:57:09.355+0530] {logging_mixin.py:190} INFO - [2026-01-07T11:57:09.355+0530] {workday.py:41} WARNING - Could not import pandas. Holidays will not be considered.
[2026-01-07T11:57:09.355+0530] {processor.py:927} WARNING - No viable dags retrieved from /home/sneha/spotify_airflow_project/venv/lib/python3.12/site-packages/airflow/example_dags/plugins/workday.py
[2026-01-07T11:57:09.367+0530] {processor.py:208} INFO - Processing /home/sneha/spotify_airflow_project/venv/lib/python3.12/site-packages/airflow/example_dags/plugins/workday.py took 0.023 seconds
[2026-01-07T11:58:12.451+0530] {processor.py:186} INFO - Started process (PID=17163) to work on /home/sneha/spotify_airflow_project/venv/lib/python3.12/site-packages/airflow/example_dags/plugins/workday.py
[2026-01-07T11:58:12.452+0530] {processor.py:914} INFO - Processing file /home/sneha/spotify_airflow_project/venv/lib/python3.12/site-packages/airflow/example_dags/plugins/workday.py for tasks to queue
[2026-01-07T11:58:12.454+0530] {logging_mixin.py:190} INFO - [2026-01-07T11:58:12.453+0530] {dagbag.py:588} INFO - Filling up the DagBag from /home/sneha/spotify_airflow_project/venv/lib/python3.12/site-packages/airflow/example_dags/plugins/workday.py
[2026-01-07T11:58:12.457+0530] {logging_mixin.py:190} INFO - [2026-01-07T11:58:12.457+0530] {workday.py:41} WARNING - Could not import pandas. Holidays will not be considered.
[2026-01-07T11:58:12.457+0530] {processor.py:927} WARNING - No viable dags retrieved from /home/sneha/spotify_airflow_project/venv/lib/python3.12/site-packages/airflow/example_dags/plugins/workday.py
[2026-01-07T11:58:12.470+0530] {processor.py:208} INFO - Processing /home/sneha/spotify_airflow_project/venv/lib/python3.12/site-packages/airflow/example_dags/plugins/workday.py took 0.026 seconds
[2026-01-07T11:59:08.461+0530] {processor.py:186} INFO - Started process (PID=17252) to work on /home/sneha/spotify_airflow_project/venv/lib/python3.12/site-packages/airflow/example_dags/plugins/workday.py
[2026-01-07T11:59:08.462+0530] {processor.py:914} INFO - Processing file /home/sneha/spotify_airflow_project/venv/lib/python3.12/site-packages/airflow/example_dags/plugins/workday.py for tasks to queue
[2026-01-07T11:59:08.464+0530] {logging_mixin.py:190} INFO - [2026-01-07T11:59:08.463+0530] {dagbag.py:588} INFO - Filling up the DagBag from /home/sneha/spotify_airflow_project/venv/lib/python3.12/site-packages/airflow/example_dags/plugins/workday.py
[2026-01-07T11:59:08.466+0530] {logging_mixin.py:190} INFO - [2026-01-07T11:59:08.466+0530] {workday.py:41} WARNING - Could not import pandas. Holidays will not be considered.
[2026-01-07T11:59:08.467+0530] {processor.py:927} WARNING - No viable dags retrieved from /home/sneha/spotify_airflow_project/venv/lib/python3.12/site-packages/airflow/example_dags/plugins/workday.py
[2026-01-07T11:59:08.477+0530] {processor.py:208} INFO - Processing /home/sneha/spotify_airflow_project/venv/lib/python3.12/site-packages/airflow/example_dags/plugins/workday.py took 0.030 seconds
[2026-01-07T12:00:00.283+0530] {processor.py:186} INFO - Started process (PID=17308) to work on /home/sneha/spotify_airflow_project/venv/lib/python3.12/site-packages/airflow/example_dags/plugins/workday.py
[2026-01-07T12:00:00.284+0530] {processor.py:914} INFO - Processing file /home/sneha/spotify_airflow_project/venv/lib/python3.12/site-packages/airflow/example_dags/plugins/workday.py for tasks to queue
[2026-01-07T12:00:00.285+0530] {logging_mixin.py:190} INFO - [2026-01-07T12:00:00.285+0530] {dagbag.py:588} INFO - Filling up the DagBag from /home/sneha/spotify_airflow_project/venv/lib/python3.12/site-packages/airflow/example_dags/plugins/workday.py
[2026-01-07T12:00:00.288+0530] {logging_mixin.py:190} INFO - [2026-01-07T12:00:00.287+0530] {workday.py:41} WARNING - Could not import pandas. Holidays will not be considered.
[2026-01-07T12:00:00.288+0530] {processor.py:927} WARNING - No viable dags retrieved from /home/sneha/spotify_airflow_project/venv/lib/python3.12/site-packages/airflow/example_dags/plugins/workday.py
[2026-01-07T12:00:00.299+0530] {processor.py:208} INFO - Processing /home/sneha/spotify_airflow_project/venv/lib/python3.12/site-packages/airflow/example_dags/plugins/workday.py took 0.026 seconds
[2026-01-07T12:01:08.012+0530] {processor.py:186} INFO - Started process (PID=17450) to work on /home/sneha/spotify_airflow_project/venv/lib/python3.12/site-packages/airflow/example_dags/plugins/workday.py
[2026-01-07T12:01:08.014+0530] {processor.py:914} INFO - Processing file /home/sneha/spotify_airflow_project/venv/lib/python3.12/site-packages/airflow/example_dags/plugins/workday.py for tasks to queue
[2026-01-07T12:01:08.016+0530] {logging_mixin.py:190} INFO - [2026-01-07T12:01:08.015+0530] {dagbag.py:588} INFO - Filling up the DagBag from /home/sneha/spotify_airflow_project/venv/lib/python3.12/site-packages/airflow/example_dags/plugins/workday.py
[2026-01-07T12:01:08.019+0530] {logging_mixin.py:190} INFO - [2026-01-07T12:01:08.018+0530] {workday.py:41} WARNING - Could not import pandas. Holidays will not be considered.
[2026-01-07T12:01:08.019+0530] {processor.py:927} WARNING - No viable dags retrieved from /home/sneha/spotify_airflow_project/venv/lib/python3.12/site-packages/airflow/example_dags/plugins/workday.py
[2026-01-07T12:01:08.030+0530] {processor.py:208} INFO - Processing /home/sneha/spotify_airflow_project/venv/lib/python3.12/site-packages/airflow/example_dags/plugins/workday.py took 0.031 seconds
[2026-01-07T12:02:05.386+0530] {processor.py:186} INFO - Started process (PID=17639) to work on /home/sneha/spotify_airflow_project/venv/lib/python3.12/site-packages/airflow/example_dags/plugins/workday.py
[2026-01-07T12:02:05.387+0530] {processor.py:914} INFO - Processing file /home/sneha/spotify_airflow_project/venv/lib/python3.12/site-packages/airflow/example_dags/plugins/workday.py for tasks to queue
[2026-01-07T12:02:05.389+0530] {logging_mixin.py:190} INFO - [2026-01-07T12:02:05.389+0530] {dagbag.py:588} INFO - Filling up the DagBag from /home/sneha/spotify_airflow_project/venv/lib/python3.12/site-packages/airflow/example_dags/plugins/workday.py
[2026-01-07T12:02:05.392+0530] {logging_mixin.py:190} INFO - [2026-01-07T12:02:05.392+0530] {workday.py:41} WARNING - Could not import pandas. Holidays will not be considered.
[2026-01-07T12:02:05.393+0530] {processor.py:927} WARNING - No viable dags retrieved from /home/sneha/spotify_airflow_project/venv/lib/python3.12/site-packages/airflow/example_dags/plugins/workday.py
[2026-01-07T12:02:05.404+0530] {processor.py:208} INFO - Processing /home/sneha/spotify_airflow_project/venv/lib/python3.12/site-packages/airflow/example_dags/plugins/workday.py took 0.025 seconds
[2026-01-07T12:03:05.572+0530] {processor.py:186} INFO - Started process (PID=17699) to work on /home/sneha/spotify_airflow_project/venv/lib/python3.12/site-packages/airflow/example_dags/plugins/workday.py
[2026-01-07T12:03:05.574+0530] {processor.py:914} INFO - Processing file /home/sneha/spotify_airflow_project/venv/lib/python3.12/site-packages/airflow/example_dags/plugins/workday.py for tasks to queue
[2026-01-07T12:03:05.575+0530] {logging_mixin.py:190} INFO - [2026-01-07T12:03:05.574+0530] {dagbag.py:588} INFO - Filling up the DagBag from /home/sneha/spotify_airflow_project/venv/lib/python3.12/site-packages/airflow/example_dags/plugins/workday.py
[2026-01-07T12:03:05.577+0530] {logging_mixin.py:190} INFO - [2026-01-07T12:03:05.577+0530] {workday.py:41} WARNING - Could not import pandas. Holidays will not be considered.
[2026-01-07T12:03:05.578+0530] {processor.py:927} WARNING - No viable dags retrieved from /home/sneha/spotify_airflow_project/venv/lib/python3.12/site-packages/airflow/example_dags/plugins/workday.py
[2026-01-07T12:03:05.590+0530] {processor.py:208} INFO - Processing /home/sneha/spotify_airflow_project/venv/lib/python3.12/site-packages/airflow/example_dags/plugins/workday.py took 0.028 seconds
[2026-01-07T12:04:02.877+0530] {processor.py:186} INFO - Started process (PID=17932) to work on /home/sneha/spotify_airflow_project/venv/lib/python3.12/site-packages/airflow/example_dags/plugins/workday.py
[2026-01-07T12:04:02.878+0530] {processor.py:914} INFO - Processing file /home/sneha/spotify_airflow_project/venv/lib/python3.12/site-packages/airflow/example_dags/plugins/workday.py for tasks to queue
[2026-01-07T12:04:02.879+0530] {logging_mixin.py:190} INFO - [2026-01-07T12:04:02.879+0530] {dagbag.py:588} INFO - Filling up the DagBag from /home/sneha/spotify_airflow_project/venv/lib/python3.12/site-packages/airflow/example_dags/plugins/workday.py
[2026-01-07T12:04:02.882+0530] {logging_mixin.py:190} INFO - [2026-01-07T12:04:02.881+0530] {workday.py:41} WARNING - Could not import pandas. Holidays will not be considered.
[2026-01-07T12:04:02.882+0530] {processor.py:927} WARNING - No viable dags retrieved from /home/sneha/spotify_airflow_project/venv/lib/python3.12/site-packages/airflow/example_dags/plugins/workday.py
[2026-01-07T12:04:02.893+0530] {processor.py:208} INFO - Processing /home/sneha/spotify_airflow_project/venv/lib/python3.12/site-packages/airflow/example_dags/plugins/workday.py took 0.025 seconds
[2026-01-07T12:04:57.028+0530] {processor.py:186} INFO - Started process (PID=18079) to work on /home/sneha/spotify_airflow_project/venv/lib/python3.12/site-packages/airflow/example_dags/plugins/workday.py
[2026-01-07T12:04:57.029+0530] {processor.py:914} INFO - Processing file /home/sneha/spotify_airflow_project/venv/lib/python3.12/site-packages/airflow/example_dags/plugins/workday.py for tasks to queue
[2026-01-07T12:04:57.031+0530] {logging_mixin.py:190} INFO - [2026-01-07T12:04:57.031+0530] {dagbag.py:588} INFO - Filling up the DagBag from /home/sneha/spotify_airflow_project/venv/lib/python3.12/site-packages/airflow/example_dags/plugins/workday.py
[2026-01-07T12:04:57.034+0530] {logging_mixin.py:190} INFO - [2026-01-07T12:04:57.034+0530] {workday.py:41} WARNING - Could not import pandas. Holidays will not be considered.
[2026-01-07T12:04:57.034+0530] {processor.py:927} WARNING - No viable dags retrieved from /home/sneha/spotify_airflow_project/venv/lib/python3.12/site-packages/airflow/example_dags/plugins/workday.py
[2026-01-07T12:04:57.046+0530] {processor.py:208} INFO - Processing /home/sneha/spotify_airflow_project/venv/lib/python3.12/site-packages/airflow/example_dags/plugins/workday.py took 0.029 seconds
[2026-01-07T12:05:50.713+0530] {processor.py:186} INFO - Started process (PID=18164) to work on /home/sneha/spotify_airflow_project/venv/lib/python3.12/site-packages/airflow/example_dags/plugins/workday.py
[2026-01-07T12:05:50.714+0530] {processor.py:914} INFO - Processing file /home/sneha/spotify_airflow_project/venv/lib/python3.12/site-packages/airflow/example_dags/plugins/workday.py for tasks to queue
[2026-01-07T12:05:50.715+0530] {logging_mixin.py:190} INFO - [2026-01-07T12:05:50.715+0530] {dagbag.py:588} INFO - Filling up the DagBag from /home/sneha/spotify_airflow_project/venv/lib/python3.12/site-packages/airflow/example_dags/plugins/workday.py
[2026-01-07T12:05:50.718+0530] {logging_mixin.py:190} INFO - [2026-01-07T12:05:50.718+0530] {workday.py:41} WARNING - Could not import pandas. Holidays will not be considered.
[2026-01-07T12:05:50.718+0530] {processor.py:927} WARNING - No viable dags retrieved from /home/sneha/spotify_airflow_project/venv/lib/python3.12/site-packages/airflow/example_dags/plugins/workday.py
[2026-01-07T12:05:50.729+0530] {processor.py:208} INFO - Processing /home/sneha/spotify_airflow_project/venv/lib/python3.12/site-packages/airflow/example_dags/plugins/workday.py took 0.029 seconds
[2026-01-07T12:06:42.883+0530] {processor.py:186} INFO - Started process (PID=18221) to work on /home/sneha/spotify_airflow_project/venv/lib/python3.12/site-packages/airflow/example_dags/plugins/workday.py
[2026-01-07T12:06:42.884+0530] {processor.py:914} INFO - Processing file /home/sneha/spotify_airflow_project/venv/lib/python3.12/site-packages/airflow/example_dags/plugins/workday.py for tasks to queue
[2026-01-07T12:06:42.886+0530] {logging_mixin.py:190} INFO - [2026-01-07T12:06:42.885+0530] {dagbag.py:588} INFO - Filling up the DagBag from /home/sneha/spotify_airflow_project/venv/lib/python3.12/site-packages/airflow/example_dags/plugins/workday.py
[2026-01-07T12:06:42.888+0530] {logging_mixin.py:190} INFO - [2026-01-07T12:06:42.888+0530] {workday.py:41} WARNING - Could not import pandas. Holidays will not be considered.
[2026-01-07T12:06:42.889+0530] {processor.py:927} WARNING - No viable dags retrieved from /home/sneha/spotify_airflow_project/venv/lib/python3.12/site-packages/airflow/example_dags/plugins/workday.py
[2026-01-07T12:06:42.900+0530] {processor.py:208} INFO - Processing /home/sneha/spotify_airflow_project/venv/lib/python3.12/site-packages/airflow/example_dags/plugins/workday.py took 0.028 seconds
[2026-01-07T12:07:36.161+0530] {processor.py:186} INFO - Started process (PID=18277) to work on /home/sneha/spotify_airflow_project/venv/lib/python3.12/site-packages/airflow/example_dags/plugins/workday.py
[2026-01-07T12:07:36.163+0530] {processor.py:914} INFO - Processing file /home/sneha/spotify_airflow_project/venv/lib/python3.12/site-packages/airflow/example_dags/plugins/workday.py for tasks to queue
[2026-01-07T12:07:36.164+0530] {logging_mixin.py:190} INFO - [2026-01-07T12:07:36.164+0530] {dagbag.py:588} INFO - Filling up the DagBag from /home/sneha/spotify_airflow_project/venv/lib/python3.12/site-packages/airflow/example_dags/plugins/workday.py
[2026-01-07T12:07:36.167+0530] {logging_mixin.py:190} INFO - [2026-01-07T12:07:36.167+0530] {workday.py:41} WARNING - Could not import pandas. Holidays will not be considered.
[2026-01-07T12:07:36.168+0530] {processor.py:927} WARNING - No viable dags retrieved from /home/sneha/spotify_airflow_project/venv/lib/python3.12/site-packages/airflow/example_dags/plugins/workday.py
[2026-01-07T12:07:36.179+0530] {processor.py:208} INFO - Processing /home/sneha/spotify_airflow_project/venv/lib/python3.12/site-packages/airflow/example_dags/plugins/workday.py took 0.031 seconds
[2026-01-07T12:08:28.469+0530] {processor.py:186} INFO - Started process (PID=18333) to work on /home/sneha/spotify_airflow_project/venv/lib/python3.12/site-packages/airflow/example_dags/plugins/workday.py
[2026-01-07T12:08:28.470+0530] {processor.py:914} INFO - Processing file /home/sneha/spotify_airflow_project/venv/lib/python3.12/site-packages/airflow/example_dags/plugins/workday.py for tasks to queue
[2026-01-07T12:08:28.472+0530] {logging_mixin.py:190} INFO - [2026-01-07T12:08:28.471+0530] {dagbag.py:588} INFO - Filling up the DagBag from /home/sneha/spotify_airflow_project/venv/lib/python3.12/site-packages/airflow/example_dags/plugins/workday.py
[2026-01-07T12:08:28.474+0530] {logging_mixin.py:190} INFO - [2026-01-07T12:08:28.474+0530] {workday.py:41} WARNING - Could not import pandas. Holidays will not be considered.
[2026-01-07T12:08:28.474+0530] {processor.py:927} WARNING - No viable dags retrieved from /home/sneha/spotify_airflow_project/venv/lib/python3.12/site-packages/airflow/example_dags/plugins/workday.py
[2026-01-07T12:08:28.485+0530] {processor.py:208} INFO - Processing /home/sneha/spotify_airflow_project/venv/lib/python3.12/site-packages/airflow/example_dags/plugins/workday.py took 0.026 seconds
[2026-01-07T12:09:20.494+0530] {processor.py:186} INFO - Started process (PID=18390) to work on /home/sneha/spotify_airflow_project/venv/lib/python3.12/site-packages/airflow/example_dags/plugins/workday.py
[2026-01-07T12:09:20.495+0530] {processor.py:914} INFO - Processing file /home/sneha/spotify_airflow_project/venv/lib/python3.12/site-packages/airflow/example_dags/plugins/workday.py for tasks to queue
[2026-01-07T12:09:20.497+0530] {logging_mixin.py:190} INFO - [2026-01-07T12:09:20.496+0530] {dagbag.py:588} INFO - Filling up the DagBag from /home/sneha/spotify_airflow_project/venv/lib/python3.12/site-packages/airflow/example_dags/plugins/workday.py
[2026-01-07T12:09:20.499+0530] {logging_mixin.py:190} INFO - [2026-01-07T12:09:20.499+0530] {workday.py:41} WARNING - Could not import pandas. Holidays will not be considered.
[2026-01-07T12:09:20.500+0530] {processor.py:927} WARNING - No viable dags retrieved from /home/sneha/spotify_airflow_project/venv/lib/python3.12/site-packages/airflow/example_dags/plugins/workday.py
[2026-01-07T12:09:20.510+0530] {processor.py:208} INFO - Processing /home/sneha/spotify_airflow_project/venv/lib/python3.12/site-packages/airflow/example_dags/plugins/workday.py took 0.029 seconds
[2026-01-07T12:10:14.591+0530] {processor.py:186} INFO - Started process (PID=18488) to work on /home/sneha/spotify_airflow_project/venv/lib/python3.12/site-packages/airflow/example_dags/plugins/workday.py
[2026-01-07T12:10:14.601+0530] {processor.py:914} INFO - Processing file /home/sneha/spotify_airflow_project/venv/lib/python3.12/site-packages/airflow/example_dags/plugins/workday.py for tasks to queue
[2026-01-07T12:10:14.603+0530] {logging_mixin.py:190} INFO - [2026-01-07T12:10:14.603+0530] {dagbag.py:588} INFO - Filling up the DagBag from /home/sneha/spotify_airflow_project/venv/lib/python3.12/site-packages/airflow/example_dags/plugins/workday.py
[2026-01-07T12:10:14.607+0530] {logging_mixin.py:190} INFO - [2026-01-07T12:10:14.606+0530] {workday.py:41} WARNING - Could not import pandas. Holidays will not be considered.
[2026-01-07T12:10:14.607+0530] {processor.py:927} WARNING - No viable dags retrieved from /home/sneha/spotify_airflow_project/venv/lib/python3.12/site-packages/airflow/example_dags/plugins/workday.py
[2026-01-07T12:10:14.618+0530] {processor.py:208} INFO - Processing /home/sneha/spotify_airflow_project/venv/lib/python3.12/site-packages/airflow/example_dags/plugins/workday.py took 0.039 seconds
[2026-01-07T12:11:06.350+0530] {processor.py:186} INFO - Started process (PID=18563) to work on /home/sneha/spotify_airflow_project/venv/lib/python3.12/site-packages/airflow/example_dags/plugins/workday.py
[2026-01-07T12:11:06.351+0530] {processor.py:914} INFO - Processing file /home/sneha/spotify_airflow_project/venv/lib/python3.12/site-packages/airflow/example_dags/plugins/workday.py for tasks to queue
[2026-01-07T12:11:06.352+0530] {logging_mixin.py:190} INFO - [2026-01-07T12:11:06.352+0530] {dagbag.py:588} INFO - Filling up the DagBag from /home/sneha/spotify_airflow_project/venv/lib/python3.12/site-packages/airflow/example_dags/plugins/workday.py
[2026-01-07T12:11:06.355+0530] {logging_mixin.py:190} INFO - [2026-01-07T12:11:06.355+0530] {workday.py:41} WARNING - Could not import pandas. Holidays will not be considered.
[2026-01-07T12:11:06.355+0530] {processor.py:927} WARNING - No viable dags retrieved from /home/sneha/spotify_airflow_project/venv/lib/python3.12/site-packages/airflow/example_dags/plugins/workday.py
[2026-01-07T12:11:06.366+0530] {processor.py:208} INFO - Processing /home/sneha/spotify_airflow_project/venv/lib/python3.12/site-packages/airflow/example_dags/plugins/workday.py took 0.023 seconds
[2026-01-07T12:11:59.767+0530] {processor.py:186} INFO - Started process (PID=18621) to work on /home/sneha/spotify_airflow_project/venv/lib/python3.12/site-packages/airflow/example_dags/plugins/workday.py
[2026-01-07T12:11:59.768+0530] {processor.py:914} INFO - Processing file /home/sneha/spotify_airflow_project/venv/lib/python3.12/site-packages/airflow/example_dags/plugins/workday.py for tasks to queue
[2026-01-07T12:11:59.769+0530] {logging_mixin.py:190} INFO - [2026-01-07T12:11:59.769+0530] {dagbag.py:588} INFO - Filling up the DagBag from /home/sneha/spotify_airflow_project/venv/lib/python3.12/site-packages/airflow/example_dags/plugins/workday.py
[2026-01-07T12:11:59.772+0530] {logging_mixin.py:190} INFO - [2026-01-07T12:11:59.772+0530] {workday.py:41} WARNING - Could not import pandas. Holidays will not be considered.
[2026-01-07T12:11:59.772+0530] {processor.py:927} WARNING - No viable dags retrieved from /home/sneha/spotify_airflow_project/venv/lib/python3.12/site-packages/airflow/example_dags/plugins/workday.py
[2026-01-07T12:11:59.783+0530] {processor.py:208} INFO - Processing /home/sneha/spotify_airflow_project/venv/lib/python3.12/site-packages/airflow/example_dags/plugins/workday.py took 0.026 seconds
[2026-01-07T12:12:51.354+0530] {processor.py:186} INFO - Started process (PID=18678) to work on /home/sneha/spotify_airflow_project/venv/lib/python3.12/site-packages/airflow/example_dags/plugins/workday.py
[2026-01-07T12:12:51.355+0530] {processor.py:914} INFO - Processing file /home/sneha/spotify_airflow_project/venv/lib/python3.12/site-packages/airflow/example_dags/plugins/workday.py for tasks to queue
[2026-01-07T12:12:51.357+0530] {logging_mixin.py:190} INFO - [2026-01-07T12:12:51.356+0530] {dagbag.py:588} INFO - Filling up the DagBag from /home/sneha/spotify_airflow_project/venv/lib/python3.12/site-packages/airflow/example_dags/plugins/workday.py
[2026-01-07T12:12:51.359+0530] {logging_mixin.py:190} INFO - [2026-01-07T12:12:51.359+0530] {workday.py:41} WARNING - Could not import pandas. Holidays will not be considered.
[2026-01-07T12:12:51.360+0530] {processor.py:927} WARNING - No viable dags retrieved from /home/sneha/spotify_airflow_project/venv/lib/python3.12/site-packages/airflow/example_dags/plugins/workday.py
[2026-01-07T12:12:51.370+0530] {processor.py:208} INFO - Processing /home/sneha/spotify_airflow_project/venv/lib/python3.12/site-packages/airflow/example_dags/plugins/workday.py took 0.027 seconds
[2026-01-07T12:13:45.541+0530] {processor.py:186} INFO - Started process (PID=18760) to work on /home/sneha/spotify_airflow_project/venv/lib/python3.12/site-packages/airflow/example_dags/plugins/workday.py
[2026-01-07T12:13:45.542+0530] {processor.py:914} INFO - Processing file /home/sneha/spotify_airflow_project/venv/lib/python3.12/site-packages/airflow/example_dags/plugins/workday.py for tasks to queue
[2026-01-07T12:13:45.543+0530] {logging_mixin.py:190} INFO - [2026-01-07T12:13:45.543+0530] {dagbag.py:588} INFO - Filling up the DagBag from /home/sneha/spotify_airflow_project/venv/lib/python3.12/site-packages/airflow/example_dags/plugins/workday.py
[2026-01-07T12:13:45.546+0530] {logging_mixin.py:190} INFO - [2026-01-07T12:13:45.546+0530] {workday.py:41} WARNING - Could not import pandas. Holidays will not be considered.
[2026-01-07T12:13:45.546+0530] {processor.py:927} WARNING - No viable dags retrieved from /home/sneha/spotify_airflow_project/venv/lib/python3.12/site-packages/airflow/example_dags/plugins/workday.py
[2026-01-07T12:13:45.557+0530] {processor.py:208} INFO - Processing /home/sneha/spotify_airflow_project/venv/lib/python3.12/site-packages/airflow/example_dags/plugins/workday.py took 0.028 seconds
[2026-01-07T12:14:40.243+0530] {processor.py:186} INFO - Started process (PID=18910) to work on /home/sneha/spotify_airflow_project/venv/lib/python3.12/site-packages/airflow/example_dags/plugins/workday.py
[2026-01-07T12:14:40.244+0530] {processor.py:914} INFO - Processing file /home/sneha/spotify_airflow_project/venv/lib/python3.12/site-packages/airflow/example_dags/plugins/workday.py for tasks to queue
[2026-01-07T12:14:40.246+0530] {logging_mixin.py:190} INFO - [2026-01-07T12:14:40.245+0530] {dagbag.py:588} INFO - Filling up the DagBag from /home/sneha/spotify_airflow_project/venv/lib/python3.12/site-packages/airflow/example_dags/plugins/workday.py
[2026-01-07T12:14:40.249+0530] {logging_mixin.py:190} INFO - [2026-01-07T12:14:40.248+0530] {workday.py:41} WARNING - Could not import pandas. Holidays will not be considered.
[2026-01-07T12:14:40.249+0530] {processor.py:927} WARNING - No viable dags retrieved from /home/sneha/spotify_airflow_project/venv/lib/python3.12/site-packages/airflow/example_dags/plugins/workday.py
[2026-01-07T12:14:40.261+0530] {processor.py:208} INFO - Processing /home/sneha/spotify_airflow_project/venv/lib/python3.12/site-packages/airflow/example_dags/plugins/workday.py took 0.029 seconds
[2026-01-07T12:15:32.990+0530] {processor.py:186} INFO - Started process (PID=18981) to work on /home/sneha/spotify_airflow_project/venv/lib/python3.12/site-packages/airflow/example_dags/plugins/workday.py
[2026-01-07T12:15:32.992+0530] {processor.py:914} INFO - Processing file /home/sneha/spotify_airflow_project/venv/lib/python3.12/site-packages/airflow/example_dags/plugins/workday.py for tasks to queue
[2026-01-07T12:15:32.993+0530] {logging_mixin.py:190} INFO - [2026-01-07T12:15:32.993+0530] {dagbag.py:588} INFO - Filling up the DagBag from /home/sneha/spotify_airflow_project/venv/lib/python3.12/site-packages/airflow/example_dags/plugins/workday.py
[2026-01-07T12:15:32.996+0530] {logging_mixin.py:190} INFO - [2026-01-07T12:15:32.995+0530] {workday.py:41} WARNING - Could not import pandas. Holidays will not be considered.
[2026-01-07T12:15:32.996+0530] {processor.py:927} WARNING - No viable dags retrieved from /home/sneha/spotify_airflow_project/venv/lib/python3.12/site-packages/airflow/example_dags/plugins/workday.py
[2026-01-07T12:15:33.007+0530] {processor.py:208} INFO - Processing /home/sneha/spotify_airflow_project/venv/lib/python3.12/site-packages/airflow/example_dags/plugins/workday.py took 0.030 seconds
[2026-01-07T12:16:28.864+0530] {processor.py:186} INFO - Started process (PID=19048) to work on /home/sneha/spotify_airflow_project/venv/lib/python3.12/site-packages/airflow/example_dags/plugins/workday.py
[2026-01-07T12:16:28.865+0530] {processor.py:914} INFO - Processing file /home/sneha/spotify_airflow_project/venv/lib/python3.12/site-packages/airflow/example_dags/plugins/workday.py for tasks to queue
[2026-01-07T12:16:28.867+0530] {logging_mixin.py:190} INFO - [2026-01-07T12:16:28.866+0530] {dagbag.py:588} INFO - Filling up the DagBag from /home/sneha/spotify_airflow_project/venv/lib/python3.12/site-packages/airflow/example_dags/plugins/workday.py
[2026-01-07T12:16:28.869+0530] {logging_mixin.py:190} INFO - [2026-01-07T12:16:28.869+0530] {workday.py:41} WARNING - Could not import pandas. Holidays will not be considered.
[2026-01-07T12:16:28.870+0530] {processor.py:927} WARNING - No viable dags retrieved from /home/sneha/spotify_airflow_project/venv/lib/python3.12/site-packages/airflow/example_dags/plugins/workday.py
[2026-01-07T12:16:28.882+0530] {processor.py:208} INFO - Processing /home/sneha/spotify_airflow_project/venv/lib/python3.12/site-packages/airflow/example_dags/plugins/workday.py took 0.026 seconds
[2026-01-07T12:17:24.656+0530] {processor.py:186} INFO - Started process (PID=19110) to work on /home/sneha/spotify_airflow_project/venv/lib/python3.12/site-packages/airflow/example_dags/plugins/workday.py
[2026-01-07T12:17:24.657+0530] {processor.py:914} INFO - Processing file /home/sneha/spotify_airflow_project/venv/lib/python3.12/site-packages/airflow/example_dags/plugins/workday.py for tasks to queue
[2026-01-07T12:17:24.659+0530] {logging_mixin.py:190} INFO - [2026-01-07T12:17:24.658+0530] {dagbag.py:588} INFO - Filling up the DagBag from /home/sneha/spotify_airflow_project/venv/lib/python3.12/site-packages/airflow/example_dags/plugins/workday.py
[2026-01-07T12:17:24.661+0530] {logging_mixin.py:190} INFO - [2026-01-07T12:17:24.661+0530] {workday.py:41} WARNING - Could not import pandas. Holidays will not be considered.
[2026-01-07T12:17:24.662+0530] {processor.py:927} WARNING - No viable dags retrieved from /home/sneha/spotify_airflow_project/venv/lib/python3.12/site-packages/airflow/example_dags/plugins/workday.py
[2026-01-07T12:17:24.673+0530] {processor.py:208} INFO - Processing /home/sneha/spotify_airflow_project/venv/lib/python3.12/site-packages/airflow/example_dags/plugins/workday.py took 0.028 seconds
[2026-01-07T12:18:20.934+0530] {processor.py:186} INFO - Started process (PID=19172) to work on /home/sneha/spotify_airflow_project/venv/lib/python3.12/site-packages/airflow/example_dags/plugins/workday.py
[2026-01-07T12:18:20.935+0530] {processor.py:914} INFO - Processing file /home/sneha/spotify_airflow_project/venv/lib/python3.12/site-packages/airflow/example_dags/plugins/workday.py for tasks to queue
[2026-01-07T12:18:20.936+0530] {logging_mixin.py:190} INFO - [2026-01-07T12:18:20.936+0530] {dagbag.py:588} INFO - Filling up the DagBag from /home/sneha/spotify_airflow_project/venv/lib/python3.12/site-packages/airflow/example_dags/plugins/workday.py
[2026-01-07T12:18:20.939+0530] {logging_mixin.py:190} INFO - [2026-01-07T12:18:20.939+0530] {workday.py:41} WARNING - Could not import pandas. Holidays will not be considered.
[2026-01-07T12:18:20.939+0530] {processor.py:927} WARNING - No viable dags retrieved from /home/sneha/spotify_airflow_project/venv/lib/python3.12/site-packages/airflow/example_dags/plugins/workday.py
[2026-01-07T12:18:20.950+0530] {processor.py:208} INFO - Processing /home/sneha/spotify_airflow_project/venv/lib/python3.12/site-packages/airflow/example_dags/plugins/workday.py took 0.027 seconds
[2026-01-07T12:19:17.819+0530] {processor.py:186} INFO - Started process (PID=19305) to work on /home/sneha/spotify_airflow_project/venv/lib/python3.12/site-packages/airflow/example_dags/plugins/workday.py
[2026-01-07T12:19:17.820+0530] {processor.py:914} INFO - Processing file /home/sneha/spotify_airflow_project/venv/lib/python3.12/site-packages/airflow/example_dags/plugins/workday.py for tasks to queue
[2026-01-07T12:19:17.821+0530] {logging_mixin.py:190} INFO - [2026-01-07T12:19:17.821+0530] {dagbag.py:588} INFO - Filling up the DagBag from /home/sneha/spotify_airflow_project/venv/lib/python3.12/site-packages/airflow/example_dags/plugins/workday.py
[2026-01-07T12:19:17.824+0530] {logging_mixin.py:190} INFO - [2026-01-07T12:19:17.823+0530] {workday.py:41} WARNING - Could not import pandas. Holidays will not be considered.
[2026-01-07T12:19:17.824+0530] {processor.py:927} WARNING - No viable dags retrieved from /home/sneha/spotify_airflow_project/venv/lib/python3.12/site-packages/airflow/example_dags/plugins/workday.py
[2026-01-07T12:19:17.838+0530] {processor.py:208} INFO - Processing /home/sneha/spotify_airflow_project/venv/lib/python3.12/site-packages/airflow/example_dags/plugins/workday.py took 0.026 seconds
[2026-01-07T12:20:14.123+0530] {processor.py:186} INFO - Started process (PID=19396) to work on /home/sneha/spotify_airflow_project/venv/lib/python3.12/site-packages/airflow/example_dags/plugins/workday.py
[2026-01-07T12:20:14.134+0530] {processor.py:914} INFO - Processing file /home/sneha/spotify_airflow_project/venv/lib/python3.12/site-packages/airflow/example_dags/plugins/workday.py for tasks to queue
[2026-01-07T12:20:14.136+0530] {logging_mixin.py:190} INFO - [2026-01-07T12:20:14.135+0530] {dagbag.py:588} INFO - Filling up the DagBag from /home/sneha/spotify_airflow_project/venv/lib/python3.12/site-packages/airflow/example_dags/plugins/workday.py
[2026-01-07T12:20:14.139+0530] {logging_mixin.py:190} INFO - [2026-01-07T12:20:14.138+0530] {workday.py:41} WARNING - Could not import pandas. Holidays will not be considered.
[2026-01-07T12:20:14.139+0530] {processor.py:927} WARNING - No viable dags retrieved from /home/sneha/spotify_airflow_project/venv/lib/python3.12/site-packages/airflow/example_dags/plugins/workday.py
[2026-01-07T12:20:14.151+0530] {processor.py:208} INFO - Processing /home/sneha/spotify_airflow_project/venv/lib/python3.12/site-packages/airflow/example_dags/plugins/workday.py took 0.043 seconds
