[2025-12-15T13:34:14.909+0530] {local_task_job_runner.py:123} INFO - ::group::Pre task execution logs
[2025-12-15T13:34:14.919+0530] {taskinstance.py:2612} INFO - Dependencies all met for dep_context=non-requeueable deps ti=<TaskInstance: spotify_streaming_pipeline.run_spotify_producer manual__2025-12-15T08:04:11.792911+00:00 [queued]>
[2025-12-15T13:34:14.924+0530] {taskinstance.py:2612} INFO - Dependencies all met for dep_context=requeueable deps ti=<TaskInstance: spotify_streaming_pipeline.run_spotify_producer manual__2025-12-15T08:04:11.792911+00:00 [queued]>
[2025-12-15T13:34:14.924+0530] {taskinstance.py:2865} INFO - Starting attempt 1 of 2
[2025-12-15T13:34:14.936+0530] {taskinstance.py:2888} INFO - Executing <Task(BashOperator): run_spotify_producer> on 2025-12-15 08:04:11.792911+00:00
[2025-12-15T13:34:14.942+0530] {standard_task_runner.py:72} INFO - Started process 29578 to run task
[2025-12-15T13:34:14.947+0530] {standard_task_runner.py:104} INFO - Running: ['airflow', 'tasks', 'run', 'spotify_streaming_pipeline', 'run_spotify_producer', 'manual__2025-12-15T08:04:11.792911+00:00', '--job-id', '13', '--raw', '--subdir', 'DAGS_FOLDER/spotify_streaming_dag.py', '--cfg-path', '/tmp/tmpclrt4x5f']
[2025-12-15T13:34:14.948+0530] {standard_task_runner.py:105} INFO - Job 13: Subtask run_spotify_producer
[2025-12-15T13:34:14.985+0530] {task_command.py:467} INFO - Running <TaskInstance: spotify_streaming_pipeline.run_spotify_producer manual__2025-12-15T08:04:11.792911+00:00 [running]> on host sneha-HP-Laptop-15s-eq1xxx
[2025-12-15T13:34:15.037+0530] {taskinstance.py:3131} INFO - Exporting env vars: AIRFLOW_CTX_DAG_OWNER='sneha' AIRFLOW_CTX_DAG_ID='spotify_streaming_pipeline' AIRFLOW_CTX_TASK_ID='run_spotify_producer' AIRFLOW_CTX_EXECUTION_DATE='2025-12-15T08:04:11.792911+00:00' AIRFLOW_CTX_TRY_NUMBER='1' AIRFLOW_CTX_DAG_RUN_ID='manual__2025-12-15T08:04:11.792911+00:00'
[2025-12-15T13:34:15.038+0530] {logging_mixin.py:190} INFO - Task instance is in running state
[2025-12-15T13:34:15.038+0530] {logging_mixin.py:190} INFO -  Previous state of the Task instance: queued
[2025-12-15T13:34:15.038+0530] {logging_mixin.py:190} INFO - Current task name:run_spotify_producer state:running start_date:2025-12-15 08:04:14.919906+00:00
[2025-12-15T13:34:15.039+0530] {logging_mixin.py:190} INFO - Dag name:spotify_streaming_pipeline and current dag run status:running
[2025-12-15T13:34:15.039+0530] {taskinstance.py:731} INFO - ::endgroup::
[2025-12-15T13:34:15.039+0530] {subprocess.py:63} INFO - Tmp dir root location: /tmp
[2025-12-15T13:34:15.040+0530] {subprocess.py:75} INFO - Running command: ['/usr/bin/bash', '-c', 'python /home/sneha/spotify_airflow_project/scripts/producer_airflow.py']
[2025-12-15T13:34:15.054+0530] {subprocess.py:86} INFO - Output:
[2025-12-15T13:34:21.642+0530] {subprocess.py:93} INFO - Sending: {'track_name': 'Mazha Njaan', 'artist': 'Bennet Veetraag', 'album': 'Dr. Patient (Original Motion Picture Soundtrack)', 'played_at': '2025-12-15T07:57:04.652Z'}
[2025-12-15T13:34:21.642+0530] {subprocess.py:93} INFO - Sending: {'track_name': 'Azhalinte Aazhangalil (From "Ayalum Njanum Thammil")', 'artist': 'Nikhil mathew', 'album': 'Azhalinte Aazhangalil (From "Ayalum Njanum Thammil")', 'played_at': '2025-12-15T07:51:34.763Z'}
[2025-12-15T13:34:21.643+0530] {subprocess.py:93} INFO - Sending: {'track_name': 'Thanga Manassu', 'artist': 'P. Jayachandran', 'album': 'Rappakal (Malayalam Film)', 'played_at': '2025-12-15T07:45:05.756Z'}
[2025-12-15T13:34:21.643+0530] {subprocess.py:93} INFO - Sending: {'track_name': 'Hrudaya Sakhi - Male Version', 'artist': 'Alphons Joseph', 'album': 'Vellithira (Original Motion Picture Soundtrack)', 'played_at': '2025-12-15T07:40:04.984Z'}
[2025-12-15T13:34:21.643+0530] {subprocess.py:93} INFO - Sending: {'track_name': 'Oru Venal Puzhayil', 'artist': 'Ouseppachan', 'album': 'Pranayakaalam (Original Motion Picture Soundtrack)', 'played_at': '2025-12-15T07:34:04.926Z'}
[2025-12-15T13:34:21.716+0530] {subprocess.py:97} INFO - Command exited with return code 0
[2025-12-15T13:34:21.734+0530] {taskinstance.py:340} INFO - ::group::Post task execution logs
[2025-12-15T13:34:21.735+0530] {taskinstance.py:352} INFO - Marking task as SUCCESS. dag_id=spotify_streaming_pipeline, task_id=run_spotify_producer, run_id=manual__2025-12-15T08:04:11.792911+00:00, execution_date=20251215T080411, start_date=20251215T080414, end_date=20251215T080421
[2025-12-15T13:34:21.741+0530] {logging_mixin.py:190} INFO - Task instance in success state
[2025-12-15T13:34:21.742+0530] {logging_mixin.py:190} INFO -  Previous state of the Task instance: running
[2025-12-15T13:34:21.742+0530] {logging_mixin.py:190} INFO - Dag name:spotify_streaming_pipeline queued_at:2025-12-15 08:04:11.815357+00:00
[2025-12-15T13:34:21.742+0530] {logging_mixin.py:190} INFO - Task hostname:sneha-HP-Laptop-15s-eq1xxx operator:BashOperator
[2025-12-15T13:34:21.776+0530] {local_task_job_runner.py:266} INFO - Task exited with return code 0
[2025-12-15T13:34:21.790+0530] {taskinstance.py:3900} INFO - 1 downstream tasks scheduled from follow-on schedule check
[2025-12-15T13:34:21.792+0530] {local_task_job_runner.py:245} INFO - ::endgroup::
