[2025-12-17T10:29:39.676+0530] {local_task_job_runner.py:123} INFO - ::group::Pre task execution logs
[2025-12-17T10:29:39.686+0530] {taskinstance.py:2612} INFO - Dependencies all met for dep_context=non-requeueable deps ti=<TaskInstance: spotify_streaming_pipeline.run_spotify_producer scheduled__2025-12-17T03:00:00+00:00 [queued]>
[2025-12-17T10:29:39.691+0530] {taskinstance.py:2612} INFO - Dependencies all met for dep_context=requeueable deps ti=<TaskInstance: spotify_streaming_pipeline.run_spotify_producer scheduled__2025-12-17T03:00:00+00:00 [queued]>
[2025-12-17T10:29:39.691+0530] {taskinstance.py:2865} INFO - Starting attempt 1 of 2
[2025-12-17T10:29:39.702+0530] {taskinstance.py:2888} INFO - Executing <Task(BashOperator): run_spotify_producer> on 2025-12-17 03:00:00+00:00
[2025-12-17T10:29:39.708+0530] {standard_task_runner.py:72} INFO - Started process 6683 to run task
[2025-12-17T10:29:39.711+0530] {standard_task_runner.py:104} INFO - Running: ['airflow', 'tasks', 'run', 'spotify_streaming_pipeline', 'run_spotify_producer', 'scheduled__2025-12-17T03:00:00+00:00', '--job-id', '96', '--raw', '--subdir', 'DAGS_FOLDER/spotify_streaming_dag.py', '--cfg-path', '/tmp/tmpaby3mtmj']
[2025-12-17T10:29:39.712+0530] {standard_task_runner.py:105} INFO - Job 96: Subtask run_spotify_producer
[2025-12-17T10:29:39.755+0530] {task_command.py:467} INFO - Running <TaskInstance: spotify_streaming_pipeline.run_spotify_producer scheduled__2025-12-17T03:00:00+00:00 [running]> on host sneha-HP-Laptop-15s-eq1xxx
[2025-12-17T10:29:39.808+0530] {taskinstance.py:3131} INFO - Exporting env vars: AIRFLOW_CTX_DAG_OWNER='sneha' AIRFLOW_CTX_DAG_ID='spotify_streaming_pipeline' AIRFLOW_CTX_TASK_ID='run_spotify_producer' AIRFLOW_CTX_EXECUTION_DATE='2025-12-17T03:00:00+00:00' AIRFLOW_CTX_TRY_NUMBER='1' AIRFLOW_CTX_DAG_RUN_ID='scheduled__2025-12-17T03:00:00+00:00'
[2025-12-17T10:29:39.809+0530] {logging_mixin.py:190} INFO - Task instance is in running state
[2025-12-17T10:29:39.809+0530] {logging_mixin.py:190} INFO -  Previous state of the Task instance: queued
[2025-12-17T10:29:39.810+0530] {logging_mixin.py:190} INFO - Current task name:run_spotify_producer state:running start_date:2025-12-17 04:59:39.686385+00:00
[2025-12-17T10:29:39.810+0530] {logging_mixin.py:190} INFO - Dag name:spotify_streaming_pipeline and current dag run status:running
[2025-12-17T10:29:39.810+0530] {taskinstance.py:731} INFO - ::endgroup::
[2025-12-17T10:29:39.811+0530] {subprocess.py:63} INFO - Tmp dir root location: /tmp
[2025-12-17T10:29:39.811+0530] {subprocess.py:75} INFO - Running command: ['/usr/bin/bash', '-c', 'python /home/sneha/spotify_airflow_project/scripts/producer_airflow.py']
[2025-12-17T10:29:39.824+0530] {subprocess.py:86} INFO - Output:
[2025-12-17T10:29:46.971+0530] {subprocess.py:93} INFO - Sending: {'track_name': 'Kathayoraavarthanam - Version, 01', 'artist': 'Bijibal', 'album': 'Daddy Cool (Original Motion Picture Soundtrack)', 'played_at': '2025-12-17T04:58:34.983Z'}
[2025-12-17T10:29:46.971+0530] {subprocess.py:93} INFO - Sending: {'track_name': 'Thotte Thotte', 'artist': 'Vidyasagar', 'album': 'Diamond Necklace (Original Motion Picture Soundtrack)', 'played_at': '2025-12-17T04:53:07.541Z'}
[2025-12-17T10:29:46.972+0530] {subprocess.py:93} INFO - Sending: {'track_name': 'Nilaamalare', 'artist': 'Vidyasagar', 'album': 'Diamond Necklace (Original Motion Picture Soundtrack)', 'played_at': '2025-12-17T04:48:29.588Z'}
[2025-12-17T10:29:46.974+0530] {subprocess.py:93} INFO - Sending: {'track_name': 'Mandhaarappoo Mooli - Male Version', 'artist': 'Ilaiyaraaja', 'album': 'Vinodha Yaathra (Original Motion Picture Soundtrack)', 'played_at': '2025-12-17T04:43:29.800Z'}
[2025-12-17T10:29:46.974+0530] {subprocess.py:93} INFO - Sending: {'track_name': 'Kai niraye venna tharam M', 'artist': 'G Venugopal', 'album': 'Baba Kalyani', 'played_at': '2025-12-17T04:38:04.706Z'}
[2025-12-17T10:29:47.042+0530] {subprocess.py:97} INFO - Command exited with return code 0
[2025-12-17T10:29:47.064+0530] {taskinstance.py:340} INFO - ::group::Post task execution logs
[2025-12-17T10:29:47.066+0530] {taskinstance.py:352} INFO - Marking task as SUCCESS. dag_id=spotify_streaming_pipeline, task_id=run_spotify_producer, run_id=scheduled__2025-12-17T03:00:00+00:00, execution_date=20251217T030000, start_date=20251217T045939, end_date=20251217T045947
[2025-12-17T10:29:47.082+0530] {logging_mixin.py:190} INFO - Task instance in success state
[2025-12-17T10:29:47.083+0530] {logging_mixin.py:190} INFO -  Previous state of the Task instance: running
[2025-12-17T10:29:47.083+0530] {logging_mixin.py:190} INFO - Dag name:spotify_streaming_pipeline queued_at:2025-12-17 04:59:37.361881+00:00
[2025-12-17T10:29:47.083+0530] {logging_mixin.py:190} INFO - Task hostname:sneha-HP-Laptop-15s-eq1xxx operator:BashOperator
[2025-12-17T10:29:47.122+0530] {local_task_job_runner.py:266} INFO - Task exited with return code 0
[2025-12-17T10:29:47.146+0530] {taskinstance.py:3900} INFO - 1 downstream tasks scheduled from follow-on schedule check
[2025-12-17T10:29:47.150+0530] {local_task_job_runner.py:245} INFO - ::endgroup::
