[2025-12-10T12:02:10.840+0530] {processor.py:186} INFO - Started process (PID=11086) to work on /home/sneha/spotify_airflow_project/venv/lib/python3.12/site-packages/airflow/example_dags/example_short_circuit_decorator.py
[2025-12-10T12:02:10.841+0530] {processor.py:914} INFO - Processing file /home/sneha/spotify_airflow_project/venv/lib/python3.12/site-packages/airflow/example_dags/example_short_circuit_decorator.py for tasks to queue
[2025-12-10T12:02:10.844+0530] {logging_mixin.py:190} INFO - [2025-12-10T12:02:10.843+0530] {dagbag.py:588} INFO - Filling up the DagBag from /home/sneha/spotify_airflow_project/venv/lib/python3.12/site-packages/airflow/example_dags/example_short_circuit_decorator.py
[2025-12-10T12:02:10.853+0530] {processor.py:925} INFO - DAG(s) 'example_short_circuit_decorator' retrieved from /home/sneha/spotify_airflow_project/venv/lib/python3.12/site-packages/airflow/example_dags/example_short_circuit_decorator.py
[2025-12-10T12:02:10.972+0530] {logging_mixin.py:190} INFO - [2025-12-10T12:02:10.971+0530] {override.py:1900} INFO - Created Permission View: can read on DAG:example_short_circuit_decorator
[2025-12-10T12:02:10.988+0530] {logging_mixin.py:190} INFO - [2025-12-10T12:02:10.988+0530] {override.py:1900} INFO - Created Permission View: can delete on DAG:example_short_circuit_decorator
[2025-12-10T12:02:10.998+0530] {logging_mixin.py:190} INFO - [2025-12-10T12:02:10.998+0530] {override.py:1900} INFO - Created Permission View: can edit on DAG:example_short_circuit_decorator
[2025-12-10T12:02:11.010+0530] {logging_mixin.py:190} INFO - [2025-12-10T12:02:11.010+0530] {override.py:1900} INFO - Created Permission View: can read on DAG Run:example_short_circuit_decorator
[2025-12-10T12:02:11.020+0530] {logging_mixin.py:190} INFO - [2025-12-10T12:02:11.020+0530] {override.py:1900} INFO - Created Permission View: can delete on DAG Run:example_short_circuit_decorator
[2025-12-10T12:02:11.032+0530] {logging_mixin.py:190} INFO - [2025-12-10T12:02:11.031+0530] {override.py:1900} INFO - Created Permission View: menu access on DAG Run:example_short_circuit_decorator
[2025-12-10T12:02:11.043+0530] {logging_mixin.py:190} INFO - [2025-12-10T12:02:11.043+0530] {override.py:1900} INFO - Created Permission View: can create on DAG Run:example_short_circuit_decorator
[2025-12-10T12:02:11.044+0530] {logging_mixin.py:190} INFO - [2025-12-10T12:02:11.043+0530] {dag.py:3239} INFO - Sync 1 DAGs
[2025-12-10T12:02:11.055+0530] {logging_mixin.py:190} INFO - [2025-12-10T12:02:11.055+0530] {dag.py:3262} INFO - Creating ORM DAG for example_short_circuit_decorator
[2025-12-10T12:02:11.056+0530] {logging_mixin.py:190} INFO - [2025-12-10T12:02:11.056+0530] {dag.py:4180} INFO - Setting next_dagrun for example_short_circuit_decorator to None, run_after=None
[2025-12-10T12:02:11.080+0530] {processor.py:208} INFO - Processing /home/sneha/spotify_airflow_project/venv/lib/python3.12/site-packages/airflow/example_dags/example_short_circuit_decorator.py took 0.250 seconds
[2025-12-10T12:03:12.517+0530] {processor.py:186} INFO - Started process (PID=11339) to work on /home/sneha/spotify_airflow_project/venv/lib/python3.12/site-packages/airflow/example_dags/example_short_circuit_decorator.py
[2025-12-10T12:03:12.518+0530] {processor.py:914} INFO - Processing file /home/sneha/spotify_airflow_project/venv/lib/python3.12/site-packages/airflow/example_dags/example_short_circuit_decorator.py for tasks to queue
[2025-12-10T12:03:12.520+0530] {logging_mixin.py:190} INFO - [2025-12-10T12:03:12.520+0530] {dagbag.py:588} INFO - Filling up the DagBag from /home/sneha/spotify_airflow_project/venv/lib/python3.12/site-packages/airflow/example_dags/example_short_circuit_decorator.py
[2025-12-10T12:03:12.530+0530] {processor.py:925} INFO - DAG(s) 'example_short_circuit_decorator' retrieved from /home/sneha/spotify_airflow_project/venv/lib/python3.12/site-packages/airflow/example_dags/example_short_circuit_decorator.py
[2025-12-10T12:03:12.547+0530] {logging_mixin.py:190} INFO - [2025-12-10T12:03:12.547+0530] {dag.py:3239} INFO - Sync 1 DAGs
[2025-12-10T12:03:12.559+0530] {logging_mixin.py:190} INFO - [2025-12-10T12:03:12.558+0530] {dag.py:4180} INFO - Setting next_dagrun for example_short_circuit_decorator to None, run_after=None
[2025-12-10T12:03:12.577+0530] {processor.py:208} INFO - Processing /home/sneha/spotify_airflow_project/venv/lib/python3.12/site-packages/airflow/example_dags/example_short_circuit_decorator.py took 0.069 seconds
[2025-12-10T12:04:08.443+0530] {processor.py:186} INFO - Started process (PID=11421) to work on /home/sneha/spotify_airflow_project/venv/lib/python3.12/site-packages/airflow/example_dags/example_short_circuit_decorator.py
[2025-12-10T12:04:08.445+0530] {processor.py:914} INFO - Processing file /home/sneha/spotify_airflow_project/venv/lib/python3.12/site-packages/airflow/example_dags/example_short_circuit_decorator.py for tasks to queue
[2025-12-10T12:04:08.447+0530] {logging_mixin.py:190} INFO - [2025-12-10T12:04:08.446+0530] {dagbag.py:588} INFO - Filling up the DagBag from /home/sneha/spotify_airflow_project/venv/lib/python3.12/site-packages/airflow/example_dags/example_short_circuit_decorator.py
[2025-12-10T12:04:08.456+0530] {processor.py:925} INFO - DAG(s) 'example_short_circuit_decorator' retrieved from /home/sneha/spotify_airflow_project/venv/lib/python3.12/site-packages/airflow/example_dags/example_short_circuit_decorator.py
[2025-12-10T12:04:08.474+0530] {logging_mixin.py:190} INFO - [2025-12-10T12:04:08.473+0530] {dag.py:3239} INFO - Sync 1 DAGs
[2025-12-10T12:04:08.486+0530] {logging_mixin.py:190} INFO - [2025-12-10T12:04:08.486+0530] {dag.py:4180} INFO - Setting next_dagrun for example_short_circuit_decorator to None, run_after=None
[2025-12-10T12:04:08.504+0530] {processor.py:208} INFO - Processing /home/sneha/spotify_airflow_project/venv/lib/python3.12/site-packages/airflow/example_dags/example_short_circuit_decorator.py took 0.068 seconds
[2025-12-10T12:05:01.863+0530] {processor.py:186} INFO - Started process (PID=11485) to work on /home/sneha/spotify_airflow_project/venv/lib/python3.12/site-packages/airflow/example_dags/example_short_circuit_decorator.py
[2025-12-10T12:05:01.864+0530] {processor.py:914} INFO - Processing file /home/sneha/spotify_airflow_project/venv/lib/python3.12/site-packages/airflow/example_dags/example_short_circuit_decorator.py for tasks to queue
[2025-12-10T12:05:01.866+0530] {logging_mixin.py:190} INFO - [2025-12-10T12:05:01.865+0530] {dagbag.py:588} INFO - Filling up the DagBag from /home/sneha/spotify_airflow_project/venv/lib/python3.12/site-packages/airflow/example_dags/example_short_circuit_decorator.py
[2025-12-10T12:05:01.875+0530] {processor.py:925} INFO - DAG(s) 'example_short_circuit_decorator' retrieved from /home/sneha/spotify_airflow_project/venv/lib/python3.12/site-packages/airflow/example_dags/example_short_circuit_decorator.py
[2025-12-10T12:05:01.892+0530] {logging_mixin.py:190} INFO - [2025-12-10T12:05:01.892+0530] {dag.py:3239} INFO - Sync 1 DAGs
[2025-12-10T12:05:01.903+0530] {logging_mixin.py:190} INFO - [2025-12-10T12:05:01.903+0530] {dag.py:4180} INFO - Setting next_dagrun for example_short_circuit_decorator to None, run_after=None
[2025-12-10T12:05:01.921+0530] {processor.py:208} INFO - Processing /home/sneha/spotify_airflow_project/venv/lib/python3.12/site-packages/airflow/example_dags/example_short_circuit_decorator.py took 0.067 seconds
[2025-12-10T12:05:56.600+0530] {processor.py:186} INFO - Started process (PID=11666) to work on /home/sneha/spotify_airflow_project/venv/lib/python3.12/site-packages/airflow/example_dags/example_short_circuit_decorator.py
[2025-12-10T12:05:56.602+0530] {processor.py:914} INFO - Processing file /home/sneha/spotify_airflow_project/venv/lib/python3.12/site-packages/airflow/example_dags/example_short_circuit_decorator.py for tasks to queue
[2025-12-10T12:05:56.605+0530] {logging_mixin.py:190} INFO - [2025-12-10T12:05:56.604+0530] {dagbag.py:588} INFO - Filling up the DagBag from /home/sneha/spotify_airflow_project/venv/lib/python3.12/site-packages/airflow/example_dags/example_short_circuit_decorator.py
[2025-12-10T12:05:56.617+0530] {processor.py:925} INFO - DAG(s) 'example_short_circuit_decorator' retrieved from /home/sneha/spotify_airflow_project/venv/lib/python3.12/site-packages/airflow/example_dags/example_short_circuit_decorator.py
[2025-12-10T12:05:56.641+0530] {logging_mixin.py:190} INFO - [2025-12-10T12:05:56.641+0530] {dag.py:3239} INFO - Sync 1 DAGs
[2025-12-10T12:05:56.657+0530] {logging_mixin.py:190} INFO - [2025-12-10T12:05:56.657+0530] {dag.py:4180} INFO - Setting next_dagrun for example_short_circuit_decorator to None, run_after=None
[2025-12-10T12:05:56.679+0530] {processor.py:208} INFO - Processing /home/sneha/spotify_airflow_project/venv/lib/python3.12/site-packages/airflow/example_dags/example_short_circuit_decorator.py took 0.088 seconds
[2025-12-10T12:06:47.724+0530] {processor.py:186} INFO - Started process (PID=11841) to work on /home/sneha/spotify_airflow_project/venv/lib/python3.12/site-packages/airflow/example_dags/example_short_circuit_decorator.py
[2025-12-10T12:06:47.725+0530] {processor.py:914} INFO - Processing file /home/sneha/spotify_airflow_project/venv/lib/python3.12/site-packages/airflow/example_dags/example_short_circuit_decorator.py for tasks to queue
[2025-12-10T12:06:47.728+0530] {logging_mixin.py:190} INFO - [2025-12-10T12:06:47.728+0530] {dagbag.py:588} INFO - Filling up the DagBag from /home/sneha/spotify_airflow_project/venv/lib/python3.12/site-packages/airflow/example_dags/example_short_circuit_decorator.py
[2025-12-10T12:06:47.746+0530] {processor.py:925} INFO - DAG(s) 'example_short_circuit_decorator' retrieved from /home/sneha/spotify_airflow_project/venv/lib/python3.12/site-packages/airflow/example_dags/example_short_circuit_decorator.py
[2025-12-10T12:06:47.766+0530] {logging_mixin.py:190} INFO - [2025-12-10T12:06:47.765+0530] {dag.py:3239} INFO - Sync 1 DAGs
[2025-12-10T12:06:47.785+0530] {logging_mixin.py:190} INFO - [2025-12-10T12:06:47.784+0530] {dag.py:4180} INFO - Setting next_dagrun for example_short_circuit_decorator to None, run_after=None
[2025-12-10T12:06:47.818+0530] {processor.py:208} INFO - Processing /home/sneha/spotify_airflow_project/venv/lib/python3.12/site-packages/airflow/example_dags/example_short_circuit_decorator.py took 0.102 seconds
[2025-12-10T12:07:44.618+0530] {processor.py:186} INFO - Started process (PID=11929) to work on /home/sneha/spotify_airflow_project/venv/lib/python3.12/site-packages/airflow/example_dags/example_short_circuit_decorator.py
[2025-12-10T12:07:44.628+0530] {processor.py:914} INFO - Processing file /home/sneha/spotify_airflow_project/venv/lib/python3.12/site-packages/airflow/example_dags/example_short_circuit_decorator.py for tasks to queue
[2025-12-10T12:07:44.631+0530] {logging_mixin.py:190} INFO - [2025-12-10T12:07:44.630+0530] {dagbag.py:588} INFO - Filling up the DagBag from /home/sneha/spotify_airflow_project/venv/lib/python3.12/site-packages/airflow/example_dags/example_short_circuit_decorator.py
[2025-12-10T12:07:44.760+0530] {processor.py:925} INFO - DAG(s) 'example_short_circuit_decorator' retrieved from /home/sneha/spotify_airflow_project/venv/lib/python3.12/site-packages/airflow/example_dags/example_short_circuit_decorator.py
[2025-12-10T12:07:44.776+0530] {logging_mixin.py:190} INFO - [2025-12-10T12:07:44.776+0530] {dag.py:3239} INFO - Sync 1 DAGs
[2025-12-10T12:07:44.787+0530] {logging_mixin.py:190} INFO - [2025-12-10T12:07:44.786+0530] {dag.py:4180} INFO - Setting next_dagrun for example_short_circuit_decorator to None, run_after=None
[2025-12-10T12:07:44.807+0530] {processor.py:208} INFO - Processing /home/sneha/spotify_airflow_project/venv/lib/python3.12/site-packages/airflow/example_dags/example_short_circuit_decorator.py took 0.199 seconds
[2025-12-10T12:08:40.325+0530] {processor.py:186} INFO - Started process (PID=11997) to work on /home/sneha/spotify_airflow_project/venv/lib/python3.12/site-packages/airflow/example_dags/example_short_circuit_decorator.py
[2025-12-10T12:08:40.326+0530] {processor.py:914} INFO - Processing file /home/sneha/spotify_airflow_project/venv/lib/python3.12/site-packages/airflow/example_dags/example_short_circuit_decorator.py for tasks to queue
[2025-12-10T12:08:40.329+0530] {logging_mixin.py:190} INFO - [2025-12-10T12:08:40.328+0530] {dagbag.py:588} INFO - Filling up the DagBag from /home/sneha/spotify_airflow_project/venv/lib/python3.12/site-packages/airflow/example_dags/example_short_circuit_decorator.py
[2025-12-10T12:08:40.340+0530] {processor.py:925} INFO - DAG(s) 'example_short_circuit_decorator' retrieved from /home/sneha/spotify_airflow_project/venv/lib/python3.12/site-packages/airflow/example_dags/example_short_circuit_decorator.py
[2025-12-10T12:08:40.362+0530] {logging_mixin.py:190} INFO - [2025-12-10T12:08:40.362+0530] {dag.py:3239} INFO - Sync 1 DAGs
[2025-12-10T12:08:40.376+0530] {logging_mixin.py:190} INFO - [2025-12-10T12:08:40.376+0530] {dag.py:4180} INFO - Setting next_dagrun for example_short_circuit_decorator to None, run_after=None
[2025-12-10T12:08:40.397+0530] {processor.py:208} INFO - Processing /home/sneha/spotify_airflow_project/venv/lib/python3.12/site-packages/airflow/example_dags/example_short_circuit_decorator.py took 0.080 seconds
[2025-12-10T12:09:35.618+0530] {processor.py:186} INFO - Started process (PID=12172) to work on /home/sneha/spotify_airflow_project/venv/lib/python3.12/site-packages/airflow/example_dags/example_short_circuit_decorator.py
[2025-12-10T12:09:35.619+0530] {processor.py:914} INFO - Processing file /home/sneha/spotify_airflow_project/venv/lib/python3.12/site-packages/airflow/example_dags/example_short_circuit_decorator.py for tasks to queue
[2025-12-10T12:09:35.621+0530] {logging_mixin.py:190} INFO - [2025-12-10T12:09:35.621+0530] {dagbag.py:588} INFO - Filling up the DagBag from /home/sneha/spotify_airflow_project/venv/lib/python3.12/site-packages/airflow/example_dags/example_short_circuit_decorator.py
[2025-12-10T12:09:35.631+0530] {processor.py:925} INFO - DAG(s) 'example_short_circuit_decorator' retrieved from /home/sneha/spotify_airflow_project/venv/lib/python3.12/site-packages/airflow/example_dags/example_short_circuit_decorator.py
[2025-12-10T12:09:35.648+0530] {logging_mixin.py:190} INFO - [2025-12-10T12:09:35.648+0530] {dag.py:3239} INFO - Sync 1 DAGs
[2025-12-10T12:09:35.660+0530] {logging_mixin.py:190} INFO - [2025-12-10T12:09:35.659+0530] {dag.py:4180} INFO - Setting next_dagrun for example_short_circuit_decorator to None, run_after=None
[2025-12-10T12:09:35.681+0530] {processor.py:208} INFO - Processing /home/sneha/spotify_airflow_project/venv/lib/python3.12/site-packages/airflow/example_dags/example_short_circuit_decorator.py took 0.071 seconds
[2025-12-10T12:10:28.468+0530] {processor.py:186} INFO - Started process (PID=12231) to work on /home/sneha/spotify_airflow_project/venv/lib/python3.12/site-packages/airflow/example_dags/example_short_circuit_decorator.py
[2025-12-10T12:10:28.469+0530] {processor.py:914} INFO - Processing file /home/sneha/spotify_airflow_project/venv/lib/python3.12/site-packages/airflow/example_dags/example_short_circuit_decorator.py for tasks to queue
[2025-12-10T12:10:28.471+0530] {logging_mixin.py:190} INFO - [2025-12-10T12:10:28.470+0530] {dagbag.py:588} INFO - Filling up the DagBag from /home/sneha/spotify_airflow_project/venv/lib/python3.12/site-packages/airflow/example_dags/example_short_circuit_decorator.py
[2025-12-10T12:10:28.480+0530] {processor.py:925} INFO - DAG(s) 'example_short_circuit_decorator' retrieved from /home/sneha/spotify_airflow_project/venv/lib/python3.12/site-packages/airflow/example_dags/example_short_circuit_decorator.py
[2025-12-10T12:10:28.501+0530] {logging_mixin.py:190} INFO - [2025-12-10T12:10:28.501+0530] {dag.py:3239} INFO - Sync 1 DAGs
[2025-12-10T12:10:28.513+0530] {logging_mixin.py:190} INFO - [2025-12-10T12:10:28.512+0530] {dag.py:4180} INFO - Setting next_dagrun for example_short_circuit_decorator to None, run_after=None
[2025-12-10T12:10:28.530+0530] {processor.py:208} INFO - Processing /home/sneha/spotify_airflow_project/venv/lib/python3.12/site-packages/airflow/example_dags/example_short_circuit_decorator.py took 0.074 seconds
[2025-12-10T12:11:24.454+0530] {processor.py:186} INFO - Started process (PID=12360) to work on /home/sneha/spotify_airflow_project/venv/lib/python3.12/site-packages/airflow/example_dags/example_short_circuit_decorator.py
[2025-12-10T12:11:24.455+0530] {processor.py:914} INFO - Processing file /home/sneha/spotify_airflow_project/venv/lib/python3.12/site-packages/airflow/example_dags/example_short_circuit_decorator.py for tasks to queue
[2025-12-10T12:11:24.457+0530] {logging_mixin.py:190} INFO - [2025-12-10T12:11:24.456+0530] {dagbag.py:588} INFO - Filling up the DagBag from /home/sneha/spotify_airflow_project/venv/lib/python3.12/site-packages/airflow/example_dags/example_short_circuit_decorator.py
[2025-12-10T12:11:24.466+0530] {processor.py:925} INFO - DAG(s) 'example_short_circuit_decorator' retrieved from /home/sneha/spotify_airflow_project/venv/lib/python3.12/site-packages/airflow/example_dags/example_short_circuit_decorator.py
[2025-12-10T12:11:24.483+0530] {logging_mixin.py:190} INFO - [2025-12-10T12:11:24.483+0530] {dag.py:3239} INFO - Sync 1 DAGs
[2025-12-10T12:11:24.496+0530] {logging_mixin.py:190} INFO - [2025-12-10T12:11:24.495+0530] {dag.py:4180} INFO - Setting next_dagrun for example_short_circuit_decorator to None, run_after=None
[2025-12-10T12:11:24.516+0530] {processor.py:208} INFO - Processing /home/sneha/spotify_airflow_project/venv/lib/python3.12/site-packages/airflow/example_dags/example_short_circuit_decorator.py took 0.073 seconds
[2025-12-10T12:12:13.985+0530] {processor.py:186} INFO - Started process (PID=12442) to work on /home/sneha/spotify_airflow_project/venv/lib/python3.12/site-packages/airflow/example_dags/example_short_circuit_decorator.py
[2025-12-10T12:12:13.986+0530] {processor.py:914} INFO - Processing file /home/sneha/spotify_airflow_project/venv/lib/python3.12/site-packages/airflow/example_dags/example_short_circuit_decorator.py for tasks to queue
[2025-12-10T12:12:13.988+0530] {logging_mixin.py:190} INFO - [2025-12-10T12:12:13.988+0530] {dagbag.py:588} INFO - Filling up the DagBag from /home/sneha/spotify_airflow_project/venv/lib/python3.12/site-packages/airflow/example_dags/example_short_circuit_decorator.py
[2025-12-10T12:12:13.998+0530] {processor.py:925} INFO - DAG(s) 'example_short_circuit_decorator' retrieved from /home/sneha/spotify_airflow_project/venv/lib/python3.12/site-packages/airflow/example_dags/example_short_circuit_decorator.py
[2025-12-10T12:12:14.015+0530] {logging_mixin.py:190} INFO - [2025-12-10T12:12:14.015+0530] {dag.py:3239} INFO - Sync 1 DAGs
[2025-12-10T12:12:14.027+0530] {logging_mixin.py:190} INFO - [2025-12-10T12:12:14.027+0530] {dag.py:4180} INFO - Setting next_dagrun for example_short_circuit_decorator to None, run_after=None
[2025-12-10T12:12:14.044+0530] {processor.py:208} INFO - Processing /home/sneha/spotify_airflow_project/venv/lib/python3.12/site-packages/airflow/example_dags/example_short_circuit_decorator.py took 0.070 seconds
[2025-12-10T12:13:03.499+0530] {processor.py:186} INFO - Started process (PID=12524) to work on /home/sneha/spotify_airflow_project/venv/lib/python3.12/site-packages/airflow/example_dags/example_short_circuit_decorator.py
[2025-12-10T12:13:03.500+0530] {processor.py:914} INFO - Processing file /home/sneha/spotify_airflow_project/venv/lib/python3.12/site-packages/airflow/example_dags/example_short_circuit_decorator.py for tasks to queue
[2025-12-10T12:13:03.503+0530] {logging_mixin.py:190} INFO - [2025-12-10T12:13:03.502+0530] {dagbag.py:588} INFO - Filling up the DagBag from /home/sneha/spotify_airflow_project/venv/lib/python3.12/site-packages/airflow/example_dags/example_short_circuit_decorator.py
[2025-12-10T12:13:03.512+0530] {processor.py:925} INFO - DAG(s) 'example_short_circuit_decorator' retrieved from /home/sneha/spotify_airflow_project/venv/lib/python3.12/site-packages/airflow/example_dags/example_short_circuit_decorator.py
[2025-12-10T12:13:03.530+0530] {logging_mixin.py:190} INFO - [2025-12-10T12:13:03.529+0530] {dag.py:3239} INFO - Sync 1 DAGs
[2025-12-10T12:13:03.541+0530] {logging_mixin.py:190} INFO - [2025-12-10T12:13:03.541+0530] {dag.py:4180} INFO - Setting next_dagrun for example_short_circuit_decorator to None, run_after=None
[2025-12-10T12:13:03.560+0530] {processor.py:208} INFO - Processing /home/sneha/spotify_airflow_project/venv/lib/python3.12/site-packages/airflow/example_dags/example_short_circuit_decorator.py took 0.071 seconds
[2025-12-10T12:13:55.277+0530] {processor.py:186} INFO - Started process (PID=12630) to work on /home/sneha/spotify_airflow_project/venv/lib/python3.12/site-packages/airflow/example_dags/example_short_circuit_decorator.py
[2025-12-10T12:13:55.278+0530] {processor.py:914} INFO - Processing file /home/sneha/spotify_airflow_project/venv/lib/python3.12/site-packages/airflow/example_dags/example_short_circuit_decorator.py for tasks to queue
[2025-12-10T12:13:55.280+0530] {logging_mixin.py:190} INFO - [2025-12-10T12:13:55.280+0530] {dagbag.py:588} INFO - Filling up the DagBag from /home/sneha/spotify_airflow_project/venv/lib/python3.12/site-packages/airflow/example_dags/example_short_circuit_decorator.py
[2025-12-10T12:13:55.289+0530] {processor.py:925} INFO - DAG(s) 'example_short_circuit_decorator' retrieved from /home/sneha/spotify_airflow_project/venv/lib/python3.12/site-packages/airflow/example_dags/example_short_circuit_decorator.py
[2025-12-10T12:13:55.307+0530] {logging_mixin.py:190} INFO - [2025-12-10T12:13:55.307+0530] {dag.py:3239} INFO - Sync 1 DAGs
[2025-12-10T12:13:55.320+0530] {logging_mixin.py:190} INFO - [2025-12-10T12:13:55.319+0530] {dag.py:4180} INFO - Setting next_dagrun for example_short_circuit_decorator to None, run_after=None
[2025-12-10T12:13:55.339+0530] {processor.py:208} INFO - Processing /home/sneha/spotify_airflow_project/venv/lib/python3.12/site-packages/airflow/example_dags/example_short_circuit_decorator.py took 0.073 seconds
[2025-12-10T12:14:47.075+0530] {processor.py:186} INFO - Started process (PID=12696) to work on /home/sneha/spotify_airflow_project/venv/lib/python3.12/site-packages/airflow/example_dags/example_short_circuit_decorator.py
[2025-12-10T12:14:47.077+0530] {processor.py:914} INFO - Processing file /home/sneha/spotify_airflow_project/venv/lib/python3.12/site-packages/airflow/example_dags/example_short_circuit_decorator.py for tasks to queue
[2025-12-10T12:14:47.080+0530] {logging_mixin.py:190} INFO - [2025-12-10T12:14:47.079+0530] {dagbag.py:588} INFO - Filling up the DagBag from /home/sneha/spotify_airflow_project/venv/lib/python3.12/site-packages/airflow/example_dags/example_short_circuit_decorator.py
[2025-12-10T12:14:47.090+0530] {processor.py:925} INFO - DAG(s) 'example_short_circuit_decorator' retrieved from /home/sneha/spotify_airflow_project/venv/lib/python3.12/site-packages/airflow/example_dags/example_short_circuit_decorator.py
[2025-12-10T12:14:47.108+0530] {logging_mixin.py:190} INFO - [2025-12-10T12:14:47.108+0530] {dag.py:3239} INFO - Sync 1 DAGs
[2025-12-10T12:14:47.120+0530] {logging_mixin.py:190} INFO - [2025-12-10T12:14:47.120+0530] {dag.py:4180} INFO - Setting next_dagrun for example_short_circuit_decorator to None, run_after=None
[2025-12-10T12:14:47.141+0530] {processor.py:208} INFO - Processing /home/sneha/spotify_airflow_project/venv/lib/python3.12/site-packages/airflow/example_dags/example_short_circuit_decorator.py took 0.076 seconds
[2025-12-10T12:15:38.385+0530] {processor.py:186} INFO - Started process (PID=12813) to work on /home/sneha/spotify_airflow_project/venv/lib/python3.12/site-packages/airflow/example_dags/example_short_circuit_decorator.py
[2025-12-10T12:15:38.386+0530] {processor.py:914} INFO - Processing file /home/sneha/spotify_airflow_project/venv/lib/python3.12/site-packages/airflow/example_dags/example_short_circuit_decorator.py for tasks to queue
[2025-12-10T12:15:38.388+0530] {logging_mixin.py:190} INFO - [2025-12-10T12:15:38.388+0530] {dagbag.py:588} INFO - Filling up the DagBag from /home/sneha/spotify_airflow_project/venv/lib/python3.12/site-packages/airflow/example_dags/example_short_circuit_decorator.py
[2025-12-10T12:15:38.397+0530] {processor.py:925} INFO - DAG(s) 'example_short_circuit_decorator' retrieved from /home/sneha/spotify_airflow_project/venv/lib/python3.12/site-packages/airflow/example_dags/example_short_circuit_decorator.py
[2025-12-10T12:15:38.415+0530] {logging_mixin.py:190} INFO - [2025-12-10T12:15:38.415+0530] {dag.py:3239} INFO - Sync 1 DAGs
[2025-12-10T12:15:38.427+0530] {logging_mixin.py:190} INFO - [2025-12-10T12:15:38.426+0530] {dag.py:4180} INFO - Setting next_dagrun for example_short_circuit_decorator to None, run_after=None
[2025-12-10T12:15:38.444+0530] {processor.py:208} INFO - Processing /home/sneha/spotify_airflow_project/venv/lib/python3.12/site-packages/airflow/example_dags/example_short_circuit_decorator.py took 0.070 seconds
[2025-12-10T12:16:28.042+0530] {processor.py:186} INFO - Started process (PID=12866) to work on /home/sneha/spotify_airflow_project/venv/lib/python3.12/site-packages/airflow/example_dags/example_short_circuit_decorator.py
[2025-12-10T12:16:28.043+0530] {processor.py:914} INFO - Processing file /home/sneha/spotify_airflow_project/venv/lib/python3.12/site-packages/airflow/example_dags/example_short_circuit_decorator.py for tasks to queue
[2025-12-10T12:16:28.045+0530] {logging_mixin.py:190} INFO - [2025-12-10T12:16:28.044+0530] {dagbag.py:588} INFO - Filling up the DagBag from /home/sneha/spotify_airflow_project/venv/lib/python3.12/site-packages/airflow/example_dags/example_short_circuit_decorator.py
[2025-12-10T12:16:28.058+0530] {processor.py:925} INFO - DAG(s) 'example_short_circuit_decorator' retrieved from /home/sneha/spotify_airflow_project/venv/lib/python3.12/site-packages/airflow/example_dags/example_short_circuit_decorator.py
[2025-12-10T12:16:28.077+0530] {logging_mixin.py:190} INFO - [2025-12-10T12:16:28.077+0530] {dag.py:3239} INFO - Sync 1 DAGs
[2025-12-10T12:16:28.089+0530] {logging_mixin.py:190} INFO - [2025-12-10T12:16:28.088+0530] {dag.py:4180} INFO - Setting next_dagrun for example_short_circuit_decorator to None, run_after=None
[2025-12-10T12:16:28.106+0530] {processor.py:208} INFO - Processing /home/sneha/spotify_airflow_project/venv/lib/python3.12/site-packages/airflow/example_dags/example_short_circuit_decorator.py took 0.075 seconds
[2025-12-10T12:17:20.528+0530] {processor.py:186} INFO - Started process (PID=12954) to work on /home/sneha/spotify_airflow_project/venv/lib/python3.12/site-packages/airflow/example_dags/example_short_circuit_decorator.py
[2025-12-10T12:17:20.539+0530] {processor.py:914} INFO - Processing file /home/sneha/spotify_airflow_project/venv/lib/python3.12/site-packages/airflow/example_dags/example_short_circuit_decorator.py for tasks to queue
[2025-12-10T12:17:20.541+0530] {logging_mixin.py:190} INFO - [2025-12-10T12:17:20.541+0530] {dagbag.py:588} INFO - Filling up the DagBag from /home/sneha/spotify_airflow_project/venv/lib/python3.12/site-packages/airflow/example_dags/example_short_circuit_decorator.py
[2025-12-10T12:17:20.552+0530] {processor.py:925} INFO - DAG(s) 'example_short_circuit_decorator' retrieved from /home/sneha/spotify_airflow_project/venv/lib/python3.12/site-packages/airflow/example_dags/example_short_circuit_decorator.py
[2025-12-10T12:17:20.569+0530] {logging_mixin.py:190} INFO - [2025-12-10T12:17:20.569+0530] {dag.py:3239} INFO - Sync 1 DAGs
[2025-12-10T12:17:20.580+0530] {logging_mixin.py:190} INFO - [2025-12-10T12:17:20.580+0530] {dag.py:4180} INFO - Setting next_dagrun for example_short_circuit_decorator to None, run_after=None
[2025-12-10T12:17:20.601+0530] {processor.py:208} INFO - Processing /home/sneha/spotify_airflow_project/venv/lib/python3.12/site-packages/airflow/example_dags/example_short_circuit_decorator.py took 0.083 seconds
[2025-12-10T12:18:14.008+0530] {processor.py:186} INFO - Started process (PID=13010) to work on /home/sneha/spotify_airflow_project/venv/lib/python3.12/site-packages/airflow/example_dags/example_short_circuit_decorator.py
[2025-12-10T12:18:14.009+0530] {processor.py:914} INFO - Processing file /home/sneha/spotify_airflow_project/venv/lib/python3.12/site-packages/airflow/example_dags/example_short_circuit_decorator.py for tasks to queue
[2025-12-10T12:18:14.011+0530] {logging_mixin.py:190} INFO - [2025-12-10T12:18:14.011+0530] {dagbag.py:588} INFO - Filling up the DagBag from /home/sneha/spotify_airflow_project/venv/lib/python3.12/site-packages/airflow/example_dags/example_short_circuit_decorator.py
[2025-12-10T12:18:14.021+0530] {processor.py:925} INFO - DAG(s) 'example_short_circuit_decorator' retrieved from /home/sneha/spotify_airflow_project/venv/lib/python3.12/site-packages/airflow/example_dags/example_short_circuit_decorator.py
[2025-12-10T12:18:14.039+0530] {logging_mixin.py:190} INFO - [2025-12-10T12:18:14.039+0530] {dag.py:3239} INFO - Sync 1 DAGs
[2025-12-10T12:18:14.053+0530] {logging_mixin.py:190} INFO - [2025-12-10T12:18:14.053+0530] {dag.py:4180} INFO - Setting next_dagrun for example_short_circuit_decorator to None, run_after=None
[2025-12-10T12:18:14.072+0530] {processor.py:208} INFO - Processing /home/sneha/spotify_airflow_project/venv/lib/python3.12/site-packages/airflow/example_dags/example_short_circuit_decorator.py took 0.069 seconds
[2025-12-10T12:19:08.051+0530] {processor.py:186} INFO - Started process (PID=13066) to work on /home/sneha/spotify_airflow_project/venv/lib/python3.12/site-packages/airflow/example_dags/example_short_circuit_decorator.py
[2025-12-10T12:19:08.052+0530] {processor.py:914} INFO - Processing file /home/sneha/spotify_airflow_project/venv/lib/python3.12/site-packages/airflow/example_dags/example_short_circuit_decorator.py for tasks to queue
[2025-12-10T12:19:08.054+0530] {logging_mixin.py:190} INFO - [2025-12-10T12:19:08.054+0530] {dagbag.py:588} INFO - Filling up the DagBag from /home/sneha/spotify_airflow_project/venv/lib/python3.12/site-packages/airflow/example_dags/example_short_circuit_decorator.py
[2025-12-10T12:19:08.063+0530] {processor.py:925} INFO - DAG(s) 'example_short_circuit_decorator' retrieved from /home/sneha/spotify_airflow_project/venv/lib/python3.12/site-packages/airflow/example_dags/example_short_circuit_decorator.py
[2025-12-10T12:19:08.081+0530] {logging_mixin.py:190} INFO - [2025-12-10T12:19:08.080+0530] {dag.py:3239} INFO - Sync 1 DAGs
[2025-12-10T12:19:08.092+0530] {logging_mixin.py:190} INFO - [2025-12-10T12:19:08.092+0530] {dag.py:4180} INFO - Setting next_dagrun for example_short_circuit_decorator to None, run_after=None
[2025-12-10T12:19:08.109+0530] {processor.py:208} INFO - Processing /home/sneha/spotify_airflow_project/venv/lib/python3.12/site-packages/airflow/example_dags/example_short_circuit_decorator.py took 0.070 seconds
[2025-12-10T12:19:59.981+0530] {processor.py:186} INFO - Started process (PID=13122) to work on /home/sneha/spotify_airflow_project/venv/lib/python3.12/site-packages/airflow/example_dags/example_short_circuit_decorator.py
[2025-12-10T12:19:59.982+0530] {processor.py:914} INFO - Processing file /home/sneha/spotify_airflow_project/venv/lib/python3.12/site-packages/airflow/example_dags/example_short_circuit_decorator.py for tasks to queue
[2025-12-10T12:19:59.984+0530] {logging_mixin.py:190} INFO - [2025-12-10T12:19:59.984+0530] {dagbag.py:588} INFO - Filling up the DagBag from /home/sneha/spotify_airflow_project/venv/lib/python3.12/site-packages/airflow/example_dags/example_short_circuit_decorator.py
[2025-12-10T12:19:59.994+0530] {processor.py:925} INFO - DAG(s) 'example_short_circuit_decorator' retrieved from /home/sneha/spotify_airflow_project/venv/lib/python3.12/site-packages/airflow/example_dags/example_short_circuit_decorator.py
[2025-12-10T12:20:00.011+0530] {logging_mixin.py:190} INFO - [2025-12-10T12:20:00.011+0530] {dag.py:3239} INFO - Sync 1 DAGs
[2025-12-10T12:20:00.023+0530] {logging_mixin.py:190} INFO - [2025-12-10T12:20:00.023+0530] {dag.py:4180} INFO - Setting next_dagrun for example_short_circuit_decorator to None, run_after=None
[2025-12-10T12:20:00.046+0530] {processor.py:208} INFO - Processing /home/sneha/spotify_airflow_project/venv/lib/python3.12/site-packages/airflow/example_dags/example_short_circuit_decorator.py took 0.075 seconds
[2025-12-10T12:20:50.514+0530] {processor.py:186} INFO - Started process (PID=13184) to work on /home/sneha/spotify_airflow_project/venv/lib/python3.12/site-packages/airflow/example_dags/example_short_circuit_decorator.py
[2025-12-10T12:20:50.515+0530] {processor.py:914} INFO - Processing file /home/sneha/spotify_airflow_project/venv/lib/python3.12/site-packages/airflow/example_dags/example_short_circuit_decorator.py for tasks to queue
[2025-12-10T12:20:50.517+0530] {logging_mixin.py:190} INFO - [2025-12-10T12:20:50.516+0530] {dagbag.py:588} INFO - Filling up the DagBag from /home/sneha/spotify_airflow_project/venv/lib/python3.12/site-packages/airflow/example_dags/example_short_circuit_decorator.py
[2025-12-10T12:20:50.526+0530] {processor.py:925} INFO - DAG(s) 'example_short_circuit_decorator' retrieved from /home/sneha/spotify_airflow_project/venv/lib/python3.12/site-packages/airflow/example_dags/example_short_circuit_decorator.py
[2025-12-10T12:20:50.544+0530] {logging_mixin.py:190} INFO - [2025-12-10T12:20:50.543+0530] {dag.py:3239} INFO - Sync 1 DAGs
[2025-12-10T12:20:50.555+0530] {logging_mixin.py:190} INFO - [2025-12-10T12:20:50.555+0530] {dag.py:4180} INFO - Setting next_dagrun for example_short_circuit_decorator to None, run_after=None
[2025-12-10T12:20:50.573+0530] {processor.py:208} INFO - Processing /home/sneha/spotify_airflow_project/venv/lib/python3.12/site-packages/airflow/example_dags/example_short_circuit_decorator.py took 0.065 seconds
[2025-12-10T12:21:43.375+0530] {processor.py:186} INFO - Started process (PID=13344) to work on /home/sneha/spotify_airflow_project/venv/lib/python3.12/site-packages/airflow/example_dags/example_short_circuit_decorator.py
[2025-12-10T12:21:43.386+0530] {processor.py:914} INFO - Processing file /home/sneha/spotify_airflow_project/venv/lib/python3.12/site-packages/airflow/example_dags/example_short_circuit_decorator.py for tasks to queue
[2025-12-10T12:21:43.389+0530] {logging_mixin.py:190} INFO - [2025-12-10T12:21:43.388+0530] {dagbag.py:588} INFO - Filling up the DagBag from /home/sneha/spotify_airflow_project/venv/lib/python3.12/site-packages/airflow/example_dags/example_short_circuit_decorator.py
[2025-12-10T12:21:43.399+0530] {processor.py:925} INFO - DAG(s) 'example_short_circuit_decorator' retrieved from /home/sneha/spotify_airflow_project/venv/lib/python3.12/site-packages/airflow/example_dags/example_short_circuit_decorator.py
[2025-12-10T12:21:43.416+0530] {logging_mixin.py:190} INFO - [2025-12-10T12:21:43.416+0530] {dag.py:3239} INFO - Sync 1 DAGs
[2025-12-10T12:21:43.427+0530] {logging_mixin.py:190} INFO - [2025-12-10T12:21:43.427+0530] {dag.py:4180} INFO - Setting next_dagrun for example_short_circuit_decorator to None, run_after=None
[2025-12-10T12:21:43.445+0530] {processor.py:208} INFO - Processing /home/sneha/spotify_airflow_project/venv/lib/python3.12/site-packages/airflow/example_dags/example_short_circuit_decorator.py took 0.081 seconds
[2025-12-10T12:22:36.319+0530] {processor.py:186} INFO - Started process (PID=13597) to work on /home/sneha/spotify_airflow_project/venv/lib/python3.12/site-packages/airflow/example_dags/example_short_circuit_decorator.py
[2025-12-10T12:22:36.320+0530] {processor.py:914} INFO - Processing file /home/sneha/spotify_airflow_project/venv/lib/python3.12/site-packages/airflow/example_dags/example_short_circuit_decorator.py for tasks to queue
[2025-12-10T12:22:36.322+0530] {logging_mixin.py:190} INFO - [2025-12-10T12:22:36.322+0530] {dagbag.py:588} INFO - Filling up the DagBag from /home/sneha/spotify_airflow_project/venv/lib/python3.12/site-packages/airflow/example_dags/example_short_circuit_decorator.py
[2025-12-10T12:22:36.332+0530] {processor.py:925} INFO - DAG(s) 'example_short_circuit_decorator' retrieved from /home/sneha/spotify_airflow_project/venv/lib/python3.12/site-packages/airflow/example_dags/example_short_circuit_decorator.py
[2025-12-10T12:22:36.349+0530] {logging_mixin.py:190} INFO - [2025-12-10T12:22:36.349+0530] {dag.py:3239} INFO - Sync 1 DAGs
[2025-12-10T12:22:36.361+0530] {logging_mixin.py:190} INFO - [2025-12-10T12:22:36.360+0530] {dag.py:4180} INFO - Setting next_dagrun for example_short_circuit_decorator to None, run_after=None
[2025-12-10T12:22:36.379+0530] {processor.py:208} INFO - Processing /home/sneha/spotify_airflow_project/venv/lib/python3.12/site-packages/airflow/example_dags/example_short_circuit_decorator.py took 0.067 seconds
[2025-12-10T12:23:29.377+0530] {processor.py:186} INFO - Started process (PID=13652) to work on /home/sneha/spotify_airflow_project/venv/lib/python3.12/site-packages/airflow/example_dags/example_short_circuit_decorator.py
[2025-12-10T12:23:29.387+0530] {processor.py:914} INFO - Processing file /home/sneha/spotify_airflow_project/venv/lib/python3.12/site-packages/airflow/example_dags/example_short_circuit_decorator.py for tasks to queue
[2025-12-10T12:23:29.390+0530] {logging_mixin.py:190} INFO - [2025-12-10T12:23:29.390+0530] {dagbag.py:588} INFO - Filling up the DagBag from /home/sneha/spotify_airflow_project/venv/lib/python3.12/site-packages/airflow/example_dags/example_short_circuit_decorator.py
[2025-12-10T12:23:29.401+0530] {processor.py:925} INFO - DAG(s) 'example_short_circuit_decorator' retrieved from /home/sneha/spotify_airflow_project/venv/lib/python3.12/site-packages/airflow/example_dags/example_short_circuit_decorator.py
[2025-12-10T12:23:29.419+0530] {logging_mixin.py:190} INFO - [2025-12-10T12:23:29.419+0530] {dag.py:3239} INFO - Sync 1 DAGs
[2025-12-10T12:23:29.430+0530] {logging_mixin.py:190} INFO - [2025-12-10T12:23:29.430+0530] {dag.py:4180} INFO - Setting next_dagrun for example_short_circuit_decorator to None, run_after=None
[2025-12-10T12:23:29.448+0530] {processor.py:208} INFO - Processing /home/sneha/spotify_airflow_project/venv/lib/python3.12/site-packages/airflow/example_dags/example_short_circuit_decorator.py took 0.081 seconds
[2025-12-10T12:24:21.410+0530] {processor.py:186} INFO - Started process (PID=13709) to work on /home/sneha/spotify_airflow_project/venv/lib/python3.12/site-packages/airflow/example_dags/example_short_circuit_decorator.py
[2025-12-10T12:24:21.420+0530] {processor.py:914} INFO - Processing file /home/sneha/spotify_airflow_project/venv/lib/python3.12/site-packages/airflow/example_dags/example_short_circuit_decorator.py for tasks to queue
[2025-12-10T12:24:21.423+0530] {logging_mixin.py:190} INFO - [2025-12-10T12:24:21.423+0530] {dagbag.py:588} INFO - Filling up the DagBag from /home/sneha/spotify_airflow_project/venv/lib/python3.12/site-packages/airflow/example_dags/example_short_circuit_decorator.py
[2025-12-10T12:24:21.435+0530] {processor.py:925} INFO - DAG(s) 'example_short_circuit_decorator' retrieved from /home/sneha/spotify_airflow_project/venv/lib/python3.12/site-packages/airflow/example_dags/example_short_circuit_decorator.py
[2025-12-10T12:24:21.454+0530] {logging_mixin.py:190} INFO - [2025-12-10T12:24:21.454+0530] {dag.py:3239} INFO - Sync 1 DAGs
[2025-12-10T12:24:21.467+0530] {logging_mixin.py:190} INFO - [2025-12-10T12:24:21.467+0530] {dag.py:4180} INFO - Setting next_dagrun for example_short_circuit_decorator to None, run_after=None
[2025-12-10T12:24:21.486+0530] {processor.py:208} INFO - Processing /home/sneha/spotify_airflow_project/venv/lib/python3.12/site-packages/airflow/example_dags/example_short_circuit_decorator.py took 0.086 seconds
