[2025-12-10T12:02:30.386+0530] {processor.py:186} INFO - Started process (PID=11207) to work on /home/sneha/spotify_airflow_project/venv/lib/python3.12/site-packages/airflow/example_dags/example_nested_branch_dag.py
[2025-12-10T12:02:30.387+0530] {processor.py:914} INFO - Processing file /home/sneha/spotify_airflow_project/venv/lib/python3.12/site-packages/airflow/example_dags/example_nested_branch_dag.py for tasks to queue
[2025-12-10T12:02:30.389+0530] {logging_mixin.py:190} INFO - [2025-12-10T12:02:30.389+0530] {dagbag.py:588} INFO - Filling up the DagBag from /home/sneha/spotify_airflow_project/venv/lib/python3.12/site-packages/airflow/example_dags/example_nested_branch_dag.py
[2025-12-10T12:02:30.403+0530] {processor.py:925} INFO - DAG(s) 'example_nested_branch_dag' retrieved from /home/sneha/spotify_airflow_project/venv/lib/python3.12/site-packages/airflow/example_dags/example_nested_branch_dag.py
[2025-12-10T12:02:30.492+0530] {logging_mixin.py:190} INFO - [2025-12-10T12:02:30.491+0530] {override.py:1900} INFO - Created Permission View: can read on DAG:example_nested_branch_dag
[2025-12-10T12:02:30.500+0530] {logging_mixin.py:190} INFO - [2025-12-10T12:02:30.500+0530] {override.py:1900} INFO - Created Permission View: can delete on DAG:example_nested_branch_dag
[2025-12-10T12:02:30.506+0530] {logging_mixin.py:190} INFO - [2025-12-10T12:02:30.506+0530] {override.py:1900} INFO - Created Permission View: can edit on DAG:example_nested_branch_dag
[2025-12-10T12:02:30.514+0530] {logging_mixin.py:190} INFO - [2025-12-10T12:02:30.514+0530] {override.py:1900} INFO - Created Permission View: can read on DAG Run:example_nested_branch_dag
[2025-12-10T12:02:30.520+0530] {logging_mixin.py:190} INFO - [2025-12-10T12:02:30.520+0530] {override.py:1900} INFO - Created Permission View: can delete on DAG Run:example_nested_branch_dag
[2025-12-10T12:02:30.526+0530] {logging_mixin.py:190} INFO - [2025-12-10T12:02:30.525+0530] {override.py:1900} INFO - Created Permission View: menu access on DAG Run:example_nested_branch_dag
[2025-12-10T12:02:30.531+0530] {logging_mixin.py:190} INFO - [2025-12-10T12:02:30.531+0530] {override.py:1900} INFO - Created Permission View: can create on DAG Run:example_nested_branch_dag
[2025-12-10T12:02:30.532+0530] {logging_mixin.py:190} INFO - [2025-12-10T12:02:30.531+0530] {dag.py:3239} INFO - Sync 1 DAGs
[2025-12-10T12:02:30.542+0530] {logging_mixin.py:190} INFO - [2025-12-10T12:02:30.542+0530] {dag.py:3262} INFO - Creating ORM DAG for example_nested_branch_dag
[2025-12-10T12:02:30.550+0530] {logging_mixin.py:190} INFO - [2025-12-10T12:02:30.550+0530] {dag.py:4180} INFO - Setting next_dagrun for example_nested_branch_dag to 2025-12-09 00:00:00+00:00, run_after=2025-12-10 00:00:00+00:00
[2025-12-10T12:02:30.566+0530] {processor.py:208} INFO - Processing /home/sneha/spotify_airflow_project/venv/lib/python3.12/site-packages/airflow/example_dags/example_nested_branch_dag.py took 0.185 seconds
[2025-12-10T12:03:30.399+0530] {processor.py:186} INFO - Started process (PID=11358) to work on /home/sneha/spotify_airflow_project/venv/lib/python3.12/site-packages/airflow/example_dags/example_nested_branch_dag.py
[2025-12-10T12:03:30.400+0530] {processor.py:914} INFO - Processing file /home/sneha/spotify_airflow_project/venv/lib/python3.12/site-packages/airflow/example_dags/example_nested_branch_dag.py for tasks to queue
[2025-12-10T12:03:30.402+0530] {logging_mixin.py:190} INFO - [2025-12-10T12:03:30.402+0530] {dagbag.py:588} INFO - Filling up the DagBag from /home/sneha/spotify_airflow_project/venv/lib/python3.12/site-packages/airflow/example_dags/example_nested_branch_dag.py
[2025-12-10T12:03:30.413+0530] {processor.py:925} INFO - DAG(s) 'example_nested_branch_dag' retrieved from /home/sneha/spotify_airflow_project/venv/lib/python3.12/site-packages/airflow/example_dags/example_nested_branch_dag.py
[2025-12-10T12:03:30.429+0530] {logging_mixin.py:190} INFO - [2025-12-10T12:03:30.429+0530] {dag.py:3239} INFO - Sync 1 DAGs
[2025-12-10T12:03:30.448+0530] {logging_mixin.py:190} INFO - [2025-12-10T12:03:30.448+0530] {dag.py:4180} INFO - Setting next_dagrun for example_nested_branch_dag to 2025-12-09 00:00:00+00:00, run_after=2025-12-10 00:00:00+00:00
[2025-12-10T12:03:30.465+0530] {processor.py:208} INFO - Processing /home/sneha/spotify_airflow_project/venv/lib/python3.12/site-packages/airflow/example_dags/example_nested_branch_dag.py took 0.076 seconds
[2025-12-10T12:04:25.854+0530] {processor.py:186} INFO - Started process (PID=11441) to work on /home/sneha/spotify_airflow_project/venv/lib/python3.12/site-packages/airflow/example_dags/example_nested_branch_dag.py
[2025-12-10T12:04:25.865+0530] {processor.py:914} INFO - Processing file /home/sneha/spotify_airflow_project/venv/lib/python3.12/site-packages/airflow/example_dags/example_nested_branch_dag.py for tasks to queue
[2025-12-10T12:04:25.867+0530] {logging_mixin.py:190} INFO - [2025-12-10T12:04:25.866+0530] {dagbag.py:588} INFO - Filling up the DagBag from /home/sneha/spotify_airflow_project/venv/lib/python3.12/site-packages/airflow/example_dags/example_nested_branch_dag.py
[2025-12-10T12:04:25.879+0530] {processor.py:925} INFO - DAG(s) 'example_nested_branch_dag' retrieved from /home/sneha/spotify_airflow_project/venv/lib/python3.12/site-packages/airflow/example_dags/example_nested_branch_dag.py
[2025-12-10T12:04:25.895+0530] {logging_mixin.py:190} INFO - [2025-12-10T12:04:25.895+0530] {dag.py:3239} INFO - Sync 1 DAGs
[2025-12-10T12:04:25.914+0530] {logging_mixin.py:190} INFO - [2025-12-10T12:04:25.914+0530] {dag.py:4180} INFO - Setting next_dagrun for example_nested_branch_dag to 2025-12-09 00:00:00+00:00, run_after=2025-12-10 00:00:00+00:00
[2025-12-10T12:04:25.934+0530] {processor.py:208} INFO - Processing /home/sneha/spotify_airflow_project/venv/lib/python3.12/site-packages/airflow/example_dags/example_nested_branch_dag.py took 0.086 seconds
[2025-12-10T12:05:22.447+0530] {processor.py:186} INFO - Started process (PID=11512) to work on /home/sneha/spotify_airflow_project/venv/lib/python3.12/site-packages/airflow/example_dags/example_nested_branch_dag.py
[2025-12-10T12:05:22.448+0530] {processor.py:914} INFO - Processing file /home/sneha/spotify_airflow_project/venv/lib/python3.12/site-packages/airflow/example_dags/example_nested_branch_dag.py for tasks to queue
[2025-12-10T12:05:22.450+0530] {logging_mixin.py:190} INFO - [2025-12-10T12:05:22.449+0530] {dagbag.py:588} INFO - Filling up the DagBag from /home/sneha/spotify_airflow_project/venv/lib/python3.12/site-packages/airflow/example_dags/example_nested_branch_dag.py
[2025-12-10T12:05:22.464+0530] {processor.py:925} INFO - DAG(s) 'example_nested_branch_dag' retrieved from /home/sneha/spotify_airflow_project/venv/lib/python3.12/site-packages/airflow/example_dags/example_nested_branch_dag.py
[2025-12-10T12:05:22.484+0530] {logging_mixin.py:190} INFO - [2025-12-10T12:05:22.483+0530] {dag.py:3239} INFO - Sync 1 DAGs
[2025-12-10T12:05:22.505+0530] {logging_mixin.py:190} INFO - [2025-12-10T12:05:22.505+0530] {dag.py:4180} INFO - Setting next_dagrun for example_nested_branch_dag to 2025-12-09 00:00:00+00:00, run_after=2025-12-10 00:00:00+00:00
[2025-12-10T12:05:22.523+0530] {processor.py:208} INFO - Processing /home/sneha/spotify_airflow_project/venv/lib/python3.12/site-packages/airflow/example_dags/example_nested_branch_dag.py took 0.085 seconds
[2025-12-10T12:06:15.678+0530] {processor.py:186} INFO - Started process (PID=11803) to work on /home/sneha/spotify_airflow_project/venv/lib/python3.12/site-packages/airflow/example_dags/example_nested_branch_dag.py
[2025-12-10T12:06:15.679+0530] {processor.py:914} INFO - Processing file /home/sneha/spotify_airflow_project/venv/lib/python3.12/site-packages/airflow/example_dags/example_nested_branch_dag.py for tasks to queue
[2025-12-10T12:06:15.681+0530] {logging_mixin.py:190} INFO - [2025-12-10T12:06:15.681+0530] {dagbag.py:588} INFO - Filling up the DagBag from /home/sneha/spotify_airflow_project/venv/lib/python3.12/site-packages/airflow/example_dags/example_nested_branch_dag.py
[2025-12-10T12:06:15.692+0530] {processor.py:925} INFO - DAG(s) 'example_nested_branch_dag' retrieved from /home/sneha/spotify_airflow_project/venv/lib/python3.12/site-packages/airflow/example_dags/example_nested_branch_dag.py
[2025-12-10T12:06:15.709+0530] {logging_mixin.py:190} INFO - [2025-12-10T12:06:15.709+0530] {dag.py:3239} INFO - Sync 1 DAGs
[2025-12-10T12:06:15.728+0530] {logging_mixin.py:190} INFO - [2025-12-10T12:06:15.728+0530] {dag.py:4180} INFO - Setting next_dagrun for example_nested_branch_dag to 2025-12-09 00:00:00+00:00, run_after=2025-12-10 00:00:00+00:00
[2025-12-10T12:06:15.746+0530] {processor.py:208} INFO - Processing /home/sneha/spotify_airflow_project/venv/lib/python3.12/site-packages/airflow/example_dags/example_nested_branch_dag.py took 0.074 seconds
[2025-12-10T12:07:09.740+0530] {processor.py:186} INFO - Started process (PID=11891) to work on /home/sneha/spotify_airflow_project/venv/lib/python3.12/site-packages/airflow/example_dags/example_nested_branch_dag.py
[2025-12-10T12:07:09.741+0530] {processor.py:914} INFO - Processing file /home/sneha/spotify_airflow_project/venv/lib/python3.12/site-packages/airflow/example_dags/example_nested_branch_dag.py for tasks to queue
[2025-12-10T12:07:09.743+0530] {logging_mixin.py:190} INFO - [2025-12-10T12:07:09.743+0530] {dagbag.py:588} INFO - Filling up the DagBag from /home/sneha/spotify_airflow_project/venv/lib/python3.12/site-packages/airflow/example_dags/example_nested_branch_dag.py
[2025-12-10T12:07:09.754+0530] {processor.py:925} INFO - DAG(s) 'example_nested_branch_dag' retrieved from /home/sneha/spotify_airflow_project/venv/lib/python3.12/site-packages/airflow/example_dags/example_nested_branch_dag.py
[2025-12-10T12:07:09.770+0530] {logging_mixin.py:190} INFO - [2025-12-10T12:07:09.770+0530] {dag.py:3239} INFO - Sync 1 DAGs
[2025-12-10T12:07:09.897+0530] {logging_mixin.py:190} INFO - [2025-12-10T12:07:09.897+0530] {dag.py:4180} INFO - Setting next_dagrun for example_nested_branch_dag to 2025-12-09 00:00:00+00:00, run_after=2025-12-10 00:00:00+00:00
[2025-12-10T12:07:09.912+0530] {processor.py:208} INFO - Processing /home/sneha/spotify_airflow_project/venv/lib/python3.12/site-packages/airflow/example_dags/example_nested_branch_dag.py took 0.182 seconds
[2025-12-10T12:08:11.623+0530] {processor.py:186} INFO - Started process (PID=11958) to work on /home/sneha/spotify_airflow_project/venv/lib/python3.12/site-packages/airflow/example_dags/example_nested_branch_dag.py
[2025-12-10T12:08:11.624+0530] {processor.py:914} INFO - Processing file /home/sneha/spotify_airflow_project/venv/lib/python3.12/site-packages/airflow/example_dags/example_nested_branch_dag.py for tasks to queue
[2025-12-10T12:08:11.626+0530] {logging_mixin.py:190} INFO - [2025-12-10T12:08:11.626+0530] {dagbag.py:588} INFO - Filling up the DagBag from /home/sneha/spotify_airflow_project/venv/lib/python3.12/site-packages/airflow/example_dags/example_nested_branch_dag.py
[2025-12-10T12:08:11.638+0530] {processor.py:925} INFO - DAG(s) 'example_nested_branch_dag' retrieved from /home/sneha/spotify_airflow_project/venv/lib/python3.12/site-packages/airflow/example_dags/example_nested_branch_dag.py
[2025-12-10T12:08:11.657+0530] {logging_mixin.py:190} INFO - [2025-12-10T12:08:11.657+0530] {dag.py:3239} INFO - Sync 1 DAGs
[2025-12-10T12:08:11.678+0530] {logging_mixin.py:190} INFO - [2025-12-10T12:08:11.678+0530] {dag.py:4180} INFO - Setting next_dagrun for example_nested_branch_dag to 2025-12-09 00:00:00+00:00, run_after=2025-12-10 00:00:00+00:00
[2025-12-10T12:08:11.696+0530] {processor.py:208} INFO - Processing /home/sneha/spotify_airflow_project/venv/lib/python3.12/site-packages/airflow/example_dags/example_nested_branch_dag.py took 0.084 seconds
[2025-12-10T12:09:06.148+0530] {processor.py:186} INFO - Started process (PID=12108) to work on /home/sneha/spotify_airflow_project/venv/lib/python3.12/site-packages/airflow/example_dags/example_nested_branch_dag.py
[2025-12-10T12:09:06.149+0530] {processor.py:914} INFO - Processing file /home/sneha/spotify_airflow_project/venv/lib/python3.12/site-packages/airflow/example_dags/example_nested_branch_dag.py for tasks to queue
[2025-12-10T12:09:06.151+0530] {logging_mixin.py:190} INFO - [2025-12-10T12:09:06.151+0530] {dagbag.py:588} INFO - Filling up the DagBag from /home/sneha/spotify_airflow_project/venv/lib/python3.12/site-packages/airflow/example_dags/example_nested_branch_dag.py
[2025-12-10T12:09:06.165+0530] {processor.py:925} INFO - DAG(s) 'example_nested_branch_dag' retrieved from /home/sneha/spotify_airflow_project/venv/lib/python3.12/site-packages/airflow/example_dags/example_nested_branch_dag.py
[2025-12-10T12:09:06.184+0530] {logging_mixin.py:190} INFO - [2025-12-10T12:09:06.184+0530] {dag.py:3239} INFO - Sync 1 DAGs
[2025-12-10T12:09:06.209+0530] {logging_mixin.py:190} INFO - [2025-12-10T12:09:06.209+0530] {dag.py:4180} INFO - Setting next_dagrun for example_nested_branch_dag to 2025-12-09 00:00:00+00:00, run_after=2025-12-10 00:00:00+00:00
[2025-12-10T12:09:06.231+0530] {processor.py:208} INFO - Processing /home/sneha/spotify_airflow_project/venv/lib/python3.12/site-packages/airflow/example_dags/example_nested_branch_dag.py took 0.091 seconds
[2025-12-10T12:10:00.008+0530] {processor.py:186} INFO - Started process (PID=12197) to work on /home/sneha/spotify_airflow_project/venv/lib/python3.12/site-packages/airflow/example_dags/example_nested_branch_dag.py
[2025-12-10T12:10:00.018+0530] {processor.py:914} INFO - Processing file /home/sneha/spotify_airflow_project/venv/lib/python3.12/site-packages/airflow/example_dags/example_nested_branch_dag.py for tasks to queue
[2025-12-10T12:10:00.021+0530] {logging_mixin.py:190} INFO - [2025-12-10T12:10:00.021+0530] {dagbag.py:588} INFO - Filling up the DagBag from /home/sneha/spotify_airflow_project/venv/lib/python3.12/site-packages/airflow/example_dags/example_nested_branch_dag.py
[2025-12-10T12:10:00.034+0530] {processor.py:925} INFO - DAG(s) 'example_nested_branch_dag' retrieved from /home/sneha/spotify_airflow_project/venv/lib/python3.12/site-packages/airflow/example_dags/example_nested_branch_dag.py
[2025-12-10T12:10:00.052+0530] {logging_mixin.py:190} INFO - [2025-12-10T12:10:00.052+0530] {dag.py:3239} INFO - Sync 1 DAGs
[2025-12-10T12:10:00.075+0530] {logging_mixin.py:190} INFO - [2025-12-10T12:10:00.075+0530] {dag.py:4180} INFO - Setting next_dagrun for example_nested_branch_dag to 2025-12-09 00:00:00+00:00, run_after=2025-12-10 00:00:00+00:00
[2025-12-10T12:10:00.097+0530] {processor.py:208} INFO - Processing /home/sneha/spotify_airflow_project/venv/lib/python3.12/site-packages/airflow/example_dags/example_nested_branch_dag.py took 0.097 seconds
[2025-12-10T12:10:54.788+0530] {processor.py:186} INFO - Started process (PID=12329) to work on /home/sneha/spotify_airflow_project/venv/lib/python3.12/site-packages/airflow/example_dags/example_nested_branch_dag.py
[2025-12-10T12:10:54.789+0530] {processor.py:914} INFO - Processing file /home/sneha/spotify_airflow_project/venv/lib/python3.12/site-packages/airflow/example_dags/example_nested_branch_dag.py for tasks to queue
[2025-12-10T12:10:54.791+0530] {logging_mixin.py:190} INFO - [2025-12-10T12:10:54.790+0530] {dagbag.py:588} INFO - Filling up the DagBag from /home/sneha/spotify_airflow_project/venv/lib/python3.12/site-packages/airflow/example_dags/example_nested_branch_dag.py
[2025-12-10T12:10:54.802+0530] {processor.py:925} INFO - DAG(s) 'example_nested_branch_dag' retrieved from /home/sneha/spotify_airflow_project/venv/lib/python3.12/site-packages/airflow/example_dags/example_nested_branch_dag.py
[2025-12-10T12:10:54.820+0530] {logging_mixin.py:190} INFO - [2025-12-10T12:10:54.820+0530] {dag.py:3239} INFO - Sync 1 DAGs
[2025-12-10T12:10:54.841+0530] {logging_mixin.py:190} INFO - [2025-12-10T12:10:54.841+0530] {dag.py:4180} INFO - Setting next_dagrun for example_nested_branch_dag to 2025-12-09 00:00:00+00:00, run_after=2025-12-10 00:00:00+00:00
[2025-12-10T12:10:54.865+0530] {processor.py:208} INFO - Processing /home/sneha/spotify_airflow_project/venv/lib/python3.12/site-packages/airflow/example_dags/example_nested_branch_dag.py took 0.089 seconds
[2025-12-10T12:11:46.859+0530] {processor.py:186} INFO - Started process (PID=12384) to work on /home/sneha/spotify_airflow_project/venv/lib/python3.12/site-packages/airflow/example_dags/example_nested_branch_dag.py
[2025-12-10T12:11:46.860+0530] {processor.py:914} INFO - Processing file /home/sneha/spotify_airflow_project/venv/lib/python3.12/site-packages/airflow/example_dags/example_nested_branch_dag.py for tasks to queue
[2025-12-10T12:11:46.862+0530] {logging_mixin.py:190} INFO - [2025-12-10T12:11:46.861+0530] {dagbag.py:588} INFO - Filling up the DagBag from /home/sneha/spotify_airflow_project/venv/lib/python3.12/site-packages/airflow/example_dags/example_nested_branch_dag.py
[2025-12-10T12:11:46.873+0530] {processor.py:925} INFO - DAG(s) 'example_nested_branch_dag' retrieved from /home/sneha/spotify_airflow_project/venv/lib/python3.12/site-packages/airflow/example_dags/example_nested_branch_dag.py
[2025-12-10T12:11:46.889+0530] {logging_mixin.py:190} INFO - [2025-12-10T12:11:46.889+0530] {dag.py:3239} INFO - Sync 1 DAGs
[2025-12-10T12:11:46.909+0530] {logging_mixin.py:190} INFO - [2025-12-10T12:11:46.909+0530] {dag.py:4180} INFO - Setting next_dagrun for example_nested_branch_dag to 2025-12-09 00:00:00+00:00, run_after=2025-12-10 00:00:00+00:00
[2025-12-10T12:11:46.926+0530] {processor.py:208} INFO - Processing /home/sneha/spotify_airflow_project/venv/lib/python3.12/site-packages/airflow/example_dags/example_nested_branch_dag.py took 0.077 seconds
[2025-12-10T12:12:37.242+0530] {processor.py:186} INFO - Started process (PID=12465) to work on /home/sneha/spotify_airflow_project/venv/lib/python3.12/site-packages/airflow/example_dags/example_nested_branch_dag.py
[2025-12-10T12:12:37.253+0530] {processor.py:914} INFO - Processing file /home/sneha/spotify_airflow_project/venv/lib/python3.12/site-packages/airflow/example_dags/example_nested_branch_dag.py for tasks to queue
[2025-12-10T12:12:37.255+0530] {logging_mixin.py:190} INFO - [2025-12-10T12:12:37.255+0530] {dagbag.py:588} INFO - Filling up the DagBag from /home/sneha/spotify_airflow_project/venv/lib/python3.12/site-packages/airflow/example_dags/example_nested_branch_dag.py
[2025-12-10T12:12:37.268+0530] {processor.py:925} INFO - DAG(s) 'example_nested_branch_dag' retrieved from /home/sneha/spotify_airflow_project/venv/lib/python3.12/site-packages/airflow/example_dags/example_nested_branch_dag.py
[2025-12-10T12:12:37.284+0530] {logging_mixin.py:190} INFO - [2025-12-10T12:12:37.283+0530] {dag.py:3239} INFO - Sync 1 DAGs
[2025-12-10T12:12:37.303+0530] {logging_mixin.py:190} INFO - [2025-12-10T12:12:37.303+0530] {dag.py:4180} INFO - Setting next_dagrun for example_nested_branch_dag to 2025-12-09 00:00:00+00:00, run_after=2025-12-10 00:00:00+00:00
[2025-12-10T12:12:37.320+0530] {processor.py:208} INFO - Processing /home/sneha/spotify_airflow_project/venv/lib/python3.12/site-packages/airflow/example_dags/example_nested_branch_dag.py took 0.089 seconds
[2025-12-10T12:13:28.641+0530] {processor.py:186} INFO - Started process (PID=12582) to work on /home/sneha/spotify_airflow_project/venv/lib/python3.12/site-packages/airflow/example_dags/example_nested_branch_dag.py
[2025-12-10T12:13:28.642+0530] {processor.py:914} INFO - Processing file /home/sneha/spotify_airflow_project/venv/lib/python3.12/site-packages/airflow/example_dags/example_nested_branch_dag.py for tasks to queue
[2025-12-10T12:13:28.644+0530] {logging_mixin.py:190} INFO - [2025-12-10T12:13:28.644+0530] {dagbag.py:588} INFO - Filling up the DagBag from /home/sneha/spotify_airflow_project/venv/lib/python3.12/site-packages/airflow/example_dags/example_nested_branch_dag.py
[2025-12-10T12:13:28.655+0530] {processor.py:925} INFO - DAG(s) 'example_nested_branch_dag' retrieved from /home/sneha/spotify_airflow_project/venv/lib/python3.12/site-packages/airflow/example_dags/example_nested_branch_dag.py
[2025-12-10T12:13:28.674+0530] {logging_mixin.py:190} INFO - [2025-12-10T12:13:28.673+0530] {dag.py:3239} INFO - Sync 1 DAGs
[2025-12-10T12:13:28.695+0530] {logging_mixin.py:190} INFO - [2025-12-10T12:13:28.695+0530] {dag.py:4180} INFO - Setting next_dagrun for example_nested_branch_dag to 2025-12-09 00:00:00+00:00, run_after=2025-12-10 00:00:00+00:00
[2025-12-10T12:13:28.715+0530] {processor.py:208} INFO - Processing /home/sneha/spotify_airflow_project/venv/lib/python3.12/site-packages/airflow/example_dags/example_nested_branch_dag.py took 0.084 seconds
[2025-12-10T12:14:19.492+0530] {processor.py:186} INFO - Started process (PID=12668) to work on /home/sneha/spotify_airflow_project/venv/lib/python3.12/site-packages/airflow/example_dags/example_nested_branch_dag.py
[2025-12-10T12:14:19.493+0530] {processor.py:914} INFO - Processing file /home/sneha/spotify_airflow_project/venv/lib/python3.12/site-packages/airflow/example_dags/example_nested_branch_dag.py for tasks to queue
[2025-12-10T12:14:19.495+0530] {logging_mixin.py:190} INFO - [2025-12-10T12:14:19.494+0530] {dagbag.py:588} INFO - Filling up the DagBag from /home/sneha/spotify_airflow_project/venv/lib/python3.12/site-packages/airflow/example_dags/example_nested_branch_dag.py
[2025-12-10T12:14:19.506+0530] {processor.py:925} INFO - DAG(s) 'example_nested_branch_dag' retrieved from /home/sneha/spotify_airflow_project/venv/lib/python3.12/site-packages/airflow/example_dags/example_nested_branch_dag.py
[2025-12-10T12:14:19.522+0530] {logging_mixin.py:190} INFO - [2025-12-10T12:14:19.522+0530] {dag.py:3239} INFO - Sync 1 DAGs
[2025-12-10T12:14:19.541+0530] {logging_mixin.py:190} INFO - [2025-12-10T12:14:19.541+0530] {dag.py:4180} INFO - Setting next_dagrun for example_nested_branch_dag to 2025-12-09 00:00:00+00:00, run_after=2025-12-10 00:00:00+00:00
[2025-12-10T12:14:19.558+0530] {processor.py:208} INFO - Processing /home/sneha/spotify_airflow_project/venv/lib/python3.12/site-packages/airflow/example_dags/example_nested_branch_dag.py took 0.077 seconds
[2025-12-10T12:15:09.066+0530] {processor.py:186} INFO - Started process (PID=12724) to work on /home/sneha/spotify_airflow_project/venv/lib/python3.12/site-packages/airflow/example_dags/example_nested_branch_dag.py
[2025-12-10T12:15:09.067+0530] {processor.py:914} INFO - Processing file /home/sneha/spotify_airflow_project/venv/lib/python3.12/site-packages/airflow/example_dags/example_nested_branch_dag.py for tasks to queue
[2025-12-10T12:15:09.070+0530] {logging_mixin.py:190} INFO - [2025-12-10T12:15:09.069+0530] {dagbag.py:588} INFO - Filling up the DagBag from /home/sneha/spotify_airflow_project/venv/lib/python3.12/site-packages/airflow/example_dags/example_nested_branch_dag.py
[2025-12-10T12:15:09.081+0530] {processor.py:925} INFO - DAG(s) 'example_nested_branch_dag' retrieved from /home/sneha/spotify_airflow_project/venv/lib/python3.12/site-packages/airflow/example_dags/example_nested_branch_dag.py
[2025-12-10T12:15:09.101+0530] {logging_mixin.py:190} INFO - [2025-12-10T12:15:09.100+0530] {dag.py:3239} INFO - Sync 1 DAGs
[2025-12-10T12:15:09.124+0530] {logging_mixin.py:190} INFO - [2025-12-10T12:15:09.124+0530] {dag.py:4180} INFO - Setting next_dagrun for example_nested_branch_dag to 2025-12-09 00:00:00+00:00, run_after=2025-12-10 00:00:00+00:00
[2025-12-10T12:15:09.148+0530] {processor.py:208} INFO - Processing /home/sneha/spotify_airflow_project/venv/lib/python3.12/site-packages/airflow/example_dags/example_nested_branch_dag.py took 0.088 seconds
[2025-12-10T12:16:00.673+0530] {processor.py:186} INFO - Started process (PID=12837) to work on /home/sneha/spotify_airflow_project/venv/lib/python3.12/site-packages/airflow/example_dags/example_nested_branch_dag.py
[2025-12-10T12:16:00.674+0530] {processor.py:914} INFO - Processing file /home/sneha/spotify_airflow_project/venv/lib/python3.12/site-packages/airflow/example_dags/example_nested_branch_dag.py for tasks to queue
[2025-12-10T12:16:00.676+0530] {logging_mixin.py:190} INFO - [2025-12-10T12:16:00.676+0530] {dagbag.py:588} INFO - Filling up the DagBag from /home/sneha/spotify_airflow_project/venv/lib/python3.12/site-packages/airflow/example_dags/example_nested_branch_dag.py
[2025-12-10T12:16:00.687+0530] {processor.py:925} INFO - DAG(s) 'example_nested_branch_dag' retrieved from /home/sneha/spotify_airflow_project/venv/lib/python3.12/site-packages/airflow/example_dags/example_nested_branch_dag.py
[2025-12-10T12:16:00.706+0530] {logging_mixin.py:190} INFO - [2025-12-10T12:16:00.706+0530] {dag.py:3239} INFO - Sync 1 DAGs
[2025-12-10T12:16:00.726+0530] {logging_mixin.py:190} INFO - [2025-12-10T12:16:00.726+0530] {dag.py:4180} INFO - Setting next_dagrun for example_nested_branch_dag to 2025-12-09 00:00:00+00:00, run_after=2025-12-10 00:00:00+00:00
[2025-12-10T12:16:00.744+0530] {processor.py:208} INFO - Processing /home/sneha/spotify_airflow_project/venv/lib/python3.12/site-packages/airflow/example_dags/example_nested_branch_dag.py took 0.078 seconds
[2025-12-10T12:16:53.496+0530] {processor.py:186} INFO - Started process (PID=12922) to work on /home/sneha/spotify_airflow_project/venv/lib/python3.12/site-packages/airflow/example_dags/example_nested_branch_dag.py
[2025-12-10T12:16:53.497+0530] {processor.py:914} INFO - Processing file /home/sneha/spotify_airflow_project/venv/lib/python3.12/site-packages/airflow/example_dags/example_nested_branch_dag.py for tasks to queue
[2025-12-10T12:16:53.499+0530] {logging_mixin.py:190} INFO - [2025-12-10T12:16:53.498+0530] {dagbag.py:588} INFO - Filling up the DagBag from /home/sneha/spotify_airflow_project/venv/lib/python3.12/site-packages/airflow/example_dags/example_nested_branch_dag.py
[2025-12-10T12:16:53.510+0530] {processor.py:925} INFO - DAG(s) 'example_nested_branch_dag' retrieved from /home/sneha/spotify_airflow_project/venv/lib/python3.12/site-packages/airflow/example_dags/example_nested_branch_dag.py
[2025-12-10T12:16:53.526+0530] {logging_mixin.py:190} INFO - [2025-12-10T12:16:53.526+0530] {dag.py:3239} INFO - Sync 1 DAGs
[2025-12-10T12:16:53.545+0530] {logging_mixin.py:190} INFO - [2025-12-10T12:16:53.545+0530] {dag.py:4180} INFO - Setting next_dagrun for example_nested_branch_dag to 2025-12-09 00:00:00+00:00, run_after=2025-12-10 00:00:00+00:00
[2025-12-10T12:16:53.562+0530] {processor.py:208} INFO - Processing /home/sneha/spotify_airflow_project/venv/lib/python3.12/site-packages/airflow/example_dags/example_nested_branch_dag.py took 0.076 seconds
[2025-12-10T12:17:44.989+0530] {processor.py:186} INFO - Started process (PID=12979) to work on /home/sneha/spotify_airflow_project/venv/lib/python3.12/site-packages/airflow/example_dags/example_nested_branch_dag.py
[2025-12-10T12:17:44.990+0530] {processor.py:914} INFO - Processing file /home/sneha/spotify_airflow_project/venv/lib/python3.12/site-packages/airflow/example_dags/example_nested_branch_dag.py for tasks to queue
[2025-12-10T12:17:44.992+0530] {logging_mixin.py:190} INFO - [2025-12-10T12:17:44.992+0530] {dagbag.py:588} INFO - Filling up the DagBag from /home/sneha/spotify_airflow_project/venv/lib/python3.12/site-packages/airflow/example_dags/example_nested_branch_dag.py
[2025-12-10T12:17:45.007+0530] {processor.py:925} INFO - DAG(s) 'example_nested_branch_dag' retrieved from /home/sneha/spotify_airflow_project/venv/lib/python3.12/site-packages/airflow/example_dags/example_nested_branch_dag.py
[2025-12-10T12:17:45.023+0530] {logging_mixin.py:190} INFO - [2025-12-10T12:17:45.023+0530] {dag.py:3239} INFO - Sync 1 DAGs
[2025-12-10T12:17:45.043+0530] {logging_mixin.py:190} INFO - [2025-12-10T12:17:45.043+0530] {dag.py:4180} INFO - Setting next_dagrun for example_nested_branch_dag to 2025-12-09 00:00:00+00:00, run_after=2025-12-10 00:00:00+00:00
[2025-12-10T12:17:45.063+0530] {processor.py:208} INFO - Processing /home/sneha/spotify_airflow_project/venv/lib/python3.12/site-packages/airflow/example_dags/example_nested_branch_dag.py took 0.081 seconds
[2025-12-10T12:18:38.840+0530] {processor.py:186} INFO - Started process (PID=13036) to work on /home/sneha/spotify_airflow_project/venv/lib/python3.12/site-packages/airflow/example_dags/example_nested_branch_dag.py
[2025-12-10T12:18:38.842+0530] {processor.py:914} INFO - Processing file /home/sneha/spotify_airflow_project/venv/lib/python3.12/site-packages/airflow/example_dags/example_nested_branch_dag.py for tasks to queue
[2025-12-10T12:18:38.844+0530] {logging_mixin.py:190} INFO - [2025-12-10T12:18:38.843+0530] {dagbag.py:588} INFO - Filling up the DagBag from /home/sneha/spotify_airflow_project/venv/lib/python3.12/site-packages/airflow/example_dags/example_nested_branch_dag.py
[2025-12-10T12:18:38.854+0530] {processor.py:925} INFO - DAG(s) 'example_nested_branch_dag' retrieved from /home/sneha/spotify_airflow_project/venv/lib/python3.12/site-packages/airflow/example_dags/example_nested_branch_dag.py
[2025-12-10T12:18:38.870+0530] {logging_mixin.py:190} INFO - [2025-12-10T12:18:38.870+0530] {dag.py:3239} INFO - Sync 1 DAGs
[2025-12-10T12:18:38.889+0530] {logging_mixin.py:190} INFO - [2025-12-10T12:18:38.889+0530] {dag.py:4180} INFO - Setting next_dagrun for example_nested_branch_dag to 2025-12-09 00:00:00+00:00, run_after=2025-12-10 00:00:00+00:00
[2025-12-10T12:18:38.906+0530] {processor.py:208} INFO - Processing /home/sneha/spotify_airflow_project/venv/lib/python3.12/site-packages/airflow/example_dags/example_nested_branch_dag.py took 0.077 seconds
[2025-12-10T12:19:31.579+0530] {processor.py:186} INFO - Started process (PID=13093) to work on /home/sneha/spotify_airflow_project/venv/lib/python3.12/site-packages/airflow/example_dags/example_nested_branch_dag.py
[2025-12-10T12:19:31.590+0530] {processor.py:914} INFO - Processing file /home/sneha/spotify_airflow_project/venv/lib/python3.12/site-packages/airflow/example_dags/example_nested_branch_dag.py for tasks to queue
[2025-12-10T12:19:31.593+0530] {logging_mixin.py:190} INFO - [2025-12-10T12:19:31.593+0530] {dagbag.py:588} INFO - Filling up the DagBag from /home/sneha/spotify_airflow_project/venv/lib/python3.12/site-packages/airflow/example_dags/example_nested_branch_dag.py
[2025-12-10T12:19:31.606+0530] {processor.py:925} INFO - DAG(s) 'example_nested_branch_dag' retrieved from /home/sneha/spotify_airflow_project/venv/lib/python3.12/site-packages/airflow/example_dags/example_nested_branch_dag.py
[2025-12-10T12:19:31.622+0530] {logging_mixin.py:190} INFO - [2025-12-10T12:19:31.622+0530] {dag.py:3239} INFO - Sync 1 DAGs
[2025-12-10T12:19:31.641+0530] {logging_mixin.py:190} INFO - [2025-12-10T12:19:31.641+0530] {dag.py:4180} INFO - Setting next_dagrun for example_nested_branch_dag to 2025-12-09 00:00:00+00:00, run_after=2025-12-10 00:00:00+00:00
[2025-12-10T12:19:31.658+0530] {processor.py:208} INFO - Processing /home/sneha/spotify_airflow_project/venv/lib/python3.12/site-packages/airflow/example_dags/example_nested_branch_dag.py took 0.090 seconds
[2025-12-10T12:20:22.828+0530] {processor.py:186} INFO - Started process (PID=13154) to work on /home/sneha/spotify_airflow_project/venv/lib/python3.12/site-packages/airflow/example_dags/example_nested_branch_dag.py
[2025-12-10T12:20:22.828+0530] {processor.py:914} INFO - Processing file /home/sneha/spotify_airflow_project/venv/lib/python3.12/site-packages/airflow/example_dags/example_nested_branch_dag.py for tasks to queue
[2025-12-10T12:20:22.830+0530] {logging_mixin.py:190} INFO - [2025-12-10T12:20:22.830+0530] {dagbag.py:588} INFO - Filling up the DagBag from /home/sneha/spotify_airflow_project/venv/lib/python3.12/site-packages/airflow/example_dags/example_nested_branch_dag.py
[2025-12-10T12:20:22.841+0530] {processor.py:925} INFO - DAG(s) 'example_nested_branch_dag' retrieved from /home/sneha/spotify_airflow_project/venv/lib/python3.12/site-packages/airflow/example_dags/example_nested_branch_dag.py
[2025-12-10T12:20:22.859+0530] {logging_mixin.py:190} INFO - [2025-12-10T12:20:22.859+0530] {dag.py:3239} INFO - Sync 1 DAGs
[2025-12-10T12:20:22.878+0530] {logging_mixin.py:190} INFO - [2025-12-10T12:20:22.878+0530] {dag.py:4180} INFO - Setting next_dagrun for example_nested_branch_dag to 2025-12-09 00:00:00+00:00, run_after=2025-12-10 00:00:00+00:00
[2025-12-10T12:20:22.897+0530] {processor.py:208} INFO - Processing /home/sneha/spotify_airflow_project/venv/lib/python3.12/site-packages/airflow/example_dags/example_nested_branch_dag.py took 0.075 seconds
[2025-12-10T12:21:15.317+0530] {processor.py:186} INFO - Started process (PID=13209) to work on /home/sneha/spotify_airflow_project/venv/lib/python3.12/site-packages/airflow/example_dags/example_nested_branch_dag.py
[2025-12-10T12:21:15.318+0530] {processor.py:914} INFO - Processing file /home/sneha/spotify_airflow_project/venv/lib/python3.12/site-packages/airflow/example_dags/example_nested_branch_dag.py for tasks to queue
[2025-12-10T12:21:15.320+0530] {logging_mixin.py:190} INFO - [2025-12-10T12:21:15.320+0530] {dagbag.py:588} INFO - Filling up the DagBag from /home/sneha/spotify_airflow_project/venv/lib/python3.12/site-packages/airflow/example_dags/example_nested_branch_dag.py
[2025-12-10T12:21:15.332+0530] {processor.py:925} INFO - DAG(s) 'example_nested_branch_dag' retrieved from /home/sneha/spotify_airflow_project/venv/lib/python3.12/site-packages/airflow/example_dags/example_nested_branch_dag.py
[2025-12-10T12:21:15.348+0530] {logging_mixin.py:190} INFO - [2025-12-10T12:21:15.348+0530] {dag.py:3239} INFO - Sync 1 DAGs
[2025-12-10T12:21:15.367+0530] {logging_mixin.py:190} INFO - [2025-12-10T12:21:15.367+0530] {dag.py:4180} INFO - Setting next_dagrun for example_nested_branch_dag to 2025-12-09 00:00:00+00:00, run_after=2025-12-10 00:00:00+00:00
[2025-12-10T12:21:15.385+0530] {processor.py:208} INFO - Processing /home/sneha/spotify_airflow_project/venv/lib/python3.12/site-packages/airflow/example_dags/example_nested_branch_dag.py took 0.075 seconds
[2025-12-10T12:22:08.195+0530] {processor.py:186} INFO - Started process (PID=13561) to work on /home/sneha/spotify_airflow_project/venv/lib/python3.12/site-packages/airflow/example_dags/example_nested_branch_dag.py
[2025-12-10T12:22:08.196+0530] {processor.py:914} INFO - Processing file /home/sneha/spotify_airflow_project/venv/lib/python3.12/site-packages/airflow/example_dags/example_nested_branch_dag.py for tasks to queue
[2025-12-10T12:22:08.198+0530] {logging_mixin.py:190} INFO - [2025-12-10T12:22:08.198+0530] {dagbag.py:588} INFO - Filling up the DagBag from /home/sneha/spotify_airflow_project/venv/lib/python3.12/site-packages/airflow/example_dags/example_nested_branch_dag.py
[2025-12-10T12:22:08.209+0530] {processor.py:925} INFO - DAG(s) 'example_nested_branch_dag' retrieved from /home/sneha/spotify_airflow_project/venv/lib/python3.12/site-packages/airflow/example_dags/example_nested_branch_dag.py
[2025-12-10T12:22:08.225+0530] {logging_mixin.py:190} INFO - [2025-12-10T12:22:08.225+0530] {dag.py:3239} INFO - Sync 1 DAGs
[2025-12-10T12:22:08.244+0530] {logging_mixin.py:190} INFO - [2025-12-10T12:22:08.244+0530] {dag.py:4180} INFO - Setting next_dagrun for example_nested_branch_dag to 2025-12-09 00:00:00+00:00, run_after=2025-12-10 00:00:00+00:00
[2025-12-10T12:22:08.262+0530] {processor.py:208} INFO - Processing /home/sneha/spotify_airflow_project/venv/lib/python3.12/site-packages/airflow/example_dags/example_nested_branch_dag.py took 0.076 seconds
[2025-12-10T12:22:59.993+0530] {processor.py:186} INFO - Started process (PID=13622) to work on /home/sneha/spotify_airflow_project/venv/lib/python3.12/site-packages/airflow/example_dags/example_nested_branch_dag.py
[2025-12-10T12:22:59.994+0530] {processor.py:914} INFO - Processing file /home/sneha/spotify_airflow_project/venv/lib/python3.12/site-packages/airflow/example_dags/example_nested_branch_dag.py for tasks to queue
[2025-12-10T12:22:59.996+0530] {logging_mixin.py:190} INFO - [2025-12-10T12:22:59.996+0530] {dagbag.py:588} INFO - Filling up the DagBag from /home/sneha/spotify_airflow_project/venv/lib/python3.12/site-packages/airflow/example_dags/example_nested_branch_dag.py
[2025-12-10T12:23:00.007+0530] {processor.py:925} INFO - DAG(s) 'example_nested_branch_dag' retrieved from /home/sneha/spotify_airflow_project/venv/lib/python3.12/site-packages/airflow/example_dags/example_nested_branch_dag.py
[2025-12-10T12:23:00.024+0530] {logging_mixin.py:190} INFO - [2025-12-10T12:23:00.024+0530] {dag.py:3239} INFO - Sync 1 DAGs
[2025-12-10T12:23:00.043+0530] {logging_mixin.py:190} INFO - [2025-12-10T12:23:00.043+0530] {dag.py:4180} INFO - Setting next_dagrun for example_nested_branch_dag to 2025-12-09 00:00:00+00:00, run_after=2025-12-10 00:00:00+00:00
[2025-12-10T12:23:00.061+0530] {processor.py:208} INFO - Processing /home/sneha/spotify_airflow_project/venv/lib/python3.12/site-packages/airflow/example_dags/example_nested_branch_dag.py took 0.078 seconds
[2025-12-10T12:23:52.175+0530] {processor.py:186} INFO - Started process (PID=13678) to work on /home/sneha/spotify_airflow_project/venv/lib/python3.12/site-packages/airflow/example_dags/example_nested_branch_dag.py
[2025-12-10T12:23:52.176+0530] {processor.py:914} INFO - Processing file /home/sneha/spotify_airflow_project/venv/lib/python3.12/site-packages/airflow/example_dags/example_nested_branch_dag.py for tasks to queue
[2025-12-10T12:23:52.180+0530] {logging_mixin.py:190} INFO - [2025-12-10T12:23:52.179+0530] {dagbag.py:588} INFO - Filling up the DagBag from /home/sneha/spotify_airflow_project/venv/lib/python3.12/site-packages/airflow/example_dags/example_nested_branch_dag.py
[2025-12-10T12:23:52.195+0530] {processor.py:925} INFO - DAG(s) 'example_nested_branch_dag' retrieved from /home/sneha/spotify_airflow_project/venv/lib/python3.12/site-packages/airflow/example_dags/example_nested_branch_dag.py
[2025-12-10T12:23:52.214+0530] {logging_mixin.py:190} INFO - [2025-12-10T12:23:52.214+0530] {dag.py:3239} INFO - Sync 1 DAGs
[2025-12-10T12:23:52.236+0530] {logging_mixin.py:190} INFO - [2025-12-10T12:23:52.235+0530] {dag.py:4180} INFO - Setting next_dagrun for example_nested_branch_dag to 2025-12-09 00:00:00+00:00, run_after=2025-12-10 00:00:00+00:00
[2025-12-10T12:23:52.257+0530] {processor.py:208} INFO - Processing /home/sneha/spotify_airflow_project/venv/lib/python3.12/site-packages/airflow/example_dags/example_nested_branch_dag.py took 0.090 seconds
[2025-12-10T12:24:47.251+0530] {processor.py:186} INFO - Started process (PID=13740) to work on /home/sneha/spotify_airflow_project/venv/lib/python3.12/site-packages/airflow/example_dags/example_nested_branch_dag.py
[2025-12-10T12:24:47.252+0530] {processor.py:914} INFO - Processing file /home/sneha/spotify_airflow_project/venv/lib/python3.12/site-packages/airflow/example_dags/example_nested_branch_dag.py for tasks to queue
[2025-12-10T12:24:47.254+0530] {logging_mixin.py:190} INFO - [2025-12-10T12:24:47.253+0530] {dagbag.py:588} INFO - Filling up the DagBag from /home/sneha/spotify_airflow_project/venv/lib/python3.12/site-packages/airflow/example_dags/example_nested_branch_dag.py
[2025-12-10T12:24:47.265+0530] {processor.py:925} INFO - DAG(s) 'example_nested_branch_dag' retrieved from /home/sneha/spotify_airflow_project/venv/lib/python3.12/site-packages/airflow/example_dags/example_nested_branch_dag.py
[2025-12-10T12:24:47.281+0530] {logging_mixin.py:190} INFO - [2025-12-10T12:24:47.281+0530] {dag.py:3239} INFO - Sync 1 DAGs
[2025-12-10T12:24:47.302+0530] {logging_mixin.py:190} INFO - [2025-12-10T12:24:47.301+0530] {dag.py:4180} INFO - Setting next_dagrun for example_nested_branch_dag to 2025-12-09 00:00:00+00:00, run_after=2025-12-10 00:00:00+00:00
[2025-12-10T12:24:47.319+0530] {processor.py:208} INFO - Processing /home/sneha/spotify_airflow_project/venv/lib/python3.12/site-packages/airflow/example_dags/example_nested_branch_dag.py took 0.079 seconds
