[2025-12-10T12:02:27.811+0530] {processor.py:186} INFO - Started process (PID=11174) to work on /home/sneha/spotify_airflow_project/venv/lib/python3.12/site-packages/airflow/example_dags/example_external_task_marker_dag.py
[2025-12-10T12:02:27.813+0530] {processor.py:914} INFO - Processing file /home/sneha/spotify_airflow_project/venv/lib/python3.12/site-packages/airflow/example_dags/example_external_task_marker_dag.py for tasks to queue
[2025-12-10T12:02:27.818+0530] {logging_mixin.py:190} INFO - [2025-12-10T12:02:27.817+0530] {dagbag.py:588} INFO - Filling up the DagBag from /home/sneha/spotify_airflow_project/venv/lib/python3.12/site-packages/airflow/example_dags/example_external_task_marker_dag.py
[2025-12-10T12:02:27.839+0530] {processor.py:925} INFO - DAG(s) 'example_external_task_marker_child', 'example_external_task_marker_parent' retrieved from /home/sneha/spotify_airflow_project/venv/lib/python3.12/site-packages/airflow/example_dags/example_external_task_marker_dag.py
[2025-12-10T12:02:28.070+0530] {logging_mixin.py:190} INFO - [2025-12-10T12:02:28.069+0530] {override.py:1900} INFO - Created Permission View: can read on DAG:example_external_task_marker_child
[2025-12-10T12:02:28.091+0530] {logging_mixin.py:190} INFO - [2025-12-10T12:02:28.090+0530] {override.py:1900} INFO - Created Permission View: can delete on DAG:example_external_task_marker_child
[2025-12-10T12:02:28.107+0530] {logging_mixin.py:190} INFO - [2025-12-10T12:02:28.107+0530] {override.py:1900} INFO - Created Permission View: can edit on DAG:example_external_task_marker_child
[2025-12-10T12:02:28.126+0530] {logging_mixin.py:190} INFO - [2025-12-10T12:02:28.126+0530] {override.py:1900} INFO - Created Permission View: can read on DAG Run:example_external_task_marker_child
[2025-12-10T12:02:28.140+0530] {logging_mixin.py:190} INFO - [2025-12-10T12:02:28.140+0530] {override.py:1900} INFO - Created Permission View: can delete on DAG Run:example_external_task_marker_child
[2025-12-10T12:02:28.154+0530] {logging_mixin.py:190} INFO - [2025-12-10T12:02:28.153+0530] {override.py:1900} INFO - Created Permission View: menu access on DAG Run:example_external_task_marker_child
[2025-12-10T12:02:28.167+0530] {logging_mixin.py:190} INFO - [2025-12-10T12:02:28.166+0530] {override.py:1900} INFO - Created Permission View: can create on DAG Run:example_external_task_marker_child
[2025-12-10T12:02:28.188+0530] {logging_mixin.py:190} INFO - [2025-12-10T12:02:28.188+0530] {override.py:1900} INFO - Created Permission View: can read on DAG:example_external_task_marker_parent
[2025-12-10T12:02:28.199+0530] {logging_mixin.py:190} INFO - [2025-12-10T12:02:28.199+0530] {override.py:1900} INFO - Created Permission View: can delete on DAG:example_external_task_marker_parent
[2025-12-10T12:02:28.210+0530] {logging_mixin.py:190} INFO - [2025-12-10T12:02:28.209+0530] {override.py:1900} INFO - Created Permission View: can edit on DAG:example_external_task_marker_parent
[2025-12-10T12:02:28.228+0530] {logging_mixin.py:190} INFO - [2025-12-10T12:02:28.228+0530] {override.py:1900} INFO - Created Permission View: can read on DAG Run:example_external_task_marker_parent
[2025-12-10T12:02:28.239+0530] {logging_mixin.py:190} INFO - [2025-12-10T12:02:28.239+0530] {override.py:1900} INFO - Created Permission View: can delete on DAG Run:example_external_task_marker_parent
[2025-12-10T12:02:28.251+0530] {logging_mixin.py:190} INFO - [2025-12-10T12:02:28.251+0530] {override.py:1900} INFO - Created Permission View: menu access on DAG Run:example_external_task_marker_parent
[2025-12-10T12:02:28.262+0530] {logging_mixin.py:190} INFO - [2025-12-10T12:02:28.262+0530] {override.py:1900} INFO - Created Permission View: can create on DAG Run:example_external_task_marker_parent
[2025-12-10T12:02:28.263+0530] {logging_mixin.py:190} INFO - [2025-12-10T12:02:28.263+0530] {dag.py:3239} INFO - Sync 2 DAGs
[2025-12-10T12:02:28.279+0530] {logging_mixin.py:190} INFO - [2025-12-10T12:02:28.279+0530] {dag.py:3262} INFO - Creating ORM DAG for example_external_task_marker_parent
[2025-12-10T12:02:28.280+0530] {logging_mixin.py:190} INFO - [2025-12-10T12:02:28.280+0530] {dag.py:3262} INFO - Creating ORM DAG for example_external_task_marker_child
[2025-12-10T12:02:28.281+0530] {logging_mixin.py:190} INFO - [2025-12-10T12:02:28.281+0530] {dag.py:4180} INFO - Setting next_dagrun for example_external_task_marker_child to None, run_after=None
[2025-12-10T12:02:28.282+0530] {logging_mixin.py:190} INFO - [2025-12-10T12:02:28.282+0530] {dag.py:4180} INFO - Setting next_dagrun for example_external_task_marker_parent to None, run_after=None
[2025-12-10T12:02:28.304+0530] {processor.py:208} INFO - Processing /home/sneha/spotify_airflow_project/venv/lib/python3.12/site-packages/airflow/example_dags/example_external_task_marker_dag.py took 0.504 seconds
[2025-12-10T12:03:28.058+0530] {processor.py:186} INFO - Started process (PID=11355) to work on /home/sneha/spotify_airflow_project/venv/lib/python3.12/site-packages/airflow/example_dags/example_external_task_marker_dag.py
[2025-12-10T12:03:28.059+0530] {processor.py:914} INFO - Processing file /home/sneha/spotify_airflow_project/venv/lib/python3.12/site-packages/airflow/example_dags/example_external_task_marker_dag.py for tasks to queue
[2025-12-10T12:03:28.061+0530] {logging_mixin.py:190} INFO - [2025-12-10T12:03:28.061+0530] {dagbag.py:588} INFO - Filling up the DagBag from /home/sneha/spotify_airflow_project/venv/lib/python3.12/site-packages/airflow/example_dags/example_external_task_marker_dag.py
[2025-12-10T12:03:28.068+0530] {processor.py:925} INFO - DAG(s) 'example_external_task_marker_child', 'example_external_task_marker_parent' retrieved from /home/sneha/spotify_airflow_project/venv/lib/python3.12/site-packages/airflow/example_dags/example_external_task_marker_dag.py
[2025-12-10T12:03:28.085+0530] {logging_mixin.py:190} INFO - [2025-12-10T12:03:28.085+0530] {dag.py:3239} INFO - Sync 2 DAGs
[2025-12-10T12:03:28.097+0530] {logging_mixin.py:190} INFO - [2025-12-10T12:03:28.096+0530] {dag.py:4180} INFO - Setting next_dagrun for example_external_task_marker_child to None, run_after=None
[2025-12-10T12:03:28.100+0530] {logging_mixin.py:190} INFO - [2025-12-10T12:03:28.100+0530] {dag.py:4180} INFO - Setting next_dagrun for example_external_task_marker_parent to None, run_after=None
[2025-12-10T12:03:28.115+0530] {processor.py:208} INFO - Processing /home/sneha/spotify_airflow_project/venv/lib/python3.12/site-packages/airflow/example_dags/example_external_task_marker_dag.py took 0.067 seconds
[2025-12-10T12:04:23.757+0530] {processor.py:186} INFO - Started process (PID=11439) to work on /home/sneha/spotify_airflow_project/venv/lib/python3.12/site-packages/airflow/example_dags/example_external_task_marker_dag.py
[2025-12-10T12:04:23.758+0530] {processor.py:914} INFO - Processing file /home/sneha/spotify_airflow_project/venv/lib/python3.12/site-packages/airflow/example_dags/example_external_task_marker_dag.py for tasks to queue
[2025-12-10T12:04:23.760+0530] {logging_mixin.py:190} INFO - [2025-12-10T12:04:23.760+0530] {dagbag.py:588} INFO - Filling up the DagBag from /home/sneha/spotify_airflow_project/venv/lib/python3.12/site-packages/airflow/example_dags/example_external_task_marker_dag.py
[2025-12-10T12:04:23.767+0530] {processor.py:925} INFO - DAG(s) 'example_external_task_marker_parent', 'example_external_task_marker_child' retrieved from /home/sneha/spotify_airflow_project/venv/lib/python3.12/site-packages/airflow/example_dags/example_external_task_marker_dag.py
[2025-12-10T12:04:23.786+0530] {logging_mixin.py:190} INFO - [2025-12-10T12:04:23.785+0530] {dag.py:3239} INFO - Sync 2 DAGs
[2025-12-10T12:04:23.797+0530] {logging_mixin.py:190} INFO - [2025-12-10T12:04:23.797+0530] {dag.py:4180} INFO - Setting next_dagrun for example_external_task_marker_child to None, run_after=None
[2025-12-10T12:04:23.800+0530] {logging_mixin.py:190} INFO - [2025-12-10T12:04:23.800+0530] {dag.py:4180} INFO - Setting next_dagrun for example_external_task_marker_parent to None, run_after=None
[2025-12-10T12:04:23.817+0530] {processor.py:208} INFO - Processing /home/sneha/spotify_airflow_project/venv/lib/python3.12/site-packages/airflow/example_dags/example_external_task_marker_dag.py took 0.066 seconds
[2025-12-10T12:05:20.922+0530] {processor.py:186} INFO - Started process (PID=11510) to work on /home/sneha/spotify_airflow_project/venv/lib/python3.12/site-packages/airflow/example_dags/example_external_task_marker_dag.py
[2025-12-10T12:05:20.924+0530] {processor.py:914} INFO - Processing file /home/sneha/spotify_airflow_project/venv/lib/python3.12/site-packages/airflow/example_dags/example_external_task_marker_dag.py for tasks to queue
[2025-12-10T12:05:20.927+0530] {logging_mixin.py:190} INFO - [2025-12-10T12:05:20.926+0530] {dagbag.py:588} INFO - Filling up the DagBag from /home/sneha/spotify_airflow_project/venv/lib/python3.12/site-packages/airflow/example_dags/example_external_task_marker_dag.py
[2025-12-10T12:05:20.936+0530] {processor.py:925} INFO - DAG(s) 'example_external_task_marker_parent', 'example_external_task_marker_child' retrieved from /home/sneha/spotify_airflow_project/venv/lib/python3.12/site-packages/airflow/example_dags/example_external_task_marker_dag.py
[2025-12-10T12:05:20.958+0530] {logging_mixin.py:190} INFO - [2025-12-10T12:05:20.957+0530] {dag.py:3239} INFO - Sync 2 DAGs
[2025-12-10T12:05:20.978+0530] {logging_mixin.py:190} INFO - [2025-12-10T12:05:20.978+0530] {dag.py:4180} INFO - Setting next_dagrun for example_external_task_marker_child to None, run_after=None
[2025-12-10T12:05:20.983+0530] {logging_mixin.py:190} INFO - [2025-12-10T12:05:20.983+0530] {dag.py:4180} INFO - Setting next_dagrun for example_external_task_marker_parent to None, run_after=None
[2025-12-10T12:05:21.003+0530] {processor.py:208} INFO - Processing /home/sneha/spotify_airflow_project/venv/lib/python3.12/site-packages/airflow/example_dags/example_external_task_marker_dag.py took 0.087 seconds
[2025-12-10T12:06:13.364+0530] {processor.py:186} INFO - Started process (PID=11801) to work on /home/sneha/spotify_airflow_project/venv/lib/python3.12/site-packages/airflow/example_dags/example_external_task_marker_dag.py
[2025-12-10T12:06:13.365+0530] {processor.py:914} INFO - Processing file /home/sneha/spotify_airflow_project/venv/lib/python3.12/site-packages/airflow/example_dags/example_external_task_marker_dag.py for tasks to queue
[2025-12-10T12:06:13.368+0530] {logging_mixin.py:190} INFO - [2025-12-10T12:06:13.367+0530] {dagbag.py:588} INFO - Filling up the DagBag from /home/sneha/spotify_airflow_project/venv/lib/python3.12/site-packages/airflow/example_dags/example_external_task_marker_dag.py
[2025-12-10T12:06:13.375+0530] {processor.py:925} INFO - DAG(s) 'example_external_task_marker_child', 'example_external_task_marker_parent' retrieved from /home/sneha/spotify_airflow_project/venv/lib/python3.12/site-packages/airflow/example_dags/example_external_task_marker_dag.py
[2025-12-10T12:06:13.393+0530] {logging_mixin.py:190} INFO - [2025-12-10T12:06:13.393+0530] {dag.py:3239} INFO - Sync 2 DAGs
[2025-12-10T12:06:13.404+0530] {logging_mixin.py:190} INFO - [2025-12-10T12:06:13.404+0530] {dag.py:4180} INFO - Setting next_dagrun for example_external_task_marker_child to None, run_after=None
[2025-12-10T12:06:13.407+0530] {logging_mixin.py:190} INFO - [2025-12-10T12:06:13.407+0530] {dag.py:4180} INFO - Setting next_dagrun for example_external_task_marker_parent to None, run_after=None
[2025-12-10T12:06:13.425+0530] {processor.py:208} INFO - Processing /home/sneha/spotify_airflow_project/venv/lib/python3.12/site-packages/airflow/example_dags/example_external_task_marker_dag.py took 0.069 seconds
[2025-12-10T12:07:07.305+0530] {processor.py:186} INFO - Started process (PID=11888) to work on /home/sneha/spotify_airflow_project/venv/lib/python3.12/site-packages/airflow/example_dags/example_external_task_marker_dag.py
[2025-12-10T12:07:07.306+0530] {processor.py:914} INFO - Processing file /home/sneha/spotify_airflow_project/venv/lib/python3.12/site-packages/airflow/example_dags/example_external_task_marker_dag.py for tasks to queue
[2025-12-10T12:07:07.308+0530] {logging_mixin.py:190} INFO - [2025-12-10T12:07:07.308+0530] {dagbag.py:588} INFO - Filling up the DagBag from /home/sneha/spotify_airflow_project/venv/lib/python3.12/site-packages/airflow/example_dags/example_external_task_marker_dag.py
[2025-12-10T12:07:07.315+0530] {processor.py:925} INFO - DAG(s) 'example_external_task_marker_parent', 'example_external_task_marker_child' retrieved from /home/sneha/spotify_airflow_project/venv/lib/python3.12/site-packages/airflow/example_dags/example_external_task_marker_dag.py
[2025-12-10T12:07:07.333+0530] {logging_mixin.py:190} INFO - [2025-12-10T12:07:07.333+0530] {dag.py:3239} INFO - Sync 2 DAGs
[2025-12-10T12:07:07.451+0530] {logging_mixin.py:190} INFO - [2025-12-10T12:07:07.451+0530] {dag.py:4180} INFO - Setting next_dagrun for example_external_task_marker_child to None, run_after=None
[2025-12-10T12:07:07.454+0530] {logging_mixin.py:190} INFO - [2025-12-10T12:07:07.454+0530] {dag.py:4180} INFO - Setting next_dagrun for example_external_task_marker_parent to None, run_after=None
[2025-12-10T12:07:07.468+0530] {processor.py:208} INFO - Processing /home/sneha/spotify_airflow_project/venv/lib/python3.12/site-packages/airflow/example_dags/example_external_task_marker_dag.py took 0.174 seconds
[2025-12-10T12:08:09.301+0530] {processor.py:186} INFO - Started process (PID=11955) to work on /home/sneha/spotify_airflow_project/venv/lib/python3.12/site-packages/airflow/example_dags/example_external_task_marker_dag.py
[2025-12-10T12:08:09.302+0530] {processor.py:914} INFO - Processing file /home/sneha/spotify_airflow_project/venv/lib/python3.12/site-packages/airflow/example_dags/example_external_task_marker_dag.py for tasks to queue
[2025-12-10T12:08:09.304+0530] {logging_mixin.py:190} INFO - [2025-12-10T12:08:09.304+0530] {dagbag.py:588} INFO - Filling up the DagBag from /home/sneha/spotify_airflow_project/venv/lib/python3.12/site-packages/airflow/example_dags/example_external_task_marker_dag.py
[2025-12-10T12:08:09.312+0530] {processor.py:925} INFO - DAG(s) 'example_external_task_marker_child', 'example_external_task_marker_parent' retrieved from /home/sneha/spotify_airflow_project/venv/lib/python3.12/site-packages/airflow/example_dags/example_external_task_marker_dag.py
[2025-12-10T12:08:09.328+0530] {logging_mixin.py:190} INFO - [2025-12-10T12:08:09.328+0530] {dag.py:3239} INFO - Sync 2 DAGs
[2025-12-10T12:08:09.341+0530] {logging_mixin.py:190} INFO - [2025-12-10T12:08:09.340+0530] {dag.py:4180} INFO - Setting next_dagrun for example_external_task_marker_child to None, run_after=None
[2025-12-10T12:08:09.344+0530] {logging_mixin.py:190} INFO - [2025-12-10T12:08:09.344+0530] {dag.py:4180} INFO - Setting next_dagrun for example_external_task_marker_parent to None, run_after=None
[2025-12-10T12:08:09.362+0530] {processor.py:208} INFO - Processing /home/sneha/spotify_airflow_project/venv/lib/python3.12/site-packages/airflow/example_dags/example_external_task_marker_dag.py took 0.071 seconds
[2025-12-10T12:09:04.547+0530] {processor.py:186} INFO - Started process (PID=12106) to work on /home/sneha/spotify_airflow_project/venv/lib/python3.12/site-packages/airflow/example_dags/example_external_task_marker_dag.py
[2025-12-10T12:09:04.548+0530] {processor.py:914} INFO - Processing file /home/sneha/spotify_airflow_project/venv/lib/python3.12/site-packages/airflow/example_dags/example_external_task_marker_dag.py for tasks to queue
[2025-12-10T12:09:04.550+0530] {logging_mixin.py:190} INFO - [2025-12-10T12:09:04.550+0530] {dagbag.py:588} INFO - Filling up the DagBag from /home/sneha/spotify_airflow_project/venv/lib/python3.12/site-packages/airflow/example_dags/example_external_task_marker_dag.py
[2025-12-10T12:09:04.558+0530] {processor.py:925} INFO - DAG(s) 'example_external_task_marker_child', 'example_external_task_marker_parent' retrieved from /home/sneha/spotify_airflow_project/venv/lib/python3.12/site-packages/airflow/example_dags/example_external_task_marker_dag.py
[2025-12-10T12:09:04.575+0530] {logging_mixin.py:190} INFO - [2025-12-10T12:09:04.575+0530] {dag.py:3239} INFO - Sync 2 DAGs
[2025-12-10T12:09:04.587+0530] {logging_mixin.py:190} INFO - [2025-12-10T12:09:04.587+0530] {dag.py:4180} INFO - Setting next_dagrun for example_external_task_marker_child to None, run_after=None
[2025-12-10T12:09:04.591+0530] {logging_mixin.py:190} INFO - [2025-12-10T12:09:04.590+0530] {dag.py:4180} INFO - Setting next_dagrun for example_external_task_marker_parent to None, run_after=None
[2025-12-10T12:09:04.606+0530] {processor.py:208} INFO - Processing /home/sneha/spotify_airflow_project/venv/lib/python3.12/site-packages/airflow/example_dags/example_external_task_marker_dag.py took 0.070 seconds
[2025-12-10T12:09:57.544+0530] {processor.py:186} INFO - Started process (PID=12195) to work on /home/sneha/spotify_airflow_project/venv/lib/python3.12/site-packages/airflow/example_dags/example_external_task_marker_dag.py
[2025-12-10T12:09:57.568+0530] {processor.py:914} INFO - Processing file /home/sneha/spotify_airflow_project/venv/lib/python3.12/site-packages/airflow/example_dags/example_external_task_marker_dag.py for tasks to queue
[2025-12-10T12:09:57.571+0530] {logging_mixin.py:190} INFO - [2025-12-10T12:09:57.571+0530] {dagbag.py:588} INFO - Filling up the DagBag from /home/sneha/spotify_airflow_project/venv/lib/python3.12/site-packages/airflow/example_dags/example_external_task_marker_dag.py
[2025-12-10T12:09:57.582+0530] {processor.py:925} INFO - DAG(s) 'example_external_task_marker_parent', 'example_external_task_marker_child' retrieved from /home/sneha/spotify_airflow_project/venv/lib/python3.12/site-packages/airflow/example_dags/example_external_task_marker_dag.py
[2025-12-10T12:09:57.604+0530] {logging_mixin.py:190} INFO - [2025-12-10T12:09:57.603+0530] {dag.py:3239} INFO - Sync 2 DAGs
[2025-12-10T12:09:57.619+0530] {logging_mixin.py:190} INFO - [2025-12-10T12:09:57.618+0530] {dag.py:4180} INFO - Setting next_dagrun for example_external_task_marker_child to None, run_after=None
[2025-12-10T12:09:57.623+0530] {logging_mixin.py:190} INFO - [2025-12-10T12:09:57.622+0530] {dag.py:4180} INFO - Setting next_dagrun for example_external_task_marker_parent to None, run_after=None
[2025-12-10T12:09:57.647+0530] {processor.py:208} INFO - Processing /home/sneha/spotify_airflow_project/venv/lib/python3.12/site-packages/airflow/example_dags/example_external_task_marker_dag.py took 0.111 seconds
[2025-12-10T12:10:53.360+0530] {processor.py:186} INFO - Started process (PID=12327) to work on /home/sneha/spotify_airflow_project/venv/lib/python3.12/site-packages/airflow/example_dags/example_external_task_marker_dag.py
[2025-12-10T12:10:53.361+0530] {processor.py:914} INFO - Processing file /home/sneha/spotify_airflow_project/venv/lib/python3.12/site-packages/airflow/example_dags/example_external_task_marker_dag.py for tasks to queue
[2025-12-10T12:10:53.363+0530] {logging_mixin.py:190} INFO - [2025-12-10T12:10:53.363+0530] {dagbag.py:588} INFO - Filling up the DagBag from /home/sneha/spotify_airflow_project/venv/lib/python3.12/site-packages/airflow/example_dags/example_external_task_marker_dag.py
[2025-12-10T12:10:53.371+0530] {processor.py:925} INFO - DAG(s) 'example_external_task_marker_child', 'example_external_task_marker_parent' retrieved from /home/sneha/spotify_airflow_project/venv/lib/python3.12/site-packages/airflow/example_dags/example_external_task_marker_dag.py
[2025-12-10T12:10:53.390+0530] {logging_mixin.py:190} INFO - [2025-12-10T12:10:53.390+0530] {dag.py:3239} INFO - Sync 2 DAGs
[2025-12-10T12:10:53.403+0530] {logging_mixin.py:190} INFO - [2025-12-10T12:10:53.403+0530] {dag.py:4180} INFO - Setting next_dagrun for example_external_task_marker_child to None, run_after=None
[2025-12-10T12:10:53.406+0530] {logging_mixin.py:190} INFO - [2025-12-10T12:10:53.406+0530] {dag.py:4180} INFO - Setting next_dagrun for example_external_task_marker_parent to None, run_after=None
[2025-12-10T12:10:53.423+0530] {processor.py:208} INFO - Processing /home/sneha/spotify_airflow_project/venv/lib/python3.12/site-packages/airflow/example_dags/example_external_task_marker_dag.py took 0.074 seconds
[2025-12-10T12:11:45.153+0530] {processor.py:186} INFO - Started process (PID=12382) to work on /home/sneha/spotify_airflow_project/venv/lib/python3.12/site-packages/airflow/example_dags/example_external_task_marker_dag.py
[2025-12-10T12:11:45.164+0530] {processor.py:914} INFO - Processing file /home/sneha/spotify_airflow_project/venv/lib/python3.12/site-packages/airflow/example_dags/example_external_task_marker_dag.py for tasks to queue
[2025-12-10T12:11:45.166+0530] {logging_mixin.py:190} INFO - [2025-12-10T12:11:45.165+0530] {dagbag.py:588} INFO - Filling up the DagBag from /home/sneha/spotify_airflow_project/venv/lib/python3.12/site-packages/airflow/example_dags/example_external_task_marker_dag.py
[2025-12-10T12:11:45.175+0530] {processor.py:925} INFO - DAG(s) 'example_external_task_marker_parent', 'example_external_task_marker_child' retrieved from /home/sneha/spotify_airflow_project/venv/lib/python3.12/site-packages/airflow/example_dags/example_external_task_marker_dag.py
[2025-12-10T12:11:45.192+0530] {logging_mixin.py:190} INFO - [2025-12-10T12:11:45.192+0530] {dag.py:3239} INFO - Sync 2 DAGs
[2025-12-10T12:11:45.204+0530] {logging_mixin.py:190} INFO - [2025-12-10T12:11:45.204+0530] {dag.py:4180} INFO - Setting next_dagrun for example_external_task_marker_child to None, run_after=None
[2025-12-10T12:11:45.208+0530] {logging_mixin.py:190} INFO - [2025-12-10T12:11:45.207+0530] {dag.py:4180} INFO - Setting next_dagrun for example_external_task_marker_parent to None, run_after=None
[2025-12-10T12:11:45.226+0530] {processor.py:208} INFO - Processing /home/sneha/spotify_airflow_project/venv/lib/python3.12/site-packages/airflow/example_dags/example_external_task_marker_dag.py took 0.083 seconds
[2025-12-10T12:12:34.899+0530] {processor.py:186} INFO - Started process (PID=12463) to work on /home/sneha/spotify_airflow_project/venv/lib/python3.12/site-packages/airflow/example_dags/example_external_task_marker_dag.py
[2025-12-10T12:12:34.900+0530] {processor.py:914} INFO - Processing file /home/sneha/spotify_airflow_project/venv/lib/python3.12/site-packages/airflow/example_dags/example_external_task_marker_dag.py for tasks to queue
[2025-12-10T12:12:34.902+0530] {logging_mixin.py:190} INFO - [2025-12-10T12:12:34.901+0530] {dagbag.py:588} INFO - Filling up the DagBag from /home/sneha/spotify_airflow_project/venv/lib/python3.12/site-packages/airflow/example_dags/example_external_task_marker_dag.py
[2025-12-10T12:12:34.912+0530] {processor.py:925} INFO - DAG(s) 'example_external_task_marker_child', 'example_external_task_marker_parent' retrieved from /home/sneha/spotify_airflow_project/venv/lib/python3.12/site-packages/airflow/example_dags/example_external_task_marker_dag.py
[2025-12-10T12:12:34.931+0530] {logging_mixin.py:190} INFO - [2025-12-10T12:12:34.930+0530] {dag.py:3239} INFO - Sync 2 DAGs
[2025-12-10T12:12:34.946+0530] {logging_mixin.py:190} INFO - [2025-12-10T12:12:34.945+0530] {dag.py:4180} INFO - Setting next_dagrun for example_external_task_marker_child to None, run_after=None
[2025-12-10T12:12:34.949+0530] {logging_mixin.py:190} INFO - [2025-12-10T12:12:34.949+0530] {dag.py:4180} INFO - Setting next_dagrun for example_external_task_marker_parent to None, run_after=None
[2025-12-10T12:12:34.966+0530] {processor.py:208} INFO - Processing /home/sneha/spotify_airflow_project/venv/lib/python3.12/site-packages/airflow/example_dags/example_external_task_marker_dag.py took 0.073 seconds
[2025-12-10T12:13:26.307+0530] {processor.py:186} INFO - Started process (PID=12578) to work on /home/sneha/spotify_airflow_project/venv/lib/python3.12/site-packages/airflow/example_dags/example_external_task_marker_dag.py
[2025-12-10T12:13:26.308+0530] {processor.py:914} INFO - Processing file /home/sneha/spotify_airflow_project/venv/lib/python3.12/site-packages/airflow/example_dags/example_external_task_marker_dag.py for tasks to queue
[2025-12-10T12:13:26.310+0530] {logging_mixin.py:190} INFO - [2025-12-10T12:13:26.310+0530] {dagbag.py:588} INFO - Filling up the DagBag from /home/sneha/spotify_airflow_project/venv/lib/python3.12/site-packages/airflow/example_dags/example_external_task_marker_dag.py
[2025-12-10T12:13:26.318+0530] {processor.py:925} INFO - DAG(s) 'example_external_task_marker_parent', 'example_external_task_marker_child' retrieved from /home/sneha/spotify_airflow_project/venv/lib/python3.12/site-packages/airflow/example_dags/example_external_task_marker_dag.py
[2025-12-10T12:13:26.335+0530] {logging_mixin.py:190} INFO - [2025-12-10T12:13:26.335+0530] {dag.py:3239} INFO - Sync 2 DAGs
[2025-12-10T12:13:26.347+0530] {logging_mixin.py:190} INFO - [2025-12-10T12:13:26.347+0530] {dag.py:4180} INFO - Setting next_dagrun for example_external_task_marker_child to None, run_after=None
[2025-12-10T12:13:26.350+0530] {logging_mixin.py:190} INFO - [2025-12-10T12:13:26.350+0530] {dag.py:4180} INFO - Setting next_dagrun for example_external_task_marker_parent to None, run_after=None
[2025-12-10T12:13:26.366+0530] {processor.py:208} INFO - Processing /home/sneha/spotify_airflow_project/venv/lib/python3.12/site-packages/airflow/example_dags/example_external_task_marker_dag.py took 0.068 seconds
[2025-12-10T12:14:17.170+0530] {processor.py:186} INFO - Started process (PID=12666) to work on /home/sneha/spotify_airflow_project/venv/lib/python3.12/site-packages/airflow/example_dags/example_external_task_marker_dag.py
[2025-12-10T12:14:17.181+0530] {processor.py:914} INFO - Processing file /home/sneha/spotify_airflow_project/venv/lib/python3.12/site-packages/airflow/example_dags/example_external_task_marker_dag.py for tasks to queue
[2025-12-10T12:14:17.184+0530] {logging_mixin.py:190} INFO - [2025-12-10T12:14:17.183+0530] {dagbag.py:588} INFO - Filling up the DagBag from /home/sneha/spotify_airflow_project/venv/lib/python3.12/site-packages/airflow/example_dags/example_external_task_marker_dag.py
[2025-12-10T12:14:17.193+0530] {processor.py:925} INFO - DAG(s) 'example_external_task_marker_parent', 'example_external_task_marker_child' retrieved from /home/sneha/spotify_airflow_project/venv/lib/python3.12/site-packages/airflow/example_dags/example_external_task_marker_dag.py
[2025-12-10T12:14:17.210+0530] {logging_mixin.py:190} INFO - [2025-12-10T12:14:17.210+0530] {dag.py:3239} INFO - Sync 2 DAGs
[2025-12-10T12:14:17.222+0530] {logging_mixin.py:190} INFO - [2025-12-10T12:14:17.221+0530] {dag.py:4180} INFO - Setting next_dagrun for example_external_task_marker_child to None, run_after=None
[2025-12-10T12:14:17.225+0530] {logging_mixin.py:190} INFO - [2025-12-10T12:14:17.225+0530] {dag.py:4180} INFO - Setting next_dagrun for example_external_task_marker_parent to None, run_after=None
[2025-12-10T12:14:17.240+0530] {processor.py:208} INFO - Processing /home/sneha/spotify_airflow_project/venv/lib/python3.12/site-packages/airflow/example_dags/example_external_task_marker_dag.py took 0.081 seconds
[2025-12-10T12:15:07.593+0530] {processor.py:186} INFO - Started process (PID=12722) to work on /home/sneha/spotify_airflow_project/venv/lib/python3.12/site-packages/airflow/example_dags/example_external_task_marker_dag.py
[2025-12-10T12:15:07.594+0530] {processor.py:914} INFO - Processing file /home/sneha/spotify_airflow_project/venv/lib/python3.12/site-packages/airflow/example_dags/example_external_task_marker_dag.py for tasks to queue
[2025-12-10T12:15:07.597+0530] {logging_mixin.py:190} INFO - [2025-12-10T12:15:07.597+0530] {dagbag.py:588} INFO - Filling up the DagBag from /home/sneha/spotify_airflow_project/venv/lib/python3.12/site-packages/airflow/example_dags/example_external_task_marker_dag.py
[2025-12-10T12:15:07.606+0530] {processor.py:925} INFO - DAG(s) 'example_external_task_marker_child', 'example_external_task_marker_parent' retrieved from /home/sneha/spotify_airflow_project/venv/lib/python3.12/site-packages/airflow/example_dags/example_external_task_marker_dag.py
[2025-12-10T12:15:07.624+0530] {logging_mixin.py:190} INFO - [2025-12-10T12:15:07.624+0530] {dag.py:3239} INFO - Sync 2 DAGs
[2025-12-10T12:15:07.635+0530] {logging_mixin.py:190} INFO - [2025-12-10T12:15:07.635+0530] {dag.py:4180} INFO - Setting next_dagrun for example_external_task_marker_child to None, run_after=None
[2025-12-10T12:15:07.639+0530] {logging_mixin.py:190} INFO - [2025-12-10T12:15:07.639+0530] {dag.py:4180} INFO - Setting next_dagrun for example_external_task_marker_parent to None, run_after=None
[2025-12-10T12:15:07.658+0530] {processor.py:208} INFO - Processing /home/sneha/spotify_airflow_project/venv/lib/python3.12/site-packages/airflow/example_dags/example_external_task_marker_dag.py took 0.071 seconds
[2025-12-10T12:15:58.857+0530] {processor.py:186} INFO - Started process (PID=12835) to work on /home/sneha/spotify_airflow_project/venv/lib/python3.12/site-packages/airflow/example_dags/example_external_task_marker_dag.py
[2025-12-10T12:15:58.868+0530] {processor.py:914} INFO - Processing file /home/sneha/spotify_airflow_project/venv/lib/python3.12/site-packages/airflow/example_dags/example_external_task_marker_dag.py for tasks to queue
[2025-12-10T12:15:58.871+0530] {logging_mixin.py:190} INFO - [2025-12-10T12:15:58.870+0530] {dagbag.py:588} INFO - Filling up the DagBag from /home/sneha/spotify_airflow_project/venv/lib/python3.12/site-packages/airflow/example_dags/example_external_task_marker_dag.py
[2025-12-10T12:15:58.880+0530] {processor.py:925} INFO - DAG(s) 'example_external_task_marker_child', 'example_external_task_marker_parent' retrieved from /home/sneha/spotify_airflow_project/venv/lib/python3.12/site-packages/airflow/example_dags/example_external_task_marker_dag.py
[2025-12-10T12:15:58.899+0530] {logging_mixin.py:190} INFO - [2025-12-10T12:15:58.898+0530] {dag.py:3239} INFO - Sync 2 DAGs
[2025-12-10T12:15:58.911+0530] {logging_mixin.py:190} INFO - [2025-12-10T12:15:58.911+0530] {dag.py:4180} INFO - Setting next_dagrun for example_external_task_marker_child to None, run_after=None
[2025-12-10T12:15:58.914+0530] {logging_mixin.py:190} INFO - [2025-12-10T12:15:58.914+0530] {dag.py:4180} INFO - Setting next_dagrun for example_external_task_marker_parent to None, run_after=None
[2025-12-10T12:15:58.932+0530] {processor.py:208} INFO - Processing /home/sneha/spotify_airflow_project/venv/lib/python3.12/site-packages/airflow/example_dags/example_external_task_marker_dag.py took 0.080 seconds
[2025-12-10T12:16:51.149+0530] {processor.py:186} INFO - Started process (PID=12919) to work on /home/sneha/spotify_airflow_project/venv/lib/python3.12/site-packages/airflow/example_dags/example_external_task_marker_dag.py
[2025-12-10T12:16:51.150+0530] {processor.py:914} INFO - Processing file /home/sneha/spotify_airflow_project/venv/lib/python3.12/site-packages/airflow/example_dags/example_external_task_marker_dag.py for tasks to queue
[2025-12-10T12:16:51.152+0530] {logging_mixin.py:190} INFO - [2025-12-10T12:16:51.152+0530] {dagbag.py:588} INFO - Filling up the DagBag from /home/sneha/spotify_airflow_project/venv/lib/python3.12/site-packages/airflow/example_dags/example_external_task_marker_dag.py
[2025-12-10T12:16:51.160+0530] {processor.py:925} INFO - DAG(s) 'example_external_task_marker_child', 'example_external_task_marker_parent' retrieved from /home/sneha/spotify_airflow_project/venv/lib/python3.12/site-packages/airflow/example_dags/example_external_task_marker_dag.py
[2025-12-10T12:16:51.177+0530] {logging_mixin.py:190} INFO - [2025-12-10T12:16:51.177+0530] {dag.py:3239} INFO - Sync 2 DAGs
[2025-12-10T12:16:51.189+0530] {logging_mixin.py:190} INFO - [2025-12-10T12:16:51.188+0530] {dag.py:4180} INFO - Setting next_dagrun for example_external_task_marker_child to None, run_after=None
[2025-12-10T12:16:51.192+0530] {logging_mixin.py:190} INFO - [2025-12-10T12:16:51.192+0530] {dag.py:4180} INFO - Setting next_dagrun for example_external_task_marker_parent to None, run_after=None
[2025-12-10T12:16:51.210+0530] {processor.py:208} INFO - Processing /home/sneha/spotify_airflow_project/venv/lib/python3.12/site-packages/airflow/example_dags/example_external_task_marker_dag.py took 0.071 seconds
[2025-12-10T12:17:43.013+0530] {processor.py:186} INFO - Started process (PID=12977) to work on /home/sneha/spotify_airflow_project/venv/lib/python3.12/site-packages/airflow/example_dags/example_external_task_marker_dag.py
[2025-12-10T12:17:43.014+0530] {processor.py:914} INFO - Processing file /home/sneha/spotify_airflow_project/venv/lib/python3.12/site-packages/airflow/example_dags/example_external_task_marker_dag.py for tasks to queue
[2025-12-10T12:17:43.016+0530] {logging_mixin.py:190} INFO - [2025-12-10T12:17:43.016+0530] {dagbag.py:588} INFO - Filling up the DagBag from /home/sneha/spotify_airflow_project/venv/lib/python3.12/site-packages/airflow/example_dags/example_external_task_marker_dag.py
[2025-12-10T12:17:43.023+0530] {processor.py:925} INFO - DAG(s) 'example_external_task_marker_parent', 'example_external_task_marker_child' retrieved from /home/sneha/spotify_airflow_project/venv/lib/python3.12/site-packages/airflow/example_dags/example_external_task_marker_dag.py
[2025-12-10T12:17:43.041+0530] {logging_mixin.py:190} INFO - [2025-12-10T12:17:43.041+0530] {dag.py:3239} INFO - Sync 2 DAGs
[2025-12-10T12:17:43.052+0530] {logging_mixin.py:190} INFO - [2025-12-10T12:17:43.052+0530] {dag.py:4180} INFO - Setting next_dagrun for example_external_task_marker_child to None, run_after=None
[2025-12-10T12:17:43.055+0530] {logging_mixin.py:190} INFO - [2025-12-10T12:17:43.055+0530] {dag.py:4180} INFO - Setting next_dagrun for example_external_task_marker_parent to None, run_after=None
[2025-12-10T12:17:43.074+0530] {processor.py:208} INFO - Processing /home/sneha/spotify_airflow_project/venv/lib/python3.12/site-packages/airflow/example_dags/example_external_task_marker_dag.py took 0.072 seconds
[2025-12-10T12:18:36.504+0530] {processor.py:186} INFO - Started process (PID=13034) to work on /home/sneha/spotify_airflow_project/venv/lib/python3.12/site-packages/airflow/example_dags/example_external_task_marker_dag.py
[2025-12-10T12:18:36.505+0530] {processor.py:914} INFO - Processing file /home/sneha/spotify_airflow_project/venv/lib/python3.12/site-packages/airflow/example_dags/example_external_task_marker_dag.py for tasks to queue
[2025-12-10T12:18:36.507+0530] {logging_mixin.py:190} INFO - [2025-12-10T12:18:36.507+0530] {dagbag.py:588} INFO - Filling up the DagBag from /home/sneha/spotify_airflow_project/venv/lib/python3.12/site-packages/airflow/example_dags/example_external_task_marker_dag.py
[2025-12-10T12:18:36.515+0530] {processor.py:925} INFO - DAG(s) 'example_external_task_marker_child', 'example_external_task_marker_parent' retrieved from /home/sneha/spotify_airflow_project/venv/lib/python3.12/site-packages/airflow/example_dags/example_external_task_marker_dag.py
[2025-12-10T12:18:36.532+0530] {logging_mixin.py:190} INFO - [2025-12-10T12:18:36.532+0530] {dag.py:3239} INFO - Sync 2 DAGs
[2025-12-10T12:18:36.543+0530] {logging_mixin.py:190} INFO - [2025-12-10T12:18:36.543+0530] {dag.py:4180} INFO - Setting next_dagrun for example_external_task_marker_child to None, run_after=None
[2025-12-10T12:18:36.547+0530] {logging_mixin.py:190} INFO - [2025-12-10T12:18:36.546+0530] {dag.py:4180} INFO - Setting next_dagrun for example_external_task_marker_parent to None, run_after=None
[2025-12-10T12:18:36.562+0530] {processor.py:208} INFO - Processing /home/sneha/spotify_airflow_project/venv/lib/python3.12/site-packages/airflow/example_dags/example_external_task_marker_dag.py took 0.069 seconds
[2025-12-10T12:19:29.850+0530] {processor.py:186} INFO - Started process (PID=13090) to work on /home/sneha/spotify_airflow_project/venv/lib/python3.12/site-packages/airflow/example_dags/example_external_task_marker_dag.py
[2025-12-10T12:19:29.851+0530] {processor.py:914} INFO - Processing file /home/sneha/spotify_airflow_project/venv/lib/python3.12/site-packages/airflow/example_dags/example_external_task_marker_dag.py for tasks to queue
[2025-12-10T12:19:29.853+0530] {logging_mixin.py:190} INFO - [2025-12-10T12:19:29.853+0530] {dagbag.py:588} INFO - Filling up the DagBag from /home/sneha/spotify_airflow_project/venv/lib/python3.12/site-packages/airflow/example_dags/example_external_task_marker_dag.py
[2025-12-10T12:19:29.861+0530] {processor.py:925} INFO - DAG(s) 'example_external_task_marker_parent', 'example_external_task_marker_child' retrieved from /home/sneha/spotify_airflow_project/venv/lib/python3.12/site-packages/airflow/example_dags/example_external_task_marker_dag.py
[2025-12-10T12:19:29.878+0530] {logging_mixin.py:190} INFO - [2025-12-10T12:19:29.878+0530] {dag.py:3239} INFO - Sync 2 DAGs
[2025-12-10T12:19:29.890+0530] {logging_mixin.py:190} INFO - [2025-12-10T12:19:29.889+0530] {dag.py:4180} INFO - Setting next_dagrun for example_external_task_marker_child to None, run_after=None
[2025-12-10T12:19:29.893+0530] {logging_mixin.py:190} INFO - [2025-12-10T12:19:29.893+0530] {dag.py:4180} INFO - Setting next_dagrun for example_external_task_marker_parent to None, run_after=None
[2025-12-10T12:19:29.908+0530] {processor.py:208} INFO - Processing /home/sneha/spotify_airflow_project/venv/lib/python3.12/site-packages/airflow/example_dags/example_external_task_marker_dag.py took 0.069 seconds
[2025-12-10T12:20:20.521+0530] {processor.py:186} INFO - Started process (PID=13148) to work on /home/sneha/spotify_airflow_project/venv/lib/python3.12/site-packages/airflow/example_dags/example_external_task_marker_dag.py
[2025-12-10T12:20:20.522+0530] {processor.py:914} INFO - Processing file /home/sneha/spotify_airflow_project/venv/lib/python3.12/site-packages/airflow/example_dags/example_external_task_marker_dag.py for tasks to queue
[2025-12-10T12:20:20.524+0530] {logging_mixin.py:190} INFO - [2025-12-10T12:20:20.524+0530] {dagbag.py:588} INFO - Filling up the DagBag from /home/sneha/spotify_airflow_project/venv/lib/python3.12/site-packages/airflow/example_dags/example_external_task_marker_dag.py
[2025-12-10T12:20:20.532+0530] {processor.py:925} INFO - DAG(s) 'example_external_task_marker_child', 'example_external_task_marker_parent' retrieved from /home/sneha/spotify_airflow_project/venv/lib/python3.12/site-packages/airflow/example_dags/example_external_task_marker_dag.py
[2025-12-10T12:20:20.549+0530] {logging_mixin.py:190} INFO - [2025-12-10T12:20:20.549+0530] {dag.py:3239} INFO - Sync 2 DAGs
[2025-12-10T12:20:20.560+0530] {logging_mixin.py:190} INFO - [2025-12-10T12:20:20.560+0530] {dag.py:4180} INFO - Setting next_dagrun for example_external_task_marker_child to None, run_after=None
[2025-12-10T12:20:20.564+0530] {logging_mixin.py:190} INFO - [2025-12-10T12:20:20.563+0530] {dag.py:4180} INFO - Setting next_dagrun for example_external_task_marker_parent to None, run_after=None
[2025-12-10T12:20:20.582+0530] {processor.py:208} INFO - Processing /home/sneha/spotify_airflow_project/venv/lib/python3.12/site-packages/airflow/example_dags/example_external_task_marker_dag.py took 0.071 seconds
[2025-12-10T12:21:13.654+0530] {processor.py:186} INFO - Started process (PID=13207) to work on /home/sneha/spotify_airflow_project/venv/lib/python3.12/site-packages/airflow/example_dags/example_external_task_marker_dag.py
[2025-12-10T12:21:13.655+0530] {processor.py:914} INFO - Processing file /home/sneha/spotify_airflow_project/venv/lib/python3.12/site-packages/airflow/example_dags/example_external_task_marker_dag.py for tasks to queue
[2025-12-10T12:21:13.658+0530] {logging_mixin.py:190} INFO - [2025-12-10T12:21:13.657+0530] {dagbag.py:588} INFO - Filling up the DagBag from /home/sneha/spotify_airflow_project/venv/lib/python3.12/site-packages/airflow/example_dags/example_external_task_marker_dag.py
[2025-12-10T12:21:13.666+0530] {processor.py:925} INFO - DAG(s) 'example_external_task_marker_parent', 'example_external_task_marker_child' retrieved from /home/sneha/spotify_airflow_project/venv/lib/python3.12/site-packages/airflow/example_dags/example_external_task_marker_dag.py
[2025-12-10T12:21:13.683+0530] {logging_mixin.py:190} INFO - [2025-12-10T12:21:13.683+0530] {dag.py:3239} INFO - Sync 2 DAGs
[2025-12-10T12:21:13.694+0530] {logging_mixin.py:190} INFO - [2025-12-10T12:21:13.694+0530] {dag.py:4180} INFO - Setting next_dagrun for example_external_task_marker_child to None, run_after=None
[2025-12-10T12:21:13.697+0530] {logging_mixin.py:190} INFO - [2025-12-10T12:21:13.697+0530] {dag.py:4180} INFO - Setting next_dagrun for example_external_task_marker_parent to None, run_after=None
[2025-12-10T12:21:13.714+0530] {processor.py:208} INFO - Processing /home/sneha/spotify_airflow_project/venv/lib/python3.12/site-packages/airflow/example_dags/example_external_task_marker_dag.py took 0.067 seconds
[2025-12-10T12:22:06.726+0530] {processor.py:186} INFO - Started process (PID=13559) to work on /home/sneha/spotify_airflow_project/venv/lib/python3.12/site-packages/airflow/example_dags/example_external_task_marker_dag.py
[2025-12-10T12:22:06.727+0530] {processor.py:914} INFO - Processing file /home/sneha/spotify_airflow_project/venv/lib/python3.12/site-packages/airflow/example_dags/example_external_task_marker_dag.py for tasks to queue
[2025-12-10T12:22:06.729+0530] {logging_mixin.py:190} INFO - [2025-12-10T12:22:06.729+0530] {dagbag.py:588} INFO - Filling up the DagBag from /home/sneha/spotify_airflow_project/venv/lib/python3.12/site-packages/airflow/example_dags/example_external_task_marker_dag.py
[2025-12-10T12:22:06.737+0530] {processor.py:925} INFO - DAG(s) 'example_external_task_marker_child', 'example_external_task_marker_parent' retrieved from /home/sneha/spotify_airflow_project/venv/lib/python3.12/site-packages/airflow/example_dags/example_external_task_marker_dag.py
[2025-12-10T12:22:06.754+0530] {logging_mixin.py:190} INFO - [2025-12-10T12:22:06.754+0530] {dag.py:3239} INFO - Sync 2 DAGs
[2025-12-10T12:22:06.766+0530] {logging_mixin.py:190} INFO - [2025-12-10T12:22:06.765+0530] {dag.py:4180} INFO - Setting next_dagrun for example_external_task_marker_child to None, run_after=None
[2025-12-10T12:22:06.769+0530] {logging_mixin.py:190} INFO - [2025-12-10T12:22:06.769+0530] {dag.py:4180} INFO - Setting next_dagrun for example_external_task_marker_parent to None, run_after=None
[2025-12-10T12:22:06.784+0530] {processor.py:208} INFO - Processing /home/sneha/spotify_airflow_project/venv/lib/python3.12/site-packages/airflow/example_dags/example_external_task_marker_dag.py took 0.065 seconds
[2025-12-10T12:22:58.416+0530] {processor.py:186} INFO - Started process (PID=13620) to work on /home/sneha/spotify_airflow_project/venv/lib/python3.12/site-packages/airflow/example_dags/example_external_task_marker_dag.py
[2025-12-10T12:22:58.417+0530] {processor.py:914} INFO - Processing file /home/sneha/spotify_airflow_project/venv/lib/python3.12/site-packages/airflow/example_dags/example_external_task_marker_dag.py for tasks to queue
[2025-12-10T12:22:58.419+0530] {logging_mixin.py:190} INFO - [2025-12-10T12:22:58.419+0530] {dagbag.py:588} INFO - Filling up the DagBag from /home/sneha/spotify_airflow_project/venv/lib/python3.12/site-packages/airflow/example_dags/example_external_task_marker_dag.py
[2025-12-10T12:22:58.427+0530] {processor.py:925} INFO - DAG(s) 'example_external_task_marker_parent', 'example_external_task_marker_child' retrieved from /home/sneha/spotify_airflow_project/venv/lib/python3.12/site-packages/airflow/example_dags/example_external_task_marker_dag.py
[2025-12-10T12:22:58.445+0530] {logging_mixin.py:190} INFO - [2025-12-10T12:22:58.444+0530] {dag.py:3239} INFO - Sync 2 DAGs
[2025-12-10T12:22:58.456+0530] {logging_mixin.py:190} INFO - [2025-12-10T12:22:58.456+0530] {dag.py:4180} INFO - Setting next_dagrun for example_external_task_marker_child to None, run_after=None
[2025-12-10T12:22:58.459+0530] {logging_mixin.py:190} INFO - [2025-12-10T12:22:58.459+0530] {dag.py:4180} INFO - Setting next_dagrun for example_external_task_marker_parent to None, run_after=None
[2025-12-10T12:22:58.474+0530] {processor.py:208} INFO - Processing /home/sneha/spotify_airflow_project/venv/lib/python3.12/site-packages/airflow/example_dags/example_external_task_marker_dag.py took 0.068 seconds
[2025-12-10T12:23:50.516+0530] {processor.py:186} INFO - Started process (PID=13676) to work on /home/sneha/spotify_airflow_project/venv/lib/python3.12/site-packages/airflow/example_dags/example_external_task_marker_dag.py
[2025-12-10T12:23:50.517+0530] {processor.py:914} INFO - Processing file /home/sneha/spotify_airflow_project/venv/lib/python3.12/site-packages/airflow/example_dags/example_external_task_marker_dag.py for tasks to queue
[2025-12-10T12:23:50.520+0530] {logging_mixin.py:190} INFO - [2025-12-10T12:23:50.520+0530] {dagbag.py:588} INFO - Filling up the DagBag from /home/sneha/spotify_airflow_project/venv/lib/python3.12/site-packages/airflow/example_dags/example_external_task_marker_dag.py
[2025-12-10T12:23:50.529+0530] {processor.py:925} INFO - DAG(s) 'example_external_task_marker_parent', 'example_external_task_marker_child' retrieved from /home/sneha/spotify_airflow_project/venv/lib/python3.12/site-packages/airflow/example_dags/example_external_task_marker_dag.py
[2025-12-10T12:23:50.551+0530] {logging_mixin.py:190} INFO - [2025-12-10T12:23:50.550+0530] {dag.py:3239} INFO - Sync 2 DAGs
[2025-12-10T12:23:50.565+0530] {logging_mixin.py:190} INFO - [2025-12-10T12:23:50.565+0530] {dag.py:4180} INFO - Setting next_dagrun for example_external_task_marker_child to None, run_after=None
[2025-12-10T12:23:50.568+0530] {logging_mixin.py:190} INFO - [2025-12-10T12:23:50.568+0530] {dag.py:4180} INFO - Setting next_dagrun for example_external_task_marker_parent to None, run_after=None
[2025-12-10T12:23:50.591+0530] {processor.py:208} INFO - Processing /home/sneha/spotify_airflow_project/venv/lib/python3.12/site-packages/airflow/example_dags/example_external_task_marker_dag.py took 0.082 seconds
[2025-12-10T12:24:44.911+0530] {processor.py:186} INFO - Started process (PID=13733) to work on /home/sneha/spotify_airflow_project/venv/lib/python3.12/site-packages/airflow/example_dags/example_external_task_marker_dag.py
[2025-12-10T12:24:44.912+0530] {processor.py:914} INFO - Processing file /home/sneha/spotify_airflow_project/venv/lib/python3.12/site-packages/airflow/example_dags/example_external_task_marker_dag.py for tasks to queue
[2025-12-10T12:24:44.914+0530] {logging_mixin.py:190} INFO - [2025-12-10T12:24:44.914+0530] {dagbag.py:588} INFO - Filling up the DagBag from /home/sneha/spotify_airflow_project/venv/lib/python3.12/site-packages/airflow/example_dags/example_external_task_marker_dag.py
[2025-12-10T12:24:44.923+0530] {processor.py:925} INFO - DAG(s) 'example_external_task_marker_parent', 'example_external_task_marker_child' retrieved from /home/sneha/spotify_airflow_project/venv/lib/python3.12/site-packages/airflow/example_dags/example_external_task_marker_dag.py
[2025-12-10T12:24:44.942+0530] {logging_mixin.py:190} INFO - [2025-12-10T12:24:44.942+0530] {dag.py:3239} INFO - Sync 2 DAGs
[2025-12-10T12:24:44.955+0530] {logging_mixin.py:190} INFO - [2025-12-10T12:24:44.955+0530] {dag.py:4180} INFO - Setting next_dagrun for example_external_task_marker_child to None, run_after=None
[2025-12-10T12:24:44.958+0530] {logging_mixin.py:190} INFO - [2025-12-10T12:24:44.958+0530] {dag.py:4180} INFO - Setting next_dagrun for example_external_task_marker_parent to None, run_after=None
[2025-12-10T12:24:44.975+0530] {processor.py:208} INFO - Processing /home/sneha/spotify_airflow_project/venv/lib/python3.12/site-packages/airflow/example_dags/example_external_task_marker_dag.py took 0.072 seconds
