[2025-12-10T12:02:38.714+0530] {processor.py:186} INFO - Started process (PID=11244) to work on /home/sneha/spotify_airflow_project/venv/lib/python3.12/site-packages/airflow/example_dags/example_branch_python_dop_operator_3.py
[2025-12-10T12:02:38.715+0530] {processor.py:914} INFO - Processing file /home/sneha/spotify_airflow_project/venv/lib/python3.12/site-packages/airflow/example_dags/example_branch_python_dop_operator_3.py for tasks to queue
[2025-12-10T12:02:38.716+0530] {logging_mixin.py:190} INFO - [2025-12-10T12:02:38.716+0530] {dagbag.py:588} INFO - Filling up the DagBag from /home/sneha/spotify_airflow_project/venv/lib/python3.12/site-packages/airflow/example_dags/example_branch_python_dop_operator_3.py
[2025-12-10T12:02:38.727+0530] {processor.py:925} INFO - DAG(s) 'example_branch_dop_operator_v3' retrieved from /home/sneha/spotify_airflow_project/venv/lib/python3.12/site-packages/airflow/example_dags/example_branch_python_dop_operator_3.py
[2025-12-10T12:02:38.836+0530] {logging_mixin.py:190} INFO - [2025-12-10T12:02:38.835+0530] {override.py:1900} INFO - Created Permission View: can read on DAG:example_branch_dop_operator_v3
[2025-12-10T12:02:38.846+0530] {logging_mixin.py:190} INFO - [2025-12-10T12:02:38.845+0530] {override.py:1900} INFO - Created Permission View: can delete on DAG:example_branch_dop_operator_v3
[2025-12-10T12:02:38.854+0530] {logging_mixin.py:190} INFO - [2025-12-10T12:02:38.853+0530] {override.py:1900} INFO - Created Permission View: can edit on DAG:example_branch_dop_operator_v3
[2025-12-10T12:02:38.864+0530] {logging_mixin.py:190} INFO - [2025-12-10T12:02:38.864+0530] {override.py:1900} INFO - Created Permission View: can read on DAG Run:example_branch_dop_operator_v3
[2025-12-10T12:02:38.871+0530] {logging_mixin.py:190} INFO - [2025-12-10T12:02:38.871+0530] {override.py:1900} INFO - Created Permission View: can delete on DAG Run:example_branch_dop_operator_v3
[2025-12-10T12:02:38.878+0530] {logging_mixin.py:190} INFO - [2025-12-10T12:02:38.878+0530] {override.py:1900} INFO - Created Permission View: menu access on DAG Run:example_branch_dop_operator_v3
[2025-12-10T12:02:38.886+0530] {logging_mixin.py:190} INFO - [2025-12-10T12:02:38.886+0530] {override.py:1900} INFO - Created Permission View: can create on DAG Run:example_branch_dop_operator_v3
[2025-12-10T12:02:38.886+0530] {logging_mixin.py:190} INFO - [2025-12-10T12:02:38.886+0530] {dag.py:3239} INFO - Sync 1 DAGs
[2025-12-10T12:02:38.898+0530] {logging_mixin.py:190} INFO - [2025-12-10T12:02:38.897+0530] {dag.py:3262} INFO - Creating ORM DAG for example_branch_dop_operator_v3
[2025-12-10T12:02:38.912+0530] {logging_mixin.py:190} INFO - [2025-12-10T12:02:38.911+0530] {dag.py:4180} INFO - Setting next_dagrun for example_branch_dop_operator_v3 to 2025-12-10 06:31:00+00:00, run_after=2025-12-10 06:32:00+00:00
[2025-12-10T12:02:38.929+0530] {processor.py:208} INFO - Processing /home/sneha/spotify_airflow_project/venv/lib/python3.12/site-packages/airflow/example_dags/example_branch_python_dop_operator_3.py took 0.221 seconds
[2025-12-10T12:03:36.954+0530] {processor.py:186} INFO - Started process (PID=11365) to work on /home/sneha/spotify_airflow_project/venv/lib/python3.12/site-packages/airflow/example_dags/example_branch_python_dop_operator_3.py
[2025-12-10T12:03:36.955+0530] {processor.py:914} INFO - Processing file /home/sneha/spotify_airflow_project/venv/lib/python3.12/site-packages/airflow/example_dags/example_branch_python_dop_operator_3.py for tasks to queue
[2025-12-10T12:03:36.958+0530] {logging_mixin.py:190} INFO - [2025-12-10T12:03:36.957+0530] {dagbag.py:588} INFO - Filling up the DagBag from /home/sneha/spotify_airflow_project/venv/lib/python3.12/site-packages/airflow/example_dags/example_branch_python_dop_operator_3.py
[2025-12-10T12:03:36.968+0530] {processor.py:925} INFO - DAG(s) 'example_branch_dop_operator_v3' retrieved from /home/sneha/spotify_airflow_project/venv/lib/python3.12/site-packages/airflow/example_dags/example_branch_python_dop_operator_3.py
[2025-12-10T12:03:36.985+0530] {logging_mixin.py:190} INFO - [2025-12-10T12:03:36.985+0530] {dag.py:3239} INFO - Sync 1 DAGs
[2025-12-10T12:03:37.007+0530] {logging_mixin.py:190} INFO - [2025-12-10T12:03:37.007+0530] {dag.py:4180} INFO - Setting next_dagrun for example_branch_dop_operator_v3 to 2025-12-10 06:32:00+00:00, run_after=2025-12-10 06:33:00+00:00
[2025-12-10T12:03:37.025+0530] {processor.py:208} INFO - Processing /home/sneha/spotify_airflow_project/venv/lib/python3.12/site-packages/airflow/example_dags/example_branch_python_dop_operator_3.py took 0.082 seconds
[2025-12-10T12:04:32.872+0530] {processor.py:186} INFO - Started process (PID=11451) to work on /home/sneha/spotify_airflow_project/venv/lib/python3.12/site-packages/airflow/example_dags/example_branch_python_dop_operator_3.py
[2025-12-10T12:04:32.873+0530] {processor.py:914} INFO - Processing file /home/sneha/spotify_airflow_project/venv/lib/python3.12/site-packages/airflow/example_dags/example_branch_python_dop_operator_3.py for tasks to queue
[2025-12-10T12:04:32.876+0530] {logging_mixin.py:190} INFO - [2025-12-10T12:04:32.875+0530] {dagbag.py:588} INFO - Filling up the DagBag from /home/sneha/spotify_airflow_project/venv/lib/python3.12/site-packages/airflow/example_dags/example_branch_python_dop_operator_3.py
[2025-12-10T12:04:32.885+0530] {processor.py:925} INFO - DAG(s) 'example_branch_dop_operator_v3' retrieved from /home/sneha/spotify_airflow_project/venv/lib/python3.12/site-packages/airflow/example_dags/example_branch_python_dop_operator_3.py
[2025-12-10T12:04:32.901+0530] {logging_mixin.py:190} INFO - [2025-12-10T12:04:32.901+0530] {dag.py:3239} INFO - Sync 1 DAGs
[2025-12-10T12:04:32.933+0530] {logging_mixin.py:190} INFO - [2025-12-10T12:04:32.933+0530] {dag.py:4180} INFO - Setting next_dagrun for example_branch_dop_operator_v3 to 2025-12-10 06:33:00+00:00, run_after=2025-12-10 06:34:00+00:00
[2025-12-10T12:04:32.962+0530] {processor.py:208} INFO - Processing /home/sneha/spotify_airflow_project/venv/lib/python3.12/site-packages/airflow/example_dags/example_branch_python_dop_operator_3.py took 0.095 seconds
[2025-12-10T12:05:30.037+0530] {processor.py:186} INFO - Started process (PID=11636) to work on /home/sneha/spotify_airflow_project/venv/lib/python3.12/site-packages/airflow/example_dags/example_branch_python_dop_operator_3.py
[2025-12-10T12:05:30.038+0530] {processor.py:914} INFO - Processing file /home/sneha/spotify_airflow_project/venv/lib/python3.12/site-packages/airflow/example_dags/example_branch_python_dop_operator_3.py for tasks to queue
[2025-12-10T12:05:30.040+0530] {logging_mixin.py:190} INFO - [2025-12-10T12:05:30.040+0530] {dagbag.py:588} INFO - Filling up the DagBag from /home/sneha/spotify_airflow_project/venv/lib/python3.12/site-packages/airflow/example_dags/example_branch_python_dop_operator_3.py
[2025-12-10T12:05:30.050+0530] {processor.py:925} INFO - DAG(s) 'example_branch_dop_operator_v3' retrieved from /home/sneha/spotify_airflow_project/venv/lib/python3.12/site-packages/airflow/example_dags/example_branch_python_dop_operator_3.py
[2025-12-10T12:05:30.064+0530] {logging_mixin.py:190} INFO - [2025-12-10T12:05:30.064+0530] {dag.py:3239} INFO - Sync 1 DAGs
[2025-12-10T12:05:30.085+0530] {logging_mixin.py:190} INFO - [2025-12-10T12:05:30.085+0530] {dag.py:4180} INFO - Setting next_dagrun for example_branch_dop_operator_v3 to 2025-12-10 06:34:00+00:00, run_after=2025-12-10 06:35:00+00:00
[2025-12-10T12:05:30.104+0530] {processor.py:208} INFO - Processing /home/sneha/spotify_airflow_project/venv/lib/python3.12/site-packages/airflow/example_dags/example_branch_python_dop_operator_3.py took 0.078 seconds
[2025-12-10T12:06:22.963+0530] {processor.py:186} INFO - Started process (PID=11810) to work on /home/sneha/spotify_airflow_project/venv/lib/python3.12/site-packages/airflow/example_dags/example_branch_python_dop_operator_3.py
[2025-12-10T12:06:22.964+0530] {processor.py:914} INFO - Processing file /home/sneha/spotify_airflow_project/venv/lib/python3.12/site-packages/airflow/example_dags/example_branch_python_dop_operator_3.py for tasks to queue
[2025-12-10T12:06:22.966+0530] {logging_mixin.py:190} INFO - [2025-12-10T12:06:22.966+0530] {dagbag.py:588} INFO - Filling up the DagBag from /home/sneha/spotify_airflow_project/venv/lib/python3.12/site-packages/airflow/example_dags/example_branch_python_dop_operator_3.py
[2025-12-10T12:06:22.975+0530] {processor.py:925} INFO - DAG(s) 'example_branch_dop_operator_v3' retrieved from /home/sneha/spotify_airflow_project/venv/lib/python3.12/site-packages/airflow/example_dags/example_branch_python_dop_operator_3.py
[2025-12-10T12:06:22.990+0530] {logging_mixin.py:190} INFO - [2025-12-10T12:06:22.990+0530] {dag.py:3239} INFO - Sync 1 DAGs
[2025-12-10T12:06:23.010+0530] {logging_mixin.py:190} INFO - [2025-12-10T12:06:23.010+0530] {dag.py:4180} INFO - Setting next_dagrun for example_branch_dop_operator_v3 to 2025-12-10 06:35:00+00:00, run_after=2025-12-10 06:36:00+00:00
[2025-12-10T12:06:23.027+0530] {processor.py:208} INFO - Processing /home/sneha/spotify_airflow_project/venv/lib/python3.12/site-packages/airflow/example_dags/example_branch_python_dop_operator_3.py took 0.074 seconds
[2025-12-10T12:07:18.286+0530] {processor.py:186} INFO - Started process (PID=11901) to work on /home/sneha/spotify_airflow_project/venv/lib/python3.12/site-packages/airflow/example_dags/example_branch_python_dop_operator_3.py
[2025-12-10T12:07:18.288+0530] {processor.py:914} INFO - Processing file /home/sneha/spotify_airflow_project/venv/lib/python3.12/site-packages/airflow/example_dags/example_branch_python_dop_operator_3.py for tasks to queue
[2025-12-10T12:07:18.290+0530] {logging_mixin.py:190} INFO - [2025-12-10T12:07:18.290+0530] {dagbag.py:588} INFO - Filling up the DagBag from /home/sneha/spotify_airflow_project/venv/lib/python3.12/site-packages/airflow/example_dags/example_branch_python_dop_operator_3.py
[2025-12-10T12:07:18.300+0530] {processor.py:925} INFO - DAG(s) 'example_branch_dop_operator_v3' retrieved from /home/sneha/spotify_airflow_project/venv/lib/python3.12/site-packages/airflow/example_dags/example_branch_python_dop_operator_3.py
[2025-12-10T12:07:18.317+0530] {logging_mixin.py:190} INFO - [2025-12-10T12:07:18.317+0530] {dag.py:3239} INFO - Sync 1 DAGs
[2025-12-10T12:07:18.460+0530] {logging_mixin.py:190} INFO - [2025-12-10T12:07:18.460+0530] {dag.py:4180} INFO - Setting next_dagrun for example_branch_dop_operator_v3 to 2025-12-10 06:36:00+00:00, run_after=2025-12-10 06:37:00+00:00
[2025-12-10T12:07:18.478+0530] {processor.py:208} INFO - Processing /home/sneha/spotify_airflow_project/venv/lib/python3.12/site-packages/airflow/example_dags/example_branch_python_dop_operator_3.py took 0.199 seconds
[2025-12-10T12:08:18.197+0530] {processor.py:186} INFO - Started process (PID=11965) to work on /home/sneha/spotify_airflow_project/venv/lib/python3.12/site-packages/airflow/example_dags/example_branch_python_dop_operator_3.py
[2025-12-10T12:08:18.198+0530] {processor.py:914} INFO - Processing file /home/sneha/spotify_airflow_project/venv/lib/python3.12/site-packages/airflow/example_dags/example_branch_python_dop_operator_3.py for tasks to queue
[2025-12-10T12:08:18.201+0530] {logging_mixin.py:190} INFO - [2025-12-10T12:08:18.200+0530] {dagbag.py:588} INFO - Filling up the DagBag from /home/sneha/spotify_airflow_project/venv/lib/python3.12/site-packages/airflow/example_dags/example_branch_python_dop_operator_3.py
[2025-12-10T12:08:18.210+0530] {processor.py:925} INFO - DAG(s) 'example_branch_dop_operator_v3' retrieved from /home/sneha/spotify_airflow_project/venv/lib/python3.12/site-packages/airflow/example_dags/example_branch_python_dop_operator_3.py
[2025-12-10T12:08:18.224+0530] {logging_mixin.py:190} INFO - [2025-12-10T12:08:18.224+0530] {dag.py:3239} INFO - Sync 1 DAGs
[2025-12-10T12:08:18.248+0530] {logging_mixin.py:190} INFO - [2025-12-10T12:08:18.248+0530] {dag.py:4180} INFO - Setting next_dagrun for example_branch_dop_operator_v3 to 2025-12-10 06:37:00+00:00, run_after=2025-12-10 06:38:00+00:00
[2025-12-10T12:08:18.267+0530] {processor.py:208} INFO - Processing /home/sneha/spotify_airflow_project/venv/lib/python3.12/site-packages/airflow/example_dags/example_branch_python_dop_operator_3.py took 0.080 seconds
[2025-12-10T12:09:12.677+0530] {processor.py:186} INFO - Started process (PID=12148) to work on /home/sneha/spotify_airflow_project/venv/lib/python3.12/site-packages/airflow/example_dags/example_branch_python_dop_operator_3.py
[2025-12-10T12:09:12.678+0530] {processor.py:914} INFO - Processing file /home/sneha/spotify_airflow_project/venv/lib/python3.12/site-packages/airflow/example_dags/example_branch_python_dop_operator_3.py for tasks to queue
[2025-12-10T12:09:12.682+0530] {logging_mixin.py:190} INFO - [2025-12-10T12:09:12.681+0530] {dagbag.py:588} INFO - Filling up the DagBag from /home/sneha/spotify_airflow_project/venv/lib/python3.12/site-packages/airflow/example_dags/example_branch_python_dop_operator_3.py
[2025-12-10T12:09:12.696+0530] {processor.py:925} INFO - DAG(s) 'example_branch_dop_operator_v3' retrieved from /home/sneha/spotify_airflow_project/venv/lib/python3.12/site-packages/airflow/example_dags/example_branch_python_dop_operator_3.py
[2025-12-10T12:09:12.722+0530] {logging_mixin.py:190} INFO - [2025-12-10T12:09:12.721+0530] {dag.py:3239} INFO - Sync 1 DAGs
[2025-12-10T12:09:12.758+0530] {logging_mixin.py:190} INFO - [2025-12-10T12:09:12.758+0530] {dag.py:4180} INFO - Setting next_dagrun for example_branch_dop_operator_v3 to 2025-12-10 06:38:00+00:00, run_after=2025-12-10 06:39:00+00:00
[2025-12-10T12:09:12.787+0530] {processor.py:208} INFO - Processing /home/sneha/spotify_airflow_project/venv/lib/python3.12/site-packages/airflow/example_dags/example_branch_python_dop_operator_3.py took 0.118 seconds
[2025-12-10T12:10:07.279+0530] {processor.py:186} INFO - Started process (PID=12206) to work on /home/sneha/spotify_airflow_project/venv/lib/python3.12/site-packages/airflow/example_dags/example_branch_python_dop_operator_3.py
[2025-12-10T12:10:07.280+0530] {processor.py:914} INFO - Processing file /home/sneha/spotify_airflow_project/venv/lib/python3.12/site-packages/airflow/example_dags/example_branch_python_dop_operator_3.py for tasks to queue
[2025-12-10T12:10:07.283+0530] {logging_mixin.py:190} INFO - [2025-12-10T12:10:07.283+0530] {dagbag.py:588} INFO - Filling up the DagBag from /home/sneha/spotify_airflow_project/venv/lib/python3.12/site-packages/airflow/example_dags/example_branch_python_dop_operator_3.py
[2025-12-10T12:10:07.298+0530] {processor.py:925} INFO - DAG(s) 'example_branch_dop_operator_v3' retrieved from /home/sneha/spotify_airflow_project/venv/lib/python3.12/site-packages/airflow/example_dags/example_branch_python_dop_operator_3.py
[2025-12-10T12:10:07.320+0530] {logging_mixin.py:190} INFO - [2025-12-10T12:10:07.320+0530] {dag.py:3239} INFO - Sync 1 DAGs
[2025-12-10T12:10:07.348+0530] {logging_mixin.py:190} INFO - [2025-12-10T12:10:07.348+0530] {dag.py:4180} INFO - Setting next_dagrun for example_branch_dop_operator_v3 to 2025-12-10 06:39:00+00:00, run_after=2025-12-10 06:40:00+00:00
[2025-12-10T12:10:07.372+0530] {processor.py:208} INFO - Processing /home/sneha/spotify_airflow_project/venv/lib/python3.12/site-packages/airflow/example_dags/example_branch_python_dop_operator_3.py took 0.101 seconds
[2025-12-10T12:11:01.618+0530] {processor.py:186} INFO - Started process (PID=12336) to work on /home/sneha/spotify_airflow_project/venv/lib/python3.12/site-packages/airflow/example_dags/example_branch_python_dop_operator_3.py
[2025-12-10T12:11:01.629+0530] {processor.py:914} INFO - Processing file /home/sneha/spotify_airflow_project/venv/lib/python3.12/site-packages/airflow/example_dags/example_branch_python_dop_operator_3.py for tasks to queue
[2025-12-10T12:11:01.633+0530] {logging_mixin.py:190} INFO - [2025-12-10T12:11:01.632+0530] {dagbag.py:588} INFO - Filling up the DagBag from /home/sneha/spotify_airflow_project/venv/lib/python3.12/site-packages/airflow/example_dags/example_branch_python_dop_operator_3.py
[2025-12-10T12:11:01.643+0530] {processor.py:925} INFO - DAG(s) 'example_branch_dop_operator_v3' retrieved from /home/sneha/spotify_airflow_project/venv/lib/python3.12/site-packages/airflow/example_dags/example_branch_python_dop_operator_3.py
[2025-12-10T12:11:01.658+0530] {logging_mixin.py:190} INFO - [2025-12-10T12:11:01.658+0530] {dag.py:3239} INFO - Sync 1 DAGs
[2025-12-10T12:11:01.680+0530] {logging_mixin.py:190} INFO - [2025-12-10T12:11:01.680+0530] {dag.py:4180} INFO - Setting next_dagrun for example_branch_dop_operator_v3 to 2025-12-10 06:40:00+00:00, run_after=2025-12-10 06:41:00+00:00
[2025-12-10T12:11:01.701+0530] {processor.py:208} INFO - Processing /home/sneha/spotify_airflow_project/venv/lib/python3.12/site-packages/airflow/example_dags/example_branch_python_dop_operator_3.py took 0.089 seconds
[2025-12-10T12:12:16.416+0530] {processor.py:186} INFO - Started process (PID=12444) to work on /home/sneha/spotify_airflow_project/venv/lib/python3.12/site-packages/airflow/example_dags/example_branch_python_dop_operator_3.py
[2025-12-10T12:12:16.417+0530] {processor.py:914} INFO - Processing file /home/sneha/spotify_airflow_project/venv/lib/python3.12/site-packages/airflow/example_dags/example_branch_python_dop_operator_3.py for tasks to queue
[2025-12-10T12:12:16.419+0530] {logging_mixin.py:190} INFO - [2025-12-10T12:12:16.418+0530] {dagbag.py:588} INFO - Filling up the DagBag from /home/sneha/spotify_airflow_project/venv/lib/python3.12/site-packages/airflow/example_dags/example_branch_python_dop_operator_3.py
[2025-12-10T12:12:16.428+0530] {processor.py:925} INFO - DAG(s) 'example_branch_dop_operator_v3' retrieved from /home/sneha/spotify_airflow_project/venv/lib/python3.12/site-packages/airflow/example_dags/example_branch_python_dop_operator_3.py
[2025-12-10T12:12:16.443+0530] {logging_mixin.py:190} INFO - [2025-12-10T12:12:16.443+0530] {dag.py:3239} INFO - Sync 1 DAGs
[2025-12-10T12:12:16.464+0530] {logging_mixin.py:190} INFO - [2025-12-10T12:12:16.464+0530] {dag.py:4180} INFO - Setting next_dagrun for example_branch_dop_operator_v3 to 2025-12-10 06:41:00+00:00, run_after=2025-12-10 06:42:00+00:00
[2025-12-10T12:12:16.485+0530] {processor.py:208} INFO - Processing /home/sneha/spotify_airflow_project/venv/lib/python3.12/site-packages/airflow/example_dags/example_branch_python_dop_operator_3.py took 0.079 seconds
[2025-12-10T12:13:08.362+0530] {processor.py:186} INFO - Started process (PID=12528) to work on /home/sneha/spotify_airflow_project/venv/lib/python3.12/site-packages/airflow/example_dags/example_branch_python_dop_operator_3.py
[2025-12-10T12:13:08.364+0530] {processor.py:914} INFO - Processing file /home/sneha/spotify_airflow_project/venv/lib/python3.12/site-packages/airflow/example_dags/example_branch_python_dop_operator_3.py for tasks to queue
[2025-12-10T12:13:08.366+0530] {logging_mixin.py:190} INFO - [2025-12-10T12:13:08.366+0530] {dagbag.py:588} INFO - Filling up the DagBag from /home/sneha/spotify_airflow_project/venv/lib/python3.12/site-packages/airflow/example_dags/example_branch_python_dop_operator_3.py
[2025-12-10T12:13:08.376+0530] {processor.py:925} INFO - DAG(s) 'example_branch_dop_operator_v3' retrieved from /home/sneha/spotify_airflow_project/venv/lib/python3.12/site-packages/airflow/example_dags/example_branch_python_dop_operator_3.py
[2025-12-10T12:13:08.391+0530] {logging_mixin.py:190} INFO - [2025-12-10T12:13:08.391+0530] {dag.py:3239} INFO - Sync 1 DAGs
[2025-12-10T12:13:08.411+0530] {logging_mixin.py:190} INFO - [2025-12-10T12:13:08.411+0530] {dag.py:4180} INFO - Setting next_dagrun for example_branch_dop_operator_v3 to 2025-12-10 06:42:00+00:00, run_after=2025-12-10 06:43:00+00:00
[2025-12-10T12:13:08.430+0530] {processor.py:208} INFO - Processing /home/sneha/spotify_airflow_project/venv/lib/python3.12/site-packages/airflow/example_dags/example_branch_python_dop_operator_3.py took 0.079 seconds
[2025-12-10T12:14:00.260+0530] {processor.py:186} INFO - Started process (PID=12646) to work on /home/sneha/spotify_airflow_project/venv/lib/python3.12/site-packages/airflow/example_dags/example_branch_python_dop_operator_3.py
[2025-12-10T12:14:00.271+0530] {processor.py:914} INFO - Processing file /home/sneha/spotify_airflow_project/venv/lib/python3.12/site-packages/airflow/example_dags/example_branch_python_dop_operator_3.py for tasks to queue
[2025-12-10T12:14:00.274+0530] {logging_mixin.py:190} INFO - [2025-12-10T12:14:00.273+0530] {dagbag.py:588} INFO - Filling up the DagBag from /home/sneha/spotify_airflow_project/venv/lib/python3.12/site-packages/airflow/example_dags/example_branch_python_dop_operator_3.py
[2025-12-10T12:14:00.285+0530] {processor.py:925} INFO - DAG(s) 'example_branch_dop_operator_v3' retrieved from /home/sneha/spotify_airflow_project/venv/lib/python3.12/site-packages/airflow/example_dags/example_branch_python_dop_operator_3.py
[2025-12-10T12:14:00.299+0530] {logging_mixin.py:190} INFO - [2025-12-10T12:14:00.299+0530] {dag.py:3239} INFO - Sync 1 DAGs
[2025-12-10T12:14:00.320+0530] {logging_mixin.py:190} INFO - [2025-12-10T12:14:00.320+0530] {dag.py:4180} INFO - Setting next_dagrun for example_branch_dop_operator_v3 to 2025-12-10 06:43:00+00:00, run_after=2025-12-10 06:44:00+00:00
[2025-12-10T12:14:00.338+0530] {processor.py:208} INFO - Processing /home/sneha/spotify_airflow_project/venv/lib/python3.12/site-packages/airflow/example_dags/example_branch_python_dop_operator_3.py took 0.087 seconds
[2025-12-10T12:15:15.510+0530] {processor.py:186} INFO - Started process (PID=12731) to work on /home/sneha/spotify_airflow_project/venv/lib/python3.12/site-packages/airflow/example_dags/example_branch_python_dop_operator_3.py
[2025-12-10T12:15:15.512+0530] {processor.py:914} INFO - Processing file /home/sneha/spotify_airflow_project/venv/lib/python3.12/site-packages/airflow/example_dags/example_branch_python_dop_operator_3.py for tasks to queue
[2025-12-10T12:15:15.515+0530] {logging_mixin.py:190} INFO - [2025-12-10T12:15:15.514+0530] {dagbag.py:588} INFO - Filling up the DagBag from /home/sneha/spotify_airflow_project/venv/lib/python3.12/site-packages/airflow/example_dags/example_branch_python_dop_operator_3.py
[2025-12-10T12:15:15.527+0530] {processor.py:925} INFO - DAG(s) 'example_branch_dop_operator_v3' retrieved from /home/sneha/spotify_airflow_project/venv/lib/python3.12/site-packages/airflow/example_dags/example_branch_python_dop_operator_3.py
[2025-12-10T12:15:15.548+0530] {logging_mixin.py:190} INFO - [2025-12-10T12:15:15.547+0530] {dag.py:3239} INFO - Sync 1 DAGs
[2025-12-10T12:15:15.581+0530] {logging_mixin.py:190} INFO - [2025-12-10T12:15:15.580+0530] {dag.py:4180} INFO - Setting next_dagrun for example_branch_dop_operator_v3 to 2025-12-10 06:44:00+00:00, run_after=2025-12-10 06:45:00+00:00
[2025-12-10T12:15:15.607+0530] {processor.py:208} INFO - Processing /home/sneha/spotify_airflow_project/venv/lib/python3.12/site-packages/airflow/example_dags/example_branch_python_dop_operator_3.py took 0.104 seconds
[2025-12-10T12:16:31.660+0530] {processor.py:186} INFO - Started process (PID=12870) to work on /home/sneha/spotify_airflow_project/venv/lib/python3.12/site-packages/airflow/example_dags/example_branch_python_dop_operator_3.py
[2025-12-10T12:16:31.671+0530] {processor.py:914} INFO - Processing file /home/sneha/spotify_airflow_project/venv/lib/python3.12/site-packages/airflow/example_dags/example_branch_python_dop_operator_3.py for tasks to queue
[2025-12-10T12:16:31.673+0530] {logging_mixin.py:190} INFO - [2025-12-10T12:16:31.673+0530] {dagbag.py:588} INFO - Filling up the DagBag from /home/sneha/spotify_airflow_project/venv/lib/python3.12/site-packages/airflow/example_dags/example_branch_python_dop_operator_3.py
[2025-12-10T12:16:31.684+0530] {processor.py:925} INFO - DAG(s) 'example_branch_dop_operator_v3' retrieved from /home/sneha/spotify_airflow_project/venv/lib/python3.12/site-packages/airflow/example_dags/example_branch_python_dop_operator_3.py
[2025-12-10T12:16:31.699+0530] {logging_mixin.py:190} INFO - [2025-12-10T12:16:31.699+0530] {dag.py:3239} INFO - Sync 1 DAGs
[2025-12-10T12:16:31.719+0530] {logging_mixin.py:190} INFO - [2025-12-10T12:16:31.719+0530] {dag.py:4180} INFO - Setting next_dagrun for example_branch_dop_operator_v3 to 2025-12-10 06:45:00+00:00, run_after=2025-12-10 06:46:00+00:00
[2025-12-10T12:16:31.738+0530] {processor.py:208} INFO - Processing /home/sneha/spotify_airflow_project/venv/lib/python3.12/site-packages/airflow/example_dags/example_branch_python_dop_operator_3.py took 0.089 seconds
[2025-12-10T12:17:23.480+0530] {processor.py:186} INFO - Started process (PID=12957) to work on /home/sneha/spotify_airflow_project/venv/lib/python3.12/site-packages/airflow/example_dags/example_branch_python_dop_operator_3.py
[2025-12-10T12:17:23.481+0530] {processor.py:914} INFO - Processing file /home/sneha/spotify_airflow_project/venv/lib/python3.12/site-packages/airflow/example_dags/example_branch_python_dop_operator_3.py for tasks to queue
[2025-12-10T12:17:23.483+0530] {logging_mixin.py:190} INFO - [2025-12-10T12:17:23.483+0530] {dagbag.py:588} INFO - Filling up the DagBag from /home/sneha/spotify_airflow_project/venv/lib/python3.12/site-packages/airflow/example_dags/example_branch_python_dop_operator_3.py
[2025-12-10T12:17:23.493+0530] {processor.py:925} INFO - DAG(s) 'example_branch_dop_operator_v3' retrieved from /home/sneha/spotify_airflow_project/venv/lib/python3.12/site-packages/airflow/example_dags/example_branch_python_dop_operator_3.py
[2025-12-10T12:17:23.508+0530] {logging_mixin.py:190} INFO - [2025-12-10T12:17:23.507+0530] {dag.py:3239} INFO - Sync 1 DAGs
[2025-12-10T12:17:23.528+0530] {logging_mixin.py:190} INFO - [2025-12-10T12:17:23.528+0530] {dag.py:4180} INFO - Setting next_dagrun for example_branch_dop_operator_v3 to 2025-12-10 06:46:00+00:00, run_after=2025-12-10 06:47:00+00:00
[2025-12-10T12:17:23.548+0530] {processor.py:208} INFO - Processing /home/sneha/spotify_airflow_project/venv/lib/python3.12/site-packages/airflow/example_dags/example_branch_python_dop_operator_3.py took 0.078 seconds
[2025-12-10T12:18:17.330+0530] {processor.py:186} INFO - Started process (PID=13013) to work on /home/sneha/spotify_airflow_project/venv/lib/python3.12/site-packages/airflow/example_dags/example_branch_python_dop_operator_3.py
[2025-12-10T12:18:17.341+0530] {processor.py:914} INFO - Processing file /home/sneha/spotify_airflow_project/venv/lib/python3.12/site-packages/airflow/example_dags/example_branch_python_dop_operator_3.py for tasks to queue
[2025-12-10T12:18:17.344+0530] {logging_mixin.py:190} INFO - [2025-12-10T12:18:17.343+0530] {dagbag.py:588} INFO - Filling up the DagBag from /home/sneha/spotify_airflow_project/venv/lib/python3.12/site-packages/airflow/example_dags/example_branch_python_dop_operator_3.py
[2025-12-10T12:18:17.355+0530] {processor.py:925} INFO - DAG(s) 'example_branch_dop_operator_v3' retrieved from /home/sneha/spotify_airflow_project/venv/lib/python3.12/site-packages/airflow/example_dags/example_branch_python_dop_operator_3.py
[2025-12-10T12:18:17.369+0530] {logging_mixin.py:190} INFO - [2025-12-10T12:18:17.369+0530] {dag.py:3239} INFO - Sync 1 DAGs
[2025-12-10T12:18:17.390+0530] {logging_mixin.py:190} INFO - [2025-12-10T12:18:17.390+0530] {dag.py:4180} INFO - Setting next_dagrun for example_branch_dop_operator_v3 to 2025-12-10 06:47:00+00:00, run_after=2025-12-10 06:48:00+00:00
[2025-12-10T12:18:17.407+0530] {processor.py:208} INFO - Processing /home/sneha/spotify_airflow_project/venv/lib/python3.12/site-packages/airflow/example_dags/example_branch_python_dop_operator_3.py took 0.088 seconds
[2025-12-10T12:19:10.884+0530] {processor.py:186} INFO - Started process (PID=13070) to work on /home/sneha/spotify_airflow_project/venv/lib/python3.12/site-packages/airflow/example_dags/example_branch_python_dop_operator_3.py
[2025-12-10T12:19:10.885+0530] {processor.py:914} INFO - Processing file /home/sneha/spotify_airflow_project/venv/lib/python3.12/site-packages/airflow/example_dags/example_branch_python_dop_operator_3.py for tasks to queue
[2025-12-10T12:19:10.887+0530] {logging_mixin.py:190} INFO - [2025-12-10T12:19:10.887+0530] {dagbag.py:588} INFO - Filling up the DagBag from /home/sneha/spotify_airflow_project/venv/lib/python3.12/site-packages/airflow/example_dags/example_branch_python_dop_operator_3.py
[2025-12-10T12:19:10.897+0530] {processor.py:925} INFO - DAG(s) 'example_branch_dop_operator_v3' retrieved from /home/sneha/spotify_airflow_project/venv/lib/python3.12/site-packages/airflow/example_dags/example_branch_python_dop_operator_3.py
[2025-12-10T12:19:10.912+0530] {logging_mixin.py:190} INFO - [2025-12-10T12:19:10.912+0530] {dag.py:3239} INFO - Sync 1 DAGs
[2025-12-10T12:19:10.933+0530] {logging_mixin.py:190} INFO - [2025-12-10T12:19:10.932+0530] {dag.py:4180} INFO - Setting next_dagrun for example_branch_dop_operator_v3 to 2025-12-10 06:48:00+00:00, run_after=2025-12-10 06:49:00+00:00
[2025-12-10T12:19:10.953+0530] {processor.py:208} INFO - Processing /home/sneha/spotify_airflow_project/venv/lib/python3.12/site-packages/airflow/example_dags/example_branch_python_dop_operator_3.py took 0.080 seconds
[2025-12-10T12:20:02.636+0530] {processor.py:186} INFO - Started process (PID=13127) to work on /home/sneha/spotify_airflow_project/venv/lib/python3.12/site-packages/airflow/example_dags/example_branch_python_dop_operator_3.py
[2025-12-10T12:20:02.637+0530] {processor.py:914} INFO - Processing file /home/sneha/spotify_airflow_project/venv/lib/python3.12/site-packages/airflow/example_dags/example_branch_python_dop_operator_3.py for tasks to queue
[2025-12-10T12:20:02.640+0530] {logging_mixin.py:190} INFO - [2025-12-10T12:20:02.639+0530] {dagbag.py:588} INFO - Filling up the DagBag from /home/sneha/spotify_airflow_project/venv/lib/python3.12/site-packages/airflow/example_dags/example_branch_python_dop_operator_3.py
[2025-12-10T12:20:02.650+0530] {processor.py:925} INFO - DAG(s) 'example_branch_dop_operator_v3' retrieved from /home/sneha/spotify_airflow_project/venv/lib/python3.12/site-packages/airflow/example_dags/example_branch_python_dop_operator_3.py
[2025-12-10T12:20:02.664+0530] {logging_mixin.py:190} INFO - [2025-12-10T12:20:02.664+0530] {dag.py:3239} INFO - Sync 1 DAGs
[2025-12-10T12:20:02.684+0530] {logging_mixin.py:190} INFO - [2025-12-10T12:20:02.684+0530] {dag.py:4180} INFO - Setting next_dagrun for example_branch_dop_operator_v3 to 2025-12-10 06:49:00+00:00, run_after=2025-12-10 06:50:00+00:00
[2025-12-10T12:20:02.702+0530] {processor.py:208} INFO - Processing /home/sneha/spotify_airflow_project/venv/lib/python3.12/site-packages/airflow/example_dags/example_branch_python_dop_operator_3.py took 0.076 seconds
[2025-12-10T12:20:54.094+0530] {processor.py:186} INFO - Started process (PID=13187) to work on /home/sneha/spotify_airflow_project/venv/lib/python3.12/site-packages/airflow/example_dags/example_branch_python_dop_operator_3.py
[2025-12-10T12:20:54.095+0530] {processor.py:914} INFO - Processing file /home/sneha/spotify_airflow_project/venv/lib/python3.12/site-packages/airflow/example_dags/example_branch_python_dop_operator_3.py for tasks to queue
[2025-12-10T12:20:54.097+0530] {logging_mixin.py:190} INFO - [2025-12-10T12:20:54.097+0530] {dagbag.py:588} INFO - Filling up the DagBag from /home/sneha/spotify_airflow_project/venv/lib/python3.12/site-packages/airflow/example_dags/example_branch_python_dop_operator_3.py
[2025-12-10T12:20:54.107+0530] {processor.py:925} INFO - DAG(s) 'example_branch_dop_operator_v3' retrieved from /home/sneha/spotify_airflow_project/venv/lib/python3.12/site-packages/airflow/example_dags/example_branch_python_dop_operator_3.py
[2025-12-10T12:20:54.122+0530] {logging_mixin.py:190} INFO - [2025-12-10T12:20:54.122+0530] {dag.py:3239} INFO - Sync 1 DAGs
[2025-12-10T12:20:54.143+0530] {logging_mixin.py:190} INFO - [2025-12-10T12:20:54.143+0530] {dag.py:4180} INFO - Setting next_dagrun for example_branch_dop_operator_v3 to 2025-12-10 06:49:00+00:00, run_after=2025-12-10 06:50:00+00:00
[2025-12-10T12:20:54.160+0530] {processor.py:208} INFO - Processing /home/sneha/spotify_airflow_project/venv/lib/python3.12/site-packages/airflow/example_dags/example_branch_python_dop_operator_3.py took 0.076 seconds
[2025-12-10T12:21:46.206+0530] {processor.py:186} INFO - Started process (PID=13347) to work on /home/sneha/spotify_airflow_project/venv/lib/python3.12/site-packages/airflow/example_dags/example_branch_python_dop_operator_3.py
[2025-12-10T12:21:46.207+0530] {processor.py:914} INFO - Processing file /home/sneha/spotify_airflow_project/venv/lib/python3.12/site-packages/airflow/example_dags/example_branch_python_dop_operator_3.py for tasks to queue
[2025-12-10T12:21:46.209+0530] {logging_mixin.py:190} INFO - [2025-12-10T12:21:46.209+0530] {dagbag.py:588} INFO - Filling up the DagBag from /home/sneha/spotify_airflow_project/venv/lib/python3.12/site-packages/airflow/example_dags/example_branch_python_dop_operator_3.py
[2025-12-10T12:21:46.219+0530] {processor.py:925} INFO - DAG(s) 'example_branch_dop_operator_v3' retrieved from /home/sneha/spotify_airflow_project/venv/lib/python3.12/site-packages/airflow/example_dags/example_branch_python_dop_operator_3.py
[2025-12-10T12:21:46.233+0530] {logging_mixin.py:190} INFO - [2025-12-10T12:21:46.233+0530] {dag.py:3239} INFO - Sync 1 DAGs
[2025-12-10T12:21:46.253+0530] {logging_mixin.py:190} INFO - [2025-12-10T12:21:46.253+0530] {dag.py:4180} INFO - Setting next_dagrun for example_branch_dop_operator_v3 to 2025-12-10 06:50:00+00:00, run_after=2025-12-10 06:51:00+00:00
[2025-12-10T12:21:46.270+0530] {processor.py:208} INFO - Processing /home/sneha/spotify_airflow_project/venv/lib/python3.12/site-packages/airflow/example_dags/example_branch_python_dop_operator_3.py took 0.075 seconds
[2025-12-10T12:22:39.283+0530] {processor.py:186} INFO - Started process (PID=13600) to work on /home/sneha/spotify_airflow_project/venv/lib/python3.12/site-packages/airflow/example_dags/example_branch_python_dop_operator_3.py
[2025-12-10T12:22:39.284+0530] {processor.py:914} INFO - Processing file /home/sneha/spotify_airflow_project/venv/lib/python3.12/site-packages/airflow/example_dags/example_branch_python_dop_operator_3.py for tasks to queue
[2025-12-10T12:22:39.286+0530] {logging_mixin.py:190} INFO - [2025-12-10T12:22:39.286+0530] {dagbag.py:588} INFO - Filling up the DagBag from /home/sneha/spotify_airflow_project/venv/lib/python3.12/site-packages/airflow/example_dags/example_branch_python_dop_operator_3.py
[2025-12-10T12:22:39.297+0530] {processor.py:925} INFO - DAG(s) 'example_branch_dop_operator_v3' retrieved from /home/sneha/spotify_airflow_project/venv/lib/python3.12/site-packages/airflow/example_dags/example_branch_python_dop_operator_3.py
[2025-12-10T12:22:39.312+0530] {logging_mixin.py:190} INFO - [2025-12-10T12:22:39.312+0530] {dag.py:3239} INFO - Sync 1 DAGs
[2025-12-10T12:22:39.334+0530] {logging_mixin.py:190} INFO - [2025-12-10T12:22:39.334+0530] {dag.py:4180} INFO - Setting next_dagrun for example_branch_dop_operator_v3 to 2025-12-10 06:51:00+00:00, run_after=2025-12-10 06:52:00+00:00
[2025-12-10T12:22:39.352+0530] {processor.py:208} INFO - Processing /home/sneha/spotify_airflow_project/venv/lib/python3.12/site-packages/airflow/example_dags/example_branch_python_dop_operator_3.py took 0.075 seconds
[2025-12-10T12:23:31.305+0530] {processor.py:186} INFO - Started process (PID=13656) to work on /home/sneha/spotify_airflow_project/venv/lib/python3.12/site-packages/airflow/example_dags/example_branch_python_dop_operator_3.py
[2025-12-10T12:23:31.306+0530] {processor.py:914} INFO - Processing file /home/sneha/spotify_airflow_project/venv/lib/python3.12/site-packages/airflow/example_dags/example_branch_python_dop_operator_3.py for tasks to queue
[2025-12-10T12:23:31.308+0530] {logging_mixin.py:190} INFO - [2025-12-10T12:23:31.307+0530] {dagbag.py:588} INFO - Filling up the DagBag from /home/sneha/spotify_airflow_project/venv/lib/python3.12/site-packages/airflow/example_dags/example_branch_python_dop_operator_3.py
[2025-12-10T12:23:31.318+0530] {processor.py:925} INFO - DAG(s) 'example_branch_dop_operator_v3' retrieved from /home/sneha/spotify_airflow_project/venv/lib/python3.12/site-packages/airflow/example_dags/example_branch_python_dop_operator_3.py
[2025-12-10T12:23:31.333+0530] {logging_mixin.py:190} INFO - [2025-12-10T12:23:31.332+0530] {dag.py:3239} INFO - Sync 1 DAGs
[2025-12-10T12:23:31.355+0530] {logging_mixin.py:190} INFO - [2025-12-10T12:23:31.355+0530] {dag.py:4180} INFO - Setting next_dagrun for example_branch_dop_operator_v3 to 2025-12-10 06:52:00+00:00, run_after=2025-12-10 06:53:00+00:00
[2025-12-10T12:23:31.374+0530] {processor.py:208} INFO - Processing /home/sneha/spotify_airflow_project/venv/lib/python3.12/site-packages/airflow/example_dags/example_branch_python_dop_operator_3.py took 0.076 seconds
[2025-12-10T12:24:23.290+0530] {processor.py:186} INFO - Started process (PID=13712) to work on /home/sneha/spotify_airflow_project/venv/lib/python3.12/site-packages/airflow/example_dags/example_branch_python_dop_operator_3.py
[2025-12-10T12:24:23.291+0530] {processor.py:914} INFO - Processing file /home/sneha/spotify_airflow_project/venv/lib/python3.12/site-packages/airflow/example_dags/example_branch_python_dop_operator_3.py for tasks to queue
[2025-12-10T12:24:23.294+0530] {logging_mixin.py:190} INFO - [2025-12-10T12:24:23.294+0530] {dagbag.py:588} INFO - Filling up the DagBag from /home/sneha/spotify_airflow_project/venv/lib/python3.12/site-packages/airflow/example_dags/example_branch_python_dop_operator_3.py
[2025-12-10T12:24:23.305+0530] {processor.py:925} INFO - DAG(s) 'example_branch_dop_operator_v3' retrieved from /home/sneha/spotify_airflow_project/venv/lib/python3.12/site-packages/airflow/example_dags/example_branch_python_dop_operator_3.py
[2025-12-10T12:24:23.321+0530] {logging_mixin.py:190} INFO - [2025-12-10T12:24:23.321+0530] {dag.py:3239} INFO - Sync 1 DAGs
[2025-12-10T12:24:23.346+0530] {logging_mixin.py:190} INFO - [2025-12-10T12:24:23.345+0530] {dag.py:4180} INFO - Setting next_dagrun for example_branch_dop_operator_v3 to 2025-12-10 06:53:00+00:00, run_after=2025-12-10 06:54:00+00:00
[2025-12-10T12:24:23.366+0530] {processor.py:208} INFO - Processing /home/sneha/spotify_airflow_project/venv/lib/python3.12/site-packages/airflow/example_dags/example_branch_python_dop_operator_3.py took 0.083 seconds
