[2025-12-10T12:02:41.263+0530] {processor.py:186} INFO - Started process (PID=11247) to work on /home/sneha/spotify_airflow_project/venv/lib/python3.12/site-packages/airflow/example_dags/example_dynamic_task_mapping.py
[2025-12-10T12:02:41.264+0530] {processor.py:914} INFO - Processing file /home/sneha/spotify_airflow_project/venv/lib/python3.12/site-packages/airflow/example_dags/example_dynamic_task_mapping.py for tasks to queue
[2025-12-10T12:02:41.266+0530] {logging_mixin.py:190} INFO - [2025-12-10T12:02:41.265+0530] {dagbag.py:588} INFO - Filling up the DagBag from /home/sneha/spotify_airflow_project/venv/lib/python3.12/site-packages/airflow/example_dags/example_dynamic_task_mapping.py
[2025-12-10T12:02:41.273+0530] {processor.py:925} INFO - DAG(s) 'example_dynamic_task_mapping' retrieved from /home/sneha/spotify_airflow_project/venv/lib/python3.12/site-packages/airflow/example_dags/example_dynamic_task_mapping.py
[2025-12-10T12:02:41.381+0530] {logging_mixin.py:190} INFO - [2025-12-10T12:02:41.380+0530] {override.py:1900} INFO - Created Permission View: can read on DAG:example_dynamic_task_mapping
[2025-12-10T12:02:41.393+0530] {logging_mixin.py:190} INFO - [2025-12-10T12:02:41.392+0530] {override.py:1900} INFO - Created Permission View: can delete on DAG:example_dynamic_task_mapping
[2025-12-10T12:02:41.403+0530] {logging_mixin.py:190} INFO - [2025-12-10T12:02:41.402+0530] {override.py:1900} INFO - Created Permission View: can edit on DAG:example_dynamic_task_mapping
[2025-12-10T12:02:41.416+0530] {logging_mixin.py:190} INFO - [2025-12-10T12:02:41.415+0530] {override.py:1900} INFO - Created Permission View: can read on DAG Run:example_dynamic_task_mapping
[2025-12-10T12:02:41.422+0530] {logging_mixin.py:190} INFO - [2025-12-10T12:02:41.422+0530] {override.py:1900} INFO - Created Permission View: can delete on DAG Run:example_dynamic_task_mapping
[2025-12-10T12:02:41.433+0530] {logging_mixin.py:190} INFO - [2025-12-10T12:02:41.432+0530] {override.py:1900} INFO - Created Permission View: menu access on DAG Run:example_dynamic_task_mapping
[2025-12-10T12:02:41.439+0530] {logging_mixin.py:190} INFO - [2025-12-10T12:02:41.439+0530] {override.py:1900} INFO - Created Permission View: can create on DAG Run:example_dynamic_task_mapping
[2025-12-10T12:02:41.439+0530] {logging_mixin.py:190} INFO - [2025-12-10T12:02:41.439+0530] {dag.py:3239} INFO - Sync 1 DAGs
[2025-12-10T12:02:41.453+0530] {logging_mixin.py:190} INFO - [2025-12-10T12:02:41.453+0530] {dag.py:3262} INFO - Creating ORM DAG for example_dynamic_task_mapping
[2025-12-10T12:02:41.454+0530] {logging_mixin.py:190} INFO - [2025-12-10T12:02:41.453+0530] {dag.py:4180} INFO - Setting next_dagrun for example_dynamic_task_mapping to None, run_after=None
[2025-12-10T12:02:41.470+0530] {processor.py:208} INFO - Processing /home/sneha/spotify_airflow_project/venv/lib/python3.12/site-packages/airflow/example_dags/example_dynamic_task_mapping.py took 0.218 seconds
[2025-12-10T12:03:40.557+0530] {processor.py:186} INFO - Started process (PID=11368) to work on /home/sneha/spotify_airflow_project/venv/lib/python3.12/site-packages/airflow/example_dags/example_dynamic_task_mapping.py
[2025-12-10T12:03:40.567+0530] {processor.py:914} INFO - Processing file /home/sneha/spotify_airflow_project/venv/lib/python3.12/site-packages/airflow/example_dags/example_dynamic_task_mapping.py for tasks to queue
[2025-12-10T12:03:40.570+0530] {logging_mixin.py:190} INFO - [2025-12-10T12:03:40.570+0530] {dagbag.py:588} INFO - Filling up the DagBag from /home/sneha/spotify_airflow_project/venv/lib/python3.12/site-packages/airflow/example_dags/example_dynamic_task_mapping.py
[2025-12-10T12:03:40.583+0530] {processor.py:925} INFO - DAG(s) 'example_dynamic_task_mapping' retrieved from /home/sneha/spotify_airflow_project/venv/lib/python3.12/site-packages/airflow/example_dags/example_dynamic_task_mapping.py
[2025-12-10T12:03:40.600+0530] {logging_mixin.py:190} INFO - [2025-12-10T12:03:40.600+0530] {dag.py:3239} INFO - Sync 1 DAGs
[2025-12-10T12:03:40.612+0530] {logging_mixin.py:190} INFO - [2025-12-10T12:03:40.611+0530] {dag.py:4180} INFO - Setting next_dagrun for example_dynamic_task_mapping to None, run_after=None
[2025-12-10T12:03:40.633+0530] {processor.py:208} INFO - Processing /home/sneha/spotify_airflow_project/venv/lib/python3.12/site-packages/airflow/example_dags/example_dynamic_task_mapping.py took 0.084 seconds
[2025-12-10T12:04:35.317+0530] {processor.py:186} INFO - Started process (PID=11455) to work on /home/sneha/spotify_airflow_project/venv/lib/python3.12/site-packages/airflow/example_dags/example_dynamic_task_mapping.py
[2025-12-10T12:04:35.318+0530] {processor.py:914} INFO - Processing file /home/sneha/spotify_airflow_project/venv/lib/python3.12/site-packages/airflow/example_dags/example_dynamic_task_mapping.py for tasks to queue
[2025-12-10T12:04:35.322+0530] {logging_mixin.py:190} INFO - [2025-12-10T12:04:35.322+0530] {dagbag.py:588} INFO - Filling up the DagBag from /home/sneha/spotify_airflow_project/venv/lib/python3.12/site-packages/airflow/example_dags/example_dynamic_task_mapping.py
[2025-12-10T12:04:35.333+0530] {processor.py:925} INFO - DAG(s) 'example_dynamic_task_mapping' retrieved from /home/sneha/spotify_airflow_project/venv/lib/python3.12/site-packages/airflow/example_dags/example_dynamic_task_mapping.py
[2025-12-10T12:04:35.351+0530] {logging_mixin.py:190} INFO - [2025-12-10T12:04:35.351+0530] {dag.py:3239} INFO - Sync 1 DAGs
[2025-12-10T12:04:35.367+0530] {logging_mixin.py:190} INFO - [2025-12-10T12:04:35.367+0530] {dag.py:4180} INFO - Setting next_dagrun for example_dynamic_task_mapping to None, run_after=None
[2025-12-10T12:04:35.390+0530] {processor.py:208} INFO - Processing /home/sneha/spotify_airflow_project/venv/lib/python3.12/site-packages/airflow/example_dags/example_dynamic_task_mapping.py took 0.079 seconds
[2025-12-10T12:05:32.616+0530] {processor.py:186} INFO - Started process (PID=11639) to work on /home/sneha/spotify_airflow_project/venv/lib/python3.12/site-packages/airflow/example_dags/example_dynamic_task_mapping.py
[2025-12-10T12:05:32.617+0530] {processor.py:914} INFO - Processing file /home/sneha/spotify_airflow_project/venv/lib/python3.12/site-packages/airflow/example_dags/example_dynamic_task_mapping.py for tasks to queue
[2025-12-10T12:05:32.619+0530] {logging_mixin.py:190} INFO - [2025-12-10T12:05:32.619+0530] {dagbag.py:588} INFO - Filling up the DagBag from /home/sneha/spotify_airflow_project/venv/lib/python3.12/site-packages/airflow/example_dags/example_dynamic_task_mapping.py
[2025-12-10T12:05:32.626+0530] {processor.py:925} INFO - DAG(s) 'example_dynamic_task_mapping' retrieved from /home/sneha/spotify_airflow_project/venv/lib/python3.12/site-packages/airflow/example_dags/example_dynamic_task_mapping.py
[2025-12-10T12:05:32.641+0530] {logging_mixin.py:190} INFO - [2025-12-10T12:05:32.640+0530] {dag.py:3239} INFO - Sync 1 DAGs
[2025-12-10T12:05:32.652+0530] {logging_mixin.py:190} INFO - [2025-12-10T12:05:32.652+0530] {dag.py:4180} INFO - Setting next_dagrun for example_dynamic_task_mapping to None, run_after=None
[2025-12-10T12:05:32.668+0530] {processor.py:208} INFO - Processing /home/sneha/spotify_airflow_project/venv/lib/python3.12/site-packages/airflow/example_dags/example_dynamic_task_mapping.py took 0.064 seconds
[2025-12-10T12:06:26.060+0530] {processor.py:186} INFO - Started process (PID=11813) to work on /home/sneha/spotify_airflow_project/venv/lib/python3.12/site-packages/airflow/example_dags/example_dynamic_task_mapping.py
[2025-12-10T12:06:26.061+0530] {processor.py:914} INFO - Processing file /home/sneha/spotify_airflow_project/venv/lib/python3.12/site-packages/airflow/example_dags/example_dynamic_task_mapping.py for tasks to queue
[2025-12-10T12:06:26.064+0530] {logging_mixin.py:190} INFO - [2025-12-10T12:06:26.063+0530] {dagbag.py:588} INFO - Filling up the DagBag from /home/sneha/spotify_airflow_project/venv/lib/python3.12/site-packages/airflow/example_dags/example_dynamic_task_mapping.py
[2025-12-10T12:06:26.071+0530] {processor.py:925} INFO - DAG(s) 'example_dynamic_task_mapping' retrieved from /home/sneha/spotify_airflow_project/venv/lib/python3.12/site-packages/airflow/example_dags/example_dynamic_task_mapping.py
[2025-12-10T12:06:26.086+0530] {logging_mixin.py:190} INFO - [2025-12-10T12:06:26.085+0530] {dag.py:3239} INFO - Sync 1 DAGs
[2025-12-10T12:06:26.097+0530] {logging_mixin.py:190} INFO - [2025-12-10T12:06:26.096+0530] {dag.py:4180} INFO - Setting next_dagrun for example_dynamic_task_mapping to None, run_after=None
[2025-12-10T12:06:26.113+0530] {processor.py:208} INFO - Processing /home/sneha/spotify_airflow_project/venv/lib/python3.12/site-packages/airflow/example_dags/example_dynamic_task_mapping.py took 0.062 seconds
[2025-12-10T12:07:48.450+0530] {processor.py:186} INFO - Started process (PID=11933) to work on /home/sneha/spotify_airflow_project/venv/lib/python3.12/site-packages/airflow/example_dags/example_dynamic_task_mapping.py
[2025-12-10T12:07:48.451+0530] {processor.py:914} INFO - Processing file /home/sneha/spotify_airflow_project/venv/lib/python3.12/site-packages/airflow/example_dags/example_dynamic_task_mapping.py for tasks to queue
[2025-12-10T12:07:48.454+0530] {logging_mixin.py:190} INFO - [2025-12-10T12:07:48.454+0530] {dagbag.py:588} INFO - Filling up the DagBag from /home/sneha/spotify_airflow_project/venv/lib/python3.12/site-packages/airflow/example_dags/example_dynamic_task_mapping.py
[2025-12-10T12:07:48.592+0530] {processor.py:925} INFO - DAG(s) 'example_dynamic_task_mapping' retrieved from /home/sneha/spotify_airflow_project/venv/lib/python3.12/site-packages/airflow/example_dags/example_dynamic_task_mapping.py
[2025-12-10T12:07:48.603+0530] {logging_mixin.py:190} INFO - [2025-12-10T12:07:48.603+0530] {dag.py:3239} INFO - Sync 1 DAGs
[2025-12-10T12:07:48.612+0530] {logging_mixin.py:190} INFO - [2025-12-10T12:07:48.612+0530] {dag.py:4180} INFO - Setting next_dagrun for example_dynamic_task_mapping to None, run_after=None
[2025-12-10T12:07:48.630+0530] {processor.py:208} INFO - Processing /home/sneha/spotify_airflow_project/venv/lib/python3.12/site-packages/airflow/example_dags/example_dynamic_task_mapping.py took 0.186 seconds
[2025-12-10T12:08:45.488+0530] {processor.py:186} INFO - Started process (PID=12087) to work on /home/sneha/spotify_airflow_project/venv/lib/python3.12/site-packages/airflow/example_dags/example_dynamic_task_mapping.py
[2025-12-10T12:08:45.489+0530] {processor.py:914} INFO - Processing file /home/sneha/spotify_airflow_project/venv/lib/python3.12/site-packages/airflow/example_dags/example_dynamic_task_mapping.py for tasks to queue
[2025-12-10T12:08:45.492+0530] {logging_mixin.py:190} INFO - [2025-12-10T12:08:45.492+0530] {dagbag.py:588} INFO - Filling up the DagBag from /home/sneha/spotify_airflow_project/venv/lib/python3.12/site-packages/airflow/example_dags/example_dynamic_task_mapping.py
[2025-12-10T12:08:45.501+0530] {processor.py:925} INFO - DAG(s) 'example_dynamic_task_mapping' retrieved from /home/sneha/spotify_airflow_project/venv/lib/python3.12/site-packages/airflow/example_dags/example_dynamic_task_mapping.py
[2025-12-10T12:08:45.516+0530] {logging_mixin.py:190} INFO - [2025-12-10T12:08:45.516+0530] {dag.py:3239} INFO - Sync 1 DAGs
[2025-12-10T12:08:45.529+0530] {logging_mixin.py:190} INFO - [2025-12-10T12:08:45.529+0530] {dag.py:4180} INFO - Setting next_dagrun for example_dynamic_task_mapping to None, run_after=None
[2025-12-10T12:08:45.548+0530] {processor.py:208} INFO - Processing /home/sneha/spotify_airflow_project/venv/lib/python3.12/site-packages/airflow/example_dags/example_dynamic_task_mapping.py took 0.067 seconds
[2025-12-10T12:09:39.054+0530] {processor.py:186} INFO - Started process (PID=12176) to work on /home/sneha/spotify_airflow_project/venv/lib/python3.12/site-packages/airflow/example_dags/example_dynamic_task_mapping.py
[2025-12-10T12:09:39.055+0530] {processor.py:914} INFO - Processing file /home/sneha/spotify_airflow_project/venv/lib/python3.12/site-packages/airflow/example_dags/example_dynamic_task_mapping.py for tasks to queue
[2025-12-10T12:09:39.057+0530] {logging_mixin.py:190} INFO - [2025-12-10T12:09:39.057+0530] {dagbag.py:588} INFO - Filling up the DagBag from /home/sneha/spotify_airflow_project/venv/lib/python3.12/site-packages/airflow/example_dags/example_dynamic_task_mapping.py
[2025-12-10T12:09:39.066+0530] {processor.py:925} INFO - DAG(s) 'example_dynamic_task_mapping' retrieved from /home/sneha/spotify_airflow_project/venv/lib/python3.12/site-packages/airflow/example_dags/example_dynamic_task_mapping.py
[2025-12-10T12:09:39.082+0530] {logging_mixin.py:190} INFO - [2025-12-10T12:09:39.081+0530] {dag.py:3239} INFO - Sync 1 DAGs
[2025-12-10T12:09:39.094+0530] {logging_mixin.py:190} INFO - [2025-12-10T12:09:39.094+0530] {dag.py:4180} INFO - Setting next_dagrun for example_dynamic_task_mapping to None, run_after=None
[2025-12-10T12:09:39.117+0530] {processor.py:208} INFO - Processing /home/sneha/spotify_airflow_project/venv/lib/python3.12/site-packages/airflow/example_dags/example_dynamic_task_mapping.py took 0.072 seconds
[2025-12-10T12:10:33.122+0530] {processor.py:186} INFO - Started process (PID=12236) to work on /home/sneha/spotify_airflow_project/venv/lib/python3.12/site-packages/airflow/example_dags/example_dynamic_task_mapping.py
[2025-12-10T12:10:33.132+0530] {processor.py:914} INFO - Processing file /home/sneha/spotify_airflow_project/venv/lib/python3.12/site-packages/airflow/example_dags/example_dynamic_task_mapping.py for tasks to queue
[2025-12-10T12:10:33.135+0530] {logging_mixin.py:190} INFO - [2025-12-10T12:10:33.135+0530] {dagbag.py:588} INFO - Filling up the DagBag from /home/sneha/spotify_airflow_project/venv/lib/python3.12/site-packages/airflow/example_dags/example_dynamic_task_mapping.py
[2025-12-10T12:10:33.144+0530] {processor.py:925} INFO - DAG(s) 'example_dynamic_task_mapping' retrieved from /home/sneha/spotify_airflow_project/venv/lib/python3.12/site-packages/airflow/example_dags/example_dynamic_task_mapping.py
[2025-12-10T12:10:33.159+0530] {logging_mixin.py:190} INFO - [2025-12-10T12:10:33.159+0530] {dag.py:3239} INFO - Sync 1 DAGs
[2025-12-10T12:10:33.171+0530] {logging_mixin.py:190} INFO - [2025-12-10T12:10:33.171+0530] {dag.py:4180} INFO - Setting next_dagrun for example_dynamic_task_mapping to None, run_after=None
[2025-12-10T12:10:33.188+0530] {processor.py:208} INFO - Processing /home/sneha/spotify_airflow_project/venv/lib/python3.12/site-packages/airflow/example_dags/example_dynamic_task_mapping.py took 0.072 seconds
[2025-12-10T12:11:28.585+0530] {processor.py:186} INFO - Started process (PID=12364) to work on /home/sneha/spotify_airflow_project/venv/lib/python3.12/site-packages/airflow/example_dags/example_dynamic_task_mapping.py
[2025-12-10T12:11:28.596+0530] {processor.py:914} INFO - Processing file /home/sneha/spotify_airflow_project/venv/lib/python3.12/site-packages/airflow/example_dags/example_dynamic_task_mapping.py for tasks to queue
[2025-12-10T12:11:28.599+0530] {logging_mixin.py:190} INFO - [2025-12-10T12:11:28.598+0530] {dagbag.py:588} INFO - Filling up the DagBag from /home/sneha/spotify_airflow_project/venv/lib/python3.12/site-packages/airflow/example_dags/example_dynamic_task_mapping.py
[2025-12-10T12:11:28.607+0530] {processor.py:925} INFO - DAG(s) 'example_dynamic_task_mapping' retrieved from /home/sneha/spotify_airflow_project/venv/lib/python3.12/site-packages/airflow/example_dags/example_dynamic_task_mapping.py
[2025-12-10T12:11:28.622+0530] {logging_mixin.py:190} INFO - [2025-12-10T12:11:28.621+0530] {dag.py:3239} INFO - Sync 1 DAGs
[2025-12-10T12:11:28.634+0530] {logging_mixin.py:190} INFO - [2025-12-10T12:11:28.634+0530] {dag.py:4180} INFO - Setting next_dagrun for example_dynamic_task_mapping to None, run_after=None
[2025-12-10T12:11:28.653+0530] {processor.py:208} INFO - Processing /home/sneha/spotify_airflow_project/venv/lib/python3.12/site-packages/airflow/example_dags/example_dynamic_task_mapping.py took 0.079 seconds
[2025-12-10T12:12:42.928+0530] {processor.py:186} INFO - Started process (PID=12477) to work on /home/sneha/spotify_airflow_project/venv/lib/python3.12/site-packages/airflow/example_dags/example_dynamic_task_mapping.py
[2025-12-10T12:12:42.929+0530] {processor.py:914} INFO - Processing file /home/sneha/spotify_airflow_project/venv/lib/python3.12/site-packages/airflow/example_dags/example_dynamic_task_mapping.py for tasks to queue
[2025-12-10T12:12:42.931+0530] {logging_mixin.py:190} INFO - [2025-12-10T12:12:42.931+0530] {dagbag.py:588} INFO - Filling up the DagBag from /home/sneha/spotify_airflow_project/venv/lib/python3.12/site-packages/airflow/example_dags/example_dynamic_task_mapping.py
[2025-12-10T12:12:42.939+0530] {processor.py:925} INFO - DAG(s) 'example_dynamic_task_mapping' retrieved from /home/sneha/spotify_airflow_project/venv/lib/python3.12/site-packages/airflow/example_dags/example_dynamic_task_mapping.py
[2025-12-10T12:12:42.954+0530] {logging_mixin.py:190} INFO - [2025-12-10T12:12:42.954+0530] {dag.py:3239} INFO - Sync 1 DAGs
[2025-12-10T12:12:42.966+0530] {logging_mixin.py:190} INFO - [2025-12-10T12:12:42.966+0530] {dag.py:4180} INFO - Setting next_dagrun for example_dynamic_task_mapping to None, run_after=None
[2025-12-10T12:12:42.986+0530] {processor.py:208} INFO - Processing /home/sneha/spotify_airflow_project/venv/lib/python3.12/site-packages/airflow/example_dags/example_dynamic_task_mapping.py took 0.068 seconds
[2025-12-10T12:14:00.450+0530] {processor.py:186} INFO - Started process (PID=12647) to work on /home/sneha/spotify_airflow_project/venv/lib/python3.12/site-packages/airflow/example_dags/example_dynamic_task_mapping.py
[2025-12-10T12:14:00.451+0530] {processor.py:914} INFO - Processing file /home/sneha/spotify_airflow_project/venv/lib/python3.12/site-packages/airflow/example_dags/example_dynamic_task_mapping.py for tasks to queue
[2025-12-10T12:14:00.453+0530] {logging_mixin.py:190} INFO - [2025-12-10T12:14:00.453+0530] {dagbag.py:588} INFO - Filling up the DagBag from /home/sneha/spotify_airflow_project/venv/lib/python3.12/site-packages/airflow/example_dags/example_dynamic_task_mapping.py
[2025-12-10T12:14:00.461+0530] {processor.py:925} INFO - DAG(s) 'example_dynamic_task_mapping' retrieved from /home/sneha/spotify_airflow_project/venv/lib/python3.12/site-packages/airflow/example_dags/example_dynamic_task_mapping.py
[2025-12-10T12:14:00.475+0530] {logging_mixin.py:190} INFO - [2025-12-10T12:14:00.475+0530] {dag.py:3239} INFO - Sync 1 DAGs
[2025-12-10T12:14:00.486+0530] {logging_mixin.py:190} INFO - [2025-12-10T12:14:00.486+0530] {dag.py:4180} INFO - Setting next_dagrun for example_dynamic_task_mapping to None, run_after=None
[2025-12-10T12:14:00.504+0530] {processor.py:208} INFO - Processing /home/sneha/spotify_airflow_project/venv/lib/python3.12/site-packages/airflow/example_dags/example_dynamic_task_mapping.py took 0.064 seconds
[2025-12-10T12:15:16.788+0530] {processor.py:186} INFO - Started process (PID=12732) to work on /home/sneha/spotify_airflow_project/venv/lib/python3.12/site-packages/airflow/example_dags/example_dynamic_task_mapping.py
[2025-12-10T12:15:16.798+0530] {processor.py:914} INFO - Processing file /home/sneha/spotify_airflow_project/venv/lib/python3.12/site-packages/airflow/example_dags/example_dynamic_task_mapping.py for tasks to queue
[2025-12-10T12:15:16.801+0530] {logging_mixin.py:190} INFO - [2025-12-10T12:15:16.800+0530] {dagbag.py:588} INFO - Filling up the DagBag from /home/sneha/spotify_airflow_project/venv/lib/python3.12/site-packages/airflow/example_dags/example_dynamic_task_mapping.py
[2025-12-10T12:15:16.810+0530] {processor.py:925} INFO - DAG(s) 'example_dynamic_task_mapping' retrieved from /home/sneha/spotify_airflow_project/venv/lib/python3.12/site-packages/airflow/example_dags/example_dynamic_task_mapping.py
[2025-12-10T12:15:16.830+0530] {logging_mixin.py:190} INFO - [2025-12-10T12:15:16.830+0530] {dag.py:3239} INFO - Sync 1 DAGs
[2025-12-10T12:15:16.844+0530] {logging_mixin.py:190} INFO - [2025-12-10T12:15:16.844+0530] {dag.py:4180} INFO - Setting next_dagrun for example_dynamic_task_mapping to None, run_after=None
[2025-12-10T12:15:16.865+0530] {processor.py:208} INFO - Processing /home/sneha/spotify_airflow_project/venv/lib/python3.12/site-packages/airflow/example_dags/example_dynamic_task_mapping.py took 0.084 seconds
[2025-12-10T12:16:32.816+0530] {processor.py:186} INFO - Started process (PID=12871) to work on /home/sneha/spotify_airflow_project/venv/lib/python3.12/site-packages/airflow/example_dags/example_dynamic_task_mapping.py
[2025-12-10T12:16:32.817+0530] {processor.py:914} INFO - Processing file /home/sneha/spotify_airflow_project/venv/lib/python3.12/site-packages/airflow/example_dags/example_dynamic_task_mapping.py for tasks to queue
[2025-12-10T12:16:32.819+0530] {logging_mixin.py:190} INFO - [2025-12-10T12:16:32.819+0530] {dagbag.py:588} INFO - Filling up the DagBag from /home/sneha/spotify_airflow_project/venv/lib/python3.12/site-packages/airflow/example_dags/example_dynamic_task_mapping.py
[2025-12-10T12:16:32.827+0530] {processor.py:925} INFO - DAG(s) 'example_dynamic_task_mapping' retrieved from /home/sneha/spotify_airflow_project/venv/lib/python3.12/site-packages/airflow/example_dags/example_dynamic_task_mapping.py
[2025-12-10T12:16:32.842+0530] {logging_mixin.py:190} INFO - [2025-12-10T12:16:32.841+0530] {dag.py:3239} INFO - Sync 1 DAGs
[2025-12-10T12:16:32.853+0530] {logging_mixin.py:190} INFO - [2025-12-10T12:16:32.852+0530] {dag.py:4180} INFO - Setting next_dagrun for example_dynamic_task_mapping to None, run_after=None
[2025-12-10T12:16:32.870+0530] {processor.py:208} INFO - Processing /home/sneha/spotify_airflow_project/venv/lib/python3.12/site-packages/airflow/example_dags/example_dynamic_task_mapping.py took 0.064 seconds
[2025-12-10T12:17:52.501+0530] {processor.py:186} INFO - Started process (PID=12987) to work on /home/sneha/spotify_airflow_project/venv/lib/python3.12/site-packages/airflow/example_dags/example_dynamic_task_mapping.py
[2025-12-10T12:17:52.502+0530] {processor.py:914} INFO - Processing file /home/sneha/spotify_airflow_project/venv/lib/python3.12/site-packages/airflow/example_dags/example_dynamic_task_mapping.py for tasks to queue
[2025-12-10T12:17:52.504+0530] {logging_mixin.py:190} INFO - [2025-12-10T12:17:52.504+0530] {dagbag.py:588} INFO - Filling up the DagBag from /home/sneha/spotify_airflow_project/venv/lib/python3.12/site-packages/airflow/example_dags/example_dynamic_task_mapping.py
[2025-12-10T12:17:52.512+0530] {processor.py:925} INFO - DAG(s) 'example_dynamic_task_mapping' retrieved from /home/sneha/spotify_airflow_project/venv/lib/python3.12/site-packages/airflow/example_dags/example_dynamic_task_mapping.py
[2025-12-10T12:17:52.526+0530] {logging_mixin.py:190} INFO - [2025-12-10T12:17:52.526+0530] {dag.py:3239} INFO - Sync 1 DAGs
[2025-12-10T12:17:52.537+0530] {logging_mixin.py:190} INFO - [2025-12-10T12:17:52.537+0530] {dag.py:4180} INFO - Setting next_dagrun for example_dynamic_task_mapping to None, run_after=None
[2025-12-10T12:17:52.556+0530] {processor.py:208} INFO - Processing /home/sneha/spotify_airflow_project/venv/lib/python3.12/site-packages/airflow/example_dags/example_dynamic_task_mapping.py took 0.065 seconds
[2025-12-10T12:18:46.326+0530] {processor.py:186} INFO - Started process (PID=13043) to work on /home/sneha/spotify_airflow_project/venv/lib/python3.12/site-packages/airflow/example_dags/example_dynamic_task_mapping.py
[2025-12-10T12:18:46.327+0530] {processor.py:914} INFO - Processing file /home/sneha/spotify_airflow_project/venv/lib/python3.12/site-packages/airflow/example_dags/example_dynamic_task_mapping.py for tasks to queue
[2025-12-10T12:18:46.329+0530] {logging_mixin.py:190} INFO - [2025-12-10T12:18:46.329+0530] {dagbag.py:588} INFO - Filling up the DagBag from /home/sneha/spotify_airflow_project/venv/lib/python3.12/site-packages/airflow/example_dags/example_dynamic_task_mapping.py
[2025-12-10T12:18:46.337+0530] {processor.py:925} INFO - DAG(s) 'example_dynamic_task_mapping' retrieved from /home/sneha/spotify_airflow_project/venv/lib/python3.12/site-packages/airflow/example_dags/example_dynamic_task_mapping.py
[2025-12-10T12:18:46.352+0530] {logging_mixin.py:190} INFO - [2025-12-10T12:18:46.351+0530] {dag.py:3239} INFO - Sync 1 DAGs
[2025-12-10T12:18:46.363+0530] {logging_mixin.py:190} INFO - [2025-12-10T12:18:46.363+0530] {dag.py:4180} INFO - Setting next_dagrun for example_dynamic_task_mapping to None, run_after=None
[2025-12-10T12:18:46.380+0530] {processor.py:208} INFO - Processing /home/sneha/spotify_airflow_project/venv/lib/python3.12/site-packages/airflow/example_dags/example_dynamic_task_mapping.py took 0.064 seconds
[2025-12-10T12:20:02.813+0530] {processor.py:186} INFO - Started process (PID=13128) to work on /home/sneha/spotify_airflow_project/venv/lib/python3.12/site-packages/airflow/example_dags/example_dynamic_task_mapping.py
[2025-12-10T12:20:02.814+0530] {processor.py:914} INFO - Processing file /home/sneha/spotify_airflow_project/venv/lib/python3.12/site-packages/airflow/example_dags/example_dynamic_task_mapping.py for tasks to queue
[2025-12-10T12:20:02.816+0530] {logging_mixin.py:190} INFO - [2025-12-10T12:20:02.816+0530] {dagbag.py:588} INFO - Filling up the DagBag from /home/sneha/spotify_airflow_project/venv/lib/python3.12/site-packages/airflow/example_dags/example_dynamic_task_mapping.py
[2025-12-10T12:20:02.824+0530] {processor.py:925} INFO - DAG(s) 'example_dynamic_task_mapping' retrieved from /home/sneha/spotify_airflow_project/venv/lib/python3.12/site-packages/airflow/example_dags/example_dynamic_task_mapping.py
[2025-12-10T12:20:02.838+0530] {logging_mixin.py:190} INFO - [2025-12-10T12:20:02.838+0530] {dag.py:3239} INFO - Sync 1 DAGs
[2025-12-10T12:20:02.850+0530] {logging_mixin.py:190} INFO - [2025-12-10T12:20:02.849+0530] {dag.py:4180} INFO - Setting next_dagrun for example_dynamic_task_mapping to None, run_after=None
[2025-12-10T12:20:02.868+0530] {processor.py:208} INFO - Processing /home/sneha/spotify_airflow_project/venv/lib/python3.12/site-packages/airflow/example_dags/example_dynamic_task_mapping.py took 0.063 seconds
[2025-12-10T12:21:21.504+0530] {processor.py:186} INFO - Started process (PID=13306) to work on /home/sneha/spotify_airflow_project/venv/lib/python3.12/site-packages/airflow/example_dags/example_dynamic_task_mapping.py
[2025-12-10T12:21:21.505+0530] {processor.py:914} INFO - Processing file /home/sneha/spotify_airflow_project/venv/lib/python3.12/site-packages/airflow/example_dags/example_dynamic_task_mapping.py for tasks to queue
[2025-12-10T12:21:21.507+0530] {logging_mixin.py:190} INFO - [2025-12-10T12:21:21.507+0530] {dagbag.py:588} INFO - Filling up the DagBag from /home/sneha/spotify_airflow_project/venv/lib/python3.12/site-packages/airflow/example_dags/example_dynamic_task_mapping.py
[2025-12-10T12:21:21.515+0530] {processor.py:925} INFO - DAG(s) 'example_dynamic_task_mapping' retrieved from /home/sneha/spotify_airflow_project/venv/lib/python3.12/site-packages/airflow/example_dags/example_dynamic_task_mapping.py
[2025-12-10T12:21:21.529+0530] {logging_mixin.py:190} INFO - [2025-12-10T12:21:21.529+0530] {dag.py:3239} INFO - Sync 1 DAGs
[2025-12-10T12:21:21.540+0530] {logging_mixin.py:190} INFO - [2025-12-10T12:21:21.540+0530] {dag.py:4180} INFO - Setting next_dagrun for example_dynamic_task_mapping to None, run_after=None
[2025-12-10T12:21:21.557+0530] {processor.py:208} INFO - Processing /home/sneha/spotify_airflow_project/venv/lib/python3.12/site-packages/airflow/example_dags/example_dynamic_task_mapping.py took 0.064 seconds
[2025-12-10T12:22:14.633+0530] {processor.py:186} INFO - Started process (PID=13570) to work on /home/sneha/spotify_airflow_project/venv/lib/python3.12/site-packages/airflow/example_dags/example_dynamic_task_mapping.py
[2025-12-10T12:22:14.634+0530] {processor.py:914} INFO - Processing file /home/sneha/spotify_airflow_project/venv/lib/python3.12/site-packages/airflow/example_dags/example_dynamic_task_mapping.py for tasks to queue
[2025-12-10T12:22:14.636+0530] {logging_mixin.py:190} INFO - [2025-12-10T12:22:14.635+0530] {dagbag.py:588} INFO - Filling up the DagBag from /home/sneha/spotify_airflow_project/venv/lib/python3.12/site-packages/airflow/example_dags/example_dynamic_task_mapping.py
[2025-12-10T12:22:14.643+0530] {processor.py:925} INFO - DAG(s) 'example_dynamic_task_mapping' retrieved from /home/sneha/spotify_airflow_project/venv/lib/python3.12/site-packages/airflow/example_dags/example_dynamic_task_mapping.py
[2025-12-10T12:22:14.658+0530] {logging_mixin.py:190} INFO - [2025-12-10T12:22:14.658+0530] {dag.py:3239} INFO - Sync 1 DAGs
[2025-12-10T12:22:14.670+0530] {logging_mixin.py:190} INFO - [2025-12-10T12:22:14.669+0530] {dag.py:4180} INFO - Setting next_dagrun for example_dynamic_task_mapping to None, run_after=None
[2025-12-10T12:22:14.687+0530] {processor.py:208} INFO - Processing /home/sneha/spotify_airflow_project/venv/lib/python3.12/site-packages/airflow/example_dags/example_dynamic_task_mapping.py took 0.065 seconds
[2025-12-10T12:23:32.310+0530] {processor.py:186} INFO - Started process (PID=13657) to work on /home/sneha/spotify_airflow_project/venv/lib/python3.12/site-packages/airflow/example_dags/example_dynamic_task_mapping.py
[2025-12-10T12:23:32.311+0530] {processor.py:914} INFO - Processing file /home/sneha/spotify_airflow_project/venv/lib/python3.12/site-packages/airflow/example_dags/example_dynamic_task_mapping.py for tasks to queue
[2025-12-10T12:23:32.313+0530] {logging_mixin.py:190} INFO - [2025-12-10T12:23:32.313+0530] {dagbag.py:588} INFO - Filling up the DagBag from /home/sneha/spotify_airflow_project/venv/lib/python3.12/site-packages/airflow/example_dags/example_dynamic_task_mapping.py
[2025-12-10T12:23:32.321+0530] {processor.py:925} INFO - DAG(s) 'example_dynamic_task_mapping' retrieved from /home/sneha/spotify_airflow_project/venv/lib/python3.12/site-packages/airflow/example_dags/example_dynamic_task_mapping.py
[2025-12-10T12:23:32.336+0530] {logging_mixin.py:190} INFO - [2025-12-10T12:23:32.336+0530] {dag.py:3239} INFO - Sync 1 DAGs
[2025-12-10T12:23:32.348+0530] {logging_mixin.py:190} INFO - [2025-12-10T12:23:32.348+0530] {dag.py:4180} INFO - Setting next_dagrun for example_dynamic_task_mapping to None, run_after=None
[2025-12-10T12:23:32.368+0530] {processor.py:208} INFO - Processing /home/sneha/spotify_airflow_project/venv/lib/python3.12/site-packages/airflow/example_dags/example_dynamic_task_mapping.py took 0.064 seconds
[2025-12-10T12:24:25.698+0530] {processor.py:186} INFO - Started process (PID=13714) to work on /home/sneha/spotify_airflow_project/venv/lib/python3.12/site-packages/airflow/example_dags/example_dynamic_task_mapping.py
[2025-12-10T12:24:25.699+0530] {processor.py:914} INFO - Processing file /home/sneha/spotify_airflow_project/venv/lib/python3.12/site-packages/airflow/example_dags/example_dynamic_task_mapping.py for tasks to queue
[2025-12-10T12:24:25.702+0530] {logging_mixin.py:190} INFO - [2025-12-10T12:24:25.701+0530] {dagbag.py:588} INFO - Filling up the DagBag from /home/sneha/spotify_airflow_project/venv/lib/python3.12/site-packages/airflow/example_dags/example_dynamic_task_mapping.py
[2025-12-10T12:24:25.711+0530] {processor.py:925} INFO - DAG(s) 'example_dynamic_task_mapping' retrieved from /home/sneha/spotify_airflow_project/venv/lib/python3.12/site-packages/airflow/example_dags/example_dynamic_task_mapping.py
[2025-12-10T12:24:25.728+0530] {logging_mixin.py:190} INFO - [2025-12-10T12:24:25.727+0530] {dag.py:3239} INFO - Sync 1 DAGs
[2025-12-10T12:24:25.740+0530] {logging_mixin.py:190} INFO - [2025-12-10T12:24:25.740+0530] {dag.py:4180} INFO - Setting next_dagrun for example_dynamic_task_mapping to None, run_after=None
[2025-12-10T12:24:25.758+0530] {processor.py:208} INFO - Processing /home/sneha/spotify_airflow_project/venv/lib/python3.12/site-packages/airflow/example_dags/example_dynamic_task_mapping.py took 0.066 seconds
