[2025-12-10T12:02:37.264+0530] {processor.py:186} INFO - Started process (PID=11243) to work on /home/sneha/spotify_airflow_project/venv/lib/python3.12/site-packages/airflow/example_dags/example_dataset_alias_with_no_taskflow.py
[2025-12-10T12:02:37.265+0530] {processor.py:914} INFO - Processing file /home/sneha/spotify_airflow_project/venv/lib/python3.12/site-packages/airflow/example_dags/example_dataset_alias_with_no_taskflow.py for tasks to queue
[2025-12-10T12:02:37.267+0530] {logging_mixin.py:190} INFO - [2025-12-10T12:02:37.267+0530] {dagbag.py:588} INFO - Filling up the DagBag from /home/sneha/spotify_airflow_project/venv/lib/python3.12/site-packages/airflow/example_dags/example_dataset_alias_with_no_taskflow.py
[2025-12-10T12:02:37.284+0530] {processor.py:925} INFO - DAG(s) 'dataset_alias_example_alias_consumer_with_no_taskflow', 'dataset_s3_bucket_consumer_with_no_taskflow', 'dataset_s3_bucket_producer_with_no_taskflow', 'dataset_alias_example_alias_producer_with_no_taskflow' retrieved from /home/sneha/spotify_airflow_project/venv/lib/python3.12/site-packages/airflow/example_dags/example_dataset_alias_with_no_taskflow.py
[2025-12-10T12:02:37.368+0530] {logging_mixin.py:190} INFO - [2025-12-10T12:02:37.368+0530] {override.py:1900} INFO - Created Permission View: can read on DAG:dataset_alias_example_alias_consumer_with_no_taskflow
[2025-12-10T12:02:37.377+0530] {logging_mixin.py:190} INFO - [2025-12-10T12:02:37.377+0530] {override.py:1900} INFO - Created Permission View: can delete on DAG:dataset_alias_example_alias_consumer_with_no_taskflow
[2025-12-10T12:02:37.383+0530] {logging_mixin.py:190} INFO - [2025-12-10T12:02:37.383+0530] {override.py:1900} INFO - Created Permission View: can edit on DAG:dataset_alias_example_alias_consumer_with_no_taskflow
[2025-12-10T12:02:37.391+0530] {logging_mixin.py:190} INFO - [2025-12-10T12:02:37.391+0530] {override.py:1900} INFO - Created Permission View: can read on DAG Run:dataset_alias_example_alias_consumer_with_no_taskflow
[2025-12-10T12:02:37.397+0530] {logging_mixin.py:190} INFO - [2025-12-10T12:02:37.397+0530] {override.py:1900} INFO - Created Permission View: can delete on DAG Run:dataset_alias_example_alias_consumer_with_no_taskflow
[2025-12-10T12:02:37.406+0530] {logging_mixin.py:190} INFO - [2025-12-10T12:02:37.405+0530] {override.py:1900} INFO - Created Permission View: menu access on DAG Run:dataset_alias_example_alias_consumer_with_no_taskflow
[2025-12-10T12:02:37.413+0530] {logging_mixin.py:190} INFO - [2025-12-10T12:02:37.412+0530] {override.py:1900} INFO - Created Permission View: can create on DAG Run:dataset_alias_example_alias_consumer_with_no_taskflow
[2025-12-10T12:02:37.426+0530] {logging_mixin.py:190} INFO - [2025-12-10T12:02:37.425+0530] {override.py:1900} INFO - Created Permission View: can read on DAG:dataset_s3_bucket_consumer_with_no_taskflow
[2025-12-10T12:02:37.432+0530] {logging_mixin.py:190} INFO - [2025-12-10T12:02:37.432+0530] {override.py:1900} INFO - Created Permission View: can delete on DAG:dataset_s3_bucket_consumer_with_no_taskflow
[2025-12-10T12:02:37.439+0530] {logging_mixin.py:190} INFO - [2025-12-10T12:02:37.439+0530] {override.py:1900} INFO - Created Permission View: can edit on DAG:dataset_s3_bucket_consumer_with_no_taskflow
[2025-12-10T12:02:37.447+0530] {logging_mixin.py:190} INFO - [2025-12-10T12:02:37.447+0530] {override.py:1900} INFO - Created Permission View: can read on DAG Run:dataset_s3_bucket_consumer_with_no_taskflow
[2025-12-10T12:02:37.453+0530] {logging_mixin.py:190} INFO - [2025-12-10T12:02:37.453+0530] {override.py:1900} INFO - Created Permission View: can delete on DAG Run:dataset_s3_bucket_consumer_with_no_taskflow
[2025-12-10T12:02:37.459+0530] {logging_mixin.py:190} INFO - [2025-12-10T12:02:37.459+0530] {override.py:1900} INFO - Created Permission View: menu access on DAG Run:dataset_s3_bucket_consumer_with_no_taskflow
[2025-12-10T12:02:37.464+0530] {logging_mixin.py:190} INFO - [2025-12-10T12:02:37.464+0530] {override.py:1900} INFO - Created Permission View: can create on DAG Run:dataset_s3_bucket_consumer_with_no_taskflow
[2025-12-10T12:02:37.476+0530] {logging_mixin.py:190} INFO - [2025-12-10T12:02:37.476+0530] {override.py:1900} INFO - Created Permission View: can read on DAG:dataset_s3_bucket_producer_with_no_taskflow
[2025-12-10T12:02:37.482+0530] {logging_mixin.py:190} INFO - [2025-12-10T12:02:37.482+0530] {override.py:1900} INFO - Created Permission View: can delete on DAG:dataset_s3_bucket_producer_with_no_taskflow
[2025-12-10T12:02:37.488+0530] {logging_mixin.py:190} INFO - [2025-12-10T12:02:37.488+0530] {override.py:1900} INFO - Created Permission View: can edit on DAG:dataset_s3_bucket_producer_with_no_taskflow
[2025-12-10T12:02:37.496+0530] {logging_mixin.py:190} INFO - [2025-12-10T12:02:37.496+0530] {override.py:1900} INFO - Created Permission View: can read on DAG Run:dataset_s3_bucket_producer_with_no_taskflow
[2025-12-10T12:02:37.502+0530] {logging_mixin.py:190} INFO - [2025-12-10T12:02:37.502+0530] {override.py:1900} INFO - Created Permission View: can delete on DAG Run:dataset_s3_bucket_producer_with_no_taskflow
[2025-12-10T12:02:37.508+0530] {logging_mixin.py:190} INFO - [2025-12-10T12:02:37.508+0530] {override.py:1900} INFO - Created Permission View: menu access on DAG Run:dataset_s3_bucket_producer_with_no_taskflow
[2025-12-10T12:02:37.516+0530] {logging_mixin.py:190} INFO - [2025-12-10T12:02:37.516+0530] {override.py:1900} INFO - Created Permission View: can create on DAG Run:dataset_s3_bucket_producer_with_no_taskflow
[2025-12-10T12:02:37.530+0530] {logging_mixin.py:190} INFO - [2025-12-10T12:02:37.530+0530] {override.py:1900} INFO - Created Permission View: can read on DAG:dataset_alias_example_alias_producer_with_no_taskflow
[2025-12-10T12:02:37.536+0530] {logging_mixin.py:190} INFO - [2025-12-10T12:02:37.536+0530] {override.py:1900} INFO - Created Permission View: can delete on DAG:dataset_alias_example_alias_producer_with_no_taskflow
[2025-12-10T12:02:37.542+0530] {logging_mixin.py:190} INFO - [2025-12-10T12:02:37.542+0530] {override.py:1900} INFO - Created Permission View: can edit on DAG:dataset_alias_example_alias_producer_with_no_taskflow
[2025-12-10T12:02:37.551+0530] {logging_mixin.py:190} INFO - [2025-12-10T12:02:37.551+0530] {override.py:1900} INFO - Created Permission View: can read on DAG Run:dataset_alias_example_alias_producer_with_no_taskflow
[2025-12-10T12:02:37.557+0530] {logging_mixin.py:190} INFO - [2025-12-10T12:02:37.556+0530] {override.py:1900} INFO - Created Permission View: can delete on DAG Run:dataset_alias_example_alias_producer_with_no_taskflow
[2025-12-10T12:02:37.563+0530] {logging_mixin.py:190} INFO - [2025-12-10T12:02:37.562+0530] {override.py:1900} INFO - Created Permission View: menu access on DAG Run:dataset_alias_example_alias_producer_with_no_taskflow
[2025-12-10T12:02:37.569+0530] {logging_mixin.py:190} INFO - [2025-12-10T12:02:37.569+0530] {override.py:1900} INFO - Created Permission View: can create on DAG Run:dataset_alias_example_alias_producer_with_no_taskflow
[2025-12-10T12:02:37.569+0530] {logging_mixin.py:190} INFO - [2025-12-10T12:02:37.569+0530] {dag.py:3239} INFO - Sync 4 DAGs
[2025-12-10T12:02:37.580+0530] {logging_mixin.py:190} INFO - [2025-12-10T12:02:37.580+0530] {dag.py:3262} INFO - Creating ORM DAG for dataset_s3_bucket_producer_with_no_taskflow
[2025-12-10T12:02:37.581+0530] {logging_mixin.py:190} INFO - [2025-12-10T12:02:37.581+0530] {dag.py:3262} INFO - Creating ORM DAG for dataset_alias_example_alias_producer_with_no_taskflow
[2025-12-10T12:02:37.581+0530] {logging_mixin.py:190} INFO - [2025-12-10T12:02:37.581+0530] {dag.py:3262} INFO - Creating ORM DAG for dataset_s3_bucket_consumer_with_no_taskflow
[2025-12-10T12:02:37.582+0530] {logging_mixin.py:190} INFO - [2025-12-10T12:02:37.582+0530] {dag.py:3262} INFO - Creating ORM DAG for dataset_alias_example_alias_consumer_with_no_taskflow
[2025-12-10T12:02:37.589+0530] {logging_mixin.py:190} INFO - [2025-12-10T12:02:37.588+0530] {dag.py:4180} INFO - Setting next_dagrun for dataset_alias_example_alias_consumer_with_no_taskflow to None, run_after=None
[2025-12-10T12:02:37.589+0530] {logging_mixin.py:190} INFO - [2025-12-10T12:02:37.589+0530] {dag.py:4180} INFO - Setting next_dagrun for dataset_alias_example_alias_producer_with_no_taskflow to None, run_after=None
[2025-12-10T12:02:37.590+0530] {logging_mixin.py:190} INFO - [2025-12-10T12:02:37.590+0530] {dag.py:4180} INFO - Setting next_dagrun for dataset_s3_bucket_consumer_with_no_taskflow to None, run_after=None
[2025-12-10T12:02:37.590+0530] {logging_mixin.py:190} INFO - [2025-12-10T12:02:37.590+0530] {dag.py:4180} INFO - Setting next_dagrun for dataset_s3_bucket_producer_with_no_taskflow to None, run_after=None
[2025-12-10T12:02:37.614+0530] {processor.py:208} INFO - Processing /home/sneha/spotify_airflow_project/venv/lib/python3.12/site-packages/airflow/example_dags/example_dataset_alias_with_no_taskflow.py took 0.361 seconds
[2025-12-10T12:03:35.779+0530] {processor.py:186} INFO - Started process (PID=11364) to work on /home/sneha/spotify_airflow_project/venv/lib/python3.12/site-packages/airflow/example_dags/example_dataset_alias_with_no_taskflow.py
[2025-12-10T12:03:35.780+0530] {processor.py:914} INFO - Processing file /home/sneha/spotify_airflow_project/venv/lib/python3.12/site-packages/airflow/example_dags/example_dataset_alias_with_no_taskflow.py for tasks to queue
[2025-12-10T12:03:35.783+0530] {logging_mixin.py:190} INFO - [2025-12-10T12:03:35.782+0530] {dagbag.py:588} INFO - Filling up the DagBag from /home/sneha/spotify_airflow_project/venv/lib/python3.12/site-packages/airflow/example_dags/example_dataset_alias_with_no_taskflow.py
[2025-12-10T12:03:35.804+0530] {processor.py:925} INFO - DAG(s) 'dataset_alias_example_alias_consumer_with_no_taskflow', 'dataset_s3_bucket_producer_with_no_taskflow', 'dataset_alias_example_alias_producer_with_no_taskflow', 'dataset_s3_bucket_consumer_with_no_taskflow' retrieved from /home/sneha/spotify_airflow_project/venv/lib/python3.12/site-packages/airflow/example_dags/example_dataset_alias_with_no_taskflow.py
[2025-12-10T12:03:35.822+0530] {logging_mixin.py:190} INFO - [2025-12-10T12:03:35.822+0530] {dag.py:3239} INFO - Sync 4 DAGs
[2025-12-10T12:03:35.840+0530] {logging_mixin.py:190} INFO - [2025-12-10T12:03:35.840+0530] {dag.py:4180} INFO - Setting next_dagrun for dataset_alias_example_alias_consumer_with_no_taskflow to None, run_after=None
[2025-12-10T12:03:35.842+0530] {logging_mixin.py:190} INFO - [2025-12-10T12:03:35.842+0530] {dag.py:4180} INFO - Setting next_dagrun for dataset_alias_example_alias_producer_with_no_taskflow to None, run_after=None
[2025-12-10T12:03:35.843+0530] {logging_mixin.py:190} INFO - [2025-12-10T12:03:35.843+0530] {dag.py:4180} INFO - Setting next_dagrun for dataset_s3_bucket_consumer_with_no_taskflow to None, run_after=None
[2025-12-10T12:03:35.844+0530] {logging_mixin.py:190} INFO - [2025-12-10T12:03:35.844+0530] {dag.py:4180} INFO - Setting next_dagrun for dataset_s3_bucket_producer_with_no_taskflow to None, run_after=None
[2025-12-10T12:03:35.863+0530] {processor.py:208} INFO - Processing /home/sneha/spotify_airflow_project/venv/lib/python3.12/site-packages/airflow/example_dags/example_dataset_alias_with_no_taskflow.py took 0.093 seconds
[2025-12-10T12:04:31.605+0530] {processor.py:186} INFO - Started process (PID=11450) to work on /home/sneha/spotify_airflow_project/venv/lib/python3.12/site-packages/airflow/example_dags/example_dataset_alias_with_no_taskflow.py
[2025-12-10T12:04:31.606+0530] {processor.py:914} INFO - Processing file /home/sneha/spotify_airflow_project/venv/lib/python3.12/site-packages/airflow/example_dags/example_dataset_alias_with_no_taskflow.py for tasks to queue
[2025-12-10T12:04:31.609+0530] {logging_mixin.py:190} INFO - [2025-12-10T12:04:31.608+0530] {dagbag.py:588} INFO - Filling up the DagBag from /home/sneha/spotify_airflow_project/venv/lib/python3.12/site-packages/airflow/example_dags/example_dataset_alias_with_no_taskflow.py
[2025-12-10T12:04:31.633+0530] {processor.py:925} INFO - DAG(s) 'dataset_s3_bucket_producer_with_no_taskflow', 'dataset_s3_bucket_consumer_with_no_taskflow', 'dataset_alias_example_alias_producer_with_no_taskflow', 'dataset_alias_example_alias_consumer_with_no_taskflow' retrieved from /home/sneha/spotify_airflow_project/venv/lib/python3.12/site-packages/airflow/example_dags/example_dataset_alias_with_no_taskflow.py
[2025-12-10T12:04:31.652+0530] {logging_mixin.py:190} INFO - [2025-12-10T12:04:31.652+0530] {dag.py:3239} INFO - Sync 4 DAGs
[2025-12-10T12:04:31.672+0530] {logging_mixin.py:190} INFO - [2025-12-10T12:04:31.672+0530] {dag.py:4180} INFO - Setting next_dagrun for dataset_alias_example_alias_consumer_with_no_taskflow to None, run_after=None
[2025-12-10T12:04:31.674+0530] {logging_mixin.py:190} INFO - [2025-12-10T12:04:31.674+0530] {dag.py:4180} INFO - Setting next_dagrun for dataset_alias_example_alias_producer_with_no_taskflow to None, run_after=None
[2025-12-10T12:04:31.675+0530] {logging_mixin.py:190} INFO - [2025-12-10T12:04:31.675+0530] {dag.py:4180} INFO - Setting next_dagrun for dataset_s3_bucket_consumer_with_no_taskflow to None, run_after=None
[2025-12-10T12:04:31.676+0530] {logging_mixin.py:190} INFO - [2025-12-10T12:04:31.676+0530] {dag.py:4180} INFO - Setting next_dagrun for dataset_s3_bucket_producer_with_no_taskflow to None, run_after=None
[2025-12-10T12:04:31.705+0530] {processor.py:208} INFO - Processing /home/sneha/spotify_airflow_project/venv/lib/python3.12/site-packages/airflow/example_dags/example_dataset_alias_with_no_taskflow.py took 0.107 seconds
[2025-12-10T12:05:28.785+0530] {processor.py:186} INFO - Started process (PID=11634) to work on /home/sneha/spotify_airflow_project/venv/lib/python3.12/site-packages/airflow/example_dags/example_dataset_alias_with_no_taskflow.py
[2025-12-10T12:05:28.786+0530] {processor.py:914} INFO - Processing file /home/sneha/spotify_airflow_project/venv/lib/python3.12/site-packages/airflow/example_dags/example_dataset_alias_with_no_taskflow.py for tasks to queue
[2025-12-10T12:05:28.788+0530] {logging_mixin.py:190} INFO - [2025-12-10T12:05:28.787+0530] {dagbag.py:588} INFO - Filling up the DagBag from /home/sneha/spotify_airflow_project/venv/lib/python3.12/site-packages/airflow/example_dags/example_dataset_alias_with_no_taskflow.py
[2025-12-10T12:05:28.811+0530] {processor.py:925} INFO - DAG(s) 'dataset_s3_bucket_consumer_with_no_taskflow', 'dataset_alias_example_alias_consumer_with_no_taskflow', 'dataset_s3_bucket_producer_with_no_taskflow', 'dataset_alias_example_alias_producer_with_no_taskflow' retrieved from /home/sneha/spotify_airflow_project/venv/lib/python3.12/site-packages/airflow/example_dags/example_dataset_alias_with_no_taskflow.py
[2025-12-10T12:05:28.831+0530] {logging_mixin.py:190} INFO - [2025-12-10T12:05:28.831+0530] {dag.py:3239} INFO - Sync 4 DAGs
[2025-12-10T12:05:28.851+0530] {logging_mixin.py:190} INFO - [2025-12-10T12:05:28.850+0530] {dag.py:4180} INFO - Setting next_dagrun for dataset_alias_example_alias_consumer_with_no_taskflow to None, run_after=None
[2025-12-10T12:05:28.853+0530] {logging_mixin.py:190} INFO - [2025-12-10T12:05:28.852+0530] {dag.py:4180} INFO - Setting next_dagrun for dataset_alias_example_alias_producer_with_no_taskflow to None, run_after=None
[2025-12-10T12:05:28.853+0530] {logging_mixin.py:190} INFO - [2025-12-10T12:05:28.853+0530] {dag.py:4180} INFO - Setting next_dagrun for dataset_s3_bucket_consumer_with_no_taskflow to None, run_after=None
[2025-12-10T12:05:28.854+0530] {logging_mixin.py:190} INFO - [2025-12-10T12:05:28.854+0530] {dag.py:4180} INFO - Setting next_dagrun for dataset_s3_bucket_producer_with_no_taskflow to None, run_after=None
[2025-12-10T12:05:28.877+0530] {processor.py:208} INFO - Processing /home/sneha/spotify_airflow_project/venv/lib/python3.12/site-packages/airflow/example_dags/example_dataset_alias_with_no_taskflow.py took 0.100 seconds
[2025-12-10T12:06:21.780+0530] {processor.py:186} INFO - Started process (PID=11809) to work on /home/sneha/spotify_airflow_project/venv/lib/python3.12/site-packages/airflow/example_dags/example_dataset_alias_with_no_taskflow.py
[2025-12-10T12:06:21.781+0530] {processor.py:914} INFO - Processing file /home/sneha/spotify_airflow_project/venv/lib/python3.12/site-packages/airflow/example_dags/example_dataset_alias_with_no_taskflow.py for tasks to queue
[2025-12-10T12:06:21.784+0530] {logging_mixin.py:190} INFO - [2025-12-10T12:06:21.783+0530] {dagbag.py:588} INFO - Filling up the DagBag from /home/sneha/spotify_airflow_project/venv/lib/python3.12/site-packages/airflow/example_dags/example_dataset_alias_with_no_taskflow.py
[2025-12-10T12:06:21.804+0530] {processor.py:925} INFO - DAG(s) 'dataset_s3_bucket_producer_with_no_taskflow', 'dataset_s3_bucket_consumer_with_no_taskflow', 'dataset_alias_example_alias_consumer_with_no_taskflow', 'dataset_alias_example_alias_producer_with_no_taskflow' retrieved from /home/sneha/spotify_airflow_project/venv/lib/python3.12/site-packages/airflow/example_dags/example_dataset_alias_with_no_taskflow.py
[2025-12-10T12:06:21.822+0530] {logging_mixin.py:190} INFO - [2025-12-10T12:06:21.822+0530] {dag.py:3239} INFO - Sync 4 DAGs
[2025-12-10T12:06:21.839+0530] {logging_mixin.py:190} INFO - [2025-12-10T12:06:21.839+0530] {dag.py:4180} INFO - Setting next_dagrun for dataset_alias_example_alias_consumer_with_no_taskflow to None, run_after=None
[2025-12-10T12:06:21.841+0530] {logging_mixin.py:190} INFO - [2025-12-10T12:06:21.841+0530] {dag.py:4180} INFO - Setting next_dagrun for dataset_alias_example_alias_producer_with_no_taskflow to None, run_after=None
[2025-12-10T12:06:21.842+0530] {logging_mixin.py:190} INFO - [2025-12-10T12:06:21.842+0530] {dag.py:4180} INFO - Setting next_dagrun for dataset_s3_bucket_consumer_with_no_taskflow to None, run_after=None
[2025-12-10T12:06:21.843+0530] {logging_mixin.py:190} INFO - [2025-12-10T12:06:21.843+0530] {dag.py:4180} INFO - Setting next_dagrun for dataset_s3_bucket_producer_with_no_taskflow to None, run_after=None
[2025-12-10T12:06:21.862+0530] {processor.py:208} INFO - Processing /home/sneha/spotify_airflow_project/venv/lib/python3.12/site-packages/airflow/example_dags/example_dataset_alias_with_no_taskflow.py took 0.093 seconds
[2025-12-10T12:07:16.909+0530] {processor.py:186} INFO - Started process (PID=11900) to work on /home/sneha/spotify_airflow_project/venv/lib/python3.12/site-packages/airflow/example_dags/example_dataset_alias_with_no_taskflow.py
[2025-12-10T12:07:16.910+0530] {processor.py:914} INFO - Processing file /home/sneha/spotify_airflow_project/venv/lib/python3.12/site-packages/airflow/example_dags/example_dataset_alias_with_no_taskflow.py for tasks to queue
[2025-12-10T12:07:16.912+0530] {logging_mixin.py:190} INFO - [2025-12-10T12:07:16.911+0530] {dagbag.py:588} INFO - Filling up the DagBag from /home/sneha/spotify_airflow_project/venv/lib/python3.12/site-packages/airflow/example_dags/example_dataset_alias_with_no_taskflow.py
[2025-12-10T12:07:16.934+0530] {processor.py:925} INFO - DAG(s) 'dataset_alias_example_alias_producer_with_no_taskflow', 'dataset_s3_bucket_consumer_with_no_taskflow', 'dataset_s3_bucket_producer_with_no_taskflow', 'dataset_alias_example_alias_consumer_with_no_taskflow' retrieved from /home/sneha/spotify_airflow_project/venv/lib/python3.12/site-packages/airflow/example_dags/example_dataset_alias_with_no_taskflow.py
[2025-12-10T12:07:17.086+0530] {logging_mixin.py:190} INFO - [2025-12-10T12:07:17.085+0530] {dag.py:3239} INFO - Sync 4 DAGs
[2025-12-10T12:07:17.112+0530] {logging_mixin.py:190} INFO - [2025-12-10T12:07:17.111+0530] {dag.py:4180} INFO - Setting next_dagrun for dataset_alias_example_alias_consumer_with_no_taskflow to None, run_after=None
[2025-12-10T12:07:17.114+0530] {logging_mixin.py:190} INFO - [2025-12-10T12:07:17.114+0530] {dag.py:4180} INFO - Setting next_dagrun for dataset_alias_example_alias_producer_with_no_taskflow to None, run_after=None
[2025-12-10T12:07:17.115+0530] {logging_mixin.py:190} INFO - [2025-12-10T12:07:17.115+0530] {dag.py:4180} INFO - Setting next_dagrun for dataset_s3_bucket_consumer_with_no_taskflow to None, run_after=None
[2025-12-10T12:07:17.116+0530] {logging_mixin.py:190} INFO - [2025-12-10T12:07:17.116+0530] {dag.py:4180} INFO - Setting next_dagrun for dataset_s3_bucket_producer_with_no_taskflow to None, run_after=None
[2025-12-10T12:07:17.142+0530] {processor.py:208} INFO - Processing /home/sneha/spotify_airflow_project/venv/lib/python3.12/site-packages/airflow/example_dags/example_dataset_alias_with_no_taskflow.py took 0.240 seconds
[2025-12-10T12:08:17.031+0530] {processor.py:186} INFO - Started process (PID=11964) to work on /home/sneha/spotify_airflow_project/venv/lib/python3.12/site-packages/airflow/example_dags/example_dataset_alias_with_no_taskflow.py
[2025-12-10T12:08:17.032+0530] {processor.py:914} INFO - Processing file /home/sneha/spotify_airflow_project/venv/lib/python3.12/site-packages/airflow/example_dags/example_dataset_alias_with_no_taskflow.py for tasks to queue
[2025-12-10T12:08:17.035+0530] {logging_mixin.py:190} INFO - [2025-12-10T12:08:17.034+0530] {dagbag.py:588} INFO - Filling up the DagBag from /home/sneha/spotify_airflow_project/venv/lib/python3.12/site-packages/airflow/example_dags/example_dataset_alias_with_no_taskflow.py
[2025-12-10T12:08:17.057+0530] {processor.py:925} INFO - DAG(s) 'dataset_s3_bucket_consumer_with_no_taskflow', 'dataset_alias_example_alias_producer_with_no_taskflow', 'dataset_s3_bucket_producer_with_no_taskflow', 'dataset_alias_example_alias_consumer_with_no_taskflow' retrieved from /home/sneha/spotify_airflow_project/venv/lib/python3.12/site-packages/airflow/example_dags/example_dataset_alias_with_no_taskflow.py
[2025-12-10T12:08:17.076+0530] {logging_mixin.py:190} INFO - [2025-12-10T12:08:17.076+0530] {dag.py:3239} INFO - Sync 4 DAGs
[2025-12-10T12:08:17.096+0530] {logging_mixin.py:190} INFO - [2025-12-10T12:08:17.096+0530] {dag.py:4180} INFO - Setting next_dagrun for dataset_alias_example_alias_consumer_with_no_taskflow to None, run_after=None
[2025-12-10T12:08:17.098+0530] {logging_mixin.py:190} INFO - [2025-12-10T12:08:17.098+0530] {dag.py:4180} INFO - Setting next_dagrun for dataset_alias_example_alias_producer_with_no_taskflow to None, run_after=None
[2025-12-10T12:08:17.099+0530] {logging_mixin.py:190} INFO - [2025-12-10T12:08:17.099+0530] {dag.py:4180} INFO - Setting next_dagrun for dataset_s3_bucket_consumer_with_no_taskflow to None, run_after=None
[2025-12-10T12:08:17.100+0530] {logging_mixin.py:190} INFO - [2025-12-10T12:08:17.100+0530] {dag.py:4180} INFO - Setting next_dagrun for dataset_s3_bucket_producer_with_no_taskflow to None, run_after=None
[2025-12-10T12:08:17.119+0530] {processor.py:208} INFO - Processing /home/sneha/spotify_airflow_project/venv/lib/python3.12/site-packages/airflow/example_dags/example_dataset_alias_with_no_taskflow.py took 0.095 seconds
[2025-12-10T12:09:11.421+0530] {processor.py:186} INFO - Started process (PID=12147) to work on /home/sneha/spotify_airflow_project/venv/lib/python3.12/site-packages/airflow/example_dags/example_dataset_alias_with_no_taskflow.py
[2025-12-10T12:09:11.423+0530] {processor.py:914} INFO - Processing file /home/sneha/spotify_airflow_project/venv/lib/python3.12/site-packages/airflow/example_dags/example_dataset_alias_with_no_taskflow.py for tasks to queue
[2025-12-10T12:09:11.430+0530] {logging_mixin.py:190} INFO - [2025-12-10T12:09:11.429+0530] {dagbag.py:588} INFO - Filling up the DagBag from /home/sneha/spotify_airflow_project/venv/lib/python3.12/site-packages/airflow/example_dags/example_dataset_alias_with_no_taskflow.py
[2025-12-10T12:09:11.473+0530] {processor.py:925} INFO - DAG(s) 'dataset_alias_example_alias_producer_with_no_taskflow', 'dataset_s3_bucket_producer_with_no_taskflow', 'dataset_alias_example_alias_consumer_with_no_taskflow', 'dataset_s3_bucket_consumer_with_no_taskflow' retrieved from /home/sneha/spotify_airflow_project/venv/lib/python3.12/site-packages/airflow/example_dags/example_dataset_alias_with_no_taskflow.py
[2025-12-10T12:09:11.514+0530] {logging_mixin.py:190} INFO - [2025-12-10T12:09:11.513+0530] {dag.py:3239} INFO - Sync 4 DAGs
[2025-12-10T12:09:11.547+0530] {logging_mixin.py:190} INFO - [2025-12-10T12:09:11.547+0530] {dag.py:4180} INFO - Setting next_dagrun for dataset_alias_example_alias_consumer_with_no_taskflow to None, run_after=None
[2025-12-10T12:09:11.550+0530] {logging_mixin.py:190} INFO - [2025-12-10T12:09:11.550+0530] {dag.py:4180} INFO - Setting next_dagrun for dataset_alias_example_alias_producer_with_no_taskflow to None, run_after=None
[2025-12-10T12:09:11.551+0530] {logging_mixin.py:190} INFO - [2025-12-10T12:09:11.551+0530] {dag.py:4180} INFO - Setting next_dagrun for dataset_s3_bucket_consumer_with_no_taskflow to None, run_after=None
[2025-12-10T12:09:11.553+0530] {logging_mixin.py:190} INFO - [2025-12-10T12:09:11.552+0530] {dag.py:4180} INFO - Setting next_dagrun for dataset_s3_bucket_producer_with_no_taskflow to None, run_after=None
[2025-12-10T12:09:11.592+0530] {processor.py:208} INFO - Processing /home/sneha/spotify_airflow_project/venv/lib/python3.12/site-packages/airflow/example_dags/example_dataset_alias_with_no_taskflow.py took 0.184 seconds
[2025-12-10T12:10:06.857+0530] {processor.py:186} INFO - Started process (PID=12203) to work on /home/sneha/spotify_airflow_project/venv/lib/python3.12/site-packages/airflow/example_dags/example_dataset_alias_with_no_taskflow.py
[2025-12-10T12:10:06.858+0530] {processor.py:914} INFO - Processing file /home/sneha/spotify_airflow_project/venv/lib/python3.12/site-packages/airflow/example_dags/example_dataset_alias_with_no_taskflow.py for tasks to queue
[2025-12-10T12:10:06.861+0530] {logging_mixin.py:190} INFO - [2025-12-10T12:10:06.860+0530] {dagbag.py:588} INFO - Filling up the DagBag from /home/sneha/spotify_airflow_project/venv/lib/python3.12/site-packages/airflow/example_dags/example_dataset_alias_with_no_taskflow.py
[2025-12-10T12:10:06.888+0530] {processor.py:925} INFO - DAG(s) 'dataset_s3_bucket_consumer_with_no_taskflow', 'dataset_alias_example_alias_consumer_with_no_taskflow', 'dataset_s3_bucket_producer_with_no_taskflow', 'dataset_alias_example_alias_producer_with_no_taskflow' retrieved from /home/sneha/spotify_airflow_project/venv/lib/python3.12/site-packages/airflow/example_dags/example_dataset_alias_with_no_taskflow.py
[2025-12-10T12:10:06.916+0530] {logging_mixin.py:190} INFO - [2025-12-10T12:10:06.915+0530] {dag.py:3239} INFO - Sync 4 DAGs
[2025-12-10T12:10:06.944+0530] {logging_mixin.py:190} INFO - [2025-12-10T12:10:06.944+0530] {dag.py:4180} INFO - Setting next_dagrun for dataset_alias_example_alias_consumer_with_no_taskflow to None, run_after=None
[2025-12-10T12:10:06.947+0530] {logging_mixin.py:190} INFO - [2025-12-10T12:10:06.947+0530] {dag.py:4180} INFO - Setting next_dagrun for dataset_alias_example_alias_producer_with_no_taskflow to None, run_after=None
[2025-12-10T12:10:06.948+0530] {logging_mixin.py:190} INFO - [2025-12-10T12:10:06.948+0530] {dag.py:4180} INFO - Setting next_dagrun for dataset_s3_bucket_consumer_with_no_taskflow to None, run_after=None
[2025-12-10T12:10:06.950+0530] {logging_mixin.py:190} INFO - [2025-12-10T12:10:06.950+0530] {dag.py:4180} INFO - Setting next_dagrun for dataset_s3_bucket_producer_with_no_taskflow to None, run_after=None
[2025-12-10T12:10:06.978+0530] {processor.py:208} INFO - Processing /home/sneha/spotify_airflow_project/venv/lib/python3.12/site-packages/airflow/example_dags/example_dataset_alias_with_no_taskflow.py took 0.128 seconds
[2025-12-10T12:11:00.362+0530] {processor.py:186} INFO - Started process (PID=12335) to work on /home/sneha/spotify_airflow_project/venv/lib/python3.12/site-packages/airflow/example_dags/example_dataset_alias_with_no_taskflow.py
[2025-12-10T12:11:00.364+0530] {processor.py:914} INFO - Processing file /home/sneha/spotify_airflow_project/venv/lib/python3.12/site-packages/airflow/example_dags/example_dataset_alias_with_no_taskflow.py for tasks to queue
[2025-12-10T12:11:00.369+0530] {logging_mixin.py:190} INFO - [2025-12-10T12:11:00.368+0530] {dagbag.py:588} INFO - Filling up the DagBag from /home/sneha/spotify_airflow_project/venv/lib/python3.12/site-packages/airflow/example_dags/example_dataset_alias_with_no_taskflow.py
[2025-12-10T12:11:00.399+0530] {processor.py:925} INFO - DAG(s) 'dataset_s3_bucket_consumer_with_no_taskflow', 'dataset_alias_example_alias_producer_with_no_taskflow', 'dataset_s3_bucket_producer_with_no_taskflow', 'dataset_alias_example_alias_consumer_with_no_taskflow' retrieved from /home/sneha/spotify_airflow_project/venv/lib/python3.12/site-packages/airflow/example_dags/example_dataset_alias_with_no_taskflow.py
[2025-12-10T12:11:00.425+0530] {logging_mixin.py:190} INFO - [2025-12-10T12:11:00.425+0530] {dag.py:3239} INFO - Sync 4 DAGs
[2025-12-10T12:11:00.453+0530] {logging_mixin.py:190} INFO - [2025-12-10T12:11:00.453+0530] {dag.py:4180} INFO - Setting next_dagrun for dataset_alias_example_alias_consumer_with_no_taskflow to None, run_after=None
[2025-12-10T12:11:00.456+0530] {logging_mixin.py:190} INFO - [2025-12-10T12:11:00.456+0530] {dag.py:4180} INFO - Setting next_dagrun for dataset_alias_example_alias_producer_with_no_taskflow to None, run_after=None
[2025-12-10T12:11:00.458+0530] {logging_mixin.py:190} INFO - [2025-12-10T12:11:00.457+0530] {dag.py:4180} INFO - Setting next_dagrun for dataset_s3_bucket_consumer_with_no_taskflow to None, run_after=None
[2025-12-10T12:11:00.459+0530] {logging_mixin.py:190} INFO - [2025-12-10T12:11:00.458+0530] {dag.py:4180} INFO - Setting next_dagrun for dataset_s3_bucket_producer_with_no_taskflow to None, run_after=None
[2025-12-10T12:11:00.487+0530] {processor.py:208} INFO - Processing /home/sneha/spotify_airflow_project/venv/lib/python3.12/site-packages/airflow/example_dags/example_dataset_alias_with_no_taskflow.py took 0.133 seconds
[2025-12-10T12:11:50.860+0530] {processor.py:186} INFO - Started process (PID=12418) to work on /home/sneha/spotify_airflow_project/venv/lib/python3.12/site-packages/airflow/example_dags/example_dataset_alias_with_no_taskflow.py
[2025-12-10T12:11:50.861+0530] {processor.py:914} INFO - Processing file /home/sneha/spotify_airflow_project/venv/lib/python3.12/site-packages/airflow/example_dags/example_dataset_alias_with_no_taskflow.py for tasks to queue
[2025-12-10T12:11:50.863+0530] {logging_mixin.py:190} INFO - [2025-12-10T12:11:50.863+0530] {dagbag.py:588} INFO - Filling up the DagBag from /home/sneha/spotify_airflow_project/venv/lib/python3.12/site-packages/airflow/example_dags/example_dataset_alias_with_no_taskflow.py
[2025-12-10T12:11:50.886+0530] {processor.py:925} INFO - DAG(s) 'dataset_alias_example_alias_producer_with_no_taskflow', 'dataset_s3_bucket_producer_with_no_taskflow', 'dataset_s3_bucket_consumer_with_no_taskflow', 'dataset_alias_example_alias_consumer_with_no_taskflow' retrieved from /home/sneha/spotify_airflow_project/venv/lib/python3.12/site-packages/airflow/example_dags/example_dataset_alias_with_no_taskflow.py
[2025-12-10T12:11:50.905+0530] {logging_mixin.py:190} INFO - [2025-12-10T12:11:50.905+0530] {dag.py:3239} INFO - Sync 4 DAGs
[2025-12-10T12:11:50.923+0530] {logging_mixin.py:190} INFO - [2025-12-10T12:11:50.923+0530] {dag.py:4180} INFO - Setting next_dagrun for dataset_alias_example_alias_consumer_with_no_taskflow to None, run_after=None
[2025-12-10T12:11:50.925+0530] {logging_mixin.py:190} INFO - [2025-12-10T12:11:50.925+0530] {dag.py:4180} INFO - Setting next_dagrun for dataset_alias_example_alias_producer_with_no_taskflow to None, run_after=None
[2025-12-10T12:11:50.926+0530] {logging_mixin.py:190} INFO - [2025-12-10T12:11:50.926+0530] {dag.py:4180} INFO - Setting next_dagrun for dataset_s3_bucket_consumer_with_no_taskflow to None, run_after=None
[2025-12-10T12:11:50.927+0530] {logging_mixin.py:190} INFO - [2025-12-10T12:11:50.927+0530] {dag.py:4180} INFO - Setting next_dagrun for dataset_s3_bucket_producer_with_no_taskflow to None, run_after=None
[2025-12-10T12:11:50.946+0530] {processor.py:208} INFO - Processing /home/sneha/spotify_airflow_project/venv/lib/python3.12/site-packages/airflow/example_dags/example_dataset_alias_with_no_taskflow.py took 0.096 seconds
[2025-12-10T12:13:07.098+0530] {processor.py:186} INFO - Started process (PID=12527) to work on /home/sneha/spotify_airflow_project/venv/lib/python3.12/site-packages/airflow/example_dags/example_dataset_alias_with_no_taskflow.py
[2025-12-10T12:13:07.109+0530] {processor.py:914} INFO - Processing file /home/sneha/spotify_airflow_project/venv/lib/python3.12/site-packages/airflow/example_dags/example_dataset_alias_with_no_taskflow.py for tasks to queue
[2025-12-10T12:13:07.111+0530] {logging_mixin.py:190} INFO - [2025-12-10T12:13:07.111+0530] {dagbag.py:588} INFO - Filling up the DagBag from /home/sneha/spotify_airflow_project/venv/lib/python3.12/site-packages/airflow/example_dags/example_dataset_alias_with_no_taskflow.py
[2025-12-10T12:13:07.134+0530] {processor.py:925} INFO - DAG(s) 'dataset_alias_example_alias_consumer_with_no_taskflow', 'dataset_s3_bucket_producer_with_no_taskflow', 'dataset_alias_example_alias_producer_with_no_taskflow', 'dataset_s3_bucket_consumer_with_no_taskflow' retrieved from /home/sneha/spotify_airflow_project/venv/lib/python3.12/site-packages/airflow/example_dags/example_dataset_alias_with_no_taskflow.py
[2025-12-10T12:13:07.152+0530] {logging_mixin.py:190} INFO - [2025-12-10T12:13:07.152+0530] {dag.py:3239} INFO - Sync 4 DAGs
[2025-12-10T12:13:07.170+0530] {logging_mixin.py:190} INFO - [2025-12-10T12:13:07.170+0530] {dag.py:4180} INFO - Setting next_dagrun for dataset_alias_example_alias_consumer_with_no_taskflow to None, run_after=None
[2025-12-10T12:13:07.172+0530] {logging_mixin.py:190} INFO - [2025-12-10T12:13:07.172+0530] {dag.py:4180} INFO - Setting next_dagrun for dataset_alias_example_alias_producer_with_no_taskflow to None, run_after=None
[2025-12-10T12:13:07.173+0530] {logging_mixin.py:190} INFO - [2025-12-10T12:13:07.173+0530] {dag.py:4180} INFO - Setting next_dagrun for dataset_s3_bucket_consumer_with_no_taskflow to None, run_after=None
[2025-12-10T12:13:07.173+0530] {logging_mixin.py:190} INFO - [2025-12-10T12:13:07.173+0530] {dag.py:4180} INFO - Setting next_dagrun for dataset_s3_bucket_producer_with_no_taskflow to None, run_after=None
[2025-12-10T12:13:07.193+0530] {processor.py:208} INFO - Processing /home/sneha/spotify_airflow_project/venv/lib/python3.12/site-packages/airflow/example_dags/example_dataset_alias_with_no_taskflow.py took 0.106 seconds
[2025-12-10T12:13:58.996+0530] {processor.py:186} INFO - Started process (PID=12645) to work on /home/sneha/spotify_airflow_project/venv/lib/python3.12/site-packages/airflow/example_dags/example_dataset_alias_with_no_taskflow.py
[2025-12-10T12:13:58.997+0530] {processor.py:914} INFO - Processing file /home/sneha/spotify_airflow_project/venv/lib/python3.12/site-packages/airflow/example_dags/example_dataset_alias_with_no_taskflow.py for tasks to queue
[2025-12-10T12:13:58.999+0530] {logging_mixin.py:190} INFO - [2025-12-10T12:13:58.999+0530] {dagbag.py:588} INFO - Filling up the DagBag from /home/sneha/spotify_airflow_project/venv/lib/python3.12/site-packages/airflow/example_dags/example_dataset_alias_with_no_taskflow.py
[2025-12-10T12:13:59.020+0530] {processor.py:925} INFO - DAG(s) 'dataset_s3_bucket_producer_with_no_taskflow', 'dataset_alias_example_alias_consumer_with_no_taskflow', 'dataset_s3_bucket_consumer_with_no_taskflow', 'dataset_alias_example_alias_producer_with_no_taskflow' retrieved from /home/sneha/spotify_airflow_project/venv/lib/python3.12/site-packages/airflow/example_dags/example_dataset_alias_with_no_taskflow.py
[2025-12-10T12:13:59.039+0530] {logging_mixin.py:190} INFO - [2025-12-10T12:13:59.038+0530] {dag.py:3239} INFO - Sync 4 DAGs
[2025-12-10T12:13:59.057+0530] {logging_mixin.py:190} INFO - [2025-12-10T12:13:59.057+0530] {dag.py:4180} INFO - Setting next_dagrun for dataset_alias_example_alias_consumer_with_no_taskflow to None, run_after=None
[2025-12-10T12:13:59.059+0530] {logging_mixin.py:190} INFO - [2025-12-10T12:13:59.059+0530] {dag.py:4180} INFO - Setting next_dagrun for dataset_alias_example_alias_producer_with_no_taskflow to None, run_after=None
[2025-12-10T12:13:59.060+0530] {logging_mixin.py:190} INFO - [2025-12-10T12:13:59.060+0530] {dag.py:4180} INFO - Setting next_dagrun for dataset_s3_bucket_consumer_with_no_taskflow to None, run_after=None
[2025-12-10T12:13:59.061+0530] {logging_mixin.py:190} INFO - [2025-12-10T12:13:59.061+0530] {dag.py:4180} INFO - Setting next_dagrun for dataset_s3_bucket_producer_with_no_taskflow to None, run_after=None
[2025-12-10T12:13:59.080+0530] {processor.py:208} INFO - Processing /home/sneha/spotify_airflow_project/venv/lib/python3.12/site-packages/airflow/example_dags/example_dataset_alias_with_no_taskflow.py took 0.096 seconds
[2025-12-10T12:15:14.252+0530] {processor.py:186} INFO - Started process (PID=12730) to work on /home/sneha/spotify_airflow_project/venv/lib/python3.12/site-packages/airflow/example_dags/example_dataset_alias_with_no_taskflow.py
[2025-12-10T12:15:14.254+0530] {processor.py:914} INFO - Processing file /home/sneha/spotify_airflow_project/venv/lib/python3.12/site-packages/airflow/example_dags/example_dataset_alias_with_no_taskflow.py for tasks to queue
[2025-12-10T12:15:14.257+0530] {logging_mixin.py:190} INFO - [2025-12-10T12:15:14.256+0530] {dagbag.py:588} INFO - Filling up the DagBag from /home/sneha/spotify_airflow_project/venv/lib/python3.12/site-packages/airflow/example_dags/example_dataset_alias_with_no_taskflow.py
[2025-12-10T12:15:14.282+0530] {processor.py:925} INFO - DAG(s) 'dataset_s3_bucket_consumer_with_no_taskflow', 'dataset_alias_example_alias_consumer_with_no_taskflow', 'dataset_s3_bucket_producer_with_no_taskflow', 'dataset_alias_example_alias_producer_with_no_taskflow' retrieved from /home/sneha/spotify_airflow_project/venv/lib/python3.12/site-packages/airflow/example_dags/example_dataset_alias_with_no_taskflow.py
[2025-12-10T12:15:14.308+0530] {logging_mixin.py:190} INFO - [2025-12-10T12:15:14.308+0530] {dag.py:3239} INFO - Sync 4 DAGs
[2025-12-10T12:15:14.328+0530] {logging_mixin.py:190} INFO - [2025-12-10T12:15:14.328+0530] {dag.py:4180} INFO - Setting next_dagrun for dataset_alias_example_alias_consumer_with_no_taskflow to None, run_after=None
[2025-12-10T12:15:14.330+0530] {logging_mixin.py:190} INFO - [2025-12-10T12:15:14.330+0530] {dag.py:4180} INFO - Setting next_dagrun for dataset_alias_example_alias_producer_with_no_taskflow to None, run_after=None
[2025-12-10T12:15:14.331+0530] {logging_mixin.py:190} INFO - [2025-12-10T12:15:14.331+0530] {dag.py:4180} INFO - Setting next_dagrun for dataset_s3_bucket_consumer_with_no_taskflow to None, run_after=None
[2025-12-10T12:15:14.332+0530] {logging_mixin.py:190} INFO - [2025-12-10T12:15:14.332+0530] {dag.py:4180} INFO - Setting next_dagrun for dataset_s3_bucket_producer_with_no_taskflow to None, run_after=None
[2025-12-10T12:15:14.357+0530] {processor.py:208} INFO - Processing /home/sneha/spotify_airflow_project/venv/lib/python3.12/site-packages/airflow/example_dags/example_dataset_alias_with_no_taskflow.py took 0.114 seconds
[2025-12-10T12:16:05.841+0530] {processor.py:186} INFO - Started process (PID=12842) to work on /home/sneha/spotify_airflow_project/venv/lib/python3.12/site-packages/airflow/example_dags/example_dataset_alias_with_no_taskflow.py
[2025-12-10T12:16:05.842+0530] {processor.py:914} INFO - Processing file /home/sneha/spotify_airflow_project/venv/lib/python3.12/site-packages/airflow/example_dags/example_dataset_alias_with_no_taskflow.py for tasks to queue
[2025-12-10T12:16:05.844+0530] {logging_mixin.py:190} INFO - [2025-12-10T12:16:05.843+0530] {dagbag.py:588} INFO - Filling up the DagBag from /home/sneha/spotify_airflow_project/venv/lib/python3.12/site-packages/airflow/example_dags/example_dataset_alias_with_no_taskflow.py
[2025-12-10T12:16:05.866+0530] {processor.py:925} INFO - DAG(s) 'dataset_alias_example_alias_producer_with_no_taskflow', 'dataset_s3_bucket_producer_with_no_taskflow', 'dataset_s3_bucket_consumer_with_no_taskflow', 'dataset_alias_example_alias_consumer_with_no_taskflow' retrieved from /home/sneha/spotify_airflow_project/venv/lib/python3.12/site-packages/airflow/example_dags/example_dataset_alias_with_no_taskflow.py
[2025-12-10T12:16:05.885+0530] {logging_mixin.py:190} INFO - [2025-12-10T12:16:05.885+0530] {dag.py:3239} INFO - Sync 4 DAGs
[2025-12-10T12:16:05.902+0530] {logging_mixin.py:190} INFO - [2025-12-10T12:16:05.902+0530] {dag.py:4180} INFO - Setting next_dagrun for dataset_alias_example_alias_consumer_with_no_taskflow to None, run_after=None
[2025-12-10T12:16:05.904+0530] {logging_mixin.py:190} INFO - [2025-12-10T12:16:05.904+0530] {dag.py:4180} INFO - Setting next_dagrun for dataset_alias_example_alias_producer_with_no_taskflow to None, run_after=None
[2025-12-10T12:16:05.905+0530] {logging_mixin.py:190} INFO - [2025-12-10T12:16:05.905+0530] {dag.py:4180} INFO - Setting next_dagrun for dataset_s3_bucket_consumer_with_no_taskflow to None, run_after=None
[2025-12-10T12:16:05.906+0530] {logging_mixin.py:190} INFO - [2025-12-10T12:16:05.906+0530] {dag.py:4180} INFO - Setting next_dagrun for dataset_s3_bucket_producer_with_no_taskflow to None, run_after=None
[2025-12-10T12:16:05.925+0530] {processor.py:208} INFO - Processing /home/sneha/spotify_airflow_project/venv/lib/python3.12/site-packages/airflow/example_dags/example_dataset_alias_with_no_taskflow.py took 0.095 seconds
[2025-12-10T12:16:57.495+0530] {processor.py:186} INFO - Started process (PID=12927) to work on /home/sneha/spotify_airflow_project/venv/lib/python3.12/site-packages/airflow/example_dags/example_dataset_alias_with_no_taskflow.py
[2025-12-10T12:16:57.496+0530] {processor.py:914} INFO - Processing file /home/sneha/spotify_airflow_project/venv/lib/python3.12/site-packages/airflow/example_dags/example_dataset_alias_with_no_taskflow.py for tasks to queue
[2025-12-10T12:16:57.498+0530] {logging_mixin.py:190} INFO - [2025-12-10T12:16:57.498+0530] {dagbag.py:588} INFO - Filling up the DagBag from /home/sneha/spotify_airflow_project/venv/lib/python3.12/site-packages/airflow/example_dags/example_dataset_alias_with_no_taskflow.py
[2025-12-10T12:16:57.520+0530] {processor.py:925} INFO - DAG(s) 'dataset_alias_example_alias_consumer_with_no_taskflow', 'dataset_s3_bucket_producer_with_no_taskflow', 'dataset_s3_bucket_consumer_with_no_taskflow', 'dataset_alias_example_alias_producer_with_no_taskflow' retrieved from /home/sneha/spotify_airflow_project/venv/lib/python3.12/site-packages/airflow/example_dags/example_dataset_alias_with_no_taskflow.py
[2025-12-10T12:16:57.538+0530] {logging_mixin.py:190} INFO - [2025-12-10T12:16:57.537+0530] {dag.py:3239} INFO - Sync 4 DAGs
[2025-12-10T12:16:57.555+0530] {logging_mixin.py:190} INFO - [2025-12-10T12:16:57.555+0530] {dag.py:4180} INFO - Setting next_dagrun for dataset_alias_example_alias_consumer_with_no_taskflow to None, run_after=None
[2025-12-10T12:16:57.557+0530] {logging_mixin.py:190} INFO - [2025-12-10T12:16:57.557+0530] {dag.py:4180} INFO - Setting next_dagrun for dataset_alias_example_alias_producer_with_no_taskflow to None, run_after=None
[2025-12-10T12:16:57.558+0530] {logging_mixin.py:190} INFO - [2025-12-10T12:16:57.558+0530] {dag.py:4180} INFO - Setting next_dagrun for dataset_s3_bucket_consumer_with_no_taskflow to None, run_after=None
[2025-12-10T12:16:57.559+0530] {logging_mixin.py:190} INFO - [2025-12-10T12:16:57.559+0530] {dag.py:4180} INFO - Setting next_dagrun for dataset_s3_bucket_producer_with_no_taskflow to None, run_after=None
[2025-12-10T12:16:57.580+0530] {processor.py:208} INFO - Processing /home/sneha/spotify_airflow_project/venv/lib/python3.12/site-packages/airflow/example_dags/example_dataset_alias_with_no_taskflow.py took 0.095 seconds
[2025-12-10T12:17:50.470+0530] {processor.py:186} INFO - Started process (PID=12985) to work on /home/sneha/spotify_airflow_project/venv/lib/python3.12/site-packages/airflow/example_dags/example_dataset_alias_with_no_taskflow.py
[2025-12-10T12:17:50.471+0530] {processor.py:914} INFO - Processing file /home/sneha/spotify_airflow_project/venv/lib/python3.12/site-packages/airflow/example_dags/example_dataset_alias_with_no_taskflow.py for tasks to queue
[2025-12-10T12:17:50.473+0530] {logging_mixin.py:190} INFO - [2025-12-10T12:17:50.472+0530] {dagbag.py:588} INFO - Filling up the DagBag from /home/sneha/spotify_airflow_project/venv/lib/python3.12/site-packages/airflow/example_dags/example_dataset_alias_with_no_taskflow.py
[2025-12-10T12:17:50.497+0530] {processor.py:925} INFO - DAG(s) 'dataset_alias_example_alias_producer_with_no_taskflow', 'dataset_alias_example_alias_consumer_with_no_taskflow', 'dataset_s3_bucket_consumer_with_no_taskflow', 'dataset_s3_bucket_producer_with_no_taskflow' retrieved from /home/sneha/spotify_airflow_project/venv/lib/python3.12/site-packages/airflow/example_dags/example_dataset_alias_with_no_taskflow.py
[2025-12-10T12:17:50.515+0530] {logging_mixin.py:190} INFO - [2025-12-10T12:17:50.515+0530] {dag.py:3239} INFO - Sync 4 DAGs
[2025-12-10T12:17:50.533+0530] {logging_mixin.py:190} INFO - [2025-12-10T12:17:50.533+0530] {dag.py:4180} INFO - Setting next_dagrun for dataset_alias_example_alias_consumer_with_no_taskflow to None, run_after=None
[2025-12-10T12:17:50.535+0530] {logging_mixin.py:190} INFO - [2025-12-10T12:17:50.535+0530] {dag.py:4180} INFO - Setting next_dagrun for dataset_alias_example_alias_producer_with_no_taskflow to None, run_after=None
[2025-12-10T12:17:50.536+0530] {logging_mixin.py:190} INFO - [2025-12-10T12:17:50.536+0530] {dag.py:4180} INFO - Setting next_dagrun for dataset_s3_bucket_consumer_with_no_taskflow to None, run_after=None
[2025-12-10T12:17:50.537+0530] {logging_mixin.py:190} INFO - [2025-12-10T12:17:50.537+0530] {dag.py:4180} INFO - Setting next_dagrun for dataset_s3_bucket_producer_with_no_taskflow to None, run_after=None
[2025-12-10T12:17:50.556+0530] {processor.py:208} INFO - Processing /home/sneha/spotify_airflow_project/venv/lib/python3.12/site-packages/airflow/example_dags/example_dataset_alias_with_no_taskflow.py took 0.098 seconds
[2025-12-10T12:18:44.377+0530] {processor.py:186} INFO - Started process (PID=13041) to work on /home/sneha/spotify_airflow_project/venv/lib/python3.12/site-packages/airflow/example_dags/example_dataset_alias_with_no_taskflow.py
[2025-12-10T12:18:44.378+0530] {processor.py:914} INFO - Processing file /home/sneha/spotify_airflow_project/venv/lib/python3.12/site-packages/airflow/example_dags/example_dataset_alias_with_no_taskflow.py for tasks to queue
[2025-12-10T12:18:44.380+0530] {logging_mixin.py:190} INFO - [2025-12-10T12:18:44.379+0530] {dagbag.py:588} INFO - Filling up the DagBag from /home/sneha/spotify_airflow_project/venv/lib/python3.12/site-packages/airflow/example_dags/example_dataset_alias_with_no_taskflow.py
[2025-12-10T12:18:44.401+0530] {processor.py:925} INFO - DAG(s) 'dataset_s3_bucket_producer_with_no_taskflow', 'dataset_s3_bucket_consumer_with_no_taskflow', 'dataset_alias_example_alias_producer_with_no_taskflow', 'dataset_alias_example_alias_consumer_with_no_taskflow' retrieved from /home/sneha/spotify_airflow_project/venv/lib/python3.12/site-packages/airflow/example_dags/example_dataset_alias_with_no_taskflow.py
[2025-12-10T12:18:44.420+0530] {logging_mixin.py:190} INFO - [2025-12-10T12:18:44.419+0530] {dag.py:3239} INFO - Sync 4 DAGs
[2025-12-10T12:18:44.437+0530] {logging_mixin.py:190} INFO - [2025-12-10T12:18:44.437+0530] {dag.py:4180} INFO - Setting next_dagrun for dataset_alias_example_alias_consumer_with_no_taskflow to None, run_after=None
[2025-12-10T12:18:44.439+0530] {logging_mixin.py:190} INFO - [2025-12-10T12:18:44.439+0530] {dag.py:4180} INFO - Setting next_dagrun for dataset_alias_example_alias_producer_with_no_taskflow to None, run_after=None
[2025-12-10T12:18:44.440+0530] {logging_mixin.py:190} INFO - [2025-12-10T12:18:44.440+0530] {dag.py:4180} INFO - Setting next_dagrun for dataset_s3_bucket_consumer_with_no_taskflow to None, run_after=None
[2025-12-10T12:18:44.441+0530] {logging_mixin.py:190} INFO - [2025-12-10T12:18:44.441+0530] {dag.py:4180} INFO - Setting next_dagrun for dataset_s3_bucket_producer_with_no_taskflow to None, run_after=None
[2025-12-10T12:18:44.461+0530] {processor.py:208} INFO - Processing /home/sneha/spotify_airflow_project/venv/lib/python3.12/site-packages/airflow/example_dags/example_dataset_alias_with_no_taskflow.py took 0.095 seconds
[2025-12-10T12:19:36.742+0530] {processor.py:186} INFO - Started process (PID=13098) to work on /home/sneha/spotify_airflow_project/venv/lib/python3.12/site-packages/airflow/example_dags/example_dataset_alias_with_no_taskflow.py
[2025-12-10T12:19:36.743+0530] {processor.py:914} INFO - Processing file /home/sneha/spotify_airflow_project/venv/lib/python3.12/site-packages/airflow/example_dags/example_dataset_alias_with_no_taskflow.py for tasks to queue
[2025-12-10T12:19:36.745+0530] {logging_mixin.py:190} INFO - [2025-12-10T12:19:36.744+0530] {dagbag.py:588} INFO - Filling up the DagBag from /home/sneha/spotify_airflow_project/venv/lib/python3.12/site-packages/airflow/example_dags/example_dataset_alias_with_no_taskflow.py
[2025-12-10T12:19:36.767+0530] {processor.py:925} INFO - DAG(s) 'dataset_s3_bucket_consumer_with_no_taskflow', 'dataset_alias_example_alias_producer_with_no_taskflow', 'dataset_alias_example_alias_consumer_with_no_taskflow', 'dataset_s3_bucket_producer_with_no_taskflow' retrieved from /home/sneha/spotify_airflow_project/venv/lib/python3.12/site-packages/airflow/example_dags/example_dataset_alias_with_no_taskflow.py
[2025-12-10T12:19:36.786+0530] {logging_mixin.py:190} INFO - [2025-12-10T12:19:36.786+0530] {dag.py:3239} INFO - Sync 4 DAGs
[2025-12-10T12:19:36.804+0530] {logging_mixin.py:190} INFO - [2025-12-10T12:19:36.804+0530] {dag.py:4180} INFO - Setting next_dagrun for dataset_alias_example_alias_consumer_with_no_taskflow to None, run_after=None
[2025-12-10T12:19:36.806+0530] {logging_mixin.py:190} INFO - [2025-12-10T12:19:36.806+0530] {dag.py:4180} INFO - Setting next_dagrun for dataset_alias_example_alias_producer_with_no_taskflow to None, run_after=None
[2025-12-10T12:19:36.807+0530] {logging_mixin.py:190} INFO - [2025-12-10T12:19:36.806+0530] {dag.py:4180} INFO - Setting next_dagrun for dataset_s3_bucket_consumer_with_no_taskflow to None, run_after=None
[2025-12-10T12:19:36.807+0530] {logging_mixin.py:190} INFO - [2025-12-10T12:19:36.807+0530] {dag.py:4180} INFO - Setting next_dagrun for dataset_s3_bucket_producer_with_no_taskflow to None, run_after=None
[2025-12-10T12:19:36.826+0530] {processor.py:208} INFO - Processing /home/sneha/spotify_airflow_project/venv/lib/python3.12/site-packages/airflow/example_dags/example_dataset_alias_with_no_taskflow.py took 0.095 seconds
[2025-12-10T12:20:28.012+0530] {processor.py:186} INFO - Started process (PID=13159) to work on /home/sneha/spotify_airflow_project/venv/lib/python3.12/site-packages/airflow/example_dags/example_dataset_alias_with_no_taskflow.py
[2025-12-10T12:20:28.013+0530] {processor.py:914} INFO - Processing file /home/sneha/spotify_airflow_project/venv/lib/python3.12/site-packages/airflow/example_dags/example_dataset_alias_with_no_taskflow.py for tasks to queue
[2025-12-10T12:20:28.015+0530] {logging_mixin.py:190} INFO - [2025-12-10T12:20:28.015+0530] {dagbag.py:588} INFO - Filling up the DagBag from /home/sneha/spotify_airflow_project/venv/lib/python3.12/site-packages/airflow/example_dags/example_dataset_alias_with_no_taskflow.py
[2025-12-10T12:20:28.037+0530] {processor.py:925} INFO - DAG(s) 'dataset_s3_bucket_consumer_with_no_taskflow', 'dataset_s3_bucket_producer_with_no_taskflow', 'dataset_alias_example_alias_producer_with_no_taskflow', 'dataset_alias_example_alias_consumer_with_no_taskflow' retrieved from /home/sneha/spotify_airflow_project/venv/lib/python3.12/site-packages/airflow/example_dags/example_dataset_alias_with_no_taskflow.py
[2025-12-10T12:20:28.055+0530] {logging_mixin.py:190} INFO - [2025-12-10T12:20:28.055+0530] {dag.py:3239} INFO - Sync 4 DAGs
[2025-12-10T12:20:28.074+0530] {logging_mixin.py:190} INFO - [2025-12-10T12:20:28.074+0530] {dag.py:4180} INFO - Setting next_dagrun for dataset_alias_example_alias_consumer_with_no_taskflow to None, run_after=None
[2025-12-10T12:20:28.076+0530] {logging_mixin.py:190} INFO - [2025-12-10T12:20:28.076+0530] {dag.py:4180} INFO - Setting next_dagrun for dataset_alias_example_alias_producer_with_no_taskflow to None, run_after=None
[2025-12-10T12:20:28.077+0530] {logging_mixin.py:190} INFO - [2025-12-10T12:20:28.077+0530] {dag.py:4180} INFO - Setting next_dagrun for dataset_s3_bucket_consumer_with_no_taskflow to None, run_after=None
[2025-12-10T12:20:28.078+0530] {logging_mixin.py:190} INFO - [2025-12-10T12:20:28.078+0530] {dag.py:4180} INFO - Setting next_dagrun for dataset_s3_bucket_producer_with_no_taskflow to None, run_after=None
[2025-12-10T12:20:28.097+0530] {processor.py:208} INFO - Processing /home/sneha/spotify_airflow_project/venv/lib/python3.12/site-packages/airflow/example_dags/example_dataset_alias_with_no_taskflow.py took 0.096 seconds
[2025-12-10T12:21:20.240+0530] {processor.py:186} INFO - Started process (PID=13219) to work on /home/sneha/spotify_airflow_project/venv/lib/python3.12/site-packages/airflow/example_dags/example_dataset_alias_with_no_taskflow.py
[2025-12-10T12:21:20.241+0530] {processor.py:914} INFO - Processing file /home/sneha/spotify_airflow_project/venv/lib/python3.12/site-packages/airflow/example_dags/example_dataset_alias_with_no_taskflow.py for tasks to queue
[2025-12-10T12:21:20.244+0530] {logging_mixin.py:190} INFO - [2025-12-10T12:21:20.243+0530] {dagbag.py:588} INFO - Filling up the DagBag from /home/sneha/spotify_airflow_project/venv/lib/python3.12/site-packages/airflow/example_dags/example_dataset_alias_with_no_taskflow.py
[2025-12-10T12:21:20.275+0530] {processor.py:925} INFO - DAG(s) 'dataset_alias_example_alias_producer_with_no_taskflow', 'dataset_s3_bucket_consumer_with_no_taskflow', 'dataset_alias_example_alias_consumer_with_no_taskflow', 'dataset_s3_bucket_producer_with_no_taskflow' retrieved from /home/sneha/spotify_airflow_project/venv/lib/python3.12/site-packages/airflow/example_dags/example_dataset_alias_with_no_taskflow.py
[2025-12-10T12:21:20.304+0530] {logging_mixin.py:190} INFO - [2025-12-10T12:21:20.303+0530] {dag.py:3239} INFO - Sync 4 DAGs
[2025-12-10T12:21:20.331+0530] {logging_mixin.py:190} INFO - [2025-12-10T12:21:20.331+0530] {dag.py:4180} INFO - Setting next_dagrun for dataset_alias_example_alias_consumer_with_no_taskflow to None, run_after=None
[2025-12-10T12:21:20.334+0530] {logging_mixin.py:190} INFO - [2025-12-10T12:21:20.334+0530] {dag.py:4180} INFO - Setting next_dagrun for dataset_alias_example_alias_producer_with_no_taskflow to None, run_after=None
[2025-12-10T12:21:20.335+0530] {logging_mixin.py:190} INFO - [2025-12-10T12:21:20.335+0530] {dag.py:4180} INFO - Setting next_dagrun for dataset_s3_bucket_consumer_with_no_taskflow to None, run_after=None
[2025-12-10T12:21:20.336+0530] {logging_mixin.py:190} INFO - [2025-12-10T12:21:20.336+0530] {dag.py:4180} INFO - Setting next_dagrun for dataset_s3_bucket_producer_with_no_taskflow to None, run_after=None
[2025-12-10T12:21:20.364+0530] {processor.py:208} INFO - Processing /home/sneha/spotify_airflow_project/venv/lib/python3.12/site-packages/airflow/example_dags/example_dataset_alias_with_no_taskflow.py took 0.131 seconds
[2025-12-10T12:22:13.359+0530] {processor.py:186} INFO - Started process (PID=13569) to work on /home/sneha/spotify_airflow_project/venv/lib/python3.12/site-packages/airflow/example_dags/example_dataset_alias_with_no_taskflow.py
[2025-12-10T12:22:13.360+0530] {processor.py:914} INFO - Processing file /home/sneha/spotify_airflow_project/venv/lib/python3.12/site-packages/airflow/example_dags/example_dataset_alias_with_no_taskflow.py for tasks to queue
[2025-12-10T12:22:13.362+0530] {logging_mixin.py:190} INFO - [2025-12-10T12:22:13.362+0530] {dagbag.py:588} INFO - Filling up the DagBag from /home/sneha/spotify_airflow_project/venv/lib/python3.12/site-packages/airflow/example_dags/example_dataset_alias_with_no_taskflow.py
[2025-12-10T12:22:13.384+0530] {processor.py:925} INFO - DAG(s) 'dataset_s3_bucket_consumer_with_no_taskflow', 'dataset_s3_bucket_producer_with_no_taskflow', 'dataset_alias_example_alias_consumer_with_no_taskflow', 'dataset_alias_example_alias_producer_with_no_taskflow' retrieved from /home/sneha/spotify_airflow_project/venv/lib/python3.12/site-packages/airflow/example_dags/example_dataset_alias_with_no_taskflow.py
[2025-12-10T12:22:13.403+0530] {logging_mixin.py:190} INFO - [2025-12-10T12:22:13.402+0530] {dag.py:3239} INFO - Sync 4 DAGs
[2025-12-10T12:22:13.421+0530] {logging_mixin.py:190} INFO - [2025-12-10T12:22:13.421+0530] {dag.py:4180} INFO - Setting next_dagrun for dataset_alias_example_alias_consumer_with_no_taskflow to None, run_after=None
[2025-12-10T12:22:13.423+0530] {logging_mixin.py:190} INFO - [2025-12-10T12:22:13.423+0530] {dag.py:4180} INFO - Setting next_dagrun for dataset_alias_example_alias_producer_with_no_taskflow to None, run_after=None
[2025-12-10T12:22:13.424+0530] {logging_mixin.py:190} INFO - [2025-12-10T12:22:13.424+0530] {dag.py:4180} INFO - Setting next_dagrun for dataset_s3_bucket_consumer_with_no_taskflow to None, run_after=None
[2025-12-10T12:22:13.424+0530] {logging_mixin.py:190} INFO - [2025-12-10T12:22:13.424+0530] {dag.py:4180} INFO - Setting next_dagrun for dataset_s3_bucket_producer_with_no_taskflow to None, run_after=None
[2025-12-10T12:22:13.448+0530] {processor.py:208} INFO - Processing /home/sneha/spotify_airflow_project/venv/lib/python3.12/site-packages/airflow/example_dags/example_dataset_alias_with_no_taskflow.py took 0.101 seconds
[2025-12-10T12:23:05.172+0530] {processor.py:186} INFO - Started process (PID=13627) to work on /home/sneha/spotify_airflow_project/venv/lib/python3.12/site-packages/airflow/example_dags/example_dataset_alias_with_no_taskflow.py
[2025-12-10T12:23:05.183+0530] {processor.py:914} INFO - Processing file /home/sneha/spotify_airflow_project/venv/lib/python3.12/site-packages/airflow/example_dags/example_dataset_alias_with_no_taskflow.py for tasks to queue
[2025-12-10T12:23:05.186+0530] {logging_mixin.py:190} INFO - [2025-12-10T12:23:05.185+0530] {dagbag.py:588} INFO - Filling up the DagBag from /home/sneha/spotify_airflow_project/venv/lib/python3.12/site-packages/airflow/example_dags/example_dataset_alias_with_no_taskflow.py
[2025-12-10T12:23:05.208+0530] {processor.py:925} INFO - DAG(s) 'dataset_s3_bucket_consumer_with_no_taskflow', 'dataset_s3_bucket_producer_with_no_taskflow', 'dataset_alias_example_alias_producer_with_no_taskflow', 'dataset_alias_example_alias_consumer_with_no_taskflow' retrieved from /home/sneha/spotify_airflow_project/venv/lib/python3.12/site-packages/airflow/example_dags/example_dataset_alias_with_no_taskflow.py
[2025-12-10T12:23:05.226+0530] {logging_mixin.py:190} INFO - [2025-12-10T12:23:05.226+0530] {dag.py:3239} INFO - Sync 4 DAGs
[2025-12-10T12:23:05.245+0530] {logging_mixin.py:190} INFO - [2025-12-10T12:23:05.245+0530] {dag.py:4180} INFO - Setting next_dagrun for dataset_alias_example_alias_consumer_with_no_taskflow to None, run_after=None
[2025-12-10T12:23:05.247+0530] {logging_mixin.py:190} INFO - [2025-12-10T12:23:05.247+0530] {dag.py:4180} INFO - Setting next_dagrun for dataset_alias_example_alias_producer_with_no_taskflow to None, run_after=None
[2025-12-10T12:23:05.248+0530] {logging_mixin.py:190} INFO - [2025-12-10T12:23:05.248+0530] {dag.py:4180} INFO - Setting next_dagrun for dataset_s3_bucket_consumer_with_no_taskflow to None, run_after=None
[2025-12-10T12:23:05.249+0530] {logging_mixin.py:190} INFO - [2025-12-10T12:23:05.249+0530] {dag.py:4180} INFO - Setting next_dagrun for dataset_s3_bucket_producer_with_no_taskflow to None, run_after=None
[2025-12-10T12:23:05.272+0530] {processor.py:208} INFO - Processing /home/sneha/spotify_airflow_project/venv/lib/python3.12/site-packages/airflow/example_dags/example_dataset_alias_with_no_taskflow.py took 0.110 seconds
[2025-12-10T12:23:58.039+0530] {processor.py:186} INFO - Started process (PID=13684) to work on /home/sneha/spotify_airflow_project/venv/lib/python3.12/site-packages/airflow/example_dags/example_dataset_alias_with_no_taskflow.py
[2025-12-10T12:23:58.040+0530] {processor.py:914} INFO - Processing file /home/sneha/spotify_airflow_project/venv/lib/python3.12/site-packages/airflow/example_dags/example_dataset_alias_with_no_taskflow.py for tasks to queue
[2025-12-10T12:23:58.043+0530] {logging_mixin.py:190} INFO - [2025-12-10T12:23:58.042+0530] {dagbag.py:588} INFO - Filling up the DagBag from /home/sneha/spotify_airflow_project/venv/lib/python3.12/site-packages/airflow/example_dags/example_dataset_alias_with_no_taskflow.py
[2025-12-10T12:23:58.066+0530] {processor.py:925} INFO - DAG(s) 'dataset_alias_example_alias_producer_with_no_taskflow', 'dataset_s3_bucket_producer_with_no_taskflow', 'dataset_s3_bucket_consumer_with_no_taskflow', 'dataset_alias_example_alias_consumer_with_no_taskflow' retrieved from /home/sneha/spotify_airflow_project/venv/lib/python3.12/site-packages/airflow/example_dags/example_dataset_alias_with_no_taskflow.py
[2025-12-10T12:23:58.086+0530] {logging_mixin.py:190} INFO - [2025-12-10T12:23:58.086+0530] {dag.py:3239} INFO - Sync 4 DAGs
[2025-12-10T12:23:58.108+0530] {logging_mixin.py:190} INFO - [2025-12-10T12:23:58.108+0530] {dag.py:4180} INFO - Setting next_dagrun for dataset_alias_example_alias_consumer_with_no_taskflow to None, run_after=None
[2025-12-10T12:23:58.110+0530] {logging_mixin.py:190} INFO - [2025-12-10T12:23:58.110+0530] {dag.py:4180} INFO - Setting next_dagrun for dataset_alias_example_alias_producer_with_no_taskflow to None, run_after=None
[2025-12-10T12:23:58.111+0530] {logging_mixin.py:190} INFO - [2025-12-10T12:23:58.111+0530] {dag.py:4180} INFO - Setting next_dagrun for dataset_s3_bucket_consumer_with_no_taskflow to None, run_after=None
[2025-12-10T12:23:58.112+0530] {logging_mixin.py:190} INFO - [2025-12-10T12:23:58.112+0530] {dag.py:4180} INFO - Setting next_dagrun for dataset_s3_bucket_producer_with_no_taskflow to None, run_after=None
[2025-12-10T12:23:58.135+0530] {processor.py:208} INFO - Processing /home/sneha/spotify_airflow_project/venv/lib/python3.12/site-packages/airflow/example_dags/example_dataset_alias_with_no_taskflow.py took 0.103 seconds
[2025-12-10T12:24:51.757+0530] {processor.py:186} INFO - Started process (PID=13749) to work on /home/sneha/spotify_airflow_project/venv/lib/python3.12/site-packages/airflow/example_dags/example_dataset_alias_with_no_taskflow.py
[2025-12-10T12:24:51.768+0530] {processor.py:914} INFO - Processing file /home/sneha/spotify_airflow_project/venv/lib/python3.12/site-packages/airflow/example_dags/example_dataset_alias_with_no_taskflow.py for tasks to queue
[2025-12-10T12:24:51.771+0530] {logging_mixin.py:190} INFO - [2025-12-10T12:24:51.770+0530] {dagbag.py:588} INFO - Filling up the DagBag from /home/sneha/spotify_airflow_project/venv/lib/python3.12/site-packages/airflow/example_dags/example_dataset_alias_with_no_taskflow.py
[2025-12-10T12:24:51.794+0530] {processor.py:925} INFO - DAG(s) 'dataset_s3_bucket_producer_with_no_taskflow', 'dataset_alias_example_alias_consumer_with_no_taskflow', 'dataset_s3_bucket_consumer_with_no_taskflow', 'dataset_alias_example_alias_producer_with_no_taskflow' retrieved from /home/sneha/spotify_airflow_project/venv/lib/python3.12/site-packages/airflow/example_dags/example_dataset_alias_with_no_taskflow.py
[2025-12-10T12:24:51.813+0530] {logging_mixin.py:190} INFO - [2025-12-10T12:24:51.813+0530] {dag.py:3239} INFO - Sync 4 DAGs
[2025-12-10T12:24:51.832+0530] {logging_mixin.py:190} INFO - [2025-12-10T12:24:51.832+0530] {dag.py:4180} INFO - Setting next_dagrun for dataset_alias_example_alias_consumer_with_no_taskflow to None, run_after=None
[2025-12-10T12:24:51.834+0530] {logging_mixin.py:190} INFO - [2025-12-10T12:24:51.834+0530] {dag.py:4180} INFO - Setting next_dagrun for dataset_alias_example_alias_producer_with_no_taskflow to None, run_after=None
[2025-12-10T12:24:51.835+0530] {logging_mixin.py:190} INFO - [2025-12-10T12:24:51.835+0530] {dag.py:4180} INFO - Setting next_dagrun for dataset_s3_bucket_consumer_with_no_taskflow to None, run_after=None
[2025-12-10T12:24:51.836+0530] {logging_mixin.py:190} INFO - [2025-12-10T12:24:51.835+0530] {dag.py:4180} INFO - Setting next_dagrun for dataset_s3_bucket_producer_with_no_taskflow to None, run_after=None
[2025-12-10T12:24:51.856+0530] {processor.py:208} INFO - Processing /home/sneha/spotify_airflow_project/venv/lib/python3.12/site-packages/airflow/example_dags/example_dataset_alias_with_no_taskflow.py took 0.106 seconds
