[2025-12-10T12:02:14.834+0530] {processor.py:186} INFO - Started process (PID=11090) to work on /home/sneha/spotify_airflow_project/venv/lib/python3.12/site-packages/airflow/example_dags/example_setup_teardown.py
[2025-12-10T12:02:14.834+0530] {processor.py:914} INFO - Processing file /home/sneha/spotify_airflow_project/venv/lib/python3.12/site-packages/airflow/example_dags/example_setup_teardown.py for tasks to queue
[2025-12-10T12:02:14.836+0530] {logging_mixin.py:190} INFO - [2025-12-10T12:02:14.836+0530] {dagbag.py:588} INFO - Filling up the DagBag from /home/sneha/spotify_airflow_project/venv/lib/python3.12/site-packages/airflow/example_dags/example_setup_teardown.py
[2025-12-10T12:02:14.844+0530] {processor.py:925} INFO - DAG(s) 'example_setup_teardown' retrieved from /home/sneha/spotify_airflow_project/venv/lib/python3.12/site-packages/airflow/example_dags/example_setup_teardown.py
[2025-12-10T12:02:14.937+0530] {logging_mixin.py:190} INFO - [2025-12-10T12:02:14.937+0530] {override.py:1900} INFO - Created Permission View: can read on DAG:example_setup_teardown
[2025-12-10T12:02:14.946+0530] {logging_mixin.py:190} INFO - [2025-12-10T12:02:14.946+0530] {override.py:1900} INFO - Created Permission View: can delete on DAG:example_setup_teardown
[2025-12-10T12:02:14.953+0530] {logging_mixin.py:190} INFO - [2025-12-10T12:02:14.952+0530] {override.py:1900} INFO - Created Permission View: can edit on DAG:example_setup_teardown
[2025-12-10T12:02:14.961+0530] {logging_mixin.py:190} INFO - [2025-12-10T12:02:14.961+0530] {override.py:1900} INFO - Created Permission View: can read on DAG Run:example_setup_teardown
[2025-12-10T12:02:14.967+0530] {logging_mixin.py:190} INFO - [2025-12-10T12:02:14.967+0530] {override.py:1900} INFO - Created Permission View: can delete on DAG Run:example_setup_teardown
[2025-12-10T12:02:14.973+0530] {logging_mixin.py:190} INFO - [2025-12-10T12:02:14.973+0530] {override.py:1900} INFO - Created Permission View: menu access on DAG Run:example_setup_teardown
[2025-12-10T12:02:14.979+0530] {logging_mixin.py:190} INFO - [2025-12-10T12:02:14.979+0530] {override.py:1900} INFO - Created Permission View: can create on DAG Run:example_setup_teardown
[2025-12-10T12:02:14.980+0530] {logging_mixin.py:190} INFO - [2025-12-10T12:02:14.980+0530] {dag.py:3239} INFO - Sync 1 DAGs
[2025-12-10T12:02:14.991+0530] {logging_mixin.py:190} INFO - [2025-12-10T12:02:14.990+0530] {dag.py:3262} INFO - Creating ORM DAG for example_setup_teardown
[2025-12-10T12:02:14.991+0530] {logging_mixin.py:190} INFO - [2025-12-10T12:02:14.991+0530] {dag.py:4180} INFO - Setting next_dagrun for example_setup_teardown to None, run_after=None
[2025-12-10T12:02:15.008+0530] {processor.py:208} INFO - Processing /home/sneha/spotify_airflow_project/venv/lib/python3.12/site-packages/airflow/example_dags/example_setup_teardown.py took 0.185 seconds
[2025-12-10T12:03:16.013+0530] {processor.py:186} INFO - Started process (PID=11342) to work on /home/sneha/spotify_airflow_project/venv/lib/python3.12/site-packages/airflow/example_dags/example_setup_teardown.py
[2025-12-10T12:03:16.024+0530] {processor.py:914} INFO - Processing file /home/sneha/spotify_airflow_project/venv/lib/python3.12/site-packages/airflow/example_dags/example_setup_teardown.py for tasks to queue
[2025-12-10T12:03:16.027+0530] {logging_mixin.py:190} INFO - [2025-12-10T12:03:16.026+0530] {dagbag.py:588} INFO - Filling up the DagBag from /home/sneha/spotify_airflow_project/venv/lib/python3.12/site-packages/airflow/example_dags/example_setup_teardown.py
[2025-12-10T12:03:16.036+0530] {processor.py:925} INFO - DAG(s) 'example_setup_teardown' retrieved from /home/sneha/spotify_airflow_project/venv/lib/python3.12/site-packages/airflow/example_dags/example_setup_teardown.py
[2025-12-10T12:03:16.051+0530] {logging_mixin.py:190} INFO - [2025-12-10T12:03:16.051+0530] {dag.py:3239} INFO - Sync 1 DAGs
[2025-12-10T12:03:16.062+0530] {logging_mixin.py:190} INFO - [2025-12-10T12:03:16.062+0530] {dag.py:4180} INFO - Setting next_dagrun for example_setup_teardown to None, run_after=None
[2025-12-10T12:03:16.080+0530] {processor.py:208} INFO - Processing /home/sneha/spotify_airflow_project/venv/lib/python3.12/site-packages/airflow/example_dags/example_setup_teardown.py took 0.073 seconds
[2025-12-10T12:04:11.323+0530] {processor.py:186} INFO - Started process (PID=11426) to work on /home/sneha/spotify_airflow_project/venv/lib/python3.12/site-packages/airflow/example_dags/example_setup_teardown.py
[2025-12-10T12:04:11.324+0530] {processor.py:914} INFO - Processing file /home/sneha/spotify_airflow_project/venv/lib/python3.12/site-packages/airflow/example_dags/example_setup_teardown.py for tasks to queue
[2025-12-10T12:04:11.326+0530] {logging_mixin.py:190} INFO - [2025-12-10T12:04:11.326+0530] {dagbag.py:588} INFO - Filling up the DagBag from /home/sneha/spotify_airflow_project/venv/lib/python3.12/site-packages/airflow/example_dags/example_setup_teardown.py
[2025-12-10T12:04:11.335+0530] {processor.py:925} INFO - DAG(s) 'example_setup_teardown' retrieved from /home/sneha/spotify_airflow_project/venv/lib/python3.12/site-packages/airflow/example_dags/example_setup_teardown.py
[2025-12-10T12:04:11.350+0530] {logging_mixin.py:190} INFO - [2025-12-10T12:04:11.350+0530] {dag.py:3239} INFO - Sync 1 DAGs
[2025-12-10T12:04:11.361+0530] {logging_mixin.py:190} INFO - [2025-12-10T12:04:11.361+0530] {dag.py:4180} INFO - Setting next_dagrun for example_setup_teardown to None, run_after=None
[2025-12-10T12:04:11.378+0530] {processor.py:208} INFO - Processing /home/sneha/spotify_airflow_project/venv/lib/python3.12/site-packages/airflow/example_dags/example_setup_teardown.py took 0.067 seconds
[2025-12-10T12:05:04.498+0530] {processor.py:186} INFO - Started process (PID=11492) to work on /home/sneha/spotify_airflow_project/venv/lib/python3.12/site-packages/airflow/example_dags/example_setup_teardown.py
[2025-12-10T12:05:04.500+0530] {processor.py:914} INFO - Processing file /home/sneha/spotify_airflow_project/venv/lib/python3.12/site-packages/airflow/example_dags/example_setup_teardown.py for tasks to queue
[2025-12-10T12:05:04.502+0530] {logging_mixin.py:190} INFO - [2025-12-10T12:05:04.502+0530] {dagbag.py:588} INFO - Filling up the DagBag from /home/sneha/spotify_airflow_project/venv/lib/python3.12/site-packages/airflow/example_dags/example_setup_teardown.py
[2025-12-10T12:05:04.515+0530] {processor.py:925} INFO - DAG(s) 'example_setup_teardown' retrieved from /home/sneha/spotify_airflow_project/venv/lib/python3.12/site-packages/airflow/example_dags/example_setup_teardown.py
[2025-12-10T12:05:04.535+0530] {logging_mixin.py:190} INFO - [2025-12-10T12:05:04.535+0530] {dag.py:3239} INFO - Sync 1 DAGs
[2025-12-10T12:05:04.548+0530] {logging_mixin.py:190} INFO - [2025-12-10T12:05:04.547+0530] {dag.py:4180} INFO - Setting next_dagrun for example_setup_teardown to None, run_after=None
[2025-12-10T12:05:04.572+0530] {processor.py:208} INFO - Processing /home/sneha/spotify_airflow_project/venv/lib/python3.12/site-packages/airflow/example_dags/example_setup_teardown.py took 0.084 seconds
[2025-12-10T12:05:59.949+0530] {processor.py:186} INFO - Started process (PID=11669) to work on /home/sneha/spotify_airflow_project/venv/lib/python3.12/site-packages/airflow/example_dags/example_setup_teardown.py
[2025-12-10T12:05:59.950+0530] {processor.py:914} INFO - Processing file /home/sneha/spotify_airflow_project/venv/lib/python3.12/site-packages/airflow/example_dags/example_setup_teardown.py for tasks to queue
[2025-12-10T12:05:59.952+0530] {logging_mixin.py:190} INFO - [2025-12-10T12:05:59.952+0530] {dagbag.py:588} INFO - Filling up the DagBag from /home/sneha/spotify_airflow_project/venv/lib/python3.12/site-packages/airflow/example_dags/example_setup_teardown.py
[2025-12-10T12:05:59.960+0530] {processor.py:925} INFO - DAG(s) 'example_setup_teardown' retrieved from /home/sneha/spotify_airflow_project/venv/lib/python3.12/site-packages/airflow/example_dags/example_setup_teardown.py
[2025-12-10T12:05:59.975+0530] {logging_mixin.py:190} INFO - [2025-12-10T12:05:59.974+0530] {dag.py:3239} INFO - Sync 1 DAGs
[2025-12-10T12:05:59.986+0530] {logging_mixin.py:190} INFO - [2025-12-10T12:05:59.986+0530] {dag.py:4180} INFO - Setting next_dagrun for example_setup_teardown to None, run_after=None
[2025-12-10T12:06:00.004+0530] {processor.py:208} INFO - Processing /home/sneha/spotify_airflow_project/venv/lib/python3.12/site-packages/airflow/example_dags/example_setup_teardown.py took 0.064 seconds
[2025-12-10T12:06:54.786+0530] {processor.py:186} INFO - Started process (PID=11877) to work on /home/sneha/spotify_airflow_project/venv/lib/python3.12/site-packages/airflow/example_dags/example_setup_teardown.py
[2025-12-10T12:06:54.787+0530] {processor.py:914} INFO - Processing file /home/sneha/spotify_airflow_project/venv/lib/python3.12/site-packages/airflow/example_dags/example_setup_teardown.py for tasks to queue
[2025-12-10T12:06:54.790+0530] {logging_mixin.py:190} INFO - [2025-12-10T12:06:54.789+0530] {dagbag.py:588} INFO - Filling up the DagBag from /home/sneha/spotify_airflow_project/venv/lib/python3.12/site-packages/airflow/example_dags/example_setup_teardown.py
[2025-12-10T12:06:54.797+0530] {processor.py:925} INFO - DAG(s) 'example_setup_teardown' retrieved from /home/sneha/spotify_airflow_project/venv/lib/python3.12/site-packages/airflow/example_dags/example_setup_teardown.py
[2025-12-10T12:06:54.812+0530] {logging_mixin.py:190} INFO - [2025-12-10T12:06:54.812+0530] {dag.py:3239} INFO - Sync 1 DAGs
[2025-12-10T12:06:54.823+0530] {logging_mixin.py:190} INFO - [2025-12-10T12:06:54.823+0530] {dag.py:4180} INFO - Setting next_dagrun for example_setup_teardown to None, run_after=None
[2025-12-10T12:06:54.953+0530] {processor.py:208} INFO - Processing /home/sneha/spotify_airflow_project/venv/lib/python3.12/site-packages/airflow/example_dags/example_setup_teardown.py took 0.178 seconds
[2025-12-10T12:07:58.949+0530] {processor.py:186} INFO - Started process (PID=11944) to work on /home/sneha/spotify_airflow_project/venv/lib/python3.12/site-packages/airflow/example_dags/example_setup_teardown.py
[2025-12-10T12:07:58.950+0530] {processor.py:914} INFO - Processing file /home/sneha/spotify_airflow_project/venv/lib/python3.12/site-packages/airflow/example_dags/example_setup_teardown.py for tasks to queue
[2025-12-10T12:07:58.952+0530] {logging_mixin.py:190} INFO - [2025-12-10T12:07:58.952+0530] {dagbag.py:588} INFO - Filling up the DagBag from /home/sneha/spotify_airflow_project/venv/lib/python3.12/site-packages/airflow/example_dags/example_setup_teardown.py
[2025-12-10T12:07:58.960+0530] {processor.py:925} INFO - DAG(s) 'example_setup_teardown' retrieved from /home/sneha/spotify_airflow_project/venv/lib/python3.12/site-packages/airflow/example_dags/example_setup_teardown.py
[2025-12-10T12:07:58.976+0530] {logging_mixin.py:190} INFO - [2025-12-10T12:07:58.975+0530] {dag.py:3239} INFO - Sync 1 DAGs
[2025-12-10T12:07:58.987+0530] {logging_mixin.py:190} INFO - [2025-12-10T12:07:58.987+0530] {dag.py:4180} INFO - Setting next_dagrun for example_setup_teardown to None, run_after=None
[2025-12-10T12:07:59.007+0530] {processor.py:208} INFO - Processing /home/sneha/spotify_airflow_project/venv/lib/python3.12/site-packages/airflow/example_dags/example_setup_teardown.py took 0.064 seconds
[2025-12-10T12:08:53.013+0530] {processor.py:186} INFO - Started process (PID=12095) to work on /home/sneha/spotify_airflow_project/venv/lib/python3.12/site-packages/airflow/example_dags/example_setup_teardown.py
[2025-12-10T12:08:53.023+0530] {processor.py:914} INFO - Processing file /home/sneha/spotify_airflow_project/venv/lib/python3.12/site-packages/airflow/example_dags/example_setup_teardown.py for tasks to queue
[2025-12-10T12:08:53.026+0530] {logging_mixin.py:190} INFO - [2025-12-10T12:08:53.025+0530] {dagbag.py:588} INFO - Filling up the DagBag from /home/sneha/spotify_airflow_project/venv/lib/python3.12/site-packages/airflow/example_dags/example_setup_teardown.py
[2025-12-10T12:08:53.035+0530] {processor.py:925} INFO - DAG(s) 'example_setup_teardown' retrieved from /home/sneha/spotify_airflow_project/venv/lib/python3.12/site-packages/airflow/example_dags/example_setup_teardown.py
[2025-12-10T12:08:53.050+0530] {logging_mixin.py:190} INFO - [2025-12-10T12:08:53.050+0530] {dag.py:3239} INFO - Sync 1 DAGs
[2025-12-10T12:08:53.062+0530] {logging_mixin.py:190} INFO - [2025-12-10T12:08:53.062+0530] {dag.py:4180} INFO - Setting next_dagrun for example_setup_teardown to None, run_after=None
[2025-12-10T12:08:53.080+0530] {processor.py:208} INFO - Processing /home/sneha/spotify_airflow_project/venv/lib/python3.12/site-packages/airflow/example_dags/example_setup_teardown.py took 0.077 seconds
[2025-12-10T12:09:46.571+0530] {processor.py:186} INFO - Started process (PID=12183) to work on /home/sneha/spotify_airflow_project/venv/lib/python3.12/site-packages/airflow/example_dags/example_setup_teardown.py
[2025-12-10T12:09:46.572+0530] {processor.py:914} INFO - Processing file /home/sneha/spotify_airflow_project/venv/lib/python3.12/site-packages/airflow/example_dags/example_setup_teardown.py for tasks to queue
[2025-12-10T12:09:46.574+0530] {logging_mixin.py:190} INFO - [2025-12-10T12:09:46.574+0530] {dagbag.py:588} INFO - Filling up the DagBag from /home/sneha/spotify_airflow_project/venv/lib/python3.12/site-packages/airflow/example_dags/example_setup_teardown.py
[2025-12-10T12:09:46.582+0530] {processor.py:925} INFO - DAG(s) 'example_setup_teardown' retrieved from /home/sneha/spotify_airflow_project/venv/lib/python3.12/site-packages/airflow/example_dags/example_setup_teardown.py
[2025-12-10T12:09:46.597+0530] {logging_mixin.py:190} INFO - [2025-12-10T12:09:46.597+0530] {dag.py:3239} INFO - Sync 1 DAGs
[2025-12-10T12:09:46.608+0530] {logging_mixin.py:190} INFO - [2025-12-10T12:09:46.608+0530] {dag.py:4180} INFO - Setting next_dagrun for example_setup_teardown to None, run_after=None
[2025-12-10T12:09:46.627+0530] {processor.py:208} INFO - Processing /home/sneha/spotify_airflow_project/venv/lib/python3.12/site-packages/airflow/example_dags/example_setup_teardown.py took 0.062 seconds
[2025-12-10T12:10:41.934+0530] {processor.py:186} INFO - Started process (PID=12257) to work on /home/sneha/spotify_airflow_project/venv/lib/python3.12/site-packages/airflow/example_dags/example_setup_teardown.py
[2025-12-10T12:10:41.935+0530] {processor.py:914} INFO - Processing file /home/sneha/spotify_airflow_project/venv/lib/python3.12/site-packages/airflow/example_dags/example_setup_teardown.py for tasks to queue
[2025-12-10T12:10:41.937+0530] {logging_mixin.py:190} INFO - [2025-12-10T12:10:41.936+0530] {dagbag.py:588} INFO - Filling up the DagBag from /home/sneha/spotify_airflow_project/venv/lib/python3.12/site-packages/airflow/example_dags/example_setup_teardown.py
[2025-12-10T12:10:41.945+0530] {processor.py:925} INFO - DAG(s) 'example_setup_teardown' retrieved from /home/sneha/spotify_airflow_project/venv/lib/python3.12/site-packages/airflow/example_dags/example_setup_teardown.py
[2025-12-10T12:10:41.962+0530] {logging_mixin.py:190} INFO - [2025-12-10T12:10:41.961+0530] {dag.py:3239} INFO - Sync 1 DAGs
[2025-12-10T12:10:41.974+0530] {logging_mixin.py:190} INFO - [2025-12-10T12:10:41.974+0530] {dag.py:4180} INFO - Setting next_dagrun for example_setup_teardown to None, run_after=None
[2025-12-10T12:10:41.995+0530] {processor.py:208} INFO - Processing /home/sneha/spotify_airflow_project/venv/lib/python3.12/site-packages/airflow/example_dags/example_setup_teardown.py took 0.067 seconds
[2025-12-10T12:11:34.824+0530] {processor.py:186} INFO - Started process (PID=12371) to work on /home/sneha/spotify_airflow_project/venv/lib/python3.12/site-packages/airflow/example_dags/example_setup_teardown.py
[2025-12-10T12:11:34.825+0530] {processor.py:914} INFO - Processing file /home/sneha/spotify_airflow_project/venv/lib/python3.12/site-packages/airflow/example_dags/example_setup_teardown.py for tasks to queue
[2025-12-10T12:11:34.828+0530] {logging_mixin.py:190} INFO - [2025-12-10T12:11:34.827+0530] {dagbag.py:588} INFO - Filling up the DagBag from /home/sneha/spotify_airflow_project/venv/lib/python3.12/site-packages/airflow/example_dags/example_setup_teardown.py
[2025-12-10T12:11:34.836+0530] {processor.py:925} INFO - DAG(s) 'example_setup_teardown' retrieved from /home/sneha/spotify_airflow_project/venv/lib/python3.12/site-packages/airflow/example_dags/example_setup_teardown.py
[2025-12-10T12:11:34.851+0530] {logging_mixin.py:190} INFO - [2025-12-10T12:11:34.851+0530] {dag.py:3239} INFO - Sync 1 DAGs
[2025-12-10T12:11:34.863+0530] {logging_mixin.py:190} INFO - [2025-12-10T12:11:34.863+0530] {dag.py:4180} INFO - Setting next_dagrun for example_setup_teardown to None, run_after=None
[2025-12-10T12:11:34.880+0530] {processor.py:208} INFO - Processing /home/sneha/spotify_airflow_project/venv/lib/python3.12/site-packages/airflow/example_dags/example_setup_teardown.py took 0.067 seconds
[2025-12-10T12:12:23.287+0530] {processor.py:186} INFO - Started process (PID=12451) to work on /home/sneha/spotify_airflow_project/venv/lib/python3.12/site-packages/airflow/example_dags/example_setup_teardown.py
[2025-12-10T12:12:23.288+0530] {processor.py:914} INFO - Processing file /home/sneha/spotify_airflow_project/venv/lib/python3.12/site-packages/airflow/example_dags/example_setup_teardown.py for tasks to queue
[2025-12-10T12:12:23.291+0530] {logging_mixin.py:190} INFO - [2025-12-10T12:12:23.290+0530] {dagbag.py:588} INFO - Filling up the DagBag from /home/sneha/spotify_airflow_project/venv/lib/python3.12/site-packages/airflow/example_dags/example_setup_teardown.py
[2025-12-10T12:12:23.299+0530] {processor.py:925} INFO - DAG(s) 'example_setup_teardown' retrieved from /home/sneha/spotify_airflow_project/venv/lib/python3.12/site-packages/airflow/example_dags/example_setup_teardown.py
[2025-12-10T12:12:23.314+0530] {logging_mixin.py:190} INFO - [2025-12-10T12:12:23.314+0530] {dag.py:3239} INFO - Sync 1 DAGs
[2025-12-10T12:12:23.326+0530] {logging_mixin.py:190} INFO - [2025-12-10T12:12:23.325+0530] {dag.py:4180} INFO - Setting next_dagrun for example_setup_teardown to None, run_after=None
[2025-12-10T12:12:23.344+0530] {processor.py:208} INFO - Processing /home/sneha/spotify_airflow_project/venv/lib/python3.12/site-packages/airflow/example_dags/example_setup_teardown.py took 0.068 seconds
[2025-12-10T12:13:15.025+0530] {processor.py:186} INFO - Started process (PID=12537) to work on /home/sneha/spotify_airflow_project/venv/lib/python3.12/site-packages/airflow/example_dags/example_setup_teardown.py
[2025-12-10T12:13:15.026+0530] {processor.py:914} INFO - Processing file /home/sneha/spotify_airflow_project/venv/lib/python3.12/site-packages/airflow/example_dags/example_setup_teardown.py for tasks to queue
[2025-12-10T12:13:15.029+0530] {logging_mixin.py:190} INFO - [2025-12-10T12:13:15.028+0530] {dagbag.py:588} INFO - Filling up the DagBag from /home/sneha/spotify_airflow_project/venv/lib/python3.12/site-packages/airflow/example_dags/example_setup_teardown.py
[2025-12-10T12:13:15.038+0530] {processor.py:925} INFO - DAG(s) 'example_setup_teardown' retrieved from /home/sneha/spotify_airflow_project/venv/lib/python3.12/site-packages/airflow/example_dags/example_setup_teardown.py
[2025-12-10T12:13:15.053+0530] {logging_mixin.py:190} INFO - [2025-12-10T12:13:15.053+0530] {dag.py:3239} INFO - Sync 1 DAGs
[2025-12-10T12:13:15.064+0530] {logging_mixin.py:190} INFO - [2025-12-10T12:13:15.064+0530] {dag.py:4180} INFO - Setting next_dagrun for example_setup_teardown to None, run_after=None
[2025-12-10T12:13:15.083+0530] {processor.py:208} INFO - Processing /home/sneha/spotify_airflow_project/venv/lib/python3.12/site-packages/airflow/example_dags/example_setup_teardown.py took 0.068 seconds
[2025-12-10T12:14:06.800+0530] {processor.py:186} INFO - Started process (PID=12654) to work on /home/sneha/spotify_airflow_project/venv/lib/python3.12/site-packages/airflow/example_dags/example_setup_teardown.py
[2025-12-10T12:14:06.801+0530] {processor.py:914} INFO - Processing file /home/sneha/spotify_airflow_project/venv/lib/python3.12/site-packages/airflow/example_dags/example_setup_teardown.py for tasks to queue
[2025-12-10T12:14:06.803+0530] {logging_mixin.py:190} INFO - [2025-12-10T12:14:06.803+0530] {dagbag.py:588} INFO - Filling up the DagBag from /home/sneha/spotify_airflow_project/venv/lib/python3.12/site-packages/airflow/example_dags/example_setup_teardown.py
[2025-12-10T12:14:06.811+0530] {processor.py:925} INFO - DAG(s) 'example_setup_teardown' retrieved from /home/sneha/spotify_airflow_project/venv/lib/python3.12/site-packages/airflow/example_dags/example_setup_teardown.py
[2025-12-10T12:14:06.827+0530] {logging_mixin.py:190} INFO - [2025-12-10T12:14:06.827+0530] {dag.py:3239} INFO - Sync 1 DAGs
[2025-12-10T12:14:06.839+0530] {logging_mixin.py:190} INFO - [2025-12-10T12:14:06.838+0530] {dag.py:4180} INFO - Setting next_dagrun for example_setup_teardown to None, run_after=None
[2025-12-10T12:14:06.856+0530] {processor.py:208} INFO - Processing /home/sneha/spotify_airflow_project/venv/lib/python3.12/site-packages/airflow/example_dags/example_setup_teardown.py took 0.067 seconds
[2025-12-10T12:14:57.077+0530] {processor.py:186} INFO - Started process (PID=12707) to work on /home/sneha/spotify_airflow_project/venv/lib/python3.12/site-packages/airflow/example_dags/example_setup_teardown.py
[2025-12-10T12:14:57.078+0530] {processor.py:914} INFO - Processing file /home/sneha/spotify_airflow_project/venv/lib/python3.12/site-packages/airflow/example_dags/example_setup_teardown.py for tasks to queue
[2025-12-10T12:14:57.080+0530] {logging_mixin.py:190} INFO - [2025-12-10T12:14:57.080+0530] {dagbag.py:588} INFO - Filling up the DagBag from /home/sneha/spotify_airflow_project/venv/lib/python3.12/site-packages/airflow/example_dags/example_setup_teardown.py
[2025-12-10T12:14:57.089+0530] {processor.py:925} INFO - DAG(s) 'example_setup_teardown' retrieved from /home/sneha/spotify_airflow_project/venv/lib/python3.12/site-packages/airflow/example_dags/example_setup_teardown.py
[2025-12-10T12:14:57.104+0530] {logging_mixin.py:190} INFO - [2025-12-10T12:14:57.104+0530] {dag.py:3239} INFO - Sync 1 DAGs
[2025-12-10T12:14:57.117+0530] {logging_mixin.py:190} INFO - [2025-12-10T12:14:57.116+0530] {dag.py:4180} INFO - Setting next_dagrun for example_setup_teardown to None, run_after=None
[2025-12-10T12:14:57.137+0530] {processor.py:208} INFO - Processing /home/sneha/spotify_airflow_project/venv/lib/python3.12/site-packages/airflow/example_dags/example_setup_teardown.py took 0.071 seconds
[2025-12-10T12:15:48.715+0530] {processor.py:186} INFO - Started process (PID=12823) to work on /home/sneha/spotify_airflow_project/venv/lib/python3.12/site-packages/airflow/example_dags/example_setup_teardown.py
[2025-12-10T12:15:48.716+0530] {processor.py:914} INFO - Processing file /home/sneha/spotify_airflow_project/venv/lib/python3.12/site-packages/airflow/example_dags/example_setup_teardown.py for tasks to queue
[2025-12-10T12:15:48.718+0530] {logging_mixin.py:190} INFO - [2025-12-10T12:15:48.718+0530] {dagbag.py:588} INFO - Filling up the DagBag from /home/sneha/spotify_airflow_project/venv/lib/python3.12/site-packages/airflow/example_dags/example_setup_teardown.py
[2025-12-10T12:15:48.727+0530] {processor.py:925} INFO - DAG(s) 'example_setup_teardown' retrieved from /home/sneha/spotify_airflow_project/venv/lib/python3.12/site-packages/airflow/example_dags/example_setup_teardown.py
[2025-12-10T12:15:48.744+0530] {logging_mixin.py:190} INFO - [2025-12-10T12:15:48.744+0530] {dag.py:3239} INFO - Sync 1 DAGs
[2025-12-10T12:15:48.756+0530] {logging_mixin.py:190} INFO - [2025-12-10T12:15:48.756+0530] {dag.py:4180} INFO - Setting next_dagrun for example_setup_teardown to None, run_after=None
[2025-12-10T12:15:48.776+0530] {processor.py:208} INFO - Processing /home/sneha/spotify_airflow_project/venv/lib/python3.12/site-packages/airflow/example_dags/example_setup_teardown.py took 0.069 seconds
[2025-12-10T12:16:40.288+0530] {processor.py:186} INFO - Started process (PID=12878) to work on /home/sneha/spotify_airflow_project/venv/lib/python3.12/site-packages/airflow/example_dags/example_setup_teardown.py
[2025-12-10T12:16:40.289+0530] {processor.py:914} INFO - Processing file /home/sneha/spotify_airflow_project/venv/lib/python3.12/site-packages/airflow/example_dags/example_setup_teardown.py for tasks to queue
[2025-12-10T12:16:40.291+0530] {logging_mixin.py:190} INFO - [2025-12-10T12:16:40.291+0530] {dagbag.py:588} INFO - Filling up the DagBag from /home/sneha/spotify_airflow_project/venv/lib/python3.12/site-packages/airflow/example_dags/example_setup_teardown.py
[2025-12-10T12:16:40.299+0530] {processor.py:925} INFO - DAG(s) 'example_setup_teardown' retrieved from /home/sneha/spotify_airflow_project/venv/lib/python3.12/site-packages/airflow/example_dags/example_setup_teardown.py
[2025-12-10T12:16:40.315+0530] {logging_mixin.py:190} INFO - [2025-12-10T12:16:40.315+0530] {dag.py:3239} INFO - Sync 1 DAGs
[2025-12-10T12:16:40.326+0530] {logging_mixin.py:190} INFO - [2025-12-10T12:16:40.326+0530] {dag.py:4180} INFO - Setting next_dagrun for example_setup_teardown to None, run_after=None
[2025-12-10T12:16:40.344+0530] {processor.py:208} INFO - Processing /home/sneha/spotify_airflow_project/venv/lib/python3.12/site-packages/airflow/example_dags/example_setup_teardown.py took 0.064 seconds
[2025-12-10T12:17:32.167+0530] {processor.py:186} INFO - Started process (PID=12966) to work on /home/sneha/spotify_airflow_project/venv/lib/python3.12/site-packages/airflow/example_dags/example_setup_teardown.py
[2025-12-10T12:17:32.168+0530] {processor.py:914} INFO - Processing file /home/sneha/spotify_airflow_project/venv/lib/python3.12/site-packages/airflow/example_dags/example_setup_teardown.py for tasks to queue
[2025-12-10T12:17:32.170+0530] {logging_mixin.py:190} INFO - [2025-12-10T12:17:32.170+0530] {dagbag.py:588} INFO - Filling up the DagBag from /home/sneha/spotify_airflow_project/venv/lib/python3.12/site-packages/airflow/example_dags/example_setup_teardown.py
[2025-12-10T12:17:32.178+0530] {processor.py:925} INFO - DAG(s) 'example_setup_teardown' retrieved from /home/sneha/spotify_airflow_project/venv/lib/python3.12/site-packages/airflow/example_dags/example_setup_teardown.py
[2025-12-10T12:17:32.194+0530] {logging_mixin.py:190} INFO - [2025-12-10T12:17:32.194+0530] {dag.py:3239} INFO - Sync 1 DAGs
[2025-12-10T12:17:32.205+0530] {logging_mixin.py:190} INFO - [2025-12-10T12:17:32.205+0530] {dag.py:4180} INFO - Setting next_dagrun for example_setup_teardown to None, run_after=None
[2025-12-10T12:17:32.223+0530] {processor.py:208} INFO - Processing /home/sneha/spotify_airflow_project/venv/lib/python3.12/site-packages/airflow/example_dags/example_setup_teardown.py took 0.067 seconds
[2025-12-10T12:18:26.331+0530] {processor.py:186} INFO - Started process (PID=13022) to work on /home/sneha/spotify_airflow_project/venv/lib/python3.12/site-packages/airflow/example_dags/example_setup_teardown.py
[2025-12-10T12:18:26.332+0530] {processor.py:914} INFO - Processing file /home/sneha/spotify_airflow_project/venv/lib/python3.12/site-packages/airflow/example_dags/example_setup_teardown.py for tasks to queue
[2025-12-10T12:18:26.334+0530] {logging_mixin.py:190} INFO - [2025-12-10T12:18:26.334+0530] {dagbag.py:588} INFO - Filling up the DagBag from /home/sneha/spotify_airflow_project/venv/lib/python3.12/site-packages/airflow/example_dags/example_setup_teardown.py
[2025-12-10T12:18:26.342+0530] {processor.py:925} INFO - DAG(s) 'example_setup_teardown' retrieved from /home/sneha/spotify_airflow_project/venv/lib/python3.12/site-packages/airflow/example_dags/example_setup_teardown.py
[2025-12-10T12:18:26.358+0530] {logging_mixin.py:190} INFO - [2025-12-10T12:18:26.358+0530] {dag.py:3239} INFO - Sync 1 DAGs
[2025-12-10T12:18:26.369+0530] {logging_mixin.py:190} INFO - [2025-12-10T12:18:26.369+0530] {dag.py:4180} INFO - Setting next_dagrun for example_setup_teardown to None, run_after=None
[2025-12-10T12:18:26.386+0530] {processor.py:208} INFO - Processing /home/sneha/spotify_airflow_project/venv/lib/python3.12/site-packages/airflow/example_dags/example_setup_teardown.py took 0.066 seconds
[2025-12-10T12:19:19.381+0530] {processor.py:186} INFO - Started process (PID=13079) to work on /home/sneha/spotify_airflow_project/venv/lib/python3.12/site-packages/airflow/example_dags/example_setup_teardown.py
[2025-12-10T12:19:19.382+0530] {processor.py:914} INFO - Processing file /home/sneha/spotify_airflow_project/venv/lib/python3.12/site-packages/airflow/example_dags/example_setup_teardown.py for tasks to queue
[2025-12-10T12:19:19.384+0530] {logging_mixin.py:190} INFO - [2025-12-10T12:19:19.384+0530] {dagbag.py:588} INFO - Filling up the DagBag from /home/sneha/spotify_airflow_project/venv/lib/python3.12/site-packages/airflow/example_dags/example_setup_teardown.py
[2025-12-10T12:19:19.393+0530] {processor.py:925} INFO - DAG(s) 'example_setup_teardown' retrieved from /home/sneha/spotify_airflow_project/venv/lib/python3.12/site-packages/airflow/example_dags/example_setup_teardown.py
[2025-12-10T12:19:19.408+0530] {logging_mixin.py:190} INFO - [2025-12-10T12:19:19.408+0530] {dag.py:3239} INFO - Sync 1 DAGs
[2025-12-10T12:19:19.419+0530] {logging_mixin.py:190} INFO - [2025-12-10T12:19:19.419+0530] {dag.py:4180} INFO - Setting next_dagrun for example_setup_teardown to None, run_after=None
[2025-12-10T12:19:19.437+0530] {processor.py:208} INFO - Processing /home/sneha/spotify_airflow_project/venv/lib/python3.12/site-packages/airflow/example_dags/example_setup_teardown.py took 0.065 seconds
[2025-12-10T12:20:10.156+0530] {processor.py:186} INFO - Started process (PID=13136) to work on /home/sneha/spotify_airflow_project/venv/lib/python3.12/site-packages/airflow/example_dags/example_setup_teardown.py
[2025-12-10T12:20:10.157+0530] {processor.py:914} INFO - Processing file /home/sneha/spotify_airflow_project/venv/lib/python3.12/site-packages/airflow/example_dags/example_setup_teardown.py for tasks to queue
[2025-12-10T12:20:10.159+0530] {logging_mixin.py:190} INFO - [2025-12-10T12:20:10.159+0530] {dagbag.py:588} INFO - Filling up the DagBag from /home/sneha/spotify_airflow_project/venv/lib/python3.12/site-packages/airflow/example_dags/example_setup_teardown.py
[2025-12-10T12:20:10.167+0530] {processor.py:925} INFO - DAG(s) 'example_setup_teardown' retrieved from /home/sneha/spotify_airflow_project/venv/lib/python3.12/site-packages/airflow/example_dags/example_setup_teardown.py
[2025-12-10T12:20:10.182+0530] {logging_mixin.py:190} INFO - [2025-12-10T12:20:10.182+0530] {dag.py:3239} INFO - Sync 1 DAGs
[2025-12-10T12:20:10.193+0530] {logging_mixin.py:190} INFO - [2025-12-10T12:20:10.193+0530] {dag.py:4180} INFO - Setting next_dagrun for example_setup_teardown to None, run_after=None
[2025-12-10T12:20:10.211+0530] {processor.py:208} INFO - Processing /home/sneha/spotify_airflow_project/venv/lib/python3.12/site-packages/airflow/example_dags/example_setup_teardown.py took 0.067 seconds
[2025-12-10T12:21:02.033+0530] {processor.py:186} INFO - Started process (PID=13195) to work on /home/sneha/spotify_airflow_project/venv/lib/python3.12/site-packages/airflow/example_dags/example_setup_teardown.py
[2025-12-10T12:21:02.034+0530] {processor.py:914} INFO - Processing file /home/sneha/spotify_airflow_project/venv/lib/python3.12/site-packages/airflow/example_dags/example_setup_teardown.py for tasks to queue
[2025-12-10T12:21:02.036+0530] {logging_mixin.py:190} INFO - [2025-12-10T12:21:02.036+0530] {dagbag.py:588} INFO - Filling up the DagBag from /home/sneha/spotify_airflow_project/venv/lib/python3.12/site-packages/airflow/example_dags/example_setup_teardown.py
[2025-12-10T12:21:02.044+0530] {processor.py:925} INFO - DAG(s) 'example_setup_teardown' retrieved from /home/sneha/spotify_airflow_project/venv/lib/python3.12/site-packages/airflow/example_dags/example_setup_teardown.py
[2025-12-10T12:21:02.060+0530] {logging_mixin.py:190} INFO - [2025-12-10T12:21:02.059+0530] {dag.py:3239} INFO - Sync 1 DAGs
[2025-12-10T12:21:02.071+0530] {logging_mixin.py:190} INFO - [2025-12-10T12:21:02.070+0530] {dag.py:4180} INFO - Setting next_dagrun for example_setup_teardown to None, run_after=None
[2025-12-10T12:21:02.090+0530] {processor.py:208} INFO - Processing /home/sneha/spotify_airflow_project/venv/lib/python3.12/site-packages/airflow/example_dags/example_setup_teardown.py took 0.068 seconds
[2025-12-10T12:21:55.436+0530] {processor.py:186} INFO - Started process (PID=13491) to work on /home/sneha/spotify_airflow_project/venv/lib/python3.12/site-packages/airflow/example_dags/example_setup_teardown.py
[2025-12-10T12:21:55.437+0530] {processor.py:914} INFO - Processing file /home/sneha/spotify_airflow_project/venv/lib/python3.12/site-packages/airflow/example_dags/example_setup_teardown.py for tasks to queue
[2025-12-10T12:21:55.440+0530] {logging_mixin.py:190} INFO - [2025-12-10T12:21:55.439+0530] {dagbag.py:588} INFO - Filling up the DagBag from /home/sneha/spotify_airflow_project/venv/lib/python3.12/site-packages/airflow/example_dags/example_setup_teardown.py
[2025-12-10T12:21:55.448+0530] {processor.py:925} INFO - DAG(s) 'example_setup_teardown' retrieved from /home/sneha/spotify_airflow_project/venv/lib/python3.12/site-packages/airflow/example_dags/example_setup_teardown.py
[2025-12-10T12:21:55.464+0530] {logging_mixin.py:190} INFO - [2025-12-10T12:21:55.464+0530] {dag.py:3239} INFO - Sync 1 DAGs
[2025-12-10T12:21:55.475+0530] {logging_mixin.py:190} INFO - [2025-12-10T12:21:55.475+0530] {dag.py:4180} INFO - Setting next_dagrun for example_setup_teardown to None, run_after=None
[2025-12-10T12:21:55.494+0530] {processor.py:208} INFO - Processing /home/sneha/spotify_airflow_project/venv/lib/python3.12/site-packages/airflow/example_dags/example_setup_teardown.py took 0.065 seconds
[2025-12-10T12:22:47.970+0530] {processor.py:186} INFO - Started process (PID=13608) to work on /home/sneha/spotify_airflow_project/venv/lib/python3.12/site-packages/airflow/example_dags/example_setup_teardown.py
[2025-12-10T12:22:47.971+0530] {processor.py:914} INFO - Processing file /home/sneha/spotify_airflow_project/venv/lib/python3.12/site-packages/airflow/example_dags/example_setup_teardown.py for tasks to queue
[2025-12-10T12:22:47.973+0530] {logging_mixin.py:190} INFO - [2025-12-10T12:22:47.973+0530] {dagbag.py:588} INFO - Filling up the DagBag from /home/sneha/spotify_airflow_project/venv/lib/python3.12/site-packages/airflow/example_dags/example_setup_teardown.py
[2025-12-10T12:22:47.981+0530] {processor.py:925} INFO - DAG(s) 'example_setup_teardown' retrieved from /home/sneha/spotify_airflow_project/venv/lib/python3.12/site-packages/airflow/example_dags/example_setup_teardown.py
[2025-12-10T12:22:47.997+0530] {logging_mixin.py:190} INFO - [2025-12-10T12:22:47.997+0530] {dag.py:3239} INFO - Sync 1 DAGs
[2025-12-10T12:22:48.008+0530] {logging_mixin.py:190} INFO - [2025-12-10T12:22:48.008+0530] {dag.py:4180} INFO - Setting next_dagrun for example_setup_teardown to None, run_after=None
[2025-12-10T12:22:48.026+0530] {processor.py:208} INFO - Processing /home/sneha/spotify_airflow_project/venv/lib/python3.12/site-packages/airflow/example_dags/example_setup_teardown.py took 0.066 seconds
[2025-12-10T12:23:39.652+0530] {processor.py:186} INFO - Started process (PID=13664) to work on /home/sneha/spotify_airflow_project/venv/lib/python3.12/site-packages/airflow/example_dags/example_setup_teardown.py
[2025-12-10T12:23:39.663+0530] {processor.py:914} INFO - Processing file /home/sneha/spotify_airflow_project/venv/lib/python3.12/site-packages/airflow/example_dags/example_setup_teardown.py for tasks to queue
[2025-12-10T12:23:39.666+0530] {logging_mixin.py:190} INFO - [2025-12-10T12:23:39.666+0530] {dagbag.py:588} INFO - Filling up the DagBag from /home/sneha/spotify_airflow_project/venv/lib/python3.12/site-packages/airflow/example_dags/example_setup_teardown.py
[2025-12-10T12:23:39.675+0530] {processor.py:925} INFO - DAG(s) 'example_setup_teardown' retrieved from /home/sneha/spotify_airflow_project/venv/lib/python3.12/site-packages/airflow/example_dags/example_setup_teardown.py
[2025-12-10T12:23:39.691+0530] {logging_mixin.py:190} INFO - [2025-12-10T12:23:39.691+0530] {dag.py:3239} INFO - Sync 1 DAGs
[2025-12-10T12:23:39.702+0530] {logging_mixin.py:190} INFO - [2025-12-10T12:23:39.702+0530] {dag.py:4180} INFO - Setting next_dagrun for example_setup_teardown to None, run_after=None
[2025-12-10T12:23:39.720+0530] {processor.py:208} INFO - Processing /home/sneha/spotify_airflow_project/venv/lib/python3.12/site-packages/airflow/example_dags/example_setup_teardown.py took 0.078 seconds
[2025-12-10T12:24:33.082+0530] {processor.py:186} INFO - Started process (PID=13722) to work on /home/sneha/spotify_airflow_project/venv/lib/python3.12/site-packages/airflow/example_dags/example_setup_teardown.py
[2025-12-10T12:24:33.083+0530] {processor.py:914} INFO - Processing file /home/sneha/spotify_airflow_project/venv/lib/python3.12/site-packages/airflow/example_dags/example_setup_teardown.py for tasks to queue
[2025-12-10T12:24:33.085+0530] {logging_mixin.py:190} INFO - [2025-12-10T12:24:33.085+0530] {dagbag.py:588} INFO - Filling up the DagBag from /home/sneha/spotify_airflow_project/venv/lib/python3.12/site-packages/airflow/example_dags/example_setup_teardown.py
[2025-12-10T12:24:33.093+0530] {processor.py:925} INFO - DAG(s) 'example_setup_teardown' retrieved from /home/sneha/spotify_airflow_project/venv/lib/python3.12/site-packages/airflow/example_dags/example_setup_teardown.py
[2025-12-10T12:24:33.112+0530] {logging_mixin.py:190} INFO - [2025-12-10T12:24:33.112+0530] {dag.py:3239} INFO - Sync 1 DAGs
[2025-12-10T12:24:33.124+0530] {logging_mixin.py:190} INFO - [2025-12-10T12:24:33.123+0530] {dag.py:4180} INFO - Setting next_dagrun for example_setup_teardown to None, run_after=None
[2025-12-10T12:24:33.144+0530] {processor.py:208} INFO - Processing /home/sneha/spotify_airflow_project/venv/lib/python3.12/site-packages/airflow/example_dags/example_setup_teardown.py took 0.073 seconds
