[2025-12-10T12:02:35.684+0530] {processor.py:186} INFO - Started process (PID=11242) to work on /home/sneha/spotify_airflow_project/venv/lib/python3.12/site-packages/airflow/example_dags/example_dataset_alias.py
[2025-12-10T12:02:35.686+0530] {processor.py:914} INFO - Processing file /home/sneha/spotify_airflow_project/venv/lib/python3.12/site-packages/airflow/example_dags/example_dataset_alias.py for tasks to queue
[2025-12-10T12:02:35.691+0530] {logging_mixin.py:190} INFO - [2025-12-10T12:02:35.690+0530] {dagbag.py:588} INFO - Filling up the DagBag from /home/sneha/spotify_airflow_project/venv/lib/python3.12/site-packages/airflow/example_dags/example_dataset_alias.py
[2025-12-10T12:02:35.720+0530] {processor.py:925} INFO - DAG(s) 'dataset_alias_example_alias_consumer', 'dataset_s3_bucket_consumer', 'dataset_s3_bucket_producer', 'dataset_alias_example_alias_producer' retrieved from /home/sneha/spotify_airflow_project/venv/lib/python3.12/site-packages/airflow/example_dags/example_dataset_alias.py
[2025-12-10T12:02:35.824+0530] {logging_mixin.py:190} INFO - [2025-12-10T12:02:35.823+0530] {override.py:1900} INFO - Created Permission View: can read on DAG:dataset_alias_example_alias_consumer
[2025-12-10T12:02:35.834+0530] {logging_mixin.py:190} INFO - [2025-12-10T12:02:35.833+0530] {override.py:1900} INFO - Created Permission View: can delete on DAG:dataset_alias_example_alias_consumer
[2025-12-10T12:02:35.840+0530] {logging_mixin.py:190} INFO - [2025-12-10T12:02:35.839+0530] {override.py:1900} INFO - Created Permission View: can edit on DAG:dataset_alias_example_alias_consumer
[2025-12-10T12:02:35.849+0530] {logging_mixin.py:190} INFO - [2025-12-10T12:02:35.849+0530] {override.py:1900} INFO - Created Permission View: can read on DAG Run:dataset_alias_example_alias_consumer
[2025-12-10T12:02:35.855+0530] {logging_mixin.py:190} INFO - [2025-12-10T12:02:35.855+0530] {override.py:1900} INFO - Created Permission View: can delete on DAG Run:dataset_alias_example_alias_consumer
[2025-12-10T12:02:35.862+0530] {logging_mixin.py:190} INFO - [2025-12-10T12:02:35.862+0530] {override.py:1900} INFO - Created Permission View: menu access on DAG Run:dataset_alias_example_alias_consumer
[2025-12-10T12:02:35.869+0530] {logging_mixin.py:190} INFO - [2025-12-10T12:02:35.869+0530] {override.py:1900} INFO - Created Permission View: can create on DAG Run:dataset_alias_example_alias_consumer
[2025-12-10T12:02:35.882+0530] {logging_mixin.py:190} INFO - [2025-12-10T12:02:35.881+0530] {override.py:1900} INFO - Created Permission View: can read on DAG:dataset_s3_bucket_consumer
[2025-12-10T12:02:35.889+0530] {logging_mixin.py:190} INFO - [2025-12-10T12:02:35.889+0530] {override.py:1900} INFO - Created Permission View: can delete on DAG:dataset_s3_bucket_consumer
[2025-12-10T12:02:35.897+0530] {logging_mixin.py:190} INFO - [2025-12-10T12:02:35.896+0530] {override.py:1900} INFO - Created Permission View: can edit on DAG:dataset_s3_bucket_consumer
[2025-12-10T12:02:35.906+0530] {logging_mixin.py:190} INFO - [2025-12-10T12:02:35.905+0530] {override.py:1900} INFO - Created Permission View: can read on DAG Run:dataset_s3_bucket_consumer
[2025-12-10T12:02:35.912+0530] {logging_mixin.py:190} INFO - [2025-12-10T12:02:35.911+0530] {override.py:1900} INFO - Created Permission View: can delete on DAG Run:dataset_s3_bucket_consumer
[2025-12-10T12:02:35.919+0530] {logging_mixin.py:190} INFO - [2025-12-10T12:02:35.918+0530] {override.py:1900} INFO - Created Permission View: menu access on DAG Run:dataset_s3_bucket_consumer
[2025-12-10T12:02:35.924+0530] {logging_mixin.py:190} INFO - [2025-12-10T12:02:35.924+0530] {override.py:1900} INFO - Created Permission View: can create on DAG Run:dataset_s3_bucket_consumer
[2025-12-10T12:02:35.937+0530] {logging_mixin.py:190} INFO - [2025-12-10T12:02:35.937+0530] {override.py:1900} INFO - Created Permission View: can read on DAG:dataset_s3_bucket_producer
[2025-12-10T12:02:35.943+0530] {logging_mixin.py:190} INFO - [2025-12-10T12:02:35.942+0530] {override.py:1900} INFO - Created Permission View: can delete on DAG:dataset_s3_bucket_producer
[2025-12-10T12:02:35.949+0530] {logging_mixin.py:190} INFO - [2025-12-10T12:02:35.949+0530] {override.py:1900} INFO - Created Permission View: can edit on DAG:dataset_s3_bucket_producer
[2025-12-10T12:02:35.957+0530] {logging_mixin.py:190} INFO - [2025-12-10T12:02:35.957+0530] {override.py:1900} INFO - Created Permission View: can read on DAG Run:dataset_s3_bucket_producer
[2025-12-10T12:02:35.964+0530] {logging_mixin.py:190} INFO - [2025-12-10T12:02:35.963+0530] {override.py:1900} INFO - Created Permission View: can delete on DAG Run:dataset_s3_bucket_producer
[2025-12-10T12:02:35.970+0530] {logging_mixin.py:190} INFO - [2025-12-10T12:02:35.970+0530] {override.py:1900} INFO - Created Permission View: menu access on DAG Run:dataset_s3_bucket_producer
[2025-12-10T12:02:35.976+0530] {logging_mixin.py:190} INFO - [2025-12-10T12:02:35.975+0530] {override.py:1900} INFO - Created Permission View: can create on DAG Run:dataset_s3_bucket_producer
[2025-12-10T12:02:35.990+0530] {logging_mixin.py:190} INFO - [2025-12-10T12:02:35.990+0530] {override.py:1900} INFO - Created Permission View: can read on DAG:dataset_alias_example_alias_producer
[2025-12-10T12:02:35.996+0530] {logging_mixin.py:190} INFO - [2025-12-10T12:02:35.996+0530] {override.py:1900} INFO - Created Permission View: can delete on DAG:dataset_alias_example_alias_producer
[2025-12-10T12:02:36.002+0530] {logging_mixin.py:190} INFO - [2025-12-10T12:02:36.002+0530] {override.py:1900} INFO - Created Permission View: can edit on DAG:dataset_alias_example_alias_producer
[2025-12-10T12:02:36.010+0530] {logging_mixin.py:190} INFO - [2025-12-10T12:02:36.010+0530] {override.py:1900} INFO - Created Permission View: can read on DAG Run:dataset_alias_example_alias_producer
[2025-12-10T12:02:36.017+0530] {logging_mixin.py:190} INFO - [2025-12-10T12:02:36.016+0530] {override.py:1900} INFO - Created Permission View: can delete on DAG Run:dataset_alias_example_alias_producer
[2025-12-10T12:02:36.022+0530] {logging_mixin.py:190} INFO - [2025-12-10T12:02:36.022+0530] {override.py:1900} INFO - Created Permission View: menu access on DAG Run:dataset_alias_example_alias_producer
[2025-12-10T12:02:36.029+0530] {logging_mixin.py:190} INFO - [2025-12-10T12:02:36.028+0530] {override.py:1900} INFO - Created Permission View: can create on DAG Run:dataset_alias_example_alias_producer
[2025-12-10T12:02:36.029+0530] {logging_mixin.py:190} INFO - [2025-12-10T12:02:36.029+0530] {dag.py:3239} INFO - Sync 4 DAGs
[2025-12-10T12:02:36.040+0530] {logging_mixin.py:190} INFO - [2025-12-10T12:02:36.040+0530] {dag.py:3262} INFO - Creating ORM DAG for dataset_s3_bucket_consumer
[2025-12-10T12:02:36.040+0530] {logging_mixin.py:190} INFO - [2025-12-10T12:02:36.040+0530] {dag.py:3262} INFO - Creating ORM DAG for dataset_s3_bucket_producer
[2025-12-10T12:02:36.041+0530] {logging_mixin.py:190} INFO - [2025-12-10T12:02:36.041+0530] {dag.py:3262} INFO - Creating ORM DAG for dataset_alias_example_alias_producer
[2025-12-10T12:02:36.041+0530] {logging_mixin.py:190} INFO - [2025-12-10T12:02:36.041+0530] {dag.py:3262} INFO - Creating ORM DAG for dataset_alias_example_alias_consumer
[2025-12-10T12:02:36.049+0530] {logging_mixin.py:190} INFO - [2025-12-10T12:02:36.049+0530] {dag.py:4180} INFO - Setting next_dagrun for dataset_alias_example_alias_consumer to None, run_after=None
[2025-12-10T12:02:36.050+0530] {logging_mixin.py:190} INFO - [2025-12-10T12:02:36.050+0530] {dag.py:4180} INFO - Setting next_dagrun for dataset_alias_example_alias_producer to None, run_after=None
[2025-12-10T12:02:36.050+0530] {logging_mixin.py:190} INFO - [2025-12-10T12:02:36.050+0530] {dag.py:4180} INFO - Setting next_dagrun for dataset_s3_bucket_consumer to None, run_after=None
[2025-12-10T12:02:36.051+0530] {logging_mixin.py:190} INFO - [2025-12-10T12:02:36.051+0530] {dag.py:4180} INFO - Setting next_dagrun for dataset_s3_bucket_producer to None, run_after=None
[2025-12-10T12:02:36.075+0530] {processor.py:208} INFO - Processing /home/sneha/spotify_airflow_project/venv/lib/python3.12/site-packages/airflow/example_dags/example_dataset_alias.py took 0.405 seconds
[2025-12-10T12:03:34.606+0530] {processor.py:186} INFO - Started process (PID=11363) to work on /home/sneha/spotify_airflow_project/venv/lib/python3.12/site-packages/airflow/example_dags/example_dataset_alias.py
[2025-12-10T12:03:34.607+0530] {processor.py:914} INFO - Processing file /home/sneha/spotify_airflow_project/venv/lib/python3.12/site-packages/airflow/example_dags/example_dataset_alias.py for tasks to queue
[2025-12-10T12:03:34.609+0530] {logging_mixin.py:190} INFO - [2025-12-10T12:03:34.609+0530] {dagbag.py:588} INFO - Filling up the DagBag from /home/sneha/spotify_airflow_project/venv/lib/python3.12/site-packages/airflow/example_dags/example_dataset_alias.py
[2025-12-10T12:03:34.631+0530] {processor.py:925} INFO - DAG(s) 'dataset_alias_example_alias_consumer', 'dataset_alias_example_alias_producer', 'dataset_s3_bucket_consumer', 'dataset_s3_bucket_producer' retrieved from /home/sneha/spotify_airflow_project/venv/lib/python3.12/site-packages/airflow/example_dags/example_dataset_alias.py
[2025-12-10T12:03:34.649+0530] {logging_mixin.py:190} INFO - [2025-12-10T12:03:34.649+0530] {dag.py:3239} INFO - Sync 4 DAGs
[2025-12-10T12:03:34.667+0530] {logging_mixin.py:190} INFO - [2025-12-10T12:03:34.667+0530] {dag.py:4180} INFO - Setting next_dagrun for dataset_alias_example_alias_consumer to None, run_after=None
[2025-12-10T12:03:34.669+0530] {logging_mixin.py:190} INFO - [2025-12-10T12:03:34.669+0530] {dag.py:4180} INFO - Setting next_dagrun for dataset_alias_example_alias_producer to None, run_after=None
[2025-12-10T12:03:34.670+0530] {logging_mixin.py:190} INFO - [2025-12-10T12:03:34.670+0530] {dag.py:4180} INFO - Setting next_dagrun for dataset_s3_bucket_consumer to None, run_after=None
[2025-12-10T12:03:34.671+0530] {logging_mixin.py:190} INFO - [2025-12-10T12:03:34.670+0530] {dag.py:4180} INFO - Setting next_dagrun for dataset_s3_bucket_producer to None, run_after=None
[2025-12-10T12:03:34.689+0530] {processor.py:208} INFO - Processing /home/sneha/spotify_airflow_project/venv/lib/python3.12/site-packages/airflow/example_dags/example_dataset_alias.py took 0.093 seconds
[2025-12-10T12:04:31.046+0530] {processor.py:186} INFO - Started process (PID=11449) to work on /home/sneha/spotify_airflow_project/venv/lib/python3.12/site-packages/airflow/example_dags/example_dataset_alias.py
[2025-12-10T12:04:31.048+0530] {processor.py:914} INFO - Processing file /home/sneha/spotify_airflow_project/venv/lib/python3.12/site-packages/airflow/example_dags/example_dataset_alias.py for tasks to queue
[2025-12-10T12:04:31.050+0530] {logging_mixin.py:190} INFO - [2025-12-10T12:04:31.049+0530] {dagbag.py:588} INFO - Filling up the DagBag from /home/sneha/spotify_airflow_project/venv/lib/python3.12/site-packages/airflow/example_dags/example_dataset_alias.py
[2025-12-10T12:04:31.076+0530] {processor.py:925} INFO - DAG(s) 'dataset_alias_example_alias_consumer', 'dataset_alias_example_alias_producer', 'dataset_s3_bucket_producer', 'dataset_s3_bucket_consumer' retrieved from /home/sneha/spotify_airflow_project/venv/lib/python3.12/site-packages/airflow/example_dags/example_dataset_alias.py
[2025-12-10T12:04:31.106+0530] {logging_mixin.py:190} INFO - [2025-12-10T12:04:31.106+0530] {dag.py:3239} INFO - Sync 4 DAGs
[2025-12-10T12:04:31.126+0530] {logging_mixin.py:190} INFO - [2025-12-10T12:04:31.125+0530] {dag.py:4180} INFO - Setting next_dagrun for dataset_alias_example_alias_consumer to None, run_after=None
[2025-12-10T12:04:31.128+0530] {logging_mixin.py:190} INFO - [2025-12-10T12:04:31.128+0530] {dag.py:4180} INFO - Setting next_dagrun for dataset_alias_example_alias_producer to None, run_after=None
[2025-12-10T12:04:31.129+0530] {logging_mixin.py:190} INFO - [2025-12-10T12:04:31.128+0530] {dag.py:4180} INFO - Setting next_dagrun for dataset_s3_bucket_consumer to None, run_after=None
[2025-12-10T12:04:31.129+0530] {logging_mixin.py:190} INFO - [2025-12-10T12:04:31.129+0530] {dag.py:4180} INFO - Setting next_dagrun for dataset_s3_bucket_producer to None, run_after=None
[2025-12-10T12:04:31.152+0530] {processor.py:208} INFO - Processing /home/sneha/spotify_airflow_project/venv/lib/python3.12/site-packages/airflow/example_dags/example_dataset_alias.py took 0.115 seconds
[2025-12-10T12:05:27.626+0530] {processor.py:186} INFO - Started process (PID=11633) to work on /home/sneha/spotify_airflow_project/venv/lib/python3.12/site-packages/airflow/example_dags/example_dataset_alias.py
[2025-12-10T12:05:27.628+0530] {processor.py:914} INFO - Processing file /home/sneha/spotify_airflow_project/venv/lib/python3.12/site-packages/airflow/example_dags/example_dataset_alias.py for tasks to queue
[2025-12-10T12:05:27.630+0530] {logging_mixin.py:190} INFO - [2025-12-10T12:05:27.630+0530] {dagbag.py:588} INFO - Filling up the DagBag from /home/sneha/spotify_airflow_project/venv/lib/python3.12/site-packages/airflow/example_dags/example_dataset_alias.py
[2025-12-10T12:05:27.652+0530] {processor.py:925} INFO - DAG(s) 'dataset_alias_example_alias_consumer', 'dataset_s3_bucket_consumer', 'dataset_alias_example_alias_producer', 'dataset_s3_bucket_producer' retrieved from /home/sneha/spotify_airflow_project/venv/lib/python3.12/site-packages/airflow/example_dags/example_dataset_alias.py
[2025-12-10T12:05:27.670+0530] {logging_mixin.py:190} INFO - [2025-12-10T12:05:27.670+0530] {dag.py:3239} INFO - Sync 4 DAGs
[2025-12-10T12:05:27.688+0530] {logging_mixin.py:190} INFO - [2025-12-10T12:05:27.688+0530] {dag.py:4180} INFO - Setting next_dagrun for dataset_alias_example_alias_consumer to None, run_after=None
[2025-12-10T12:05:27.690+0530] {logging_mixin.py:190} INFO - [2025-12-10T12:05:27.690+0530] {dag.py:4180} INFO - Setting next_dagrun for dataset_alias_example_alias_producer to None, run_after=None
[2025-12-10T12:05:27.691+0530] {logging_mixin.py:190} INFO - [2025-12-10T12:05:27.691+0530] {dag.py:4180} INFO - Setting next_dagrun for dataset_s3_bucket_consumer to None, run_after=None
[2025-12-10T12:05:27.692+0530] {logging_mixin.py:190} INFO - [2025-12-10T12:05:27.692+0530] {dag.py:4180} INFO - Setting next_dagrun for dataset_s3_bucket_producer to None, run_after=None
[2025-12-10T12:05:27.713+0530] {processor.py:208} INFO - Processing /home/sneha/spotify_airflow_project/venv/lib/python3.12/site-packages/airflow/example_dags/example_dataset_alias.py took 0.097 seconds
[2025-12-10T12:06:20.686+0530] {processor.py:186} INFO - Started process (PID=11808) to work on /home/sneha/spotify_airflow_project/venv/lib/python3.12/site-packages/airflow/example_dags/example_dataset_alias.py
[2025-12-10T12:06:20.687+0530] {processor.py:914} INFO - Processing file /home/sneha/spotify_airflow_project/venv/lib/python3.12/site-packages/airflow/example_dags/example_dataset_alias.py for tasks to queue
[2025-12-10T12:06:20.689+0530] {logging_mixin.py:190} INFO - [2025-12-10T12:06:20.689+0530] {dagbag.py:588} INFO - Filling up the DagBag from /home/sneha/spotify_airflow_project/venv/lib/python3.12/site-packages/airflow/example_dags/example_dataset_alias.py
[2025-12-10T12:06:20.711+0530] {processor.py:925} INFO - DAG(s) 'dataset_s3_bucket_producer', 'dataset_s3_bucket_consumer', 'dataset_alias_example_alias_producer', 'dataset_alias_example_alias_consumer' retrieved from /home/sneha/spotify_airflow_project/venv/lib/python3.12/site-packages/airflow/example_dags/example_dataset_alias.py
[2025-12-10T12:06:20.729+0530] {logging_mixin.py:190} INFO - [2025-12-10T12:06:20.729+0530] {dag.py:3239} INFO - Sync 4 DAGs
[2025-12-10T12:06:20.746+0530] {logging_mixin.py:190} INFO - [2025-12-10T12:06:20.746+0530] {dag.py:4180} INFO - Setting next_dagrun for dataset_alias_example_alias_consumer to None, run_after=None
[2025-12-10T12:06:20.748+0530] {logging_mixin.py:190} INFO - [2025-12-10T12:06:20.748+0530] {dag.py:4180} INFO - Setting next_dagrun for dataset_alias_example_alias_producer to None, run_after=None
[2025-12-10T12:06:20.749+0530] {logging_mixin.py:190} INFO - [2025-12-10T12:06:20.749+0530] {dag.py:4180} INFO - Setting next_dagrun for dataset_s3_bucket_consumer to None, run_after=None
[2025-12-10T12:06:20.750+0530] {logging_mixin.py:190} INFO - [2025-12-10T12:06:20.750+0530] {dag.py:4180} INFO - Setting next_dagrun for dataset_s3_bucket_producer to None, run_after=None
[2025-12-10T12:06:20.769+0530] {processor.py:208} INFO - Processing /home/sneha/spotify_airflow_project/venv/lib/python3.12/site-packages/airflow/example_dags/example_dataset_alias.py took 0.094 seconds
[2025-12-10T12:07:15.535+0530] {processor.py:186} INFO - Started process (PID=11896) to work on /home/sneha/spotify_airflow_project/venv/lib/python3.12/site-packages/airflow/example_dags/example_dataset_alias.py
[2025-12-10T12:07:15.536+0530] {processor.py:914} INFO - Processing file /home/sneha/spotify_airflow_project/venv/lib/python3.12/site-packages/airflow/example_dags/example_dataset_alias.py for tasks to queue
[2025-12-10T12:07:15.538+0530] {logging_mixin.py:190} INFO - [2025-12-10T12:07:15.537+0530] {dagbag.py:588} INFO - Filling up the DagBag from /home/sneha/spotify_airflow_project/venv/lib/python3.12/site-packages/airflow/example_dags/example_dataset_alias.py
[2025-12-10T12:07:15.560+0530] {processor.py:925} INFO - DAG(s) 'dataset_alias_example_alias_consumer', 'dataset_s3_bucket_consumer', 'dataset_alias_example_alias_producer', 'dataset_s3_bucket_producer' retrieved from /home/sneha/spotify_airflow_project/venv/lib/python3.12/site-packages/airflow/example_dags/example_dataset_alias.py
[2025-12-10T12:07:15.689+0530] {logging_mixin.py:190} INFO - [2025-12-10T12:07:15.689+0530] {dag.py:3239} INFO - Sync 4 DAGs
[2025-12-10T12:07:15.706+0530] {logging_mixin.py:190} INFO - [2025-12-10T12:07:15.706+0530] {dag.py:4180} INFO - Setting next_dagrun for dataset_alias_example_alias_consumer to None, run_after=None
[2025-12-10T12:07:15.708+0530] {logging_mixin.py:190} INFO - [2025-12-10T12:07:15.708+0530] {dag.py:4180} INFO - Setting next_dagrun for dataset_alias_example_alias_producer to None, run_after=None
[2025-12-10T12:07:15.709+0530] {logging_mixin.py:190} INFO - [2025-12-10T12:07:15.708+0530] {dag.py:4180} INFO - Setting next_dagrun for dataset_s3_bucket_consumer to None, run_after=None
[2025-12-10T12:07:15.709+0530] {logging_mixin.py:190} INFO - [2025-12-10T12:07:15.709+0530] {dag.py:4180} INFO - Setting next_dagrun for dataset_s3_bucket_producer to None, run_after=None
[2025-12-10T12:07:15.729+0530] {processor.py:208} INFO - Processing /home/sneha/spotify_airflow_project/venv/lib/python3.12/site-packages/airflow/example_dags/example_dataset_alias.py took 0.200 seconds
[2025-12-10T12:08:15.774+0530] {processor.py:186} INFO - Started process (PID=11963) to work on /home/sneha/spotify_airflow_project/venv/lib/python3.12/site-packages/airflow/example_dags/example_dataset_alias.py
[2025-12-10T12:08:15.775+0530] {processor.py:914} INFO - Processing file /home/sneha/spotify_airflow_project/venv/lib/python3.12/site-packages/airflow/example_dags/example_dataset_alias.py for tasks to queue
[2025-12-10T12:08:15.777+0530] {logging_mixin.py:190} INFO - [2025-12-10T12:08:15.777+0530] {dagbag.py:588} INFO - Filling up the DagBag from /home/sneha/spotify_airflow_project/venv/lib/python3.12/site-packages/airflow/example_dags/example_dataset_alias.py
[2025-12-10T12:08:15.801+0530] {processor.py:925} INFO - DAG(s) 'dataset_s3_bucket_producer', 'dataset_alias_example_alias_consumer', 'dataset_alias_example_alias_producer', 'dataset_s3_bucket_consumer' retrieved from /home/sneha/spotify_airflow_project/venv/lib/python3.12/site-packages/airflow/example_dags/example_dataset_alias.py
[2025-12-10T12:08:15.821+0530] {logging_mixin.py:190} INFO - [2025-12-10T12:08:15.821+0530] {dag.py:3239} INFO - Sync 4 DAGs
[2025-12-10T12:08:15.844+0530] {logging_mixin.py:190} INFO - [2025-12-10T12:08:15.843+0530] {dag.py:4180} INFO - Setting next_dagrun for dataset_alias_example_alias_consumer to None, run_after=None
[2025-12-10T12:08:15.846+0530] {logging_mixin.py:190} INFO - [2025-12-10T12:08:15.846+0530] {dag.py:4180} INFO - Setting next_dagrun for dataset_alias_example_alias_producer to None, run_after=None
[2025-12-10T12:08:15.847+0530] {logging_mixin.py:190} INFO - [2025-12-10T12:08:15.847+0530] {dag.py:4180} INFO - Setting next_dagrun for dataset_s3_bucket_consumer to None, run_after=None
[2025-12-10T12:08:15.848+0530] {logging_mixin.py:190} INFO - [2025-12-10T12:08:15.847+0530] {dag.py:4180} INFO - Setting next_dagrun for dataset_s3_bucket_producer to None, run_after=None
[2025-12-10T12:08:15.871+0530] {processor.py:208} INFO - Processing /home/sneha/spotify_airflow_project/venv/lib/python3.12/site-packages/airflow/example_dags/example_dataset_alias.py took 0.104 seconds
[2025-12-10T12:09:10.145+0530] {processor.py:186} INFO - Started process (PID=12142) to work on /home/sneha/spotify_airflow_project/venv/lib/python3.12/site-packages/airflow/example_dags/example_dataset_alias.py
[2025-12-10T12:09:10.146+0530] {processor.py:914} INFO - Processing file /home/sneha/spotify_airflow_project/venv/lib/python3.12/site-packages/airflow/example_dags/example_dataset_alias.py for tasks to queue
[2025-12-10T12:09:10.151+0530] {logging_mixin.py:190} INFO - [2025-12-10T12:09:10.150+0530] {dagbag.py:588} INFO - Filling up the DagBag from /home/sneha/spotify_airflow_project/venv/lib/python3.12/site-packages/airflow/example_dags/example_dataset_alias.py
[2025-12-10T12:09:10.193+0530] {processor.py:925} INFO - DAG(s) 'dataset_s3_bucket_consumer', 'dataset_s3_bucket_producer', 'dataset_alias_example_alias_producer', 'dataset_alias_example_alias_consumer' retrieved from /home/sneha/spotify_airflow_project/venv/lib/python3.12/site-packages/airflow/example_dags/example_dataset_alias.py
[2025-12-10T12:09:10.226+0530] {logging_mixin.py:190} INFO - [2025-12-10T12:09:10.226+0530] {dag.py:3239} INFO - Sync 4 DAGs
[2025-12-10T12:09:10.258+0530] {logging_mixin.py:190} INFO - [2025-12-10T12:09:10.258+0530] {dag.py:4180} INFO - Setting next_dagrun for dataset_alias_example_alias_consumer to None, run_after=None
[2025-12-10T12:09:10.262+0530] {logging_mixin.py:190} INFO - [2025-12-10T12:09:10.262+0530] {dag.py:4180} INFO - Setting next_dagrun for dataset_alias_example_alias_producer to None, run_after=None
[2025-12-10T12:09:10.264+0530] {logging_mixin.py:190} INFO - [2025-12-10T12:09:10.263+0530] {dag.py:4180} INFO - Setting next_dagrun for dataset_s3_bucket_consumer to None, run_after=None
[2025-12-10T12:09:10.265+0530] {logging_mixin.py:190} INFO - [2025-12-10T12:09:10.265+0530] {dag.py:4180} INFO - Setting next_dagrun for dataset_s3_bucket_producer to None, run_after=None
[2025-12-10T12:09:10.307+0530] {processor.py:208} INFO - Processing /home/sneha/spotify_airflow_project/venv/lib/python3.12/site-packages/airflow/example_dags/example_dataset_alias.py took 0.175 seconds
[2025-12-10T12:10:05.589+0530] {processor.py:186} INFO - Started process (PID=12202) to work on /home/sneha/spotify_airflow_project/venv/lib/python3.12/site-packages/airflow/example_dags/example_dataset_alias.py
[2025-12-10T12:10:05.590+0530] {processor.py:914} INFO - Processing file /home/sneha/spotify_airflow_project/venv/lib/python3.12/site-packages/airflow/example_dags/example_dataset_alias.py for tasks to queue
[2025-12-10T12:10:05.593+0530] {logging_mixin.py:190} INFO - [2025-12-10T12:10:05.592+0530] {dagbag.py:588} INFO - Filling up the DagBag from /home/sneha/spotify_airflow_project/venv/lib/python3.12/site-packages/airflow/example_dags/example_dataset_alias.py
[2025-12-10T12:10:05.619+0530] {processor.py:925} INFO - DAG(s) 'dataset_s3_bucket_producer', 'dataset_alias_example_alias_producer', 'dataset_alias_example_alias_consumer', 'dataset_s3_bucket_consumer' retrieved from /home/sneha/spotify_airflow_project/venv/lib/python3.12/site-packages/airflow/example_dags/example_dataset_alias.py
[2025-12-10T12:10:05.642+0530] {logging_mixin.py:190} INFO - [2025-12-10T12:10:05.642+0530] {dag.py:3239} INFO - Sync 4 DAGs
[2025-12-10T12:10:05.665+0530] {logging_mixin.py:190} INFO - [2025-12-10T12:10:05.665+0530] {dag.py:4180} INFO - Setting next_dagrun for dataset_alias_example_alias_consumer to None, run_after=None
[2025-12-10T12:10:05.668+0530] {logging_mixin.py:190} INFO - [2025-12-10T12:10:05.668+0530] {dag.py:4180} INFO - Setting next_dagrun for dataset_alias_example_alias_producer to None, run_after=None
[2025-12-10T12:10:05.669+0530] {logging_mixin.py:190} INFO - [2025-12-10T12:10:05.669+0530] {dag.py:4180} INFO - Setting next_dagrun for dataset_s3_bucket_consumer to None, run_after=None
[2025-12-10T12:10:05.670+0530] {logging_mixin.py:190} INFO - [2025-12-10T12:10:05.670+0530] {dag.py:4180} INFO - Setting next_dagrun for dataset_s3_bucket_producer to None, run_after=None
[2025-12-10T12:10:05.691+0530] {processor.py:208} INFO - Processing /home/sneha/spotify_airflow_project/venv/lib/python3.12/site-packages/airflow/example_dags/example_dataset_alias.py took 0.109 seconds
[2025-12-10T12:10:59.102+0530] {processor.py:186} INFO - Started process (PID=12334) to work on /home/sneha/spotify_airflow_project/venv/lib/python3.12/site-packages/airflow/example_dags/example_dataset_alias.py
[2025-12-10T12:10:59.103+0530] {processor.py:914} INFO - Processing file /home/sneha/spotify_airflow_project/venv/lib/python3.12/site-packages/airflow/example_dags/example_dataset_alias.py for tasks to queue
[2025-12-10T12:10:59.105+0530] {logging_mixin.py:190} INFO - [2025-12-10T12:10:59.104+0530] {dagbag.py:588} INFO - Filling up the DagBag from /home/sneha/spotify_airflow_project/venv/lib/python3.12/site-packages/airflow/example_dags/example_dataset_alias.py
[2025-12-10T12:10:59.128+0530] {processor.py:925} INFO - DAG(s) 'dataset_alias_example_alias_consumer', 'dataset_s3_bucket_consumer', 'dataset_s3_bucket_producer', 'dataset_alias_example_alias_producer' retrieved from /home/sneha/spotify_airflow_project/venv/lib/python3.12/site-packages/airflow/example_dags/example_dataset_alias.py
[2025-12-10T12:10:59.147+0530] {logging_mixin.py:190} INFO - [2025-12-10T12:10:59.147+0530] {dag.py:3239} INFO - Sync 4 DAGs
[2025-12-10T12:10:59.169+0530] {logging_mixin.py:190} INFO - [2025-12-10T12:10:59.168+0530] {dag.py:4180} INFO - Setting next_dagrun for dataset_alias_example_alias_consumer to None, run_after=None
[2025-12-10T12:10:59.173+0530] {logging_mixin.py:190} INFO - [2025-12-10T12:10:59.172+0530] {dag.py:4180} INFO - Setting next_dagrun for dataset_alias_example_alias_producer to None, run_after=None
[2025-12-10T12:10:59.174+0530] {logging_mixin.py:190} INFO - [2025-12-10T12:10:59.174+0530] {dag.py:4180} INFO - Setting next_dagrun for dataset_s3_bucket_consumer to None, run_after=None
[2025-12-10T12:10:59.175+0530] {logging_mixin.py:190} INFO - [2025-12-10T12:10:59.175+0530] {dag.py:4180} INFO - Setting next_dagrun for dataset_s3_bucket_producer to None, run_after=None
[2025-12-10T12:10:59.197+0530] {processor.py:208} INFO - Processing /home/sneha/spotify_airflow_project/venv/lib/python3.12/site-packages/airflow/example_dags/example_dataset_alias.py took 0.102 seconds
[2025-12-10T12:11:50.018+0530] {processor.py:186} INFO - Started process (PID=12404) to work on /home/sneha/spotify_airflow_project/venv/lib/python3.12/site-packages/airflow/example_dags/example_dataset_alias.py
[2025-12-10T12:11:50.019+0530] {processor.py:914} INFO - Processing file /home/sneha/spotify_airflow_project/venv/lib/python3.12/site-packages/airflow/example_dags/example_dataset_alias.py for tasks to queue
[2025-12-10T12:11:50.021+0530] {logging_mixin.py:190} INFO - [2025-12-10T12:11:50.021+0530] {dagbag.py:588} INFO - Filling up the DagBag from /home/sneha/spotify_airflow_project/venv/lib/python3.12/site-packages/airflow/example_dags/example_dataset_alias.py
[2025-12-10T12:11:50.044+0530] {processor.py:925} INFO - DAG(s) 'dataset_alias_example_alias_consumer', 'dataset_s3_bucket_producer', 'dataset_alias_example_alias_producer', 'dataset_s3_bucket_consumer' retrieved from /home/sneha/spotify_airflow_project/venv/lib/python3.12/site-packages/airflow/example_dags/example_dataset_alias.py
[2025-12-10T12:11:50.063+0530] {logging_mixin.py:190} INFO - [2025-12-10T12:11:50.063+0530] {dag.py:3239} INFO - Sync 4 DAGs
[2025-12-10T12:11:50.082+0530] {logging_mixin.py:190} INFO - [2025-12-10T12:11:50.082+0530] {dag.py:4180} INFO - Setting next_dagrun for dataset_alias_example_alias_consumer to None, run_after=None
[2025-12-10T12:11:50.084+0530] {logging_mixin.py:190} INFO - [2025-12-10T12:11:50.084+0530] {dag.py:4180} INFO - Setting next_dagrun for dataset_alias_example_alias_producer to None, run_after=None
[2025-12-10T12:11:50.085+0530] {logging_mixin.py:190} INFO - [2025-12-10T12:11:50.084+0530] {dag.py:4180} INFO - Setting next_dagrun for dataset_s3_bucket_consumer to None, run_after=None
[2025-12-10T12:11:50.086+0530] {logging_mixin.py:190} INFO - [2025-12-10T12:11:50.085+0530] {dag.py:4180} INFO - Setting next_dagrun for dataset_s3_bucket_producer to None, run_after=None
[2025-12-10T12:11:50.108+0530] {processor.py:208} INFO - Processing /home/sneha/spotify_airflow_project/venv/lib/python3.12/site-packages/airflow/example_dags/example_dataset_alias.py took 0.100 seconds
[2025-12-10T12:13:05.843+0530] {processor.py:186} INFO - Started process (PID=12526) to work on /home/sneha/spotify_airflow_project/venv/lib/python3.12/site-packages/airflow/example_dags/example_dataset_alias.py
[2025-12-10T12:13:05.844+0530] {processor.py:914} INFO - Processing file /home/sneha/spotify_airflow_project/venv/lib/python3.12/site-packages/airflow/example_dags/example_dataset_alias.py for tasks to queue
[2025-12-10T12:13:05.846+0530] {logging_mixin.py:190} INFO - [2025-12-10T12:13:05.846+0530] {dagbag.py:588} INFO - Filling up the DagBag from /home/sneha/spotify_airflow_project/venv/lib/python3.12/site-packages/airflow/example_dags/example_dataset_alias.py
[2025-12-10T12:13:05.869+0530] {processor.py:925} INFO - DAG(s) 'dataset_s3_bucket_producer', 'dataset_alias_example_alias_producer', 'dataset_alias_example_alias_consumer', 'dataset_s3_bucket_consumer' retrieved from /home/sneha/spotify_airflow_project/venv/lib/python3.12/site-packages/airflow/example_dags/example_dataset_alias.py
[2025-12-10T12:13:05.887+0530] {logging_mixin.py:190} INFO - [2025-12-10T12:13:05.887+0530] {dag.py:3239} INFO - Sync 4 DAGs
[2025-12-10T12:13:05.905+0530] {logging_mixin.py:190} INFO - [2025-12-10T12:13:05.905+0530] {dag.py:4180} INFO - Setting next_dagrun for dataset_alias_example_alias_consumer to None, run_after=None
[2025-12-10T12:13:05.907+0530] {logging_mixin.py:190} INFO - [2025-12-10T12:13:05.907+0530] {dag.py:4180} INFO - Setting next_dagrun for dataset_alias_example_alias_producer to None, run_after=None
[2025-12-10T12:13:05.908+0530] {logging_mixin.py:190} INFO - [2025-12-10T12:13:05.908+0530] {dag.py:4180} INFO - Setting next_dagrun for dataset_s3_bucket_consumer to None, run_after=None
[2025-12-10T12:13:05.909+0530] {logging_mixin.py:190} INFO - [2025-12-10T12:13:05.908+0530] {dag.py:4180} INFO - Setting next_dagrun for dataset_s3_bucket_producer to None, run_after=None
[2025-12-10T12:13:05.928+0530] {processor.py:208} INFO - Processing /home/sneha/spotify_airflow_project/venv/lib/python3.12/site-packages/airflow/example_dags/example_dataset_alias.py took 0.095 seconds
[2025-12-10T12:13:57.730+0530] {processor.py:186} INFO - Started process (PID=12644) to work on /home/sneha/spotify_airflow_project/venv/lib/python3.12/site-packages/airflow/example_dags/example_dataset_alias.py
[2025-12-10T12:13:57.732+0530] {processor.py:914} INFO - Processing file /home/sneha/spotify_airflow_project/venv/lib/python3.12/site-packages/airflow/example_dags/example_dataset_alias.py for tasks to queue
[2025-12-10T12:13:57.734+0530] {logging_mixin.py:190} INFO - [2025-12-10T12:13:57.733+0530] {dagbag.py:588} INFO - Filling up the DagBag from /home/sneha/spotify_airflow_project/venv/lib/python3.12/site-packages/airflow/example_dags/example_dataset_alias.py
[2025-12-10T12:13:57.756+0530] {processor.py:925} INFO - DAG(s) 'dataset_alias_example_alias_producer', 'dataset_alias_example_alias_consumer', 'dataset_s3_bucket_producer', 'dataset_s3_bucket_consumer' retrieved from /home/sneha/spotify_airflow_project/venv/lib/python3.12/site-packages/airflow/example_dags/example_dataset_alias.py
[2025-12-10T12:13:57.774+0530] {logging_mixin.py:190} INFO - [2025-12-10T12:13:57.774+0530] {dag.py:3239} INFO - Sync 4 DAGs
[2025-12-10T12:13:57.793+0530] {logging_mixin.py:190} INFO - [2025-12-10T12:13:57.793+0530] {dag.py:4180} INFO - Setting next_dagrun for dataset_alias_example_alias_consumer to None, run_after=None
[2025-12-10T12:13:57.795+0530] {logging_mixin.py:190} INFO - [2025-12-10T12:13:57.794+0530] {dag.py:4180} INFO - Setting next_dagrun for dataset_alias_example_alias_producer to None, run_after=None
[2025-12-10T12:13:57.795+0530] {logging_mixin.py:190} INFO - [2025-12-10T12:13:57.795+0530] {dag.py:4180} INFO - Setting next_dagrun for dataset_s3_bucket_consumer to None, run_after=None
[2025-12-10T12:13:57.796+0530] {logging_mixin.py:190} INFO - [2025-12-10T12:13:57.796+0530] {dag.py:4180} INFO - Setting next_dagrun for dataset_s3_bucket_producer to None, run_after=None
[2025-12-10T12:13:57.816+0530] {processor.py:208} INFO - Processing /home/sneha/spotify_airflow_project/venv/lib/python3.12/site-packages/airflow/example_dags/example_dataset_alias.py took 0.096 seconds
[2025-12-10T12:14:49.406+0530] {processor.py:186} INFO - Started process (PID=12698) to work on /home/sneha/spotify_airflow_project/venv/lib/python3.12/site-packages/airflow/example_dags/example_dataset_alias.py
[2025-12-10T12:14:49.417+0530] {processor.py:914} INFO - Processing file /home/sneha/spotify_airflow_project/venv/lib/python3.12/site-packages/airflow/example_dags/example_dataset_alias.py for tasks to queue
[2025-12-10T12:14:49.420+0530] {logging_mixin.py:190} INFO - [2025-12-10T12:14:49.419+0530] {dagbag.py:588} INFO - Filling up the DagBag from /home/sneha/spotify_airflow_project/venv/lib/python3.12/site-packages/airflow/example_dags/example_dataset_alias.py
[2025-12-10T12:14:49.443+0530] {processor.py:925} INFO - DAG(s) 'dataset_alias_example_alias_producer', 'dataset_s3_bucket_consumer', 'dataset_s3_bucket_producer', 'dataset_alias_example_alias_consumer' retrieved from /home/sneha/spotify_airflow_project/venv/lib/python3.12/site-packages/airflow/example_dags/example_dataset_alias.py
[2025-12-10T12:14:49.461+0530] {logging_mixin.py:190} INFO - [2025-12-10T12:14:49.461+0530] {dag.py:3239} INFO - Sync 4 DAGs
[2025-12-10T12:14:49.479+0530] {logging_mixin.py:190} INFO - [2025-12-10T12:14:49.479+0530] {dag.py:4180} INFO - Setting next_dagrun for dataset_alias_example_alias_consumer to None, run_after=None
[2025-12-10T12:14:49.481+0530] {logging_mixin.py:190} INFO - [2025-12-10T12:14:49.481+0530] {dag.py:4180} INFO - Setting next_dagrun for dataset_alias_example_alias_producer to None, run_after=None
[2025-12-10T12:14:49.482+0530] {logging_mixin.py:190} INFO - [2025-12-10T12:14:49.482+0530] {dag.py:4180} INFO - Setting next_dagrun for dataset_s3_bucket_consumer to None, run_after=None
[2025-12-10T12:14:49.483+0530] {logging_mixin.py:190} INFO - [2025-12-10T12:14:49.483+0530] {dag.py:4180} INFO - Setting next_dagrun for dataset_s3_bucket_producer to None, run_after=None
[2025-12-10T12:14:49.503+0530] {processor.py:208} INFO - Processing /home/sneha/spotify_airflow_project/venv/lib/python3.12/site-packages/airflow/example_dags/example_dataset_alias.py took 0.105 seconds
[2025-12-10T12:15:40.077+0530] {processor.py:186} INFO - Started process (PID=12815) to work on /home/sneha/spotify_airflow_project/venv/lib/python3.12/site-packages/airflow/example_dags/example_dataset_alias.py
[2025-12-10T12:15:40.079+0530] {processor.py:914} INFO - Processing file /home/sneha/spotify_airflow_project/venv/lib/python3.12/site-packages/airflow/example_dags/example_dataset_alias.py for tasks to queue
[2025-12-10T12:15:40.081+0530] {logging_mixin.py:190} INFO - [2025-12-10T12:15:40.081+0530] {dagbag.py:588} INFO - Filling up the DagBag from /home/sneha/spotify_airflow_project/venv/lib/python3.12/site-packages/airflow/example_dags/example_dataset_alias.py
[2025-12-10T12:15:40.103+0530] {processor.py:925} INFO - DAG(s) 'dataset_s3_bucket_consumer', 'dataset_alias_example_alias_consumer', 'dataset_alias_example_alias_producer', 'dataset_s3_bucket_producer' retrieved from /home/sneha/spotify_airflow_project/venv/lib/python3.12/site-packages/airflow/example_dags/example_dataset_alias.py
[2025-12-10T12:15:40.122+0530] {logging_mixin.py:190} INFO - [2025-12-10T12:15:40.122+0530] {dag.py:3239} INFO - Sync 4 DAGs
[2025-12-10T12:15:40.139+0530] {logging_mixin.py:190} INFO - [2025-12-10T12:15:40.139+0530] {dag.py:4180} INFO - Setting next_dagrun for dataset_alias_example_alias_consumer to None, run_after=None
[2025-12-10T12:15:40.141+0530] {logging_mixin.py:190} INFO - [2025-12-10T12:15:40.141+0530] {dag.py:4180} INFO - Setting next_dagrun for dataset_alias_example_alias_producer to None, run_after=None
[2025-12-10T12:15:40.142+0530] {logging_mixin.py:190} INFO - [2025-12-10T12:15:40.142+0530] {dag.py:4180} INFO - Setting next_dagrun for dataset_s3_bucket_consumer to None, run_after=None
[2025-12-10T12:15:40.143+0530] {logging_mixin.py:190} INFO - [2025-12-10T12:15:40.143+0530] {dag.py:4180} INFO - Setting next_dagrun for dataset_s3_bucket_producer to None, run_after=None
[2025-12-10T12:15:40.164+0530] {processor.py:208} INFO - Processing /home/sneha/spotify_airflow_project/venv/lib/python3.12/site-packages/airflow/example_dags/example_dataset_alias.py took 0.099 seconds
[2025-12-10T12:16:30.380+0530] {processor.py:186} INFO - Started process (PID=12869) to work on /home/sneha/spotify_airflow_project/venv/lib/python3.12/site-packages/airflow/example_dags/example_dataset_alias.py
[2025-12-10T12:16:30.381+0530] {processor.py:914} INFO - Processing file /home/sneha/spotify_airflow_project/venv/lib/python3.12/site-packages/airflow/example_dags/example_dataset_alias.py for tasks to queue
[2025-12-10T12:16:30.383+0530] {logging_mixin.py:190} INFO - [2025-12-10T12:16:30.383+0530] {dagbag.py:588} INFO - Filling up the DagBag from /home/sneha/spotify_airflow_project/venv/lib/python3.12/site-packages/airflow/example_dags/example_dataset_alias.py
[2025-12-10T12:16:30.406+0530] {processor.py:925} INFO - DAG(s) 'dataset_s3_bucket_producer', 'dataset_alias_example_alias_producer', 'dataset_alias_example_alias_consumer', 'dataset_s3_bucket_consumer' retrieved from /home/sneha/spotify_airflow_project/venv/lib/python3.12/site-packages/airflow/example_dags/example_dataset_alias.py
[2025-12-10T12:16:30.424+0530] {logging_mixin.py:190} INFO - [2025-12-10T12:16:30.424+0530] {dag.py:3239} INFO - Sync 4 DAGs
[2025-12-10T12:16:30.442+0530] {logging_mixin.py:190} INFO - [2025-12-10T12:16:30.442+0530] {dag.py:4180} INFO - Setting next_dagrun for dataset_alias_example_alias_consumer to None, run_after=None
[2025-12-10T12:16:30.444+0530] {logging_mixin.py:190} INFO - [2025-12-10T12:16:30.444+0530] {dag.py:4180} INFO - Setting next_dagrun for dataset_alias_example_alias_producer to None, run_after=None
[2025-12-10T12:16:30.445+0530] {logging_mixin.py:190} INFO - [2025-12-10T12:16:30.445+0530] {dag.py:4180} INFO - Setting next_dagrun for dataset_s3_bucket_consumer to None, run_after=None
[2025-12-10T12:16:30.446+0530] {logging_mixin.py:190} INFO - [2025-12-10T12:16:30.446+0530] {dag.py:4180} INFO - Setting next_dagrun for dataset_s3_bucket_producer to None, run_after=None
[2025-12-10T12:16:30.465+0530] {processor.py:208} INFO - Processing /home/sneha/spotify_airflow_project/venv/lib/python3.12/site-packages/airflow/example_dags/example_dataset_alias.py took 0.095 seconds
[2025-12-10T12:17:22.200+0530] {processor.py:186} INFO - Started process (PID=12956) to work on /home/sneha/spotify_airflow_project/venv/lib/python3.12/site-packages/airflow/example_dags/example_dataset_alias.py
[2025-12-10T12:17:22.201+0530] {processor.py:914} INFO - Processing file /home/sneha/spotify_airflow_project/venv/lib/python3.12/site-packages/airflow/example_dags/example_dataset_alias.py for tasks to queue
[2025-12-10T12:17:22.203+0530] {logging_mixin.py:190} INFO - [2025-12-10T12:17:22.203+0530] {dagbag.py:588} INFO - Filling up the DagBag from /home/sneha/spotify_airflow_project/venv/lib/python3.12/site-packages/airflow/example_dags/example_dataset_alias.py
[2025-12-10T12:17:22.225+0530] {processor.py:925} INFO - DAG(s) 'dataset_s3_bucket_producer', 'dataset_alias_example_alias_producer', 'dataset_alias_example_alias_consumer', 'dataset_s3_bucket_consumer' retrieved from /home/sneha/spotify_airflow_project/venv/lib/python3.12/site-packages/airflow/example_dags/example_dataset_alias.py
[2025-12-10T12:17:22.245+0530] {logging_mixin.py:190} INFO - [2025-12-10T12:17:22.244+0530] {dag.py:3239} INFO - Sync 4 DAGs
[2025-12-10T12:17:22.263+0530] {logging_mixin.py:190} INFO - [2025-12-10T12:17:22.263+0530] {dag.py:4180} INFO - Setting next_dagrun for dataset_alias_example_alias_consumer to None, run_after=None
[2025-12-10T12:17:22.265+0530] {logging_mixin.py:190} INFO - [2025-12-10T12:17:22.265+0530] {dag.py:4180} INFO - Setting next_dagrun for dataset_alias_example_alias_producer to None, run_after=None
[2025-12-10T12:17:22.266+0530] {logging_mixin.py:190} INFO - [2025-12-10T12:17:22.266+0530] {dag.py:4180} INFO - Setting next_dagrun for dataset_s3_bucket_consumer to None, run_after=None
[2025-12-10T12:17:22.267+0530] {logging_mixin.py:190} INFO - [2025-12-10T12:17:22.267+0530] {dag.py:4180} INFO - Setting next_dagrun for dataset_s3_bucket_producer to None, run_after=None
[2025-12-10T12:17:22.285+0530] {processor.py:208} INFO - Processing /home/sneha/spotify_airflow_project/venv/lib/python3.12/site-packages/airflow/example_dags/example_dataset_alias.py took 0.096 seconds
[2025-12-10T12:18:16.148+0530] {processor.py:186} INFO - Started process (PID=13012) to work on /home/sneha/spotify_airflow_project/venv/lib/python3.12/site-packages/airflow/example_dags/example_dataset_alias.py
[2025-12-10T12:18:16.149+0530] {processor.py:914} INFO - Processing file /home/sneha/spotify_airflow_project/venv/lib/python3.12/site-packages/airflow/example_dags/example_dataset_alias.py for tasks to queue
[2025-12-10T12:18:16.151+0530] {logging_mixin.py:190} INFO - [2025-12-10T12:18:16.151+0530] {dagbag.py:588} INFO - Filling up the DagBag from /home/sneha/spotify_airflow_project/venv/lib/python3.12/site-packages/airflow/example_dags/example_dataset_alias.py
[2025-12-10T12:18:16.173+0530] {processor.py:925} INFO - DAG(s) 'dataset_alias_example_alias_producer', 'dataset_alias_example_alias_consumer', 'dataset_s3_bucket_consumer', 'dataset_s3_bucket_producer' retrieved from /home/sneha/spotify_airflow_project/venv/lib/python3.12/site-packages/airflow/example_dags/example_dataset_alias.py
[2025-12-10T12:18:16.192+0530] {logging_mixin.py:190} INFO - [2025-12-10T12:18:16.191+0530] {dag.py:3239} INFO - Sync 4 DAGs
[2025-12-10T12:18:16.209+0530] {logging_mixin.py:190} INFO - [2025-12-10T12:18:16.209+0530] {dag.py:4180} INFO - Setting next_dagrun for dataset_alias_example_alias_consumer to None, run_after=None
[2025-12-10T12:18:16.211+0530] {logging_mixin.py:190} INFO - [2025-12-10T12:18:16.211+0530] {dag.py:4180} INFO - Setting next_dagrun for dataset_alias_example_alias_producer to None, run_after=None
[2025-12-10T12:18:16.212+0530] {logging_mixin.py:190} INFO - [2025-12-10T12:18:16.212+0530] {dag.py:4180} INFO - Setting next_dagrun for dataset_s3_bucket_consumer to None, run_after=None
[2025-12-10T12:18:16.213+0530] {logging_mixin.py:190} INFO - [2025-12-10T12:18:16.213+0530] {dag.py:4180} INFO - Setting next_dagrun for dataset_s3_bucket_producer to None, run_after=None
[2025-12-10T12:18:16.234+0530] {processor.py:208} INFO - Processing /home/sneha/spotify_airflow_project/venv/lib/python3.12/site-packages/airflow/example_dags/example_dataset_alias.py took 0.091 seconds
[2025-12-10T12:19:10.392+0530] {processor.py:186} INFO - Started process (PID=13069) to work on /home/sneha/spotify_airflow_project/venv/lib/python3.12/site-packages/airflow/example_dags/example_dataset_alias.py
[2025-12-10T12:19:10.393+0530] {processor.py:914} INFO - Processing file /home/sneha/spotify_airflow_project/venv/lib/python3.12/site-packages/airflow/example_dags/example_dataset_alias.py for tasks to queue
[2025-12-10T12:19:10.395+0530] {logging_mixin.py:190} INFO - [2025-12-10T12:19:10.395+0530] {dagbag.py:588} INFO - Filling up the DagBag from /home/sneha/spotify_airflow_project/venv/lib/python3.12/site-packages/airflow/example_dags/example_dataset_alias.py
[2025-12-10T12:19:10.418+0530] {processor.py:925} INFO - DAG(s) 'dataset_alias_example_alias_consumer', 'dataset_s3_bucket_producer', 'dataset_alias_example_alias_producer', 'dataset_s3_bucket_consumer' retrieved from /home/sneha/spotify_airflow_project/venv/lib/python3.12/site-packages/airflow/example_dags/example_dataset_alias.py
[2025-12-10T12:19:10.436+0530] {logging_mixin.py:190} INFO - [2025-12-10T12:19:10.436+0530] {dag.py:3239} INFO - Sync 4 DAGs
[2025-12-10T12:19:10.455+0530] {logging_mixin.py:190} INFO - [2025-12-10T12:19:10.455+0530] {dag.py:4180} INFO - Setting next_dagrun for dataset_alias_example_alias_consumer to None, run_after=None
[2025-12-10T12:19:10.457+0530] {logging_mixin.py:190} INFO - [2025-12-10T12:19:10.457+0530] {dag.py:4180} INFO - Setting next_dagrun for dataset_alias_example_alias_producer to None, run_after=None
[2025-12-10T12:19:10.458+0530] {logging_mixin.py:190} INFO - [2025-12-10T12:19:10.458+0530] {dag.py:4180} INFO - Setting next_dagrun for dataset_s3_bucket_consumer to None, run_after=None
[2025-12-10T12:19:10.459+0530] {logging_mixin.py:190} INFO - [2025-12-10T12:19:10.458+0530] {dag.py:4180} INFO - Setting next_dagrun for dataset_s3_bucket_producer to None, run_after=None
[2025-12-10T12:19:10.479+0530] {processor.py:208} INFO - Processing /home/sneha/spotify_airflow_project/venv/lib/python3.12/site-packages/airflow/example_dags/example_dataset_alias.py took 0.099 seconds
[2025-12-10T12:20:01.376+0530] {processor.py:186} INFO - Started process (PID=13126) to work on /home/sneha/spotify_airflow_project/venv/lib/python3.12/site-packages/airflow/example_dags/example_dataset_alias.py
[2025-12-10T12:20:01.377+0530] {processor.py:914} INFO - Processing file /home/sneha/spotify_airflow_project/venv/lib/python3.12/site-packages/airflow/example_dags/example_dataset_alias.py for tasks to queue
[2025-12-10T12:20:01.379+0530] {logging_mixin.py:190} INFO - [2025-12-10T12:20:01.379+0530] {dagbag.py:588} INFO - Filling up the DagBag from /home/sneha/spotify_airflow_project/venv/lib/python3.12/site-packages/airflow/example_dags/example_dataset_alias.py
[2025-12-10T12:20:01.401+0530] {processor.py:925} INFO - DAG(s) 'dataset_s3_bucket_producer', 'dataset_alias_example_alias_producer', 'dataset_s3_bucket_consumer', 'dataset_alias_example_alias_consumer' retrieved from /home/sneha/spotify_airflow_project/venv/lib/python3.12/site-packages/airflow/example_dags/example_dataset_alias.py
[2025-12-10T12:20:01.420+0530] {logging_mixin.py:190} INFO - [2025-12-10T12:20:01.420+0530] {dag.py:3239} INFO - Sync 4 DAGs
[2025-12-10T12:20:01.438+0530] {logging_mixin.py:190} INFO - [2025-12-10T12:20:01.437+0530] {dag.py:4180} INFO - Setting next_dagrun for dataset_alias_example_alias_consumer to None, run_after=None
[2025-12-10T12:20:01.440+0530] {logging_mixin.py:190} INFO - [2025-12-10T12:20:01.439+0530] {dag.py:4180} INFO - Setting next_dagrun for dataset_alias_example_alias_producer to None, run_after=None
[2025-12-10T12:20:01.440+0530] {logging_mixin.py:190} INFO - [2025-12-10T12:20:01.440+0530] {dag.py:4180} INFO - Setting next_dagrun for dataset_s3_bucket_consumer to None, run_after=None
[2025-12-10T12:20:01.441+0530] {logging_mixin.py:190} INFO - [2025-12-10T12:20:01.441+0530] {dag.py:4180} INFO - Setting next_dagrun for dataset_s3_bucket_producer to None, run_after=None
[2025-12-10T12:20:01.463+0530] {processor.py:208} INFO - Processing /home/sneha/spotify_airflow_project/venv/lib/python3.12/site-packages/airflow/example_dags/example_dataset_alias.py took 0.098 seconds
[2025-12-10T12:20:52.828+0530] {processor.py:186} INFO - Started process (PID=13186) to work on /home/sneha/spotify_airflow_project/venv/lib/python3.12/site-packages/airflow/example_dags/example_dataset_alias.py
[2025-12-10T12:20:52.829+0530] {processor.py:914} INFO - Processing file /home/sneha/spotify_airflow_project/venv/lib/python3.12/site-packages/airflow/example_dags/example_dataset_alias.py for tasks to queue
[2025-12-10T12:20:52.831+0530] {logging_mixin.py:190} INFO - [2025-12-10T12:20:52.830+0530] {dagbag.py:588} INFO - Filling up the DagBag from /home/sneha/spotify_airflow_project/venv/lib/python3.12/site-packages/airflow/example_dags/example_dataset_alias.py
[2025-12-10T12:20:52.854+0530] {processor.py:925} INFO - DAG(s) 'dataset_s3_bucket_producer', 'dataset_alias_example_alias_consumer', 'dataset_alias_example_alias_producer', 'dataset_s3_bucket_consumer' retrieved from /home/sneha/spotify_airflow_project/venv/lib/python3.12/site-packages/airflow/example_dags/example_dataset_alias.py
[2025-12-10T12:20:52.874+0530] {logging_mixin.py:190} INFO - [2025-12-10T12:20:52.873+0530] {dag.py:3239} INFO - Sync 4 DAGs
[2025-12-10T12:20:52.892+0530] {logging_mixin.py:190} INFO - [2025-12-10T12:20:52.891+0530] {dag.py:4180} INFO - Setting next_dagrun for dataset_alias_example_alias_consumer to None, run_after=None
[2025-12-10T12:20:52.894+0530] {logging_mixin.py:190} INFO - [2025-12-10T12:20:52.893+0530] {dag.py:4180} INFO - Setting next_dagrun for dataset_alias_example_alias_producer to None, run_after=None
[2025-12-10T12:20:52.894+0530] {logging_mixin.py:190} INFO - [2025-12-10T12:20:52.894+0530] {dag.py:4180} INFO - Setting next_dagrun for dataset_s3_bucket_consumer to None, run_after=None
[2025-12-10T12:20:52.895+0530] {logging_mixin.py:190} INFO - [2025-12-10T12:20:52.895+0530] {dag.py:4180} INFO - Setting next_dagrun for dataset_s3_bucket_producer to None, run_after=None
[2025-12-10T12:20:52.915+0530] {processor.py:208} INFO - Processing /home/sneha/spotify_airflow_project/venv/lib/python3.12/site-packages/airflow/example_dags/example_dataset_alias.py took 0.098 seconds
[2025-12-10T12:21:45.689+0530] {processor.py:186} INFO - Started process (PID=13346) to work on /home/sneha/spotify_airflow_project/venv/lib/python3.12/site-packages/airflow/example_dags/example_dataset_alias.py
[2025-12-10T12:21:45.690+0530] {processor.py:914} INFO - Processing file /home/sneha/spotify_airflow_project/venv/lib/python3.12/site-packages/airflow/example_dags/example_dataset_alias.py for tasks to queue
[2025-12-10T12:21:45.692+0530] {logging_mixin.py:190} INFO - [2025-12-10T12:21:45.692+0530] {dagbag.py:588} INFO - Filling up the DagBag from /home/sneha/spotify_airflow_project/venv/lib/python3.12/site-packages/airflow/example_dags/example_dataset_alias.py
[2025-12-10T12:21:45.714+0530] {processor.py:925} INFO - DAG(s) 'dataset_s3_bucket_producer', 'dataset_s3_bucket_consumer', 'dataset_alias_example_alias_consumer', 'dataset_alias_example_alias_producer' retrieved from /home/sneha/spotify_airflow_project/venv/lib/python3.12/site-packages/airflow/example_dags/example_dataset_alias.py
[2025-12-10T12:21:45.732+0530] {logging_mixin.py:190} INFO - [2025-12-10T12:21:45.732+0530] {dag.py:3239} INFO - Sync 4 DAGs
[2025-12-10T12:21:45.750+0530] {logging_mixin.py:190} INFO - [2025-12-10T12:21:45.750+0530] {dag.py:4180} INFO - Setting next_dagrun for dataset_alias_example_alias_consumer to None, run_after=None
[2025-12-10T12:21:45.752+0530] {logging_mixin.py:190} INFO - [2025-12-10T12:21:45.752+0530] {dag.py:4180} INFO - Setting next_dagrun for dataset_alias_example_alias_producer to None, run_after=None
[2025-12-10T12:21:45.753+0530] {logging_mixin.py:190} INFO - [2025-12-10T12:21:45.753+0530] {dag.py:4180} INFO - Setting next_dagrun for dataset_s3_bucket_consumer to None, run_after=None
[2025-12-10T12:21:45.755+0530] {logging_mixin.py:190} INFO - [2025-12-10T12:21:45.755+0530] {dag.py:4180} INFO - Setting next_dagrun for dataset_s3_bucket_producer to None, run_after=None
[2025-12-10T12:21:45.774+0530] {processor.py:208} INFO - Processing /home/sneha/spotify_airflow_project/venv/lib/python3.12/site-packages/airflow/example_dags/example_dataset_alias.py took 0.095 seconds
[2025-12-10T12:22:38.001+0530] {processor.py:186} INFO - Started process (PID=13599) to work on /home/sneha/spotify_airflow_project/venv/lib/python3.12/site-packages/airflow/example_dags/example_dataset_alias.py
[2025-12-10T12:22:38.012+0530] {processor.py:914} INFO - Processing file /home/sneha/spotify_airflow_project/venv/lib/python3.12/site-packages/airflow/example_dags/example_dataset_alias.py for tasks to queue
[2025-12-10T12:22:38.015+0530] {logging_mixin.py:190} INFO - [2025-12-10T12:22:38.014+0530] {dagbag.py:588} INFO - Filling up the DagBag from /home/sneha/spotify_airflow_project/venv/lib/python3.12/site-packages/airflow/example_dags/example_dataset_alias.py
[2025-12-10T12:22:38.039+0530] {processor.py:925} INFO - DAG(s) 'dataset_s3_bucket_producer', 'dataset_alias_example_alias_consumer', 'dataset_alias_example_alias_producer', 'dataset_s3_bucket_consumer' retrieved from /home/sneha/spotify_airflow_project/venv/lib/python3.12/site-packages/airflow/example_dags/example_dataset_alias.py
[2025-12-10T12:22:38.058+0530] {logging_mixin.py:190} INFO - [2025-12-10T12:22:38.057+0530] {dag.py:3239} INFO - Sync 4 DAGs
[2025-12-10T12:22:38.076+0530] {logging_mixin.py:190} INFO - [2025-12-10T12:22:38.076+0530] {dag.py:4180} INFO - Setting next_dagrun for dataset_alias_example_alias_consumer to None, run_after=None
[2025-12-10T12:22:38.078+0530] {logging_mixin.py:190} INFO - [2025-12-10T12:22:38.078+0530] {dag.py:4180} INFO - Setting next_dagrun for dataset_alias_example_alias_producer to None, run_after=None
[2025-12-10T12:22:38.079+0530] {logging_mixin.py:190} INFO - [2025-12-10T12:22:38.079+0530] {dag.py:4180} INFO - Setting next_dagrun for dataset_s3_bucket_consumer to None, run_after=None
[2025-12-10T12:22:38.080+0530] {logging_mixin.py:190} INFO - [2025-12-10T12:22:38.080+0530] {dag.py:4180} INFO - Setting next_dagrun for dataset_s3_bucket_producer to None, run_after=None
[2025-12-10T12:22:38.101+0530] {processor.py:208} INFO - Processing /home/sneha/spotify_airflow_project/venv/lib/python3.12/site-packages/airflow/example_dags/example_dataset_alias.py took 0.106 seconds
[2025-12-10T12:23:30.984+0530] {processor.py:186} INFO - Started process (PID=13655) to work on /home/sneha/spotify_airflow_project/venv/lib/python3.12/site-packages/airflow/example_dags/example_dataset_alias.py
[2025-12-10T12:23:30.985+0530] {processor.py:914} INFO - Processing file /home/sneha/spotify_airflow_project/venv/lib/python3.12/site-packages/airflow/example_dags/example_dataset_alias.py for tasks to queue
[2025-12-10T12:23:30.987+0530] {logging_mixin.py:190} INFO - [2025-12-10T12:23:30.986+0530] {dagbag.py:588} INFO - Filling up the DagBag from /home/sneha/spotify_airflow_project/venv/lib/python3.12/site-packages/airflow/example_dags/example_dataset_alias.py
[2025-12-10T12:23:31.010+0530] {processor.py:925} INFO - DAG(s) 'dataset_alias_example_alias_consumer', 'dataset_s3_bucket_producer', 'dataset_s3_bucket_consumer', 'dataset_alias_example_alias_producer' retrieved from /home/sneha/spotify_airflow_project/venv/lib/python3.12/site-packages/airflow/example_dags/example_dataset_alias.py
[2025-12-10T12:23:31.028+0530] {logging_mixin.py:190} INFO - [2025-12-10T12:23:31.028+0530] {dag.py:3239} INFO - Sync 4 DAGs
[2025-12-10T12:23:31.046+0530] {logging_mixin.py:190} INFO - [2025-12-10T12:23:31.046+0530] {dag.py:4180} INFO - Setting next_dagrun for dataset_alias_example_alias_consumer to None, run_after=None
[2025-12-10T12:23:31.048+0530] {logging_mixin.py:190} INFO - [2025-12-10T12:23:31.048+0530] {dag.py:4180} INFO - Setting next_dagrun for dataset_alias_example_alias_producer to None, run_after=None
[2025-12-10T12:23:31.049+0530] {logging_mixin.py:190} INFO - [2025-12-10T12:23:31.049+0530] {dag.py:4180} INFO - Setting next_dagrun for dataset_s3_bucket_consumer to None, run_after=None
[2025-12-10T12:23:31.050+0530] {logging_mixin.py:190} INFO - [2025-12-10T12:23:31.050+0530] {dag.py:4180} INFO - Setting next_dagrun for dataset_s3_bucket_producer to None, run_after=None
[2025-12-10T12:23:31.068+0530] {processor.py:208} INFO - Processing /home/sneha/spotify_airflow_project/venv/lib/python3.12/site-packages/airflow/example_dags/example_dataset_alias.py took 0.096 seconds
[2025-12-10T12:24:22.003+0530] {processor.py:186} INFO - Started process (PID=13711) to work on /home/sneha/spotify_airflow_project/venv/lib/python3.12/site-packages/airflow/example_dags/example_dataset_alias.py
[2025-12-10T12:24:22.004+0530] {processor.py:914} INFO - Processing file /home/sneha/spotify_airflow_project/venv/lib/python3.12/site-packages/airflow/example_dags/example_dataset_alias.py for tasks to queue
[2025-12-10T12:24:22.007+0530] {logging_mixin.py:190} INFO - [2025-12-10T12:24:22.006+0530] {dagbag.py:588} INFO - Filling up the DagBag from /home/sneha/spotify_airflow_project/venv/lib/python3.12/site-packages/airflow/example_dags/example_dataset_alias.py
[2025-12-10T12:24:22.032+0530] {processor.py:925} INFO - DAG(s) 'dataset_alias_example_alias_producer', 'dataset_s3_bucket_producer', 'dataset_s3_bucket_consumer', 'dataset_alias_example_alias_consumer' retrieved from /home/sneha/spotify_airflow_project/venv/lib/python3.12/site-packages/airflow/example_dags/example_dataset_alias.py
[2025-12-10T12:24:22.055+0530] {logging_mixin.py:190} INFO - [2025-12-10T12:24:22.055+0530] {dag.py:3239} INFO - Sync 4 DAGs
[2025-12-10T12:24:22.076+0530] {logging_mixin.py:190} INFO - [2025-12-10T12:24:22.076+0530] {dag.py:4180} INFO - Setting next_dagrun for dataset_alias_example_alias_consumer to None, run_after=None
[2025-12-10T12:24:22.079+0530] {logging_mixin.py:190} INFO - [2025-12-10T12:24:22.079+0530] {dag.py:4180} INFO - Setting next_dagrun for dataset_alias_example_alias_producer to None, run_after=None
[2025-12-10T12:24:22.080+0530] {logging_mixin.py:190} INFO - [2025-12-10T12:24:22.080+0530] {dag.py:4180} INFO - Setting next_dagrun for dataset_s3_bucket_consumer to None, run_after=None
[2025-12-10T12:24:22.082+0530] {logging_mixin.py:190} INFO - [2025-12-10T12:24:22.082+0530] {dag.py:4180} INFO - Setting next_dagrun for dataset_s3_bucket_producer to None, run_after=None
[2025-12-10T12:24:22.109+0530] {processor.py:208} INFO - Processing /home/sneha/spotify_airflow_project/venv/lib/python3.12/site-packages/airflow/example_dags/example_dataset_alias.py took 0.113 seconds
