[2025-12-10T12:02:12.192+0530] {processor.py:186} INFO - Started process (PID=11088) to work on /home/sneha/spotify_airflow_project/venv/lib/python3.12/site-packages/airflow/example_dags/example_subdag_operator.py
[2025-12-10T12:02:12.193+0530] {processor.py:914} INFO - Processing file /home/sneha/spotify_airflow_project/venv/lib/python3.12/site-packages/airflow/example_dags/example_subdag_operator.py for tasks to queue
[2025-12-10T12:02:12.195+0530] {logging_mixin.py:190} INFO - [2025-12-10T12:02:12.195+0530] {dagbag.py:588} INFO - Filling up the DagBag from /home/sneha/spotify_airflow_project/venv/lib/python3.12/site-packages/airflow/example_dags/example_subdag_operator.py
[2025-12-10T12:02:12.217+0530] {processor.py:925} INFO - DAG(s) 'example_subdag_operator.section-1', 'example_subdag_operator.section-2', 'example_subdag_operator' retrieved from /home/sneha/spotify_airflow_project/venv/lib/python3.12/site-packages/airflow/example_dags/example_subdag_operator.py
[2025-12-10T12:02:12.307+0530] {logging_mixin.py:190} INFO - [2025-12-10T12:02:12.306+0530] {override.py:1900} INFO - Created Permission View: can read on DAG:example_subdag_operator
[2025-12-10T12:02:12.319+0530] {logging_mixin.py:190} INFO - [2025-12-10T12:02:12.319+0530] {override.py:1900} INFO - Created Permission View: can delete on DAG:example_subdag_operator
[2025-12-10T12:02:12.326+0530] {logging_mixin.py:190} INFO - [2025-12-10T12:02:12.326+0530] {override.py:1900} INFO - Created Permission View: can edit on DAG:example_subdag_operator
[2025-12-10T12:02:12.336+0530] {logging_mixin.py:190} INFO - [2025-12-10T12:02:12.336+0530] {override.py:1900} INFO - Created Permission View: can read on DAG Run:example_subdag_operator
[2025-12-10T12:02:12.343+0530] {logging_mixin.py:190} INFO - [2025-12-10T12:02:12.343+0530] {override.py:1900} INFO - Created Permission View: can delete on DAG Run:example_subdag_operator
[2025-12-10T12:02:12.350+0530] {logging_mixin.py:190} INFO - [2025-12-10T12:02:12.349+0530] {override.py:1900} INFO - Created Permission View: menu access on DAG Run:example_subdag_operator
[2025-12-10T12:02:12.357+0530] {logging_mixin.py:190} INFO - [2025-12-10T12:02:12.357+0530] {override.py:1900} INFO - Created Permission View: can create on DAG Run:example_subdag_operator
[2025-12-10T12:02:12.358+0530] {logging_mixin.py:190} INFO - [2025-12-10T12:02:12.357+0530] {dag.py:3239} INFO - Sync 3 DAGs
[2025-12-10T12:02:12.368+0530] {logging_mixin.py:190} INFO - [2025-12-10T12:02:12.368+0530] {dag.py:3262} INFO - Creating ORM DAG for example_subdag_operator.section-2
[2025-12-10T12:02:12.368+0530] {logging_mixin.py:190} INFO - [2025-12-10T12:02:12.368+0530] {dag.py:3262} INFO - Creating ORM DAG for example_subdag_operator.section-1
[2025-12-10T12:02:12.369+0530] {logging_mixin.py:190} INFO - [2025-12-10T12:02:12.369+0530] {dag.py:3262} INFO - Creating ORM DAG for example_subdag_operator
[2025-12-10T12:02:12.377+0530] {logging_mixin.py:190} INFO - [2025-12-10T12:02:12.376+0530] {dag.py:4180} INFO - Setting next_dagrun for example_subdag_operator to 2022-01-01 00:00:00+00:00, run_after=2022-01-01 00:00:00+00:00
[2025-12-10T12:02:12.377+0530] {logging_mixin.py:190} INFO - [2025-12-10T12:02:12.377+0530] {dag.py:4180} INFO - Setting next_dagrun for example_subdag_operator.section-1 to None, run_after=None
[2025-12-10T12:02:12.377+0530] {logging_mixin.py:190} INFO - [2025-12-10T12:02:12.377+0530] {dag.py:4180} INFO - Setting next_dagrun for example_subdag_operator.section-2 to None, run_after=None
[2025-12-10T12:02:12.383+0530] {logging_mixin.py:190} INFO - [2025-12-10T12:02:12.383+0530] {dag.py:3239} INFO - Sync 2 DAGs
[2025-12-10T12:02:12.387+0530] {logging_mixin.py:190} INFO - [2025-12-10T12:02:12.387+0530] {dag.py:4180} INFO - Setting next_dagrun for example_subdag_operator.section-1 to None, run_after=None
[2025-12-10T12:02:12.389+0530] {logging_mixin.py:190} INFO - [2025-12-10T12:02:12.389+0530] {dag.py:4180} INFO - Setting next_dagrun for example_subdag_operator.section-2 to None, run_after=None
[2025-12-10T12:02:12.402+0530] {processor.py:208} INFO - Processing /home/sneha/spotify_airflow_project/venv/lib/python3.12/site-packages/airflow/example_dags/example_subdag_operator.py took 0.221 seconds
[2025-12-10T12:03:13.700+0530] {processor.py:186} INFO - Started process (PID=11340) to work on /home/sneha/spotify_airflow_project/venv/lib/python3.12/site-packages/airflow/example_dags/example_subdag_operator.py
[2025-12-10T12:03:13.701+0530] {processor.py:914} INFO - Processing file /home/sneha/spotify_airflow_project/venv/lib/python3.12/site-packages/airflow/example_dags/example_subdag_operator.py for tasks to queue
[2025-12-10T12:03:13.703+0530] {logging_mixin.py:190} INFO - [2025-12-10T12:03:13.703+0530] {dagbag.py:588} INFO - Filling up the DagBag from /home/sneha/spotify_airflow_project/venv/lib/python3.12/site-packages/airflow/example_dags/example_subdag_operator.py
[2025-12-10T12:03:13.725+0530] {processor.py:925} INFO - DAG(s) 'example_subdag_operator.section-1', 'example_subdag_operator.section-2', 'example_subdag_operator' retrieved from /home/sneha/spotify_airflow_project/venv/lib/python3.12/site-packages/airflow/example_dags/example_subdag_operator.py
[2025-12-10T12:03:13.738+0530] {logging_mixin.py:190} INFO - [2025-12-10T12:03:13.738+0530] {dag.py:3239} INFO - Sync 3 DAGs
[2025-12-10T12:03:13.757+0530] {logging_mixin.py:190} INFO - [2025-12-10T12:03:13.757+0530] {dag.py:4180} INFO - Setting next_dagrun for example_subdag_operator to 2022-01-01 00:00:00+00:00, run_after=2022-01-01 00:00:00+00:00
[2025-12-10T12:03:13.760+0530] {logging_mixin.py:190} INFO - [2025-12-10T12:03:13.760+0530] {dag.py:4180} INFO - Setting next_dagrun for example_subdag_operator.section-1 to None, run_after=None
[2025-12-10T12:03:13.761+0530] {logging_mixin.py:190} INFO - [2025-12-10T12:03:13.761+0530] {dag.py:4180} INFO - Setting next_dagrun for example_subdag_operator.section-2 to None, run_after=None
[2025-12-10T12:03:13.766+0530] {logging_mixin.py:190} INFO - [2025-12-10T12:03:13.766+0530] {dag.py:3239} INFO - Sync 2 DAGs
[2025-12-10T12:03:13.770+0530] {logging_mixin.py:190} INFO - [2025-12-10T12:03:13.770+0530] {dag.py:4180} INFO - Setting next_dagrun for example_subdag_operator.section-1 to None, run_after=None
[2025-12-10T12:03:13.770+0530] {logging_mixin.py:190} INFO - [2025-12-10T12:03:13.770+0530] {dag.py:4180} INFO - Setting next_dagrun for example_subdag_operator.section-2 to None, run_after=None
[2025-12-10T12:03:13.781+0530] {processor.py:208} INFO - Processing /home/sneha/spotify_airflow_project/venv/lib/python3.12/site-packages/airflow/example_dags/example_subdag_operator.py took 0.091 seconds
[2025-12-10T12:04:09.084+0530] {processor.py:186} INFO - Started process (PID=11422) to work on /home/sneha/spotify_airflow_project/venv/lib/python3.12/site-packages/airflow/example_dags/example_subdag_operator.py
[2025-12-10T12:04:09.085+0530] {processor.py:914} INFO - Processing file /home/sneha/spotify_airflow_project/venv/lib/python3.12/site-packages/airflow/example_dags/example_subdag_operator.py for tasks to queue
[2025-12-10T12:04:09.088+0530] {logging_mixin.py:190} INFO - [2025-12-10T12:04:09.087+0530] {dagbag.py:588} INFO - Filling up the DagBag from /home/sneha/spotify_airflow_project/venv/lib/python3.12/site-packages/airflow/example_dags/example_subdag_operator.py
[2025-12-10T12:04:09.138+0530] {processor.py:925} INFO - DAG(s) 'example_subdag_operator.section-1', 'example_subdag_operator.section-2', 'example_subdag_operator' retrieved from /home/sneha/spotify_airflow_project/venv/lib/python3.12/site-packages/airflow/example_dags/example_subdag_operator.py
[2025-12-10T12:04:09.164+0530] {logging_mixin.py:190} INFO - [2025-12-10T12:04:09.164+0530] {dag.py:3239} INFO - Sync 3 DAGs
[2025-12-10T12:04:09.192+0530] {logging_mixin.py:190} INFO - [2025-12-10T12:04:09.192+0530] {dag.py:4180} INFO - Setting next_dagrun for example_subdag_operator to 2022-01-01 00:00:00+00:00, run_after=2022-01-01 00:00:00+00:00
[2025-12-10T12:04:09.197+0530] {logging_mixin.py:190} INFO - [2025-12-10T12:04:09.197+0530] {dag.py:4180} INFO - Setting next_dagrun for example_subdag_operator.section-1 to None, run_after=None
[2025-12-10T12:04:09.198+0530] {logging_mixin.py:190} INFO - [2025-12-10T12:04:09.198+0530] {dag.py:4180} INFO - Setting next_dagrun for example_subdag_operator.section-2 to None, run_after=None
[2025-12-10T12:04:09.206+0530] {logging_mixin.py:190} INFO - [2025-12-10T12:04:09.206+0530] {dag.py:3239} INFO - Sync 2 DAGs
[2025-12-10T12:04:09.212+0530] {logging_mixin.py:190} INFO - [2025-12-10T12:04:09.212+0530] {dag.py:4180} INFO - Setting next_dagrun for example_subdag_operator.section-1 to None, run_after=None
[2025-12-10T12:04:09.213+0530] {logging_mixin.py:190} INFO - [2025-12-10T12:04:09.213+0530] {dag.py:4180} INFO - Setting next_dagrun for example_subdag_operator.section-2 to None, run_after=None
[2025-12-10T12:04:09.237+0530] {processor.py:208} INFO - Processing /home/sneha/spotify_airflow_project/venv/lib/python3.12/site-packages/airflow/example_dags/example_subdag_operator.py took 0.161 seconds
[2025-12-10T12:05:02.193+0530] {processor.py:186} INFO - Started process (PID=11486) to work on /home/sneha/spotify_airflow_project/venv/lib/python3.12/site-packages/airflow/example_dags/example_subdag_operator.py
[2025-12-10T12:05:02.194+0530] {processor.py:914} INFO - Processing file /home/sneha/spotify_airflow_project/venv/lib/python3.12/site-packages/airflow/example_dags/example_subdag_operator.py for tasks to queue
[2025-12-10T12:05:02.196+0530] {logging_mixin.py:190} INFO - [2025-12-10T12:05:02.195+0530] {dagbag.py:588} INFO - Filling up the DagBag from /home/sneha/spotify_airflow_project/venv/lib/python3.12/site-packages/airflow/example_dags/example_subdag_operator.py
[2025-12-10T12:05:02.217+0530] {processor.py:925} INFO - DAG(s) 'example_subdag_operator.section-1', 'example_subdag_operator.section-2', 'example_subdag_operator' retrieved from /home/sneha/spotify_airflow_project/venv/lib/python3.12/site-packages/airflow/example_dags/example_subdag_operator.py
[2025-12-10T12:05:02.231+0530] {logging_mixin.py:190} INFO - [2025-12-10T12:05:02.231+0530] {dag.py:3239} INFO - Sync 3 DAGs
[2025-12-10T12:05:02.249+0530] {logging_mixin.py:190} INFO - [2025-12-10T12:05:02.249+0530] {dag.py:4180} INFO - Setting next_dagrun for example_subdag_operator to 2022-01-01 00:00:00+00:00, run_after=2022-01-01 00:00:00+00:00
[2025-12-10T12:05:02.252+0530] {logging_mixin.py:190} INFO - [2025-12-10T12:05:02.252+0530] {dag.py:4180} INFO - Setting next_dagrun for example_subdag_operator.section-1 to None, run_after=None
[2025-12-10T12:05:02.253+0530] {logging_mixin.py:190} INFO - [2025-12-10T12:05:02.253+0530] {dag.py:4180} INFO - Setting next_dagrun for example_subdag_operator.section-2 to None, run_after=None
[2025-12-10T12:05:02.258+0530] {logging_mixin.py:190} INFO - [2025-12-10T12:05:02.258+0530] {dag.py:3239} INFO - Sync 2 DAGs
[2025-12-10T12:05:02.261+0530] {logging_mixin.py:190} INFO - [2025-12-10T12:05:02.261+0530] {dag.py:4180} INFO - Setting next_dagrun for example_subdag_operator.section-1 to None, run_after=None
[2025-12-10T12:05:02.262+0530] {logging_mixin.py:190} INFO - [2025-12-10T12:05:02.262+0530] {dag.py:4180} INFO - Setting next_dagrun for example_subdag_operator.section-2 to None, run_after=None
[2025-12-10T12:05:02.272+0530] {processor.py:208} INFO - Processing /home/sneha/spotify_airflow_project/venv/lib/python3.12/site-packages/airflow/example_dags/example_subdag_operator.py took 0.090 seconds
[2025-12-10T12:05:57.607+0530] {processor.py:186} INFO - Started process (PID=11667) to work on /home/sneha/spotify_airflow_project/venv/lib/python3.12/site-packages/airflow/example_dags/example_subdag_operator.py
[2025-12-10T12:05:57.608+0530] {processor.py:914} INFO - Processing file /home/sneha/spotify_airflow_project/venv/lib/python3.12/site-packages/airflow/example_dags/example_subdag_operator.py for tasks to queue
[2025-12-10T12:05:57.610+0530] {logging_mixin.py:190} INFO - [2025-12-10T12:05:57.610+0530] {dagbag.py:588} INFO - Filling up the DagBag from /home/sneha/spotify_airflow_project/venv/lib/python3.12/site-packages/airflow/example_dags/example_subdag_operator.py
[2025-12-10T12:05:57.632+0530] {processor.py:925} INFO - DAG(s) 'example_subdag_operator.section-1', 'example_subdag_operator.section-2', 'example_subdag_operator' retrieved from /home/sneha/spotify_airflow_project/venv/lib/python3.12/site-packages/airflow/example_dags/example_subdag_operator.py
[2025-12-10T12:05:57.645+0530] {logging_mixin.py:190} INFO - [2025-12-10T12:05:57.645+0530] {dag.py:3239} INFO - Sync 3 DAGs
[2025-12-10T12:05:57.663+0530] {logging_mixin.py:190} INFO - [2025-12-10T12:05:57.663+0530] {dag.py:4180} INFO - Setting next_dagrun for example_subdag_operator to 2022-01-01 00:00:00+00:00, run_after=2022-01-01 00:00:00+00:00
[2025-12-10T12:05:57.666+0530] {logging_mixin.py:190} INFO - [2025-12-10T12:05:57.666+0530] {dag.py:4180} INFO - Setting next_dagrun for example_subdag_operator.section-1 to None, run_after=None
[2025-12-10T12:05:57.667+0530] {logging_mixin.py:190} INFO - [2025-12-10T12:05:57.667+0530] {dag.py:4180} INFO - Setting next_dagrun for example_subdag_operator.section-2 to None, run_after=None
[2025-12-10T12:05:57.673+0530] {logging_mixin.py:190} INFO - [2025-12-10T12:05:57.673+0530] {dag.py:3239} INFO - Sync 2 DAGs
[2025-12-10T12:05:57.677+0530] {logging_mixin.py:190} INFO - [2025-12-10T12:05:57.677+0530] {dag.py:4180} INFO - Setting next_dagrun for example_subdag_operator.section-1 to None, run_after=None
[2025-12-10T12:05:57.677+0530] {logging_mixin.py:190} INFO - [2025-12-10T12:05:57.677+0530] {dag.py:4180} INFO - Setting next_dagrun for example_subdag_operator.section-2 to None, run_after=None
[2025-12-10T12:05:57.688+0530] {processor.py:208} INFO - Processing /home/sneha/spotify_airflow_project/venv/lib/python3.12/site-packages/airflow/example_dags/example_subdag_operator.py took 0.085 seconds
[2025-12-10T12:06:48.103+0530] {processor.py:186} INFO - Started process (PID=11842) to work on /home/sneha/spotify_airflow_project/venv/lib/python3.12/site-packages/airflow/example_dags/example_subdag_operator.py
[2025-12-10T12:06:48.104+0530] {processor.py:914} INFO - Processing file /home/sneha/spotify_airflow_project/venv/lib/python3.12/site-packages/airflow/example_dags/example_subdag_operator.py for tasks to queue
[2025-12-10T12:06:48.105+0530] {logging_mixin.py:190} INFO - [2025-12-10T12:06:48.105+0530] {dagbag.py:588} INFO - Filling up the DagBag from /home/sneha/spotify_airflow_project/venv/lib/python3.12/site-packages/airflow/example_dags/example_subdag_operator.py
[2025-12-10T12:06:48.126+0530] {processor.py:925} INFO - DAG(s) 'example_subdag_operator.section-1', 'example_subdag_operator.section-2', 'example_subdag_operator' retrieved from /home/sneha/spotify_airflow_project/venv/lib/python3.12/site-packages/airflow/example_dags/example_subdag_operator.py
[2025-12-10T12:06:48.140+0530] {logging_mixin.py:190} INFO - [2025-12-10T12:06:48.140+0530] {dag.py:3239} INFO - Sync 3 DAGs
[2025-12-10T12:06:48.157+0530] {logging_mixin.py:190} INFO - [2025-12-10T12:06:48.157+0530] {dag.py:4180} INFO - Setting next_dagrun for example_subdag_operator to 2022-01-01 00:00:00+00:00, run_after=2022-01-01 00:00:00+00:00
[2025-12-10T12:06:48.160+0530] {logging_mixin.py:190} INFO - [2025-12-10T12:06:48.160+0530] {dag.py:4180} INFO - Setting next_dagrun for example_subdag_operator.section-1 to None, run_after=None
[2025-12-10T12:06:48.162+0530] {logging_mixin.py:190} INFO - [2025-12-10T12:06:48.161+0530] {dag.py:4180} INFO - Setting next_dagrun for example_subdag_operator.section-2 to None, run_after=None
[2025-12-10T12:06:48.167+0530] {logging_mixin.py:190} INFO - [2025-12-10T12:06:48.167+0530] {dag.py:3239} INFO - Sync 2 DAGs
[2025-12-10T12:06:48.171+0530] {logging_mixin.py:190} INFO - [2025-12-10T12:06:48.171+0530] {dag.py:4180} INFO - Setting next_dagrun for example_subdag_operator.section-1 to None, run_after=None
[2025-12-10T12:06:48.171+0530] {logging_mixin.py:190} INFO - [2025-12-10T12:06:48.171+0530] {dag.py:4180} INFO - Setting next_dagrun for example_subdag_operator.section-2 to None, run_after=None
[2025-12-10T12:06:48.184+0530] {processor.py:208} INFO - Processing /home/sneha/spotify_airflow_project/venv/lib/python3.12/site-packages/airflow/example_dags/example_subdag_operator.py took 0.091 seconds
[2025-12-10T12:07:45.053+0530] {processor.py:186} INFO - Started process (PID=11930) to work on /home/sneha/spotify_airflow_project/venv/lib/python3.12/site-packages/airflow/example_dags/example_subdag_operator.py
[2025-12-10T12:07:45.054+0530] {processor.py:914} INFO - Processing file /home/sneha/spotify_airflow_project/venv/lib/python3.12/site-packages/airflow/example_dags/example_subdag_operator.py for tasks to queue
[2025-12-10T12:07:45.056+0530] {logging_mixin.py:190} INFO - [2025-12-10T12:07:45.055+0530] {dagbag.py:588} INFO - Filling up the DagBag from /home/sneha/spotify_airflow_project/venv/lib/python3.12/site-packages/airflow/example_dags/example_subdag_operator.py
[2025-12-10T12:07:45.206+0530] {processor.py:925} INFO - DAG(s) 'example_subdag_operator.section-1', 'example_subdag_operator.section-2', 'example_subdag_operator' retrieved from /home/sneha/spotify_airflow_project/venv/lib/python3.12/site-packages/airflow/example_dags/example_subdag_operator.py
[2025-12-10T12:07:45.219+0530] {logging_mixin.py:190} INFO - [2025-12-10T12:07:45.219+0530] {dag.py:3239} INFO - Sync 3 DAGs
[2025-12-10T12:07:45.237+0530] {logging_mixin.py:190} INFO - [2025-12-10T12:07:45.237+0530] {dag.py:4180} INFO - Setting next_dagrun for example_subdag_operator to 2022-01-01 00:00:00+00:00, run_after=2022-01-01 00:00:00+00:00
[2025-12-10T12:07:45.241+0530] {logging_mixin.py:190} INFO - [2025-12-10T12:07:45.241+0530] {dag.py:4180} INFO - Setting next_dagrun for example_subdag_operator.section-1 to None, run_after=None
[2025-12-10T12:07:45.242+0530] {logging_mixin.py:190} INFO - [2025-12-10T12:07:45.242+0530] {dag.py:4180} INFO - Setting next_dagrun for example_subdag_operator.section-2 to None, run_after=None
[2025-12-10T12:07:45.248+0530] {logging_mixin.py:190} INFO - [2025-12-10T12:07:45.247+0530] {dag.py:3239} INFO - Sync 2 DAGs
[2025-12-10T12:07:45.252+0530] {logging_mixin.py:190} INFO - [2025-12-10T12:07:45.252+0530] {dag.py:4180} INFO - Setting next_dagrun for example_subdag_operator.section-1 to None, run_after=None
[2025-12-10T12:07:45.253+0530] {logging_mixin.py:190} INFO - [2025-12-10T12:07:45.253+0530] {dag.py:4180} INFO - Setting next_dagrun for example_subdag_operator.section-2 to None, run_after=None
[2025-12-10T12:07:45.266+0530] {processor.py:208} INFO - Processing /home/sneha/spotify_airflow_project/venv/lib/python3.12/site-packages/airflow/example_dags/example_subdag_operator.py took 0.222 seconds
[2025-12-10T12:08:41.509+0530] {processor.py:186} INFO - Started process (PID=12040) to work on /home/sneha/spotify_airflow_project/venv/lib/python3.12/site-packages/airflow/example_dags/example_subdag_operator.py
[2025-12-10T12:08:41.511+0530] {processor.py:914} INFO - Processing file /home/sneha/spotify_airflow_project/venv/lib/python3.12/site-packages/airflow/example_dags/example_subdag_operator.py for tasks to queue
[2025-12-10T12:08:41.519+0530] {logging_mixin.py:190} INFO - [2025-12-10T12:08:41.517+0530] {dagbag.py:588} INFO - Filling up the DagBag from /home/sneha/spotify_airflow_project/venv/lib/python3.12/site-packages/airflow/example_dags/example_subdag_operator.py
[2025-12-10T12:08:41.583+0530] {processor.py:925} INFO - DAG(s) 'example_subdag_operator.section-1', 'example_subdag_operator.section-2', 'example_subdag_operator' retrieved from /home/sneha/spotify_airflow_project/venv/lib/python3.12/site-packages/airflow/example_dags/example_subdag_operator.py
[2025-12-10T12:08:41.617+0530] {logging_mixin.py:190} INFO - [2025-12-10T12:08:41.616+0530] {dag.py:3239} INFO - Sync 3 DAGs
[2025-12-10T12:08:41.658+0530] {logging_mixin.py:190} INFO - [2025-12-10T12:08:41.658+0530] {dag.py:4180} INFO - Setting next_dagrun for example_subdag_operator to 2022-01-01 00:00:00+00:00, run_after=2022-01-01 00:00:00+00:00
[2025-12-10T12:08:41.665+0530] {logging_mixin.py:190} INFO - [2025-12-10T12:08:41.664+0530] {dag.py:4180} INFO - Setting next_dagrun for example_subdag_operator.section-1 to None, run_after=None
[2025-12-10T12:08:41.666+0530] {logging_mixin.py:190} INFO - [2025-12-10T12:08:41.666+0530] {dag.py:4180} INFO - Setting next_dagrun for example_subdag_operator.section-2 to None, run_after=None
[2025-12-10T12:08:41.676+0530] {logging_mixin.py:190} INFO - [2025-12-10T12:08:41.675+0530] {dag.py:3239} INFO - Sync 2 DAGs
[2025-12-10T12:08:41.681+0530] {logging_mixin.py:190} INFO - [2025-12-10T12:08:41.681+0530] {dag.py:4180} INFO - Setting next_dagrun for example_subdag_operator.section-1 to None, run_after=None
[2025-12-10T12:08:41.682+0530] {logging_mixin.py:190} INFO - [2025-12-10T12:08:41.681+0530] {dag.py:4180} INFO - Setting next_dagrun for example_subdag_operator.section-2 to None, run_after=None
[2025-12-10T12:08:41.701+0530] {processor.py:208} INFO - Processing /home/sneha/spotify_airflow_project/venv/lib/python3.12/site-packages/airflow/example_dags/example_subdag_operator.py took 0.205 seconds
[2025-12-10T12:09:36.135+0530] {processor.py:186} INFO - Started process (PID=12173) to work on /home/sneha/spotify_airflow_project/venv/lib/python3.12/site-packages/airflow/example_dags/example_subdag_operator.py
[2025-12-10T12:09:36.137+0530] {processor.py:914} INFO - Processing file /home/sneha/spotify_airflow_project/venv/lib/python3.12/site-packages/airflow/example_dags/example_subdag_operator.py for tasks to queue
[2025-12-10T12:09:36.140+0530] {logging_mixin.py:190} INFO - [2025-12-10T12:09:36.140+0530] {dagbag.py:588} INFO - Filling up the DagBag from /home/sneha/spotify_airflow_project/venv/lib/python3.12/site-packages/airflow/example_dags/example_subdag_operator.py
[2025-12-10T12:09:36.163+0530] {processor.py:925} INFO - DAG(s) 'example_subdag_operator.section-1', 'example_subdag_operator.section-2', 'example_subdag_operator' retrieved from /home/sneha/spotify_airflow_project/venv/lib/python3.12/site-packages/airflow/example_dags/example_subdag_operator.py
[2025-12-10T12:09:36.177+0530] {logging_mixin.py:190} INFO - [2025-12-10T12:09:36.176+0530] {dag.py:3239} INFO - Sync 3 DAGs
[2025-12-10T12:09:36.197+0530] {logging_mixin.py:190} INFO - [2025-12-10T12:09:36.197+0530] {dag.py:4180} INFO - Setting next_dagrun for example_subdag_operator to 2022-01-01 00:00:00+00:00, run_after=2022-01-01 00:00:00+00:00
[2025-12-10T12:09:36.200+0530] {logging_mixin.py:190} INFO - [2025-12-10T12:09:36.200+0530] {dag.py:4180} INFO - Setting next_dagrun for example_subdag_operator.section-1 to None, run_after=None
[2025-12-10T12:09:36.201+0530] {logging_mixin.py:190} INFO - [2025-12-10T12:09:36.201+0530] {dag.py:4180} INFO - Setting next_dagrun for example_subdag_operator.section-2 to None, run_after=None
[2025-12-10T12:09:36.206+0530] {logging_mixin.py:190} INFO - [2025-12-10T12:09:36.206+0530] {dag.py:3239} INFO - Sync 2 DAGs
[2025-12-10T12:09:36.210+0530] {logging_mixin.py:190} INFO - [2025-12-10T12:09:36.210+0530] {dag.py:4180} INFO - Setting next_dagrun for example_subdag_operator.section-1 to None, run_after=None
[2025-12-10T12:09:36.210+0530] {logging_mixin.py:190} INFO - [2025-12-10T12:09:36.210+0530] {dag.py:4180} INFO - Setting next_dagrun for example_subdag_operator.section-2 to None, run_after=None
[2025-12-10T12:09:36.224+0530] {processor.py:208} INFO - Processing /home/sneha/spotify_airflow_project/venv/lib/python3.12/site-packages/airflow/example_dags/example_subdag_operator.py took 0.101 seconds
[2025-12-10T12:10:29.632+0530] {processor.py:186} INFO - Started process (PID=12232) to work on /home/sneha/spotify_airflow_project/venv/lib/python3.12/site-packages/airflow/example_dags/example_subdag_operator.py
[2025-12-10T12:10:29.633+0530] {processor.py:914} INFO - Processing file /home/sneha/spotify_airflow_project/venv/lib/python3.12/site-packages/airflow/example_dags/example_subdag_operator.py for tasks to queue
[2025-12-10T12:10:29.635+0530] {logging_mixin.py:190} INFO - [2025-12-10T12:10:29.635+0530] {dagbag.py:588} INFO - Filling up the DagBag from /home/sneha/spotify_airflow_project/venv/lib/python3.12/site-packages/airflow/example_dags/example_subdag_operator.py
[2025-12-10T12:10:29.661+0530] {processor.py:925} INFO - DAG(s) 'example_subdag_operator.section-1', 'example_subdag_operator.section-2', 'example_subdag_operator' retrieved from /home/sneha/spotify_airflow_project/venv/lib/python3.12/site-packages/airflow/example_dags/example_subdag_operator.py
[2025-12-10T12:10:29.678+0530] {logging_mixin.py:190} INFO - [2025-12-10T12:10:29.677+0530] {dag.py:3239} INFO - Sync 3 DAGs
[2025-12-10T12:10:29.699+0530] {logging_mixin.py:190} INFO - [2025-12-10T12:10:29.698+0530] {dag.py:4180} INFO - Setting next_dagrun for example_subdag_operator to 2022-01-01 00:00:00+00:00, run_after=2022-01-01 00:00:00+00:00
[2025-12-10T12:10:29.702+0530] {logging_mixin.py:190} INFO - [2025-12-10T12:10:29.702+0530] {dag.py:4180} INFO - Setting next_dagrun for example_subdag_operator.section-1 to None, run_after=None
[2025-12-10T12:10:29.703+0530] {logging_mixin.py:190} INFO - [2025-12-10T12:10:29.703+0530] {dag.py:4180} INFO - Setting next_dagrun for example_subdag_operator.section-2 to None, run_after=None
[2025-12-10T12:10:29.710+0530] {logging_mixin.py:190} INFO - [2025-12-10T12:10:29.710+0530] {dag.py:3239} INFO - Sync 2 DAGs
[2025-12-10T12:10:29.714+0530] {logging_mixin.py:190} INFO - [2025-12-10T12:10:29.714+0530] {dag.py:4180} INFO - Setting next_dagrun for example_subdag_operator.section-1 to None, run_after=None
[2025-12-10T12:10:29.715+0530] {logging_mixin.py:190} INFO - [2025-12-10T12:10:29.715+0530] {dag.py:4180} INFO - Setting next_dagrun for example_subdag_operator.section-2 to None, run_after=None
[2025-12-10T12:10:29.728+0530] {processor.py:208} INFO - Processing /home/sneha/spotify_airflow_project/venv/lib/python3.12/site-packages/airflow/example_dags/example_subdag_operator.py took 0.107 seconds
[2025-12-10T12:11:24.960+0530] {processor.py:186} INFO - Started process (PID=12361) to work on /home/sneha/spotify_airflow_project/venv/lib/python3.12/site-packages/airflow/example_dags/example_subdag_operator.py
[2025-12-10T12:11:24.961+0530] {processor.py:914} INFO - Processing file /home/sneha/spotify_airflow_project/venv/lib/python3.12/site-packages/airflow/example_dags/example_subdag_operator.py for tasks to queue
[2025-12-10T12:11:24.963+0530] {logging_mixin.py:190} INFO - [2025-12-10T12:11:24.963+0530] {dagbag.py:588} INFO - Filling up the DagBag from /home/sneha/spotify_airflow_project/venv/lib/python3.12/site-packages/airflow/example_dags/example_subdag_operator.py
[2025-12-10T12:11:24.985+0530] {processor.py:925} INFO - DAG(s) 'example_subdag_operator.section-1', 'example_subdag_operator.section-2', 'example_subdag_operator' retrieved from /home/sneha/spotify_airflow_project/venv/lib/python3.12/site-packages/airflow/example_dags/example_subdag_operator.py
[2025-12-10T12:11:24.998+0530] {logging_mixin.py:190} INFO - [2025-12-10T12:11:24.998+0530] {dag.py:3239} INFO - Sync 3 DAGs
[2025-12-10T12:11:25.017+0530] {logging_mixin.py:190} INFO - [2025-12-10T12:11:25.017+0530] {dag.py:4180} INFO - Setting next_dagrun for example_subdag_operator to 2022-01-01 00:00:00+00:00, run_after=2022-01-01 00:00:00+00:00
[2025-12-10T12:11:25.020+0530] {logging_mixin.py:190} INFO - [2025-12-10T12:11:25.020+0530] {dag.py:4180} INFO - Setting next_dagrun for example_subdag_operator.section-1 to None, run_after=None
[2025-12-10T12:11:25.021+0530] {logging_mixin.py:190} INFO - [2025-12-10T12:11:25.021+0530] {dag.py:4180} INFO - Setting next_dagrun for example_subdag_operator.section-2 to None, run_after=None
[2025-12-10T12:11:25.026+0530] {logging_mixin.py:190} INFO - [2025-12-10T12:11:25.026+0530] {dag.py:3239} INFO - Sync 2 DAGs
[2025-12-10T12:11:25.030+0530] {logging_mixin.py:190} INFO - [2025-12-10T12:11:25.030+0530] {dag.py:4180} INFO - Setting next_dagrun for example_subdag_operator.section-1 to None, run_after=None
[2025-12-10T12:11:25.030+0530] {logging_mixin.py:190} INFO - [2025-12-10T12:11:25.030+0530] {dag.py:4180} INFO - Setting next_dagrun for example_subdag_operator.section-2 to None, run_after=None
[2025-12-10T12:11:25.042+0530] {processor.py:208} INFO - Processing /home/sneha/spotify_airflow_project/venv/lib/python3.12/site-packages/airflow/example_dags/example_subdag_operator.py took 0.091 seconds
[2025-12-10T12:12:15.151+0530] {processor.py:186} INFO - Started process (PID=12443) to work on /home/sneha/spotify_airflow_project/venv/lib/python3.12/site-packages/airflow/example_dags/example_subdag_operator.py
[2025-12-10T12:12:15.161+0530] {processor.py:914} INFO - Processing file /home/sneha/spotify_airflow_project/venv/lib/python3.12/site-packages/airflow/example_dags/example_subdag_operator.py for tasks to queue
[2025-12-10T12:12:15.164+0530] {logging_mixin.py:190} INFO - [2025-12-10T12:12:15.163+0530] {dagbag.py:588} INFO - Filling up the DagBag from /home/sneha/spotify_airflow_project/venv/lib/python3.12/site-packages/airflow/example_dags/example_subdag_operator.py
[2025-12-10T12:12:15.186+0530] {processor.py:925} INFO - DAG(s) 'example_subdag_operator.section-1', 'example_subdag_operator.section-2', 'example_subdag_operator' retrieved from /home/sneha/spotify_airflow_project/venv/lib/python3.12/site-packages/airflow/example_dags/example_subdag_operator.py
[2025-12-10T12:12:15.200+0530] {logging_mixin.py:190} INFO - [2025-12-10T12:12:15.200+0530] {dag.py:3239} INFO - Sync 3 DAGs
[2025-12-10T12:12:15.218+0530] {logging_mixin.py:190} INFO - [2025-12-10T12:12:15.218+0530] {dag.py:4180} INFO - Setting next_dagrun for example_subdag_operator to 2022-01-01 00:00:00+00:00, run_after=2022-01-01 00:00:00+00:00
[2025-12-10T12:12:15.221+0530] {logging_mixin.py:190} INFO - [2025-12-10T12:12:15.221+0530] {dag.py:4180} INFO - Setting next_dagrun for example_subdag_operator.section-1 to None, run_after=None
[2025-12-10T12:12:15.222+0530] {logging_mixin.py:190} INFO - [2025-12-10T12:12:15.222+0530] {dag.py:4180} INFO - Setting next_dagrun for example_subdag_operator.section-2 to None, run_after=None
[2025-12-10T12:12:15.227+0530] {logging_mixin.py:190} INFO - [2025-12-10T12:12:15.227+0530] {dag.py:3239} INFO - Sync 2 DAGs
[2025-12-10T12:12:15.232+0530] {logging_mixin.py:190} INFO - [2025-12-10T12:12:15.232+0530] {dag.py:4180} INFO - Setting next_dagrun for example_subdag_operator.section-1 to None, run_after=None
[2025-12-10T12:12:15.232+0530] {logging_mixin.py:190} INFO - [2025-12-10T12:12:15.232+0530] {dag.py:4180} INFO - Setting next_dagrun for example_subdag_operator.section-2 to None, run_after=None
[2025-12-10T12:12:15.243+0530] {processor.py:208} INFO - Processing /home/sneha/spotify_airflow_project/venv/lib/python3.12/site-packages/airflow/example_dags/example_subdag_operator.py took 0.103 seconds
[2025-12-10T12:13:04.673+0530] {processor.py:186} INFO - Started process (PID=12525) to work on /home/sneha/spotify_airflow_project/venv/lib/python3.12/site-packages/airflow/example_dags/example_subdag_operator.py
[2025-12-10T12:13:04.674+0530] {processor.py:914} INFO - Processing file /home/sneha/spotify_airflow_project/venv/lib/python3.12/site-packages/airflow/example_dags/example_subdag_operator.py for tasks to queue
[2025-12-10T12:13:04.676+0530] {logging_mixin.py:190} INFO - [2025-12-10T12:13:04.676+0530] {dagbag.py:588} INFO - Filling up the DagBag from /home/sneha/spotify_airflow_project/venv/lib/python3.12/site-packages/airflow/example_dags/example_subdag_operator.py
[2025-12-10T12:13:04.699+0530] {processor.py:925} INFO - DAG(s) 'example_subdag_operator.section-1', 'example_subdag_operator.section-2', 'example_subdag_operator' retrieved from /home/sneha/spotify_airflow_project/venv/lib/python3.12/site-packages/airflow/example_dags/example_subdag_operator.py
[2025-12-10T12:13:04.713+0530] {logging_mixin.py:190} INFO - [2025-12-10T12:13:04.713+0530] {dag.py:3239} INFO - Sync 3 DAGs
[2025-12-10T12:13:04.731+0530] {logging_mixin.py:190} INFO - [2025-12-10T12:13:04.731+0530] {dag.py:4180} INFO - Setting next_dagrun for example_subdag_operator to 2022-01-01 00:00:00+00:00, run_after=2022-01-01 00:00:00+00:00
[2025-12-10T12:13:04.734+0530] {logging_mixin.py:190} INFO - [2025-12-10T12:13:04.734+0530] {dag.py:4180} INFO - Setting next_dagrun for example_subdag_operator.section-1 to None, run_after=None
[2025-12-10T12:13:04.735+0530] {logging_mixin.py:190} INFO - [2025-12-10T12:13:04.735+0530] {dag.py:4180} INFO - Setting next_dagrun for example_subdag_operator.section-2 to None, run_after=None
[2025-12-10T12:13:04.740+0530] {logging_mixin.py:190} INFO - [2025-12-10T12:13:04.740+0530] {dag.py:3239} INFO - Sync 2 DAGs
[2025-12-10T12:13:04.744+0530] {logging_mixin.py:190} INFO - [2025-12-10T12:13:04.744+0530] {dag.py:4180} INFO - Setting next_dagrun for example_subdag_operator.section-1 to None, run_after=None
[2025-12-10T12:13:04.744+0530] {logging_mixin.py:190} INFO - [2025-12-10T12:13:04.744+0530] {dag.py:4180} INFO - Setting next_dagrun for example_subdag_operator.section-2 to None, run_after=None
[2025-12-10T12:13:04.755+0530] {processor.py:208} INFO - Processing /home/sneha/spotify_airflow_project/venv/lib/python3.12/site-packages/airflow/example_dags/example_subdag_operator.py took 0.092 seconds
[2025-12-10T12:13:56.453+0530] {processor.py:186} INFO - Started process (PID=12631) to work on /home/sneha/spotify_airflow_project/venv/lib/python3.12/site-packages/airflow/example_dags/example_subdag_operator.py
[2025-12-10T12:13:56.454+0530] {processor.py:914} INFO - Processing file /home/sneha/spotify_airflow_project/venv/lib/python3.12/site-packages/airflow/example_dags/example_subdag_operator.py for tasks to queue
[2025-12-10T12:13:56.457+0530] {logging_mixin.py:190} INFO - [2025-12-10T12:13:56.456+0530] {dagbag.py:588} INFO - Filling up the DagBag from /home/sneha/spotify_airflow_project/venv/lib/python3.12/site-packages/airflow/example_dags/example_subdag_operator.py
[2025-12-10T12:13:56.481+0530] {processor.py:925} INFO - DAG(s) 'example_subdag_operator.section-1', 'example_subdag_operator.section-2', 'example_subdag_operator' retrieved from /home/sneha/spotify_airflow_project/venv/lib/python3.12/site-packages/airflow/example_dags/example_subdag_operator.py
[2025-12-10T12:13:56.495+0530] {logging_mixin.py:190} INFO - [2025-12-10T12:13:56.495+0530] {dag.py:3239} INFO - Sync 3 DAGs
[2025-12-10T12:13:56.515+0530] {logging_mixin.py:190} INFO - [2025-12-10T12:13:56.514+0530] {dag.py:4180} INFO - Setting next_dagrun for example_subdag_operator to 2022-01-01 00:00:00+00:00, run_after=2022-01-01 00:00:00+00:00
[2025-12-10T12:13:56.517+0530] {logging_mixin.py:190} INFO - [2025-12-10T12:13:56.517+0530] {dag.py:4180} INFO - Setting next_dagrun for example_subdag_operator.section-1 to None, run_after=None
[2025-12-10T12:13:56.518+0530] {logging_mixin.py:190} INFO - [2025-12-10T12:13:56.518+0530] {dag.py:4180} INFO - Setting next_dagrun for example_subdag_operator.section-2 to None, run_after=None
[2025-12-10T12:13:56.524+0530] {logging_mixin.py:190} INFO - [2025-12-10T12:13:56.524+0530] {dag.py:3239} INFO - Sync 2 DAGs
[2025-12-10T12:13:56.528+0530] {logging_mixin.py:190} INFO - [2025-12-10T12:13:56.527+0530] {dag.py:4180} INFO - Setting next_dagrun for example_subdag_operator.section-1 to None, run_after=None
[2025-12-10T12:13:56.528+0530] {logging_mixin.py:190} INFO - [2025-12-10T12:13:56.528+0530] {dag.py:4180} INFO - Setting next_dagrun for example_subdag_operator.section-2 to None, run_after=None
[2025-12-10T12:13:56.539+0530] {processor.py:208} INFO - Processing /home/sneha/spotify_airflow_project/venv/lib/python3.12/site-packages/airflow/example_dags/example_subdag_operator.py took 0.098 seconds
[2025-12-10T12:14:48.250+0530] {processor.py:186} INFO - Started process (PID=12697) to work on /home/sneha/spotify_airflow_project/venv/lib/python3.12/site-packages/airflow/example_dags/example_subdag_operator.py
[2025-12-10T12:14:48.251+0530] {processor.py:914} INFO - Processing file /home/sneha/spotify_airflow_project/venv/lib/python3.12/site-packages/airflow/example_dags/example_subdag_operator.py for tasks to queue
[2025-12-10T12:14:48.253+0530] {logging_mixin.py:190} INFO - [2025-12-10T12:14:48.253+0530] {dagbag.py:588} INFO - Filling up the DagBag from /home/sneha/spotify_airflow_project/venv/lib/python3.12/site-packages/airflow/example_dags/example_subdag_operator.py
[2025-12-10T12:14:48.275+0530] {processor.py:925} INFO - DAG(s) 'example_subdag_operator.section-1', 'example_subdag_operator.section-2', 'example_subdag_operator' retrieved from /home/sneha/spotify_airflow_project/venv/lib/python3.12/site-packages/airflow/example_dags/example_subdag_operator.py
[2025-12-10T12:14:48.289+0530] {logging_mixin.py:190} INFO - [2025-12-10T12:14:48.288+0530] {dag.py:3239} INFO - Sync 3 DAGs
[2025-12-10T12:14:48.308+0530] {logging_mixin.py:190} INFO - [2025-12-10T12:14:48.307+0530] {dag.py:4180} INFO - Setting next_dagrun for example_subdag_operator to 2022-01-01 00:00:00+00:00, run_after=2022-01-01 00:00:00+00:00
[2025-12-10T12:14:48.311+0530] {logging_mixin.py:190} INFO - [2025-12-10T12:14:48.311+0530] {dag.py:4180} INFO - Setting next_dagrun for example_subdag_operator.section-1 to None, run_after=None
[2025-12-10T12:14:48.312+0530] {logging_mixin.py:190} INFO - [2025-12-10T12:14:48.312+0530] {dag.py:4180} INFO - Setting next_dagrun for example_subdag_operator.section-2 to None, run_after=None
[2025-12-10T12:14:48.317+0530] {logging_mixin.py:190} INFO - [2025-12-10T12:14:48.317+0530] {dag.py:3239} INFO - Sync 2 DAGs
[2025-12-10T12:14:48.321+0530] {logging_mixin.py:190} INFO - [2025-12-10T12:14:48.321+0530] {dag.py:4180} INFO - Setting next_dagrun for example_subdag_operator.section-1 to None, run_after=None
[2025-12-10T12:14:48.321+0530] {logging_mixin.py:190} INFO - [2025-12-10T12:14:48.321+0530] {dag.py:4180} INFO - Setting next_dagrun for example_subdag_operator.section-2 to None, run_after=None
[2025-12-10T12:14:48.334+0530] {processor.py:208} INFO - Processing /home/sneha/spotify_airflow_project/venv/lib/python3.12/site-packages/airflow/example_dags/example_subdag_operator.py took 0.091 seconds
[2025-12-10T12:15:38.895+0530] {processor.py:186} INFO - Started process (PID=12814) to work on /home/sneha/spotify_airflow_project/venv/lib/python3.12/site-packages/airflow/example_dags/example_subdag_operator.py
[2025-12-10T12:15:38.896+0530] {processor.py:914} INFO - Processing file /home/sneha/spotify_airflow_project/venv/lib/python3.12/site-packages/airflow/example_dags/example_subdag_operator.py for tasks to queue
[2025-12-10T12:15:38.898+0530] {logging_mixin.py:190} INFO - [2025-12-10T12:15:38.897+0530] {dagbag.py:588} INFO - Filling up the DagBag from /home/sneha/spotify_airflow_project/venv/lib/python3.12/site-packages/airflow/example_dags/example_subdag_operator.py
[2025-12-10T12:15:38.919+0530] {processor.py:925} INFO - DAG(s) 'example_subdag_operator.section-1', 'example_subdag_operator.section-2', 'example_subdag_operator' retrieved from /home/sneha/spotify_airflow_project/venv/lib/python3.12/site-packages/airflow/example_dags/example_subdag_operator.py
[2025-12-10T12:15:38.933+0530] {logging_mixin.py:190} INFO - [2025-12-10T12:15:38.933+0530] {dag.py:3239} INFO - Sync 3 DAGs
[2025-12-10T12:15:38.951+0530] {logging_mixin.py:190} INFO - [2025-12-10T12:15:38.951+0530] {dag.py:4180} INFO - Setting next_dagrun for example_subdag_operator to 2022-01-01 00:00:00+00:00, run_after=2022-01-01 00:00:00+00:00
[2025-12-10T12:15:38.954+0530] {logging_mixin.py:190} INFO - [2025-12-10T12:15:38.954+0530] {dag.py:4180} INFO - Setting next_dagrun for example_subdag_operator.section-1 to None, run_after=None
[2025-12-10T12:15:38.955+0530] {logging_mixin.py:190} INFO - [2025-12-10T12:15:38.955+0530] {dag.py:4180} INFO - Setting next_dagrun for example_subdag_operator.section-2 to None, run_after=None
[2025-12-10T12:15:38.960+0530] {logging_mixin.py:190} INFO - [2025-12-10T12:15:38.960+0530] {dag.py:3239} INFO - Sync 2 DAGs
[2025-12-10T12:15:38.964+0530] {logging_mixin.py:190} INFO - [2025-12-10T12:15:38.963+0530] {dag.py:4180} INFO - Setting next_dagrun for example_subdag_operator.section-1 to None, run_after=None
[2025-12-10T12:15:38.964+0530] {logging_mixin.py:190} INFO - [2025-12-10T12:15:38.964+0530] {dag.py:4180} INFO - Setting next_dagrun for example_subdag_operator.section-2 to None, run_after=None
[2025-12-10T12:15:38.977+0530] {processor.py:208} INFO - Processing /home/sneha/spotify_airflow_project/venv/lib/python3.12/site-packages/airflow/example_dags/example_subdag_operator.py took 0.093 seconds
[2025-12-10T12:16:29.217+0530] {processor.py:186} INFO - Started process (PID=12867) to work on /home/sneha/spotify_airflow_project/venv/lib/python3.12/site-packages/airflow/example_dags/example_subdag_operator.py
[2025-12-10T12:16:29.218+0530] {processor.py:914} INFO - Processing file /home/sneha/spotify_airflow_project/venv/lib/python3.12/site-packages/airflow/example_dags/example_subdag_operator.py for tasks to queue
[2025-12-10T12:16:29.220+0530] {logging_mixin.py:190} INFO - [2025-12-10T12:16:29.220+0530] {dagbag.py:588} INFO - Filling up the DagBag from /home/sneha/spotify_airflow_project/venv/lib/python3.12/site-packages/airflow/example_dags/example_subdag_operator.py
[2025-12-10T12:16:29.242+0530] {processor.py:925} INFO - DAG(s) 'example_subdag_operator.section-1', 'example_subdag_operator.section-2', 'example_subdag_operator' retrieved from /home/sneha/spotify_airflow_project/venv/lib/python3.12/site-packages/airflow/example_dags/example_subdag_operator.py
[2025-12-10T12:16:29.256+0530] {logging_mixin.py:190} INFO - [2025-12-10T12:16:29.256+0530] {dag.py:3239} INFO - Sync 3 DAGs
[2025-12-10T12:16:29.274+0530] {logging_mixin.py:190} INFO - [2025-12-10T12:16:29.273+0530] {dag.py:4180} INFO - Setting next_dagrun for example_subdag_operator to 2022-01-01 00:00:00+00:00, run_after=2022-01-01 00:00:00+00:00
[2025-12-10T12:16:29.277+0530] {logging_mixin.py:190} INFO - [2025-12-10T12:16:29.276+0530] {dag.py:4180} INFO - Setting next_dagrun for example_subdag_operator.section-1 to None, run_after=None
[2025-12-10T12:16:29.279+0530] {logging_mixin.py:190} INFO - [2025-12-10T12:16:29.278+0530] {dag.py:4180} INFO - Setting next_dagrun for example_subdag_operator.section-2 to None, run_after=None
[2025-12-10T12:16:29.284+0530] {logging_mixin.py:190} INFO - [2025-12-10T12:16:29.284+0530] {dag.py:3239} INFO - Sync 2 DAGs
[2025-12-10T12:16:29.288+0530] {logging_mixin.py:190} INFO - [2025-12-10T12:16:29.288+0530] {dag.py:4180} INFO - Setting next_dagrun for example_subdag_operator.section-1 to None, run_after=None
[2025-12-10T12:16:29.288+0530] {logging_mixin.py:190} INFO - [2025-12-10T12:16:29.288+0530] {dag.py:4180} INFO - Setting next_dagrun for example_subdag_operator.section-2 to None, run_after=None
[2025-12-10T12:16:29.299+0530] {processor.py:208} INFO - Processing /home/sneha/spotify_airflow_project/venv/lib/python3.12/site-packages/airflow/example_dags/example_subdag_operator.py took 0.093 seconds
[2025-12-10T12:17:21.695+0530] {processor.py:186} INFO - Started process (PID=12955) to work on /home/sneha/spotify_airflow_project/venv/lib/python3.12/site-packages/airflow/example_dags/example_subdag_operator.py
[2025-12-10T12:17:21.696+0530] {processor.py:914} INFO - Processing file /home/sneha/spotify_airflow_project/venv/lib/python3.12/site-packages/airflow/example_dags/example_subdag_operator.py for tasks to queue
[2025-12-10T12:17:21.698+0530] {logging_mixin.py:190} INFO - [2025-12-10T12:17:21.698+0530] {dagbag.py:588} INFO - Filling up the DagBag from /home/sneha/spotify_airflow_project/venv/lib/python3.12/site-packages/airflow/example_dags/example_subdag_operator.py
[2025-12-10T12:17:21.722+0530] {processor.py:925} INFO - DAG(s) 'example_subdag_operator.section-1', 'example_subdag_operator.section-2', 'example_subdag_operator' retrieved from /home/sneha/spotify_airflow_project/venv/lib/python3.12/site-packages/airflow/example_dags/example_subdag_operator.py
[2025-12-10T12:17:21.735+0530] {logging_mixin.py:190} INFO - [2025-12-10T12:17:21.735+0530] {dag.py:3239} INFO - Sync 3 DAGs
[2025-12-10T12:17:21.753+0530] {logging_mixin.py:190} INFO - [2025-12-10T12:17:21.753+0530] {dag.py:4180} INFO - Setting next_dagrun for example_subdag_operator to 2022-01-01 00:00:00+00:00, run_after=2022-01-01 00:00:00+00:00
[2025-12-10T12:17:21.756+0530] {logging_mixin.py:190} INFO - [2025-12-10T12:17:21.756+0530] {dag.py:4180} INFO - Setting next_dagrun for example_subdag_operator.section-1 to None, run_after=None
[2025-12-10T12:17:21.757+0530] {logging_mixin.py:190} INFO - [2025-12-10T12:17:21.757+0530] {dag.py:4180} INFO - Setting next_dagrun for example_subdag_operator.section-2 to None, run_after=None
[2025-12-10T12:17:21.763+0530] {logging_mixin.py:190} INFO - [2025-12-10T12:17:21.762+0530] {dag.py:3239} INFO - Sync 2 DAGs
[2025-12-10T12:17:21.766+0530] {logging_mixin.py:190} INFO - [2025-12-10T12:17:21.766+0530] {dag.py:4180} INFO - Setting next_dagrun for example_subdag_operator.section-1 to None, run_after=None
[2025-12-10T12:17:21.766+0530] {logging_mixin.py:190} INFO - [2025-12-10T12:17:21.766+0530] {dag.py:4180} INFO - Setting next_dagrun for example_subdag_operator.section-2 to None, run_after=None
[2025-12-10T12:17:21.779+0530] {processor.py:208} INFO - Processing /home/sneha/spotify_airflow_project/venv/lib/python3.12/site-packages/airflow/example_dags/example_subdag_operator.py took 0.095 seconds
[2025-12-10T12:18:15.193+0530] {processor.py:186} INFO - Started process (PID=13011) to work on /home/sneha/spotify_airflow_project/venv/lib/python3.12/site-packages/airflow/example_dags/example_subdag_operator.py
[2025-12-10T12:18:15.195+0530] {processor.py:914} INFO - Processing file /home/sneha/spotify_airflow_project/venv/lib/python3.12/site-packages/airflow/example_dags/example_subdag_operator.py for tasks to queue
[2025-12-10T12:18:15.199+0530] {logging_mixin.py:190} INFO - [2025-12-10T12:18:15.198+0530] {dagbag.py:588} INFO - Filling up the DagBag from /home/sneha/spotify_airflow_project/venv/lib/python3.12/site-packages/airflow/example_dags/example_subdag_operator.py
[2025-12-10T12:18:15.220+0530] {processor.py:925} INFO - DAG(s) 'example_subdag_operator.section-1', 'example_subdag_operator.section-2', 'example_subdag_operator' retrieved from /home/sneha/spotify_airflow_project/venv/lib/python3.12/site-packages/airflow/example_dags/example_subdag_operator.py
[2025-12-10T12:18:15.235+0530] {logging_mixin.py:190} INFO - [2025-12-10T12:18:15.234+0530] {dag.py:3239} INFO - Sync 3 DAGs
[2025-12-10T12:18:15.253+0530] {logging_mixin.py:190} INFO - [2025-12-10T12:18:15.252+0530] {dag.py:4180} INFO - Setting next_dagrun for example_subdag_operator to 2022-01-01 00:00:00+00:00, run_after=2022-01-01 00:00:00+00:00
[2025-12-10T12:18:15.256+0530] {logging_mixin.py:190} INFO - [2025-12-10T12:18:15.255+0530] {dag.py:4180} INFO - Setting next_dagrun for example_subdag_operator.section-1 to None, run_after=None
[2025-12-10T12:18:15.257+0530] {logging_mixin.py:190} INFO - [2025-12-10T12:18:15.256+0530] {dag.py:4180} INFO - Setting next_dagrun for example_subdag_operator.section-2 to None, run_after=None
[2025-12-10T12:18:15.262+0530] {logging_mixin.py:190} INFO - [2025-12-10T12:18:15.262+0530] {dag.py:3239} INFO - Sync 2 DAGs
[2025-12-10T12:18:15.265+0530] {logging_mixin.py:190} INFO - [2025-12-10T12:18:15.265+0530] {dag.py:4180} INFO - Setting next_dagrun for example_subdag_operator.section-1 to None, run_after=None
[2025-12-10T12:18:15.266+0530] {logging_mixin.py:190} INFO - [2025-12-10T12:18:15.266+0530] {dag.py:4180} INFO - Setting next_dagrun for example_subdag_operator.section-2 to None, run_after=None
[2025-12-10T12:18:15.276+0530] {processor.py:208} INFO - Processing /home/sneha/spotify_airflow_project/venv/lib/python3.12/site-packages/airflow/example_dags/example_subdag_operator.py took 0.089 seconds
[2025-12-10T12:19:09.218+0530] {processor.py:186} INFO - Started process (PID=13067) to work on /home/sneha/spotify_airflow_project/venv/lib/python3.12/site-packages/airflow/example_dags/example_subdag_operator.py
[2025-12-10T12:19:09.219+0530] {processor.py:914} INFO - Processing file /home/sneha/spotify_airflow_project/venv/lib/python3.12/site-packages/airflow/example_dags/example_subdag_operator.py for tasks to queue
[2025-12-10T12:19:09.221+0530] {logging_mixin.py:190} INFO - [2025-12-10T12:19:09.220+0530] {dagbag.py:588} INFO - Filling up the DagBag from /home/sneha/spotify_airflow_project/venv/lib/python3.12/site-packages/airflow/example_dags/example_subdag_operator.py
[2025-12-10T12:19:09.242+0530] {processor.py:925} INFO - DAG(s) 'example_subdag_operator.section-1', 'example_subdag_operator.section-2', 'example_subdag_operator' retrieved from /home/sneha/spotify_airflow_project/venv/lib/python3.12/site-packages/airflow/example_dags/example_subdag_operator.py
[2025-12-10T12:19:09.256+0530] {logging_mixin.py:190} INFO - [2025-12-10T12:19:09.255+0530] {dag.py:3239} INFO - Sync 3 DAGs
[2025-12-10T12:19:09.273+0530] {logging_mixin.py:190} INFO - [2025-12-10T12:19:09.273+0530] {dag.py:4180} INFO - Setting next_dagrun for example_subdag_operator to 2022-01-01 00:00:00+00:00, run_after=2022-01-01 00:00:00+00:00
[2025-12-10T12:19:09.277+0530] {logging_mixin.py:190} INFO - [2025-12-10T12:19:09.276+0530] {dag.py:4180} INFO - Setting next_dagrun for example_subdag_operator.section-1 to None, run_after=None
[2025-12-10T12:19:09.279+0530] {logging_mixin.py:190} INFO - [2025-12-10T12:19:09.278+0530] {dag.py:4180} INFO - Setting next_dagrun for example_subdag_operator.section-2 to None, run_after=None
[2025-12-10T12:19:09.284+0530] {logging_mixin.py:190} INFO - [2025-12-10T12:19:09.284+0530] {dag.py:3239} INFO - Sync 2 DAGs
[2025-12-10T12:19:09.288+0530] {logging_mixin.py:190} INFO - [2025-12-10T12:19:09.287+0530] {dag.py:4180} INFO - Setting next_dagrun for example_subdag_operator.section-1 to None, run_after=None
[2025-12-10T12:19:09.288+0530] {logging_mixin.py:190} INFO - [2025-12-10T12:19:09.288+0530] {dag.py:4180} INFO - Setting next_dagrun for example_subdag_operator.section-2 to None, run_after=None
[2025-12-10T12:19:09.299+0530] {processor.py:208} INFO - Processing /home/sneha/spotify_airflow_project/venv/lib/python3.12/site-packages/airflow/example_dags/example_subdag_operator.py took 0.092 seconds
[2025-12-10T12:20:00.196+0530] {processor.py:186} INFO - Started process (PID=13123) to work on /home/sneha/spotify_airflow_project/venv/lib/python3.12/site-packages/airflow/example_dags/example_subdag_operator.py
[2025-12-10T12:20:00.197+0530] {processor.py:914} INFO - Processing file /home/sneha/spotify_airflow_project/venv/lib/python3.12/site-packages/airflow/example_dags/example_subdag_operator.py for tasks to queue
[2025-12-10T12:20:00.199+0530] {logging_mixin.py:190} INFO - [2025-12-10T12:20:00.199+0530] {dagbag.py:588} INFO - Filling up the DagBag from /home/sneha/spotify_airflow_project/venv/lib/python3.12/site-packages/airflow/example_dags/example_subdag_operator.py
[2025-12-10T12:20:00.221+0530] {processor.py:925} INFO - DAG(s) 'example_subdag_operator.section-1', 'example_subdag_operator.section-2', 'example_subdag_operator' retrieved from /home/sneha/spotify_airflow_project/venv/lib/python3.12/site-packages/airflow/example_dags/example_subdag_operator.py
[2025-12-10T12:20:00.235+0530] {logging_mixin.py:190} INFO - [2025-12-10T12:20:00.235+0530] {dag.py:3239} INFO - Sync 3 DAGs
[2025-12-10T12:20:00.253+0530] {logging_mixin.py:190} INFO - [2025-12-10T12:20:00.253+0530] {dag.py:4180} INFO - Setting next_dagrun for example_subdag_operator to 2022-01-01 00:00:00+00:00, run_after=2022-01-01 00:00:00+00:00
[2025-12-10T12:20:00.256+0530] {logging_mixin.py:190} INFO - [2025-12-10T12:20:00.256+0530] {dag.py:4180} INFO - Setting next_dagrun for example_subdag_operator.section-1 to None, run_after=None
[2025-12-10T12:20:00.257+0530] {logging_mixin.py:190} INFO - [2025-12-10T12:20:00.257+0530] {dag.py:4180} INFO - Setting next_dagrun for example_subdag_operator.section-2 to None, run_after=None
[2025-12-10T12:20:00.262+0530] {logging_mixin.py:190} INFO - [2025-12-10T12:20:00.262+0530] {dag.py:3239} INFO - Sync 2 DAGs
[2025-12-10T12:20:00.266+0530] {logging_mixin.py:190} INFO - [2025-12-10T12:20:00.266+0530] {dag.py:4180} INFO - Setting next_dagrun for example_subdag_operator.section-1 to None, run_after=None
[2025-12-10T12:20:00.266+0530] {logging_mixin.py:190} INFO - [2025-12-10T12:20:00.266+0530] {dag.py:4180} INFO - Setting next_dagrun for example_subdag_operator.section-2 to None, run_after=None
[2025-12-10T12:20:00.279+0530] {processor.py:208} INFO - Processing /home/sneha/spotify_airflow_project/venv/lib/python3.12/site-packages/airflow/example_dags/example_subdag_operator.py took 0.093 seconds
[2025-12-10T12:20:51.669+0530] {processor.py:186} INFO - Started process (PID=13185) to work on /home/sneha/spotify_airflow_project/venv/lib/python3.12/site-packages/airflow/example_dags/example_subdag_operator.py
[2025-12-10T12:20:51.670+0530] {processor.py:914} INFO - Processing file /home/sneha/spotify_airflow_project/venv/lib/python3.12/site-packages/airflow/example_dags/example_subdag_operator.py for tasks to queue
[2025-12-10T12:20:51.672+0530] {logging_mixin.py:190} INFO - [2025-12-10T12:20:51.672+0530] {dagbag.py:588} INFO - Filling up the DagBag from /home/sneha/spotify_airflow_project/venv/lib/python3.12/site-packages/airflow/example_dags/example_subdag_operator.py
[2025-12-10T12:20:51.694+0530] {processor.py:925} INFO - DAG(s) 'example_subdag_operator.section-1', 'example_subdag_operator.section-2', 'example_subdag_operator' retrieved from /home/sneha/spotify_airflow_project/venv/lib/python3.12/site-packages/airflow/example_dags/example_subdag_operator.py
[2025-12-10T12:20:51.707+0530] {logging_mixin.py:190} INFO - [2025-12-10T12:20:51.707+0530] {dag.py:3239} INFO - Sync 3 DAGs
[2025-12-10T12:20:51.726+0530] {logging_mixin.py:190} INFO - [2025-12-10T12:20:51.725+0530] {dag.py:4180} INFO - Setting next_dagrun for example_subdag_operator to 2022-01-01 00:00:00+00:00, run_after=2022-01-01 00:00:00+00:00
[2025-12-10T12:20:51.729+0530] {logging_mixin.py:190} INFO - [2025-12-10T12:20:51.728+0530] {dag.py:4180} INFO - Setting next_dagrun for example_subdag_operator.section-1 to None, run_after=None
[2025-12-10T12:20:51.730+0530] {logging_mixin.py:190} INFO - [2025-12-10T12:20:51.729+0530] {dag.py:4180} INFO - Setting next_dagrun for example_subdag_operator.section-2 to None, run_after=None
[2025-12-10T12:20:51.735+0530] {logging_mixin.py:190} INFO - [2025-12-10T12:20:51.735+0530] {dag.py:3239} INFO - Sync 2 DAGs
[2025-12-10T12:20:51.738+0530] {logging_mixin.py:190} INFO - [2025-12-10T12:20:51.738+0530] {dag.py:4180} INFO - Setting next_dagrun for example_subdag_operator.section-1 to None, run_after=None
[2025-12-10T12:20:51.739+0530] {logging_mixin.py:190} INFO - [2025-12-10T12:20:51.739+0530] {dag.py:4180} INFO - Setting next_dagrun for example_subdag_operator.section-2 to None, run_after=None
[2025-12-10T12:20:51.749+0530] {processor.py:208} INFO - Processing /home/sneha/spotify_airflow_project/venv/lib/python3.12/site-packages/airflow/example_dags/example_subdag_operator.py took 0.089 seconds
[2025-12-10T12:21:44.523+0530] {processor.py:186} INFO - Started process (PID=13345) to work on /home/sneha/spotify_airflow_project/venv/lib/python3.12/site-packages/airflow/example_dags/example_subdag_operator.py
[2025-12-10T12:21:44.524+0530] {processor.py:914} INFO - Processing file /home/sneha/spotify_airflow_project/venv/lib/python3.12/site-packages/airflow/example_dags/example_subdag_operator.py for tasks to queue
[2025-12-10T12:21:44.526+0530] {logging_mixin.py:190} INFO - [2025-12-10T12:21:44.525+0530] {dagbag.py:588} INFO - Filling up the DagBag from /home/sneha/spotify_airflow_project/venv/lib/python3.12/site-packages/airflow/example_dags/example_subdag_operator.py
[2025-12-10T12:21:44.547+0530] {processor.py:925} INFO - DAG(s) 'example_subdag_operator.section-1', 'example_subdag_operator.section-2', 'example_subdag_operator' retrieved from /home/sneha/spotify_airflow_project/venv/lib/python3.12/site-packages/airflow/example_dags/example_subdag_operator.py
[2025-12-10T12:21:44.561+0530] {logging_mixin.py:190} INFO - [2025-12-10T12:21:44.561+0530] {dag.py:3239} INFO - Sync 3 DAGs
[2025-12-10T12:21:44.579+0530] {logging_mixin.py:190} INFO - [2025-12-10T12:21:44.579+0530] {dag.py:4180} INFO - Setting next_dagrun for example_subdag_operator to 2022-01-01 00:00:00+00:00, run_after=2022-01-01 00:00:00+00:00
[2025-12-10T12:21:44.582+0530] {logging_mixin.py:190} INFO - [2025-12-10T12:21:44.582+0530] {dag.py:4180} INFO - Setting next_dagrun for example_subdag_operator.section-1 to None, run_after=None
[2025-12-10T12:21:44.583+0530] {logging_mixin.py:190} INFO - [2025-12-10T12:21:44.583+0530] {dag.py:4180} INFO - Setting next_dagrun for example_subdag_operator.section-2 to None, run_after=None
[2025-12-10T12:21:44.589+0530] {logging_mixin.py:190} INFO - [2025-12-10T12:21:44.588+0530] {dag.py:3239} INFO - Sync 2 DAGs
[2025-12-10T12:21:44.593+0530] {logging_mixin.py:190} INFO - [2025-12-10T12:21:44.593+0530] {dag.py:4180} INFO - Setting next_dagrun for example_subdag_operator.section-1 to None, run_after=None
[2025-12-10T12:21:44.594+0530] {logging_mixin.py:190} INFO - [2025-12-10T12:21:44.594+0530] {dag.py:4180} INFO - Setting next_dagrun for example_subdag_operator.section-2 to None, run_after=None
[2025-12-10T12:21:44.604+0530] {processor.py:208} INFO - Processing /home/sneha/spotify_airflow_project/venv/lib/python3.12/site-packages/airflow/example_dags/example_subdag_operator.py took 0.092 seconds
[2025-12-10T12:22:37.485+0530] {processor.py:186} INFO - Started process (PID=13598) to work on /home/sneha/spotify_airflow_project/venv/lib/python3.12/site-packages/airflow/example_dags/example_subdag_operator.py
[2025-12-10T12:22:37.486+0530] {processor.py:914} INFO - Processing file /home/sneha/spotify_airflow_project/venv/lib/python3.12/site-packages/airflow/example_dags/example_subdag_operator.py for tasks to queue
[2025-12-10T12:22:37.488+0530] {logging_mixin.py:190} INFO - [2025-12-10T12:22:37.488+0530] {dagbag.py:588} INFO - Filling up the DagBag from /home/sneha/spotify_airflow_project/venv/lib/python3.12/site-packages/airflow/example_dags/example_subdag_operator.py
[2025-12-10T12:22:37.510+0530] {processor.py:925} INFO - DAG(s) 'example_subdag_operator.section-1', 'example_subdag_operator.section-2', 'example_subdag_operator' retrieved from /home/sneha/spotify_airflow_project/venv/lib/python3.12/site-packages/airflow/example_dags/example_subdag_operator.py
[2025-12-10T12:22:37.524+0530] {logging_mixin.py:190} INFO - [2025-12-10T12:22:37.524+0530] {dag.py:3239} INFO - Sync 3 DAGs
[2025-12-10T12:22:37.542+0530] {logging_mixin.py:190} INFO - [2025-12-10T12:22:37.542+0530] {dag.py:4180} INFO - Setting next_dagrun for example_subdag_operator to 2022-01-01 00:00:00+00:00, run_after=2022-01-01 00:00:00+00:00
[2025-12-10T12:22:37.545+0530] {logging_mixin.py:190} INFO - [2025-12-10T12:22:37.545+0530] {dag.py:4180} INFO - Setting next_dagrun for example_subdag_operator.section-1 to None, run_after=None
[2025-12-10T12:22:37.546+0530] {logging_mixin.py:190} INFO - [2025-12-10T12:22:37.546+0530] {dag.py:4180} INFO - Setting next_dagrun for example_subdag_operator.section-2 to None, run_after=None
[2025-12-10T12:22:37.551+0530] {logging_mixin.py:190} INFO - [2025-12-10T12:22:37.551+0530] {dag.py:3239} INFO - Sync 2 DAGs
[2025-12-10T12:22:37.555+0530] {logging_mixin.py:190} INFO - [2025-12-10T12:22:37.555+0530] {dag.py:4180} INFO - Setting next_dagrun for example_subdag_operator.section-1 to None, run_after=None
[2025-12-10T12:22:37.555+0530] {logging_mixin.py:190} INFO - [2025-12-10T12:22:37.555+0530] {dag.py:4180} INFO - Setting next_dagrun for example_subdag_operator.section-2 to None, run_after=None
[2025-12-10T12:22:37.569+0530] {processor.py:208} INFO - Processing /home/sneha/spotify_airflow_project/venv/lib/python3.12/site-packages/airflow/example_dags/example_subdag_operator.py took 0.094 seconds
[2025-12-10T12:23:29.804+0530] {processor.py:186} INFO - Started process (PID=13653) to work on /home/sneha/spotify_airflow_project/venv/lib/python3.12/site-packages/airflow/example_dags/example_subdag_operator.py
[2025-12-10T12:23:29.805+0530] {processor.py:914} INFO - Processing file /home/sneha/spotify_airflow_project/venv/lib/python3.12/site-packages/airflow/example_dags/example_subdag_operator.py for tasks to queue
[2025-12-10T12:23:29.807+0530] {logging_mixin.py:190} INFO - [2025-12-10T12:23:29.807+0530] {dagbag.py:588} INFO - Filling up the DagBag from /home/sneha/spotify_airflow_project/venv/lib/python3.12/site-packages/airflow/example_dags/example_subdag_operator.py
[2025-12-10T12:23:29.828+0530] {processor.py:925} INFO - DAG(s) 'example_subdag_operator.section-1', 'example_subdag_operator.section-2', 'example_subdag_operator' retrieved from /home/sneha/spotify_airflow_project/venv/lib/python3.12/site-packages/airflow/example_dags/example_subdag_operator.py
[2025-12-10T12:23:29.842+0530] {logging_mixin.py:190} INFO - [2025-12-10T12:23:29.842+0530] {dag.py:3239} INFO - Sync 3 DAGs
[2025-12-10T12:23:29.860+0530] {logging_mixin.py:190} INFO - [2025-12-10T12:23:29.860+0530] {dag.py:4180} INFO - Setting next_dagrun for example_subdag_operator to 2022-01-01 00:00:00+00:00, run_after=2022-01-01 00:00:00+00:00
[2025-12-10T12:23:29.863+0530] {logging_mixin.py:190} INFO - [2025-12-10T12:23:29.863+0530] {dag.py:4180} INFO - Setting next_dagrun for example_subdag_operator.section-1 to None, run_after=None
[2025-12-10T12:23:29.864+0530] {logging_mixin.py:190} INFO - [2025-12-10T12:23:29.864+0530] {dag.py:4180} INFO - Setting next_dagrun for example_subdag_operator.section-2 to None, run_after=None
[2025-12-10T12:23:29.870+0530] {logging_mixin.py:190} INFO - [2025-12-10T12:23:29.869+0530] {dag.py:3239} INFO - Sync 2 DAGs
[2025-12-10T12:23:29.873+0530] {logging_mixin.py:190} INFO - [2025-12-10T12:23:29.873+0530] {dag.py:4180} INFO - Setting next_dagrun for example_subdag_operator.section-1 to None, run_after=None
[2025-12-10T12:23:29.874+0530] {logging_mixin.py:190} INFO - [2025-12-10T12:23:29.873+0530] {dag.py:4180} INFO - Setting next_dagrun for example_subdag_operator.section-2 to None, run_after=None
[2025-12-10T12:23:29.884+0530] {processor.py:208} INFO - Processing /home/sneha/spotify_airflow_project/venv/lib/python3.12/site-packages/airflow/example_dags/example_subdag_operator.py took 0.086 seconds
[2025-12-10T12:24:21.650+0530] {processor.py:186} INFO - Started process (PID=13710) to work on /home/sneha/spotify_airflow_project/venv/lib/python3.12/site-packages/airflow/example_dags/example_subdag_operator.py
[2025-12-10T12:24:21.651+0530] {processor.py:914} INFO - Processing file /home/sneha/spotify_airflow_project/venv/lib/python3.12/site-packages/airflow/example_dags/example_subdag_operator.py for tasks to queue
[2025-12-10T12:24:21.654+0530] {logging_mixin.py:190} INFO - [2025-12-10T12:24:21.654+0530] {dagbag.py:588} INFO - Filling up the DagBag from /home/sneha/spotify_airflow_project/venv/lib/python3.12/site-packages/airflow/example_dags/example_subdag_operator.py
[2025-12-10T12:24:21.681+0530] {processor.py:925} INFO - DAG(s) 'example_subdag_operator.section-1', 'example_subdag_operator.section-2', 'example_subdag_operator' retrieved from /home/sneha/spotify_airflow_project/venv/lib/python3.12/site-packages/airflow/example_dags/example_subdag_operator.py
[2025-12-10T12:24:21.698+0530] {logging_mixin.py:190} INFO - [2025-12-10T12:24:21.697+0530] {dag.py:3239} INFO - Sync 3 DAGs
[2025-12-10T12:24:21.720+0530] {logging_mixin.py:190} INFO - [2025-12-10T12:24:21.720+0530] {dag.py:4180} INFO - Setting next_dagrun for example_subdag_operator to 2022-01-01 00:00:00+00:00, run_after=2022-01-01 00:00:00+00:00
[2025-12-10T12:24:21.723+0530] {logging_mixin.py:190} INFO - [2025-12-10T12:24:21.723+0530] {dag.py:4180} INFO - Setting next_dagrun for example_subdag_operator.section-1 to None, run_after=None
[2025-12-10T12:24:21.725+0530] {logging_mixin.py:190} INFO - [2025-12-10T12:24:21.725+0530] {dag.py:4180} INFO - Setting next_dagrun for example_subdag_operator.section-2 to None, run_after=None
[2025-12-10T12:24:21.732+0530] {logging_mixin.py:190} INFO - [2025-12-10T12:24:21.732+0530] {dag.py:3239} INFO - Sync 2 DAGs
[2025-12-10T12:24:21.738+0530] {logging_mixin.py:190} INFO - [2025-12-10T12:24:21.737+0530] {dag.py:4180} INFO - Setting next_dagrun for example_subdag_operator.section-1 to None, run_after=None
[2025-12-10T12:24:21.738+0530] {logging_mixin.py:190} INFO - [2025-12-10T12:24:21.738+0530] {dag.py:4180} INFO - Setting next_dagrun for example_subdag_operator.section-2 to None, run_after=None
[2025-12-10T12:24:21.753+0530] {processor.py:208} INFO - Processing /home/sneha/spotify_airflow_project/venv/lib/python3.12/site-packages/airflow/example_dags/example_subdag_operator.py took 0.110 seconds
