[2025-12-15T13:30:13.222+0530] {local_task_job_runner.py:123} INFO - ::group::Pre task execution logs
[2025-12-15T13:30:13.240+0530] {taskinstance.py:2612} INFO - Dependencies all met for dep_context=non-requeueable deps ti=<TaskInstance: spotify_streaming_pipeline.run_spark_consumer scheduled__2025-12-15T07:00:00+00:00 [queued]>
[2025-12-15T13:30:13.249+0530] {taskinstance.py:2612} INFO - Dependencies all met for dep_context=requeueable deps ti=<TaskInstance: spotify_streaming_pipeline.run_spark_consumer scheduled__2025-12-15T07:00:00+00:00 [queued]>
[2025-12-15T13:30:13.250+0530] {taskinstance.py:2865} INFO - Starting attempt 1 of 2
[2025-12-15T13:30:13.266+0530] {taskinstance.py:2888} INFO - Executing <Task(BashOperator): run_spark_consumer> on 2025-12-15 07:00:00+00:00
[2025-12-15T13:30:13.274+0530] {standard_task_runner.py:72} INFO - Started process 28566 to run task
[2025-12-15T13:30:13.280+0530] {standard_task_runner.py:104} INFO - Running: ['airflow', 'tasks', 'run', 'spotify_streaming_pipeline', 'run_spark_consumer', 'scheduled__2025-12-15T07:00:00+00:00', '--job-id', '12', '--raw', '--subdir', 'DAGS_FOLDER/spotify_streaming_dag.py', '--cfg-path', '/tmp/tmpzb13xji1']
[2025-12-15T13:30:13.281+0530] {standard_task_runner.py:105} INFO - Job 12: Subtask run_spark_consumer
[2025-12-15T13:30:13.342+0530] {task_command.py:467} INFO - Running <TaskInstance: spotify_streaming_pipeline.run_spark_consumer scheduled__2025-12-15T07:00:00+00:00 [running]> on host sneha-HP-Laptop-15s-eq1xxx
[2025-12-15T13:30:13.400+0530] {taskinstance.py:3131} INFO - Exporting env vars: AIRFLOW_CTX_DAG_OWNER='sneha' AIRFLOW_CTX_DAG_ID='spotify_streaming_pipeline' AIRFLOW_CTX_TASK_ID='run_spark_consumer' AIRFLOW_CTX_EXECUTION_DATE='2025-12-15T07:00:00+00:00' AIRFLOW_CTX_TRY_NUMBER='1' AIRFLOW_CTX_DAG_RUN_ID='scheduled__2025-12-15T07:00:00+00:00'
[2025-12-15T13:30:13.401+0530] {logging_mixin.py:190} INFO - Task instance is in running state
[2025-12-15T13:30:13.401+0530] {logging_mixin.py:190} INFO -  Previous state of the Task instance: queued
[2025-12-15T13:30:13.401+0530] {logging_mixin.py:190} INFO - Current task name:run_spark_consumer state:running start_date:2025-12-15 08:00:13.240480+00:00
[2025-12-15T13:30:13.401+0530] {logging_mixin.py:190} INFO - Dag name:spotify_streaming_pipeline and current dag run status:running
[2025-12-15T13:30:13.402+0530] {taskinstance.py:731} INFO - ::endgroup::
[2025-12-15T13:30:13.402+0530] {subprocess.py:63} INFO - Tmp dir root location: /tmp
[2025-12-15T13:30:13.403+0530] {subprocess.py:75} INFO - Running command: ['/usr/bin/bash', '-c', '\n        spark-submit         /home/sneha/spotify_airflow_project/scripts/spark_consumer_airflow.py\n        ']
[2025-12-15T13:30:13.416+0530] {subprocess.py:86} INFO - Output:
[2025-12-15T13:30:15.740+0530] {subprocess.py:93} INFO - 25/12/15 13:30:15 WARN Utils: Your hostname, sneha-HP-Laptop-15s-eq1xxx resolves to a loopback address: 127.0.1.1; using 192.168.1.86 instead (on interface wlo1)
[2025-12-15T13:30:15.743+0530] {subprocess.py:93} INFO - 25/12/15 13:30:15 WARN Utils: Set SPARK_LOCAL_IP if you need to bind to another address
[2025-12-15T13:30:21.993+0530] {subprocess.py:93} INFO - 25/12/15 13:30:21 INFO SparkContext: Running Spark version 3.4.4
[2025-12-15T13:30:22.098+0530] {subprocess.py:93} INFO - 25/12/15 13:30:22 WARN NativeCodeLoader: Unable to load native-hadoop library for your platform... using builtin-java classes where applicable
[2025-12-15T13:30:22.244+0530] {subprocess.py:93} INFO - 25/12/15 13:30:22 INFO ResourceUtils: ==============================================================
[2025-12-15T13:30:22.245+0530] {subprocess.py:93} INFO - 25/12/15 13:30:22 INFO ResourceUtils: No custom resources configured for spark.driver.
[2025-12-15T13:30:22.245+0530] {subprocess.py:93} INFO - 25/12/15 13:30:22 INFO ResourceUtils: ==============================================================
[2025-12-15T13:30:22.245+0530] {subprocess.py:93} INFO - 25/12/15 13:30:22 INFO SparkContext: Submitted application: spotify_streaming_airflow
[2025-12-15T13:30:22.279+0530] {subprocess.py:93} INFO - 25/12/15 13:30:22 INFO ResourceProfile: Default ResourceProfile created, executor resources: Map(cores -> name: cores, amount: 1, script: , vendor: , memory -> name: memory, amount: 1024, script: , vendor: , offHeap -> name: offHeap, amount: 0, script: , vendor: ), task resources: Map(cpus -> name: cpus, amount: 1.0)
[2025-12-15T13:30:22.299+0530] {subprocess.py:93} INFO - 25/12/15 13:30:22 INFO ResourceProfile: Limiting resource is cpu
[2025-12-15T13:30:22.300+0530] {subprocess.py:93} INFO - 25/12/15 13:30:22 INFO ResourceProfileManager: Added ResourceProfile id: 0
[2025-12-15T13:30:22.381+0530] {subprocess.py:93} INFO - 25/12/15 13:30:22 INFO SecurityManager: Changing view acls to: sneha
[2025-12-15T13:30:22.382+0530] {subprocess.py:93} INFO - 25/12/15 13:30:22 INFO SecurityManager: Changing modify acls to: sneha
[2025-12-15T13:30:22.383+0530] {subprocess.py:93} INFO - 25/12/15 13:30:22 INFO SecurityManager: Changing view acls groups to:
[2025-12-15T13:30:22.383+0530] {subprocess.py:93} INFO - 25/12/15 13:30:22 INFO SecurityManager: Changing modify acls groups to:
[2025-12-15T13:30:22.384+0530] {subprocess.py:93} INFO - 25/12/15 13:30:22 INFO SecurityManager: SecurityManager: authentication disabled; ui acls disabled; users with view permissions: sneha; groups with view permissions: EMPTY; users with modify permissions: sneha; groups with modify permissions: EMPTY
[2025-12-15T13:30:22.719+0530] {subprocess.py:93} INFO - 25/12/15 13:30:22 INFO Utils: Successfully started service 'sparkDriver' on port 41543.
[2025-12-15T13:30:22.766+0530] {subprocess.py:93} INFO - 25/12/15 13:30:22 INFO SparkEnv: Registering MapOutputTracker
[2025-12-15T13:30:22.828+0530] {subprocess.py:93} INFO - 25/12/15 13:30:22 INFO SparkEnv: Registering BlockManagerMaster
[2025-12-15T13:30:22.851+0530] {subprocess.py:93} INFO - 25/12/15 13:30:22 INFO BlockManagerMasterEndpoint: Using org.apache.spark.storage.DefaultTopologyMapper for getting topology information
[2025-12-15T13:30:22.852+0530] {subprocess.py:93} INFO - 25/12/15 13:30:22 INFO BlockManagerMasterEndpoint: BlockManagerMasterEndpoint up
[2025-12-15T13:30:22.856+0530] {subprocess.py:93} INFO - 25/12/15 13:30:22 INFO SparkEnv: Registering BlockManagerMasterHeartbeat
[2025-12-15T13:30:22.885+0530] {subprocess.py:93} INFO - 25/12/15 13:30:22 INFO DiskBlockManager: Created local directory at /tmp/blockmgr-36218180-dbc4-46f7-97d0-c532bdd2acef
[2025-12-15T13:30:22.957+0530] {subprocess.py:93} INFO - 25/12/15 13:30:22 INFO MemoryStore: MemoryStore started with capacity 366.3 MiB
[2025-12-15T13:30:22.986+0530] {subprocess.py:93} INFO - 25/12/15 13:30:22 INFO SparkEnv: Registering OutputCommitCoordinator
[2025-12-15T13:30:23.220+0530] {subprocess.py:93} INFO - 25/12/15 13:30:23 INFO JettyUtils: Start Jetty 0.0.0.0:4040 for SparkUI
[2025-12-15T13:30:23.322+0530] {subprocess.py:93} INFO - 25/12/15 13:30:23 INFO Utils: Successfully started service 'SparkUI' on port 4040.
[2025-12-15T13:30:23.477+0530] {subprocess.py:93} INFO - 25/12/15 13:30:23 INFO Executor: Starting executor ID driver on host 192.168.1.86
[2025-12-15T13:30:23.486+0530] {subprocess.py:93} INFO - 25/12/15 13:30:23 INFO Executor: Starting executor with user classpath (userClassPathFirst = false): ''
[2025-12-15T13:30:23.514+0530] {subprocess.py:93} INFO - 25/12/15 13:30:23 INFO Utils: Successfully started service 'org.apache.spark.network.netty.NettyBlockTransferService' on port 41699.
[2025-12-15T13:30:23.514+0530] {subprocess.py:93} INFO - 25/12/15 13:30:23 INFO NettyBlockTransferService: Server created on 192.168.1.86:41699
[2025-12-15T13:30:23.515+0530] {subprocess.py:93} INFO - 25/12/15 13:30:23 INFO BlockManager: Using org.apache.spark.storage.RandomBlockReplicationPolicy for block replication policy
[2025-12-15T13:30:23.521+0530] {subprocess.py:93} INFO - 25/12/15 13:30:23 INFO BlockManagerMaster: Registering BlockManager BlockManagerId(driver, 192.168.1.86, 41699, None)
[2025-12-15T13:30:23.526+0530] {subprocess.py:93} INFO - 25/12/15 13:30:23 INFO BlockManagerMasterEndpoint: Registering block manager 192.168.1.86:41699 with 366.3 MiB RAM, BlockManagerId(driver, 192.168.1.86, 41699, None)
[2025-12-15T13:30:23.530+0530] {subprocess.py:93} INFO - 25/12/15 13:30:23 INFO BlockManagerMaster: Registered BlockManager BlockManagerId(driver, 192.168.1.86, 41699, None)
[2025-12-15T13:30:23.531+0530] {subprocess.py:93} INFO - 25/12/15 13:30:23 INFO BlockManager: Initialized BlockManager: BlockManagerId(driver, 192.168.1.86, 41699, None)
[2025-12-15T13:30:24.222+0530] {subprocess.py:93} INFO - 25/12/15 13:30:24 INFO SharedState: Setting hive.metastore.warehouse.dir ('null') to the value of spark.sql.warehouse.dir.
[2025-12-15T13:30:24.244+0530] {subprocess.py:93} INFO - 25/12/15 13:30:24 INFO SharedState: Warehouse path is 'file:/tmp/airflowtmpodn24qkp/spark-warehouse'.
[2025-12-15T13:30:26.333+0530] {subprocess.py:93} INFO - Traceback (most recent call last):
[2025-12-15T13:30:26.333+0530] {subprocess.py:93} INFO -   File "/home/sneha/spotify_airflow_project/scripts/spark_consumer_airflow.py", line 24, in <module>
[2025-12-15T13:30:26.334+0530] {subprocess.py:93} INFO -     .load()
[2025-12-15T13:30:26.334+0530] {subprocess.py:93} INFO -      ^^^^^^
[2025-12-15T13:30:26.334+0530] {subprocess.py:93} INFO -   File "/home/sneha/spark/spark-3.4.4-bin-hadoop3/python/lib/pyspark.zip/pyspark/sql/readwriter.py", line 307, in load
[2025-12-15T13:30:26.334+0530] {subprocess.py:93} INFO -   File "/home/sneha/spark/spark-3.4.4-bin-hadoop3/python/lib/py4j-0.10.9.7-src.zip/py4j/java_gateway.py", line 1322, in __call__
[2025-12-15T13:30:26.334+0530] {subprocess.py:93} INFO -   File "/home/sneha/spark/spark-3.4.4-bin-hadoop3/python/lib/pyspark.zip/pyspark/errors/exceptions/captured.py", line 175, in deco
[2025-12-15T13:30:26.349+0530] {subprocess.py:93} INFO - pyspark.errors.exceptions.captured.AnalysisException: Failed to find data source: kafka. Please deploy the application as per the deployment section of Structured Streaming + Kafka Integration Guide.
[2025-12-15T13:30:26.397+0530] {subprocess.py:93} INFO - 25/12/15 13:30:26 INFO SparkContext: Invoking stop() from shutdown hook
[2025-12-15T13:30:26.397+0530] {subprocess.py:93} INFO - 25/12/15 13:30:26 INFO SparkContext: SparkContext is stopping with exitCode 0.
[2025-12-15T13:30:26.411+0530] {subprocess.py:93} INFO - 25/12/15 13:30:26 INFO SparkUI: Stopped Spark web UI at http://192.168.1.86:4040
[2025-12-15T13:30:26.428+0530] {subprocess.py:93} INFO - 25/12/15 13:30:26 INFO MapOutputTrackerMasterEndpoint: MapOutputTrackerMasterEndpoint stopped!
[2025-12-15T13:30:26.442+0530] {subprocess.py:93} INFO - 25/12/15 13:30:26 INFO MemoryStore: MemoryStore cleared
[2025-12-15T13:30:26.442+0530] {subprocess.py:93} INFO - 25/12/15 13:30:26 INFO BlockManager: BlockManager stopped
[2025-12-15T13:30:26.450+0530] {subprocess.py:93} INFO - 25/12/15 13:30:26 INFO BlockManagerMaster: BlockManagerMaster stopped
[2025-12-15T13:30:26.454+0530] {subprocess.py:93} INFO - 25/12/15 13:30:26 INFO OutputCommitCoordinator$OutputCommitCoordinatorEndpoint: OutputCommitCoordinator stopped!
[2025-12-15T13:30:26.460+0530] {subprocess.py:93} INFO - 25/12/15 13:30:26 INFO SparkContext: Successfully stopped SparkContext
[2025-12-15T13:30:26.461+0530] {subprocess.py:93} INFO - 25/12/15 13:30:26 INFO ShutdownHookManager: Shutdown hook called
[2025-12-15T13:30:26.462+0530] {subprocess.py:93} INFO - 25/12/15 13:30:26 INFO ShutdownHookManager: Deleting directory /tmp/spark-9331ea03-f351-4eff-99f3-8d40a09852af
[2025-12-15T13:30:26.466+0530] {subprocess.py:93} INFO - 25/12/15 13:30:26 INFO ShutdownHookManager: Deleting directory /tmp/spark-973a8075-2ded-4edf-8e2d-9ccf3f3b173a
[2025-12-15T13:30:26.469+0530] {subprocess.py:93} INFO - 25/12/15 13:30:26 INFO ShutdownHookManager: Deleting directory /tmp/spark-973a8075-2ded-4edf-8e2d-9ccf3f3b173a/pyspark-ac9ebd9c-173b-4c43-b22d-770d243aa52a
[2025-12-15T13:30:26.545+0530] {subprocess.py:97} INFO - Command exited with return code 1
[2025-12-15T13:30:26.562+0530] {taskinstance.py:3310} ERROR - Task failed with exception
Traceback (most recent call last):
  File "/home/sneha/spotify_airflow_project/venv/lib/python3.12/site-packages/airflow/models/taskinstance.py", line 767, in _execute_task
    result = _execute_callable(context=context, **execute_callable_kwargs)
             ^^^^^^^^^^^^^^^^^^^^^^^^^^^^^^^^^^^^^^^^^^^^^^^^^^^^^^^^^^^^^
  File "/home/sneha/spotify_airflow_project/venv/lib/python3.12/site-packages/airflow/models/taskinstance.py", line 733, in _execute_callable
    return ExecutionCallableRunner(
           ^^^^^^^^^^^^^^^^^^^^^^^^
  File "/home/sneha/spotify_airflow_project/venv/lib/python3.12/site-packages/airflow/utils/operator_helpers.py", line 252, in run
    return self.func(*args, **kwargs)
           ^^^^^^^^^^^^^^^^^^^^^^^^^^
  File "/home/sneha/spotify_airflow_project/venv/lib/python3.12/site-packages/airflow/models/baseoperator.py", line 406, in wrapper
    return func(self, *args, **kwargs)
           ^^^^^^^^^^^^^^^^^^^^^^^^^^^
  File "/home/sneha/spotify_airflow_project/venv/lib/python3.12/site-packages/airflow/operators/bash.py", line 249, in execute
    raise AirflowException(
airflow.exceptions.AirflowException: Bash command failed. The command returned a non-zero exit code 1.
[2025-12-15T13:30:26.574+0530] {logging_mixin.py:190} INFO - Task instance in failure state
[2025-12-15T13:30:26.575+0530] {logging_mixin.py:190} INFO - Task start:2025-12-15 08:00:13.240480+00:00 end:2025-12-15 08:00:26.573410+00:00 duration:13.33293
[2025-12-15T13:30:26.575+0530] {logging_mixin.py:190} INFO - Task:<Task(BashOperator): run_spark_consumer> dag:<DAG: spotify_streaming_pipeline> dagrun:<DagRun spotify_streaming_pipeline @ 2025-12-15 07:00:00+00:00: scheduled__2025-12-15T07:00:00+00:00, state:running, queued_at: 2025-12-15 08:00:01.423850+00:00. externally triggered: False>
[2025-12-15T13:30:26.575+0530] {logging_mixin.py:190} INFO - Failure caused by Bash command failed. The command returned a non-zero exit code 1.
[2025-12-15T13:30:26.576+0530] {taskinstance.py:1225} INFO - Marking task as UP_FOR_RETRY. dag_id=spotify_streaming_pipeline, task_id=run_spark_consumer, run_id=scheduled__2025-12-15T07:00:00+00:00, execution_date=20251215T070000, start_date=20251215T080013, end_date=20251215T080026
[2025-12-15T13:30:26.597+0530] {taskinstance.py:340} INFO - ::group::Post task execution logs
[2025-12-15T13:30:26.597+0530] {standard_task_runner.py:124} ERROR - Failed to execute job 12 for task run_spark_consumer (Bash command failed. The command returned a non-zero exit code 1.; 28566)
Traceback (most recent call last):
  File "/home/sneha/spotify_airflow_project/venv/lib/python3.12/site-packages/airflow/task/task_runner/standard_task_runner.py", line 117, in _start_by_fork
    ret = args.func(args, dag=self.dag)
          ^^^^^^^^^^^^^^^^^^^^^^^^^^^^^
  File "/home/sneha/spotify_airflow_project/venv/lib/python3.12/site-packages/airflow/cli/cli_config.py", line 49, in command
    return func(*args, **kwargs)
           ^^^^^^^^^^^^^^^^^^^^^
  File "/home/sneha/spotify_airflow_project/venv/lib/python3.12/site-packages/airflow/utils/cli.py", line 115, in wrapper
    return f(*args, **kwargs)
           ^^^^^^^^^^^^^^^^^^
  File "/home/sneha/spotify_airflow_project/venv/lib/python3.12/site-packages/airflow/cli/commands/task_command.py", line 483, in task_run
    task_return_code = _run_task_by_selected_method(args, _dag, ti)
                       ^^^^^^^^^^^^^^^^^^^^^^^^^^^^^^^^^^^^^^^^^^^^
  File "/home/sneha/spotify_airflow_project/venv/lib/python3.12/site-packages/airflow/cli/commands/task_command.py", line 256, in _run_task_by_selected_method
    return _run_raw_task(args, ti)
           ^^^^^^^^^^^^^^^^^^^^^^^
  File "/home/sneha/spotify_airflow_project/venv/lib/python3.12/site-packages/airflow/cli/commands/task_command.py", line 341, in _run_raw_task
    return ti._run_raw_task(
           ^^^^^^^^^^^^^^^^^
  File "/home/sneha/spotify_airflow_project/venv/lib/python3.12/site-packages/airflow/utils/session.py", line 97, in wrapper
    return func(*args, session=session, **kwargs)
           ^^^^^^^^^^^^^^^^^^^^^^^^^^^^^^^^^^^^^^
  File "/home/sneha/spotify_airflow_project/venv/lib/python3.12/site-packages/airflow/models/taskinstance.py", line 3004, in _run_raw_task
    return _run_raw_task(
           ^^^^^^^^^^^^^^
  File "/home/sneha/spotify_airflow_project/venv/lib/python3.12/site-packages/airflow/models/taskinstance.py", line 273, in _run_raw_task
    TaskInstance._execute_task_with_callbacks(
  File "/home/sneha/spotify_airflow_project/venv/lib/python3.12/site-packages/airflow/models/taskinstance.py", line 3158, in _execute_task_with_callbacks
    result = self._execute_task(context, task_orig)
             ^^^^^^^^^^^^^^^^^^^^^^^^^^^^^^^^^^^^^^
  File "/home/sneha/spotify_airflow_project/venv/lib/python3.12/site-packages/airflow/models/taskinstance.py", line 3182, in _execute_task
    return _execute_task(self, context, task_orig)
           ^^^^^^^^^^^^^^^^^^^^^^^^^^^^^^^^^^^^^^^
  File "/home/sneha/spotify_airflow_project/venv/lib/python3.12/site-packages/airflow/models/taskinstance.py", line 767, in _execute_task
    result = _execute_callable(context=context, **execute_callable_kwargs)
             ^^^^^^^^^^^^^^^^^^^^^^^^^^^^^^^^^^^^^^^^^^^^^^^^^^^^^^^^^^^^^
  File "/home/sneha/spotify_airflow_project/venv/lib/python3.12/site-packages/airflow/models/taskinstance.py", line 733, in _execute_callable
    return ExecutionCallableRunner(
           ^^^^^^^^^^^^^^^^^^^^^^^^
  File "/home/sneha/spotify_airflow_project/venv/lib/python3.12/site-packages/airflow/utils/operator_helpers.py", line 252, in run
    return self.func(*args, **kwargs)
           ^^^^^^^^^^^^^^^^^^^^^^^^^^
  File "/home/sneha/spotify_airflow_project/venv/lib/python3.12/site-packages/airflow/models/baseoperator.py", line 406, in wrapper
    return func(self, *args, **kwargs)
           ^^^^^^^^^^^^^^^^^^^^^^^^^^^
  File "/home/sneha/spotify_airflow_project/venv/lib/python3.12/site-packages/airflow/operators/bash.py", line 249, in execute
    raise AirflowException(
airflow.exceptions.AirflowException: Bash command failed. The command returned a non-zero exit code 1.
[2025-12-15T13:30:26.634+0530] {local_task_job_runner.py:266} INFO - Task exited with return code 1
[2025-12-15T13:30:26.651+0530] {taskinstance.py:3900} INFO - 0 downstream tasks scheduled from follow-on schedule check
[2025-12-15T13:30:26.652+0530] {local_task_job_runner.py:245} INFO - ::endgroup::
