[2025-12-16T19:30:19.986+0530] {local_task_job_runner.py:123} INFO - ::group::Pre task execution logs
[2025-12-16T19:30:20.011+0530] {taskinstance.py:2612} INFO - Dependencies all met for dep_context=non-requeueable deps ti=<TaskInstance: spotify_streaming_pipeline.run_spark_consumer scheduled__2025-12-16T13:00:00+00:00 [queued]>
[2025-12-16T19:30:20.030+0530] {taskinstance.py:2612} INFO - Dependencies all met for dep_context=requeueable deps ti=<TaskInstance: spotify_streaming_pipeline.run_spark_consumer scheduled__2025-12-16T13:00:00+00:00 [queued]>
[2025-12-16T19:30:20.031+0530] {taskinstance.py:2865} INFO - Starting attempt 1 of 2
[2025-12-16T19:30:20.053+0530] {taskinstance.py:2888} INFO - Executing <Task(BashOperator): run_spark_consumer> on 2025-12-16 13:00:00+00:00
[2025-12-16T19:30:20.069+0530] {standard_task_runner.py:72} INFO - Started process 24894 to run task
[2025-12-16T19:30:20.083+0530] {standard_task_runner.py:104} INFO - Running: ['airflow', 'tasks', 'run', 'spotify_streaming_pipeline', 'run_spark_consumer', 'scheduled__2025-12-16T13:00:00+00:00', '--job-id', '71', '--raw', '--subdir', 'DAGS_FOLDER/spotify_streaming_dag.py', '--cfg-path', '/tmp/tmpy05orth_']
[2025-12-16T19:30:20.085+0530] {standard_task_runner.py:105} INFO - Job 71: Subtask run_spark_consumer
[2025-12-16T19:30:20.222+0530] {task_command.py:467} INFO - Running <TaskInstance: spotify_streaming_pipeline.run_spark_consumer scheduled__2025-12-16T13:00:00+00:00 [running]> on host sneha-HP-Laptop-15s-eq1xxx
[2025-12-16T19:30:20.350+0530] {taskinstance.py:3131} INFO - Exporting env vars: AIRFLOW_CTX_DAG_OWNER='sneha' AIRFLOW_CTX_DAG_ID='spotify_streaming_pipeline' AIRFLOW_CTX_TASK_ID='run_spark_consumer' AIRFLOW_CTX_EXECUTION_DATE='2025-12-16T13:00:00+00:00' AIRFLOW_CTX_TRY_NUMBER='1' AIRFLOW_CTX_DAG_RUN_ID='scheduled__2025-12-16T13:00:00+00:00'
[2025-12-16T19:30:20.352+0530] {logging_mixin.py:190} INFO - Task instance is in running state
[2025-12-16T19:30:20.353+0530] {logging_mixin.py:190} INFO -  Previous state of the Task instance: queued
[2025-12-16T19:30:20.353+0530] {logging_mixin.py:190} INFO - Current task name:run_spark_consumer state:running start_date:2025-12-16 14:00:20.012128+00:00
[2025-12-16T19:30:20.353+0530] {logging_mixin.py:190} INFO - Dag name:spotify_streaming_pipeline and current dag run status:running
[2025-12-16T19:30:20.354+0530] {taskinstance.py:731} INFO - ::endgroup::
[2025-12-16T19:30:20.355+0530] {subprocess.py:63} INFO - Tmp dir root location: /tmp
[2025-12-16T19:30:20.356+0530] {subprocess.py:75} INFO - Running command: ['/usr/bin/bash', '-c', '\n        spark-submit         /home/sneha/spotify_airflow_project/scripts/spark_consumer_airflow.py\n        ']
[2025-12-16T19:30:20.389+0530] {subprocess.py:86} INFO - Output:
[2025-12-16T19:30:26.776+0530] {subprocess.py:93} INFO - 25/12/16 19:30:26 WARN Utils: Your hostname, sneha-HP-Laptop-15s-eq1xxx resolves to a loopback address: 127.0.1.1; using 192.168.29.11 instead (on interface wlo1)
[2025-12-16T19:30:26.781+0530] {subprocess.py:93} INFO - 25/12/16 19:30:26 WARN Utils: Set SPARK_LOCAL_IP if you need to bind to another address
[2025-12-16T19:30:34.964+0530] {subprocess.py:93} INFO - 25/12/16 19:30:34 INFO SparkContext: Running Spark version 3.4.4
[2025-12-16T19:30:35.233+0530] {subprocess.py:93} INFO - 25/12/16 19:30:35 WARN NativeCodeLoader: Unable to load native-hadoop library for your platform... using builtin-java classes where applicable
[2025-12-16T19:30:35.532+0530] {subprocess.py:93} INFO - 25/12/16 19:30:35 INFO ResourceUtils: ==============================================================
[2025-12-16T19:30:35.533+0530] {subprocess.py:93} INFO - 25/12/16 19:30:35 INFO ResourceUtils: No custom resources configured for spark.driver.
[2025-12-16T19:30:35.535+0530] {subprocess.py:93} INFO - 25/12/16 19:30:35 INFO ResourceUtils: ==============================================================
[2025-12-16T19:30:35.536+0530] {subprocess.py:93} INFO - 25/12/16 19:30:35 INFO SparkContext: Submitted application: spotify_streaming_airflow
[2025-12-16T19:30:35.615+0530] {subprocess.py:93} INFO - 25/12/16 19:30:35 INFO ResourceProfile: Default ResourceProfile created, executor resources: Map(cores -> name: cores, amount: 1, script: , vendor: , memory -> name: memory, amount: 1024, script: , vendor: , offHeap -> name: offHeap, amount: 0, script: , vendor: ), task resources: Map(cpus -> name: cpus, amount: 1.0)
[2025-12-16T19:30:35.644+0530] {subprocess.py:93} INFO - 25/12/16 19:30:35 INFO ResourceProfile: Limiting resource is cpu
[2025-12-16T19:30:35.647+0530] {subprocess.py:93} INFO - 25/12/16 19:30:35 INFO ResourceProfileManager: Added ResourceProfile id: 0
[2025-12-16T19:30:35.817+0530] {subprocess.py:93} INFO - 25/12/16 19:30:35 INFO SecurityManager: Changing view acls to: sneha
[2025-12-16T19:30:35.817+0530] {subprocess.py:93} INFO - 25/12/16 19:30:35 INFO SecurityManager: Changing modify acls to: sneha
[2025-12-16T19:30:35.820+0530] {subprocess.py:93} INFO - 25/12/16 19:30:35 INFO SecurityManager: Changing view acls groups to:
[2025-12-16T19:30:35.822+0530] {subprocess.py:93} INFO - 25/12/16 19:30:35 INFO SecurityManager: Changing modify acls groups to:
[2025-12-16T19:30:35.824+0530] {subprocess.py:93} INFO - 25/12/16 19:30:35 INFO SecurityManager: SecurityManager: authentication disabled; ui acls disabled; users with view permissions: sneha; groups with view permissions: EMPTY; users with modify permissions: sneha; groups with modify permissions: EMPTY
[2025-12-16T19:30:36.363+0530] {subprocess.py:93} INFO - 25/12/16 19:30:36 INFO Utils: Successfully started service 'sparkDriver' on port 33511.
[2025-12-16T19:30:36.525+0530] {subprocess.py:93} INFO - 25/12/16 19:30:36 INFO SparkEnv: Registering MapOutputTracker
[2025-12-16T19:30:36.727+0530] {subprocess.py:93} INFO - 25/12/16 19:30:36 INFO SparkEnv: Registering BlockManagerMaster
[2025-12-16T19:30:36.852+0530] {subprocess.py:93} INFO - 25/12/16 19:30:36 INFO BlockManagerMasterEndpoint: Using org.apache.spark.storage.DefaultTopologyMapper for getting topology information
[2025-12-16T19:30:36.858+0530] {subprocess.py:93} INFO - 25/12/16 19:30:36 INFO BlockManagerMasterEndpoint: BlockManagerMasterEndpoint up
[2025-12-16T19:30:36.886+0530] {subprocess.py:93} INFO - 25/12/16 19:30:36 INFO SparkEnv: Registering BlockManagerMasterHeartbeat
[2025-12-16T19:30:36.981+0530] {subprocess.py:93} INFO - 25/12/16 19:30:36 INFO DiskBlockManager: Created local directory at /tmp/blockmgr-03c83522-d363-4ff2-8428-8d9de30afa39
[2025-12-16T19:30:37.238+0530] {subprocess.py:93} INFO - 25/12/16 19:30:37 INFO MemoryStore: MemoryStore started with capacity 366.3 MiB
[2025-12-16T19:30:37.305+0530] {subprocess.py:93} INFO - 25/12/16 19:30:37 INFO SparkEnv: Registering OutputCommitCoordinator
[2025-12-16T19:30:37.714+0530] {subprocess.py:93} INFO - 25/12/16 19:30:37 INFO JettyUtils: Start Jetty 0.0.0.0:4040 for SparkUI
[2025-12-16T19:30:37.900+0530] {subprocess.py:93} INFO - 25/12/16 19:30:37 WARN Utils: Service 'SparkUI' could not bind on port 4040. Attempting port 4041.
[2025-12-16T19:30:37.922+0530] {subprocess.py:93} INFO - 25/12/16 19:30:37 INFO Utils: Successfully started service 'SparkUI' on port 4041.
[2025-12-16T19:30:38.161+0530] {subprocess.py:93} INFO - 25/12/16 19:30:38 INFO Executor: Starting executor ID driver on host 192.168.29.11
[2025-12-16T19:30:38.176+0530] {subprocess.py:93} INFO - 25/12/16 19:30:38 INFO Executor: Starting executor with user classpath (userClassPathFirst = false): ''
[2025-12-16T19:30:38.219+0530] {subprocess.py:93} INFO - 25/12/16 19:30:38 INFO Utils: Successfully started service 'org.apache.spark.network.netty.NettyBlockTransferService' on port 38489.
[2025-12-16T19:30:38.220+0530] {subprocess.py:93} INFO - 25/12/16 19:30:38 INFO NettyBlockTransferService: Server created on 192.168.29.11:38489
[2025-12-16T19:30:38.223+0530] {subprocess.py:93} INFO - 25/12/16 19:30:38 INFO BlockManager: Using org.apache.spark.storage.RandomBlockReplicationPolicy for block replication policy
[2025-12-16T19:30:38.235+0530] {subprocess.py:93} INFO - 25/12/16 19:30:38 INFO BlockManagerMaster: Registering BlockManager BlockManagerId(driver, 192.168.29.11, 38489, None)
[2025-12-16T19:30:38.243+0530] {subprocess.py:93} INFO - 25/12/16 19:30:38 INFO BlockManagerMasterEndpoint: Registering block manager 192.168.29.11:38489 with 366.3 MiB RAM, BlockManagerId(driver, 192.168.29.11, 38489, None)
[2025-12-16T19:30:38.248+0530] {subprocess.py:93} INFO - 25/12/16 19:30:38 INFO BlockManagerMaster: Registered BlockManager BlockManagerId(driver, 192.168.29.11, 38489, None)
[2025-12-16T19:30:38.250+0530] {subprocess.py:93} INFO - 25/12/16 19:30:38 INFO BlockManager: Initialized BlockManager: BlockManagerId(driver, 192.168.29.11, 38489, None)
[2025-12-16T19:30:42.573+0530] {subprocess.py:93} INFO - Traceback (most recent call last):
[2025-12-16T19:30:42.574+0530] {subprocess.py:93} INFO -   File "/home/sneha/spotify_airflow_project/scripts/spark_consumer_airflow.py", line 30, in <module>
[2025-12-16T19:30:42.575+0530] {subprocess.py:93} INFO -     .load()
[2025-12-16T19:30:42.575+0530] {subprocess.py:93} INFO -      ^^^^^^
[2025-12-16T19:30:42.575+0530] {subprocess.py:93} INFO -   File "/home/sneha/spark/spark-3.4.4-bin-hadoop3/python/lib/pyspark.zip/pyspark/sql/streaming/readwriter.py", line 277, in load
[2025-12-16T19:30:42.576+0530] {subprocess.py:93} INFO -   File "/home/sneha/spark/spark-3.4.4-bin-hadoop3/python/lib/py4j-0.10.9.7-src.zip/py4j/java_gateway.py", line 1322, in __call__
[2025-12-16T19:30:42.577+0530] {subprocess.py:93} INFO -   File "/home/sneha/spark/spark-3.4.4-bin-hadoop3/python/lib/pyspark.zip/pyspark/errors/exceptions/captured.py", line 175, in deco
[2025-12-16T19:30:42.606+0530] {subprocess.py:93} INFO - pyspark.errors.exceptions.captured.AnalysisException: Failed to find data source: kafka. Please deploy the application as per the deployment section of Structured Streaming + Kafka Integration Guide.
[2025-12-16T19:30:42.975+0530] {subprocess.py:97} INFO - Command exited with return code 1
[2025-12-16T19:30:42.989+0530] {taskinstance.py:3310} ERROR - Task failed with exception
Traceback (most recent call last):
  File "/home/sneha/spotify_airflow_project/venv/lib/python3.12/site-packages/airflow/models/taskinstance.py", line 767, in _execute_task
    result = _execute_callable(context=context, **execute_callable_kwargs)
             ^^^^^^^^^^^^^^^^^^^^^^^^^^^^^^^^^^^^^^^^^^^^^^^^^^^^^^^^^^^^^
  File "/home/sneha/spotify_airflow_project/venv/lib/python3.12/site-packages/airflow/models/taskinstance.py", line 733, in _execute_callable
    return ExecutionCallableRunner(
           ^^^^^^^^^^^^^^^^^^^^^^^^
  File "/home/sneha/spotify_airflow_project/venv/lib/python3.12/site-packages/airflow/utils/operator_helpers.py", line 252, in run
    return self.func(*args, **kwargs)
           ^^^^^^^^^^^^^^^^^^^^^^^^^^
  File "/home/sneha/spotify_airflow_project/venv/lib/python3.12/site-packages/airflow/models/baseoperator.py", line 406, in wrapper
    return func(self, *args, **kwargs)
           ^^^^^^^^^^^^^^^^^^^^^^^^^^^
  File "/home/sneha/spotify_airflow_project/venv/lib/python3.12/site-packages/airflow/operators/bash.py", line 249, in execute
    raise AirflowException(
airflow.exceptions.AirflowException: Bash command failed. The command returned a non-zero exit code 1.
[2025-12-16T19:30:43.007+0530] {logging_mixin.py:190} INFO - Task instance in failure state
[2025-12-16T19:30:43.007+0530] {logging_mixin.py:190} INFO - Task start:2025-12-16 14:00:20.012128+00:00 end:2025-12-16 14:00:43.005768+00:00 duration:22.99364
[2025-12-16T19:30:43.008+0530] {logging_mixin.py:190} INFO - Task:<Task(BashOperator): run_spark_consumer> dag:<DAG: spotify_streaming_pipeline> dagrun:<DagRun spotify_streaming_pipeline @ 2025-12-16 13:00:00+00:00: scheduled__2025-12-16T13:00:00+00:00, state:running, queued_at: 2025-12-16 14:00:01.863387+00:00. externally triggered: False>
[2025-12-16T19:30:43.008+0530] {logging_mixin.py:190} INFO - Failure caused by Bash command failed. The command returned a non-zero exit code 1.
[2025-12-16T19:30:43.009+0530] {taskinstance.py:1225} INFO - Marking task as UP_FOR_RETRY. dag_id=spotify_streaming_pipeline, task_id=run_spark_consumer, run_id=scheduled__2025-12-16T13:00:00+00:00, execution_date=20251216T130000, start_date=20251216T140020, end_date=20251216T140043
[2025-12-16T19:30:43.038+0530] {taskinstance.py:340} INFO - ::group::Post task execution logs
[2025-12-16T19:30:43.039+0530] {standard_task_runner.py:124} ERROR - Failed to execute job 71 for task run_spark_consumer (Bash command failed. The command returned a non-zero exit code 1.; 24894)
Traceback (most recent call last):
  File "/home/sneha/spotify_airflow_project/venv/lib/python3.12/site-packages/airflow/task/task_runner/standard_task_runner.py", line 117, in _start_by_fork
    ret = args.func(args, dag=self.dag)
          ^^^^^^^^^^^^^^^^^^^^^^^^^^^^^
  File "/home/sneha/spotify_airflow_project/venv/lib/python3.12/site-packages/airflow/cli/cli_config.py", line 49, in command
    return func(*args, **kwargs)
           ^^^^^^^^^^^^^^^^^^^^^
  File "/home/sneha/spotify_airflow_project/venv/lib/python3.12/site-packages/airflow/utils/cli.py", line 115, in wrapper
    return f(*args, **kwargs)
           ^^^^^^^^^^^^^^^^^^
  File "/home/sneha/spotify_airflow_project/venv/lib/python3.12/site-packages/airflow/cli/commands/task_command.py", line 483, in task_run
    task_return_code = _run_task_by_selected_method(args, _dag, ti)
                       ^^^^^^^^^^^^^^^^^^^^^^^^^^^^^^^^^^^^^^^^^^^^
  File "/home/sneha/spotify_airflow_project/venv/lib/python3.12/site-packages/airflow/cli/commands/task_command.py", line 256, in _run_task_by_selected_method
    return _run_raw_task(args, ti)
           ^^^^^^^^^^^^^^^^^^^^^^^
  File "/home/sneha/spotify_airflow_project/venv/lib/python3.12/site-packages/airflow/cli/commands/task_command.py", line 341, in _run_raw_task
    return ti._run_raw_task(
           ^^^^^^^^^^^^^^^^^
  File "/home/sneha/spotify_airflow_project/venv/lib/python3.12/site-packages/airflow/utils/session.py", line 97, in wrapper
    return func(*args, session=session, **kwargs)
           ^^^^^^^^^^^^^^^^^^^^^^^^^^^^^^^^^^^^^^
  File "/home/sneha/spotify_airflow_project/venv/lib/python3.12/site-packages/airflow/models/taskinstance.py", line 3004, in _run_raw_task
    return _run_raw_task(
           ^^^^^^^^^^^^^^
  File "/home/sneha/spotify_airflow_project/venv/lib/python3.12/site-packages/airflow/models/taskinstance.py", line 273, in _run_raw_task
    TaskInstance._execute_task_with_callbacks(
  File "/home/sneha/spotify_airflow_project/venv/lib/python3.12/site-packages/airflow/models/taskinstance.py", line 3158, in _execute_task_with_callbacks
    result = self._execute_task(context, task_orig)
             ^^^^^^^^^^^^^^^^^^^^^^^^^^^^^^^^^^^^^^
  File "/home/sneha/spotify_airflow_project/venv/lib/python3.12/site-packages/airflow/models/taskinstance.py", line 3182, in _execute_task
    return _execute_task(self, context, task_orig)
           ^^^^^^^^^^^^^^^^^^^^^^^^^^^^^^^^^^^^^^^
  File "/home/sneha/spotify_airflow_project/venv/lib/python3.12/site-packages/airflow/models/taskinstance.py", line 767, in _execute_task
    result = _execute_callable(context=context, **execute_callable_kwargs)
             ^^^^^^^^^^^^^^^^^^^^^^^^^^^^^^^^^^^^^^^^^^^^^^^^^^^^^^^^^^^^^
  File "/home/sneha/spotify_airflow_project/venv/lib/python3.12/site-packages/airflow/models/taskinstance.py", line 733, in _execute_callable
    return ExecutionCallableRunner(
           ^^^^^^^^^^^^^^^^^^^^^^^^
  File "/home/sneha/spotify_airflow_project/venv/lib/python3.12/site-packages/airflow/utils/operator_helpers.py", line 252, in run
    return self.func(*args, **kwargs)
           ^^^^^^^^^^^^^^^^^^^^^^^^^^
  File "/home/sneha/spotify_airflow_project/venv/lib/python3.12/site-packages/airflow/models/baseoperator.py", line 406, in wrapper
    return func(self, *args, **kwargs)
           ^^^^^^^^^^^^^^^^^^^^^^^^^^^
  File "/home/sneha/spotify_airflow_project/venv/lib/python3.12/site-packages/airflow/operators/bash.py", line 249, in execute
    raise AirflowException(
airflow.exceptions.AirflowException: Bash command failed. The command returned a non-zero exit code 1.
[2025-12-16T19:30:43.062+0530] {local_task_job_runner.py:266} INFO - Task exited with return code 1
[2025-12-16T19:30:43.086+0530] {taskinstance.py:3900} INFO - 0 downstream tasks scheduled from follow-on schedule check
[2025-12-16T19:30:43.088+0530] {local_task_job_runner.py:245} INFO - ::endgroup::
