[2026-01-07T11:47:38.264+0530] {processor.py:186} INFO - Started process (PID=7474) to work on /home/sneha/spotify_astro_project/venv/lib/python3.12/site-packages/airflow/example_dags/example_latest_only.py
[2026-01-07T11:47:38.265+0530] {processor.py:914} INFO - Processing file /home/sneha/spotify_astro_project/venv/lib/python3.12/site-packages/airflow/example_dags/example_latest_only.py for tasks to queue
[2026-01-07T11:47:38.268+0530] {logging_mixin.py:190} INFO - [2026-01-07T11:47:38.266+0530] {dagbag.py:588} INFO - Filling up the DagBag from /home/sneha/spotify_astro_project/venv/lib/python3.12/site-packages/airflow/example_dags/example_latest_only.py
[2026-01-07T11:47:38.274+0530] {processor.py:925} INFO - DAG(s) 'latest_only' retrieved from /home/sneha/spotify_astro_project/venv/lib/python3.12/site-packages/airflow/example_dags/example_latest_only.py
[2026-01-07T11:47:38.382+0530] {logging_mixin.py:190} INFO - [2026-01-07T11:47:38.381+0530] {dag.py:3239} INFO - Sync 1 DAGs
[2026-01-07T11:47:38.402+0530] {logging_mixin.py:190} INFO - [2026-01-07T11:47:38.402+0530] {dag.py:4180} INFO - Setting next_dagrun for latest_only to 2026-01-07 00:00:00+00:00, run_after=2026-01-07 04:00:00+00:00
[2026-01-07T11:47:38.426+0530] {processor.py:208} INFO - Processing /home/sneha/spotify_astro_project/venv/lib/python3.12/site-packages/airflow/example_dags/example_latest_only.py took 0.168 seconds
[2026-01-07T11:48:44.089+0530] {processor.py:186} INFO - Started process (PID=7945) to work on /home/sneha/spotify_astro_project/venv/lib/python3.12/site-packages/airflow/example_dags/example_latest_only.py
[2026-01-07T11:48:44.100+0530] {processor.py:914} INFO - Processing file /home/sneha/spotify_astro_project/venv/lib/python3.12/site-packages/airflow/example_dags/example_latest_only.py for tasks to queue
[2026-01-07T11:48:44.102+0530] {logging_mixin.py:190} INFO - [2026-01-07T11:48:44.101+0530] {dagbag.py:588} INFO - Filling up the DagBag from /home/sneha/spotify_astro_project/venv/lib/python3.12/site-packages/airflow/example_dags/example_latest_only.py
[2026-01-07T11:48:44.110+0530] {processor.py:925} INFO - DAG(s) 'latest_only' retrieved from /home/sneha/spotify_astro_project/venv/lib/python3.12/site-packages/airflow/example_dags/example_latest_only.py
[2026-01-07T11:48:44.127+0530] {logging_mixin.py:190} INFO - [2026-01-07T11:48:44.126+0530] {dag.py:3239} INFO - Sync 1 DAGs
[2026-01-07T11:48:44.145+0530] {logging_mixin.py:190} INFO - [2026-01-07T11:48:44.145+0530] {dag.py:4180} INFO - Setting next_dagrun for latest_only to 2026-01-07 00:00:00+00:00, run_after=2026-01-07 04:00:00+00:00
[2026-01-07T11:48:44.164+0530] {processor.py:208} INFO - Processing /home/sneha/spotify_astro_project/venv/lib/python3.12/site-packages/airflow/example_dags/example_latest_only.py took 0.087 seconds
[2026-01-07T11:49:44.873+0530] {processor.py:186} INFO - Started process (PID=8365) to work on /home/sneha/spotify_astro_project/venv/lib/python3.12/site-packages/airflow/example_dags/example_latest_only.py
[2026-01-07T11:49:44.874+0530] {processor.py:914} INFO - Processing file /home/sneha/spotify_astro_project/venv/lib/python3.12/site-packages/airflow/example_dags/example_latest_only.py for tasks to queue
[2026-01-07T11:49:44.876+0530] {logging_mixin.py:190} INFO - [2026-01-07T11:49:44.876+0530] {dagbag.py:588} INFO - Filling up the DagBag from /home/sneha/spotify_astro_project/venv/lib/python3.12/site-packages/airflow/example_dags/example_latest_only.py
[2026-01-07T11:49:44.883+0530] {processor.py:925} INFO - DAG(s) 'latest_only' retrieved from /home/sneha/spotify_astro_project/venv/lib/python3.12/site-packages/airflow/example_dags/example_latest_only.py
[2026-01-07T11:49:44.899+0530] {logging_mixin.py:190} INFO - [2026-01-07T11:49:44.898+0530] {dag.py:3239} INFO - Sync 1 DAGs
[2026-01-07T11:49:44.916+0530] {logging_mixin.py:190} INFO - [2026-01-07T11:49:44.916+0530] {dag.py:4180} INFO - Setting next_dagrun for latest_only to 2026-01-07 00:00:00+00:00, run_after=2026-01-07 04:00:00+00:00
[2026-01-07T11:49:45.061+0530] {processor.py:208} INFO - Processing /home/sneha/spotify_astro_project/venv/lib/python3.12/site-packages/airflow/example_dags/example_latest_only.py took 0.196 seconds
[2026-01-07T11:51:02.345+0530] {processor.py:186} INFO - Started process (PID=8999) to work on /home/sneha/spotify_astro_project/venv/lib/python3.12/site-packages/airflow/example_dags/example_latest_only.py
[2026-01-07T11:51:02.347+0530] {processor.py:914} INFO - Processing file /home/sneha/spotify_astro_project/venv/lib/python3.12/site-packages/airflow/example_dags/example_latest_only.py for tasks to queue
[2026-01-07T11:51:02.348+0530] {logging_mixin.py:190} INFO - [2026-01-07T11:51:02.348+0530] {dagbag.py:588} INFO - Filling up the DagBag from /home/sneha/spotify_astro_project/venv/lib/python3.12/site-packages/airflow/example_dags/example_latest_only.py
[2026-01-07T11:51:02.355+0530] {processor.py:925} INFO - DAG(s) 'latest_only' retrieved from /home/sneha/spotify_astro_project/venv/lib/python3.12/site-packages/airflow/example_dags/example_latest_only.py
[2026-01-07T11:51:02.371+0530] {logging_mixin.py:190} INFO - [2026-01-07T11:51:02.371+0530] {dag.py:3239} INFO - Sync 1 DAGs
[2026-01-07T11:51:02.389+0530] {logging_mixin.py:190} INFO - [2026-01-07T11:51:02.389+0530] {dag.py:4180} INFO - Setting next_dagrun for latest_only to 2026-01-07 00:00:00+00:00, run_after=2026-01-07 04:00:00+00:00
[2026-01-07T11:51:02.408+0530] {processor.py:208} INFO - Processing /home/sneha/spotify_astro_project/venv/lib/python3.12/site-packages/airflow/example_dags/example_latest_only.py took 0.076 seconds
[2026-01-07T11:57:48.791+0530] {processor.py:186} INFO - Started process (PID=17092) to work on /home/sneha/spotify_airflow_project/venv/lib/python3.12/site-packages/airflow/example_dags/example_latest_only.py
[2026-01-07T11:57:48.792+0530] {processor.py:914} INFO - Processing file /home/sneha/spotify_airflow_project/venv/lib/python3.12/site-packages/airflow/example_dags/example_latest_only.py for tasks to queue
[2026-01-07T11:57:48.794+0530] {logging_mixin.py:190} INFO - [2026-01-07T11:57:48.794+0530] {dagbag.py:588} INFO - Filling up the DagBag from /home/sneha/spotify_airflow_project/venv/lib/python3.12/site-packages/airflow/example_dags/example_latest_only.py
[2026-01-07T11:57:48.801+0530] {processor.py:925} INFO - DAG(s) 'latest_only' retrieved from /home/sneha/spotify_airflow_project/venv/lib/python3.12/site-packages/airflow/example_dags/example_latest_only.py
[2026-01-07T11:57:48.914+0530] {logging_mixin.py:190} INFO - [2026-01-07T11:57:48.914+0530] {dag.py:3239} INFO - Sync 1 DAGs
[2026-01-07T11:57:48.931+0530] {logging_mixin.py:190} INFO - [2026-01-07T11:57:48.931+0530] {dag.py:4180} INFO - Setting next_dagrun for latest_only to 2026-01-07 00:00:00+00:00, run_after=2026-01-07 04:00:00+00:00
[2026-01-07T11:57:48.952+0530] {processor.py:208} INFO - Processing /home/sneha/spotify_airflow_project/venv/lib/python3.12/site-packages/airflow/example_dags/example_latest_only.py took 0.167 seconds
[2026-01-07T11:58:47.994+0530] {processor.py:186} INFO - Started process (PID=17230) to work on /home/sneha/spotify_airflow_project/venv/lib/python3.12/site-packages/airflow/example_dags/example_latest_only.py
[2026-01-07T11:58:48.005+0530] {processor.py:914} INFO - Processing file /home/sneha/spotify_airflow_project/venv/lib/python3.12/site-packages/airflow/example_dags/example_latest_only.py for tasks to queue
[2026-01-07T11:58:48.007+0530] {logging_mixin.py:190} INFO - [2026-01-07T11:58:48.006+0530] {dagbag.py:588} INFO - Filling up the DagBag from /home/sneha/spotify_airflow_project/venv/lib/python3.12/site-packages/airflow/example_dags/example_latest_only.py
[2026-01-07T11:58:48.014+0530] {processor.py:925} INFO - DAG(s) 'latest_only' retrieved from /home/sneha/spotify_airflow_project/venv/lib/python3.12/site-packages/airflow/example_dags/example_latest_only.py
[2026-01-07T11:58:48.030+0530] {logging_mixin.py:190} INFO - [2026-01-07T11:58:48.030+0530] {dag.py:3239} INFO - Sync 1 DAGs
[2026-01-07T11:58:48.047+0530] {logging_mixin.py:190} INFO - [2026-01-07T11:58:48.047+0530] {dag.py:4180} INFO - Setting next_dagrun for latest_only to 2026-01-07 00:00:00+00:00, run_after=2026-01-07 04:00:00+00:00
[2026-01-07T11:58:48.067+0530] {processor.py:208} INFO - Processing /home/sneha/spotify_airflow_project/venv/lib/python3.12/site-packages/airflow/example_dags/example_latest_only.py took 0.080 seconds
[2026-01-07T11:59:44.150+0530] {processor.py:186} INFO - Started process (PID=17291) to work on /home/sneha/spotify_airflow_project/venv/lib/python3.12/site-packages/airflow/example_dags/example_latest_only.py
[2026-01-07T11:59:44.151+0530] {processor.py:914} INFO - Processing file /home/sneha/spotify_airflow_project/venv/lib/python3.12/site-packages/airflow/example_dags/example_latest_only.py for tasks to queue
[2026-01-07T11:59:44.152+0530] {logging_mixin.py:190} INFO - [2026-01-07T11:59:44.152+0530] {dagbag.py:588} INFO - Filling up the DagBag from /home/sneha/spotify_airflow_project/venv/lib/python3.12/site-packages/airflow/example_dags/example_latest_only.py
[2026-01-07T11:59:44.158+0530] {processor.py:925} INFO - DAG(s) 'latest_only' retrieved from /home/sneha/spotify_airflow_project/venv/lib/python3.12/site-packages/airflow/example_dags/example_latest_only.py
[2026-01-07T11:59:44.174+0530] {logging_mixin.py:190} INFO - [2026-01-07T11:59:44.174+0530] {dag.py:3239} INFO - Sync 1 DAGs
[2026-01-07T11:59:44.192+0530] {logging_mixin.py:190} INFO - [2026-01-07T11:59:44.192+0530] {dag.py:4180} INFO - Setting next_dagrun for latest_only to 2026-01-07 00:00:00+00:00, run_after=2026-01-07 04:00:00+00:00
[2026-01-07T11:59:44.212+0530] {processor.py:208} INFO - Processing /home/sneha/spotify_airflow_project/venv/lib/python3.12/site-packages/airflow/example_dags/example_latest_only.py took 0.073 seconds
[2026-01-07T12:00:52.034+0530] {processor.py:186} INFO - Started process (PID=17433) to work on /home/sneha/spotify_airflow_project/venv/lib/python3.12/site-packages/airflow/example_dags/example_latest_only.py
[2026-01-07T12:00:52.035+0530] {processor.py:914} INFO - Processing file /home/sneha/spotify_airflow_project/venv/lib/python3.12/site-packages/airflow/example_dags/example_latest_only.py for tasks to queue
[2026-01-07T12:00:52.036+0530] {logging_mixin.py:190} INFO - [2026-01-07T12:00:52.036+0530] {dagbag.py:588} INFO - Filling up the DagBag from /home/sneha/spotify_airflow_project/venv/lib/python3.12/site-packages/airflow/example_dags/example_latest_only.py
[2026-01-07T12:00:52.180+0530] {processor.py:925} INFO - DAG(s) 'latest_only' retrieved from /home/sneha/spotify_airflow_project/venv/lib/python3.12/site-packages/airflow/example_dags/example_latest_only.py
[2026-01-07T12:00:52.191+0530] {logging_mixin.py:190} INFO - [2026-01-07T12:00:52.191+0530] {dag.py:3239} INFO - Sync 1 DAGs
[2026-01-07T12:00:52.206+0530] {logging_mixin.py:190} INFO - [2026-01-07T12:00:52.205+0530] {dag.py:4180} INFO - Setting next_dagrun for latest_only to 2026-01-07 00:00:00+00:00, run_after=2026-01-07 04:00:00+00:00
[2026-01-07T12:00:52.222+0530] {processor.py:208} INFO - Processing /home/sneha/spotify_airflow_project/venv/lib/python3.12/site-packages/airflow/example_dags/example_latest_only.py took 0.199 seconds
[2026-01-07T12:01:50.474+0530] {processor.py:186} INFO - Started process (PID=17613) to work on /home/sneha/spotify_airflow_project/venv/lib/python3.12/site-packages/airflow/example_dags/example_latest_only.py
[2026-01-07T12:01:50.475+0530] {processor.py:914} INFO - Processing file /home/sneha/spotify_airflow_project/venv/lib/python3.12/site-packages/airflow/example_dags/example_latest_only.py for tasks to queue
[2026-01-07T12:01:50.477+0530] {logging_mixin.py:190} INFO - [2026-01-07T12:01:50.476+0530] {dagbag.py:588} INFO - Filling up the DagBag from /home/sneha/spotify_airflow_project/venv/lib/python3.12/site-packages/airflow/example_dags/example_latest_only.py
[2026-01-07T12:01:50.483+0530] {processor.py:925} INFO - DAG(s) 'latest_only' retrieved from /home/sneha/spotify_airflow_project/venv/lib/python3.12/site-packages/airflow/example_dags/example_latest_only.py
[2026-01-07T12:01:50.500+0530] {logging_mixin.py:190} INFO - [2026-01-07T12:01:50.500+0530] {dag.py:3239} INFO - Sync 1 DAGs
[2026-01-07T12:01:50.520+0530] {logging_mixin.py:190} INFO - [2026-01-07T12:01:50.520+0530] {dag.py:4180} INFO - Setting next_dagrun for latest_only to 2026-01-07 00:00:00+00:00, run_after=2026-01-07 04:00:00+00:00
[2026-01-07T12:01:50.538+0530] {processor.py:208} INFO - Processing /home/sneha/spotify_airflow_project/venv/lib/python3.12/site-packages/airflow/example_dags/example_latest_only.py took 0.071 seconds
[2026-01-07T12:02:47.936+0530] {processor.py:186} INFO - Started process (PID=17681) to work on /home/sneha/spotify_airflow_project/venv/lib/python3.12/site-packages/airflow/example_dags/example_latest_only.py
[2026-01-07T12:02:47.937+0530] {processor.py:914} INFO - Processing file /home/sneha/spotify_airflow_project/venv/lib/python3.12/site-packages/airflow/example_dags/example_latest_only.py for tasks to queue
[2026-01-07T12:02:47.939+0530] {logging_mixin.py:190} INFO - [2026-01-07T12:02:47.938+0530] {dagbag.py:588} INFO - Filling up the DagBag from /home/sneha/spotify_airflow_project/venv/lib/python3.12/site-packages/airflow/example_dags/example_latest_only.py
[2026-01-07T12:02:47.949+0530] {processor.py:925} INFO - DAG(s) 'latest_only' retrieved from /home/sneha/spotify_airflow_project/venv/lib/python3.12/site-packages/airflow/example_dags/example_latest_only.py
[2026-01-07T12:02:47.972+0530] {logging_mixin.py:190} INFO - [2026-01-07T12:02:47.971+0530] {dag.py:3239} INFO - Sync 1 DAGs
[2026-01-07T12:02:47.997+0530] {logging_mixin.py:190} INFO - [2026-01-07T12:02:47.996+0530] {dag.py:4180} INFO - Setting next_dagrun for latest_only to 2026-01-07 00:00:00+00:00, run_after=2026-01-07 04:00:00+00:00
[2026-01-07T12:02:48.041+0530] {processor.py:208} INFO - Processing /home/sneha/spotify_airflow_project/venv/lib/python3.12/site-packages/airflow/example_dags/example_latest_only.py took 0.115 seconds
[2026-01-07T12:03:44.860+0530] {processor.py:186} INFO - Started process (PID=17742) to work on /home/sneha/spotify_airflow_project/venv/lib/python3.12/site-packages/airflow/example_dags/example_latest_only.py
[2026-01-07T12:03:44.861+0530] {processor.py:914} INFO - Processing file /home/sneha/spotify_airflow_project/venv/lib/python3.12/site-packages/airflow/example_dags/example_latest_only.py for tasks to queue
[2026-01-07T12:03:44.862+0530] {logging_mixin.py:190} INFO - [2026-01-07T12:03:44.861+0530] {dagbag.py:588} INFO - Filling up the DagBag from /home/sneha/spotify_airflow_project/venv/lib/python3.12/site-packages/airflow/example_dags/example_latest_only.py
[2026-01-07T12:03:44.868+0530] {processor.py:925} INFO - DAG(s) 'latest_only' retrieved from /home/sneha/spotify_airflow_project/venv/lib/python3.12/site-packages/airflow/example_dags/example_latest_only.py
[2026-01-07T12:03:44.885+0530] {logging_mixin.py:190} INFO - [2026-01-07T12:03:44.885+0530] {dag.py:3239} INFO - Sync 1 DAGs
[2026-01-07T12:03:44.903+0530] {logging_mixin.py:190} INFO - [2026-01-07T12:03:44.902+0530] {dag.py:4180} INFO - Setting next_dagrun for latest_only to 2026-01-07 00:00:00+00:00, run_after=2026-01-07 04:00:00+00:00
[2026-01-07T12:03:44.921+0530] {processor.py:208} INFO - Processing /home/sneha/spotify_airflow_project/venv/lib/python3.12/site-packages/airflow/example_dags/example_latest_only.py took 0.073 seconds
[2026-01-07T12:04:39.569+0530] {processor.py:186} INFO - Started process (PID=18052) to work on /home/sneha/spotify_airflow_project/venv/lib/python3.12/site-packages/airflow/example_dags/example_latest_only.py
[2026-01-07T12:04:39.570+0530] {processor.py:914} INFO - Processing file /home/sneha/spotify_airflow_project/venv/lib/python3.12/site-packages/airflow/example_dags/example_latest_only.py for tasks to queue
[2026-01-07T12:04:39.571+0530] {logging_mixin.py:190} INFO - [2026-01-07T12:04:39.571+0530] {dagbag.py:588} INFO - Filling up the DagBag from /home/sneha/spotify_airflow_project/venv/lib/python3.12/site-packages/airflow/example_dags/example_latest_only.py
[2026-01-07T12:04:39.577+0530] {processor.py:925} INFO - DAG(s) 'latest_only' retrieved from /home/sneha/spotify_airflow_project/venv/lib/python3.12/site-packages/airflow/example_dags/example_latest_only.py
[2026-01-07T12:04:39.593+0530] {logging_mixin.py:190} INFO - [2026-01-07T12:04:39.593+0530] {dag.py:3239} INFO - Sync 1 DAGs
[2026-01-07T12:04:39.611+0530] {logging_mixin.py:190} INFO - [2026-01-07T12:04:39.611+0530] {dag.py:4180} INFO - Setting next_dagrun for latest_only to 2026-01-07 00:00:00+00:00, run_after=2026-01-07 04:00:00+00:00
[2026-01-07T12:04:39.628+0530] {processor.py:208} INFO - Processing /home/sneha/spotify_airflow_project/venv/lib/python3.12/site-packages/airflow/example_dags/example_latest_only.py took 0.070 seconds
[2026-01-07T12:05:34.073+0530] {processor.py:186} INFO - Started process (PID=18145) to work on /home/sneha/spotify_airflow_project/venv/lib/python3.12/site-packages/airflow/example_dags/example_latest_only.py
[2026-01-07T12:05:34.074+0530] {processor.py:914} INFO - Processing file /home/sneha/spotify_airflow_project/venv/lib/python3.12/site-packages/airflow/example_dags/example_latest_only.py for tasks to queue
[2026-01-07T12:05:34.076+0530] {logging_mixin.py:190} INFO - [2026-01-07T12:05:34.075+0530] {dagbag.py:588} INFO - Filling up the DagBag from /home/sneha/spotify_airflow_project/venv/lib/python3.12/site-packages/airflow/example_dags/example_latest_only.py
[2026-01-07T12:05:34.082+0530] {processor.py:925} INFO - DAG(s) 'latest_only' retrieved from /home/sneha/spotify_airflow_project/venv/lib/python3.12/site-packages/airflow/example_dags/example_latest_only.py
[2026-01-07T12:05:34.098+0530] {logging_mixin.py:190} INFO - [2026-01-07T12:05:34.098+0530] {dag.py:3239} INFO - Sync 1 DAGs
[2026-01-07T12:05:34.116+0530] {logging_mixin.py:190} INFO - [2026-01-07T12:05:34.116+0530] {dag.py:4180} INFO - Setting next_dagrun for latest_only to 2026-01-07 00:00:00+00:00, run_after=2026-01-07 04:00:00+00:00
[2026-01-07T12:05:34.135+0530] {processor.py:208} INFO - Processing /home/sneha/spotify_airflow_project/venv/lib/python3.12/site-packages/airflow/example_dags/example_latest_only.py took 0.073 seconds
[2026-01-07T12:06:27.338+0530] {processor.py:186} INFO - Started process (PID=18205) to work on /home/sneha/spotify_airflow_project/venv/lib/python3.12/site-packages/airflow/example_dags/example_latest_only.py
[2026-01-07T12:06:27.339+0530] {processor.py:914} INFO - Processing file /home/sneha/spotify_airflow_project/venv/lib/python3.12/site-packages/airflow/example_dags/example_latest_only.py for tasks to queue
[2026-01-07T12:06:27.341+0530] {logging_mixin.py:190} INFO - [2026-01-07T12:06:27.341+0530] {dagbag.py:588} INFO - Filling up the DagBag from /home/sneha/spotify_airflow_project/venv/lib/python3.12/site-packages/airflow/example_dags/example_latest_only.py
[2026-01-07T12:06:27.347+0530] {processor.py:925} INFO - DAG(s) 'latest_only' retrieved from /home/sneha/spotify_airflow_project/venv/lib/python3.12/site-packages/airflow/example_dags/example_latest_only.py
[2026-01-07T12:06:27.364+0530] {logging_mixin.py:190} INFO - [2026-01-07T12:06:27.364+0530] {dag.py:3239} INFO - Sync 1 DAGs
[2026-01-07T12:06:27.382+0530] {logging_mixin.py:190} INFO - [2026-01-07T12:06:27.382+0530] {dag.py:4180} INFO - Setting next_dagrun for latest_only to 2026-01-07 00:00:00+00:00, run_after=2026-01-07 04:00:00+00:00
[2026-01-07T12:06:27.400+0530] {processor.py:208} INFO - Processing /home/sneha/spotify_airflow_project/venv/lib/python3.12/site-packages/airflow/example_dags/example_latest_only.py took 0.074 seconds
[2026-01-07T12:07:23.757+0530] {processor.py:186} INFO - Started process (PID=18263) to work on /home/sneha/spotify_airflow_project/venv/lib/python3.12/site-packages/airflow/example_dags/example_latest_only.py
[2026-01-07T12:07:23.768+0530] {processor.py:914} INFO - Processing file /home/sneha/spotify_airflow_project/venv/lib/python3.12/site-packages/airflow/example_dags/example_latest_only.py for tasks to queue
[2026-01-07T12:07:23.769+0530] {logging_mixin.py:190} INFO - [2026-01-07T12:07:23.769+0530] {dagbag.py:588} INFO - Filling up the DagBag from /home/sneha/spotify_airflow_project/venv/lib/python3.12/site-packages/airflow/example_dags/example_latest_only.py
[2026-01-07T12:07:23.777+0530] {processor.py:925} INFO - DAG(s) 'latest_only' retrieved from /home/sneha/spotify_airflow_project/venv/lib/python3.12/site-packages/airflow/example_dags/example_latest_only.py
[2026-01-07T12:07:23.794+0530] {logging_mixin.py:190} INFO - [2026-01-07T12:07:23.793+0530] {dag.py:3239} INFO - Sync 1 DAGs
[2026-01-07T12:07:23.812+0530] {logging_mixin.py:190} INFO - [2026-01-07T12:07:23.812+0530] {dag.py:4180} INFO - Setting next_dagrun for latest_only to 2026-01-07 00:00:00+00:00, run_after=2026-01-07 04:00:00+00:00
[2026-01-07T12:07:23.830+0530] {processor.py:208} INFO - Processing /home/sneha/spotify_airflow_project/venv/lib/python3.12/site-packages/airflow/example_dags/example_latest_only.py took 0.084 seconds
[2026-01-07T12:08:15.622+0530] {processor.py:186} INFO - Started process (PID=18318) to work on /home/sneha/spotify_airflow_project/venv/lib/python3.12/site-packages/airflow/example_dags/example_latest_only.py
[2026-01-07T12:08:15.622+0530] {processor.py:914} INFO - Processing file /home/sneha/spotify_airflow_project/venv/lib/python3.12/site-packages/airflow/example_dags/example_latest_only.py for tasks to queue
[2026-01-07T12:08:15.624+0530] {logging_mixin.py:190} INFO - [2026-01-07T12:08:15.623+0530] {dagbag.py:588} INFO - Filling up the DagBag from /home/sneha/spotify_airflow_project/venv/lib/python3.12/site-packages/airflow/example_dags/example_latest_only.py
[2026-01-07T12:08:15.630+0530] {processor.py:925} INFO - DAG(s) 'latest_only' retrieved from /home/sneha/spotify_airflow_project/venv/lib/python3.12/site-packages/airflow/example_dags/example_latest_only.py
[2026-01-07T12:08:15.646+0530] {logging_mixin.py:190} INFO - [2026-01-07T12:08:15.646+0530] {dag.py:3239} INFO - Sync 1 DAGs
[2026-01-07T12:08:15.664+0530] {logging_mixin.py:190} INFO - [2026-01-07T12:08:15.664+0530] {dag.py:4180} INFO - Setting next_dagrun for latest_only to 2026-01-07 00:00:00+00:00, run_after=2026-01-07 04:00:00+00:00
[2026-01-07T12:08:15.683+0530] {processor.py:208} INFO - Processing /home/sneha/spotify_airflow_project/venv/lib/python3.12/site-packages/airflow/example_dags/example_latest_only.py took 0.071 seconds
[2026-01-07T12:09:07.789+0530] {processor.py:186} INFO - Started process (PID=18376) to work on /home/sneha/spotify_airflow_project/venv/lib/python3.12/site-packages/airflow/example_dags/example_latest_only.py
[2026-01-07T12:09:07.790+0530] {processor.py:914} INFO - Processing file /home/sneha/spotify_airflow_project/venv/lib/python3.12/site-packages/airflow/example_dags/example_latest_only.py for tasks to queue
[2026-01-07T12:09:07.791+0530] {logging_mixin.py:190} INFO - [2026-01-07T12:09:07.791+0530] {dagbag.py:588} INFO - Filling up the DagBag from /home/sneha/spotify_airflow_project/venv/lib/python3.12/site-packages/airflow/example_dags/example_latest_only.py
[2026-01-07T12:09:07.797+0530] {processor.py:925} INFO - DAG(s) 'latest_only' retrieved from /home/sneha/spotify_airflow_project/venv/lib/python3.12/site-packages/airflow/example_dags/example_latest_only.py
[2026-01-07T12:09:07.814+0530] {logging_mixin.py:190} INFO - [2026-01-07T12:09:07.814+0530] {dag.py:3239} INFO - Sync 1 DAGs
[2026-01-07T12:09:07.832+0530] {logging_mixin.py:190} INFO - [2026-01-07T12:09:07.831+0530] {dag.py:4180} INFO - Setting next_dagrun for latest_only to 2026-01-07 00:00:00+00:00, run_after=2026-01-07 04:00:00+00:00
[2026-01-07T12:09:07.849+0530] {processor.py:208} INFO - Processing /home/sneha/spotify_airflow_project/venv/lib/python3.12/site-packages/airflow/example_dags/example_latest_only.py took 0.072 seconds
[2026-01-07T12:09:59.625+0530] {processor.py:186} INFO - Started process (PID=18472) to work on /home/sneha/spotify_airflow_project/venv/lib/python3.12/site-packages/airflow/example_dags/example_latest_only.py
[2026-01-07T12:09:59.626+0530] {processor.py:914} INFO - Processing file /home/sneha/spotify_airflow_project/venv/lib/python3.12/site-packages/airflow/example_dags/example_latest_only.py for tasks to queue
[2026-01-07T12:09:59.628+0530] {logging_mixin.py:190} INFO - [2026-01-07T12:09:59.627+0530] {dagbag.py:588} INFO - Filling up the DagBag from /home/sneha/spotify_airflow_project/venv/lib/python3.12/site-packages/airflow/example_dags/example_latest_only.py
[2026-01-07T12:09:59.634+0530] {processor.py:925} INFO - DAG(s) 'latest_only' retrieved from /home/sneha/spotify_airflow_project/venv/lib/python3.12/site-packages/airflow/example_dags/example_latest_only.py
[2026-01-07T12:09:59.649+0530] {logging_mixin.py:190} INFO - [2026-01-07T12:09:59.649+0530] {dag.py:3239} INFO - Sync 1 DAGs
[2026-01-07T12:09:59.667+0530] {logging_mixin.py:190} INFO - [2026-01-07T12:09:59.667+0530] {dag.py:4180} INFO - Setting next_dagrun for latest_only to 2026-01-07 00:00:00+00:00, run_after=2026-01-07 04:00:00+00:00
[2026-01-07T12:09:59.684+0530] {processor.py:208} INFO - Processing /home/sneha/spotify_airflow_project/venv/lib/python3.12/site-packages/airflow/example_dags/example_latest_only.py took 0.071 seconds
[2026-01-07T12:10:53.692+0530] {processor.py:186} INFO - Started process (PID=18549) to work on /home/sneha/spotify_airflow_project/venv/lib/python3.12/site-packages/airflow/example_dags/example_latest_only.py
[2026-01-07T12:10:53.694+0530] {processor.py:914} INFO - Processing file /home/sneha/spotify_airflow_project/venv/lib/python3.12/site-packages/airflow/example_dags/example_latest_only.py for tasks to queue
[2026-01-07T12:10:53.695+0530] {logging_mixin.py:190} INFO - [2026-01-07T12:10:53.694+0530] {dagbag.py:588} INFO - Filling up the DagBag from /home/sneha/spotify_airflow_project/venv/lib/python3.12/site-packages/airflow/example_dags/example_latest_only.py
[2026-01-07T12:10:53.700+0530] {processor.py:925} INFO - DAG(s) 'latest_only' retrieved from /home/sneha/spotify_airflow_project/venv/lib/python3.12/site-packages/airflow/example_dags/example_latest_only.py
[2026-01-07T12:10:53.715+0530] {logging_mixin.py:190} INFO - [2026-01-07T12:10:53.714+0530] {dag.py:3239} INFO - Sync 1 DAGs
[2026-01-07T12:10:53.731+0530] {logging_mixin.py:190} INFO - [2026-01-07T12:10:53.730+0530] {dag.py:4180} INFO - Setting next_dagrun for latest_only to 2026-01-07 00:00:00+00:00, run_after=2026-01-07 04:00:00+00:00
[2026-01-07T12:10:53.747+0530] {processor.py:208} INFO - Processing /home/sneha/spotify_airflow_project/venv/lib/python3.12/site-packages/airflow/example_dags/example_latest_only.py took 0.065 seconds
[2026-01-07T12:11:45.345+0530] {processor.py:186} INFO - Started process (PID=18606) to work on /home/sneha/spotify_airflow_project/venv/lib/python3.12/site-packages/airflow/example_dags/example_latest_only.py
[2026-01-07T12:11:45.346+0530] {processor.py:914} INFO - Processing file /home/sneha/spotify_airflow_project/venv/lib/python3.12/site-packages/airflow/example_dags/example_latest_only.py for tasks to queue
[2026-01-07T12:11:45.347+0530] {logging_mixin.py:190} INFO - [2026-01-07T12:11:45.347+0530] {dagbag.py:588} INFO - Filling up the DagBag from /home/sneha/spotify_airflow_project/venv/lib/python3.12/site-packages/airflow/example_dags/example_latest_only.py
[2026-01-07T12:11:45.353+0530] {processor.py:925} INFO - DAG(s) 'latest_only' retrieved from /home/sneha/spotify_airflow_project/venv/lib/python3.12/site-packages/airflow/example_dags/example_latest_only.py
[2026-01-07T12:11:45.369+0530] {logging_mixin.py:190} INFO - [2026-01-07T12:11:45.369+0530] {dag.py:3239} INFO - Sync 1 DAGs
[2026-01-07T12:11:45.386+0530] {logging_mixin.py:190} INFO - [2026-01-07T12:11:45.386+0530] {dag.py:4180} INFO - Setting next_dagrun for latest_only to 2026-01-07 00:00:00+00:00, run_after=2026-01-07 04:00:00+00:00
[2026-01-07T12:11:45.403+0530] {processor.py:208} INFO - Processing /home/sneha/spotify_airflow_project/venv/lib/python3.12/site-packages/airflow/example_dags/example_latest_only.py took 0.069 seconds
[2026-01-07T12:12:38.128+0530] {processor.py:186} INFO - Started process (PID=18664) to work on /home/sneha/spotify_airflow_project/venv/lib/python3.12/site-packages/airflow/example_dags/example_latest_only.py
[2026-01-07T12:12:38.139+0530] {processor.py:914} INFO - Processing file /home/sneha/spotify_airflow_project/venv/lib/python3.12/site-packages/airflow/example_dags/example_latest_only.py for tasks to queue
[2026-01-07T12:12:38.141+0530] {logging_mixin.py:190} INFO - [2026-01-07T12:12:38.141+0530] {dagbag.py:588} INFO - Filling up the DagBag from /home/sneha/spotify_airflow_project/venv/lib/python3.12/site-packages/airflow/example_dags/example_latest_only.py
[2026-01-07T12:12:38.148+0530] {processor.py:925} INFO - DAG(s) 'latest_only' retrieved from /home/sneha/spotify_airflow_project/venv/lib/python3.12/site-packages/airflow/example_dags/example_latest_only.py
[2026-01-07T12:12:38.165+0530] {logging_mixin.py:190} INFO - [2026-01-07T12:12:38.164+0530] {dag.py:3239} INFO - Sync 1 DAGs
[2026-01-07T12:12:38.180+0530] {logging_mixin.py:190} INFO - [2026-01-07T12:12:38.180+0530] {dag.py:4180} INFO - Setting next_dagrun for latest_only to 2026-01-07 00:00:00+00:00, run_after=2026-01-07 04:00:00+00:00
[2026-01-07T12:12:38.198+0530] {processor.py:208} INFO - Processing /home/sneha/spotify_airflow_project/venv/lib/python3.12/site-packages/airflow/example_dags/example_latest_only.py took 0.082 seconds
[2026-01-07T12:13:31.872+0530] {processor.py:186} INFO - Started process (PID=18728) to work on /home/sneha/spotify_airflow_project/venv/lib/python3.12/site-packages/airflow/example_dags/example_latest_only.py
[2026-01-07T12:13:31.874+0530] {processor.py:914} INFO - Processing file /home/sneha/spotify_airflow_project/venv/lib/python3.12/site-packages/airflow/example_dags/example_latest_only.py for tasks to queue
[2026-01-07T12:13:31.876+0530] {logging_mixin.py:190} INFO - [2026-01-07T12:13:31.876+0530] {dagbag.py:588} INFO - Filling up the DagBag from /home/sneha/spotify_airflow_project/venv/lib/python3.12/site-packages/airflow/example_dags/example_latest_only.py
[2026-01-07T12:13:31.884+0530] {processor.py:925} INFO - DAG(s) 'latest_only' retrieved from /home/sneha/spotify_airflow_project/venv/lib/python3.12/site-packages/airflow/example_dags/example_latest_only.py
[2026-01-07T12:13:31.899+0530] {logging_mixin.py:190} INFO - [2026-01-07T12:13:31.899+0530] {dag.py:3239} INFO - Sync 1 DAGs
[2026-01-07T12:13:31.915+0530] {logging_mixin.py:190} INFO - [2026-01-07T12:13:31.915+0530] {dag.py:4180} INFO - Setting next_dagrun for latest_only to 2026-01-07 00:00:00+00:00, run_after=2026-01-07 04:00:00+00:00
[2026-01-07T12:13:31.932+0530] {processor.py:208} INFO - Processing /home/sneha/spotify_airflow_project/venv/lib/python3.12/site-packages/airflow/example_dags/example_latest_only.py took 0.071 seconds
[2026-01-07T12:14:26.916+0530] {processor.py:186} INFO - Started process (PID=18894) to work on /home/sneha/spotify_airflow_project/venv/lib/python3.12/site-packages/airflow/example_dags/example_latest_only.py
[2026-01-07T12:14:26.917+0530] {processor.py:914} INFO - Processing file /home/sneha/spotify_airflow_project/venv/lib/python3.12/site-packages/airflow/example_dags/example_latest_only.py for tasks to queue
[2026-01-07T12:14:26.919+0530] {logging_mixin.py:190} INFO - [2026-01-07T12:14:26.918+0530] {dagbag.py:588} INFO - Filling up the DagBag from /home/sneha/spotify_airflow_project/venv/lib/python3.12/site-packages/airflow/example_dags/example_latest_only.py
[2026-01-07T12:14:26.925+0530] {processor.py:925} INFO - DAG(s) 'latest_only' retrieved from /home/sneha/spotify_airflow_project/venv/lib/python3.12/site-packages/airflow/example_dags/example_latest_only.py
[2026-01-07T12:14:26.941+0530] {logging_mixin.py:190} INFO - [2026-01-07T12:14:26.940+0530] {dag.py:3239} INFO - Sync 1 DAGs
[2026-01-07T12:14:26.959+0530] {logging_mixin.py:190} INFO - [2026-01-07T12:14:26.959+0530] {dag.py:4180} INFO - Setting next_dagrun for latest_only to 2026-01-07 00:00:00+00:00, run_after=2026-01-07 04:00:00+00:00
[2026-01-07T12:14:26.981+0530] {processor.py:208} INFO - Processing /home/sneha/spotify_airflow_project/venv/lib/python3.12/site-packages/airflow/example_dags/example_latest_only.py took 0.072 seconds
[2026-01-07T12:15:20.159+0530] {processor.py:186} INFO - Started process (PID=18956) to work on /home/sneha/spotify_airflow_project/venv/lib/python3.12/site-packages/airflow/example_dags/example_latest_only.py
[2026-01-07T12:15:20.161+0530] {processor.py:914} INFO - Processing file /home/sneha/spotify_airflow_project/venv/lib/python3.12/site-packages/airflow/example_dags/example_latest_only.py for tasks to queue
[2026-01-07T12:15:20.162+0530] {logging_mixin.py:190} INFO - [2026-01-07T12:15:20.162+0530] {dagbag.py:588} INFO - Filling up the DagBag from /home/sneha/spotify_airflow_project/venv/lib/python3.12/site-packages/airflow/example_dags/example_latest_only.py
[2026-01-07T12:15:20.169+0530] {processor.py:925} INFO - DAG(s) 'latest_only' retrieved from /home/sneha/spotify_airflow_project/venv/lib/python3.12/site-packages/airflow/example_dags/example_latest_only.py
[2026-01-07T12:15:20.186+0530] {logging_mixin.py:190} INFO - [2026-01-07T12:15:20.185+0530] {dag.py:3239} INFO - Sync 1 DAGs
[2026-01-07T12:15:20.203+0530] {logging_mixin.py:190} INFO - [2026-01-07T12:15:20.203+0530] {dag.py:4180} INFO - Setting next_dagrun for latest_only to 2026-01-07 00:00:00+00:00, run_after=2026-01-07 04:00:00+00:00
[2026-01-07T12:15:20.223+0530] {processor.py:208} INFO - Processing /home/sneha/spotify_airflow_project/venv/lib/python3.12/site-packages/airflow/example_dags/example_latest_only.py took 0.075 seconds
[2026-01-07T12:16:14.514+0530] {processor.py:186} INFO - Started process (PID=19031) to work on /home/sneha/spotify_airflow_project/venv/lib/python3.12/site-packages/airflow/example_dags/example_latest_only.py
[2026-01-07T12:16:14.525+0530] {processor.py:914} INFO - Processing file /home/sneha/spotify_airflow_project/venv/lib/python3.12/site-packages/airflow/example_dags/example_latest_only.py for tasks to queue
[2026-01-07T12:16:14.527+0530] {logging_mixin.py:190} INFO - [2026-01-07T12:16:14.526+0530] {dagbag.py:588} INFO - Filling up the DagBag from /home/sneha/spotify_airflow_project/venv/lib/python3.12/site-packages/airflow/example_dags/example_latest_only.py
[2026-01-07T12:16:14.535+0530] {processor.py:925} INFO - DAG(s) 'latest_only' retrieved from /home/sneha/spotify_airflow_project/venv/lib/python3.12/site-packages/airflow/example_dags/example_latest_only.py
[2026-01-07T12:16:14.552+0530] {logging_mixin.py:190} INFO - [2026-01-07T12:16:14.552+0530] {dag.py:3239} INFO - Sync 1 DAGs
[2026-01-07T12:16:14.571+0530] {logging_mixin.py:190} INFO - [2026-01-07T12:16:14.570+0530] {dag.py:4180} INFO - Setting next_dagrun for latest_only to 2026-01-07 00:00:00+00:00, run_after=2026-01-07 04:00:00+00:00
[2026-01-07T12:16:14.589+0530] {processor.py:208} INFO - Processing /home/sneha/spotify_airflow_project/venv/lib/python3.12/site-packages/airflow/example_dags/example_latest_only.py took 0.087 seconds
[2026-01-07T12:17:11.378+0530] {processor.py:186} INFO - Started process (PID=19095) to work on /home/sneha/spotify_airflow_project/venv/lib/python3.12/site-packages/airflow/example_dags/example_latest_only.py
[2026-01-07T12:17:11.379+0530] {processor.py:914} INFO - Processing file /home/sneha/spotify_airflow_project/venv/lib/python3.12/site-packages/airflow/example_dags/example_latest_only.py for tasks to queue
[2026-01-07T12:17:11.380+0530] {logging_mixin.py:190} INFO - [2026-01-07T12:17:11.380+0530] {dagbag.py:588} INFO - Filling up the DagBag from /home/sneha/spotify_airflow_project/venv/lib/python3.12/site-packages/airflow/example_dags/example_latest_only.py
[2026-01-07T12:17:11.386+0530] {processor.py:925} INFO - DAG(s) 'latest_only' retrieved from /home/sneha/spotify_airflow_project/venv/lib/python3.12/site-packages/airflow/example_dags/example_latest_only.py
[2026-01-07T12:17:11.402+0530] {logging_mixin.py:190} INFO - [2026-01-07T12:17:11.402+0530] {dag.py:3239} INFO - Sync 1 DAGs
[2026-01-07T12:17:11.422+0530] {logging_mixin.py:190} INFO - [2026-01-07T12:17:11.421+0530] {dag.py:4180} INFO - Setting next_dagrun for latest_only to 2026-01-07 00:00:00+00:00, run_after=2026-01-07 04:00:00+00:00
[2026-01-07T12:17:11.441+0530] {processor.py:208} INFO - Processing /home/sneha/spotify_airflow_project/venv/lib/python3.12/site-packages/airflow/example_dags/example_latest_only.py took 0.073 seconds
[2026-01-07T12:18:06.248+0530] {processor.py:186} INFO - Started process (PID=19153) to work on /home/sneha/spotify_airflow_project/venv/lib/python3.12/site-packages/airflow/example_dags/example_latest_only.py
[2026-01-07T12:18:06.250+0530] {processor.py:914} INFO - Processing file /home/sneha/spotify_airflow_project/venv/lib/python3.12/site-packages/airflow/example_dags/example_latest_only.py for tasks to queue
[2026-01-07T12:18:06.251+0530] {logging_mixin.py:190} INFO - [2026-01-07T12:18:06.251+0530] {dagbag.py:588} INFO - Filling up the DagBag from /home/sneha/spotify_airflow_project/venv/lib/python3.12/site-packages/airflow/example_dags/example_latest_only.py
[2026-01-07T12:18:06.257+0530] {processor.py:925} INFO - DAG(s) 'latest_only' retrieved from /home/sneha/spotify_airflow_project/venv/lib/python3.12/site-packages/airflow/example_dags/example_latest_only.py
[2026-01-07T12:18:06.274+0530] {logging_mixin.py:190} INFO - [2026-01-07T12:18:06.274+0530] {dag.py:3239} INFO - Sync 1 DAGs
[2026-01-07T12:18:06.293+0530] {logging_mixin.py:190} INFO - [2026-01-07T12:18:06.293+0530] {dag.py:4180} INFO - Setting next_dagrun for latest_only to 2026-01-07 00:00:00+00:00, run_after=2026-01-07 04:00:00+00:00
[2026-01-07T12:18:06.311+0530] {processor.py:208} INFO - Processing /home/sneha/spotify_airflow_project/venv/lib/python3.12/site-packages/airflow/example_dags/example_latest_only.py took 0.075 seconds
[2026-01-07T12:19:02.939+0530] {processor.py:186} INFO - Started process (PID=19248) to work on /home/sneha/spotify_airflow_project/venv/lib/python3.12/site-packages/airflow/example_dags/example_latest_only.py
[2026-01-07T12:19:02.940+0530] {processor.py:914} INFO - Processing file /home/sneha/spotify_airflow_project/venv/lib/python3.12/site-packages/airflow/example_dags/example_latest_only.py for tasks to queue
[2026-01-07T12:19:02.941+0530] {logging_mixin.py:190} INFO - [2026-01-07T12:19:02.941+0530] {dagbag.py:588} INFO - Filling up the DagBag from /home/sneha/spotify_airflow_project/venv/lib/python3.12/site-packages/airflow/example_dags/example_latest_only.py
[2026-01-07T12:19:02.947+0530] {processor.py:925} INFO - DAG(s) 'latest_only' retrieved from /home/sneha/spotify_airflow_project/venv/lib/python3.12/site-packages/airflow/example_dags/example_latest_only.py
[2026-01-07T12:19:02.964+0530] {logging_mixin.py:190} INFO - [2026-01-07T12:19:02.964+0530] {dag.py:3239} INFO - Sync 1 DAGs
[2026-01-07T12:19:02.982+0530] {logging_mixin.py:190} INFO - [2026-01-07T12:19:02.981+0530] {dag.py:4180} INFO - Setting next_dagrun for latest_only to 2026-01-07 00:00:00+00:00, run_after=2026-01-07 04:00:00+00:00
[2026-01-07T12:19:03.000+0530] {processor.py:208} INFO - Processing /home/sneha/spotify_airflow_project/venv/lib/python3.12/site-packages/airflow/example_dags/example_latest_only.py took 0.070 seconds
[2026-01-07T12:19:59.730+0530] {processor.py:186} INFO - Started process (PID=19381) to work on /home/sneha/spotify_airflow_project/venv/lib/python3.12/site-packages/airflow/example_dags/example_latest_only.py
[2026-01-07T12:19:59.731+0530] {processor.py:914} INFO - Processing file /home/sneha/spotify_airflow_project/venv/lib/python3.12/site-packages/airflow/example_dags/example_latest_only.py for tasks to queue
[2026-01-07T12:19:59.733+0530] {logging_mixin.py:190} INFO - [2026-01-07T12:19:59.732+0530] {dagbag.py:588} INFO - Filling up the DagBag from /home/sneha/spotify_airflow_project/venv/lib/python3.12/site-packages/airflow/example_dags/example_latest_only.py
[2026-01-07T12:19:59.739+0530] {processor.py:925} INFO - DAG(s) 'latest_only' retrieved from /home/sneha/spotify_airflow_project/venv/lib/python3.12/site-packages/airflow/example_dags/example_latest_only.py
[2026-01-07T12:19:59.755+0530] {logging_mixin.py:190} INFO - [2026-01-07T12:19:59.755+0530] {dag.py:3239} INFO - Sync 1 DAGs
[2026-01-07T12:19:59.774+0530] {logging_mixin.py:190} INFO - [2026-01-07T12:19:59.774+0530] {dag.py:4180} INFO - Setting next_dagrun for latest_only to 2026-01-07 00:00:00+00:00, run_after=2026-01-07 04:00:00+00:00
[2026-01-07T12:19:59.794+0530] {processor.py:208} INFO - Processing /home/sneha/spotify_airflow_project/venv/lib/python3.12/site-packages/airflow/example_dags/example_latest_only.py took 0.071 seconds
