[2026-01-07T11:47:16.907+0530] {processor.py:186} INFO - Started process (PID=7318) to work on /home/sneha/spotify_astro_project/venv/lib/python3.12/site-packages/airflow/example_dags/example_subdag_operator.py
[2026-01-07T11:47:16.908+0530] {processor.py:914} INFO - Processing file /home/sneha/spotify_astro_project/venv/lib/python3.12/site-packages/airflow/example_dags/example_subdag_operator.py for tasks to queue
[2026-01-07T11:47:16.912+0530] {logging_mixin.py:190} INFO - [2026-01-07T11:47:16.911+0530] {dagbag.py:588} INFO - Filling up the DagBag from /home/sneha/spotify_astro_project/venv/lib/python3.12/site-packages/airflow/example_dags/example_subdag_operator.py
[2026-01-07T11:47:16.952+0530] {processor.py:925} INFO - DAG(s) 'example_subdag_operator.section-1', 'example_subdag_operator.section-2', 'example_subdag_operator' retrieved from /home/sneha/spotify_astro_project/venv/lib/python3.12/site-packages/airflow/example_dags/example_subdag_operator.py
[2026-01-07T11:47:17.171+0530] {logging_mixin.py:190} INFO - [2026-01-07T11:47:17.171+0530] {dag.py:3239} INFO - Sync 3 DAGs
[2026-01-07T11:47:17.198+0530] {logging_mixin.py:190} INFO - [2026-01-07T11:47:17.198+0530] {dag.py:4180} INFO - Setting next_dagrun for example_subdag_operator to 2022-01-01 00:00:00+00:00, run_after=2022-01-01 00:00:00+00:00
[2026-01-07T11:47:17.204+0530] {logging_mixin.py:190} INFO - [2026-01-07T11:47:17.203+0530] {dag.py:4180} INFO - Setting next_dagrun for example_subdag_operator.section-1 to None, run_after=None
[2026-01-07T11:47:17.206+0530] {logging_mixin.py:190} INFO - [2026-01-07T11:47:17.206+0530] {dag.py:4180} INFO - Setting next_dagrun for example_subdag_operator.section-2 to None, run_after=None
[2026-01-07T11:47:17.224+0530] {logging_mixin.py:190} INFO - [2026-01-07T11:47:17.223+0530] {dag.py:3239} INFO - Sync 2 DAGs
[2026-01-07T11:47:17.232+0530] {logging_mixin.py:190} INFO - [2026-01-07T11:47:17.231+0530] {dag.py:4180} INFO - Setting next_dagrun for example_subdag_operator.section-1 to None, run_after=None
[2026-01-07T11:47:17.232+0530] {logging_mixin.py:190} INFO - [2026-01-07T11:47:17.232+0530] {dag.py:4180} INFO - Setting next_dagrun for example_subdag_operator.section-2 to None, run_after=None
[2026-01-07T11:47:17.258+0530] {processor.py:208} INFO - Processing /home/sneha/spotify_astro_project/venv/lib/python3.12/site-packages/airflow/example_dags/example_subdag_operator.py took 0.365 seconds
[2026-01-07T11:48:21.235+0530] {processor.py:186} INFO - Started process (PID=7772) to work on /home/sneha/spotify_astro_project/venv/lib/python3.12/site-packages/airflow/example_dags/example_subdag_operator.py
[2026-01-07T11:48:21.237+0530] {processor.py:914} INFO - Processing file /home/sneha/spotify_astro_project/venv/lib/python3.12/site-packages/airflow/example_dags/example_subdag_operator.py for tasks to queue
[2026-01-07T11:48:21.238+0530] {logging_mixin.py:190} INFO - [2026-01-07T11:48:21.238+0530] {dagbag.py:588} INFO - Filling up the DagBag from /home/sneha/spotify_astro_project/venv/lib/python3.12/site-packages/airflow/example_dags/example_subdag_operator.py
[2026-01-07T11:48:21.264+0530] {processor.py:925} INFO - DAG(s) 'example_subdag_operator.section-1', 'example_subdag_operator.section-2', 'example_subdag_operator' retrieved from /home/sneha/spotify_astro_project/venv/lib/python3.12/site-packages/airflow/example_dags/example_subdag_operator.py
[2026-01-07T11:48:21.289+0530] {logging_mixin.py:190} INFO - [2026-01-07T11:48:21.288+0530] {dag.py:3239} INFO - Sync 3 DAGs
[2026-01-07T11:48:21.314+0530] {logging_mixin.py:190} INFO - [2026-01-07T11:48:21.313+0530] {dag.py:4180} INFO - Setting next_dagrun for example_subdag_operator to 2022-01-01 00:00:00+00:00, run_after=2022-01-01 00:00:00+00:00
[2026-01-07T11:48:21.318+0530] {logging_mixin.py:190} INFO - [2026-01-07T11:48:21.318+0530] {dag.py:4180} INFO - Setting next_dagrun for example_subdag_operator.section-1 to None, run_after=None
[2026-01-07T11:48:21.319+0530] {logging_mixin.py:190} INFO - [2026-01-07T11:48:21.319+0530] {dag.py:4180} INFO - Setting next_dagrun for example_subdag_operator.section-2 to None, run_after=None
[2026-01-07T11:48:21.327+0530] {logging_mixin.py:190} INFO - [2026-01-07T11:48:21.326+0530] {dag.py:3239} INFO - Sync 2 DAGs
[2026-01-07T11:48:21.332+0530] {logging_mixin.py:190} INFO - [2026-01-07T11:48:21.332+0530] {dag.py:4180} INFO - Setting next_dagrun for example_subdag_operator.section-1 to None, run_after=None
[2026-01-07T11:48:21.333+0530] {logging_mixin.py:190} INFO - [2026-01-07T11:48:21.333+0530] {dag.py:4180} INFO - Setting next_dagrun for example_subdag_operator.section-2 to None, run_after=None
[2026-01-07T11:48:21.348+0530] {processor.py:208} INFO - Processing /home/sneha/spotify_astro_project/venv/lib/python3.12/site-packages/airflow/example_dags/example_subdag_operator.py took 0.120 seconds
[2026-01-07T11:49:21.926+0530] {processor.py:186} INFO - Started process (PID=8193) to work on /home/sneha/spotify_astro_project/venv/lib/python3.12/site-packages/airflow/example_dags/example_subdag_operator.py
[2026-01-07T11:49:21.927+0530] {processor.py:914} INFO - Processing file /home/sneha/spotify_astro_project/venv/lib/python3.12/site-packages/airflow/example_dags/example_subdag_operator.py for tasks to queue
[2026-01-07T11:49:21.928+0530] {logging_mixin.py:190} INFO - [2026-01-07T11:49:21.928+0530] {dagbag.py:588} INFO - Filling up the DagBag from /home/sneha/spotify_astro_project/venv/lib/python3.12/site-packages/airflow/example_dags/example_subdag_operator.py
[2026-01-07T11:49:21.949+0530] {processor.py:925} INFO - DAG(s) 'example_subdag_operator.section-1', 'example_subdag_operator.section-2', 'example_subdag_operator' retrieved from /home/sneha/spotify_astro_project/venv/lib/python3.12/site-packages/airflow/example_dags/example_subdag_operator.py
[2026-01-07T11:49:21.965+0530] {logging_mixin.py:190} INFO - [2026-01-07T11:49:21.965+0530] {dag.py:3239} INFO - Sync 3 DAGs
[2026-01-07T11:49:21.981+0530] {logging_mixin.py:190} INFO - [2026-01-07T11:49:21.981+0530] {dag.py:4180} INFO - Setting next_dagrun for example_subdag_operator to 2022-01-01 00:00:00+00:00, run_after=2022-01-01 00:00:00+00:00
[2026-01-07T11:49:21.984+0530] {logging_mixin.py:190} INFO - [2026-01-07T11:49:21.984+0530] {dag.py:4180} INFO - Setting next_dagrun for example_subdag_operator.section-1 to None, run_after=None
[2026-01-07T11:49:21.985+0530] {logging_mixin.py:190} INFO - [2026-01-07T11:49:21.985+0530] {dag.py:4180} INFO - Setting next_dagrun for example_subdag_operator.section-2 to None, run_after=None
[2026-01-07T11:49:21.990+0530] {logging_mixin.py:190} INFO - [2026-01-07T11:49:21.989+0530] {dag.py:3239} INFO - Sync 2 DAGs
[2026-01-07T11:49:21.994+0530] {logging_mixin.py:190} INFO - [2026-01-07T11:49:21.994+0530] {dag.py:4180} INFO - Setting next_dagrun for example_subdag_operator.section-1 to None, run_after=None
[2026-01-07T11:49:21.994+0530] {logging_mixin.py:190} INFO - [2026-01-07T11:49:21.994+0530] {dag.py:4180} INFO - Setting next_dagrun for example_subdag_operator.section-2 to None, run_after=None
[2026-01-07T11:49:22.005+0530] {processor.py:208} INFO - Processing /home/sneha/spotify_astro_project/venv/lib/python3.12/site-packages/airflow/example_dags/example_subdag_operator.py took 0.086 seconds
[2026-01-07T11:50:34.689+0530] {processor.py:186} INFO - Started process (PID=8793) to work on /home/sneha/spotify_astro_project/venv/lib/python3.12/site-packages/airflow/example_dags/example_subdag_operator.py
[2026-01-07T11:50:34.691+0530] {processor.py:914} INFO - Processing file /home/sneha/spotify_astro_project/venv/lib/python3.12/site-packages/airflow/example_dags/example_subdag_operator.py for tasks to queue
[2026-01-07T11:50:34.693+0530] {logging_mixin.py:190} INFO - [2026-01-07T11:50:34.692+0530] {dagbag.py:588} INFO - Filling up the DagBag from /home/sneha/spotify_astro_project/venv/lib/python3.12/site-packages/airflow/example_dags/example_subdag_operator.py
[2026-01-07T11:50:34.715+0530] {processor.py:925} INFO - DAG(s) 'example_subdag_operator.section-1', 'example_subdag_operator.section-2', 'example_subdag_operator' retrieved from /home/sneha/spotify_astro_project/venv/lib/python3.12/site-packages/airflow/example_dags/example_subdag_operator.py
[2026-01-07T11:50:34.731+0530] {logging_mixin.py:190} INFO - [2026-01-07T11:50:34.731+0530] {dag.py:3239} INFO - Sync 3 DAGs
[2026-01-07T11:50:34.748+0530] {logging_mixin.py:190} INFO - [2026-01-07T11:50:34.747+0530] {dag.py:4180} INFO - Setting next_dagrun for example_subdag_operator to 2022-01-01 00:00:00+00:00, run_after=2022-01-01 00:00:00+00:00
[2026-01-07T11:50:34.751+0530] {logging_mixin.py:190} INFO - [2026-01-07T11:50:34.750+0530] {dag.py:4180} INFO - Setting next_dagrun for example_subdag_operator.section-1 to None, run_after=None
[2026-01-07T11:50:34.752+0530] {logging_mixin.py:190} INFO - [2026-01-07T11:50:34.752+0530] {dag.py:4180} INFO - Setting next_dagrun for example_subdag_operator.section-2 to None, run_after=None
[2026-01-07T11:50:34.757+0530] {logging_mixin.py:190} INFO - [2026-01-07T11:50:34.757+0530] {dag.py:3239} INFO - Sync 2 DAGs
[2026-01-07T11:50:34.761+0530] {logging_mixin.py:190} INFO - [2026-01-07T11:50:34.761+0530] {dag.py:4180} INFO - Setting next_dagrun for example_subdag_operator.section-1 to None, run_after=None
[2026-01-07T11:50:34.761+0530] {logging_mixin.py:190} INFO - [2026-01-07T11:50:34.761+0530] {dag.py:4180} INFO - Setting next_dagrun for example_subdag_operator.section-2 to None, run_after=None
[2026-01-07T11:50:34.773+0530] {processor.py:208} INFO - Processing /home/sneha/spotify_astro_project/venv/lib/python3.12/site-packages/airflow/example_dags/example_subdag_operator.py took 0.098 seconds
[2026-01-07T11:57:28.898+0530] {processor.py:186} INFO - Started process (PID=17049) to work on /home/sneha/spotify_airflow_project/venv/lib/python3.12/site-packages/airflow/example_dags/example_subdag_operator.py
[2026-01-07T11:57:28.899+0530] {processor.py:914} INFO - Processing file /home/sneha/spotify_airflow_project/venv/lib/python3.12/site-packages/airflow/example_dags/example_subdag_operator.py for tasks to queue
[2026-01-07T11:57:28.901+0530] {logging_mixin.py:190} INFO - [2026-01-07T11:57:28.900+0530] {dagbag.py:588} INFO - Filling up the DagBag from /home/sneha/spotify_airflow_project/venv/lib/python3.12/site-packages/airflow/example_dags/example_subdag_operator.py
[2026-01-07T11:57:28.933+0530] {processor.py:925} INFO - DAG(s) 'example_subdag_operator.section-1', 'example_subdag_operator.section-2', 'example_subdag_operator' retrieved from /home/sneha/spotify_airflow_project/venv/lib/python3.12/site-packages/airflow/example_dags/example_subdag_operator.py
[2026-01-07T11:57:29.100+0530] {logging_mixin.py:190} INFO - [2026-01-07T11:57:29.099+0530] {dag.py:3239} INFO - Sync 3 DAGs
[2026-01-07T11:57:29.142+0530] {logging_mixin.py:190} INFO - [2026-01-07T11:57:29.141+0530] {dag.py:4180} INFO - Setting next_dagrun for example_subdag_operator to 2022-01-01 00:00:00+00:00, run_after=2022-01-01 00:00:00+00:00
[2026-01-07T11:57:29.148+0530] {logging_mixin.py:190} INFO - [2026-01-07T11:57:29.147+0530] {dag.py:4180} INFO - Setting next_dagrun for example_subdag_operator.section-1 to None, run_after=None
[2026-01-07T11:57:29.150+0530] {logging_mixin.py:190} INFO - [2026-01-07T11:57:29.149+0530] {dag.py:4180} INFO - Setting next_dagrun for example_subdag_operator.section-2 to None, run_after=None
[2026-01-07T11:57:29.165+0530] {logging_mixin.py:190} INFO - [2026-01-07T11:57:29.164+0530] {dag.py:3239} INFO - Sync 2 DAGs
[2026-01-07T11:57:29.173+0530] {logging_mixin.py:190} INFO - [2026-01-07T11:57:29.173+0530] {dag.py:4180} INFO - Setting next_dagrun for example_subdag_operator.section-1 to None, run_after=None
[2026-01-07T11:57:29.174+0530] {logging_mixin.py:190} INFO - [2026-01-07T11:57:29.174+0530] {dag.py:4180} INFO - Setting next_dagrun for example_subdag_operator.section-2 to None, run_after=None
[2026-01-07T11:57:29.200+0530] {processor.py:208} INFO - Processing /home/sneha/spotify_airflow_project/venv/lib/python3.12/site-packages/airflow/example_dags/example_subdag_operator.py took 0.310 seconds
[2026-01-07T11:58:30.184+0530] {processor.py:186} INFO - Started process (PID=17211) to work on /home/sneha/spotify_airflow_project/venv/lib/python3.12/site-packages/airflow/example_dags/example_subdag_operator.py
[2026-01-07T11:58:30.185+0530] {processor.py:914} INFO - Processing file /home/sneha/spotify_airflow_project/venv/lib/python3.12/site-packages/airflow/example_dags/example_subdag_operator.py for tasks to queue
[2026-01-07T11:58:30.187+0530] {logging_mixin.py:190} INFO - [2026-01-07T11:58:30.187+0530] {dagbag.py:588} INFO - Filling up the DagBag from /home/sneha/spotify_airflow_project/venv/lib/python3.12/site-packages/airflow/example_dags/example_subdag_operator.py
[2026-01-07T11:58:30.208+0530] {processor.py:925} INFO - DAG(s) 'example_subdag_operator.section-1', 'example_subdag_operator.section-2', 'example_subdag_operator' retrieved from /home/sneha/spotify_airflow_project/venv/lib/python3.12/site-packages/airflow/example_dags/example_subdag_operator.py
[2026-01-07T11:58:30.223+0530] {logging_mixin.py:190} INFO - [2026-01-07T11:58:30.223+0530] {dag.py:3239} INFO - Sync 3 DAGs
[2026-01-07T11:58:30.240+0530] {logging_mixin.py:190} INFO - [2026-01-07T11:58:30.240+0530] {dag.py:4180} INFO - Setting next_dagrun for example_subdag_operator to 2022-01-01 00:00:00+00:00, run_after=2022-01-01 00:00:00+00:00
[2026-01-07T11:58:30.243+0530] {logging_mixin.py:190} INFO - [2026-01-07T11:58:30.243+0530] {dag.py:4180} INFO - Setting next_dagrun for example_subdag_operator.section-1 to None, run_after=None
[2026-01-07T11:58:30.244+0530] {logging_mixin.py:190} INFO - [2026-01-07T11:58:30.244+0530] {dag.py:4180} INFO - Setting next_dagrun for example_subdag_operator.section-2 to None, run_after=None
[2026-01-07T11:58:30.250+0530] {logging_mixin.py:190} INFO - [2026-01-07T11:58:30.249+0530] {dag.py:3239} INFO - Sync 2 DAGs
[2026-01-07T11:58:30.253+0530] {logging_mixin.py:190} INFO - [2026-01-07T11:58:30.253+0530] {dag.py:4180} INFO - Setting next_dagrun for example_subdag_operator.section-1 to None, run_after=None
[2026-01-07T11:58:30.254+0530] {logging_mixin.py:190} INFO - [2026-01-07T11:58:30.253+0530] {dag.py:4180} INFO - Setting next_dagrun for example_subdag_operator.section-2 to None, run_after=None
[2026-01-07T11:58:30.266+0530] {processor.py:208} INFO - Processing /home/sneha/spotify_airflow_project/venv/lib/python3.12/site-packages/airflow/example_dags/example_subdag_operator.py took 0.095 seconds
[2026-01-07T11:59:25.135+0530] {processor.py:186} INFO - Started process (PID=17272) to work on /home/sneha/spotify_airflow_project/venv/lib/python3.12/site-packages/airflow/example_dags/example_subdag_operator.py
[2026-01-07T11:59:25.136+0530] {processor.py:914} INFO - Processing file /home/sneha/spotify_airflow_project/venv/lib/python3.12/site-packages/airflow/example_dags/example_subdag_operator.py for tasks to queue
[2026-01-07T11:59:25.137+0530] {logging_mixin.py:190} INFO - [2026-01-07T11:59:25.136+0530] {dagbag.py:588} INFO - Filling up the DagBag from /home/sneha/spotify_airflow_project/venv/lib/python3.12/site-packages/airflow/example_dags/example_subdag_operator.py
[2026-01-07T11:59:25.158+0530] {processor.py:925} INFO - DAG(s) 'example_subdag_operator.section-1', 'example_subdag_operator.section-2', 'example_subdag_operator' retrieved from /home/sneha/spotify_airflow_project/venv/lib/python3.12/site-packages/airflow/example_dags/example_subdag_operator.py
[2026-01-07T11:59:25.174+0530] {logging_mixin.py:190} INFO - [2026-01-07T11:59:25.173+0530] {dag.py:3239} INFO - Sync 3 DAGs
[2026-01-07T11:59:25.190+0530] {logging_mixin.py:190} INFO - [2026-01-07T11:59:25.189+0530] {dag.py:4180} INFO - Setting next_dagrun for example_subdag_operator to 2022-01-01 00:00:00+00:00, run_after=2022-01-01 00:00:00+00:00
[2026-01-07T11:59:25.192+0530] {logging_mixin.py:190} INFO - [2026-01-07T11:59:25.192+0530] {dag.py:4180} INFO - Setting next_dagrun for example_subdag_operator.section-1 to None, run_after=None
[2026-01-07T11:59:25.193+0530] {logging_mixin.py:190} INFO - [2026-01-07T11:59:25.193+0530] {dag.py:4180} INFO - Setting next_dagrun for example_subdag_operator.section-2 to None, run_after=None
[2026-01-07T11:59:25.198+0530] {logging_mixin.py:190} INFO - [2026-01-07T11:59:25.198+0530] {dag.py:3239} INFO - Sync 2 DAGs
[2026-01-07T11:59:25.202+0530] {logging_mixin.py:190} INFO - [2026-01-07T11:59:25.201+0530] {dag.py:4180} INFO - Setting next_dagrun for example_subdag_operator.section-1 to None, run_after=None
[2026-01-07T11:59:25.202+0530] {logging_mixin.py:190} INFO - [2026-01-07T11:59:25.202+0530] {dag.py:4180} INFO - Setting next_dagrun for example_subdag_operator.section-2 to None, run_after=None
[2026-01-07T11:59:25.216+0530] {processor.py:208} INFO - Processing /home/sneha/spotify_airflow_project/venv/lib/python3.12/site-packages/airflow/example_dags/example_subdag_operator.py took 0.087 seconds
[2026-01-07T12:00:22.003+0530] {processor.py:186} INFO - Started process (PID=17388) to work on /home/sneha/spotify_airflow_project/venv/lib/python3.12/site-packages/airflow/example_dags/example_subdag_operator.py
[2026-01-07T12:00:22.004+0530] {processor.py:914} INFO - Processing file /home/sneha/spotify_airflow_project/venv/lib/python3.12/site-packages/airflow/example_dags/example_subdag_operator.py for tasks to queue
[2026-01-07T12:00:22.005+0530] {logging_mixin.py:190} INFO - [2026-01-07T12:00:22.005+0530] {dagbag.py:588} INFO - Filling up the DagBag from /home/sneha/spotify_airflow_project/venv/lib/python3.12/site-packages/airflow/example_dags/example_subdag_operator.py
[2026-01-07T12:00:22.029+0530] {processor.py:925} INFO - DAG(s) 'example_subdag_operator.section-1', 'example_subdag_operator.section-2', 'example_subdag_operator' retrieved from /home/sneha/spotify_airflow_project/venv/lib/python3.12/site-packages/airflow/example_dags/example_subdag_operator.py
[2026-01-07T12:00:22.044+0530] {logging_mixin.py:190} INFO - [2026-01-07T12:00:22.044+0530] {dag.py:3239} INFO - Sync 3 DAGs
[2026-01-07T12:00:22.192+0530] {logging_mixin.py:190} INFO - [2026-01-07T12:00:22.192+0530] {dag.py:4180} INFO - Setting next_dagrun for example_subdag_operator to 2022-01-01 00:00:00+00:00, run_after=2022-01-01 00:00:00+00:00
[2026-01-07T12:00:22.195+0530] {logging_mixin.py:190} INFO - [2026-01-07T12:00:22.194+0530] {dag.py:4180} INFO - Setting next_dagrun for example_subdag_operator.section-1 to None, run_after=None
[2026-01-07T12:00:22.195+0530] {logging_mixin.py:190} INFO - [2026-01-07T12:00:22.195+0530] {dag.py:4180} INFO - Setting next_dagrun for example_subdag_operator.section-2 to None, run_after=None
[2026-01-07T12:00:22.199+0530] {logging_mixin.py:190} INFO - [2026-01-07T12:00:22.199+0530] {dag.py:3239} INFO - Sync 2 DAGs
[2026-01-07T12:00:22.203+0530] {logging_mixin.py:190} INFO - [2026-01-07T12:00:22.202+0530] {dag.py:4180} INFO - Setting next_dagrun for example_subdag_operator.section-1 to None, run_after=None
[2026-01-07T12:00:22.203+0530] {logging_mixin.py:190} INFO - [2026-01-07T12:00:22.203+0530] {dag.py:4180} INFO - Setting next_dagrun for example_subdag_operator.section-2 to None, run_after=None
[2026-01-07T12:00:22.215+0530] {processor.py:208} INFO - Processing /home/sneha/spotify_airflow_project/venv/lib/python3.12/site-packages/airflow/example_dags/example_subdag_operator.py took 0.221 seconds
[2026-01-07T12:01:25.938+0530] {processor.py:186} INFO - Started process (PID=17493) to work on /home/sneha/spotify_airflow_project/venv/lib/python3.12/site-packages/airflow/example_dags/example_subdag_operator.py
[2026-01-07T12:01:25.939+0530] {processor.py:914} INFO - Processing file /home/sneha/spotify_airflow_project/venv/lib/python3.12/site-packages/airflow/example_dags/example_subdag_operator.py for tasks to queue
[2026-01-07T12:01:25.942+0530] {logging_mixin.py:190} INFO - [2026-01-07T12:01:25.941+0530] {dagbag.py:588} INFO - Filling up the DagBag from /home/sneha/spotify_airflow_project/venv/lib/python3.12/site-packages/airflow/example_dags/example_subdag_operator.py
[2026-01-07T12:01:25.968+0530] {processor.py:925} INFO - DAG(s) 'example_subdag_operator.section-1', 'example_subdag_operator.section-2', 'example_subdag_operator' retrieved from /home/sneha/spotify_airflow_project/venv/lib/python3.12/site-packages/airflow/example_dags/example_subdag_operator.py
[2026-01-07T12:01:25.994+0530] {logging_mixin.py:190} INFO - [2026-01-07T12:01:25.993+0530] {dag.py:3239} INFO - Sync 3 DAGs
[2026-01-07T12:01:26.020+0530] {logging_mixin.py:190} INFO - [2026-01-07T12:01:26.019+0530] {dag.py:4180} INFO - Setting next_dagrun for example_subdag_operator to 2022-01-01 00:00:00+00:00, run_after=2022-01-01 00:00:00+00:00
[2026-01-07T12:01:26.023+0530] {logging_mixin.py:190} INFO - [2026-01-07T12:01:26.023+0530] {dag.py:4180} INFO - Setting next_dagrun for example_subdag_operator.section-1 to None, run_after=None
[2026-01-07T12:01:26.025+0530] {logging_mixin.py:190} INFO - [2026-01-07T12:01:26.025+0530] {dag.py:4180} INFO - Setting next_dagrun for example_subdag_operator.section-2 to None, run_after=None
[2026-01-07T12:01:26.034+0530] {logging_mixin.py:190} INFO - [2026-01-07T12:01:26.034+0530] {dag.py:3239} INFO - Sync 2 DAGs
[2026-01-07T12:01:26.040+0530] {logging_mixin.py:190} INFO - [2026-01-07T12:01:26.040+0530] {dag.py:4180} INFO - Setting next_dagrun for example_subdag_operator.section-1 to None, run_after=None
[2026-01-07T12:01:26.041+0530] {logging_mixin.py:190} INFO - [2026-01-07T12:01:26.041+0530] {dag.py:4180} INFO - Setting next_dagrun for example_subdag_operator.section-2 to None, run_after=None
[2026-01-07T12:01:26.060+0530] {processor.py:208} INFO - Processing /home/sneha/spotify_airflow_project/venv/lib/python3.12/site-packages/airflow/example_dags/example_subdag_operator.py took 0.130 seconds
[2026-01-07T12:02:23.800+0530] {processor.py:186} INFO - Started process (PID=17658) to work on /home/sneha/spotify_airflow_project/venv/lib/python3.12/site-packages/airflow/example_dags/example_subdag_operator.py
[2026-01-07T12:02:23.801+0530] {processor.py:914} INFO - Processing file /home/sneha/spotify_airflow_project/venv/lib/python3.12/site-packages/airflow/example_dags/example_subdag_operator.py for tasks to queue
[2026-01-07T12:02:23.804+0530] {logging_mixin.py:190} INFO - [2026-01-07T12:02:23.803+0530] {dagbag.py:588} INFO - Filling up the DagBag from /home/sneha/spotify_airflow_project/venv/lib/python3.12/site-packages/airflow/example_dags/example_subdag_operator.py
[2026-01-07T12:02:23.826+0530] {processor.py:925} INFO - DAG(s) 'example_subdag_operator.section-1', 'example_subdag_operator.section-2', 'example_subdag_operator' retrieved from /home/sneha/spotify_airflow_project/venv/lib/python3.12/site-packages/airflow/example_dags/example_subdag_operator.py
[2026-01-07T12:02:23.842+0530] {logging_mixin.py:190} INFO - [2026-01-07T12:02:23.842+0530] {dag.py:3239} INFO - Sync 3 DAGs
[2026-01-07T12:02:23.860+0530] {logging_mixin.py:190} INFO - [2026-01-07T12:02:23.859+0530] {dag.py:4180} INFO - Setting next_dagrun for example_subdag_operator to 2022-01-01 00:00:00+00:00, run_after=2022-01-01 00:00:00+00:00
[2026-01-07T12:02:23.863+0530] {logging_mixin.py:190} INFO - [2026-01-07T12:02:23.863+0530] {dag.py:4180} INFO - Setting next_dagrun for example_subdag_operator.section-1 to None, run_after=None
[2026-01-07T12:02:23.864+0530] {logging_mixin.py:190} INFO - [2026-01-07T12:02:23.864+0530] {dag.py:4180} INFO - Setting next_dagrun for example_subdag_operator.section-2 to None, run_after=None
[2026-01-07T12:02:23.870+0530] {logging_mixin.py:190} INFO - [2026-01-07T12:02:23.870+0530] {dag.py:3239} INFO - Sync 2 DAGs
[2026-01-07T12:02:23.874+0530] {logging_mixin.py:190} INFO - [2026-01-07T12:02:23.874+0530] {dag.py:4180} INFO - Setting next_dagrun for example_subdag_operator.section-1 to None, run_after=None
[2026-01-07T12:02:23.874+0530] {logging_mixin.py:190} INFO - [2026-01-07T12:02:23.874+0530] {dag.py:4180} INFO - Setting next_dagrun for example_subdag_operator.section-2 to None, run_after=None
[2026-01-07T12:02:23.886+0530] {processor.py:208} INFO - Processing /home/sneha/spotify_airflow_project/venv/lib/python3.12/site-packages/airflow/example_dags/example_subdag_operator.py took 0.099 seconds
[2026-01-07T12:03:23.361+0530] {processor.py:186} INFO - Started process (PID=17718) to work on /home/sneha/spotify_airflow_project/venv/lib/python3.12/site-packages/airflow/example_dags/example_subdag_operator.py
[2026-01-07T12:03:23.362+0530] {processor.py:914} INFO - Processing file /home/sneha/spotify_airflow_project/venv/lib/python3.12/site-packages/airflow/example_dags/example_subdag_operator.py for tasks to queue
[2026-01-07T12:03:23.364+0530] {logging_mixin.py:190} INFO - [2026-01-07T12:03:23.363+0530] {dagbag.py:588} INFO - Filling up the DagBag from /home/sneha/spotify_airflow_project/venv/lib/python3.12/site-packages/airflow/example_dags/example_subdag_operator.py
[2026-01-07T12:03:23.385+0530] {processor.py:925} INFO - DAG(s) 'example_subdag_operator.section-1', 'example_subdag_operator.section-2', 'example_subdag_operator' retrieved from /home/sneha/spotify_airflow_project/venv/lib/python3.12/site-packages/airflow/example_dags/example_subdag_operator.py
[2026-01-07T12:03:23.400+0530] {logging_mixin.py:190} INFO - [2026-01-07T12:03:23.400+0530] {dag.py:3239} INFO - Sync 3 DAGs
[2026-01-07T12:03:23.419+0530] {logging_mixin.py:190} INFO - [2026-01-07T12:03:23.418+0530] {dag.py:4180} INFO - Setting next_dagrun for example_subdag_operator to 2022-01-01 00:00:00+00:00, run_after=2022-01-01 00:00:00+00:00
[2026-01-07T12:03:23.422+0530] {logging_mixin.py:190} INFO - [2026-01-07T12:03:23.422+0530] {dag.py:4180} INFO - Setting next_dagrun for example_subdag_operator.section-1 to None, run_after=None
[2026-01-07T12:03:23.423+0530] {logging_mixin.py:190} INFO - [2026-01-07T12:03:23.423+0530] {dag.py:4180} INFO - Setting next_dagrun for example_subdag_operator.section-2 to None, run_after=None
[2026-01-07T12:03:23.428+0530] {logging_mixin.py:190} INFO - [2026-01-07T12:03:23.427+0530] {dag.py:3239} INFO - Sync 2 DAGs
[2026-01-07T12:03:23.432+0530] {logging_mixin.py:190} INFO - [2026-01-07T12:03:23.431+0530] {dag.py:4180} INFO - Setting next_dagrun for example_subdag_operator.section-1 to None, run_after=None
[2026-01-07T12:03:23.432+0530] {logging_mixin.py:190} INFO - [2026-01-07T12:03:23.432+0530] {dag.py:4180} INFO - Setting next_dagrun for example_subdag_operator.section-2 to None, run_after=None
[2026-01-07T12:03:23.444+0530] {processor.py:208} INFO - Processing /home/sneha/spotify_airflow_project/venv/lib/python3.12/site-packages/airflow/example_dags/example_subdag_operator.py took 0.094 seconds
[2026-01-07T12:04:21.032+0530] {processor.py:186} INFO - Started process (PID=18011) to work on /home/sneha/spotify_airflow_project/venv/lib/python3.12/site-packages/airflow/example_dags/example_subdag_operator.py
[2026-01-07T12:04:21.034+0530] {processor.py:914} INFO - Processing file /home/sneha/spotify_airflow_project/venv/lib/python3.12/site-packages/airflow/example_dags/example_subdag_operator.py for tasks to queue
[2026-01-07T12:04:21.036+0530] {logging_mixin.py:190} INFO - [2026-01-07T12:04:21.035+0530] {dagbag.py:588} INFO - Filling up the DagBag from /home/sneha/spotify_airflow_project/venv/lib/python3.12/site-packages/airflow/example_dags/example_subdag_operator.py
[2026-01-07T12:04:21.057+0530] {processor.py:925} INFO - DAG(s) 'example_subdag_operator.section-1', 'example_subdag_operator.section-2', 'example_subdag_operator' retrieved from /home/sneha/spotify_airflow_project/venv/lib/python3.12/site-packages/airflow/example_dags/example_subdag_operator.py
[2026-01-07T12:04:21.072+0530] {logging_mixin.py:190} INFO - [2026-01-07T12:04:21.072+0530] {dag.py:3239} INFO - Sync 3 DAGs
[2026-01-07T12:04:21.089+0530] {logging_mixin.py:190} INFO - [2026-01-07T12:04:21.089+0530] {dag.py:4180} INFO - Setting next_dagrun for example_subdag_operator to 2022-01-01 00:00:00+00:00, run_after=2022-01-01 00:00:00+00:00
[2026-01-07T12:04:21.092+0530] {logging_mixin.py:190} INFO - [2026-01-07T12:04:21.092+0530] {dag.py:4180} INFO - Setting next_dagrun for example_subdag_operator.section-1 to None, run_after=None
[2026-01-07T12:04:21.093+0530] {logging_mixin.py:190} INFO - [2026-01-07T12:04:21.093+0530] {dag.py:4180} INFO - Setting next_dagrun for example_subdag_operator.section-2 to None, run_after=None
[2026-01-07T12:04:21.098+0530] {logging_mixin.py:190} INFO - [2026-01-07T12:04:21.098+0530] {dag.py:3239} INFO - Sync 2 DAGs
[2026-01-07T12:04:21.102+0530] {logging_mixin.py:190} INFO - [2026-01-07T12:04:21.101+0530] {dag.py:4180} INFO - Setting next_dagrun for example_subdag_operator.section-1 to None, run_after=None
[2026-01-07T12:04:21.102+0530] {logging_mixin.py:190} INFO - [2026-01-07T12:04:21.102+0530] {dag.py:4180} INFO - Setting next_dagrun for example_subdag_operator.section-2 to None, run_after=None
[2026-01-07T12:04:21.114+0530] {processor.py:208} INFO - Processing /home/sneha/spotify_airflow_project/venv/lib/python3.12/site-packages/airflow/example_dags/example_subdag_operator.py took 0.093 seconds
[2026-01-07T12:05:14.598+0530] {processor.py:186} INFO - Started process (PID=18106) to work on /home/sneha/spotify_airflow_project/venv/lib/python3.12/site-packages/airflow/example_dags/example_subdag_operator.py
[2026-01-07T12:05:14.599+0530] {processor.py:914} INFO - Processing file /home/sneha/spotify_airflow_project/venv/lib/python3.12/site-packages/airflow/example_dags/example_subdag_operator.py for tasks to queue
[2026-01-07T12:05:14.600+0530] {logging_mixin.py:190} INFO - [2026-01-07T12:05:14.600+0530] {dagbag.py:588} INFO - Filling up the DagBag from /home/sneha/spotify_airflow_project/venv/lib/python3.12/site-packages/airflow/example_dags/example_subdag_operator.py
[2026-01-07T12:05:14.622+0530] {processor.py:925} INFO - DAG(s) 'example_subdag_operator.section-1', 'example_subdag_operator.section-2', 'example_subdag_operator' retrieved from /home/sneha/spotify_airflow_project/venv/lib/python3.12/site-packages/airflow/example_dags/example_subdag_operator.py
[2026-01-07T12:05:14.637+0530] {logging_mixin.py:190} INFO - [2026-01-07T12:05:14.637+0530] {dag.py:3239} INFO - Sync 3 DAGs
[2026-01-07T12:05:14.654+0530] {logging_mixin.py:190} INFO - [2026-01-07T12:05:14.654+0530] {dag.py:4180} INFO - Setting next_dagrun for example_subdag_operator to 2022-01-01 00:00:00+00:00, run_after=2022-01-01 00:00:00+00:00
[2026-01-07T12:05:14.657+0530] {logging_mixin.py:190} INFO - [2026-01-07T12:05:14.657+0530] {dag.py:4180} INFO - Setting next_dagrun for example_subdag_operator.section-1 to None, run_after=None
[2026-01-07T12:05:14.658+0530] {logging_mixin.py:190} INFO - [2026-01-07T12:05:14.658+0530] {dag.py:4180} INFO - Setting next_dagrun for example_subdag_operator.section-2 to None, run_after=None
[2026-01-07T12:05:14.664+0530] {logging_mixin.py:190} INFO - [2026-01-07T12:05:14.664+0530] {dag.py:3239} INFO - Sync 2 DAGs
[2026-01-07T12:05:14.668+0530] {logging_mixin.py:190} INFO - [2026-01-07T12:05:14.667+0530] {dag.py:4180} INFO - Setting next_dagrun for example_subdag_operator.section-1 to None, run_after=None
[2026-01-07T12:05:14.668+0530] {logging_mixin.py:190} INFO - [2026-01-07T12:05:14.668+0530] {dag.py:4180} INFO - Setting next_dagrun for example_subdag_operator.section-2 to None, run_after=None
[2026-01-07T12:05:14.683+0530] {processor.py:208} INFO - Processing /home/sneha/spotify_airflow_project/venv/lib/python3.12/site-packages/airflow/example_dags/example_subdag_operator.py took 0.096 seconds
[2026-01-07T12:06:07.809+0530] {processor.py:186} INFO - Started process (PID=18183) to work on /home/sneha/spotify_airflow_project/venv/lib/python3.12/site-packages/airflow/example_dags/example_subdag_operator.py
[2026-01-07T12:06:07.811+0530] {processor.py:914} INFO - Processing file /home/sneha/spotify_airflow_project/venv/lib/python3.12/site-packages/airflow/example_dags/example_subdag_operator.py for tasks to queue
[2026-01-07T12:06:07.813+0530] {logging_mixin.py:190} INFO - [2026-01-07T12:06:07.812+0530] {dagbag.py:588} INFO - Filling up the DagBag from /home/sneha/spotify_airflow_project/venv/lib/python3.12/site-packages/airflow/example_dags/example_subdag_operator.py
[2026-01-07T12:06:07.834+0530] {processor.py:925} INFO - DAG(s) 'example_subdag_operator.section-1', 'example_subdag_operator.section-2', 'example_subdag_operator' retrieved from /home/sneha/spotify_airflow_project/venv/lib/python3.12/site-packages/airflow/example_dags/example_subdag_operator.py
[2026-01-07T12:06:07.851+0530] {logging_mixin.py:190} INFO - [2026-01-07T12:06:07.850+0530] {dag.py:3239} INFO - Sync 3 DAGs
[2026-01-07T12:06:07.868+0530] {logging_mixin.py:190} INFO - [2026-01-07T12:06:07.867+0530] {dag.py:4180} INFO - Setting next_dagrun for example_subdag_operator to 2022-01-01 00:00:00+00:00, run_after=2022-01-01 00:00:00+00:00
[2026-01-07T12:06:07.870+0530] {logging_mixin.py:190} INFO - [2026-01-07T12:06:07.870+0530] {dag.py:4180} INFO - Setting next_dagrun for example_subdag_operator.section-1 to None, run_after=None
[2026-01-07T12:06:07.871+0530] {logging_mixin.py:190} INFO - [2026-01-07T12:06:07.871+0530] {dag.py:4180} INFO - Setting next_dagrun for example_subdag_operator.section-2 to None, run_after=None
[2026-01-07T12:06:07.876+0530] {logging_mixin.py:190} INFO - [2026-01-07T12:06:07.876+0530] {dag.py:3239} INFO - Sync 2 DAGs
[2026-01-07T12:06:07.880+0530] {logging_mixin.py:190} INFO - [2026-01-07T12:06:07.880+0530] {dag.py:4180} INFO - Setting next_dagrun for example_subdag_operator.section-1 to None, run_after=None
[2026-01-07T12:06:07.881+0530] {logging_mixin.py:190} INFO - [2026-01-07T12:06:07.880+0530] {dag.py:4180} INFO - Setting next_dagrun for example_subdag_operator.section-2 to None, run_after=None
[2026-01-07T12:06:07.893+0530] {processor.py:208} INFO - Processing /home/sneha/spotify_airflow_project/venv/lib/python3.12/site-packages/airflow/example_dags/example_subdag_operator.py took 0.095 seconds
[2026-01-07T12:07:01.930+0530] {processor.py:186} INFO - Started process (PID=18240) to work on /home/sneha/spotify_airflow_project/venv/lib/python3.12/site-packages/airflow/example_dags/example_subdag_operator.py
[2026-01-07T12:07:01.931+0530] {processor.py:914} INFO - Processing file /home/sneha/spotify_airflow_project/venv/lib/python3.12/site-packages/airflow/example_dags/example_subdag_operator.py for tasks to queue
[2026-01-07T12:07:01.933+0530] {logging_mixin.py:190} INFO - [2026-01-07T12:07:01.932+0530] {dagbag.py:588} INFO - Filling up the DagBag from /home/sneha/spotify_airflow_project/venv/lib/python3.12/site-packages/airflow/example_dags/example_subdag_operator.py
[2026-01-07T12:07:01.955+0530] {processor.py:925} INFO - DAG(s) 'example_subdag_operator.section-1', 'example_subdag_operator.section-2', 'example_subdag_operator' retrieved from /home/sneha/spotify_airflow_project/venv/lib/python3.12/site-packages/airflow/example_dags/example_subdag_operator.py
[2026-01-07T12:07:01.970+0530] {logging_mixin.py:190} INFO - [2026-01-07T12:07:01.970+0530] {dag.py:3239} INFO - Sync 3 DAGs
[2026-01-07T12:07:01.987+0530] {logging_mixin.py:190} INFO - [2026-01-07T12:07:01.987+0530] {dag.py:4180} INFO - Setting next_dagrun for example_subdag_operator to 2022-01-01 00:00:00+00:00, run_after=2022-01-01 00:00:00+00:00
[2026-01-07T12:07:01.990+0530] {logging_mixin.py:190} INFO - [2026-01-07T12:07:01.990+0530] {dag.py:4180} INFO - Setting next_dagrun for example_subdag_operator.section-1 to None, run_after=None
[2026-01-07T12:07:01.991+0530] {logging_mixin.py:190} INFO - [2026-01-07T12:07:01.991+0530] {dag.py:4180} INFO - Setting next_dagrun for example_subdag_operator.section-2 to None, run_after=None
[2026-01-07T12:07:01.997+0530] {logging_mixin.py:190} INFO - [2026-01-07T12:07:01.996+0530] {dag.py:3239} INFO - Sync 2 DAGs
[2026-01-07T12:07:02.001+0530] {logging_mixin.py:190} INFO - [2026-01-07T12:07:02.001+0530] {dag.py:4180} INFO - Setting next_dagrun for example_subdag_operator.section-1 to None, run_after=None
[2026-01-07T12:07:02.002+0530] {logging_mixin.py:190} INFO - [2026-01-07T12:07:02.002+0530] {dag.py:4180} INFO - Setting next_dagrun for example_subdag_operator.section-2 to None, run_after=None
[2026-01-07T12:07:02.017+0530] {processor.py:208} INFO - Processing /home/sneha/spotify_airflow_project/venv/lib/python3.12/site-packages/airflow/example_dags/example_subdag_operator.py took 0.099 seconds
[2026-01-07T12:07:54.738+0530] {processor.py:186} INFO - Started process (PID=18296) to work on /home/sneha/spotify_airflow_project/venv/lib/python3.12/site-packages/airflow/example_dags/example_subdag_operator.py
[2026-01-07T12:07:54.740+0530] {processor.py:914} INFO - Processing file /home/sneha/spotify_airflow_project/venv/lib/python3.12/site-packages/airflow/example_dags/example_subdag_operator.py for tasks to queue
[2026-01-07T12:07:54.741+0530] {logging_mixin.py:190} INFO - [2026-01-07T12:07:54.741+0530] {dagbag.py:588} INFO - Filling up the DagBag from /home/sneha/spotify_airflow_project/venv/lib/python3.12/site-packages/airflow/example_dags/example_subdag_operator.py
[2026-01-07T12:07:54.763+0530] {processor.py:925} INFO - DAG(s) 'example_subdag_operator.section-1', 'example_subdag_operator.section-2', 'example_subdag_operator' retrieved from /home/sneha/spotify_airflow_project/venv/lib/python3.12/site-packages/airflow/example_dags/example_subdag_operator.py
[2026-01-07T12:07:54.778+0530] {logging_mixin.py:190} INFO - [2026-01-07T12:07:54.778+0530] {dag.py:3239} INFO - Sync 3 DAGs
[2026-01-07T12:07:54.795+0530] {logging_mixin.py:190} INFO - [2026-01-07T12:07:54.795+0530] {dag.py:4180} INFO - Setting next_dagrun for example_subdag_operator to 2022-01-01 00:00:00+00:00, run_after=2022-01-01 00:00:00+00:00
[2026-01-07T12:07:54.798+0530] {logging_mixin.py:190} INFO - [2026-01-07T12:07:54.798+0530] {dag.py:4180} INFO - Setting next_dagrun for example_subdag_operator.section-1 to None, run_after=None
[2026-01-07T12:07:54.799+0530] {logging_mixin.py:190} INFO - [2026-01-07T12:07:54.799+0530] {dag.py:4180} INFO - Setting next_dagrun for example_subdag_operator.section-2 to None, run_after=None
[2026-01-07T12:07:54.805+0530] {logging_mixin.py:190} INFO - [2026-01-07T12:07:54.805+0530] {dag.py:3239} INFO - Sync 2 DAGs
[2026-01-07T12:07:54.809+0530] {logging_mixin.py:190} INFO - [2026-01-07T12:07:54.809+0530] {dag.py:4180} INFO - Setting next_dagrun for example_subdag_operator.section-1 to None, run_after=None
[2026-01-07T12:07:54.809+0530] {logging_mixin.py:190} INFO - [2026-01-07T12:07:54.809+0530] {dag.py:4180} INFO - Setting next_dagrun for example_subdag_operator.section-2 to None, run_after=None
[2026-01-07T12:07:54.824+0530] {processor.py:208} INFO - Processing /home/sneha/spotify_airflow_project/venv/lib/python3.12/site-packages/airflow/example_dags/example_subdag_operator.py took 0.099 seconds
[2026-01-07T12:08:46.969+0530] {processor.py:186} INFO - Started process (PID=18352) to work on /home/sneha/spotify_airflow_project/venv/lib/python3.12/site-packages/airflow/example_dags/example_subdag_operator.py
[2026-01-07T12:08:46.971+0530] {processor.py:914} INFO - Processing file /home/sneha/spotify_airflow_project/venv/lib/python3.12/site-packages/airflow/example_dags/example_subdag_operator.py for tasks to queue
[2026-01-07T12:08:46.972+0530] {logging_mixin.py:190} INFO - [2026-01-07T12:08:46.972+0530] {dagbag.py:588} INFO - Filling up the DagBag from /home/sneha/spotify_airflow_project/venv/lib/python3.12/site-packages/airflow/example_dags/example_subdag_operator.py
[2026-01-07T12:08:46.994+0530] {processor.py:925} INFO - DAG(s) 'example_subdag_operator.section-1', 'example_subdag_operator.section-2', 'example_subdag_operator' retrieved from /home/sneha/spotify_airflow_project/venv/lib/python3.12/site-packages/airflow/example_dags/example_subdag_operator.py
[2026-01-07T12:08:47.009+0530] {logging_mixin.py:190} INFO - [2026-01-07T12:08:47.009+0530] {dag.py:3239} INFO - Sync 3 DAGs
[2026-01-07T12:08:47.027+0530] {logging_mixin.py:190} INFO - [2026-01-07T12:08:47.027+0530] {dag.py:4180} INFO - Setting next_dagrun for example_subdag_operator to 2022-01-01 00:00:00+00:00, run_after=2022-01-01 00:00:00+00:00
[2026-01-07T12:08:47.030+0530] {logging_mixin.py:190} INFO - [2026-01-07T12:08:47.030+0530] {dag.py:4180} INFO - Setting next_dagrun for example_subdag_operator.section-1 to None, run_after=None
[2026-01-07T12:08:47.031+0530] {logging_mixin.py:190} INFO - [2026-01-07T12:08:47.031+0530] {dag.py:4180} INFO - Setting next_dagrun for example_subdag_operator.section-2 to None, run_after=None
[2026-01-07T12:08:47.036+0530] {logging_mixin.py:190} INFO - [2026-01-07T12:08:47.036+0530] {dag.py:3239} INFO - Sync 2 DAGs
[2026-01-07T12:08:47.040+0530] {logging_mixin.py:190} INFO - [2026-01-07T12:08:47.039+0530] {dag.py:4180} INFO - Setting next_dagrun for example_subdag_operator.section-1 to None, run_after=None
[2026-01-07T12:08:47.040+0530] {logging_mixin.py:190} INFO - [2026-01-07T12:08:47.040+0530] {dag.py:4180} INFO - Setting next_dagrun for example_subdag_operator.section-2 to None, run_after=None
[2026-01-07T12:08:47.053+0530] {processor.py:208} INFO - Processing /home/sneha/spotify_airflow_project/venv/lib/python3.12/site-packages/airflow/example_dags/example_subdag_operator.py took 0.096 seconds
[2026-01-07T12:09:38.137+0530] {processor.py:186} INFO - Started process (PID=18409) to work on /home/sneha/spotify_airflow_project/venv/lib/python3.12/site-packages/airflow/example_dags/example_subdag_operator.py
[2026-01-07T12:09:38.139+0530] {processor.py:914} INFO - Processing file /home/sneha/spotify_airflow_project/venv/lib/python3.12/site-packages/airflow/example_dags/example_subdag_operator.py for tasks to queue
[2026-01-07T12:09:38.142+0530] {logging_mixin.py:190} INFO - [2026-01-07T12:09:38.141+0530] {dagbag.py:588} INFO - Filling up the DagBag from /home/sneha/spotify_airflow_project/venv/lib/python3.12/site-packages/airflow/example_dags/example_subdag_operator.py
[2026-01-07T12:09:38.167+0530] {processor.py:925} INFO - DAG(s) 'example_subdag_operator.section-1', 'example_subdag_operator.section-2', 'example_subdag_operator' retrieved from /home/sneha/spotify_airflow_project/venv/lib/python3.12/site-packages/airflow/example_dags/example_subdag_operator.py
[2026-01-07T12:09:38.182+0530] {logging_mixin.py:190} INFO - [2026-01-07T12:09:38.182+0530] {dag.py:3239} INFO - Sync 3 DAGs
[2026-01-07T12:09:38.201+0530] {logging_mixin.py:190} INFO - [2026-01-07T12:09:38.200+0530] {dag.py:4180} INFO - Setting next_dagrun for example_subdag_operator to 2022-01-01 00:00:00+00:00, run_after=2022-01-01 00:00:00+00:00
[2026-01-07T12:09:38.203+0530] {logging_mixin.py:190} INFO - [2026-01-07T12:09:38.203+0530] {dag.py:4180} INFO - Setting next_dagrun for example_subdag_operator.section-1 to None, run_after=None
[2026-01-07T12:09:38.204+0530] {logging_mixin.py:190} INFO - [2026-01-07T12:09:38.204+0530] {dag.py:4180} INFO - Setting next_dagrun for example_subdag_operator.section-2 to None, run_after=None
[2026-01-07T12:09:38.209+0530] {logging_mixin.py:190} INFO - [2026-01-07T12:09:38.209+0530] {dag.py:3239} INFO - Sync 2 DAGs
[2026-01-07T12:09:38.213+0530] {logging_mixin.py:190} INFO - [2026-01-07T12:09:38.213+0530] {dag.py:4180} INFO - Setting next_dagrun for example_subdag_operator.section-1 to None, run_after=None
[2026-01-07T12:09:38.214+0530] {logging_mixin.py:190} INFO - [2026-01-07T12:09:38.214+0530] {dag.py:4180} INFO - Setting next_dagrun for example_subdag_operator.section-2 to None, run_after=None
[2026-01-07T12:09:38.225+0530] {processor.py:208} INFO - Processing /home/sneha/spotify_airflow_project/venv/lib/python3.12/site-packages/airflow/example_dags/example_subdag_operator.py took 0.102 seconds
[2026-01-07T12:10:30.619+0530] {processor.py:186} INFO - Started process (PID=18508) to work on /home/sneha/spotify_airflow_project/venv/lib/python3.12/site-packages/airflow/example_dags/example_subdag_operator.py
[2026-01-07T12:10:30.620+0530] {processor.py:914} INFO - Processing file /home/sneha/spotify_airflow_project/venv/lib/python3.12/site-packages/airflow/example_dags/example_subdag_operator.py for tasks to queue
[2026-01-07T12:10:30.622+0530] {logging_mixin.py:190} INFO - [2026-01-07T12:10:30.621+0530] {dagbag.py:588} INFO - Filling up the DagBag from /home/sneha/spotify_airflow_project/venv/lib/python3.12/site-packages/airflow/example_dags/example_subdag_operator.py
[2026-01-07T12:10:30.643+0530] {processor.py:925} INFO - DAG(s) 'example_subdag_operator.section-1', 'example_subdag_operator.section-2', 'example_subdag_operator' retrieved from /home/sneha/spotify_airflow_project/venv/lib/python3.12/site-packages/airflow/example_dags/example_subdag_operator.py
[2026-01-07T12:10:30.658+0530] {logging_mixin.py:190} INFO - [2026-01-07T12:10:30.657+0530] {dag.py:3239} INFO - Sync 3 DAGs
[2026-01-07T12:10:30.674+0530] {logging_mixin.py:190} INFO - [2026-01-07T12:10:30.674+0530] {dag.py:4180} INFO - Setting next_dagrun for example_subdag_operator to 2022-01-01 00:00:00+00:00, run_after=2022-01-01 00:00:00+00:00
[2026-01-07T12:10:30.677+0530] {logging_mixin.py:190} INFO - [2026-01-07T12:10:30.677+0530] {dag.py:4180} INFO - Setting next_dagrun for example_subdag_operator.section-1 to None, run_after=None
[2026-01-07T12:10:30.678+0530] {logging_mixin.py:190} INFO - [2026-01-07T12:10:30.678+0530] {dag.py:4180} INFO - Setting next_dagrun for example_subdag_operator.section-2 to None, run_after=None
[2026-01-07T12:10:30.683+0530] {logging_mixin.py:190} INFO - [2026-01-07T12:10:30.683+0530] {dag.py:3239} INFO - Sync 2 DAGs
[2026-01-07T12:10:30.687+0530] {logging_mixin.py:190} INFO - [2026-01-07T12:10:30.687+0530] {dag.py:4180} INFO - Setting next_dagrun for example_subdag_operator.section-1 to None, run_after=None
[2026-01-07T12:10:30.687+0530] {logging_mixin.py:190} INFO - [2026-01-07T12:10:30.687+0530] {dag.py:4180} INFO - Setting next_dagrun for example_subdag_operator.section-2 to None, run_after=None
[2026-01-07T12:10:30.701+0530] {processor.py:208} INFO - Processing /home/sneha/spotify_airflow_project/venv/lib/python3.12/site-packages/airflow/example_dags/example_subdag_operator.py took 0.091 seconds
[2026-01-07T12:11:23.491+0530] {processor.py:186} INFO - Started process (PID=18582) to work on /home/sneha/spotify_airflow_project/venv/lib/python3.12/site-packages/airflow/example_dags/example_subdag_operator.py
[2026-01-07T12:11:23.492+0530] {processor.py:914} INFO - Processing file /home/sneha/spotify_airflow_project/venv/lib/python3.12/site-packages/airflow/example_dags/example_subdag_operator.py for tasks to queue
[2026-01-07T12:11:23.493+0530] {logging_mixin.py:190} INFO - [2026-01-07T12:11:23.493+0530] {dagbag.py:588} INFO - Filling up the DagBag from /home/sneha/spotify_airflow_project/venv/lib/python3.12/site-packages/airflow/example_dags/example_subdag_operator.py
[2026-01-07T12:11:23.512+0530] {processor.py:925} INFO - DAG(s) 'example_subdag_operator.section-1', 'example_subdag_operator.section-2', 'example_subdag_operator' retrieved from /home/sneha/spotify_airflow_project/venv/lib/python3.12/site-packages/airflow/example_dags/example_subdag_operator.py
[2026-01-07T12:11:23.526+0530] {logging_mixin.py:190} INFO - [2026-01-07T12:11:23.526+0530] {dag.py:3239} INFO - Sync 3 DAGs
[2026-01-07T12:11:23.541+0530] {logging_mixin.py:190} INFO - [2026-01-07T12:11:23.541+0530] {dag.py:4180} INFO - Setting next_dagrun for example_subdag_operator to 2022-01-01 00:00:00+00:00, run_after=2022-01-01 00:00:00+00:00
[2026-01-07T12:11:23.545+0530] {logging_mixin.py:190} INFO - [2026-01-07T12:11:23.545+0530] {dag.py:4180} INFO - Setting next_dagrun for example_subdag_operator.section-1 to None, run_after=None
[2026-01-07T12:11:23.546+0530] {logging_mixin.py:190} INFO - [2026-01-07T12:11:23.546+0530] {dag.py:4180} INFO - Setting next_dagrun for example_subdag_operator.section-2 to None, run_after=None
[2026-01-07T12:11:23.550+0530] {logging_mixin.py:190} INFO - [2026-01-07T12:11:23.550+0530] {dag.py:3239} INFO - Sync 2 DAGs
[2026-01-07T12:11:23.554+0530] {logging_mixin.py:190} INFO - [2026-01-07T12:11:23.553+0530] {dag.py:4180} INFO - Setting next_dagrun for example_subdag_operator.section-1 to None, run_after=None
[2026-01-07T12:11:23.554+0530] {logging_mixin.py:190} INFO - [2026-01-07T12:11:23.554+0530] {dag.py:4180} INFO - Setting next_dagrun for example_subdag_operator.section-2 to None, run_after=None
[2026-01-07T12:11:23.564+0530] {processor.py:208} INFO - Processing /home/sneha/spotify_airflow_project/venv/lib/python3.12/site-packages/airflow/example_dags/example_subdag_operator.py took 0.085 seconds
[2026-01-07T12:12:17.337+0530] {processor.py:186} INFO - Started process (PID=18640) to work on /home/sneha/spotify_airflow_project/venv/lib/python3.12/site-packages/airflow/example_dags/example_subdag_operator.py
[2026-01-07T12:12:17.347+0530] {processor.py:914} INFO - Processing file /home/sneha/spotify_airflow_project/venv/lib/python3.12/site-packages/airflow/example_dags/example_subdag_operator.py for tasks to queue
[2026-01-07T12:12:17.349+0530] {logging_mixin.py:190} INFO - [2026-01-07T12:12:17.349+0530] {dagbag.py:588} INFO - Filling up the DagBag from /home/sneha/spotify_airflow_project/venv/lib/python3.12/site-packages/airflow/example_dags/example_subdag_operator.py
[2026-01-07T12:12:17.372+0530] {processor.py:925} INFO - DAG(s) 'example_subdag_operator.section-1', 'example_subdag_operator.section-2', 'example_subdag_operator' retrieved from /home/sneha/spotify_airflow_project/venv/lib/python3.12/site-packages/airflow/example_dags/example_subdag_operator.py
[2026-01-07T12:12:17.387+0530] {logging_mixin.py:190} INFO - [2026-01-07T12:12:17.387+0530] {dag.py:3239} INFO - Sync 3 DAGs
[2026-01-07T12:12:17.404+0530] {logging_mixin.py:190} INFO - [2026-01-07T12:12:17.403+0530] {dag.py:4180} INFO - Setting next_dagrun for example_subdag_operator to 2022-01-01 00:00:00+00:00, run_after=2022-01-01 00:00:00+00:00
[2026-01-07T12:12:17.406+0530] {logging_mixin.py:190} INFO - [2026-01-07T12:12:17.406+0530] {dag.py:4180} INFO - Setting next_dagrun for example_subdag_operator.section-1 to None, run_after=None
[2026-01-07T12:12:17.407+0530] {logging_mixin.py:190} INFO - [2026-01-07T12:12:17.407+0530] {dag.py:4180} INFO - Setting next_dagrun for example_subdag_operator.section-2 to None, run_after=None
[2026-01-07T12:12:17.413+0530] {logging_mixin.py:190} INFO - [2026-01-07T12:12:17.412+0530] {dag.py:3239} INFO - Sync 2 DAGs
[2026-01-07T12:12:17.416+0530] {logging_mixin.py:190} INFO - [2026-01-07T12:12:17.416+0530] {dag.py:4180} INFO - Setting next_dagrun for example_subdag_operator.section-1 to None, run_after=None
[2026-01-07T12:12:17.417+0530] {logging_mixin.py:190} INFO - [2026-01-07T12:12:17.417+0530] {dag.py:4180} INFO - Setting next_dagrun for example_subdag_operator.section-2 to None, run_after=None
[2026-01-07T12:12:17.429+0530] {processor.py:208} INFO - Processing /home/sneha/spotify_airflow_project/venv/lib/python3.12/site-packages/airflow/example_dags/example_subdag_operator.py took 0.104 seconds
[2026-01-07T12:13:09.546+0530] {processor.py:186} INFO - Started process (PID=18697) to work on /home/sneha/spotify_airflow_project/venv/lib/python3.12/site-packages/airflow/example_dags/example_subdag_operator.py
[2026-01-07T12:13:09.547+0530] {processor.py:914} INFO - Processing file /home/sneha/spotify_airflow_project/venv/lib/python3.12/site-packages/airflow/example_dags/example_subdag_operator.py for tasks to queue
[2026-01-07T12:13:09.548+0530] {logging_mixin.py:190} INFO - [2026-01-07T12:13:09.548+0530] {dagbag.py:588} INFO - Filling up the DagBag from /home/sneha/spotify_airflow_project/venv/lib/python3.12/site-packages/airflow/example_dags/example_subdag_operator.py
[2026-01-07T12:13:09.568+0530] {processor.py:925} INFO - DAG(s) 'example_subdag_operator.section-1', 'example_subdag_operator.section-2', 'example_subdag_operator' retrieved from /home/sneha/spotify_airflow_project/venv/lib/python3.12/site-packages/airflow/example_dags/example_subdag_operator.py
[2026-01-07T12:13:09.584+0530] {logging_mixin.py:190} INFO - [2026-01-07T12:13:09.583+0530] {dag.py:3239} INFO - Sync 3 DAGs
[2026-01-07T12:13:09.601+0530] {logging_mixin.py:190} INFO - [2026-01-07T12:13:09.601+0530] {dag.py:4180} INFO - Setting next_dagrun for example_subdag_operator to 2022-01-01 00:00:00+00:00, run_after=2022-01-01 00:00:00+00:00
[2026-01-07T12:13:09.604+0530] {logging_mixin.py:190} INFO - [2026-01-07T12:13:09.604+0530] {dag.py:4180} INFO - Setting next_dagrun for example_subdag_operator.section-1 to None, run_after=None
[2026-01-07T12:13:09.605+0530] {logging_mixin.py:190} INFO - [2026-01-07T12:13:09.605+0530] {dag.py:4180} INFO - Setting next_dagrun for example_subdag_operator.section-2 to None, run_after=None
[2026-01-07T12:13:09.610+0530] {logging_mixin.py:190} INFO - [2026-01-07T12:13:09.610+0530] {dag.py:3239} INFO - Sync 2 DAGs
[2026-01-07T12:13:09.614+0530] {logging_mixin.py:190} INFO - [2026-01-07T12:13:09.614+0530] {dag.py:4180} INFO - Setting next_dagrun for example_subdag_operator.section-1 to None, run_after=None
[2026-01-07T12:13:09.614+0530] {logging_mixin.py:190} INFO - [2026-01-07T12:13:09.614+0530] {dag.py:4180} INFO - Setting next_dagrun for example_subdag_operator.section-2 to None, run_after=None
[2026-01-07T12:13:09.626+0530] {processor.py:208} INFO - Processing /home/sneha/spotify_airflow_project/venv/lib/python3.12/site-packages/airflow/example_dags/example_subdag_operator.py took 0.087 seconds
[2026-01-07T12:14:02.580+0530] {processor.py:186} INFO - Started process (PID=18856) to work on /home/sneha/spotify_airflow_project/venv/lib/python3.12/site-packages/airflow/example_dags/example_subdag_operator.py
[2026-01-07T12:14:02.581+0530] {processor.py:914} INFO - Processing file /home/sneha/spotify_airflow_project/venv/lib/python3.12/site-packages/airflow/example_dags/example_subdag_operator.py for tasks to queue
[2026-01-07T12:14:02.582+0530] {logging_mixin.py:190} INFO - [2026-01-07T12:14:02.582+0530] {dagbag.py:588} INFO - Filling up the DagBag from /home/sneha/spotify_airflow_project/venv/lib/python3.12/site-packages/airflow/example_dags/example_subdag_operator.py
[2026-01-07T12:14:02.604+0530] {processor.py:925} INFO - DAG(s) 'example_subdag_operator.section-1', 'example_subdag_operator.section-2', 'example_subdag_operator' retrieved from /home/sneha/spotify_airflow_project/venv/lib/python3.12/site-packages/airflow/example_dags/example_subdag_operator.py
[2026-01-07T12:14:02.619+0530] {logging_mixin.py:190} INFO - [2026-01-07T12:14:02.619+0530] {dag.py:3239} INFO - Sync 3 DAGs
[2026-01-07T12:14:02.636+0530] {logging_mixin.py:190} INFO - [2026-01-07T12:14:02.635+0530] {dag.py:4180} INFO - Setting next_dagrun for example_subdag_operator to 2022-01-01 00:00:00+00:00, run_after=2022-01-01 00:00:00+00:00
[2026-01-07T12:14:02.639+0530] {logging_mixin.py:190} INFO - [2026-01-07T12:14:02.638+0530] {dag.py:4180} INFO - Setting next_dagrun for example_subdag_operator.section-1 to None, run_after=None
[2026-01-07T12:14:02.639+0530] {logging_mixin.py:190} INFO - [2026-01-07T12:14:02.639+0530] {dag.py:4180} INFO - Setting next_dagrun for example_subdag_operator.section-2 to None, run_after=None
[2026-01-07T12:14:02.644+0530] {logging_mixin.py:190} INFO - [2026-01-07T12:14:02.644+0530] {dag.py:3239} INFO - Sync 2 DAGs
[2026-01-07T12:14:02.648+0530] {logging_mixin.py:190} INFO - [2026-01-07T12:14:02.648+0530] {dag.py:4180} INFO - Setting next_dagrun for example_subdag_operator.section-1 to None, run_after=None
[2026-01-07T12:14:02.648+0530] {logging_mixin.py:190} INFO - [2026-01-07T12:14:02.648+0530] {dag.py:4180} INFO - Setting next_dagrun for example_subdag_operator.section-2 to None, run_after=None
[2026-01-07T12:14:02.660+0530] {processor.py:208} INFO - Processing /home/sneha/spotify_airflow_project/venv/lib/python3.12/site-packages/airflow/example_dags/example_subdag_operator.py took 0.086 seconds
[2026-01-07T12:14:58.097+0530] {processor.py:186} INFO - Started process (PID=18929) to work on /home/sneha/spotify_airflow_project/venv/lib/python3.12/site-packages/airflow/example_dags/example_subdag_operator.py
[2026-01-07T12:14:58.108+0530] {processor.py:914} INFO - Processing file /home/sneha/spotify_airflow_project/venv/lib/python3.12/site-packages/airflow/example_dags/example_subdag_operator.py for tasks to queue
[2026-01-07T12:14:58.110+0530] {logging_mixin.py:190} INFO - [2026-01-07T12:14:58.109+0530] {dagbag.py:588} INFO - Filling up the DagBag from /home/sneha/spotify_airflow_project/venv/lib/python3.12/site-packages/airflow/example_dags/example_subdag_operator.py
[2026-01-07T12:14:58.135+0530] {processor.py:925} INFO - DAG(s) 'example_subdag_operator.section-1', 'example_subdag_operator.section-2', 'example_subdag_operator' retrieved from /home/sneha/spotify_airflow_project/venv/lib/python3.12/site-packages/airflow/example_dags/example_subdag_operator.py
[2026-01-07T12:14:58.151+0530] {logging_mixin.py:190} INFO - [2026-01-07T12:14:58.151+0530] {dag.py:3239} INFO - Sync 3 DAGs
[2026-01-07T12:14:58.168+0530] {logging_mixin.py:190} INFO - [2026-01-07T12:14:58.167+0530] {dag.py:4180} INFO - Setting next_dagrun for example_subdag_operator to 2022-01-01 00:00:00+00:00, run_after=2022-01-01 00:00:00+00:00
[2026-01-07T12:14:58.170+0530] {logging_mixin.py:190} INFO - [2026-01-07T12:14:58.170+0530] {dag.py:4180} INFO - Setting next_dagrun for example_subdag_operator.section-1 to None, run_after=None
[2026-01-07T12:14:58.171+0530] {logging_mixin.py:190} INFO - [2026-01-07T12:14:58.171+0530] {dag.py:4180} INFO - Setting next_dagrun for example_subdag_operator.section-2 to None, run_after=None
[2026-01-07T12:14:58.176+0530] {logging_mixin.py:190} INFO - [2026-01-07T12:14:58.176+0530] {dag.py:3239} INFO - Sync 2 DAGs
[2026-01-07T12:14:58.180+0530] {logging_mixin.py:190} INFO - [2026-01-07T12:14:58.180+0530] {dag.py:4180} INFO - Setting next_dagrun for example_subdag_operator.section-1 to None, run_after=None
[2026-01-07T12:14:58.180+0530] {logging_mixin.py:190} INFO - [2026-01-07T12:14:58.180+0530] {dag.py:4180} INFO - Setting next_dagrun for example_subdag_operator.section-2 to None, run_after=None
[2026-01-07T12:14:58.196+0530] {processor.py:208} INFO - Processing /home/sneha/spotify_airflow_project/venv/lib/python3.12/site-packages/airflow/example_dags/example_subdag_operator.py took 0.109 seconds
[2026-01-07T12:15:51.525+0530] {processor.py:186} INFO - Started process (PID=19007) to work on /home/sneha/spotify_airflow_project/venv/lib/python3.12/site-packages/airflow/example_dags/example_subdag_operator.py
[2026-01-07T12:15:51.527+0530] {processor.py:914} INFO - Processing file /home/sneha/spotify_airflow_project/venv/lib/python3.12/site-packages/airflow/example_dags/example_subdag_operator.py for tasks to queue
[2026-01-07T12:15:51.528+0530] {logging_mixin.py:190} INFO - [2026-01-07T12:15:51.528+0530] {dagbag.py:588} INFO - Filling up the DagBag from /home/sneha/spotify_airflow_project/venv/lib/python3.12/site-packages/airflow/example_dags/example_subdag_operator.py
[2026-01-07T12:15:51.551+0530] {processor.py:925} INFO - DAG(s) 'example_subdag_operator.section-1', 'example_subdag_operator.section-2', 'example_subdag_operator' retrieved from /home/sneha/spotify_airflow_project/venv/lib/python3.12/site-packages/airflow/example_dags/example_subdag_operator.py
[2026-01-07T12:15:51.568+0530] {logging_mixin.py:190} INFO - [2026-01-07T12:15:51.568+0530] {dag.py:3239} INFO - Sync 3 DAGs
[2026-01-07T12:15:51.586+0530] {logging_mixin.py:190} INFO - [2026-01-07T12:15:51.586+0530] {dag.py:4180} INFO - Setting next_dagrun for example_subdag_operator to 2022-01-01 00:00:00+00:00, run_after=2022-01-01 00:00:00+00:00
[2026-01-07T12:15:51.589+0530] {logging_mixin.py:190} INFO - [2026-01-07T12:15:51.589+0530] {dag.py:4180} INFO - Setting next_dagrun for example_subdag_operator.section-1 to None, run_after=None
[2026-01-07T12:15:51.590+0530] {logging_mixin.py:190} INFO - [2026-01-07T12:15:51.590+0530] {dag.py:4180} INFO - Setting next_dagrun for example_subdag_operator.section-2 to None, run_after=None
[2026-01-07T12:15:51.595+0530] {logging_mixin.py:190} INFO - [2026-01-07T12:15:51.595+0530] {dag.py:3239} INFO - Sync 2 DAGs
[2026-01-07T12:15:51.599+0530] {logging_mixin.py:190} INFO - [2026-01-07T12:15:51.599+0530] {dag.py:4180} INFO - Setting next_dagrun for example_subdag_operator.section-1 to None, run_after=None
[2026-01-07T12:15:51.599+0530] {logging_mixin.py:190} INFO - [2026-01-07T12:15:51.599+0530] {dag.py:4180} INFO - Setting next_dagrun for example_subdag_operator.section-2 to None, run_after=None
[2026-01-07T12:15:51.611+0530] {processor.py:208} INFO - Processing /home/sneha/spotify_airflow_project/venv/lib/python3.12/site-packages/airflow/example_dags/example_subdag_operator.py took 0.099 seconds
[2026-01-07T12:16:46.386+0530] {processor.py:186} INFO - Started process (PID=19067) to work on /home/sneha/spotify_airflow_project/venv/lib/python3.12/site-packages/airflow/example_dags/example_subdag_operator.py
[2026-01-07T12:16:46.387+0530] {processor.py:914} INFO - Processing file /home/sneha/spotify_airflow_project/venv/lib/python3.12/site-packages/airflow/example_dags/example_subdag_operator.py for tasks to queue
[2026-01-07T12:16:46.389+0530] {logging_mixin.py:190} INFO - [2026-01-07T12:16:46.389+0530] {dagbag.py:588} INFO - Filling up the DagBag from /home/sneha/spotify_airflow_project/venv/lib/python3.12/site-packages/airflow/example_dags/example_subdag_operator.py
[2026-01-07T12:16:46.409+0530] {processor.py:925} INFO - DAG(s) 'example_subdag_operator.section-1', 'example_subdag_operator.section-2', 'example_subdag_operator' retrieved from /home/sneha/spotify_airflow_project/venv/lib/python3.12/site-packages/airflow/example_dags/example_subdag_operator.py
[2026-01-07T12:16:46.425+0530] {logging_mixin.py:190} INFO - [2026-01-07T12:16:46.425+0530] {dag.py:3239} INFO - Sync 3 DAGs
[2026-01-07T12:16:46.444+0530] {logging_mixin.py:190} INFO - [2026-01-07T12:16:46.444+0530] {dag.py:4180} INFO - Setting next_dagrun for example_subdag_operator to 2022-01-01 00:00:00+00:00, run_after=2022-01-01 00:00:00+00:00
[2026-01-07T12:16:46.447+0530] {logging_mixin.py:190} INFO - [2026-01-07T12:16:46.446+0530] {dag.py:4180} INFO - Setting next_dagrun for example_subdag_operator.section-1 to None, run_after=None
[2026-01-07T12:16:46.448+0530] {logging_mixin.py:190} INFO - [2026-01-07T12:16:46.447+0530] {dag.py:4180} INFO - Setting next_dagrun for example_subdag_operator.section-2 to None, run_after=None
[2026-01-07T12:16:46.452+0530] {logging_mixin.py:190} INFO - [2026-01-07T12:16:46.452+0530] {dag.py:3239} INFO - Sync 2 DAGs
[2026-01-07T12:16:46.456+0530] {logging_mixin.py:190} INFO - [2026-01-07T12:16:46.456+0530] {dag.py:4180} INFO - Setting next_dagrun for example_subdag_operator.section-1 to None, run_after=None
[2026-01-07T12:16:46.457+0530] {logging_mixin.py:190} INFO - [2026-01-07T12:16:46.456+0530] {dag.py:4180} INFO - Setting next_dagrun for example_subdag_operator.section-2 to None, run_after=None
[2026-01-07T12:16:46.469+0530] {processor.py:208} INFO - Processing /home/sneha/spotify_airflow_project/venv/lib/python3.12/site-packages/airflow/example_dags/example_subdag_operator.py took 0.095 seconds
[2026-01-07T12:17:42.550+0530] {processor.py:186} INFO - Started process (PID=19129) to work on /home/sneha/spotify_airflow_project/venv/lib/python3.12/site-packages/airflow/example_dags/example_subdag_operator.py
[2026-01-07T12:17:42.552+0530] {processor.py:914} INFO - Processing file /home/sneha/spotify_airflow_project/venv/lib/python3.12/site-packages/airflow/example_dags/example_subdag_operator.py for tasks to queue
[2026-01-07T12:17:42.553+0530] {logging_mixin.py:190} INFO - [2026-01-07T12:17:42.553+0530] {dagbag.py:588} INFO - Filling up the DagBag from /home/sneha/spotify_airflow_project/venv/lib/python3.12/site-packages/airflow/example_dags/example_subdag_operator.py
[2026-01-07T12:17:42.576+0530] {processor.py:925} INFO - DAG(s) 'example_subdag_operator.section-1', 'example_subdag_operator.section-2', 'example_subdag_operator' retrieved from /home/sneha/spotify_airflow_project/venv/lib/python3.12/site-packages/airflow/example_dags/example_subdag_operator.py
[2026-01-07T12:17:42.592+0530] {logging_mixin.py:190} INFO - [2026-01-07T12:17:42.592+0530] {dag.py:3239} INFO - Sync 3 DAGs
[2026-01-07T12:17:42.610+0530] {logging_mixin.py:190} INFO - [2026-01-07T12:17:42.610+0530] {dag.py:4180} INFO - Setting next_dagrun for example_subdag_operator to 2022-01-01 00:00:00+00:00, run_after=2022-01-01 00:00:00+00:00
[2026-01-07T12:17:42.613+0530] {logging_mixin.py:190} INFO - [2026-01-07T12:17:42.612+0530] {dag.py:4180} INFO - Setting next_dagrun for example_subdag_operator.section-1 to None, run_after=None
[2026-01-07T12:17:42.614+0530] {logging_mixin.py:190} INFO - [2026-01-07T12:17:42.613+0530] {dag.py:4180} INFO - Setting next_dagrun for example_subdag_operator.section-2 to None, run_after=None
[2026-01-07T12:17:42.619+0530] {logging_mixin.py:190} INFO - [2026-01-07T12:17:42.619+0530] {dag.py:3239} INFO - Sync 2 DAGs
[2026-01-07T12:17:42.624+0530] {logging_mixin.py:190} INFO - [2026-01-07T12:17:42.623+0530] {dag.py:4180} INFO - Setting next_dagrun for example_subdag_operator.section-1 to None, run_after=None
[2026-01-07T12:17:42.624+0530] {logging_mixin.py:190} INFO - [2026-01-07T12:17:42.624+0530] {dag.py:4180} INFO - Setting next_dagrun for example_subdag_operator.section-2 to None, run_after=None
[2026-01-07T12:17:42.637+0530] {processor.py:208} INFO - Processing /home/sneha/spotify_airflow_project/venv/lib/python3.12/site-packages/airflow/example_dags/example_subdag_operator.py took 0.100 seconds
[2026-01-07T12:18:38.309+0530] {processor.py:186} INFO - Started process (PID=19220) to work on /home/sneha/spotify_airflow_project/venv/lib/python3.12/site-packages/airflow/example_dags/example_subdag_operator.py
[2026-01-07T12:18:38.320+0530] {processor.py:914} INFO - Processing file /home/sneha/spotify_airflow_project/venv/lib/python3.12/site-packages/airflow/example_dags/example_subdag_operator.py for tasks to queue
[2026-01-07T12:18:38.322+0530] {logging_mixin.py:190} INFO - [2026-01-07T12:18:38.321+0530] {dagbag.py:588} INFO - Filling up the DagBag from /home/sneha/spotify_airflow_project/venv/lib/python3.12/site-packages/airflow/example_dags/example_subdag_operator.py
[2026-01-07T12:18:38.354+0530] {processor.py:925} INFO - DAG(s) 'example_subdag_operator.section-1', 'example_subdag_operator.section-2', 'example_subdag_operator' retrieved from /home/sneha/spotify_airflow_project/venv/lib/python3.12/site-packages/airflow/example_dags/example_subdag_operator.py
[2026-01-07T12:18:38.377+0530] {logging_mixin.py:190} INFO - [2026-01-07T12:18:38.376+0530] {dag.py:3239} INFO - Sync 3 DAGs
[2026-01-07T12:18:38.400+0530] {logging_mixin.py:190} INFO - [2026-01-07T12:18:38.400+0530] {dag.py:4180} INFO - Setting next_dagrun for example_subdag_operator to 2022-01-01 00:00:00+00:00, run_after=2022-01-01 00:00:00+00:00
[2026-01-07T12:18:38.403+0530] {logging_mixin.py:190} INFO - [2026-01-07T12:18:38.403+0530] {dag.py:4180} INFO - Setting next_dagrun for example_subdag_operator.section-1 to None, run_after=None
[2026-01-07T12:18:38.404+0530] {logging_mixin.py:190} INFO - [2026-01-07T12:18:38.404+0530] {dag.py:4180} INFO - Setting next_dagrun for example_subdag_operator.section-2 to None, run_after=None
[2026-01-07T12:18:38.409+0530] {logging_mixin.py:190} INFO - [2026-01-07T12:18:38.408+0530] {dag.py:3239} INFO - Sync 2 DAGs
[2026-01-07T12:18:38.414+0530] {logging_mixin.py:190} INFO - [2026-01-07T12:18:38.413+0530] {dag.py:4180} INFO - Setting next_dagrun for example_subdag_operator.section-1 to None, run_after=None
[2026-01-07T12:18:38.414+0530] {logging_mixin.py:190} INFO - [2026-01-07T12:18:38.414+0530] {dag.py:4180} INFO - Setting next_dagrun for example_subdag_operator.section-2 to None, run_after=None
[2026-01-07T12:18:38.425+0530] {processor.py:208} INFO - Processing /home/sneha/spotify_airflow_project/venv/lib/python3.12/site-packages/airflow/example_dags/example_subdag_operator.py took 0.129 seconds
[2026-01-07T12:19:35.710+0530] {processor.py:186} INFO - Started process (PID=19347) to work on /home/sneha/spotify_airflow_project/venv/lib/python3.12/site-packages/airflow/example_dags/example_subdag_operator.py
[2026-01-07T12:19:35.712+0530] {processor.py:914} INFO - Processing file /home/sneha/spotify_airflow_project/venv/lib/python3.12/site-packages/airflow/example_dags/example_subdag_operator.py for tasks to queue
[2026-01-07T12:19:35.716+0530] {logging_mixin.py:190} INFO - [2026-01-07T12:19:35.715+0530] {dagbag.py:588} INFO - Filling up the DagBag from /home/sneha/spotify_airflow_project/venv/lib/python3.12/site-packages/airflow/example_dags/example_subdag_operator.py
[2026-01-07T12:19:35.740+0530] {processor.py:925} INFO - DAG(s) 'example_subdag_operator.section-1', 'example_subdag_operator.section-2', 'example_subdag_operator' retrieved from /home/sneha/spotify_airflow_project/venv/lib/python3.12/site-packages/airflow/example_dags/example_subdag_operator.py
[2026-01-07T12:19:35.757+0530] {logging_mixin.py:190} INFO - [2026-01-07T12:19:35.756+0530] {dag.py:3239} INFO - Sync 3 DAGs
[2026-01-07T12:19:35.778+0530] {logging_mixin.py:190} INFO - [2026-01-07T12:19:35.778+0530] {dag.py:4180} INFO - Setting next_dagrun for example_subdag_operator to 2022-01-01 00:00:00+00:00, run_after=2022-01-01 00:00:00+00:00
[2026-01-07T12:19:35.781+0530] {logging_mixin.py:190} INFO - [2026-01-07T12:19:35.781+0530] {dag.py:4180} INFO - Setting next_dagrun for example_subdag_operator.section-1 to None, run_after=None
[2026-01-07T12:19:35.783+0530] {logging_mixin.py:190} INFO - [2026-01-07T12:19:35.782+0530] {dag.py:4180} INFO - Setting next_dagrun for example_subdag_operator.section-2 to None, run_after=None
[2026-01-07T12:19:35.790+0530] {logging_mixin.py:190} INFO - [2026-01-07T12:19:35.790+0530] {dag.py:3239} INFO - Sync 2 DAGs
[2026-01-07T12:19:35.796+0530] {logging_mixin.py:190} INFO - [2026-01-07T12:19:35.795+0530] {dag.py:4180} INFO - Setting next_dagrun for example_subdag_operator.section-1 to None, run_after=None
[2026-01-07T12:19:35.796+0530] {logging_mixin.py:190} INFO - [2026-01-07T12:19:35.796+0530] {dag.py:4180} INFO - Setting next_dagrun for example_subdag_operator.section-2 to None, run_after=None
[2026-01-07T12:19:35.810+0530] {processor.py:208} INFO - Processing /home/sneha/spotify_airflow_project/venv/lib/python3.12/site-packages/airflow/example_dags/example_subdag_operator.py took 0.109 seconds
