[2026-01-07T11:47:11.597+0530] {processor.py:186} INFO - Started process (PID=7284) to work on /home/sneha/spotify_astro_project/venv/lib/python3.12/site-packages/airflow/example_dags/example_trigger_target_dag.py
[2026-01-07T11:47:11.599+0530] {processor.py:914} INFO - Processing file /home/sneha/spotify_astro_project/venv/lib/python3.12/site-packages/airflow/example_dags/example_trigger_target_dag.py for tasks to queue
[2026-01-07T11:47:11.601+0530] {logging_mixin.py:190} INFO - [2026-01-07T11:47:11.600+0530] {dagbag.py:588} INFO - Filling up the DagBag from /home/sneha/spotify_astro_project/venv/lib/python3.12/site-packages/airflow/example_dags/example_trigger_target_dag.py
[2026-01-07T11:47:11.608+0530] {processor.py:925} INFO - DAG(s) 'example_trigger_target_dag' retrieved from /home/sneha/spotify_astro_project/venv/lib/python3.12/site-packages/airflow/example_dags/example_trigger_target_dag.py
[2026-01-07T11:47:11.705+0530] {logging_mixin.py:190} INFO - [2026-01-07T11:47:11.705+0530] {dag.py:3239} INFO - Sync 1 DAGs
[2026-01-07T11:47:11.714+0530] {logging_mixin.py:190} INFO - [2026-01-07T11:47:11.714+0530] {dag.py:4180} INFO - Setting next_dagrun for example_trigger_target_dag to None, run_after=None
[2026-01-07T11:47:11.744+0530] {processor.py:208} INFO - Processing /home/sneha/spotify_astro_project/venv/lib/python3.12/site-packages/airflow/example_dags/example_trigger_target_dag.py took 0.159 seconds
[2026-01-07T11:48:17.263+0530] {processor.py:186} INFO - Started process (PID=7738) to work on /home/sneha/spotify_astro_project/venv/lib/python3.12/site-packages/airflow/example_dags/example_trigger_target_dag.py
[2026-01-07T11:48:17.264+0530] {processor.py:914} INFO - Processing file /home/sneha/spotify_astro_project/venv/lib/python3.12/site-packages/airflow/example_dags/example_trigger_target_dag.py for tasks to queue
[2026-01-07T11:48:17.265+0530] {logging_mixin.py:190} INFO - [2026-01-07T11:48:17.265+0530] {dagbag.py:588} INFO - Filling up the DagBag from /home/sneha/spotify_astro_project/venv/lib/python3.12/site-packages/airflow/example_dags/example_trigger_target_dag.py
[2026-01-07T11:48:17.271+0530] {processor.py:925} INFO - DAG(s) 'example_trigger_target_dag' retrieved from /home/sneha/spotify_astro_project/venv/lib/python3.12/site-packages/airflow/example_dags/example_trigger_target_dag.py
[2026-01-07T11:48:17.294+0530] {logging_mixin.py:190} INFO - [2026-01-07T11:48:17.294+0530] {dag.py:3239} INFO - Sync 1 DAGs
[2026-01-07T11:48:17.309+0530] {logging_mixin.py:190} INFO - [2026-01-07T11:48:17.309+0530] {dag.py:4180} INFO - Setting next_dagrun for example_trigger_target_dag to None, run_after=None
[2026-01-07T11:48:17.331+0530] {processor.py:208} INFO - Processing /home/sneha/spotify_astro_project/venv/lib/python3.12/site-packages/airflow/example_dags/example_trigger_target_dag.py took 0.075 seconds
[2026-01-07T11:49:17.283+0530] {processor.py:186} INFO - Started process (PID=8159) to work on /home/sneha/spotify_astro_project/venv/lib/python3.12/site-packages/airflow/example_dags/example_trigger_target_dag.py
[2026-01-07T11:49:17.285+0530] {processor.py:914} INFO - Processing file /home/sneha/spotify_astro_project/venv/lib/python3.12/site-packages/airflow/example_dags/example_trigger_target_dag.py for tasks to queue
[2026-01-07T11:49:17.288+0530] {logging_mixin.py:190} INFO - [2026-01-07T11:49:17.287+0530] {dagbag.py:588} INFO - Filling up the DagBag from /home/sneha/spotify_astro_project/venv/lib/python3.12/site-packages/airflow/example_dags/example_trigger_target_dag.py
[2026-01-07T11:49:17.294+0530] {processor.py:925} INFO - DAG(s) 'example_trigger_target_dag' retrieved from /home/sneha/spotify_astro_project/venv/lib/python3.12/site-packages/airflow/example_dags/example_trigger_target_dag.py
[2026-01-07T11:49:17.311+0530] {logging_mixin.py:190} INFO - [2026-01-07T11:49:17.310+0530] {dag.py:3239} INFO - Sync 1 DAGs
[2026-01-07T11:49:17.322+0530] {logging_mixin.py:190} INFO - [2026-01-07T11:49:17.322+0530] {dag.py:4180} INFO - Setting next_dagrun for example_trigger_target_dag to None, run_after=None
[2026-01-07T11:49:17.340+0530] {processor.py:208} INFO - Processing /home/sneha/spotify_astro_project/venv/lib/python3.12/site-packages/airflow/example_dags/example_trigger_target_dag.py took 0.068 seconds
[2026-01-07T11:50:25.687+0530] {processor.py:186} INFO - Started process (PID=8671) to work on /home/sneha/spotify_astro_project/venv/lib/python3.12/site-packages/airflow/example_dags/example_trigger_target_dag.py
[2026-01-07T11:50:25.689+0530] {processor.py:914} INFO - Processing file /home/sneha/spotify_astro_project/venv/lib/python3.12/site-packages/airflow/example_dags/example_trigger_target_dag.py for tasks to queue
[2026-01-07T11:50:25.824+0530] {logging_mixin.py:190} INFO - [2026-01-07T11:50:25.824+0530] {dagbag.py:588} INFO - Filling up the DagBag from /home/sneha/spotify_astro_project/venv/lib/python3.12/site-packages/airflow/example_dags/example_trigger_target_dag.py
[2026-01-07T11:50:25.827+0530] {processor.py:925} INFO - DAG(s) 'example_trigger_target_dag' retrieved from /home/sneha/spotify_astro_project/venv/lib/python3.12/site-packages/airflow/example_dags/example_trigger_target_dag.py
[2026-01-07T11:50:25.838+0530] {logging_mixin.py:190} INFO - [2026-01-07T11:50:25.838+0530] {dag.py:3239} INFO - Sync 1 DAGs
[2026-01-07T11:50:25.847+0530] {logging_mixin.py:190} INFO - [2026-01-07T11:50:25.847+0530] {dag.py:4180} INFO - Setting next_dagrun for example_trigger_target_dag to None, run_after=None
[2026-01-07T11:50:25.863+0530] {processor.py:208} INFO - Processing /home/sneha/spotify_astro_project/venv/lib/python3.12/site-packages/airflow/example_dags/example_trigger_target_dag.py took 0.188 seconds
[2026-01-07T11:57:23.634+0530] {processor.py:186} INFO - Started process (PID=16996) to work on /home/sneha/spotify_airflow_project/venv/lib/python3.12/site-packages/airflow/example_dags/example_trigger_target_dag.py
[2026-01-07T11:57:23.635+0530] {processor.py:914} INFO - Processing file /home/sneha/spotify_airflow_project/venv/lib/python3.12/site-packages/airflow/example_dags/example_trigger_target_dag.py for tasks to queue
[2026-01-07T11:57:23.636+0530] {logging_mixin.py:190} INFO - [2026-01-07T11:57:23.636+0530] {dagbag.py:588} INFO - Filling up the DagBag from /home/sneha/spotify_airflow_project/venv/lib/python3.12/site-packages/airflow/example_dags/example_trigger_target_dag.py
[2026-01-07T11:57:23.642+0530] {processor.py:925} INFO - DAG(s) 'example_trigger_target_dag' retrieved from /home/sneha/spotify_airflow_project/venv/lib/python3.12/site-packages/airflow/example_dags/example_trigger_target_dag.py
[2026-01-07T11:57:23.781+0530] {logging_mixin.py:190} INFO - [2026-01-07T11:57:23.780+0530] {dag.py:3239} INFO - Sync 1 DAGs
[2026-01-07T11:57:23.790+0530] {logging_mixin.py:190} INFO - [2026-01-07T11:57:23.790+0530] {dag.py:4180} INFO - Setting next_dagrun for example_trigger_target_dag to None, run_after=None
[2026-01-07T11:57:23.809+0530] {processor.py:208} INFO - Processing /home/sneha/spotify_airflow_project/venv/lib/python3.12/site-packages/airflow/example_dags/example_trigger_target_dag.py took 0.184 seconds
[2026-01-07T11:58:26.178+0530] {processor.py:186} INFO - Started process (PID=17206) to work on /home/sneha/spotify_airflow_project/venv/lib/python3.12/site-packages/airflow/example_dags/example_trigger_target_dag.py
[2026-01-07T11:58:26.179+0530] {processor.py:914} INFO - Processing file /home/sneha/spotify_airflow_project/venv/lib/python3.12/site-packages/airflow/example_dags/example_trigger_target_dag.py for tasks to queue
[2026-01-07T11:58:26.181+0530] {logging_mixin.py:190} INFO - [2026-01-07T11:58:26.180+0530] {dagbag.py:588} INFO - Filling up the DagBag from /home/sneha/spotify_airflow_project/venv/lib/python3.12/site-packages/airflow/example_dags/example_trigger_target_dag.py
[2026-01-07T11:58:26.186+0530] {processor.py:925} INFO - DAG(s) 'example_trigger_target_dag' retrieved from /home/sneha/spotify_airflow_project/venv/lib/python3.12/site-packages/airflow/example_dags/example_trigger_target_dag.py
[2026-01-07T11:58:26.201+0530] {logging_mixin.py:190} INFO - [2026-01-07T11:58:26.201+0530] {dag.py:3239} INFO - Sync 1 DAGs
[2026-01-07T11:58:26.213+0530] {logging_mixin.py:190} INFO - [2026-01-07T11:58:26.212+0530] {dag.py:4180} INFO - Setting next_dagrun for example_trigger_target_dag to None, run_after=None
[2026-01-07T11:58:26.230+0530] {processor.py:208} INFO - Processing /home/sneha/spotify_airflow_project/venv/lib/python3.12/site-packages/airflow/example_dags/example_trigger_target_dag.py took 0.065 seconds
[2026-01-07T11:59:21.147+0530] {processor.py:186} INFO - Started process (PID=17266) to work on /home/sneha/spotify_airflow_project/venv/lib/python3.12/site-packages/airflow/example_dags/example_trigger_target_dag.py
[2026-01-07T11:59:21.149+0530] {processor.py:914} INFO - Processing file /home/sneha/spotify_airflow_project/venv/lib/python3.12/site-packages/airflow/example_dags/example_trigger_target_dag.py for tasks to queue
[2026-01-07T11:59:21.151+0530] {logging_mixin.py:190} INFO - [2026-01-07T11:59:21.150+0530] {dagbag.py:588} INFO - Filling up the DagBag from /home/sneha/spotify_airflow_project/venv/lib/python3.12/site-packages/airflow/example_dags/example_trigger_target_dag.py
[2026-01-07T11:59:21.156+0530] {processor.py:925} INFO - DAG(s) 'example_trigger_target_dag' retrieved from /home/sneha/spotify_airflow_project/venv/lib/python3.12/site-packages/airflow/example_dags/example_trigger_target_dag.py
[2026-01-07T11:59:21.171+0530] {logging_mixin.py:190} INFO - [2026-01-07T11:59:21.171+0530] {dag.py:3239} INFO - Sync 1 DAGs
[2026-01-07T11:59:21.183+0530] {logging_mixin.py:190} INFO - [2026-01-07T11:59:21.183+0530] {dag.py:4180} INFO - Setting next_dagrun for example_trigger_target_dag to None, run_after=None
[2026-01-07T11:59:21.203+0530] {processor.py:208} INFO - Processing /home/sneha/spotify_airflow_project/venv/lib/python3.12/site-packages/airflow/example_dags/example_trigger_target_dag.py took 0.068 seconds
[2026-01-07T12:00:16.339+0530] {processor.py:186} INFO - Started process (PID=17372) to work on /home/sneha/spotify_airflow_project/venv/lib/python3.12/site-packages/airflow/example_dags/example_trigger_target_dag.py
[2026-01-07T12:00:16.340+0530] {processor.py:914} INFO - Processing file /home/sneha/spotify_airflow_project/venv/lib/python3.12/site-packages/airflow/example_dags/example_trigger_target_dag.py for tasks to queue
[2026-01-07T12:00:16.342+0530] {logging_mixin.py:190} INFO - [2026-01-07T12:00:16.342+0530] {dagbag.py:588} INFO - Filling up the DagBag from /home/sneha/spotify_airflow_project/venv/lib/python3.12/site-packages/airflow/example_dags/example_trigger_target_dag.py
[2026-01-07T12:00:16.348+0530] {processor.py:925} INFO - DAG(s) 'example_trigger_target_dag' retrieved from /home/sneha/spotify_airflow_project/venv/lib/python3.12/site-packages/airflow/example_dags/example_trigger_target_dag.py
[2026-01-07T12:00:16.364+0530] {logging_mixin.py:190} INFO - [2026-01-07T12:00:16.363+0530] {dag.py:3239} INFO - Sync 1 DAGs
[2026-01-07T12:00:16.376+0530] {logging_mixin.py:190} INFO - [2026-01-07T12:00:16.376+0530] {dag.py:4180} INFO - Setting next_dagrun for example_trigger_target_dag to None, run_after=None
[2026-01-07T12:00:16.523+0530] {processor.py:208} INFO - Processing /home/sneha/spotify_airflow_project/venv/lib/python3.12/site-packages/airflow/example_dags/example_trigger_target_dag.py took 0.196 seconds
[2026-01-07T12:01:20.766+0530] {processor.py:186} INFO - Started process (PID=17464) to work on /home/sneha/spotify_airflow_project/venv/lib/python3.12/site-packages/airflow/example_dags/example_trigger_target_dag.py
[2026-01-07T12:01:20.767+0530] {processor.py:914} INFO - Processing file /home/sneha/spotify_airflow_project/venv/lib/python3.12/site-packages/airflow/example_dags/example_trigger_target_dag.py for tasks to queue
[2026-01-07T12:01:20.769+0530] {logging_mixin.py:190} INFO - [2026-01-07T12:01:20.768+0530] {dagbag.py:588} INFO - Filling up the DagBag from /home/sneha/spotify_airflow_project/venv/lib/python3.12/site-packages/airflow/example_dags/example_trigger_target_dag.py
[2026-01-07T12:01:20.774+0530] {processor.py:925} INFO - DAG(s) 'example_trigger_target_dag' retrieved from /home/sneha/spotify_airflow_project/venv/lib/python3.12/site-packages/airflow/example_dags/example_trigger_target_dag.py
[2026-01-07T12:01:20.791+0530] {logging_mixin.py:190} INFO - [2026-01-07T12:01:20.791+0530] {dag.py:3239} INFO - Sync 1 DAGs
[2026-01-07T12:01:20.804+0530] {logging_mixin.py:190} INFO - [2026-01-07T12:01:20.803+0530] {dag.py:4180} INFO - Setting next_dagrun for example_trigger_target_dag to None, run_after=None
[2026-01-07T12:01:20.825+0530] {processor.py:208} INFO - Processing /home/sneha/spotify_airflow_project/venv/lib/python3.12/site-packages/airflow/example_dags/example_trigger_target_dag.py took 0.071 seconds
[2026-01-07T12:02:19.287+0530] {processor.py:186} INFO - Started process (PID=17653) to work on /home/sneha/spotify_airflow_project/venv/lib/python3.12/site-packages/airflow/example_dags/example_trigger_target_dag.py
[2026-01-07T12:02:19.289+0530] {processor.py:914} INFO - Processing file /home/sneha/spotify_airflow_project/venv/lib/python3.12/site-packages/airflow/example_dags/example_trigger_target_dag.py for tasks to queue
[2026-01-07T12:02:19.292+0530] {logging_mixin.py:190} INFO - [2026-01-07T12:02:19.292+0530] {dagbag.py:588} INFO - Filling up the DagBag from /home/sneha/spotify_airflow_project/venv/lib/python3.12/site-packages/airflow/example_dags/example_trigger_target_dag.py
[2026-01-07T12:02:19.297+0530] {processor.py:925} INFO - DAG(s) 'example_trigger_target_dag' retrieved from /home/sneha/spotify_airflow_project/venv/lib/python3.12/site-packages/airflow/example_dags/example_trigger_target_dag.py
[2026-01-07T12:02:19.314+0530] {logging_mixin.py:190} INFO - [2026-01-07T12:02:19.314+0530] {dag.py:3239} INFO - Sync 1 DAGs
[2026-01-07T12:02:19.327+0530] {logging_mixin.py:190} INFO - [2026-01-07T12:02:19.327+0530] {dag.py:4180} INFO - Setting next_dagrun for example_trigger_target_dag to None, run_after=None
[2026-01-07T12:02:19.346+0530] {processor.py:208} INFO - Processing /home/sneha/spotify_airflow_project/venv/lib/python3.12/site-packages/airflow/example_dags/example_trigger_target_dag.py took 0.073 seconds
[2026-01-07T12:03:18.678+0530] {processor.py:186} INFO - Started process (PID=17713) to work on /home/sneha/spotify_airflow_project/venv/lib/python3.12/site-packages/airflow/example_dags/example_trigger_target_dag.py
[2026-01-07T12:03:18.679+0530] {processor.py:914} INFO - Processing file /home/sneha/spotify_airflow_project/venv/lib/python3.12/site-packages/airflow/example_dags/example_trigger_target_dag.py for tasks to queue
[2026-01-07T12:03:18.682+0530] {logging_mixin.py:190} INFO - [2026-01-07T12:03:18.681+0530] {dagbag.py:588} INFO - Filling up the DagBag from /home/sneha/spotify_airflow_project/venv/lib/python3.12/site-packages/airflow/example_dags/example_trigger_target_dag.py
[2026-01-07T12:03:18.687+0530] {processor.py:925} INFO - DAG(s) 'example_trigger_target_dag' retrieved from /home/sneha/spotify_airflow_project/venv/lib/python3.12/site-packages/airflow/example_dags/example_trigger_target_dag.py
[2026-01-07T12:03:18.704+0530] {logging_mixin.py:190} INFO - [2026-01-07T12:03:18.704+0530] {dag.py:3239} INFO - Sync 1 DAGs
[2026-01-07T12:03:18.716+0530] {logging_mixin.py:190} INFO - [2026-01-07T12:03:18.715+0530] {dag.py:4180} INFO - Setting next_dagrun for example_trigger_target_dag to None, run_after=None
[2026-01-07T12:03:18.733+0530] {processor.py:208} INFO - Processing /home/sneha/spotify_airflow_project/venv/lib/python3.12/site-packages/airflow/example_dags/example_trigger_target_dag.py took 0.068 seconds
[2026-01-07T12:04:15.353+0530] {processor.py:186} INFO - Started process (PID=18005) to work on /home/sneha/spotify_airflow_project/venv/lib/python3.12/site-packages/airflow/example_dags/example_trigger_target_dag.py
[2026-01-07T12:04:15.354+0530] {processor.py:914} INFO - Processing file /home/sneha/spotify_airflow_project/venv/lib/python3.12/site-packages/airflow/example_dags/example_trigger_target_dag.py for tasks to queue
[2026-01-07T12:04:15.357+0530] {logging_mixin.py:190} INFO - [2026-01-07T12:04:15.356+0530] {dagbag.py:588} INFO - Filling up the DagBag from /home/sneha/spotify_airflow_project/venv/lib/python3.12/site-packages/airflow/example_dags/example_trigger_target_dag.py
[2026-01-07T12:04:15.363+0530] {processor.py:925} INFO - DAG(s) 'example_trigger_target_dag' retrieved from /home/sneha/spotify_airflow_project/venv/lib/python3.12/site-packages/airflow/example_dags/example_trigger_target_dag.py
[2026-01-07T12:04:15.380+0530] {logging_mixin.py:190} INFO - [2026-01-07T12:04:15.380+0530] {dag.py:3239} INFO - Sync 1 DAGs
[2026-01-07T12:04:15.394+0530] {logging_mixin.py:190} INFO - [2026-01-07T12:04:15.394+0530] {dag.py:4180} INFO - Setting next_dagrun for example_trigger_target_dag to None, run_after=None
[2026-01-07T12:04:15.415+0530] {processor.py:208} INFO - Processing /home/sneha/spotify_airflow_project/venv/lib/python3.12/site-packages/airflow/example_dags/example_trigger_target_dag.py took 0.068 seconds
[2026-01-07T12:05:10.602+0530] {processor.py:186} INFO - Started process (PID=18100) to work on /home/sneha/spotify_airflow_project/venv/lib/python3.12/site-packages/airflow/example_dags/example_trigger_target_dag.py
[2026-01-07T12:05:10.603+0530] {processor.py:914} INFO - Processing file /home/sneha/spotify_airflow_project/venv/lib/python3.12/site-packages/airflow/example_dags/example_trigger_target_dag.py for tasks to queue
[2026-01-07T12:05:10.605+0530] {logging_mixin.py:190} INFO - [2026-01-07T12:05:10.604+0530] {dagbag.py:588} INFO - Filling up the DagBag from /home/sneha/spotify_airflow_project/venv/lib/python3.12/site-packages/airflow/example_dags/example_trigger_target_dag.py
[2026-01-07T12:05:10.610+0530] {processor.py:925} INFO - DAG(s) 'example_trigger_target_dag' retrieved from /home/sneha/spotify_airflow_project/venv/lib/python3.12/site-packages/airflow/example_dags/example_trigger_target_dag.py
[2026-01-07T12:05:10.628+0530] {logging_mixin.py:190} INFO - [2026-01-07T12:05:10.627+0530] {dag.py:3239} INFO - Sync 1 DAGs
[2026-01-07T12:05:10.641+0530] {logging_mixin.py:190} INFO - [2026-01-07T12:05:10.640+0530] {dag.py:4180} INFO - Setting next_dagrun for example_trigger_target_dag to None, run_after=None
[2026-01-07T12:05:10.663+0530] {processor.py:208} INFO - Processing /home/sneha/spotify_airflow_project/venv/lib/python3.12/site-packages/airflow/example_dags/example_trigger_target_dag.py took 0.074 seconds
[2026-01-07T12:06:03.787+0530] {processor.py:186} INFO - Started process (PID=18178) to work on /home/sneha/spotify_airflow_project/venv/lib/python3.12/site-packages/airflow/example_dags/example_trigger_target_dag.py
[2026-01-07T12:06:03.798+0530] {processor.py:914} INFO - Processing file /home/sneha/spotify_airflow_project/venv/lib/python3.12/site-packages/airflow/example_dags/example_trigger_target_dag.py for tasks to queue
[2026-01-07T12:06:03.800+0530] {logging_mixin.py:190} INFO - [2026-01-07T12:06:03.799+0530] {dagbag.py:588} INFO - Filling up the DagBag from /home/sneha/spotify_airflow_project/venv/lib/python3.12/site-packages/airflow/example_dags/example_trigger_target_dag.py
[2026-01-07T12:06:03.806+0530] {processor.py:925} INFO - DAG(s) 'example_trigger_target_dag' retrieved from /home/sneha/spotify_airflow_project/venv/lib/python3.12/site-packages/airflow/example_dags/example_trigger_target_dag.py
[2026-01-07T12:06:03.821+0530] {logging_mixin.py:190} INFO - [2026-01-07T12:06:03.821+0530] {dag.py:3239} INFO - Sync 1 DAGs
[2026-01-07T12:06:03.834+0530] {logging_mixin.py:190} INFO - [2026-01-07T12:06:03.834+0530] {dag.py:4180} INFO - Setting next_dagrun for example_trigger_target_dag to None, run_after=None
[2026-01-07T12:06:03.853+0530] {processor.py:208} INFO - Processing /home/sneha/spotify_airflow_project/venv/lib/python3.12/site-packages/airflow/example_dags/example_trigger_target_dag.py took 0.079 seconds
[2026-01-07T12:06:56.500+0530] {processor.py:186} INFO - Started process (PID=18234) to work on /home/sneha/spotify_airflow_project/venv/lib/python3.12/site-packages/airflow/example_dags/example_trigger_target_dag.py
[2026-01-07T12:06:56.501+0530] {processor.py:914} INFO - Processing file /home/sneha/spotify_airflow_project/venv/lib/python3.12/site-packages/airflow/example_dags/example_trigger_target_dag.py for tasks to queue
[2026-01-07T12:06:56.503+0530] {logging_mixin.py:190} INFO - [2026-01-07T12:06:56.502+0530] {dagbag.py:588} INFO - Filling up the DagBag from /home/sneha/spotify_airflow_project/venv/lib/python3.12/site-packages/airflow/example_dags/example_trigger_target_dag.py
[2026-01-07T12:06:56.508+0530] {processor.py:925} INFO - DAG(s) 'example_trigger_target_dag' retrieved from /home/sneha/spotify_airflow_project/venv/lib/python3.12/site-packages/airflow/example_dags/example_trigger_target_dag.py
[2026-01-07T12:06:56.524+0530] {logging_mixin.py:190} INFO - [2026-01-07T12:06:56.524+0530] {dag.py:3239} INFO - Sync 1 DAGs
[2026-01-07T12:06:56.537+0530] {logging_mixin.py:190} INFO - [2026-01-07T12:06:56.537+0530] {dag.py:4180} INFO - Setting next_dagrun for example_trigger_target_dag to None, run_after=None
[2026-01-07T12:06:56.556+0530] {processor.py:208} INFO - Processing /home/sneha/spotify_airflow_project/venv/lib/python3.12/site-packages/airflow/example_dags/example_trigger_target_dag.py took 0.068 seconds
[2026-01-07T12:07:49.819+0530] {processor.py:186} INFO - Started process (PID=18291) to work on /home/sneha/spotify_airflow_project/venv/lib/python3.12/site-packages/airflow/example_dags/example_trigger_target_dag.py
[2026-01-07T12:07:49.820+0530] {processor.py:914} INFO - Processing file /home/sneha/spotify_airflow_project/venv/lib/python3.12/site-packages/airflow/example_dags/example_trigger_target_dag.py for tasks to queue
[2026-01-07T12:07:49.822+0530] {logging_mixin.py:190} INFO - [2026-01-07T12:07:49.821+0530] {dagbag.py:588} INFO - Filling up the DagBag from /home/sneha/spotify_airflow_project/venv/lib/python3.12/site-packages/airflow/example_dags/example_trigger_target_dag.py
[2026-01-07T12:07:49.828+0530] {processor.py:925} INFO - DAG(s) 'example_trigger_target_dag' retrieved from /home/sneha/spotify_airflow_project/venv/lib/python3.12/site-packages/airflow/example_dags/example_trigger_target_dag.py
[2026-01-07T12:07:49.844+0530] {logging_mixin.py:190} INFO - [2026-01-07T12:07:49.844+0530] {dag.py:3239} INFO - Sync 1 DAGs
[2026-01-07T12:07:49.856+0530] {logging_mixin.py:190} INFO - [2026-01-07T12:07:49.856+0530] {dag.py:4180} INFO - Setting next_dagrun for example_trigger_target_dag to None, run_after=None
[2026-01-07T12:07:49.875+0530] {processor.py:208} INFO - Processing /home/sneha/spotify_airflow_project/venv/lib/python3.12/site-packages/airflow/example_dags/example_trigger_target_dag.py took 0.067 seconds
[2026-01-07T12:08:41.799+0530] {processor.py:186} INFO - Started process (PID=18347) to work on /home/sneha/spotify_airflow_project/venv/lib/python3.12/site-packages/airflow/example_dags/example_trigger_target_dag.py
[2026-01-07T12:08:41.811+0530] {processor.py:914} INFO - Processing file /home/sneha/spotify_airflow_project/venv/lib/python3.12/site-packages/airflow/example_dags/example_trigger_target_dag.py for tasks to queue
[2026-01-07T12:08:41.813+0530] {logging_mixin.py:190} INFO - [2026-01-07T12:08:41.813+0530] {dagbag.py:588} INFO - Filling up the DagBag from /home/sneha/spotify_airflow_project/venv/lib/python3.12/site-packages/airflow/example_dags/example_trigger_target_dag.py
[2026-01-07T12:08:41.820+0530] {processor.py:925} INFO - DAG(s) 'example_trigger_target_dag' retrieved from /home/sneha/spotify_airflow_project/venv/lib/python3.12/site-packages/airflow/example_dags/example_trigger_target_dag.py
[2026-01-07T12:08:41.836+0530] {logging_mixin.py:190} INFO - [2026-01-07T12:08:41.835+0530] {dag.py:3239} INFO - Sync 1 DAGs
[2026-01-07T12:08:41.848+0530] {logging_mixin.py:190} INFO - [2026-01-07T12:08:41.847+0530] {dag.py:4180} INFO - Setting next_dagrun for example_trigger_target_dag to None, run_after=None
[2026-01-07T12:08:41.866+0530] {processor.py:208} INFO - Processing /home/sneha/spotify_airflow_project/venv/lib/python3.12/site-packages/airflow/example_dags/example_trigger_target_dag.py took 0.078 seconds
[2026-01-07T12:09:33.025+0530] {processor.py:186} INFO - Started process (PID=18403) to work on /home/sneha/spotify_airflow_project/venv/lib/python3.12/site-packages/airflow/example_dags/example_trigger_target_dag.py
[2026-01-07T12:09:33.026+0530] {processor.py:914} INFO - Processing file /home/sneha/spotify_airflow_project/venv/lib/python3.12/site-packages/airflow/example_dags/example_trigger_target_dag.py for tasks to queue
[2026-01-07T12:09:33.028+0530] {logging_mixin.py:190} INFO - [2026-01-07T12:09:33.027+0530] {dagbag.py:588} INFO - Filling up the DagBag from /home/sneha/spotify_airflow_project/venv/lib/python3.12/site-packages/airflow/example_dags/example_trigger_target_dag.py
[2026-01-07T12:09:33.033+0530] {processor.py:925} INFO - DAG(s) 'example_trigger_target_dag' retrieved from /home/sneha/spotify_airflow_project/venv/lib/python3.12/site-packages/airflow/example_dags/example_trigger_target_dag.py
[2026-01-07T12:09:33.049+0530] {logging_mixin.py:190} INFO - [2026-01-07T12:09:33.049+0530] {dag.py:3239} INFO - Sync 1 DAGs
[2026-01-07T12:09:33.062+0530] {logging_mixin.py:190} INFO - [2026-01-07T12:09:33.061+0530] {dag.py:4180} INFO - Setting next_dagrun for example_trigger_target_dag to None, run_after=None
[2026-01-07T12:09:33.083+0530] {processor.py:208} INFO - Processing /home/sneha/spotify_airflow_project/venv/lib/python3.12/site-packages/airflow/example_dags/example_trigger_target_dag.py took 0.069 seconds
[2026-01-07T12:10:25.442+0530] {processor.py:186} INFO - Started process (PID=18503) to work on /home/sneha/spotify_airflow_project/venv/lib/python3.12/site-packages/airflow/example_dags/example_trigger_target_dag.py
[2026-01-07T12:10:25.444+0530] {processor.py:914} INFO - Processing file /home/sneha/spotify_airflow_project/venv/lib/python3.12/site-packages/airflow/example_dags/example_trigger_target_dag.py for tasks to queue
[2026-01-07T12:10:25.446+0530] {logging_mixin.py:190} INFO - [2026-01-07T12:10:25.445+0530] {dagbag.py:588} INFO - Filling up the DagBag from /home/sneha/spotify_airflow_project/venv/lib/python3.12/site-packages/airflow/example_dags/example_trigger_target_dag.py
[2026-01-07T12:10:25.451+0530] {processor.py:925} INFO - DAG(s) 'example_trigger_target_dag' retrieved from /home/sneha/spotify_airflow_project/venv/lib/python3.12/site-packages/airflow/example_dags/example_trigger_target_dag.py
[2026-01-07T12:10:25.467+0530] {logging_mixin.py:190} INFO - [2026-01-07T12:10:25.466+0530] {dag.py:3239} INFO - Sync 1 DAGs
[2026-01-07T12:10:25.478+0530] {logging_mixin.py:190} INFO - [2026-01-07T12:10:25.478+0530] {dag.py:4180} INFO - Setting next_dagrun for example_trigger_target_dag to None, run_after=None
[2026-01-07T12:10:25.495+0530] {processor.py:208} INFO - Processing /home/sneha/spotify_airflow_project/venv/lib/python3.12/site-packages/airflow/example_dags/example_trigger_target_dag.py took 0.063 seconds
[2026-01-07T12:11:19.483+0530] {processor.py:186} INFO - Started process (PID=18577) to work on /home/sneha/spotify_airflow_project/venv/lib/python3.12/site-packages/airflow/example_dags/example_trigger_target_dag.py
[2026-01-07T12:11:19.484+0530] {processor.py:914} INFO - Processing file /home/sneha/spotify_airflow_project/venv/lib/python3.12/site-packages/airflow/example_dags/example_trigger_target_dag.py for tasks to queue
[2026-01-07T12:11:19.486+0530] {logging_mixin.py:190} INFO - [2026-01-07T12:11:19.485+0530] {dagbag.py:588} INFO - Filling up the DagBag from /home/sneha/spotify_airflow_project/venv/lib/python3.12/site-packages/airflow/example_dags/example_trigger_target_dag.py
[2026-01-07T12:11:19.490+0530] {processor.py:925} INFO - DAG(s) 'example_trigger_target_dag' retrieved from /home/sneha/spotify_airflow_project/venv/lib/python3.12/site-packages/airflow/example_dags/example_trigger_target_dag.py
[2026-01-07T12:11:19.505+0530] {logging_mixin.py:190} INFO - [2026-01-07T12:11:19.505+0530] {dag.py:3239} INFO - Sync 1 DAGs
[2026-01-07T12:11:19.516+0530] {logging_mixin.py:190} INFO - [2026-01-07T12:11:19.515+0530] {dag.py:4180} INFO - Setting next_dagrun for example_trigger_target_dag to None, run_after=None
[2026-01-07T12:11:19.535+0530] {processor.py:208} INFO - Processing /home/sneha/spotify_airflow_project/venv/lib/python3.12/site-packages/airflow/example_dags/example_trigger_target_dag.py took 0.064 seconds
[2026-01-07T12:12:11.815+0530] {processor.py:186} INFO - Started process (PID=18634) to work on /home/sneha/spotify_airflow_project/venv/lib/python3.12/site-packages/airflow/example_dags/example_trigger_target_dag.py
[2026-01-07T12:12:11.816+0530] {processor.py:914} INFO - Processing file /home/sneha/spotify_airflow_project/venv/lib/python3.12/site-packages/airflow/example_dags/example_trigger_target_dag.py for tasks to queue
[2026-01-07T12:12:11.817+0530] {logging_mixin.py:190} INFO - [2026-01-07T12:12:11.817+0530] {dagbag.py:588} INFO - Filling up the DagBag from /home/sneha/spotify_airflow_project/venv/lib/python3.12/site-packages/airflow/example_dags/example_trigger_target_dag.py
[2026-01-07T12:12:11.822+0530] {processor.py:925} INFO - DAG(s) 'example_trigger_target_dag' retrieved from /home/sneha/spotify_airflow_project/venv/lib/python3.12/site-packages/airflow/example_dags/example_trigger_target_dag.py
[2026-01-07T12:12:11.839+0530] {logging_mixin.py:190} INFO - [2026-01-07T12:12:11.838+0530] {dag.py:3239} INFO - Sync 1 DAGs
[2026-01-07T12:12:11.850+0530] {logging_mixin.py:190} INFO - [2026-01-07T12:12:11.850+0530] {dag.py:4180} INFO - Setting next_dagrun for example_trigger_target_dag to None, run_after=None
[2026-01-07T12:12:11.870+0530] {processor.py:208} INFO - Processing /home/sneha/spotify_airflow_project/venv/lib/python3.12/site-packages/airflow/example_dags/example_trigger_target_dag.py took 0.068 seconds
[2026-01-07T12:13:05.023+0530] {processor.py:186} INFO - Started process (PID=18692) to work on /home/sneha/spotify_airflow_project/venv/lib/python3.12/site-packages/airflow/example_dags/example_trigger_target_dag.py
[2026-01-07T12:13:05.025+0530] {processor.py:914} INFO - Processing file /home/sneha/spotify_airflow_project/venv/lib/python3.12/site-packages/airflow/example_dags/example_trigger_target_dag.py for tasks to queue
[2026-01-07T12:13:05.027+0530] {logging_mixin.py:190} INFO - [2026-01-07T12:13:05.026+0530] {dagbag.py:588} INFO - Filling up the DagBag from /home/sneha/spotify_airflow_project/venv/lib/python3.12/site-packages/airflow/example_dags/example_trigger_target_dag.py
[2026-01-07T12:13:05.032+0530] {processor.py:925} INFO - DAG(s) 'example_trigger_target_dag' retrieved from /home/sneha/spotify_airflow_project/venv/lib/python3.12/site-packages/airflow/example_dags/example_trigger_target_dag.py
[2026-01-07T12:13:05.047+0530] {logging_mixin.py:190} INFO - [2026-01-07T12:13:05.046+0530] {dag.py:3239} INFO - Sync 1 DAGs
[2026-01-07T12:13:05.058+0530] {logging_mixin.py:190} INFO - [2026-01-07T12:13:05.058+0530] {dag.py:4180} INFO - Setting next_dagrun for example_trigger_target_dag to None, run_after=None
[2026-01-07T12:13:05.078+0530] {processor.py:208} INFO - Processing /home/sneha/spotify_airflow_project/venv/lib/python3.12/site-packages/airflow/example_dags/example_trigger_target_dag.py took 0.064 seconds
[2026-01-07T12:13:58.588+0530] {processor.py:186} INFO - Started process (PID=18846) to work on /home/sneha/spotify_airflow_project/venv/lib/python3.12/site-packages/airflow/example_dags/example_trigger_target_dag.py
[2026-01-07T12:13:58.589+0530] {processor.py:914} INFO - Processing file /home/sneha/spotify_airflow_project/venv/lib/python3.12/site-packages/airflow/example_dags/example_trigger_target_dag.py for tasks to queue
[2026-01-07T12:13:58.590+0530] {logging_mixin.py:190} INFO - [2026-01-07T12:13:58.590+0530] {dagbag.py:588} INFO - Filling up the DagBag from /home/sneha/spotify_airflow_project/venv/lib/python3.12/site-packages/airflow/example_dags/example_trigger_target_dag.py
[2026-01-07T12:13:58.597+0530] {processor.py:925} INFO - DAG(s) 'example_trigger_target_dag' retrieved from /home/sneha/spotify_airflow_project/venv/lib/python3.12/site-packages/airflow/example_dags/example_trigger_target_dag.py
[2026-01-07T12:13:58.613+0530] {logging_mixin.py:190} INFO - [2026-01-07T12:13:58.613+0530] {dag.py:3239} INFO - Sync 1 DAGs
[2026-01-07T12:13:58.625+0530] {logging_mixin.py:190} INFO - [2026-01-07T12:13:58.625+0530] {dag.py:4180} INFO - Setting next_dagrun for example_trigger_target_dag to None, run_after=None
[2026-01-07T12:13:58.643+0530] {processor.py:208} INFO - Processing /home/sneha/spotify_airflow_project/venv/lib/python3.12/site-packages/airflow/example_dags/example_trigger_target_dag.py took 0.065 seconds
[2026-01-07T12:14:53.240+0530] {processor.py:186} INFO - Started process (PID=18923) to work on /home/sneha/spotify_airflow_project/venv/lib/python3.12/site-packages/airflow/example_dags/example_trigger_target_dag.py
[2026-01-07T12:14:53.241+0530] {processor.py:914} INFO - Processing file /home/sneha/spotify_airflow_project/venv/lib/python3.12/site-packages/airflow/example_dags/example_trigger_target_dag.py for tasks to queue
[2026-01-07T12:14:53.242+0530] {logging_mixin.py:190} INFO - [2026-01-07T12:14:53.242+0530] {dagbag.py:588} INFO - Filling up the DagBag from /home/sneha/spotify_airflow_project/venv/lib/python3.12/site-packages/airflow/example_dags/example_trigger_target_dag.py
[2026-01-07T12:14:53.248+0530] {processor.py:925} INFO - DAG(s) 'example_trigger_target_dag' retrieved from /home/sneha/spotify_airflow_project/venv/lib/python3.12/site-packages/airflow/example_dags/example_trigger_target_dag.py
[2026-01-07T12:14:53.266+0530] {logging_mixin.py:190} INFO - [2026-01-07T12:14:53.265+0530] {dag.py:3239} INFO - Sync 1 DAGs
[2026-01-07T12:14:53.278+0530] {logging_mixin.py:190} INFO - [2026-01-07T12:14:53.278+0530] {dag.py:4180} INFO - Setting next_dagrun for example_trigger_target_dag to None, run_after=None
[2026-01-07T12:14:53.296+0530] {processor.py:208} INFO - Processing /home/sneha/spotify_airflow_project/venv/lib/python3.12/site-packages/airflow/example_dags/example_trigger_target_dag.py took 0.067 seconds
[2026-01-07T12:15:46.333+0530] {processor.py:186} INFO - Started process (PID=19002) to work on /home/sneha/spotify_airflow_project/venv/lib/python3.12/site-packages/airflow/example_dags/example_trigger_target_dag.py
[2026-01-07T12:15:46.334+0530] {processor.py:914} INFO - Processing file /home/sneha/spotify_airflow_project/venv/lib/python3.12/site-packages/airflow/example_dags/example_trigger_target_dag.py for tasks to queue
[2026-01-07T12:15:46.335+0530] {logging_mixin.py:190} INFO - [2026-01-07T12:15:46.335+0530] {dagbag.py:588} INFO - Filling up the DagBag from /home/sneha/spotify_airflow_project/venv/lib/python3.12/site-packages/airflow/example_dags/example_trigger_target_dag.py
[2026-01-07T12:15:46.342+0530] {processor.py:925} INFO - DAG(s) 'example_trigger_target_dag' retrieved from /home/sneha/spotify_airflow_project/venv/lib/python3.12/site-packages/airflow/example_dags/example_trigger_target_dag.py
[2026-01-07T12:15:46.359+0530] {logging_mixin.py:190} INFO - [2026-01-07T12:15:46.358+0530] {dag.py:3239} INFO - Sync 1 DAGs
[2026-01-07T12:15:46.371+0530] {logging_mixin.py:190} INFO - [2026-01-07T12:15:46.371+0530] {dag.py:4180} INFO - Setting next_dagrun for example_trigger_target_dag to None, run_after=None
[2026-01-07T12:15:46.390+0530] {processor.py:208} INFO - Processing /home/sneha/spotify_airflow_project/venv/lib/python3.12/site-packages/airflow/example_dags/example_trigger_target_dag.py took 0.065 seconds
[2026-01-07T12:16:41.569+0530] {processor.py:186} INFO - Started process (PID=19062) to work on /home/sneha/spotify_airflow_project/venv/lib/python3.12/site-packages/airflow/example_dags/example_trigger_target_dag.py
[2026-01-07T12:16:41.570+0530] {processor.py:914} INFO - Processing file /home/sneha/spotify_airflow_project/venv/lib/python3.12/site-packages/airflow/example_dags/example_trigger_target_dag.py for tasks to queue
[2026-01-07T12:16:41.571+0530] {logging_mixin.py:190} INFO - [2026-01-07T12:16:41.571+0530] {dagbag.py:588} INFO - Filling up the DagBag from /home/sneha/spotify_airflow_project/venv/lib/python3.12/site-packages/airflow/example_dags/example_trigger_target_dag.py
[2026-01-07T12:16:41.579+0530] {processor.py:925} INFO - DAG(s) 'example_trigger_target_dag' retrieved from /home/sneha/spotify_airflow_project/venv/lib/python3.12/site-packages/airflow/example_dags/example_trigger_target_dag.py
[2026-01-07T12:16:41.596+0530] {logging_mixin.py:190} INFO - [2026-01-07T12:16:41.596+0530] {dag.py:3239} INFO - Sync 1 DAGs
[2026-01-07T12:16:41.608+0530] {logging_mixin.py:190} INFO - [2026-01-07T12:16:41.608+0530] {dag.py:4180} INFO - Setting next_dagrun for example_trigger_target_dag to None, run_after=None
[2026-01-07T12:16:41.628+0530] {processor.py:208} INFO - Processing /home/sneha/spotify_airflow_project/venv/lib/python3.12/site-packages/airflow/example_dags/example_trigger_target_dag.py took 0.071 seconds
[2026-01-07T12:17:37.177+0530] {processor.py:186} INFO - Started process (PID=19123) to work on /home/sneha/spotify_airflow_project/venv/lib/python3.12/site-packages/airflow/example_dags/example_trigger_target_dag.py
[2026-01-07T12:17:37.178+0530] {processor.py:914} INFO - Processing file /home/sneha/spotify_airflow_project/venv/lib/python3.12/site-packages/airflow/example_dags/example_trigger_target_dag.py for tasks to queue
[2026-01-07T12:17:37.180+0530] {logging_mixin.py:190} INFO - [2026-01-07T12:17:37.179+0530] {dagbag.py:588} INFO - Filling up the DagBag from /home/sneha/spotify_airflow_project/venv/lib/python3.12/site-packages/airflow/example_dags/example_trigger_target_dag.py
[2026-01-07T12:17:37.186+0530] {processor.py:925} INFO - DAG(s) 'example_trigger_target_dag' retrieved from /home/sneha/spotify_airflow_project/venv/lib/python3.12/site-packages/airflow/example_dags/example_trigger_target_dag.py
[2026-01-07T12:17:37.202+0530] {logging_mixin.py:190} INFO - [2026-01-07T12:17:37.202+0530] {dag.py:3239} INFO - Sync 1 DAGs
[2026-01-07T12:17:37.215+0530] {logging_mixin.py:190} INFO - [2026-01-07T12:17:37.215+0530] {dag.py:4180} INFO - Setting next_dagrun for example_trigger_target_dag to None, run_after=None
[2026-01-07T12:17:37.234+0530] {processor.py:208} INFO - Processing /home/sneha/spotify_airflow_project/venv/lib/python3.12/site-packages/airflow/example_dags/example_trigger_target_dag.py took 0.068 seconds
[2026-01-07T12:18:33.149+0530] {processor.py:186} INFO - Started process (PID=19185) to work on /home/sneha/spotify_airflow_project/venv/lib/python3.12/site-packages/airflow/example_dags/example_trigger_target_dag.py
[2026-01-07T12:18:33.151+0530] {processor.py:914} INFO - Processing file /home/sneha/spotify_airflow_project/venv/lib/python3.12/site-packages/airflow/example_dags/example_trigger_target_dag.py for tasks to queue
[2026-01-07T12:18:33.153+0530] {logging_mixin.py:190} INFO - [2026-01-07T12:18:33.153+0530] {dagbag.py:588} INFO - Filling up the DagBag from /home/sneha/spotify_airflow_project/venv/lib/python3.12/site-packages/airflow/example_dags/example_trigger_target_dag.py
[2026-01-07T12:18:33.160+0530] {processor.py:925} INFO - DAG(s) 'example_trigger_target_dag' retrieved from /home/sneha/spotify_airflow_project/venv/lib/python3.12/site-packages/airflow/example_dags/example_trigger_target_dag.py
[2026-01-07T12:18:33.177+0530] {logging_mixin.py:190} INFO - [2026-01-07T12:18:33.177+0530] {dag.py:3239} INFO - Sync 1 DAGs
[2026-01-07T12:18:33.190+0530] {logging_mixin.py:190} INFO - [2026-01-07T12:18:33.190+0530] {dag.py:4180} INFO - Setting next_dagrun for example_trigger_target_dag to None, run_after=None
[2026-01-07T12:18:33.211+0530] {processor.py:208} INFO - Processing /home/sneha/spotify_airflow_project/venv/lib/python3.12/site-packages/airflow/example_dags/example_trigger_target_dag.py took 0.076 seconds
[2026-01-07T12:19:31.507+0530] {processor.py:186} INFO - Started process (PID=19322) to work on /home/sneha/spotify_airflow_project/venv/lib/python3.12/site-packages/airflow/example_dags/example_trigger_target_dag.py
[2026-01-07T12:19:31.508+0530] {processor.py:914} INFO - Processing file /home/sneha/spotify_airflow_project/venv/lib/python3.12/site-packages/airflow/example_dags/example_trigger_target_dag.py for tasks to queue
[2026-01-07T12:19:31.510+0530] {logging_mixin.py:190} INFO - [2026-01-07T12:19:31.509+0530] {dagbag.py:588} INFO - Filling up the DagBag from /home/sneha/spotify_airflow_project/venv/lib/python3.12/site-packages/airflow/example_dags/example_trigger_target_dag.py
[2026-01-07T12:19:31.516+0530] {processor.py:925} INFO - DAG(s) 'example_trigger_target_dag' retrieved from /home/sneha/spotify_airflow_project/venv/lib/python3.12/site-packages/airflow/example_dags/example_trigger_target_dag.py
[2026-01-07T12:19:31.532+0530] {logging_mixin.py:190} INFO - [2026-01-07T12:19:31.532+0530] {dag.py:3239} INFO - Sync 1 DAGs
[2026-01-07T12:19:31.543+0530] {logging_mixin.py:190} INFO - [2026-01-07T12:19:31.543+0530] {dag.py:4180} INFO - Setting next_dagrun for example_trigger_target_dag to None, run_after=None
[2026-01-07T12:19:31.564+0530] {processor.py:208} INFO - Processing /home/sneha/spotify_airflow_project/venv/lib/python3.12/site-packages/airflow/example_dags/example_trigger_target_dag.py took 0.063 seconds
