[2026-01-07T11:47:18.414+0530] {processor.py:186} INFO - Started process (PID=7335) to work on /home/sneha/spotify_astro_project/venv/lib/python3.12/site-packages/airflow/example_dags/example_sla_dag.py
[2026-01-07T11:47:18.415+0530] {processor.py:914} INFO - Processing file /home/sneha/spotify_astro_project/venv/lib/python3.12/site-packages/airflow/example_dags/example_sla_dag.py for tasks to queue
[2026-01-07T11:47:18.417+0530] {logging_mixin.py:190} INFO - [2026-01-07T11:47:18.416+0530] {dagbag.py:588} INFO - Filling up the DagBag from /home/sneha/spotify_astro_project/venv/lib/python3.12/site-packages/airflow/example_dags/example_sla_dag.py
[2026-01-07T11:47:18.423+0530] {processor.py:925} INFO - DAG(s) 'example_sla_dag' retrieved from /home/sneha/spotify_astro_project/venv/lib/python3.12/site-packages/airflow/example_dags/example_sla_dag.py
[2026-01-07T11:47:18.522+0530] {logging_mixin.py:190} INFO - [2026-01-07T11:47:18.522+0530] {dag.py:3239} INFO - Sync 1 DAGs
[2026-01-07T11:47:18.540+0530] {logging_mixin.py:190} INFO - [2026-01-07T11:47:18.540+0530] {dag.py:4180} INFO - Setting next_dagrun for example_sla_dag to 2026-01-07 06:14:00+00:00, run_after=2026-01-07 06:16:00+00:00
[2026-01-07T11:47:18.559+0530] {processor.py:208} INFO - Processing /home/sneha/spotify_astro_project/venv/lib/python3.12/site-packages/airflow/example_dags/example_sla_dag.py took 0.151 seconds
[2026-01-07T11:48:22.523+0530] {processor.py:186} INFO - Started process (PID=7773) to work on /home/sneha/spotify_astro_project/venv/lib/python3.12/site-packages/airflow/example_dags/example_sla_dag.py
[2026-01-07T11:48:22.525+0530] {processor.py:914} INFO - Processing file /home/sneha/spotify_astro_project/venv/lib/python3.12/site-packages/airflow/example_dags/example_sla_dag.py for tasks to queue
[2026-01-07T11:48:22.526+0530] {logging_mixin.py:190} INFO - [2026-01-07T11:48:22.526+0530] {dagbag.py:588} INFO - Filling up the DagBag from /home/sneha/spotify_astro_project/venv/lib/python3.12/site-packages/airflow/example_dags/example_sla_dag.py
[2026-01-07T11:48:22.535+0530] {processor.py:925} INFO - DAG(s) 'example_sla_dag' retrieved from /home/sneha/spotify_astro_project/venv/lib/python3.12/site-packages/airflow/example_dags/example_sla_dag.py
[2026-01-07T11:48:22.552+0530] {logging_mixin.py:190} INFO - [2026-01-07T11:48:22.552+0530] {dag.py:3239} INFO - Sync 1 DAGs
[2026-01-07T11:48:22.572+0530] {logging_mixin.py:190} INFO - [2026-01-07T11:48:22.572+0530] {dag.py:4180} INFO - Setting next_dagrun for example_sla_dag to 2026-01-07 06:16:00+00:00, run_after=2026-01-07 06:18:00+00:00
[2026-01-07T11:48:22.592+0530] {processor.py:208} INFO - Processing /home/sneha/spotify_astro_project/venv/lib/python3.12/site-packages/airflow/example_dags/example_sla_dag.py took 0.082 seconds
[2026-01-07T11:49:22.491+0530] {processor.py:186} INFO - Started process (PID=8194) to work on /home/sneha/spotify_astro_project/venv/lib/python3.12/site-packages/airflow/example_dags/example_sla_dag.py
[2026-01-07T11:49:22.493+0530] {processor.py:914} INFO - Processing file /home/sneha/spotify_astro_project/venv/lib/python3.12/site-packages/airflow/example_dags/example_sla_dag.py for tasks to queue
[2026-01-07T11:49:22.494+0530] {logging_mixin.py:190} INFO - [2026-01-07T11:49:22.494+0530] {dagbag.py:588} INFO - Filling up the DagBag from /home/sneha/spotify_astro_project/venv/lib/python3.12/site-packages/airflow/example_dags/example_sla_dag.py
[2026-01-07T11:49:22.501+0530] {processor.py:925} INFO - DAG(s) 'example_sla_dag' retrieved from /home/sneha/spotify_astro_project/venv/lib/python3.12/site-packages/airflow/example_dags/example_sla_dag.py
[2026-01-07T11:49:22.517+0530] {logging_mixin.py:190} INFO - [2026-01-07T11:49:22.517+0530] {dag.py:3239} INFO - Sync 1 DAGs
[2026-01-07T11:49:22.536+0530] {logging_mixin.py:190} INFO - [2026-01-07T11:49:22.535+0530] {dag.py:4180} INFO - Setting next_dagrun for example_sla_dag to 2026-01-07 06:16:00+00:00, run_after=2026-01-07 06:18:00+00:00
[2026-01-07T11:49:22.552+0530] {processor.py:208} INFO - Processing /home/sneha/spotify_astro_project/venv/lib/python3.12/site-packages/airflow/example_dags/example_sla_dag.py took 0.073 seconds
[2026-01-07T11:50:35.991+0530] {processor.py:186} INFO - Started process (PID=8794) to work on /home/sneha/spotify_astro_project/venv/lib/python3.12/site-packages/airflow/example_dags/example_sla_dag.py
[2026-01-07T11:50:35.993+0530] {processor.py:914} INFO - Processing file /home/sneha/spotify_astro_project/venv/lib/python3.12/site-packages/airflow/example_dags/example_sla_dag.py for tasks to queue
[2026-01-07T11:50:35.996+0530] {logging_mixin.py:190} INFO - [2026-01-07T11:50:35.996+0530] {dagbag.py:588} INFO - Filling up the DagBag from /home/sneha/spotify_astro_project/venv/lib/python3.12/site-packages/airflow/example_dags/example_sla_dag.py
[2026-01-07T11:50:36.011+0530] {processor.py:925} INFO - DAG(s) 'example_sla_dag' retrieved from /home/sneha/spotify_astro_project/venv/lib/python3.12/site-packages/airflow/example_dags/example_sla_dag.py
[2026-01-07T11:50:36.043+0530] {logging_mixin.py:190} INFO - [2026-01-07T11:50:36.042+0530] {dag.py:3239} INFO - Sync 1 DAGs
[2026-01-07T11:50:36.083+0530] {logging_mixin.py:190} INFO - [2026-01-07T11:50:36.083+0530] {dag.py:4180} INFO - Setting next_dagrun for example_sla_dag to 2026-01-07 06:18:00+00:00, run_after=2026-01-07 06:20:00+00:00
[2026-01-07T11:50:36.111+0530] {processor.py:208} INFO - Processing /home/sneha/spotify_astro_project/venv/lib/python3.12/site-packages/airflow/example_dags/example_sla_dag.py took 0.132 seconds
[2026-01-07T11:57:30.359+0530] {processor.py:186} INFO - Started process (PID=17050) to work on /home/sneha/spotify_airflow_project/venv/lib/python3.12/site-packages/airflow/example_dags/example_sla_dag.py
[2026-01-07T11:57:30.360+0530] {processor.py:914} INFO - Processing file /home/sneha/spotify_airflow_project/venv/lib/python3.12/site-packages/airflow/example_dags/example_sla_dag.py for tasks to queue
[2026-01-07T11:57:30.361+0530] {logging_mixin.py:190} INFO - [2026-01-07T11:57:30.361+0530] {dagbag.py:588} INFO - Filling up the DagBag from /home/sneha/spotify_airflow_project/venv/lib/python3.12/site-packages/airflow/example_dags/example_sla_dag.py
[2026-01-07T11:57:30.369+0530] {processor.py:925} INFO - DAG(s) 'example_sla_dag' retrieved from /home/sneha/spotify_airflow_project/venv/lib/python3.12/site-packages/airflow/example_dags/example_sla_dag.py
[2026-01-07T11:57:30.473+0530] {logging_mixin.py:190} INFO - [2026-01-07T11:57:30.472+0530] {dag.py:3239} INFO - Sync 1 DAGs
[2026-01-07T11:57:30.493+0530] {logging_mixin.py:190} INFO - [2026-01-07T11:57:30.492+0530] {dag.py:4180} INFO - Setting next_dagrun for example_sla_dag to 2026-01-07 06:24:00+00:00, run_after=2026-01-07 06:26:00+00:00
[2026-01-07T11:57:30.512+0530] {processor.py:208} INFO - Processing /home/sneha/spotify_airflow_project/venv/lib/python3.12/site-packages/airflow/example_dags/example_sla_dag.py took 0.160 seconds
[2026-01-07T11:58:31.337+0530] {processor.py:186} INFO - Started process (PID=17212) to work on /home/sneha/spotify_airflow_project/venv/lib/python3.12/site-packages/airflow/example_dags/example_sla_dag.py
[2026-01-07T11:58:31.338+0530] {processor.py:914} INFO - Processing file /home/sneha/spotify_airflow_project/venv/lib/python3.12/site-packages/airflow/example_dags/example_sla_dag.py for tasks to queue
[2026-01-07T11:58:31.339+0530] {logging_mixin.py:190} INFO - [2026-01-07T11:58:31.339+0530] {dagbag.py:588} INFO - Filling up the DagBag from /home/sneha/spotify_airflow_project/venv/lib/python3.12/site-packages/airflow/example_dags/example_sla_dag.py
[2026-01-07T11:58:31.346+0530] {processor.py:925} INFO - DAG(s) 'example_sla_dag' retrieved from /home/sneha/spotify_airflow_project/venv/lib/python3.12/site-packages/airflow/example_dags/example_sla_dag.py
[2026-01-07T11:58:31.362+0530] {logging_mixin.py:190} INFO - [2026-01-07T11:58:31.362+0530] {dag.py:3239} INFO - Sync 1 DAGs
[2026-01-07T11:58:31.382+0530] {logging_mixin.py:190} INFO - [2026-01-07T11:58:31.382+0530] {dag.py:4180} INFO - Setting next_dagrun for example_sla_dag to 2026-01-07 06:26:00+00:00, run_after=2026-01-07 06:28:00+00:00
[2026-01-07T11:58:31.399+0530] {processor.py:208} INFO - Processing /home/sneha/spotify_airflow_project/venv/lib/python3.12/site-packages/airflow/example_dags/example_sla_dag.py took 0.073 seconds
[2026-01-07T11:59:26.307+0530] {processor.py:186} INFO - Started process (PID=17273) to work on /home/sneha/spotify_airflow_project/venv/lib/python3.12/site-packages/airflow/example_dags/example_sla_dag.py
[2026-01-07T11:59:26.309+0530] {processor.py:914} INFO - Processing file /home/sneha/spotify_airflow_project/venv/lib/python3.12/site-packages/airflow/example_dags/example_sla_dag.py for tasks to queue
[2026-01-07T11:59:26.311+0530] {logging_mixin.py:190} INFO - [2026-01-07T11:59:26.310+0530] {dagbag.py:588} INFO - Filling up the DagBag from /home/sneha/spotify_airflow_project/venv/lib/python3.12/site-packages/airflow/example_dags/example_sla_dag.py
[2026-01-07T11:59:26.318+0530] {processor.py:925} INFO - DAG(s) 'example_sla_dag' retrieved from /home/sneha/spotify_airflow_project/venv/lib/python3.12/site-packages/airflow/example_dags/example_sla_dag.py
[2026-01-07T11:59:26.334+0530] {logging_mixin.py:190} INFO - [2026-01-07T11:59:26.334+0530] {dag.py:3239} INFO - Sync 1 DAGs
[2026-01-07T11:59:26.353+0530] {logging_mixin.py:190} INFO - [2026-01-07T11:59:26.353+0530] {dag.py:4180} INFO - Setting next_dagrun for example_sla_dag to 2026-01-07 06:26:00+00:00, run_after=2026-01-07 06:28:00+00:00
[2026-01-07T11:59:26.370+0530] {processor.py:208} INFO - Processing /home/sneha/spotify_airflow_project/venv/lib/python3.12/site-packages/airflow/example_dags/example_sla_dag.py took 0.074 seconds
[2026-01-07T12:00:32.085+0530] {processor.py:186} INFO - Started process (PID=17401) to work on /home/sneha/spotify_airflow_project/venv/lib/python3.12/site-packages/airflow/example_dags/example_sla_dag.py
[2026-01-07T12:00:32.086+0530] {processor.py:914} INFO - Processing file /home/sneha/spotify_airflow_project/venv/lib/python3.12/site-packages/airflow/example_dags/example_sla_dag.py for tasks to queue
[2026-01-07T12:00:32.088+0530] {logging_mixin.py:190} INFO - [2026-01-07T12:00:32.087+0530] {dagbag.py:588} INFO - Filling up the DagBag from /home/sneha/spotify_airflow_project/venv/lib/python3.12/site-packages/airflow/example_dags/example_sla_dag.py
[2026-01-07T12:00:32.096+0530] {processor.py:925} INFO - DAG(s) 'example_sla_dag' retrieved from /home/sneha/spotify_airflow_project/venv/lib/python3.12/site-packages/airflow/example_dags/example_sla_dag.py
[2026-01-07T12:00:32.113+0530] {logging_mixin.py:190} INFO - [2026-01-07T12:00:32.112+0530] {dag.py:3239} INFO - Sync 1 DAGs
[2026-01-07T12:00:32.263+0530] {logging_mixin.py:190} INFO - [2026-01-07T12:00:32.263+0530] {dag.py:4180} INFO - Setting next_dagrun for example_sla_dag to 2026-01-07 06:28:00+00:00, run_after=2026-01-07 06:30:00+00:00
[2026-01-07T12:00:32.278+0530] {processor.py:208} INFO - Processing /home/sneha/spotify_airflow_project/venv/lib/python3.12/site-packages/airflow/example_dags/example_sla_dag.py took 0.199 seconds
[2026-01-07T12:01:27.219+0530] {processor.py:186} INFO - Started process (PID=17494) to work on /home/sneha/spotify_airflow_project/venv/lib/python3.12/site-packages/airflow/example_dags/example_sla_dag.py
[2026-01-07T12:01:27.221+0530] {processor.py:914} INFO - Processing file /home/sneha/spotify_airflow_project/venv/lib/python3.12/site-packages/airflow/example_dags/example_sla_dag.py for tasks to queue
[2026-01-07T12:01:27.225+0530] {logging_mixin.py:190} INFO - [2026-01-07T12:01:27.224+0530] {dagbag.py:588} INFO - Filling up the DagBag from /home/sneha/spotify_airflow_project/venv/lib/python3.12/site-packages/airflow/example_dags/example_sla_dag.py
[2026-01-07T12:01:27.234+0530] {processor.py:925} INFO - DAG(s) 'example_sla_dag' retrieved from /home/sneha/spotify_airflow_project/venv/lib/python3.12/site-packages/airflow/example_dags/example_sla_dag.py
[2026-01-07T12:01:27.251+0530] {logging_mixin.py:190} INFO - [2026-01-07T12:01:27.251+0530] {dag.py:3239} INFO - Sync 1 DAGs
[2026-01-07T12:01:27.274+0530] {logging_mixin.py:190} INFO - [2026-01-07T12:01:27.273+0530] {dag.py:4180} INFO - Setting next_dagrun for example_sla_dag to 2026-01-07 06:28:00+00:00, run_after=2026-01-07 06:30:00+00:00
[2026-01-07T12:01:27.294+0530] {processor.py:208} INFO - Processing /home/sneha/spotify_airflow_project/venv/lib/python3.12/site-packages/airflow/example_dags/example_sla_dag.py took 0.089 seconds
[2026-01-07T12:02:25.070+0530] {processor.py:186} INFO - Started process (PID=17659) to work on /home/sneha/spotify_airflow_project/venv/lib/python3.12/site-packages/airflow/example_dags/example_sla_dag.py
[2026-01-07T12:02:25.071+0530] {processor.py:914} INFO - Processing file /home/sneha/spotify_airflow_project/venv/lib/python3.12/site-packages/airflow/example_dags/example_sla_dag.py for tasks to queue
[2026-01-07T12:02:25.073+0530] {logging_mixin.py:190} INFO - [2026-01-07T12:02:25.072+0530] {dagbag.py:588} INFO - Filling up the DagBag from /home/sneha/spotify_airflow_project/venv/lib/python3.12/site-packages/airflow/example_dags/example_sla_dag.py
[2026-01-07T12:02:25.079+0530] {processor.py:925} INFO - DAG(s) 'example_sla_dag' retrieved from /home/sneha/spotify_airflow_project/venv/lib/python3.12/site-packages/airflow/example_dags/example_sla_dag.py
[2026-01-07T12:02:25.096+0530] {logging_mixin.py:190} INFO - [2026-01-07T12:02:25.095+0530] {dag.py:3239} INFO - Sync 1 DAGs
[2026-01-07T12:02:25.115+0530] {logging_mixin.py:190} INFO - [2026-01-07T12:02:25.115+0530] {dag.py:4180} INFO - Setting next_dagrun for example_sla_dag to 2026-01-07 06:30:00+00:00, run_after=2026-01-07 06:32:00+00:00
[2026-01-07T12:02:25.133+0530] {processor.py:208} INFO - Processing /home/sneha/spotify_airflow_project/venv/lib/python3.12/site-packages/airflow/example_dags/example_sla_dag.py took 0.074 seconds
[2026-01-07T12:03:24.636+0530] {processor.py:186} INFO - Started process (PID=17719) to work on /home/sneha/spotify_airflow_project/venv/lib/python3.12/site-packages/airflow/example_dags/example_sla_dag.py
[2026-01-07T12:03:24.638+0530] {processor.py:914} INFO - Processing file /home/sneha/spotify_airflow_project/venv/lib/python3.12/site-packages/airflow/example_dags/example_sla_dag.py for tasks to queue
[2026-01-07T12:03:24.639+0530] {logging_mixin.py:190} INFO - [2026-01-07T12:03:24.639+0530] {dagbag.py:588} INFO - Filling up the DagBag from /home/sneha/spotify_airflow_project/venv/lib/python3.12/site-packages/airflow/example_dags/example_sla_dag.py
[2026-01-07T12:03:24.647+0530] {processor.py:925} INFO - DAG(s) 'example_sla_dag' retrieved from /home/sneha/spotify_airflow_project/venv/lib/python3.12/site-packages/airflow/example_dags/example_sla_dag.py
[2026-01-07T12:03:24.664+0530] {logging_mixin.py:190} INFO - [2026-01-07T12:03:24.664+0530] {dag.py:3239} INFO - Sync 1 DAGs
[2026-01-07T12:03:24.686+0530] {logging_mixin.py:190} INFO - [2026-01-07T12:03:24.686+0530] {dag.py:4180} INFO - Setting next_dagrun for example_sla_dag to 2026-01-07 06:30:00+00:00, run_after=2026-01-07 06:32:00+00:00
[2026-01-07T12:03:24.703+0530] {processor.py:208} INFO - Processing /home/sneha/spotify_airflow_project/venv/lib/python3.12/site-packages/airflow/example_dags/example_sla_dag.py took 0.076 seconds
[2026-01-07T12:04:22.198+0530] {processor.py:186} INFO - Started process (PID=18013) to work on /home/sneha/spotify_airflow_project/venv/lib/python3.12/site-packages/airflow/example_dags/example_sla_dag.py
[2026-01-07T12:04:22.200+0530] {processor.py:914} INFO - Processing file /home/sneha/spotify_airflow_project/venv/lib/python3.12/site-packages/airflow/example_dags/example_sla_dag.py for tasks to queue
[2026-01-07T12:04:22.201+0530] {logging_mixin.py:190} INFO - [2026-01-07T12:04:22.201+0530] {dagbag.py:588} INFO - Filling up the DagBag from /home/sneha/spotify_airflow_project/venv/lib/python3.12/site-packages/airflow/example_dags/example_sla_dag.py
[2026-01-07T12:04:22.208+0530] {processor.py:925} INFO - DAG(s) 'example_sla_dag' retrieved from /home/sneha/spotify_airflow_project/venv/lib/python3.12/site-packages/airflow/example_dags/example_sla_dag.py
[2026-01-07T12:04:22.225+0530] {logging_mixin.py:190} INFO - [2026-01-07T12:04:22.225+0530] {dag.py:3239} INFO - Sync 1 DAGs
[2026-01-07T12:04:22.250+0530] {logging_mixin.py:190} INFO - [2026-01-07T12:04:22.249+0530] {dag.py:4180} INFO - Setting next_dagrun for example_sla_dag to 2026-01-07 06:32:00+00:00, run_after=2026-01-07 06:34:00+00:00
[2026-01-07T12:04:22.273+0530] {processor.py:208} INFO - Processing /home/sneha/spotify_airflow_project/venv/lib/python3.12/site-packages/airflow/example_dags/example_sla_dag.py took 0.084 seconds
[2026-01-07T12:05:15.882+0530] {processor.py:186} INFO - Started process (PID=18107) to work on /home/sneha/spotify_airflow_project/venv/lib/python3.12/site-packages/airflow/example_dags/example_sla_dag.py
[2026-01-07T12:05:15.883+0530] {processor.py:914} INFO - Processing file /home/sneha/spotify_airflow_project/venv/lib/python3.12/site-packages/airflow/example_dags/example_sla_dag.py for tasks to queue
[2026-01-07T12:05:15.884+0530] {logging_mixin.py:190} INFO - [2026-01-07T12:05:15.883+0530] {dagbag.py:588} INFO - Filling up the DagBag from /home/sneha/spotify_airflow_project/venv/lib/python3.12/site-packages/airflow/example_dags/example_sla_dag.py
[2026-01-07T12:05:15.891+0530] {processor.py:925} INFO - DAG(s) 'example_sla_dag' retrieved from /home/sneha/spotify_airflow_project/venv/lib/python3.12/site-packages/airflow/example_dags/example_sla_dag.py
[2026-01-07T12:05:15.908+0530] {logging_mixin.py:190} INFO - [2026-01-07T12:05:15.907+0530] {dag.py:3239} INFO - Sync 1 DAGs
[2026-01-07T12:05:15.927+0530] {logging_mixin.py:190} INFO - [2026-01-07T12:05:15.927+0530] {dag.py:4180} INFO - Setting next_dagrun for example_sla_dag to 2026-01-07 06:32:00+00:00, run_after=2026-01-07 06:34:00+00:00
[2026-01-07T12:05:15.945+0530] {processor.py:208} INFO - Processing /home/sneha/spotify_airflow_project/venv/lib/python3.12/site-packages/airflow/example_dags/example_sla_dag.py took 0.075 seconds
[2026-01-07T12:06:09.080+0530] {processor.py:186} INFO - Started process (PID=18184) to work on /home/sneha/spotify_airflow_project/venv/lib/python3.12/site-packages/airflow/example_dags/example_sla_dag.py
[2026-01-07T12:06:09.081+0530] {processor.py:914} INFO - Processing file /home/sneha/spotify_airflow_project/venv/lib/python3.12/site-packages/airflow/example_dags/example_sla_dag.py for tasks to queue
[2026-01-07T12:06:09.082+0530] {logging_mixin.py:190} INFO - [2026-01-07T12:06:09.082+0530] {dagbag.py:588} INFO - Filling up the DagBag from /home/sneha/spotify_airflow_project/venv/lib/python3.12/site-packages/airflow/example_dags/example_sla_dag.py
[2026-01-07T12:06:09.089+0530] {processor.py:925} INFO - DAG(s) 'example_sla_dag' retrieved from /home/sneha/spotify_airflow_project/venv/lib/python3.12/site-packages/airflow/example_dags/example_sla_dag.py
[2026-01-07T12:06:09.106+0530] {logging_mixin.py:190} INFO - [2026-01-07T12:06:09.106+0530] {dag.py:3239} INFO - Sync 1 DAGs
[2026-01-07T12:06:09.127+0530] {logging_mixin.py:190} INFO - [2026-01-07T12:06:09.127+0530] {dag.py:4180} INFO - Setting next_dagrun for example_sla_dag to 2026-01-07 06:34:00+00:00, run_after=2026-01-07 06:36:00+00:00
[2026-01-07T12:06:09.144+0530] {processor.py:208} INFO - Processing /home/sneha/spotify_airflow_project/venv/lib/python3.12/site-packages/airflow/example_dags/example_sla_dag.py took 0.074 seconds
[2026-01-07T12:07:06.253+0530] {processor.py:186} INFO - Started process (PID=18245) to work on /home/sneha/spotify_airflow_project/venv/lib/python3.12/site-packages/airflow/example_dags/example_sla_dag.py
[2026-01-07T12:07:06.264+0530] {processor.py:914} INFO - Processing file /home/sneha/spotify_airflow_project/venv/lib/python3.12/site-packages/airflow/example_dags/example_sla_dag.py for tasks to queue
[2026-01-07T12:07:06.267+0530] {logging_mixin.py:190} INFO - [2026-01-07T12:07:06.266+0530] {dagbag.py:588} INFO - Filling up the DagBag from /home/sneha/spotify_airflow_project/venv/lib/python3.12/site-packages/airflow/example_dags/example_sla_dag.py
[2026-01-07T12:07:06.282+0530] {processor.py:925} INFO - DAG(s) 'example_sla_dag' retrieved from /home/sneha/spotify_airflow_project/venv/lib/python3.12/site-packages/airflow/example_dags/example_sla_dag.py
[2026-01-07T12:07:06.298+0530] {logging_mixin.py:190} INFO - [2026-01-07T12:07:06.298+0530] {dag.py:3239} INFO - Sync 1 DAGs
[2026-01-07T12:07:06.318+0530] {logging_mixin.py:190} INFO - [2026-01-07T12:07:06.318+0530] {dag.py:4180} INFO - Setting next_dagrun for example_sla_dag to 2026-01-07 06:34:00+00:00, run_after=2026-01-07 06:36:00+00:00
[2026-01-07T12:07:06.336+0530] {processor.py:208} INFO - Processing /home/sneha/spotify_airflow_project/venv/lib/python3.12/site-packages/airflow/example_dags/example_sla_dag.py took 0.090 seconds
[2026-01-07T12:07:58.131+0530] {processor.py:186} INFO - Started process (PID=18301) to work on /home/sneha/spotify_airflow_project/venv/lib/python3.12/site-packages/airflow/example_dags/example_sla_dag.py
[2026-01-07T12:07:58.133+0530] {processor.py:914} INFO - Processing file /home/sneha/spotify_airflow_project/venv/lib/python3.12/site-packages/airflow/example_dags/example_sla_dag.py for tasks to queue
[2026-01-07T12:07:58.135+0530] {logging_mixin.py:190} INFO - [2026-01-07T12:07:58.134+0530] {dagbag.py:588} INFO - Filling up the DagBag from /home/sneha/spotify_airflow_project/venv/lib/python3.12/site-packages/airflow/example_dags/example_sla_dag.py
[2026-01-07T12:07:58.142+0530] {processor.py:925} INFO - DAG(s) 'example_sla_dag' retrieved from /home/sneha/spotify_airflow_project/venv/lib/python3.12/site-packages/airflow/example_dags/example_sla_dag.py
[2026-01-07T12:07:58.159+0530] {logging_mixin.py:190} INFO - [2026-01-07T12:07:58.159+0530] {dag.py:3239} INFO - Sync 1 DAGs
[2026-01-07T12:07:58.179+0530] {logging_mixin.py:190} INFO - [2026-01-07T12:07:58.179+0530] {dag.py:4180} INFO - Setting next_dagrun for example_sla_dag to 2026-01-07 06:34:00+00:00, run_after=2026-01-07 06:36:00+00:00
[2026-01-07T12:07:58.199+0530] {processor.py:208} INFO - Processing /home/sneha/spotify_airflow_project/venv/lib/python3.12/site-packages/airflow/example_dags/example_sla_dag.py took 0.081 seconds
[2026-01-07T12:08:52.253+0530] {processor.py:186} INFO - Started process (PID=18358) to work on /home/sneha/spotify_airflow_project/venv/lib/python3.12/site-packages/airflow/example_dags/example_sla_dag.py
[2026-01-07T12:08:52.254+0530] {processor.py:914} INFO - Processing file /home/sneha/spotify_airflow_project/venv/lib/python3.12/site-packages/airflow/example_dags/example_sla_dag.py for tasks to queue
[2026-01-07T12:08:52.255+0530] {logging_mixin.py:190} INFO - [2026-01-07T12:08:52.255+0530] {dagbag.py:588} INFO - Filling up the DagBag from /home/sneha/spotify_airflow_project/venv/lib/python3.12/site-packages/airflow/example_dags/example_sla_dag.py
[2026-01-07T12:08:52.262+0530] {processor.py:925} INFO - DAG(s) 'example_sla_dag' retrieved from /home/sneha/spotify_airflow_project/venv/lib/python3.12/site-packages/airflow/example_dags/example_sla_dag.py
[2026-01-07T12:08:52.279+0530] {logging_mixin.py:190} INFO - [2026-01-07T12:08:52.279+0530] {dag.py:3239} INFO - Sync 1 DAGs
[2026-01-07T12:08:52.299+0530] {logging_mixin.py:190} INFO - [2026-01-07T12:08:52.299+0530] {dag.py:4180} INFO - Setting next_dagrun for example_sla_dag to 2026-01-07 06:36:00+00:00, run_after=2026-01-07 06:38:00+00:00
[2026-01-07T12:08:52.316+0530] {processor.py:208} INFO - Processing /home/sneha/spotify_airflow_project/venv/lib/python3.12/site-packages/airflow/example_dags/example_sla_dag.py took 0.071 seconds
[2026-01-07T12:09:43.682+0530] {processor.py:186} INFO - Started process (PID=18414) to work on /home/sneha/spotify_airflow_project/venv/lib/python3.12/site-packages/airflow/example_dags/example_sla_dag.py
[2026-01-07T12:09:43.683+0530] {processor.py:914} INFO - Processing file /home/sneha/spotify_airflow_project/venv/lib/python3.12/site-packages/airflow/example_dags/example_sla_dag.py for tasks to queue
[2026-01-07T12:09:43.685+0530] {logging_mixin.py:190} INFO - [2026-01-07T12:09:43.684+0530] {dagbag.py:588} INFO - Filling up the DagBag from /home/sneha/spotify_airflow_project/venv/lib/python3.12/site-packages/airflow/example_dags/example_sla_dag.py
[2026-01-07T12:09:43.692+0530] {processor.py:925} INFO - DAG(s) 'example_sla_dag' retrieved from /home/sneha/spotify_airflow_project/venv/lib/python3.12/site-packages/airflow/example_dags/example_sla_dag.py
[2026-01-07T12:09:43.708+0530] {logging_mixin.py:190} INFO - [2026-01-07T12:09:43.708+0530] {dag.py:3239} INFO - Sync 1 DAGs
[2026-01-07T12:09:43.728+0530] {logging_mixin.py:190} INFO - [2026-01-07T12:09:43.728+0530] {dag.py:4180} INFO - Setting next_dagrun for example_sla_dag to 2026-01-07 06:36:00+00:00, run_after=2026-01-07 06:38:00+00:00
[2026-01-07T12:09:43.746+0530] {processor.py:208} INFO - Processing /home/sneha/spotify_airflow_project/venv/lib/python3.12/site-packages/airflow/example_dags/example_sla_dag.py took 0.071 seconds
[2026-01-07T12:10:35.812+0530] {processor.py:186} INFO - Started process (PID=18531) to work on /home/sneha/spotify_airflow_project/venv/lib/python3.12/site-packages/airflow/example_dags/example_sla_dag.py
[2026-01-07T12:10:35.813+0530] {processor.py:914} INFO - Processing file /home/sneha/spotify_airflow_project/venv/lib/python3.12/site-packages/airflow/example_dags/example_sla_dag.py for tasks to queue
[2026-01-07T12:10:35.815+0530] {logging_mixin.py:190} INFO - [2026-01-07T12:10:35.814+0530] {dagbag.py:588} INFO - Filling up the DagBag from /home/sneha/spotify_airflow_project/venv/lib/python3.12/site-packages/airflow/example_dags/example_sla_dag.py
[2026-01-07T12:10:35.822+0530] {processor.py:925} INFO - DAG(s) 'example_sla_dag' retrieved from /home/sneha/spotify_airflow_project/venv/lib/python3.12/site-packages/airflow/example_dags/example_sla_dag.py
[2026-01-07T12:10:35.838+0530] {logging_mixin.py:190} INFO - [2026-01-07T12:10:35.838+0530] {dag.py:3239} INFO - Sync 1 DAGs
[2026-01-07T12:10:35.858+0530] {logging_mixin.py:190} INFO - [2026-01-07T12:10:35.857+0530] {dag.py:4180} INFO - Setting next_dagrun for example_sla_dag to 2026-01-07 06:38:00+00:00, run_after=2026-01-07 06:40:00+00:00
[2026-01-07T12:10:35.874+0530] {processor.py:208} INFO - Processing /home/sneha/spotify_airflow_project/venv/lib/python3.12/site-packages/airflow/example_dags/example_sla_dag.py took 0.074 seconds
[2026-01-07T12:11:29.801+0530] {processor.py:186} INFO - Started process (PID=18588) to work on /home/sneha/spotify_airflow_project/venv/lib/python3.12/site-packages/airflow/example_dags/example_sla_dag.py
[2026-01-07T12:11:29.802+0530] {processor.py:914} INFO - Processing file /home/sneha/spotify_airflow_project/venv/lib/python3.12/site-packages/airflow/example_dags/example_sla_dag.py for tasks to queue
[2026-01-07T12:11:29.803+0530] {logging_mixin.py:190} INFO - [2026-01-07T12:11:29.803+0530] {dagbag.py:588} INFO - Filling up the DagBag from /home/sneha/spotify_airflow_project/venv/lib/python3.12/site-packages/airflow/example_dags/example_sla_dag.py
[2026-01-07T12:11:29.810+0530] {processor.py:925} INFO - DAG(s) 'example_sla_dag' retrieved from /home/sneha/spotify_airflow_project/venv/lib/python3.12/site-packages/airflow/example_dags/example_sla_dag.py
[2026-01-07T12:11:29.827+0530] {logging_mixin.py:190} INFO - [2026-01-07T12:11:29.826+0530] {dag.py:3239} INFO - Sync 1 DAGs
[2026-01-07T12:11:29.846+0530] {logging_mixin.py:190} INFO - [2026-01-07T12:11:29.846+0530] {dag.py:4180} INFO - Setting next_dagrun for example_sla_dag to 2026-01-07 06:38:00+00:00, run_after=2026-01-07 06:40:00+00:00
[2026-01-07T12:11:29.863+0530] {processor.py:208} INFO - Processing /home/sneha/spotify_airflow_project/venv/lib/python3.12/site-packages/airflow/example_dags/example_sla_dag.py took 0.069 seconds
[2026-01-07T12:12:20.818+0530] {processor.py:186} INFO - Started process (PID=18645) to work on /home/sneha/spotify_airflow_project/venv/lib/python3.12/site-packages/airflow/example_dags/example_sla_dag.py
[2026-01-07T12:12:20.819+0530] {processor.py:914} INFO - Processing file /home/sneha/spotify_airflow_project/venv/lib/python3.12/site-packages/airflow/example_dags/example_sla_dag.py for tasks to queue
[2026-01-07T12:12:20.820+0530] {logging_mixin.py:190} INFO - [2026-01-07T12:12:20.820+0530] {dagbag.py:588} INFO - Filling up the DagBag from /home/sneha/spotify_airflow_project/venv/lib/python3.12/site-packages/airflow/example_dags/example_sla_dag.py
[2026-01-07T12:12:20.827+0530] {processor.py:925} INFO - DAG(s) 'example_sla_dag' retrieved from /home/sneha/spotify_airflow_project/venv/lib/python3.12/site-packages/airflow/example_dags/example_sla_dag.py
[2026-01-07T12:12:20.843+0530] {logging_mixin.py:190} INFO - [2026-01-07T12:12:20.842+0530] {dag.py:3239} INFO - Sync 1 DAGs
[2026-01-07T12:12:20.862+0530] {logging_mixin.py:190} INFO - [2026-01-07T12:12:20.862+0530] {dag.py:4180} INFO - Setting next_dagrun for example_sla_dag to 2026-01-07 06:40:00+00:00, run_after=2026-01-07 06:42:00+00:00
[2026-01-07T12:12:20.881+0530] {processor.py:208} INFO - Processing /home/sneha/spotify_airflow_project/venv/lib/python3.12/site-packages/airflow/example_dags/example_sla_dag.py took 0.074 seconds
[2026-01-07T12:13:15.195+0530] {processor.py:186} INFO - Started process (PID=18710) to work on /home/sneha/spotify_airflow_project/venv/lib/python3.12/site-packages/airflow/example_dags/example_sla_dag.py
[2026-01-07T12:13:15.197+0530] {processor.py:914} INFO - Processing file /home/sneha/spotify_airflow_project/venv/lib/python3.12/site-packages/airflow/example_dags/example_sla_dag.py for tasks to queue
[2026-01-07T12:13:15.198+0530] {logging_mixin.py:190} INFO - [2026-01-07T12:13:15.197+0530] {dagbag.py:588} INFO - Filling up the DagBag from /home/sneha/spotify_airflow_project/venv/lib/python3.12/site-packages/airflow/example_dags/example_sla_dag.py
[2026-01-07T12:13:15.204+0530] {processor.py:925} INFO - DAG(s) 'example_sla_dag' retrieved from /home/sneha/spotify_airflow_project/venv/lib/python3.12/site-packages/airflow/example_dags/example_sla_dag.py
[2026-01-07T12:13:15.219+0530] {logging_mixin.py:190} INFO - [2026-01-07T12:13:15.219+0530] {dag.py:3239} INFO - Sync 1 DAGs
[2026-01-07T12:13:15.237+0530] {logging_mixin.py:190} INFO - [2026-01-07T12:13:15.237+0530] {dag.py:4180} INFO - Setting next_dagrun for example_sla_dag to 2026-01-07 06:40:00+00:00, run_after=2026-01-07 06:42:00+00:00
[2026-01-07T12:13:15.255+0530] {processor.py:208} INFO - Processing /home/sneha/spotify_airflow_project/venv/lib/python3.12/site-packages/airflow/example_dags/example_sla_dag.py took 0.071 seconds
[2026-01-07T12:14:08.933+0530] {processor.py:186} INFO - Started process (PID=18872) to work on /home/sneha/spotify_airflow_project/venv/lib/python3.12/site-packages/airflow/example_dags/example_sla_dag.py
[2026-01-07T12:14:08.934+0530] {processor.py:914} INFO - Processing file /home/sneha/spotify_airflow_project/venv/lib/python3.12/site-packages/airflow/example_dags/example_sla_dag.py for tasks to queue
[2026-01-07T12:14:08.935+0530] {logging_mixin.py:190} INFO - [2026-01-07T12:14:08.935+0530] {dagbag.py:588} INFO - Filling up the DagBag from /home/sneha/spotify_airflow_project/venv/lib/python3.12/site-packages/airflow/example_dags/example_sla_dag.py
[2026-01-07T12:14:08.942+0530] {processor.py:925} INFO - DAG(s) 'example_sla_dag' retrieved from /home/sneha/spotify_airflow_project/venv/lib/python3.12/site-packages/airflow/example_dags/example_sla_dag.py
[2026-01-07T12:14:08.958+0530] {logging_mixin.py:190} INFO - [2026-01-07T12:14:08.958+0530] {dag.py:3239} INFO - Sync 1 DAGs
[2026-01-07T12:14:08.978+0530] {logging_mixin.py:190} INFO - [2026-01-07T12:14:08.978+0530] {dag.py:4180} INFO - Setting next_dagrun for example_sla_dag to 2026-01-07 06:42:00+00:00, run_after=2026-01-07 06:44:00+00:00
[2026-01-07T12:14:09.000+0530] {processor.py:208} INFO - Processing /home/sneha/spotify_airflow_project/venv/lib/python3.12/site-packages/airflow/example_dags/example_sla_dag.py took 0.074 seconds
[2026-01-07T12:15:03.408+0530] {processor.py:186} INFO - Started process (PID=18938) to work on /home/sneha/spotify_airflow_project/venv/lib/python3.12/site-packages/airflow/example_dags/example_sla_dag.py
[2026-01-07T12:15:03.409+0530] {processor.py:914} INFO - Processing file /home/sneha/spotify_airflow_project/venv/lib/python3.12/site-packages/airflow/example_dags/example_sla_dag.py for tasks to queue
[2026-01-07T12:15:03.410+0530] {logging_mixin.py:190} INFO - [2026-01-07T12:15:03.410+0530] {dagbag.py:588} INFO - Filling up the DagBag from /home/sneha/spotify_airflow_project/venv/lib/python3.12/site-packages/airflow/example_dags/example_sla_dag.py
[2026-01-07T12:15:03.418+0530] {processor.py:925} INFO - DAG(s) 'example_sla_dag' retrieved from /home/sneha/spotify_airflow_project/venv/lib/python3.12/site-packages/airflow/example_dags/example_sla_dag.py
[2026-01-07T12:15:03.436+0530] {logging_mixin.py:190} INFO - [2026-01-07T12:15:03.436+0530] {dag.py:3239} INFO - Sync 1 DAGs
[2026-01-07T12:15:03.456+0530] {logging_mixin.py:190} INFO - [2026-01-07T12:15:03.456+0530] {dag.py:4180} INFO - Setting next_dagrun for example_sla_dag to 2026-01-07 06:42:00+00:00, run_after=2026-01-07 06:44:00+00:00
[2026-01-07T12:15:03.473+0530] {processor.py:208} INFO - Processing /home/sneha/spotify_airflow_project/venv/lib/python3.12/site-packages/airflow/example_dags/example_sla_dag.py took 0.076 seconds
[2026-01-07T12:15:56.636+0530] {processor.py:186} INFO - Started process (PID=19012) to work on /home/sneha/spotify_airflow_project/venv/lib/python3.12/site-packages/airflow/example_dags/example_sla_dag.py
[2026-01-07T12:15:56.637+0530] {processor.py:914} INFO - Processing file /home/sneha/spotify_airflow_project/venv/lib/python3.12/site-packages/airflow/example_dags/example_sla_dag.py for tasks to queue
[2026-01-07T12:15:56.638+0530] {logging_mixin.py:190} INFO - [2026-01-07T12:15:56.638+0530] {dagbag.py:588} INFO - Filling up the DagBag from /home/sneha/spotify_airflow_project/venv/lib/python3.12/site-packages/airflow/example_dags/example_sla_dag.py
[2026-01-07T12:15:56.646+0530] {processor.py:925} INFO - DAG(s) 'example_sla_dag' retrieved from /home/sneha/spotify_airflow_project/venv/lib/python3.12/site-packages/airflow/example_dags/example_sla_dag.py
[2026-01-07T12:15:56.662+0530] {logging_mixin.py:190} INFO - [2026-01-07T12:15:56.662+0530] {dag.py:3239} INFO - Sync 1 DAGs
[2026-01-07T12:15:56.683+0530] {logging_mixin.py:190} INFO - [2026-01-07T12:15:56.683+0530] {dag.py:4180} INFO - Setting next_dagrun for example_sla_dag to 2026-01-07 06:42:00+00:00, run_after=2026-01-07 06:44:00+00:00
[2026-01-07T12:15:56.701+0530] {processor.py:208} INFO - Processing /home/sneha/spotify_airflow_project/venv/lib/python3.12/site-packages/airflow/example_dags/example_sla_dag.py took 0.073 seconds
[2026-01-07T12:16:53.486+0530] {processor.py:186} INFO - Started process (PID=19074) to work on /home/sneha/spotify_airflow_project/venv/lib/python3.12/site-packages/airflow/example_dags/example_sla_dag.py
[2026-01-07T12:16:53.487+0530] {processor.py:914} INFO - Processing file /home/sneha/spotify_airflow_project/venv/lib/python3.12/site-packages/airflow/example_dags/example_sla_dag.py for tasks to queue
[2026-01-07T12:16:53.490+0530] {logging_mixin.py:190} INFO - [2026-01-07T12:16:53.489+0530] {dagbag.py:588} INFO - Filling up the DagBag from /home/sneha/spotify_airflow_project/venv/lib/python3.12/site-packages/airflow/example_dags/example_sla_dag.py
[2026-01-07T12:16:53.499+0530] {processor.py:925} INFO - DAG(s) 'example_sla_dag' retrieved from /home/sneha/spotify_airflow_project/venv/lib/python3.12/site-packages/airflow/example_dags/example_sla_dag.py
[2026-01-07T12:16:53.516+0530] {logging_mixin.py:190} INFO - [2026-01-07T12:16:53.516+0530] {dag.py:3239} INFO - Sync 1 DAGs
[2026-01-07T12:16:53.535+0530] {logging_mixin.py:190} INFO - [2026-01-07T12:16:53.535+0530] {dag.py:4180} INFO - Setting next_dagrun for example_sla_dag to 2026-01-07 06:44:00+00:00, run_after=2026-01-07 06:46:00+00:00
[2026-01-07T12:16:53.553+0530] {processor.py:208} INFO - Processing /home/sneha/spotify_airflow_project/venv/lib/python3.12/site-packages/airflow/example_dags/example_sla_dag.py took 0.080 seconds
[2026-01-07T12:17:48.524+0530] {processor.py:186} INFO - Started process (PID=19135) to work on /home/sneha/spotify_airflow_project/venv/lib/python3.12/site-packages/airflow/example_dags/example_sla_dag.py
[2026-01-07T12:17:48.535+0530] {processor.py:914} INFO - Processing file /home/sneha/spotify_airflow_project/venv/lib/python3.12/site-packages/airflow/example_dags/example_sla_dag.py for tasks to queue
[2026-01-07T12:17:48.537+0530] {logging_mixin.py:190} INFO - [2026-01-07T12:17:48.536+0530] {dagbag.py:588} INFO - Filling up the DagBag from /home/sneha/spotify_airflow_project/venv/lib/python3.12/site-packages/airflow/example_dags/example_sla_dag.py
[2026-01-07T12:17:48.546+0530] {processor.py:925} INFO - DAG(s) 'example_sla_dag' retrieved from /home/sneha/spotify_airflow_project/venv/lib/python3.12/site-packages/airflow/example_dags/example_sla_dag.py
[2026-01-07T12:17:48.564+0530] {logging_mixin.py:190} INFO - [2026-01-07T12:17:48.564+0530] {dag.py:3239} INFO - Sync 1 DAGs
[2026-01-07T12:17:48.584+0530] {logging_mixin.py:190} INFO - [2026-01-07T12:17:48.584+0530] {dag.py:4180} INFO - Setting next_dagrun for example_sla_dag to 2026-01-07 06:44:00+00:00, run_after=2026-01-07 06:46:00+00:00
[2026-01-07T12:17:48.601+0530] {processor.py:208} INFO - Processing /home/sneha/spotify_airflow_project/venv/lib/python3.12/site-packages/airflow/example_dags/example_sla_dag.py took 0.087 seconds
[2026-01-07T12:18:45.823+0530] {processor.py:186} INFO - Started process (PID=19227) to work on /home/sneha/spotify_airflow_project/venv/lib/python3.12/site-packages/airflow/example_dags/example_sla_dag.py
[2026-01-07T12:18:45.824+0530] {processor.py:914} INFO - Processing file /home/sneha/spotify_airflow_project/venv/lib/python3.12/site-packages/airflow/example_dags/example_sla_dag.py for tasks to queue
[2026-01-07T12:18:45.825+0530] {logging_mixin.py:190} INFO - [2026-01-07T12:18:45.825+0530] {dagbag.py:588} INFO - Filling up the DagBag from /home/sneha/spotify_airflow_project/venv/lib/python3.12/site-packages/airflow/example_dags/example_sla_dag.py
[2026-01-07T12:18:45.833+0530] {processor.py:925} INFO - DAG(s) 'example_sla_dag' retrieved from /home/sneha/spotify_airflow_project/venv/lib/python3.12/site-packages/airflow/example_dags/example_sla_dag.py
[2026-01-07T12:18:45.849+0530] {logging_mixin.py:190} INFO - [2026-01-07T12:18:45.849+0530] {dag.py:3239} INFO - Sync 1 DAGs
[2026-01-07T12:18:45.870+0530] {logging_mixin.py:190} INFO - [2026-01-07T12:18:45.869+0530] {dag.py:4180} INFO - Setting next_dagrun for example_sla_dag to 2026-01-07 06:46:00+00:00, run_after=2026-01-07 06:48:00+00:00
[2026-01-07T12:18:45.888+0530] {processor.py:208} INFO - Processing /home/sneha/spotify_airflow_project/venv/lib/python3.12/site-packages/airflow/example_dags/example_sla_dag.py took 0.076 seconds
[2026-01-07T12:19:42.920+0530] {processor.py:186} INFO - Started process (PID=19363) to work on /home/sneha/spotify_airflow_project/venv/lib/python3.12/site-packages/airflow/example_dags/example_sla_dag.py
[2026-01-07T12:19:42.921+0530] {processor.py:914} INFO - Processing file /home/sneha/spotify_airflow_project/venv/lib/python3.12/site-packages/airflow/example_dags/example_sla_dag.py for tasks to queue
[2026-01-07T12:19:42.922+0530] {logging_mixin.py:190} INFO - [2026-01-07T12:19:42.922+0530] {dagbag.py:588} INFO - Filling up the DagBag from /home/sneha/spotify_airflow_project/venv/lib/python3.12/site-packages/airflow/example_dags/example_sla_dag.py
[2026-01-07T12:19:42.929+0530] {processor.py:925} INFO - DAG(s) 'example_sla_dag' retrieved from /home/sneha/spotify_airflow_project/venv/lib/python3.12/site-packages/airflow/example_dags/example_sla_dag.py
[2026-01-07T12:19:42.946+0530] {logging_mixin.py:190} INFO - [2026-01-07T12:19:42.945+0530] {dag.py:3239} INFO - Sync 1 DAGs
[2026-01-07T12:19:42.967+0530] {logging_mixin.py:190} INFO - [2026-01-07T12:19:42.967+0530] {dag.py:4180} INFO - Setting next_dagrun for example_sla_dag to 2026-01-07 06:46:00+00:00, run_after=2026-01-07 06:48:00+00:00
[2026-01-07T12:19:42.984+0530] {processor.py:208} INFO - Processing /home/sneha/spotify_airflow_project/venv/lib/python3.12/site-packages/airflow/example_dags/example_sla_dag.py took 0.076 seconds
