[2026-01-07T11:47:37.041+0530] {processor.py:186} INFO - Started process (PID=7458) to work on /home/sneha/spotify_astro_project/venv/lib/python3.12/site-packages/airflow/example_dags/example_latest_only_with_trigger.py
[2026-01-07T11:47:37.042+0530] {processor.py:914} INFO - Processing file /home/sneha/spotify_astro_project/venv/lib/python3.12/site-packages/airflow/example_dags/example_latest_only_with_trigger.py for tasks to queue
[2026-01-07T11:47:37.043+0530] {logging_mixin.py:190} INFO - [2026-01-07T11:47:37.042+0530] {dagbag.py:588} INFO - Filling up the DagBag from /home/sneha/spotify_astro_project/venv/lib/python3.12/site-packages/airflow/example_dags/example_latest_only_with_trigger.py
[2026-01-07T11:47:37.049+0530] {processor.py:925} INFO - DAG(s) 'latest_only_with_trigger' retrieved from /home/sneha/spotify_astro_project/venv/lib/python3.12/site-packages/airflow/example_dags/example_latest_only_with_trigger.py
[2026-01-07T11:47:37.161+0530] {logging_mixin.py:190} INFO - [2026-01-07T11:47:37.161+0530] {dag.py:3239} INFO - Sync 1 DAGs
[2026-01-07T11:47:37.185+0530] {logging_mixin.py:190} INFO - [2026-01-07T11:47:37.185+0530] {dag.py:4180} INFO - Setting next_dagrun for latest_only_with_trigger to 2026-01-07 00:00:00+00:00, run_after=2026-01-07 04:00:00+00:00
[2026-01-07T11:47:37.215+0530] {processor.py:208} INFO - Processing /home/sneha/spotify_astro_project/venv/lib/python3.12/site-packages/airflow/example_dags/example_latest_only_with_trigger.py took 0.179 seconds
[2026-01-07T11:48:42.889+0530] {processor.py:186} INFO - Started process (PID=7929) to work on /home/sneha/spotify_astro_project/venv/lib/python3.12/site-packages/airflow/example_dags/example_latest_only_with_trigger.py
[2026-01-07T11:48:42.890+0530] {processor.py:914} INFO - Processing file /home/sneha/spotify_astro_project/venv/lib/python3.12/site-packages/airflow/example_dags/example_latest_only_with_trigger.py for tasks to queue
[2026-01-07T11:48:42.892+0530] {logging_mixin.py:190} INFO - [2026-01-07T11:48:42.892+0530] {dagbag.py:588} INFO - Filling up the DagBag from /home/sneha/spotify_astro_project/venv/lib/python3.12/site-packages/airflow/example_dags/example_latest_only_with_trigger.py
[2026-01-07T11:48:42.898+0530] {processor.py:925} INFO - DAG(s) 'latest_only_with_trigger' retrieved from /home/sneha/spotify_astro_project/venv/lib/python3.12/site-packages/airflow/example_dags/example_latest_only_with_trigger.py
[2026-01-07T11:48:42.915+0530] {logging_mixin.py:190} INFO - [2026-01-07T11:48:42.915+0530] {dag.py:3239} INFO - Sync 1 DAGs
[2026-01-07T11:48:42.933+0530] {logging_mixin.py:190} INFO - [2026-01-07T11:48:42.933+0530] {dag.py:4180} INFO - Setting next_dagrun for latest_only_with_trigger to 2026-01-07 00:00:00+00:00, run_after=2026-01-07 04:00:00+00:00
[2026-01-07T11:48:42.951+0530] {processor.py:208} INFO - Processing /home/sneha/spotify_astro_project/venv/lib/python3.12/site-packages/airflow/example_dags/example_latest_only_with_trigger.py took 0.075 seconds
[2026-01-07T11:49:43.476+0530] {processor.py:186} INFO - Started process (PID=8349) to work on /home/sneha/spotify_astro_project/venv/lib/python3.12/site-packages/airflow/example_dags/example_latest_only_with_trigger.py
[2026-01-07T11:49:43.478+0530] {processor.py:914} INFO - Processing file /home/sneha/spotify_astro_project/venv/lib/python3.12/site-packages/airflow/example_dags/example_latest_only_with_trigger.py for tasks to queue
[2026-01-07T11:49:43.480+0530] {logging_mixin.py:190} INFO - [2026-01-07T11:49:43.479+0530] {dagbag.py:588} INFO - Filling up the DagBag from /home/sneha/spotify_astro_project/venv/lib/python3.12/site-packages/airflow/example_dags/example_latest_only_with_trigger.py
[2026-01-07T11:49:43.488+0530] {processor.py:925} INFO - DAG(s) 'latest_only_with_trigger' retrieved from /home/sneha/spotify_astro_project/venv/lib/python3.12/site-packages/airflow/example_dags/example_latest_only_with_trigger.py
[2026-01-07T11:49:43.504+0530] {logging_mixin.py:190} INFO - [2026-01-07T11:49:43.504+0530] {dag.py:3239} INFO - Sync 1 DAGs
[2026-01-07T11:49:43.522+0530] {logging_mixin.py:190} INFO - [2026-01-07T11:49:43.522+0530] {dag.py:4180} INFO - Setting next_dagrun for latest_only_with_trigger to 2026-01-07 00:00:00+00:00, run_after=2026-01-07 04:00:00+00:00
[2026-01-07T11:49:43.668+0530] {processor.py:208} INFO - Processing /home/sneha/spotify_astro_project/venv/lib/python3.12/site-packages/airflow/example_dags/example_latest_only_with_trigger.py took 0.204 seconds
[2026-01-07T11:51:01.961+0530] {processor.py:186} INFO - Started process (PID=8998) to work on /home/sneha/spotify_astro_project/venv/lib/python3.12/site-packages/airflow/example_dags/example_latest_only_with_trigger.py
[2026-01-07T11:51:01.963+0530] {processor.py:914} INFO - Processing file /home/sneha/spotify_astro_project/venv/lib/python3.12/site-packages/airflow/example_dags/example_latest_only_with_trigger.py for tasks to queue
[2026-01-07T11:51:01.964+0530] {logging_mixin.py:190} INFO - [2026-01-07T11:51:01.964+0530] {dagbag.py:588} INFO - Filling up the DagBag from /home/sneha/spotify_astro_project/venv/lib/python3.12/site-packages/airflow/example_dags/example_latest_only_with_trigger.py
[2026-01-07T11:51:01.971+0530] {processor.py:925} INFO - DAG(s) 'latest_only_with_trigger' retrieved from /home/sneha/spotify_astro_project/venv/lib/python3.12/site-packages/airflow/example_dags/example_latest_only_with_trigger.py
[2026-01-07T11:51:01.989+0530] {logging_mixin.py:190} INFO - [2026-01-07T11:51:01.988+0530] {dag.py:3239} INFO - Sync 1 DAGs
[2026-01-07T11:51:02.007+0530] {logging_mixin.py:190} INFO - [2026-01-07T11:51:02.007+0530] {dag.py:4180} INFO - Setting next_dagrun for latest_only_with_trigger to 2026-01-07 00:00:00+00:00, run_after=2026-01-07 04:00:00+00:00
[2026-01-07T11:51:02.025+0530] {processor.py:208} INFO - Processing /home/sneha/spotify_astro_project/venv/lib/python3.12/site-packages/airflow/example_dags/example_latest_only_with_trigger.py took 0.078 seconds
[2026-01-07T11:57:47.519+0530] {processor.py:186} INFO - Started process (PID=17091) to work on /home/sneha/spotify_airflow_project/venv/lib/python3.12/site-packages/airflow/example_dags/example_latest_only_with_trigger.py
[2026-01-07T11:57:47.520+0530] {processor.py:914} INFO - Processing file /home/sneha/spotify_airflow_project/venv/lib/python3.12/site-packages/airflow/example_dags/example_latest_only_with_trigger.py for tasks to queue
[2026-01-07T11:57:47.521+0530] {logging_mixin.py:190} INFO - [2026-01-07T11:57:47.521+0530] {dagbag.py:588} INFO - Filling up the DagBag from /home/sneha/spotify_airflow_project/venv/lib/python3.12/site-packages/airflow/example_dags/example_latest_only_with_trigger.py
[2026-01-07T11:57:47.528+0530] {processor.py:925} INFO - DAG(s) 'latest_only_with_trigger' retrieved from /home/sneha/spotify_airflow_project/venv/lib/python3.12/site-packages/airflow/example_dags/example_latest_only_with_trigger.py
[2026-01-07T11:57:47.630+0530] {logging_mixin.py:190} INFO - [2026-01-07T11:57:47.630+0530] {dag.py:3239} INFO - Sync 1 DAGs
[2026-01-07T11:57:47.646+0530] {logging_mixin.py:190} INFO - [2026-01-07T11:57:47.646+0530] {dag.py:4180} INFO - Setting next_dagrun for latest_only_with_trigger to 2026-01-07 00:00:00+00:00, run_after=2026-01-07 04:00:00+00:00
[2026-01-07T11:57:47.665+0530] {processor.py:208} INFO - Processing /home/sneha/spotify_airflow_project/venv/lib/python3.12/site-packages/airflow/example_dags/example_latest_only_with_trigger.py took 0.156 seconds
[2026-01-07T11:58:46.826+0530] {processor.py:186} INFO - Started process (PID=17229) to work on /home/sneha/spotify_airflow_project/venv/lib/python3.12/site-packages/airflow/example_dags/example_latest_only_with_trigger.py
[2026-01-07T11:58:46.828+0530] {processor.py:914} INFO - Processing file /home/sneha/spotify_airflow_project/venv/lib/python3.12/site-packages/airflow/example_dags/example_latest_only_with_trigger.py for tasks to queue
[2026-01-07T11:58:46.829+0530] {logging_mixin.py:190} INFO - [2026-01-07T11:58:46.828+0530] {dagbag.py:588} INFO - Filling up the DagBag from /home/sneha/spotify_airflow_project/venv/lib/python3.12/site-packages/airflow/example_dags/example_latest_only_with_trigger.py
[2026-01-07T11:58:46.835+0530] {processor.py:925} INFO - DAG(s) 'latest_only_with_trigger' retrieved from /home/sneha/spotify_airflow_project/venv/lib/python3.12/site-packages/airflow/example_dags/example_latest_only_with_trigger.py
[2026-01-07T11:58:46.853+0530] {logging_mixin.py:190} INFO - [2026-01-07T11:58:46.853+0530] {dag.py:3239} INFO - Sync 1 DAGs
[2026-01-07T11:58:46.871+0530] {logging_mixin.py:190} INFO - [2026-01-07T11:58:46.871+0530] {dag.py:4180} INFO - Setting next_dagrun for latest_only_with_trigger to 2026-01-07 00:00:00+00:00, run_after=2026-01-07 04:00:00+00:00
[2026-01-07T11:58:46.888+0530] {processor.py:208} INFO - Processing /home/sneha/spotify_airflow_project/venv/lib/python3.12/site-packages/airflow/example_dags/example_latest_only_with_trigger.py took 0.072 seconds
[2026-01-07T11:59:42.996+0530] {processor.py:186} INFO - Started process (PID=17290) to work on /home/sneha/spotify_airflow_project/venv/lib/python3.12/site-packages/airflow/example_dags/example_latest_only_with_trigger.py
[2026-01-07T11:59:43.007+0530] {processor.py:914} INFO - Processing file /home/sneha/spotify_airflow_project/venv/lib/python3.12/site-packages/airflow/example_dags/example_latest_only_with_trigger.py for tasks to queue
[2026-01-07T11:59:43.009+0530] {logging_mixin.py:190} INFO - [2026-01-07T11:59:43.008+0530] {dagbag.py:588} INFO - Filling up the DagBag from /home/sneha/spotify_airflow_project/venv/lib/python3.12/site-packages/airflow/example_dags/example_latest_only_with_trigger.py
[2026-01-07T11:59:43.016+0530] {processor.py:925} INFO - DAG(s) 'latest_only_with_trigger' retrieved from /home/sneha/spotify_airflow_project/venv/lib/python3.12/site-packages/airflow/example_dags/example_latest_only_with_trigger.py
[2026-01-07T11:59:43.033+0530] {logging_mixin.py:190} INFO - [2026-01-07T11:59:43.032+0530] {dag.py:3239} INFO - Sync 1 DAGs
[2026-01-07T11:59:43.050+0530] {logging_mixin.py:190} INFO - [2026-01-07T11:59:43.049+0530] {dag.py:4180} INFO - Setting next_dagrun for latest_only_with_trigger to 2026-01-07 00:00:00+00:00, run_after=2026-01-07 04:00:00+00:00
[2026-01-07T11:59:43.067+0530] {processor.py:208} INFO - Processing /home/sneha/spotify_airflow_project/venv/lib/python3.12/site-packages/airflow/example_dags/example_latest_only_with_trigger.py took 0.083 seconds
[2026-01-07T12:00:50.664+0530] {processor.py:186} INFO - Started process (PID=17432) to work on /home/sneha/spotify_airflow_project/venv/lib/python3.12/site-packages/airflow/example_dags/example_latest_only_with_trigger.py
[2026-01-07T12:00:50.665+0530] {processor.py:914} INFO - Processing file /home/sneha/spotify_airflow_project/venv/lib/python3.12/site-packages/airflow/example_dags/example_latest_only_with_trigger.py for tasks to queue
[2026-01-07T12:00:50.666+0530] {logging_mixin.py:190} INFO - [2026-01-07T12:00:50.665+0530] {dagbag.py:588} INFO - Filling up the DagBag from /home/sneha/spotify_airflow_project/venv/lib/python3.12/site-packages/airflow/example_dags/example_latest_only_with_trigger.py
[2026-01-07T12:00:50.809+0530] {processor.py:925} INFO - DAG(s) 'latest_only_with_trigger' retrieved from /home/sneha/spotify_airflow_project/venv/lib/python3.12/site-packages/airflow/example_dags/example_latest_only_with_trigger.py
[2026-01-07T12:00:50.821+0530] {logging_mixin.py:190} INFO - [2026-01-07T12:00:50.821+0530] {dag.py:3239} INFO - Sync 1 DAGs
[2026-01-07T12:00:50.834+0530] {logging_mixin.py:190} INFO - [2026-01-07T12:00:50.834+0530] {dag.py:4180} INFO - Setting next_dagrun for latest_only_with_trigger to 2026-01-07 00:00:00+00:00, run_after=2026-01-07 04:00:00+00:00
[2026-01-07T12:00:50.850+0530] {processor.py:208} INFO - Processing /home/sneha/spotify_airflow_project/venv/lib/python3.12/site-packages/airflow/example_dags/example_latest_only_with_trigger.py took 0.198 seconds
[2026-01-07T12:01:49.318+0530] {processor.py:186} INFO - Started process (PID=17612) to work on /home/sneha/spotify_airflow_project/venv/lib/python3.12/site-packages/airflow/example_dags/example_latest_only_with_trigger.py
[2026-01-07T12:01:49.319+0530] {processor.py:914} INFO - Processing file /home/sneha/spotify_airflow_project/venv/lib/python3.12/site-packages/airflow/example_dags/example_latest_only_with_trigger.py for tasks to queue
[2026-01-07T12:01:49.321+0530] {logging_mixin.py:190} INFO - [2026-01-07T12:01:49.321+0530] {dagbag.py:588} INFO - Filling up the DagBag from /home/sneha/spotify_airflow_project/venv/lib/python3.12/site-packages/airflow/example_dags/example_latest_only_with_trigger.py
[2026-01-07T12:01:49.329+0530] {processor.py:925} INFO - DAG(s) 'latest_only_with_trigger' retrieved from /home/sneha/spotify_airflow_project/venv/lib/python3.12/site-packages/airflow/example_dags/example_latest_only_with_trigger.py
[2026-01-07T12:01:49.347+0530] {logging_mixin.py:190} INFO - [2026-01-07T12:01:49.347+0530] {dag.py:3239} INFO - Sync 1 DAGs
[2026-01-07T12:01:49.366+0530] {logging_mixin.py:190} INFO - [2026-01-07T12:01:49.365+0530] {dag.py:4180} INFO - Setting next_dagrun for latest_only_with_trigger to 2026-01-07 00:00:00+00:00, run_after=2026-01-07 04:00:00+00:00
[2026-01-07T12:01:49.388+0530] {processor.py:208} INFO - Processing /home/sneha/spotify_airflow_project/venv/lib/python3.12/site-packages/airflow/example_dags/example_latest_only_with_trigger.py took 0.078 seconds
[2026-01-07T12:02:46.775+0530] {processor.py:186} INFO - Started process (PID=17680) to work on /home/sneha/spotify_airflow_project/venv/lib/python3.12/site-packages/airflow/example_dags/example_latest_only_with_trigger.py
[2026-01-07T12:02:46.786+0530] {processor.py:914} INFO - Processing file /home/sneha/spotify_airflow_project/venv/lib/python3.12/site-packages/airflow/example_dags/example_latest_only_with_trigger.py for tasks to queue
[2026-01-07T12:02:46.789+0530] {logging_mixin.py:190} INFO - [2026-01-07T12:02:46.788+0530] {dagbag.py:588} INFO - Filling up the DagBag from /home/sneha/spotify_airflow_project/venv/lib/python3.12/site-packages/airflow/example_dags/example_latest_only_with_trigger.py
[2026-01-07T12:02:46.796+0530] {processor.py:925} INFO - DAG(s) 'latest_only_with_trigger' retrieved from /home/sneha/spotify_airflow_project/venv/lib/python3.12/site-packages/airflow/example_dags/example_latest_only_with_trigger.py
[2026-01-07T12:02:46.818+0530] {logging_mixin.py:190} INFO - [2026-01-07T12:02:46.817+0530] {dag.py:3239} INFO - Sync 1 DAGs
[2026-01-07T12:02:46.836+0530] {logging_mixin.py:190} INFO - [2026-01-07T12:02:46.836+0530] {dag.py:4180} INFO - Setting next_dagrun for latest_only_with_trigger to 2026-01-07 00:00:00+00:00, run_after=2026-01-07 04:00:00+00:00
[2026-01-07T12:02:46.857+0530] {processor.py:208} INFO - Processing /home/sneha/spotify_airflow_project/venv/lib/python3.12/site-packages/airflow/example_dags/example_latest_only_with_trigger.py took 0.095 seconds
[2026-01-07T12:03:43.710+0530] {processor.py:186} INFO - Started process (PID=17741) to work on /home/sneha/spotify_airflow_project/venv/lib/python3.12/site-packages/airflow/example_dags/example_latest_only_with_trigger.py
[2026-01-07T12:03:43.721+0530] {processor.py:914} INFO - Processing file /home/sneha/spotify_airflow_project/venv/lib/python3.12/site-packages/airflow/example_dags/example_latest_only_with_trigger.py for tasks to queue
[2026-01-07T12:03:43.723+0530] {logging_mixin.py:190} INFO - [2026-01-07T12:03:43.723+0530] {dagbag.py:588} INFO - Filling up the DagBag from /home/sneha/spotify_airflow_project/venv/lib/python3.12/site-packages/airflow/example_dags/example_latest_only_with_trigger.py
[2026-01-07T12:03:43.731+0530] {processor.py:925} INFO - DAG(s) 'latest_only_with_trigger' retrieved from /home/sneha/spotify_airflow_project/venv/lib/python3.12/site-packages/airflow/example_dags/example_latest_only_with_trigger.py
[2026-01-07T12:03:43.748+0530] {logging_mixin.py:190} INFO - [2026-01-07T12:03:43.748+0530] {dag.py:3239} INFO - Sync 1 DAGs
[2026-01-07T12:03:43.767+0530] {logging_mixin.py:190} INFO - [2026-01-07T12:03:43.767+0530] {dag.py:4180} INFO - Setting next_dagrun for latest_only_with_trigger to 2026-01-07 00:00:00+00:00, run_after=2026-01-07 04:00:00+00:00
[2026-01-07T12:03:43.785+0530] {processor.py:208} INFO - Processing /home/sneha/spotify_airflow_project/venv/lib/python3.12/site-packages/airflow/example_dags/example_latest_only_with_trigger.py took 0.087 seconds
[2026-01-07T12:04:38.390+0530] {processor.py:186} INFO - Started process (PID=18051) to work on /home/sneha/spotify_airflow_project/venv/lib/python3.12/site-packages/airflow/example_dags/example_latest_only_with_trigger.py
[2026-01-07T12:04:38.392+0530] {processor.py:914} INFO - Processing file /home/sneha/spotify_airflow_project/venv/lib/python3.12/site-packages/airflow/example_dags/example_latest_only_with_trigger.py for tasks to queue
[2026-01-07T12:04:38.393+0530] {logging_mixin.py:190} INFO - [2026-01-07T12:04:38.393+0530] {dagbag.py:588} INFO - Filling up the DagBag from /home/sneha/spotify_airflow_project/venv/lib/python3.12/site-packages/airflow/example_dags/example_latest_only_with_trigger.py
[2026-01-07T12:04:38.399+0530] {processor.py:925} INFO - DAG(s) 'latest_only_with_trigger' retrieved from /home/sneha/spotify_airflow_project/venv/lib/python3.12/site-packages/airflow/example_dags/example_latest_only_with_trigger.py
[2026-01-07T12:04:38.417+0530] {logging_mixin.py:190} INFO - [2026-01-07T12:04:38.416+0530] {dag.py:3239} INFO - Sync 1 DAGs
[2026-01-07T12:04:38.434+0530] {logging_mixin.py:190} INFO - [2026-01-07T12:04:38.434+0530] {dag.py:4180} INFO - Setting next_dagrun for latest_only_with_trigger to 2026-01-07 00:00:00+00:00, run_after=2026-01-07 04:00:00+00:00
[2026-01-07T12:04:38.454+0530] {processor.py:208} INFO - Processing /home/sneha/spotify_airflow_project/venv/lib/python3.12/site-packages/airflow/example_dags/example_latest_only_with_trigger.py took 0.075 seconds
[2026-01-07T12:05:33.859+0530] {processor.py:186} INFO - Started process (PID=18144) to work on /home/sneha/spotify_airflow_project/venv/lib/python3.12/site-packages/airflow/example_dags/example_latest_only_with_trigger.py
[2026-01-07T12:05:33.861+0530] {processor.py:914} INFO - Processing file /home/sneha/spotify_airflow_project/venv/lib/python3.12/site-packages/airflow/example_dags/example_latest_only_with_trigger.py for tasks to queue
[2026-01-07T12:05:33.864+0530] {logging_mixin.py:190} INFO - [2026-01-07T12:05:33.863+0530] {dagbag.py:588} INFO - Filling up the DagBag from /home/sneha/spotify_airflow_project/venv/lib/python3.12/site-packages/airflow/example_dags/example_latest_only_with_trigger.py
[2026-01-07T12:05:33.872+0530] {processor.py:925} INFO - DAG(s) 'latest_only_with_trigger' retrieved from /home/sneha/spotify_airflow_project/venv/lib/python3.12/site-packages/airflow/example_dags/example_latest_only_with_trigger.py
[2026-01-07T12:05:33.890+0530] {logging_mixin.py:190} INFO - [2026-01-07T12:05:33.889+0530] {dag.py:3239} INFO - Sync 1 DAGs
[2026-01-07T12:05:33.908+0530] {logging_mixin.py:190} INFO - [2026-01-07T12:05:33.907+0530] {dag.py:4180} INFO - Setting next_dagrun for latest_only_with_trigger to 2026-01-07 00:00:00+00:00, run_after=2026-01-07 04:00:00+00:00
[2026-01-07T12:05:33.926+0530] {processor.py:208} INFO - Processing /home/sneha/spotify_airflow_project/venv/lib/python3.12/site-packages/airflow/example_dags/example_latest_only_with_trigger.py took 0.078 seconds
[2026-01-07T12:06:26.979+0530] {processor.py:186} INFO - Started process (PID=18204) to work on /home/sneha/spotify_airflow_project/venv/lib/python3.12/site-packages/airflow/example_dags/example_latest_only_with_trigger.py
[2026-01-07T12:06:26.981+0530] {processor.py:914} INFO - Processing file /home/sneha/spotify_airflow_project/venv/lib/python3.12/site-packages/airflow/example_dags/example_latest_only_with_trigger.py for tasks to queue
[2026-01-07T12:06:26.982+0530] {logging_mixin.py:190} INFO - [2026-01-07T12:06:26.982+0530] {dagbag.py:588} INFO - Filling up the DagBag from /home/sneha/spotify_airflow_project/venv/lib/python3.12/site-packages/airflow/example_dags/example_latest_only_with_trigger.py
[2026-01-07T12:06:26.989+0530] {processor.py:925} INFO - DAG(s) 'latest_only_with_trigger' retrieved from /home/sneha/spotify_airflow_project/venv/lib/python3.12/site-packages/airflow/example_dags/example_latest_only_with_trigger.py
[2026-01-07T12:06:27.006+0530] {logging_mixin.py:190} INFO - [2026-01-07T12:06:27.005+0530] {dag.py:3239} INFO - Sync 1 DAGs
[2026-01-07T12:06:27.023+0530] {logging_mixin.py:190} INFO - [2026-01-07T12:06:27.023+0530] {dag.py:4180} INFO - Setting next_dagrun for latest_only_with_trigger to 2026-01-07 00:00:00+00:00, run_after=2026-01-07 04:00:00+00:00
[2026-01-07T12:06:27.041+0530] {processor.py:208} INFO - Processing /home/sneha/spotify_airflow_project/venv/lib/python3.12/site-packages/airflow/example_dags/example_latest_only_with_trigger.py took 0.074 seconds
[2026-01-07T12:07:22.584+0530] {processor.py:186} INFO - Started process (PID=18262) to work on /home/sneha/spotify_airflow_project/venv/lib/python3.12/site-packages/airflow/example_dags/example_latest_only_with_trigger.py
[2026-01-07T12:07:22.586+0530] {processor.py:914} INFO - Processing file /home/sneha/spotify_airflow_project/venv/lib/python3.12/site-packages/airflow/example_dags/example_latest_only_with_trigger.py for tasks to queue
[2026-01-07T12:07:22.587+0530] {logging_mixin.py:190} INFO - [2026-01-07T12:07:22.586+0530] {dagbag.py:588} INFO - Filling up the DagBag from /home/sneha/spotify_airflow_project/venv/lib/python3.12/site-packages/airflow/example_dags/example_latest_only_with_trigger.py
[2026-01-07T12:07:22.594+0530] {processor.py:925} INFO - DAG(s) 'latest_only_with_trigger' retrieved from /home/sneha/spotify_airflow_project/venv/lib/python3.12/site-packages/airflow/example_dags/example_latest_only_with_trigger.py
[2026-01-07T12:07:22.612+0530] {logging_mixin.py:190} INFO - [2026-01-07T12:07:22.611+0530] {dag.py:3239} INFO - Sync 1 DAGs
[2026-01-07T12:07:22.629+0530] {logging_mixin.py:190} INFO - [2026-01-07T12:07:22.629+0530] {dag.py:4180} INFO - Setting next_dagrun for latest_only_with_trigger to 2026-01-07 00:00:00+00:00, run_after=2026-01-07 04:00:00+00:00
[2026-01-07T12:07:22.647+0530] {processor.py:208} INFO - Processing /home/sneha/spotify_airflow_project/venv/lib/python3.12/site-packages/airflow/example_dags/example_latest_only_with_trigger.py took 0.073 seconds
[2026-01-07T12:08:14.468+0530] {processor.py:186} INFO - Started process (PID=18317) to work on /home/sneha/spotify_airflow_project/venv/lib/python3.12/site-packages/airflow/example_dags/example_latest_only_with_trigger.py
[2026-01-07T12:08:14.470+0530] {processor.py:914} INFO - Processing file /home/sneha/spotify_airflow_project/venv/lib/python3.12/site-packages/airflow/example_dags/example_latest_only_with_trigger.py for tasks to queue
[2026-01-07T12:08:14.472+0530] {logging_mixin.py:190} INFO - [2026-01-07T12:08:14.471+0530] {dagbag.py:588} INFO - Filling up the DagBag from /home/sneha/spotify_airflow_project/venv/lib/python3.12/site-packages/airflow/example_dags/example_latest_only_with_trigger.py
[2026-01-07T12:08:14.478+0530] {processor.py:925} INFO - DAG(s) 'latest_only_with_trigger' retrieved from /home/sneha/spotify_airflow_project/venv/lib/python3.12/site-packages/airflow/example_dags/example_latest_only_with_trigger.py
[2026-01-07T12:08:14.495+0530] {logging_mixin.py:190} INFO - [2026-01-07T12:08:14.495+0530] {dag.py:3239} INFO - Sync 1 DAGs
[2026-01-07T12:08:14.514+0530] {logging_mixin.py:190} INFO - [2026-01-07T12:08:14.513+0530] {dag.py:4180} INFO - Setting next_dagrun for latest_only_with_trigger to 2026-01-07 00:00:00+00:00, run_after=2026-01-07 04:00:00+00:00
[2026-01-07T12:08:14.533+0530] {processor.py:208} INFO - Processing /home/sneha/spotify_airflow_project/venv/lib/python3.12/site-packages/airflow/example_dags/example_latest_only_with_trigger.py took 0.077 seconds
[2026-01-07T12:09:07.607+0530] {processor.py:186} INFO - Started process (PID=18375) to work on /home/sneha/spotify_airflow_project/venv/lib/python3.12/site-packages/airflow/example_dags/example_latest_only_with_trigger.py
[2026-01-07T12:09:07.608+0530] {processor.py:914} INFO - Processing file /home/sneha/spotify_airflow_project/venv/lib/python3.12/site-packages/airflow/example_dags/example_latest_only_with_trigger.py for tasks to queue
[2026-01-07T12:09:07.610+0530] {logging_mixin.py:190} INFO - [2026-01-07T12:09:07.609+0530] {dagbag.py:588} INFO - Filling up the DagBag from /home/sneha/spotify_airflow_project/venv/lib/python3.12/site-packages/airflow/example_dags/example_latest_only_with_trigger.py
[2026-01-07T12:09:07.616+0530] {processor.py:925} INFO - DAG(s) 'latest_only_with_trigger' retrieved from /home/sneha/spotify_airflow_project/venv/lib/python3.12/site-packages/airflow/example_dags/example_latest_only_with_trigger.py
[2026-01-07T12:09:07.633+0530] {logging_mixin.py:190} INFO - [2026-01-07T12:09:07.633+0530] {dag.py:3239} INFO - Sync 1 DAGs
[2026-01-07T12:09:07.651+0530] {logging_mixin.py:190} INFO - [2026-01-07T12:09:07.651+0530] {dag.py:4180} INFO - Setting next_dagrun for latest_only_with_trigger to 2026-01-07 00:00:00+00:00, run_after=2026-01-07 04:00:00+00:00
[2026-01-07T12:09:07.670+0530] {processor.py:208} INFO - Processing /home/sneha/spotify_airflow_project/venv/lib/python3.12/site-packages/airflow/example_dags/example_latest_only_with_trigger.py took 0.075 seconds
[2026-01-07T12:09:58.580+0530] {processor.py:186} INFO - Started process (PID=18471) to work on /home/sneha/spotify_airflow_project/venv/lib/python3.12/site-packages/airflow/example_dags/example_latest_only_with_trigger.py
[2026-01-07T12:09:58.581+0530] {processor.py:914} INFO - Processing file /home/sneha/spotify_airflow_project/venv/lib/python3.12/site-packages/airflow/example_dags/example_latest_only_with_trigger.py for tasks to queue
[2026-01-07T12:09:58.582+0530] {logging_mixin.py:190} INFO - [2026-01-07T12:09:58.581+0530] {dagbag.py:588} INFO - Filling up the DagBag from /home/sneha/spotify_airflow_project/venv/lib/python3.12/site-packages/airflow/example_dags/example_latest_only_with_trigger.py
[2026-01-07T12:09:58.588+0530] {processor.py:925} INFO - DAG(s) 'latest_only_with_trigger' retrieved from /home/sneha/spotify_airflow_project/venv/lib/python3.12/site-packages/airflow/example_dags/example_latest_only_with_trigger.py
[2026-01-07T12:09:58.603+0530] {logging_mixin.py:190} INFO - [2026-01-07T12:09:58.603+0530] {dag.py:3239} INFO - Sync 1 DAGs
[2026-01-07T12:09:58.620+0530] {logging_mixin.py:190} INFO - [2026-01-07T12:09:58.620+0530] {dag.py:4180} INFO - Setting next_dagrun for latest_only_with_trigger to 2026-01-07 00:00:00+00:00, run_after=2026-01-07 04:00:00+00:00
[2026-01-07T12:09:58.638+0530] {processor.py:208} INFO - Processing /home/sneha/spotify_airflow_project/venv/lib/python3.12/site-packages/airflow/example_dags/example_latest_only_with_trigger.py took 0.070 seconds
[2026-01-07T12:10:52.524+0530] {processor.py:186} INFO - Started process (PID=18548) to work on /home/sneha/spotify_airflow_project/venv/lib/python3.12/site-packages/airflow/example_dags/example_latest_only_with_trigger.py
[2026-01-07T12:10:52.525+0530] {processor.py:914} INFO - Processing file /home/sneha/spotify_airflow_project/venv/lib/python3.12/site-packages/airflow/example_dags/example_latest_only_with_trigger.py for tasks to queue
[2026-01-07T12:10:52.526+0530] {logging_mixin.py:190} INFO - [2026-01-07T12:10:52.526+0530] {dagbag.py:588} INFO - Filling up the DagBag from /home/sneha/spotify_airflow_project/venv/lib/python3.12/site-packages/airflow/example_dags/example_latest_only_with_trigger.py
[2026-01-07T12:10:52.532+0530] {processor.py:925} INFO - DAG(s) 'latest_only_with_trigger' retrieved from /home/sneha/spotify_airflow_project/venv/lib/python3.12/site-packages/airflow/example_dags/example_latest_only_with_trigger.py
[2026-01-07T12:10:52.548+0530] {logging_mixin.py:190} INFO - [2026-01-07T12:10:52.547+0530] {dag.py:3239} INFO - Sync 1 DAGs
[2026-01-07T12:10:52.564+0530] {logging_mixin.py:190} INFO - [2026-01-07T12:10:52.563+0530] {dag.py:4180} INFO - Setting next_dagrun for latest_only_with_trigger to 2026-01-07 00:00:00+00:00, run_after=2026-01-07 04:00:00+00:00
[2026-01-07T12:10:52.580+0530] {processor.py:208} INFO - Processing /home/sneha/spotify_airflow_project/venv/lib/python3.12/site-packages/airflow/example_dags/example_latest_only_with_trigger.py took 0.061 seconds
[2026-01-07T12:11:44.194+0530] {processor.py:186} INFO - Started process (PID=18605) to work on /home/sneha/spotify_airflow_project/venv/lib/python3.12/site-packages/airflow/example_dags/example_latest_only_with_trigger.py
[2026-01-07T12:11:44.205+0530] {processor.py:914} INFO - Processing file /home/sneha/spotify_airflow_project/venv/lib/python3.12/site-packages/airflow/example_dags/example_latest_only_with_trigger.py for tasks to queue
[2026-01-07T12:11:44.207+0530] {logging_mixin.py:190} INFO - [2026-01-07T12:11:44.207+0530] {dagbag.py:588} INFO - Filling up the DagBag from /home/sneha/spotify_airflow_project/venv/lib/python3.12/site-packages/airflow/example_dags/example_latest_only_with_trigger.py
[2026-01-07T12:11:44.215+0530] {processor.py:925} INFO - DAG(s) 'latest_only_with_trigger' retrieved from /home/sneha/spotify_airflow_project/venv/lib/python3.12/site-packages/airflow/example_dags/example_latest_only_with_trigger.py
[2026-01-07T12:11:44.232+0530] {logging_mixin.py:190} INFO - [2026-01-07T12:11:44.232+0530] {dag.py:3239} INFO - Sync 1 DAGs
[2026-01-07T12:11:44.249+0530] {logging_mixin.py:190} INFO - [2026-01-07T12:11:44.249+0530] {dag.py:4180} INFO - Setting next_dagrun for latest_only_with_trigger to 2026-01-07 00:00:00+00:00, run_after=2026-01-07 04:00:00+00:00
[2026-01-07T12:11:44.267+0530] {processor.py:208} INFO - Processing /home/sneha/spotify_airflow_project/venv/lib/python3.12/site-packages/airflow/example_dags/example_latest_only_with_trigger.py took 0.083 seconds
[2026-01-07T12:12:36.968+0530] {processor.py:186} INFO - Started process (PID=18662) to work on /home/sneha/spotify_airflow_project/venv/lib/python3.12/site-packages/airflow/example_dags/example_latest_only_with_trigger.py
[2026-01-07T12:12:36.969+0530] {processor.py:914} INFO - Processing file /home/sneha/spotify_airflow_project/venv/lib/python3.12/site-packages/airflow/example_dags/example_latest_only_with_trigger.py for tasks to queue
[2026-01-07T12:12:36.970+0530] {logging_mixin.py:190} INFO - [2026-01-07T12:12:36.970+0530] {dagbag.py:588} INFO - Filling up the DagBag from /home/sneha/spotify_airflow_project/venv/lib/python3.12/site-packages/airflow/example_dags/example_latest_only_with_trigger.py
[2026-01-07T12:12:36.977+0530] {processor.py:925} INFO - DAG(s) 'latest_only_with_trigger' retrieved from /home/sneha/spotify_airflow_project/venv/lib/python3.12/site-packages/airflow/example_dags/example_latest_only_with_trigger.py
[2026-01-07T12:12:36.994+0530] {logging_mixin.py:190} INFO - [2026-01-07T12:12:36.993+0530] {dag.py:3239} INFO - Sync 1 DAGs
[2026-01-07T12:12:37.011+0530] {logging_mixin.py:190} INFO - [2026-01-07T12:12:37.010+0530] {dag.py:4180} INFO - Setting next_dagrun for latest_only_with_trigger to 2026-01-07 00:00:00+00:00, run_after=2026-01-07 04:00:00+00:00
[2026-01-07T12:12:37.030+0530] {processor.py:208} INFO - Processing /home/sneha/spotify_airflow_project/venv/lib/python3.12/site-packages/airflow/example_dags/example_latest_only_with_trigger.py took 0.075 seconds
[2026-01-07T12:13:31.531+0530] {processor.py:186} INFO - Started process (PID=18727) to work on /home/sneha/spotify_airflow_project/venv/lib/python3.12/site-packages/airflow/example_dags/example_latest_only_with_trigger.py
[2026-01-07T12:13:31.532+0530] {processor.py:914} INFO - Processing file /home/sneha/spotify_airflow_project/venv/lib/python3.12/site-packages/airflow/example_dags/example_latest_only_with_trigger.py for tasks to queue
[2026-01-07T12:13:31.533+0530] {logging_mixin.py:190} INFO - [2026-01-07T12:13:31.533+0530] {dagbag.py:588} INFO - Filling up the DagBag from /home/sneha/spotify_airflow_project/venv/lib/python3.12/site-packages/airflow/example_dags/example_latest_only_with_trigger.py
[2026-01-07T12:13:31.539+0530] {processor.py:925} INFO - DAG(s) 'latest_only_with_trigger' retrieved from /home/sneha/spotify_airflow_project/venv/lib/python3.12/site-packages/airflow/example_dags/example_latest_only_with_trigger.py
[2026-01-07T12:13:31.556+0530] {logging_mixin.py:190} INFO - [2026-01-07T12:13:31.556+0530] {dag.py:3239} INFO - Sync 1 DAGs
[2026-01-07T12:13:31.574+0530] {logging_mixin.py:190} INFO - [2026-01-07T12:13:31.573+0530] {dag.py:4180} INFO - Setting next_dagrun for latest_only_with_trigger to 2026-01-07 00:00:00+00:00, run_after=2026-01-07 04:00:00+00:00
[2026-01-07T12:13:31.590+0530] {processor.py:208} INFO - Processing /home/sneha/spotify_airflow_project/venv/lib/python3.12/site-packages/airflow/example_dags/example_latest_only_with_trigger.py took 0.071 seconds
[2026-01-07T12:14:25.752+0530] {processor.py:186} INFO - Started process (PID=18893) to work on /home/sneha/spotify_airflow_project/venv/lib/python3.12/site-packages/airflow/example_dags/example_latest_only_with_trigger.py
[2026-01-07T12:14:25.754+0530] {processor.py:914} INFO - Processing file /home/sneha/spotify_airflow_project/venv/lib/python3.12/site-packages/airflow/example_dags/example_latest_only_with_trigger.py for tasks to queue
[2026-01-07T12:14:25.755+0530] {logging_mixin.py:190} INFO - [2026-01-07T12:14:25.755+0530] {dagbag.py:588} INFO - Filling up the DagBag from /home/sneha/spotify_airflow_project/venv/lib/python3.12/site-packages/airflow/example_dags/example_latest_only_with_trigger.py
[2026-01-07T12:14:25.762+0530] {processor.py:925} INFO - DAG(s) 'latest_only_with_trigger' retrieved from /home/sneha/spotify_airflow_project/venv/lib/python3.12/site-packages/airflow/example_dags/example_latest_only_with_trigger.py
[2026-01-07T12:14:25.781+0530] {logging_mixin.py:190} INFO - [2026-01-07T12:14:25.780+0530] {dag.py:3239} INFO - Sync 1 DAGs
[2026-01-07T12:14:25.798+0530] {logging_mixin.py:190} INFO - [2026-01-07T12:14:25.798+0530] {dag.py:4180} INFO - Setting next_dagrun for latest_only_with_trigger to 2026-01-07 00:00:00+00:00, run_after=2026-01-07 04:00:00+00:00
[2026-01-07T12:14:25.816+0530] {processor.py:208} INFO - Processing /home/sneha/spotify_airflow_project/venv/lib/python3.12/site-packages/airflow/example_dags/example_latest_only_with_trigger.py took 0.074 seconds
[2026-01-07T12:15:18.990+0530] {processor.py:186} INFO - Started process (PID=18955) to work on /home/sneha/spotify_airflow_project/venv/lib/python3.12/site-packages/airflow/example_dags/example_latest_only_with_trigger.py
[2026-01-07T12:15:18.991+0530] {processor.py:914} INFO - Processing file /home/sneha/spotify_airflow_project/venv/lib/python3.12/site-packages/airflow/example_dags/example_latest_only_with_trigger.py for tasks to queue
[2026-01-07T12:15:18.993+0530] {logging_mixin.py:190} INFO - [2026-01-07T12:15:18.992+0530] {dagbag.py:588} INFO - Filling up the DagBag from /home/sneha/spotify_airflow_project/venv/lib/python3.12/site-packages/airflow/example_dags/example_latest_only_with_trigger.py
[2026-01-07T12:15:19.000+0530] {processor.py:925} INFO - DAG(s) 'latest_only_with_trigger' retrieved from /home/sneha/spotify_airflow_project/venv/lib/python3.12/site-packages/airflow/example_dags/example_latest_only_with_trigger.py
[2026-01-07T12:15:19.017+0530] {logging_mixin.py:190} INFO - [2026-01-07T12:15:19.017+0530] {dag.py:3239} INFO - Sync 1 DAGs
[2026-01-07T12:15:19.036+0530] {logging_mixin.py:190} INFO - [2026-01-07T12:15:19.036+0530] {dag.py:4180} INFO - Setting next_dagrun for latest_only_with_trigger to 2026-01-07 00:00:00+00:00, run_after=2026-01-07 04:00:00+00:00
[2026-01-07T12:15:19.055+0530] {processor.py:208} INFO - Processing /home/sneha/spotify_airflow_project/venv/lib/python3.12/site-packages/airflow/example_dags/example_latest_only_with_trigger.py took 0.078 seconds
[2026-01-07T12:16:13.336+0530] {processor.py:186} INFO - Started process (PID=19030) to work on /home/sneha/spotify_airflow_project/venv/lib/python3.12/site-packages/airflow/example_dags/example_latest_only_with_trigger.py
[2026-01-07T12:16:13.337+0530] {processor.py:914} INFO - Processing file /home/sneha/spotify_airflow_project/venv/lib/python3.12/site-packages/airflow/example_dags/example_latest_only_with_trigger.py for tasks to queue
[2026-01-07T12:16:13.339+0530] {logging_mixin.py:190} INFO - [2026-01-07T12:16:13.338+0530] {dagbag.py:588} INFO - Filling up the DagBag from /home/sneha/spotify_airflow_project/venv/lib/python3.12/site-packages/airflow/example_dags/example_latest_only_with_trigger.py
[2026-01-07T12:16:13.346+0530] {processor.py:925} INFO - DAG(s) 'latest_only_with_trigger' retrieved from /home/sneha/spotify_airflow_project/venv/lib/python3.12/site-packages/airflow/example_dags/example_latest_only_with_trigger.py
[2026-01-07T12:16:13.363+0530] {logging_mixin.py:190} INFO - [2026-01-07T12:16:13.363+0530] {dag.py:3239} INFO - Sync 1 DAGs
[2026-01-07T12:16:13.382+0530] {logging_mixin.py:190} INFO - [2026-01-07T12:16:13.382+0530] {dag.py:4180} INFO - Setting next_dagrun for latest_only_with_trigger to 2026-01-07 00:00:00+00:00, run_after=2026-01-07 04:00:00+00:00
[2026-01-07T12:16:13.404+0530] {processor.py:208} INFO - Processing /home/sneha/spotify_airflow_project/venv/lib/python3.12/site-packages/airflow/example_dags/example_latest_only_with_trigger.py took 0.075 seconds
[2026-01-07T12:17:10.206+0530] {processor.py:186} INFO - Started process (PID=19094) to work on /home/sneha/spotify_airflow_project/venv/lib/python3.12/site-packages/airflow/example_dags/example_latest_only_with_trigger.py
[2026-01-07T12:17:10.207+0530] {processor.py:914} INFO - Processing file /home/sneha/spotify_airflow_project/venv/lib/python3.12/site-packages/airflow/example_dags/example_latest_only_with_trigger.py for tasks to queue
[2026-01-07T12:17:10.208+0530] {logging_mixin.py:190} INFO - [2026-01-07T12:17:10.208+0530] {dagbag.py:588} INFO - Filling up the DagBag from /home/sneha/spotify_airflow_project/venv/lib/python3.12/site-packages/airflow/example_dags/example_latest_only_with_trigger.py
[2026-01-07T12:17:10.216+0530] {processor.py:925} INFO - DAG(s) 'latest_only_with_trigger' retrieved from /home/sneha/spotify_airflow_project/venv/lib/python3.12/site-packages/airflow/example_dags/example_latest_only_with_trigger.py
[2026-01-07T12:17:10.235+0530] {logging_mixin.py:190} INFO - [2026-01-07T12:17:10.234+0530] {dag.py:3239} INFO - Sync 1 DAGs
[2026-01-07T12:17:10.253+0530] {logging_mixin.py:190} INFO - [2026-01-07T12:17:10.253+0530] {dag.py:4180} INFO - Setting next_dagrun for latest_only_with_trigger to 2026-01-07 00:00:00+00:00, run_after=2026-01-07 04:00:00+00:00
[2026-01-07T12:17:10.270+0530] {processor.py:208} INFO - Processing /home/sneha/spotify_airflow_project/venv/lib/python3.12/site-packages/airflow/example_dags/example_latest_only_with_trigger.py took 0.074 seconds
[2026-01-07T12:18:05.753+0530] {processor.py:186} INFO - Started process (PID=19152) to work on /home/sneha/spotify_airflow_project/venv/lib/python3.12/site-packages/airflow/example_dags/example_latest_only_with_trigger.py
[2026-01-07T12:18:05.755+0530] {processor.py:914} INFO - Processing file /home/sneha/spotify_airflow_project/venv/lib/python3.12/site-packages/airflow/example_dags/example_latest_only_with_trigger.py for tasks to queue
[2026-01-07T12:18:05.756+0530] {logging_mixin.py:190} INFO - [2026-01-07T12:18:05.756+0530] {dagbag.py:588} INFO - Filling up the DagBag from /home/sneha/spotify_airflow_project/venv/lib/python3.12/site-packages/airflow/example_dags/example_latest_only_with_trigger.py
[2026-01-07T12:18:05.763+0530] {processor.py:925} INFO - DAG(s) 'latest_only_with_trigger' retrieved from /home/sneha/spotify_airflow_project/venv/lib/python3.12/site-packages/airflow/example_dags/example_latest_only_with_trigger.py
[2026-01-07T12:18:05.781+0530] {logging_mixin.py:190} INFO - [2026-01-07T12:18:05.781+0530] {dag.py:3239} INFO - Sync 1 DAGs
[2026-01-07T12:18:05.799+0530] {logging_mixin.py:190} INFO - [2026-01-07T12:18:05.798+0530] {dag.py:4180} INFO - Setting next_dagrun for latest_only_with_trigger to 2026-01-07 00:00:00+00:00, run_after=2026-01-07 04:00:00+00:00
[2026-01-07T12:18:05.817+0530] {processor.py:208} INFO - Processing /home/sneha/spotify_airflow_project/venv/lib/python3.12/site-packages/airflow/example_dags/example_latest_only_with_trigger.py took 0.076 seconds
[2026-01-07T12:19:02.411+0530] {processor.py:186} INFO - Started process (PID=19247) to work on /home/sneha/spotify_airflow_project/venv/lib/python3.12/site-packages/airflow/example_dags/example_latest_only_with_trigger.py
[2026-01-07T12:19:02.421+0530] {processor.py:914} INFO - Processing file /home/sneha/spotify_airflow_project/venv/lib/python3.12/site-packages/airflow/example_dags/example_latest_only_with_trigger.py for tasks to queue
[2026-01-07T12:19:02.423+0530] {logging_mixin.py:190} INFO - [2026-01-07T12:19:02.422+0530] {dagbag.py:588} INFO - Filling up the DagBag from /home/sneha/spotify_airflow_project/venv/lib/python3.12/site-packages/airflow/example_dags/example_latest_only_with_trigger.py
[2026-01-07T12:19:02.431+0530] {processor.py:925} INFO - DAG(s) 'latest_only_with_trigger' retrieved from /home/sneha/spotify_airflow_project/venv/lib/python3.12/site-packages/airflow/example_dags/example_latest_only_with_trigger.py
[2026-01-07T12:19:02.448+0530] {logging_mixin.py:190} INFO - [2026-01-07T12:19:02.448+0530] {dag.py:3239} INFO - Sync 1 DAGs
[2026-01-07T12:19:02.466+0530] {logging_mixin.py:190} INFO - [2026-01-07T12:19:02.466+0530] {dag.py:4180} INFO - Setting next_dagrun for latest_only_with_trigger to 2026-01-07 00:00:00+00:00, run_after=2026-01-07 04:00:00+00:00
[2026-01-07T12:19:02.487+0530] {processor.py:208} INFO - Processing /home/sneha/spotify_airflow_project/venv/lib/python3.12/site-packages/airflow/example_dags/example_latest_only_with_trigger.py took 0.083 seconds
[2026-01-07T12:19:58.580+0530] {processor.py:186} INFO - Started process (PID=19380) to work on /home/sneha/spotify_airflow_project/venv/lib/python3.12/site-packages/airflow/example_dags/example_latest_only_with_trigger.py
[2026-01-07T12:19:58.581+0530] {processor.py:914} INFO - Processing file /home/sneha/spotify_airflow_project/venv/lib/python3.12/site-packages/airflow/example_dags/example_latest_only_with_trigger.py for tasks to queue
[2026-01-07T12:19:58.583+0530] {logging_mixin.py:190} INFO - [2026-01-07T12:19:58.583+0530] {dagbag.py:588} INFO - Filling up the DagBag from /home/sneha/spotify_airflow_project/venv/lib/python3.12/site-packages/airflow/example_dags/example_latest_only_with_trigger.py
[2026-01-07T12:19:58.590+0530] {processor.py:925} INFO - DAG(s) 'latest_only_with_trigger' retrieved from /home/sneha/spotify_airflow_project/venv/lib/python3.12/site-packages/airflow/example_dags/example_latest_only_with_trigger.py
[2026-01-07T12:19:58.608+0530] {logging_mixin.py:190} INFO - [2026-01-07T12:19:58.607+0530] {dag.py:3239} INFO - Sync 1 DAGs
[2026-01-07T12:19:58.625+0530] {logging_mixin.py:190} INFO - [2026-01-07T12:19:58.625+0530] {dag.py:4180} INFO - Setting next_dagrun for latest_only_with_trigger to 2026-01-07 00:00:00+00:00, run_after=2026-01-07 04:00:00+00:00
[2026-01-07T12:19:58.645+0530] {processor.py:208} INFO - Processing /home/sneha/spotify_airflow_project/venv/lib/python3.12/site-packages/airflow/example_dags/example_latest_only_with_trigger.py took 0.078 seconds
