[2026-01-07T11:47:32.998+0530] {processor.py:186} INFO - Started process (PID=7439) to work on /home/sneha/spotify_astro_project/venv/lib/python3.12/site-packages/airflow/example_dags/example_nested_branch_dag.py
[2026-01-07T11:47:33.000+0530] {processor.py:914} INFO - Processing file /home/sneha/spotify_astro_project/venv/lib/python3.12/site-packages/airflow/example_dags/example_nested_branch_dag.py for tasks to queue
[2026-01-07T11:47:33.001+0530] {logging_mixin.py:190} INFO - [2026-01-07T11:47:33.001+0530] {dagbag.py:588} INFO - Filling up the DagBag from /home/sneha/spotify_astro_project/venv/lib/python3.12/site-packages/airflow/example_dags/example_nested_branch_dag.py
[2026-01-07T11:47:33.010+0530] {processor.py:925} INFO - DAG(s) 'example_nested_branch_dag' retrieved from /home/sneha/spotify_astro_project/venv/lib/python3.12/site-packages/airflow/example_dags/example_nested_branch_dag.py
[2026-01-07T11:47:33.113+0530] {logging_mixin.py:190} INFO - [2026-01-07T11:47:33.112+0530] {dag.py:3239} INFO - Sync 1 DAGs
[2026-01-07T11:47:33.131+0530] {logging_mixin.py:190} INFO - [2026-01-07T11:47:33.130+0530] {dag.py:4180} INFO - Setting next_dagrun for example_nested_branch_dag to 2026-01-06 00:00:00+00:00, run_after=2026-01-07 00:00:00+00:00
[2026-01-07T11:47:33.152+0530] {processor.py:208} INFO - Processing /home/sneha/spotify_astro_project/venv/lib/python3.12/site-packages/airflow/example_dags/example_nested_branch_dag.py took 0.167 seconds
[2026-01-07T11:48:40.183+0530] {processor.py:186} INFO - Started process (PID=7911) to work on /home/sneha/spotify_astro_project/venv/lib/python3.12/site-packages/airflow/example_dags/example_nested_branch_dag.py
[2026-01-07T11:48:40.184+0530] {processor.py:914} INFO - Processing file /home/sneha/spotify_astro_project/venv/lib/python3.12/site-packages/airflow/example_dags/example_nested_branch_dag.py for tasks to queue
[2026-01-07T11:48:40.185+0530] {logging_mixin.py:190} INFO - [2026-01-07T11:48:40.185+0530] {dagbag.py:588} INFO - Filling up the DagBag from /home/sneha/spotify_astro_project/venv/lib/python3.12/site-packages/airflow/example_dags/example_nested_branch_dag.py
[2026-01-07T11:48:40.194+0530] {processor.py:925} INFO - DAG(s) 'example_nested_branch_dag' retrieved from /home/sneha/spotify_astro_project/venv/lib/python3.12/site-packages/airflow/example_dags/example_nested_branch_dag.py
[2026-01-07T11:48:40.214+0530] {logging_mixin.py:190} INFO - [2026-01-07T11:48:40.213+0530] {dag.py:3239} INFO - Sync 1 DAGs
[2026-01-07T11:48:40.234+0530] {logging_mixin.py:190} INFO - [2026-01-07T11:48:40.233+0530] {dag.py:4180} INFO - Setting next_dagrun for example_nested_branch_dag to 2026-01-06 00:00:00+00:00, run_after=2026-01-07 00:00:00+00:00
[2026-01-07T11:48:40.252+0530] {processor.py:208} INFO - Processing /home/sneha/spotify_astro_project/venv/lib/python3.12/site-packages/airflow/example_dags/example_nested_branch_dag.py took 0.077 seconds
[2026-01-07T11:49:39.478+0530] {processor.py:186} INFO - Started process (PID=8331) to work on /home/sneha/spotify_astro_project/venv/lib/python3.12/site-packages/airflow/example_dags/example_nested_branch_dag.py
[2026-01-07T11:49:39.480+0530] {processor.py:914} INFO - Processing file /home/sneha/spotify_astro_project/venv/lib/python3.12/site-packages/airflow/example_dags/example_nested_branch_dag.py for tasks to queue
[2026-01-07T11:49:39.482+0530] {logging_mixin.py:190} INFO - [2026-01-07T11:49:39.481+0530] {dagbag.py:588} INFO - Filling up the DagBag from /home/sneha/spotify_astro_project/venv/lib/python3.12/site-packages/airflow/example_dags/example_nested_branch_dag.py
[2026-01-07T11:49:39.496+0530] {processor.py:925} INFO - DAG(s) 'example_nested_branch_dag' retrieved from /home/sneha/spotify_astro_project/venv/lib/python3.12/site-packages/airflow/example_dags/example_nested_branch_dag.py
[2026-01-07T11:49:39.514+0530] {logging_mixin.py:190} INFO - [2026-01-07T11:49:39.514+0530] {dag.py:3239} INFO - Sync 1 DAGs
[2026-01-07T11:49:39.533+0530] {logging_mixin.py:190} INFO - [2026-01-07T11:49:39.533+0530] {dag.py:4180} INFO - Setting next_dagrun for example_nested_branch_dag to 2026-01-06 00:00:00+00:00, run_after=2026-01-07 00:00:00+00:00
[2026-01-07T11:49:39.677+0530] {processor.py:208} INFO - Processing /home/sneha/spotify_astro_project/venv/lib/python3.12/site-packages/airflow/example_dags/example_nested_branch_dag.py took 0.212 seconds
[2026-01-07T11:50:58.345+0530] {processor.py:186} INFO - Started process (PID=8980) to work on /home/sneha/spotify_astro_project/venv/lib/python3.12/site-packages/airflow/example_dags/example_nested_branch_dag.py
[2026-01-07T11:50:58.347+0530] {processor.py:914} INFO - Processing file /home/sneha/spotify_astro_project/venv/lib/python3.12/site-packages/airflow/example_dags/example_nested_branch_dag.py for tasks to queue
[2026-01-07T11:50:58.348+0530] {logging_mixin.py:190} INFO - [2026-01-07T11:50:58.348+0530] {dagbag.py:588} INFO - Filling up the DagBag from /home/sneha/spotify_astro_project/venv/lib/python3.12/site-packages/airflow/example_dags/example_nested_branch_dag.py
[2026-01-07T11:50:58.358+0530] {processor.py:925} INFO - DAG(s) 'example_nested_branch_dag' retrieved from /home/sneha/spotify_astro_project/venv/lib/python3.12/site-packages/airflow/example_dags/example_nested_branch_dag.py
[2026-01-07T11:50:58.376+0530] {logging_mixin.py:190} INFO - [2026-01-07T11:50:58.376+0530] {dag.py:3239} INFO - Sync 1 DAGs
[2026-01-07T11:50:58.395+0530] {logging_mixin.py:190} INFO - [2026-01-07T11:50:58.395+0530] {dag.py:4180} INFO - Setting next_dagrun for example_nested_branch_dag to 2026-01-06 00:00:00+00:00, run_after=2026-01-07 00:00:00+00:00
[2026-01-07T11:50:58.414+0530] {processor.py:208} INFO - Processing /home/sneha/spotify_astro_project/venv/lib/python3.12/site-packages/airflow/example_dags/example_nested_branch_dag.py took 0.081 seconds
[2026-01-07T11:57:45.482+0530] {processor.py:186} INFO - Started process (PID=17089) to work on /home/sneha/spotify_airflow_project/venv/lib/python3.12/site-packages/airflow/example_dags/example_nested_branch_dag.py
[2026-01-07T11:57:45.483+0530] {processor.py:914} INFO - Processing file /home/sneha/spotify_airflow_project/venv/lib/python3.12/site-packages/airflow/example_dags/example_nested_branch_dag.py for tasks to queue
[2026-01-07T11:57:45.484+0530] {logging_mixin.py:190} INFO - [2026-01-07T11:57:45.483+0530] {dagbag.py:588} INFO - Filling up the DagBag from /home/sneha/spotify_airflow_project/venv/lib/python3.12/site-packages/airflow/example_dags/example_nested_branch_dag.py
[2026-01-07T11:57:45.493+0530] {processor.py:925} INFO - DAG(s) 'example_nested_branch_dag' retrieved from /home/sneha/spotify_airflow_project/venv/lib/python3.12/site-packages/airflow/example_dags/example_nested_branch_dag.py
[2026-01-07T11:57:45.598+0530] {logging_mixin.py:190} INFO - [2026-01-07T11:57:45.597+0530] {dag.py:3239} INFO - Sync 1 DAGs
[2026-01-07T11:57:45.614+0530] {logging_mixin.py:190} INFO - [2026-01-07T11:57:45.614+0530] {dag.py:4180} INFO - Setting next_dagrun for example_nested_branch_dag to 2026-01-06 00:00:00+00:00, run_after=2026-01-07 00:00:00+00:00
[2026-01-07T11:57:45.633+0530] {processor.py:208} INFO - Processing /home/sneha/spotify_airflow_project/venv/lib/python3.12/site-packages/airflow/example_dags/example_nested_branch_dag.py took 0.159 seconds
[2026-01-07T11:58:44.648+0530] {processor.py:186} INFO - Started process (PID=17227) to work on /home/sneha/spotify_airflow_project/venv/lib/python3.12/site-packages/airflow/example_dags/example_nested_branch_dag.py
[2026-01-07T11:58:44.649+0530] {processor.py:914} INFO - Processing file /home/sneha/spotify_airflow_project/venv/lib/python3.12/site-packages/airflow/example_dags/example_nested_branch_dag.py for tasks to queue
[2026-01-07T11:58:44.651+0530] {logging_mixin.py:190} INFO - [2026-01-07T11:58:44.650+0530] {dagbag.py:588} INFO - Filling up the DagBag from /home/sneha/spotify_airflow_project/venv/lib/python3.12/site-packages/airflow/example_dags/example_nested_branch_dag.py
[2026-01-07T11:58:44.659+0530] {processor.py:925} INFO - DAG(s) 'example_nested_branch_dag' retrieved from /home/sneha/spotify_airflow_project/venv/lib/python3.12/site-packages/airflow/example_dags/example_nested_branch_dag.py
[2026-01-07T11:58:44.677+0530] {logging_mixin.py:190} INFO - [2026-01-07T11:58:44.677+0530] {dag.py:3239} INFO - Sync 1 DAGs
[2026-01-07T11:58:44.696+0530] {logging_mixin.py:190} INFO - [2026-01-07T11:58:44.696+0530] {dag.py:4180} INFO - Setting next_dagrun for example_nested_branch_dag to 2026-01-06 00:00:00+00:00, run_after=2026-01-07 00:00:00+00:00
[2026-01-07T11:58:44.717+0530] {processor.py:208} INFO - Processing /home/sneha/spotify_airflow_project/venv/lib/python3.12/site-packages/airflow/example_dags/example_nested_branch_dag.py took 0.082 seconds
[2026-01-07T11:59:40.659+0530] {processor.py:186} INFO - Started process (PID=17288) to work on /home/sneha/spotify_airflow_project/venv/lib/python3.12/site-packages/airflow/example_dags/example_nested_branch_dag.py
[2026-01-07T11:59:40.660+0530] {processor.py:914} INFO - Processing file /home/sneha/spotify_airflow_project/venv/lib/python3.12/site-packages/airflow/example_dags/example_nested_branch_dag.py for tasks to queue
[2026-01-07T11:59:40.661+0530] {logging_mixin.py:190} INFO - [2026-01-07T11:59:40.661+0530] {dagbag.py:588} INFO - Filling up the DagBag from /home/sneha/spotify_airflow_project/venv/lib/python3.12/site-packages/airflow/example_dags/example_nested_branch_dag.py
[2026-01-07T11:59:40.670+0530] {processor.py:925} INFO - DAG(s) 'example_nested_branch_dag' retrieved from /home/sneha/spotify_airflow_project/venv/lib/python3.12/site-packages/airflow/example_dags/example_nested_branch_dag.py
[2026-01-07T11:59:40.688+0530] {logging_mixin.py:190} INFO - [2026-01-07T11:59:40.688+0530] {dag.py:3239} INFO - Sync 1 DAGs
[2026-01-07T11:59:40.706+0530] {logging_mixin.py:190} INFO - [2026-01-07T11:59:40.705+0530] {dag.py:4180} INFO - Setting next_dagrun for example_nested_branch_dag to 2026-01-06 00:00:00+00:00, run_after=2026-01-07 00:00:00+00:00
[2026-01-07T11:59:40.726+0530] {processor.py:208} INFO - Processing /home/sneha/spotify_airflow_project/venv/lib/python3.12/site-packages/airflow/example_dags/example_nested_branch_dag.py took 0.079 seconds
[2026-01-07T12:00:48.900+0530] {processor.py:186} INFO - Started process (PID=17430) to work on /home/sneha/spotify_airflow_project/venv/lib/python3.12/site-packages/airflow/example_dags/example_nested_branch_dag.py
[2026-01-07T12:00:48.901+0530] {processor.py:914} INFO - Processing file /home/sneha/spotify_airflow_project/venv/lib/python3.12/site-packages/airflow/example_dags/example_nested_branch_dag.py for tasks to queue
[2026-01-07T12:00:48.903+0530] {logging_mixin.py:190} INFO - [2026-01-07T12:00:48.902+0530] {dagbag.py:588} INFO - Filling up the DagBag from /home/sneha/spotify_airflow_project/venv/lib/python3.12/site-packages/airflow/example_dags/example_nested_branch_dag.py
[2026-01-07T12:00:48.911+0530] {processor.py:925} INFO - DAG(s) 'example_nested_branch_dag' retrieved from /home/sneha/spotify_airflow_project/venv/lib/python3.12/site-packages/airflow/example_dags/example_nested_branch_dag.py
[2026-01-07T12:00:49.060+0530] {logging_mixin.py:190} INFO - [2026-01-07T12:00:49.060+0530] {dag.py:3239} INFO - Sync 1 DAGs
[2026-01-07T12:00:49.074+0530] {logging_mixin.py:190} INFO - [2026-01-07T12:00:49.074+0530] {dag.py:4180} INFO - Setting next_dagrun for example_nested_branch_dag to 2026-01-06 00:00:00+00:00, run_after=2026-01-07 00:00:00+00:00
[2026-01-07T12:00:49.091+0530] {processor.py:208} INFO - Processing /home/sneha/spotify_airflow_project/venv/lib/python3.12/site-packages/airflow/example_dags/example_nested_branch_dag.py took 0.203 seconds
[2026-01-07T12:01:46.875+0530] {processor.py:186} INFO - Started process (PID=17610) to work on /home/sneha/spotify_airflow_project/venv/lib/python3.12/site-packages/airflow/example_dags/example_nested_branch_dag.py
[2026-01-07T12:01:46.877+0530] {processor.py:914} INFO - Processing file /home/sneha/spotify_airflow_project/venv/lib/python3.12/site-packages/airflow/example_dags/example_nested_branch_dag.py for tasks to queue
[2026-01-07T12:01:46.879+0530] {logging_mixin.py:190} INFO - [2026-01-07T12:01:46.878+0530] {dagbag.py:588} INFO - Filling up the DagBag from /home/sneha/spotify_airflow_project/venv/lib/python3.12/site-packages/airflow/example_dags/example_nested_branch_dag.py
[2026-01-07T12:01:46.894+0530] {processor.py:925} INFO - DAG(s) 'example_nested_branch_dag' retrieved from /home/sneha/spotify_airflow_project/venv/lib/python3.12/site-packages/airflow/example_dags/example_nested_branch_dag.py
[2026-01-07T12:01:46.920+0530] {logging_mixin.py:190} INFO - [2026-01-07T12:01:46.920+0530] {dag.py:3239} INFO - Sync 1 DAGs
[2026-01-07T12:01:46.941+0530] {logging_mixin.py:190} INFO - [2026-01-07T12:01:46.941+0530] {dag.py:4180} INFO - Setting next_dagrun for example_nested_branch_dag to 2026-01-06 00:00:00+00:00, run_after=2026-01-07 00:00:00+00:00
[2026-01-07T12:01:46.965+0530] {processor.py:208} INFO - Processing /home/sneha/spotify_airflow_project/venv/lib/python3.12/site-packages/airflow/example_dags/example_nested_branch_dag.py took 0.101 seconds
[2026-01-07T12:02:43.845+0530] {processor.py:186} INFO - Started process (PID=17678) to work on /home/sneha/spotify_airflow_project/venv/lib/python3.12/site-packages/airflow/example_dags/example_nested_branch_dag.py
[2026-01-07T12:02:43.848+0530] {processor.py:914} INFO - Processing file /home/sneha/spotify_airflow_project/venv/lib/python3.12/site-packages/airflow/example_dags/example_nested_branch_dag.py for tasks to queue
[2026-01-07T12:02:43.851+0530] {logging_mixin.py:190} INFO - [2026-01-07T12:02:43.850+0530] {dagbag.py:588} INFO - Filling up the DagBag from /home/sneha/spotify_airflow_project/venv/lib/python3.12/site-packages/airflow/example_dags/example_nested_branch_dag.py
[2026-01-07T12:02:43.874+0530] {processor.py:925} INFO - DAG(s) 'example_nested_branch_dag' retrieved from /home/sneha/spotify_airflow_project/venv/lib/python3.12/site-packages/airflow/example_dags/example_nested_branch_dag.py
[2026-01-07T12:02:43.921+0530] {logging_mixin.py:190} INFO - [2026-01-07T12:02:43.920+0530] {dag.py:3239} INFO - Sync 1 DAGs
[2026-01-07T12:02:43.987+0530] {logging_mixin.py:190} INFO - [2026-01-07T12:02:43.986+0530] {dag.py:4180} INFO - Setting next_dagrun for example_nested_branch_dag to 2026-01-06 00:00:00+00:00, run_after=2026-01-07 00:00:00+00:00
[2026-01-07T12:02:44.054+0530] {processor.py:208} INFO - Processing /home/sneha/spotify_airflow_project/venv/lib/python3.12/site-packages/airflow/example_dags/example_nested_branch_dag.py took 0.223 seconds
[2026-01-07T12:03:42.328+0530] {processor.py:186} INFO - Started process (PID=17739) to work on /home/sneha/spotify_airflow_project/venv/lib/python3.12/site-packages/airflow/example_dags/example_nested_branch_dag.py
[2026-01-07T12:03:42.329+0530] {processor.py:914} INFO - Processing file /home/sneha/spotify_airflow_project/venv/lib/python3.12/site-packages/airflow/example_dags/example_nested_branch_dag.py for tasks to queue
[2026-01-07T12:03:42.331+0530] {logging_mixin.py:190} INFO - [2026-01-07T12:03:42.331+0530] {dagbag.py:588} INFO - Filling up the DagBag from /home/sneha/spotify_airflow_project/venv/lib/python3.12/site-packages/airflow/example_dags/example_nested_branch_dag.py
[2026-01-07T12:03:42.340+0530] {processor.py:925} INFO - DAG(s) 'example_nested_branch_dag' retrieved from /home/sneha/spotify_airflow_project/venv/lib/python3.12/site-packages/airflow/example_dags/example_nested_branch_dag.py
[2026-01-07T12:03:42.359+0530] {logging_mixin.py:190} INFO - [2026-01-07T12:03:42.359+0530] {dag.py:3239} INFO - Sync 1 DAGs
[2026-01-07T12:03:42.378+0530] {logging_mixin.py:190} INFO - [2026-01-07T12:03:42.377+0530] {dag.py:4180} INFO - Setting next_dagrun for example_nested_branch_dag to 2026-01-06 00:00:00+00:00, run_after=2026-01-07 00:00:00+00:00
[2026-01-07T12:03:42.395+0530] {processor.py:208} INFO - Processing /home/sneha/spotify_airflow_project/venv/lib/python3.12/site-packages/airflow/example_dags/example_nested_branch_dag.py took 0.078 seconds
[2026-01-07T12:04:36.754+0530] {processor.py:186} INFO - Started process (PID=18048) to work on /home/sneha/spotify_airflow_project/venv/lib/python3.12/site-packages/airflow/example_dags/example_nested_branch_dag.py
[2026-01-07T12:04:36.755+0530] {processor.py:914} INFO - Processing file /home/sneha/spotify_airflow_project/venv/lib/python3.12/site-packages/airflow/example_dags/example_nested_branch_dag.py for tasks to queue
[2026-01-07T12:04:36.756+0530] {logging_mixin.py:190} INFO - [2026-01-07T12:04:36.756+0530] {dagbag.py:588} INFO - Filling up the DagBag from /home/sneha/spotify_airflow_project/venv/lib/python3.12/site-packages/airflow/example_dags/example_nested_branch_dag.py
[2026-01-07T12:04:36.765+0530] {processor.py:925} INFO - DAG(s) 'example_nested_branch_dag' retrieved from /home/sneha/spotify_airflow_project/venv/lib/python3.12/site-packages/airflow/example_dags/example_nested_branch_dag.py
[2026-01-07T12:04:36.784+0530] {logging_mixin.py:190} INFO - [2026-01-07T12:04:36.783+0530] {dag.py:3239} INFO - Sync 1 DAGs
[2026-01-07T12:04:36.802+0530] {logging_mixin.py:190} INFO - [2026-01-07T12:04:36.802+0530] {dag.py:4180} INFO - Setting next_dagrun for example_nested_branch_dag to 2026-01-06 00:00:00+00:00, run_after=2026-01-07 00:00:00+00:00
[2026-01-07T12:04:36.820+0530] {processor.py:208} INFO - Processing /home/sneha/spotify_airflow_project/venv/lib/python3.12/site-packages/airflow/example_dags/example_nested_branch_dag.py took 0.076 seconds
[2026-01-07T12:05:31.534+0530] {processor.py:186} INFO - Started process (PID=18124) to work on /home/sneha/spotify_airflow_project/venv/lib/python3.12/site-packages/airflow/example_dags/example_nested_branch_dag.py
[2026-01-07T12:05:31.535+0530] {processor.py:914} INFO - Processing file /home/sneha/spotify_airflow_project/venv/lib/python3.12/site-packages/airflow/example_dags/example_nested_branch_dag.py for tasks to queue
[2026-01-07T12:05:31.537+0530] {logging_mixin.py:190} INFO - [2026-01-07T12:05:31.536+0530] {dagbag.py:588} INFO - Filling up the DagBag from /home/sneha/spotify_airflow_project/venv/lib/python3.12/site-packages/airflow/example_dags/example_nested_branch_dag.py
[2026-01-07T12:05:31.546+0530] {processor.py:925} INFO - DAG(s) 'example_nested_branch_dag' retrieved from /home/sneha/spotify_airflow_project/venv/lib/python3.12/site-packages/airflow/example_dags/example_nested_branch_dag.py
[2026-01-07T12:05:31.564+0530] {logging_mixin.py:190} INFO - [2026-01-07T12:05:31.564+0530] {dag.py:3239} INFO - Sync 1 DAGs
[2026-01-07T12:05:31.582+0530] {logging_mixin.py:190} INFO - [2026-01-07T12:05:31.582+0530] {dag.py:4180} INFO - Setting next_dagrun for example_nested_branch_dag to 2026-01-06 00:00:00+00:00, run_after=2026-01-07 00:00:00+00:00
[2026-01-07T12:05:31.601+0530] {processor.py:208} INFO - Processing /home/sneha/spotify_airflow_project/venv/lib/python3.12/site-packages/airflow/example_dags/example_nested_branch_dag.py took 0.079 seconds
[2026-01-07T12:06:24.957+0530] {processor.py:186} INFO - Started process (PID=18202) to work on /home/sneha/spotify_airflow_project/venv/lib/python3.12/site-packages/airflow/example_dags/example_nested_branch_dag.py
[2026-01-07T12:06:24.959+0530] {processor.py:914} INFO - Processing file /home/sneha/spotify_airflow_project/venv/lib/python3.12/site-packages/airflow/example_dags/example_nested_branch_dag.py for tasks to queue
[2026-01-07T12:06:24.962+0530] {logging_mixin.py:190} INFO - [2026-01-07T12:06:24.961+0530] {dagbag.py:588} INFO - Filling up the DagBag from /home/sneha/spotify_airflow_project/venv/lib/python3.12/site-packages/airflow/example_dags/example_nested_branch_dag.py
[2026-01-07T12:06:24.971+0530] {processor.py:925} INFO - DAG(s) 'example_nested_branch_dag' retrieved from /home/sneha/spotify_airflow_project/venv/lib/python3.12/site-packages/airflow/example_dags/example_nested_branch_dag.py
[2026-01-07T12:06:24.990+0530] {logging_mixin.py:190} INFO - [2026-01-07T12:06:24.990+0530] {dag.py:3239} INFO - Sync 1 DAGs
[2026-01-07T12:06:25.009+0530] {logging_mixin.py:190} INFO - [2026-01-07T12:06:25.009+0530] {dag.py:4180} INFO - Setting next_dagrun for example_nested_branch_dag to 2026-01-06 00:00:00+00:00, run_after=2026-01-07 00:00:00+00:00
[2026-01-07T12:06:25.027+0530] {processor.py:208} INFO - Processing /home/sneha/spotify_airflow_project/venv/lib/python3.12/site-packages/airflow/example_dags/example_nested_branch_dag.py took 0.081 seconds
[2026-01-07T12:07:20.237+0530] {processor.py:186} INFO - Started process (PID=18260) to work on /home/sneha/spotify_airflow_project/venv/lib/python3.12/site-packages/airflow/example_dags/example_nested_branch_dag.py
[2026-01-07T12:07:20.248+0530] {processor.py:914} INFO - Processing file /home/sneha/spotify_airflow_project/venv/lib/python3.12/site-packages/airflow/example_dags/example_nested_branch_dag.py for tasks to queue
[2026-01-07T12:07:20.250+0530] {logging_mixin.py:190} INFO - [2026-01-07T12:07:20.250+0530] {dagbag.py:588} INFO - Filling up the DagBag from /home/sneha/spotify_airflow_project/venv/lib/python3.12/site-packages/airflow/example_dags/example_nested_branch_dag.py
[2026-01-07T12:07:20.260+0530] {processor.py:925} INFO - DAG(s) 'example_nested_branch_dag' retrieved from /home/sneha/spotify_airflow_project/venv/lib/python3.12/site-packages/airflow/example_dags/example_nested_branch_dag.py
[2026-01-07T12:07:20.279+0530] {logging_mixin.py:190} INFO - [2026-01-07T12:07:20.279+0530] {dag.py:3239} INFO - Sync 1 DAGs
[2026-01-07T12:07:20.298+0530] {logging_mixin.py:190} INFO - [2026-01-07T12:07:20.297+0530] {dag.py:4180} INFO - Setting next_dagrun for example_nested_branch_dag to 2026-01-06 00:00:00+00:00, run_after=2026-01-07 00:00:00+00:00
[2026-01-07T12:07:20.315+0530] {processor.py:208} INFO - Processing /home/sneha/spotify_airflow_project/venv/lib/python3.12/site-packages/airflow/example_dags/example_nested_branch_dag.py took 0.086 seconds
[2026-01-07T12:08:13.066+0530] {processor.py:186} INFO - Started process (PID=18315) to work on /home/sneha/spotify_airflow_project/venv/lib/python3.12/site-packages/airflow/example_dags/example_nested_branch_dag.py
[2026-01-07T12:08:13.067+0530] {processor.py:914} INFO - Processing file /home/sneha/spotify_airflow_project/venv/lib/python3.12/site-packages/airflow/example_dags/example_nested_branch_dag.py for tasks to queue
[2026-01-07T12:08:13.068+0530] {logging_mixin.py:190} INFO - [2026-01-07T12:08:13.068+0530] {dagbag.py:588} INFO - Filling up the DagBag from /home/sneha/spotify_airflow_project/venv/lib/python3.12/site-packages/airflow/example_dags/example_nested_branch_dag.py
[2026-01-07T12:08:13.076+0530] {processor.py:925} INFO - DAG(s) 'example_nested_branch_dag' retrieved from /home/sneha/spotify_airflow_project/venv/lib/python3.12/site-packages/airflow/example_dags/example_nested_branch_dag.py
[2026-01-07T12:08:13.096+0530] {logging_mixin.py:190} INFO - [2026-01-07T12:08:13.095+0530] {dag.py:3239} INFO - Sync 1 DAGs
[2026-01-07T12:08:13.114+0530] {logging_mixin.py:190} INFO - [2026-01-07T12:08:13.114+0530] {dag.py:4180} INFO - Setting next_dagrun for example_nested_branch_dag to 2026-01-06 00:00:00+00:00, run_after=2026-01-07 00:00:00+00:00
[2026-01-07T12:08:13.132+0530] {processor.py:208} INFO - Processing /home/sneha/spotify_airflow_project/venv/lib/python3.12/site-packages/airflow/example_dags/example_nested_branch_dag.py took 0.077 seconds
[2026-01-07T12:09:06.126+0530] {processor.py:186} INFO - Started process (PID=18373) to work on /home/sneha/spotify_airflow_project/venv/lib/python3.12/site-packages/airflow/example_dags/example_nested_branch_dag.py
[2026-01-07T12:09:06.127+0530] {processor.py:914} INFO - Processing file /home/sneha/spotify_airflow_project/venv/lib/python3.12/site-packages/airflow/example_dags/example_nested_branch_dag.py for tasks to queue
[2026-01-07T12:09:06.129+0530] {logging_mixin.py:190} INFO - [2026-01-07T12:09:06.128+0530] {dagbag.py:588} INFO - Filling up the DagBag from /home/sneha/spotify_airflow_project/venv/lib/python3.12/site-packages/airflow/example_dags/example_nested_branch_dag.py
[2026-01-07T12:09:06.138+0530] {processor.py:925} INFO - DAG(s) 'example_nested_branch_dag' retrieved from /home/sneha/spotify_airflow_project/venv/lib/python3.12/site-packages/airflow/example_dags/example_nested_branch_dag.py
[2026-01-07T12:09:06.156+0530] {logging_mixin.py:190} INFO - [2026-01-07T12:09:06.156+0530] {dag.py:3239} INFO - Sync 1 DAGs
[2026-01-07T12:09:06.175+0530] {logging_mixin.py:190} INFO - [2026-01-07T12:09:06.174+0530] {dag.py:4180} INFO - Setting next_dagrun for example_nested_branch_dag to 2026-01-06 00:00:00+00:00, run_after=2026-01-07 00:00:00+00:00
[2026-01-07T12:09:06.194+0530] {processor.py:208} INFO - Processing /home/sneha/spotify_airflow_project/venv/lib/python3.12/site-packages/airflow/example_dags/example_nested_branch_dag.py took 0.075 seconds
[2026-01-07T12:09:56.948+0530] {processor.py:186} INFO - Started process (PID=18462) to work on /home/sneha/spotify_airflow_project/venv/lib/python3.12/site-packages/airflow/example_dags/example_nested_branch_dag.py
[2026-01-07T12:09:56.949+0530] {processor.py:914} INFO - Processing file /home/sneha/spotify_airflow_project/venv/lib/python3.12/site-packages/airflow/example_dags/example_nested_branch_dag.py for tasks to queue
[2026-01-07T12:09:56.950+0530] {logging_mixin.py:190} INFO - [2026-01-07T12:09:56.950+0530] {dagbag.py:588} INFO - Filling up the DagBag from /home/sneha/spotify_airflow_project/venv/lib/python3.12/site-packages/airflow/example_dags/example_nested_branch_dag.py
[2026-01-07T12:09:56.959+0530] {processor.py:925} INFO - DAG(s) 'example_nested_branch_dag' retrieved from /home/sneha/spotify_airflow_project/venv/lib/python3.12/site-packages/airflow/example_dags/example_nested_branch_dag.py
[2026-01-07T12:09:56.978+0530] {logging_mixin.py:190} INFO - [2026-01-07T12:09:56.977+0530] {dag.py:3239} INFO - Sync 1 DAGs
[2026-01-07T12:09:56.996+0530] {logging_mixin.py:190} INFO - [2026-01-07T12:09:56.996+0530] {dag.py:4180} INFO - Setting next_dagrun for example_nested_branch_dag to 2026-01-06 00:00:00+00:00, run_after=2026-01-07 00:00:00+00:00
[2026-01-07T12:09:57.016+0530] {processor.py:208} INFO - Processing /home/sneha/spotify_airflow_project/venv/lib/python3.12/site-packages/airflow/example_dags/example_nested_branch_dag.py took 0.079 seconds
[2026-01-07T12:10:50.464+0530] {processor.py:186} INFO - Started process (PID=18546) to work on /home/sneha/spotify_airflow_project/venv/lib/python3.12/site-packages/airflow/example_dags/example_nested_branch_dag.py
[2026-01-07T12:10:50.466+0530] {processor.py:914} INFO - Processing file /home/sneha/spotify_airflow_project/venv/lib/python3.12/site-packages/airflow/example_dags/example_nested_branch_dag.py for tasks to queue
[2026-01-07T12:10:50.467+0530] {logging_mixin.py:190} INFO - [2026-01-07T12:10:50.467+0530] {dagbag.py:588} INFO - Filling up the DagBag from /home/sneha/spotify_airflow_project/venv/lib/python3.12/site-packages/airflow/example_dags/example_nested_branch_dag.py
[2026-01-07T12:10:50.475+0530] {processor.py:925} INFO - DAG(s) 'example_nested_branch_dag' retrieved from /home/sneha/spotify_airflow_project/venv/lib/python3.12/site-packages/airflow/example_dags/example_nested_branch_dag.py
[2026-01-07T12:10:50.491+0530] {logging_mixin.py:190} INFO - [2026-01-07T12:10:50.491+0530] {dag.py:3239} INFO - Sync 1 DAGs
[2026-01-07T12:10:50.508+0530] {logging_mixin.py:190} INFO - [2026-01-07T12:10:50.508+0530] {dag.py:4180} INFO - Setting next_dagrun for example_nested_branch_dag to 2026-01-06 00:00:00+00:00, run_after=2026-01-07 00:00:00+00:00
[2026-01-07T12:10:50.524+0530] {processor.py:208} INFO - Processing /home/sneha/spotify_airflow_project/venv/lib/python3.12/site-packages/airflow/example_dags/example_nested_branch_dag.py took 0.070 seconds
[2026-01-07T12:11:42.479+0530] {processor.py:186} INFO - Started process (PID=18603) to work on /home/sneha/spotify_airflow_project/venv/lib/python3.12/site-packages/airflow/example_dags/example_nested_branch_dag.py
[2026-01-07T12:11:42.480+0530] {processor.py:914} INFO - Processing file /home/sneha/spotify_airflow_project/venv/lib/python3.12/site-packages/airflow/example_dags/example_nested_branch_dag.py for tasks to queue
[2026-01-07T12:11:42.482+0530] {logging_mixin.py:190} INFO - [2026-01-07T12:11:42.481+0530] {dagbag.py:588} INFO - Filling up the DagBag from /home/sneha/spotify_airflow_project/venv/lib/python3.12/site-packages/airflow/example_dags/example_nested_branch_dag.py
[2026-01-07T12:11:42.490+0530] {processor.py:925} INFO - DAG(s) 'example_nested_branch_dag' retrieved from /home/sneha/spotify_airflow_project/venv/lib/python3.12/site-packages/airflow/example_dags/example_nested_branch_dag.py
[2026-01-07T12:11:42.509+0530] {logging_mixin.py:190} INFO - [2026-01-07T12:11:42.508+0530] {dag.py:3239} INFO - Sync 1 DAGs
[2026-01-07T12:11:42.527+0530] {logging_mixin.py:190} INFO - [2026-01-07T12:11:42.527+0530] {dag.py:4180} INFO - Setting next_dagrun for example_nested_branch_dag to 2026-01-06 00:00:00+00:00, run_after=2026-01-07 00:00:00+00:00
[2026-01-07T12:11:42.544+0530] {processor.py:208} INFO - Processing /home/sneha/spotify_airflow_project/venv/lib/python3.12/site-packages/airflow/example_dags/example_nested_branch_dag.py took 0.074 seconds
[2026-01-07T12:12:34.637+0530] {processor.py:186} INFO - Started process (PID=18659) to work on /home/sneha/spotify_airflow_project/venv/lib/python3.12/site-packages/airflow/example_dags/example_nested_branch_dag.py
[2026-01-07T12:12:34.648+0530] {processor.py:914} INFO - Processing file /home/sneha/spotify_airflow_project/venv/lib/python3.12/site-packages/airflow/example_dags/example_nested_branch_dag.py for tasks to queue
[2026-01-07T12:12:34.650+0530] {logging_mixin.py:190} INFO - [2026-01-07T12:12:34.649+0530] {dagbag.py:588} INFO - Filling up the DagBag from /home/sneha/spotify_airflow_project/venv/lib/python3.12/site-packages/airflow/example_dags/example_nested_branch_dag.py
[2026-01-07T12:12:34.659+0530] {processor.py:925} INFO - DAG(s) 'example_nested_branch_dag' retrieved from /home/sneha/spotify_airflow_project/venv/lib/python3.12/site-packages/airflow/example_dags/example_nested_branch_dag.py
[2026-01-07T12:12:34.677+0530] {logging_mixin.py:190} INFO - [2026-01-07T12:12:34.677+0530] {dag.py:3239} INFO - Sync 1 DAGs
[2026-01-07T12:12:34.695+0530] {logging_mixin.py:190} INFO - [2026-01-07T12:12:34.695+0530] {dag.py:4180} INFO - Setting next_dagrun for example_nested_branch_dag to 2026-01-06 00:00:00+00:00, run_after=2026-01-07 00:00:00+00:00
[2026-01-07T12:12:34.716+0530] {processor.py:208} INFO - Processing /home/sneha/spotify_airflow_project/venv/lib/python3.12/site-packages/airflow/example_dags/example_nested_branch_dag.py took 0.090 seconds
[2026-01-07T12:13:29.862+0530] {processor.py:186} INFO - Started process (PID=18725) to work on /home/sneha/spotify_airflow_project/venv/lib/python3.12/site-packages/airflow/example_dags/example_nested_branch_dag.py
[2026-01-07T12:13:29.873+0530] {processor.py:914} INFO - Processing file /home/sneha/spotify_airflow_project/venv/lib/python3.12/site-packages/airflow/example_dags/example_nested_branch_dag.py for tasks to queue
[2026-01-07T12:13:29.875+0530] {logging_mixin.py:190} INFO - [2026-01-07T12:13:29.874+0530] {dagbag.py:588} INFO - Filling up the DagBag from /home/sneha/spotify_airflow_project/venv/lib/python3.12/site-packages/airflow/example_dags/example_nested_branch_dag.py
[2026-01-07T12:13:29.884+0530] {processor.py:925} INFO - DAG(s) 'example_nested_branch_dag' retrieved from /home/sneha/spotify_airflow_project/venv/lib/python3.12/site-packages/airflow/example_dags/example_nested_branch_dag.py
[2026-01-07T12:13:29.901+0530] {logging_mixin.py:190} INFO - [2026-01-07T12:13:29.901+0530] {dag.py:3239} INFO - Sync 1 DAGs
[2026-01-07T12:13:29.918+0530] {logging_mixin.py:190} INFO - [2026-01-07T12:13:29.918+0530] {dag.py:4180} INFO - Setting next_dagrun for example_nested_branch_dag to 2026-01-06 00:00:00+00:00, run_after=2026-01-07 00:00:00+00:00
[2026-01-07T12:13:29.935+0530] {processor.py:208} INFO - Processing /home/sneha/spotify_airflow_project/venv/lib/python3.12/site-packages/airflow/example_dags/example_nested_branch_dag.py took 0.084 seconds
[2026-01-07T12:14:23.396+0530] {processor.py:186} INFO - Started process (PID=18890) to work on /home/sneha/spotify_airflow_project/venv/lib/python3.12/site-packages/airflow/example_dags/example_nested_branch_dag.py
[2026-01-07T12:14:23.398+0530] {processor.py:914} INFO - Processing file /home/sneha/spotify_airflow_project/venv/lib/python3.12/site-packages/airflow/example_dags/example_nested_branch_dag.py for tasks to queue
[2026-01-07T12:14:23.399+0530] {logging_mixin.py:190} INFO - [2026-01-07T12:14:23.399+0530] {dagbag.py:588} INFO - Filling up the DagBag from /home/sneha/spotify_airflow_project/venv/lib/python3.12/site-packages/airflow/example_dags/example_nested_branch_dag.py
[2026-01-07T12:14:23.407+0530] {processor.py:925} INFO - DAG(s) 'example_nested_branch_dag' retrieved from /home/sneha/spotify_airflow_project/venv/lib/python3.12/site-packages/airflow/example_dags/example_nested_branch_dag.py
[2026-01-07T12:14:23.427+0530] {logging_mixin.py:190} INFO - [2026-01-07T12:14:23.426+0530] {dag.py:3239} INFO - Sync 1 DAGs
[2026-01-07T12:14:23.446+0530] {logging_mixin.py:190} INFO - [2026-01-07T12:14:23.446+0530] {dag.py:4180} INFO - Setting next_dagrun for example_nested_branch_dag to 2026-01-06 00:00:00+00:00, run_after=2026-01-07 00:00:00+00:00
[2026-01-07T12:14:23.464+0530] {processor.py:208} INFO - Processing /home/sneha/spotify_airflow_project/venv/lib/python3.12/site-packages/airflow/example_dags/example_nested_branch_dag.py took 0.081 seconds
[2026-01-07T12:15:17.520+0530] {processor.py:186} INFO - Started process (PID=18953) to work on /home/sneha/spotify_airflow_project/venv/lib/python3.12/site-packages/airflow/example_dags/example_nested_branch_dag.py
[2026-01-07T12:15:17.521+0530] {processor.py:914} INFO - Processing file /home/sneha/spotify_airflow_project/venv/lib/python3.12/site-packages/airflow/example_dags/example_nested_branch_dag.py for tasks to queue
[2026-01-07T12:15:17.523+0530] {logging_mixin.py:190} INFO - [2026-01-07T12:15:17.522+0530] {dagbag.py:588} INFO - Filling up the DagBag from /home/sneha/spotify_airflow_project/venv/lib/python3.12/site-packages/airflow/example_dags/example_nested_branch_dag.py
[2026-01-07T12:15:17.531+0530] {processor.py:925} INFO - DAG(s) 'example_nested_branch_dag' retrieved from /home/sneha/spotify_airflow_project/venv/lib/python3.12/site-packages/airflow/example_dags/example_nested_branch_dag.py
[2026-01-07T12:15:17.550+0530] {logging_mixin.py:190} INFO - [2026-01-07T12:15:17.550+0530] {dag.py:3239} INFO - Sync 1 DAGs
[2026-01-07T12:15:17.570+0530] {logging_mixin.py:190} INFO - [2026-01-07T12:15:17.570+0530] {dag.py:4180} INFO - Setting next_dagrun for example_nested_branch_dag to 2026-01-06 00:00:00+00:00, run_after=2026-01-07 00:00:00+00:00
[2026-01-07T12:15:17.591+0530] {processor.py:208} INFO - Processing /home/sneha/spotify_airflow_project/venv/lib/python3.12/site-packages/airflow/example_dags/example_nested_branch_dag.py took 0.078 seconds
[2026-01-07T12:16:11.217+0530] {processor.py:186} INFO - Started process (PID=19028) to work on /home/sneha/spotify_airflow_project/venv/lib/python3.12/site-packages/airflow/example_dags/example_nested_branch_dag.py
[2026-01-07T12:16:11.228+0530] {processor.py:914} INFO - Processing file /home/sneha/spotify_airflow_project/venv/lib/python3.12/site-packages/airflow/example_dags/example_nested_branch_dag.py for tasks to queue
[2026-01-07T12:16:11.230+0530] {logging_mixin.py:190} INFO - [2026-01-07T12:16:11.230+0530] {dagbag.py:588} INFO - Filling up the DagBag from /home/sneha/spotify_airflow_project/venv/lib/python3.12/site-packages/airflow/example_dags/example_nested_branch_dag.py
[2026-01-07T12:16:11.240+0530] {processor.py:925} INFO - DAG(s) 'example_nested_branch_dag' retrieved from /home/sneha/spotify_airflow_project/venv/lib/python3.12/site-packages/airflow/example_dags/example_nested_branch_dag.py
[2026-01-07T12:16:11.258+0530] {logging_mixin.py:190} INFO - [2026-01-07T12:16:11.258+0530] {dag.py:3239} INFO - Sync 1 DAGs
[2026-01-07T12:16:11.278+0530] {logging_mixin.py:190} INFO - [2026-01-07T12:16:11.278+0530] {dag.py:4180} INFO - Setting next_dagrun for example_nested_branch_dag to 2026-01-06 00:00:00+00:00, run_after=2026-01-07 00:00:00+00:00
[2026-01-07T12:16:11.297+0530] {processor.py:208} INFO - Processing /home/sneha/spotify_airflow_project/venv/lib/python3.12/site-packages/airflow/example_dags/example_nested_branch_dag.py took 0.093 seconds
[2026-01-07T12:17:07.874+0530] {processor.py:186} INFO - Started process (PID=19092) to work on /home/sneha/spotify_airflow_project/venv/lib/python3.12/site-packages/airflow/example_dags/example_nested_branch_dag.py
[2026-01-07T12:17:07.875+0530] {processor.py:914} INFO - Processing file /home/sneha/spotify_airflow_project/venv/lib/python3.12/site-packages/airflow/example_dags/example_nested_branch_dag.py for tasks to queue
[2026-01-07T12:17:07.877+0530] {logging_mixin.py:190} INFO - [2026-01-07T12:17:07.877+0530] {dagbag.py:588} INFO - Filling up the DagBag from /home/sneha/spotify_airflow_project/venv/lib/python3.12/site-packages/airflow/example_dags/example_nested_branch_dag.py
[2026-01-07T12:17:07.886+0530] {processor.py:925} INFO - DAG(s) 'example_nested_branch_dag' retrieved from /home/sneha/spotify_airflow_project/venv/lib/python3.12/site-packages/airflow/example_dags/example_nested_branch_dag.py
[2026-01-07T12:17:07.907+0530] {logging_mixin.py:190} INFO - [2026-01-07T12:17:07.907+0530] {dag.py:3239} INFO - Sync 1 DAGs
[2026-01-07T12:17:07.926+0530] {logging_mixin.py:190} INFO - [2026-01-07T12:17:07.926+0530] {dag.py:4180} INFO - Setting next_dagrun for example_nested_branch_dag to 2026-01-06 00:00:00+00:00, run_after=2026-01-07 00:00:00+00:00
[2026-01-07T12:17:07.945+0530] {processor.py:208} INFO - Processing /home/sneha/spotify_airflow_project/venv/lib/python3.12/site-packages/airflow/example_dags/example_nested_branch_dag.py took 0.083 seconds
[2026-01-07T12:18:03.417+0530] {processor.py:186} INFO - Started process (PID=19150) to work on /home/sneha/spotify_airflow_project/venv/lib/python3.12/site-packages/airflow/example_dags/example_nested_branch_dag.py
[2026-01-07T12:18:03.418+0530] {processor.py:914} INFO - Processing file /home/sneha/spotify_airflow_project/venv/lib/python3.12/site-packages/airflow/example_dags/example_nested_branch_dag.py for tasks to queue
[2026-01-07T12:18:03.420+0530] {logging_mixin.py:190} INFO - [2026-01-07T12:18:03.419+0530] {dagbag.py:588} INFO - Filling up the DagBag from /home/sneha/spotify_airflow_project/venv/lib/python3.12/site-packages/airflow/example_dags/example_nested_branch_dag.py
[2026-01-07T12:18:03.429+0530] {processor.py:925} INFO - DAG(s) 'example_nested_branch_dag' retrieved from /home/sneha/spotify_airflow_project/venv/lib/python3.12/site-packages/airflow/example_dags/example_nested_branch_dag.py
[2026-01-07T12:18:03.448+0530] {logging_mixin.py:190} INFO - [2026-01-07T12:18:03.448+0530] {dag.py:3239} INFO - Sync 1 DAGs
[2026-01-07T12:18:03.466+0530] {logging_mixin.py:190} INFO - [2026-01-07T12:18:03.466+0530] {dag.py:4180} INFO - Setting next_dagrun for example_nested_branch_dag to 2026-01-06 00:00:00+00:00, run_after=2026-01-07 00:00:00+00:00
[2026-01-07T12:18:03.485+0530] {processor.py:208} INFO - Processing /home/sneha/spotify_airflow_project/venv/lib/python3.12/site-packages/airflow/example_dags/example_nested_branch_dag.py took 0.075 seconds
[2026-01-07T12:19:00.104+0530] {processor.py:186} INFO - Started process (PID=19243) to work on /home/sneha/spotify_airflow_project/venv/lib/python3.12/site-packages/airflow/example_dags/example_nested_branch_dag.py
[2026-01-07T12:19:00.105+0530] {processor.py:914} INFO - Processing file /home/sneha/spotify_airflow_project/venv/lib/python3.12/site-packages/airflow/example_dags/example_nested_branch_dag.py for tasks to queue
[2026-01-07T12:19:00.106+0530] {logging_mixin.py:190} INFO - [2026-01-07T12:19:00.106+0530] {dagbag.py:588} INFO - Filling up the DagBag from /home/sneha/spotify_airflow_project/venv/lib/python3.12/site-packages/airflow/example_dags/example_nested_branch_dag.py
[2026-01-07T12:19:00.115+0530] {processor.py:925} INFO - DAG(s) 'example_nested_branch_dag' retrieved from /home/sneha/spotify_airflow_project/venv/lib/python3.12/site-packages/airflow/example_dags/example_nested_branch_dag.py
[2026-01-07T12:19:00.135+0530] {logging_mixin.py:190} INFO - [2026-01-07T12:19:00.135+0530] {dag.py:3239} INFO - Sync 1 DAGs
[2026-01-07T12:19:00.155+0530] {logging_mixin.py:190} INFO - [2026-01-07T12:19:00.155+0530] {dag.py:4180} INFO - Setting next_dagrun for example_nested_branch_dag to 2026-01-06 00:00:00+00:00, run_after=2026-01-07 00:00:00+00:00
[2026-01-07T12:19:00.176+0530] {processor.py:208} INFO - Processing /home/sneha/spotify_airflow_project/venv/lib/python3.12/site-packages/airflow/example_dags/example_nested_branch_dag.py took 0.079 seconds
[2026-01-07T12:19:56.151+0530] {processor.py:186} INFO - Started process (PID=19377) to work on /home/sneha/spotify_airflow_project/venv/lib/python3.12/site-packages/airflow/example_dags/example_nested_branch_dag.py
[2026-01-07T12:19:56.153+0530] {processor.py:914} INFO - Processing file /home/sneha/spotify_airflow_project/venv/lib/python3.12/site-packages/airflow/example_dags/example_nested_branch_dag.py for tasks to queue
[2026-01-07T12:19:56.155+0530] {logging_mixin.py:190} INFO - [2026-01-07T12:19:56.154+0530] {dagbag.py:588} INFO - Filling up the DagBag from /home/sneha/spotify_airflow_project/venv/lib/python3.12/site-packages/airflow/example_dags/example_nested_branch_dag.py
[2026-01-07T12:19:56.164+0530] {processor.py:925} INFO - DAG(s) 'example_nested_branch_dag' retrieved from /home/sneha/spotify_airflow_project/venv/lib/python3.12/site-packages/airflow/example_dags/example_nested_branch_dag.py
[2026-01-07T12:19:56.183+0530] {logging_mixin.py:190} INFO - [2026-01-07T12:19:56.183+0530] {dag.py:3239} INFO - Sync 1 DAGs
[2026-01-07T12:19:56.202+0530] {logging_mixin.py:190} INFO - [2026-01-07T12:19:56.201+0530] {dag.py:4180} INFO - Setting next_dagrun for example_nested_branch_dag to 2026-01-06 00:00:00+00:00, run_after=2026-01-07 00:00:00+00:00
[2026-01-07T12:19:56.221+0530] {processor.py:208} INFO - Processing /home/sneha/spotify_airflow_project/venv/lib/python3.12/site-packages/airflow/example_dags/example_nested_branch_dag.py took 0.082 seconds
