[2026-01-07T11:47:07.603+0530] {processor.py:186} INFO - Started process (PID=7250) to work on /home/sneha/spotify_astro_project/venv/lib/python3.12/site-packages/airflow/example_dags/example_workday_timetable.py
[2026-01-07T11:47:07.604+0530] {processor.py:914} INFO - Processing file /home/sneha/spotify_astro_project/venv/lib/python3.12/site-packages/airflow/example_dags/example_workday_timetable.py for tasks to queue
[2026-01-07T11:47:07.605+0530] {logging_mixin.py:190} INFO - [2026-01-07T11:47:07.605+0530] {dagbag.py:588} INFO - Filling up the DagBag from /home/sneha/spotify_astro_project/venv/lib/python3.12/site-packages/airflow/example_dags/example_workday_timetable.py
[2026-01-07T11:47:07.609+0530] {processor.py:925} INFO - DAG(s) 'example_workday_timetable' retrieved from /home/sneha/spotify_astro_project/venv/lib/python3.12/site-packages/airflow/example_dags/example_workday_timetable.py
[2026-01-07T11:47:07.713+0530] {logging_mixin.py:190} INFO - [2026-01-07T11:47:07.713+0530] {dag.py:3239} INFO - Sync 1 DAGs
[2026-01-07T11:47:07.728+0530] {logging_mixin.py:190} INFO - [2026-01-07T11:47:07.728+0530] {dag.py:4180} INFO - Setting next_dagrun for example_workday_timetable to 2021-01-01 00:00:00+00:00, run_after=2021-01-02 00:00:00+00:00
[2026-01-07T11:47:07.746+0530] {processor.py:208} INFO - Processing /home/sneha/spotify_astro_project/venv/lib/python3.12/site-packages/airflow/example_dags/example_workday_timetable.py took 0.153 seconds
[2026-01-07T11:48:12.415+0530] {processor.py:186} INFO - Started process (PID=7703) to work on /home/sneha/spotify_astro_project/venv/lib/python3.12/site-packages/airflow/example_dags/example_workday_timetable.py
[2026-01-07T11:48:12.417+0530] {processor.py:914} INFO - Processing file /home/sneha/spotify_astro_project/venv/lib/python3.12/site-packages/airflow/example_dags/example_workday_timetable.py for tasks to queue
[2026-01-07T11:48:12.420+0530] {logging_mixin.py:190} INFO - [2026-01-07T11:48:12.420+0530] {dagbag.py:588} INFO - Filling up the DagBag from /home/sneha/spotify_astro_project/venv/lib/python3.12/site-packages/airflow/example_dags/example_workday_timetable.py
[2026-01-07T11:48:12.425+0530] {processor.py:925} INFO - DAG(s) 'example_workday_timetable' retrieved from /home/sneha/spotify_astro_project/venv/lib/python3.12/site-packages/airflow/example_dags/example_workday_timetable.py
[2026-01-07T11:48:12.440+0530] {logging_mixin.py:190} INFO - [2026-01-07T11:48:12.440+0530] {dag.py:3239} INFO - Sync 1 DAGs
[2026-01-07T11:48:12.457+0530] {logging_mixin.py:190} INFO - [2026-01-07T11:48:12.457+0530] {dag.py:4180} INFO - Setting next_dagrun for example_workday_timetable to 2021-01-01 00:00:00+00:00, run_after=2021-01-02 00:00:00+00:00
[2026-01-07T11:48:12.474+0530] {processor.py:208} INFO - Processing /home/sneha/spotify_astro_project/venv/lib/python3.12/site-packages/airflow/example_dags/example_workday_timetable.py took 0.071 seconds
[2026-01-07T11:49:13.237+0530] {processor.py:186} INFO - Started process (PID=8139) to work on /home/sneha/spotify_astro_project/venv/lib/python3.12/site-packages/airflow/example_dags/example_workday_timetable.py
[2026-01-07T11:49:13.238+0530] {processor.py:914} INFO - Processing file /home/sneha/spotify_astro_project/venv/lib/python3.12/site-packages/airflow/example_dags/example_workday_timetable.py for tasks to queue
[2026-01-07T11:49:13.239+0530] {logging_mixin.py:190} INFO - [2026-01-07T11:49:13.239+0530] {dagbag.py:588} INFO - Filling up the DagBag from /home/sneha/spotify_astro_project/venv/lib/python3.12/site-packages/airflow/example_dags/example_workday_timetable.py
[2026-01-07T11:49:13.243+0530] {processor.py:925} INFO - DAG(s) 'example_workday_timetable' retrieved from /home/sneha/spotify_astro_project/venv/lib/python3.12/site-packages/airflow/example_dags/example_workday_timetable.py
[2026-01-07T11:49:13.258+0530] {logging_mixin.py:190} INFO - [2026-01-07T11:49:13.258+0530] {dag.py:3239} INFO - Sync 1 DAGs
[2026-01-07T11:49:13.276+0530] {logging_mixin.py:190} INFO - [2026-01-07T11:49:13.275+0530] {dag.py:4180} INFO - Setting next_dagrun for example_workday_timetable to 2021-01-01 00:00:00+00:00, run_after=2021-01-02 00:00:00+00:00
[2026-01-07T11:49:13.294+0530] {processor.py:208} INFO - Processing /home/sneha/spotify_astro_project/venv/lib/python3.12/site-packages/airflow/example_dags/example_workday_timetable.py took 0.070 seconds
[2026-01-07T11:50:21.828+0530] {processor.py:186} INFO - Started process (PID=8614) to work on /home/sneha/spotify_astro_project/venv/lib/python3.12/site-packages/airflow/example_dags/example_workday_timetable.py
[2026-01-07T11:50:21.829+0530] {processor.py:914} INFO - Processing file /home/sneha/spotify_astro_project/venv/lib/python3.12/site-packages/airflow/example_dags/example_workday_timetable.py for tasks to queue
[2026-01-07T11:50:21.830+0530] {logging_mixin.py:190} INFO - [2026-01-07T11:50:21.830+0530] {dagbag.py:588} INFO - Filling up the DagBag from /home/sneha/spotify_astro_project/venv/lib/python3.12/site-packages/airflow/example_dags/example_workday_timetable.py
[2026-01-07T11:50:21.834+0530] {processor.py:925} INFO - DAG(s) 'example_workday_timetable' retrieved from /home/sneha/spotify_astro_project/venv/lib/python3.12/site-packages/airflow/example_dags/example_workday_timetable.py
[2026-01-07T11:50:21.978+0530] {logging_mixin.py:190} INFO - [2026-01-07T11:50:21.978+0530] {dag.py:3239} INFO - Sync 1 DAGs
[2026-01-07T11:50:21.992+0530] {logging_mixin.py:190} INFO - [2026-01-07T11:50:21.992+0530] {dag.py:4180} INFO - Setting next_dagrun for example_workday_timetable to 2021-01-01 00:00:00+00:00, run_after=2021-01-02 00:00:00+00:00
[2026-01-07T11:50:22.007+0530] {processor.py:208} INFO - Processing /home/sneha/spotify_astro_project/venv/lib/python3.12/site-packages/airflow/example_dags/example_workday_timetable.py took 0.189 seconds
[2026-01-07T11:57:18.651+0530] {processor.py:186} INFO - Started process (PID=16979) to work on /home/sneha/spotify_airflow_project/venv/lib/python3.12/site-packages/airflow/example_dags/example_workday_timetable.py
[2026-01-07T11:57:18.652+0530] {processor.py:914} INFO - Processing file /home/sneha/spotify_airflow_project/venv/lib/python3.12/site-packages/airflow/example_dags/example_workday_timetable.py for tasks to queue
[2026-01-07T11:57:18.654+0530] {logging_mixin.py:190} INFO - [2026-01-07T11:57:18.654+0530] {dagbag.py:588} INFO - Filling up the DagBag from /home/sneha/spotify_airflow_project/venv/lib/python3.12/site-packages/airflow/example_dags/example_workday_timetable.py
[2026-01-07T11:57:18.658+0530] {processor.py:925} INFO - DAG(s) 'example_workday_timetable' retrieved from /home/sneha/spotify_airflow_project/venv/lib/python3.12/site-packages/airflow/example_dags/example_workday_timetable.py
[2026-01-07T11:57:18.807+0530] {logging_mixin.py:190} INFO - [2026-01-07T11:57:18.806+0530] {dag.py:3239} INFO - Sync 1 DAGs
[2026-01-07T11:57:18.851+0530] {logging_mixin.py:190} INFO - [2026-01-07T11:57:18.850+0530] {dag.py:4180} INFO - Setting next_dagrun for example_workday_timetable to 2021-01-01 00:00:00+00:00, run_after=2021-01-02 00:00:00+00:00
[2026-01-07T11:57:18.912+0530] {processor.py:208} INFO - Processing /home/sneha/spotify_airflow_project/venv/lib/python3.12/site-packages/airflow/example_dags/example_workday_timetable.py took 0.267 seconds
[2026-01-07T11:58:20.629+0530] {processor.py:186} INFO - Started process (PID=17192) to work on /home/sneha/spotify_airflow_project/venv/lib/python3.12/site-packages/airflow/example_dags/example_workday_timetable.py
[2026-01-07T11:58:20.630+0530] {processor.py:914} INFO - Processing file /home/sneha/spotify_airflow_project/venv/lib/python3.12/site-packages/airflow/example_dags/example_workday_timetable.py for tasks to queue
[2026-01-07T11:58:20.631+0530] {logging_mixin.py:190} INFO - [2026-01-07T11:58:20.630+0530] {dagbag.py:588} INFO - Filling up the DagBag from /home/sneha/spotify_airflow_project/venv/lib/python3.12/site-packages/airflow/example_dags/example_workday_timetable.py
[2026-01-07T11:58:20.635+0530] {processor.py:925} INFO - DAG(s) 'example_workday_timetable' retrieved from /home/sneha/spotify_airflow_project/venv/lib/python3.12/site-packages/airflow/example_dags/example_workday_timetable.py
[2026-01-07T11:58:20.650+0530] {logging_mixin.py:190} INFO - [2026-01-07T11:58:20.649+0530] {dag.py:3239} INFO - Sync 1 DAGs
[2026-01-07T11:58:20.665+0530] {logging_mixin.py:190} INFO - [2026-01-07T11:58:20.665+0530] {dag.py:4180} INFO - Setting next_dagrun for example_workday_timetable to 2021-01-01 00:00:00+00:00, run_after=2021-01-02 00:00:00+00:00
[2026-01-07T11:58:20.681+0530] {processor.py:208} INFO - Processing /home/sneha/spotify_airflow_project/venv/lib/python3.12/site-packages/airflow/example_dags/example_workday_timetable.py took 0.062 seconds
[2026-01-07T11:59:17.108+0530] {processor.py:186} INFO - Started process (PID=17260) to work on /home/sneha/spotify_airflow_project/venv/lib/python3.12/site-packages/airflow/example_dags/example_workday_timetable.py
[2026-01-07T11:59:17.110+0530] {processor.py:914} INFO - Processing file /home/sneha/spotify_airflow_project/venv/lib/python3.12/site-packages/airflow/example_dags/example_workday_timetable.py for tasks to queue
[2026-01-07T11:59:17.112+0530] {logging_mixin.py:190} INFO - [2026-01-07T11:59:17.111+0530] {dagbag.py:588} INFO - Filling up the DagBag from /home/sneha/spotify_airflow_project/venv/lib/python3.12/site-packages/airflow/example_dags/example_workday_timetable.py
[2026-01-07T11:59:17.116+0530] {processor.py:925} INFO - DAG(s) 'example_workday_timetable' retrieved from /home/sneha/spotify_airflow_project/venv/lib/python3.12/site-packages/airflow/example_dags/example_workday_timetable.py
[2026-01-07T11:59:17.132+0530] {logging_mixin.py:190} INFO - [2026-01-07T11:59:17.132+0530] {dag.py:3239} INFO - Sync 1 DAGs
[2026-01-07T11:59:17.150+0530] {logging_mixin.py:190} INFO - [2026-01-07T11:59:17.150+0530] {dag.py:4180} INFO - Setting next_dagrun for example_workday_timetable to 2021-01-01 00:00:00+00:00, run_after=2021-01-02 00:00:00+00:00
[2026-01-07T11:59:17.167+0530] {processor.py:208} INFO - Processing /home/sneha/spotify_airflow_project/venv/lib/python3.12/site-packages/airflow/example_dags/example_workday_timetable.py took 0.072 seconds
[2026-01-07T12:00:09.353+0530] {processor.py:186} INFO - Started process (PID=17348) to work on /home/sneha/spotify_airflow_project/venv/lib/python3.12/site-packages/airflow/example_dags/example_workday_timetable.py
[2026-01-07T12:00:09.354+0530] {processor.py:914} INFO - Processing file /home/sneha/spotify_airflow_project/venv/lib/python3.12/site-packages/airflow/example_dags/example_workday_timetable.py for tasks to queue
[2026-01-07T12:00:09.356+0530] {logging_mixin.py:190} INFO - [2026-01-07T12:00:09.356+0530] {dagbag.py:588} INFO - Filling up the DagBag from /home/sneha/spotify_airflow_project/venv/lib/python3.12/site-packages/airflow/example_dags/example_workday_timetable.py
[2026-01-07T12:00:09.364+0530] {processor.py:925} INFO - DAG(s) 'example_workday_timetable' retrieved from /home/sneha/spotify_airflow_project/venv/lib/python3.12/site-packages/airflow/example_dags/example_workday_timetable.py
[2026-01-07T12:00:09.394+0530] {logging_mixin.py:190} INFO - [2026-01-07T12:00:09.394+0530] {dag.py:3239} INFO - Sync 1 DAGs
[2026-01-07T12:00:09.424+0530] {logging_mixin.py:190} INFO - [2026-01-07T12:00:09.424+0530] {dag.py:4180} INFO - Setting next_dagrun for example_workday_timetable to 2021-01-01 00:00:00+00:00, run_after=2021-01-02 00:00:00+00:00
[2026-01-07T12:00:09.626+0530] {processor.py:208} INFO - Processing /home/sneha/spotify_airflow_project/venv/lib/python3.12/site-packages/airflow/example_dags/example_workday_timetable.py took 0.283 seconds
[2026-01-07T12:01:15.578+0530] {processor.py:186} INFO - Started process (PID=17458) to work on /home/sneha/spotify_airflow_project/venv/lib/python3.12/site-packages/airflow/example_dags/example_workday_timetable.py
[2026-01-07T12:01:15.579+0530] {processor.py:914} INFO - Processing file /home/sneha/spotify_airflow_project/venv/lib/python3.12/site-packages/airflow/example_dags/example_workday_timetable.py for tasks to queue
[2026-01-07T12:01:15.581+0530] {logging_mixin.py:190} INFO - [2026-01-07T12:01:15.580+0530] {dagbag.py:588} INFO - Filling up the DagBag from /home/sneha/spotify_airflow_project/venv/lib/python3.12/site-packages/airflow/example_dags/example_workday_timetable.py
[2026-01-07T12:01:15.585+0530] {processor.py:925} INFO - DAG(s) 'example_workday_timetable' retrieved from /home/sneha/spotify_airflow_project/venv/lib/python3.12/site-packages/airflow/example_dags/example_workday_timetable.py
[2026-01-07T12:01:15.602+0530] {logging_mixin.py:190} INFO - [2026-01-07T12:01:15.602+0530] {dag.py:3239} INFO - Sync 1 DAGs
[2026-01-07T12:01:15.621+0530] {logging_mixin.py:190} INFO - [2026-01-07T12:01:15.621+0530] {dag.py:4180} INFO - Setting next_dagrun for example_workday_timetable to 2021-01-01 00:00:00+00:00, run_after=2021-01-02 00:00:00+00:00
[2026-01-07T12:01:15.638+0530] {processor.py:208} INFO - Processing /home/sneha/spotify_airflow_project/venv/lib/python3.12/site-packages/airflow/example_dags/example_workday_timetable.py took 0.070 seconds
[2026-01-07T12:02:14.096+0530] {processor.py:186} INFO - Started process (PID=17647) to work on /home/sneha/spotify_airflow_project/venv/lib/python3.12/site-packages/airflow/example_dags/example_workday_timetable.py
[2026-01-07T12:02:14.107+0530] {processor.py:914} INFO - Processing file /home/sneha/spotify_airflow_project/venv/lib/python3.12/site-packages/airflow/example_dags/example_workday_timetable.py for tasks to queue
[2026-01-07T12:02:14.108+0530] {logging_mixin.py:190} INFO - [2026-01-07T12:02:14.108+0530] {dagbag.py:588} INFO - Filling up the DagBag from /home/sneha/spotify_airflow_project/venv/lib/python3.12/site-packages/airflow/example_dags/example_workday_timetable.py
[2026-01-07T12:02:14.112+0530] {processor.py:925} INFO - DAG(s) 'example_workday_timetable' retrieved from /home/sneha/spotify_airflow_project/venv/lib/python3.12/site-packages/airflow/example_dags/example_workday_timetable.py
[2026-01-07T12:02:14.129+0530] {logging_mixin.py:190} INFO - [2026-01-07T12:02:14.128+0530] {dag.py:3239} INFO - Sync 1 DAGs
[2026-01-07T12:02:14.147+0530] {logging_mixin.py:190} INFO - [2026-01-07T12:02:14.147+0530] {dag.py:4180} INFO - Setting next_dagrun for example_workday_timetable to 2021-01-01 00:00:00+00:00, run_after=2021-01-02 00:00:00+00:00
[2026-01-07T12:02:14.167+0530] {processor.py:208} INFO - Processing /home/sneha/spotify_airflow_project/venv/lib/python3.12/site-packages/airflow/example_dags/example_workday_timetable.py took 0.085 seconds
[2026-01-07T12:03:13.181+0530] {processor.py:186} INFO - Started process (PID=17707) to work on /home/sneha/spotify_airflow_project/venv/lib/python3.12/site-packages/airflow/example_dags/example_workday_timetable.py
[2026-01-07T12:03:13.192+0530] {processor.py:914} INFO - Processing file /home/sneha/spotify_airflow_project/venv/lib/python3.12/site-packages/airflow/example_dags/example_workday_timetable.py for tasks to queue
[2026-01-07T12:03:13.194+0530] {logging_mixin.py:190} INFO - [2026-01-07T12:03:13.193+0530] {dagbag.py:588} INFO - Filling up the DagBag from /home/sneha/spotify_airflow_project/venv/lib/python3.12/site-packages/airflow/example_dags/example_workday_timetable.py
[2026-01-07T12:03:13.198+0530] {processor.py:925} INFO - DAG(s) 'example_workday_timetable' retrieved from /home/sneha/spotify_airflow_project/venv/lib/python3.12/site-packages/airflow/example_dags/example_workday_timetable.py
[2026-01-07T12:03:13.216+0530] {logging_mixin.py:190} INFO - [2026-01-07T12:03:13.216+0530] {dag.py:3239} INFO - Sync 1 DAGs
[2026-01-07T12:03:13.235+0530] {logging_mixin.py:190} INFO - [2026-01-07T12:03:13.235+0530] {dag.py:4180} INFO - Setting next_dagrun for example_workday_timetable to 2021-01-01 00:00:00+00:00, run_after=2021-01-02 00:00:00+00:00
[2026-01-07T12:03:13.254+0530] {processor.py:208} INFO - Processing /home/sneha/spotify_airflow_project/venv/lib/python3.12/site-packages/airflow/example_dags/example_workday_timetable.py took 0.085 seconds
[2026-01-07T12:04:10.317+0530] {processor.py:186} INFO - Started process (PID=17976) to work on /home/sneha/spotify_airflow_project/venv/lib/python3.12/site-packages/airflow/example_dags/example_workday_timetable.py
[2026-01-07T12:04:10.318+0530] {processor.py:914} INFO - Processing file /home/sneha/spotify_airflow_project/venv/lib/python3.12/site-packages/airflow/example_dags/example_workday_timetable.py for tasks to queue
[2026-01-07T12:04:10.321+0530] {logging_mixin.py:190} INFO - [2026-01-07T12:04:10.320+0530] {dagbag.py:588} INFO - Filling up the DagBag from /home/sneha/spotify_airflow_project/venv/lib/python3.12/site-packages/airflow/example_dags/example_workday_timetable.py
[2026-01-07T12:04:10.327+0530] {processor.py:925} INFO - DAG(s) 'example_workday_timetable' retrieved from /home/sneha/spotify_airflow_project/venv/lib/python3.12/site-packages/airflow/example_dags/example_workday_timetable.py
[2026-01-07T12:04:10.342+0530] {logging_mixin.py:190} INFO - [2026-01-07T12:04:10.342+0530] {dag.py:3239} INFO - Sync 1 DAGs
[2026-01-07T12:04:10.360+0530] {logging_mixin.py:190} INFO - [2026-01-07T12:04:10.360+0530] {dag.py:4180} INFO - Setting next_dagrun for example_workday_timetable to 2021-01-01 00:00:00+00:00, run_after=2021-01-02 00:00:00+00:00
[2026-01-07T12:04:10.379+0530] {processor.py:208} INFO - Processing /home/sneha/spotify_airflow_project/venv/lib/python3.12/site-packages/airflow/example_dags/example_workday_timetable.py took 0.069 seconds
[2026-01-07T12:05:05.427+0530] {processor.py:186} INFO - Started process (PID=18091) to work on /home/sneha/spotify_airflow_project/venv/lib/python3.12/site-packages/airflow/example_dags/example_workday_timetable.py
[2026-01-07T12:05:05.438+0530] {processor.py:914} INFO - Processing file /home/sneha/spotify_airflow_project/venv/lib/python3.12/site-packages/airflow/example_dags/example_workday_timetable.py for tasks to queue
[2026-01-07T12:05:05.440+0530] {logging_mixin.py:190} INFO - [2026-01-07T12:05:05.440+0530] {dagbag.py:588} INFO - Filling up the DagBag from /home/sneha/spotify_airflow_project/venv/lib/python3.12/site-packages/airflow/example_dags/example_workday_timetable.py
[2026-01-07T12:05:05.446+0530] {processor.py:925} INFO - DAG(s) 'example_workday_timetable' retrieved from /home/sneha/spotify_airflow_project/venv/lib/python3.12/site-packages/airflow/example_dags/example_workday_timetable.py
[2026-01-07T12:05:05.462+0530] {logging_mixin.py:190} INFO - [2026-01-07T12:05:05.462+0530] {dag.py:3239} INFO - Sync 1 DAGs
[2026-01-07T12:05:05.480+0530] {logging_mixin.py:190} INFO - [2026-01-07T12:05:05.480+0530] {dag.py:4180} INFO - Setting next_dagrun for example_workday_timetable to 2021-01-01 00:00:00+00:00, run_after=2021-01-02 00:00:00+00:00
[2026-01-07T12:05:05.498+0530] {processor.py:208} INFO - Processing /home/sneha/spotify_airflow_project/venv/lib/python3.12/site-packages/airflow/example_dags/example_workday_timetable.py took 0.082 seconds
[2026-01-07T12:05:57.918+0530] {processor.py:186} INFO - Started process (PID=18173) to work on /home/sneha/spotify_airflow_project/venv/lib/python3.12/site-packages/airflow/example_dags/example_workday_timetable.py
[2026-01-07T12:05:57.919+0530] {processor.py:914} INFO - Processing file /home/sneha/spotify_airflow_project/venv/lib/python3.12/site-packages/airflow/example_dags/example_workday_timetable.py for tasks to queue
[2026-01-07T12:05:57.921+0530] {logging_mixin.py:190} INFO - [2026-01-07T12:05:57.920+0530] {dagbag.py:588} INFO - Filling up the DagBag from /home/sneha/spotify_airflow_project/venv/lib/python3.12/site-packages/airflow/example_dags/example_workday_timetable.py
[2026-01-07T12:05:57.925+0530] {processor.py:925} INFO - DAG(s) 'example_workday_timetable' retrieved from /home/sneha/spotify_airflow_project/venv/lib/python3.12/site-packages/airflow/example_dags/example_workday_timetable.py
[2026-01-07T12:05:57.941+0530] {logging_mixin.py:190} INFO - [2026-01-07T12:05:57.941+0530] {dag.py:3239} INFO - Sync 1 DAGs
[2026-01-07T12:05:57.958+0530] {logging_mixin.py:190} INFO - [2026-01-07T12:05:57.958+0530] {dag.py:4180} INFO - Setting next_dagrun for example_workday_timetable to 2021-01-01 00:00:00+00:00, run_after=2021-01-02 00:00:00+00:00
[2026-01-07T12:05:57.977+0530] {processor.py:208} INFO - Processing /home/sneha/spotify_airflow_project/venv/lib/python3.12/site-packages/airflow/example_dags/example_workday_timetable.py took 0.072 seconds
[2026-01-07T12:06:51.591+0530] {processor.py:186} INFO - Started process (PID=18229) to work on /home/sneha/spotify_airflow_project/venv/lib/python3.12/site-packages/airflow/example_dags/example_workday_timetable.py
[2026-01-07T12:06:51.592+0530] {processor.py:914} INFO - Processing file /home/sneha/spotify_airflow_project/venv/lib/python3.12/site-packages/airflow/example_dags/example_workday_timetable.py for tasks to queue
[2026-01-07T12:06:51.595+0530] {logging_mixin.py:190} INFO - [2026-01-07T12:06:51.594+0530] {dagbag.py:588} INFO - Filling up the DagBag from /home/sneha/spotify_airflow_project/venv/lib/python3.12/site-packages/airflow/example_dags/example_workday_timetable.py
[2026-01-07T12:06:51.599+0530] {processor.py:925} INFO - DAG(s) 'example_workday_timetable' retrieved from /home/sneha/spotify_airflow_project/venv/lib/python3.12/site-packages/airflow/example_dags/example_workday_timetable.py
[2026-01-07T12:06:51.615+0530] {logging_mixin.py:190} INFO - [2026-01-07T12:06:51.615+0530] {dag.py:3239} INFO - Sync 1 DAGs
[2026-01-07T12:06:51.634+0530] {logging_mixin.py:190} INFO - [2026-01-07T12:06:51.633+0530] {dag.py:4180} INFO - Setting next_dagrun for example_workday_timetable to 2021-01-01 00:00:00+00:00, run_after=2021-01-02 00:00:00+00:00
[2026-01-07T12:06:51.652+0530] {processor.py:208} INFO - Processing /home/sneha/spotify_airflow_project/venv/lib/python3.12/site-packages/airflow/example_dags/example_workday_timetable.py took 0.068 seconds
[2026-01-07T12:07:44.862+0530] {processor.py:186} INFO - Started process (PID=18286) to work on /home/sneha/spotify_airflow_project/venv/lib/python3.12/site-packages/airflow/example_dags/example_workday_timetable.py
[2026-01-07T12:07:44.863+0530] {processor.py:914} INFO - Processing file /home/sneha/spotify_airflow_project/venv/lib/python3.12/site-packages/airflow/example_dags/example_workday_timetable.py for tasks to queue
[2026-01-07T12:07:44.864+0530] {logging_mixin.py:190} INFO - [2026-01-07T12:07:44.864+0530] {dagbag.py:588} INFO - Filling up the DagBag from /home/sneha/spotify_airflow_project/venv/lib/python3.12/site-packages/airflow/example_dags/example_workday_timetable.py
[2026-01-07T12:07:44.868+0530] {processor.py:925} INFO - DAG(s) 'example_workday_timetable' retrieved from /home/sneha/spotify_airflow_project/venv/lib/python3.12/site-packages/airflow/example_dags/example_workday_timetable.py
[2026-01-07T12:07:44.884+0530] {logging_mixin.py:190} INFO - [2026-01-07T12:07:44.884+0530] {dag.py:3239} INFO - Sync 1 DAGs
[2026-01-07T12:07:44.902+0530] {logging_mixin.py:190} INFO - [2026-01-07T12:07:44.902+0530] {dag.py:4180} INFO - Setting next_dagrun for example_workday_timetable to 2021-01-01 00:00:00+00:00, run_after=2021-01-02 00:00:00+00:00
[2026-01-07T12:07:44.922+0530] {processor.py:208} INFO - Processing /home/sneha/spotify_airflow_project/venv/lib/python3.12/site-packages/airflow/example_dags/example_workday_timetable.py took 0.073 seconds
[2026-01-07T12:08:36.733+0530] {processor.py:186} INFO - Started process (PID=18341) to work on /home/sneha/spotify_airflow_project/venv/lib/python3.12/site-packages/airflow/example_dags/example_workday_timetable.py
[2026-01-07T12:08:36.735+0530] {processor.py:914} INFO - Processing file /home/sneha/spotify_airflow_project/venv/lib/python3.12/site-packages/airflow/example_dags/example_workday_timetable.py for tasks to queue
[2026-01-07T12:08:36.736+0530] {logging_mixin.py:190} INFO - [2026-01-07T12:08:36.736+0530] {dagbag.py:588} INFO - Filling up the DagBag from /home/sneha/spotify_airflow_project/venv/lib/python3.12/site-packages/airflow/example_dags/example_workday_timetable.py
[2026-01-07T12:08:36.740+0530] {processor.py:925} INFO - DAG(s) 'example_workday_timetable' retrieved from /home/sneha/spotify_airflow_project/venv/lib/python3.12/site-packages/airflow/example_dags/example_workday_timetable.py
[2026-01-07T12:08:36.757+0530] {logging_mixin.py:190} INFO - [2026-01-07T12:08:36.757+0530] {dag.py:3239} INFO - Sync 1 DAGs
[2026-01-07T12:08:36.775+0530] {logging_mixin.py:190} INFO - [2026-01-07T12:08:36.775+0530] {dag.py:4180} INFO - Setting next_dagrun for example_workday_timetable to 2021-01-01 00:00:00+00:00, run_after=2021-01-02 00:00:00+00:00
[2026-01-07T12:08:36.792+0530] {processor.py:208} INFO - Processing /home/sneha/spotify_airflow_project/venv/lib/python3.12/site-packages/airflow/example_dags/example_workday_timetable.py took 0.071 seconds
[2026-01-07T12:09:28.513+0530] {processor.py:186} INFO - Started process (PID=18398) to work on /home/sneha/spotify_airflow_project/venv/lib/python3.12/site-packages/airflow/example_dags/example_workday_timetable.py
[2026-01-07T12:09:28.514+0530] {processor.py:914} INFO - Processing file /home/sneha/spotify_airflow_project/venv/lib/python3.12/site-packages/airflow/example_dags/example_workday_timetable.py for tasks to queue
[2026-01-07T12:09:28.515+0530] {logging_mixin.py:190} INFO - [2026-01-07T12:09:28.515+0530] {dagbag.py:588} INFO - Filling up the DagBag from /home/sneha/spotify_airflow_project/venv/lib/python3.12/site-packages/airflow/example_dags/example_workday_timetable.py
[2026-01-07T12:09:28.519+0530] {processor.py:925} INFO - DAG(s) 'example_workday_timetable' retrieved from /home/sneha/spotify_airflow_project/venv/lib/python3.12/site-packages/airflow/example_dags/example_workday_timetable.py
[2026-01-07T12:09:28.536+0530] {logging_mixin.py:190} INFO - [2026-01-07T12:09:28.536+0530] {dag.py:3239} INFO - Sync 1 DAGs
[2026-01-07T12:09:28.554+0530] {logging_mixin.py:190} INFO - [2026-01-07T12:09:28.553+0530] {dag.py:4180} INFO - Setting next_dagrun for example_workday_timetable to 2021-01-01 00:00:00+00:00, run_after=2021-01-02 00:00:00+00:00
[2026-01-07T12:09:28.571+0530] {processor.py:208} INFO - Processing /home/sneha/spotify_airflow_project/venv/lib/python3.12/site-packages/airflow/example_dags/example_workday_timetable.py took 0.069 seconds
[2026-01-07T12:10:20.265+0530] {processor.py:186} INFO - Started process (PID=18498) to work on /home/sneha/spotify_airflow_project/venv/lib/python3.12/site-packages/airflow/example_dags/example_workday_timetable.py
[2026-01-07T12:10:20.266+0530] {processor.py:914} INFO - Processing file /home/sneha/spotify_airflow_project/venv/lib/python3.12/site-packages/airflow/example_dags/example_workday_timetable.py for tasks to queue
[2026-01-07T12:10:20.268+0530] {logging_mixin.py:190} INFO - [2026-01-07T12:10:20.267+0530] {dagbag.py:588} INFO - Filling up the DagBag from /home/sneha/spotify_airflow_project/venv/lib/python3.12/site-packages/airflow/example_dags/example_workday_timetable.py
[2026-01-07T12:10:20.272+0530] {processor.py:925} INFO - DAG(s) 'example_workday_timetable' retrieved from /home/sneha/spotify_airflow_project/venv/lib/python3.12/site-packages/airflow/example_dags/example_workday_timetable.py
[2026-01-07T12:10:20.288+0530] {logging_mixin.py:190} INFO - [2026-01-07T12:10:20.288+0530] {dag.py:3239} INFO - Sync 1 DAGs
[2026-01-07T12:10:20.306+0530] {logging_mixin.py:190} INFO - [2026-01-07T12:10:20.306+0530] {dag.py:4180} INFO - Setting next_dagrun for example_workday_timetable to 2021-01-01 00:00:00+00:00, run_after=2021-01-02 00:00:00+00:00
[2026-01-07T12:10:20.325+0530] {processor.py:208} INFO - Processing /home/sneha/spotify_airflow_project/venv/lib/python3.12/site-packages/airflow/example_dags/example_workday_timetable.py took 0.070 seconds
[2026-01-07T12:11:14.306+0530] {processor.py:186} INFO - Started process (PID=18571) to work on /home/sneha/spotify_airflow_project/venv/lib/python3.12/site-packages/airflow/example_dags/example_workday_timetable.py
[2026-01-07T12:11:14.307+0530] {processor.py:914} INFO - Processing file /home/sneha/spotify_airflow_project/venv/lib/python3.12/site-packages/airflow/example_dags/example_workday_timetable.py for tasks to queue
[2026-01-07T12:11:14.309+0530] {logging_mixin.py:190} INFO - [2026-01-07T12:11:14.308+0530] {dagbag.py:588} INFO - Filling up the DagBag from /home/sneha/spotify_airflow_project/venv/lib/python3.12/site-packages/airflow/example_dags/example_workday_timetable.py
[2026-01-07T12:11:14.312+0530] {processor.py:925} INFO - DAG(s) 'example_workday_timetable' retrieved from /home/sneha/spotify_airflow_project/venv/lib/python3.12/site-packages/airflow/example_dags/example_workday_timetable.py
[2026-01-07T12:11:14.328+0530] {logging_mixin.py:190} INFO - [2026-01-07T12:11:14.328+0530] {dag.py:3239} INFO - Sync 1 DAGs
[2026-01-07T12:11:14.346+0530] {logging_mixin.py:190} INFO - [2026-01-07T12:11:14.345+0530] {dag.py:4180} INFO - Setting next_dagrun for example_workday_timetable to 2021-01-01 00:00:00+00:00, run_after=2021-01-02 00:00:00+00:00
[2026-01-07T12:11:14.365+0530] {processor.py:208} INFO - Processing /home/sneha/spotify_airflow_project/venv/lib/python3.12/site-packages/airflow/example_dags/example_workday_timetable.py took 0.070 seconds
[2026-01-07T12:12:07.039+0530] {processor.py:186} INFO - Started process (PID=18629) to work on /home/sneha/spotify_airflow_project/venv/lib/python3.12/site-packages/airflow/example_dags/example_workday_timetable.py
[2026-01-07T12:12:07.050+0530] {processor.py:914} INFO - Processing file /home/sneha/spotify_airflow_project/venv/lib/python3.12/site-packages/airflow/example_dags/example_workday_timetable.py for tasks to queue
[2026-01-07T12:12:07.052+0530] {logging_mixin.py:190} INFO - [2026-01-07T12:12:07.051+0530] {dagbag.py:588} INFO - Filling up the DagBag from /home/sneha/spotify_airflow_project/venv/lib/python3.12/site-packages/airflow/example_dags/example_workday_timetable.py
[2026-01-07T12:12:07.057+0530] {processor.py:925} INFO - DAG(s) 'example_workday_timetable' retrieved from /home/sneha/spotify_airflow_project/venv/lib/python3.12/site-packages/airflow/example_dags/example_workday_timetable.py
[2026-01-07T12:12:07.073+0530] {logging_mixin.py:190} INFO - [2026-01-07T12:12:07.073+0530] {dag.py:3239} INFO - Sync 1 DAGs
[2026-01-07T12:12:07.090+0530] {logging_mixin.py:190} INFO - [2026-01-07T12:12:07.090+0530] {dag.py:4180} INFO - Setting next_dagrun for example_workday_timetable to 2021-01-01 00:00:00+00:00, run_after=2021-01-02 00:00:00+00:00
[2026-01-07T12:12:07.107+0530] {processor.py:208} INFO - Processing /home/sneha/spotify_airflow_project/venv/lib/python3.12/site-packages/airflow/example_dags/example_workday_timetable.py took 0.080 seconds
[2026-01-07T12:13:00.107+0530] {processor.py:186} INFO - Started process (PID=18687) to work on /home/sneha/spotify_airflow_project/venv/lib/python3.12/site-packages/airflow/example_dags/example_workday_timetable.py
[2026-01-07T12:13:00.118+0530] {processor.py:914} INFO - Processing file /home/sneha/spotify_airflow_project/venv/lib/python3.12/site-packages/airflow/example_dags/example_workday_timetable.py for tasks to queue
[2026-01-07T12:13:00.119+0530] {logging_mixin.py:190} INFO - [2026-01-07T12:13:00.119+0530] {dagbag.py:588} INFO - Filling up the DagBag from /home/sneha/spotify_airflow_project/venv/lib/python3.12/site-packages/airflow/example_dags/example_workday_timetable.py
[2026-01-07T12:13:00.124+0530] {processor.py:925} INFO - DAG(s) 'example_workday_timetable' retrieved from /home/sneha/spotify_airflow_project/venv/lib/python3.12/site-packages/airflow/example_dags/example_workday_timetable.py
[2026-01-07T12:13:00.141+0530] {logging_mixin.py:190} INFO - [2026-01-07T12:13:00.140+0530] {dag.py:3239} INFO - Sync 1 DAGs
[2026-01-07T12:13:00.159+0530] {logging_mixin.py:190} INFO - [2026-01-07T12:13:00.158+0530] {dag.py:4180} INFO - Setting next_dagrun for example_workday_timetable to 2021-01-01 00:00:00+00:00, run_after=2021-01-02 00:00:00+00:00
[2026-01-07T12:13:00.176+0530] {processor.py:208} INFO - Processing /home/sneha/spotify_airflow_project/venv/lib/python3.12/site-packages/airflow/example_dags/example_workday_timetable.py took 0.080 seconds
[2026-01-07T12:13:53.392+0530] {processor.py:186} INFO - Started process (PID=18840) to work on /home/sneha/spotify_airflow_project/venv/lib/python3.12/site-packages/airflow/example_dags/example_workday_timetable.py
[2026-01-07T12:13:53.393+0530] {processor.py:914} INFO - Processing file /home/sneha/spotify_airflow_project/venv/lib/python3.12/site-packages/airflow/example_dags/example_workday_timetable.py for tasks to queue
[2026-01-07T12:13:53.395+0530] {logging_mixin.py:190} INFO - [2026-01-07T12:13:53.394+0530] {dagbag.py:588} INFO - Filling up the DagBag from /home/sneha/spotify_airflow_project/venv/lib/python3.12/site-packages/airflow/example_dags/example_workday_timetable.py
[2026-01-07T12:13:53.399+0530] {processor.py:925} INFO - DAG(s) 'example_workday_timetable' retrieved from /home/sneha/spotify_airflow_project/venv/lib/python3.12/site-packages/airflow/example_dags/example_workday_timetable.py
[2026-01-07T12:13:53.417+0530] {logging_mixin.py:190} INFO - [2026-01-07T12:13:53.416+0530] {dag.py:3239} INFO - Sync 1 DAGs
[2026-01-07T12:13:53.436+0530] {logging_mixin.py:190} INFO - [2026-01-07T12:13:53.436+0530] {dag.py:4180} INFO - Setting next_dagrun for example_workday_timetable to 2021-01-01 00:00:00+00:00, run_after=2021-01-02 00:00:00+00:00
[2026-01-07T12:13:53.454+0530] {processor.py:208} INFO - Processing /home/sneha/spotify_airflow_project/venv/lib/python3.12/site-packages/airflow/example_dags/example_workday_timetable.py took 0.074 seconds
[2026-01-07T12:14:48.638+0530] {processor.py:186} INFO - Started process (PID=18918) to work on /home/sneha/spotify_airflow_project/venv/lib/python3.12/site-packages/airflow/example_dags/example_workday_timetable.py
[2026-01-07T12:14:48.648+0530] {processor.py:914} INFO - Processing file /home/sneha/spotify_airflow_project/venv/lib/python3.12/site-packages/airflow/example_dags/example_workday_timetable.py for tasks to queue
[2026-01-07T12:14:48.651+0530] {logging_mixin.py:190} INFO - [2026-01-07T12:14:48.650+0530] {dagbag.py:588} INFO - Filling up the DagBag from /home/sneha/spotify_airflow_project/venv/lib/python3.12/site-packages/airflow/example_dags/example_workday_timetable.py
[2026-01-07T12:14:48.657+0530] {processor.py:925} INFO - DAG(s) 'example_workday_timetable' retrieved from /home/sneha/spotify_airflow_project/venv/lib/python3.12/site-packages/airflow/example_dags/example_workday_timetable.py
[2026-01-07T12:14:48.675+0530] {logging_mixin.py:190} INFO - [2026-01-07T12:14:48.674+0530] {dag.py:3239} INFO - Sync 1 DAGs
[2026-01-07T12:14:48.693+0530] {logging_mixin.py:190} INFO - [2026-01-07T12:14:48.692+0530] {dag.py:4180} INFO - Setting next_dagrun for example_workday_timetable to 2021-01-01 00:00:00+00:00, run_after=2021-01-02 00:00:00+00:00
[2026-01-07T12:14:48.710+0530] {processor.py:208} INFO - Processing /home/sneha/spotify_airflow_project/venv/lib/python3.12/site-packages/airflow/example_dags/example_workday_timetable.py took 0.081 seconds
[2026-01-07T12:15:41.159+0530] {processor.py:186} INFO - Started process (PID=18997) to work on /home/sneha/spotify_airflow_project/venv/lib/python3.12/site-packages/airflow/example_dags/example_workday_timetable.py
[2026-01-07T12:15:41.160+0530] {processor.py:914} INFO - Processing file /home/sneha/spotify_airflow_project/venv/lib/python3.12/site-packages/airflow/example_dags/example_workday_timetable.py for tasks to queue
[2026-01-07T12:15:41.162+0530] {logging_mixin.py:190} INFO - [2026-01-07T12:15:41.161+0530] {dagbag.py:588} INFO - Filling up the DagBag from /home/sneha/spotify_airflow_project/venv/lib/python3.12/site-packages/airflow/example_dags/example_workday_timetable.py
[2026-01-07T12:15:41.167+0530] {processor.py:925} INFO - DAG(s) 'example_workday_timetable' retrieved from /home/sneha/spotify_airflow_project/venv/lib/python3.12/site-packages/airflow/example_dags/example_workday_timetable.py
[2026-01-07T12:15:41.183+0530] {logging_mixin.py:190} INFO - [2026-01-07T12:15:41.183+0530] {dag.py:3239} INFO - Sync 1 DAGs
[2026-01-07T12:15:41.201+0530] {logging_mixin.py:190} INFO - [2026-01-07T12:15:41.200+0530] {dag.py:4180} INFO - Setting next_dagrun for example_workday_timetable to 2021-01-01 00:00:00+00:00, run_after=2021-01-02 00:00:00+00:00
[2026-01-07T12:15:41.222+0530] {processor.py:208} INFO - Processing /home/sneha/spotify_airflow_project/venv/lib/python3.12/site-packages/airflow/example_dags/example_workday_timetable.py took 0.077 seconds
[2026-01-07T12:16:36.205+0530] {processor.py:186} INFO - Started process (PID=19056) to work on /home/sneha/spotify_airflow_project/venv/lib/python3.12/site-packages/airflow/example_dags/example_workday_timetable.py
[2026-01-07T12:16:36.206+0530] {processor.py:914} INFO - Processing file /home/sneha/spotify_airflow_project/venv/lib/python3.12/site-packages/airflow/example_dags/example_workday_timetable.py for tasks to queue
[2026-01-07T12:16:36.208+0530] {logging_mixin.py:190} INFO - [2026-01-07T12:16:36.207+0530] {dagbag.py:588} INFO - Filling up the DagBag from /home/sneha/spotify_airflow_project/venv/lib/python3.12/site-packages/airflow/example_dags/example_workday_timetable.py
[2026-01-07T12:16:36.212+0530] {processor.py:925} INFO - DAG(s) 'example_workday_timetable' retrieved from /home/sneha/spotify_airflow_project/venv/lib/python3.12/site-packages/airflow/example_dags/example_workday_timetable.py
[2026-01-07T12:16:36.228+0530] {logging_mixin.py:190} INFO - [2026-01-07T12:16:36.228+0530] {dag.py:3239} INFO - Sync 1 DAGs
[2026-01-07T12:16:36.247+0530] {logging_mixin.py:190} INFO - [2026-01-07T12:16:36.247+0530] {dag.py:4180} INFO - Setting next_dagrun for example_workday_timetable to 2021-01-01 00:00:00+00:00, run_after=2021-01-02 00:00:00+00:00
[2026-01-07T12:16:36.266+0530] {processor.py:208} INFO - Processing /home/sneha/spotify_airflow_project/venv/lib/python3.12/site-packages/airflow/example_dags/example_workday_timetable.py took 0.074 seconds
[2026-01-07T12:17:32.533+0530] {processor.py:186} INFO - Started process (PID=19118) to work on /home/sneha/spotify_airflow_project/venv/lib/python3.12/site-packages/airflow/example_dags/example_workday_timetable.py
[2026-01-07T12:17:32.534+0530] {processor.py:914} INFO - Processing file /home/sneha/spotify_airflow_project/venv/lib/python3.12/site-packages/airflow/example_dags/example_workday_timetable.py for tasks to queue
[2026-01-07T12:17:32.535+0530] {logging_mixin.py:190} INFO - [2026-01-07T12:17:32.535+0530] {dagbag.py:588} INFO - Filling up the DagBag from /home/sneha/spotify_airflow_project/venv/lib/python3.12/site-packages/airflow/example_dags/example_workday_timetable.py
[2026-01-07T12:17:32.539+0530] {processor.py:925} INFO - DAG(s) 'example_workday_timetable' retrieved from /home/sneha/spotify_airflow_project/venv/lib/python3.12/site-packages/airflow/example_dags/example_workday_timetable.py
[2026-01-07T12:17:32.557+0530] {logging_mixin.py:190} INFO - [2026-01-07T12:17:32.557+0530] {dag.py:3239} INFO - Sync 1 DAGs
[2026-01-07T12:17:32.576+0530] {logging_mixin.py:190} INFO - [2026-01-07T12:17:32.576+0530] {dag.py:4180} INFO - Setting next_dagrun for example_workday_timetable to 2021-01-01 00:00:00+00:00, run_after=2021-01-02 00:00:00+00:00
[2026-01-07T12:17:32.593+0530] {processor.py:208} INFO - Processing /home/sneha/spotify_airflow_project/venv/lib/python3.12/site-packages/airflow/example_dags/example_workday_timetable.py took 0.072 seconds
[2026-01-07T12:18:28.154+0530] {processor.py:186} INFO - Started process (PID=19180) to work on /home/sneha/spotify_airflow_project/venv/lib/python3.12/site-packages/airflow/example_dags/example_workday_timetable.py
[2026-01-07T12:18:28.165+0530] {processor.py:914} INFO - Processing file /home/sneha/spotify_airflow_project/venv/lib/python3.12/site-packages/airflow/example_dags/example_workday_timetable.py for tasks to queue
[2026-01-07T12:18:28.167+0530] {logging_mixin.py:190} INFO - [2026-01-07T12:18:28.166+0530] {dagbag.py:588} INFO - Filling up the DagBag from /home/sneha/spotify_airflow_project/venv/lib/python3.12/site-packages/airflow/example_dags/example_workday_timetable.py
[2026-01-07T12:18:28.172+0530] {processor.py:925} INFO - DAG(s) 'example_workday_timetable' retrieved from /home/sneha/spotify_airflow_project/venv/lib/python3.12/site-packages/airflow/example_dags/example_workday_timetable.py
[2026-01-07T12:18:28.189+0530] {logging_mixin.py:190} INFO - [2026-01-07T12:18:28.189+0530] {dag.py:3239} INFO - Sync 1 DAGs
[2026-01-07T12:18:28.206+0530] {logging_mixin.py:190} INFO - [2026-01-07T12:18:28.206+0530] {dag.py:4180} INFO - Setting next_dagrun for example_workday_timetable to 2021-01-01 00:00:00+00:00, run_after=2021-01-02 00:00:00+00:00
[2026-01-07T12:18:28.226+0530] {processor.py:208} INFO - Processing /home/sneha/spotify_airflow_project/venv/lib/python3.12/site-packages/airflow/example_dags/example_workday_timetable.py took 0.084 seconds
[2026-01-07T12:19:26.333+0530] {processor.py:186} INFO - Started process (PID=19317) to work on /home/sneha/spotify_airflow_project/venv/lib/python3.12/site-packages/airflow/example_dags/example_workday_timetable.py
[2026-01-07T12:19:26.334+0530] {processor.py:914} INFO - Processing file /home/sneha/spotify_airflow_project/venv/lib/python3.12/site-packages/airflow/example_dags/example_workday_timetable.py for tasks to queue
[2026-01-07T12:19:26.335+0530] {logging_mixin.py:190} INFO - [2026-01-07T12:19:26.335+0530] {dagbag.py:588} INFO - Filling up the DagBag from /home/sneha/spotify_airflow_project/venv/lib/python3.12/site-packages/airflow/example_dags/example_workday_timetable.py
[2026-01-07T12:19:26.339+0530] {processor.py:925} INFO - DAG(s) 'example_workday_timetable' retrieved from /home/sneha/spotify_airflow_project/venv/lib/python3.12/site-packages/airflow/example_dags/example_workday_timetable.py
[2026-01-07T12:19:26.353+0530] {logging_mixin.py:190} INFO - [2026-01-07T12:19:26.353+0530] {dag.py:3239} INFO - Sync 1 DAGs
[2026-01-07T12:19:26.371+0530] {logging_mixin.py:190} INFO - [2026-01-07T12:19:26.371+0530] {dag.py:4180} INFO - Setting next_dagrun for example_workday_timetable to 2021-01-01 00:00:00+00:00, run_after=2021-01-02 00:00:00+00:00
[2026-01-07T12:19:26.388+0530] {processor.py:208} INFO - Processing /home/sneha/spotify_airflow_project/venv/lib/python3.12/site-packages/airflow/example_dags/example_workday_timetable.py took 0.064 seconds
[2026-01-07T12:20:21.536+0530] {processor.py:186} INFO - Started process (PID=19409) to work on /home/sneha/spotify_airflow_project/venv/lib/python3.12/site-packages/airflow/example_dags/example_workday_timetable.py
[2026-01-07T12:20:21.537+0530] {processor.py:914} INFO - Processing file /home/sneha/spotify_airflow_project/venv/lib/python3.12/site-packages/airflow/example_dags/example_workday_timetable.py for tasks to queue
[2026-01-07T12:20:21.539+0530] {logging_mixin.py:190} INFO - [2026-01-07T12:20:21.538+0530] {dagbag.py:588} INFO - Filling up the DagBag from /home/sneha/spotify_airflow_project/venv/lib/python3.12/site-packages/airflow/example_dags/example_workday_timetable.py
[2026-01-07T12:20:21.542+0530] {processor.py:925} INFO - DAG(s) 'example_workday_timetable' retrieved from /home/sneha/spotify_airflow_project/venv/lib/python3.12/site-packages/airflow/example_dags/example_workday_timetable.py
[2026-01-07T12:20:21.559+0530] {logging_mixin.py:190} INFO - [2026-01-07T12:20:21.559+0530] {dag.py:3239} INFO - Sync 1 DAGs
[2026-01-07T12:20:21.578+0530] {logging_mixin.py:190} INFO - [2026-01-07T12:20:21.578+0530] {dag.py:4180} INFO - Setting next_dagrun for example_workday_timetable to 2021-01-01 00:00:00+00:00, run_after=2021-01-02 00:00:00+00:00
[2026-01-07T12:20:21.598+0530] {processor.py:208} INFO - Processing /home/sneha/spotify_airflow_project/venv/lib/python3.12/site-packages/airflow/example_dags/example_workday_timetable.py took 0.076 seconds
