[2026-01-07T11:47:40.948+0530] {processor.py:186} INFO - Started process (PID=7491) to work on /home/sneha/spotify_astro_project/venv/lib/python3.12/site-packages/airflow/example_dags/example_external_task_marker_dag.py
[2026-01-07T11:47:40.949+0530] {processor.py:914} INFO - Processing file /home/sneha/spotify_astro_project/venv/lib/python3.12/site-packages/airflow/example_dags/example_external_task_marker_dag.py for tasks to queue
[2026-01-07T11:47:40.952+0530] {logging_mixin.py:190} INFO - [2026-01-07T11:47:40.951+0530] {dagbag.py:588} INFO - Filling up the DagBag from /home/sneha/spotify_astro_project/venv/lib/python3.12/site-packages/airflow/example_dags/example_external_task_marker_dag.py
[2026-01-07T11:47:40.958+0530] {processor.py:925} INFO - DAG(s) 'example_external_task_marker_child', 'example_external_task_marker_parent' retrieved from /home/sneha/spotify_astro_project/venv/lib/python3.12/site-packages/airflow/example_dags/example_external_task_marker_dag.py
[2026-01-07T11:47:41.068+0530] {logging_mixin.py:190} INFO - [2026-01-07T11:47:41.067+0530] {dag.py:3239} INFO - Sync 2 DAGs
[2026-01-07T11:47:41.079+0530] {logging_mixin.py:190} INFO - [2026-01-07T11:47:41.078+0530] {dag.py:4180} INFO - Setting next_dagrun for example_external_task_marker_child to None, run_after=None
[2026-01-07T11:47:41.081+0530] {logging_mixin.py:190} INFO - [2026-01-07T11:47:41.081+0530] {dag.py:4180} INFO - Setting next_dagrun for example_external_task_marker_parent to None, run_after=None
[2026-01-07T11:47:41.110+0530] {processor.py:208} INFO - Processing /home/sneha/spotify_astro_project/venv/lib/python3.12/site-packages/airflow/example_dags/example_external_task_marker_dag.py took 0.174 seconds
[2026-01-07T11:48:46.132+0530] {processor.py:186} INFO - Started process (PID=7947) to work on /home/sneha/spotify_astro_project/venv/lib/python3.12/site-packages/airflow/example_dags/example_external_task_marker_dag.py
[2026-01-07T11:48:46.133+0530] {processor.py:914} INFO - Processing file /home/sneha/spotify_astro_project/venv/lib/python3.12/site-packages/airflow/example_dags/example_external_task_marker_dag.py for tasks to queue
[2026-01-07T11:48:46.135+0530] {logging_mixin.py:190} INFO - [2026-01-07T11:48:46.134+0530] {dagbag.py:588} INFO - Filling up the DagBag from /home/sneha/spotify_astro_project/venv/lib/python3.12/site-packages/airflow/example_dags/example_external_task_marker_dag.py
[2026-01-07T11:48:46.140+0530] {processor.py:925} INFO - DAG(s) 'example_external_task_marker_parent', 'example_external_task_marker_child' retrieved from /home/sneha/spotify_astro_project/venv/lib/python3.12/site-packages/airflow/example_dags/example_external_task_marker_dag.py
[2026-01-07T11:48:46.161+0530] {logging_mixin.py:190} INFO - [2026-01-07T11:48:46.160+0530] {dag.py:3239} INFO - Sync 2 DAGs
[2026-01-07T11:48:46.174+0530] {logging_mixin.py:190} INFO - [2026-01-07T11:48:46.173+0530] {dag.py:4180} INFO - Setting next_dagrun for example_external_task_marker_child to None, run_after=None
[2026-01-07T11:48:46.177+0530] {logging_mixin.py:190} INFO - [2026-01-07T11:48:46.176+0530] {dag.py:4180} INFO - Setting next_dagrun for example_external_task_marker_parent to None, run_after=None
[2026-01-07T11:48:46.194+0530] {processor.py:208} INFO - Processing /home/sneha/spotify_astro_project/venv/lib/python3.12/site-packages/airflow/example_dags/example_external_task_marker_dag.py took 0.074 seconds
[2026-01-07T11:49:47.609+0530] {processor.py:186} INFO - Started process (PID=8367) to work on /home/sneha/spotify_astro_project/venv/lib/python3.12/site-packages/airflow/example_dags/example_external_task_marker_dag.py
[2026-01-07T11:49:47.610+0530] {processor.py:914} INFO - Processing file /home/sneha/spotify_astro_project/venv/lib/python3.12/site-packages/airflow/example_dags/example_external_task_marker_dag.py for tasks to queue
[2026-01-07T11:49:47.611+0530] {logging_mixin.py:190} INFO - [2026-01-07T11:49:47.611+0530] {dagbag.py:588} INFO - Filling up the DagBag from /home/sneha/spotify_astro_project/venv/lib/python3.12/site-packages/airflow/example_dags/example_external_task_marker_dag.py
[2026-01-07T11:49:47.617+0530] {processor.py:925} INFO - DAG(s) 'example_external_task_marker_parent', 'example_external_task_marker_child' retrieved from /home/sneha/spotify_astro_project/venv/lib/python3.12/site-packages/airflow/example_dags/example_external_task_marker_dag.py
[2026-01-07T11:49:47.638+0530] {logging_mixin.py:190} INFO - [2026-01-07T11:49:47.638+0530] {dag.py:3239} INFO - Sync 2 DAGs
[2026-01-07T11:49:47.652+0530] {logging_mixin.py:190} INFO - [2026-01-07T11:49:47.651+0530] {dag.py:4180} INFO - Setting next_dagrun for example_external_task_marker_child to None, run_after=None
[2026-01-07T11:49:47.655+0530] {logging_mixin.py:190} INFO - [2026-01-07T11:49:47.654+0530] {dag.py:4180} INFO - Setting next_dagrun for example_external_task_marker_parent to None, run_after=None
[2026-01-07T11:49:47.796+0530] {processor.py:208} INFO - Processing /home/sneha/spotify_astro_project/venv/lib/python3.12/site-packages/airflow/example_dags/example_external_task_marker_dag.py took 0.195 seconds
[2026-01-07T11:51:04.786+0530] {processor.py:186} INFO - Started process (PID=9031) to work on /home/sneha/spotify_astro_project/venv/lib/python3.12/site-packages/airflow/example_dags/example_external_task_marker_dag.py
[2026-01-07T11:51:04.787+0530] {processor.py:914} INFO - Processing file /home/sneha/spotify_astro_project/venv/lib/python3.12/site-packages/airflow/example_dags/example_external_task_marker_dag.py for tasks to queue
[2026-01-07T11:51:04.789+0530] {logging_mixin.py:190} INFO - [2026-01-07T11:51:04.788+0530] {dagbag.py:588} INFO - Filling up the DagBag from /home/sneha/spotify_astro_project/venv/lib/python3.12/site-packages/airflow/example_dags/example_external_task_marker_dag.py
[2026-01-07T11:51:04.795+0530] {processor.py:925} INFO - DAG(s) 'example_external_task_marker_child', 'example_external_task_marker_parent' retrieved from /home/sneha/spotify_astro_project/venv/lib/python3.12/site-packages/airflow/example_dags/example_external_task_marker_dag.py
[2026-01-07T11:51:04.814+0530] {logging_mixin.py:190} INFO - [2026-01-07T11:51:04.814+0530] {dag.py:3239} INFO - Sync 2 DAGs
[2026-01-07T11:51:04.826+0530] {logging_mixin.py:190} INFO - [2026-01-07T11:51:04.826+0530] {dag.py:4180} INFO - Setting next_dagrun for example_external_task_marker_child to None, run_after=None
[2026-01-07T11:51:04.829+0530] {logging_mixin.py:190} INFO - [2026-01-07T11:51:04.829+0530] {dag.py:4180} INFO - Setting next_dagrun for example_external_task_marker_parent to None, run_after=None
[2026-01-07T11:51:04.846+0530] {processor.py:208} INFO - Processing /home/sneha/spotify_astro_project/venv/lib/python3.12/site-packages/airflow/example_dags/example_external_task_marker_dag.py took 0.072 seconds
[2026-01-07T11:57:43.387+0530] {processor.py:186} INFO - Started process (PID=17087) to work on /home/sneha/spotify_airflow_project/venv/lib/python3.12/site-packages/airflow/example_dags/example_external_task_marker_dag.py
[2026-01-07T11:57:43.389+0530] {processor.py:914} INFO - Processing file /home/sneha/spotify_airflow_project/venv/lib/python3.12/site-packages/airflow/example_dags/example_external_task_marker_dag.py for tasks to queue
[2026-01-07T11:57:43.390+0530] {logging_mixin.py:190} INFO - [2026-01-07T11:57:43.390+0530] {dagbag.py:588} INFO - Filling up the DagBag from /home/sneha/spotify_airflow_project/venv/lib/python3.12/site-packages/airflow/example_dags/example_external_task_marker_dag.py
[2026-01-07T11:57:43.397+0530] {processor.py:925} INFO - DAG(s) 'example_external_task_marker_parent', 'example_external_task_marker_child' retrieved from /home/sneha/spotify_airflow_project/venv/lib/python3.12/site-packages/airflow/example_dags/example_external_task_marker_dag.py
[2026-01-07T11:57:43.513+0530] {logging_mixin.py:190} INFO - [2026-01-07T11:57:43.512+0530] {dag.py:3239} INFO - Sync 2 DAGs
[2026-01-07T11:57:43.523+0530] {logging_mixin.py:190} INFO - [2026-01-07T11:57:43.522+0530] {dag.py:4180} INFO - Setting next_dagrun for example_external_task_marker_child to None, run_after=None
[2026-01-07T11:57:43.525+0530] {logging_mixin.py:190} INFO - [2026-01-07T11:57:43.525+0530] {dag.py:4180} INFO - Setting next_dagrun for example_external_task_marker_parent to None, run_after=None
[2026-01-07T11:57:43.546+0530] {processor.py:208} INFO - Processing /home/sneha/spotify_airflow_project/venv/lib/python3.12/site-packages/airflow/example_dags/example_external_task_marker_dag.py took 0.172 seconds
[2026-01-07T11:58:42.963+0530] {processor.py:186} INFO - Started process (PID=17225) to work on /home/sneha/spotify_airflow_project/venv/lib/python3.12/site-packages/airflow/example_dags/example_external_task_marker_dag.py
[2026-01-07T11:58:42.964+0530] {processor.py:914} INFO - Processing file /home/sneha/spotify_airflow_project/venv/lib/python3.12/site-packages/airflow/example_dags/example_external_task_marker_dag.py for tasks to queue
[2026-01-07T11:58:42.965+0530] {logging_mixin.py:190} INFO - [2026-01-07T11:58:42.964+0530] {dagbag.py:588} INFO - Filling up the DagBag from /home/sneha/spotify_airflow_project/venv/lib/python3.12/site-packages/airflow/example_dags/example_external_task_marker_dag.py
[2026-01-07T11:58:42.970+0530] {processor.py:925} INFO - DAG(s) 'example_external_task_marker_child', 'example_external_task_marker_parent' retrieved from /home/sneha/spotify_airflow_project/venv/lib/python3.12/site-packages/airflow/example_dags/example_external_task_marker_dag.py
[2026-01-07T11:58:42.990+0530] {logging_mixin.py:190} INFO - [2026-01-07T11:58:42.990+0530] {dag.py:3239} INFO - Sync 2 DAGs
[2026-01-07T11:58:43.001+0530] {logging_mixin.py:190} INFO - [2026-01-07T11:58:43.001+0530] {dag.py:4180} INFO - Setting next_dagrun for example_external_task_marker_child to None, run_after=None
[2026-01-07T11:58:43.005+0530] {logging_mixin.py:190} INFO - [2026-01-07T11:58:43.005+0530] {dag.py:4180} INFO - Setting next_dagrun for example_external_task_marker_parent to None, run_after=None
[2026-01-07T11:58:43.021+0530] {processor.py:208} INFO - Processing /home/sneha/spotify_airflow_project/venv/lib/python3.12/site-packages/airflow/example_dags/example_external_task_marker_dag.py took 0.068 seconds
[2026-01-07T11:59:38.793+0530] {processor.py:186} INFO - Started process (PID=17286) to work on /home/sneha/spotify_airflow_project/venv/lib/python3.12/site-packages/airflow/example_dags/example_external_task_marker_dag.py
[2026-01-07T11:59:38.795+0530] {processor.py:914} INFO - Processing file /home/sneha/spotify_airflow_project/venv/lib/python3.12/site-packages/airflow/example_dags/example_external_task_marker_dag.py for tasks to queue
[2026-01-07T11:59:38.796+0530] {logging_mixin.py:190} INFO - [2026-01-07T11:59:38.796+0530] {dagbag.py:588} INFO - Filling up the DagBag from /home/sneha/spotify_airflow_project/venv/lib/python3.12/site-packages/airflow/example_dags/example_external_task_marker_dag.py
[2026-01-07T11:59:38.801+0530] {processor.py:925} INFO - DAG(s) 'example_external_task_marker_parent', 'example_external_task_marker_child' retrieved from /home/sneha/spotify_airflow_project/venv/lib/python3.12/site-packages/airflow/example_dags/example_external_task_marker_dag.py
[2026-01-07T11:59:38.821+0530] {logging_mixin.py:190} INFO - [2026-01-07T11:59:38.820+0530] {dag.py:3239} INFO - Sync 2 DAGs
[2026-01-07T11:59:38.832+0530] {logging_mixin.py:190} INFO - [2026-01-07T11:59:38.832+0530] {dag.py:4180} INFO - Setting next_dagrun for example_external_task_marker_child to None, run_after=None
[2026-01-07T11:59:38.835+0530] {logging_mixin.py:190} INFO - [2026-01-07T11:59:38.835+0530] {dag.py:4180} INFO - Setting next_dagrun for example_external_task_marker_parent to None, run_after=None
[2026-01-07T11:59:38.851+0530] {processor.py:208} INFO - Processing /home/sneha/spotify_airflow_project/venv/lib/python3.12/site-packages/airflow/example_dags/example_external_task_marker_dag.py took 0.069 seconds
[2026-01-07T12:00:46.458+0530] {processor.py:186} INFO - Started process (PID=17428) to work on /home/sneha/spotify_airflow_project/venv/lib/python3.12/site-packages/airflow/example_dags/example_external_task_marker_dag.py
[2026-01-07T12:00:46.460+0530] {processor.py:914} INFO - Processing file /home/sneha/spotify_airflow_project/venv/lib/python3.12/site-packages/airflow/example_dags/example_external_task_marker_dag.py for tasks to queue
[2026-01-07T12:00:46.461+0530] {logging_mixin.py:190} INFO - [2026-01-07T12:00:46.460+0530] {dagbag.py:588} INFO - Filling up the DagBag from /home/sneha/spotify_airflow_project/venv/lib/python3.12/site-packages/airflow/example_dags/example_external_task_marker_dag.py
[2026-01-07T12:00:46.466+0530] {processor.py:925} INFO - DAG(s) 'example_external_task_marker_parent', 'example_external_task_marker_child' retrieved from /home/sneha/spotify_airflow_project/venv/lib/python3.12/site-packages/airflow/example_dags/example_external_task_marker_dag.py
[2026-01-07T12:00:46.620+0530] {logging_mixin.py:190} INFO - [2026-01-07T12:00:46.619+0530] {dag.py:3239} INFO - Sync 2 DAGs
[2026-01-07T12:00:46.630+0530] {logging_mixin.py:190} INFO - [2026-01-07T12:00:46.629+0530] {dag.py:4180} INFO - Setting next_dagrun for example_external_task_marker_child to None, run_after=None
[2026-01-07T12:00:46.632+0530] {logging_mixin.py:190} INFO - [2026-01-07T12:00:46.632+0530] {dag.py:4180} INFO - Setting next_dagrun for example_external_task_marker_parent to None, run_after=None
[2026-01-07T12:00:46.647+0530] {processor.py:208} INFO - Processing /home/sneha/spotify_airflow_project/venv/lib/python3.12/site-packages/airflow/example_dags/example_external_task_marker_dag.py took 0.195 seconds
[2026-01-07T12:01:45.286+0530] {processor.py:186} INFO - Started process (PID=17608) to work on /home/sneha/spotify_airflow_project/venv/lib/python3.12/site-packages/airflow/example_dags/example_external_task_marker_dag.py
[2026-01-07T12:01:45.288+0530] {processor.py:914} INFO - Processing file /home/sneha/spotify_airflow_project/venv/lib/python3.12/site-packages/airflow/example_dags/example_external_task_marker_dag.py for tasks to queue
[2026-01-07T12:01:45.290+0530] {logging_mixin.py:190} INFO - [2026-01-07T12:01:45.289+0530] {dagbag.py:588} INFO - Filling up the DagBag from /home/sneha/spotify_airflow_project/venv/lib/python3.12/site-packages/airflow/example_dags/example_external_task_marker_dag.py
[2026-01-07T12:01:45.298+0530] {processor.py:925} INFO - DAG(s) 'example_external_task_marker_child', 'example_external_task_marker_parent' retrieved from /home/sneha/spotify_airflow_project/venv/lib/python3.12/site-packages/airflow/example_dags/example_external_task_marker_dag.py
[2026-01-07T12:01:45.318+0530] {logging_mixin.py:190} INFO - [2026-01-07T12:01:45.318+0530] {dag.py:3239} INFO - Sync 2 DAGs
[2026-01-07T12:01:45.330+0530] {logging_mixin.py:190} INFO - [2026-01-07T12:01:45.330+0530] {dag.py:4180} INFO - Setting next_dagrun for example_external_task_marker_child to None, run_after=None
[2026-01-07T12:01:45.333+0530] {logging_mixin.py:190} INFO - [2026-01-07T12:01:45.333+0530] {dag.py:4180} INFO - Setting next_dagrun for example_external_task_marker_parent to None, run_after=None
[2026-01-07T12:01:45.352+0530] {processor.py:208} INFO - Processing /home/sneha/spotify_airflow_project/venv/lib/python3.12/site-packages/airflow/example_dags/example_external_task_marker_dag.py took 0.075 seconds
[2026-01-07T12:02:41.553+0530] {processor.py:186} INFO - Started process (PID=17676) to work on /home/sneha/spotify_airflow_project/venv/lib/python3.12/site-packages/airflow/example_dags/example_external_task_marker_dag.py
[2026-01-07T12:02:41.554+0530] {processor.py:914} INFO - Processing file /home/sneha/spotify_airflow_project/venv/lib/python3.12/site-packages/airflow/example_dags/example_external_task_marker_dag.py for tasks to queue
[2026-01-07T12:02:41.556+0530] {logging_mixin.py:190} INFO - [2026-01-07T12:02:41.555+0530] {dagbag.py:588} INFO - Filling up the DagBag from /home/sneha/spotify_airflow_project/venv/lib/python3.12/site-packages/airflow/example_dags/example_external_task_marker_dag.py
[2026-01-07T12:02:41.561+0530] {processor.py:925} INFO - DAG(s) 'example_external_task_marker_parent', 'example_external_task_marker_child' retrieved from /home/sneha/spotify_airflow_project/venv/lib/python3.12/site-packages/airflow/example_dags/example_external_task_marker_dag.py
[2026-01-07T12:02:41.585+0530] {logging_mixin.py:190} INFO - [2026-01-07T12:02:41.585+0530] {dag.py:3239} INFO - Sync 2 DAGs
[2026-01-07T12:02:41.600+0530] {logging_mixin.py:190} INFO - [2026-01-07T12:02:41.599+0530] {dag.py:4180} INFO - Setting next_dagrun for example_external_task_marker_child to None, run_after=None
[2026-01-07T12:02:41.603+0530] {logging_mixin.py:190} INFO - [2026-01-07T12:02:41.602+0530] {dag.py:4180} INFO - Setting next_dagrun for example_external_task_marker_parent to None, run_after=None
[2026-01-07T12:02:41.621+0530] {processor.py:208} INFO - Processing /home/sneha/spotify_airflow_project/venv/lib/python3.12/site-packages/airflow/example_dags/example_external_task_marker_dag.py took 0.077 seconds
[2026-01-07T12:03:39.979+0530] {processor.py:186} INFO - Started process (PID=17737) to work on /home/sneha/spotify_airflow_project/venv/lib/python3.12/site-packages/airflow/example_dags/example_external_task_marker_dag.py
[2026-01-07T12:03:39.981+0530] {processor.py:914} INFO - Processing file /home/sneha/spotify_airflow_project/venv/lib/python3.12/site-packages/airflow/example_dags/example_external_task_marker_dag.py for tasks to queue
[2026-01-07T12:03:39.982+0530] {logging_mixin.py:190} INFO - [2026-01-07T12:03:39.982+0530] {dagbag.py:588} INFO - Filling up the DagBag from /home/sneha/spotify_airflow_project/venv/lib/python3.12/site-packages/airflow/example_dags/example_external_task_marker_dag.py
[2026-01-07T12:03:39.988+0530] {processor.py:925} INFO - DAG(s) 'example_external_task_marker_child', 'example_external_task_marker_parent' retrieved from /home/sneha/spotify_airflow_project/venv/lib/python3.12/site-packages/airflow/example_dags/example_external_task_marker_dag.py
[2026-01-07T12:03:40.008+0530] {logging_mixin.py:190} INFO - [2026-01-07T12:03:40.007+0530] {dag.py:3239} INFO - Sync 2 DAGs
[2026-01-07T12:03:40.020+0530] {logging_mixin.py:190} INFO - [2026-01-07T12:03:40.020+0530] {dag.py:4180} INFO - Setting next_dagrun for example_external_task_marker_child to None, run_after=None
[2026-01-07T12:03:40.023+0530] {logging_mixin.py:190} INFO - [2026-01-07T12:03:40.023+0530] {dag.py:4180} INFO - Setting next_dagrun for example_external_task_marker_parent to None, run_after=None
[2026-01-07T12:03:40.041+0530] {processor.py:208} INFO - Processing /home/sneha/spotify_airflow_project/venv/lib/python3.12/site-packages/airflow/example_dags/example_external_task_marker_dag.py took 0.073 seconds
[2026-01-07T12:04:34.403+0530] {processor.py:186} INFO - Started process (PID=18026) to work on /home/sneha/spotify_airflow_project/venv/lib/python3.12/site-packages/airflow/example_dags/example_external_task_marker_dag.py
[2026-01-07T12:04:34.404+0530] {processor.py:914} INFO - Processing file /home/sneha/spotify_airflow_project/venv/lib/python3.12/site-packages/airflow/example_dags/example_external_task_marker_dag.py for tasks to queue
[2026-01-07T12:04:34.406+0530] {logging_mixin.py:190} INFO - [2026-01-07T12:04:34.405+0530] {dagbag.py:588} INFO - Filling up the DagBag from /home/sneha/spotify_airflow_project/venv/lib/python3.12/site-packages/airflow/example_dags/example_external_task_marker_dag.py
[2026-01-07T12:04:34.411+0530] {processor.py:925} INFO - DAG(s) 'example_external_task_marker_parent', 'example_external_task_marker_child' retrieved from /home/sneha/spotify_airflow_project/venv/lib/python3.12/site-packages/airflow/example_dags/example_external_task_marker_dag.py
[2026-01-07T12:04:34.432+0530] {logging_mixin.py:190} INFO - [2026-01-07T12:04:34.432+0530] {dag.py:3239} INFO - Sync 2 DAGs
[2026-01-07T12:04:34.444+0530] {logging_mixin.py:190} INFO - [2026-01-07T12:04:34.444+0530] {dag.py:4180} INFO - Setting next_dagrun for example_external_task_marker_child to None, run_after=None
[2026-01-07T12:04:34.448+0530] {logging_mixin.py:190} INFO - [2026-01-07T12:04:34.447+0530] {dag.py:4180} INFO - Setting next_dagrun for example_external_task_marker_parent to None, run_after=None
[2026-01-07T12:04:34.468+0530] {processor.py:208} INFO - Processing /home/sneha/spotify_airflow_project/venv/lib/python3.12/site-packages/airflow/example_dags/example_external_task_marker_dag.py took 0.078 seconds
[2026-01-07T12:05:30.364+0530] {processor.py:186} INFO - Started process (PID=18122) to work on /home/sneha/spotify_airflow_project/venv/lib/python3.12/site-packages/airflow/example_dags/example_external_task_marker_dag.py
[2026-01-07T12:05:30.365+0530] {processor.py:914} INFO - Processing file /home/sneha/spotify_airflow_project/venv/lib/python3.12/site-packages/airflow/example_dags/example_external_task_marker_dag.py for tasks to queue
[2026-01-07T12:05:30.366+0530] {logging_mixin.py:190} INFO - [2026-01-07T12:05:30.366+0530] {dagbag.py:588} INFO - Filling up the DagBag from /home/sneha/spotify_airflow_project/venv/lib/python3.12/site-packages/airflow/example_dags/example_external_task_marker_dag.py
[2026-01-07T12:05:30.372+0530] {processor.py:925} INFO - DAG(s) 'example_external_task_marker_parent', 'example_external_task_marker_child' retrieved from /home/sneha/spotify_airflow_project/venv/lib/python3.12/site-packages/airflow/example_dags/example_external_task_marker_dag.py
[2026-01-07T12:05:30.391+0530] {logging_mixin.py:190} INFO - [2026-01-07T12:05:30.391+0530] {dag.py:3239} INFO - Sync 2 DAGs
[2026-01-07T12:05:30.404+0530] {logging_mixin.py:190} INFO - [2026-01-07T12:05:30.403+0530] {dag.py:4180} INFO - Setting next_dagrun for example_external_task_marker_child to None, run_after=None
[2026-01-07T12:05:30.406+0530] {logging_mixin.py:190} INFO - [2026-01-07T12:05:30.406+0530] {dag.py:4180} INFO - Setting next_dagrun for example_external_task_marker_parent to None, run_after=None
[2026-01-07T12:05:30.424+0530] {processor.py:208} INFO - Processing /home/sneha/spotify_airflow_project/venv/lib/python3.12/site-packages/airflow/example_dags/example_external_task_marker_dag.py took 0.073 seconds
[2026-01-07T12:06:23.339+0530] {processor.py:186} INFO - Started process (PID=18199) to work on /home/sneha/spotify_airflow_project/venv/lib/python3.12/site-packages/airflow/example_dags/example_external_task_marker_dag.py
[2026-01-07T12:06:23.340+0530] {processor.py:914} INFO - Processing file /home/sneha/spotify_airflow_project/venv/lib/python3.12/site-packages/airflow/example_dags/example_external_task_marker_dag.py for tasks to queue
[2026-01-07T12:06:23.342+0530] {logging_mixin.py:190} INFO - [2026-01-07T12:06:23.341+0530] {dagbag.py:588} INFO - Filling up the DagBag from /home/sneha/spotify_airflow_project/venv/lib/python3.12/site-packages/airflow/example_dags/example_external_task_marker_dag.py
[2026-01-07T12:06:23.347+0530] {processor.py:925} INFO - DAG(s) 'example_external_task_marker_child', 'example_external_task_marker_parent' retrieved from /home/sneha/spotify_airflow_project/venv/lib/python3.12/site-packages/airflow/example_dags/example_external_task_marker_dag.py
[2026-01-07T12:06:23.367+0530] {logging_mixin.py:190} INFO - [2026-01-07T12:06:23.367+0530] {dag.py:3239} INFO - Sync 2 DAGs
[2026-01-07T12:06:23.379+0530] {logging_mixin.py:190} INFO - [2026-01-07T12:06:23.379+0530] {dag.py:4180} INFO - Setting next_dagrun for example_external_task_marker_child to None, run_after=None
[2026-01-07T12:06:23.382+0530] {logging_mixin.py:190} INFO - [2026-01-07T12:06:23.382+0530] {dag.py:4180} INFO - Setting next_dagrun for example_external_task_marker_parent to None, run_after=None
[2026-01-07T12:06:23.399+0530] {processor.py:208} INFO - Processing /home/sneha/spotify_airflow_project/venv/lib/python3.12/site-packages/airflow/example_dags/example_external_task_marker_dag.py took 0.072 seconds
[2026-01-07T12:07:18.048+0530] {processor.py:186} INFO - Started process (PID=18258) to work on /home/sneha/spotify_airflow_project/venv/lib/python3.12/site-packages/airflow/example_dags/example_external_task_marker_dag.py
[2026-01-07T12:07:18.050+0530] {processor.py:914} INFO - Processing file /home/sneha/spotify_airflow_project/venv/lib/python3.12/site-packages/airflow/example_dags/example_external_task_marker_dag.py for tasks to queue
[2026-01-07T12:07:18.051+0530] {logging_mixin.py:190} INFO - [2026-01-07T12:07:18.050+0530] {dagbag.py:588} INFO - Filling up the DagBag from /home/sneha/spotify_airflow_project/venv/lib/python3.12/site-packages/airflow/example_dags/example_external_task_marker_dag.py
[2026-01-07T12:07:18.056+0530] {processor.py:925} INFO - DAG(s) 'example_external_task_marker_parent', 'example_external_task_marker_child' retrieved from /home/sneha/spotify_airflow_project/venv/lib/python3.12/site-packages/airflow/example_dags/example_external_task_marker_dag.py
[2026-01-07T12:07:18.077+0530] {logging_mixin.py:190} INFO - [2026-01-07T12:07:18.077+0530] {dag.py:3239} INFO - Sync 2 DAGs
[2026-01-07T12:07:18.089+0530] {logging_mixin.py:190} INFO - [2026-01-07T12:07:18.089+0530] {dag.py:4180} INFO - Setting next_dagrun for example_external_task_marker_child to None, run_after=None
[2026-01-07T12:07:18.092+0530] {logging_mixin.py:190} INFO - [2026-01-07T12:07:18.092+0530] {dag.py:4180} INFO - Setting next_dagrun for example_external_task_marker_parent to None, run_after=None
[2026-01-07T12:07:18.108+0530] {processor.py:208} INFO - Processing /home/sneha/spotify_airflow_project/venv/lib/python3.12/site-packages/airflow/example_dags/example_external_task_marker_dag.py took 0.070 seconds
[2026-01-07T12:08:10.732+0530] {processor.py:186} INFO - Started process (PID=18313) to work on /home/sneha/spotify_airflow_project/venv/lib/python3.12/site-packages/airflow/example_dags/example_external_task_marker_dag.py
[2026-01-07T12:08:10.733+0530] {processor.py:914} INFO - Processing file /home/sneha/spotify_airflow_project/venv/lib/python3.12/site-packages/airflow/example_dags/example_external_task_marker_dag.py for tasks to queue
[2026-01-07T12:08:10.735+0530] {logging_mixin.py:190} INFO - [2026-01-07T12:08:10.734+0530] {dagbag.py:588} INFO - Filling up the DagBag from /home/sneha/spotify_airflow_project/venv/lib/python3.12/site-packages/airflow/example_dags/example_external_task_marker_dag.py
[2026-01-07T12:08:10.740+0530] {processor.py:925} INFO - DAG(s) 'example_external_task_marker_child', 'example_external_task_marker_parent' retrieved from /home/sneha/spotify_airflow_project/venv/lib/python3.12/site-packages/airflow/example_dags/example_external_task_marker_dag.py
[2026-01-07T12:08:10.760+0530] {logging_mixin.py:190} INFO - [2026-01-07T12:08:10.760+0530] {dag.py:3239} INFO - Sync 2 DAGs
[2026-01-07T12:08:10.773+0530] {logging_mixin.py:190} INFO - [2026-01-07T12:08:10.772+0530] {dag.py:4180} INFO - Setting next_dagrun for example_external_task_marker_child to None, run_after=None
[2026-01-07T12:08:10.776+0530] {logging_mixin.py:190} INFO - [2026-01-07T12:08:10.775+0530] {dag.py:4180} INFO - Setting next_dagrun for example_external_task_marker_parent to None, run_after=None
[2026-01-07T12:08:10.794+0530] {processor.py:208} INFO - Processing /home/sneha/spotify_airflow_project/venv/lib/python3.12/site-packages/airflow/example_dags/example_external_task_marker_dag.py took 0.074 seconds
[2026-01-07T12:09:03.790+0530] {processor.py:186} INFO - Started process (PID=18371) to work on /home/sneha/spotify_airflow_project/venv/lib/python3.12/site-packages/airflow/example_dags/example_external_task_marker_dag.py
[2026-01-07T12:09:03.791+0530] {processor.py:914} INFO - Processing file /home/sneha/spotify_airflow_project/venv/lib/python3.12/site-packages/airflow/example_dags/example_external_task_marker_dag.py for tasks to queue
[2026-01-07T12:09:03.792+0530] {logging_mixin.py:190} INFO - [2026-01-07T12:09:03.792+0530] {dagbag.py:588} INFO - Filling up the DagBag from /home/sneha/spotify_airflow_project/venv/lib/python3.12/site-packages/airflow/example_dags/example_external_task_marker_dag.py
[2026-01-07T12:09:03.798+0530] {processor.py:925} INFO - DAG(s) 'example_external_task_marker_parent', 'example_external_task_marker_child' retrieved from /home/sneha/spotify_airflow_project/venv/lib/python3.12/site-packages/airflow/example_dags/example_external_task_marker_dag.py
[2026-01-07T12:09:03.819+0530] {logging_mixin.py:190} INFO - [2026-01-07T12:09:03.818+0530] {dag.py:3239} INFO - Sync 2 DAGs
[2026-01-07T12:09:03.830+0530] {logging_mixin.py:190} INFO - [2026-01-07T12:09:03.830+0530] {dag.py:4180} INFO - Setting next_dagrun for example_external_task_marker_child to None, run_after=None
[2026-01-07T12:09:03.833+0530] {logging_mixin.py:190} INFO - [2026-01-07T12:09:03.833+0530] {dag.py:4180} INFO - Setting next_dagrun for example_external_task_marker_parent to None, run_after=None
[2026-01-07T12:09:03.849+0530] {processor.py:208} INFO - Processing /home/sneha/spotify_airflow_project/venv/lib/python3.12/site-packages/airflow/example_dags/example_external_task_marker_dag.py took 0.071 seconds
[2026-01-07T12:09:54.613+0530] {processor.py:186} INFO - Started process (PID=18428) to work on /home/sneha/spotify_airflow_project/venv/lib/python3.12/site-packages/airflow/example_dags/example_external_task_marker_dag.py
[2026-01-07T12:09:54.614+0530] {processor.py:914} INFO - Processing file /home/sneha/spotify_airflow_project/venv/lib/python3.12/site-packages/airflow/example_dags/example_external_task_marker_dag.py for tasks to queue
[2026-01-07T12:09:54.616+0530] {logging_mixin.py:190} INFO - [2026-01-07T12:09:54.615+0530] {dagbag.py:588} INFO - Filling up the DagBag from /home/sneha/spotify_airflow_project/venv/lib/python3.12/site-packages/airflow/example_dags/example_external_task_marker_dag.py
[2026-01-07T12:09:54.622+0530] {processor.py:925} INFO - DAG(s) 'example_external_task_marker_child', 'example_external_task_marker_parent' retrieved from /home/sneha/spotify_airflow_project/venv/lib/python3.12/site-packages/airflow/example_dags/example_external_task_marker_dag.py
[2026-01-07T12:09:54.645+0530] {logging_mixin.py:190} INFO - [2026-01-07T12:09:54.645+0530] {dag.py:3239} INFO - Sync 2 DAGs
[2026-01-07T12:09:54.660+0530] {logging_mixin.py:190} INFO - [2026-01-07T12:09:54.660+0530] {dag.py:4180} INFO - Setting next_dagrun for example_external_task_marker_child to None, run_after=None
[2026-01-07T12:09:54.664+0530] {logging_mixin.py:190} INFO - [2026-01-07T12:09:54.663+0530] {dag.py:4180} INFO - Setting next_dagrun for example_external_task_marker_parent to None, run_after=None
[2026-01-07T12:09:54.687+0530] {processor.py:208} INFO - Processing /home/sneha/spotify_airflow_project/venv/lib/python3.12/site-packages/airflow/example_dags/example_external_task_marker_dag.py took 0.080 seconds
[2026-01-07T12:10:48.519+0530] {processor.py:186} INFO - Started process (PID=18544) to work on /home/sneha/spotify_airflow_project/venv/lib/python3.12/site-packages/airflow/example_dags/example_external_task_marker_dag.py
[2026-01-07T12:10:48.530+0530] {processor.py:914} INFO - Processing file /home/sneha/spotify_airflow_project/venv/lib/python3.12/site-packages/airflow/example_dags/example_external_task_marker_dag.py for tasks to queue
[2026-01-07T12:10:48.532+0530] {logging_mixin.py:190} INFO - [2026-01-07T12:10:48.531+0530] {dagbag.py:588} INFO - Filling up the DagBag from /home/sneha/spotify_airflow_project/venv/lib/python3.12/site-packages/airflow/example_dags/example_external_task_marker_dag.py
[2026-01-07T12:10:48.538+0530] {processor.py:925} INFO - DAG(s) 'example_external_task_marker_child', 'example_external_task_marker_parent' retrieved from /home/sneha/spotify_airflow_project/venv/lib/python3.12/site-packages/airflow/example_dags/example_external_task_marker_dag.py
[2026-01-07T12:10:48.556+0530] {logging_mixin.py:190} INFO - [2026-01-07T12:10:48.556+0530] {dag.py:3239} INFO - Sync 2 DAGs
[2026-01-07T12:10:48.567+0530] {logging_mixin.py:190} INFO - [2026-01-07T12:10:48.567+0530] {dag.py:4180} INFO - Setting next_dagrun for example_external_task_marker_child to None, run_after=None
[2026-01-07T12:10:48.569+0530] {logging_mixin.py:190} INFO - [2026-01-07T12:10:48.569+0530] {dag.py:4180} INFO - Setting next_dagrun for example_external_task_marker_parent to None, run_after=None
[2026-01-07T12:10:48.584+0530] {processor.py:208} INFO - Processing /home/sneha/spotify_airflow_project/venv/lib/python3.12/site-packages/airflow/example_dags/example_external_task_marker_dag.py took 0.076 seconds
[2026-01-07T12:11:40.140+0530] {processor.py:186} INFO - Started process (PID=18601) to work on /home/sneha/spotify_airflow_project/venv/lib/python3.12/site-packages/airflow/example_dags/example_external_task_marker_dag.py
[2026-01-07T12:11:40.141+0530] {processor.py:914} INFO - Processing file /home/sneha/spotify_airflow_project/venv/lib/python3.12/site-packages/airflow/example_dags/example_external_task_marker_dag.py for tasks to queue
[2026-01-07T12:11:40.142+0530] {logging_mixin.py:190} INFO - [2026-01-07T12:11:40.141+0530] {dagbag.py:588} INFO - Filling up the DagBag from /home/sneha/spotify_airflow_project/venv/lib/python3.12/site-packages/airflow/example_dags/example_external_task_marker_dag.py
[2026-01-07T12:11:40.147+0530] {processor.py:925} INFO - DAG(s) 'example_external_task_marker_child', 'example_external_task_marker_parent' retrieved from /home/sneha/spotify_airflow_project/venv/lib/python3.12/site-packages/airflow/example_dags/example_external_task_marker_dag.py
[2026-01-07T12:11:40.166+0530] {logging_mixin.py:190} INFO - [2026-01-07T12:11:40.166+0530] {dag.py:3239} INFO - Sync 2 DAGs
[2026-01-07T12:11:40.178+0530] {logging_mixin.py:190} INFO - [2026-01-07T12:11:40.177+0530] {dag.py:4180} INFO - Setting next_dagrun for example_external_task_marker_child to None, run_after=None
[2026-01-07T12:11:40.180+0530] {logging_mixin.py:190} INFO - [2026-01-07T12:11:40.180+0530] {dag.py:4180} INFO - Setting next_dagrun for example_external_task_marker_parent to None, run_after=None
[2026-01-07T12:11:40.198+0530] {processor.py:208} INFO - Processing /home/sneha/spotify_airflow_project/venv/lib/python3.12/site-packages/airflow/example_dags/example_external_task_marker_dag.py took 0.069 seconds
[2026-01-07T12:12:32.517+0530] {processor.py:186} INFO - Started process (PID=18657) to work on /home/sneha/spotify_airflow_project/venv/lib/python3.12/site-packages/airflow/example_dags/example_external_task_marker_dag.py
[2026-01-07T12:12:32.518+0530] {processor.py:914} INFO - Processing file /home/sneha/spotify_airflow_project/venv/lib/python3.12/site-packages/airflow/example_dags/example_external_task_marker_dag.py for tasks to queue
[2026-01-07T12:12:32.520+0530] {logging_mixin.py:190} INFO - [2026-01-07T12:12:32.519+0530] {dagbag.py:588} INFO - Filling up the DagBag from /home/sneha/spotify_airflow_project/venv/lib/python3.12/site-packages/airflow/example_dags/example_external_task_marker_dag.py
[2026-01-07T12:12:32.525+0530] {processor.py:925} INFO - DAG(s) 'example_external_task_marker_parent', 'example_external_task_marker_child' retrieved from /home/sneha/spotify_airflow_project/venv/lib/python3.12/site-packages/airflow/example_dags/example_external_task_marker_dag.py
[2026-01-07T12:12:32.545+0530] {logging_mixin.py:190} INFO - [2026-01-07T12:12:32.544+0530] {dag.py:3239} INFO - Sync 2 DAGs
[2026-01-07T12:12:32.556+0530] {logging_mixin.py:190} INFO - [2026-01-07T12:12:32.556+0530] {dag.py:4180} INFO - Setting next_dagrun for example_external_task_marker_child to None, run_after=None
[2026-01-07T12:12:32.559+0530] {logging_mixin.py:190} INFO - [2026-01-07T12:12:32.559+0530] {dag.py:4180} INFO - Setting next_dagrun for example_external_task_marker_parent to None, run_after=None
[2026-01-07T12:12:32.575+0530] {processor.py:208} INFO - Processing /home/sneha/spotify_airflow_project/venv/lib/python3.12/site-packages/airflow/example_dags/example_external_task_marker_dag.py took 0.068 seconds
[2026-01-07T12:13:27.531+0530] {processor.py:186} INFO - Started process (PID=18723) to work on /home/sneha/spotify_airflow_project/venv/lib/python3.12/site-packages/airflow/example_dags/example_external_task_marker_dag.py
[2026-01-07T12:13:27.533+0530] {processor.py:914} INFO - Processing file /home/sneha/spotify_airflow_project/venv/lib/python3.12/site-packages/airflow/example_dags/example_external_task_marker_dag.py for tasks to queue
[2026-01-07T12:13:27.534+0530] {logging_mixin.py:190} INFO - [2026-01-07T12:13:27.533+0530] {dagbag.py:588} INFO - Filling up the DagBag from /home/sneha/spotify_airflow_project/venv/lib/python3.12/site-packages/airflow/example_dags/example_external_task_marker_dag.py
[2026-01-07T12:13:27.539+0530] {processor.py:925} INFO - DAG(s) 'example_external_task_marker_parent', 'example_external_task_marker_child' retrieved from /home/sneha/spotify_airflow_project/venv/lib/python3.12/site-packages/airflow/example_dags/example_external_task_marker_dag.py
[2026-01-07T12:13:27.557+0530] {logging_mixin.py:190} INFO - [2026-01-07T12:13:27.557+0530] {dag.py:3239} INFO - Sync 2 DAGs
[2026-01-07T12:13:27.568+0530] {logging_mixin.py:190} INFO - [2026-01-07T12:13:27.567+0530] {dag.py:4180} INFO - Setting next_dagrun for example_external_task_marker_child to None, run_after=None
[2026-01-07T12:13:27.570+0530] {logging_mixin.py:190} INFO - [2026-01-07T12:13:27.570+0530] {dag.py:4180} INFO - Setting next_dagrun for example_external_task_marker_parent to None, run_after=None
[2026-01-07T12:13:27.589+0530] {processor.py:208} INFO - Processing /home/sneha/spotify_airflow_project/venv/lib/python3.12/site-packages/airflow/example_dags/example_external_task_marker_dag.py took 0.068 seconds
[2026-01-07T12:14:21.825+0530] {processor.py:186} INFO - Started process (PID=18888) to work on /home/sneha/spotify_airflow_project/venv/lib/python3.12/site-packages/airflow/example_dags/example_external_task_marker_dag.py
[2026-01-07T12:14:21.827+0530] {processor.py:914} INFO - Processing file /home/sneha/spotify_airflow_project/venv/lib/python3.12/site-packages/airflow/example_dags/example_external_task_marker_dag.py for tasks to queue
[2026-01-07T12:14:21.828+0530] {logging_mixin.py:190} INFO - [2026-01-07T12:14:21.828+0530] {dagbag.py:588} INFO - Filling up the DagBag from /home/sneha/spotify_airflow_project/venv/lib/python3.12/site-packages/airflow/example_dags/example_external_task_marker_dag.py
[2026-01-07T12:14:21.833+0530] {processor.py:925} INFO - DAG(s) 'example_external_task_marker_child', 'example_external_task_marker_parent' retrieved from /home/sneha/spotify_airflow_project/venv/lib/python3.12/site-packages/airflow/example_dags/example_external_task_marker_dag.py
[2026-01-07T12:14:21.854+0530] {logging_mixin.py:190} INFO - [2026-01-07T12:14:21.853+0530] {dag.py:3239} INFO - Sync 2 DAGs
[2026-01-07T12:14:21.867+0530] {logging_mixin.py:190} INFO - [2026-01-07T12:14:21.866+0530] {dag.py:4180} INFO - Setting next_dagrun for example_external_task_marker_child to None, run_after=None
[2026-01-07T12:14:21.870+0530] {logging_mixin.py:190} INFO - [2026-01-07T12:14:21.870+0530] {dag.py:4180} INFO - Setting next_dagrun for example_external_task_marker_parent to None, run_after=None
[2026-01-07T12:14:21.887+0530] {processor.py:208} INFO - Processing /home/sneha/spotify_airflow_project/venv/lib/python3.12/site-packages/airflow/example_dags/example_external_task_marker_dag.py took 0.071 seconds
[2026-01-07T12:15:15.174+0530] {processor.py:186} INFO - Started process (PID=18950) to work on /home/sneha/spotify_airflow_project/venv/lib/python3.12/site-packages/airflow/example_dags/example_external_task_marker_dag.py
[2026-01-07T12:15:15.176+0530] {processor.py:914} INFO - Processing file /home/sneha/spotify_airflow_project/venv/lib/python3.12/site-packages/airflow/example_dags/example_external_task_marker_dag.py for tasks to queue
[2026-01-07T12:15:15.178+0530] {logging_mixin.py:190} INFO - [2026-01-07T12:15:15.177+0530] {dagbag.py:588} INFO - Filling up the DagBag from /home/sneha/spotify_airflow_project/venv/lib/python3.12/site-packages/airflow/example_dags/example_external_task_marker_dag.py
[2026-01-07T12:15:15.183+0530] {processor.py:925} INFO - DAG(s) 'example_external_task_marker_parent', 'example_external_task_marker_child' retrieved from /home/sneha/spotify_airflow_project/venv/lib/python3.12/site-packages/airflow/example_dags/example_external_task_marker_dag.py
[2026-01-07T12:15:15.203+0530] {logging_mixin.py:190} INFO - [2026-01-07T12:15:15.203+0530] {dag.py:3239} INFO - Sync 2 DAGs
[2026-01-07T12:15:15.215+0530] {logging_mixin.py:190} INFO - [2026-01-07T12:15:15.214+0530] {dag.py:4180} INFO - Setting next_dagrun for example_external_task_marker_child to None, run_after=None
[2026-01-07T12:15:15.218+0530] {logging_mixin.py:190} INFO - [2026-01-07T12:15:15.218+0530] {dag.py:4180} INFO - Setting next_dagrun for example_external_task_marker_parent to None, run_after=None
[2026-01-07T12:15:15.236+0530] {processor.py:208} INFO - Processing /home/sneha/spotify_airflow_project/venv/lib/python3.12/site-packages/airflow/example_dags/example_external_task_marker_dag.py took 0.075 seconds
[2026-01-07T12:16:08.884+0530] {processor.py:186} INFO - Started process (PID=19026) to work on /home/sneha/spotify_airflow_project/venv/lib/python3.12/site-packages/airflow/example_dags/example_external_task_marker_dag.py
[2026-01-07T12:16:08.886+0530] {processor.py:914} INFO - Processing file /home/sneha/spotify_airflow_project/venv/lib/python3.12/site-packages/airflow/example_dags/example_external_task_marker_dag.py for tasks to queue
[2026-01-07T12:16:08.888+0530] {logging_mixin.py:190} INFO - [2026-01-07T12:16:08.888+0530] {dagbag.py:588} INFO - Filling up the DagBag from /home/sneha/spotify_airflow_project/venv/lib/python3.12/site-packages/airflow/example_dags/example_external_task_marker_dag.py
[2026-01-07T12:16:08.894+0530] {processor.py:925} INFO - DAG(s) 'example_external_task_marker_child', 'example_external_task_marker_parent' retrieved from /home/sneha/spotify_airflow_project/venv/lib/python3.12/site-packages/airflow/example_dags/example_external_task_marker_dag.py
[2026-01-07T12:16:08.917+0530] {logging_mixin.py:190} INFO - [2026-01-07T12:16:08.917+0530] {dag.py:3239} INFO - Sync 2 DAGs
[2026-01-07T12:16:08.930+0530] {logging_mixin.py:190} INFO - [2026-01-07T12:16:08.930+0530] {dag.py:4180} INFO - Setting next_dagrun for example_external_task_marker_child to None, run_after=None
[2026-01-07T12:16:08.934+0530] {logging_mixin.py:190} INFO - [2026-01-07T12:16:08.934+0530] {dag.py:4180} INFO - Setting next_dagrun for example_external_task_marker_parent to None, run_after=None
[2026-01-07T12:16:08.953+0530] {processor.py:208} INFO - Processing /home/sneha/spotify_airflow_project/venv/lib/python3.12/site-packages/airflow/example_dags/example_external_task_marker_dag.py took 0.084 seconds
[2026-01-07T12:17:05.548+0530] {processor.py:186} INFO - Started process (PID=19090) to work on /home/sneha/spotify_airflow_project/venv/lib/python3.12/site-packages/airflow/example_dags/example_external_task_marker_dag.py
[2026-01-07T12:17:05.549+0530] {processor.py:914} INFO - Processing file /home/sneha/spotify_airflow_project/venv/lib/python3.12/site-packages/airflow/example_dags/example_external_task_marker_dag.py for tasks to queue
[2026-01-07T12:17:05.550+0530] {logging_mixin.py:190} INFO - [2026-01-07T12:17:05.550+0530] {dagbag.py:588} INFO - Filling up the DagBag from /home/sneha/spotify_airflow_project/venv/lib/python3.12/site-packages/airflow/example_dags/example_external_task_marker_dag.py
[2026-01-07T12:17:05.556+0530] {processor.py:925} INFO - DAG(s) 'example_external_task_marker_child', 'example_external_task_marker_parent' retrieved from /home/sneha/spotify_airflow_project/venv/lib/python3.12/site-packages/airflow/example_dags/example_external_task_marker_dag.py
[2026-01-07T12:17:05.577+0530] {logging_mixin.py:190} INFO - [2026-01-07T12:17:05.577+0530] {dag.py:3239} INFO - Sync 2 DAGs
[2026-01-07T12:17:05.588+0530] {logging_mixin.py:190} INFO - [2026-01-07T12:17:05.588+0530] {dag.py:4180} INFO - Setting next_dagrun for example_external_task_marker_child to None, run_after=None
[2026-01-07T12:17:05.591+0530] {logging_mixin.py:190} INFO - [2026-01-07T12:17:05.591+0530] {dag.py:4180} INFO - Setting next_dagrun for example_external_task_marker_parent to None, run_after=None
[2026-01-07T12:17:05.608+0530] {processor.py:208} INFO - Processing /home/sneha/spotify_airflow_project/venv/lib/python3.12/site-packages/airflow/example_dags/example_external_task_marker_dag.py took 0.068 seconds
[2026-01-07T12:18:01.060+0530] {processor.py:186} INFO - Started process (PID=19148) to work on /home/sneha/spotify_airflow_project/venv/lib/python3.12/site-packages/airflow/example_dags/example_external_task_marker_dag.py
[2026-01-07T12:18:01.061+0530] {processor.py:914} INFO - Processing file /home/sneha/spotify_airflow_project/venv/lib/python3.12/site-packages/airflow/example_dags/example_external_task_marker_dag.py for tasks to queue
[2026-01-07T12:18:01.062+0530] {logging_mixin.py:190} INFO - [2026-01-07T12:18:01.062+0530] {dagbag.py:588} INFO - Filling up the DagBag from /home/sneha/spotify_airflow_project/venv/lib/python3.12/site-packages/airflow/example_dags/example_external_task_marker_dag.py
[2026-01-07T12:18:01.067+0530] {processor.py:925} INFO - DAG(s) 'example_external_task_marker_parent', 'example_external_task_marker_child' retrieved from /home/sneha/spotify_airflow_project/venv/lib/python3.12/site-packages/airflow/example_dags/example_external_task_marker_dag.py
[2026-01-07T12:18:01.088+0530] {logging_mixin.py:190} INFO - [2026-01-07T12:18:01.088+0530] {dag.py:3239} INFO - Sync 2 DAGs
[2026-01-07T12:18:01.101+0530] {logging_mixin.py:190} INFO - [2026-01-07T12:18:01.101+0530] {dag.py:4180} INFO - Setting next_dagrun for example_external_task_marker_child to None, run_after=None
[2026-01-07T12:18:01.104+0530] {logging_mixin.py:190} INFO - [2026-01-07T12:18:01.104+0530] {dag.py:4180} INFO - Setting next_dagrun for example_external_task_marker_parent to None, run_after=None
[2026-01-07T12:18:01.120+0530] {processor.py:208} INFO - Processing /home/sneha/spotify_airflow_project/venv/lib/python3.12/site-packages/airflow/example_dags/example_external_task_marker_dag.py took 0.071 seconds
[2026-01-07T12:18:57.757+0530] {processor.py:186} INFO - Started process (PID=19241) to work on /home/sneha/spotify_airflow_project/venv/lib/python3.12/site-packages/airflow/example_dags/example_external_task_marker_dag.py
[2026-01-07T12:18:57.758+0530] {processor.py:914} INFO - Processing file /home/sneha/spotify_airflow_project/venv/lib/python3.12/site-packages/airflow/example_dags/example_external_task_marker_dag.py for tasks to queue
[2026-01-07T12:18:57.760+0530] {logging_mixin.py:190} INFO - [2026-01-07T12:18:57.759+0530] {dagbag.py:588} INFO - Filling up the DagBag from /home/sneha/spotify_airflow_project/venv/lib/python3.12/site-packages/airflow/example_dags/example_external_task_marker_dag.py
[2026-01-07T12:18:57.765+0530] {processor.py:925} INFO - DAG(s) 'example_external_task_marker_parent', 'example_external_task_marker_child' retrieved from /home/sneha/spotify_airflow_project/venv/lib/python3.12/site-packages/airflow/example_dags/example_external_task_marker_dag.py
[2026-01-07T12:18:57.787+0530] {logging_mixin.py:190} INFO - [2026-01-07T12:18:57.787+0530] {dag.py:3239} INFO - Sync 2 DAGs
[2026-01-07T12:18:57.798+0530] {logging_mixin.py:190} INFO - [2026-01-07T12:18:57.798+0530] {dag.py:4180} INFO - Setting next_dagrun for example_external_task_marker_child to None, run_after=None
[2026-01-07T12:18:57.801+0530] {logging_mixin.py:190} INFO - [2026-01-07T12:18:57.801+0530] {dag.py:4180} INFO - Setting next_dagrun for example_external_task_marker_parent to None, run_after=None
[2026-01-07T12:18:57.818+0530] {processor.py:208} INFO - Processing /home/sneha/spotify_airflow_project/venv/lib/python3.12/site-packages/airflow/example_dags/example_external_task_marker_dag.py took 0.071 seconds
[2026-01-07T12:19:54.583+0530] {processor.py:186} INFO - Started process (PID=19375) to work on /home/sneha/spotify_airflow_project/venv/lib/python3.12/site-packages/airflow/example_dags/example_external_task_marker_dag.py
[2026-01-07T12:19:54.584+0530] {processor.py:914} INFO - Processing file /home/sneha/spotify_airflow_project/venv/lib/python3.12/site-packages/airflow/example_dags/example_external_task_marker_dag.py for tasks to queue
[2026-01-07T12:19:54.586+0530] {logging_mixin.py:190} INFO - [2026-01-07T12:19:54.585+0530] {dagbag.py:588} INFO - Filling up the DagBag from /home/sneha/spotify_airflow_project/venv/lib/python3.12/site-packages/airflow/example_dags/example_external_task_marker_dag.py
[2026-01-07T12:19:54.591+0530] {processor.py:925} INFO - DAG(s) 'example_external_task_marker_child', 'example_external_task_marker_parent' retrieved from /home/sneha/spotify_airflow_project/venv/lib/python3.12/site-packages/airflow/example_dags/example_external_task_marker_dag.py
[2026-01-07T12:19:54.611+0530] {logging_mixin.py:190} INFO - [2026-01-07T12:19:54.611+0530] {dag.py:3239} INFO - Sync 2 DAGs
[2026-01-07T12:19:54.623+0530] {logging_mixin.py:190} INFO - [2026-01-07T12:19:54.623+0530] {dag.py:4180} INFO - Setting next_dagrun for example_external_task_marker_child to None, run_after=None
[2026-01-07T12:19:54.626+0530] {logging_mixin.py:190} INFO - [2026-01-07T12:19:54.626+0530] {dag.py:4180} INFO - Setting next_dagrun for example_external_task_marker_parent to None, run_after=None
[2026-01-07T12:19:54.645+0530] {processor.py:208} INFO - Processing /home/sneha/spotify_airflow_project/venv/lib/python3.12/site-packages/airflow/example_dags/example_external_task_marker_dag.py took 0.069 seconds
