[2026-01-07T11:47:24.876+0530] {processor.py:186} INFO - Started process (PID=7386) to work on /home/sneha/spotify_astro_project/venv/lib/python3.12/site-packages/airflow/example_dags/example_sensor_decorator.py
[2026-01-07T11:47:24.877+0530] {processor.py:914} INFO - Processing file /home/sneha/spotify_astro_project/venv/lib/python3.12/site-packages/airflow/example_dags/example_sensor_decorator.py for tasks to queue
[2026-01-07T11:47:24.878+0530] {logging_mixin.py:190} INFO - [2026-01-07T11:47:24.878+0530] {dagbag.py:588} INFO - Filling up the DagBag from /home/sneha/spotify_astro_project/venv/lib/python3.12/site-packages/airflow/example_dags/example_sensor_decorator.py
[2026-01-07T11:47:24.886+0530] {processor.py:925} INFO - DAG(s) 'example_sensor_decorator' retrieved from /home/sneha/spotify_astro_project/venv/lib/python3.12/site-packages/airflow/example_dags/example_sensor_decorator.py
[2026-01-07T11:47:24.993+0530] {logging_mixin.py:190} INFO - [2026-01-07T11:47:24.992+0530] {dag.py:3239} INFO - Sync 1 DAGs
[2026-01-07T11:47:25.002+0530] {logging_mixin.py:190} INFO - [2026-01-07T11:47:25.002+0530] {dag.py:4180} INFO - Setting next_dagrun for example_sensor_decorator to None, run_after=None
[2026-01-07T11:47:25.023+0530] {processor.py:208} INFO - Processing /home/sneha/spotify_astro_project/venv/lib/python3.12/site-packages/airflow/example_dags/example_sensor_decorator.py took 0.152 seconds
[2026-01-07T11:48:28.955+0530] {processor.py:186} INFO - Started process (PID=7839) to work on /home/sneha/spotify_astro_project/venv/lib/python3.12/site-packages/airflow/example_dags/example_sensor_decorator.py
[2026-01-07T11:48:28.956+0530] {processor.py:914} INFO - Processing file /home/sneha/spotify_astro_project/venv/lib/python3.12/site-packages/airflow/example_dags/example_sensor_decorator.py for tasks to queue
[2026-01-07T11:48:28.958+0530] {logging_mixin.py:190} INFO - [2026-01-07T11:48:28.957+0530] {dagbag.py:588} INFO - Filling up the DagBag from /home/sneha/spotify_astro_project/venv/lib/python3.12/site-packages/airflow/example_dags/example_sensor_decorator.py
[2026-01-07T11:48:28.965+0530] {processor.py:925} INFO - DAG(s) 'example_sensor_decorator' retrieved from /home/sneha/spotify_astro_project/venv/lib/python3.12/site-packages/airflow/example_dags/example_sensor_decorator.py
[2026-01-07T11:48:28.985+0530] {logging_mixin.py:190} INFO - [2026-01-07T11:48:28.985+0530] {dag.py:3239} INFO - Sync 1 DAGs
[2026-01-07T11:48:28.999+0530] {logging_mixin.py:190} INFO - [2026-01-07T11:48:28.999+0530] {dag.py:4180} INFO - Setting next_dagrun for example_sensor_decorator to None, run_after=None
[2026-01-07T11:48:29.020+0530] {processor.py:208} INFO - Processing /home/sneha/spotify_astro_project/venv/lib/python3.12/site-packages/airflow/example_dags/example_sensor_decorator.py took 0.071 seconds
[2026-01-07T11:49:28.862+0530] {processor.py:186} INFO - Started process (PID=8260) to work on /home/sneha/spotify_astro_project/venv/lib/python3.12/site-packages/airflow/example_dags/example_sensor_decorator.py
[2026-01-07T11:49:28.864+0530] {processor.py:914} INFO - Processing file /home/sneha/spotify_astro_project/venv/lib/python3.12/site-packages/airflow/example_dags/example_sensor_decorator.py for tasks to queue
[2026-01-07T11:49:28.866+0530] {logging_mixin.py:190} INFO - [2026-01-07T11:49:28.865+0530] {dagbag.py:588} INFO - Filling up the DagBag from /home/sneha/spotify_astro_project/venv/lib/python3.12/site-packages/airflow/example_dags/example_sensor_decorator.py
[2026-01-07T11:49:28.876+0530] {processor.py:925} INFO - DAG(s) 'example_sensor_decorator' retrieved from /home/sneha/spotify_astro_project/venv/lib/python3.12/site-packages/airflow/example_dags/example_sensor_decorator.py
[2026-01-07T11:49:28.892+0530] {logging_mixin.py:190} INFO - [2026-01-07T11:49:28.892+0530] {dag.py:3239} INFO - Sync 1 DAGs
[2026-01-07T11:49:28.903+0530] {logging_mixin.py:190} INFO - [2026-01-07T11:49:28.903+0530] {dag.py:4180} INFO - Setting next_dagrun for example_sensor_decorator to None, run_after=None
[2026-01-07T11:49:28.920+0530] {processor.py:208} INFO - Processing /home/sneha/spotify_astro_project/venv/lib/python3.12/site-packages/airflow/example_dags/example_sensor_decorator.py took 0.071 seconds
[2026-01-07T11:50:41.485+0530] {processor.py:186} INFO - Started process (PID=8858) to work on /home/sneha/spotify_astro_project/venv/lib/python3.12/site-packages/airflow/example_dags/example_sensor_decorator.py
[2026-01-07T11:50:41.486+0530] {processor.py:914} INFO - Processing file /home/sneha/spotify_astro_project/venv/lib/python3.12/site-packages/airflow/example_dags/example_sensor_decorator.py for tasks to queue
[2026-01-07T11:50:41.488+0530] {logging_mixin.py:190} INFO - [2026-01-07T11:50:41.487+0530] {dagbag.py:588} INFO - Filling up the DagBag from /home/sneha/spotify_astro_project/venv/lib/python3.12/site-packages/airflow/example_dags/example_sensor_decorator.py
[2026-01-07T11:50:41.494+0530] {processor.py:925} INFO - DAG(s) 'example_sensor_decorator' retrieved from /home/sneha/spotify_astro_project/venv/lib/python3.12/site-packages/airflow/example_dags/example_sensor_decorator.py
[2026-01-07T11:50:41.512+0530] {logging_mixin.py:190} INFO - [2026-01-07T11:50:41.512+0530] {dag.py:3239} INFO - Sync 1 DAGs
[2026-01-07T11:50:41.525+0530] {logging_mixin.py:190} INFO - [2026-01-07T11:50:41.525+0530] {dag.py:4180} INFO - Setting next_dagrun for example_sensor_decorator to None, run_after=None
[2026-01-07T11:50:41.544+0530] {processor.py:208} INFO - Processing /home/sneha/spotify_astro_project/venv/lib/python3.12/site-packages/airflow/example_dags/example_sensor_decorator.py took 0.065 seconds
[2026-01-07T11:57:35.100+0530] {processor.py:186} INFO - Started process (PID=17079) to work on /home/sneha/spotify_airflow_project/venv/lib/python3.12/site-packages/airflow/example_dags/example_sensor_decorator.py
[2026-01-07T11:57:35.102+0530] {processor.py:914} INFO - Processing file /home/sneha/spotify_airflow_project/venv/lib/python3.12/site-packages/airflow/example_dags/example_sensor_decorator.py for tasks to queue
[2026-01-07T11:57:35.104+0530] {logging_mixin.py:190} INFO - [2026-01-07T11:57:35.103+0530] {dagbag.py:588} INFO - Filling up the DagBag from /home/sneha/spotify_airflow_project/venv/lib/python3.12/site-packages/airflow/example_dags/example_sensor_decorator.py
[2026-01-07T11:57:35.114+0530] {processor.py:925} INFO - DAG(s) 'example_sensor_decorator' retrieved from /home/sneha/spotify_airflow_project/venv/lib/python3.12/site-packages/airflow/example_dags/example_sensor_decorator.py
[2026-01-07T11:57:35.259+0530] {logging_mixin.py:190} INFO - [2026-01-07T11:57:35.259+0530] {dag.py:3239} INFO - Sync 1 DAGs
[2026-01-07T11:57:35.273+0530] {logging_mixin.py:190} INFO - [2026-01-07T11:57:35.272+0530] {dag.py:4180} INFO - Setting next_dagrun for example_sensor_decorator to None, run_after=None
[2026-01-07T11:57:35.293+0530] {processor.py:208} INFO - Processing /home/sneha/spotify_airflow_project/venv/lib/python3.12/site-packages/airflow/example_dags/example_sensor_decorator.py took 0.203 seconds
[2026-01-07T11:58:35.804+0530] {processor.py:186} INFO - Started process (PID=17217) to work on /home/sneha/spotify_airflow_project/venv/lib/python3.12/site-packages/airflow/example_dags/example_sensor_decorator.py
[2026-01-07T11:58:35.805+0530] {processor.py:914} INFO - Processing file /home/sneha/spotify_airflow_project/venv/lib/python3.12/site-packages/airflow/example_dags/example_sensor_decorator.py for tasks to queue
[2026-01-07T11:58:35.806+0530] {logging_mixin.py:190} INFO - [2026-01-07T11:58:35.805+0530] {dagbag.py:588} INFO - Filling up the DagBag from /home/sneha/spotify_airflow_project/venv/lib/python3.12/site-packages/airflow/example_dags/example_sensor_decorator.py
[2026-01-07T11:58:35.811+0530] {processor.py:925} INFO - DAG(s) 'example_sensor_decorator' retrieved from /home/sneha/spotify_airflow_project/venv/lib/python3.12/site-packages/airflow/example_dags/example_sensor_decorator.py
[2026-01-07T11:58:35.828+0530] {logging_mixin.py:190} INFO - [2026-01-07T11:58:35.827+0530] {dag.py:3239} INFO - Sync 1 DAGs
[2026-01-07T11:58:35.839+0530] {logging_mixin.py:190} INFO - [2026-01-07T11:58:35.839+0530] {dag.py:4180} INFO - Setting next_dagrun for example_sensor_decorator to None, run_after=None
[2026-01-07T11:58:35.857+0530] {processor.py:208} INFO - Processing /home/sneha/spotify_airflow_project/venv/lib/python3.12/site-packages/airflow/example_dags/example_sensor_decorator.py took 0.065 seconds
[2026-01-07T11:59:31.176+0530] {processor.py:186} INFO - Started process (PID=17278) to work on /home/sneha/spotify_airflow_project/venv/lib/python3.12/site-packages/airflow/example_dags/example_sensor_decorator.py
[2026-01-07T11:59:31.177+0530] {processor.py:914} INFO - Processing file /home/sneha/spotify_airflow_project/venv/lib/python3.12/site-packages/airflow/example_dags/example_sensor_decorator.py for tasks to queue
[2026-01-07T11:59:31.178+0530] {logging_mixin.py:190} INFO - [2026-01-07T11:59:31.178+0530] {dagbag.py:588} INFO - Filling up the DagBag from /home/sneha/spotify_airflow_project/venv/lib/python3.12/site-packages/airflow/example_dags/example_sensor_decorator.py
[2026-01-07T11:59:31.184+0530] {processor.py:925} INFO - DAG(s) 'example_sensor_decorator' retrieved from /home/sneha/spotify_airflow_project/venv/lib/python3.12/site-packages/airflow/example_dags/example_sensor_decorator.py
[2026-01-07T11:59:31.201+0530] {logging_mixin.py:190} INFO - [2026-01-07T11:59:31.200+0530] {dag.py:3239} INFO - Sync 1 DAGs
[2026-01-07T11:59:31.212+0530] {logging_mixin.py:190} INFO - [2026-01-07T11:59:31.212+0530] {dag.py:4180} INFO - Setting next_dagrun for example_sensor_decorator to None, run_after=None
[2026-01-07T11:59:31.229+0530] {processor.py:208} INFO - Processing /home/sneha/spotify_airflow_project/venv/lib/python3.12/site-packages/airflow/example_dags/example_sensor_decorator.py took 0.063 seconds
[2026-01-07T12:00:38.640+0530] {processor.py:186} INFO - Started process (PID=17421) to work on /home/sneha/spotify_airflow_project/venv/lib/python3.12/site-packages/airflow/example_dags/example_sensor_decorator.py
[2026-01-07T12:00:38.641+0530] {processor.py:914} INFO - Processing file /home/sneha/spotify_airflow_project/venv/lib/python3.12/site-packages/airflow/example_dags/example_sensor_decorator.py for tasks to queue
[2026-01-07T12:00:38.643+0530] {logging_mixin.py:190} INFO - [2026-01-07T12:00:38.642+0530] {dagbag.py:588} INFO - Filling up the DagBag from /home/sneha/spotify_airflow_project/venv/lib/python3.12/site-packages/airflow/example_dags/example_sensor_decorator.py
[2026-01-07T12:00:38.648+0530] {processor.py:925} INFO - DAG(s) 'example_sensor_decorator' retrieved from /home/sneha/spotify_airflow_project/venv/lib/python3.12/site-packages/airflow/example_dags/example_sensor_decorator.py
[2026-01-07T12:00:38.666+0530] {logging_mixin.py:190} INFO - [2026-01-07T12:00:38.666+0530] {dag.py:3239} INFO - Sync 1 DAGs
[2026-01-07T12:00:38.808+0530] {logging_mixin.py:190} INFO - [2026-01-07T12:00:38.808+0530] {dag.py:4180} INFO - Setting next_dagrun for example_sensor_decorator to None, run_after=None
[2026-01-07T12:00:38.824+0530] {processor.py:208} INFO - Processing /home/sneha/spotify_airflow_project/venv/lib/python3.12/site-packages/airflow/example_dags/example_sensor_decorator.py took 0.194 seconds
[2026-01-07T12:01:37.572+0530] {processor.py:186} INFO - Started process (PID=17553) to work on /home/sneha/spotify_airflow_project/venv/lib/python3.12/site-packages/airflow/example_dags/example_sensor_decorator.py
[2026-01-07T12:01:37.573+0530] {processor.py:914} INFO - Processing file /home/sneha/spotify_airflow_project/venv/lib/python3.12/site-packages/airflow/example_dags/example_sensor_decorator.py for tasks to queue
[2026-01-07T12:01:37.575+0530] {logging_mixin.py:190} INFO - [2026-01-07T12:01:37.574+0530] {dagbag.py:588} INFO - Filling up the DagBag from /home/sneha/spotify_airflow_project/venv/lib/python3.12/site-packages/airflow/example_dags/example_sensor_decorator.py
[2026-01-07T12:01:37.581+0530] {processor.py:925} INFO - DAG(s) 'example_sensor_decorator' retrieved from /home/sneha/spotify_airflow_project/venv/lib/python3.12/site-packages/airflow/example_dags/example_sensor_decorator.py
[2026-01-07T12:01:37.600+0530] {logging_mixin.py:190} INFO - [2026-01-07T12:01:37.600+0530] {dag.py:3239} INFO - Sync 1 DAGs
[2026-01-07T12:01:37.612+0530] {logging_mixin.py:190} INFO - [2026-01-07T12:01:37.612+0530] {dag.py:4180} INFO - Setting next_dagrun for example_sensor_decorator to None, run_after=None
[2026-01-07T12:01:37.633+0530] {processor.py:208} INFO - Processing /home/sneha/spotify_airflow_project/venv/lib/python3.12/site-packages/airflow/example_dags/example_sensor_decorator.py took 0.069 seconds
[2026-01-07T12:02:33.653+0530] {processor.py:186} INFO - Started process (PID=17667) to work on /home/sneha/spotify_airflow_project/venv/lib/python3.12/site-packages/airflow/example_dags/example_sensor_decorator.py
[2026-01-07T12:02:33.664+0530] {processor.py:914} INFO - Processing file /home/sneha/spotify_airflow_project/venv/lib/python3.12/site-packages/airflow/example_dags/example_sensor_decorator.py for tasks to queue
[2026-01-07T12:02:33.667+0530] {logging_mixin.py:190} INFO - [2026-01-07T12:02:33.666+0530] {dagbag.py:588} INFO - Filling up the DagBag from /home/sneha/spotify_airflow_project/venv/lib/python3.12/site-packages/airflow/example_dags/example_sensor_decorator.py
[2026-01-07T12:02:33.677+0530] {processor.py:925} INFO - DAG(s) 'example_sensor_decorator' retrieved from /home/sneha/spotify_airflow_project/venv/lib/python3.12/site-packages/airflow/example_dags/example_sensor_decorator.py
[2026-01-07T12:02:33.698+0530] {logging_mixin.py:190} INFO - [2026-01-07T12:02:33.697+0530] {dag.py:3239} INFO - Sync 1 DAGs
[2026-01-07T12:02:33.710+0530] {logging_mixin.py:190} INFO - [2026-01-07T12:02:33.710+0530] {dag.py:4180} INFO - Setting next_dagrun for example_sensor_decorator to None, run_after=None
[2026-01-07T12:02:33.733+0530] {processor.py:208} INFO - Processing /home/sneha/spotify_airflow_project/venv/lib/python3.12/site-packages/airflow/example_dags/example_sensor_decorator.py took 0.087 seconds
[2026-01-07T12:03:32.354+0530] {processor.py:186} INFO - Started process (PID=17728) to work on /home/sneha/spotify_airflow_project/venv/lib/python3.12/site-packages/airflow/example_dags/example_sensor_decorator.py
[2026-01-07T12:03:32.355+0530] {processor.py:914} INFO - Processing file /home/sneha/spotify_airflow_project/venv/lib/python3.12/site-packages/airflow/example_dags/example_sensor_decorator.py for tasks to queue
[2026-01-07T12:03:32.357+0530] {logging_mixin.py:190} INFO - [2026-01-07T12:03:32.356+0530] {dagbag.py:588} INFO - Filling up the DagBag from /home/sneha/spotify_airflow_project/venv/lib/python3.12/site-packages/airflow/example_dags/example_sensor_decorator.py
[2026-01-07T12:03:32.362+0530] {processor.py:925} INFO - DAG(s) 'example_sensor_decorator' retrieved from /home/sneha/spotify_airflow_project/venv/lib/python3.12/site-packages/airflow/example_dags/example_sensor_decorator.py
[2026-01-07T12:03:32.378+0530] {logging_mixin.py:190} INFO - [2026-01-07T12:03:32.378+0530] {dag.py:3239} INFO - Sync 1 DAGs
[2026-01-07T12:03:32.391+0530] {logging_mixin.py:190} INFO - [2026-01-07T12:03:32.391+0530] {dag.py:4180} INFO - Setting next_dagrun for example_sensor_decorator to None, run_after=None
[2026-01-07T12:03:32.409+0530] {processor.py:208} INFO - Processing /home/sneha/spotify_airflow_project/venv/lib/python3.12/site-packages/airflow/example_dags/example_sensor_decorator.py took 0.062 seconds
[2026-01-07T12:04:27.849+0530] {processor.py:186} INFO - Started process (PID=18019) to work on /home/sneha/spotify_airflow_project/venv/lib/python3.12/site-packages/airflow/example_dags/example_sensor_decorator.py
[2026-01-07T12:04:27.851+0530] {processor.py:914} INFO - Processing file /home/sneha/spotify_airflow_project/venv/lib/python3.12/site-packages/airflow/example_dags/example_sensor_decorator.py for tasks to queue
[2026-01-07T12:04:27.852+0530] {logging_mixin.py:190} INFO - [2026-01-07T12:04:27.851+0530] {dagbag.py:588} INFO - Filling up the DagBag from /home/sneha/spotify_airflow_project/venv/lib/python3.12/site-packages/airflow/example_dags/example_sensor_decorator.py
[2026-01-07T12:04:27.857+0530] {processor.py:925} INFO - DAG(s) 'example_sensor_decorator' retrieved from /home/sneha/spotify_airflow_project/venv/lib/python3.12/site-packages/airflow/example_dags/example_sensor_decorator.py
[2026-01-07T12:04:27.874+0530] {logging_mixin.py:190} INFO - [2026-01-07T12:04:27.873+0530] {dag.py:3239} INFO - Sync 1 DAGs
[2026-01-07T12:04:27.886+0530] {logging_mixin.py:190} INFO - [2026-01-07T12:04:27.885+0530] {dag.py:4180} INFO - Setting next_dagrun for example_sensor_decorator to None, run_after=None
[2026-01-07T12:04:27.903+0530] {processor.py:208} INFO - Processing /home/sneha/spotify_airflow_project/venv/lib/python3.12/site-packages/airflow/example_dags/example_sensor_decorator.py took 0.064 seconds
[2026-01-07T12:05:23.401+0530] {processor.py:186} INFO - Started process (PID=18115) to work on /home/sneha/spotify_airflow_project/venv/lib/python3.12/site-packages/airflow/example_dags/example_sensor_decorator.py
[2026-01-07T12:05:23.403+0530] {processor.py:914} INFO - Processing file /home/sneha/spotify_airflow_project/venv/lib/python3.12/site-packages/airflow/example_dags/example_sensor_decorator.py for tasks to queue
[2026-01-07T12:05:23.404+0530] {logging_mixin.py:190} INFO - [2026-01-07T12:05:23.404+0530] {dagbag.py:588} INFO - Filling up the DagBag from /home/sneha/spotify_airflow_project/venv/lib/python3.12/site-packages/airflow/example_dags/example_sensor_decorator.py
[2026-01-07T12:05:23.410+0530] {processor.py:925} INFO - DAG(s) 'example_sensor_decorator' retrieved from /home/sneha/spotify_airflow_project/venv/lib/python3.12/site-packages/airflow/example_dags/example_sensor_decorator.py
[2026-01-07T12:05:23.428+0530] {logging_mixin.py:190} INFO - [2026-01-07T12:05:23.427+0530] {dag.py:3239} INFO - Sync 1 DAGs
[2026-01-07T12:05:23.439+0530] {logging_mixin.py:190} INFO - [2026-01-07T12:05:23.439+0530] {dag.py:4180} INFO - Setting next_dagrun for example_sensor_decorator to None, run_after=None
[2026-01-07T12:05:23.459+0530] {processor.py:208} INFO - Processing /home/sneha/spotify_airflow_project/venv/lib/python3.12/site-packages/airflow/example_dags/example_sensor_decorator.py took 0.070 seconds
[2026-01-07T12:06:15.956+0530] {processor.py:186} INFO - Started process (PID=18191) to work on /home/sneha/spotify_airflow_project/venv/lib/python3.12/site-packages/airflow/example_dags/example_sensor_decorator.py
[2026-01-07T12:06:15.957+0530] {processor.py:914} INFO - Processing file /home/sneha/spotify_airflow_project/venv/lib/python3.12/site-packages/airflow/example_dags/example_sensor_decorator.py for tasks to queue
[2026-01-07T12:06:15.958+0530] {logging_mixin.py:190} INFO - [2026-01-07T12:06:15.958+0530] {dagbag.py:588} INFO - Filling up the DagBag from /home/sneha/spotify_airflow_project/venv/lib/python3.12/site-packages/airflow/example_dags/example_sensor_decorator.py
[2026-01-07T12:06:15.964+0530] {processor.py:925} INFO - DAG(s) 'example_sensor_decorator' retrieved from /home/sneha/spotify_airflow_project/venv/lib/python3.12/site-packages/airflow/example_dags/example_sensor_decorator.py
[2026-01-07T12:06:15.980+0530] {logging_mixin.py:190} INFO - [2026-01-07T12:06:15.980+0530] {dag.py:3239} INFO - Sync 1 DAGs
[2026-01-07T12:06:15.992+0530] {logging_mixin.py:190} INFO - [2026-01-07T12:06:15.992+0530] {dag.py:4180} INFO - Setting next_dagrun for example_sensor_decorator to None, run_after=None
[2026-01-07T12:06:16.011+0530] {processor.py:208} INFO - Processing /home/sneha/spotify_airflow_project/venv/lib/python3.12/site-packages/airflow/example_dags/example_sensor_decorator.py took 0.064 seconds
[2026-01-07T12:07:11.134+0530] {processor.py:186} INFO - Started process (PID=18250) to work on /home/sneha/spotify_airflow_project/venv/lib/python3.12/site-packages/airflow/example_dags/example_sensor_decorator.py
[2026-01-07T12:07:11.135+0530] {processor.py:914} INFO - Processing file /home/sneha/spotify_airflow_project/venv/lib/python3.12/site-packages/airflow/example_dags/example_sensor_decorator.py for tasks to queue
[2026-01-07T12:07:11.137+0530] {logging_mixin.py:190} INFO - [2026-01-07T12:07:11.136+0530] {dagbag.py:588} INFO - Filling up the DagBag from /home/sneha/spotify_airflow_project/venv/lib/python3.12/site-packages/airflow/example_dags/example_sensor_decorator.py
[2026-01-07T12:07:11.143+0530] {processor.py:925} INFO - DAG(s) 'example_sensor_decorator' retrieved from /home/sneha/spotify_airflow_project/venv/lib/python3.12/site-packages/airflow/example_dags/example_sensor_decorator.py
[2026-01-07T12:07:11.160+0530] {logging_mixin.py:190} INFO - [2026-01-07T12:07:11.160+0530] {dag.py:3239} INFO - Sync 1 DAGs
[2026-01-07T12:07:11.172+0530] {logging_mixin.py:190} INFO - [2026-01-07T12:07:11.172+0530] {dag.py:4180} INFO - Setting next_dagrun for example_sensor_decorator to None, run_after=None
[2026-01-07T12:07:11.190+0530] {processor.py:208} INFO - Processing /home/sneha/spotify_airflow_project/venv/lib/python3.12/site-packages/airflow/example_dags/example_sensor_decorator.py took 0.068 seconds
[2026-01-07T12:08:03.900+0530] {processor.py:186} INFO - Started process (PID=18306) to work on /home/sneha/spotify_airflow_project/venv/lib/python3.12/site-packages/airflow/example_dags/example_sensor_decorator.py
[2026-01-07T12:08:03.911+0530] {processor.py:914} INFO - Processing file /home/sneha/spotify_airflow_project/venv/lib/python3.12/site-packages/airflow/example_dags/example_sensor_decorator.py for tasks to queue
[2026-01-07T12:08:03.914+0530] {logging_mixin.py:190} INFO - [2026-01-07T12:08:03.913+0530] {dagbag.py:588} INFO - Filling up the DagBag from /home/sneha/spotify_airflow_project/venv/lib/python3.12/site-packages/airflow/example_dags/example_sensor_decorator.py
[2026-01-07T12:08:03.920+0530] {processor.py:925} INFO - DAG(s) 'example_sensor_decorator' retrieved from /home/sneha/spotify_airflow_project/venv/lib/python3.12/site-packages/airflow/example_dags/example_sensor_decorator.py
[2026-01-07T12:08:03.937+0530] {logging_mixin.py:190} INFO - [2026-01-07T12:08:03.937+0530] {dag.py:3239} INFO - Sync 1 DAGs
[2026-01-07T12:08:03.949+0530] {logging_mixin.py:190} INFO - [2026-01-07T12:08:03.948+0530] {dag.py:4180} INFO - Setting next_dagrun for example_sensor_decorator to None, run_after=None
[2026-01-07T12:08:03.969+0530] {processor.py:208} INFO - Processing /home/sneha/spotify_airflow_project/venv/lib/python3.12/site-packages/airflow/example_dags/example_sensor_decorator.py took 0.080 seconds
[2026-01-07T12:08:57.434+0530] {processor.py:186} INFO - Started process (PID=18364) to work on /home/sneha/spotify_airflow_project/venv/lib/python3.12/site-packages/airflow/example_dags/example_sensor_decorator.py
[2026-01-07T12:08:57.435+0530] {processor.py:914} INFO - Processing file /home/sneha/spotify_airflow_project/venv/lib/python3.12/site-packages/airflow/example_dags/example_sensor_decorator.py for tasks to queue
[2026-01-07T12:08:57.436+0530] {logging_mixin.py:190} INFO - [2026-01-07T12:08:57.436+0530] {dagbag.py:588} INFO - Filling up the DagBag from /home/sneha/spotify_airflow_project/venv/lib/python3.12/site-packages/airflow/example_dags/example_sensor_decorator.py
[2026-01-07T12:08:57.442+0530] {processor.py:925} INFO - DAG(s) 'example_sensor_decorator' retrieved from /home/sneha/spotify_airflow_project/venv/lib/python3.12/site-packages/airflow/example_dags/example_sensor_decorator.py
[2026-01-07T12:08:57.459+0530] {logging_mixin.py:190} INFO - [2026-01-07T12:08:57.458+0530] {dag.py:3239} INFO - Sync 1 DAGs
[2026-01-07T12:08:57.471+0530] {logging_mixin.py:190} INFO - [2026-01-07T12:08:57.471+0530] {dag.py:4180} INFO - Setting next_dagrun for example_sensor_decorator to None, run_after=None
[2026-01-07T12:08:57.491+0530] {processor.py:208} INFO - Processing /home/sneha/spotify_airflow_project/venv/lib/python3.12/site-packages/airflow/example_dags/example_sensor_decorator.py took 0.064 seconds
[2026-01-07T12:09:47.981+0530] {processor.py:186} INFO - Started process (PID=18419) to work on /home/sneha/spotify_airflow_project/venv/lib/python3.12/site-packages/airflow/example_dags/example_sensor_decorator.py
[2026-01-07T12:09:47.982+0530] {processor.py:914} INFO - Processing file /home/sneha/spotify_airflow_project/venv/lib/python3.12/site-packages/airflow/example_dags/example_sensor_decorator.py for tasks to queue
[2026-01-07T12:09:47.983+0530] {logging_mixin.py:190} INFO - [2026-01-07T12:09:47.983+0530] {dagbag.py:588} INFO - Filling up the DagBag from /home/sneha/spotify_airflow_project/venv/lib/python3.12/site-packages/airflow/example_dags/example_sensor_decorator.py
[2026-01-07T12:09:47.989+0530] {processor.py:925} INFO - DAG(s) 'example_sensor_decorator' retrieved from /home/sneha/spotify_airflow_project/venv/lib/python3.12/site-packages/airflow/example_dags/example_sensor_decorator.py
[2026-01-07T12:09:48.006+0530] {logging_mixin.py:190} INFO - [2026-01-07T12:09:48.005+0530] {dag.py:3239} INFO - Sync 1 DAGs
[2026-01-07T12:09:48.019+0530] {logging_mixin.py:190} INFO - [2026-01-07T12:09:48.019+0530] {dag.py:4180} INFO - Setting next_dagrun for example_sensor_decorator to None, run_after=None
[2026-01-07T12:09:48.038+0530] {processor.py:208} INFO - Processing /home/sneha/spotify_airflow_project/venv/lib/python3.12/site-packages/airflow/example_dags/example_sensor_decorator.py took 0.070 seconds
[2026-01-07T12:10:40.988+0530] {processor.py:186} INFO - Started process (PID=18537) to work on /home/sneha/spotify_airflow_project/venv/lib/python3.12/site-packages/airflow/example_dags/example_sensor_decorator.py
[2026-01-07T12:10:40.989+0530] {processor.py:914} INFO - Processing file /home/sneha/spotify_airflow_project/venv/lib/python3.12/site-packages/airflow/example_dags/example_sensor_decorator.py for tasks to queue
[2026-01-07T12:10:40.991+0530] {logging_mixin.py:190} INFO - [2026-01-07T12:10:40.990+0530] {dagbag.py:588} INFO - Filling up the DagBag from /home/sneha/spotify_airflow_project/venv/lib/python3.12/site-packages/airflow/example_dags/example_sensor_decorator.py
[2026-01-07T12:10:40.996+0530] {processor.py:925} INFO - DAG(s) 'example_sensor_decorator' retrieved from /home/sneha/spotify_airflow_project/venv/lib/python3.12/site-packages/airflow/example_dags/example_sensor_decorator.py
[2026-01-07T12:10:41.012+0530] {logging_mixin.py:190} INFO - [2026-01-07T12:10:41.012+0530] {dag.py:3239} INFO - Sync 1 DAGs
[2026-01-07T12:10:41.024+0530] {logging_mixin.py:190} INFO - [2026-01-07T12:10:41.024+0530] {dag.py:4180} INFO - Setting next_dagrun for example_sensor_decorator to None, run_after=None
[2026-01-07T12:10:41.041+0530] {processor.py:208} INFO - Processing /home/sneha/spotify_airflow_project/venv/lib/python3.12/site-packages/airflow/example_dags/example_sensor_decorator.py took 0.064 seconds
[2026-01-07T12:11:32.656+0530] {processor.py:186} INFO - Started process (PID=18593) to work on /home/sneha/spotify_airflow_project/venv/lib/python3.12/site-packages/airflow/example_dags/example_sensor_decorator.py
[2026-01-07T12:11:32.657+0530] {processor.py:914} INFO - Processing file /home/sneha/spotify_airflow_project/venv/lib/python3.12/site-packages/airflow/example_dags/example_sensor_decorator.py for tasks to queue
[2026-01-07T12:11:32.658+0530] {logging_mixin.py:190} INFO - [2026-01-07T12:11:32.658+0530] {dagbag.py:588} INFO - Filling up the DagBag from /home/sneha/spotify_airflow_project/venv/lib/python3.12/site-packages/airflow/example_dags/example_sensor_decorator.py
[2026-01-07T12:11:32.664+0530] {processor.py:925} INFO - DAG(s) 'example_sensor_decorator' retrieved from /home/sneha/spotify_airflow_project/venv/lib/python3.12/site-packages/airflow/example_dags/example_sensor_decorator.py
[2026-01-07T12:11:32.679+0530] {logging_mixin.py:190} INFO - [2026-01-07T12:11:32.679+0530] {dag.py:3239} INFO - Sync 1 DAGs
[2026-01-07T12:11:32.691+0530] {logging_mixin.py:190} INFO - [2026-01-07T12:11:32.690+0530] {dag.py:4180} INFO - Setting next_dagrun for example_sensor_decorator to None, run_after=None
[2026-01-07T12:11:32.708+0530] {processor.py:208} INFO - Processing /home/sneha/spotify_airflow_project/venv/lib/python3.12/site-packages/airflow/example_dags/example_sensor_decorator.py took 0.063 seconds
[2026-01-07T12:12:26.643+0530] {processor.py:186} INFO - Started process (PID=18650) to work on /home/sneha/spotify_airflow_project/venv/lib/python3.12/site-packages/airflow/example_dags/example_sensor_decorator.py
[2026-01-07T12:12:26.644+0530] {processor.py:914} INFO - Processing file /home/sneha/spotify_airflow_project/venv/lib/python3.12/site-packages/airflow/example_dags/example_sensor_decorator.py for tasks to queue
[2026-01-07T12:12:26.645+0530] {logging_mixin.py:190} INFO - [2026-01-07T12:12:26.645+0530] {dagbag.py:588} INFO - Filling up the DagBag from /home/sneha/spotify_airflow_project/venv/lib/python3.12/site-packages/airflow/example_dags/example_sensor_decorator.py
[2026-01-07T12:12:26.651+0530] {processor.py:925} INFO - DAG(s) 'example_sensor_decorator' retrieved from /home/sneha/spotify_airflow_project/venv/lib/python3.12/site-packages/airflow/example_dags/example_sensor_decorator.py
[2026-01-07T12:12:26.667+0530] {logging_mixin.py:190} INFO - [2026-01-07T12:12:26.667+0530] {dag.py:3239} INFO - Sync 1 DAGs
[2026-01-07T12:12:26.679+0530] {logging_mixin.py:190} INFO - [2026-01-07T12:12:26.678+0530] {dag.py:4180} INFO - Setting next_dagrun for example_sensor_decorator to None, run_after=None
[2026-01-07T12:12:26.696+0530] {processor.py:208} INFO - Processing /home/sneha/spotify_airflow_project/venv/lib/python3.12/site-packages/airflow/example_dags/example_sensor_decorator.py took 0.063 seconds
[2026-01-07T12:13:20.211+0530] {processor.py:186} INFO - Started process (PID=18716) to work on /home/sneha/spotify_airflow_project/venv/lib/python3.12/site-packages/airflow/example_dags/example_sensor_decorator.py
[2026-01-07T12:13:20.222+0530] {processor.py:914} INFO - Processing file /home/sneha/spotify_airflow_project/venv/lib/python3.12/site-packages/airflow/example_dags/example_sensor_decorator.py for tasks to queue
[2026-01-07T12:13:20.224+0530] {logging_mixin.py:190} INFO - [2026-01-07T12:13:20.223+0530] {dagbag.py:588} INFO - Filling up the DagBag from /home/sneha/spotify_airflow_project/venv/lib/python3.12/site-packages/airflow/example_dags/example_sensor_decorator.py
[2026-01-07T12:13:20.231+0530] {processor.py:925} INFO - DAG(s) 'example_sensor_decorator' retrieved from /home/sneha/spotify_airflow_project/venv/lib/python3.12/site-packages/airflow/example_dags/example_sensor_decorator.py
[2026-01-07T12:13:20.247+0530] {logging_mixin.py:190} INFO - [2026-01-07T12:13:20.247+0530] {dag.py:3239} INFO - Sync 1 DAGs
[2026-01-07T12:13:20.258+0530] {logging_mixin.py:190} INFO - [2026-01-07T12:13:20.258+0530] {dag.py:4180} INFO - Setting next_dagrun for example_sensor_decorator to None, run_after=None
[2026-01-07T12:13:20.276+0530] {processor.py:208} INFO - Processing /home/sneha/spotify_airflow_project/venv/lib/python3.12/site-packages/airflow/example_dags/example_sensor_decorator.py took 0.076 seconds
[2026-01-07T12:14:14.099+0530] {processor.py:186} INFO - Started process (PID=18880) to work on /home/sneha/spotify_airflow_project/venv/lib/python3.12/site-packages/airflow/example_dags/example_sensor_decorator.py
[2026-01-07T12:14:14.100+0530] {processor.py:914} INFO - Processing file /home/sneha/spotify_airflow_project/venv/lib/python3.12/site-packages/airflow/example_dags/example_sensor_decorator.py for tasks to queue
[2026-01-07T12:14:14.101+0530] {logging_mixin.py:190} INFO - [2026-01-07T12:14:14.100+0530] {dagbag.py:588} INFO - Filling up the DagBag from /home/sneha/spotify_airflow_project/venv/lib/python3.12/site-packages/airflow/example_dags/example_sensor_decorator.py
[2026-01-07T12:14:14.108+0530] {processor.py:925} INFO - DAG(s) 'example_sensor_decorator' retrieved from /home/sneha/spotify_airflow_project/venv/lib/python3.12/site-packages/airflow/example_dags/example_sensor_decorator.py
[2026-01-07T12:14:14.126+0530] {logging_mixin.py:190} INFO - [2026-01-07T12:14:14.125+0530] {dag.py:3239} INFO - Sync 1 DAGs
[2026-01-07T12:14:14.138+0530] {logging_mixin.py:190} INFO - [2026-01-07T12:14:14.137+0530] {dag.py:4180} INFO - Setting next_dagrun for example_sensor_decorator to None, run_after=None
[2026-01-07T12:14:14.155+0530] {processor.py:208} INFO - Processing /home/sneha/spotify_airflow_project/venv/lib/python3.12/site-packages/airflow/example_dags/example_sensor_decorator.py took 0.066 seconds
[2026-01-07T12:15:07.530+0530] {processor.py:186} INFO - Started process (PID=18943) to work on /home/sneha/spotify_airflow_project/venv/lib/python3.12/site-packages/airflow/example_dags/example_sensor_decorator.py
[2026-01-07T12:15:07.531+0530] {processor.py:914} INFO - Processing file /home/sneha/spotify_airflow_project/venv/lib/python3.12/site-packages/airflow/example_dags/example_sensor_decorator.py for tasks to queue
[2026-01-07T12:15:07.532+0530] {logging_mixin.py:190} INFO - [2026-01-07T12:15:07.532+0530] {dagbag.py:588} INFO - Filling up the DagBag from /home/sneha/spotify_airflow_project/venv/lib/python3.12/site-packages/airflow/example_dags/example_sensor_decorator.py
[2026-01-07T12:15:07.538+0530] {processor.py:925} INFO - DAG(s) 'example_sensor_decorator' retrieved from /home/sneha/spotify_airflow_project/venv/lib/python3.12/site-packages/airflow/example_dags/example_sensor_decorator.py
[2026-01-07T12:15:07.556+0530] {logging_mixin.py:190} INFO - [2026-01-07T12:15:07.555+0530] {dag.py:3239} INFO - Sync 1 DAGs
[2026-01-07T12:15:07.569+0530] {logging_mixin.py:190} INFO - [2026-01-07T12:15:07.568+0530] {dag.py:4180} INFO - Setting next_dagrun for example_sensor_decorator to None, run_after=None
[2026-01-07T12:15:07.586+0530] {processor.py:208} INFO - Processing /home/sneha/spotify_airflow_project/venv/lib/python3.12/site-packages/airflow/example_dags/example_sensor_decorator.py took 0.065 seconds
[2026-01-07T12:16:01.809+0530] {processor.py:186} INFO - Started process (PID=19018) to work on /home/sneha/spotify_airflow_project/venv/lib/python3.12/site-packages/airflow/example_dags/example_sensor_decorator.py
[2026-01-07T12:16:01.810+0530] {processor.py:914} INFO - Processing file /home/sneha/spotify_airflow_project/venv/lib/python3.12/site-packages/airflow/example_dags/example_sensor_decorator.py for tasks to queue
[2026-01-07T12:16:01.811+0530] {logging_mixin.py:190} INFO - [2026-01-07T12:16:01.811+0530] {dagbag.py:588} INFO - Filling up the DagBag from /home/sneha/spotify_airflow_project/venv/lib/python3.12/site-packages/airflow/example_dags/example_sensor_decorator.py
[2026-01-07T12:16:01.818+0530] {processor.py:925} INFO - DAG(s) 'example_sensor_decorator' retrieved from /home/sneha/spotify_airflow_project/venv/lib/python3.12/site-packages/airflow/example_dags/example_sensor_decorator.py
[2026-01-07T12:16:01.836+0530] {logging_mixin.py:190} INFO - [2026-01-07T12:16:01.836+0530] {dag.py:3239} INFO - Sync 1 DAGs
[2026-01-07T12:16:01.848+0530] {logging_mixin.py:190} INFO - [2026-01-07T12:16:01.848+0530] {dag.py:4180} INFO - Setting next_dagrun for example_sensor_decorator to None, run_after=None
[2026-01-07T12:16:01.865+0530] {processor.py:208} INFO - Processing /home/sneha/spotify_airflow_project/venv/lib/python3.12/site-packages/airflow/example_dags/example_sensor_decorator.py took 0.066 seconds
[2026-01-07T12:16:58.670+0530] {processor.py:186} INFO - Started process (PID=19080) to work on /home/sneha/spotify_airflow_project/venv/lib/python3.12/site-packages/airflow/example_dags/example_sensor_decorator.py
[2026-01-07T12:16:58.672+0530] {processor.py:914} INFO - Processing file /home/sneha/spotify_airflow_project/venv/lib/python3.12/site-packages/airflow/example_dags/example_sensor_decorator.py for tasks to queue
[2026-01-07T12:16:58.673+0530] {logging_mixin.py:190} INFO - [2026-01-07T12:16:58.673+0530] {dagbag.py:588} INFO - Filling up the DagBag from /home/sneha/spotify_airflow_project/venv/lib/python3.12/site-packages/airflow/example_dags/example_sensor_decorator.py
[2026-01-07T12:16:58.680+0530] {processor.py:925} INFO - DAG(s) 'example_sensor_decorator' retrieved from /home/sneha/spotify_airflow_project/venv/lib/python3.12/site-packages/airflow/example_dags/example_sensor_decorator.py
[2026-01-07T12:16:58.698+0530] {logging_mixin.py:190} INFO - [2026-01-07T12:16:58.698+0530] {dag.py:3239} INFO - Sync 1 DAGs
[2026-01-07T12:16:58.710+0530] {logging_mixin.py:190} INFO - [2026-01-07T12:16:58.710+0530] {dag.py:4180} INFO - Setting next_dagrun for example_sensor_decorator to None, run_after=None
[2026-01-07T12:16:58.728+0530] {processor.py:208} INFO - Processing /home/sneha/spotify_airflow_project/venv/lib/python3.12/site-packages/airflow/example_dags/example_sensor_decorator.py took 0.070 seconds
[2026-01-07T12:17:54.093+0530] {processor.py:186} INFO - Started process (PID=19140) to work on /home/sneha/spotify_airflow_project/venv/lib/python3.12/site-packages/airflow/example_dags/example_sensor_decorator.py
[2026-01-07T12:17:54.094+0530] {processor.py:914} INFO - Processing file /home/sneha/spotify_airflow_project/venv/lib/python3.12/site-packages/airflow/example_dags/example_sensor_decorator.py for tasks to queue
[2026-01-07T12:17:54.095+0530] {logging_mixin.py:190} INFO - [2026-01-07T12:17:54.095+0530] {dagbag.py:588} INFO - Filling up the DagBag from /home/sneha/spotify_airflow_project/venv/lib/python3.12/site-packages/airflow/example_dags/example_sensor_decorator.py
[2026-01-07T12:17:54.101+0530] {processor.py:925} INFO - DAG(s) 'example_sensor_decorator' retrieved from /home/sneha/spotify_airflow_project/venv/lib/python3.12/site-packages/airflow/example_dags/example_sensor_decorator.py
[2026-01-07T12:17:54.118+0530] {logging_mixin.py:190} INFO - [2026-01-07T12:17:54.118+0530] {dag.py:3239} INFO - Sync 1 DAGs
[2026-01-07T12:17:54.130+0530] {logging_mixin.py:190} INFO - [2026-01-07T12:17:54.130+0530] {dag.py:4180} INFO - Setting next_dagrun for example_sensor_decorator to None, run_after=None
[2026-01-07T12:17:54.148+0530] {processor.py:208} INFO - Processing /home/sneha/spotify_airflow_project/venv/lib/python3.12/site-packages/airflow/example_dags/example_sensor_decorator.py took 0.063 seconds
[2026-01-07T12:18:50.101+0530] {processor.py:186} INFO - Started process (PID=19232) to work on /home/sneha/spotify_airflow_project/venv/lib/python3.12/site-packages/airflow/example_dags/example_sensor_decorator.py
[2026-01-07T12:18:50.102+0530] {processor.py:914} INFO - Processing file /home/sneha/spotify_airflow_project/venv/lib/python3.12/site-packages/airflow/example_dags/example_sensor_decorator.py for tasks to queue
[2026-01-07T12:18:50.104+0530] {logging_mixin.py:190} INFO - [2026-01-07T12:18:50.103+0530] {dagbag.py:588} INFO - Filling up the DagBag from /home/sneha/spotify_airflow_project/venv/lib/python3.12/site-packages/airflow/example_dags/example_sensor_decorator.py
[2026-01-07T12:18:50.110+0530] {processor.py:925} INFO - DAG(s) 'example_sensor_decorator' retrieved from /home/sneha/spotify_airflow_project/venv/lib/python3.12/site-packages/airflow/example_dags/example_sensor_decorator.py
[2026-01-07T12:18:50.127+0530] {logging_mixin.py:190} INFO - [2026-01-07T12:18:50.127+0530] {dag.py:3239} INFO - Sync 1 DAGs
[2026-01-07T12:18:50.140+0530] {logging_mixin.py:190} INFO - [2026-01-07T12:18:50.139+0530] {dag.py:4180} INFO - Setting next_dagrun for example_sensor_decorator to None, run_after=None
[2026-01-07T12:18:50.160+0530] {processor.py:208} INFO - Processing /home/sneha/spotify_airflow_project/venv/lib/python3.12/site-packages/airflow/example_dags/example_sensor_decorator.py took 0.073 seconds
[2026-01-07T12:19:48.108+0530] {processor.py:186} INFO - Started process (PID=19368) to work on /home/sneha/spotify_airflow_project/venv/lib/python3.12/site-packages/airflow/example_dags/example_sensor_decorator.py
[2026-01-07T12:19:48.109+0530] {processor.py:914} INFO - Processing file /home/sneha/spotify_airflow_project/venv/lib/python3.12/site-packages/airflow/example_dags/example_sensor_decorator.py for tasks to queue
[2026-01-07T12:19:48.110+0530] {logging_mixin.py:190} INFO - [2026-01-07T12:19:48.110+0530] {dagbag.py:588} INFO - Filling up the DagBag from /home/sneha/spotify_airflow_project/venv/lib/python3.12/site-packages/airflow/example_dags/example_sensor_decorator.py
[2026-01-07T12:19:48.116+0530] {processor.py:925} INFO - DAG(s) 'example_sensor_decorator' retrieved from /home/sneha/spotify_airflow_project/venv/lib/python3.12/site-packages/airflow/example_dags/example_sensor_decorator.py
[2026-01-07T12:19:48.133+0530] {logging_mixin.py:190} INFO - [2026-01-07T12:19:48.133+0530] {dag.py:3239} INFO - Sync 1 DAGs
[2026-01-07T12:19:48.144+0530] {logging_mixin.py:190} INFO - [2026-01-07T12:19:48.144+0530] {dag.py:4180} INFO - Setting next_dagrun for example_sensor_decorator to None, run_after=None
[2026-01-07T12:19:48.163+0530] {processor.py:208} INFO - Processing /home/sneha/spotify_airflow_project/venv/lib/python3.12/site-packages/airflow/example_dags/example_sensor_decorator.py took 0.068 seconds
