[2026-01-07T11:47:44.850+0530] {processor.py:186} INFO - Started process (PID=7526) to work on /home/sneha/spotify_astro_project/venv/lib/python3.12/site-packages/airflow/example_dags/example_datasets.py
[2026-01-07T11:47:44.851+0530] {processor.py:914} INFO - Processing file /home/sneha/spotify_astro_project/venv/lib/python3.12/site-packages/airflow/example_dags/example_datasets.py for tasks to queue
[2026-01-07T11:47:44.852+0530] {logging_mixin.py:190} INFO - [2026-01-07T11:47:44.852+0530] {dagbag.py:588} INFO - Filling up the DagBag from /home/sneha/spotify_astro_project/venv/lib/python3.12/site-packages/airflow/example_dags/example_datasets.py
[2026-01-07T11:47:44.864+0530] {processor.py:925} INFO - DAG(s) 'consume_1_or_2_with_dataset_expressions', 'dataset_produces_2', 'dataset_consumes_1', 'dataset_consumes_1_never_scheduled', 'conditional_dataset_and_time_based_timetable', 'dataset_produces_1', 'dataset_consumes_unknown_never_scheduled', 'consume_1_or_both_2_and_3_with_dataset_expressions', 'dataset_consumes_1_and_2', 'consume_1_and_2_with_dataset_expressions' retrieved from /home/sneha/spotify_astro_project/venv/lib/python3.12/site-packages/airflow/example_dags/example_datasets.py
[2026-01-07T11:47:45.074+0530] {logging_mixin.py:190} INFO - [2026-01-07T11:47:45.074+0530] {dag.py:3239} INFO - Sync 10 DAGs
[2026-01-07T11:47:45.091+0530] {logging_mixin.py:190} INFO - [2026-01-07T11:47:45.091+0530] {dag.py:4180} INFO - Setting next_dagrun for conditional_dataset_and_time_based_timetable to 2026-01-07 01:00:00+00:00, run_after=2026-01-07 01:00:00+00:00
[2026-01-07T11:47:45.094+0530] {logging_mixin.py:190} INFO - [2026-01-07T11:47:45.094+0530] {dag.py:4180} INFO - Setting next_dagrun for consume_1_and_2_with_dataset_expressions to None, run_after=None
[2026-01-07T11:47:45.095+0530] {logging_mixin.py:190} INFO - [2026-01-07T11:47:45.095+0530] {dag.py:4180} INFO - Setting next_dagrun for consume_1_or_2_with_dataset_expressions to None, run_after=None
[2026-01-07T11:47:45.096+0530] {logging_mixin.py:190} INFO - [2026-01-07T11:47:45.096+0530] {dag.py:4180} INFO - Setting next_dagrun for consume_1_or_both_2_and_3_with_dataset_expressions to None, run_after=None
[2026-01-07T11:47:45.097+0530] {logging_mixin.py:190} INFO - [2026-01-07T11:47:45.097+0530] {dag.py:4180} INFO - Setting next_dagrun for dataset_consumes_1 to None, run_after=None
[2026-01-07T11:47:45.098+0530] {logging_mixin.py:190} INFO - [2026-01-07T11:47:45.098+0530] {dag.py:4180} INFO - Setting next_dagrun for dataset_consumes_1_and_2 to None, run_after=None
[2026-01-07T11:47:45.099+0530] {logging_mixin.py:190} INFO - [2026-01-07T11:47:45.099+0530] {dag.py:4180} INFO - Setting next_dagrun for dataset_consumes_1_never_scheduled to None, run_after=None
[2026-01-07T11:47:45.100+0530] {logging_mixin.py:190} INFO - [2026-01-07T11:47:45.100+0530] {dag.py:4180} INFO - Setting next_dagrun for dataset_consumes_unknown_never_scheduled to None, run_after=None
[2026-01-07T11:47:45.102+0530] {logging_mixin.py:190} INFO - [2026-01-07T11:47:45.102+0530] {dag.py:4180} INFO - Setting next_dagrun for dataset_produces_1 to 2026-01-06 00:00:00+00:00, run_after=2026-01-07 00:00:00+00:00
[2026-01-07T11:47:45.102+0530] {logging_mixin.py:190} INFO - [2026-01-07T11:47:45.102+0530] {dag.py:4180} INFO - Setting next_dagrun for dataset_produces_2 to None, run_after=None
[2026-01-07T11:47:45.266+0530] {processor.py:208} INFO - Processing /home/sneha/spotify_astro_project/venv/lib/python3.12/site-packages/airflow/example_dags/example_datasets.py took 0.428 seconds
[2026-01-07T11:48:50.416+0530] {processor.py:186} INFO - Started process (PID=7981) to work on /home/sneha/spotify_astro_project/venv/lib/python3.12/site-packages/airflow/example_dags/example_datasets.py
[2026-01-07T11:48:50.417+0530] {processor.py:914} INFO - Processing file /home/sneha/spotify_astro_project/venv/lib/python3.12/site-packages/airflow/example_dags/example_datasets.py for tasks to queue
[2026-01-07T11:48:50.418+0530] {logging_mixin.py:190} INFO - [2026-01-07T11:48:50.418+0530] {dagbag.py:588} INFO - Filling up the DagBag from /home/sneha/spotify_astro_project/venv/lib/python3.12/site-packages/airflow/example_dags/example_datasets.py
[2026-01-07T11:48:50.433+0530] {processor.py:925} INFO - DAG(s) 'consume_1_or_both_2_and_3_with_dataset_expressions', 'conditional_dataset_and_time_based_timetable', 'dataset_consumes_1_and_2', 'dataset_produces_1', 'dataset_consumes_unknown_never_scheduled', 'dataset_consumes_1_never_scheduled', 'dataset_produces_2', 'consume_1_and_2_with_dataset_expressions', 'consume_1_or_2_with_dataset_expressions', 'dataset_consumes_1' retrieved from /home/sneha/spotify_astro_project/venv/lib/python3.12/site-packages/airflow/example_dags/example_datasets.py
[2026-01-07T11:48:50.472+0530] {logging_mixin.py:190} INFO - [2026-01-07T11:48:50.472+0530] {dag.py:3239} INFO - Sync 10 DAGs
[2026-01-07T11:48:50.493+0530] {logging_mixin.py:190} INFO - [2026-01-07T11:48:50.493+0530] {dag.py:4180} INFO - Setting next_dagrun for conditional_dataset_and_time_based_timetable to 2026-01-07 01:00:00+00:00, run_after=2026-01-07 01:00:00+00:00
[2026-01-07T11:48:50.496+0530] {logging_mixin.py:190} INFO - [2026-01-07T11:48:50.496+0530] {dag.py:4180} INFO - Setting next_dagrun for consume_1_and_2_with_dataset_expressions to None, run_after=None
[2026-01-07T11:48:50.497+0530] {logging_mixin.py:190} INFO - [2026-01-07T11:48:50.497+0530] {dag.py:4180} INFO - Setting next_dagrun for consume_1_or_2_with_dataset_expressions to None, run_after=None
[2026-01-07T11:48:50.498+0530] {logging_mixin.py:190} INFO - [2026-01-07T11:48:50.498+0530] {dag.py:4180} INFO - Setting next_dagrun for consume_1_or_both_2_and_3_with_dataset_expressions to None, run_after=None
[2026-01-07T11:48:50.499+0530] {logging_mixin.py:190} INFO - [2026-01-07T11:48:50.499+0530] {dag.py:4180} INFO - Setting next_dagrun for dataset_consumes_1 to None, run_after=None
[2026-01-07T11:48:50.499+0530] {logging_mixin.py:190} INFO - [2026-01-07T11:48:50.499+0530] {dag.py:4180} INFO - Setting next_dagrun for dataset_consumes_1_and_2 to None, run_after=None
[2026-01-07T11:48:50.500+0530] {logging_mixin.py:190} INFO - [2026-01-07T11:48:50.500+0530] {dag.py:4180} INFO - Setting next_dagrun for dataset_consumes_1_never_scheduled to None, run_after=None
[2026-01-07T11:48:50.501+0530] {logging_mixin.py:190} INFO - [2026-01-07T11:48:50.501+0530] {dag.py:4180} INFO - Setting next_dagrun for dataset_consumes_unknown_never_scheduled to None, run_after=None
[2026-01-07T11:48:50.503+0530] {logging_mixin.py:190} INFO - [2026-01-07T11:48:50.502+0530] {dag.py:4180} INFO - Setting next_dagrun for dataset_produces_1 to 2026-01-06 00:00:00+00:00, run_after=2026-01-07 00:00:00+00:00
[2026-01-07T11:48:50.503+0530] {logging_mixin.py:190} INFO - [2026-01-07T11:48:50.503+0530] {dag.py:4180} INFO - Setting next_dagrun for dataset_produces_2 to None, run_after=None
[2026-01-07T11:48:50.533+0530] {processor.py:208} INFO - Processing /home/sneha/spotify_astro_project/venv/lib/python3.12/site-packages/airflow/example_dags/example_datasets.py took 0.124 seconds
[2026-01-07T11:49:51.993+0530] {processor.py:186} INFO - Started process (PID=8401) to work on /home/sneha/spotify_astro_project/venv/lib/python3.12/site-packages/airflow/example_dags/example_datasets.py
[2026-01-07T11:49:51.994+0530] {processor.py:914} INFO - Processing file /home/sneha/spotify_astro_project/venv/lib/python3.12/site-packages/airflow/example_dags/example_datasets.py for tasks to queue
[2026-01-07T11:49:51.995+0530] {logging_mixin.py:190} INFO - [2026-01-07T11:49:51.995+0530] {dagbag.py:588} INFO - Filling up the DagBag from /home/sneha/spotify_astro_project/venv/lib/python3.12/site-packages/airflow/example_dags/example_datasets.py
[2026-01-07T11:49:52.007+0530] {processor.py:925} INFO - DAG(s) 'dataset_consumes_unknown_never_scheduled', 'dataset_consumes_1_never_scheduled', 'dataset_consumes_1_and_2', 'dataset_produces_1', 'dataset_consumes_1', 'consume_1_and_2_with_dataset_expressions', 'consume_1_or_both_2_and_3_with_dataset_expressions', 'dataset_produces_2', 'conditional_dataset_and_time_based_timetable', 'consume_1_or_2_with_dataset_expressions' retrieved from /home/sneha/spotify_astro_project/venv/lib/python3.12/site-packages/airflow/example_dags/example_datasets.py
[2026-01-07T11:49:52.043+0530] {logging_mixin.py:190} INFO - [2026-01-07T11:49:52.042+0530] {dag.py:3239} INFO - Sync 10 DAGs
[2026-01-07T11:49:52.191+0530] {logging_mixin.py:190} INFO - [2026-01-07T11:49:52.191+0530] {dag.py:4180} INFO - Setting next_dagrun for conditional_dataset_and_time_based_timetable to 2026-01-07 01:00:00+00:00, run_after=2026-01-07 01:00:00+00:00
[2026-01-07T11:49:52.193+0530] {logging_mixin.py:190} INFO - [2026-01-07T11:49:52.193+0530] {dag.py:4180} INFO - Setting next_dagrun for consume_1_and_2_with_dataset_expressions to None, run_after=None
[2026-01-07T11:49:52.194+0530] {logging_mixin.py:190} INFO - [2026-01-07T11:49:52.194+0530] {dag.py:4180} INFO - Setting next_dagrun for consume_1_or_2_with_dataset_expressions to None, run_after=None
[2026-01-07T11:49:52.195+0530] {logging_mixin.py:190} INFO - [2026-01-07T11:49:52.195+0530] {dag.py:4180} INFO - Setting next_dagrun for consume_1_or_both_2_and_3_with_dataset_expressions to None, run_after=None
[2026-01-07T11:49:52.196+0530] {logging_mixin.py:190} INFO - [2026-01-07T11:49:52.196+0530] {dag.py:4180} INFO - Setting next_dagrun for dataset_consumes_1 to None, run_after=None
[2026-01-07T11:49:52.197+0530] {logging_mixin.py:190} INFO - [2026-01-07T11:49:52.197+0530] {dag.py:4180} INFO - Setting next_dagrun for dataset_consumes_1_and_2 to None, run_after=None
[2026-01-07T11:49:52.197+0530] {logging_mixin.py:190} INFO - [2026-01-07T11:49:52.197+0530] {dag.py:4180} INFO - Setting next_dagrun for dataset_consumes_1_never_scheduled to None, run_after=None
[2026-01-07T11:49:52.198+0530] {logging_mixin.py:190} INFO - [2026-01-07T11:49:52.198+0530] {dag.py:4180} INFO - Setting next_dagrun for dataset_consumes_unknown_never_scheduled to None, run_after=None
[2026-01-07T11:49:52.200+0530] {logging_mixin.py:190} INFO - [2026-01-07T11:49:52.200+0530] {dag.py:4180} INFO - Setting next_dagrun for dataset_produces_1 to 2026-01-06 00:00:00+00:00, run_after=2026-01-07 00:00:00+00:00
[2026-01-07T11:49:52.201+0530] {logging_mixin.py:190} INFO - [2026-01-07T11:49:52.201+0530] {dag.py:4180} INFO - Setting next_dagrun for dataset_produces_2 to None, run_after=None
[2026-01-07T11:49:52.226+0530] {processor.py:208} INFO - Processing /home/sneha/spotify_astro_project/venv/lib/python3.12/site-packages/airflow/example_dags/example_datasets.py took 0.241 seconds
[2026-01-07T11:51:08.231+0530] {processor.py:186} INFO - Started process (PID=9050) to work on /home/sneha/spotify_astro_project/venv/lib/python3.12/site-packages/airflow/example_dags/example_datasets.py
[2026-01-07T11:51:08.232+0530] {processor.py:914} INFO - Processing file /home/sneha/spotify_astro_project/venv/lib/python3.12/site-packages/airflow/example_dags/example_datasets.py for tasks to queue
[2026-01-07T11:51:08.233+0530] {logging_mixin.py:190} INFO - [2026-01-07T11:51:08.233+0530] {dagbag.py:588} INFO - Filling up the DagBag from /home/sneha/spotify_astro_project/venv/lib/python3.12/site-packages/airflow/example_dags/example_datasets.py
[2026-01-07T11:51:08.246+0530] {processor.py:925} INFO - DAG(s) 'conditional_dataset_and_time_based_timetable', 'dataset_produces_2', 'dataset_consumes_1_never_scheduled', 'dataset_consumes_unknown_never_scheduled', 'dataset_consumes_1', 'consume_1_or_2_with_dataset_expressions', 'dataset_produces_1', 'consume_1_or_both_2_and_3_with_dataset_expressions', 'consume_1_and_2_with_dataset_expressions', 'dataset_consumes_1_and_2' retrieved from /home/sneha/spotify_astro_project/venv/lib/python3.12/site-packages/airflow/example_dags/example_datasets.py
[2026-01-07T11:51:08.284+0530] {logging_mixin.py:190} INFO - [2026-01-07T11:51:08.284+0530] {dag.py:3239} INFO - Sync 10 DAGs
[2026-01-07T11:51:08.311+0530] {logging_mixin.py:190} INFO - [2026-01-07T11:51:08.310+0530] {dag.py:4180} INFO - Setting next_dagrun for conditional_dataset_and_time_based_timetable to 2026-01-07 01:00:00+00:00, run_after=2026-01-07 01:00:00+00:00
[2026-01-07T11:51:08.314+0530] {logging_mixin.py:190} INFO - [2026-01-07T11:51:08.314+0530] {dag.py:4180} INFO - Setting next_dagrun for consume_1_and_2_with_dataset_expressions to None, run_after=None
[2026-01-07T11:51:08.315+0530] {logging_mixin.py:190} INFO - [2026-01-07T11:51:08.315+0530] {dag.py:4180} INFO - Setting next_dagrun for consume_1_or_2_with_dataset_expressions to None, run_after=None
[2026-01-07T11:51:08.316+0530] {logging_mixin.py:190} INFO - [2026-01-07T11:51:08.316+0530] {dag.py:4180} INFO - Setting next_dagrun for consume_1_or_both_2_and_3_with_dataset_expressions to None, run_after=None
[2026-01-07T11:51:08.316+0530] {logging_mixin.py:190} INFO - [2026-01-07T11:51:08.316+0530] {dag.py:4180} INFO - Setting next_dagrun for dataset_consumes_1 to None, run_after=None
[2026-01-07T11:51:08.317+0530] {logging_mixin.py:190} INFO - [2026-01-07T11:51:08.317+0530] {dag.py:4180} INFO - Setting next_dagrun for dataset_consumes_1_and_2 to None, run_after=None
[2026-01-07T11:51:08.318+0530] {logging_mixin.py:190} INFO - [2026-01-07T11:51:08.318+0530] {dag.py:4180} INFO - Setting next_dagrun for dataset_consumes_1_never_scheduled to None, run_after=None
[2026-01-07T11:51:08.319+0530] {logging_mixin.py:190} INFO - [2026-01-07T11:51:08.319+0530] {dag.py:4180} INFO - Setting next_dagrun for dataset_consumes_unknown_never_scheduled to None, run_after=None
[2026-01-07T11:51:08.321+0530] {logging_mixin.py:190} INFO - [2026-01-07T11:51:08.321+0530] {dag.py:4180} INFO - Setting next_dagrun for dataset_produces_1 to 2026-01-06 00:00:00+00:00, run_after=2026-01-07 00:00:00+00:00
[2026-01-07T11:51:08.322+0530] {logging_mixin.py:190} INFO - [2026-01-07T11:51:08.322+0530] {dag.py:4180} INFO - Setting next_dagrun for dataset_produces_2 to None, run_after=None
[2026-01-07T11:51:08.350+0530] {processor.py:208} INFO - Processing /home/sneha/spotify_astro_project/venv/lib/python3.12/site-packages/airflow/example_dags/example_datasets.py took 0.125 seconds
[2026-01-07T11:57:59.288+0530] {processor.py:186} INFO - Started process (PID=17126) to work on /home/sneha/spotify_airflow_project/venv/lib/python3.12/site-packages/airflow/example_dags/example_datasets.py
[2026-01-07T11:57:59.289+0530] {processor.py:914} INFO - Processing file /home/sneha/spotify_airflow_project/venv/lib/python3.12/site-packages/airflow/example_dags/example_datasets.py for tasks to queue
[2026-01-07T11:57:59.292+0530] {logging_mixin.py:190} INFO - [2026-01-07T11:57:59.291+0530] {dagbag.py:588} INFO - Filling up the DagBag from /home/sneha/spotify_airflow_project/venv/lib/python3.12/site-packages/airflow/example_dags/example_datasets.py
[2026-01-07T11:57:59.306+0530] {processor.py:925} INFO - DAG(s) 'consume_1_or_both_2_and_3_with_dataset_expressions', 'dataset_produces_1', 'consume_1_or_2_with_dataset_expressions', 'dataset_consumes_1_and_2', 'dataset_consumes_1_never_scheduled', 'dataset_consumes_unknown_never_scheduled', 'conditional_dataset_and_time_based_timetable', 'dataset_produces_2', 'consume_1_and_2_with_dataset_expressions', 'dataset_consumes_1' retrieved from /home/sneha/spotify_airflow_project/venv/lib/python3.12/site-packages/airflow/example_dags/example_datasets.py
[2026-01-07T11:57:59.520+0530] {logging_mixin.py:190} INFO - [2026-01-07T11:57:59.520+0530] {dag.py:3239} INFO - Sync 10 DAGs
[2026-01-07T11:57:59.559+0530] {logging_mixin.py:190} INFO - [2026-01-07T11:57:59.558+0530] {dag.py:4180} INFO - Setting next_dagrun for conditional_dataset_and_time_based_timetable to 2026-01-07 01:00:00+00:00, run_after=2026-01-07 01:00:00+00:00
[2026-01-07T11:57:59.726+0530] {logging_mixin.py:190} INFO - [2026-01-07T11:57:59.726+0530] {dag.py:4180} INFO - Setting next_dagrun for consume_1_and_2_with_dataset_expressions to None, run_after=None
[2026-01-07T11:57:59.729+0530] {logging_mixin.py:190} INFO - [2026-01-07T11:57:59.728+0530] {dag.py:4180} INFO - Setting next_dagrun for consume_1_or_2_with_dataset_expressions to None, run_after=None
[2026-01-07T11:57:59.731+0530] {logging_mixin.py:190} INFO - [2026-01-07T11:57:59.730+0530] {dag.py:4180} INFO - Setting next_dagrun for consume_1_or_both_2_and_3_with_dataset_expressions to None, run_after=None
[2026-01-07T11:57:59.732+0530] {logging_mixin.py:190} INFO - [2026-01-07T11:57:59.732+0530] {dag.py:4180} INFO - Setting next_dagrun for dataset_consumes_1 to None, run_after=None
[2026-01-07T11:57:59.734+0530] {logging_mixin.py:190} INFO - [2026-01-07T11:57:59.734+0530] {dag.py:4180} INFO - Setting next_dagrun for dataset_consumes_1_and_2 to None, run_after=None
[2026-01-07T11:57:59.736+0530] {logging_mixin.py:190} INFO - [2026-01-07T11:57:59.735+0530] {dag.py:4180} INFO - Setting next_dagrun for dataset_consumes_1_never_scheduled to None, run_after=None
[2026-01-07T11:57:59.738+0530] {logging_mixin.py:190} INFO - [2026-01-07T11:57:59.737+0530] {dag.py:4180} INFO - Setting next_dagrun for dataset_consumes_unknown_never_scheduled to None, run_after=None
[2026-01-07T11:57:59.742+0530] {logging_mixin.py:190} INFO - [2026-01-07T11:57:59.742+0530] {dag.py:4180} INFO - Setting next_dagrun for dataset_produces_1 to 2026-01-06 00:00:00+00:00, run_after=2026-01-07 00:00:00+00:00
[2026-01-07T11:57:59.745+0530] {logging_mixin.py:190} INFO - [2026-01-07T11:57:59.744+0530] {dag.py:4180} INFO - Setting next_dagrun for dataset_produces_2 to None, run_after=None
[2026-01-07T11:57:59.819+0530] {processor.py:208} INFO - Processing /home/sneha/spotify_airflow_project/venv/lib/python3.12/site-packages/airflow/example_dags/example_datasets.py took 0.545 seconds
[2026-01-07T11:58:56.995+0530] {processor.py:186} INFO - Started process (PID=17239) to work on /home/sneha/spotify_airflow_project/venv/lib/python3.12/site-packages/airflow/example_dags/example_datasets.py
[2026-01-07T11:58:56.996+0530] {processor.py:914} INFO - Processing file /home/sneha/spotify_airflow_project/venv/lib/python3.12/site-packages/airflow/example_dags/example_datasets.py for tasks to queue
[2026-01-07T11:58:56.997+0530] {logging_mixin.py:190} INFO - [2026-01-07T11:58:56.997+0530] {dagbag.py:588} INFO - Filling up the DagBag from /home/sneha/spotify_airflow_project/venv/lib/python3.12/site-packages/airflow/example_dags/example_datasets.py
[2026-01-07T11:58:57.009+0530] {processor.py:925} INFO - DAG(s) 'conditional_dataset_and_time_based_timetable', 'dataset_produces_2', 'dataset_consumes_1', 'consume_1_and_2_with_dataset_expressions', 'consume_1_or_2_with_dataset_expressions', 'dataset_produces_1', 'consume_1_or_both_2_and_3_with_dataset_expressions', 'dataset_consumes_1_and_2', 'dataset_consumes_1_never_scheduled', 'dataset_consumes_unknown_never_scheduled' retrieved from /home/sneha/spotify_airflow_project/venv/lib/python3.12/site-packages/airflow/example_dags/example_datasets.py
[2026-01-07T11:58:57.044+0530] {logging_mixin.py:190} INFO - [2026-01-07T11:58:57.044+0530] {dag.py:3239} INFO - Sync 10 DAGs
[2026-01-07T11:58:57.065+0530] {logging_mixin.py:190} INFO - [2026-01-07T11:58:57.064+0530] {dag.py:4180} INFO - Setting next_dagrun for conditional_dataset_and_time_based_timetable to 2026-01-07 01:00:00+00:00, run_after=2026-01-07 01:00:00+00:00
[2026-01-07T11:58:57.067+0530] {logging_mixin.py:190} INFO - [2026-01-07T11:58:57.067+0530] {dag.py:4180} INFO - Setting next_dagrun for consume_1_and_2_with_dataset_expressions to None, run_after=None
[2026-01-07T11:58:57.068+0530] {logging_mixin.py:190} INFO - [2026-01-07T11:58:57.068+0530] {dag.py:4180} INFO - Setting next_dagrun for consume_1_or_2_with_dataset_expressions to None, run_after=None
[2026-01-07T11:58:57.069+0530] {logging_mixin.py:190} INFO - [2026-01-07T11:58:57.069+0530] {dag.py:4180} INFO - Setting next_dagrun for consume_1_or_both_2_and_3_with_dataset_expressions to None, run_after=None
[2026-01-07T11:58:57.070+0530] {logging_mixin.py:190} INFO - [2026-01-07T11:58:57.070+0530] {dag.py:4180} INFO - Setting next_dagrun for dataset_consumes_1 to None, run_after=None
[2026-01-07T11:58:57.070+0530] {logging_mixin.py:190} INFO - [2026-01-07T11:58:57.070+0530] {dag.py:4180} INFO - Setting next_dagrun for dataset_consumes_1_and_2 to None, run_after=None
[2026-01-07T11:58:57.071+0530] {logging_mixin.py:190} INFO - [2026-01-07T11:58:57.071+0530] {dag.py:4180} INFO - Setting next_dagrun for dataset_consumes_1_never_scheduled to None, run_after=None
[2026-01-07T11:58:57.072+0530] {logging_mixin.py:190} INFO - [2026-01-07T11:58:57.072+0530] {dag.py:4180} INFO - Setting next_dagrun for dataset_consumes_unknown_never_scheduled to None, run_after=None
[2026-01-07T11:58:57.074+0530] {logging_mixin.py:190} INFO - [2026-01-07T11:58:57.074+0530] {dag.py:4180} INFO - Setting next_dagrun for dataset_produces_1 to 2026-01-06 00:00:00+00:00, run_after=2026-01-07 00:00:00+00:00
[2026-01-07T11:58:57.075+0530] {logging_mixin.py:190} INFO - [2026-01-07T11:58:57.075+0530] {dag.py:4180} INFO - Setting next_dagrun for dataset_produces_2 to None, run_after=None
[2026-01-07T11:58:57.101+0530] {processor.py:208} INFO - Processing /home/sneha/spotify_airflow_project/venv/lib/python3.12/site-packages/airflow/example_dags/example_datasets.py took 0.113 seconds
[2026-01-07T11:59:52.943+0530] {processor.py:186} INFO - Started process (PID=17300) to work on /home/sneha/spotify_airflow_project/venv/lib/python3.12/site-packages/airflow/example_dags/example_datasets.py
[2026-01-07T11:59:52.954+0530] {processor.py:914} INFO - Processing file /home/sneha/spotify_airflow_project/venv/lib/python3.12/site-packages/airflow/example_dags/example_datasets.py for tasks to queue
[2026-01-07T11:59:52.956+0530] {logging_mixin.py:190} INFO - [2026-01-07T11:59:52.955+0530] {dagbag.py:588} INFO - Filling up the DagBag from /home/sneha/spotify_airflow_project/venv/lib/python3.12/site-packages/airflow/example_dags/example_datasets.py
[2026-01-07T11:59:52.969+0530] {processor.py:925} INFO - DAG(s) 'dataset_consumes_1_and_2', 'dataset_consumes_1_never_scheduled', 'conditional_dataset_and_time_based_timetable', 'dataset_consumes_1', 'dataset_produces_1', 'dataset_consumes_unknown_never_scheduled', 'dataset_produces_2', 'consume_1_or_both_2_and_3_with_dataset_expressions', 'consume_1_or_2_with_dataset_expressions', 'consume_1_and_2_with_dataset_expressions' retrieved from /home/sneha/spotify_airflow_project/venv/lib/python3.12/site-packages/airflow/example_dags/example_datasets.py
[2026-01-07T11:59:53.003+0530] {logging_mixin.py:190} INFO - [2026-01-07T11:59:53.003+0530] {dag.py:3239} INFO - Sync 10 DAGs
[2026-01-07T11:59:53.024+0530] {logging_mixin.py:190} INFO - [2026-01-07T11:59:53.023+0530] {dag.py:4180} INFO - Setting next_dagrun for conditional_dataset_and_time_based_timetable to 2026-01-07 01:00:00+00:00, run_after=2026-01-07 01:00:00+00:00
[2026-01-07T11:59:53.028+0530] {logging_mixin.py:190} INFO - [2026-01-07T11:59:53.028+0530] {dag.py:4180} INFO - Setting next_dagrun for consume_1_and_2_with_dataset_expressions to None, run_after=None
[2026-01-07T11:59:53.029+0530] {logging_mixin.py:190} INFO - [2026-01-07T11:59:53.029+0530] {dag.py:4180} INFO - Setting next_dagrun for consume_1_or_2_with_dataset_expressions to None, run_after=None
[2026-01-07T11:59:53.029+0530] {logging_mixin.py:190} INFO - [2026-01-07T11:59:53.029+0530] {dag.py:4180} INFO - Setting next_dagrun for consume_1_or_both_2_and_3_with_dataset_expressions to None, run_after=None
[2026-01-07T11:59:53.031+0530] {logging_mixin.py:190} INFO - [2026-01-07T11:59:53.030+0530] {dag.py:4180} INFO - Setting next_dagrun for dataset_consumes_1 to None, run_after=None
[2026-01-07T11:59:53.032+0530] {logging_mixin.py:190} INFO - [2026-01-07T11:59:53.032+0530] {dag.py:4180} INFO - Setting next_dagrun for dataset_consumes_1_and_2 to None, run_after=None
[2026-01-07T11:59:53.033+0530] {logging_mixin.py:190} INFO - [2026-01-07T11:59:53.033+0530] {dag.py:4180} INFO - Setting next_dagrun for dataset_consumes_1_never_scheduled to None, run_after=None
[2026-01-07T11:59:53.034+0530] {logging_mixin.py:190} INFO - [2026-01-07T11:59:53.033+0530] {dag.py:4180} INFO - Setting next_dagrun for dataset_consumes_unknown_never_scheduled to None, run_after=None
[2026-01-07T11:59:53.035+0530] {logging_mixin.py:190} INFO - [2026-01-07T11:59:53.035+0530] {dag.py:4180} INFO - Setting next_dagrun for dataset_produces_1 to 2026-01-06 00:00:00+00:00, run_after=2026-01-07 00:00:00+00:00
[2026-01-07T11:59:53.036+0530] {logging_mixin.py:190} INFO - [2026-01-07T11:59:53.036+0530] {dag.py:4180} INFO - Setting next_dagrun for dataset_produces_2 to None, run_after=None
[2026-01-07T11:59:53.193+0530] {processor.py:208} INFO - Processing /home/sneha/spotify_airflow_project/venv/lib/python3.12/site-packages/airflow/example_dags/example_datasets.py took 0.262 seconds
[2026-01-07T12:01:01.333+0530] {processor.py:186} INFO - Started process (PID=17443) to work on /home/sneha/spotify_airflow_project/venv/lib/python3.12/site-packages/airflow/example_dags/example_datasets.py
[2026-01-07T12:01:01.334+0530] {processor.py:914} INFO - Processing file /home/sneha/spotify_airflow_project/venv/lib/python3.12/site-packages/airflow/example_dags/example_datasets.py for tasks to queue
[2026-01-07T12:01:01.335+0530] {logging_mixin.py:190} INFO - [2026-01-07T12:01:01.335+0530] {dagbag.py:588} INFO - Filling up the DagBag from /home/sneha/spotify_airflow_project/venv/lib/python3.12/site-packages/airflow/example_dags/example_datasets.py
[2026-01-07T12:01:01.348+0530] {processor.py:925} INFO - DAG(s) 'consume_1_or_both_2_and_3_with_dataset_expressions', 'dataset_consumes_1_never_scheduled', 'dataset_produces_1', 'dataset_consumes_1_and_2', 'conditional_dataset_and_time_based_timetable', 'consume_1_and_2_with_dataset_expressions', 'dataset_consumes_1', 'dataset_consumes_unknown_never_scheduled', 'dataset_produces_2', 'consume_1_or_2_with_dataset_expressions' retrieved from /home/sneha/spotify_airflow_project/venv/lib/python3.12/site-packages/airflow/example_dags/example_datasets.py
[2026-01-07T12:01:01.383+0530] {logging_mixin.py:190} INFO - [2026-01-07T12:01:01.383+0530] {dag.py:3239} INFO - Sync 10 DAGs
[2026-01-07T12:01:01.406+0530] {logging_mixin.py:190} INFO - [2026-01-07T12:01:01.406+0530] {dag.py:4180} INFO - Setting next_dagrun for conditional_dataset_and_time_based_timetable to 2026-01-07 01:00:00+00:00, run_after=2026-01-07 01:00:00+00:00
[2026-01-07T12:01:01.410+0530] {logging_mixin.py:190} INFO - [2026-01-07T12:01:01.410+0530] {dag.py:4180} INFO - Setting next_dagrun for consume_1_and_2_with_dataset_expressions to None, run_after=None
[2026-01-07T12:01:01.411+0530] {logging_mixin.py:190} INFO - [2026-01-07T12:01:01.411+0530] {dag.py:4180} INFO - Setting next_dagrun for consume_1_or_2_with_dataset_expressions to None, run_after=None
[2026-01-07T12:01:01.412+0530] {logging_mixin.py:190} INFO - [2026-01-07T12:01:01.412+0530] {dag.py:4180} INFO - Setting next_dagrun for consume_1_or_both_2_and_3_with_dataset_expressions to None, run_after=None
[2026-01-07T12:01:01.413+0530] {logging_mixin.py:190} INFO - [2026-01-07T12:01:01.413+0530] {dag.py:4180} INFO - Setting next_dagrun for dataset_consumes_1 to None, run_after=None
[2026-01-07T12:01:01.414+0530] {logging_mixin.py:190} INFO - [2026-01-07T12:01:01.414+0530] {dag.py:4180} INFO - Setting next_dagrun for dataset_consumes_1_and_2 to None, run_after=None
[2026-01-07T12:01:01.415+0530] {logging_mixin.py:190} INFO - [2026-01-07T12:01:01.415+0530] {dag.py:4180} INFO - Setting next_dagrun for dataset_consumes_1_never_scheduled to None, run_after=None
[2026-01-07T12:01:01.415+0530] {logging_mixin.py:190} INFO - [2026-01-07T12:01:01.415+0530] {dag.py:4180} INFO - Setting next_dagrun for dataset_consumes_unknown_never_scheduled to None, run_after=None
[2026-01-07T12:01:01.418+0530] {logging_mixin.py:190} INFO - [2026-01-07T12:01:01.417+0530] {dag.py:4180} INFO - Setting next_dagrun for dataset_produces_1 to 2026-01-06 00:00:00+00:00, run_after=2026-01-07 00:00:00+00:00
[2026-01-07T12:01:01.419+0530] {logging_mixin.py:190} INFO - [2026-01-07T12:01:01.419+0530] {dag.py:4180} INFO - Setting next_dagrun for dataset_produces_2 to None, run_after=None
[2026-01-07T12:01:01.446+0530] {processor.py:208} INFO - Processing /home/sneha/spotify_airflow_project/venv/lib/python3.12/site-packages/airflow/example_dags/example_datasets.py took 0.127 seconds
[2026-01-07T12:01:58.626+0530] {processor.py:186} INFO - Started process (PID=17632) to work on /home/sneha/spotify_airflow_project/venv/lib/python3.12/site-packages/airflow/example_dags/example_datasets.py
[2026-01-07T12:01:58.636+0530] {processor.py:914} INFO - Processing file /home/sneha/spotify_airflow_project/venv/lib/python3.12/site-packages/airflow/example_dags/example_datasets.py for tasks to queue
[2026-01-07T12:01:58.639+0530] {logging_mixin.py:190} INFO - [2026-01-07T12:01:58.638+0530] {dagbag.py:588} INFO - Filling up the DagBag from /home/sneha/spotify_airflow_project/venv/lib/python3.12/site-packages/airflow/example_dags/example_datasets.py
[2026-01-07T12:01:58.652+0530] {processor.py:925} INFO - DAG(s) 'conditional_dataset_and_time_based_timetable', 'consume_1_or_2_with_dataset_expressions', 'dataset_consumes_1', 'consume_1_and_2_with_dataset_expressions', 'dataset_consumes_1_never_scheduled', 'consume_1_or_both_2_and_3_with_dataset_expressions', 'dataset_produces_2', 'dataset_produces_1', 'dataset_consumes_unknown_never_scheduled', 'dataset_consumes_1_and_2' retrieved from /home/sneha/spotify_airflow_project/venv/lib/python3.12/site-packages/airflow/example_dags/example_datasets.py
[2026-01-07T12:01:58.690+0530] {logging_mixin.py:190} INFO - [2026-01-07T12:01:58.690+0530] {dag.py:3239} INFO - Sync 10 DAGs
[2026-01-07T12:01:58.712+0530] {logging_mixin.py:190} INFO - [2026-01-07T12:01:58.712+0530] {dag.py:4180} INFO - Setting next_dagrun for conditional_dataset_and_time_based_timetable to 2026-01-07 01:00:00+00:00, run_after=2026-01-07 01:00:00+00:00
[2026-01-07T12:01:58.715+0530] {logging_mixin.py:190} INFO - [2026-01-07T12:01:58.715+0530] {dag.py:4180} INFO - Setting next_dagrun for consume_1_and_2_with_dataset_expressions to None, run_after=None
[2026-01-07T12:01:58.717+0530] {logging_mixin.py:190} INFO - [2026-01-07T12:01:58.717+0530] {dag.py:4180} INFO - Setting next_dagrun for consume_1_or_2_with_dataset_expressions to None, run_after=None
[2026-01-07T12:01:58.718+0530] {logging_mixin.py:190} INFO - [2026-01-07T12:01:58.718+0530] {dag.py:4180} INFO - Setting next_dagrun for consume_1_or_both_2_and_3_with_dataset_expressions to None, run_after=None
[2026-01-07T12:01:58.719+0530] {logging_mixin.py:190} INFO - [2026-01-07T12:01:58.718+0530] {dag.py:4180} INFO - Setting next_dagrun for dataset_consumes_1 to None, run_after=None
[2026-01-07T12:01:58.720+0530] {logging_mixin.py:190} INFO - [2026-01-07T12:01:58.719+0530] {dag.py:4180} INFO - Setting next_dagrun for dataset_consumes_1_and_2 to None, run_after=None
[2026-01-07T12:01:58.721+0530] {logging_mixin.py:190} INFO - [2026-01-07T12:01:58.721+0530] {dag.py:4180} INFO - Setting next_dagrun for dataset_consumes_1_never_scheduled to None, run_after=None
[2026-01-07T12:01:58.723+0530] {logging_mixin.py:190} INFO - [2026-01-07T12:01:58.722+0530] {dag.py:4180} INFO - Setting next_dagrun for dataset_consumes_unknown_never_scheduled to None, run_after=None
[2026-01-07T12:01:58.725+0530] {logging_mixin.py:190} INFO - [2026-01-07T12:01:58.724+0530] {dag.py:4180} INFO - Setting next_dagrun for dataset_produces_1 to 2026-01-06 00:00:00+00:00, run_after=2026-01-07 00:00:00+00:00
[2026-01-07T12:01:58.726+0530] {logging_mixin.py:190} INFO - [2026-01-07T12:01:58.725+0530] {dag.py:4180} INFO - Setting next_dagrun for dataset_produces_2 to None, run_after=None
[2026-01-07T12:01:58.758+0530] {processor.py:208} INFO - Processing /home/sneha/spotify_airflow_project/venv/lib/python3.12/site-packages/airflow/example_dags/example_datasets.py took 0.140 seconds
[2026-01-07T12:02:57.960+0530] {processor.py:186} INFO - Started process (PID=17691) to work on /home/sneha/spotify_airflow_project/venv/lib/python3.12/site-packages/airflow/example_dags/example_datasets.py
[2026-01-07T12:02:57.961+0530] {processor.py:914} INFO - Processing file /home/sneha/spotify_airflow_project/venv/lib/python3.12/site-packages/airflow/example_dags/example_datasets.py for tasks to queue
[2026-01-07T12:02:57.963+0530] {logging_mixin.py:190} INFO - [2026-01-07T12:02:57.962+0530] {dagbag.py:588} INFO - Filling up the DagBag from /home/sneha/spotify_airflow_project/venv/lib/python3.12/site-packages/airflow/example_dags/example_datasets.py
[2026-01-07T12:02:57.975+0530] {processor.py:925} INFO - DAG(s) 'consume_1_or_2_with_dataset_expressions', 'dataset_consumes_1_and_2', 'consume_1_and_2_with_dataset_expressions', 'conditional_dataset_and_time_based_timetable', 'consume_1_or_both_2_and_3_with_dataset_expressions', 'dataset_consumes_1_never_scheduled', 'dataset_produces_1', 'dataset_produces_2', 'dataset_consumes_1', 'dataset_consumes_unknown_never_scheduled' retrieved from /home/sneha/spotify_airflow_project/venv/lib/python3.12/site-packages/airflow/example_dags/example_datasets.py
[2026-01-07T12:02:58.012+0530] {logging_mixin.py:190} INFO - [2026-01-07T12:02:58.011+0530] {dag.py:3239} INFO - Sync 10 DAGs
[2026-01-07T12:02:58.036+0530] {logging_mixin.py:190} INFO - [2026-01-07T12:02:58.036+0530] {dag.py:4180} INFO - Setting next_dagrun for conditional_dataset_and_time_based_timetable to 2026-01-07 01:00:00+00:00, run_after=2026-01-07 01:00:00+00:00
[2026-01-07T12:02:58.040+0530] {logging_mixin.py:190} INFO - [2026-01-07T12:02:58.039+0530] {dag.py:4180} INFO - Setting next_dagrun for consume_1_and_2_with_dataset_expressions to None, run_after=None
[2026-01-07T12:02:58.041+0530] {logging_mixin.py:190} INFO - [2026-01-07T12:02:58.040+0530] {dag.py:4180} INFO - Setting next_dagrun for consume_1_or_2_with_dataset_expressions to None, run_after=None
[2026-01-07T12:02:58.041+0530] {logging_mixin.py:190} INFO - [2026-01-07T12:02:58.041+0530] {dag.py:4180} INFO - Setting next_dagrun for consume_1_or_both_2_and_3_with_dataset_expressions to None, run_after=None
[2026-01-07T12:02:58.042+0530] {logging_mixin.py:190} INFO - [2026-01-07T12:02:58.042+0530] {dag.py:4180} INFO - Setting next_dagrun for dataset_consumes_1 to None, run_after=None
[2026-01-07T12:02:58.043+0530] {logging_mixin.py:190} INFO - [2026-01-07T12:02:58.043+0530] {dag.py:4180} INFO - Setting next_dagrun for dataset_consumes_1_and_2 to None, run_after=None
[2026-01-07T12:02:58.043+0530] {logging_mixin.py:190} INFO - [2026-01-07T12:02:58.043+0530] {dag.py:4180} INFO - Setting next_dagrun for dataset_consumes_1_never_scheduled to None, run_after=None
[2026-01-07T12:02:58.044+0530] {logging_mixin.py:190} INFO - [2026-01-07T12:02:58.044+0530] {dag.py:4180} INFO - Setting next_dagrun for dataset_consumes_unknown_never_scheduled to None, run_after=None
[2026-01-07T12:02:58.046+0530] {logging_mixin.py:190} INFO - [2026-01-07T12:02:58.046+0530] {dag.py:4180} INFO - Setting next_dagrun for dataset_produces_1 to 2026-01-06 00:00:00+00:00, run_after=2026-01-07 00:00:00+00:00
[2026-01-07T12:02:58.047+0530] {logging_mixin.py:190} INFO - [2026-01-07T12:02:58.047+0530] {dag.py:4180} INFO - Setting next_dagrun for dataset_produces_2 to None, run_after=None
[2026-01-07T12:02:58.075+0530] {processor.py:208} INFO - Processing /home/sneha/spotify_airflow_project/venv/lib/python3.12/site-packages/airflow/example_dags/example_datasets.py took 0.127 seconds
[2026-01-07T12:03:55.037+0530] {processor.py:186} INFO - Started process (PID=17843) to work on /home/sneha/spotify_airflow_project/venv/lib/python3.12/site-packages/airflow/example_dags/example_datasets.py
[2026-01-07T12:03:55.039+0530] {processor.py:914} INFO - Processing file /home/sneha/spotify_airflow_project/venv/lib/python3.12/site-packages/airflow/example_dags/example_datasets.py for tasks to queue
[2026-01-07T12:03:55.041+0530] {logging_mixin.py:190} INFO - [2026-01-07T12:03:55.040+0530] {dagbag.py:588} INFO - Filling up the DagBag from /home/sneha/spotify_airflow_project/venv/lib/python3.12/site-packages/airflow/example_dags/example_datasets.py
[2026-01-07T12:03:55.055+0530] {processor.py:925} INFO - DAG(s) 'consume_1_or_2_with_dataset_expressions', 'dataset_consumes_1', 'dataset_consumes_unknown_never_scheduled', 'dataset_produces_2', 'consume_1_and_2_with_dataset_expressions', 'conditional_dataset_and_time_based_timetable', 'dataset_produces_1', 'dataset_consumes_1_never_scheduled', 'consume_1_or_both_2_and_3_with_dataset_expressions', 'dataset_consumes_1_and_2' retrieved from /home/sneha/spotify_airflow_project/venv/lib/python3.12/site-packages/airflow/example_dags/example_datasets.py
[2026-01-07T12:03:55.097+0530] {logging_mixin.py:190} INFO - [2026-01-07T12:03:55.097+0530] {dag.py:3239} INFO - Sync 10 DAGs
[2026-01-07T12:03:55.120+0530] {logging_mixin.py:190} INFO - [2026-01-07T12:03:55.120+0530] {dag.py:4180} INFO - Setting next_dagrun for conditional_dataset_and_time_based_timetable to 2026-01-07 01:00:00+00:00, run_after=2026-01-07 01:00:00+00:00
[2026-01-07T12:03:55.124+0530] {logging_mixin.py:190} INFO - [2026-01-07T12:03:55.124+0530] {dag.py:4180} INFO - Setting next_dagrun for consume_1_and_2_with_dataset_expressions to None, run_after=None
[2026-01-07T12:03:55.125+0530] {logging_mixin.py:190} INFO - [2026-01-07T12:03:55.125+0530] {dag.py:4180} INFO - Setting next_dagrun for consume_1_or_2_with_dataset_expressions to None, run_after=None
[2026-01-07T12:03:55.126+0530] {logging_mixin.py:190} INFO - [2026-01-07T12:03:55.126+0530] {dag.py:4180} INFO - Setting next_dagrun for consume_1_or_both_2_and_3_with_dataset_expressions to None, run_after=None
[2026-01-07T12:03:55.127+0530] {logging_mixin.py:190} INFO - [2026-01-07T12:03:55.127+0530] {dag.py:4180} INFO - Setting next_dagrun for dataset_consumes_1 to None, run_after=None
[2026-01-07T12:03:55.127+0530] {logging_mixin.py:190} INFO - [2026-01-07T12:03:55.127+0530] {dag.py:4180} INFO - Setting next_dagrun for dataset_consumes_1_and_2 to None, run_after=None
[2026-01-07T12:03:55.129+0530] {logging_mixin.py:190} INFO - [2026-01-07T12:03:55.128+0530] {dag.py:4180} INFO - Setting next_dagrun for dataset_consumes_1_never_scheduled to None, run_after=None
[2026-01-07T12:03:55.130+0530] {logging_mixin.py:190} INFO - [2026-01-07T12:03:55.129+0530] {dag.py:4180} INFO - Setting next_dagrun for dataset_consumes_unknown_never_scheduled to None, run_after=None
[2026-01-07T12:03:55.132+0530] {logging_mixin.py:190} INFO - [2026-01-07T12:03:55.132+0530] {dag.py:4180} INFO - Setting next_dagrun for dataset_produces_1 to 2026-01-06 00:00:00+00:00, run_after=2026-01-07 00:00:00+00:00
[2026-01-07T12:03:55.133+0530] {logging_mixin.py:190} INFO - [2026-01-07T12:03:55.133+0530] {dag.py:4180} INFO - Setting next_dagrun for dataset_produces_2 to None, run_after=None
[2026-01-07T12:03:55.160+0530] {processor.py:208} INFO - Processing /home/sneha/spotify_airflow_project/venv/lib/python3.12/site-packages/airflow/example_dags/example_datasets.py took 0.131 seconds
[2026-01-07T12:04:48.321+0530] {processor.py:186} INFO - Started process (PID=18070) to work on /home/sneha/spotify_airflow_project/venv/lib/python3.12/site-packages/airflow/example_dags/example_datasets.py
[2026-01-07T12:04:48.323+0530] {processor.py:914} INFO - Processing file /home/sneha/spotify_airflow_project/venv/lib/python3.12/site-packages/airflow/example_dags/example_datasets.py for tasks to queue
[2026-01-07T12:04:48.325+0530] {logging_mixin.py:190} INFO - [2026-01-07T12:04:48.324+0530] {dagbag.py:588} INFO - Filling up the DagBag from /home/sneha/spotify_airflow_project/venv/lib/python3.12/site-packages/airflow/example_dags/example_datasets.py
[2026-01-07T12:04:48.337+0530] {processor.py:925} INFO - DAG(s) 'dataset_consumes_unknown_never_scheduled', 'dataset_consumes_1_never_scheduled', 'dataset_consumes_1_and_2', 'conditional_dataset_and_time_based_timetable', 'dataset_produces_2', 'consume_1_or_2_with_dataset_expressions', 'consume_1_and_2_with_dataset_expressions', 'dataset_consumes_1', 'dataset_produces_1', 'consume_1_or_both_2_and_3_with_dataset_expressions' retrieved from /home/sneha/spotify_airflow_project/venv/lib/python3.12/site-packages/airflow/example_dags/example_datasets.py
[2026-01-07T12:04:48.373+0530] {logging_mixin.py:190} INFO - [2026-01-07T12:04:48.372+0530] {dag.py:3239} INFO - Sync 10 DAGs
[2026-01-07T12:04:48.394+0530] {logging_mixin.py:190} INFO - [2026-01-07T12:04:48.394+0530] {dag.py:4180} INFO - Setting next_dagrun for conditional_dataset_and_time_based_timetable to 2026-01-07 01:00:00+00:00, run_after=2026-01-07 01:00:00+00:00
[2026-01-07T12:04:48.397+0530] {logging_mixin.py:190} INFO - [2026-01-07T12:04:48.397+0530] {dag.py:4180} INFO - Setting next_dagrun for consume_1_and_2_with_dataset_expressions to None, run_after=None
[2026-01-07T12:04:48.398+0530] {logging_mixin.py:190} INFO - [2026-01-07T12:04:48.398+0530] {dag.py:4180} INFO - Setting next_dagrun for consume_1_or_2_with_dataset_expressions to None, run_after=None
[2026-01-07T12:04:48.399+0530] {logging_mixin.py:190} INFO - [2026-01-07T12:04:48.399+0530] {dag.py:4180} INFO - Setting next_dagrun for consume_1_or_both_2_and_3_with_dataset_expressions to None, run_after=None
[2026-01-07T12:04:48.400+0530] {logging_mixin.py:190} INFO - [2026-01-07T12:04:48.400+0530] {dag.py:4180} INFO - Setting next_dagrun for dataset_consumes_1 to None, run_after=None
[2026-01-07T12:04:48.402+0530] {logging_mixin.py:190} INFO - [2026-01-07T12:04:48.401+0530] {dag.py:4180} INFO - Setting next_dagrun for dataset_consumes_1_and_2 to None, run_after=None
[2026-01-07T12:04:48.402+0530] {logging_mixin.py:190} INFO - [2026-01-07T12:04:48.402+0530] {dag.py:4180} INFO - Setting next_dagrun for dataset_consumes_1_never_scheduled to None, run_after=None
[2026-01-07T12:04:48.403+0530] {logging_mixin.py:190} INFO - [2026-01-07T12:04:48.403+0530] {dag.py:4180} INFO - Setting next_dagrun for dataset_consumes_unknown_never_scheduled to None, run_after=None
[2026-01-07T12:04:48.405+0530] {logging_mixin.py:190} INFO - [2026-01-07T12:04:48.405+0530] {dag.py:4180} INFO - Setting next_dagrun for dataset_produces_1 to 2026-01-06 00:00:00+00:00, run_after=2026-01-07 00:00:00+00:00
[2026-01-07T12:04:48.406+0530] {logging_mixin.py:190} INFO - [2026-01-07T12:04:48.406+0530] {dag.py:4180} INFO - Setting next_dagrun for dataset_produces_2 to None, run_after=None
[2026-01-07T12:04:48.433+0530] {processor.py:208} INFO - Processing /home/sneha/spotify_airflow_project/venv/lib/python3.12/site-packages/airflow/example_dags/example_datasets.py took 0.125 seconds
[2026-01-07T12:05:42.762+0530] {processor.py:186} INFO - Started process (PID=18156) to work on /home/sneha/spotify_airflow_project/venv/lib/python3.12/site-packages/airflow/example_dags/example_datasets.py
[2026-01-07T12:05:42.764+0530] {processor.py:914} INFO - Processing file /home/sneha/spotify_airflow_project/venv/lib/python3.12/site-packages/airflow/example_dags/example_datasets.py for tasks to queue
[2026-01-07T12:05:42.765+0530] {logging_mixin.py:190} INFO - [2026-01-07T12:05:42.765+0530] {dagbag.py:588} INFO - Filling up the DagBag from /home/sneha/spotify_airflow_project/venv/lib/python3.12/site-packages/airflow/example_dags/example_datasets.py
[2026-01-07T12:05:42.778+0530] {processor.py:925} INFO - DAG(s) 'consume_1_or_2_with_dataset_expressions', 'dataset_consumes_unknown_never_scheduled', 'dataset_consumes_1_never_scheduled', 'consume_1_and_2_with_dataset_expressions', 'dataset_produces_1', 'consume_1_or_both_2_and_3_with_dataset_expressions', 'dataset_produces_2', 'dataset_consumes_1_and_2', 'conditional_dataset_and_time_based_timetable', 'dataset_consumes_1' retrieved from /home/sneha/spotify_airflow_project/venv/lib/python3.12/site-packages/airflow/example_dags/example_datasets.py
[2026-01-07T12:05:42.814+0530] {logging_mixin.py:190} INFO - [2026-01-07T12:05:42.813+0530] {dag.py:3239} INFO - Sync 10 DAGs
[2026-01-07T12:05:42.835+0530] {logging_mixin.py:190} INFO - [2026-01-07T12:05:42.835+0530] {dag.py:4180} INFO - Setting next_dagrun for conditional_dataset_and_time_based_timetable to 2026-01-07 01:00:00+00:00, run_after=2026-01-07 01:00:00+00:00
[2026-01-07T12:05:42.838+0530] {logging_mixin.py:190} INFO - [2026-01-07T12:05:42.838+0530] {dag.py:4180} INFO - Setting next_dagrun for consume_1_and_2_with_dataset_expressions to None, run_after=None
[2026-01-07T12:05:42.839+0530] {logging_mixin.py:190} INFO - [2026-01-07T12:05:42.839+0530] {dag.py:4180} INFO - Setting next_dagrun for consume_1_or_2_with_dataset_expressions to None, run_after=None
[2026-01-07T12:05:42.840+0530] {logging_mixin.py:190} INFO - [2026-01-07T12:05:42.840+0530] {dag.py:4180} INFO - Setting next_dagrun for consume_1_or_both_2_and_3_with_dataset_expressions to None, run_after=None
[2026-01-07T12:05:42.841+0530] {logging_mixin.py:190} INFO - [2026-01-07T12:05:42.841+0530] {dag.py:4180} INFO - Setting next_dagrun for dataset_consumes_1 to None, run_after=None
[2026-01-07T12:05:42.842+0530] {logging_mixin.py:190} INFO - [2026-01-07T12:05:42.842+0530] {dag.py:4180} INFO - Setting next_dagrun for dataset_consumes_1_and_2 to None, run_after=None
[2026-01-07T12:05:42.844+0530] {logging_mixin.py:190} INFO - [2026-01-07T12:05:42.843+0530] {dag.py:4180} INFO - Setting next_dagrun for dataset_consumes_1_never_scheduled to None, run_after=None
[2026-01-07T12:05:42.845+0530] {logging_mixin.py:190} INFO - [2026-01-07T12:05:42.845+0530] {dag.py:4180} INFO - Setting next_dagrun for dataset_consumes_unknown_never_scheduled to None, run_after=None
[2026-01-07T12:05:42.847+0530] {logging_mixin.py:190} INFO - [2026-01-07T12:05:42.847+0530] {dag.py:4180} INFO - Setting next_dagrun for dataset_produces_1 to 2026-01-06 00:00:00+00:00, run_after=2026-01-07 00:00:00+00:00
[2026-01-07T12:05:42.848+0530] {logging_mixin.py:190} INFO - [2026-01-07T12:05:42.848+0530] {dag.py:4180} INFO - Setting next_dagrun for dataset_produces_2 to None, run_after=None
[2026-01-07T12:05:42.879+0530] {processor.py:208} INFO - Processing /home/sneha/spotify_airflow_project/venv/lib/python3.12/site-packages/airflow/example_dags/example_datasets.py took 0.129 seconds
[2026-01-07T12:07:03.199+0530] {processor.py:186} INFO - Started process (PID=18241) to work on /home/sneha/spotify_airflow_project/venv/lib/python3.12/site-packages/airflow/example_dags/example_datasets.py
[2026-01-07T12:07:03.210+0530] {processor.py:914} INFO - Processing file /home/sneha/spotify_airflow_project/venv/lib/python3.12/site-packages/airflow/example_dags/example_datasets.py for tasks to queue
[2026-01-07T12:07:03.213+0530] {logging_mixin.py:190} INFO - [2026-01-07T12:07:03.212+0530] {dagbag.py:588} INFO - Filling up the DagBag from /home/sneha/spotify_airflow_project/venv/lib/python3.12/site-packages/airflow/example_dags/example_datasets.py
[2026-01-07T12:07:03.233+0530] {processor.py:925} INFO - DAG(s) 'dataset_consumes_1_and_2', 'dataset_produces_1', 'conditional_dataset_and_time_based_timetable', 'dataset_consumes_1_never_scheduled', 'consume_1_and_2_with_dataset_expressions', 'consume_1_or_both_2_and_3_with_dataset_expressions', 'dataset_consumes_1', 'dataset_consumes_unknown_never_scheduled', 'dataset_produces_2', 'consume_1_or_2_with_dataset_expressions' retrieved from /home/sneha/spotify_airflow_project/venv/lib/python3.12/site-packages/airflow/example_dags/example_datasets.py
[2026-01-07T12:07:03.269+0530] {logging_mixin.py:190} INFO - [2026-01-07T12:07:03.269+0530] {dag.py:3239} INFO - Sync 10 DAGs
[2026-01-07T12:07:03.292+0530] {logging_mixin.py:190} INFO - [2026-01-07T12:07:03.292+0530] {dag.py:4180} INFO - Setting next_dagrun for conditional_dataset_and_time_based_timetable to 2026-01-07 01:00:00+00:00, run_after=2026-01-07 01:00:00+00:00
[2026-01-07T12:07:03.295+0530] {logging_mixin.py:190} INFO - [2026-01-07T12:07:03.295+0530] {dag.py:4180} INFO - Setting next_dagrun for consume_1_and_2_with_dataset_expressions to None, run_after=None
[2026-01-07T12:07:03.296+0530] {logging_mixin.py:190} INFO - [2026-01-07T12:07:03.296+0530] {dag.py:4180} INFO - Setting next_dagrun for consume_1_or_2_with_dataset_expressions to None, run_after=None
[2026-01-07T12:07:03.297+0530] {logging_mixin.py:190} INFO - [2026-01-07T12:07:03.297+0530] {dag.py:4180} INFO - Setting next_dagrun for consume_1_or_both_2_and_3_with_dataset_expressions to None, run_after=None
[2026-01-07T12:07:03.298+0530] {logging_mixin.py:190} INFO - [2026-01-07T12:07:03.297+0530] {dag.py:4180} INFO - Setting next_dagrun for dataset_consumes_1 to None, run_after=None
[2026-01-07T12:07:03.298+0530] {logging_mixin.py:190} INFO - [2026-01-07T12:07:03.298+0530] {dag.py:4180} INFO - Setting next_dagrun for dataset_consumes_1_and_2 to None, run_after=None
[2026-01-07T12:07:03.299+0530] {logging_mixin.py:190} INFO - [2026-01-07T12:07:03.299+0530] {dag.py:4180} INFO - Setting next_dagrun for dataset_consumes_1_never_scheduled to None, run_after=None
[2026-01-07T12:07:03.300+0530] {logging_mixin.py:190} INFO - [2026-01-07T12:07:03.300+0530] {dag.py:4180} INFO - Setting next_dagrun for dataset_consumes_unknown_never_scheduled to None, run_after=None
[2026-01-07T12:07:03.302+0530] {logging_mixin.py:190} INFO - [2026-01-07T12:07:03.301+0530] {dag.py:4180} INFO - Setting next_dagrun for dataset_produces_1 to 2026-01-06 00:00:00+00:00, run_after=2026-01-07 00:00:00+00:00
[2026-01-07T12:07:03.302+0530] {logging_mixin.py:190} INFO - [2026-01-07T12:07:03.302+0530] {dag.py:4180} INFO - Setting next_dagrun for dataset_produces_2 to None, run_after=None
[2026-01-07T12:07:03.328+0530] {processor.py:208} INFO - Processing /home/sneha/spotify_airflow_project/venv/lib/python3.12/site-packages/airflow/example_dags/example_datasets.py took 0.136 seconds
[2026-01-07T12:08:21.086+0530] {processor.py:186} INFO - Started process (PID=18325) to work on /home/sneha/spotify_airflow_project/venv/lib/python3.12/site-packages/airflow/example_dags/example_datasets.py
[2026-01-07T12:08:21.087+0530] {processor.py:914} INFO - Processing file /home/sneha/spotify_airflow_project/venv/lib/python3.12/site-packages/airflow/example_dags/example_datasets.py for tasks to queue
[2026-01-07T12:08:21.089+0530] {logging_mixin.py:190} INFO - [2026-01-07T12:08:21.088+0530] {dagbag.py:588} INFO - Filling up the DagBag from /home/sneha/spotify_airflow_project/venv/lib/python3.12/site-packages/airflow/example_dags/example_datasets.py
[2026-01-07T12:08:21.101+0530] {processor.py:925} INFO - DAG(s) 'dataset_consumes_1_and_2', 'consume_1_and_2_with_dataset_expressions', 'dataset_produces_1', 'conditional_dataset_and_time_based_timetable', 'dataset_consumes_1', 'dataset_consumes_unknown_never_scheduled', 'dataset_produces_2', 'consume_1_or_2_with_dataset_expressions', 'consume_1_or_both_2_and_3_with_dataset_expressions', 'dataset_consumes_1_never_scheduled' retrieved from /home/sneha/spotify_airflow_project/venv/lib/python3.12/site-packages/airflow/example_dags/example_datasets.py
[2026-01-07T12:08:21.136+0530] {logging_mixin.py:190} INFO - [2026-01-07T12:08:21.136+0530] {dag.py:3239} INFO - Sync 10 DAGs
[2026-01-07T12:08:21.158+0530] {logging_mixin.py:190} INFO - [2026-01-07T12:08:21.158+0530] {dag.py:4180} INFO - Setting next_dagrun for conditional_dataset_and_time_based_timetable to 2026-01-07 01:00:00+00:00, run_after=2026-01-07 01:00:00+00:00
[2026-01-07T12:08:21.161+0530] {logging_mixin.py:190} INFO - [2026-01-07T12:08:21.161+0530] {dag.py:4180} INFO - Setting next_dagrun for consume_1_and_2_with_dataset_expressions to None, run_after=None
[2026-01-07T12:08:21.162+0530] {logging_mixin.py:190} INFO - [2026-01-07T12:08:21.162+0530] {dag.py:4180} INFO - Setting next_dagrun for consume_1_or_2_with_dataset_expressions to None, run_after=None
[2026-01-07T12:08:21.163+0530] {logging_mixin.py:190} INFO - [2026-01-07T12:08:21.163+0530] {dag.py:4180} INFO - Setting next_dagrun for consume_1_or_both_2_and_3_with_dataset_expressions to None, run_after=None
[2026-01-07T12:08:21.164+0530] {logging_mixin.py:190} INFO - [2026-01-07T12:08:21.164+0530] {dag.py:4180} INFO - Setting next_dagrun for dataset_consumes_1 to None, run_after=None
[2026-01-07T12:08:21.166+0530] {logging_mixin.py:190} INFO - [2026-01-07T12:08:21.165+0530] {dag.py:4180} INFO - Setting next_dagrun for dataset_consumes_1_and_2 to None, run_after=None
[2026-01-07T12:08:21.167+0530] {logging_mixin.py:190} INFO - [2026-01-07T12:08:21.166+0530] {dag.py:4180} INFO - Setting next_dagrun for dataset_consumes_1_never_scheduled to None, run_after=None
[2026-01-07T12:08:21.167+0530] {logging_mixin.py:190} INFO - [2026-01-07T12:08:21.167+0530] {dag.py:4180} INFO - Setting next_dagrun for dataset_consumes_unknown_never_scheduled to None, run_after=None
[2026-01-07T12:08:21.170+0530] {logging_mixin.py:190} INFO - [2026-01-07T12:08:21.170+0530] {dag.py:4180} INFO - Setting next_dagrun for dataset_produces_1 to 2026-01-06 00:00:00+00:00, run_after=2026-01-07 00:00:00+00:00
[2026-01-07T12:08:21.171+0530] {logging_mixin.py:190} INFO - [2026-01-07T12:08:21.171+0530] {dag.py:4180} INFO - Setting next_dagrun for dataset_produces_2 to None, run_after=None
[2026-01-07T12:08:21.198+0530] {processor.py:208} INFO - Processing /home/sneha/spotify_airflow_project/venv/lib/python3.12/site-packages/airflow/example_dags/example_datasets.py took 0.123 seconds
[2026-01-07T12:09:14.011+0530] {processor.py:186} INFO - Started process (PID=18382) to work on /home/sneha/spotify_airflow_project/venv/lib/python3.12/site-packages/airflow/example_dags/example_datasets.py
[2026-01-07T12:09:14.013+0530] {processor.py:914} INFO - Processing file /home/sneha/spotify_airflow_project/venv/lib/python3.12/site-packages/airflow/example_dags/example_datasets.py for tasks to queue
[2026-01-07T12:09:14.014+0530] {logging_mixin.py:190} INFO - [2026-01-07T12:09:14.014+0530] {dagbag.py:588} INFO - Filling up the DagBag from /home/sneha/spotify_airflow_project/venv/lib/python3.12/site-packages/airflow/example_dags/example_datasets.py
[2026-01-07T12:09:14.026+0530] {processor.py:925} INFO - DAG(s) 'dataset_produces_2', 'dataset_consumes_unknown_never_scheduled', 'consume_1_or_2_with_dataset_expressions', 'dataset_consumes_1_never_scheduled', 'dataset_consumes_1', 'consume_1_and_2_with_dataset_expressions', 'consume_1_or_both_2_and_3_with_dataset_expressions', 'dataset_produces_1', 'conditional_dataset_and_time_based_timetable', 'dataset_consumes_1_and_2' retrieved from /home/sneha/spotify_airflow_project/venv/lib/python3.12/site-packages/airflow/example_dags/example_datasets.py
[2026-01-07T12:09:14.062+0530] {logging_mixin.py:190} INFO - [2026-01-07T12:09:14.061+0530] {dag.py:3239} INFO - Sync 10 DAGs
[2026-01-07T12:09:14.083+0530] {logging_mixin.py:190} INFO - [2026-01-07T12:09:14.083+0530] {dag.py:4180} INFO - Setting next_dagrun for conditional_dataset_and_time_based_timetable to 2026-01-07 01:00:00+00:00, run_after=2026-01-07 01:00:00+00:00
[2026-01-07T12:09:14.086+0530] {logging_mixin.py:190} INFO - [2026-01-07T12:09:14.086+0530] {dag.py:4180} INFO - Setting next_dagrun for consume_1_and_2_with_dataset_expressions to None, run_after=None
[2026-01-07T12:09:14.087+0530] {logging_mixin.py:190} INFO - [2026-01-07T12:09:14.087+0530] {dag.py:4180} INFO - Setting next_dagrun for consume_1_or_2_with_dataset_expressions to None, run_after=None
[2026-01-07T12:09:14.088+0530] {logging_mixin.py:190} INFO - [2026-01-07T12:09:14.088+0530] {dag.py:4180} INFO - Setting next_dagrun for consume_1_or_both_2_and_3_with_dataset_expressions to None, run_after=None
[2026-01-07T12:09:14.089+0530] {logging_mixin.py:190} INFO - [2026-01-07T12:09:14.088+0530] {dag.py:4180} INFO - Setting next_dagrun for dataset_consumes_1 to None, run_after=None
[2026-01-07T12:09:14.090+0530] {logging_mixin.py:190} INFO - [2026-01-07T12:09:14.090+0530] {dag.py:4180} INFO - Setting next_dagrun for dataset_consumes_1_and_2 to None, run_after=None
[2026-01-07T12:09:14.091+0530] {logging_mixin.py:190} INFO - [2026-01-07T12:09:14.091+0530] {dag.py:4180} INFO - Setting next_dagrun for dataset_consumes_1_never_scheduled to None, run_after=None
[2026-01-07T12:09:14.092+0530] {logging_mixin.py:190} INFO - [2026-01-07T12:09:14.092+0530] {dag.py:4180} INFO - Setting next_dagrun for dataset_consumes_unknown_never_scheduled to None, run_after=None
[2026-01-07T12:09:14.094+0530] {logging_mixin.py:190} INFO - [2026-01-07T12:09:14.094+0530] {dag.py:4180} INFO - Setting next_dagrun for dataset_produces_1 to 2026-01-06 00:00:00+00:00, run_after=2026-01-07 00:00:00+00:00
[2026-01-07T12:09:14.095+0530] {logging_mixin.py:190} INFO - [2026-01-07T12:09:14.095+0530] {dag.py:4180} INFO - Setting next_dagrun for dataset_produces_2 to None, run_after=None
[2026-01-07T12:09:14.123+0530] {processor.py:208} INFO - Processing /home/sneha/spotify_airflow_project/venv/lib/python3.12/site-packages/airflow/example_dags/example_datasets.py took 0.125 seconds
[2026-01-07T12:10:32.541+0530] {processor.py:186} INFO - Started process (PID=18514) to work on /home/sneha/spotify_airflow_project/venv/lib/python3.12/site-packages/airflow/example_dags/example_datasets.py
[2026-01-07T12:10:32.543+0530] {processor.py:914} INFO - Processing file /home/sneha/spotify_airflow_project/venv/lib/python3.12/site-packages/airflow/example_dags/example_datasets.py for tasks to queue
[2026-01-07T12:10:32.544+0530] {logging_mixin.py:190} INFO - [2026-01-07T12:10:32.544+0530] {dagbag.py:588} INFO - Filling up the DagBag from /home/sneha/spotify_airflow_project/venv/lib/python3.12/site-packages/airflow/example_dags/example_datasets.py
[2026-01-07T12:10:32.557+0530] {processor.py:925} INFO - DAG(s) 'dataset_consumes_1', 'dataset_produces_2', 'consume_1_or_2_with_dataset_expressions', 'dataset_consumes_1_never_scheduled', 'consume_1_and_2_with_dataset_expressions', 'consume_1_or_both_2_and_3_with_dataset_expressions', 'dataset_produces_1', 'dataset_consumes_unknown_never_scheduled', 'dataset_consumes_1_and_2', 'conditional_dataset_and_time_based_timetable' retrieved from /home/sneha/spotify_airflow_project/venv/lib/python3.12/site-packages/airflow/example_dags/example_datasets.py
[2026-01-07T12:10:32.592+0530] {logging_mixin.py:190} INFO - [2026-01-07T12:10:32.592+0530] {dag.py:3239} INFO - Sync 10 DAGs
[2026-01-07T12:10:32.612+0530] {logging_mixin.py:190} INFO - [2026-01-07T12:10:32.612+0530] {dag.py:4180} INFO - Setting next_dagrun for conditional_dataset_and_time_based_timetable to 2026-01-07 01:00:00+00:00, run_after=2026-01-07 01:00:00+00:00
[2026-01-07T12:10:32.615+0530] {logging_mixin.py:190} INFO - [2026-01-07T12:10:32.615+0530] {dag.py:4180} INFO - Setting next_dagrun for consume_1_and_2_with_dataset_expressions to None, run_after=None
[2026-01-07T12:10:32.616+0530] {logging_mixin.py:190} INFO - [2026-01-07T12:10:32.616+0530] {dag.py:4180} INFO - Setting next_dagrun for consume_1_or_2_with_dataset_expressions to None, run_after=None
[2026-01-07T12:10:32.617+0530] {logging_mixin.py:190} INFO - [2026-01-07T12:10:32.617+0530] {dag.py:4180} INFO - Setting next_dagrun for consume_1_or_both_2_and_3_with_dataset_expressions to None, run_after=None
[2026-01-07T12:10:32.618+0530] {logging_mixin.py:190} INFO - [2026-01-07T12:10:32.618+0530] {dag.py:4180} INFO - Setting next_dagrun for dataset_consumes_1 to None, run_after=None
[2026-01-07T12:10:32.620+0530] {logging_mixin.py:190} INFO - [2026-01-07T12:10:32.620+0530] {dag.py:4180} INFO - Setting next_dagrun for dataset_consumes_1_and_2 to None, run_after=None
[2026-01-07T12:10:32.621+0530] {logging_mixin.py:190} INFO - [2026-01-07T12:10:32.621+0530] {dag.py:4180} INFO - Setting next_dagrun for dataset_consumes_1_never_scheduled to None, run_after=None
[2026-01-07T12:10:32.621+0530] {logging_mixin.py:190} INFO - [2026-01-07T12:10:32.621+0530] {dag.py:4180} INFO - Setting next_dagrun for dataset_consumes_unknown_never_scheduled to None, run_after=None
[2026-01-07T12:10:32.623+0530] {logging_mixin.py:190} INFO - [2026-01-07T12:10:32.623+0530] {dag.py:4180} INFO - Setting next_dagrun for dataset_produces_1 to 2026-01-06 00:00:00+00:00, run_after=2026-01-07 00:00:00+00:00
[2026-01-07T12:10:32.624+0530] {logging_mixin.py:190} INFO - [2026-01-07T12:10:32.624+0530] {dag.py:4180} INFO - Setting next_dagrun for dataset_produces_2 to None, run_after=None
[2026-01-07T12:10:32.650+0530] {processor.py:208} INFO - Processing /home/sneha/spotify_airflow_project/venv/lib/python3.12/site-packages/airflow/example_dags/example_datasets.py took 0.120 seconds
[2026-01-07T12:11:51.477+0530] {processor.py:186} INFO - Started process (PID=18612) to work on /home/sneha/spotify_airflow_project/venv/lib/python3.12/site-packages/airflow/example_dags/example_datasets.py
[2026-01-07T12:11:51.479+0530] {processor.py:914} INFO - Processing file /home/sneha/spotify_airflow_project/venv/lib/python3.12/site-packages/airflow/example_dags/example_datasets.py for tasks to queue
[2026-01-07T12:11:51.480+0530] {logging_mixin.py:190} INFO - [2026-01-07T12:11:51.480+0530] {dagbag.py:588} INFO - Filling up the DagBag from /home/sneha/spotify_airflow_project/venv/lib/python3.12/site-packages/airflow/example_dags/example_datasets.py
[2026-01-07T12:11:51.492+0530] {processor.py:925} INFO - DAG(s) 'dataset_produces_1', 'dataset_consumes_1_and_2', 'dataset_consumes_unknown_never_scheduled', 'dataset_produces_2', 'consume_1_and_2_with_dataset_expressions', 'dataset_consumes_1', 'dataset_consumes_1_never_scheduled', 'consume_1_or_both_2_and_3_with_dataset_expressions', 'conditional_dataset_and_time_based_timetable', 'consume_1_or_2_with_dataset_expressions' retrieved from /home/sneha/spotify_airflow_project/venv/lib/python3.12/site-packages/airflow/example_dags/example_datasets.py
[2026-01-07T12:11:51.525+0530] {logging_mixin.py:190} INFO - [2026-01-07T12:11:51.524+0530] {dag.py:3239} INFO - Sync 10 DAGs
[2026-01-07T12:11:51.544+0530] {logging_mixin.py:190} INFO - [2026-01-07T12:11:51.544+0530] {dag.py:4180} INFO - Setting next_dagrun for conditional_dataset_and_time_based_timetable to 2026-01-07 01:00:00+00:00, run_after=2026-01-07 01:00:00+00:00
[2026-01-07T12:11:51.547+0530] {logging_mixin.py:190} INFO - [2026-01-07T12:11:51.547+0530] {dag.py:4180} INFO - Setting next_dagrun for consume_1_and_2_with_dataset_expressions to None, run_after=None
[2026-01-07T12:11:51.548+0530] {logging_mixin.py:190} INFO - [2026-01-07T12:11:51.548+0530] {dag.py:4180} INFO - Setting next_dagrun for consume_1_or_2_with_dataset_expressions to None, run_after=None
[2026-01-07T12:11:51.549+0530] {logging_mixin.py:190} INFO - [2026-01-07T12:11:51.549+0530] {dag.py:4180} INFO - Setting next_dagrun for consume_1_or_both_2_and_3_with_dataset_expressions to None, run_after=None
[2026-01-07T12:11:51.550+0530] {logging_mixin.py:190} INFO - [2026-01-07T12:11:51.550+0530] {dag.py:4180} INFO - Setting next_dagrun for dataset_consumes_1 to None, run_after=None
[2026-01-07T12:11:51.551+0530] {logging_mixin.py:190} INFO - [2026-01-07T12:11:51.550+0530] {dag.py:4180} INFO - Setting next_dagrun for dataset_consumes_1_and_2 to None, run_after=None
[2026-01-07T12:11:51.551+0530] {logging_mixin.py:190} INFO - [2026-01-07T12:11:51.551+0530] {dag.py:4180} INFO - Setting next_dagrun for dataset_consumes_1_never_scheduled to None, run_after=None
[2026-01-07T12:11:51.552+0530] {logging_mixin.py:190} INFO - [2026-01-07T12:11:51.552+0530] {dag.py:4180} INFO - Setting next_dagrun for dataset_consumes_unknown_never_scheduled to None, run_after=None
[2026-01-07T12:11:51.554+0530] {logging_mixin.py:190} INFO - [2026-01-07T12:11:51.554+0530] {dag.py:4180} INFO - Setting next_dagrun for dataset_produces_1 to 2026-01-06 00:00:00+00:00, run_after=2026-01-07 00:00:00+00:00
[2026-01-07T12:11:51.555+0530] {logging_mixin.py:190} INFO - [2026-01-07T12:11:51.555+0530] {dag.py:4180} INFO - Setting next_dagrun for dataset_produces_2 to None, run_after=None
[2026-01-07T12:11:51.581+0530] {processor.py:208} INFO - Processing /home/sneha/spotify_airflow_project/venv/lib/python3.12/site-packages/airflow/example_dags/example_datasets.py took 0.115 seconds
[2026-01-07T12:13:10.714+0530] {processor.py:186} INFO - Started process (PID=18698) to work on /home/sneha/spotify_airflow_project/venv/lib/python3.12/site-packages/airflow/example_dags/example_datasets.py
[2026-01-07T12:13:10.715+0530] {processor.py:914} INFO - Processing file /home/sneha/spotify_airflow_project/venv/lib/python3.12/site-packages/airflow/example_dags/example_datasets.py for tasks to queue
[2026-01-07T12:13:10.716+0530] {logging_mixin.py:190} INFO - [2026-01-07T12:13:10.715+0530] {dagbag.py:588} INFO - Filling up the DagBag from /home/sneha/spotify_airflow_project/venv/lib/python3.12/site-packages/airflow/example_dags/example_datasets.py
[2026-01-07T12:13:10.728+0530] {processor.py:925} INFO - DAG(s) 'dataset_produces_2', 'consume_1_or_2_with_dataset_expressions', 'dataset_produces_1', 'dataset_consumes_1_and_2', 'consume_1_and_2_with_dataset_expressions', 'conditional_dataset_and_time_based_timetable', 'dataset_consumes_1', 'dataset_consumes_1_never_scheduled', 'consume_1_or_both_2_and_3_with_dataset_expressions', 'dataset_consumes_unknown_never_scheduled' retrieved from /home/sneha/spotify_airflow_project/venv/lib/python3.12/site-packages/airflow/example_dags/example_datasets.py
[2026-01-07T12:13:10.763+0530] {logging_mixin.py:190} INFO - [2026-01-07T12:13:10.763+0530] {dag.py:3239} INFO - Sync 10 DAGs
[2026-01-07T12:13:10.783+0530] {logging_mixin.py:190} INFO - [2026-01-07T12:13:10.783+0530] {dag.py:4180} INFO - Setting next_dagrun for conditional_dataset_and_time_based_timetable to 2026-01-07 01:00:00+00:00, run_after=2026-01-07 01:00:00+00:00
[2026-01-07T12:13:10.786+0530] {logging_mixin.py:190} INFO - [2026-01-07T12:13:10.786+0530] {dag.py:4180} INFO - Setting next_dagrun for consume_1_and_2_with_dataset_expressions to None, run_after=None
[2026-01-07T12:13:10.787+0530] {logging_mixin.py:190} INFO - [2026-01-07T12:13:10.787+0530] {dag.py:4180} INFO - Setting next_dagrun for consume_1_or_2_with_dataset_expressions to None, run_after=None
[2026-01-07T12:13:10.788+0530] {logging_mixin.py:190} INFO - [2026-01-07T12:13:10.788+0530] {dag.py:4180} INFO - Setting next_dagrun for consume_1_or_both_2_and_3_with_dataset_expressions to None, run_after=None
[2026-01-07T12:13:10.788+0530] {logging_mixin.py:190} INFO - [2026-01-07T12:13:10.788+0530] {dag.py:4180} INFO - Setting next_dagrun for dataset_consumes_1 to None, run_after=None
[2026-01-07T12:13:10.789+0530] {logging_mixin.py:190} INFO - [2026-01-07T12:13:10.789+0530] {dag.py:4180} INFO - Setting next_dagrun for dataset_consumes_1_and_2 to None, run_after=None
[2026-01-07T12:13:10.790+0530] {logging_mixin.py:190} INFO - [2026-01-07T12:13:10.790+0530] {dag.py:4180} INFO - Setting next_dagrun for dataset_consumes_1_never_scheduled to None, run_after=None
[2026-01-07T12:13:10.791+0530] {logging_mixin.py:190} INFO - [2026-01-07T12:13:10.791+0530] {dag.py:4180} INFO - Setting next_dagrun for dataset_consumes_unknown_never_scheduled to None, run_after=None
[2026-01-07T12:13:10.793+0530] {logging_mixin.py:190} INFO - [2026-01-07T12:13:10.793+0530] {dag.py:4180} INFO - Setting next_dagrun for dataset_produces_1 to 2026-01-06 00:00:00+00:00, run_after=2026-01-07 00:00:00+00:00
[2026-01-07T12:13:10.794+0530] {logging_mixin.py:190} INFO - [2026-01-07T12:13:10.794+0530] {dag.py:4180} INFO - Setting next_dagrun for dataset_produces_2 to None, run_after=None
[2026-01-07T12:13:10.819+0530] {processor.py:208} INFO - Processing /home/sneha/spotify_airflow_project/venv/lib/python3.12/site-packages/airflow/example_dags/example_datasets.py took 0.116 seconds
[2026-01-07T12:14:04.927+0530] {processor.py:186} INFO - Started process (PID=18859) to work on /home/sneha/spotify_airflow_project/venv/lib/python3.12/site-packages/airflow/example_dags/example_datasets.py
[2026-01-07T12:14:04.928+0530] {processor.py:914} INFO - Processing file /home/sneha/spotify_airflow_project/venv/lib/python3.12/site-packages/airflow/example_dags/example_datasets.py for tasks to queue
[2026-01-07T12:14:04.929+0530] {logging_mixin.py:190} INFO - [2026-01-07T12:14:04.929+0530] {dagbag.py:588} INFO - Filling up the DagBag from /home/sneha/spotify_airflow_project/venv/lib/python3.12/site-packages/airflow/example_dags/example_datasets.py
[2026-01-07T12:14:04.942+0530] {processor.py:925} INFO - DAG(s) 'consume_1_and_2_with_dataset_expressions', 'consume_1_or_both_2_and_3_with_dataset_expressions', 'consume_1_or_2_with_dataset_expressions', 'dataset_produces_1', 'dataset_consumes_unknown_never_scheduled', 'dataset_consumes_1', 'dataset_produces_2', 'dataset_consumes_1_and_2', 'dataset_consumes_1_never_scheduled', 'conditional_dataset_and_time_based_timetable' retrieved from /home/sneha/spotify_airflow_project/venv/lib/python3.12/site-packages/airflow/example_dags/example_datasets.py
[2026-01-07T12:14:04.990+0530] {logging_mixin.py:190} INFO - [2026-01-07T12:14:04.989+0530] {dag.py:3239} INFO - Sync 10 DAGs
[2026-01-07T12:14:05.013+0530] {logging_mixin.py:190} INFO - [2026-01-07T12:14:05.012+0530] {dag.py:4180} INFO - Setting next_dagrun for conditional_dataset_and_time_based_timetable to 2026-01-07 01:00:00+00:00, run_after=2026-01-07 01:00:00+00:00
[2026-01-07T12:14:05.016+0530] {logging_mixin.py:190} INFO - [2026-01-07T12:14:05.016+0530] {dag.py:4180} INFO - Setting next_dagrun for consume_1_and_2_with_dataset_expressions to None, run_after=None
[2026-01-07T12:14:05.017+0530] {logging_mixin.py:190} INFO - [2026-01-07T12:14:05.017+0530] {dag.py:4180} INFO - Setting next_dagrun for consume_1_or_2_with_dataset_expressions to None, run_after=None
[2026-01-07T12:14:05.019+0530] {logging_mixin.py:190} INFO - [2026-01-07T12:14:05.018+0530] {dag.py:4180} INFO - Setting next_dagrun for consume_1_or_both_2_and_3_with_dataset_expressions to None, run_after=None
[2026-01-07T12:14:05.020+0530] {logging_mixin.py:190} INFO - [2026-01-07T12:14:05.019+0530] {dag.py:4180} INFO - Setting next_dagrun for dataset_consumes_1 to None, run_after=None
[2026-01-07T12:14:05.021+0530] {logging_mixin.py:190} INFO - [2026-01-07T12:14:05.021+0530] {dag.py:4180} INFO - Setting next_dagrun for dataset_consumes_1_and_2 to None, run_after=None
[2026-01-07T12:14:05.022+0530] {logging_mixin.py:190} INFO - [2026-01-07T12:14:05.022+0530] {dag.py:4180} INFO - Setting next_dagrun for dataset_consumes_1_never_scheduled to None, run_after=None
[2026-01-07T12:14:05.023+0530] {logging_mixin.py:190} INFO - [2026-01-07T12:14:05.023+0530] {dag.py:4180} INFO - Setting next_dagrun for dataset_consumes_unknown_never_scheduled to None, run_after=None
[2026-01-07T12:14:05.026+0530] {logging_mixin.py:190} INFO - [2026-01-07T12:14:05.026+0530] {dag.py:4180} INFO - Setting next_dagrun for dataset_produces_1 to 2026-01-06 00:00:00+00:00, run_after=2026-01-07 00:00:00+00:00
[2026-01-07T12:14:05.028+0530] {logging_mixin.py:190} INFO - [2026-01-07T12:14:05.028+0530] {dag.py:4180} INFO - Setting next_dagrun for dataset_produces_2 to None, run_after=None
[2026-01-07T12:14:05.056+0530] {processor.py:208} INFO - Processing /home/sneha/spotify_airflow_project/venv/lib/python3.12/site-packages/airflow/example_dags/example_datasets.py took 0.141 seconds
[2026-01-07T12:15:00.974+0530] {processor.py:186} INFO - Started process (PID=18932) to work on /home/sneha/spotify_airflow_project/venv/lib/python3.12/site-packages/airflow/example_dags/example_datasets.py
[2026-01-07T12:15:00.975+0530] {processor.py:914} INFO - Processing file /home/sneha/spotify_airflow_project/venv/lib/python3.12/site-packages/airflow/example_dags/example_datasets.py for tasks to queue
[2026-01-07T12:15:00.977+0530] {logging_mixin.py:190} INFO - [2026-01-07T12:15:00.976+0530] {dagbag.py:588} INFO - Filling up the DagBag from /home/sneha/spotify_airflow_project/venv/lib/python3.12/site-packages/airflow/example_dags/example_datasets.py
[2026-01-07T12:15:00.990+0530] {processor.py:925} INFO - DAG(s) 'consume_1_or_2_with_dataset_expressions', 'dataset_produces_2', 'dataset_consumes_1_never_scheduled', 'dataset_consumes_unknown_never_scheduled', 'dataset_consumes_1', 'conditional_dataset_and_time_based_timetable', 'consume_1_and_2_with_dataset_expressions', 'dataset_produces_1', 'consume_1_or_both_2_and_3_with_dataset_expressions', 'dataset_consumes_1_and_2' retrieved from /home/sneha/spotify_airflow_project/venv/lib/python3.12/site-packages/airflow/example_dags/example_datasets.py
[2026-01-07T12:15:01.026+0530] {logging_mixin.py:190} INFO - [2026-01-07T12:15:01.026+0530] {dag.py:3239} INFO - Sync 10 DAGs
[2026-01-07T12:15:01.047+0530] {logging_mixin.py:190} INFO - [2026-01-07T12:15:01.047+0530] {dag.py:4180} INFO - Setting next_dagrun for conditional_dataset_and_time_based_timetable to 2026-01-07 01:00:00+00:00, run_after=2026-01-07 01:00:00+00:00
[2026-01-07T12:15:01.051+0530] {logging_mixin.py:190} INFO - [2026-01-07T12:15:01.050+0530] {dag.py:4180} INFO - Setting next_dagrun for consume_1_and_2_with_dataset_expressions to None, run_after=None
[2026-01-07T12:15:01.052+0530] {logging_mixin.py:190} INFO - [2026-01-07T12:15:01.052+0530] {dag.py:4180} INFO - Setting next_dagrun for consume_1_or_2_with_dataset_expressions to None, run_after=None
[2026-01-07T12:15:01.053+0530] {logging_mixin.py:190} INFO - [2026-01-07T12:15:01.053+0530] {dag.py:4180} INFO - Setting next_dagrun for consume_1_or_both_2_and_3_with_dataset_expressions to None, run_after=None
[2026-01-07T12:15:01.054+0530] {logging_mixin.py:190} INFO - [2026-01-07T12:15:01.054+0530] {dag.py:4180} INFO - Setting next_dagrun for dataset_consumes_1 to None, run_after=None
[2026-01-07T12:15:01.055+0530] {logging_mixin.py:190} INFO - [2026-01-07T12:15:01.054+0530] {dag.py:4180} INFO - Setting next_dagrun for dataset_consumes_1_and_2 to None, run_after=None
[2026-01-07T12:15:01.055+0530] {logging_mixin.py:190} INFO - [2026-01-07T12:15:01.055+0530] {dag.py:4180} INFO - Setting next_dagrun for dataset_consumes_1_never_scheduled to None, run_after=None
[2026-01-07T12:15:01.056+0530] {logging_mixin.py:190} INFO - [2026-01-07T12:15:01.056+0530] {dag.py:4180} INFO - Setting next_dagrun for dataset_consumes_unknown_never_scheduled to None, run_after=None
[2026-01-07T12:15:01.058+0530] {logging_mixin.py:190} INFO - [2026-01-07T12:15:01.058+0530] {dag.py:4180} INFO - Setting next_dagrun for dataset_produces_1 to 2026-01-06 00:00:00+00:00, run_after=2026-01-07 00:00:00+00:00
[2026-01-07T12:15:01.059+0530] {logging_mixin.py:190} INFO - [2026-01-07T12:15:01.058+0530] {dag.py:4180} INFO - Setting next_dagrun for dataset_produces_2 to None, run_after=None
[2026-01-07T12:15:01.087+0530] {processor.py:208} INFO - Processing /home/sneha/spotify_airflow_project/venv/lib/python3.12/site-packages/airflow/example_dags/example_datasets.py took 0.127 seconds
[2026-01-07T12:16:22.096+0530] {processor.py:186} INFO - Started process (PID=19041) to work on /home/sneha/spotify_airflow_project/venv/lib/python3.12/site-packages/airflow/example_dags/example_datasets.py
[2026-01-07T12:16:22.097+0530] {processor.py:914} INFO - Processing file /home/sneha/spotify_airflow_project/venv/lib/python3.12/site-packages/airflow/example_dags/example_datasets.py for tasks to queue
[2026-01-07T12:16:22.099+0530] {logging_mixin.py:190} INFO - [2026-01-07T12:16:22.098+0530] {dagbag.py:588} INFO - Filling up the DagBag from /home/sneha/spotify_airflow_project/venv/lib/python3.12/site-packages/airflow/example_dags/example_datasets.py
[2026-01-07T12:16:22.111+0530] {processor.py:925} INFO - DAG(s) 'dataset_produces_2', 'dataset_consumes_1_never_scheduled', 'dataset_consumes_1_and_2', 'consume_1_or_both_2_and_3_with_dataset_expressions', 'conditional_dataset_and_time_based_timetable', 'dataset_consumes_unknown_never_scheduled', 'dataset_consumes_1', 'consume_1_and_2_with_dataset_expressions', 'dataset_produces_1', 'consume_1_or_2_with_dataset_expressions' retrieved from /home/sneha/spotify_airflow_project/venv/lib/python3.12/site-packages/airflow/example_dags/example_datasets.py
[2026-01-07T12:16:22.149+0530] {logging_mixin.py:190} INFO - [2026-01-07T12:16:22.149+0530] {dag.py:3239} INFO - Sync 10 DAGs
[2026-01-07T12:16:22.169+0530] {logging_mixin.py:190} INFO - [2026-01-07T12:16:22.169+0530] {dag.py:4180} INFO - Setting next_dagrun for conditional_dataset_and_time_based_timetable to 2026-01-07 01:00:00+00:00, run_after=2026-01-07 01:00:00+00:00
[2026-01-07T12:16:22.172+0530] {logging_mixin.py:190} INFO - [2026-01-07T12:16:22.172+0530] {dag.py:4180} INFO - Setting next_dagrun for consume_1_and_2_with_dataset_expressions to None, run_after=None
[2026-01-07T12:16:22.173+0530] {logging_mixin.py:190} INFO - [2026-01-07T12:16:22.173+0530] {dag.py:4180} INFO - Setting next_dagrun for consume_1_or_2_with_dataset_expressions to None, run_after=None
[2026-01-07T12:16:22.175+0530] {logging_mixin.py:190} INFO - [2026-01-07T12:16:22.174+0530] {dag.py:4180} INFO - Setting next_dagrun for consume_1_or_both_2_and_3_with_dataset_expressions to None, run_after=None
[2026-01-07T12:16:22.176+0530] {logging_mixin.py:190} INFO - [2026-01-07T12:16:22.175+0530] {dag.py:4180} INFO - Setting next_dagrun for dataset_consumes_1 to None, run_after=None
[2026-01-07T12:16:22.176+0530] {logging_mixin.py:190} INFO - [2026-01-07T12:16:22.176+0530] {dag.py:4180} INFO - Setting next_dagrun for dataset_consumes_1_and_2 to None, run_after=None
[2026-01-07T12:16:22.178+0530] {logging_mixin.py:190} INFO - [2026-01-07T12:16:22.177+0530] {dag.py:4180} INFO - Setting next_dagrun for dataset_consumes_1_never_scheduled to None, run_after=None
[2026-01-07T12:16:22.179+0530] {logging_mixin.py:190} INFO - [2026-01-07T12:16:22.179+0530] {dag.py:4180} INFO - Setting next_dagrun for dataset_consumes_unknown_never_scheduled to None, run_after=None
[2026-01-07T12:16:22.182+0530] {logging_mixin.py:190} INFO - [2026-01-07T12:16:22.182+0530] {dag.py:4180} INFO - Setting next_dagrun for dataset_produces_1 to 2026-01-06 00:00:00+00:00, run_after=2026-01-07 00:00:00+00:00
[2026-01-07T12:16:22.183+0530] {logging_mixin.py:190} INFO - [2026-01-07T12:16:22.182+0530] {dag.py:4180} INFO - Setting next_dagrun for dataset_produces_2 to None, run_after=None
[2026-01-07T12:16:22.211+0530] {processor.py:208} INFO - Processing /home/sneha/spotify_airflow_project/venv/lib/python3.12/site-packages/airflow/example_dags/example_datasets.py took 0.122 seconds
[2026-01-07T12:17:18.191+0530] {processor.py:186} INFO - Started process (PID=19103) to work on /home/sneha/spotify_airflow_project/venv/lib/python3.12/site-packages/airflow/example_dags/example_datasets.py
[2026-01-07T12:17:18.193+0530] {processor.py:914} INFO - Processing file /home/sneha/spotify_airflow_project/venv/lib/python3.12/site-packages/airflow/example_dags/example_datasets.py for tasks to queue
[2026-01-07T12:17:18.195+0530] {logging_mixin.py:190} INFO - [2026-01-07T12:17:18.194+0530] {dagbag.py:588} INFO - Filling up the DagBag from /home/sneha/spotify_airflow_project/venv/lib/python3.12/site-packages/airflow/example_dags/example_datasets.py
[2026-01-07T12:17:18.207+0530] {processor.py:925} INFO - DAG(s) 'dataset_consumes_1_and_2', 'dataset_consumes_unknown_never_scheduled', 'dataset_produces_2', 'conditional_dataset_and_time_based_timetable', 'dataset_consumes_1', 'consume_1_or_both_2_and_3_with_dataset_expressions', 'dataset_consumes_1_never_scheduled', 'dataset_produces_1', 'consume_1_and_2_with_dataset_expressions', 'consume_1_or_2_with_dataset_expressions' retrieved from /home/sneha/spotify_airflow_project/venv/lib/python3.12/site-packages/airflow/example_dags/example_datasets.py
[2026-01-07T12:17:18.246+0530] {logging_mixin.py:190} INFO - [2026-01-07T12:17:18.245+0530] {dag.py:3239} INFO - Sync 10 DAGs
[2026-01-07T12:17:18.266+0530] {logging_mixin.py:190} INFO - [2026-01-07T12:17:18.266+0530] {dag.py:4180} INFO - Setting next_dagrun for conditional_dataset_and_time_based_timetable to 2026-01-07 01:00:00+00:00, run_after=2026-01-07 01:00:00+00:00
[2026-01-07T12:17:18.269+0530] {logging_mixin.py:190} INFO - [2026-01-07T12:17:18.269+0530] {dag.py:4180} INFO - Setting next_dagrun for consume_1_and_2_with_dataset_expressions to None, run_after=None
[2026-01-07T12:17:18.270+0530] {logging_mixin.py:190} INFO - [2026-01-07T12:17:18.270+0530] {dag.py:4180} INFO - Setting next_dagrun for consume_1_or_2_with_dataset_expressions to None, run_after=None
[2026-01-07T12:17:18.272+0530] {logging_mixin.py:190} INFO - [2026-01-07T12:17:18.271+0530] {dag.py:4180} INFO - Setting next_dagrun for consume_1_or_both_2_and_3_with_dataset_expressions to None, run_after=None
[2026-01-07T12:17:18.272+0530] {logging_mixin.py:190} INFO - [2026-01-07T12:17:18.272+0530] {dag.py:4180} INFO - Setting next_dagrun for dataset_consumes_1 to None, run_after=None
[2026-01-07T12:17:18.273+0530] {logging_mixin.py:190} INFO - [2026-01-07T12:17:18.273+0530] {dag.py:4180} INFO - Setting next_dagrun for dataset_consumes_1_and_2 to None, run_after=None
[2026-01-07T12:17:18.274+0530] {logging_mixin.py:190} INFO - [2026-01-07T12:17:18.274+0530] {dag.py:4180} INFO - Setting next_dagrun for dataset_consumes_1_never_scheduled to None, run_after=None
[2026-01-07T12:17:18.276+0530] {logging_mixin.py:190} INFO - [2026-01-07T12:17:18.275+0530] {dag.py:4180} INFO - Setting next_dagrun for dataset_consumes_unknown_never_scheduled to None, run_after=None
[2026-01-07T12:17:18.278+0530] {logging_mixin.py:190} INFO - [2026-01-07T12:17:18.278+0530] {dag.py:4180} INFO - Setting next_dagrun for dataset_produces_1 to 2026-01-06 00:00:00+00:00, run_after=2026-01-07 00:00:00+00:00
[2026-01-07T12:17:18.279+0530] {logging_mixin.py:190} INFO - [2026-01-07T12:17:18.279+0530] {dag.py:4180} INFO - Setting next_dagrun for dataset_produces_2 to None, run_after=None
[2026-01-07T12:17:18.308+0530] {processor.py:208} INFO - Processing /home/sneha/spotify_airflow_project/venv/lib/python3.12/site-packages/airflow/example_dags/example_datasets.py took 0.128 seconds
[2026-01-07T12:18:13.900+0530] {processor.py:186} INFO - Started process (PID=19160) to work on /home/sneha/spotify_airflow_project/venv/lib/python3.12/site-packages/airflow/example_dags/example_datasets.py
[2026-01-07T12:18:13.901+0530] {processor.py:914} INFO - Processing file /home/sneha/spotify_airflow_project/venv/lib/python3.12/site-packages/airflow/example_dags/example_datasets.py for tasks to queue
[2026-01-07T12:18:13.903+0530] {logging_mixin.py:190} INFO - [2026-01-07T12:18:13.902+0530] {dagbag.py:588} INFO - Filling up the DagBag from /home/sneha/spotify_airflow_project/venv/lib/python3.12/site-packages/airflow/example_dags/example_datasets.py
[2026-01-07T12:18:13.915+0530] {processor.py:925} INFO - DAG(s) 'conditional_dataset_and_time_based_timetable', 'dataset_consumes_1', 'dataset_produces_2', 'dataset_consumes_1_and_2', 'consume_1_and_2_with_dataset_expressions', 'dataset_consumes_1_never_scheduled', 'consume_1_or_2_with_dataset_expressions', 'consume_1_or_both_2_and_3_with_dataset_expressions', 'dataset_produces_1', 'dataset_consumes_unknown_never_scheduled' retrieved from /home/sneha/spotify_airflow_project/venv/lib/python3.12/site-packages/airflow/example_dags/example_datasets.py
[2026-01-07T12:18:13.952+0530] {logging_mixin.py:190} INFO - [2026-01-07T12:18:13.951+0530] {dag.py:3239} INFO - Sync 10 DAGs
[2026-01-07T12:18:13.973+0530] {logging_mixin.py:190} INFO - [2026-01-07T12:18:13.973+0530] {dag.py:4180} INFO - Setting next_dagrun for conditional_dataset_and_time_based_timetable to 2026-01-07 01:00:00+00:00, run_after=2026-01-07 01:00:00+00:00
[2026-01-07T12:18:13.976+0530] {logging_mixin.py:190} INFO - [2026-01-07T12:18:13.976+0530] {dag.py:4180} INFO - Setting next_dagrun for consume_1_and_2_with_dataset_expressions to None, run_after=None
[2026-01-07T12:18:13.977+0530] {logging_mixin.py:190} INFO - [2026-01-07T12:18:13.977+0530] {dag.py:4180} INFO - Setting next_dagrun for consume_1_or_2_with_dataset_expressions to None, run_after=None
[2026-01-07T12:18:13.978+0530] {logging_mixin.py:190} INFO - [2026-01-07T12:18:13.978+0530] {dag.py:4180} INFO - Setting next_dagrun for consume_1_or_both_2_and_3_with_dataset_expressions to None, run_after=None
[2026-01-07T12:18:13.979+0530] {logging_mixin.py:190} INFO - [2026-01-07T12:18:13.979+0530] {dag.py:4180} INFO - Setting next_dagrun for dataset_consumes_1 to None, run_after=None
[2026-01-07T12:18:13.981+0530] {logging_mixin.py:190} INFO - [2026-01-07T12:18:13.980+0530] {dag.py:4180} INFO - Setting next_dagrun for dataset_consumes_1_and_2 to None, run_after=None
[2026-01-07T12:18:13.981+0530] {logging_mixin.py:190} INFO - [2026-01-07T12:18:13.981+0530] {dag.py:4180} INFO - Setting next_dagrun for dataset_consumes_1_never_scheduled to None, run_after=None
[2026-01-07T12:18:13.982+0530] {logging_mixin.py:190} INFO - [2026-01-07T12:18:13.982+0530] {dag.py:4180} INFO - Setting next_dagrun for dataset_consumes_unknown_never_scheduled to None, run_after=None
[2026-01-07T12:18:13.984+0530] {logging_mixin.py:190} INFO - [2026-01-07T12:18:13.984+0530] {dag.py:4180} INFO - Setting next_dagrun for dataset_produces_1 to 2026-01-06 00:00:00+00:00, run_after=2026-01-07 00:00:00+00:00
[2026-01-07T12:18:13.985+0530] {logging_mixin.py:190} INFO - [2026-01-07T12:18:13.985+0530] {dag.py:4180} INFO - Setting next_dagrun for dataset_produces_2 to None, run_after=None
[2026-01-07T12:18:14.013+0530] {processor.py:208} INFO - Processing /home/sneha/spotify_airflow_project/venv/lib/python3.12/site-packages/airflow/example_dags/example_datasets.py took 0.127 seconds
[2026-01-07T12:19:10.523+0530] {processor.py:186} INFO - Started process (PID=19287) to work on /home/sneha/spotify_airflow_project/venv/lib/python3.12/site-packages/airflow/example_dags/example_datasets.py
[2026-01-07T12:19:10.524+0530] {processor.py:914} INFO - Processing file /home/sneha/spotify_airflow_project/venv/lib/python3.12/site-packages/airflow/example_dags/example_datasets.py for tasks to queue
[2026-01-07T12:19:10.525+0530] {logging_mixin.py:190} INFO - [2026-01-07T12:19:10.525+0530] {dagbag.py:588} INFO - Filling up the DagBag from /home/sneha/spotify_airflow_project/venv/lib/python3.12/site-packages/airflow/example_dags/example_datasets.py
[2026-01-07T12:19:10.537+0530] {processor.py:925} INFO - DAG(s) 'conditional_dataset_and_time_based_timetable', 'consume_1_and_2_with_dataset_expressions', 'dataset_consumes_1_never_scheduled', 'dataset_produces_2', 'consume_1_or_2_with_dataset_expressions', 'consume_1_or_both_2_and_3_with_dataset_expressions', 'dataset_consumes_unknown_never_scheduled', 'dataset_produces_1', 'dataset_consumes_1_and_2', 'dataset_consumes_1' retrieved from /home/sneha/spotify_airflow_project/venv/lib/python3.12/site-packages/airflow/example_dags/example_datasets.py
[2026-01-07T12:19:10.571+0530] {logging_mixin.py:190} INFO - [2026-01-07T12:19:10.571+0530] {dag.py:3239} INFO - Sync 10 DAGs
[2026-01-07T12:19:10.591+0530] {logging_mixin.py:190} INFO - [2026-01-07T12:19:10.591+0530] {dag.py:4180} INFO - Setting next_dagrun for conditional_dataset_and_time_based_timetable to 2026-01-07 01:00:00+00:00, run_after=2026-01-07 01:00:00+00:00
[2026-01-07T12:19:10.594+0530] {logging_mixin.py:190} INFO - [2026-01-07T12:19:10.594+0530] {dag.py:4180} INFO - Setting next_dagrun for consume_1_and_2_with_dataset_expressions to None, run_after=None
[2026-01-07T12:19:10.595+0530] {logging_mixin.py:190} INFO - [2026-01-07T12:19:10.595+0530] {dag.py:4180} INFO - Setting next_dagrun for consume_1_or_2_with_dataset_expressions to None, run_after=None
[2026-01-07T12:19:10.596+0530] {logging_mixin.py:190} INFO - [2026-01-07T12:19:10.596+0530] {dag.py:4180} INFO - Setting next_dagrun for consume_1_or_both_2_and_3_with_dataset_expressions to None, run_after=None
[2026-01-07T12:19:10.596+0530] {logging_mixin.py:190} INFO - [2026-01-07T12:19:10.596+0530] {dag.py:4180} INFO - Setting next_dagrun for dataset_consumes_1 to None, run_after=None
[2026-01-07T12:19:10.597+0530] {logging_mixin.py:190} INFO - [2026-01-07T12:19:10.597+0530] {dag.py:4180} INFO - Setting next_dagrun for dataset_consumes_1_and_2 to None, run_after=None
[2026-01-07T12:19:10.598+0530] {logging_mixin.py:190} INFO - [2026-01-07T12:19:10.598+0530] {dag.py:4180} INFO - Setting next_dagrun for dataset_consumes_1_never_scheduled to None, run_after=None
[2026-01-07T12:19:10.599+0530] {logging_mixin.py:190} INFO - [2026-01-07T12:19:10.598+0530] {dag.py:4180} INFO - Setting next_dagrun for dataset_consumes_unknown_never_scheduled to None, run_after=None
[2026-01-07T12:19:10.601+0530] {logging_mixin.py:190} INFO - [2026-01-07T12:19:10.601+0530] {dag.py:4180} INFO - Setting next_dagrun for dataset_produces_1 to 2026-01-06 00:00:00+00:00, run_after=2026-01-07 00:00:00+00:00
[2026-01-07T12:19:10.602+0530] {logging_mixin.py:190} INFO - [2026-01-07T12:19:10.602+0530] {dag.py:4180} INFO - Setting next_dagrun for dataset_produces_2 to None, run_after=None
[2026-01-07T12:19:10.630+0530] {processor.py:208} INFO - Processing /home/sneha/spotify_airflow_project/venv/lib/python3.12/site-packages/airflow/example_dags/example_datasets.py took 0.118 seconds
[2026-01-07T12:20:06.255+0530] {processor.py:186} INFO - Started process (PID=19388) to work on /home/sneha/spotify_airflow_project/venv/lib/python3.12/site-packages/airflow/example_dags/example_datasets.py
[2026-01-07T12:20:06.256+0530] {processor.py:914} INFO - Processing file /home/sneha/spotify_airflow_project/venv/lib/python3.12/site-packages/airflow/example_dags/example_datasets.py for tasks to queue
[2026-01-07T12:20:06.258+0530] {logging_mixin.py:190} INFO - [2026-01-07T12:20:06.257+0530] {dagbag.py:588} INFO - Filling up the DagBag from /home/sneha/spotify_airflow_project/venv/lib/python3.12/site-packages/airflow/example_dags/example_datasets.py
[2026-01-07T12:20:06.271+0530] {processor.py:925} INFO - DAG(s) 'dataset_produces_2', 'consume_1_or_2_with_dataset_expressions', 'dataset_produces_1', 'conditional_dataset_and_time_based_timetable', 'dataset_consumes_unknown_never_scheduled', 'dataset_consumes_1_never_scheduled', 'consume_1_or_both_2_and_3_with_dataset_expressions', 'consume_1_and_2_with_dataset_expressions', 'dataset_consumes_1', 'dataset_consumes_1_and_2' retrieved from /home/sneha/spotify_airflow_project/venv/lib/python3.12/site-packages/airflow/example_dags/example_datasets.py
[2026-01-07T12:20:06.307+0530] {logging_mixin.py:190} INFO - [2026-01-07T12:20:06.307+0530] {dag.py:3239} INFO - Sync 10 DAGs
[2026-01-07T12:20:06.329+0530] {logging_mixin.py:190} INFO - [2026-01-07T12:20:06.328+0530] {dag.py:4180} INFO - Setting next_dagrun for conditional_dataset_and_time_based_timetable to 2026-01-07 01:00:00+00:00, run_after=2026-01-07 01:00:00+00:00
[2026-01-07T12:20:06.332+0530] {logging_mixin.py:190} INFO - [2026-01-07T12:20:06.332+0530] {dag.py:4180} INFO - Setting next_dagrun for consume_1_and_2_with_dataset_expressions to None, run_after=None
[2026-01-07T12:20:06.334+0530] {logging_mixin.py:190} INFO - [2026-01-07T12:20:06.333+0530] {dag.py:4180} INFO - Setting next_dagrun for consume_1_or_2_with_dataset_expressions to None, run_after=None
[2026-01-07T12:20:06.335+0530] {logging_mixin.py:190} INFO - [2026-01-07T12:20:06.335+0530] {dag.py:4180} INFO - Setting next_dagrun for consume_1_or_both_2_and_3_with_dataset_expressions to None, run_after=None
[2026-01-07T12:20:06.336+0530] {logging_mixin.py:190} INFO - [2026-01-07T12:20:06.335+0530] {dag.py:4180} INFO - Setting next_dagrun for dataset_consumes_1 to None, run_after=None
[2026-01-07T12:20:06.336+0530] {logging_mixin.py:190} INFO - [2026-01-07T12:20:06.336+0530] {dag.py:4180} INFO - Setting next_dagrun for dataset_consumes_1_and_2 to None, run_after=None
[2026-01-07T12:20:06.337+0530] {logging_mixin.py:190} INFO - [2026-01-07T12:20:06.337+0530] {dag.py:4180} INFO - Setting next_dagrun for dataset_consumes_1_never_scheduled to None, run_after=None
[2026-01-07T12:20:06.338+0530] {logging_mixin.py:190} INFO - [2026-01-07T12:20:06.338+0530] {dag.py:4180} INFO - Setting next_dagrun for dataset_consumes_unknown_never_scheduled to None, run_after=None
[2026-01-07T12:20:06.340+0530] {logging_mixin.py:190} INFO - [2026-01-07T12:20:06.340+0530] {dag.py:4180} INFO - Setting next_dagrun for dataset_produces_1 to 2026-01-06 00:00:00+00:00, run_after=2026-01-07 00:00:00+00:00
[2026-01-07T12:20:06.341+0530] {logging_mixin.py:190} INFO - [2026-01-07T12:20:06.341+0530] {dag.py:4180} INFO - Setting next_dagrun for dataset_produces_2 to None, run_after=None
[2026-01-07T12:20:06.372+0530] {processor.py:208} INFO - Processing /home/sneha/spotify_airflow_project/venv/lib/python3.12/site-packages/airflow/example_dags/example_datasets.py took 0.129 seconds
