[2026-01-07T11:47:53.212+0530] {processor.py:186} INFO - Started process (PID=7578) to work on /home/sneha/spotify_astro_project/venv/lib/python3.12/site-packages/airflow/example_dags/example_branch_day_of_week_operator.py
[2026-01-07T11:47:53.214+0530] {processor.py:914} INFO - Processing file /home/sneha/spotify_astro_project/venv/lib/python3.12/site-packages/airflow/example_dags/example_branch_day_of_week_operator.py for tasks to queue
[2026-01-07T11:47:53.217+0530] {logging_mixin.py:190} INFO - [2026-01-07T11:47:53.216+0530] {dagbag.py:588} INFO - Filling up the DagBag from /home/sneha/spotify_astro_project/venv/lib/python3.12/site-packages/airflow/example_dags/example_branch_day_of_week_operator.py
[2026-01-07T11:47:53.224+0530] {processor.py:925} INFO - DAG(s) 'example_weekday_branch_operator' retrieved from /home/sneha/spotify_astro_project/venv/lib/python3.12/site-packages/airflow/example_dags/example_branch_day_of_week_operator.py
[2026-01-07T11:47:53.323+0530] {logging_mixin.py:190} INFO - [2026-01-07T11:47:53.323+0530] {dag.py:3239} INFO - Sync 1 DAGs
[2026-01-07T11:47:53.339+0530] {logging_mixin.py:190} INFO - [2026-01-07T11:47:53.339+0530] {dag.py:4180} INFO - Setting next_dagrun for example_weekday_branch_operator to 2026-01-06 00:00:00+00:00, run_after=2026-01-07 00:00:00+00:00
[2026-01-07T11:47:53.358+0530] {processor.py:208} INFO - Processing /home/sneha/spotify_astro_project/venv/lib/python3.12/site-packages/airflow/example_dags/example_branch_day_of_week_operator.py took 0.157 seconds
[2026-01-07T11:48:57.756+0530] {processor.py:186} INFO - Started process (PID=8034) to work on /home/sneha/spotify_astro_project/venv/lib/python3.12/site-packages/airflow/example_dags/example_branch_day_of_week_operator.py
[2026-01-07T11:48:57.757+0530] {processor.py:914} INFO - Processing file /home/sneha/spotify_astro_project/venv/lib/python3.12/site-packages/airflow/example_dags/example_branch_day_of_week_operator.py for tasks to queue
[2026-01-07T11:48:57.759+0530] {logging_mixin.py:190} INFO - [2026-01-07T11:48:57.758+0530] {dagbag.py:588} INFO - Filling up the DagBag from /home/sneha/spotify_astro_project/venv/lib/python3.12/site-packages/airflow/example_dags/example_branch_day_of_week_operator.py
[2026-01-07T11:48:57.766+0530] {processor.py:925} INFO - DAG(s) 'example_weekday_branch_operator' retrieved from /home/sneha/spotify_astro_project/venv/lib/python3.12/site-packages/airflow/example_dags/example_branch_day_of_week_operator.py
[2026-01-07T11:48:57.783+0530] {logging_mixin.py:190} INFO - [2026-01-07T11:48:57.783+0530] {dag.py:3239} INFO - Sync 1 DAGs
[2026-01-07T11:48:57.801+0530] {logging_mixin.py:190} INFO - [2026-01-07T11:48:57.801+0530] {dag.py:4180} INFO - Setting next_dagrun for example_weekday_branch_operator to 2026-01-06 00:00:00+00:00, run_after=2026-01-07 00:00:00+00:00
[2026-01-07T11:48:57.818+0530] {processor.py:208} INFO - Processing /home/sneha/spotify_astro_project/venv/lib/python3.12/site-packages/airflow/example_dags/example_branch_day_of_week_operator.py took 0.071 seconds
[2026-01-07T11:49:59.657+0530] {processor.py:186} INFO - Started process (PID=8469) to work on /home/sneha/spotify_astro_project/venv/lib/python3.12/site-packages/airflow/example_dags/example_branch_day_of_week_operator.py
[2026-01-07T11:49:59.658+0530] {processor.py:914} INFO - Processing file /home/sneha/spotify_astro_project/venv/lib/python3.12/site-packages/airflow/example_dags/example_branch_day_of_week_operator.py for tasks to queue
[2026-01-07T11:49:59.660+0530] {logging_mixin.py:190} INFO - [2026-01-07T11:49:59.659+0530] {dagbag.py:588} INFO - Filling up the DagBag from /home/sneha/spotify_astro_project/venv/lib/python3.12/site-packages/airflow/example_dags/example_branch_day_of_week_operator.py
[2026-01-07T11:49:59.666+0530] {processor.py:925} INFO - DAG(s) 'example_weekday_branch_operator' retrieved from /home/sneha/spotify_astro_project/venv/lib/python3.12/site-packages/airflow/example_dags/example_branch_day_of_week_operator.py
[2026-01-07T11:49:59.814+0530] {logging_mixin.py:190} INFO - [2026-01-07T11:49:59.814+0530] {dag.py:3239} INFO - Sync 1 DAGs
[2026-01-07T11:49:59.829+0530] {logging_mixin.py:190} INFO - [2026-01-07T11:49:59.829+0530] {dag.py:4180} INFO - Setting next_dagrun for example_weekday_branch_operator to 2026-01-06 00:00:00+00:00, run_after=2026-01-07 00:00:00+00:00
[2026-01-07T11:49:59.845+0530] {processor.py:208} INFO - Processing /home/sneha/spotify_astro_project/venv/lib/python3.12/site-packages/airflow/example_dags/example_branch_day_of_week_operator.py took 0.200 seconds
[2026-01-07T11:51:15.602+0530] {processor.py:186} INFO - Started process (PID=9102) to work on /home/sneha/spotify_astro_project/venv/lib/python3.12/site-packages/airflow/example_dags/example_branch_day_of_week_operator.py
[2026-01-07T11:51:15.603+0530] {processor.py:914} INFO - Processing file /home/sneha/spotify_astro_project/venv/lib/python3.12/site-packages/airflow/example_dags/example_branch_day_of_week_operator.py for tasks to queue
[2026-01-07T11:51:15.604+0530] {logging_mixin.py:190} INFO - [2026-01-07T11:51:15.604+0530] {dagbag.py:588} INFO - Filling up the DagBag from /home/sneha/spotify_astro_project/venv/lib/python3.12/site-packages/airflow/example_dags/example_branch_day_of_week_operator.py
[2026-01-07T11:51:15.611+0530] {processor.py:925} INFO - DAG(s) 'example_weekday_branch_operator' retrieved from /home/sneha/spotify_astro_project/venv/lib/python3.12/site-packages/airflow/example_dags/example_branch_day_of_week_operator.py
[2026-01-07T11:51:15.628+0530] {logging_mixin.py:190} INFO - [2026-01-07T11:51:15.628+0530] {dag.py:3239} INFO - Sync 1 DAGs
[2026-01-07T11:51:15.647+0530] {logging_mixin.py:190} INFO - [2026-01-07T11:51:15.647+0530] {dag.py:4180} INFO - Setting next_dagrun for example_weekday_branch_operator to 2026-01-06 00:00:00+00:00, run_after=2026-01-07 00:00:00+00:00
[2026-01-07T11:51:15.665+0530] {processor.py:208} INFO - Processing /home/sneha/spotify_astro_project/venv/lib/python3.12/site-packages/airflow/example_dags/example_branch_day_of_week_operator.py took 0.075 seconds
[2026-01-07T11:58:04.369+0530] {processor.py:186} INFO - Started process (PID=17154) to work on /home/sneha/spotify_airflow_project/venv/lib/python3.12/site-packages/airflow/example_dags/example_branch_day_of_week_operator.py
[2026-01-07T11:58:04.370+0530] {processor.py:914} INFO - Processing file /home/sneha/spotify_airflow_project/venv/lib/python3.12/site-packages/airflow/example_dags/example_branch_day_of_week_operator.py for tasks to queue
[2026-01-07T11:58:04.372+0530] {logging_mixin.py:190} INFO - [2026-01-07T11:58:04.371+0530] {dagbag.py:588} INFO - Filling up the DagBag from /home/sneha/spotify_airflow_project/venv/lib/python3.12/site-packages/airflow/example_dags/example_branch_day_of_week_operator.py
[2026-01-07T11:58:04.380+0530] {processor.py:925} INFO - DAG(s) 'example_weekday_branch_operator' retrieved from /home/sneha/spotify_airflow_project/venv/lib/python3.12/site-packages/airflow/example_dags/example_branch_day_of_week_operator.py
[2026-01-07T11:58:04.481+0530] {logging_mixin.py:190} INFO - [2026-01-07T11:58:04.481+0530] {dag.py:3239} INFO - Sync 1 DAGs
[2026-01-07T11:58:04.498+0530] {logging_mixin.py:190} INFO - [2026-01-07T11:58:04.498+0530] {dag.py:4180} INFO - Setting next_dagrun for example_weekday_branch_operator to 2026-01-06 00:00:00+00:00, run_after=2026-01-07 00:00:00+00:00
[2026-01-07T11:58:04.517+0530] {processor.py:208} INFO - Processing /home/sneha/spotify_airflow_project/venv/lib/python3.12/site-packages/airflow/example_dags/example_branch_day_of_week_operator.py took 0.160 seconds
[2026-01-07T11:59:01.587+0530] {processor.py:186} INFO - Started process (PID=17244) to work on /home/sneha/spotify_airflow_project/venv/lib/python3.12/site-packages/airflow/example_dags/example_branch_day_of_week_operator.py
[2026-01-07T11:59:01.588+0530] {processor.py:914} INFO - Processing file /home/sneha/spotify_airflow_project/venv/lib/python3.12/site-packages/airflow/example_dags/example_branch_day_of_week_operator.py for tasks to queue
[2026-01-07T11:59:01.590+0530] {logging_mixin.py:190} INFO - [2026-01-07T11:59:01.589+0530] {dagbag.py:588} INFO - Filling up the DagBag from /home/sneha/spotify_airflow_project/venv/lib/python3.12/site-packages/airflow/example_dags/example_branch_day_of_week_operator.py
[2026-01-07T11:59:01.598+0530] {processor.py:925} INFO - DAG(s) 'example_weekday_branch_operator' retrieved from /home/sneha/spotify_airflow_project/venv/lib/python3.12/site-packages/airflow/example_dags/example_branch_day_of_week_operator.py
[2026-01-07T11:59:01.615+0530] {logging_mixin.py:190} INFO - [2026-01-07T11:59:01.615+0530] {dag.py:3239} INFO - Sync 1 DAGs
[2026-01-07T11:59:01.633+0530] {logging_mixin.py:190} INFO - [2026-01-07T11:59:01.633+0530] {dag.py:4180} INFO - Setting next_dagrun for example_weekday_branch_operator to 2026-01-06 00:00:00+00:00, run_after=2026-01-07 00:00:00+00:00
[2026-01-07T11:59:01.650+0530] {processor.py:208} INFO - Processing /home/sneha/spotify_airflow_project/venv/lib/python3.12/site-packages/airflow/example_dags/example_branch_day_of_week_operator.py took 0.073 seconds
[2026-01-07T12:00:23.953+0530] {processor.py:186} INFO - Started process (PID=17390) to work on /home/sneha/spotify_airflow_project/venv/lib/python3.12/site-packages/airflow/example_dags/example_branch_day_of_week_operator.py
[2026-01-07T12:00:23.954+0530] {processor.py:914} INFO - Processing file /home/sneha/spotify_airflow_project/venv/lib/python3.12/site-packages/airflow/example_dags/example_branch_day_of_week_operator.py for tasks to queue
[2026-01-07T12:00:23.955+0530] {logging_mixin.py:190} INFO - [2026-01-07T12:00:23.955+0530] {dagbag.py:588} INFO - Filling up the DagBag from /home/sneha/spotify_airflow_project/venv/lib/python3.12/site-packages/airflow/example_dags/example_branch_day_of_week_operator.py
[2026-01-07T12:00:23.962+0530] {processor.py:925} INFO - DAG(s) 'example_weekday_branch_operator' retrieved from /home/sneha/spotify_airflow_project/venv/lib/python3.12/site-packages/airflow/example_dags/example_branch_day_of_week_operator.py
[2026-01-07T12:00:23.980+0530] {logging_mixin.py:190} INFO - [2026-01-07T12:00:23.980+0530] {dag.py:3239} INFO - Sync 1 DAGs
[2026-01-07T12:00:24.130+0530] {logging_mixin.py:190} INFO - [2026-01-07T12:00:24.130+0530] {dag.py:4180} INFO - Setting next_dagrun for example_weekday_branch_operator to 2026-01-06 00:00:00+00:00, run_after=2026-01-07 00:00:00+00:00
[2026-01-07T12:00:24.148+0530] {processor.py:208} INFO - Processing /home/sneha/spotify_airflow_project/venv/lib/python3.12/site-packages/airflow/example_dags/example_branch_day_of_week_operator.py took 0.205 seconds
[2026-01-07T12:01:30.233+0530] {processor.py:186} INFO - Started process (PID=17521) to work on /home/sneha/spotify_airflow_project/venv/lib/python3.12/site-packages/airflow/example_dags/example_branch_day_of_week_operator.py
[2026-01-07T12:01:30.234+0530] {processor.py:914} INFO - Processing file /home/sneha/spotify_airflow_project/venv/lib/python3.12/site-packages/airflow/example_dags/example_branch_day_of_week_operator.py for tasks to queue
[2026-01-07T12:01:30.236+0530] {logging_mixin.py:190} INFO - [2026-01-07T12:01:30.235+0530] {dagbag.py:588} INFO - Filling up the DagBag from /home/sneha/spotify_airflow_project/venv/lib/python3.12/site-packages/airflow/example_dags/example_branch_day_of_week_operator.py
[2026-01-07T12:01:30.243+0530] {processor.py:925} INFO - DAG(s) 'example_weekday_branch_operator' retrieved from /home/sneha/spotify_airflow_project/venv/lib/python3.12/site-packages/airflow/example_dags/example_branch_day_of_week_operator.py
[2026-01-07T12:01:30.262+0530] {logging_mixin.py:190} INFO - [2026-01-07T12:01:30.262+0530] {dag.py:3239} INFO - Sync 1 DAGs
[2026-01-07T12:01:30.281+0530] {logging_mixin.py:190} INFO - [2026-01-07T12:01:30.281+0530] {dag.py:4180} INFO - Setting next_dagrun for example_weekday_branch_operator to 2026-01-06 00:00:00+00:00, run_after=2026-01-07 00:00:00+00:00
[2026-01-07T12:01:30.301+0530] {processor.py:208} INFO - Processing /home/sneha/spotify_airflow_project/venv/lib/python3.12/site-packages/airflow/example_dags/example_branch_day_of_week_operator.py took 0.078 seconds
[2026-01-07T12:02:28.473+0530] {processor.py:186} INFO - Started process (PID=17662) to work on /home/sneha/spotify_airflow_project/venv/lib/python3.12/site-packages/airflow/example_dags/example_branch_day_of_week_operator.py
[2026-01-07T12:02:28.474+0530] {processor.py:914} INFO - Processing file /home/sneha/spotify_airflow_project/venv/lib/python3.12/site-packages/airflow/example_dags/example_branch_day_of_week_operator.py for tasks to queue
[2026-01-07T12:02:28.476+0530] {logging_mixin.py:190} INFO - [2026-01-07T12:02:28.475+0530] {dagbag.py:588} INFO - Filling up the DagBag from /home/sneha/spotify_airflow_project/venv/lib/python3.12/site-packages/airflow/example_dags/example_branch_day_of_week_operator.py
[2026-01-07T12:02:28.483+0530] {processor.py:925} INFO - DAG(s) 'example_weekday_branch_operator' retrieved from /home/sneha/spotify_airflow_project/venv/lib/python3.12/site-packages/airflow/example_dags/example_branch_day_of_week_operator.py
[2026-01-07T12:02:28.500+0530] {logging_mixin.py:190} INFO - [2026-01-07T12:02:28.500+0530] {dag.py:3239} INFO - Sync 1 DAGs
[2026-01-07T12:02:28.518+0530] {logging_mixin.py:190} INFO - [2026-01-07T12:02:28.518+0530] {dag.py:4180} INFO - Setting next_dagrun for example_weekday_branch_operator to 2026-01-06 00:00:00+00:00, run_after=2026-01-07 00:00:00+00:00
[2026-01-07T12:02:28.538+0530] {processor.py:208} INFO - Processing /home/sneha/spotify_airflow_project/venv/lib/python3.12/site-packages/airflow/example_dags/example_branch_day_of_week_operator.py took 0.078 seconds
[2026-01-07T12:03:30.198+0530] {processor.py:186} INFO - Started process (PID=17725) to work on /home/sneha/spotify_airflow_project/venv/lib/python3.12/site-packages/airflow/example_dags/example_branch_day_of_week_operator.py
[2026-01-07T12:03:30.209+0530] {processor.py:914} INFO - Processing file /home/sneha/spotify_airflow_project/venv/lib/python3.12/site-packages/airflow/example_dags/example_branch_day_of_week_operator.py for tasks to queue
[2026-01-07T12:03:30.211+0530] {logging_mixin.py:190} INFO - [2026-01-07T12:03:30.210+0530] {dagbag.py:588} INFO - Filling up the DagBag from /home/sneha/spotify_airflow_project/venv/lib/python3.12/site-packages/airflow/example_dags/example_branch_day_of_week_operator.py
[2026-01-07T12:03:30.219+0530] {processor.py:925} INFO - DAG(s) 'example_weekday_branch_operator' retrieved from /home/sneha/spotify_airflow_project/venv/lib/python3.12/site-packages/airflow/example_dags/example_branch_day_of_week_operator.py
[2026-01-07T12:03:30.237+0530] {logging_mixin.py:190} INFO - [2026-01-07T12:03:30.237+0530] {dag.py:3239} INFO - Sync 1 DAGs
[2026-01-07T12:03:30.256+0530] {logging_mixin.py:190} INFO - [2026-01-07T12:03:30.256+0530] {dag.py:4180} INFO - Setting next_dagrun for example_weekday_branch_operator to 2026-01-06 00:00:00+00:00, run_after=2026-01-07 00:00:00+00:00
[2026-01-07T12:03:30.273+0530] {processor.py:208} INFO - Processing /home/sneha/spotify_airflow_project/venv/lib/python3.12/site-packages/airflow/example_dags/example_branch_day_of_week_operator.py took 0.088 seconds
[2026-01-07T12:04:51.056+0530] {processor.py:186} INFO - Started process (PID=18073) to work on /home/sneha/spotify_airflow_project/venv/lib/python3.12/site-packages/airflow/example_dags/example_branch_day_of_week_operator.py
[2026-01-07T12:04:51.057+0530] {processor.py:914} INFO - Processing file /home/sneha/spotify_airflow_project/venv/lib/python3.12/site-packages/airflow/example_dags/example_branch_day_of_week_operator.py for tasks to queue
[2026-01-07T12:04:51.059+0530] {logging_mixin.py:190} INFO - [2026-01-07T12:04:51.058+0530] {dagbag.py:588} INFO - Filling up the DagBag from /home/sneha/spotify_airflow_project/venv/lib/python3.12/site-packages/airflow/example_dags/example_branch_day_of_week_operator.py
[2026-01-07T12:04:51.066+0530] {processor.py:925} INFO - DAG(s) 'example_weekday_branch_operator' retrieved from /home/sneha/spotify_airflow_project/venv/lib/python3.12/site-packages/airflow/example_dags/example_branch_day_of_week_operator.py
[2026-01-07T12:04:51.085+0530] {logging_mixin.py:190} INFO - [2026-01-07T12:04:51.085+0530] {dag.py:3239} INFO - Sync 1 DAGs
[2026-01-07T12:04:51.104+0530] {logging_mixin.py:190} INFO - [2026-01-07T12:04:51.104+0530] {dag.py:4180} INFO - Setting next_dagrun for example_weekday_branch_operator to 2026-01-06 00:00:00+00:00, run_after=2026-01-07 00:00:00+00:00
[2026-01-07T12:04:51.123+0530] {processor.py:208} INFO - Processing /home/sneha/spotify_airflow_project/venv/lib/python3.12/site-packages/airflow/example_dags/example_branch_day_of_week_operator.py took 0.072 seconds
[2026-01-07T12:06:10.247+0530] {processor.py:186} INFO - Started process (PID=18185) to work on /home/sneha/spotify_airflow_project/venv/lib/python3.12/site-packages/airflow/example_dags/example_branch_day_of_week_operator.py
[2026-01-07T12:06:10.258+0530] {processor.py:914} INFO - Processing file /home/sneha/spotify_airflow_project/venv/lib/python3.12/site-packages/airflow/example_dags/example_branch_day_of_week_operator.py for tasks to queue
[2026-01-07T12:06:10.259+0530] {logging_mixin.py:190} INFO - [2026-01-07T12:06:10.259+0530] {dagbag.py:588} INFO - Filling up the DagBag from /home/sneha/spotify_airflow_project/venv/lib/python3.12/site-packages/airflow/example_dags/example_branch_day_of_week_operator.py
[2026-01-07T12:06:10.267+0530] {processor.py:925} INFO - DAG(s) 'example_weekday_branch_operator' retrieved from /home/sneha/spotify_airflow_project/venv/lib/python3.12/site-packages/airflow/example_dags/example_branch_day_of_week_operator.py
[2026-01-07T12:06:10.285+0530] {logging_mixin.py:190} INFO - [2026-01-07T12:06:10.285+0530] {dag.py:3239} INFO - Sync 1 DAGs
[2026-01-07T12:06:10.303+0530] {logging_mixin.py:190} INFO - [2026-01-07T12:06:10.303+0530] {dag.py:4180} INFO - Setting next_dagrun for example_weekday_branch_operator to 2026-01-06 00:00:00+00:00, run_after=2026-01-07 00:00:00+00:00
[2026-01-07T12:06:10.322+0530] {processor.py:208} INFO - Processing /home/sneha/spotify_airflow_project/venv/lib/python3.12/site-packages/airflow/example_dags/example_branch_day_of_week_operator.py took 0.088 seconds
[2026-01-07T12:07:30.606+0530] {processor.py:186} INFO - Started process (PID=18271) to work on /home/sneha/spotify_airflow_project/venv/lib/python3.12/site-packages/airflow/example_dags/example_branch_day_of_week_operator.py
[2026-01-07T12:07:30.611+0530] {processor.py:914} INFO - Processing file /home/sneha/spotify_airflow_project/venv/lib/python3.12/site-packages/airflow/example_dags/example_branch_day_of_week_operator.py for tasks to queue
[2026-01-07T12:07:30.614+0530] {logging_mixin.py:190} INFO - [2026-01-07T12:07:30.614+0530] {dagbag.py:588} INFO - Filling up the DagBag from /home/sneha/spotify_airflow_project/venv/lib/python3.12/site-packages/airflow/example_dags/example_branch_day_of_week_operator.py
[2026-01-07T12:07:30.621+0530] {processor.py:925} INFO - DAG(s) 'example_weekday_branch_operator' retrieved from /home/sneha/spotify_airflow_project/venv/lib/python3.12/site-packages/airflow/example_dags/example_branch_day_of_week_operator.py
[2026-01-07T12:07:30.639+0530] {logging_mixin.py:190} INFO - [2026-01-07T12:07:30.639+0530] {dag.py:3239} INFO - Sync 1 DAGs
[2026-01-07T12:07:30.658+0530] {logging_mixin.py:190} INFO - [2026-01-07T12:07:30.658+0530] {dag.py:4180} INFO - Setting next_dagrun for example_weekday_branch_operator to 2026-01-06 00:00:00+00:00, run_after=2026-01-07 00:00:00+00:00
[2026-01-07T12:07:30.675+0530] {processor.py:208} INFO - Processing /home/sneha/spotify_airflow_project/venv/lib/python3.12/site-packages/airflow/example_dags/example_branch_day_of_week_operator.py took 0.078 seconds
[2026-01-07T12:08:50.877+0530] {processor.py:186} INFO - Started process (PID=18356) to work on /home/sneha/spotify_airflow_project/venv/lib/python3.12/site-packages/airflow/example_dags/example_branch_day_of_week_operator.py
[2026-01-07T12:08:50.878+0530] {processor.py:914} INFO - Processing file /home/sneha/spotify_airflow_project/venv/lib/python3.12/site-packages/airflow/example_dags/example_branch_day_of_week_operator.py for tasks to queue
[2026-01-07T12:08:50.879+0530] {logging_mixin.py:190} INFO - [2026-01-07T12:08:50.879+0530] {dagbag.py:588} INFO - Filling up the DagBag from /home/sneha/spotify_airflow_project/venv/lib/python3.12/site-packages/airflow/example_dags/example_branch_day_of_week_operator.py
[2026-01-07T12:08:50.886+0530] {processor.py:925} INFO - DAG(s) 'example_weekday_branch_operator' retrieved from /home/sneha/spotify_airflow_project/venv/lib/python3.12/site-packages/airflow/example_dags/example_branch_day_of_week_operator.py
[2026-01-07T12:08:50.903+0530] {logging_mixin.py:190} INFO - [2026-01-07T12:08:50.903+0530] {dag.py:3239} INFO - Sync 1 DAGs
[2026-01-07T12:08:50.922+0530] {logging_mixin.py:190} INFO - [2026-01-07T12:08:50.922+0530] {dag.py:4180} INFO - Setting next_dagrun for example_weekday_branch_operator to 2026-01-06 00:00:00+00:00, run_after=2026-01-07 00:00:00+00:00
[2026-01-07T12:08:50.940+0530] {processor.py:208} INFO - Processing /home/sneha/spotify_airflow_project/venv/lib/python3.12/site-packages/airflow/example_dags/example_branch_day_of_week_operator.py took 0.074 seconds
[2026-01-07T12:10:08.026+0530] {processor.py:186} INFO - Started process (PID=18480) to work on /home/sneha/spotify_airflow_project/venv/lib/python3.12/site-packages/airflow/example_dags/example_branch_day_of_week_operator.py
[2026-01-07T12:10:08.037+0530] {processor.py:914} INFO - Processing file /home/sneha/spotify_airflow_project/venv/lib/python3.12/site-packages/airflow/example_dags/example_branch_day_of_week_operator.py for tasks to queue
[2026-01-07T12:10:08.039+0530] {logging_mixin.py:190} INFO - [2026-01-07T12:10:08.038+0530] {dagbag.py:588} INFO - Filling up the DagBag from /home/sneha/spotify_airflow_project/venv/lib/python3.12/site-packages/airflow/example_dags/example_branch_day_of_week_operator.py
[2026-01-07T12:10:08.048+0530] {processor.py:925} INFO - DAG(s) 'example_weekday_branch_operator' retrieved from /home/sneha/spotify_airflow_project/venv/lib/python3.12/site-packages/airflow/example_dags/example_branch_day_of_week_operator.py
[2026-01-07T12:10:08.065+0530] {logging_mixin.py:190} INFO - [2026-01-07T12:10:08.064+0530] {dag.py:3239} INFO - Sync 1 DAGs
[2026-01-07T12:10:08.083+0530] {logging_mixin.py:190} INFO - [2026-01-07T12:10:08.083+0530] {dag.py:4180} INFO - Setting next_dagrun for example_weekday_branch_operator to 2026-01-06 00:00:00+00:00, run_after=2026-01-07 00:00:00+00:00
[2026-01-07T12:10:08.101+0530] {processor.py:208} INFO - Processing /home/sneha/spotify_airflow_project/venv/lib/python3.12/site-packages/airflow/example_dags/example_branch_day_of_week_operator.py took 0.087 seconds
[2026-01-07T12:11:27.491+0530] {processor.py:186} INFO - Started process (PID=18586) to work on /home/sneha/spotify_airflow_project/venv/lib/python3.12/site-packages/airflow/example_dags/example_branch_day_of_week_operator.py
[2026-01-07T12:11:27.492+0530] {processor.py:914} INFO - Processing file /home/sneha/spotify_airflow_project/venv/lib/python3.12/site-packages/airflow/example_dags/example_branch_day_of_week_operator.py for tasks to queue
[2026-01-07T12:11:27.494+0530] {logging_mixin.py:190} INFO - [2026-01-07T12:11:27.493+0530] {dagbag.py:588} INFO - Filling up the DagBag from /home/sneha/spotify_airflow_project/venv/lib/python3.12/site-packages/airflow/example_dags/example_branch_day_of_week_operator.py
[2026-01-07T12:11:27.500+0530] {processor.py:925} INFO - DAG(s) 'example_weekday_branch_operator' retrieved from /home/sneha/spotify_airflow_project/venv/lib/python3.12/site-packages/airflow/example_dags/example_branch_day_of_week_operator.py
[2026-01-07T12:11:27.516+0530] {logging_mixin.py:190} INFO - [2026-01-07T12:11:27.516+0530] {dag.py:3239} INFO - Sync 1 DAGs
[2026-01-07T12:11:27.533+0530] {logging_mixin.py:190} INFO - [2026-01-07T12:11:27.533+0530] {dag.py:4180} INFO - Setting next_dagrun for example_weekday_branch_operator to 2026-01-06 00:00:00+00:00, run_after=2026-01-07 00:00:00+00:00
[2026-01-07T12:11:27.554+0530] {processor.py:208} INFO - Processing /home/sneha/spotify_airflow_project/venv/lib/python3.12/site-packages/airflow/example_dags/example_branch_day_of_week_operator.py took 0.074 seconds
[2026-01-07T12:12:46.249+0530] {processor.py:186} INFO - Started process (PID=18672) to work on /home/sneha/spotify_airflow_project/venv/lib/python3.12/site-packages/airflow/example_dags/example_branch_day_of_week_operator.py
[2026-01-07T12:12:46.250+0530] {processor.py:914} INFO - Processing file /home/sneha/spotify_airflow_project/venv/lib/python3.12/site-packages/airflow/example_dags/example_branch_day_of_week_operator.py for tasks to queue
[2026-01-07T12:12:46.251+0530] {logging_mixin.py:190} INFO - [2026-01-07T12:12:46.251+0530] {dagbag.py:588} INFO - Filling up the DagBag from /home/sneha/spotify_airflow_project/venv/lib/python3.12/site-packages/airflow/example_dags/example_branch_day_of_week_operator.py
[2026-01-07T12:12:46.258+0530] {processor.py:925} INFO - DAG(s) 'example_weekday_branch_operator' retrieved from /home/sneha/spotify_airflow_project/venv/lib/python3.12/site-packages/airflow/example_dags/example_branch_day_of_week_operator.py
[2026-01-07T12:12:46.275+0530] {logging_mixin.py:190} INFO - [2026-01-07T12:12:46.275+0530] {dag.py:3239} INFO - Sync 1 DAGs
[2026-01-07T12:12:46.294+0530] {logging_mixin.py:190} INFO - [2026-01-07T12:12:46.293+0530] {dag.py:4180} INFO - Setting next_dagrun for example_weekday_branch_operator to 2026-01-06 00:00:00+00:00, run_after=2026-01-07 00:00:00+00:00
[2026-01-07T12:12:46.311+0530] {processor.py:208} INFO - Processing /home/sneha/spotify_airflow_project/venv/lib/python3.12/site-packages/airflow/example_dags/example_branch_day_of_week_operator.py took 0.073 seconds
[2026-01-07T12:14:07.357+0530] {processor.py:186} INFO - Started process (PID=18870) to work on /home/sneha/spotify_airflow_project/venv/lib/python3.12/site-packages/airflow/example_dags/example_branch_day_of_week_operator.py
[2026-01-07T12:14:07.358+0530] {processor.py:914} INFO - Processing file /home/sneha/spotify_airflow_project/venv/lib/python3.12/site-packages/airflow/example_dags/example_branch_day_of_week_operator.py for tasks to queue
[2026-01-07T12:14:07.359+0530] {logging_mixin.py:190} INFO - [2026-01-07T12:14:07.359+0530] {dagbag.py:588} INFO - Filling up the DagBag from /home/sneha/spotify_airflow_project/venv/lib/python3.12/site-packages/airflow/example_dags/example_branch_day_of_week_operator.py
[2026-01-07T12:14:07.367+0530] {processor.py:925} INFO - DAG(s) 'example_weekday_branch_operator' retrieved from /home/sneha/spotify_airflow_project/venv/lib/python3.12/site-packages/airflow/example_dags/example_branch_day_of_week_operator.py
[2026-01-07T12:14:07.384+0530] {logging_mixin.py:190} INFO - [2026-01-07T12:14:07.384+0530] {dag.py:3239} INFO - Sync 1 DAGs
[2026-01-07T12:14:07.403+0530] {logging_mixin.py:190} INFO - [2026-01-07T12:14:07.402+0530] {dag.py:4180} INFO - Setting next_dagrun for example_weekday_branch_operator to 2026-01-06 00:00:00+00:00, run_after=2026-01-07 00:00:00+00:00
[2026-01-07T12:14:07.424+0530] {processor.py:208} INFO - Processing /home/sneha/spotify_airflow_project/venv/lib/python3.12/site-packages/airflow/example_dags/example_branch_day_of_week_operator.py took 0.079 seconds
[2026-01-07T12:15:28.065+0530] {processor.py:186} INFO - Started process (PID=18964) to work on /home/sneha/spotify_airflow_project/venv/lib/python3.12/site-packages/airflow/example_dags/example_branch_day_of_week_operator.py
[2026-01-07T12:15:28.066+0530] {processor.py:914} INFO - Processing file /home/sneha/spotify_airflow_project/venv/lib/python3.12/site-packages/airflow/example_dags/example_branch_day_of_week_operator.py for tasks to queue
[2026-01-07T12:15:28.068+0530] {logging_mixin.py:190} INFO - [2026-01-07T12:15:28.067+0530] {dagbag.py:588} INFO - Filling up the DagBag from /home/sneha/spotify_airflow_project/venv/lib/python3.12/site-packages/airflow/example_dags/example_branch_day_of_week_operator.py
[2026-01-07T12:15:28.075+0530] {processor.py:925} INFO - DAG(s) 'example_weekday_branch_operator' retrieved from /home/sneha/spotify_airflow_project/venv/lib/python3.12/site-packages/airflow/example_dags/example_branch_day_of_week_operator.py
[2026-01-07T12:15:28.093+0530] {logging_mixin.py:190} INFO - [2026-01-07T12:15:28.093+0530] {dag.py:3239} INFO - Sync 1 DAGs
[2026-01-07T12:15:28.112+0530] {logging_mixin.py:190} INFO - [2026-01-07T12:15:28.112+0530] {dag.py:4180} INFO - Setting next_dagrun for example_weekday_branch_operator to 2026-01-06 00:00:00+00:00, run_after=2026-01-07 00:00:00+00:00
[2026-01-07T12:15:28.131+0530] {processor.py:208} INFO - Processing /home/sneha/spotify_airflow_project/venv/lib/python3.12/site-packages/airflow/example_dags/example_branch_day_of_week_operator.py took 0.075 seconds
[2026-01-07T12:16:50.002+0530] {processor.py:186} INFO - Started process (PID=19071) to work on /home/sneha/spotify_airflow_project/venv/lib/python3.12/site-packages/airflow/example_dags/example_branch_day_of_week_operator.py
[2026-01-07T12:16:50.004+0530] {processor.py:914} INFO - Processing file /home/sneha/spotify_airflow_project/venv/lib/python3.12/site-packages/airflow/example_dags/example_branch_day_of_week_operator.py for tasks to queue
[2026-01-07T12:16:50.005+0530] {logging_mixin.py:190} INFO - [2026-01-07T12:16:50.004+0530] {dagbag.py:588} INFO - Filling up the DagBag from /home/sneha/spotify_airflow_project/venv/lib/python3.12/site-packages/airflow/example_dags/example_branch_day_of_week_operator.py
[2026-01-07T12:16:50.013+0530] {processor.py:925} INFO - DAG(s) 'example_weekday_branch_operator' retrieved from /home/sneha/spotify_airflow_project/venv/lib/python3.12/site-packages/airflow/example_dags/example_branch_day_of_week_operator.py
[2026-01-07T12:16:50.032+0530] {logging_mixin.py:190} INFO - [2026-01-07T12:16:50.031+0530] {dag.py:3239} INFO - Sync 1 DAGs
[2026-01-07T12:16:50.050+0530] {logging_mixin.py:190} INFO - [2026-01-07T12:16:50.050+0530] {dag.py:4180} INFO - Setting next_dagrun for example_weekday_branch_operator to 2026-01-06 00:00:00+00:00, run_after=2026-01-07 00:00:00+00:00
[2026-01-07T12:16:50.070+0530] {processor.py:208} INFO - Processing /home/sneha/spotify_airflow_project/venv/lib/python3.12/site-packages/airflow/example_dags/example_branch_day_of_week_operator.py took 0.077 seconds
[2026-01-07T12:17:47.352+0530] {processor.py:186} INFO - Started process (PID=19134) to work on /home/sneha/spotify_airflow_project/venv/lib/python3.12/site-packages/airflow/example_dags/example_branch_day_of_week_operator.py
[2026-01-07T12:17:47.353+0530] {processor.py:914} INFO - Processing file /home/sneha/spotify_airflow_project/venv/lib/python3.12/site-packages/airflow/example_dags/example_branch_day_of_week_operator.py for tasks to queue
[2026-01-07T12:17:47.355+0530] {logging_mixin.py:190} INFO - [2026-01-07T12:17:47.354+0530] {dagbag.py:588} INFO - Filling up the DagBag from /home/sneha/spotify_airflow_project/venv/lib/python3.12/site-packages/airflow/example_dags/example_branch_day_of_week_operator.py
[2026-01-07T12:17:47.363+0530] {processor.py:925} INFO - DAG(s) 'example_weekday_branch_operator' retrieved from /home/sneha/spotify_airflow_project/venv/lib/python3.12/site-packages/airflow/example_dags/example_branch_day_of_week_operator.py
[2026-01-07T12:17:47.380+0530] {logging_mixin.py:190} INFO - [2026-01-07T12:17:47.380+0530] {dag.py:3239} INFO - Sync 1 DAGs
[2026-01-07T12:17:47.398+0530] {logging_mixin.py:190} INFO - [2026-01-07T12:17:47.398+0530] {dag.py:4180} INFO - Setting next_dagrun for example_weekday_branch_operator to 2026-01-06 00:00:00+00:00, run_after=2026-01-07 00:00:00+00:00
[2026-01-07T12:17:47.417+0530] {processor.py:208} INFO - Processing /home/sneha/spotify_airflow_project/venv/lib/python3.12/site-packages/airflow/example_dags/example_branch_day_of_week_operator.py took 0.078 seconds
[2026-01-07T12:19:11.781+0530] {processor.py:186} INFO - Started process (PID=19288) to work on /home/sneha/spotify_airflow_project/venv/lib/python3.12/site-packages/airflow/example_dags/example_branch_day_of_week_operator.py
[2026-01-07T12:19:11.782+0530] {processor.py:914} INFO - Processing file /home/sneha/spotify_airflow_project/venv/lib/python3.12/site-packages/airflow/example_dags/example_branch_day_of_week_operator.py for tasks to queue
[2026-01-07T12:19:11.784+0530] {logging_mixin.py:190} INFO - [2026-01-07T12:19:11.783+0530] {dagbag.py:588} INFO - Filling up the DagBag from /home/sneha/spotify_airflow_project/venv/lib/python3.12/site-packages/airflow/example_dags/example_branch_day_of_week_operator.py
[2026-01-07T12:19:11.791+0530] {processor.py:925} INFO - DAG(s) 'example_weekday_branch_operator' retrieved from /home/sneha/spotify_airflow_project/venv/lib/python3.12/site-packages/airflow/example_dags/example_branch_day_of_week_operator.py
[2026-01-07T12:19:11.810+0530] {logging_mixin.py:190} INFO - [2026-01-07T12:19:11.809+0530] {dag.py:3239} INFO - Sync 1 DAGs
[2026-01-07T12:19:11.828+0530] {logging_mixin.py:190} INFO - [2026-01-07T12:19:11.827+0530] {dag.py:4180} INFO - Setting next_dagrun for example_weekday_branch_operator to 2026-01-06 00:00:00+00:00, run_after=2026-01-07 00:00:00+00:00
[2026-01-07T12:19:11.845+0530] {processor.py:208} INFO - Processing /home/sneha/spotify_airflow_project/venv/lib/python3.12/site-packages/airflow/example_dags/example_branch_day_of_week_operator.py took 0.075 seconds
[2026-01-07T12:20:08.261+0530] {processor.py:186} INFO - Started process (PID=19390) to work on /home/sneha/spotify_airflow_project/venv/lib/python3.12/site-packages/airflow/example_dags/example_branch_day_of_week_operator.py
[2026-01-07T12:20:08.263+0530] {processor.py:914} INFO - Processing file /home/sneha/spotify_airflow_project/venv/lib/python3.12/site-packages/airflow/example_dags/example_branch_day_of_week_operator.py for tasks to queue
[2026-01-07T12:20:08.265+0530] {logging_mixin.py:190} INFO - [2026-01-07T12:20:08.264+0530] {dagbag.py:588} INFO - Filling up the DagBag from /home/sneha/spotify_airflow_project/venv/lib/python3.12/site-packages/airflow/example_dags/example_branch_day_of_week_operator.py
[2026-01-07T12:20:08.272+0530] {processor.py:925} INFO - DAG(s) 'example_weekday_branch_operator' retrieved from /home/sneha/spotify_airflow_project/venv/lib/python3.12/site-packages/airflow/example_dags/example_branch_day_of_week_operator.py
[2026-01-07T12:20:08.290+0530] {logging_mixin.py:190} INFO - [2026-01-07T12:20:08.289+0530] {dag.py:3239} INFO - Sync 1 DAGs
[2026-01-07T12:20:08.309+0530] {logging_mixin.py:190} INFO - [2026-01-07T12:20:08.309+0530] {dag.py:4180} INFO - Setting next_dagrun for example_weekday_branch_operator to 2026-01-06 00:00:00+00:00, run_after=2026-01-07 00:00:00+00:00
[2026-01-07T12:20:08.330+0530] {processor.py:208} INFO - Processing /home/sneha/spotify_airflow_project/venv/lib/python3.12/site-packages/airflow/example_dags/example_branch_day_of_week_operator.py took 0.082 seconds
