[2026-01-07T11:47:12.902+0530] {processor.py:186} INFO - Started process (PID=7300) to work on /home/sneha/spotify_astro_project/venv/lib/python3.12/site-packages/airflow/example_dags/example_xcom.py
[2026-01-07T11:47:12.903+0530] {processor.py:914} INFO - Processing file /home/sneha/spotify_astro_project/venv/lib/python3.12/site-packages/airflow/example_dags/example_xcom.py for tasks to queue
[2026-01-07T11:47:12.906+0530] {logging_mixin.py:190} INFO - [2026-01-07T11:47:12.905+0530] {dagbag.py:588} INFO - Filling up the DagBag from /home/sneha/spotify_astro_project/venv/lib/python3.12/site-packages/airflow/example_dags/example_xcom.py
[2026-01-07T11:47:12.918+0530] {processor.py:925} INFO - DAG(s) 'example_xcom' retrieved from /home/sneha/spotify_astro_project/venv/lib/python3.12/site-packages/airflow/example_dags/example_xcom.py
[2026-01-07T11:47:13.017+0530] {logging_mixin.py:190} INFO - [2026-01-07T11:47:13.016+0530] {dag.py:3239} INFO - Sync 1 DAGs
[2026-01-07T11:47:13.031+0530] {logging_mixin.py:190} INFO - [2026-01-07T11:47:13.030+0530] {dag.py:4180} INFO - Setting next_dagrun for example_xcom to 2021-01-01 00:00:00+00:00, run_after=2021-01-01 00:00:00+00:00
[2026-01-07T11:47:13.050+0530] {processor.py:208} INFO - Processing /home/sneha/spotify_astro_project/venv/lib/python3.12/site-packages/airflow/example_dags/example_xcom.py took 0.160 seconds
[2026-01-07T11:48:18.435+0530] {processor.py:186} INFO - Started process (PID=7754) to work on /home/sneha/spotify_astro_project/venv/lib/python3.12/site-packages/airflow/example_dags/example_xcom.py
[2026-01-07T11:48:18.436+0530] {processor.py:914} INFO - Processing file /home/sneha/spotify_astro_project/venv/lib/python3.12/site-packages/airflow/example_dags/example_xcom.py for tasks to queue
[2026-01-07T11:48:18.438+0530] {logging_mixin.py:190} INFO - [2026-01-07T11:48:18.437+0530] {dagbag.py:588} INFO - Filling up the DagBag from /home/sneha/spotify_astro_project/venv/lib/python3.12/site-packages/airflow/example_dags/example_xcom.py
[2026-01-07T11:48:18.445+0530] {processor.py:925} INFO - DAG(s) 'example_xcom' retrieved from /home/sneha/spotify_astro_project/venv/lib/python3.12/site-packages/airflow/example_dags/example_xcom.py
[2026-01-07T11:48:18.465+0530] {logging_mixin.py:190} INFO - [2026-01-07T11:48:18.465+0530] {dag.py:3239} INFO - Sync 1 DAGs
[2026-01-07T11:48:18.482+0530] {logging_mixin.py:190} INFO - [2026-01-07T11:48:18.482+0530] {dag.py:4180} INFO - Setting next_dagrun for example_xcom to 2021-01-01 00:00:00+00:00, run_after=2021-01-01 00:00:00+00:00
[2026-01-07T11:48:18.501+0530] {processor.py:208} INFO - Processing /home/sneha/spotify_astro_project/venv/lib/python3.12/site-packages/airflow/example_dags/example_xcom.py took 0.072 seconds
[2026-01-07T11:49:18.482+0530] {processor.py:186} INFO - Started process (PID=8175) to work on /home/sneha/spotify_astro_project/venv/lib/python3.12/site-packages/airflow/example_dags/example_xcom.py
[2026-01-07T11:49:18.493+0530] {processor.py:914} INFO - Processing file /home/sneha/spotify_astro_project/venv/lib/python3.12/site-packages/airflow/example_dags/example_xcom.py for tasks to queue
[2026-01-07T11:49:18.495+0530] {logging_mixin.py:190} INFO - [2026-01-07T11:49:18.494+0530] {dagbag.py:588} INFO - Filling up the DagBag from /home/sneha/spotify_astro_project/venv/lib/python3.12/site-packages/airflow/example_dags/example_xcom.py
[2026-01-07T11:49:18.504+0530] {processor.py:925} INFO - DAG(s) 'example_xcom' retrieved from /home/sneha/spotify_astro_project/venv/lib/python3.12/site-packages/airflow/example_dags/example_xcom.py
[2026-01-07T11:49:18.523+0530] {logging_mixin.py:190} INFO - [2026-01-07T11:49:18.523+0530] {dag.py:3239} INFO - Sync 1 DAGs
[2026-01-07T11:49:18.541+0530] {logging_mixin.py:190} INFO - [2026-01-07T11:49:18.540+0530] {dag.py:4180} INFO - Setting next_dagrun for example_xcom to 2021-01-01 00:00:00+00:00, run_after=2021-01-01 00:00:00+00:00
[2026-01-07T11:49:18.561+0530] {processor.py:208} INFO - Processing /home/sneha/spotify_astro_project/venv/lib/python3.12/site-packages/airflow/example_dags/example_xcom.py took 0.086 seconds
[2026-01-07T11:50:31.429+0530] {processor.py:186} INFO - Started process (PID=8733) to work on /home/sneha/spotify_astro_project/venv/lib/python3.12/site-packages/airflow/example_dags/example_xcom.py
[2026-01-07T11:50:31.431+0530] {processor.py:914} INFO - Processing file /home/sneha/spotify_astro_project/venv/lib/python3.12/site-packages/airflow/example_dags/example_xcom.py for tasks to queue
[2026-01-07T11:50:31.432+0530] {logging_mixin.py:190} INFO - [2026-01-07T11:50:31.432+0530] {dagbag.py:588} INFO - Filling up the DagBag from /home/sneha/spotify_astro_project/venv/lib/python3.12/site-packages/airflow/example_dags/example_xcom.py
[2026-01-07T11:50:31.440+0530] {processor.py:925} INFO - DAG(s) 'example_xcom' retrieved from /home/sneha/spotify_astro_project/venv/lib/python3.12/site-packages/airflow/example_dags/example_xcom.py
[2026-01-07T11:50:31.458+0530] {logging_mixin.py:190} INFO - [2026-01-07T11:50:31.458+0530] {dag.py:3239} INFO - Sync 1 DAGs
[2026-01-07T11:50:31.475+0530] {logging_mixin.py:190} INFO - [2026-01-07T11:50:31.475+0530] {dag.py:4180} INFO - Setting next_dagrun for example_xcom to 2021-01-01 00:00:00+00:00, run_after=2021-01-01 00:00:00+00:00
[2026-01-07T11:50:31.494+0530] {processor.py:208} INFO - Processing /home/sneha/spotify_astro_project/venv/lib/python3.12/site-packages/airflow/example_dags/example_xcom.py took 0.079 seconds
[2026-01-07T11:57:24.824+0530] {processor.py:186} INFO - Started process (PID=17021) to work on /home/sneha/spotify_airflow_project/venv/lib/python3.12/site-packages/airflow/example_dags/example_xcom.py
[2026-01-07T11:57:24.825+0530] {processor.py:914} INFO - Processing file /home/sneha/spotify_airflow_project/venv/lib/python3.12/site-packages/airflow/example_dags/example_xcom.py for tasks to queue
[2026-01-07T11:57:24.828+0530] {logging_mixin.py:190} INFO - [2026-01-07T11:57:24.827+0530] {dagbag.py:588} INFO - Filling up the DagBag from /home/sneha/spotify_airflow_project/venv/lib/python3.12/site-packages/airflow/example_dags/example_xcom.py
[2026-01-07T11:57:24.835+0530] {processor.py:925} INFO - DAG(s) 'example_xcom' retrieved from /home/sneha/spotify_airflow_project/venv/lib/python3.12/site-packages/airflow/example_dags/example_xcom.py
[2026-01-07T11:57:24.939+0530] {logging_mixin.py:190} INFO - [2026-01-07T11:57:24.938+0530] {dag.py:3239} INFO - Sync 1 DAGs
[2026-01-07T11:57:24.954+0530] {logging_mixin.py:190} INFO - [2026-01-07T11:57:24.954+0530] {dag.py:4180} INFO - Setting next_dagrun for example_xcom to 2021-01-01 00:00:00+00:00, run_after=2021-01-01 00:00:00+00:00
[2026-01-07T11:57:24.979+0530] {processor.py:208} INFO - Processing /home/sneha/spotify_airflow_project/venv/lib/python3.12/site-packages/airflow/example_dags/example_xcom.py took 0.166 seconds
[2026-01-07T11:58:26.469+0530] {processor.py:186} INFO - Started process (PID=17207) to work on /home/sneha/spotify_airflow_project/venv/lib/python3.12/site-packages/airflow/example_dags/example_xcom.py
[2026-01-07T11:58:26.470+0530] {processor.py:914} INFO - Processing file /home/sneha/spotify_airflow_project/venv/lib/python3.12/site-packages/airflow/example_dags/example_xcom.py for tasks to queue
[2026-01-07T11:58:26.471+0530] {logging_mixin.py:190} INFO - [2026-01-07T11:58:26.471+0530] {dagbag.py:588} INFO - Filling up the DagBag from /home/sneha/spotify_airflow_project/venv/lib/python3.12/site-packages/airflow/example_dags/example_xcom.py
[2026-01-07T11:58:26.478+0530] {processor.py:925} INFO - DAG(s) 'example_xcom' retrieved from /home/sneha/spotify_airflow_project/venv/lib/python3.12/site-packages/airflow/example_dags/example_xcom.py
[2026-01-07T11:58:26.496+0530] {logging_mixin.py:190} INFO - [2026-01-07T11:58:26.495+0530] {dag.py:3239} INFO - Sync 1 DAGs
[2026-01-07T11:58:26.513+0530] {logging_mixin.py:190} INFO - [2026-01-07T11:58:26.513+0530] {dag.py:4180} INFO - Setting next_dagrun for example_xcom to 2021-01-01 00:00:00+00:00, run_after=2021-01-01 00:00:00+00:00
[2026-01-07T11:58:26.531+0530] {processor.py:208} INFO - Processing /home/sneha/spotify_airflow_project/venv/lib/python3.12/site-packages/airflow/example_dags/example_xcom.py took 0.070 seconds
[2026-01-07T11:59:21.434+0530] {processor.py:186} INFO - Started process (PID=17267) to work on /home/sneha/spotify_airflow_project/venv/lib/python3.12/site-packages/airflow/example_dags/example_xcom.py
[2026-01-07T11:59:21.435+0530] {processor.py:914} INFO - Processing file /home/sneha/spotify_airflow_project/venv/lib/python3.12/site-packages/airflow/example_dags/example_xcom.py for tasks to queue
[2026-01-07T11:59:21.436+0530] {logging_mixin.py:190} INFO - [2026-01-07T11:59:21.436+0530] {dagbag.py:588} INFO - Filling up the DagBag from /home/sneha/spotify_airflow_project/venv/lib/python3.12/site-packages/airflow/example_dags/example_xcom.py
[2026-01-07T11:59:21.443+0530] {processor.py:925} INFO - DAG(s) 'example_xcom' retrieved from /home/sneha/spotify_airflow_project/venv/lib/python3.12/site-packages/airflow/example_dags/example_xcom.py
[2026-01-07T11:59:21.461+0530] {logging_mixin.py:190} INFO - [2026-01-07T11:59:21.461+0530] {dag.py:3239} INFO - Sync 1 DAGs
[2026-01-07T11:59:21.478+0530] {logging_mixin.py:190} INFO - [2026-01-07T11:59:21.478+0530] {dag.py:4180} INFO - Setting next_dagrun for example_xcom to 2021-01-01 00:00:00+00:00, run_after=2021-01-01 00:00:00+00:00
[2026-01-07T11:59:21.495+0530] {processor.py:208} INFO - Processing /home/sneha/spotify_airflow_project/venv/lib/python3.12/site-packages/airflow/example_dags/example_xcom.py took 0.071 seconds
[2026-01-07T12:00:17.383+0530] {processor.py:186} INFO - Started process (PID=17375) to work on /home/sneha/spotify_airflow_project/venv/lib/python3.12/site-packages/airflow/example_dags/example_xcom.py
[2026-01-07T12:00:17.385+0530] {processor.py:914} INFO - Processing file /home/sneha/spotify_airflow_project/venv/lib/python3.12/site-packages/airflow/example_dags/example_xcom.py for tasks to queue
[2026-01-07T12:00:17.387+0530] {logging_mixin.py:190} INFO - [2026-01-07T12:00:17.387+0530] {dagbag.py:588} INFO - Filling up the DagBag from /home/sneha/spotify_airflow_project/venv/lib/python3.12/site-packages/airflow/example_dags/example_xcom.py
[2026-01-07T12:00:17.401+0530] {processor.py:925} INFO - DAG(s) 'example_xcom' retrieved from /home/sneha/spotify_airflow_project/venv/lib/python3.12/site-packages/airflow/example_dags/example_xcom.py
[2026-01-07T12:00:17.431+0530] {logging_mixin.py:190} INFO - [2026-01-07T12:00:17.430+0530] {dag.py:3239} INFO - Sync 1 DAGs
[2026-01-07T12:00:17.614+0530] {logging_mixin.py:190} INFO - [2026-01-07T12:00:17.614+0530] {dag.py:4180} INFO - Setting next_dagrun for example_xcom to 2021-01-01 00:00:00+00:00, run_after=2021-01-01 00:00:00+00:00
[2026-01-07T12:00:17.630+0530] {processor.py:208} INFO - Processing /home/sneha/spotify_airflow_project/venv/lib/python3.12/site-packages/airflow/example_dags/example_xcom.py took 0.259 seconds
[2026-01-07T12:01:21.949+0530] {processor.py:186} INFO - Started process (PID=17465) to work on /home/sneha/spotify_airflow_project/venv/lib/python3.12/site-packages/airflow/example_dags/example_xcom.py
[2026-01-07T12:01:21.951+0530] {processor.py:914} INFO - Processing file /home/sneha/spotify_airflow_project/venv/lib/python3.12/site-packages/airflow/example_dags/example_xcom.py for tasks to queue
[2026-01-07T12:01:21.953+0530] {logging_mixin.py:190} INFO - [2026-01-07T12:01:21.953+0530] {dagbag.py:588} INFO - Filling up the DagBag from /home/sneha/spotify_airflow_project/venv/lib/python3.12/site-packages/airflow/example_dags/example_xcom.py
[2026-01-07T12:01:21.962+0530] {processor.py:925} INFO - DAG(s) 'example_xcom' retrieved from /home/sneha/spotify_airflow_project/venv/lib/python3.12/site-packages/airflow/example_dags/example_xcom.py
[2026-01-07T12:01:21.981+0530] {logging_mixin.py:190} INFO - [2026-01-07T12:01:21.981+0530] {dag.py:3239} INFO - Sync 1 DAGs
[2026-01-07T12:01:21.999+0530] {logging_mixin.py:190} INFO - [2026-01-07T12:01:21.999+0530] {dag.py:4180} INFO - Setting next_dagrun for example_xcom to 2021-01-01 00:00:00+00:00, run_after=2021-01-01 00:00:00+00:00
[2026-01-07T12:01:22.019+0530] {processor.py:208} INFO - Processing /home/sneha/spotify_airflow_project/venv/lib/python3.12/site-packages/airflow/example_dags/example_xcom.py took 0.083 seconds
[2026-01-07T12:02:20.452+0530] {processor.py:186} INFO - Started process (PID=17654) to work on /home/sneha/spotify_airflow_project/venv/lib/python3.12/site-packages/airflow/example_dags/example_xcom.py
[2026-01-07T12:02:20.463+0530] {processor.py:914} INFO - Processing file /home/sneha/spotify_airflow_project/venv/lib/python3.12/site-packages/airflow/example_dags/example_xcom.py for tasks to queue
[2026-01-07T12:02:20.465+0530] {logging_mixin.py:190} INFO - [2026-01-07T12:02:20.464+0530] {dagbag.py:588} INFO - Filling up the DagBag from /home/sneha/spotify_airflow_project/venv/lib/python3.12/site-packages/airflow/example_dags/example_xcom.py
[2026-01-07T12:02:20.474+0530] {processor.py:925} INFO - DAG(s) 'example_xcom' retrieved from /home/sneha/spotify_airflow_project/venv/lib/python3.12/site-packages/airflow/example_dags/example_xcom.py
[2026-01-07T12:02:20.493+0530] {logging_mixin.py:190} INFO - [2026-01-07T12:02:20.493+0530] {dag.py:3239} INFO - Sync 1 DAGs
[2026-01-07T12:02:20.512+0530] {logging_mixin.py:190} INFO - [2026-01-07T12:02:20.512+0530] {dag.py:4180} INFO - Setting next_dagrun for example_xcom to 2021-01-01 00:00:00+00:00, run_after=2021-01-01 00:00:00+00:00
[2026-01-07T12:02:20.531+0530] {processor.py:208} INFO - Processing /home/sneha/spotify_airflow_project/venv/lib/python3.12/site-packages/airflow/example_dags/example_xcom.py took 0.091 seconds
[2026-01-07T12:03:19.849+0530] {processor.py:186} INFO - Started process (PID=17714) to work on /home/sneha/spotify_airflow_project/venv/lib/python3.12/site-packages/airflow/example_dags/example_xcom.py
[2026-01-07T12:03:19.850+0530] {processor.py:914} INFO - Processing file /home/sneha/spotify_airflow_project/venv/lib/python3.12/site-packages/airflow/example_dags/example_xcom.py for tasks to queue
[2026-01-07T12:03:19.852+0530] {logging_mixin.py:190} INFO - [2026-01-07T12:03:19.851+0530] {dagbag.py:588} INFO - Filling up the DagBag from /home/sneha/spotify_airflow_project/venv/lib/python3.12/site-packages/airflow/example_dags/example_xcom.py
[2026-01-07T12:03:19.859+0530] {processor.py:925} INFO - DAG(s) 'example_xcom' retrieved from /home/sneha/spotify_airflow_project/venv/lib/python3.12/site-packages/airflow/example_dags/example_xcom.py
[2026-01-07T12:03:19.877+0530] {logging_mixin.py:190} INFO - [2026-01-07T12:03:19.876+0530] {dag.py:3239} INFO - Sync 1 DAGs
[2026-01-07T12:03:19.895+0530] {logging_mixin.py:190} INFO - [2026-01-07T12:03:19.894+0530] {dag.py:4180} INFO - Setting next_dagrun for example_xcom to 2021-01-01 00:00:00+00:00, run_after=2021-01-01 00:00:00+00:00
[2026-01-07T12:03:19.912+0530] {processor.py:208} INFO - Processing /home/sneha/spotify_airflow_project/venv/lib/python3.12/site-packages/airflow/example_dags/example_xcom.py took 0.074 seconds
[2026-01-07T12:04:16.537+0530] {processor.py:186} INFO - Started process (PID=18006) to work on /home/sneha/spotify_airflow_project/venv/lib/python3.12/site-packages/airflow/example_dags/example_xcom.py
[2026-01-07T12:04:16.538+0530] {processor.py:914} INFO - Processing file /home/sneha/spotify_airflow_project/venv/lib/python3.12/site-packages/airflow/example_dags/example_xcom.py for tasks to queue
[2026-01-07T12:04:16.540+0530] {logging_mixin.py:190} INFO - [2026-01-07T12:04:16.539+0530] {dagbag.py:588} INFO - Filling up the DagBag from /home/sneha/spotify_airflow_project/venv/lib/python3.12/site-packages/airflow/example_dags/example_xcom.py
[2026-01-07T12:04:16.547+0530] {processor.py:925} INFO - DAG(s) 'example_xcom' retrieved from /home/sneha/spotify_airflow_project/venv/lib/python3.12/site-packages/airflow/example_dags/example_xcom.py
[2026-01-07T12:04:16.567+0530] {logging_mixin.py:190} INFO - [2026-01-07T12:04:16.566+0530] {dag.py:3239} INFO - Sync 1 DAGs
[2026-01-07T12:04:16.585+0530] {logging_mixin.py:190} INFO - [2026-01-07T12:04:16.584+0530] {dag.py:4180} INFO - Setting next_dagrun for example_xcom to 2021-01-01 00:00:00+00:00, run_after=2021-01-01 00:00:00+00:00
[2026-01-07T12:04:16.604+0530] {processor.py:208} INFO - Processing /home/sneha/spotify_airflow_project/venv/lib/python3.12/site-packages/airflow/example_dags/example_xcom.py took 0.073 seconds
[2026-01-07T12:05:11.024+0530] {processor.py:186} INFO - Started process (PID=18102) to work on /home/sneha/spotify_airflow_project/venv/lib/python3.12/site-packages/airflow/example_dags/example_xcom.py
[2026-01-07T12:05:11.025+0530] {processor.py:914} INFO - Processing file /home/sneha/spotify_airflow_project/venv/lib/python3.12/site-packages/airflow/example_dags/example_xcom.py for tasks to queue
[2026-01-07T12:05:11.026+0530] {logging_mixin.py:190} INFO - [2026-01-07T12:05:11.026+0530] {dagbag.py:588} INFO - Filling up the DagBag from /home/sneha/spotify_airflow_project/venv/lib/python3.12/site-packages/airflow/example_dags/example_xcom.py
[2026-01-07T12:05:11.034+0530] {processor.py:925} INFO - DAG(s) 'example_xcom' retrieved from /home/sneha/spotify_airflow_project/venv/lib/python3.12/site-packages/airflow/example_dags/example_xcom.py
[2026-01-07T12:05:11.053+0530] {logging_mixin.py:190} INFO - [2026-01-07T12:05:11.052+0530] {dag.py:3239} INFO - Sync 1 DAGs
[2026-01-07T12:05:11.070+0530] {logging_mixin.py:190} INFO - [2026-01-07T12:05:11.069+0530] {dag.py:4180} INFO - Setting next_dagrun for example_xcom to 2021-01-01 00:00:00+00:00, run_after=2021-01-01 00:00:00+00:00
[2026-01-07T12:05:11.088+0530] {processor.py:208} INFO - Processing /home/sneha/spotify_airflow_project/venv/lib/python3.12/site-packages/airflow/example_dags/example_xcom.py took 0.071 seconds
[2026-01-07T12:06:04.597+0530] {processor.py:186} INFO - Started process (PID=18179) to work on /home/sneha/spotify_airflow_project/venv/lib/python3.12/site-packages/airflow/example_dags/example_xcom.py
[2026-01-07T12:06:04.598+0530] {processor.py:914} INFO - Processing file /home/sneha/spotify_airflow_project/venv/lib/python3.12/site-packages/airflow/example_dags/example_xcom.py for tasks to queue
[2026-01-07T12:06:04.599+0530] {logging_mixin.py:190} INFO - [2026-01-07T12:06:04.599+0530] {dagbag.py:588} INFO - Filling up the DagBag from /home/sneha/spotify_airflow_project/venv/lib/python3.12/site-packages/airflow/example_dags/example_xcom.py
[2026-01-07T12:06:04.606+0530] {processor.py:925} INFO - DAG(s) 'example_xcom' retrieved from /home/sneha/spotify_airflow_project/venv/lib/python3.12/site-packages/airflow/example_dags/example_xcom.py
[2026-01-07T12:06:04.624+0530] {logging_mixin.py:190} INFO - [2026-01-07T12:06:04.624+0530] {dag.py:3239} INFO - Sync 1 DAGs
[2026-01-07T12:06:04.643+0530] {logging_mixin.py:190} INFO - [2026-01-07T12:06:04.642+0530] {dag.py:4180} INFO - Setting next_dagrun for example_xcom to 2021-01-01 00:00:00+00:00, run_after=2021-01-01 00:00:00+00:00
[2026-01-07T12:06:04.661+0530] {processor.py:208} INFO - Processing /home/sneha/spotify_airflow_project/venv/lib/python3.12/site-packages/airflow/example_dags/example_xcom.py took 0.073 seconds
[2026-01-07T12:06:57.331+0530] {processor.py:186} INFO - Started process (PID=18236) to work on /home/sneha/spotify_airflow_project/venv/lib/python3.12/site-packages/airflow/example_dags/example_xcom.py
[2026-01-07T12:06:57.332+0530] {processor.py:914} INFO - Processing file /home/sneha/spotify_airflow_project/venv/lib/python3.12/site-packages/airflow/example_dags/example_xcom.py for tasks to queue
[2026-01-07T12:06:57.333+0530] {logging_mixin.py:190} INFO - [2026-01-07T12:06:57.333+0530] {dagbag.py:588} INFO - Filling up the DagBag from /home/sneha/spotify_airflow_project/venv/lib/python3.12/site-packages/airflow/example_dags/example_xcom.py
[2026-01-07T12:06:57.341+0530] {processor.py:925} INFO - DAG(s) 'example_xcom' retrieved from /home/sneha/spotify_airflow_project/venv/lib/python3.12/site-packages/airflow/example_dags/example_xcom.py
[2026-01-07T12:06:57.359+0530] {logging_mixin.py:190} INFO - [2026-01-07T12:06:57.359+0530] {dag.py:3239} INFO - Sync 1 DAGs
[2026-01-07T12:06:57.376+0530] {logging_mixin.py:190} INFO - [2026-01-07T12:06:57.376+0530] {dag.py:4180} INFO - Setting next_dagrun for example_xcom to 2021-01-01 00:00:00+00:00, run_after=2021-01-01 00:00:00+00:00
[2026-01-07T12:06:57.394+0530] {processor.py:208} INFO - Processing /home/sneha/spotify_airflow_project/venv/lib/python3.12/site-packages/airflow/example_dags/example_xcom.py took 0.074 seconds
[2026-01-07T12:07:50.046+0530] {processor.py:186} INFO - Started process (PID=18292) to work on /home/sneha/spotify_airflow_project/venv/lib/python3.12/site-packages/airflow/example_dags/example_xcom.py
[2026-01-07T12:07:50.047+0530] {processor.py:914} INFO - Processing file /home/sneha/spotify_airflow_project/venv/lib/python3.12/site-packages/airflow/example_dags/example_xcom.py for tasks to queue
[2026-01-07T12:07:50.048+0530] {logging_mixin.py:190} INFO - [2026-01-07T12:07:50.048+0530] {dagbag.py:588} INFO - Filling up the DagBag from /home/sneha/spotify_airflow_project/venv/lib/python3.12/site-packages/airflow/example_dags/example_xcom.py
[2026-01-07T12:07:50.056+0530] {processor.py:925} INFO - DAG(s) 'example_xcom' retrieved from /home/sneha/spotify_airflow_project/venv/lib/python3.12/site-packages/airflow/example_dags/example_xcom.py
[2026-01-07T12:07:50.074+0530] {logging_mixin.py:190} INFO - [2026-01-07T12:07:50.074+0530] {dag.py:3239} INFO - Sync 1 DAGs
[2026-01-07T12:07:50.091+0530] {logging_mixin.py:190} INFO - [2026-01-07T12:07:50.091+0530] {dag.py:4180} INFO - Setting next_dagrun for example_xcom to 2021-01-01 00:00:00+00:00, run_after=2021-01-01 00:00:00+00:00
[2026-01-07T12:07:50.108+0530] {processor.py:208} INFO - Processing /home/sneha/spotify_airflow_project/venv/lib/python3.12/site-packages/airflow/example_dags/example_xcom.py took 0.073 seconds
[2026-01-07T12:08:42.970+0530] {processor.py:186} INFO - Started process (PID=18348) to work on /home/sneha/spotify_airflow_project/venv/lib/python3.12/site-packages/airflow/example_dags/example_xcom.py
[2026-01-07T12:08:42.972+0530] {processor.py:914} INFO - Processing file /home/sneha/spotify_airflow_project/venv/lib/python3.12/site-packages/airflow/example_dags/example_xcom.py for tasks to queue
[2026-01-07T12:08:42.973+0530] {logging_mixin.py:190} INFO - [2026-01-07T12:08:42.973+0530] {dagbag.py:588} INFO - Filling up the DagBag from /home/sneha/spotify_airflow_project/venv/lib/python3.12/site-packages/airflow/example_dags/example_xcom.py
[2026-01-07T12:08:42.980+0530] {processor.py:925} INFO - DAG(s) 'example_xcom' retrieved from /home/sneha/spotify_airflow_project/venv/lib/python3.12/site-packages/airflow/example_dags/example_xcom.py
[2026-01-07T12:08:42.999+0530] {logging_mixin.py:190} INFO - [2026-01-07T12:08:42.999+0530] {dag.py:3239} INFO - Sync 1 DAGs
[2026-01-07T12:08:43.018+0530] {logging_mixin.py:190} INFO - [2026-01-07T12:08:43.017+0530] {dag.py:4180} INFO - Setting next_dagrun for example_xcom to 2021-01-01 00:00:00+00:00, run_after=2021-01-01 00:00:00+00:00
[2026-01-07T12:08:43.035+0530] {processor.py:208} INFO - Processing /home/sneha/spotify_airflow_project/venv/lib/python3.12/site-packages/airflow/example_dags/example_xcom.py took 0.077 seconds
[2026-01-07T12:09:33.699+0530] {processor.py:186} INFO - Started process (PID=18404) to work on /home/sneha/spotify_airflow_project/venv/lib/python3.12/site-packages/airflow/example_dags/example_xcom.py
[2026-01-07T12:09:33.700+0530] {processor.py:914} INFO - Processing file /home/sneha/spotify_airflow_project/venv/lib/python3.12/site-packages/airflow/example_dags/example_xcom.py for tasks to queue
[2026-01-07T12:09:33.701+0530] {logging_mixin.py:190} INFO - [2026-01-07T12:09:33.700+0530] {dagbag.py:588} INFO - Filling up the DagBag from /home/sneha/spotify_airflow_project/venv/lib/python3.12/site-packages/airflow/example_dags/example_xcom.py
[2026-01-07T12:09:33.708+0530] {processor.py:925} INFO - DAG(s) 'example_xcom' retrieved from /home/sneha/spotify_airflow_project/venv/lib/python3.12/site-packages/airflow/example_dags/example_xcom.py
[2026-01-07T12:09:33.726+0530] {logging_mixin.py:190} INFO - [2026-01-07T12:09:33.726+0530] {dag.py:3239} INFO - Sync 1 DAGs
[2026-01-07T12:09:33.744+0530] {logging_mixin.py:190} INFO - [2026-01-07T12:09:33.743+0530] {dag.py:4180} INFO - Setting next_dagrun for example_xcom to 2021-01-01 00:00:00+00:00, run_after=2021-01-01 00:00:00+00:00
[2026-01-07T12:09:33.761+0530] {processor.py:208} INFO - Processing /home/sneha/spotify_airflow_project/venv/lib/python3.12/site-packages/airflow/example_dags/example_xcom.py took 0.072 seconds
[2026-01-07T12:10:26.623+0530] {processor.py:186} INFO - Started process (PID=18504) to work on /home/sneha/spotify_airflow_project/venv/lib/python3.12/site-packages/airflow/example_dags/example_xcom.py
[2026-01-07T12:10:26.625+0530] {processor.py:914} INFO - Processing file /home/sneha/spotify_airflow_project/venv/lib/python3.12/site-packages/airflow/example_dags/example_xcom.py for tasks to queue
[2026-01-07T12:10:26.626+0530] {logging_mixin.py:190} INFO - [2026-01-07T12:10:26.625+0530] {dagbag.py:588} INFO - Filling up the DagBag from /home/sneha/spotify_airflow_project/venv/lib/python3.12/site-packages/airflow/example_dags/example_xcom.py
[2026-01-07T12:10:26.633+0530] {processor.py:925} INFO - DAG(s) 'example_xcom' retrieved from /home/sneha/spotify_airflow_project/venv/lib/python3.12/site-packages/airflow/example_dags/example_xcom.py
[2026-01-07T12:10:26.650+0530] {logging_mixin.py:190} INFO - [2026-01-07T12:10:26.650+0530] {dag.py:3239} INFO - Sync 1 DAGs
[2026-01-07T12:10:26.667+0530] {logging_mixin.py:190} INFO - [2026-01-07T12:10:26.667+0530] {dag.py:4180} INFO - Setting next_dagrun for example_xcom to 2021-01-01 00:00:00+00:00, run_after=2021-01-01 00:00:00+00:00
[2026-01-07T12:10:26.684+0530] {processor.py:208} INFO - Processing /home/sneha/spotify_airflow_project/venv/lib/python3.12/site-packages/airflow/example_dags/example_xcom.py took 0.073 seconds
[2026-01-07T12:11:19.814+0530] {processor.py:186} INFO - Started process (PID=18578) to work on /home/sneha/spotify_airflow_project/venv/lib/python3.12/site-packages/airflow/example_dags/example_xcom.py
[2026-01-07T12:11:19.815+0530] {processor.py:914} INFO - Processing file /home/sneha/spotify_airflow_project/venv/lib/python3.12/site-packages/airflow/example_dags/example_xcom.py for tasks to queue
[2026-01-07T12:11:19.817+0530] {logging_mixin.py:190} INFO - [2026-01-07T12:11:19.816+0530] {dagbag.py:588} INFO - Filling up the DagBag from /home/sneha/spotify_airflow_project/venv/lib/python3.12/site-packages/airflow/example_dags/example_xcom.py
[2026-01-07T12:11:19.823+0530] {processor.py:925} INFO - DAG(s) 'example_xcom' retrieved from /home/sneha/spotify_airflow_project/venv/lib/python3.12/site-packages/airflow/example_dags/example_xcom.py
[2026-01-07T12:11:19.841+0530] {logging_mixin.py:190} INFO - [2026-01-07T12:11:19.841+0530] {dag.py:3239} INFO - Sync 1 DAGs
[2026-01-07T12:11:19.858+0530] {logging_mixin.py:190} INFO - [2026-01-07T12:11:19.858+0530] {dag.py:4180} INFO - Setting next_dagrun for example_xcom to 2021-01-01 00:00:00+00:00, run_after=2021-01-01 00:00:00+00:00
[2026-01-07T12:11:19.876+0530] {processor.py:208} INFO - Processing /home/sneha/spotify_airflow_project/venv/lib/python3.12/site-packages/airflow/example_dags/example_xcom.py took 0.073 seconds
[2026-01-07T12:12:12.972+0530] {processor.py:186} INFO - Started process (PID=18636) to work on /home/sneha/spotify_airflow_project/venv/lib/python3.12/site-packages/airflow/example_dags/example_xcom.py
[2026-01-07T12:12:12.973+0530] {processor.py:914} INFO - Processing file /home/sneha/spotify_airflow_project/venv/lib/python3.12/site-packages/airflow/example_dags/example_xcom.py for tasks to queue
[2026-01-07T12:12:12.975+0530] {logging_mixin.py:190} INFO - [2026-01-07T12:12:12.974+0530] {dagbag.py:588} INFO - Filling up the DagBag from /home/sneha/spotify_airflow_project/venv/lib/python3.12/site-packages/airflow/example_dags/example_xcom.py
[2026-01-07T12:12:12.982+0530] {processor.py:925} INFO - DAG(s) 'example_xcom' retrieved from /home/sneha/spotify_airflow_project/venv/lib/python3.12/site-packages/airflow/example_dags/example_xcom.py
[2026-01-07T12:12:12.999+0530] {logging_mixin.py:190} INFO - [2026-01-07T12:12:12.999+0530] {dag.py:3239} INFO - Sync 1 DAGs
[2026-01-07T12:12:13.016+0530] {logging_mixin.py:190} INFO - [2026-01-07T12:12:13.016+0530] {dag.py:4180} INFO - Setting next_dagrun for example_xcom to 2021-01-01 00:00:00+00:00, run_after=2021-01-01 00:00:00+00:00
[2026-01-07T12:12:13.034+0530] {processor.py:208} INFO - Processing /home/sneha/spotify_airflow_project/venv/lib/python3.12/site-packages/airflow/example_dags/example_xcom.py took 0.073 seconds
[2026-01-07T12:13:05.785+0530] {processor.py:186} INFO - Started process (PID=18693) to work on /home/sneha/spotify_airflow_project/venv/lib/python3.12/site-packages/airflow/example_dags/example_xcom.py
[2026-01-07T12:13:05.786+0530] {processor.py:914} INFO - Processing file /home/sneha/spotify_airflow_project/venv/lib/python3.12/site-packages/airflow/example_dags/example_xcom.py for tasks to queue
[2026-01-07T12:13:05.788+0530] {logging_mixin.py:190} INFO - [2026-01-07T12:13:05.788+0530] {dagbag.py:588} INFO - Filling up the DagBag from /home/sneha/spotify_airflow_project/venv/lib/python3.12/site-packages/airflow/example_dags/example_xcom.py
[2026-01-07T12:13:05.794+0530] {processor.py:925} INFO - DAG(s) 'example_xcom' retrieved from /home/sneha/spotify_airflow_project/venv/lib/python3.12/site-packages/airflow/example_dags/example_xcom.py
[2026-01-07T12:13:05.811+0530] {logging_mixin.py:190} INFO - [2026-01-07T12:13:05.810+0530] {dag.py:3239} INFO - Sync 1 DAGs
[2026-01-07T12:13:05.826+0530] {logging_mixin.py:190} INFO - [2026-01-07T12:13:05.826+0530] {dag.py:4180} INFO - Setting next_dagrun for example_xcom to 2021-01-01 00:00:00+00:00, run_after=2021-01-01 00:00:00+00:00
[2026-01-07T12:13:05.842+0530] {processor.py:208} INFO - Processing /home/sneha/spotify_airflow_project/venv/lib/python3.12/site-packages/airflow/example_dags/example_xcom.py took 0.069 seconds
[2026-01-07T12:13:59.740+0530] {processor.py:186} INFO - Started process (PID=18847) to work on /home/sneha/spotify_airflow_project/venv/lib/python3.12/site-packages/airflow/example_dags/example_xcom.py
[2026-01-07T12:13:59.741+0530] {processor.py:914} INFO - Processing file /home/sneha/spotify_airflow_project/venv/lib/python3.12/site-packages/airflow/example_dags/example_xcom.py for tasks to queue
[2026-01-07T12:13:59.744+0530] {logging_mixin.py:190} INFO - [2026-01-07T12:13:59.743+0530] {dagbag.py:588} INFO - Filling up the DagBag from /home/sneha/spotify_airflow_project/venv/lib/python3.12/site-packages/airflow/example_dags/example_xcom.py
[2026-01-07T12:13:59.755+0530] {processor.py:925} INFO - DAG(s) 'example_xcom' retrieved from /home/sneha/spotify_airflow_project/venv/lib/python3.12/site-packages/airflow/example_dags/example_xcom.py
[2026-01-07T12:13:59.781+0530] {logging_mixin.py:190} INFO - [2026-01-07T12:13:59.780+0530] {dag.py:3239} INFO - Sync 1 DAGs
[2026-01-07T12:13:59.804+0530] {logging_mixin.py:190} INFO - [2026-01-07T12:13:59.804+0530] {dag.py:4180} INFO - Setting next_dagrun for example_xcom to 2021-01-01 00:00:00+00:00, run_after=2021-01-01 00:00:00+00:00
[2026-01-07T12:13:59.826+0530] {processor.py:208} INFO - Processing /home/sneha/spotify_airflow_project/venv/lib/python3.12/site-packages/airflow/example_dags/example_xcom.py took 0.094 seconds
[2026-01-07T12:14:54.415+0530] {processor.py:186} INFO - Started process (PID=18924) to work on /home/sneha/spotify_airflow_project/venv/lib/python3.12/site-packages/airflow/example_dags/example_xcom.py
[2026-01-07T12:14:54.417+0530] {processor.py:914} INFO - Processing file /home/sneha/spotify_airflow_project/venv/lib/python3.12/site-packages/airflow/example_dags/example_xcom.py for tasks to queue
[2026-01-07T12:14:54.418+0530] {logging_mixin.py:190} INFO - [2026-01-07T12:14:54.418+0530] {dagbag.py:588} INFO - Filling up the DagBag from /home/sneha/spotify_airflow_project/venv/lib/python3.12/site-packages/airflow/example_dags/example_xcom.py
[2026-01-07T12:14:54.425+0530] {processor.py:925} INFO - DAG(s) 'example_xcom' retrieved from /home/sneha/spotify_airflow_project/venv/lib/python3.12/site-packages/airflow/example_dags/example_xcom.py
[2026-01-07T12:14:54.443+0530] {logging_mixin.py:190} INFO - [2026-01-07T12:14:54.443+0530] {dag.py:3239} INFO - Sync 1 DAGs
[2026-01-07T12:14:54.461+0530] {logging_mixin.py:190} INFO - [2026-01-07T12:14:54.460+0530] {dag.py:4180} INFO - Setting next_dagrun for example_xcom to 2021-01-01 00:00:00+00:00, run_after=2021-01-01 00:00:00+00:00
[2026-01-07T12:14:54.480+0530] {processor.py:208} INFO - Processing /home/sneha/spotify_airflow_project/venv/lib/python3.12/site-packages/airflow/example_dags/example_xcom.py took 0.077 seconds
[2026-01-07T12:15:47.520+0530] {processor.py:186} INFO - Started process (PID=19003) to work on /home/sneha/spotify_airflow_project/venv/lib/python3.12/site-packages/airflow/example_dags/example_xcom.py
[2026-01-07T12:15:47.531+0530] {processor.py:914} INFO - Processing file /home/sneha/spotify_airflow_project/venv/lib/python3.12/site-packages/airflow/example_dags/example_xcom.py for tasks to queue
[2026-01-07T12:15:47.534+0530] {logging_mixin.py:190} INFO - [2026-01-07T12:15:47.533+0530] {dagbag.py:588} INFO - Filling up the DagBag from /home/sneha/spotify_airflow_project/venv/lib/python3.12/site-packages/airflow/example_dags/example_xcom.py
[2026-01-07T12:15:47.548+0530] {processor.py:925} INFO - DAG(s) 'example_xcom' retrieved from /home/sneha/spotify_airflow_project/venv/lib/python3.12/site-packages/airflow/example_dags/example_xcom.py
[2026-01-07T12:15:47.567+0530] {logging_mixin.py:190} INFO - [2026-01-07T12:15:47.567+0530] {dag.py:3239} INFO - Sync 1 DAGs
[2026-01-07T12:15:47.585+0530] {logging_mixin.py:190} INFO - [2026-01-07T12:15:47.585+0530] {dag.py:4180} INFO - Setting next_dagrun for example_xcom to 2021-01-01 00:00:00+00:00, run_after=2021-01-01 00:00:00+00:00
[2026-01-07T12:15:47.604+0530] {processor.py:208} INFO - Processing /home/sneha/spotify_airflow_project/venv/lib/python3.12/site-packages/airflow/example_dags/example_xcom.py took 0.091 seconds
[2026-01-07T12:16:42.736+0530] {processor.py:186} INFO - Started process (PID=19063) to work on /home/sneha/spotify_airflow_project/venv/lib/python3.12/site-packages/airflow/example_dags/example_xcom.py
[2026-01-07T12:16:42.737+0530] {processor.py:914} INFO - Processing file /home/sneha/spotify_airflow_project/venv/lib/python3.12/site-packages/airflow/example_dags/example_xcom.py for tasks to queue
[2026-01-07T12:16:42.739+0530] {logging_mixin.py:190} INFO - [2026-01-07T12:16:42.738+0530] {dagbag.py:588} INFO - Filling up the DagBag from /home/sneha/spotify_airflow_project/venv/lib/python3.12/site-packages/airflow/example_dags/example_xcom.py
[2026-01-07T12:16:42.746+0530] {processor.py:925} INFO - DAG(s) 'example_xcom' retrieved from /home/sneha/spotify_airflow_project/venv/lib/python3.12/site-packages/airflow/example_dags/example_xcom.py
[2026-01-07T12:16:42.764+0530] {logging_mixin.py:190} INFO - [2026-01-07T12:16:42.764+0530] {dag.py:3239} INFO - Sync 1 DAGs
[2026-01-07T12:16:42.782+0530] {logging_mixin.py:190} INFO - [2026-01-07T12:16:42.782+0530] {dag.py:4180} INFO - Setting next_dagrun for example_xcom to 2021-01-01 00:00:00+00:00, run_after=2021-01-01 00:00:00+00:00
[2026-01-07T12:16:42.801+0530] {processor.py:208} INFO - Processing /home/sneha/spotify_airflow_project/venv/lib/python3.12/site-packages/airflow/example_dags/example_xcom.py took 0.078 seconds
[2026-01-07T12:17:38.336+0530] {processor.py:186} INFO - Started process (PID=19125) to work on /home/sneha/spotify_airflow_project/venv/lib/python3.12/site-packages/airflow/example_dags/example_xcom.py
[2026-01-07T12:17:38.347+0530] {processor.py:914} INFO - Processing file /home/sneha/spotify_airflow_project/venv/lib/python3.12/site-packages/airflow/example_dags/example_xcom.py for tasks to queue
[2026-01-07T12:17:38.349+0530] {logging_mixin.py:190} INFO - [2026-01-07T12:17:38.348+0530] {dagbag.py:588} INFO - Filling up the DagBag from /home/sneha/spotify_airflow_project/venv/lib/python3.12/site-packages/airflow/example_dags/example_xcom.py
[2026-01-07T12:17:38.358+0530] {processor.py:925} INFO - DAG(s) 'example_xcom' retrieved from /home/sneha/spotify_airflow_project/venv/lib/python3.12/site-packages/airflow/example_dags/example_xcom.py
[2026-01-07T12:17:38.376+0530] {logging_mixin.py:190} INFO - [2026-01-07T12:17:38.376+0530] {dag.py:3239} INFO - Sync 1 DAGs
[2026-01-07T12:17:38.393+0530] {logging_mixin.py:190} INFO - [2026-01-07T12:17:38.393+0530] {dag.py:4180} INFO - Setting next_dagrun for example_xcom to 2021-01-01 00:00:00+00:00, run_after=2021-01-01 00:00:00+00:00
[2026-01-07T12:17:38.412+0530] {processor.py:208} INFO - Processing /home/sneha/spotify_airflow_project/venv/lib/python3.12/site-packages/airflow/example_dags/example_xcom.py took 0.085 seconds
[2026-01-07T12:18:34.316+0530] {processor.py:186} INFO - Started process (PID=19206) to work on /home/sneha/spotify_airflow_project/venv/lib/python3.12/site-packages/airflow/example_dags/example_xcom.py
[2026-01-07T12:18:34.318+0530] {processor.py:914} INFO - Processing file /home/sneha/spotify_airflow_project/venv/lib/python3.12/site-packages/airflow/example_dags/example_xcom.py for tasks to queue
[2026-01-07T12:18:34.320+0530] {logging_mixin.py:190} INFO - [2026-01-07T12:18:34.320+0530] {dagbag.py:588} INFO - Filling up the DagBag from /home/sneha/spotify_airflow_project/venv/lib/python3.12/site-packages/airflow/example_dags/example_xcom.py
[2026-01-07T12:18:34.328+0530] {processor.py:925} INFO - DAG(s) 'example_xcom' retrieved from /home/sneha/spotify_airflow_project/venv/lib/python3.12/site-packages/airflow/example_dags/example_xcom.py
[2026-01-07T12:18:34.346+0530] {logging_mixin.py:190} INFO - [2026-01-07T12:18:34.346+0530] {dag.py:3239} INFO - Sync 1 DAGs
[2026-01-07T12:18:34.364+0530] {logging_mixin.py:190} INFO - [2026-01-07T12:18:34.364+0530] {dag.py:4180} INFO - Setting next_dagrun for example_xcom to 2021-01-01 00:00:00+00:00, run_after=2021-01-01 00:00:00+00:00
[2026-01-07T12:18:34.381+0530] {processor.py:208} INFO - Processing /home/sneha/spotify_airflow_project/venv/lib/python3.12/site-packages/airflow/example_dags/example_xcom.py took 0.079 seconds
[2026-01-07T12:19:32.678+0530] {processor.py:186} INFO - Started process (PID=19323) to work on /home/sneha/spotify_airflow_project/venv/lib/python3.12/site-packages/airflow/example_dags/example_xcom.py
[2026-01-07T12:19:32.679+0530] {processor.py:914} INFO - Processing file /home/sneha/spotify_airflow_project/venv/lib/python3.12/site-packages/airflow/example_dags/example_xcom.py for tasks to queue
[2026-01-07T12:19:32.680+0530] {logging_mixin.py:190} INFO - [2026-01-07T12:19:32.680+0530] {dagbag.py:588} INFO - Filling up the DagBag from /home/sneha/spotify_airflow_project/venv/lib/python3.12/site-packages/airflow/example_dags/example_xcom.py
[2026-01-07T12:19:32.688+0530] {processor.py:925} INFO - DAG(s) 'example_xcom' retrieved from /home/sneha/spotify_airflow_project/venv/lib/python3.12/site-packages/airflow/example_dags/example_xcom.py
[2026-01-07T12:19:32.707+0530] {logging_mixin.py:190} INFO - [2026-01-07T12:19:32.707+0530] {dag.py:3239} INFO - Sync 1 DAGs
[2026-01-07T12:19:32.725+0530] {logging_mixin.py:190} INFO - [2026-01-07T12:19:32.724+0530] {dag.py:4180} INFO - Setting next_dagrun for example_xcom to 2021-01-01 00:00:00+00:00, run_after=2021-01-01 00:00:00+00:00
[2026-01-07T12:19:32.743+0530] {processor.py:208} INFO - Processing /home/sneha/spotify_airflow_project/venv/lib/python3.12/site-packages/airflow/example_dags/example_xcom.py took 0.079 seconds
