[2026-01-07T11:47:42.909+0530] {processor.py:186} INFO - Started process (PID=7508) to work on /home/sneha/spotify_astro_project/venv/lib/python3.12/site-packages/airflow/example_dags/example_display_name.py
[2026-01-07T11:47:42.910+0530] {processor.py:914} INFO - Processing file /home/sneha/spotify_astro_project/venv/lib/python3.12/site-packages/airflow/example_dags/example_display_name.py for tasks to queue
[2026-01-07T11:47:42.911+0530] {logging_mixin.py:190} INFO - [2026-01-07T11:47:42.911+0530] {dagbag.py:588} INFO - Filling up the DagBag from /home/sneha/spotify_astro_project/venv/lib/python3.12/site-packages/airflow/example_dags/example_display_name.py
[2026-01-07T11:47:42.917+0530] {processor.py:925} INFO - DAG(s) 'example_display_name' retrieved from /home/sneha/spotify_astro_project/venv/lib/python3.12/site-packages/airflow/example_dags/example_display_name.py
[2026-01-07T11:47:43.017+0530] {logging_mixin.py:190} INFO - [2026-01-07T11:47:43.017+0530] {dag.py:3239} INFO - Sync 1 DAGs
[2026-01-07T11:47:43.028+0530] {logging_mixin.py:190} INFO - [2026-01-07T11:47:43.027+0530] {dag.py:4180} INFO - Setting next_dagrun for example_display_name to None, run_after=None
[2026-01-07T11:47:43.047+0530] {processor.py:208} INFO - Processing /home/sneha/spotify_astro_project/venv/lib/python3.12/site-packages/airflow/example_dags/example_display_name.py took 0.143 seconds
[2026-01-07T11:48:48.617+0530] {processor.py:186} INFO - Started process (PID=7964) to work on /home/sneha/spotify_astro_project/venv/lib/python3.12/site-packages/airflow/example_dags/example_display_name.py
[2026-01-07T11:48:48.618+0530] {processor.py:914} INFO - Processing file /home/sneha/spotify_astro_project/venv/lib/python3.12/site-packages/airflow/example_dags/example_display_name.py for tasks to queue
[2026-01-07T11:48:48.621+0530] {logging_mixin.py:190} INFO - [2026-01-07T11:48:48.620+0530] {dagbag.py:588} INFO - Filling up the DagBag from /home/sneha/spotify_astro_project/venv/lib/python3.12/site-packages/airflow/example_dags/example_display_name.py
[2026-01-07T11:48:48.635+0530] {processor.py:925} INFO - DAG(s) 'example_display_name' retrieved from /home/sneha/spotify_astro_project/venv/lib/python3.12/site-packages/airflow/example_dags/example_display_name.py
[2026-01-07T11:48:48.669+0530] {logging_mixin.py:190} INFO - [2026-01-07T11:48:48.668+0530] {dag.py:3239} INFO - Sync 1 DAGs
[2026-01-07T11:48:48.710+0530] {logging_mixin.py:190} INFO - [2026-01-07T11:48:48.707+0530] {dag.py:4180} INFO - Setting next_dagrun for example_display_name to None, run_after=None
[2026-01-07T11:48:48.771+0530] {processor.py:208} INFO - Processing /home/sneha/spotify_astro_project/venv/lib/python3.12/site-packages/airflow/example_dags/example_display_name.py took 0.165 seconds
[2026-01-07T11:49:50.286+0530] {processor.py:186} INFO - Started process (PID=8399) to work on /home/sneha/spotify_astro_project/venv/lib/python3.12/site-packages/airflow/example_dags/example_display_name.py
[2026-01-07T11:49:50.287+0530] {processor.py:914} INFO - Processing file /home/sneha/spotify_astro_project/venv/lib/python3.12/site-packages/airflow/example_dags/example_display_name.py for tasks to queue
[2026-01-07T11:49:50.289+0530] {logging_mixin.py:190} INFO - [2026-01-07T11:49:50.288+0530] {dagbag.py:588} INFO - Filling up the DagBag from /home/sneha/spotify_astro_project/venv/lib/python3.12/site-packages/airflow/example_dags/example_display_name.py
[2026-01-07T11:49:50.295+0530] {processor.py:925} INFO - DAG(s) 'example_display_name' retrieved from /home/sneha/spotify_astro_project/venv/lib/python3.12/site-packages/airflow/example_dags/example_display_name.py
[2026-01-07T11:49:50.310+0530] {logging_mixin.py:190} INFO - [2026-01-07T11:49:50.310+0530] {dag.py:3239} INFO - Sync 1 DAGs
[2026-01-07T11:49:50.322+0530] {logging_mixin.py:190} INFO - [2026-01-07T11:49:50.322+0530] {dag.py:4180} INFO - Setting next_dagrun for example_display_name to None, run_after=None
[2026-01-07T11:49:50.466+0530] {processor.py:208} INFO - Processing /home/sneha/spotify_astro_project/venv/lib/python3.12/site-packages/airflow/example_dags/example_display_name.py took 0.189 seconds
[2026-01-07T11:51:06.617+0530] {processor.py:186} INFO - Started process (PID=9033) to work on /home/sneha/spotify_astro_project/venv/lib/python3.12/site-packages/airflow/example_dags/example_display_name.py
[2026-01-07T11:51:06.618+0530] {processor.py:914} INFO - Processing file /home/sneha/spotify_astro_project/venv/lib/python3.12/site-packages/airflow/example_dags/example_display_name.py for tasks to queue
[2026-01-07T11:51:06.621+0530] {logging_mixin.py:190} INFO - [2026-01-07T11:51:06.620+0530] {dagbag.py:588} INFO - Filling up the DagBag from /home/sneha/spotify_astro_project/venv/lib/python3.12/site-packages/airflow/example_dags/example_display_name.py
[2026-01-07T11:51:06.626+0530] {processor.py:925} INFO - DAG(s) 'example_display_name' retrieved from /home/sneha/spotify_astro_project/venv/lib/python3.12/site-packages/airflow/example_dags/example_display_name.py
[2026-01-07T11:51:06.643+0530] {logging_mixin.py:190} INFO - [2026-01-07T11:51:06.643+0530] {dag.py:3239} INFO - Sync 1 DAGs
[2026-01-07T11:51:06.655+0530] {logging_mixin.py:190} INFO - [2026-01-07T11:51:06.655+0530] {dag.py:4180} INFO - Setting next_dagrun for example_display_name to None, run_after=None
[2026-01-07T11:51:06.675+0530] {processor.py:208} INFO - Processing /home/sneha/spotify_astro_project/venv/lib/python3.12/site-packages/airflow/example_dags/example_display_name.py took 0.072 seconds
[2026-01-07T11:57:55.364+0530] {processor.py:186} INFO - Started process (PID=17121) to work on /home/sneha/spotify_airflow_project/venv/lib/python3.12/site-packages/airflow/example_dags/example_display_name.py
[2026-01-07T11:57:55.366+0530] {processor.py:914} INFO - Processing file /home/sneha/spotify_airflow_project/venv/lib/python3.12/site-packages/airflow/example_dags/example_display_name.py for tasks to queue
[2026-01-07T11:57:55.367+0530] {logging_mixin.py:190} INFO - [2026-01-07T11:57:55.366+0530] {dagbag.py:588} INFO - Filling up the DagBag from /home/sneha/spotify_airflow_project/venv/lib/python3.12/site-packages/airflow/example_dags/example_display_name.py
[2026-01-07T11:57:55.372+0530] {processor.py:925} INFO - DAG(s) 'example_display_name' retrieved from /home/sneha/spotify_airflow_project/venv/lib/python3.12/site-packages/airflow/example_dags/example_display_name.py
[2026-01-07T11:57:55.475+0530] {logging_mixin.py:190} INFO - [2026-01-07T11:57:55.475+0530] {dag.py:3239} INFO - Sync 1 DAGs
[2026-01-07T11:57:55.485+0530] {logging_mixin.py:190} INFO - [2026-01-07T11:57:55.485+0530] {dag.py:4180} INFO - Setting next_dagrun for example_display_name to None, run_after=None
[2026-01-07T11:57:55.504+0530] {processor.py:208} INFO - Processing /home/sneha/spotify_airflow_project/venv/lib/python3.12/site-packages/airflow/example_dags/example_display_name.py took 0.154 seconds
[2026-01-07T11:58:53.425+0530] {processor.py:186} INFO - Started process (PID=17235) to work on /home/sneha/spotify_airflow_project/venv/lib/python3.12/site-packages/airflow/example_dags/example_display_name.py
[2026-01-07T11:58:53.426+0530] {processor.py:914} INFO - Processing file /home/sneha/spotify_airflow_project/venv/lib/python3.12/site-packages/airflow/example_dags/example_display_name.py for tasks to queue
[2026-01-07T11:58:53.427+0530] {logging_mixin.py:190} INFO - [2026-01-07T11:58:53.427+0530] {dagbag.py:588} INFO - Filling up the DagBag from /home/sneha/spotify_airflow_project/venv/lib/python3.12/site-packages/airflow/example_dags/example_display_name.py
[2026-01-07T11:58:53.433+0530] {processor.py:925} INFO - DAG(s) 'example_display_name' retrieved from /home/sneha/spotify_airflow_project/venv/lib/python3.12/site-packages/airflow/example_dags/example_display_name.py
[2026-01-07T11:58:53.449+0530] {logging_mixin.py:190} INFO - [2026-01-07T11:58:53.448+0530] {dag.py:3239} INFO - Sync 1 DAGs
[2026-01-07T11:58:53.462+0530] {logging_mixin.py:190} INFO - [2026-01-07T11:58:53.461+0530] {dag.py:4180} INFO - Setting next_dagrun for example_display_name to None, run_after=None
[2026-01-07T11:58:53.479+0530] {processor.py:208} INFO - Processing /home/sneha/spotify_airflow_project/venv/lib/python3.12/site-packages/airflow/example_dags/example_display_name.py took 0.063 seconds
[2026-01-07T11:59:48.951+0530] {processor.py:186} INFO - Started process (PID=17296) to work on /home/sneha/spotify_airflow_project/venv/lib/python3.12/site-packages/airflow/example_dags/example_display_name.py
[2026-01-07T11:59:48.952+0530] {processor.py:914} INFO - Processing file /home/sneha/spotify_airflow_project/venv/lib/python3.12/site-packages/airflow/example_dags/example_display_name.py for tasks to queue
[2026-01-07T11:59:48.954+0530] {logging_mixin.py:190} INFO - [2026-01-07T11:59:48.953+0530] {dagbag.py:588} INFO - Filling up the DagBag from /home/sneha/spotify_airflow_project/venv/lib/python3.12/site-packages/airflow/example_dags/example_display_name.py
[2026-01-07T11:59:48.959+0530] {processor.py:925} INFO - DAG(s) 'example_display_name' retrieved from /home/sneha/spotify_airflow_project/venv/lib/python3.12/site-packages/airflow/example_dags/example_display_name.py
[2026-01-07T11:59:48.975+0530] {logging_mixin.py:190} INFO - [2026-01-07T11:59:48.975+0530] {dag.py:3239} INFO - Sync 1 DAGs
[2026-01-07T11:59:48.987+0530] {logging_mixin.py:190} INFO - [2026-01-07T11:59:48.986+0530] {dag.py:4180} INFO - Setting next_dagrun for example_display_name to None, run_after=None
[2026-01-07T11:59:49.005+0530] {processor.py:208} INFO - Processing /home/sneha/spotify_airflow_project/venv/lib/python3.12/site-packages/airflow/example_dags/example_display_name.py took 0.066 seconds
[2026-01-07T12:00:57.423+0530] {processor.py:186} INFO - Started process (PID=17439) to work on /home/sneha/spotify_airflow_project/venv/lib/python3.12/site-packages/airflow/example_dags/example_display_name.py
[2026-01-07T12:00:57.424+0530] {processor.py:914} INFO - Processing file /home/sneha/spotify_airflow_project/venv/lib/python3.12/site-packages/airflow/example_dags/example_display_name.py for tasks to queue
[2026-01-07T12:00:57.425+0530] {logging_mixin.py:190} INFO - [2026-01-07T12:00:57.425+0530] {dagbag.py:588} INFO - Filling up the DagBag from /home/sneha/spotify_airflow_project/venv/lib/python3.12/site-packages/airflow/example_dags/example_display_name.py
[2026-01-07T12:00:57.568+0530] {processor.py:925} INFO - DAG(s) 'example_display_name' retrieved from /home/sneha/spotify_airflow_project/venv/lib/python3.12/site-packages/airflow/example_dags/example_display_name.py
[2026-01-07T12:00:57.579+0530] {logging_mixin.py:190} INFO - [2026-01-07T12:00:57.578+0530] {dag.py:3239} INFO - Sync 1 DAGs
[2026-01-07T12:00:57.587+0530] {logging_mixin.py:190} INFO - [2026-01-07T12:00:57.587+0530] {dag.py:4180} INFO - Setting next_dagrun for example_display_name to None, run_after=None
[2026-01-07T12:00:57.604+0530] {processor.py:208} INFO - Processing /home/sneha/spotify_airflow_project/venv/lib/python3.12/site-packages/airflow/example_dags/example_display_name.py took 0.193 seconds
[2026-01-07T12:01:54.613+0530] {processor.py:186} INFO - Started process (PID=17619) to work on /home/sneha/spotify_airflow_project/venv/lib/python3.12/site-packages/airflow/example_dags/example_display_name.py
[2026-01-07T12:01:54.614+0530] {processor.py:914} INFO - Processing file /home/sneha/spotify_airflow_project/venv/lib/python3.12/site-packages/airflow/example_dags/example_display_name.py for tasks to queue
[2026-01-07T12:01:54.615+0530] {logging_mixin.py:190} INFO - [2026-01-07T12:01:54.615+0530] {dagbag.py:588} INFO - Filling up the DagBag from /home/sneha/spotify_airflow_project/venv/lib/python3.12/site-packages/airflow/example_dags/example_display_name.py
[2026-01-07T12:01:54.622+0530] {processor.py:925} INFO - DAG(s) 'example_display_name' retrieved from /home/sneha/spotify_airflow_project/venv/lib/python3.12/site-packages/airflow/example_dags/example_display_name.py
[2026-01-07T12:01:54.639+0530] {logging_mixin.py:190} INFO - [2026-01-07T12:01:54.639+0530] {dag.py:3239} INFO - Sync 1 DAGs
[2026-01-07T12:01:54.653+0530] {logging_mixin.py:190} INFO - [2026-01-07T12:01:54.652+0530] {dag.py:4180} INFO - Setting next_dagrun for example_display_name to None, run_after=None
[2026-01-07T12:01:54.672+0530] {processor.py:208} INFO - Processing /home/sneha/spotify_airflow_project/venv/lib/python3.12/site-packages/airflow/example_dags/example_display_name.py took 0.067 seconds
[2026-01-07T12:02:54.020+0530] {processor.py:186} INFO - Started process (PID=17686) to work on /home/sneha/spotify_airflow_project/venv/lib/python3.12/site-packages/airflow/example_dags/example_display_name.py
[2026-01-07T12:02:54.021+0530] {processor.py:914} INFO - Processing file /home/sneha/spotify_airflow_project/venv/lib/python3.12/site-packages/airflow/example_dags/example_display_name.py for tasks to queue
[2026-01-07T12:02:54.022+0530] {logging_mixin.py:190} INFO - [2026-01-07T12:02:54.022+0530] {dagbag.py:588} INFO - Filling up the DagBag from /home/sneha/spotify_airflow_project/venv/lib/python3.12/site-packages/airflow/example_dags/example_display_name.py
[2026-01-07T12:02:54.028+0530] {processor.py:925} INFO - DAG(s) 'example_display_name' retrieved from /home/sneha/spotify_airflow_project/venv/lib/python3.12/site-packages/airflow/example_dags/example_display_name.py
[2026-01-07T12:02:54.044+0530] {logging_mixin.py:190} INFO - [2026-01-07T12:02:54.044+0530] {dag.py:3239} INFO - Sync 1 DAGs
[2026-01-07T12:02:54.055+0530] {logging_mixin.py:190} INFO - [2026-01-07T12:02:54.055+0530] {dag.py:4180} INFO - Setting next_dagrun for example_display_name to None, run_after=None
[2026-01-07T12:02:54.074+0530] {processor.py:208} INFO - Processing /home/sneha/spotify_airflow_project/venv/lib/python3.12/site-packages/airflow/example_dags/example_display_name.py took 0.067 seconds
[2026-01-07T12:03:50.143+0530] {processor.py:186} INFO - Started process (PID=17781) to work on /home/sneha/spotify_airflow_project/venv/lib/python3.12/site-packages/airflow/example_dags/example_display_name.py
[2026-01-07T12:03:50.145+0530] {processor.py:914} INFO - Processing file /home/sneha/spotify_airflow_project/venv/lib/python3.12/site-packages/airflow/example_dags/example_display_name.py for tasks to queue
[2026-01-07T12:03:50.148+0530] {logging_mixin.py:190} INFO - [2026-01-07T12:03:50.147+0530] {dagbag.py:588} INFO - Filling up the DagBag from /home/sneha/spotify_airflow_project/venv/lib/python3.12/site-packages/airflow/example_dags/example_display_name.py
[2026-01-07T12:03:50.161+0530] {processor.py:925} INFO - DAG(s) 'example_display_name' retrieved from /home/sneha/spotify_airflow_project/venv/lib/python3.12/site-packages/airflow/example_dags/example_display_name.py
[2026-01-07T12:03:50.195+0530] {logging_mixin.py:190} INFO - [2026-01-07T12:03:50.195+0530] {dag.py:3239} INFO - Sync 1 DAGs
[2026-01-07T12:03:50.221+0530] {logging_mixin.py:190} INFO - [2026-01-07T12:03:50.221+0530] {dag.py:4180} INFO - Setting next_dagrun for example_display_name to None, run_after=None
[2026-01-07T12:03:50.260+0530] {processor.py:208} INFO - Processing /home/sneha/spotify_airflow_project/venv/lib/python3.12/site-packages/airflow/example_dags/example_display_name.py took 0.128 seconds
[2026-01-07T12:04:43.556+0530] {processor.py:186} INFO - Started process (PID=18066) to work on /home/sneha/spotify_airflow_project/venv/lib/python3.12/site-packages/airflow/example_dags/example_display_name.py
[2026-01-07T12:04:43.557+0530] {processor.py:914} INFO - Processing file /home/sneha/spotify_airflow_project/venv/lib/python3.12/site-packages/airflow/example_dags/example_display_name.py for tasks to queue
[2026-01-07T12:04:43.559+0530] {logging_mixin.py:190} INFO - [2026-01-07T12:04:43.558+0530] {dagbag.py:588} INFO - Filling up the DagBag from /home/sneha/spotify_airflow_project/venv/lib/python3.12/site-packages/airflow/example_dags/example_display_name.py
[2026-01-07T12:04:43.566+0530] {processor.py:925} INFO - DAG(s) 'example_display_name' retrieved from /home/sneha/spotify_airflow_project/venv/lib/python3.12/site-packages/airflow/example_dags/example_display_name.py
[2026-01-07T12:04:43.585+0530] {logging_mixin.py:190} INFO - [2026-01-07T12:04:43.584+0530] {dag.py:3239} INFO - Sync 1 DAGs
[2026-01-07T12:04:43.597+0530] {logging_mixin.py:190} INFO - [2026-01-07T12:04:43.597+0530] {dag.py:4180} INFO - Setting next_dagrun for example_display_name to None, run_after=None
[2026-01-07T12:04:43.615+0530] {processor.py:208} INFO - Processing /home/sneha/spotify_airflow_project/venv/lib/python3.12/site-packages/airflow/example_dags/example_display_name.py took 0.066 seconds
[2026-01-07T12:05:39.241+0530] {processor.py:186} INFO - Started process (PID=18152) to work on /home/sneha/spotify_airflow_project/venv/lib/python3.12/site-packages/airflow/example_dags/example_display_name.py
[2026-01-07T12:05:39.242+0530] {processor.py:914} INFO - Processing file /home/sneha/spotify_airflow_project/venv/lib/python3.12/site-packages/airflow/example_dags/example_display_name.py for tasks to queue
[2026-01-07T12:05:39.243+0530] {logging_mixin.py:190} INFO - [2026-01-07T12:05:39.243+0530] {dagbag.py:588} INFO - Filling up the DagBag from /home/sneha/spotify_airflow_project/venv/lib/python3.12/site-packages/airflow/example_dags/example_display_name.py
[2026-01-07T12:05:39.249+0530] {processor.py:925} INFO - DAG(s) 'example_display_name' retrieved from /home/sneha/spotify_airflow_project/venv/lib/python3.12/site-packages/airflow/example_dags/example_display_name.py
[2026-01-07T12:05:39.265+0530] {logging_mixin.py:190} INFO - [2026-01-07T12:05:39.265+0530] {dag.py:3239} INFO - Sync 1 DAGs
[2026-01-07T12:05:39.277+0530] {logging_mixin.py:190} INFO - [2026-01-07T12:05:39.277+0530] {dag.py:4180} INFO - Setting next_dagrun for example_display_name to None, run_after=None
[2026-01-07T12:05:39.298+0530] {processor.py:208} INFO - Processing /home/sneha/spotify_airflow_project/venv/lib/python3.12/site-packages/airflow/example_dags/example_display_name.py took 0.066 seconds
[2026-01-07T12:06:32.525+0530] {processor.py:186} INFO - Started process (PID=18210) to work on /home/sneha/spotify_airflow_project/venv/lib/python3.12/site-packages/airflow/example_dags/example_display_name.py
[2026-01-07T12:06:32.527+0530] {processor.py:914} INFO - Processing file /home/sneha/spotify_airflow_project/venv/lib/python3.12/site-packages/airflow/example_dags/example_display_name.py for tasks to queue
[2026-01-07T12:06:32.529+0530] {logging_mixin.py:190} INFO - [2026-01-07T12:06:32.528+0530] {dagbag.py:588} INFO - Filling up the DagBag from /home/sneha/spotify_airflow_project/venv/lib/python3.12/site-packages/airflow/example_dags/example_display_name.py
[2026-01-07T12:06:32.534+0530] {processor.py:925} INFO - DAG(s) 'example_display_name' retrieved from /home/sneha/spotify_airflow_project/venv/lib/python3.12/site-packages/airflow/example_dags/example_display_name.py
[2026-01-07T12:06:32.550+0530] {logging_mixin.py:190} INFO - [2026-01-07T12:06:32.550+0530] {dag.py:3239} INFO - Sync 1 DAGs
[2026-01-07T12:06:32.562+0530] {logging_mixin.py:190} INFO - [2026-01-07T12:06:32.562+0530] {dag.py:4180} INFO - Setting next_dagrun for example_display_name to None, run_after=None
[2026-01-07T12:06:32.581+0530] {processor.py:208} INFO - Processing /home/sneha/spotify_airflow_project/venv/lib/python3.12/site-packages/airflow/example_dags/example_display_name.py took 0.068 seconds
[2026-01-07T12:07:27.781+0530] {processor.py:186} INFO - Started process (PID=18268) to work on /home/sneha/spotify_airflow_project/venv/lib/python3.12/site-packages/airflow/example_dags/example_display_name.py
[2026-01-07T12:07:27.783+0530] {processor.py:914} INFO - Processing file /home/sneha/spotify_airflow_project/venv/lib/python3.12/site-packages/airflow/example_dags/example_display_name.py for tasks to queue
[2026-01-07T12:07:27.786+0530] {logging_mixin.py:190} INFO - [2026-01-07T12:07:27.785+0530] {dagbag.py:588} INFO - Filling up the DagBag from /home/sneha/spotify_airflow_project/venv/lib/python3.12/site-packages/airflow/example_dags/example_display_name.py
[2026-01-07T12:07:27.793+0530] {processor.py:925} INFO - DAG(s) 'example_display_name' retrieved from /home/sneha/spotify_airflow_project/venv/lib/python3.12/site-packages/airflow/example_dags/example_display_name.py
[2026-01-07T12:07:27.809+0530] {logging_mixin.py:190} INFO - [2026-01-07T12:07:27.809+0530] {dag.py:3239} INFO - Sync 1 DAGs
[2026-01-07T12:07:27.821+0530] {logging_mixin.py:190} INFO - [2026-01-07T12:07:27.821+0530] {dag.py:4180} INFO - Setting next_dagrun for example_display_name to None, run_after=None
[2026-01-07T12:07:27.839+0530] {processor.py:208} INFO - Processing /home/sneha/spotify_airflow_project/venv/lib/python3.12/site-packages/airflow/example_dags/example_display_name.py took 0.069 seconds
[2026-01-07T12:08:20.414+0530] {processor.py:186} INFO - Started process (PID=18324) to work on /home/sneha/spotify_airflow_project/venv/lib/python3.12/site-packages/airflow/example_dags/example_display_name.py
[2026-01-07T12:08:20.415+0530] {processor.py:914} INFO - Processing file /home/sneha/spotify_airflow_project/venv/lib/python3.12/site-packages/airflow/example_dags/example_display_name.py for tasks to queue
[2026-01-07T12:08:20.416+0530] {logging_mixin.py:190} INFO - [2026-01-07T12:08:20.416+0530] {dagbag.py:588} INFO - Filling up the DagBag from /home/sneha/spotify_airflow_project/venv/lib/python3.12/site-packages/airflow/example_dags/example_display_name.py
[2026-01-07T12:08:20.422+0530] {processor.py:925} INFO - DAG(s) 'example_display_name' retrieved from /home/sneha/spotify_airflow_project/venv/lib/python3.12/site-packages/airflow/example_dags/example_display_name.py
[2026-01-07T12:08:20.439+0530] {logging_mixin.py:190} INFO - [2026-01-07T12:08:20.439+0530] {dag.py:3239} INFO - Sync 1 DAGs
[2026-01-07T12:08:20.451+0530] {logging_mixin.py:190} INFO - [2026-01-07T12:08:20.451+0530] {dag.py:4180} INFO - Setting next_dagrun for example_display_name to None, run_after=None
[2026-01-07T12:08:20.469+0530] {processor.py:208} INFO - Processing /home/sneha/spotify_airflow_project/venv/lib/python3.12/site-packages/airflow/example_dags/example_display_name.py took 0.066 seconds
[2026-01-07T12:09:12.967+0530] {processor.py:186} INFO - Started process (PID=18381) to work on /home/sneha/spotify_airflow_project/venv/lib/python3.12/site-packages/airflow/example_dags/example_display_name.py
[2026-01-07T12:09:12.968+0530] {processor.py:914} INFO - Processing file /home/sneha/spotify_airflow_project/venv/lib/python3.12/site-packages/airflow/example_dags/example_display_name.py for tasks to queue
[2026-01-07T12:09:12.969+0530] {logging_mixin.py:190} INFO - [2026-01-07T12:09:12.969+0530] {dagbag.py:588} INFO - Filling up the DagBag from /home/sneha/spotify_airflow_project/venv/lib/python3.12/site-packages/airflow/example_dags/example_display_name.py
[2026-01-07T12:09:12.975+0530] {processor.py:925} INFO - DAG(s) 'example_display_name' retrieved from /home/sneha/spotify_airflow_project/venv/lib/python3.12/site-packages/airflow/example_dags/example_display_name.py
[2026-01-07T12:09:12.991+0530] {logging_mixin.py:190} INFO - [2026-01-07T12:09:12.990+0530] {dag.py:3239} INFO - Sync 1 DAGs
[2026-01-07T12:09:13.003+0530] {logging_mixin.py:190} INFO - [2026-01-07T12:09:13.003+0530] {dag.py:4180} INFO - Setting next_dagrun for example_display_name to None, run_after=None
[2026-01-07T12:09:13.021+0530] {processor.py:208} INFO - Processing /home/sneha/spotify_airflow_project/venv/lib/python3.12/site-packages/airflow/example_dags/example_display_name.py took 0.061 seconds
[2026-01-07T12:10:04.805+0530] {processor.py:186} INFO - Started process (PID=18477) to work on /home/sneha/spotify_airflow_project/venv/lib/python3.12/site-packages/airflow/example_dags/example_display_name.py
[2026-01-07T12:10:04.806+0530] {processor.py:914} INFO - Processing file /home/sneha/spotify_airflow_project/venv/lib/python3.12/site-packages/airflow/example_dags/example_display_name.py for tasks to queue
[2026-01-07T12:10:04.807+0530] {logging_mixin.py:190} INFO - [2026-01-07T12:10:04.806+0530] {dagbag.py:588} INFO - Filling up the DagBag from /home/sneha/spotify_airflow_project/venv/lib/python3.12/site-packages/airflow/example_dags/example_display_name.py
[2026-01-07T12:10:04.812+0530] {processor.py:925} INFO - DAG(s) 'example_display_name' retrieved from /home/sneha/spotify_airflow_project/venv/lib/python3.12/site-packages/airflow/example_dags/example_display_name.py
[2026-01-07T12:10:04.828+0530] {logging_mixin.py:190} INFO - [2026-01-07T12:10:04.827+0530] {dag.py:3239} INFO - Sync 1 DAGs
[2026-01-07T12:10:04.840+0530] {logging_mixin.py:190} INFO - [2026-01-07T12:10:04.840+0530] {dag.py:4180} INFO - Setting next_dagrun for example_display_name to None, run_after=None
[2026-01-07T12:10:04.858+0530] {processor.py:208} INFO - Processing /home/sneha/spotify_airflow_project/venv/lib/python3.12/site-packages/airflow/example_dags/example_display_name.py took 0.061 seconds
[2026-01-07T12:10:58.850+0530] {processor.py:186} INFO - Started process (PID=18555) to work on /home/sneha/spotify_airflow_project/venv/lib/python3.12/site-packages/airflow/example_dags/example_display_name.py
[2026-01-07T12:10:58.861+0530] {processor.py:914} INFO - Processing file /home/sneha/spotify_airflow_project/venv/lib/python3.12/site-packages/airflow/example_dags/example_display_name.py for tasks to queue
[2026-01-07T12:10:58.863+0530] {logging_mixin.py:190} INFO - [2026-01-07T12:10:58.863+0530] {dagbag.py:588} INFO - Filling up the DagBag from /home/sneha/spotify_airflow_project/venv/lib/python3.12/site-packages/airflow/example_dags/example_display_name.py
[2026-01-07T12:10:58.871+0530] {processor.py:925} INFO - DAG(s) 'example_display_name' retrieved from /home/sneha/spotify_airflow_project/venv/lib/python3.12/site-packages/airflow/example_dags/example_display_name.py
[2026-01-07T12:10:58.887+0530] {logging_mixin.py:190} INFO - [2026-01-07T12:10:58.886+0530] {dag.py:3239} INFO - Sync 1 DAGs
[2026-01-07T12:10:58.898+0530] {logging_mixin.py:190} INFO - [2026-01-07T12:10:58.898+0530] {dag.py:4180} INFO - Setting next_dagrun for example_display_name to None, run_after=None
[2026-01-07T12:10:58.918+0530] {processor.py:208} INFO - Processing /home/sneha/spotify_airflow_project/venv/lib/python3.12/site-packages/airflow/example_dags/example_display_name.py took 0.080 seconds
[2026-01-07T12:11:50.305+0530] {processor.py:186} INFO - Started process (PID=18611) to work on /home/sneha/spotify_airflow_project/venv/lib/python3.12/site-packages/airflow/example_dags/example_display_name.py
[2026-01-07T12:11:50.307+0530] {processor.py:914} INFO - Processing file /home/sneha/spotify_airflow_project/venv/lib/python3.12/site-packages/airflow/example_dags/example_display_name.py for tasks to queue
[2026-01-07T12:11:50.308+0530] {logging_mixin.py:190} INFO - [2026-01-07T12:11:50.308+0530] {dagbag.py:588} INFO - Filling up the DagBag from /home/sneha/spotify_airflow_project/venv/lib/python3.12/site-packages/airflow/example_dags/example_display_name.py
[2026-01-07T12:11:50.314+0530] {processor.py:925} INFO - DAG(s) 'example_display_name' retrieved from /home/sneha/spotify_airflow_project/venv/lib/python3.12/site-packages/airflow/example_dags/example_display_name.py
[2026-01-07T12:11:50.329+0530] {logging_mixin.py:190} INFO - [2026-01-07T12:11:50.329+0530] {dag.py:3239} INFO - Sync 1 DAGs
[2026-01-07T12:11:50.341+0530] {logging_mixin.py:190} INFO - [2026-01-07T12:11:50.341+0530] {dag.py:4180} INFO - Setting next_dagrun for example_display_name to None, run_after=None
[2026-01-07T12:11:50.360+0530] {processor.py:208} INFO - Processing /home/sneha/spotify_airflow_project/venv/lib/python3.12/site-packages/airflow/example_dags/example_display_name.py took 0.067 seconds
[2026-01-07T12:12:43.521+0530] {processor.py:186} INFO - Started process (PID=18669) to work on /home/sneha/spotify_airflow_project/venv/lib/python3.12/site-packages/airflow/example_dags/example_display_name.py
[2026-01-07T12:12:43.522+0530] {processor.py:914} INFO - Processing file /home/sneha/spotify_airflow_project/venv/lib/python3.12/site-packages/airflow/example_dags/example_display_name.py for tasks to queue
[2026-01-07T12:12:43.523+0530] {logging_mixin.py:190} INFO - [2026-01-07T12:12:43.523+0530] {dagbag.py:588} INFO - Filling up the DagBag from /home/sneha/spotify_airflow_project/venv/lib/python3.12/site-packages/airflow/example_dags/example_display_name.py
[2026-01-07T12:12:43.529+0530] {processor.py:925} INFO - DAG(s) 'example_display_name' retrieved from /home/sneha/spotify_airflow_project/venv/lib/python3.12/site-packages/airflow/example_dags/example_display_name.py
[2026-01-07T12:12:43.545+0530] {logging_mixin.py:190} INFO - [2026-01-07T12:12:43.544+0530] {dag.py:3239} INFO - Sync 1 DAGs
[2026-01-07T12:12:43.556+0530] {logging_mixin.py:190} INFO - [2026-01-07T12:12:43.556+0530] {dag.py:4180} INFO - Setting next_dagrun for example_display_name to None, run_after=None
[2026-01-07T12:12:43.577+0530] {processor.py:208} INFO - Processing /home/sneha/spotify_airflow_project/venv/lib/python3.12/site-packages/airflow/example_dags/example_display_name.py took 0.067 seconds
[2026-01-07T12:13:36.698+0530] {processor.py:186} INFO - Started process (PID=18733) to work on /home/sneha/spotify_airflow_project/venv/lib/python3.12/site-packages/airflow/example_dags/example_display_name.py
[2026-01-07T12:13:36.709+0530] {processor.py:914} INFO - Processing file /home/sneha/spotify_airflow_project/venv/lib/python3.12/site-packages/airflow/example_dags/example_display_name.py for tasks to queue
[2026-01-07T12:13:36.711+0530] {logging_mixin.py:190} INFO - [2026-01-07T12:13:36.710+0530] {dagbag.py:588} INFO - Filling up the DagBag from /home/sneha/spotify_airflow_project/venv/lib/python3.12/site-packages/airflow/example_dags/example_display_name.py
[2026-01-07T12:13:36.718+0530] {processor.py:925} INFO - DAG(s) 'example_display_name' retrieved from /home/sneha/spotify_airflow_project/venv/lib/python3.12/site-packages/airflow/example_dags/example_display_name.py
[2026-01-07T12:13:36.734+0530] {logging_mixin.py:190} INFO - [2026-01-07T12:13:36.734+0530] {dag.py:3239} INFO - Sync 1 DAGs
[2026-01-07T12:13:36.745+0530] {logging_mixin.py:190} INFO - [2026-01-07T12:13:36.745+0530] {dag.py:4180} INFO - Setting next_dagrun for example_display_name to None, run_after=None
[2026-01-07T12:13:36.765+0530] {processor.py:208} INFO - Processing /home/sneha/spotify_airflow_project/venv/lib/python3.12/site-packages/airflow/example_dags/example_display_name.py took 0.078 seconds
[2026-01-07T12:14:32.312+0530] {processor.py:186} INFO - Started process (PID=18899) to work on /home/sneha/spotify_airflow_project/venv/lib/python3.12/site-packages/airflow/example_dags/example_display_name.py
[2026-01-07T12:14:32.324+0530] {processor.py:914} INFO - Processing file /home/sneha/spotify_airflow_project/venv/lib/python3.12/site-packages/airflow/example_dags/example_display_name.py for tasks to queue
[2026-01-07T12:14:32.325+0530] {logging_mixin.py:190} INFO - [2026-01-07T12:14:32.325+0530] {dagbag.py:588} INFO - Filling up the DagBag from /home/sneha/spotify_airflow_project/venv/lib/python3.12/site-packages/airflow/example_dags/example_display_name.py
[2026-01-07T12:14:32.332+0530] {processor.py:925} INFO - DAG(s) 'example_display_name' retrieved from /home/sneha/spotify_airflow_project/venv/lib/python3.12/site-packages/airflow/example_dags/example_display_name.py
[2026-01-07T12:14:32.349+0530] {logging_mixin.py:190} INFO - [2026-01-07T12:14:32.349+0530] {dag.py:3239} INFO - Sync 1 DAGs
[2026-01-07T12:14:32.361+0530] {logging_mixin.py:190} INFO - [2026-01-07T12:14:32.361+0530] {dag.py:4180} INFO - Setting next_dagrun for example_display_name to None, run_after=None
[2026-01-07T12:14:32.379+0530] {processor.py:208} INFO - Processing /home/sneha/spotify_airflow_project/venv/lib/python3.12/site-packages/airflow/example_dags/example_display_name.py took 0.079 seconds
[2026-01-07T12:15:24.929+0530] {processor.py:186} INFO - Started process (PID=18961) to work on /home/sneha/spotify_airflow_project/venv/lib/python3.12/site-packages/airflow/example_dags/example_display_name.py
[2026-01-07T12:15:24.930+0530] {processor.py:914} INFO - Processing file /home/sneha/spotify_airflow_project/venv/lib/python3.12/site-packages/airflow/example_dags/example_display_name.py for tasks to queue
[2026-01-07T12:15:24.931+0530] {logging_mixin.py:190} INFO - [2026-01-07T12:15:24.931+0530] {dagbag.py:588} INFO - Filling up the DagBag from /home/sneha/spotify_airflow_project/venv/lib/python3.12/site-packages/airflow/example_dags/example_display_name.py
[2026-01-07T12:15:24.937+0530] {processor.py:925} INFO - DAG(s) 'example_display_name' retrieved from /home/sneha/spotify_airflow_project/venv/lib/python3.12/site-packages/airflow/example_dags/example_display_name.py
[2026-01-07T12:15:24.954+0530] {logging_mixin.py:190} INFO - [2026-01-07T12:15:24.954+0530] {dag.py:3239} INFO - Sync 1 DAGs
[2026-01-07T12:15:24.967+0530] {logging_mixin.py:190} INFO - [2026-01-07T12:15:24.966+0530] {dag.py:4180} INFO - Setting next_dagrun for example_display_name to None, run_after=None
[2026-01-07T12:15:24.985+0530] {processor.py:208} INFO - Processing /home/sneha/spotify_airflow_project/venv/lib/python3.12/site-packages/airflow/example_dags/example_display_name.py took 0.067 seconds
[2026-01-07T12:16:19.666+0530] {processor.py:186} INFO - Started process (PID=19039) to work on /home/sneha/spotify_airflow_project/venv/lib/python3.12/site-packages/airflow/example_dags/example_display_name.py
[2026-01-07T12:16:19.667+0530] {processor.py:914} INFO - Processing file /home/sneha/spotify_airflow_project/venv/lib/python3.12/site-packages/airflow/example_dags/example_display_name.py for tasks to queue
[2026-01-07T12:16:19.668+0530] {logging_mixin.py:190} INFO - [2026-01-07T12:16:19.668+0530] {dagbag.py:588} INFO - Filling up the DagBag from /home/sneha/spotify_airflow_project/venv/lib/python3.12/site-packages/airflow/example_dags/example_display_name.py
[2026-01-07T12:16:19.675+0530] {processor.py:925} INFO - DAG(s) 'example_display_name' retrieved from /home/sneha/spotify_airflow_project/venv/lib/python3.12/site-packages/airflow/example_dags/example_display_name.py
[2026-01-07T12:16:19.691+0530] {logging_mixin.py:190} INFO - [2026-01-07T12:16:19.690+0530] {dag.py:3239} INFO - Sync 1 DAGs
[2026-01-07T12:16:19.702+0530] {logging_mixin.py:190} INFO - [2026-01-07T12:16:19.702+0530] {dag.py:4180} INFO - Setting next_dagrun for example_display_name to None, run_after=None
[2026-01-07T12:16:19.721+0530] {processor.py:208} INFO - Processing /home/sneha/spotify_airflow_project/venv/lib/python3.12/site-packages/airflow/example_dags/example_display_name.py took 0.068 seconds
[2026-01-07T12:17:15.728+0530] {processor.py:186} INFO - Started process (PID=19100) to work on /home/sneha/spotify_airflow_project/venv/lib/python3.12/site-packages/airflow/example_dags/example_display_name.py
[2026-01-07T12:17:15.729+0530] {processor.py:914} INFO - Processing file /home/sneha/spotify_airflow_project/venv/lib/python3.12/site-packages/airflow/example_dags/example_display_name.py for tasks to queue
[2026-01-07T12:17:15.730+0530] {logging_mixin.py:190} INFO - [2026-01-07T12:17:15.730+0530] {dagbag.py:588} INFO - Filling up the DagBag from /home/sneha/spotify_airflow_project/venv/lib/python3.12/site-packages/airflow/example_dags/example_display_name.py
[2026-01-07T12:17:15.736+0530] {processor.py:925} INFO - DAG(s) 'example_display_name' retrieved from /home/sneha/spotify_airflow_project/venv/lib/python3.12/site-packages/airflow/example_dags/example_display_name.py
[2026-01-07T12:17:15.753+0530] {logging_mixin.py:190} INFO - [2026-01-07T12:17:15.753+0530] {dag.py:3239} INFO - Sync 1 DAGs
[2026-01-07T12:17:15.766+0530] {logging_mixin.py:190} INFO - [2026-01-07T12:17:15.766+0530] {dag.py:4180} INFO - Setting next_dagrun for example_display_name to None, run_after=None
[2026-01-07T12:17:15.788+0530] {processor.py:208} INFO - Processing /home/sneha/spotify_airflow_project/venv/lib/python3.12/site-packages/airflow/example_dags/example_display_name.py took 0.069 seconds
[2026-01-07T12:18:11.436+0530] {processor.py:186} INFO - Started process (PID=19158) to work on /home/sneha/spotify_airflow_project/venv/lib/python3.12/site-packages/airflow/example_dags/example_display_name.py
[2026-01-07T12:18:11.437+0530] {processor.py:914} INFO - Processing file /home/sneha/spotify_airflow_project/venv/lib/python3.12/site-packages/airflow/example_dags/example_display_name.py for tasks to queue
[2026-01-07T12:18:11.439+0530] {logging_mixin.py:190} INFO - [2026-01-07T12:18:11.438+0530] {dagbag.py:588} INFO - Filling up the DagBag from /home/sneha/spotify_airflow_project/venv/lib/python3.12/site-packages/airflow/example_dags/example_display_name.py
[2026-01-07T12:18:11.445+0530] {processor.py:925} INFO - DAG(s) 'example_display_name' retrieved from /home/sneha/spotify_airflow_project/venv/lib/python3.12/site-packages/airflow/example_dags/example_display_name.py
[2026-01-07T12:18:11.461+0530] {logging_mixin.py:190} INFO - [2026-01-07T12:18:11.460+0530] {dag.py:3239} INFO - Sync 1 DAGs
[2026-01-07T12:18:11.473+0530] {logging_mixin.py:190} INFO - [2026-01-07T12:18:11.473+0530] {dag.py:4180} INFO - Setting next_dagrun for example_display_name to None, run_after=None
[2026-01-07T12:18:11.493+0530] {processor.py:208} INFO - Processing /home/sneha/spotify_airflow_project/venv/lib/python3.12/site-packages/airflow/example_dags/example_display_name.py took 0.068 seconds
[2026-01-07T12:19:08.083+0530] {processor.py:186} INFO - Started process (PID=19273) to work on /home/sneha/spotify_airflow_project/venv/lib/python3.12/site-packages/airflow/example_dags/example_display_name.py
[2026-01-07T12:19:08.084+0530] {processor.py:914} INFO - Processing file /home/sneha/spotify_airflow_project/venv/lib/python3.12/site-packages/airflow/example_dags/example_display_name.py for tasks to queue
[2026-01-07T12:19:08.086+0530] {logging_mixin.py:190} INFO - [2026-01-07T12:19:08.086+0530] {dagbag.py:588} INFO - Filling up the DagBag from /home/sneha/spotify_airflow_project/venv/lib/python3.12/site-packages/airflow/example_dags/example_display_name.py
[2026-01-07T12:19:08.097+0530] {processor.py:925} INFO - DAG(s) 'example_display_name' retrieved from /home/sneha/spotify_airflow_project/venv/lib/python3.12/site-packages/airflow/example_dags/example_display_name.py
[2026-01-07T12:19:08.121+0530] {logging_mixin.py:190} INFO - [2026-01-07T12:19:08.120+0530] {dag.py:3239} INFO - Sync 1 DAGs
[2026-01-07T12:19:08.133+0530] {logging_mixin.py:190} INFO - [2026-01-07T12:19:08.132+0530] {dag.py:4180} INFO - Setting next_dagrun for example_display_name to None, run_after=None
[2026-01-07T12:19:08.152+0530] {processor.py:208} INFO - Processing /home/sneha/spotify_airflow_project/venv/lib/python3.12/site-packages/airflow/example_dags/example_display_name.py took 0.077 seconds
[2026-01-07T12:20:05.022+0530] {processor.py:186} INFO - Started process (PID=19386) to work on /home/sneha/spotify_airflow_project/venv/lib/python3.12/site-packages/airflow/example_dags/example_display_name.py
[2026-01-07T12:20:05.024+0530] {processor.py:914} INFO - Processing file /home/sneha/spotify_airflow_project/venv/lib/python3.12/site-packages/airflow/example_dags/example_display_name.py for tasks to queue
[2026-01-07T12:20:05.026+0530] {logging_mixin.py:190} INFO - [2026-01-07T12:20:05.025+0530] {dagbag.py:588} INFO - Filling up the DagBag from /home/sneha/spotify_airflow_project/venv/lib/python3.12/site-packages/airflow/example_dags/example_display_name.py
[2026-01-07T12:20:05.032+0530] {processor.py:925} INFO - DAG(s) 'example_display_name' retrieved from /home/sneha/spotify_airflow_project/venv/lib/python3.12/site-packages/airflow/example_dags/example_display_name.py
[2026-01-07T12:20:05.050+0530] {logging_mixin.py:190} INFO - [2026-01-07T12:20:05.050+0530] {dag.py:3239} INFO - Sync 1 DAGs
[2026-01-07T12:20:05.062+0530] {logging_mixin.py:190} INFO - [2026-01-07T12:20:05.062+0530] {dag.py:4180} INFO - Setting next_dagrun for example_display_name to None, run_after=None
[2026-01-07T12:20:05.083+0530] {processor.py:208} INFO - Processing /home/sneha/spotify_airflow_project/venv/lib/python3.12/site-packages/airflow/example_dags/example_display_name.py took 0.075 seconds
