[2026-01-07T11:47:15.684+0530] {processor.py:186} INFO - Started process (PID=7317) to work on /home/sneha/spotify_astro_project/venv/lib/python3.12/site-packages/airflow/example_dags/example_short_circuit_decorator.py
[2026-01-07T11:47:15.685+0530] {processor.py:914} INFO - Processing file /home/sneha/spotify_astro_project/venv/lib/python3.12/site-packages/airflow/example_dags/example_short_circuit_decorator.py for tasks to queue
[2026-01-07T11:47:15.687+0530] {logging_mixin.py:190} INFO - [2026-01-07T11:47:15.686+0530] {dagbag.py:588} INFO - Filling up the DagBag from /home/sneha/spotify_astro_project/venv/lib/python3.12/site-packages/airflow/example_dags/example_short_circuit_decorator.py
[2026-01-07T11:47:15.695+0530] {processor.py:925} INFO - DAG(s) 'example_short_circuit_decorator' retrieved from /home/sneha/spotify_astro_project/venv/lib/python3.12/site-packages/airflow/example_dags/example_short_circuit_decorator.py
[2026-01-07T11:47:15.824+0530] {logging_mixin.py:190} INFO - [2026-01-07T11:47:15.823+0530] {dag.py:3239} INFO - Sync 1 DAGs
[2026-01-07T11:47:15.834+0530] {logging_mixin.py:190} INFO - [2026-01-07T11:47:15.834+0530] {dag.py:4180} INFO - Setting next_dagrun for example_short_circuit_decorator to None, run_after=None
[2026-01-07T11:47:15.855+0530] {processor.py:208} INFO - Processing /home/sneha/spotify_astro_project/venv/lib/python3.12/site-packages/airflow/example_dags/example_short_circuit_decorator.py took 0.179 seconds
[2026-01-07T11:48:20.062+0530] {processor.py:186} INFO - Started process (PID=7771) to work on /home/sneha/spotify_astro_project/venv/lib/python3.12/site-packages/airflow/example_dags/example_short_circuit_decorator.py
[2026-01-07T11:48:20.063+0530] {processor.py:914} INFO - Processing file /home/sneha/spotify_astro_project/venv/lib/python3.12/site-packages/airflow/example_dags/example_short_circuit_decorator.py for tasks to queue
[2026-01-07T11:48:20.065+0530] {logging_mixin.py:190} INFO - [2026-01-07T11:48:20.064+0530] {dagbag.py:588} INFO - Filling up the DagBag from /home/sneha/spotify_astro_project/venv/lib/python3.12/site-packages/airflow/example_dags/example_short_circuit_decorator.py
[2026-01-07T11:48:20.073+0530] {processor.py:925} INFO - DAG(s) 'example_short_circuit_decorator' retrieved from /home/sneha/spotify_astro_project/venv/lib/python3.12/site-packages/airflow/example_dags/example_short_circuit_decorator.py
[2026-01-07T11:48:20.094+0530] {logging_mixin.py:190} INFO - [2026-01-07T11:48:20.093+0530] {dag.py:3239} INFO - Sync 1 DAGs
[2026-01-07T11:48:20.107+0530] {logging_mixin.py:190} INFO - [2026-01-07T11:48:20.106+0530] {dag.py:4180} INFO - Setting next_dagrun for example_short_circuit_decorator to None, run_after=None
[2026-01-07T11:48:20.129+0530] {processor.py:208} INFO - Processing /home/sneha/spotify_astro_project/venv/lib/python3.12/site-packages/airflow/example_dags/example_short_circuit_decorator.py took 0.074 seconds
[2026-01-07T11:49:20.729+0530] {processor.py:186} INFO - Started process (PID=8192) to work on /home/sneha/spotify_astro_project/venv/lib/python3.12/site-packages/airflow/example_dags/example_short_circuit_decorator.py
[2026-01-07T11:49:20.730+0530] {processor.py:914} INFO - Processing file /home/sneha/spotify_astro_project/venv/lib/python3.12/site-packages/airflow/example_dags/example_short_circuit_decorator.py for tasks to queue
[2026-01-07T11:49:20.732+0530] {logging_mixin.py:190} INFO - [2026-01-07T11:49:20.732+0530] {dagbag.py:588} INFO - Filling up the DagBag from /home/sneha/spotify_astro_project/venv/lib/python3.12/site-packages/airflow/example_dags/example_short_circuit_decorator.py
[2026-01-07T11:49:20.740+0530] {processor.py:925} INFO - DAG(s) 'example_short_circuit_decorator' retrieved from /home/sneha/spotify_astro_project/venv/lib/python3.12/site-packages/airflow/example_dags/example_short_circuit_decorator.py
[2026-01-07T11:49:20.759+0530] {logging_mixin.py:190} INFO - [2026-01-07T11:49:20.759+0530] {dag.py:3239} INFO - Sync 1 DAGs
[2026-01-07T11:49:20.770+0530] {logging_mixin.py:190} INFO - [2026-01-07T11:49:20.770+0530] {dag.py:4180} INFO - Setting next_dagrun for example_short_circuit_decorator to None, run_after=None
[2026-01-07T11:49:20.787+0530] {processor.py:208} INFO - Processing /home/sneha/spotify_astro_project/venv/lib/python3.12/site-packages/airflow/example_dags/example_short_circuit_decorator.py took 0.066 seconds
[2026-01-07T11:50:33.757+0530] {processor.py:186} INFO - Started process (PID=8792) to work on /home/sneha/spotify_astro_project/venv/lib/python3.12/site-packages/airflow/example_dags/example_short_circuit_decorator.py
[2026-01-07T11:50:33.758+0530] {processor.py:914} INFO - Processing file /home/sneha/spotify_astro_project/venv/lib/python3.12/site-packages/airflow/example_dags/example_short_circuit_decorator.py for tasks to queue
[2026-01-07T11:50:33.761+0530] {logging_mixin.py:190} INFO - [2026-01-07T11:50:33.760+0530] {dagbag.py:588} INFO - Filling up the DagBag from /home/sneha/spotify_astro_project/venv/lib/python3.12/site-packages/airflow/example_dags/example_short_circuit_decorator.py
[2026-01-07T11:50:33.777+0530] {processor.py:925} INFO - DAG(s) 'example_short_circuit_decorator' retrieved from /home/sneha/spotify_astro_project/venv/lib/python3.12/site-packages/airflow/example_dags/example_short_circuit_decorator.py
[2026-01-07T11:50:33.815+0530] {logging_mixin.py:190} INFO - [2026-01-07T11:50:33.815+0530] {dag.py:3239} INFO - Sync 1 DAGs
[2026-01-07T11:50:33.839+0530] {logging_mixin.py:190} INFO - [2026-01-07T11:50:33.838+0530] {dag.py:4180} INFO - Setting next_dagrun for example_short_circuit_decorator to None, run_after=None
[2026-01-07T11:50:33.867+0530] {processor.py:208} INFO - Processing /home/sneha/spotify_astro_project/venv/lib/python3.12/site-packages/airflow/example_dags/example_short_circuit_decorator.py took 0.124 seconds
[2026-01-07T11:57:27.642+0530] {processor.py:186} INFO - Started process (PID=17024) to work on /home/sneha/spotify_airflow_project/venv/lib/python3.12/site-packages/airflow/example_dags/example_short_circuit_decorator.py
[2026-01-07T11:57:27.644+0530] {processor.py:914} INFO - Processing file /home/sneha/spotify_airflow_project/venv/lib/python3.12/site-packages/airflow/example_dags/example_short_circuit_decorator.py for tasks to queue
[2026-01-07T11:57:27.646+0530] {logging_mixin.py:190} INFO - [2026-01-07T11:57:27.645+0530] {dagbag.py:588} INFO - Filling up the DagBag from /home/sneha/spotify_airflow_project/venv/lib/python3.12/site-packages/airflow/example_dags/example_short_circuit_decorator.py
[2026-01-07T11:57:27.653+0530] {processor.py:925} INFO - DAG(s) 'example_short_circuit_decorator' retrieved from /home/sneha/spotify_airflow_project/venv/lib/python3.12/site-packages/airflow/example_dags/example_short_circuit_decorator.py
[2026-01-07T11:57:27.759+0530] {logging_mixin.py:190} INFO - [2026-01-07T11:57:27.759+0530] {dag.py:3239} INFO - Sync 1 DAGs
[2026-01-07T11:57:27.771+0530] {logging_mixin.py:190} INFO - [2026-01-07T11:57:27.770+0530] {dag.py:4180} INFO - Setting next_dagrun for example_short_circuit_decorator to None, run_after=None
[2026-01-07T11:57:27.790+0530] {processor.py:208} INFO - Processing /home/sneha/spotify_airflow_project/venv/lib/python3.12/site-packages/airflow/example_dags/example_short_circuit_decorator.py took 0.160 seconds
[2026-01-07T11:58:29.015+0530] {processor.py:186} INFO - Started process (PID=17210) to work on /home/sneha/spotify_airflow_project/venv/lib/python3.12/site-packages/airflow/example_dags/example_short_circuit_decorator.py
[2026-01-07T11:58:29.016+0530] {processor.py:914} INFO - Processing file /home/sneha/spotify_airflow_project/venv/lib/python3.12/site-packages/airflow/example_dags/example_short_circuit_decorator.py for tasks to queue
[2026-01-07T11:58:29.017+0530] {logging_mixin.py:190} INFO - [2026-01-07T11:58:29.017+0530] {dagbag.py:588} INFO - Filling up the DagBag from /home/sneha/spotify_airflow_project/venv/lib/python3.12/site-packages/airflow/example_dags/example_short_circuit_decorator.py
[2026-01-07T11:58:29.024+0530] {processor.py:925} INFO - DAG(s) 'example_short_circuit_decorator' retrieved from /home/sneha/spotify_airflow_project/venv/lib/python3.12/site-packages/airflow/example_dags/example_short_circuit_decorator.py
[2026-01-07T11:58:29.045+0530] {logging_mixin.py:190} INFO - [2026-01-07T11:58:29.045+0530] {dag.py:3239} INFO - Sync 1 DAGs
[2026-01-07T11:58:29.056+0530] {logging_mixin.py:190} INFO - [2026-01-07T11:58:29.056+0530] {dag.py:4180} INFO - Setting next_dagrun for example_short_circuit_decorator to None, run_after=None
[2026-01-07T11:58:29.074+0530] {processor.py:208} INFO - Processing /home/sneha/spotify_airflow_project/venv/lib/python3.12/site-packages/airflow/example_dags/example_short_circuit_decorator.py took 0.069 seconds
[2026-01-07T11:59:24.930+0530] {processor.py:186} INFO - Started process (PID=17271) to work on /home/sneha/spotify_airflow_project/venv/lib/python3.12/site-packages/airflow/example_dags/example_short_circuit_decorator.py
[2026-01-07T11:59:24.931+0530] {processor.py:914} INFO - Processing file /home/sneha/spotify_airflow_project/venv/lib/python3.12/site-packages/airflow/example_dags/example_short_circuit_decorator.py for tasks to queue
[2026-01-07T11:59:24.933+0530] {logging_mixin.py:190} INFO - [2026-01-07T11:59:24.933+0530] {dagbag.py:588} INFO - Filling up the DagBag from /home/sneha/spotify_airflow_project/venv/lib/python3.12/site-packages/airflow/example_dags/example_short_circuit_decorator.py
[2026-01-07T11:59:24.942+0530] {processor.py:925} INFO - DAG(s) 'example_short_circuit_decorator' retrieved from /home/sneha/spotify_airflow_project/venv/lib/python3.12/site-packages/airflow/example_dags/example_short_circuit_decorator.py
[2026-01-07T11:59:24.961+0530] {logging_mixin.py:190} INFO - [2026-01-07T11:59:24.961+0530] {dag.py:3239} INFO - Sync 1 DAGs
[2026-01-07T11:59:24.972+0530] {logging_mixin.py:190} INFO - [2026-01-07T11:59:24.972+0530] {dag.py:4180} INFO - Setting next_dagrun for example_short_circuit_decorator to None, run_after=None
[2026-01-07T11:59:24.990+0530] {processor.py:208} INFO - Processing /home/sneha/spotify_airflow_project/venv/lib/python3.12/site-packages/airflow/example_dags/example_short_circuit_decorator.py took 0.072 seconds
[2026-01-07T12:00:21.092+0530] {processor.py:186} INFO - Started process (PID=17387) to work on /home/sneha/spotify_airflow_project/venv/lib/python3.12/site-packages/airflow/example_dags/example_short_circuit_decorator.py
[2026-01-07T12:00:21.093+0530] {processor.py:914} INFO - Processing file /home/sneha/spotify_airflow_project/venv/lib/python3.12/site-packages/airflow/example_dags/example_short_circuit_decorator.py for tasks to queue
[2026-01-07T12:00:21.095+0530] {logging_mixin.py:190} INFO - [2026-01-07T12:00:21.094+0530] {dagbag.py:588} INFO - Filling up the DagBag from /home/sneha/spotify_airflow_project/venv/lib/python3.12/site-packages/airflow/example_dags/example_short_circuit_decorator.py
[2026-01-07T12:00:21.103+0530] {processor.py:925} INFO - DAG(s) 'example_short_circuit_decorator' retrieved from /home/sneha/spotify_airflow_project/venv/lib/python3.12/site-packages/airflow/example_dags/example_short_circuit_decorator.py
[2026-01-07T12:00:21.122+0530] {logging_mixin.py:190} INFO - [2026-01-07T12:00:21.122+0530] {dag.py:3239} INFO - Sync 1 DAGs
[2026-01-07T12:00:21.267+0530] {logging_mixin.py:190} INFO - [2026-01-07T12:00:21.267+0530] {dag.py:4180} INFO - Setting next_dagrun for example_short_circuit_decorator to None, run_after=None
[2026-01-07T12:00:21.282+0530] {processor.py:208} INFO - Processing /home/sneha/spotify_airflow_project/venv/lib/python3.12/site-packages/airflow/example_dags/example_short_circuit_decorator.py took 0.203 seconds
[2026-01-07T12:01:25.451+0530] {processor.py:186} INFO - Started process (PID=17492) to work on /home/sneha/spotify_airflow_project/venv/lib/python3.12/site-packages/airflow/example_dags/example_short_circuit_decorator.py
[2026-01-07T12:01:25.452+0530] {processor.py:914} INFO - Processing file /home/sneha/spotify_airflow_project/venv/lib/python3.12/site-packages/airflow/example_dags/example_short_circuit_decorator.py for tasks to queue
[2026-01-07T12:01:25.454+0530] {logging_mixin.py:190} INFO - [2026-01-07T12:01:25.453+0530] {dagbag.py:588} INFO - Filling up the DagBag from /home/sneha/spotify_airflow_project/venv/lib/python3.12/site-packages/airflow/example_dags/example_short_circuit_decorator.py
[2026-01-07T12:01:25.464+0530] {processor.py:925} INFO - DAG(s) 'example_short_circuit_decorator' retrieved from /home/sneha/spotify_airflow_project/venv/lib/python3.12/site-packages/airflow/example_dags/example_short_circuit_decorator.py
[2026-01-07T12:01:25.489+0530] {logging_mixin.py:190} INFO - [2026-01-07T12:01:25.489+0530] {dag.py:3239} INFO - Sync 1 DAGs
[2026-01-07T12:01:25.504+0530] {logging_mixin.py:190} INFO - [2026-01-07T12:01:25.503+0530] {dag.py:4180} INFO - Setting next_dagrun for example_short_circuit_decorator to None, run_after=None
[2026-01-07T12:01:25.525+0530] {processor.py:208} INFO - Processing /home/sneha/spotify_airflow_project/venv/lib/python3.12/site-packages/airflow/example_dags/example_short_circuit_decorator.py took 0.088 seconds
[2026-01-07T12:02:23.281+0530] {processor.py:186} INFO - Started process (PID=17657) to work on /home/sneha/spotify_airflow_project/venv/lib/python3.12/site-packages/airflow/example_dags/example_short_circuit_decorator.py
[2026-01-07T12:02:23.282+0530] {processor.py:914} INFO - Processing file /home/sneha/spotify_airflow_project/venv/lib/python3.12/site-packages/airflow/example_dags/example_short_circuit_decorator.py for tasks to queue
[2026-01-07T12:02:23.283+0530] {logging_mixin.py:190} INFO - [2026-01-07T12:02:23.283+0530] {dagbag.py:588} INFO - Filling up the DagBag from /home/sneha/spotify_airflow_project/venv/lib/python3.12/site-packages/airflow/example_dags/example_short_circuit_decorator.py
[2026-01-07T12:02:23.292+0530] {processor.py:925} INFO - DAG(s) 'example_short_circuit_decorator' retrieved from /home/sneha/spotify_airflow_project/venv/lib/python3.12/site-packages/airflow/example_dags/example_short_circuit_decorator.py
[2026-01-07T12:02:23.312+0530] {logging_mixin.py:190} INFO - [2026-01-07T12:02:23.312+0530] {dag.py:3239} INFO - Sync 1 DAGs
[2026-01-07T12:02:23.324+0530] {logging_mixin.py:190} INFO - [2026-01-07T12:02:23.324+0530] {dag.py:4180} INFO - Setting next_dagrun for example_short_circuit_decorator to None, run_after=None
[2026-01-07T12:02:23.341+0530] {processor.py:208} INFO - Processing /home/sneha/spotify_airflow_project/venv/lib/python3.12/site-packages/airflow/example_dags/example_short_circuit_decorator.py took 0.069 seconds
[2026-01-07T12:03:22.180+0530] {processor.py:186} INFO - Started process (PID=17717) to work on /home/sneha/spotify_airflow_project/venv/lib/python3.12/site-packages/airflow/example_dags/example_short_circuit_decorator.py
[2026-01-07T12:03:22.181+0530] {processor.py:914} INFO - Processing file /home/sneha/spotify_airflow_project/venv/lib/python3.12/site-packages/airflow/example_dags/example_short_circuit_decorator.py for tasks to queue
[2026-01-07T12:03:22.182+0530] {logging_mixin.py:190} INFO - [2026-01-07T12:03:22.182+0530] {dagbag.py:588} INFO - Filling up the DagBag from /home/sneha/spotify_airflow_project/venv/lib/python3.12/site-packages/airflow/example_dags/example_short_circuit_decorator.py
[2026-01-07T12:03:22.190+0530] {processor.py:925} INFO - DAG(s) 'example_short_circuit_decorator' retrieved from /home/sneha/spotify_airflow_project/venv/lib/python3.12/site-packages/airflow/example_dags/example_short_circuit_decorator.py
[2026-01-07T12:03:22.211+0530] {logging_mixin.py:190} INFO - [2026-01-07T12:03:22.211+0530] {dag.py:3239} INFO - Sync 1 DAGs
[2026-01-07T12:03:22.224+0530] {logging_mixin.py:190} INFO - [2026-01-07T12:03:22.223+0530] {dag.py:4180} INFO - Setting next_dagrun for example_short_circuit_decorator to None, run_after=None
[2026-01-07T12:03:22.241+0530] {processor.py:208} INFO - Processing /home/sneha/spotify_airflow_project/venv/lib/python3.12/site-packages/airflow/example_dags/example_short_circuit_decorator.py took 0.071 seconds
[2026-01-07T12:04:19.862+0530] {processor.py:186} INFO - Started process (PID=18010) to work on /home/sneha/spotify_airflow_project/venv/lib/python3.12/site-packages/airflow/example_dags/example_short_circuit_decorator.py
[2026-01-07T12:04:19.865+0530] {processor.py:914} INFO - Processing file /home/sneha/spotify_airflow_project/venv/lib/python3.12/site-packages/airflow/example_dags/example_short_circuit_decorator.py for tasks to queue
[2026-01-07T12:04:19.867+0530] {logging_mixin.py:190} INFO - [2026-01-07T12:04:19.866+0530] {dagbag.py:588} INFO - Filling up the DagBag from /home/sneha/spotify_airflow_project/venv/lib/python3.12/site-packages/airflow/example_dags/example_short_circuit_decorator.py
[2026-01-07T12:04:19.874+0530] {processor.py:925} INFO - DAG(s) 'example_short_circuit_decorator' retrieved from /home/sneha/spotify_airflow_project/venv/lib/python3.12/site-packages/airflow/example_dags/example_short_circuit_decorator.py
[2026-01-07T12:04:19.894+0530] {logging_mixin.py:190} INFO - [2026-01-07T12:04:19.893+0530] {dag.py:3239} INFO - Sync 1 DAGs
[2026-01-07T12:04:19.906+0530] {logging_mixin.py:190} INFO - [2026-01-07T12:04:19.906+0530] {dag.py:4180} INFO - Setting next_dagrun for example_short_circuit_decorator to None, run_after=None
[2026-01-07T12:04:19.928+0530] {processor.py:208} INFO - Processing /home/sneha/spotify_airflow_project/venv/lib/python3.12/site-packages/airflow/example_dags/example_short_circuit_decorator.py took 0.077 seconds
[2026-01-07T12:05:13.735+0530] {processor.py:186} INFO - Started process (PID=18105) to work on /home/sneha/spotify_airflow_project/venv/lib/python3.12/site-packages/airflow/example_dags/example_short_circuit_decorator.py
[2026-01-07T12:05:13.737+0530] {processor.py:914} INFO - Processing file /home/sneha/spotify_airflow_project/venv/lib/python3.12/site-packages/airflow/example_dags/example_short_circuit_decorator.py for tasks to queue
[2026-01-07T12:05:13.739+0530] {logging_mixin.py:190} INFO - [2026-01-07T12:05:13.738+0530] {dagbag.py:588} INFO - Filling up the DagBag from /home/sneha/spotify_airflow_project/venv/lib/python3.12/site-packages/airflow/example_dags/example_short_circuit_decorator.py
[2026-01-07T12:05:13.748+0530] {processor.py:925} INFO - DAG(s) 'example_short_circuit_decorator' retrieved from /home/sneha/spotify_airflow_project/venv/lib/python3.12/site-packages/airflow/example_dags/example_short_circuit_decorator.py
[2026-01-07T12:05:13.768+0530] {logging_mixin.py:190} INFO - [2026-01-07T12:05:13.767+0530] {dag.py:3239} INFO - Sync 1 DAGs
[2026-01-07T12:05:13.779+0530] {logging_mixin.py:190} INFO - [2026-01-07T12:05:13.779+0530] {dag.py:4180} INFO - Setting next_dagrun for example_short_circuit_decorator to None, run_after=None
[2026-01-07T12:05:13.798+0530] {processor.py:208} INFO - Processing /home/sneha/spotify_airflow_project/venv/lib/python3.12/site-packages/airflow/example_dags/example_short_circuit_decorator.py took 0.075 seconds
[2026-01-07T12:06:06.611+0530] {processor.py:186} INFO - Started process (PID=18182) to work on /home/sneha/spotify_airflow_project/venv/lib/python3.12/site-packages/airflow/example_dags/example_short_circuit_decorator.py
[2026-01-07T12:06:06.612+0530] {processor.py:914} INFO - Processing file /home/sneha/spotify_airflow_project/venv/lib/python3.12/site-packages/airflow/example_dags/example_short_circuit_decorator.py for tasks to queue
[2026-01-07T12:06:06.614+0530] {logging_mixin.py:190} INFO - [2026-01-07T12:06:06.613+0530] {dagbag.py:588} INFO - Filling up the DagBag from /home/sneha/spotify_airflow_project/venv/lib/python3.12/site-packages/airflow/example_dags/example_short_circuit_decorator.py
[2026-01-07T12:06:06.622+0530] {processor.py:925} INFO - DAG(s) 'example_short_circuit_decorator' retrieved from /home/sneha/spotify_airflow_project/venv/lib/python3.12/site-packages/airflow/example_dags/example_short_circuit_decorator.py
[2026-01-07T12:06:06.642+0530] {logging_mixin.py:190} INFO - [2026-01-07T12:06:06.642+0530] {dag.py:3239} INFO - Sync 1 DAGs
[2026-01-07T12:06:06.654+0530] {logging_mixin.py:190} INFO - [2026-01-07T12:06:06.654+0530] {dag.py:4180} INFO - Setting next_dagrun for example_short_circuit_decorator to None, run_after=None
[2026-01-07T12:06:06.674+0530] {processor.py:208} INFO - Processing /home/sneha/spotify_airflow_project/venv/lib/python3.12/site-packages/airflow/example_dags/example_short_circuit_decorator.py took 0.071 seconds
[2026-01-07T12:07:00.761+0530] {processor.py:186} INFO - Started process (PID=18239) to work on /home/sneha/spotify_airflow_project/venv/lib/python3.12/site-packages/airflow/example_dags/example_short_circuit_decorator.py
[2026-01-07T12:07:00.763+0530] {processor.py:914} INFO - Processing file /home/sneha/spotify_airflow_project/venv/lib/python3.12/site-packages/airflow/example_dags/example_short_circuit_decorator.py for tasks to queue
[2026-01-07T12:07:00.765+0530] {logging_mixin.py:190} INFO - [2026-01-07T12:07:00.765+0530] {dagbag.py:588} INFO - Filling up the DagBag from /home/sneha/spotify_airflow_project/venv/lib/python3.12/site-packages/airflow/example_dags/example_short_circuit_decorator.py
[2026-01-07T12:07:00.773+0530] {processor.py:925} INFO - DAG(s) 'example_short_circuit_decorator' retrieved from /home/sneha/spotify_airflow_project/venv/lib/python3.12/site-packages/airflow/example_dags/example_short_circuit_decorator.py
[2026-01-07T12:07:00.793+0530] {logging_mixin.py:190} INFO - [2026-01-07T12:07:00.792+0530] {dag.py:3239} INFO - Sync 1 DAGs
[2026-01-07T12:07:00.805+0530] {logging_mixin.py:190} INFO - [2026-01-07T12:07:00.805+0530] {dag.py:4180} INFO - Setting next_dagrun for example_short_circuit_decorator to None, run_after=None
[2026-01-07T12:07:00.824+0530] {processor.py:208} INFO - Processing /home/sneha/spotify_airflow_project/venv/lib/python3.12/site-packages/airflow/example_dags/example_short_circuit_decorator.py took 0.075 seconds
[2026-01-07T12:07:53.567+0530] {processor.py:186} INFO - Started process (PID=18295) to work on /home/sneha/spotify_airflow_project/venv/lib/python3.12/site-packages/airflow/example_dags/example_short_circuit_decorator.py
[2026-01-07T12:07:53.568+0530] {processor.py:914} INFO - Processing file /home/sneha/spotify_airflow_project/venv/lib/python3.12/site-packages/airflow/example_dags/example_short_circuit_decorator.py for tasks to queue
[2026-01-07T12:07:53.569+0530] {logging_mixin.py:190} INFO - [2026-01-07T12:07:53.569+0530] {dagbag.py:588} INFO - Filling up the DagBag from /home/sneha/spotify_airflow_project/venv/lib/python3.12/site-packages/airflow/example_dags/example_short_circuit_decorator.py
[2026-01-07T12:07:53.577+0530] {processor.py:925} INFO - DAG(s) 'example_short_circuit_decorator' retrieved from /home/sneha/spotify_airflow_project/venv/lib/python3.12/site-packages/airflow/example_dags/example_short_circuit_decorator.py
[2026-01-07T12:07:53.597+0530] {logging_mixin.py:190} INFO - [2026-01-07T12:07:53.597+0530] {dag.py:3239} INFO - Sync 1 DAGs
[2026-01-07T12:07:53.610+0530] {logging_mixin.py:190} INFO - [2026-01-07T12:07:53.610+0530] {dag.py:4180} INFO - Setting next_dagrun for example_short_circuit_decorator to None, run_after=None
[2026-01-07T12:07:53.631+0530] {processor.py:208} INFO - Processing /home/sneha/spotify_airflow_project/venv/lib/python3.12/site-packages/airflow/example_dags/example_short_circuit_decorator.py took 0.076 seconds
[2026-01-07T12:08:45.970+0530] {processor.py:186} INFO - Started process (PID=18351) to work on /home/sneha/spotify_airflow_project/venv/lib/python3.12/site-packages/airflow/example_dags/example_short_circuit_decorator.py
[2026-01-07T12:08:45.971+0530] {processor.py:914} INFO - Processing file /home/sneha/spotify_airflow_project/venv/lib/python3.12/site-packages/airflow/example_dags/example_short_circuit_decorator.py for tasks to queue
[2026-01-07T12:08:45.972+0530] {logging_mixin.py:190} INFO - [2026-01-07T12:08:45.972+0530] {dagbag.py:588} INFO - Filling up the DagBag from /home/sneha/spotify_airflow_project/venv/lib/python3.12/site-packages/airflow/example_dags/example_short_circuit_decorator.py
[2026-01-07T12:08:45.980+0530] {processor.py:925} INFO - DAG(s) 'example_short_circuit_decorator' retrieved from /home/sneha/spotify_airflow_project/venv/lib/python3.12/site-packages/airflow/example_dags/example_short_circuit_decorator.py
[2026-01-07T12:08:46.000+0530] {logging_mixin.py:190} INFO - [2026-01-07T12:08:46.000+0530] {dag.py:3239} INFO - Sync 1 DAGs
[2026-01-07T12:08:46.013+0530] {logging_mixin.py:190} INFO - [2026-01-07T12:08:46.013+0530] {dag.py:4180} INFO - Setting next_dagrun for example_short_circuit_decorator to None, run_after=None
[2026-01-07T12:08:46.031+0530] {processor.py:208} INFO - Processing /home/sneha/spotify_airflow_project/venv/lib/python3.12/site-packages/airflow/example_dags/example_short_circuit_decorator.py took 0.069 seconds
[2026-01-07T12:09:37.226+0530] {processor.py:186} INFO - Started process (PID=18407) to work on /home/sneha/spotify_airflow_project/venv/lib/python3.12/site-packages/airflow/example_dags/example_short_circuit_decorator.py
[2026-01-07T12:09:37.227+0530] {processor.py:914} INFO - Processing file /home/sneha/spotify_airflow_project/venv/lib/python3.12/site-packages/airflow/example_dags/example_short_circuit_decorator.py for tasks to queue
[2026-01-07T12:09:37.228+0530] {logging_mixin.py:190} INFO - [2026-01-07T12:09:37.228+0530] {dagbag.py:588} INFO - Filling up the DagBag from /home/sneha/spotify_airflow_project/venv/lib/python3.12/site-packages/airflow/example_dags/example_short_circuit_decorator.py
[2026-01-07T12:09:37.236+0530] {processor.py:925} INFO - DAG(s) 'example_short_circuit_decorator' retrieved from /home/sneha/spotify_airflow_project/venv/lib/python3.12/site-packages/airflow/example_dags/example_short_circuit_decorator.py
[2026-01-07T12:09:37.256+0530] {logging_mixin.py:190} INFO - [2026-01-07T12:09:37.256+0530] {dag.py:3239} INFO - Sync 1 DAGs
[2026-01-07T12:09:37.269+0530] {logging_mixin.py:190} INFO - [2026-01-07T12:09:37.269+0530] {dag.py:4180} INFO - Setting next_dagrun for example_short_circuit_decorator to None, run_after=None
[2026-01-07T12:09:37.287+0530] {processor.py:208} INFO - Processing /home/sneha/spotify_airflow_project/venv/lib/python3.12/site-packages/airflow/example_dags/example_short_circuit_decorator.py took 0.073 seconds
[2026-01-07T12:10:29.975+0530] {processor.py:186} INFO - Started process (PID=18507) to work on /home/sneha/spotify_airflow_project/venv/lib/python3.12/site-packages/airflow/example_dags/example_short_circuit_decorator.py
[2026-01-07T12:10:29.977+0530] {processor.py:914} INFO - Processing file /home/sneha/spotify_airflow_project/venv/lib/python3.12/site-packages/airflow/example_dags/example_short_circuit_decorator.py for tasks to queue
[2026-01-07T12:10:29.978+0530] {logging_mixin.py:190} INFO - [2026-01-07T12:10:29.978+0530] {dagbag.py:588} INFO - Filling up the DagBag from /home/sneha/spotify_airflow_project/venv/lib/python3.12/site-packages/airflow/example_dags/example_short_circuit_decorator.py
[2026-01-07T12:10:29.987+0530] {processor.py:925} INFO - DAG(s) 'example_short_circuit_decorator' retrieved from /home/sneha/spotify_airflow_project/venv/lib/python3.12/site-packages/airflow/example_dags/example_short_circuit_decorator.py
[2026-01-07T12:10:30.006+0530] {logging_mixin.py:190} INFO - [2026-01-07T12:10:30.006+0530] {dag.py:3239} INFO - Sync 1 DAGs
[2026-01-07T12:10:30.017+0530] {logging_mixin.py:190} INFO - [2026-01-07T12:10:30.017+0530] {dag.py:4180} INFO - Setting next_dagrun for example_short_circuit_decorator to None, run_after=None
[2026-01-07T12:10:30.037+0530] {processor.py:208} INFO - Processing /home/sneha/spotify_airflow_project/venv/lib/python3.12/site-packages/airflow/example_dags/example_short_circuit_decorator.py took 0.073 seconds
[2026-01-07T12:11:22.320+0530] {processor.py:186} INFO - Started process (PID=18581) to work on /home/sneha/spotify_airflow_project/venv/lib/python3.12/site-packages/airflow/example_dags/example_short_circuit_decorator.py
[2026-01-07T12:11:22.321+0530] {processor.py:914} INFO - Processing file /home/sneha/spotify_airflow_project/venv/lib/python3.12/site-packages/airflow/example_dags/example_short_circuit_decorator.py for tasks to queue
[2026-01-07T12:11:22.322+0530] {logging_mixin.py:190} INFO - [2026-01-07T12:11:22.321+0530] {dagbag.py:588} INFO - Filling up the DagBag from /home/sneha/spotify_airflow_project/venv/lib/python3.12/site-packages/airflow/example_dags/example_short_circuit_decorator.py
[2026-01-07T12:11:22.329+0530] {processor.py:925} INFO - DAG(s) 'example_short_circuit_decorator' retrieved from /home/sneha/spotify_airflow_project/venv/lib/python3.12/site-packages/airflow/example_dags/example_short_circuit_decorator.py
[2026-01-07T12:11:22.349+0530] {logging_mixin.py:190} INFO - [2026-01-07T12:11:22.348+0530] {dag.py:3239} INFO - Sync 1 DAGs
[2026-01-07T12:11:22.360+0530] {logging_mixin.py:190} INFO - [2026-01-07T12:11:22.360+0530] {dag.py:4180} INFO - Setting next_dagrun for example_short_circuit_decorator to None, run_after=None
[2026-01-07T12:11:22.378+0530] {processor.py:208} INFO - Processing /home/sneha/spotify_airflow_project/venv/lib/python3.12/site-packages/airflow/example_dags/example_short_circuit_decorator.py took 0.066 seconds
[2026-01-07T12:12:16.160+0530] {processor.py:186} INFO - Started process (PID=18639) to work on /home/sneha/spotify_airflow_project/venv/lib/python3.12/site-packages/airflow/example_dags/example_short_circuit_decorator.py
[2026-01-07T12:12:16.162+0530] {processor.py:914} INFO - Processing file /home/sneha/spotify_airflow_project/venv/lib/python3.12/site-packages/airflow/example_dags/example_short_circuit_decorator.py for tasks to queue
[2026-01-07T12:12:16.163+0530] {logging_mixin.py:190} INFO - [2026-01-07T12:12:16.163+0530] {dagbag.py:588} INFO - Filling up the DagBag from /home/sneha/spotify_airflow_project/venv/lib/python3.12/site-packages/airflow/example_dags/example_short_circuit_decorator.py
[2026-01-07T12:12:16.171+0530] {processor.py:925} INFO - DAG(s) 'example_short_circuit_decorator' retrieved from /home/sneha/spotify_airflow_project/venv/lib/python3.12/site-packages/airflow/example_dags/example_short_circuit_decorator.py
[2026-01-07T12:12:16.190+0530] {logging_mixin.py:190} INFO - [2026-01-07T12:12:16.190+0530] {dag.py:3239} INFO - Sync 1 DAGs
[2026-01-07T12:12:16.202+0530] {logging_mixin.py:190} INFO - [2026-01-07T12:12:16.202+0530] {dag.py:4180} INFO - Setting next_dagrun for example_short_circuit_decorator to None, run_after=None
[2026-01-07T12:12:16.221+0530] {processor.py:208} INFO - Processing /home/sneha/spotify_airflow_project/venv/lib/python3.12/site-packages/airflow/example_dags/example_short_circuit_decorator.py took 0.072 seconds
[2026-01-07T12:13:08.390+0530] {processor.py:186} INFO - Started process (PID=18696) to work on /home/sneha/spotify_airflow_project/venv/lib/python3.12/site-packages/airflow/example_dags/example_short_circuit_decorator.py
[2026-01-07T12:13:08.391+0530] {processor.py:914} INFO - Processing file /home/sneha/spotify_airflow_project/venv/lib/python3.12/site-packages/airflow/example_dags/example_short_circuit_decorator.py for tasks to queue
[2026-01-07T12:13:08.393+0530] {logging_mixin.py:190} INFO - [2026-01-07T12:13:08.392+0530] {dagbag.py:588} INFO - Filling up the DagBag from /home/sneha/spotify_airflow_project/venv/lib/python3.12/site-packages/airflow/example_dags/example_short_circuit_decorator.py
[2026-01-07T12:13:08.401+0530] {processor.py:925} INFO - DAG(s) 'example_short_circuit_decorator' retrieved from /home/sneha/spotify_airflow_project/venv/lib/python3.12/site-packages/airflow/example_dags/example_short_circuit_decorator.py
[2026-01-07T12:13:08.420+0530] {logging_mixin.py:190} INFO - [2026-01-07T12:13:08.420+0530] {dag.py:3239} INFO - Sync 1 DAGs
[2026-01-07T12:13:08.432+0530] {logging_mixin.py:190} INFO - [2026-01-07T12:13:08.432+0530] {dag.py:4180} INFO - Setting next_dagrun for example_short_circuit_decorator to None, run_after=None
[2026-01-07T12:13:08.449+0530] {processor.py:208} INFO - Processing /home/sneha/spotify_airflow_project/venv/lib/python3.12/site-packages/airflow/example_dags/example_short_circuit_decorator.py took 0.071 seconds
[2026-01-07T12:14:02.399+0530] {processor.py:186} INFO - Started process (PID=18855) to work on /home/sneha/spotify_airflow_project/venv/lib/python3.12/site-packages/airflow/example_dags/example_short_circuit_decorator.py
[2026-01-07T12:14:02.401+0530] {processor.py:914} INFO - Processing file /home/sneha/spotify_airflow_project/venv/lib/python3.12/site-packages/airflow/example_dags/example_short_circuit_decorator.py for tasks to queue
[2026-01-07T12:14:02.402+0530] {logging_mixin.py:190} INFO - [2026-01-07T12:14:02.402+0530] {dagbag.py:588} INFO - Filling up the DagBag from /home/sneha/spotify_airflow_project/venv/lib/python3.12/site-packages/airflow/example_dags/example_short_circuit_decorator.py
[2026-01-07T12:14:02.411+0530] {processor.py:925} INFO - DAG(s) 'example_short_circuit_decorator' retrieved from /home/sneha/spotify_airflow_project/venv/lib/python3.12/site-packages/airflow/example_dags/example_short_circuit_decorator.py
[2026-01-07T12:14:02.432+0530] {logging_mixin.py:190} INFO - [2026-01-07T12:14:02.432+0530] {dag.py:3239} INFO - Sync 1 DAGs
[2026-01-07T12:14:02.445+0530] {logging_mixin.py:190} INFO - [2026-01-07T12:14:02.445+0530] {dag.py:4180} INFO - Setting next_dagrun for example_short_circuit_decorator to None, run_after=None
[2026-01-07T12:14:02.464+0530] {processor.py:208} INFO - Processing /home/sneha/spotify_airflow_project/venv/lib/python3.12/site-packages/airflow/example_dags/example_short_circuit_decorator.py took 0.071 seconds
[2026-01-07T12:14:56.935+0530] {processor.py:186} INFO - Started process (PID=18927) to work on /home/sneha/spotify_airflow_project/venv/lib/python3.12/site-packages/airflow/example_dags/example_short_circuit_decorator.py
[2026-01-07T12:14:56.936+0530] {processor.py:914} INFO - Processing file /home/sneha/spotify_airflow_project/venv/lib/python3.12/site-packages/airflow/example_dags/example_short_circuit_decorator.py for tasks to queue
[2026-01-07T12:14:56.938+0530] {logging_mixin.py:190} INFO - [2026-01-07T12:14:56.937+0530] {dagbag.py:588} INFO - Filling up the DagBag from /home/sneha/spotify_airflow_project/venv/lib/python3.12/site-packages/airflow/example_dags/example_short_circuit_decorator.py
[2026-01-07T12:14:56.946+0530] {processor.py:925} INFO - DAG(s) 'example_short_circuit_decorator' retrieved from /home/sneha/spotify_airflow_project/venv/lib/python3.12/site-packages/airflow/example_dags/example_short_circuit_decorator.py
[2026-01-07T12:14:56.966+0530] {logging_mixin.py:190} INFO - [2026-01-07T12:14:56.966+0530] {dag.py:3239} INFO - Sync 1 DAGs
[2026-01-07T12:14:56.977+0530] {logging_mixin.py:190} INFO - [2026-01-07T12:14:56.977+0530] {dag.py:4180} INFO - Setting next_dagrun for example_short_circuit_decorator to None, run_after=None
[2026-01-07T12:14:56.998+0530] {processor.py:208} INFO - Processing /home/sneha/spotify_airflow_project/venv/lib/python3.12/site-packages/airflow/example_dags/example_short_circuit_decorator.py took 0.075 seconds
[2026-01-07T12:15:50.447+0530] {processor.py:186} INFO - Started process (PID=19006) to work on /home/sneha/spotify_airflow_project/venv/lib/python3.12/site-packages/airflow/example_dags/example_short_circuit_decorator.py
[2026-01-07T12:15:50.448+0530] {processor.py:914} INFO - Processing file /home/sneha/spotify_airflow_project/venv/lib/python3.12/site-packages/airflow/example_dags/example_short_circuit_decorator.py for tasks to queue
[2026-01-07T12:15:50.450+0530] {logging_mixin.py:190} INFO - [2026-01-07T12:15:50.449+0530] {dagbag.py:588} INFO - Filling up the DagBag from /home/sneha/spotify_airflow_project/venv/lib/python3.12/site-packages/airflow/example_dags/example_short_circuit_decorator.py
[2026-01-07T12:15:50.458+0530] {processor.py:925} INFO - DAG(s) 'example_short_circuit_decorator' retrieved from /home/sneha/spotify_airflow_project/venv/lib/python3.12/site-packages/airflow/example_dags/example_short_circuit_decorator.py
[2026-01-07T12:15:50.477+0530] {logging_mixin.py:190} INFO - [2026-01-07T12:15:50.477+0530] {dag.py:3239} INFO - Sync 1 DAGs
[2026-01-07T12:15:50.490+0530] {logging_mixin.py:190} INFO - [2026-01-07T12:15:50.490+0530] {dag.py:4180} INFO - Setting next_dagrun for example_short_circuit_decorator to None, run_after=None
[2026-01-07T12:15:50.511+0530] {processor.py:208} INFO - Processing /home/sneha/spotify_airflow_project/venv/lib/python3.12/site-packages/airflow/example_dags/example_short_circuit_decorator.py took 0.071 seconds
[2026-01-07T12:16:45.203+0530] {processor.py:186} INFO - Started process (PID=19066) to work on /home/sneha/spotify_airflow_project/venv/lib/python3.12/site-packages/airflow/example_dags/example_short_circuit_decorator.py
[2026-01-07T12:16:45.204+0530] {processor.py:914} INFO - Processing file /home/sneha/spotify_airflow_project/venv/lib/python3.12/site-packages/airflow/example_dags/example_short_circuit_decorator.py for tasks to queue
[2026-01-07T12:16:45.205+0530] {logging_mixin.py:190} INFO - [2026-01-07T12:16:45.205+0530] {dagbag.py:588} INFO - Filling up the DagBag from /home/sneha/spotify_airflow_project/venv/lib/python3.12/site-packages/airflow/example_dags/example_short_circuit_decorator.py
[2026-01-07T12:16:45.214+0530] {processor.py:925} INFO - DAG(s) 'example_short_circuit_decorator' retrieved from /home/sneha/spotify_airflow_project/venv/lib/python3.12/site-packages/airflow/example_dags/example_short_circuit_decorator.py
[2026-01-07T12:16:45.235+0530] {logging_mixin.py:190} INFO - [2026-01-07T12:16:45.234+0530] {dag.py:3239} INFO - Sync 1 DAGs
[2026-01-07T12:16:45.247+0530] {logging_mixin.py:190} INFO - [2026-01-07T12:16:45.246+0530] {dag.py:4180} INFO - Setting next_dagrun for example_short_circuit_decorator to None, run_after=None
[2026-01-07T12:16:45.265+0530] {processor.py:208} INFO - Processing /home/sneha/spotify_airflow_project/venv/lib/python3.12/site-packages/airflow/example_dags/example_short_circuit_decorator.py took 0.072 seconds
[2026-01-07T12:17:41.395+0530] {processor.py:186} INFO - Started process (PID=19128) to work on /home/sneha/spotify_airflow_project/venv/lib/python3.12/site-packages/airflow/example_dags/example_short_circuit_decorator.py
[2026-01-07T12:17:41.406+0530] {processor.py:914} INFO - Processing file /home/sneha/spotify_airflow_project/venv/lib/python3.12/site-packages/airflow/example_dags/example_short_circuit_decorator.py for tasks to queue
[2026-01-07T12:17:41.408+0530] {logging_mixin.py:190} INFO - [2026-01-07T12:17:41.408+0530] {dagbag.py:588} INFO - Filling up the DagBag from /home/sneha/spotify_airflow_project/venv/lib/python3.12/site-packages/airflow/example_dags/example_short_circuit_decorator.py
[2026-01-07T12:17:41.418+0530] {processor.py:925} INFO - DAG(s) 'example_short_circuit_decorator' retrieved from /home/sneha/spotify_airflow_project/venv/lib/python3.12/site-packages/airflow/example_dags/example_short_circuit_decorator.py
[2026-01-07T12:17:41.439+0530] {logging_mixin.py:190} INFO - [2026-01-07T12:17:41.439+0530] {dag.py:3239} INFO - Sync 1 DAGs
[2026-01-07T12:17:41.451+0530] {logging_mixin.py:190} INFO - [2026-01-07T12:17:41.450+0530] {dag.py:4180} INFO - Setting next_dagrun for example_short_circuit_decorator to None, run_after=None
[2026-01-07T12:17:41.468+0530] {processor.py:208} INFO - Processing /home/sneha/spotify_airflow_project/venv/lib/python3.12/site-packages/airflow/example_dags/example_short_circuit_decorator.py took 0.085 seconds
[2026-01-07T12:18:37.145+0530] {processor.py:186} INFO - Started process (PID=19209) to work on /home/sneha/spotify_airflow_project/venv/lib/python3.12/site-packages/airflow/example_dags/example_short_circuit_decorator.py
[2026-01-07T12:18:37.146+0530] {processor.py:914} INFO - Processing file /home/sneha/spotify_airflow_project/venv/lib/python3.12/site-packages/airflow/example_dags/example_short_circuit_decorator.py for tasks to queue
[2026-01-07T12:18:37.147+0530] {logging_mixin.py:190} INFO - [2026-01-07T12:18:37.147+0530] {dagbag.py:588} INFO - Filling up the DagBag from /home/sneha/spotify_airflow_project/venv/lib/python3.12/site-packages/airflow/example_dags/example_short_circuit_decorator.py
[2026-01-07T12:18:37.154+0530] {processor.py:925} INFO - DAG(s) 'example_short_circuit_decorator' retrieved from /home/sneha/spotify_airflow_project/venv/lib/python3.12/site-packages/airflow/example_dags/example_short_circuit_decorator.py
[2026-01-07T12:18:37.172+0530] {logging_mixin.py:190} INFO - [2026-01-07T12:18:37.172+0530] {dag.py:3239} INFO - Sync 1 DAGs
[2026-01-07T12:18:37.183+0530] {logging_mixin.py:190} INFO - [2026-01-07T12:18:37.183+0530] {dag.py:4180} INFO - Setting next_dagrun for example_short_circuit_decorator to None, run_after=None
[2026-01-07T12:18:37.200+0530] {processor.py:208} INFO - Processing /home/sneha/spotify_airflow_project/venv/lib/python3.12/site-packages/airflow/example_dags/example_short_circuit_decorator.py took 0.066 seconds
[2026-01-07T12:19:35.504+0530] {processor.py:186} INFO - Started process (PID=19346) to work on /home/sneha/spotify_airflow_project/venv/lib/python3.12/site-packages/airflow/example_dags/example_short_circuit_decorator.py
[2026-01-07T12:19:35.506+0530] {processor.py:914} INFO - Processing file /home/sneha/spotify_airflow_project/venv/lib/python3.12/site-packages/airflow/example_dags/example_short_circuit_decorator.py for tasks to queue
[2026-01-07T12:19:35.508+0530] {logging_mixin.py:190} INFO - [2026-01-07T12:19:35.507+0530] {dagbag.py:588} INFO - Filling up the DagBag from /home/sneha/spotify_airflow_project/venv/lib/python3.12/site-packages/airflow/example_dags/example_short_circuit_decorator.py
[2026-01-07T12:19:35.516+0530] {processor.py:925} INFO - DAG(s) 'example_short_circuit_decorator' retrieved from /home/sneha/spotify_airflow_project/venv/lib/python3.12/site-packages/airflow/example_dags/example_short_circuit_decorator.py
[2026-01-07T12:19:35.537+0530] {logging_mixin.py:190} INFO - [2026-01-07T12:19:35.536+0530] {dag.py:3239} INFO - Sync 1 DAGs
[2026-01-07T12:19:35.549+0530] {logging_mixin.py:190} INFO - [2026-01-07T12:19:35.549+0530] {dag.py:4180} INFO - Setting next_dagrun for example_short_circuit_decorator to None, run_after=None
[2026-01-07T12:19:35.570+0530] {processor.py:208} INFO - Processing /home/sneha/spotify_airflow_project/venv/lib/python3.12/site-packages/airflow/example_dags/example_short_circuit_decorator.py took 0.074 seconds
