[2026-01-07T11:47:08.901+0530] {processor.py:186} INFO - Started process (PID=7281) to work on /home/sneha/spotify_astro_project/venv/lib/python3.12/site-packages/airflow/example_dags/example_time_delta_sensor_async.py
[2026-01-07T11:47:08.902+0530] {processor.py:914} INFO - Processing file /home/sneha/spotify_astro_project/venv/lib/python3.12/site-packages/airflow/example_dags/example_time_delta_sensor_async.py for tasks to queue
[2026-01-07T11:47:08.904+0530] {logging_mixin.py:190} INFO - [2026-01-07T11:47:08.904+0530] {dagbag.py:588} INFO - Filling up the DagBag from /home/sneha/spotify_astro_project/venv/lib/python3.12/site-packages/airflow/example_dags/example_time_delta_sensor_async.py
[2026-01-07T11:47:08.908+0530] {processor.py:925} INFO - DAG(s) 'example_time_delta_sensor_async' retrieved from /home/sneha/spotify_astro_project/venv/lib/python3.12/site-packages/airflow/example_dags/example_time_delta_sensor_async.py
[2026-01-07T11:47:09.011+0530] {logging_mixin.py:190} INFO - [2026-01-07T11:47:09.011+0530] {dag.py:3239} INFO - Sync 1 DAGs
[2026-01-07T11:47:09.021+0530] {logging_mixin.py:190} INFO - [2026-01-07T11:47:09.021+0530] {dag.py:4180} INFO - Setting next_dagrun for example_time_delta_sensor_async to None, run_after=None
[2026-01-07T11:47:09.039+0530] {processor.py:208} INFO - Processing /home/sneha/spotify_astro_project/venv/lib/python3.12/site-packages/airflow/example_dags/example_time_delta_sensor_async.py took 0.151 seconds
[2026-01-07T11:48:13.585+0530] {processor.py:186} INFO - Started process (PID=7719) to work on /home/sneha/spotify_astro_project/venv/lib/python3.12/site-packages/airflow/example_dags/example_time_delta_sensor_async.py
[2026-01-07T11:48:13.586+0530] {processor.py:914} INFO - Processing file /home/sneha/spotify_astro_project/venv/lib/python3.12/site-packages/airflow/example_dags/example_time_delta_sensor_async.py for tasks to queue
[2026-01-07T11:48:13.587+0530] {logging_mixin.py:190} INFO - [2026-01-07T11:48:13.587+0530] {dagbag.py:588} INFO - Filling up the DagBag from /home/sneha/spotify_astro_project/venv/lib/python3.12/site-packages/airflow/example_dags/example_time_delta_sensor_async.py
[2026-01-07T11:48:13.592+0530] {processor.py:925} INFO - DAG(s) 'example_time_delta_sensor_async' retrieved from /home/sneha/spotify_astro_project/venv/lib/python3.12/site-packages/airflow/example_dags/example_time_delta_sensor_async.py
[2026-01-07T11:48:13.610+0530] {logging_mixin.py:190} INFO - [2026-01-07T11:48:13.610+0530] {dag.py:3239} INFO - Sync 1 DAGs
[2026-01-07T11:48:13.623+0530] {logging_mixin.py:190} INFO - [2026-01-07T11:48:13.623+0530] {dag.py:4180} INFO - Setting next_dagrun for example_time_delta_sensor_async to None, run_after=None
[2026-01-07T11:48:13.643+0530] {processor.py:208} INFO - Processing /home/sneha/spotify_astro_project/venv/lib/python3.12/site-packages/airflow/example_dags/example_time_delta_sensor_async.py took 0.067 seconds
[2026-01-07T11:49:14.422+0530] {processor.py:186} INFO - Started process (PID=8155) to work on /home/sneha/spotify_astro_project/venv/lib/python3.12/site-packages/airflow/example_dags/example_time_delta_sensor_async.py
[2026-01-07T11:49:14.424+0530] {processor.py:914} INFO - Processing file /home/sneha/spotify_astro_project/venv/lib/python3.12/site-packages/airflow/example_dags/example_time_delta_sensor_async.py for tasks to queue
[2026-01-07T11:49:14.426+0530] {logging_mixin.py:190} INFO - [2026-01-07T11:49:14.425+0530] {dagbag.py:588} INFO - Filling up the DagBag from /home/sneha/spotify_astro_project/venv/lib/python3.12/site-packages/airflow/example_dags/example_time_delta_sensor_async.py
[2026-01-07T11:49:14.430+0530] {processor.py:925} INFO - DAG(s) 'example_time_delta_sensor_async' retrieved from /home/sneha/spotify_astro_project/venv/lib/python3.12/site-packages/airflow/example_dags/example_time_delta_sensor_async.py
[2026-01-07T11:49:14.447+0530] {logging_mixin.py:190} INFO - [2026-01-07T11:49:14.446+0530] {dag.py:3239} INFO - Sync 1 DAGs
[2026-01-07T11:49:14.458+0530] {logging_mixin.py:190} INFO - [2026-01-07T11:49:14.458+0530] {dag.py:4180} INFO - Setting next_dagrun for example_time_delta_sensor_async to None, run_after=None
[2026-01-07T11:49:14.476+0530] {processor.py:208} INFO - Processing /home/sneha/spotify_astro_project/venv/lib/python3.12/site-packages/airflow/example_dags/example_time_delta_sensor_async.py took 0.066 seconds
[2026-01-07T11:50:22.563+0530] {processor.py:186} INFO - Started process (PID=8625) to work on /home/sneha/spotify_astro_project/venv/lib/python3.12/site-packages/airflow/example_dags/example_time_delta_sensor_async.py
[2026-01-07T11:50:22.564+0530] {processor.py:914} INFO - Processing file /home/sneha/spotify_astro_project/venv/lib/python3.12/site-packages/airflow/example_dags/example_time_delta_sensor_async.py for tasks to queue
[2026-01-07T11:50:22.566+0530] {logging_mixin.py:190} INFO - [2026-01-07T11:50:22.565+0530] {dagbag.py:588} INFO - Filling up the DagBag from /home/sneha/spotify_astro_project/venv/lib/python3.12/site-packages/airflow/example_dags/example_time_delta_sensor_async.py
[2026-01-07T11:50:22.707+0530] {processor.py:925} INFO - DAG(s) 'example_time_delta_sensor_async' retrieved from /home/sneha/spotify_astro_project/venv/lib/python3.12/site-packages/airflow/example_dags/example_time_delta_sensor_async.py
[2026-01-07T11:50:22.717+0530] {logging_mixin.py:190} INFO - [2026-01-07T11:50:22.717+0530] {dag.py:3239} INFO - Sync 1 DAGs
[2026-01-07T11:50:22.726+0530] {logging_mixin.py:190} INFO - [2026-01-07T11:50:22.726+0530] {dag.py:4180} INFO - Setting next_dagrun for example_time_delta_sensor_async to None, run_after=None
[2026-01-07T11:50:22.742+0530] {processor.py:208} INFO - Processing /home/sneha/spotify_astro_project/venv/lib/python3.12/site-packages/airflow/example_dags/example_time_delta_sensor_async.py took 0.191 seconds
[2026-01-07T11:57:19.532+0530] {processor.py:186} INFO - Started process (PID=16980) to work on /home/sneha/spotify_airflow_project/venv/lib/python3.12/site-packages/airflow/example_dags/example_time_delta_sensor_async.py
[2026-01-07T11:57:19.534+0530] {processor.py:914} INFO - Processing file /home/sneha/spotify_airflow_project/venv/lib/python3.12/site-packages/airflow/example_dags/example_time_delta_sensor_async.py for tasks to queue
[2026-01-07T11:57:19.536+0530] {logging_mixin.py:190} INFO - [2026-01-07T11:57:19.535+0530] {dagbag.py:588} INFO - Filling up the DagBag from /home/sneha/spotify_airflow_project/venv/lib/python3.12/site-packages/airflow/example_dags/example_time_delta_sensor_async.py
[2026-01-07T11:57:19.542+0530] {processor.py:925} INFO - DAG(s) 'example_time_delta_sensor_async' retrieved from /home/sneha/spotify_airflow_project/venv/lib/python3.12/site-packages/airflow/example_dags/example_time_delta_sensor_async.py
[2026-01-07T11:57:19.660+0530] {logging_mixin.py:190} INFO - [2026-01-07T11:57:19.660+0530] {dag.py:3239} INFO - Sync 1 DAGs
[2026-01-07T11:57:19.670+0530] {logging_mixin.py:190} INFO - [2026-01-07T11:57:19.670+0530] {dag.py:4180} INFO - Setting next_dagrun for example_time_delta_sensor_async to None, run_after=None
[2026-01-07T11:57:19.689+0530] {processor.py:208} INFO - Processing /home/sneha/spotify_airflow_project/venv/lib/python3.12/site-packages/airflow/example_dags/example_time_delta_sensor_async.py took 0.171 seconds
[2026-01-07T11:58:21.797+0530] {processor.py:186} INFO - Started process (PID=17193) to work on /home/sneha/spotify_airflow_project/venv/lib/python3.12/site-packages/airflow/example_dags/example_time_delta_sensor_async.py
[2026-01-07T11:58:21.798+0530] {processor.py:914} INFO - Processing file /home/sneha/spotify_airflow_project/venv/lib/python3.12/site-packages/airflow/example_dags/example_time_delta_sensor_async.py for tasks to queue
[2026-01-07T11:58:21.800+0530] {logging_mixin.py:190} INFO - [2026-01-07T11:58:21.799+0530] {dagbag.py:588} INFO - Filling up the DagBag from /home/sneha/spotify_airflow_project/venv/lib/python3.12/site-packages/airflow/example_dags/example_time_delta_sensor_async.py
[2026-01-07T11:58:21.804+0530] {processor.py:925} INFO - DAG(s) 'example_time_delta_sensor_async' retrieved from /home/sneha/spotify_airflow_project/venv/lib/python3.12/site-packages/airflow/example_dags/example_time_delta_sensor_async.py
[2026-01-07T11:58:21.820+0530] {logging_mixin.py:190} INFO - [2026-01-07T11:58:21.820+0530] {dag.py:3239} INFO - Sync 1 DAGs
[2026-01-07T11:58:21.831+0530] {logging_mixin.py:190} INFO - [2026-01-07T11:58:21.831+0530] {dag.py:4180} INFO - Setting next_dagrun for example_time_delta_sensor_async to None, run_after=None
[2026-01-07T11:58:21.847+0530] {processor.py:208} INFO - Processing /home/sneha/spotify_airflow_project/venv/lib/python3.12/site-packages/airflow/example_dags/example_time_delta_sensor_async.py took 0.061 seconds
[2026-01-07T11:59:17.458+0530] {processor.py:186} INFO - Started process (PID=17262) to work on /home/sneha/spotify_airflow_project/venv/lib/python3.12/site-packages/airflow/example_dags/example_time_delta_sensor_async.py
[2026-01-07T11:59:17.469+0530] {processor.py:914} INFO - Processing file /home/sneha/spotify_airflow_project/venv/lib/python3.12/site-packages/airflow/example_dags/example_time_delta_sensor_async.py for tasks to queue
[2026-01-07T11:59:17.471+0530] {logging_mixin.py:190} INFO - [2026-01-07T11:59:17.471+0530] {dagbag.py:588} INFO - Filling up the DagBag from /home/sneha/spotify_airflow_project/venv/lib/python3.12/site-packages/airflow/example_dags/example_time_delta_sensor_async.py
[2026-01-07T11:59:17.478+0530] {processor.py:925} INFO - DAG(s) 'example_time_delta_sensor_async' retrieved from /home/sneha/spotify_airflow_project/venv/lib/python3.12/site-packages/airflow/example_dags/example_time_delta_sensor_async.py
[2026-01-07T11:59:17.494+0530] {logging_mixin.py:190} INFO - [2026-01-07T11:59:17.494+0530] {dag.py:3239} INFO - Sync 1 DAGs
[2026-01-07T11:59:17.505+0530] {logging_mixin.py:190} INFO - [2026-01-07T11:59:17.505+0530] {dag.py:4180} INFO - Setting next_dagrun for example_time_delta_sensor_async to None, run_after=None
[2026-01-07T11:59:17.523+0530] {processor.py:208} INFO - Processing /home/sneha/spotify_airflow_project/venv/lib/python3.12/site-packages/airflow/example_dags/example_time_delta_sensor_async.py took 0.077 seconds
[2026-01-07T12:00:10.731+0530] {processor.py:186} INFO - Started process (PID=17352) to work on /home/sneha/spotify_airflow_project/venv/lib/python3.12/site-packages/airflow/example_dags/example_time_delta_sensor_async.py
[2026-01-07T12:00:10.732+0530] {processor.py:914} INFO - Processing file /home/sneha/spotify_airflow_project/venv/lib/python3.12/site-packages/airflow/example_dags/example_time_delta_sensor_async.py for tasks to queue
[2026-01-07T12:00:10.734+0530] {logging_mixin.py:190} INFO - [2026-01-07T12:00:10.733+0530] {dagbag.py:588} INFO - Filling up the DagBag from /home/sneha/spotify_airflow_project/venv/lib/python3.12/site-packages/airflow/example_dags/example_time_delta_sensor_async.py
[2026-01-07T12:00:10.738+0530] {processor.py:925} INFO - DAG(s) 'example_time_delta_sensor_async' retrieved from /home/sneha/spotify_airflow_project/venv/lib/python3.12/site-packages/airflow/example_dags/example_time_delta_sensor_async.py
[2026-01-07T12:00:10.754+0530] {logging_mixin.py:190} INFO - [2026-01-07T12:00:10.754+0530] {dag.py:3239} INFO - Sync 1 DAGs
[2026-01-07T12:00:10.767+0530] {logging_mixin.py:190} INFO - [2026-01-07T12:00:10.767+0530] {dag.py:4180} INFO - Setting next_dagrun for example_time_delta_sensor_async to None, run_after=None
[2026-01-07T12:00:10.932+0530] {processor.py:208} INFO - Processing /home/sneha/spotify_airflow_project/venv/lib/python3.12/site-packages/airflow/example_dags/example_time_delta_sensor_async.py took 0.211 seconds
[2026-01-07T12:01:16.761+0530] {processor.py:186} INFO - Started process (PID=17459) to work on /home/sneha/spotify_airflow_project/venv/lib/python3.12/site-packages/airflow/example_dags/example_time_delta_sensor_async.py
[2026-01-07T12:01:16.762+0530] {processor.py:914} INFO - Processing file /home/sneha/spotify_airflow_project/venv/lib/python3.12/site-packages/airflow/example_dags/example_time_delta_sensor_async.py for tasks to queue
[2026-01-07T12:01:16.764+0530] {logging_mixin.py:190} INFO - [2026-01-07T12:01:16.764+0530] {dagbag.py:588} INFO - Filling up the DagBag from /home/sneha/spotify_airflow_project/venv/lib/python3.12/site-packages/airflow/example_dags/example_time_delta_sensor_async.py
[2026-01-07T12:01:16.769+0530] {processor.py:925} INFO - DAG(s) 'example_time_delta_sensor_async' retrieved from /home/sneha/spotify_airflow_project/venv/lib/python3.12/site-packages/airflow/example_dags/example_time_delta_sensor_async.py
[2026-01-07T12:01:16.785+0530] {logging_mixin.py:190} INFO - [2026-01-07T12:01:16.785+0530] {dag.py:3239} INFO - Sync 1 DAGs
[2026-01-07T12:01:16.798+0530] {logging_mixin.py:190} INFO - [2026-01-07T12:01:16.798+0530] {dag.py:4180} INFO - Setting next_dagrun for example_time_delta_sensor_async to None, run_after=None
[2026-01-07T12:01:16.819+0530] {processor.py:208} INFO - Processing /home/sneha/spotify_airflow_project/venv/lib/python3.12/site-packages/airflow/example_dags/example_time_delta_sensor_async.py took 0.065 seconds
[2026-01-07T12:02:15.258+0530] {processor.py:186} INFO - Started process (PID=17648) to work on /home/sneha/spotify_airflow_project/venv/lib/python3.12/site-packages/airflow/example_dags/example_time_delta_sensor_async.py
[2026-01-07T12:02:15.260+0530] {processor.py:914} INFO - Processing file /home/sneha/spotify_airflow_project/venv/lib/python3.12/site-packages/airflow/example_dags/example_time_delta_sensor_async.py for tasks to queue
[2026-01-07T12:02:15.263+0530] {logging_mixin.py:190} INFO - [2026-01-07T12:02:15.262+0530] {dagbag.py:588} INFO - Filling up the DagBag from /home/sneha/spotify_airflow_project/venv/lib/python3.12/site-packages/airflow/example_dags/example_time_delta_sensor_async.py
[2026-01-07T12:02:15.268+0530] {processor.py:925} INFO - DAG(s) 'example_time_delta_sensor_async' retrieved from /home/sneha/spotify_airflow_project/venv/lib/python3.12/site-packages/airflow/example_dags/example_time_delta_sensor_async.py
[2026-01-07T12:02:15.286+0530] {logging_mixin.py:190} INFO - [2026-01-07T12:02:15.286+0530] {dag.py:3239} INFO - Sync 1 DAGs
[2026-01-07T12:02:15.298+0530] {logging_mixin.py:190} INFO - [2026-01-07T12:02:15.298+0530] {dag.py:4180} INFO - Setting next_dagrun for example_time_delta_sensor_async to None, run_after=None
[2026-01-07T12:02:15.318+0530] {processor.py:208} INFO - Processing /home/sneha/spotify_airflow_project/venv/lib/python3.12/site-packages/airflow/example_dags/example_time_delta_sensor_async.py took 0.074 seconds
[2026-01-07T12:03:14.331+0530] {processor.py:186} INFO - Started process (PID=17708) to work on /home/sneha/spotify_airflow_project/venv/lib/python3.12/site-packages/airflow/example_dags/example_time_delta_sensor_async.py
[2026-01-07T12:03:14.331+0530] {processor.py:914} INFO - Processing file /home/sneha/spotify_airflow_project/venv/lib/python3.12/site-packages/airflow/example_dags/example_time_delta_sensor_async.py for tasks to queue
[2026-01-07T12:03:14.333+0530] {logging_mixin.py:190} INFO - [2026-01-07T12:03:14.332+0530] {dagbag.py:588} INFO - Filling up the DagBag from /home/sneha/spotify_airflow_project/venv/lib/python3.12/site-packages/airflow/example_dags/example_time_delta_sensor_async.py
[2026-01-07T12:03:14.338+0530] {processor.py:925} INFO - DAG(s) 'example_time_delta_sensor_async' retrieved from /home/sneha/spotify_airflow_project/venv/lib/python3.12/site-packages/airflow/example_dags/example_time_delta_sensor_async.py
[2026-01-07T12:03:14.356+0530] {logging_mixin.py:190} INFO - [2026-01-07T12:03:14.356+0530] {dag.py:3239} INFO - Sync 1 DAGs
[2026-01-07T12:03:14.368+0530] {logging_mixin.py:190} INFO - [2026-01-07T12:03:14.368+0530] {dag.py:4180} INFO - Setting next_dagrun for example_time_delta_sensor_async to None, run_after=None
[2026-01-07T12:03:14.386+0530] {processor.py:208} INFO - Processing /home/sneha/spotify_airflow_project/venv/lib/python3.12/site-packages/airflow/example_dags/example_time_delta_sensor_async.py took 0.066 seconds
[2026-01-07T12:04:11.509+0530] {processor.py:186} INFO - Started process (PID=17977) to work on /home/sneha/spotify_airflow_project/venv/lib/python3.12/site-packages/airflow/example_dags/example_time_delta_sensor_async.py
[2026-01-07T12:04:11.520+0530] {processor.py:914} INFO - Processing file /home/sneha/spotify_airflow_project/venv/lib/python3.12/site-packages/airflow/example_dags/example_time_delta_sensor_async.py for tasks to queue
[2026-01-07T12:04:11.522+0530] {logging_mixin.py:190} INFO - [2026-01-07T12:04:11.522+0530] {dagbag.py:588} INFO - Filling up the DagBag from /home/sneha/spotify_airflow_project/venv/lib/python3.12/site-packages/airflow/example_dags/example_time_delta_sensor_async.py
[2026-01-07T12:04:11.528+0530] {processor.py:925} INFO - DAG(s) 'example_time_delta_sensor_async' retrieved from /home/sneha/spotify_airflow_project/venv/lib/python3.12/site-packages/airflow/example_dags/example_time_delta_sensor_async.py
[2026-01-07T12:04:11.545+0530] {logging_mixin.py:190} INFO - [2026-01-07T12:04:11.544+0530] {dag.py:3239} INFO - Sync 1 DAGs
[2026-01-07T12:04:11.557+0530] {logging_mixin.py:190} INFO - [2026-01-07T12:04:11.557+0530] {dag.py:4180} INFO - Setting next_dagrun for example_time_delta_sensor_async to None, run_after=None
[2026-01-07T12:04:11.576+0530] {processor.py:208} INFO - Processing /home/sneha/spotify_airflow_project/venv/lib/python3.12/site-packages/airflow/example_dags/example_time_delta_sensor_async.py took 0.080 seconds
[2026-01-07T12:05:05.895+0530] {processor.py:186} INFO - Started process (PID=18092) to work on /home/sneha/spotify_airflow_project/venv/lib/python3.12/site-packages/airflow/example_dags/example_time_delta_sensor_async.py
[2026-01-07T12:05:05.897+0530] {processor.py:914} INFO - Processing file /home/sneha/spotify_airflow_project/venv/lib/python3.12/site-packages/airflow/example_dags/example_time_delta_sensor_async.py for tasks to queue
[2026-01-07T12:05:05.898+0530] {logging_mixin.py:190} INFO - [2026-01-07T12:05:05.898+0530] {dagbag.py:588} INFO - Filling up the DagBag from /home/sneha/spotify_airflow_project/venv/lib/python3.12/site-packages/airflow/example_dags/example_time_delta_sensor_async.py
[2026-01-07T12:05:05.903+0530] {processor.py:925} INFO - DAG(s) 'example_time_delta_sensor_async' retrieved from /home/sneha/spotify_airflow_project/venv/lib/python3.12/site-packages/airflow/example_dags/example_time_delta_sensor_async.py
[2026-01-07T12:05:05.920+0530] {logging_mixin.py:190} INFO - [2026-01-07T12:05:05.920+0530] {dag.py:3239} INFO - Sync 1 DAGs
[2026-01-07T12:05:05.932+0530] {logging_mixin.py:190} INFO - [2026-01-07T12:05:05.932+0530] {dag.py:4180} INFO - Setting next_dagrun for example_time_delta_sensor_async to None, run_after=None
[2026-01-07T12:05:05.949+0530] {processor.py:208} INFO - Processing /home/sneha/spotify_airflow_project/venv/lib/python3.12/site-packages/airflow/example_dags/example_time_delta_sensor_async.py took 0.062 seconds
[2026-01-07T12:05:59.081+0530] {processor.py:186} INFO - Started process (PID=18174) to work on /home/sneha/spotify_airflow_project/venv/lib/python3.12/site-packages/airflow/example_dags/example_time_delta_sensor_async.py
[2026-01-07T12:05:59.082+0530] {processor.py:914} INFO - Processing file /home/sneha/spotify_airflow_project/venv/lib/python3.12/site-packages/airflow/example_dags/example_time_delta_sensor_async.py for tasks to queue
[2026-01-07T12:05:59.083+0530] {logging_mixin.py:190} INFO - [2026-01-07T12:05:59.083+0530] {dagbag.py:588} INFO - Filling up the DagBag from /home/sneha/spotify_airflow_project/venv/lib/python3.12/site-packages/airflow/example_dags/example_time_delta_sensor_async.py
[2026-01-07T12:05:59.088+0530] {processor.py:925} INFO - DAG(s) 'example_time_delta_sensor_async' retrieved from /home/sneha/spotify_airflow_project/venv/lib/python3.12/site-packages/airflow/example_dags/example_time_delta_sensor_async.py
[2026-01-07T12:05:59.105+0530] {logging_mixin.py:190} INFO - [2026-01-07T12:05:59.104+0530] {dag.py:3239} INFO - Sync 1 DAGs
[2026-01-07T12:05:59.117+0530] {logging_mixin.py:190} INFO - [2026-01-07T12:05:59.117+0530] {dag.py:4180} INFO - Setting next_dagrun for example_time_delta_sensor_async to None, run_after=None
[2026-01-07T12:05:59.137+0530] {processor.py:208} INFO - Processing /home/sneha/spotify_airflow_project/venv/lib/python3.12/site-packages/airflow/example_dags/example_time_delta_sensor_async.py took 0.064 seconds
[2026-01-07T12:06:52.767+0530] {processor.py:186} INFO - Started process (PID=18230) to work on /home/sneha/spotify_airflow_project/venv/lib/python3.12/site-packages/airflow/example_dags/example_time_delta_sensor_async.py
[2026-01-07T12:06:52.778+0530] {processor.py:914} INFO - Processing file /home/sneha/spotify_airflow_project/venv/lib/python3.12/site-packages/airflow/example_dags/example_time_delta_sensor_async.py for tasks to queue
[2026-01-07T12:06:52.779+0530] {logging_mixin.py:190} INFO - [2026-01-07T12:06:52.779+0530] {dagbag.py:588} INFO - Filling up the DagBag from /home/sneha/spotify_airflow_project/venv/lib/python3.12/site-packages/airflow/example_dags/example_time_delta_sensor_async.py
[2026-01-07T12:06:52.784+0530] {processor.py:925} INFO - DAG(s) 'example_time_delta_sensor_async' retrieved from /home/sneha/spotify_airflow_project/venv/lib/python3.12/site-packages/airflow/example_dags/example_time_delta_sensor_async.py
[2026-01-07T12:06:52.801+0530] {logging_mixin.py:190} INFO - [2026-01-07T12:06:52.800+0530] {dag.py:3239} INFO - Sync 1 DAGs
[2026-01-07T12:06:52.812+0530] {logging_mixin.py:190} INFO - [2026-01-07T12:06:52.812+0530] {dag.py:4180} INFO - Setting next_dagrun for example_time_delta_sensor_async to None, run_after=None
[2026-01-07T12:06:52.831+0530] {processor.py:208} INFO - Processing /home/sneha/spotify_airflow_project/venv/lib/python3.12/site-packages/airflow/example_dags/example_time_delta_sensor_async.py took 0.077 seconds
[2026-01-07T12:07:46.044+0530] {processor.py:186} INFO - Started process (PID=18287) to work on /home/sneha/spotify_airflow_project/venv/lib/python3.12/site-packages/airflow/example_dags/example_time_delta_sensor_async.py
[2026-01-07T12:07:46.045+0530] {processor.py:914} INFO - Processing file /home/sneha/spotify_airflow_project/venv/lib/python3.12/site-packages/airflow/example_dags/example_time_delta_sensor_async.py for tasks to queue
[2026-01-07T12:07:46.047+0530] {logging_mixin.py:190} INFO - [2026-01-07T12:07:46.046+0530] {dagbag.py:588} INFO - Filling up the DagBag from /home/sneha/spotify_airflow_project/venv/lib/python3.12/site-packages/airflow/example_dags/example_time_delta_sensor_async.py
[2026-01-07T12:07:46.051+0530] {processor.py:925} INFO - DAG(s) 'example_time_delta_sensor_async' retrieved from /home/sneha/spotify_airflow_project/venv/lib/python3.12/site-packages/airflow/example_dags/example_time_delta_sensor_async.py
[2026-01-07T12:07:46.068+0530] {logging_mixin.py:190} INFO - [2026-01-07T12:07:46.068+0530] {dag.py:3239} INFO - Sync 1 DAGs
[2026-01-07T12:07:46.080+0530] {logging_mixin.py:190} INFO - [2026-01-07T12:07:46.080+0530] {dag.py:4180} INFO - Setting next_dagrun for example_time_delta_sensor_async to None, run_after=None
[2026-01-07T12:07:46.098+0530] {processor.py:208} INFO - Processing /home/sneha/spotify_airflow_project/venv/lib/python3.12/site-packages/airflow/example_dags/example_time_delta_sensor_async.py took 0.065 seconds
[2026-01-07T12:08:37.141+0530] {processor.py:186} INFO - Started process (PID=18342) to work on /home/sneha/spotify_airflow_project/venv/lib/python3.12/site-packages/airflow/example_dags/example_time_delta_sensor_async.py
[2026-01-07T12:08:37.142+0530] {processor.py:914} INFO - Processing file /home/sneha/spotify_airflow_project/venv/lib/python3.12/site-packages/airflow/example_dags/example_time_delta_sensor_async.py for tasks to queue
[2026-01-07T12:08:37.143+0530] {logging_mixin.py:190} INFO - [2026-01-07T12:08:37.143+0530] {dagbag.py:588} INFO - Filling up the DagBag from /home/sneha/spotify_airflow_project/venv/lib/python3.12/site-packages/airflow/example_dags/example_time_delta_sensor_async.py
[2026-01-07T12:08:37.148+0530] {processor.py:925} INFO - DAG(s) 'example_time_delta_sensor_async' retrieved from /home/sneha/spotify_airflow_project/venv/lib/python3.12/site-packages/airflow/example_dags/example_time_delta_sensor_async.py
[2026-01-07T12:08:37.165+0530] {logging_mixin.py:190} INFO - [2026-01-07T12:08:37.164+0530] {dag.py:3239} INFO - Sync 1 DAGs
[2026-01-07T12:08:37.177+0530] {logging_mixin.py:190} INFO - [2026-01-07T12:08:37.177+0530] {dag.py:4180} INFO - Setting next_dagrun for example_time_delta_sensor_async to None, run_after=None
[2026-01-07T12:08:37.195+0530] {processor.py:208} INFO - Processing /home/sneha/spotify_airflow_project/venv/lib/python3.12/site-packages/airflow/example_dags/example_time_delta_sensor_async.py took 0.067 seconds
[2026-01-07T12:09:29.297+0530] {processor.py:186} INFO - Started process (PID=18399) to work on /home/sneha/spotify_airflow_project/venv/lib/python3.12/site-packages/airflow/example_dags/example_time_delta_sensor_async.py
[2026-01-07T12:09:29.308+0530] {processor.py:914} INFO - Processing file /home/sneha/spotify_airflow_project/venv/lib/python3.12/site-packages/airflow/example_dags/example_time_delta_sensor_async.py for tasks to queue
[2026-01-07T12:09:29.309+0530] {logging_mixin.py:190} INFO - [2026-01-07T12:09:29.309+0530] {dagbag.py:588} INFO - Filling up the DagBag from /home/sneha/spotify_airflow_project/venv/lib/python3.12/site-packages/airflow/example_dags/example_time_delta_sensor_async.py
[2026-01-07T12:09:29.314+0530] {processor.py:925} INFO - DAG(s) 'example_time_delta_sensor_async' retrieved from /home/sneha/spotify_airflow_project/venv/lib/python3.12/site-packages/airflow/example_dags/example_time_delta_sensor_async.py
[2026-01-07T12:09:29.332+0530] {logging_mixin.py:190} INFO - [2026-01-07T12:09:29.332+0530] {dag.py:3239} INFO - Sync 1 DAGs
[2026-01-07T12:09:29.344+0530] {logging_mixin.py:190} INFO - [2026-01-07T12:09:29.343+0530] {dag.py:4180} INFO - Setting next_dagrun for example_time_delta_sensor_async to None, run_after=None
[2026-01-07T12:09:29.361+0530] {processor.py:208} INFO - Processing /home/sneha/spotify_airflow_project/venv/lib/python3.12/site-packages/airflow/example_dags/example_time_delta_sensor_async.py took 0.072 seconds
[2026-01-07T12:10:21.433+0530] {processor.py:186} INFO - Started process (PID=18499) to work on /home/sneha/spotify_airflow_project/venv/lib/python3.12/site-packages/airflow/example_dags/example_time_delta_sensor_async.py
[2026-01-07T12:10:21.435+0530] {processor.py:914} INFO - Processing file /home/sneha/spotify_airflow_project/venv/lib/python3.12/site-packages/airflow/example_dags/example_time_delta_sensor_async.py for tasks to queue
[2026-01-07T12:10:21.436+0530] {logging_mixin.py:190} INFO - [2026-01-07T12:10:21.436+0530] {dagbag.py:588} INFO - Filling up the DagBag from /home/sneha/spotify_airflow_project/venv/lib/python3.12/site-packages/airflow/example_dags/example_time_delta_sensor_async.py
[2026-01-07T12:10:21.441+0530] {processor.py:925} INFO - DAG(s) 'example_time_delta_sensor_async' retrieved from /home/sneha/spotify_airflow_project/venv/lib/python3.12/site-packages/airflow/example_dags/example_time_delta_sensor_async.py
[2026-01-07T12:10:21.457+0530] {logging_mixin.py:190} INFO - [2026-01-07T12:10:21.457+0530] {dag.py:3239} INFO - Sync 1 DAGs
[2026-01-07T12:10:21.469+0530] {logging_mixin.py:190} INFO - [2026-01-07T12:10:21.469+0530] {dag.py:4180} INFO - Setting next_dagrun for example_time_delta_sensor_async to None, run_after=None
[2026-01-07T12:10:21.487+0530] {processor.py:208} INFO - Processing /home/sneha/spotify_airflow_project/venv/lib/python3.12/site-packages/airflow/example_dags/example_time_delta_sensor_async.py took 0.065 seconds
[2026-01-07T12:11:15.463+0530] {processor.py:186} INFO - Started process (PID=18572) to work on /home/sneha/spotify_airflow_project/venv/lib/python3.12/site-packages/airflow/example_dags/example_time_delta_sensor_async.py
[2026-01-07T12:11:15.464+0530] {processor.py:914} INFO - Processing file /home/sneha/spotify_airflow_project/venv/lib/python3.12/site-packages/airflow/example_dags/example_time_delta_sensor_async.py for tasks to queue
[2026-01-07T12:11:15.466+0530] {logging_mixin.py:190} INFO - [2026-01-07T12:11:15.465+0530] {dagbag.py:588} INFO - Filling up the DagBag from /home/sneha/spotify_airflow_project/venv/lib/python3.12/site-packages/airflow/example_dags/example_time_delta_sensor_async.py
[2026-01-07T12:11:15.470+0530] {processor.py:925} INFO - DAG(s) 'example_time_delta_sensor_async' retrieved from /home/sneha/spotify_airflow_project/venv/lib/python3.12/site-packages/airflow/example_dags/example_time_delta_sensor_async.py
[2026-01-07T12:11:15.487+0530] {logging_mixin.py:190} INFO - [2026-01-07T12:11:15.486+0530] {dag.py:3239} INFO - Sync 1 DAGs
[2026-01-07T12:11:15.498+0530] {logging_mixin.py:190} INFO - [2026-01-07T12:11:15.498+0530] {dag.py:4180} INFO - Setting next_dagrun for example_time_delta_sensor_async to None, run_after=None
[2026-01-07T12:11:15.516+0530] {processor.py:208} INFO - Processing /home/sneha/spotify_airflow_project/venv/lib/python3.12/site-packages/airflow/example_dags/example_time_delta_sensor_async.py took 0.059 seconds
[2026-01-07T12:12:08.207+0530] {processor.py:186} INFO - Started process (PID=18630) to work on /home/sneha/spotify_airflow_project/venv/lib/python3.12/site-packages/airflow/example_dags/example_time_delta_sensor_async.py
[2026-01-07T12:12:08.208+0530] {processor.py:914} INFO - Processing file /home/sneha/spotify_airflow_project/venv/lib/python3.12/site-packages/airflow/example_dags/example_time_delta_sensor_async.py for tasks to queue
[2026-01-07T12:12:08.209+0530] {logging_mixin.py:190} INFO - [2026-01-07T12:12:08.209+0530] {dagbag.py:588} INFO - Filling up the DagBag from /home/sneha/spotify_airflow_project/venv/lib/python3.12/site-packages/airflow/example_dags/example_time_delta_sensor_async.py
[2026-01-07T12:12:08.214+0530] {processor.py:925} INFO - DAG(s) 'example_time_delta_sensor_async' retrieved from /home/sneha/spotify_airflow_project/venv/lib/python3.12/site-packages/airflow/example_dags/example_time_delta_sensor_async.py
[2026-01-07T12:12:08.230+0530] {logging_mixin.py:190} INFO - [2026-01-07T12:12:08.230+0530] {dag.py:3239} INFO - Sync 1 DAGs
[2026-01-07T12:12:08.241+0530] {logging_mixin.py:190} INFO - [2026-01-07T12:12:08.241+0530] {dag.py:4180} INFO - Setting next_dagrun for example_time_delta_sensor_async to None, run_after=None
[2026-01-07T12:12:08.258+0530] {processor.py:208} INFO - Processing /home/sneha/spotify_airflow_project/venv/lib/python3.12/site-packages/airflow/example_dags/example_time_delta_sensor_async.py took 0.059 seconds
[2026-01-07T12:13:00.604+0530] {processor.py:186} INFO - Started process (PID=18688) to work on /home/sneha/spotify_airflow_project/venv/lib/python3.12/site-packages/airflow/example_dags/example_time_delta_sensor_async.py
[2026-01-07T12:13:00.605+0530] {processor.py:914} INFO - Processing file /home/sneha/spotify_airflow_project/venv/lib/python3.12/site-packages/airflow/example_dags/example_time_delta_sensor_async.py for tasks to queue
[2026-01-07T12:13:00.606+0530] {logging_mixin.py:190} INFO - [2026-01-07T12:13:00.606+0530] {dagbag.py:588} INFO - Filling up the DagBag from /home/sneha/spotify_airflow_project/venv/lib/python3.12/site-packages/airflow/example_dags/example_time_delta_sensor_async.py
[2026-01-07T12:13:00.611+0530] {processor.py:925} INFO - DAG(s) 'example_time_delta_sensor_async' retrieved from /home/sneha/spotify_airflow_project/venv/lib/python3.12/site-packages/airflow/example_dags/example_time_delta_sensor_async.py
[2026-01-07T12:13:00.627+0530] {logging_mixin.py:190} INFO - [2026-01-07T12:13:00.627+0530] {dag.py:3239} INFO - Sync 1 DAGs
[2026-01-07T12:13:00.639+0530] {logging_mixin.py:190} INFO - [2026-01-07T12:13:00.639+0530] {dag.py:4180} INFO - Setting next_dagrun for example_time_delta_sensor_async to None, run_after=None
[2026-01-07T12:13:00.659+0530] {processor.py:208} INFO - Processing /home/sneha/spotify_airflow_project/venv/lib/python3.12/site-packages/airflow/example_dags/example_time_delta_sensor_async.py took 0.066 seconds
[2026-01-07T12:13:54.563+0530] {processor.py:186} INFO - Started process (PID=18841) to work on /home/sneha/spotify_airflow_project/venv/lib/python3.12/site-packages/airflow/example_dags/example_time_delta_sensor_async.py
[2026-01-07T12:13:54.565+0530] {processor.py:914} INFO - Processing file /home/sneha/spotify_airflow_project/venv/lib/python3.12/site-packages/airflow/example_dags/example_time_delta_sensor_async.py for tasks to queue
[2026-01-07T12:13:54.567+0530] {logging_mixin.py:190} INFO - [2026-01-07T12:13:54.566+0530] {dagbag.py:588} INFO - Filling up the DagBag from /home/sneha/spotify_airflow_project/venv/lib/python3.12/site-packages/airflow/example_dags/example_time_delta_sensor_async.py
[2026-01-07T12:13:54.571+0530] {processor.py:925} INFO - DAG(s) 'example_time_delta_sensor_async' retrieved from /home/sneha/spotify_airflow_project/venv/lib/python3.12/site-packages/airflow/example_dags/example_time_delta_sensor_async.py
[2026-01-07T12:13:54.589+0530] {logging_mixin.py:190} INFO - [2026-01-07T12:13:54.589+0530] {dag.py:3239} INFO - Sync 1 DAGs
[2026-01-07T12:13:54.600+0530] {logging_mixin.py:190} INFO - [2026-01-07T12:13:54.600+0530] {dag.py:4180} INFO - Setting next_dagrun for example_time_delta_sensor_async to None, run_after=None
[2026-01-07T12:13:54.619+0530] {processor.py:208} INFO - Processing /home/sneha/spotify_airflow_project/venv/lib/python3.12/site-packages/airflow/example_dags/example_time_delta_sensor_async.py took 0.069 seconds
[2026-01-07T12:14:49.409+0530] {processor.py:186} INFO - Started process (PID=18919) to work on /home/sneha/spotify_airflow_project/venv/lib/python3.12/site-packages/airflow/example_dags/example_time_delta_sensor_async.py
[2026-01-07T12:14:49.410+0530] {processor.py:914} INFO - Processing file /home/sneha/spotify_airflow_project/venv/lib/python3.12/site-packages/airflow/example_dags/example_time_delta_sensor_async.py for tasks to queue
[2026-01-07T12:14:49.411+0530] {logging_mixin.py:190} INFO - [2026-01-07T12:14:49.411+0530] {dagbag.py:588} INFO - Filling up the DagBag from /home/sneha/spotify_airflow_project/venv/lib/python3.12/site-packages/airflow/example_dags/example_time_delta_sensor_async.py
[2026-01-07T12:14:49.416+0530] {processor.py:925} INFO - DAG(s) 'example_time_delta_sensor_async' retrieved from /home/sneha/spotify_airflow_project/venv/lib/python3.12/site-packages/airflow/example_dags/example_time_delta_sensor_async.py
[2026-01-07T12:14:49.433+0530] {logging_mixin.py:190} INFO - [2026-01-07T12:14:49.433+0530] {dag.py:3239} INFO - Sync 1 DAGs
[2026-01-07T12:14:49.444+0530] {logging_mixin.py:190} INFO - [2026-01-07T12:14:49.444+0530] {dag.py:4180} INFO - Setting next_dagrun for example_time_delta_sensor_async to None, run_after=None
[2026-01-07T12:14:49.463+0530] {processor.py:208} INFO - Processing /home/sneha/spotify_airflow_project/venv/lib/python3.12/site-packages/airflow/example_dags/example_time_delta_sensor_async.py took 0.061 seconds
[2026-01-07T12:15:42.337+0530] {processor.py:186} INFO - Started process (PID=18998) to work on /home/sneha/spotify_airflow_project/venv/lib/python3.12/site-packages/airflow/example_dags/example_time_delta_sensor_async.py
[2026-01-07T12:15:42.338+0530] {processor.py:914} INFO - Processing file /home/sneha/spotify_airflow_project/venv/lib/python3.12/site-packages/airflow/example_dags/example_time_delta_sensor_async.py for tasks to queue
[2026-01-07T12:15:42.339+0530] {logging_mixin.py:190} INFO - [2026-01-07T12:15:42.339+0530] {dagbag.py:588} INFO - Filling up the DagBag from /home/sneha/spotify_airflow_project/venv/lib/python3.12/site-packages/airflow/example_dags/example_time_delta_sensor_async.py
[2026-01-07T12:15:42.344+0530] {processor.py:925} INFO - DAG(s) 'example_time_delta_sensor_async' retrieved from /home/sneha/spotify_airflow_project/venv/lib/python3.12/site-packages/airflow/example_dags/example_time_delta_sensor_async.py
[2026-01-07T12:15:42.362+0530] {logging_mixin.py:190} INFO - [2026-01-07T12:15:42.362+0530] {dag.py:3239} INFO - Sync 1 DAGs
[2026-01-07T12:15:42.375+0530] {logging_mixin.py:190} INFO - [2026-01-07T12:15:42.374+0530] {dag.py:4180} INFO - Setting next_dagrun for example_time_delta_sensor_async to None, run_after=None
[2026-01-07T12:15:42.393+0530] {processor.py:208} INFO - Processing /home/sneha/spotify_airflow_project/venv/lib/python3.12/site-packages/airflow/example_dags/example_time_delta_sensor_async.py took 0.067 seconds
[2026-01-07T12:16:37.369+0530] {processor.py:186} INFO - Started process (PID=19057) to work on /home/sneha/spotify_airflow_project/venv/lib/python3.12/site-packages/airflow/example_dags/example_time_delta_sensor_async.py
[2026-01-07T12:16:37.380+0530] {processor.py:914} INFO - Processing file /home/sneha/spotify_airflow_project/venv/lib/python3.12/site-packages/airflow/example_dags/example_time_delta_sensor_async.py for tasks to queue
[2026-01-07T12:16:37.382+0530] {logging_mixin.py:190} INFO - [2026-01-07T12:16:37.382+0530] {dagbag.py:588} INFO - Filling up the DagBag from /home/sneha/spotify_airflow_project/venv/lib/python3.12/site-packages/airflow/example_dags/example_time_delta_sensor_async.py
[2026-01-07T12:16:37.388+0530] {processor.py:925} INFO - DAG(s) 'example_time_delta_sensor_async' retrieved from /home/sneha/spotify_airflow_project/venv/lib/python3.12/site-packages/airflow/example_dags/example_time_delta_sensor_async.py
[2026-01-07T12:16:37.406+0530] {logging_mixin.py:190} INFO - [2026-01-07T12:16:37.405+0530] {dag.py:3239} INFO - Sync 1 DAGs
[2026-01-07T12:16:37.418+0530] {logging_mixin.py:190} INFO - [2026-01-07T12:16:37.417+0530] {dag.py:4180} INFO - Setting next_dagrun for example_time_delta_sensor_async to None, run_after=None
[2026-01-07T12:16:37.435+0530] {processor.py:208} INFO - Processing /home/sneha/spotify_airflow_project/venv/lib/python3.12/site-packages/airflow/example_dags/example_time_delta_sensor_async.py took 0.079 seconds
[2026-01-07T12:17:33.712+0530] {processor.py:186} INFO - Started process (PID=19119) to work on /home/sneha/spotify_airflow_project/venv/lib/python3.12/site-packages/airflow/example_dags/example_time_delta_sensor_async.py
[2026-01-07T12:17:33.713+0530] {processor.py:914} INFO - Processing file /home/sneha/spotify_airflow_project/venv/lib/python3.12/site-packages/airflow/example_dags/example_time_delta_sensor_async.py for tasks to queue
[2026-01-07T12:17:33.715+0530] {logging_mixin.py:190} INFO - [2026-01-07T12:17:33.714+0530] {dagbag.py:588} INFO - Filling up the DagBag from /home/sneha/spotify_airflow_project/venv/lib/python3.12/site-packages/airflow/example_dags/example_time_delta_sensor_async.py
[2026-01-07T12:17:33.719+0530] {processor.py:925} INFO - DAG(s) 'example_time_delta_sensor_async' retrieved from /home/sneha/spotify_airflow_project/venv/lib/python3.12/site-packages/airflow/example_dags/example_time_delta_sensor_async.py
[2026-01-07T12:17:33.736+0530] {logging_mixin.py:190} INFO - [2026-01-07T12:17:33.736+0530] {dag.py:3239} INFO - Sync 1 DAGs
[2026-01-07T12:17:33.749+0530] {logging_mixin.py:190} INFO - [2026-01-07T12:17:33.749+0530] {dag.py:4180} INFO - Setting next_dagrun for example_time_delta_sensor_async to None, run_after=None
[2026-01-07T12:17:33.771+0530] {processor.py:208} INFO - Processing /home/sneha/spotify_airflow_project/venv/lib/python3.12/site-packages/airflow/example_dags/example_time_delta_sensor_async.py took 0.070 seconds
[2026-01-07T12:18:29.314+0530] {processor.py:186} INFO - Started process (PID=19181) to work on /home/sneha/spotify_airflow_project/venv/lib/python3.12/site-packages/airflow/example_dags/example_time_delta_sensor_async.py
[2026-01-07T12:18:29.315+0530] {processor.py:914} INFO - Processing file /home/sneha/spotify_airflow_project/venv/lib/python3.12/site-packages/airflow/example_dags/example_time_delta_sensor_async.py for tasks to queue
[2026-01-07T12:18:29.317+0530] {logging_mixin.py:190} INFO - [2026-01-07T12:18:29.316+0530] {dagbag.py:588} INFO - Filling up the DagBag from /home/sneha/spotify_airflow_project/venv/lib/python3.12/site-packages/airflow/example_dags/example_time_delta_sensor_async.py
[2026-01-07T12:18:29.321+0530] {processor.py:925} INFO - DAG(s) 'example_time_delta_sensor_async' retrieved from /home/sneha/spotify_airflow_project/venv/lib/python3.12/site-packages/airflow/example_dags/example_time_delta_sensor_async.py
[2026-01-07T12:18:29.336+0530] {logging_mixin.py:190} INFO - [2026-01-07T12:18:29.336+0530] {dag.py:3239} INFO - Sync 1 DAGs
[2026-01-07T12:18:29.347+0530] {logging_mixin.py:190} INFO - [2026-01-07T12:18:29.347+0530] {dag.py:4180} INFO - Setting next_dagrun for example_time_delta_sensor_async to None, run_after=None
[2026-01-07T12:18:29.365+0530] {processor.py:208} INFO - Processing /home/sneha/spotify_airflow_project/venv/lib/python3.12/site-packages/airflow/example_dags/example_time_delta_sensor_async.py took 0.057 seconds
[2026-01-07T12:19:27.506+0530] {processor.py:186} INFO - Started process (PID=19318) to work on /home/sneha/spotify_airflow_project/venv/lib/python3.12/site-packages/airflow/example_dags/example_time_delta_sensor_async.py
[2026-01-07T12:19:27.507+0530] {processor.py:914} INFO - Processing file /home/sneha/spotify_airflow_project/venv/lib/python3.12/site-packages/airflow/example_dags/example_time_delta_sensor_async.py for tasks to queue
[2026-01-07T12:19:27.509+0530] {logging_mixin.py:190} INFO - [2026-01-07T12:19:27.509+0530] {dagbag.py:588} INFO - Filling up the DagBag from /home/sneha/spotify_airflow_project/venv/lib/python3.12/site-packages/airflow/example_dags/example_time_delta_sensor_async.py
[2026-01-07T12:19:27.514+0530] {processor.py:925} INFO - DAG(s) 'example_time_delta_sensor_async' retrieved from /home/sneha/spotify_airflow_project/venv/lib/python3.12/site-packages/airflow/example_dags/example_time_delta_sensor_async.py
[2026-01-07T12:19:27.532+0530] {logging_mixin.py:190} INFO - [2026-01-07T12:19:27.532+0530] {dag.py:3239} INFO - Sync 1 DAGs
[2026-01-07T12:19:27.544+0530] {logging_mixin.py:190} INFO - [2026-01-07T12:19:27.544+0530] {dag.py:4180} INFO - Setting next_dagrun for example_time_delta_sensor_async to None, run_after=None
[2026-01-07T12:19:27.562+0530] {processor.py:208} INFO - Processing /home/sneha/spotify_airflow_project/venv/lib/python3.12/site-packages/airflow/example_dags/example_time_delta_sensor_async.py took 0.069 seconds
[2026-01-07T12:20:22.701+0530] {processor.py:186} INFO - Started process (PID=19430) to work on /home/sneha/spotify_airflow_project/venv/lib/python3.12/site-packages/airflow/example_dags/example_time_delta_sensor_async.py
[2026-01-07T12:20:22.702+0530] {processor.py:914} INFO - Processing file /home/sneha/spotify_airflow_project/venv/lib/python3.12/site-packages/airflow/example_dags/example_time_delta_sensor_async.py for tasks to queue
[2026-01-07T12:20:22.704+0530] {logging_mixin.py:190} INFO - [2026-01-07T12:20:22.703+0530] {dagbag.py:588} INFO - Filling up the DagBag from /home/sneha/spotify_airflow_project/venv/lib/python3.12/site-packages/airflow/example_dags/example_time_delta_sensor_async.py
[2026-01-07T12:20:22.709+0530] {processor.py:925} INFO - DAG(s) 'example_time_delta_sensor_async' retrieved from /home/sneha/spotify_airflow_project/venv/lib/python3.12/site-packages/airflow/example_dags/example_time_delta_sensor_async.py
[2026-01-07T12:20:22.733+0530] {logging_mixin.py:190} INFO - [2026-01-07T12:20:22.732+0530] {dag.py:3239} INFO - Sync 1 DAGs
[2026-01-07T12:20:22.752+0530] {logging_mixin.py:190} INFO - [2026-01-07T12:20:22.752+0530] {dag.py:4180} INFO - Setting next_dagrun for example_time_delta_sensor_async to None, run_after=None
[2026-01-07T12:20:22.786+0530] {processor.py:208} INFO - Processing /home/sneha/spotify_airflow_project/venv/lib/python3.12/site-packages/airflow/example_dags/example_time_delta_sensor_async.py took 0.095 seconds
