[2026-01-07T11:47:20.418+0530] {processor.py:186} INFO - Started process (PID=7352) to work on /home/sneha/spotify_astro_project/venv/lib/python3.12/site-packages/airflow/example_dags/example_setup_teardown_taskflow.py
[2026-01-07T11:47:20.419+0530] {processor.py:914} INFO - Processing file /home/sneha/spotify_astro_project/venv/lib/python3.12/site-packages/airflow/example_dags/example_setup_teardown_taskflow.py for tasks to queue
[2026-01-07T11:47:20.420+0530] {logging_mixin.py:190} INFO - [2026-01-07T11:47:20.419+0530] {dagbag.py:588} INFO - Filling up the DagBag from /home/sneha/spotify_astro_project/venv/lib/python3.12/site-packages/airflow/example_dags/example_setup_teardown_taskflow.py
[2026-01-07T11:47:20.428+0530] {processor.py:925} INFO - DAG(s) 'example_setup_teardown_taskflow' retrieved from /home/sneha/spotify_astro_project/venv/lib/python3.12/site-packages/airflow/example_dags/example_setup_teardown_taskflow.py
[2026-01-07T11:47:20.556+0530] {logging_mixin.py:190} INFO - [2026-01-07T11:47:20.556+0530] {dag.py:3239} INFO - Sync 1 DAGs
[2026-01-07T11:47:20.566+0530] {logging_mixin.py:190} INFO - [2026-01-07T11:47:20.566+0530] {dag.py:4180} INFO - Setting next_dagrun for example_setup_teardown_taskflow to None, run_after=None
[2026-01-07T11:47:20.588+0530] {processor.py:208} INFO - Processing /home/sneha/spotify_astro_project/venv/lib/python3.12/site-packages/airflow/example_dags/example_setup_teardown_taskflow.py took 0.177 seconds
[2026-01-07T11:48:24.868+0530] {processor.py:186} INFO - Started process (PID=7805) to work on /home/sneha/spotify_astro_project/venv/lib/python3.12/site-packages/airflow/example_dags/example_setup_teardown_taskflow.py
[2026-01-07T11:48:24.869+0530] {processor.py:914} INFO - Processing file /home/sneha/spotify_astro_project/venv/lib/python3.12/site-packages/airflow/example_dags/example_setup_teardown_taskflow.py for tasks to queue
[2026-01-07T11:48:24.871+0530] {logging_mixin.py:190} INFO - [2026-01-07T11:48:24.870+0530] {dagbag.py:588} INFO - Filling up the DagBag from /home/sneha/spotify_astro_project/venv/lib/python3.12/site-packages/airflow/example_dags/example_setup_teardown_taskflow.py
[2026-01-07T11:48:24.881+0530] {processor.py:925} INFO - DAG(s) 'example_setup_teardown_taskflow' retrieved from /home/sneha/spotify_astro_project/venv/lib/python3.12/site-packages/airflow/example_dags/example_setup_teardown_taskflow.py
[2026-01-07T11:48:24.904+0530] {logging_mixin.py:190} INFO - [2026-01-07T11:48:24.904+0530] {dag.py:3239} INFO - Sync 1 DAGs
[2026-01-07T11:48:24.918+0530] {logging_mixin.py:190} INFO - [2026-01-07T11:48:24.918+0530] {dag.py:4180} INFO - Setting next_dagrun for example_setup_teardown_taskflow to None, run_after=None
[2026-01-07T11:48:24.943+0530] {processor.py:208} INFO - Processing /home/sneha/spotify_astro_project/venv/lib/python3.12/site-packages/airflow/example_dags/example_setup_teardown_taskflow.py took 0.081 seconds
[2026-01-07T11:49:24.601+0530] {processor.py:186} INFO - Started process (PID=8226) to work on /home/sneha/spotify_astro_project/venv/lib/python3.12/site-packages/airflow/example_dags/example_setup_teardown_taskflow.py
[2026-01-07T11:49:24.612+0530] {processor.py:914} INFO - Processing file /home/sneha/spotify_astro_project/venv/lib/python3.12/site-packages/airflow/example_dags/example_setup_teardown_taskflow.py for tasks to queue
[2026-01-07T11:49:24.614+0530] {logging_mixin.py:190} INFO - [2026-01-07T11:49:24.614+0530] {dagbag.py:588} INFO - Filling up the DagBag from /home/sneha/spotify_astro_project/venv/lib/python3.12/site-packages/airflow/example_dags/example_setup_teardown_taskflow.py
[2026-01-07T11:49:24.633+0530] {processor.py:925} INFO - DAG(s) 'example_setup_teardown_taskflow' retrieved from /home/sneha/spotify_astro_project/venv/lib/python3.12/site-packages/airflow/example_dags/example_setup_teardown_taskflow.py
[2026-01-07T11:49:24.660+0530] {logging_mixin.py:190} INFO - [2026-01-07T11:49:24.659+0530] {dag.py:3239} INFO - Sync 1 DAGs
[2026-01-07T11:49:24.676+0530] {logging_mixin.py:190} INFO - [2026-01-07T11:49:24.676+0530] {dag.py:4180} INFO - Setting next_dagrun for example_setup_teardown_taskflow to None, run_after=None
[2026-01-07T11:49:24.701+0530] {processor.py:208} INFO - Processing /home/sneha/spotify_astro_project/venv/lib/python3.12/site-packages/airflow/example_dags/example_setup_teardown_taskflow.py took 0.106 seconds
[2026-01-07T11:50:37.491+0530] {processor.py:186} INFO - Started process (PID=8811) to work on /home/sneha/spotify_astro_project/venv/lib/python3.12/site-packages/airflow/example_dags/example_setup_teardown_taskflow.py
[2026-01-07T11:50:37.492+0530] {processor.py:914} INFO - Processing file /home/sneha/spotify_astro_project/venv/lib/python3.12/site-packages/airflow/example_dags/example_setup_teardown_taskflow.py for tasks to queue
[2026-01-07T11:50:37.494+0530] {logging_mixin.py:190} INFO - [2026-01-07T11:50:37.494+0530] {dagbag.py:588} INFO - Filling up the DagBag from /home/sneha/spotify_astro_project/venv/lib/python3.12/site-packages/airflow/example_dags/example_setup_teardown_taskflow.py
[2026-01-07T11:50:37.502+0530] {processor.py:925} INFO - DAG(s) 'example_setup_teardown_taskflow' retrieved from /home/sneha/spotify_astro_project/venv/lib/python3.12/site-packages/airflow/example_dags/example_setup_teardown_taskflow.py
[2026-01-07T11:50:37.521+0530] {logging_mixin.py:190} INFO - [2026-01-07T11:50:37.521+0530] {dag.py:3239} INFO - Sync 1 DAGs
[2026-01-07T11:50:37.533+0530] {logging_mixin.py:190} INFO - [2026-01-07T11:50:37.532+0530] {dag.py:4180} INFO - Setting next_dagrun for example_setup_teardown_taskflow to None, run_after=None
[2026-01-07T11:50:37.551+0530] {processor.py:208} INFO - Processing /home/sneha/spotify_astro_project/venv/lib/python3.12/site-packages/airflow/example_dags/example_setup_teardown_taskflow.py took 0.073 seconds
[2026-01-07T11:57:32.174+0530] {processor.py:186} INFO - Started process (PID=17052) to work on /home/sneha/spotify_airflow_project/venv/lib/python3.12/site-packages/airflow/example_dags/example_setup_teardown_taskflow.py
[2026-01-07T11:57:32.185+0530] {processor.py:914} INFO - Processing file /home/sneha/spotify_airflow_project/venv/lib/python3.12/site-packages/airflow/example_dags/example_setup_teardown_taskflow.py for tasks to queue
[2026-01-07T11:57:32.186+0530] {logging_mixin.py:190} INFO - [2026-01-07T11:57:32.186+0530] {dagbag.py:588} INFO - Filling up the DagBag from /home/sneha/spotify_airflow_project/venv/lib/python3.12/site-packages/airflow/example_dags/example_setup_teardown_taskflow.py
[2026-01-07T11:57:32.197+0530] {processor.py:925} INFO - DAG(s) 'example_setup_teardown_taskflow' retrieved from /home/sneha/spotify_airflow_project/venv/lib/python3.12/site-packages/airflow/example_dags/example_setup_teardown_taskflow.py
[2026-01-07T11:57:32.310+0530] {logging_mixin.py:190} INFO - [2026-01-07T11:57:32.309+0530] {dag.py:3239} INFO - Sync 1 DAGs
[2026-01-07T11:57:32.322+0530] {logging_mixin.py:190} INFO - [2026-01-07T11:57:32.322+0530] {dag.py:4180} INFO - Setting next_dagrun for example_setup_teardown_taskflow to None, run_after=None
[2026-01-07T11:57:32.345+0530] {processor.py:208} INFO - Processing /home/sneha/spotify_airflow_project/venv/lib/python3.12/site-packages/airflow/example_dags/example_setup_teardown_taskflow.py took 0.177 seconds
[2026-01-07T11:58:33.017+0530] {processor.py:186} INFO - Started process (PID=17214) to work on /home/sneha/spotify_airflow_project/venv/lib/python3.12/site-packages/airflow/example_dags/example_setup_teardown_taskflow.py
[2026-01-07T11:58:33.018+0530] {processor.py:914} INFO - Processing file /home/sneha/spotify_airflow_project/venv/lib/python3.12/site-packages/airflow/example_dags/example_setup_teardown_taskflow.py for tasks to queue
[2026-01-07T11:58:33.020+0530] {logging_mixin.py:190} INFO - [2026-01-07T11:58:33.019+0530] {dagbag.py:588} INFO - Filling up the DagBag from /home/sneha/spotify_airflow_project/venv/lib/python3.12/site-packages/airflow/example_dags/example_setup_teardown_taskflow.py
[2026-01-07T11:58:33.028+0530] {processor.py:925} INFO - DAG(s) 'example_setup_teardown_taskflow' retrieved from /home/sneha/spotify_airflow_project/venv/lib/python3.12/site-packages/airflow/example_dags/example_setup_teardown_taskflow.py
[2026-01-07T11:58:33.047+0530] {logging_mixin.py:190} INFO - [2026-01-07T11:58:33.047+0530] {dag.py:3239} INFO - Sync 1 DAGs
[2026-01-07T11:58:33.058+0530] {logging_mixin.py:190} INFO - [2026-01-07T11:58:33.058+0530] {dag.py:4180} INFO - Setting next_dagrun for example_setup_teardown_taskflow to None, run_after=None
[2026-01-07T11:58:33.075+0530] {processor.py:208} INFO - Processing /home/sneha/spotify_airflow_project/venv/lib/python3.12/site-packages/airflow/example_dags/example_setup_teardown_taskflow.py took 0.069 seconds
[2026-01-07T11:59:28.619+0530] {processor.py:186} INFO - Started process (PID=17275) to work on /home/sneha/spotify_airflow_project/venv/lib/python3.12/site-packages/airflow/example_dags/example_setup_teardown_taskflow.py
[2026-01-07T11:59:28.620+0530] {processor.py:914} INFO - Processing file /home/sneha/spotify_airflow_project/venv/lib/python3.12/site-packages/airflow/example_dags/example_setup_teardown_taskflow.py for tasks to queue
[2026-01-07T11:59:28.621+0530] {logging_mixin.py:190} INFO - [2026-01-07T11:59:28.621+0530] {dagbag.py:588} INFO - Filling up the DagBag from /home/sneha/spotify_airflow_project/venv/lib/python3.12/site-packages/airflow/example_dags/example_setup_teardown_taskflow.py
[2026-01-07T11:59:28.630+0530] {processor.py:925} INFO - DAG(s) 'example_setup_teardown_taskflow' retrieved from /home/sneha/spotify_airflow_project/venv/lib/python3.12/site-packages/airflow/example_dags/example_setup_teardown_taskflow.py
[2026-01-07T11:59:28.649+0530] {logging_mixin.py:190} INFO - [2026-01-07T11:59:28.648+0530] {dag.py:3239} INFO - Sync 1 DAGs
[2026-01-07T11:59:28.661+0530] {logging_mixin.py:190} INFO - [2026-01-07T11:59:28.661+0530] {dag.py:4180} INFO - Setting next_dagrun for example_setup_teardown_taskflow to None, run_after=None
[2026-01-07T11:59:28.678+0530] {processor.py:208} INFO - Processing /home/sneha/spotify_airflow_project/venv/lib/python3.12/site-packages/airflow/example_dags/example_setup_teardown_taskflow.py took 0.068 seconds
[2026-01-07T12:00:34.642+0530] {processor.py:186} INFO - Started process (PID=17417) to work on /home/sneha/spotify_airflow_project/venv/lib/python3.12/site-packages/airflow/example_dags/example_setup_teardown_taskflow.py
[2026-01-07T12:00:34.653+0530] {processor.py:914} INFO - Processing file /home/sneha/spotify_airflow_project/venv/lib/python3.12/site-packages/airflow/example_dags/example_setup_teardown_taskflow.py for tasks to queue
[2026-01-07T12:00:34.655+0530] {logging_mixin.py:190} INFO - [2026-01-07T12:00:34.655+0530] {dagbag.py:588} INFO - Filling up the DagBag from /home/sneha/spotify_airflow_project/venv/lib/python3.12/site-packages/airflow/example_dags/example_setup_teardown_taskflow.py
[2026-01-07T12:00:34.666+0530] {processor.py:925} INFO - DAG(s) 'example_setup_teardown_taskflow' retrieved from /home/sneha/spotify_airflow_project/venv/lib/python3.12/site-packages/airflow/example_dags/example_setup_teardown_taskflow.py
[2026-01-07T12:00:34.685+0530] {logging_mixin.py:190} INFO - [2026-01-07T12:00:34.684+0530] {dag.py:3239} INFO - Sync 1 DAGs
[2026-01-07T12:00:34.829+0530] {logging_mixin.py:190} INFO - [2026-01-07T12:00:34.829+0530] {dag.py:4180} INFO - Setting next_dagrun for example_setup_teardown_taskflow to None, run_after=None
[2026-01-07T12:00:34.846+0530] {processor.py:208} INFO - Processing /home/sneha/spotify_airflow_project/venv/lib/python3.12/site-packages/airflow/example_dags/example_setup_teardown_taskflow.py took 0.215 seconds
[2026-01-07T12:01:34.841+0530] {processor.py:186} INFO - Started process (PID=17525) to work on /home/sneha/spotify_airflow_project/venv/lib/python3.12/site-packages/airflow/example_dags/example_setup_teardown_taskflow.py
[2026-01-07T12:01:34.843+0530] {processor.py:914} INFO - Processing file /home/sneha/spotify_airflow_project/venv/lib/python3.12/site-packages/airflow/example_dags/example_setup_teardown_taskflow.py for tasks to queue
[2026-01-07T12:01:34.845+0530] {logging_mixin.py:190} INFO - [2026-01-07T12:01:34.844+0530] {dagbag.py:588} INFO - Filling up the DagBag from /home/sneha/spotify_airflow_project/venv/lib/python3.12/site-packages/airflow/example_dags/example_setup_teardown_taskflow.py
[2026-01-07T12:01:34.855+0530] {processor.py:925} INFO - DAG(s) 'example_setup_teardown_taskflow' retrieved from /home/sneha/spotify_airflow_project/venv/lib/python3.12/site-packages/airflow/example_dags/example_setup_teardown_taskflow.py
[2026-01-07T12:01:34.878+0530] {logging_mixin.py:190} INFO - [2026-01-07T12:01:34.878+0530] {dag.py:3239} INFO - Sync 1 DAGs
[2026-01-07T12:01:34.893+0530] {logging_mixin.py:190} INFO - [2026-01-07T12:01:34.892+0530] {dag.py:4180} INFO - Setting next_dagrun for example_setup_teardown_taskflow to None, run_after=None
[2026-01-07T12:01:34.943+0530] {processor.py:208} INFO - Processing /home/sneha/spotify_airflow_project/venv/lib/python3.12/site-packages/airflow/example_dags/example_setup_teardown_taskflow.py took 0.113 seconds
[2026-01-07T12:02:30.907+0530] {processor.py:186} INFO - Started process (PID=17664) to work on /home/sneha/spotify_airflow_project/venv/lib/python3.12/site-packages/airflow/example_dags/example_setup_teardown_taskflow.py
[2026-01-07T12:02:30.908+0530] {processor.py:914} INFO - Processing file /home/sneha/spotify_airflow_project/venv/lib/python3.12/site-packages/airflow/example_dags/example_setup_teardown_taskflow.py for tasks to queue
[2026-01-07T12:02:30.909+0530] {logging_mixin.py:190} INFO - [2026-01-07T12:02:30.909+0530] {dagbag.py:588} INFO - Filling up the DagBag from /home/sneha/spotify_airflow_project/venv/lib/python3.12/site-packages/airflow/example_dags/example_setup_teardown_taskflow.py
[2026-01-07T12:02:30.918+0530] {processor.py:925} INFO - DAG(s) 'example_setup_teardown_taskflow' retrieved from /home/sneha/spotify_airflow_project/venv/lib/python3.12/site-packages/airflow/example_dags/example_setup_teardown_taskflow.py
[2026-01-07T12:02:30.937+0530] {logging_mixin.py:190} INFO - [2026-01-07T12:02:30.936+0530] {dag.py:3239} INFO - Sync 1 DAGs
[2026-01-07T12:02:30.948+0530] {logging_mixin.py:190} INFO - [2026-01-07T12:02:30.948+0530] {dag.py:4180} INFO - Setting next_dagrun for example_setup_teardown_taskflow to None, run_after=None
[2026-01-07T12:02:30.968+0530] {processor.py:208} INFO - Processing /home/sneha/spotify_airflow_project/venv/lib/python3.12/site-packages/airflow/example_dags/example_setup_teardown_taskflow.py took 0.069 seconds
[2026-01-07T12:03:25.535+0530] {processor.py:186} INFO - Started process (PID=17721) to work on /home/sneha/spotify_airflow_project/venv/lib/python3.12/site-packages/airflow/example_dags/example_setup_teardown_taskflow.py
[2026-01-07T12:03:25.537+0530] {processor.py:914} INFO - Processing file /home/sneha/spotify_airflow_project/venv/lib/python3.12/site-packages/airflow/example_dags/example_setup_teardown_taskflow.py for tasks to queue
[2026-01-07T12:03:25.538+0530] {logging_mixin.py:190} INFO - [2026-01-07T12:03:25.538+0530] {dagbag.py:588} INFO - Filling up the DagBag from /home/sneha/spotify_airflow_project/venv/lib/python3.12/site-packages/airflow/example_dags/example_setup_teardown_taskflow.py
[2026-01-07T12:03:25.547+0530] {processor.py:925} INFO - DAG(s) 'example_setup_teardown_taskflow' retrieved from /home/sneha/spotify_airflow_project/venv/lib/python3.12/site-packages/airflow/example_dags/example_setup_teardown_taskflow.py
[2026-01-07T12:03:25.566+0530] {logging_mixin.py:190} INFO - [2026-01-07T12:03:25.566+0530] {dag.py:3239} INFO - Sync 1 DAGs
[2026-01-07T12:03:25.579+0530] {logging_mixin.py:190} INFO - [2026-01-07T12:03:25.579+0530] {dag.py:4180} INFO - Setting next_dagrun for example_setup_teardown_taskflow to None, run_after=None
[2026-01-07T12:03:25.600+0530] {processor.py:208} INFO - Processing /home/sneha/spotify_airflow_project/venv/lib/python3.12/site-packages/airflow/example_dags/example_setup_teardown_taskflow.py took 0.079 seconds
[2026-01-07T12:04:23.201+0530] {processor.py:186} INFO - Started process (PID=18015) to work on /home/sneha/spotify_airflow_project/venv/lib/python3.12/site-packages/airflow/example_dags/example_setup_teardown_taskflow.py
[2026-01-07T12:04:23.202+0530] {processor.py:914} INFO - Processing file /home/sneha/spotify_airflow_project/venv/lib/python3.12/site-packages/airflow/example_dags/example_setup_teardown_taskflow.py for tasks to queue
[2026-01-07T12:04:23.204+0530] {logging_mixin.py:190} INFO - [2026-01-07T12:04:23.203+0530] {dagbag.py:588} INFO - Filling up the DagBag from /home/sneha/spotify_airflow_project/venv/lib/python3.12/site-packages/airflow/example_dags/example_setup_teardown_taskflow.py
[2026-01-07T12:04:23.213+0530] {processor.py:925} INFO - DAG(s) 'example_setup_teardown_taskflow' retrieved from /home/sneha/spotify_airflow_project/venv/lib/python3.12/site-packages/airflow/example_dags/example_setup_teardown_taskflow.py
[2026-01-07T12:04:23.231+0530] {logging_mixin.py:190} INFO - [2026-01-07T12:04:23.230+0530] {dag.py:3239} INFO - Sync 1 DAGs
[2026-01-07T12:04:23.243+0530] {logging_mixin.py:190} INFO - [2026-01-07T12:04:23.242+0530] {dag.py:4180} INFO - Setting next_dagrun for example_setup_teardown_taskflow to None, run_after=None
[2026-01-07T12:04:23.260+0530] {processor.py:208} INFO - Processing /home/sneha/spotify_airflow_project/venv/lib/python3.12/site-packages/airflow/example_dags/example_setup_teardown_taskflow.py took 0.065 seconds
[2026-01-07T12:05:18.229+0530] {processor.py:186} INFO - Started process (PID=18110) to work on /home/sneha/spotify_airflow_project/venv/lib/python3.12/site-packages/airflow/example_dags/example_setup_teardown_taskflow.py
[2026-01-07T12:05:18.240+0530] {processor.py:914} INFO - Processing file /home/sneha/spotify_airflow_project/venv/lib/python3.12/site-packages/airflow/example_dags/example_setup_teardown_taskflow.py for tasks to queue
[2026-01-07T12:05:18.242+0530] {logging_mixin.py:190} INFO - [2026-01-07T12:05:18.241+0530] {dagbag.py:588} INFO - Filling up the DagBag from /home/sneha/spotify_airflow_project/venv/lib/python3.12/site-packages/airflow/example_dags/example_setup_teardown_taskflow.py
[2026-01-07T12:05:18.252+0530] {processor.py:925} INFO - DAG(s) 'example_setup_teardown_taskflow' retrieved from /home/sneha/spotify_airflow_project/venv/lib/python3.12/site-packages/airflow/example_dags/example_setup_teardown_taskflow.py
[2026-01-07T12:05:18.271+0530] {logging_mixin.py:190} INFO - [2026-01-07T12:05:18.271+0530] {dag.py:3239} INFO - Sync 1 DAGs
[2026-01-07T12:05:18.284+0530] {logging_mixin.py:190} INFO - [2026-01-07T12:05:18.284+0530] {dag.py:4180} INFO - Setting next_dagrun for example_setup_teardown_taskflow to None, run_after=None
[2026-01-07T12:05:18.302+0530] {processor.py:208} INFO - Processing /home/sneha/spotify_airflow_project/venv/lib/python3.12/site-packages/airflow/example_dags/example_setup_teardown_taskflow.py took 0.085 seconds
[2026-01-07T12:06:12.978+0530] {processor.py:186} INFO - Started process (PID=18188) to work on /home/sneha/spotify_airflow_project/venv/lib/python3.12/site-packages/airflow/example_dags/example_setup_teardown_taskflow.py
[2026-01-07T12:06:12.979+0530] {processor.py:914} INFO - Processing file /home/sneha/spotify_airflow_project/venv/lib/python3.12/site-packages/airflow/example_dags/example_setup_teardown_taskflow.py for tasks to queue
[2026-01-07T12:06:12.981+0530] {logging_mixin.py:190} INFO - [2026-01-07T12:06:12.980+0530] {dagbag.py:588} INFO - Filling up the DagBag from /home/sneha/spotify_airflow_project/venv/lib/python3.12/site-packages/airflow/example_dags/example_setup_teardown_taskflow.py
[2026-01-07T12:06:12.989+0530] {processor.py:925} INFO - DAG(s) 'example_setup_teardown_taskflow' retrieved from /home/sneha/spotify_airflow_project/venv/lib/python3.12/site-packages/airflow/example_dags/example_setup_teardown_taskflow.py
[2026-01-07T12:06:13.008+0530] {logging_mixin.py:190} INFO - [2026-01-07T12:06:13.008+0530] {dag.py:3239} INFO - Sync 1 DAGs
[2026-01-07T12:06:13.020+0530] {logging_mixin.py:190} INFO - [2026-01-07T12:06:13.020+0530] {dag.py:4180} INFO - Setting next_dagrun for example_setup_teardown_taskflow to None, run_after=None
[2026-01-07T12:06:13.038+0530] {processor.py:208} INFO - Processing /home/sneha/spotify_airflow_project/venv/lib/python3.12/site-packages/airflow/example_dags/example_setup_teardown_taskflow.py took 0.069 seconds
[2026-01-07T12:07:08.602+0530] {processor.py:186} INFO - Started process (PID=18247) to work on /home/sneha/spotify_airflow_project/venv/lib/python3.12/site-packages/airflow/example_dags/example_setup_teardown_taskflow.py
[2026-01-07T12:07:08.604+0530] {processor.py:914} INFO - Processing file /home/sneha/spotify_airflow_project/venv/lib/python3.12/site-packages/airflow/example_dags/example_setup_teardown_taskflow.py for tasks to queue
[2026-01-07T12:07:08.606+0530] {logging_mixin.py:190} INFO - [2026-01-07T12:07:08.605+0530] {dagbag.py:588} INFO - Filling up the DagBag from /home/sneha/spotify_airflow_project/venv/lib/python3.12/site-packages/airflow/example_dags/example_setup_teardown_taskflow.py
[2026-01-07T12:07:08.615+0530] {processor.py:925} INFO - DAG(s) 'example_setup_teardown_taskflow' retrieved from /home/sneha/spotify_airflow_project/venv/lib/python3.12/site-packages/airflow/example_dags/example_setup_teardown_taskflow.py
[2026-01-07T12:07:08.633+0530] {logging_mixin.py:190} INFO - [2026-01-07T12:07:08.633+0530] {dag.py:3239} INFO - Sync 1 DAGs
[2026-01-07T12:07:08.645+0530] {logging_mixin.py:190} INFO - [2026-01-07T12:07:08.645+0530] {dag.py:4180} INFO - Setting next_dagrun for example_setup_teardown_taskflow to None, run_after=None
[2026-01-07T12:07:08.664+0530] {processor.py:208} INFO - Processing /home/sneha/spotify_airflow_project/venv/lib/python3.12/site-packages/airflow/example_dags/example_setup_teardown_taskflow.py took 0.074 seconds
[2026-01-07T12:08:00.391+0530] {processor.py:186} INFO - Started process (PID=18303) to work on /home/sneha/spotify_airflow_project/venv/lib/python3.12/site-packages/airflow/example_dags/example_setup_teardown_taskflow.py
[2026-01-07T12:08:00.401+0530] {processor.py:914} INFO - Processing file /home/sneha/spotify_airflow_project/venv/lib/python3.12/site-packages/airflow/example_dags/example_setup_teardown_taskflow.py for tasks to queue
[2026-01-07T12:08:00.403+0530] {logging_mixin.py:190} INFO - [2026-01-07T12:08:00.403+0530] {dagbag.py:588} INFO - Filling up the DagBag from /home/sneha/spotify_airflow_project/venv/lib/python3.12/site-packages/airflow/example_dags/example_setup_teardown_taskflow.py
[2026-01-07T12:08:00.413+0530] {processor.py:925} INFO - DAG(s) 'example_setup_teardown_taskflow' retrieved from /home/sneha/spotify_airflow_project/venv/lib/python3.12/site-packages/airflow/example_dags/example_setup_teardown_taskflow.py
[2026-01-07T12:08:00.432+0530] {logging_mixin.py:190} INFO - [2026-01-07T12:08:00.432+0530] {dag.py:3239} INFO - Sync 1 DAGs
[2026-01-07T12:08:00.444+0530] {logging_mixin.py:190} INFO - [2026-01-07T12:08:00.444+0530] {dag.py:4180} INFO - Setting next_dagrun for example_setup_teardown_taskflow to None, run_after=None
[2026-01-07T12:08:00.464+0530] {processor.py:208} INFO - Processing /home/sneha/spotify_airflow_project/venv/lib/python3.12/site-packages/airflow/example_dags/example_setup_teardown_taskflow.py took 0.084 seconds
[2026-01-07T12:08:54.599+0530] {processor.py:186} INFO - Started process (PID=18360) to work on /home/sneha/spotify_airflow_project/venv/lib/python3.12/site-packages/airflow/example_dags/example_setup_teardown_taskflow.py
[2026-01-07T12:08:54.601+0530] {processor.py:914} INFO - Processing file /home/sneha/spotify_airflow_project/venv/lib/python3.12/site-packages/airflow/example_dags/example_setup_teardown_taskflow.py for tasks to queue
[2026-01-07T12:08:54.603+0530] {logging_mixin.py:190} INFO - [2026-01-07T12:08:54.602+0530] {dagbag.py:588} INFO - Filling up the DagBag from /home/sneha/spotify_airflow_project/venv/lib/python3.12/site-packages/airflow/example_dags/example_setup_teardown_taskflow.py
[2026-01-07T12:08:54.611+0530] {processor.py:925} INFO - DAG(s) 'example_setup_teardown_taskflow' retrieved from /home/sneha/spotify_airflow_project/venv/lib/python3.12/site-packages/airflow/example_dags/example_setup_teardown_taskflow.py
[2026-01-07T12:08:54.630+0530] {logging_mixin.py:190} INFO - [2026-01-07T12:08:54.630+0530] {dag.py:3239} INFO - Sync 1 DAGs
[2026-01-07T12:08:54.642+0530] {logging_mixin.py:190} INFO - [2026-01-07T12:08:54.641+0530] {dag.py:4180} INFO - Setting next_dagrun for example_setup_teardown_taskflow to None, run_after=None
[2026-01-07T12:08:54.660+0530] {processor.py:208} INFO - Processing /home/sneha/spotify_airflow_project/venv/lib/python3.12/site-packages/airflow/example_dags/example_setup_teardown_taskflow.py took 0.073 seconds
[2026-01-07T12:09:44.458+0530] {processor.py:186} INFO - Started process (PID=18416) to work on /home/sneha/spotify_airflow_project/venv/lib/python3.12/site-packages/airflow/example_dags/example_setup_teardown_taskflow.py
[2026-01-07T12:09:44.459+0530] {processor.py:914} INFO - Processing file /home/sneha/spotify_airflow_project/venv/lib/python3.12/site-packages/airflow/example_dags/example_setup_teardown_taskflow.py for tasks to queue
[2026-01-07T12:09:44.461+0530] {logging_mixin.py:190} INFO - [2026-01-07T12:09:44.461+0530] {dagbag.py:588} INFO - Filling up the DagBag from /home/sneha/spotify_airflow_project/venv/lib/python3.12/site-packages/airflow/example_dags/example_setup_teardown_taskflow.py
[2026-01-07T12:09:44.472+0530] {processor.py:925} INFO - DAG(s) 'example_setup_teardown_taskflow' retrieved from /home/sneha/spotify_airflow_project/venv/lib/python3.12/site-packages/airflow/example_dags/example_setup_teardown_taskflow.py
[2026-01-07T12:09:44.496+0530] {logging_mixin.py:190} INFO - [2026-01-07T12:09:44.496+0530] {dag.py:3239} INFO - Sync 1 DAGs
[2026-01-07T12:09:44.515+0530] {logging_mixin.py:190} INFO - [2026-01-07T12:09:44.514+0530] {dag.py:4180} INFO - Setting next_dagrun for example_setup_teardown_taskflow to None, run_after=None
[2026-01-07T12:09:44.538+0530] {processor.py:208} INFO - Processing /home/sneha/spotify_airflow_project/venv/lib/python3.12/site-packages/airflow/example_dags/example_setup_teardown_taskflow.py took 0.092 seconds
[2026-01-07T12:10:38.154+0530] {processor.py:186} INFO - Started process (PID=18534) to work on /home/sneha/spotify_airflow_project/venv/lib/python3.12/site-packages/airflow/example_dags/example_setup_teardown_taskflow.py
[2026-01-07T12:10:38.165+0530] {processor.py:914} INFO - Processing file /home/sneha/spotify_airflow_project/venv/lib/python3.12/site-packages/airflow/example_dags/example_setup_teardown_taskflow.py for tasks to queue
[2026-01-07T12:10:38.167+0530] {logging_mixin.py:190} INFO - [2026-01-07T12:10:38.166+0530] {dagbag.py:588} INFO - Filling up the DagBag from /home/sneha/spotify_airflow_project/venv/lib/python3.12/site-packages/airflow/example_dags/example_setup_teardown_taskflow.py
[2026-01-07T12:10:38.177+0530] {processor.py:925} INFO - DAG(s) 'example_setup_teardown_taskflow' retrieved from /home/sneha/spotify_airflow_project/venv/lib/python3.12/site-packages/airflow/example_dags/example_setup_teardown_taskflow.py
[2026-01-07T12:10:38.195+0530] {logging_mixin.py:190} INFO - [2026-01-07T12:10:38.195+0530] {dag.py:3239} INFO - Sync 1 DAGs
[2026-01-07T12:10:38.207+0530] {logging_mixin.py:190} INFO - [2026-01-07T12:10:38.207+0530] {dag.py:4180} INFO - Setting next_dagrun for example_setup_teardown_taskflow to None, run_after=None
[2026-01-07T12:10:38.224+0530] {processor.py:208} INFO - Processing /home/sneha/spotify_airflow_project/venv/lib/python3.12/site-packages/airflow/example_dags/example_setup_teardown_taskflow.py took 0.082 seconds
[2026-01-07T12:11:30.639+0530] {processor.py:186} INFO - Started process (PID=18590) to work on /home/sneha/spotify_airflow_project/venv/lib/python3.12/site-packages/airflow/example_dags/example_setup_teardown_taskflow.py
[2026-01-07T12:11:30.640+0530] {processor.py:914} INFO - Processing file /home/sneha/spotify_airflow_project/venv/lib/python3.12/site-packages/airflow/example_dags/example_setup_teardown_taskflow.py for tasks to queue
[2026-01-07T12:11:30.641+0530] {logging_mixin.py:190} INFO - [2026-01-07T12:11:30.641+0530] {dagbag.py:588} INFO - Filling up the DagBag from /home/sneha/spotify_airflow_project/venv/lib/python3.12/site-packages/airflow/example_dags/example_setup_teardown_taskflow.py
[2026-01-07T12:11:30.649+0530] {processor.py:925} INFO - DAG(s) 'example_setup_teardown_taskflow' retrieved from /home/sneha/spotify_airflow_project/venv/lib/python3.12/site-packages/airflow/example_dags/example_setup_teardown_taskflow.py
[2026-01-07T12:11:30.666+0530] {logging_mixin.py:190} INFO - [2026-01-07T12:11:30.665+0530] {dag.py:3239} INFO - Sync 1 DAGs
[2026-01-07T12:11:30.676+0530] {logging_mixin.py:190} INFO - [2026-01-07T12:11:30.676+0530] {dag.py:4180} INFO - Setting next_dagrun for example_setup_teardown_taskflow to None, run_after=None
[2026-01-07T12:11:30.694+0530] {processor.py:208} INFO - Processing /home/sneha/spotify_airflow_project/venv/lib/python3.12/site-packages/airflow/example_dags/example_setup_teardown_taskflow.py took 0.065 seconds
[2026-01-07T12:12:23.149+0530] {processor.py:186} INFO - Started process (PID=18647) to work on /home/sneha/spotify_airflow_project/venv/lib/python3.12/site-packages/airflow/example_dags/example_setup_teardown_taskflow.py
[2026-01-07T12:12:23.151+0530] {processor.py:914} INFO - Processing file /home/sneha/spotify_airflow_project/venv/lib/python3.12/site-packages/airflow/example_dags/example_setup_teardown_taskflow.py for tasks to queue
[2026-01-07T12:12:23.152+0530] {logging_mixin.py:190} INFO - [2026-01-07T12:12:23.151+0530] {dagbag.py:588} INFO - Filling up the DagBag from /home/sneha/spotify_airflow_project/venv/lib/python3.12/site-packages/airflow/example_dags/example_setup_teardown_taskflow.py
[2026-01-07T12:12:23.160+0530] {processor.py:925} INFO - DAG(s) 'example_setup_teardown_taskflow' retrieved from /home/sneha/spotify_airflow_project/venv/lib/python3.12/site-packages/airflow/example_dags/example_setup_teardown_taskflow.py
[2026-01-07T12:12:23.178+0530] {logging_mixin.py:190} INFO - [2026-01-07T12:12:23.178+0530] {dag.py:3239} INFO - Sync 1 DAGs
[2026-01-07T12:12:23.190+0530] {logging_mixin.py:190} INFO - [2026-01-07T12:12:23.190+0530] {dag.py:4180} INFO - Setting next_dagrun for example_setup_teardown_taskflow to None, run_after=None
[2026-01-07T12:12:23.210+0530] {processor.py:208} INFO - Processing /home/sneha/spotify_airflow_project/venv/lib/python3.12/site-packages/airflow/example_dags/example_setup_teardown_taskflow.py took 0.072 seconds
[2026-01-07T12:13:16.691+0530] {processor.py:186} INFO - Started process (PID=18712) to work on /home/sneha/spotify_airflow_project/venv/lib/python3.12/site-packages/airflow/example_dags/example_setup_teardown_taskflow.py
[2026-01-07T12:13:16.692+0530] {processor.py:914} INFO - Processing file /home/sneha/spotify_airflow_project/venv/lib/python3.12/site-packages/airflow/example_dags/example_setup_teardown_taskflow.py for tasks to queue
[2026-01-07T12:13:16.693+0530] {logging_mixin.py:190} INFO - [2026-01-07T12:13:16.693+0530] {dagbag.py:588} INFO - Filling up the DagBag from /home/sneha/spotify_airflow_project/venv/lib/python3.12/site-packages/airflow/example_dags/example_setup_teardown_taskflow.py
[2026-01-07T12:13:16.702+0530] {processor.py:925} INFO - DAG(s) 'example_setup_teardown_taskflow' retrieved from /home/sneha/spotify_airflow_project/venv/lib/python3.12/site-packages/airflow/example_dags/example_setup_teardown_taskflow.py
[2026-01-07T12:13:16.720+0530] {logging_mixin.py:190} INFO - [2026-01-07T12:13:16.720+0530] {dag.py:3239} INFO - Sync 1 DAGs
[2026-01-07T12:13:16.731+0530] {logging_mixin.py:190} INFO - [2026-01-07T12:13:16.731+0530] {dag.py:4180} INFO - Setting next_dagrun for example_setup_teardown_taskflow to None, run_after=None
[2026-01-07T12:13:16.749+0530] {processor.py:208} INFO - Processing /home/sneha/spotify_airflow_project/venv/lib/python3.12/site-packages/airflow/example_dags/example_setup_teardown_taskflow.py took 0.069 seconds
[2026-01-07T12:14:11.276+0530] {processor.py:186} INFO - Started process (PID=18877) to work on /home/sneha/spotify_airflow_project/venv/lib/python3.12/site-packages/airflow/example_dags/example_setup_teardown_taskflow.py
[2026-01-07T12:14:11.277+0530] {processor.py:914} INFO - Processing file /home/sneha/spotify_airflow_project/venv/lib/python3.12/site-packages/airflow/example_dags/example_setup_teardown_taskflow.py for tasks to queue
[2026-01-07T12:14:11.278+0530] {logging_mixin.py:190} INFO - [2026-01-07T12:14:11.278+0530] {dagbag.py:588} INFO - Filling up the DagBag from /home/sneha/spotify_airflow_project/venv/lib/python3.12/site-packages/airflow/example_dags/example_setup_teardown_taskflow.py
[2026-01-07T12:14:11.287+0530] {processor.py:925} INFO - DAG(s) 'example_setup_teardown_taskflow' retrieved from /home/sneha/spotify_airflow_project/venv/lib/python3.12/site-packages/airflow/example_dags/example_setup_teardown_taskflow.py
[2026-01-07T12:14:11.306+0530] {logging_mixin.py:190} INFO - [2026-01-07T12:14:11.306+0530] {dag.py:3239} INFO - Sync 1 DAGs
[2026-01-07T12:14:11.318+0530] {logging_mixin.py:190} INFO - [2026-01-07T12:14:11.317+0530] {dag.py:4180} INFO - Setting next_dagrun for example_setup_teardown_taskflow to None, run_after=None
[2026-01-07T12:14:11.338+0530] {processor.py:208} INFO - Processing /home/sneha/spotify_airflow_project/venv/lib/python3.12/site-packages/airflow/example_dags/example_setup_teardown_taskflow.py took 0.069 seconds
[2026-01-07T12:15:04.972+0530] {processor.py:186} INFO - Started process (PID=18940) to work on /home/sneha/spotify_airflow_project/venv/lib/python3.12/site-packages/airflow/example_dags/example_setup_teardown_taskflow.py
[2026-01-07T12:15:04.974+0530] {processor.py:914} INFO - Processing file /home/sneha/spotify_airflow_project/venv/lib/python3.12/site-packages/airflow/example_dags/example_setup_teardown_taskflow.py for tasks to queue
[2026-01-07T12:15:04.975+0530] {logging_mixin.py:190} INFO - [2026-01-07T12:15:04.975+0530] {dagbag.py:588} INFO - Filling up the DagBag from /home/sneha/spotify_airflow_project/venv/lib/python3.12/site-packages/airflow/example_dags/example_setup_teardown_taskflow.py
[2026-01-07T12:15:04.985+0530] {processor.py:925} INFO - DAG(s) 'example_setup_teardown_taskflow' retrieved from /home/sneha/spotify_airflow_project/venv/lib/python3.12/site-packages/airflow/example_dags/example_setup_teardown_taskflow.py
[2026-01-07T12:15:05.003+0530] {logging_mixin.py:190} INFO - [2026-01-07T12:15:05.003+0530] {dag.py:3239} INFO - Sync 1 DAGs
[2026-01-07T12:15:05.015+0530] {logging_mixin.py:190} INFO - [2026-01-07T12:15:05.014+0530] {dag.py:4180} INFO - Setting next_dagrun for example_setup_teardown_taskflow to None, run_after=None
[2026-01-07T12:15:05.036+0530] {processor.py:208} INFO - Processing /home/sneha/spotify_airflow_project/venv/lib/python3.12/site-packages/airflow/example_dags/example_setup_teardown_taskflow.py took 0.077 seconds
[2026-01-07T12:15:58.968+0530] {processor.py:186} INFO - Started process (PID=19015) to work on /home/sneha/spotify_airflow_project/venv/lib/python3.12/site-packages/airflow/example_dags/example_setup_teardown_taskflow.py
[2026-01-07T12:15:58.970+0530] {processor.py:914} INFO - Processing file /home/sneha/spotify_airflow_project/venv/lib/python3.12/site-packages/airflow/example_dags/example_setup_teardown_taskflow.py for tasks to queue
[2026-01-07T12:15:58.972+0530] {logging_mixin.py:190} INFO - [2026-01-07T12:15:58.972+0530] {dagbag.py:588} INFO - Filling up the DagBag from /home/sneha/spotify_airflow_project/venv/lib/python3.12/site-packages/airflow/example_dags/example_setup_teardown_taskflow.py
[2026-01-07T12:15:58.982+0530] {processor.py:925} INFO - DAG(s) 'example_setup_teardown_taskflow' retrieved from /home/sneha/spotify_airflow_project/venv/lib/python3.12/site-packages/airflow/example_dags/example_setup_teardown_taskflow.py
[2026-01-07T12:15:59.000+0530] {logging_mixin.py:190} INFO - [2026-01-07T12:15:59.000+0530] {dag.py:3239} INFO - Sync 1 DAGs
[2026-01-07T12:15:59.012+0530] {logging_mixin.py:190} INFO - [2026-01-07T12:15:59.012+0530] {dag.py:4180} INFO - Setting next_dagrun for example_setup_teardown_taskflow to None, run_after=None
[2026-01-07T12:15:59.032+0530] {processor.py:208} INFO - Processing /home/sneha/spotify_airflow_project/venv/lib/python3.12/site-packages/airflow/example_dags/example_setup_teardown_taskflow.py took 0.077 seconds
[2026-01-07T12:16:55.383+0530] {processor.py:186} INFO - Started process (PID=19076) to work on /home/sneha/spotify_airflow_project/venv/lib/python3.12/site-packages/airflow/example_dags/example_setup_teardown_taskflow.py
[2026-01-07T12:16:55.384+0530] {processor.py:914} INFO - Processing file /home/sneha/spotify_airflow_project/venv/lib/python3.12/site-packages/airflow/example_dags/example_setup_teardown_taskflow.py for tasks to queue
[2026-01-07T12:16:55.385+0530] {logging_mixin.py:190} INFO - [2026-01-07T12:16:55.385+0530] {dagbag.py:588} INFO - Filling up the DagBag from /home/sneha/spotify_airflow_project/venv/lib/python3.12/site-packages/airflow/example_dags/example_setup_teardown_taskflow.py
[2026-01-07T12:16:55.394+0530] {processor.py:925} INFO - DAG(s) 'example_setup_teardown_taskflow' retrieved from /home/sneha/spotify_airflow_project/venv/lib/python3.12/site-packages/airflow/example_dags/example_setup_teardown_taskflow.py
[2026-01-07T12:16:55.413+0530] {logging_mixin.py:190} INFO - [2026-01-07T12:16:55.413+0530] {dag.py:3239} INFO - Sync 1 DAGs
[2026-01-07T12:16:55.425+0530] {logging_mixin.py:190} INFO - [2026-01-07T12:16:55.425+0530] {dag.py:4180} INFO - Setting next_dagrun for example_setup_teardown_taskflow to None, run_after=None
[2026-01-07T12:16:55.445+0530] {processor.py:208} INFO - Processing /home/sneha/spotify_airflow_project/venv/lib/python3.12/site-packages/airflow/example_dags/example_setup_teardown_taskflow.py took 0.073 seconds
[2026-01-07T12:17:50.586+0530] {processor.py:186} INFO - Started process (PID=19137) to work on /home/sneha/spotify_airflow_project/venv/lib/python3.12/site-packages/airflow/example_dags/example_setup_teardown_taskflow.py
[2026-01-07T12:17:50.587+0530] {processor.py:914} INFO - Processing file /home/sneha/spotify_airflow_project/venv/lib/python3.12/site-packages/airflow/example_dags/example_setup_teardown_taskflow.py for tasks to queue
[2026-01-07T12:17:50.589+0530] {logging_mixin.py:190} INFO - [2026-01-07T12:17:50.589+0530] {dagbag.py:588} INFO - Filling up the DagBag from /home/sneha/spotify_airflow_project/venv/lib/python3.12/site-packages/airflow/example_dags/example_setup_teardown_taskflow.py
[2026-01-07T12:17:50.598+0530] {processor.py:925} INFO - DAG(s) 'example_setup_teardown_taskflow' retrieved from /home/sneha/spotify_airflow_project/venv/lib/python3.12/site-packages/airflow/example_dags/example_setup_teardown_taskflow.py
[2026-01-07T12:17:50.618+0530] {logging_mixin.py:190} INFO - [2026-01-07T12:17:50.618+0530] {dag.py:3239} INFO - Sync 1 DAGs
[2026-01-07T12:17:50.631+0530] {logging_mixin.py:190} INFO - [2026-01-07T12:17:50.631+0530] {dag.py:4180} INFO - Setting next_dagrun for example_setup_teardown_taskflow to None, run_after=None
[2026-01-07T12:17:50.649+0530] {processor.py:208} INFO - Processing /home/sneha/spotify_airflow_project/venv/lib/python3.12/site-packages/airflow/example_dags/example_setup_teardown_taskflow.py took 0.075 seconds
[2026-01-07T12:18:47.317+0530] {processor.py:186} INFO - Started process (PID=19229) to work on /home/sneha/spotify_airflow_project/venv/lib/python3.12/site-packages/airflow/example_dags/example_setup_teardown_taskflow.py
[2026-01-07T12:18:47.318+0530] {processor.py:914} INFO - Processing file /home/sneha/spotify_airflow_project/venv/lib/python3.12/site-packages/airflow/example_dags/example_setup_teardown_taskflow.py for tasks to queue
[2026-01-07T12:18:47.320+0530] {logging_mixin.py:190} INFO - [2026-01-07T12:18:47.320+0530] {dagbag.py:588} INFO - Filling up the DagBag from /home/sneha/spotify_airflow_project/venv/lib/python3.12/site-packages/airflow/example_dags/example_setup_teardown_taskflow.py
[2026-01-07T12:18:47.331+0530] {processor.py:925} INFO - DAG(s) 'example_setup_teardown_taskflow' retrieved from /home/sneha/spotify_airflow_project/venv/lib/python3.12/site-packages/airflow/example_dags/example_setup_teardown_taskflow.py
[2026-01-07T12:18:47.350+0530] {logging_mixin.py:190} INFO - [2026-01-07T12:18:47.350+0530] {dag.py:3239} INFO - Sync 1 DAGs
[2026-01-07T12:18:47.362+0530] {logging_mixin.py:190} INFO - [2026-01-07T12:18:47.362+0530] {dag.py:4180} INFO - Setting next_dagrun for example_setup_teardown_taskflow to None, run_after=None
[2026-01-07T12:18:47.381+0530] {processor.py:208} INFO - Processing /home/sneha/spotify_airflow_project/venv/lib/python3.12/site-packages/airflow/example_dags/example_setup_teardown_taskflow.py took 0.075 seconds
[2026-01-07T12:19:44.599+0530] {processor.py:186} INFO - Started process (PID=19365) to work on /home/sneha/spotify_airflow_project/venv/lib/python3.12/site-packages/airflow/example_dags/example_setup_teardown_taskflow.py
[2026-01-07T12:19:44.600+0530] {processor.py:914} INFO - Processing file /home/sneha/spotify_airflow_project/venv/lib/python3.12/site-packages/airflow/example_dags/example_setup_teardown_taskflow.py for tasks to queue
[2026-01-07T12:19:44.601+0530] {logging_mixin.py:190} INFO - [2026-01-07T12:19:44.601+0530] {dagbag.py:588} INFO - Filling up the DagBag from /home/sneha/spotify_airflow_project/venv/lib/python3.12/site-packages/airflow/example_dags/example_setup_teardown_taskflow.py
[2026-01-07T12:19:44.610+0530] {processor.py:925} INFO - DAG(s) 'example_setup_teardown_taskflow' retrieved from /home/sneha/spotify_airflow_project/venv/lib/python3.12/site-packages/airflow/example_dags/example_setup_teardown_taskflow.py
[2026-01-07T12:19:44.629+0530] {logging_mixin.py:190} INFO - [2026-01-07T12:19:44.629+0530] {dag.py:3239} INFO - Sync 1 DAGs
[2026-01-07T12:19:44.641+0530] {logging_mixin.py:190} INFO - [2026-01-07T12:19:44.641+0530] {dag.py:4180} INFO - Setting next_dagrun for example_setup_teardown_taskflow to None, run_after=None
[2026-01-07T12:19:44.659+0530] {processor.py:208} INFO - Processing /home/sneha/spotify_airflow_project/venv/lib/python3.12/site-packages/airflow/example_dags/example_setup_teardown_taskflow.py took 0.069 seconds
