[2026-01-07T11:47:26.161+0530] {processor.py:186} INFO - Started process (PID=7387) to work on /home/sneha/spotify_astro_project/venv/lib/python3.12/site-packages/airflow/example_dags/example_python_operator.py
[2026-01-07T11:47:26.162+0530] {processor.py:914} INFO - Processing file /home/sneha/spotify_astro_project/venv/lib/python3.12/site-packages/airflow/example_dags/example_python_operator.py for tasks to queue
[2026-01-07T11:47:26.165+0530] {logging_mixin.py:190} INFO - [2026-01-07T11:47:26.164+0530] {dagbag.py:588} INFO - Filling up the DagBag from /home/sneha/spotify_astro_project/venv/lib/python3.12/site-packages/airflow/example_dags/example_python_operator.py
[2026-01-07T11:47:26.177+0530] {logging_mixin.py:190} INFO - [2026-01-07T11:47:26.176+0530] {example_python_operator.py:93} WARNING - The virtalenv_python example task requires virtualenv, please install it.
[2026-01-07T11:47:26.178+0530] {processor.py:925} INFO - DAG(s) 'example_python_operator' retrieved from /home/sneha/spotify_astro_project/venv/lib/python3.12/site-packages/airflow/example_dags/example_python_operator.py
[2026-01-07T11:47:26.393+0530] {logging_mixin.py:190} INFO - [2026-01-07T11:47:26.392+0530] {dag.py:3239} INFO - Sync 1 DAGs
[2026-01-07T11:47:26.423+0530] {logging_mixin.py:190} INFO - [2026-01-07T11:47:26.422+0530] {dag.py:4180} INFO - Setting next_dagrun for example_python_operator to None, run_after=None
[2026-01-07T11:47:26.490+0530] {processor.py:208} INFO - Processing /home/sneha/spotify_astro_project/venv/lib/python3.12/site-packages/airflow/example_dags/example_python_operator.py took 0.339 seconds
[2026-01-07T11:48:30.131+0530] {processor.py:186} INFO - Started process (PID=7840) to work on /home/sneha/spotify_astro_project/venv/lib/python3.12/site-packages/airflow/example_dags/example_python_operator.py
[2026-01-07T11:48:30.133+0530] {processor.py:914} INFO - Processing file /home/sneha/spotify_astro_project/venv/lib/python3.12/site-packages/airflow/example_dags/example_python_operator.py for tasks to queue
[2026-01-07T11:48:30.134+0530] {logging_mixin.py:190} INFO - [2026-01-07T11:48:30.134+0530] {dagbag.py:588} INFO - Filling up the DagBag from /home/sneha/spotify_astro_project/venv/lib/python3.12/site-packages/airflow/example_dags/example_python_operator.py
[2026-01-07T11:48:30.140+0530] {logging_mixin.py:190} INFO - [2026-01-07T11:48:30.140+0530] {example_python_operator.py:93} WARNING - The virtalenv_python example task requires virtualenv, please install it.
[2026-01-07T11:48:30.141+0530] {processor.py:925} INFO - DAG(s) 'example_python_operator' retrieved from /home/sneha/spotify_astro_project/venv/lib/python3.12/site-packages/airflow/example_dags/example_python_operator.py
[2026-01-07T11:48:30.159+0530] {logging_mixin.py:190} INFO - [2026-01-07T11:48:30.159+0530] {dag.py:3239} INFO - Sync 1 DAGs
[2026-01-07T11:48:30.170+0530] {logging_mixin.py:190} INFO - [2026-01-07T11:48:30.170+0530] {dag.py:4180} INFO - Setting next_dagrun for example_python_operator to None, run_after=None
[2026-01-07T11:48:30.190+0530] {processor.py:208} INFO - Processing /home/sneha/spotify_astro_project/venv/lib/python3.12/site-packages/airflow/example_dags/example_python_operator.py took 0.071 seconds
[2026-01-07T11:49:30.031+0530] {processor.py:186} INFO - Started process (PID=8261) to work on /home/sneha/spotify_astro_project/venv/lib/python3.12/site-packages/airflow/example_dags/example_python_operator.py
[2026-01-07T11:49:30.032+0530] {processor.py:914} INFO - Processing file /home/sneha/spotify_astro_project/venv/lib/python3.12/site-packages/airflow/example_dags/example_python_operator.py for tasks to queue
[2026-01-07T11:49:30.033+0530] {logging_mixin.py:190} INFO - [2026-01-07T11:49:30.033+0530] {dagbag.py:588} INFO - Filling up the DagBag from /home/sneha/spotify_astro_project/venv/lib/python3.12/site-packages/airflow/example_dags/example_python_operator.py
[2026-01-07T11:49:30.039+0530] {logging_mixin.py:190} INFO - [2026-01-07T11:49:30.039+0530] {example_python_operator.py:93} WARNING - The virtalenv_python example task requires virtualenv, please install it.
[2026-01-07T11:49:30.040+0530] {processor.py:925} INFO - DAG(s) 'example_python_operator' retrieved from /home/sneha/spotify_astro_project/venv/lib/python3.12/site-packages/airflow/example_dags/example_python_operator.py
[2026-01-07T11:49:30.057+0530] {logging_mixin.py:190} INFO - [2026-01-07T11:49:30.057+0530] {dag.py:3239} INFO - Sync 1 DAGs
[2026-01-07T11:49:30.069+0530] {logging_mixin.py:190} INFO - [2026-01-07T11:49:30.068+0530] {dag.py:4180} INFO - Setting next_dagrun for example_python_operator to None, run_after=None
[2026-01-07T11:49:30.086+0530] {processor.py:208} INFO - Processing /home/sneha/spotify_astro_project/venv/lib/python3.12/site-packages/airflow/example_dags/example_python_operator.py took 0.060 seconds
[2026-01-07T11:50:42.668+0530] {processor.py:186} INFO - Started process (PID=8863) to work on /home/sneha/spotify_astro_project/venv/lib/python3.12/site-packages/airflow/example_dags/example_python_operator.py
[2026-01-07T11:50:42.671+0530] {processor.py:914} INFO - Processing file /home/sneha/spotify_astro_project/venv/lib/python3.12/site-packages/airflow/example_dags/example_python_operator.py for tasks to queue
[2026-01-07T11:50:42.674+0530] {logging_mixin.py:190} INFO - [2026-01-07T11:50:42.673+0530] {dagbag.py:588} INFO - Filling up the DagBag from /home/sneha/spotify_astro_project/venv/lib/python3.12/site-packages/airflow/example_dags/example_python_operator.py
[2026-01-07T11:50:42.684+0530] {logging_mixin.py:190} INFO - [2026-01-07T11:50:42.684+0530] {example_python_operator.py:93} WARNING - The virtalenv_python example task requires virtualenv, please install it.
[2026-01-07T11:50:42.685+0530] {processor.py:925} INFO - DAG(s) 'example_python_operator' retrieved from /home/sneha/spotify_astro_project/venv/lib/python3.12/site-packages/airflow/example_dags/example_python_operator.py
[2026-01-07T11:50:42.703+0530] {logging_mixin.py:190} INFO - [2026-01-07T11:50:42.703+0530] {dag.py:3239} INFO - Sync 1 DAGs
[2026-01-07T11:50:42.715+0530] {logging_mixin.py:190} INFO - [2026-01-07T11:50:42.715+0530] {dag.py:4180} INFO - Setting next_dagrun for example_python_operator to None, run_after=None
[2026-01-07T11:50:42.735+0530] {processor.py:208} INFO - Processing /home/sneha/spotify_astro_project/venv/lib/python3.12/site-packages/airflow/example_dags/example_python_operator.py took 0.079 seconds
[2026-01-07T11:57:35.640+0530] {processor.py:186} INFO - Started process (PID=17080) to work on /home/sneha/spotify_airflow_project/venv/lib/python3.12/site-packages/airflow/example_dags/example_python_operator.py
[2026-01-07T11:57:35.641+0530] {processor.py:914} INFO - Processing file /home/sneha/spotify_airflow_project/venv/lib/python3.12/site-packages/airflow/example_dags/example_python_operator.py for tasks to queue
[2026-01-07T11:57:35.643+0530] {logging_mixin.py:190} INFO - [2026-01-07T11:57:35.642+0530] {dagbag.py:588} INFO - Filling up the DagBag from /home/sneha/spotify_airflow_project/venv/lib/python3.12/site-packages/airflow/example_dags/example_python_operator.py
[2026-01-07T11:57:35.651+0530] {logging_mixin.py:190} INFO - [2026-01-07T11:57:35.651+0530] {example_python_operator.py:93} WARNING - The virtalenv_python example task requires virtualenv, please install it.
[2026-01-07T11:57:35.652+0530] {processor.py:925} INFO - DAG(s) 'example_python_operator' retrieved from /home/sneha/spotify_airflow_project/venv/lib/python3.12/site-packages/airflow/example_dags/example_python_operator.py
[2026-01-07T11:57:35.766+0530] {logging_mixin.py:190} INFO - [2026-01-07T11:57:35.765+0530] {dag.py:3239} INFO - Sync 1 DAGs
[2026-01-07T11:57:35.778+0530] {logging_mixin.py:190} INFO - [2026-01-07T11:57:35.778+0530] {dag.py:4180} INFO - Setting next_dagrun for example_python_operator to None, run_after=None
[2026-01-07T11:57:35.802+0530] {processor.py:208} INFO - Processing /home/sneha/spotify_airflow_project/venv/lib/python3.12/site-packages/airflow/example_dags/example_python_operator.py took 0.168 seconds
[2026-01-07T11:58:36.654+0530] {processor.py:186} INFO - Started process (PID=17218) to work on /home/sneha/spotify_airflow_project/venv/lib/python3.12/site-packages/airflow/example_dags/example_python_operator.py
[2026-01-07T11:58:36.656+0530] {processor.py:914} INFO - Processing file /home/sneha/spotify_airflow_project/venv/lib/python3.12/site-packages/airflow/example_dags/example_python_operator.py for tasks to queue
[2026-01-07T11:58:36.657+0530] {logging_mixin.py:190} INFO - [2026-01-07T11:58:36.657+0530] {dagbag.py:588} INFO - Filling up the DagBag from /home/sneha/spotify_airflow_project/venv/lib/python3.12/site-packages/airflow/example_dags/example_python_operator.py
[2026-01-07T11:58:36.664+0530] {logging_mixin.py:190} INFO - [2026-01-07T11:58:36.663+0530] {example_python_operator.py:93} WARNING - The virtalenv_python example task requires virtualenv, please install it.
[2026-01-07T11:58:36.664+0530] {processor.py:925} INFO - DAG(s) 'example_python_operator' retrieved from /home/sneha/spotify_airflow_project/venv/lib/python3.12/site-packages/airflow/example_dags/example_python_operator.py
[2026-01-07T11:58:36.682+0530] {logging_mixin.py:190} INFO - [2026-01-07T11:58:36.681+0530] {dag.py:3239} INFO - Sync 1 DAGs
[2026-01-07T11:58:36.693+0530] {logging_mixin.py:190} INFO - [2026-01-07T11:58:36.693+0530] {dag.py:4180} INFO - Setting next_dagrun for example_python_operator to None, run_after=None
[2026-01-07T11:58:36.712+0530] {processor.py:208} INFO - Processing /home/sneha/spotify_airflow_project/venv/lib/python3.12/site-packages/airflow/example_dags/example_python_operator.py took 0.070 seconds
[2026-01-07T11:59:32.339+0530] {processor.py:186} INFO - Started process (PID=17279) to work on /home/sneha/spotify_airflow_project/venv/lib/python3.12/site-packages/airflow/example_dags/example_python_operator.py
[2026-01-07T11:59:32.340+0530] {processor.py:914} INFO - Processing file /home/sneha/spotify_airflow_project/venv/lib/python3.12/site-packages/airflow/example_dags/example_python_operator.py for tasks to queue
[2026-01-07T11:59:32.341+0530] {logging_mixin.py:190} INFO - [2026-01-07T11:59:32.341+0530] {dagbag.py:588} INFO - Filling up the DagBag from /home/sneha/spotify_airflow_project/venv/lib/python3.12/site-packages/airflow/example_dags/example_python_operator.py
[2026-01-07T11:59:32.348+0530] {logging_mixin.py:190} INFO - [2026-01-07T11:59:32.347+0530] {example_python_operator.py:93} WARNING - The virtalenv_python example task requires virtualenv, please install it.
[2026-01-07T11:59:32.348+0530] {processor.py:925} INFO - DAG(s) 'example_python_operator' retrieved from /home/sneha/spotify_airflow_project/venv/lib/python3.12/site-packages/airflow/example_dags/example_python_operator.py
[2026-01-07T11:59:32.365+0530] {logging_mixin.py:190} INFO - [2026-01-07T11:59:32.365+0530] {dag.py:3239} INFO - Sync 1 DAGs
[2026-01-07T11:59:32.377+0530] {logging_mixin.py:190} INFO - [2026-01-07T11:59:32.377+0530] {dag.py:4180} INFO - Setting next_dagrun for example_python_operator to None, run_after=None
[2026-01-07T11:59:32.395+0530] {processor.py:208} INFO - Processing /home/sneha/spotify_airflow_project/venv/lib/python3.12/site-packages/airflow/example_dags/example_python_operator.py took 0.068 seconds
[2026-01-07T12:00:39.107+0530] {processor.py:186} INFO - Started process (PID=17422) to work on /home/sneha/spotify_airflow_project/venv/lib/python3.12/site-packages/airflow/example_dags/example_python_operator.py
[2026-01-07T12:00:39.108+0530] {processor.py:914} INFO - Processing file /home/sneha/spotify_airflow_project/venv/lib/python3.12/site-packages/airflow/example_dags/example_python_operator.py for tasks to queue
[2026-01-07T12:00:39.111+0530] {logging_mixin.py:190} INFO - [2026-01-07T12:00:39.110+0530] {dagbag.py:588} INFO - Filling up the DagBag from /home/sneha/spotify_airflow_project/venv/lib/python3.12/site-packages/airflow/example_dags/example_python_operator.py
[2026-01-07T12:00:39.119+0530] {logging_mixin.py:190} INFO - [2026-01-07T12:00:39.118+0530] {example_python_operator.py:93} WARNING - The virtalenv_python example task requires virtualenv, please install it.
[2026-01-07T12:00:39.119+0530] {processor.py:925} INFO - DAG(s) 'example_python_operator' retrieved from /home/sneha/spotify_airflow_project/venv/lib/python3.12/site-packages/airflow/example_dags/example_python_operator.py
[2026-01-07T12:00:39.138+0530] {logging_mixin.py:190} INFO - [2026-01-07T12:00:39.138+0530] {dag.py:3239} INFO - Sync 1 DAGs
[2026-01-07T12:00:39.282+0530] {logging_mixin.py:190} INFO - [2026-01-07T12:00:39.282+0530] {dag.py:4180} INFO - Setting next_dagrun for example_python_operator to None, run_after=None
[2026-01-07T12:00:39.298+0530] {processor.py:208} INFO - Processing /home/sneha/spotify_airflow_project/venv/lib/python3.12/site-packages/airflow/example_dags/example_python_operator.py took 0.198 seconds
[2026-01-07T12:01:38.286+0530] {processor.py:186} INFO - Started process (PID=17554) to work on /home/sneha/spotify_airflow_project/venv/lib/python3.12/site-packages/airflow/example_dags/example_python_operator.py
[2026-01-07T12:01:38.288+0530] {processor.py:914} INFO - Processing file /home/sneha/spotify_airflow_project/venv/lib/python3.12/site-packages/airflow/example_dags/example_python_operator.py for tasks to queue
[2026-01-07T12:01:38.291+0530] {logging_mixin.py:190} INFO - [2026-01-07T12:01:38.290+0530] {dagbag.py:588} INFO - Filling up the DagBag from /home/sneha/spotify_airflow_project/venv/lib/python3.12/site-packages/airflow/example_dags/example_python_operator.py
[2026-01-07T12:01:38.302+0530] {logging_mixin.py:190} INFO - [2026-01-07T12:01:38.301+0530] {example_python_operator.py:93} WARNING - The virtalenv_python example task requires virtualenv, please install it.
[2026-01-07T12:01:38.302+0530] {processor.py:925} INFO - DAG(s) 'example_python_operator' retrieved from /home/sneha/spotify_airflow_project/venv/lib/python3.12/site-packages/airflow/example_dags/example_python_operator.py
[2026-01-07T12:01:38.321+0530] {logging_mixin.py:190} INFO - [2026-01-07T12:01:38.321+0530] {dag.py:3239} INFO - Sync 1 DAGs
[2026-01-07T12:01:38.333+0530] {logging_mixin.py:190} INFO - [2026-01-07T12:01:38.333+0530] {dag.py:4180} INFO - Setting next_dagrun for example_python_operator to None, run_after=None
[2026-01-07T12:01:38.355+0530] {processor.py:208} INFO - Processing /home/sneha/spotify_airflow_project/venv/lib/python3.12/site-packages/airflow/example_dags/example_python_operator.py took 0.081 seconds
[2026-01-07T12:02:34.822+0530] {processor.py:186} INFO - Started process (PID=17669) to work on /home/sneha/spotify_airflow_project/venv/lib/python3.12/site-packages/airflow/example_dags/example_python_operator.py
[2026-01-07T12:02:34.824+0530] {processor.py:914} INFO - Processing file /home/sneha/spotify_airflow_project/venv/lib/python3.12/site-packages/airflow/example_dags/example_python_operator.py for tasks to queue
[2026-01-07T12:02:34.827+0530] {logging_mixin.py:190} INFO - [2026-01-07T12:02:34.826+0530] {dagbag.py:588} INFO - Filling up the DagBag from /home/sneha/spotify_airflow_project/venv/lib/python3.12/site-packages/airflow/example_dags/example_python_operator.py
[2026-01-07T12:02:34.840+0530] {logging_mixin.py:190} INFO - [2026-01-07T12:02:34.839+0530] {example_python_operator.py:93} WARNING - The virtalenv_python example task requires virtualenv, please install it.
[2026-01-07T12:02:34.841+0530] {processor.py:925} INFO - DAG(s) 'example_python_operator' retrieved from /home/sneha/spotify_airflow_project/venv/lib/python3.12/site-packages/airflow/example_dags/example_python_operator.py
[2026-01-07T12:02:34.877+0530] {logging_mixin.py:190} INFO - [2026-01-07T12:02:34.876+0530] {dag.py:3239} INFO - Sync 1 DAGs
[2026-01-07T12:02:34.907+0530] {logging_mixin.py:190} INFO - [2026-01-07T12:02:34.906+0530] {dag.py:4180} INFO - Setting next_dagrun for example_python_operator to None, run_after=None
[2026-01-07T12:02:34.963+0530] {processor.py:208} INFO - Processing /home/sneha/spotify_airflow_project/venv/lib/python3.12/site-packages/airflow/example_dags/example_python_operator.py took 0.154 seconds
[2026-01-07T12:03:33.542+0530] {processor.py:186} INFO - Started process (PID=17729) to work on /home/sneha/spotify_airflow_project/venv/lib/python3.12/site-packages/airflow/example_dags/example_python_operator.py
[2026-01-07T12:03:33.553+0530] {processor.py:914} INFO - Processing file /home/sneha/spotify_airflow_project/venv/lib/python3.12/site-packages/airflow/example_dags/example_python_operator.py for tasks to queue
[2026-01-07T12:03:33.556+0530] {logging_mixin.py:190} INFO - [2026-01-07T12:03:33.555+0530] {dagbag.py:588} INFO - Filling up the DagBag from /home/sneha/spotify_airflow_project/venv/lib/python3.12/site-packages/airflow/example_dags/example_python_operator.py
[2026-01-07T12:03:33.562+0530] {logging_mixin.py:190} INFO - [2026-01-07T12:03:33.562+0530] {example_python_operator.py:93} WARNING - The virtalenv_python example task requires virtualenv, please install it.
[2026-01-07T12:03:33.563+0530] {processor.py:925} INFO - DAG(s) 'example_python_operator' retrieved from /home/sneha/spotify_airflow_project/venv/lib/python3.12/site-packages/airflow/example_dags/example_python_operator.py
[2026-01-07T12:03:33.582+0530] {logging_mixin.py:190} INFO - [2026-01-07T12:03:33.581+0530] {dag.py:3239} INFO - Sync 1 DAGs
[2026-01-07T12:03:33.596+0530] {logging_mixin.py:190} INFO - [2026-01-07T12:03:33.595+0530] {dag.py:4180} INFO - Setting next_dagrun for example_python_operator to None, run_after=None
[2026-01-07T12:03:33.614+0530] {processor.py:208} INFO - Processing /home/sneha/spotify_airflow_project/venv/lib/python3.12/site-packages/airflow/example_dags/example_python_operator.py took 0.087 seconds
[2026-01-07T12:04:28.027+0530] {processor.py:186} INFO - Started process (PID=18020) to work on /home/sneha/spotify_airflow_project/venv/lib/python3.12/site-packages/airflow/example_dags/example_python_operator.py
[2026-01-07T12:04:28.028+0530] {processor.py:914} INFO - Processing file /home/sneha/spotify_airflow_project/venv/lib/python3.12/site-packages/airflow/example_dags/example_python_operator.py for tasks to queue
[2026-01-07T12:04:28.029+0530] {logging_mixin.py:190} INFO - [2026-01-07T12:04:28.029+0530] {dagbag.py:588} INFO - Filling up the DagBag from /home/sneha/spotify_airflow_project/venv/lib/python3.12/site-packages/airflow/example_dags/example_python_operator.py
[2026-01-07T12:04:28.036+0530] {logging_mixin.py:190} INFO - [2026-01-07T12:04:28.036+0530] {example_python_operator.py:93} WARNING - The virtalenv_python example task requires virtualenv, please install it.
[2026-01-07T12:04:28.037+0530] {processor.py:925} INFO - DAG(s) 'example_python_operator' retrieved from /home/sneha/spotify_airflow_project/venv/lib/python3.12/site-packages/airflow/example_dags/example_python_operator.py
[2026-01-07T12:04:28.055+0530] {logging_mixin.py:190} INFO - [2026-01-07T12:04:28.055+0530] {dag.py:3239} INFO - Sync 1 DAGs
[2026-01-07T12:04:28.067+0530] {logging_mixin.py:190} INFO - [2026-01-07T12:04:28.067+0530] {dag.py:4180} INFO - Setting next_dagrun for example_python_operator to None, run_after=None
[2026-01-07T12:04:28.085+0530] {processor.py:208} INFO - Processing /home/sneha/spotify_airflow_project/venv/lib/python3.12/site-packages/airflow/example_dags/example_python_operator.py took 0.069 seconds
[2026-01-07T12:05:23.898+0530] {processor.py:186} INFO - Started process (PID=18116) to work on /home/sneha/spotify_airflow_project/venv/lib/python3.12/site-packages/airflow/example_dags/example_python_operator.py
[2026-01-07T12:05:23.899+0530] {processor.py:914} INFO - Processing file /home/sneha/spotify_airflow_project/venv/lib/python3.12/site-packages/airflow/example_dags/example_python_operator.py for tasks to queue
[2026-01-07T12:05:23.901+0530] {logging_mixin.py:190} INFO - [2026-01-07T12:05:23.900+0530] {dagbag.py:588} INFO - Filling up the DagBag from /home/sneha/spotify_airflow_project/venv/lib/python3.12/site-packages/airflow/example_dags/example_python_operator.py
[2026-01-07T12:05:23.907+0530] {logging_mixin.py:190} INFO - [2026-01-07T12:05:23.907+0530] {example_python_operator.py:93} WARNING - The virtalenv_python example task requires virtualenv, please install it.
[2026-01-07T12:05:23.907+0530] {processor.py:925} INFO - DAG(s) 'example_python_operator' retrieved from /home/sneha/spotify_airflow_project/venv/lib/python3.12/site-packages/airflow/example_dags/example_python_operator.py
[2026-01-07T12:05:23.925+0530] {logging_mixin.py:190} INFO - [2026-01-07T12:05:23.925+0530] {dag.py:3239} INFO - Sync 1 DAGs
[2026-01-07T12:05:23.938+0530] {logging_mixin.py:190} INFO - [2026-01-07T12:05:23.937+0530] {dag.py:4180} INFO - Setting next_dagrun for example_python_operator to None, run_after=None
[2026-01-07T12:05:23.956+0530] {processor.py:208} INFO - Processing /home/sneha/spotify_airflow_project/venv/lib/python3.12/site-packages/airflow/example_dags/example_python_operator.py took 0.070 seconds
[2026-01-07T12:06:16.977+0530] {processor.py:186} INFO - Started process (PID=18192) to work on /home/sneha/spotify_airflow_project/venv/lib/python3.12/site-packages/airflow/example_dags/example_python_operator.py
[2026-01-07T12:06:16.978+0530] {processor.py:914} INFO - Processing file /home/sneha/spotify_airflow_project/venv/lib/python3.12/site-packages/airflow/example_dags/example_python_operator.py for tasks to queue
[2026-01-07T12:06:16.980+0530] {logging_mixin.py:190} INFO - [2026-01-07T12:06:16.979+0530] {dagbag.py:588} INFO - Filling up the DagBag from /home/sneha/spotify_airflow_project/venv/lib/python3.12/site-packages/airflow/example_dags/example_python_operator.py
[2026-01-07T12:06:16.986+0530] {logging_mixin.py:190} INFO - [2026-01-07T12:06:16.986+0530] {example_python_operator.py:93} WARNING - The virtalenv_python example task requires virtualenv, please install it.
[2026-01-07T12:06:16.986+0530] {processor.py:925} INFO - DAG(s) 'example_python_operator' retrieved from /home/sneha/spotify_airflow_project/venv/lib/python3.12/site-packages/airflow/example_dags/example_python_operator.py
[2026-01-07T12:06:17.005+0530] {logging_mixin.py:190} INFO - [2026-01-07T12:06:17.005+0530] {dag.py:3239} INFO - Sync 1 DAGs
[2026-01-07T12:06:17.018+0530] {logging_mixin.py:190} INFO - [2026-01-07T12:06:17.017+0530] {dag.py:4180} INFO - Setting next_dagrun for example_python_operator to None, run_after=None
[2026-01-07T12:06:17.036+0530] {processor.py:208} INFO - Processing /home/sneha/spotify_airflow_project/venv/lib/python3.12/site-packages/airflow/example_dags/example_python_operator.py took 0.068 seconds
[2026-01-07T12:07:12.309+0530] {processor.py:186} INFO - Started process (PID=18251) to work on /home/sneha/spotify_airflow_project/venv/lib/python3.12/site-packages/airflow/example_dags/example_python_operator.py
[2026-01-07T12:07:12.310+0530] {processor.py:914} INFO - Processing file /home/sneha/spotify_airflow_project/venv/lib/python3.12/site-packages/airflow/example_dags/example_python_operator.py for tasks to queue
[2026-01-07T12:07:12.311+0530] {logging_mixin.py:190} INFO - [2026-01-07T12:07:12.311+0530] {dagbag.py:588} INFO - Filling up the DagBag from /home/sneha/spotify_airflow_project/venv/lib/python3.12/site-packages/airflow/example_dags/example_python_operator.py
[2026-01-07T12:07:12.317+0530] {logging_mixin.py:190} INFO - [2026-01-07T12:07:12.317+0530] {example_python_operator.py:93} WARNING - The virtalenv_python example task requires virtualenv, please install it.
[2026-01-07T12:07:12.318+0530] {processor.py:925} INFO - DAG(s) 'example_python_operator' retrieved from /home/sneha/spotify_airflow_project/venv/lib/python3.12/site-packages/airflow/example_dags/example_python_operator.py
[2026-01-07T12:07:12.336+0530] {logging_mixin.py:190} INFO - [2026-01-07T12:07:12.336+0530] {dag.py:3239} INFO - Sync 1 DAGs
[2026-01-07T12:07:12.349+0530] {logging_mixin.py:190} INFO - [2026-01-07T12:07:12.349+0530] {dag.py:4180} INFO - Setting next_dagrun for example_python_operator to None, run_after=None
[2026-01-07T12:07:12.369+0530] {processor.py:208} INFO - Processing /home/sneha/spotify_airflow_project/venv/lib/python3.12/site-packages/airflow/example_dags/example_python_operator.py took 0.070 seconds
[2026-01-07T12:08:05.069+0530] {processor.py:186} INFO - Started process (PID=18307) to work on /home/sneha/spotify_airflow_project/venv/lib/python3.12/site-packages/airflow/example_dags/example_python_operator.py
[2026-01-07T12:08:05.071+0530] {processor.py:914} INFO - Processing file /home/sneha/spotify_airflow_project/venv/lib/python3.12/site-packages/airflow/example_dags/example_python_operator.py for tasks to queue
[2026-01-07T12:08:05.072+0530] {logging_mixin.py:190} INFO - [2026-01-07T12:08:05.072+0530] {dagbag.py:588} INFO - Filling up the DagBag from /home/sneha/spotify_airflow_project/venv/lib/python3.12/site-packages/airflow/example_dags/example_python_operator.py
[2026-01-07T12:08:05.078+0530] {logging_mixin.py:190} INFO - [2026-01-07T12:08:05.078+0530] {example_python_operator.py:93} WARNING - The virtalenv_python example task requires virtualenv, please install it.
[2026-01-07T12:08:05.079+0530] {processor.py:925} INFO - DAG(s) 'example_python_operator' retrieved from /home/sneha/spotify_airflow_project/venv/lib/python3.12/site-packages/airflow/example_dags/example_python_operator.py
[2026-01-07T12:08:05.097+0530] {logging_mixin.py:190} INFO - [2026-01-07T12:08:05.097+0530] {dag.py:3239} INFO - Sync 1 DAGs
[2026-01-07T12:08:05.110+0530] {logging_mixin.py:190} INFO - [2026-01-07T12:08:05.110+0530] {dag.py:4180} INFO - Setting next_dagrun for example_python_operator to None, run_after=None
[2026-01-07T12:08:05.128+0530] {processor.py:208} INFO - Processing /home/sneha/spotify_airflow_project/venv/lib/python3.12/site-packages/airflow/example_dags/example_python_operator.py took 0.066 seconds
[2026-01-07T12:08:58.609+0530] {processor.py:186} INFO - Started process (PID=18365) to work on /home/sneha/spotify_airflow_project/venv/lib/python3.12/site-packages/airflow/example_dags/example_python_operator.py
[2026-01-07T12:08:58.620+0530] {processor.py:914} INFO - Processing file /home/sneha/spotify_airflow_project/venv/lib/python3.12/site-packages/airflow/example_dags/example_python_operator.py for tasks to queue
[2026-01-07T12:08:58.622+0530] {logging_mixin.py:190} INFO - [2026-01-07T12:08:58.621+0530] {dagbag.py:588} INFO - Filling up the DagBag from /home/sneha/spotify_airflow_project/venv/lib/python3.12/site-packages/airflow/example_dags/example_python_operator.py
[2026-01-07T12:08:58.629+0530] {logging_mixin.py:190} INFO - [2026-01-07T12:08:58.629+0530] {example_python_operator.py:93} WARNING - The virtalenv_python example task requires virtualenv, please install it.
[2026-01-07T12:08:58.629+0530] {processor.py:925} INFO - DAG(s) 'example_python_operator' retrieved from /home/sneha/spotify_airflow_project/venv/lib/python3.12/site-packages/airflow/example_dags/example_python_operator.py
[2026-01-07T12:08:58.647+0530] {logging_mixin.py:190} INFO - [2026-01-07T12:08:58.647+0530] {dag.py:3239} INFO - Sync 1 DAGs
[2026-01-07T12:08:58.660+0530] {logging_mixin.py:190} INFO - [2026-01-07T12:08:58.660+0530] {dag.py:4180} INFO - Setting next_dagrun for example_python_operator to None, run_after=None
[2026-01-07T12:08:58.678+0530] {processor.py:208} INFO - Processing /home/sneha/spotify_airflow_project/venv/lib/python3.12/site-packages/airflow/example_dags/example_python_operator.py took 0.082 seconds
[2026-01-07T12:09:48.414+0530] {processor.py:186} INFO - Started process (PID=18420) to work on /home/sneha/spotify_airflow_project/venv/lib/python3.12/site-packages/airflow/example_dags/example_python_operator.py
[2026-01-07T12:09:48.415+0530] {processor.py:914} INFO - Processing file /home/sneha/spotify_airflow_project/venv/lib/python3.12/site-packages/airflow/example_dags/example_python_operator.py for tasks to queue
[2026-01-07T12:09:48.417+0530] {logging_mixin.py:190} INFO - [2026-01-07T12:09:48.416+0530] {dagbag.py:588} INFO - Filling up the DagBag from /home/sneha/spotify_airflow_project/venv/lib/python3.12/site-packages/airflow/example_dags/example_python_operator.py
[2026-01-07T12:09:48.424+0530] {logging_mixin.py:190} INFO - [2026-01-07T12:09:48.423+0530] {example_python_operator.py:93} WARNING - The virtalenv_python example task requires virtualenv, please install it.
[2026-01-07T12:09:48.424+0530] {processor.py:925} INFO - DAG(s) 'example_python_operator' retrieved from /home/sneha/spotify_airflow_project/venv/lib/python3.12/site-packages/airflow/example_dags/example_python_operator.py
[2026-01-07T12:09:48.443+0530] {logging_mixin.py:190} INFO - [2026-01-07T12:09:48.443+0530] {dag.py:3239} INFO - Sync 1 DAGs
[2026-01-07T12:09:48.455+0530] {logging_mixin.py:190} INFO - [2026-01-07T12:09:48.455+0530] {dag.py:4180} INFO - Setting next_dagrun for example_python_operator to None, run_after=None
[2026-01-07T12:09:48.473+0530] {processor.py:208} INFO - Processing /home/sneha/spotify_airflow_project/venv/lib/python3.12/site-packages/airflow/example_dags/example_python_operator.py took 0.072 seconds
[2026-01-07T12:10:42.172+0530] {processor.py:186} INFO - Started process (PID=18538) to work on /home/sneha/spotify_airflow_project/venv/lib/python3.12/site-packages/airflow/example_dags/example_python_operator.py
[2026-01-07T12:10:42.173+0530] {processor.py:914} INFO - Processing file /home/sneha/spotify_airflow_project/venv/lib/python3.12/site-packages/airflow/example_dags/example_python_operator.py for tasks to queue
[2026-01-07T12:10:42.174+0530] {logging_mixin.py:190} INFO - [2026-01-07T12:10:42.174+0530] {dagbag.py:588} INFO - Filling up the DagBag from /home/sneha/spotify_airflow_project/venv/lib/python3.12/site-packages/airflow/example_dags/example_python_operator.py
[2026-01-07T12:10:42.181+0530] {logging_mixin.py:190} INFO - [2026-01-07T12:10:42.180+0530] {example_python_operator.py:93} WARNING - The virtalenv_python example task requires virtualenv, please install it.
[2026-01-07T12:10:42.181+0530] {processor.py:925} INFO - DAG(s) 'example_python_operator' retrieved from /home/sneha/spotify_airflow_project/venv/lib/python3.12/site-packages/airflow/example_dags/example_python_operator.py
[2026-01-07T12:10:42.199+0530] {logging_mixin.py:190} INFO - [2026-01-07T12:10:42.198+0530] {dag.py:3239} INFO - Sync 1 DAGs
[2026-01-07T12:10:42.210+0530] {logging_mixin.py:190} INFO - [2026-01-07T12:10:42.210+0530] {dag.py:4180} INFO - Setting next_dagrun for example_python_operator to None, run_after=None
[2026-01-07T12:10:42.228+0530] {processor.py:208} INFO - Processing /home/sneha/spotify_airflow_project/venv/lib/python3.12/site-packages/airflow/example_dags/example_python_operator.py took 0.068 seconds
[2026-01-07T12:11:33.824+0530] {processor.py:186} INFO - Started process (PID=18594) to work on /home/sneha/spotify_airflow_project/venv/lib/python3.12/site-packages/airflow/example_dags/example_python_operator.py
[2026-01-07T12:11:33.826+0530] {processor.py:914} INFO - Processing file /home/sneha/spotify_airflow_project/venv/lib/python3.12/site-packages/airflow/example_dags/example_python_operator.py for tasks to queue
[2026-01-07T12:11:33.827+0530] {logging_mixin.py:190} INFO - [2026-01-07T12:11:33.827+0530] {dagbag.py:588} INFO - Filling up the DagBag from /home/sneha/spotify_airflow_project/venv/lib/python3.12/site-packages/airflow/example_dags/example_python_operator.py
[2026-01-07T12:11:33.833+0530] {logging_mixin.py:190} INFO - [2026-01-07T12:11:33.833+0530] {example_python_operator.py:93} WARNING - The virtalenv_python example task requires virtualenv, please install it.
[2026-01-07T12:11:33.834+0530] {processor.py:925} INFO - DAG(s) 'example_python_operator' retrieved from /home/sneha/spotify_airflow_project/venv/lib/python3.12/site-packages/airflow/example_dags/example_python_operator.py
[2026-01-07T12:11:33.852+0530] {logging_mixin.py:190} INFO - [2026-01-07T12:11:33.852+0530] {dag.py:3239} INFO - Sync 1 DAGs
[2026-01-07T12:11:33.864+0530] {logging_mixin.py:190} INFO - [2026-01-07T12:11:33.864+0530] {dag.py:4180} INFO - Setting next_dagrun for example_python_operator to None, run_after=None
[2026-01-07T12:11:33.884+0530] {processor.py:208} INFO - Processing /home/sneha/spotify_airflow_project/venv/lib/python3.12/site-packages/airflow/example_dags/example_python_operator.py took 0.071 seconds
[2026-01-07T12:12:27.811+0530] {processor.py:186} INFO - Started process (PID=18651) to work on /home/sneha/spotify_airflow_project/venv/lib/python3.12/site-packages/airflow/example_dags/example_python_operator.py
[2026-01-07T12:12:27.822+0530] {processor.py:914} INFO - Processing file /home/sneha/spotify_airflow_project/venv/lib/python3.12/site-packages/airflow/example_dags/example_python_operator.py for tasks to queue
[2026-01-07T12:12:27.824+0530] {logging_mixin.py:190} INFO - [2026-01-07T12:12:27.823+0530] {dagbag.py:588} INFO - Filling up the DagBag from /home/sneha/spotify_airflow_project/venv/lib/python3.12/site-packages/airflow/example_dags/example_python_operator.py
[2026-01-07T12:12:27.831+0530] {logging_mixin.py:190} INFO - [2026-01-07T12:12:27.831+0530] {example_python_operator.py:93} WARNING - The virtalenv_python example task requires virtualenv, please install it.
[2026-01-07T12:12:27.832+0530] {processor.py:925} INFO - DAG(s) 'example_python_operator' retrieved from /home/sneha/spotify_airflow_project/venv/lib/python3.12/site-packages/airflow/example_dags/example_python_operator.py
[2026-01-07T12:12:27.851+0530] {logging_mixin.py:190} INFO - [2026-01-07T12:12:27.850+0530] {dag.py:3239} INFO - Sync 1 DAGs
[2026-01-07T12:12:27.862+0530] {logging_mixin.py:190} INFO - [2026-01-07T12:12:27.862+0530] {dag.py:4180} INFO - Setting next_dagrun for example_python_operator to None, run_after=None
[2026-01-07T12:12:27.882+0530] {processor.py:208} INFO - Processing /home/sneha/spotify_airflow_project/venv/lib/python3.12/site-packages/airflow/example_dags/example_python_operator.py took 0.081 seconds
[2026-01-07T12:13:21.173+0530] {processor.py:186} INFO - Started process (PID=18717) to work on /home/sneha/spotify_airflow_project/venv/lib/python3.12/site-packages/airflow/example_dags/example_python_operator.py
[2026-01-07T12:13:21.174+0530] {processor.py:914} INFO - Processing file /home/sneha/spotify_airflow_project/venv/lib/python3.12/site-packages/airflow/example_dags/example_python_operator.py for tasks to queue
[2026-01-07T12:13:21.176+0530] {logging_mixin.py:190} INFO - [2026-01-07T12:13:21.175+0530] {dagbag.py:588} INFO - Filling up the DagBag from /home/sneha/spotify_airflow_project/venv/lib/python3.12/site-packages/airflow/example_dags/example_python_operator.py
[2026-01-07T12:13:21.182+0530] {logging_mixin.py:190} INFO - [2026-01-07T12:13:21.182+0530] {example_python_operator.py:93} WARNING - The virtalenv_python example task requires virtualenv, please install it.
[2026-01-07T12:13:21.183+0530] {processor.py:925} INFO - DAG(s) 'example_python_operator' retrieved from /home/sneha/spotify_airflow_project/venv/lib/python3.12/site-packages/airflow/example_dags/example_python_operator.py
[2026-01-07T12:13:21.200+0530] {logging_mixin.py:190} INFO - [2026-01-07T12:13:21.200+0530] {dag.py:3239} INFO - Sync 1 DAGs
[2026-01-07T12:13:21.212+0530] {logging_mixin.py:190} INFO - [2026-01-07T12:13:21.212+0530] {dag.py:4180} INFO - Setting next_dagrun for example_python_operator to None, run_after=None
[2026-01-07T12:13:21.229+0530] {processor.py:208} INFO - Processing /home/sneha/spotify_airflow_project/venv/lib/python3.12/site-packages/airflow/example_dags/example_python_operator.py took 0.064 seconds
[2026-01-07T12:14:15.271+0530] {processor.py:186} INFO - Started process (PID=18881) to work on /home/sneha/spotify_airflow_project/venv/lib/python3.12/site-packages/airflow/example_dags/example_python_operator.py
[2026-01-07T12:14:15.273+0530] {processor.py:914} INFO - Processing file /home/sneha/spotify_airflow_project/venv/lib/python3.12/site-packages/airflow/example_dags/example_python_operator.py for tasks to queue
[2026-01-07T12:14:15.275+0530] {logging_mixin.py:190} INFO - [2026-01-07T12:14:15.275+0530] {dagbag.py:588} INFO - Filling up the DagBag from /home/sneha/spotify_airflow_project/venv/lib/python3.12/site-packages/airflow/example_dags/example_python_operator.py
[2026-01-07T12:14:15.281+0530] {logging_mixin.py:190} INFO - [2026-01-07T12:14:15.281+0530] {example_python_operator.py:93} WARNING - The virtalenv_python example task requires virtualenv, please install it.
[2026-01-07T12:14:15.282+0530] {processor.py:925} INFO - DAG(s) 'example_python_operator' retrieved from /home/sneha/spotify_airflow_project/venv/lib/python3.12/site-packages/airflow/example_dags/example_python_operator.py
[2026-01-07T12:14:15.300+0530] {logging_mixin.py:190} INFO - [2026-01-07T12:14:15.300+0530] {dag.py:3239} INFO - Sync 1 DAGs
[2026-01-07T12:14:15.312+0530] {logging_mixin.py:190} INFO - [2026-01-07T12:14:15.312+0530] {dag.py:4180} INFO - Setting next_dagrun for example_python_operator to None, run_after=None
[2026-01-07T12:14:15.332+0530] {processor.py:208} INFO - Processing /home/sneha/spotify_airflow_project/venv/lib/python3.12/site-packages/airflow/example_dags/example_python_operator.py took 0.071 seconds
[2026-01-07T12:15:08.719+0530] {processor.py:186} INFO - Started process (PID=18944) to work on /home/sneha/spotify_airflow_project/venv/lib/python3.12/site-packages/airflow/example_dags/example_python_operator.py
[2026-01-07T12:15:08.720+0530] {processor.py:914} INFO - Processing file /home/sneha/spotify_airflow_project/venv/lib/python3.12/site-packages/airflow/example_dags/example_python_operator.py for tasks to queue
[2026-01-07T12:15:08.721+0530] {logging_mixin.py:190} INFO - [2026-01-07T12:15:08.721+0530] {dagbag.py:588} INFO - Filling up the DagBag from /home/sneha/spotify_airflow_project/venv/lib/python3.12/site-packages/airflow/example_dags/example_python_operator.py
[2026-01-07T12:15:08.728+0530] {logging_mixin.py:190} INFO - [2026-01-07T12:15:08.727+0530] {example_python_operator.py:93} WARNING - The virtalenv_python example task requires virtualenv, please install it.
[2026-01-07T12:15:08.728+0530] {processor.py:925} INFO - DAG(s) 'example_python_operator' retrieved from /home/sneha/spotify_airflow_project/venv/lib/python3.12/site-packages/airflow/example_dags/example_python_operator.py
[2026-01-07T12:15:08.746+0530] {logging_mixin.py:190} INFO - [2026-01-07T12:15:08.746+0530] {dag.py:3239} INFO - Sync 1 DAGs
[2026-01-07T12:15:08.759+0530] {logging_mixin.py:190} INFO - [2026-01-07T12:15:08.759+0530] {dag.py:4180} INFO - Setting next_dagrun for example_python_operator to None, run_after=None
[2026-01-07T12:15:08.780+0530] {processor.py:208} INFO - Processing /home/sneha/spotify_airflow_project/venv/lib/python3.12/site-packages/airflow/example_dags/example_python_operator.py took 0.071 seconds
[2026-01-07T12:16:02.998+0530] {processor.py:186} INFO - Started process (PID=19019) to work on /home/sneha/spotify_airflow_project/venv/lib/python3.12/site-packages/airflow/example_dags/example_python_operator.py
[2026-01-07T12:16:02.999+0530] {processor.py:914} INFO - Processing file /home/sneha/spotify_airflow_project/venv/lib/python3.12/site-packages/airflow/example_dags/example_python_operator.py for tasks to queue
[2026-01-07T12:16:03.000+0530] {logging_mixin.py:190} INFO - [2026-01-07T12:16:03.000+0530] {dagbag.py:588} INFO - Filling up the DagBag from /home/sneha/spotify_airflow_project/venv/lib/python3.12/site-packages/airflow/example_dags/example_python_operator.py
[2026-01-07T12:16:03.006+0530] {logging_mixin.py:190} INFO - [2026-01-07T12:16:03.006+0530] {example_python_operator.py:93} WARNING - The virtalenv_python example task requires virtualenv, please install it.
[2026-01-07T12:16:03.007+0530] {processor.py:925} INFO - DAG(s) 'example_python_operator' retrieved from /home/sneha/spotify_airflow_project/venv/lib/python3.12/site-packages/airflow/example_dags/example_python_operator.py
[2026-01-07T12:16:03.026+0530] {logging_mixin.py:190} INFO - [2026-01-07T12:16:03.026+0530] {dag.py:3239} INFO - Sync 1 DAGs
[2026-01-07T12:16:03.039+0530] {logging_mixin.py:190} INFO - [2026-01-07T12:16:03.039+0530] {dag.py:4180} INFO - Setting next_dagrun for example_python_operator to None, run_after=None
[2026-01-07T12:16:03.060+0530] {processor.py:208} INFO - Processing /home/sneha/spotify_airflow_project/venv/lib/python3.12/site-packages/airflow/example_dags/example_python_operator.py took 0.072 seconds
[2026-01-07T12:16:59.858+0530] {processor.py:186} INFO - Started process (PID=19081) to work on /home/sneha/spotify_airflow_project/venv/lib/python3.12/site-packages/airflow/example_dags/example_python_operator.py
[2026-01-07T12:16:59.869+0530] {processor.py:914} INFO - Processing file /home/sneha/spotify_airflow_project/venv/lib/python3.12/site-packages/airflow/example_dags/example_python_operator.py for tasks to queue
[2026-01-07T12:16:59.871+0530] {logging_mixin.py:190} INFO - [2026-01-07T12:16:59.870+0530] {dagbag.py:588} INFO - Filling up the DagBag from /home/sneha/spotify_airflow_project/venv/lib/python3.12/site-packages/airflow/example_dags/example_python_operator.py
[2026-01-07T12:16:59.879+0530] {logging_mixin.py:190} INFO - [2026-01-07T12:16:59.879+0530] {example_python_operator.py:93} WARNING - The virtalenv_python example task requires virtualenv, please install it.
[2026-01-07T12:16:59.880+0530] {processor.py:925} INFO - DAG(s) 'example_python_operator' retrieved from /home/sneha/spotify_airflow_project/venv/lib/python3.12/site-packages/airflow/example_dags/example_python_operator.py
[2026-01-07T12:16:59.899+0530] {logging_mixin.py:190} INFO - [2026-01-07T12:16:59.899+0530] {dag.py:3239} INFO - Sync 1 DAGs
[2026-01-07T12:16:59.911+0530] {logging_mixin.py:190} INFO - [2026-01-07T12:16:59.911+0530] {dag.py:4180} INFO - Setting next_dagrun for example_python_operator to None, run_after=None
[2026-01-07T12:16:59.929+0530] {processor.py:208} INFO - Processing /home/sneha/spotify_airflow_project/venv/lib/python3.12/site-packages/airflow/example_dags/example_python_operator.py took 0.080 seconds
[2026-01-07T12:17:55.270+0530] {processor.py:186} INFO - Started process (PID=19141) to work on /home/sneha/spotify_airflow_project/venv/lib/python3.12/site-packages/airflow/example_dags/example_python_operator.py
[2026-01-07T12:17:55.280+0530] {processor.py:914} INFO - Processing file /home/sneha/spotify_airflow_project/venv/lib/python3.12/site-packages/airflow/example_dags/example_python_operator.py for tasks to queue
[2026-01-07T12:17:55.282+0530] {logging_mixin.py:190} INFO - [2026-01-07T12:17:55.282+0530] {dagbag.py:588} INFO - Filling up the DagBag from /home/sneha/spotify_airflow_project/venv/lib/python3.12/site-packages/airflow/example_dags/example_python_operator.py
[2026-01-07T12:17:55.290+0530] {logging_mixin.py:190} INFO - [2026-01-07T12:17:55.290+0530] {example_python_operator.py:93} WARNING - The virtalenv_python example task requires virtualenv, please install it.
[2026-01-07T12:17:55.291+0530] {processor.py:925} INFO - DAG(s) 'example_python_operator' retrieved from /home/sneha/spotify_airflow_project/venv/lib/python3.12/site-packages/airflow/example_dags/example_python_operator.py
[2026-01-07T12:17:55.310+0530] {logging_mixin.py:190} INFO - [2026-01-07T12:17:55.309+0530] {dag.py:3239} INFO - Sync 1 DAGs
[2026-01-07T12:17:55.321+0530] {logging_mixin.py:190} INFO - [2026-01-07T12:17:55.321+0530] {dag.py:4180} INFO - Setting next_dagrun for example_python_operator to None, run_after=None
[2026-01-07T12:17:55.339+0530] {processor.py:208} INFO - Processing /home/sneha/spotify_airflow_project/venv/lib/python3.12/site-packages/airflow/example_dags/example_python_operator.py took 0.080 seconds
[2026-01-07T12:18:51.285+0530] {processor.py:186} INFO - Started process (PID=19233) to work on /home/sneha/spotify_airflow_project/venv/lib/python3.12/site-packages/airflow/example_dags/example_python_operator.py
[2026-01-07T12:18:51.286+0530] {processor.py:914} INFO - Processing file /home/sneha/spotify_airflow_project/venv/lib/python3.12/site-packages/airflow/example_dags/example_python_operator.py for tasks to queue
[2026-01-07T12:18:51.288+0530] {logging_mixin.py:190} INFO - [2026-01-07T12:18:51.287+0530] {dagbag.py:588} INFO - Filling up the DagBag from /home/sneha/spotify_airflow_project/venv/lib/python3.12/site-packages/airflow/example_dags/example_python_operator.py
[2026-01-07T12:18:51.295+0530] {logging_mixin.py:190} INFO - [2026-01-07T12:18:51.294+0530] {example_python_operator.py:93} WARNING - The virtalenv_python example task requires virtualenv, please install it.
[2026-01-07T12:18:51.295+0530] {processor.py:925} INFO - DAG(s) 'example_python_operator' retrieved from /home/sneha/spotify_airflow_project/venv/lib/python3.12/site-packages/airflow/example_dags/example_python_operator.py
[2026-01-07T12:18:51.314+0530] {logging_mixin.py:190} INFO - [2026-01-07T12:18:51.314+0530] {dag.py:3239} INFO - Sync 1 DAGs
[2026-01-07T12:18:51.327+0530] {logging_mixin.py:190} INFO - [2026-01-07T12:18:51.327+0530] {dag.py:4180} INFO - Setting next_dagrun for example_python_operator to None, run_after=None
[2026-01-07T12:18:51.346+0530] {processor.py:208} INFO - Processing /home/sneha/spotify_airflow_project/venv/lib/python3.12/site-packages/airflow/example_dags/example_python_operator.py took 0.068 seconds
[2026-01-07T12:19:48.424+0530] {processor.py:186} INFO - Started process (PID=19369) to work on /home/sneha/spotify_airflow_project/venv/lib/python3.12/site-packages/airflow/example_dags/example_python_operator.py
[2026-01-07T12:19:48.425+0530] {processor.py:914} INFO - Processing file /home/sneha/spotify_airflow_project/venv/lib/python3.12/site-packages/airflow/example_dags/example_python_operator.py for tasks to queue
[2026-01-07T12:19:48.427+0530] {logging_mixin.py:190} INFO - [2026-01-07T12:19:48.426+0530] {dagbag.py:588} INFO - Filling up the DagBag from /home/sneha/spotify_airflow_project/venv/lib/python3.12/site-packages/airflow/example_dags/example_python_operator.py
[2026-01-07T12:19:48.434+0530] {logging_mixin.py:190} INFO - [2026-01-07T12:19:48.434+0530] {example_python_operator.py:93} WARNING - The virtalenv_python example task requires virtualenv, please install it.
[2026-01-07T12:19:48.435+0530] {processor.py:925} INFO - DAG(s) 'example_python_operator' retrieved from /home/sneha/spotify_airflow_project/venv/lib/python3.12/site-packages/airflow/example_dags/example_python_operator.py
[2026-01-07T12:19:48.453+0530] {logging_mixin.py:190} INFO - [2026-01-07T12:19:48.453+0530] {dag.py:3239} INFO - Sync 1 DAGs
[2026-01-07T12:19:48.465+0530] {logging_mixin.py:190} INFO - [2026-01-07T12:19:48.464+0530] {dag.py:4180} INFO - Setting next_dagrun for example_python_operator to None, run_after=None
[2026-01-07T12:19:48.483+0530] {processor.py:208} INFO - Processing /home/sneha/spotify_airflow_project/venv/lib/python3.12/site-packages/airflow/example_dags/example_python_operator.py took 0.071 seconds
