[2025-12-16T11:08:53.658+0530] {local_task_job_runner.py:123} INFO - ::group::Pre task execution logs
[2025-12-16T11:08:53.667+0530] {taskinstance.py:2612} INFO - Dependencies all met for dep_context=non-requeueable deps ti=<TaskInstance: spotify_streaming_pipeline.run_spotify_producer scheduled__2025-12-16T04:00:00+00:00 [queued]>
[2025-12-16T11:08:53.671+0530] {taskinstance.py:2612} INFO - Dependencies all met for dep_context=requeueable deps ti=<TaskInstance: spotify_streaming_pipeline.run_spotify_producer scheduled__2025-12-16T04:00:00+00:00 [queued]>
[2025-12-16T11:08:53.672+0530] {taskinstance.py:2865} INFO - Starting attempt 1 of 2
[2025-12-16T11:08:53.682+0530] {taskinstance.py:2888} INFO - Executing <Task(BashOperator): run_spotify_producer> on 2025-12-16 04:00:00+00:00
[2025-12-16T11:08:53.687+0530] {standard_task_runner.py:72} INFO - Started process 21877 to run task
[2025-12-16T11:08:53.693+0530] {standard_task_runner.py:104} INFO - Running: ['airflow', 'tasks', 'run', 'spotify_streaming_pipeline', 'run_spotify_producer', 'scheduled__2025-12-16T04:00:00+00:00', '--job-id', '35', '--raw', '--subdir', 'DAGS_FOLDER/spotify_streaming_dag.py', '--cfg-path', '/tmp/tmp3l_lwt37']
[2025-12-16T11:08:53.694+0530] {standard_task_runner.py:105} INFO - Job 35: Subtask run_spotify_producer
[2025-12-16T11:08:53.735+0530] {task_command.py:467} INFO - Running <TaskInstance: spotify_streaming_pipeline.run_spotify_producer scheduled__2025-12-16T04:00:00+00:00 [running]> on host sneha-HP-Laptop-15s-eq1xxx
[2025-12-16T11:08:53.787+0530] {taskinstance.py:3131} INFO - Exporting env vars: AIRFLOW_CTX_DAG_OWNER='sneha' AIRFLOW_CTX_DAG_ID='spotify_streaming_pipeline' AIRFLOW_CTX_TASK_ID='run_spotify_producer' AIRFLOW_CTX_EXECUTION_DATE='2025-12-16T04:00:00+00:00' AIRFLOW_CTX_TRY_NUMBER='1' AIRFLOW_CTX_DAG_RUN_ID='scheduled__2025-12-16T04:00:00+00:00'
[2025-12-16T11:08:53.788+0530] {logging_mixin.py:190} INFO - Task instance is in running state
[2025-12-16T11:08:53.788+0530] {logging_mixin.py:190} INFO -  Previous state of the Task instance: queued
[2025-12-16T11:08:53.789+0530] {logging_mixin.py:190} INFO - Current task name:run_spotify_producer state:running start_date:2025-12-16 05:38:53.667590+00:00
[2025-12-16T11:08:53.789+0530] {logging_mixin.py:190} INFO - Dag name:spotify_streaming_pipeline and current dag run status:running
[2025-12-16T11:08:53.789+0530] {taskinstance.py:731} INFO - ::endgroup::
[2025-12-16T11:08:53.790+0530] {subprocess.py:63} INFO - Tmp dir root location: /tmp
[2025-12-16T11:08:53.790+0530] {subprocess.py:75} INFO - Running command: ['/usr/bin/bash', '-c', 'python /home/sneha/spotify_airflow_project/scripts/producer_airflow.py']
[2025-12-16T11:08:53.803+0530] {subprocess.py:86} INFO - Output:
[2025-12-16T11:08:56.143+0530] {subprocess.py:93} INFO - Traceback (most recent call last):
[2025-12-16T11:08:56.144+0530] {subprocess.py:93} INFO -   File "/home/sneha/spotify_airflow_project/scripts/producer_airflow.py", line 15, in <module>
[2025-12-16T11:08:56.144+0530] {subprocess.py:93} INFO -     producer = KafkaProducer(
[2025-12-16T11:08:56.144+0530] {subprocess.py:93} INFO -                ^^^^^^^^^^^^^^
[2025-12-16T11:08:56.144+0530] {subprocess.py:93} INFO -   File "/home/sneha/spotify_airflow_project/venv/lib/python3.12/site-packages/kafka/producer/kafka.py", line 485, in __init__
[2025-12-16T11:08:56.144+0530] {subprocess.py:93} INFO -     client = self.config['kafka_client'](
[2025-12-16T11:08:56.145+0530] {subprocess.py:93} INFO -              ^^^^^^^^^^^^^^^^^^^^^^^^^^^^
[2025-12-16T11:08:56.145+0530] {subprocess.py:93} INFO -   File "/home/sneha/spotify_airflow_project/venv/lib/python3.12/site-packages/kafka/client_async.py", line 262, in __init__
[2025-12-16T11:08:56.145+0530] {subprocess.py:93} INFO -     self.config['api_version'] = self.check_version()
[2025-12-16T11:08:56.145+0530] {subprocess.py:93} INFO -                                  ^^^^^^^^^^^^^^^^^^^^
[2025-12-16T11:08:56.145+0530] {subprocess.py:93} INFO -   File "/home/sneha/spotify_airflow_project/venv/lib/python3.12/site-packages/kafka/client_async.py", line 1076, in check_version
[2025-12-16T11:08:56.146+0530] {subprocess.py:93} INFO -     raise Errors.NoBrokersAvailable()
[2025-12-16T11:08:56.146+0530] {subprocess.py:93} INFO - kafka.errors.NoBrokersAvailable: NoBrokersAvailable
[2025-12-16T11:08:56.223+0530] {subprocess.py:97} INFO - Command exited with return code 1
[2025-12-16T11:08:56.230+0530] {taskinstance.py:3310} ERROR - Task failed with exception
Traceback (most recent call last):
  File "/home/sneha/spotify_airflow_project/venv/lib/python3.12/site-packages/airflow/models/taskinstance.py", line 767, in _execute_task
    result = _execute_callable(context=context, **execute_callable_kwargs)
             ^^^^^^^^^^^^^^^^^^^^^^^^^^^^^^^^^^^^^^^^^^^^^^^^^^^^^^^^^^^^^
  File "/home/sneha/spotify_airflow_project/venv/lib/python3.12/site-packages/airflow/models/taskinstance.py", line 733, in _execute_callable
    return ExecutionCallableRunner(
           ^^^^^^^^^^^^^^^^^^^^^^^^
  File "/home/sneha/spotify_airflow_project/venv/lib/python3.12/site-packages/airflow/utils/operator_helpers.py", line 252, in run
    return self.func(*args, **kwargs)
           ^^^^^^^^^^^^^^^^^^^^^^^^^^
  File "/home/sneha/spotify_airflow_project/venv/lib/python3.12/site-packages/airflow/models/baseoperator.py", line 406, in wrapper
    return func(self, *args, **kwargs)
           ^^^^^^^^^^^^^^^^^^^^^^^^^^^
  File "/home/sneha/spotify_airflow_project/venv/lib/python3.12/site-packages/airflow/operators/bash.py", line 249, in execute
    raise AirflowException(
airflow.exceptions.AirflowException: Bash command failed. The command returned a non-zero exit code 1.
[2025-12-16T11:08:56.236+0530] {logging_mixin.py:190} INFO - Task instance in failure state
[2025-12-16T11:08:56.236+0530] {logging_mixin.py:190} INFO - Task start:2025-12-16 05:38:53.667590+00:00 end:2025-12-16 05:38:56.236137+00:00 duration:2.568547
[2025-12-16T11:08:56.237+0530] {logging_mixin.py:190} INFO - Task:<Task(BashOperator): run_spotify_producer> dag:<DAG: spotify_streaming_pipeline> dagrun:<DagRun spotify_streaming_pipeline @ 2025-12-16 04:00:00+00:00: scheduled__2025-12-16T04:00:00+00:00, state:running, queued_at: 2025-12-16 05:38:50.766865+00:00. externally triggered: False>
[2025-12-16T11:08:56.237+0530] {logging_mixin.py:190} INFO - Failure caused by Bash command failed. The command returned a non-zero exit code 1.
[2025-12-16T11:08:56.237+0530] {taskinstance.py:1225} INFO - Marking task as UP_FOR_RETRY. dag_id=spotify_streaming_pipeline, task_id=run_spotify_producer, run_id=scheduled__2025-12-16T04:00:00+00:00, execution_date=20251216T040000, start_date=20251216T053853, end_date=20251216T053856
[2025-12-16T11:08:56.249+0530] {taskinstance.py:340} INFO - ::group::Post task execution logs
[2025-12-16T11:08:56.249+0530] {standard_task_runner.py:124} ERROR - Failed to execute job 35 for task run_spotify_producer (Bash command failed. The command returned a non-zero exit code 1.; 21877)
Traceback (most recent call last):
  File "/home/sneha/spotify_airflow_project/venv/lib/python3.12/site-packages/airflow/task/task_runner/standard_task_runner.py", line 117, in _start_by_fork
    ret = args.func(args, dag=self.dag)
          ^^^^^^^^^^^^^^^^^^^^^^^^^^^^^
  File "/home/sneha/spotify_airflow_project/venv/lib/python3.12/site-packages/airflow/cli/cli_config.py", line 49, in command
    return func(*args, **kwargs)
           ^^^^^^^^^^^^^^^^^^^^^
  File "/home/sneha/spotify_airflow_project/venv/lib/python3.12/site-packages/airflow/utils/cli.py", line 115, in wrapper
    return f(*args, **kwargs)
           ^^^^^^^^^^^^^^^^^^
  File "/home/sneha/spotify_airflow_project/venv/lib/python3.12/site-packages/airflow/cli/commands/task_command.py", line 483, in task_run
    task_return_code = _run_task_by_selected_method(args, _dag, ti)
                       ^^^^^^^^^^^^^^^^^^^^^^^^^^^^^^^^^^^^^^^^^^^^
  File "/home/sneha/spotify_airflow_project/venv/lib/python3.12/site-packages/airflow/cli/commands/task_command.py", line 256, in _run_task_by_selected_method
    return _run_raw_task(args, ti)
           ^^^^^^^^^^^^^^^^^^^^^^^
  File "/home/sneha/spotify_airflow_project/venv/lib/python3.12/site-packages/airflow/cli/commands/task_command.py", line 341, in _run_raw_task
    return ti._run_raw_task(
           ^^^^^^^^^^^^^^^^^
  File "/home/sneha/spotify_airflow_project/venv/lib/python3.12/site-packages/airflow/utils/session.py", line 97, in wrapper
    return func(*args, session=session, **kwargs)
           ^^^^^^^^^^^^^^^^^^^^^^^^^^^^^^^^^^^^^^
  File "/home/sneha/spotify_airflow_project/venv/lib/python3.12/site-packages/airflow/models/taskinstance.py", line 3004, in _run_raw_task
    return _run_raw_task(
           ^^^^^^^^^^^^^^
  File "/home/sneha/spotify_airflow_project/venv/lib/python3.12/site-packages/airflow/models/taskinstance.py", line 273, in _run_raw_task
    TaskInstance._execute_task_with_callbacks(
  File "/home/sneha/spotify_airflow_project/venv/lib/python3.12/site-packages/airflow/models/taskinstance.py", line 3158, in _execute_task_with_callbacks
    result = self._execute_task(context, task_orig)
             ^^^^^^^^^^^^^^^^^^^^^^^^^^^^^^^^^^^^^^
  File "/home/sneha/spotify_airflow_project/venv/lib/python3.12/site-packages/airflow/models/taskinstance.py", line 3182, in _execute_task
    return _execute_task(self, context, task_orig)
           ^^^^^^^^^^^^^^^^^^^^^^^^^^^^^^^^^^^^^^^
  File "/home/sneha/spotify_airflow_project/venv/lib/python3.12/site-packages/airflow/models/taskinstance.py", line 767, in _execute_task
    result = _execute_callable(context=context, **execute_callable_kwargs)
             ^^^^^^^^^^^^^^^^^^^^^^^^^^^^^^^^^^^^^^^^^^^^^^^^^^^^^^^^^^^^^
  File "/home/sneha/spotify_airflow_project/venv/lib/python3.12/site-packages/airflow/models/taskinstance.py", line 733, in _execute_callable
    return ExecutionCallableRunner(
           ^^^^^^^^^^^^^^^^^^^^^^^^
  File "/home/sneha/spotify_airflow_project/venv/lib/python3.12/site-packages/airflow/utils/operator_helpers.py", line 252, in run
    return self.func(*args, **kwargs)
           ^^^^^^^^^^^^^^^^^^^^^^^^^^
  File "/home/sneha/spotify_airflow_project/venv/lib/python3.12/site-packages/airflow/models/baseoperator.py", line 406, in wrapper
    return func(self, *args, **kwargs)
           ^^^^^^^^^^^^^^^^^^^^^^^^^^^
  File "/home/sneha/spotify_airflow_project/venv/lib/python3.12/site-packages/airflow/operators/bash.py", line 249, in execute
    raise AirflowException(
airflow.exceptions.AirflowException: Bash command failed. The command returned a non-zero exit code 1.
[2025-12-16T11:08:56.270+0530] {local_task_job_runner.py:266} INFO - Task exited with return code 1
[2025-12-16T11:08:56.304+0530] {taskinstance.py:3900} INFO - 0 downstream tasks scheduled from follow-on schedule check
[2025-12-16T11:08:56.305+0530] {local_task_job_runner.py:245} INFO - ::endgroup::
