[2025-12-16T12:37:08.674+0530] {local_task_job_runner.py:123} INFO - ::group::Pre task execution logs
[2025-12-16T12:37:08.684+0530] {taskinstance.py:2612} INFO - Dependencies all met for dep_context=non-requeueable deps ti=<TaskInstance: spotify_streaming_pipeline.run_spotify_producer scheduled__2025-12-16T04:00:00+00:00 [queued]>
[2025-12-16T12:37:08.689+0530] {taskinstance.py:2612} INFO - Dependencies all met for dep_context=requeueable deps ti=<TaskInstance: spotify_streaming_pipeline.run_spotify_producer scheduled__2025-12-16T04:00:00+00:00 [queued]>
[2025-12-16T12:37:08.689+0530] {taskinstance.py:2865} INFO - Starting attempt 2 of 3
[2025-12-16T12:37:08.701+0530] {taskinstance.py:2888} INFO - Executing <Task(BashOperator): run_spotify_producer> on 2025-12-16 04:00:00+00:00
[2025-12-16T12:37:08.707+0530] {standard_task_runner.py:72} INFO - Started process 27613 to run task
[2025-12-16T12:37:08.713+0530] {standard_task_runner.py:104} INFO - Running: ['airflow', 'tasks', 'run', 'spotify_streaming_pipeline', 'run_spotify_producer', 'scheduled__2025-12-16T04:00:00+00:00', '--job-id', '38', '--raw', '--subdir', 'DAGS_FOLDER/spotify_streaming_dag.py', '--cfg-path', '/tmp/tmpjv_1fkls']
[2025-12-16T12:37:08.714+0530] {standard_task_runner.py:105} INFO - Job 38: Subtask run_spotify_producer
[2025-12-16T12:37:08.753+0530] {task_command.py:467} INFO - Running <TaskInstance: spotify_streaming_pipeline.run_spotify_producer scheduled__2025-12-16T04:00:00+00:00 [running]> on host sneha-HP-Laptop-15s-eq1xxx
[2025-12-16T12:37:08.805+0530] {taskinstance.py:3131} INFO - Exporting env vars: AIRFLOW_CTX_DAG_OWNER='sneha' AIRFLOW_CTX_DAG_ID='spotify_streaming_pipeline' AIRFLOW_CTX_TASK_ID='run_spotify_producer' AIRFLOW_CTX_EXECUTION_DATE='2025-12-16T04:00:00+00:00' AIRFLOW_CTX_TRY_NUMBER='2' AIRFLOW_CTX_DAG_RUN_ID='scheduled__2025-12-16T04:00:00+00:00'
[2025-12-16T12:37:08.806+0530] {logging_mixin.py:190} INFO - Task instance is in running state
[2025-12-16T12:37:08.807+0530] {logging_mixin.py:190} INFO -  Previous state of the Task instance: queued
[2025-12-16T12:37:08.807+0530] {logging_mixin.py:190} INFO - Current task name:run_spotify_producer state:running start_date:2025-12-16 07:07:08.684842+00:00
[2025-12-16T12:37:08.807+0530] {logging_mixin.py:190} INFO - Dag name:spotify_streaming_pipeline and current dag run status:running
[2025-12-16T12:37:08.807+0530] {taskinstance.py:731} INFO - ::endgroup::
[2025-12-16T12:37:08.808+0530] {subprocess.py:63} INFO - Tmp dir root location: /tmp
[2025-12-16T12:37:08.808+0530] {subprocess.py:75} INFO - Running command: ['/usr/bin/bash', '-c', 'python /home/sneha/spotify_airflow_project/scripts/producer_airflow.py']
[2025-12-16T12:37:08.822+0530] {subprocess.py:86} INFO - Output:
[2025-12-16T12:37:15.431+0530] {subprocess.py:93} INFO - Sending: {'track_name': 'Nee Manimukilaadakal', 'artist': 'Alphons Joseph', 'album': 'Vellithira (Original Motion Picture Soundtrack)', 'played_at': '2025-12-16T05:41:17.102Z'}
[2025-12-16T12:37:15.432+0530] {subprocess.py:93} INFO - Sending: {'track_name': 'Lailakame', 'artist': 'Haricharan', 'album': 'Ezra', 'played_at': '2025-12-16T05:33:46.343Z'}
[2025-12-16T12:37:15.432+0530] {subprocess.py:93} INFO - Sending: {'track_name': 'Nokki Nokki', 'artist': 'Abhay Jodhpurkar', 'album': 'Jomonte Suviseshangal', 'played_at': '2025-12-16T05:29:46.296Z'}
[2025-12-16T12:37:15.434+0530] {subprocess.py:93} INFO - Sending: {'track_name': 'Mazhaye Thoomazhaye', 'artist': 'M. Jayachandran', 'album': 'Pattam Pole (Original Motion Picture Soundtrack)', 'played_at': '2025-12-16T05:01:32.630Z'}
[2025-12-16T12:37:15.434+0530] {subprocess.py:93} INFO - Sending: {'track_name': 'Kaanumbol Parayaamo', 'artist': 'Mohan Sithara', 'album': 'Ishtam (Original Motion Picture Soundtrack)', 'played_at': '2025-12-16T04:56:32.714Z'}
[2025-12-16T12:37:15.503+0530] {subprocess.py:97} INFO - Command exited with return code 0
[2025-12-16T12:37:15.530+0530] {taskinstance.py:340} INFO - ::group::Post task execution logs
[2025-12-16T12:37:15.530+0530] {taskinstance.py:352} INFO - Marking task as SUCCESS. dag_id=spotify_streaming_pipeline, task_id=run_spotify_producer, run_id=scheduled__2025-12-16T04:00:00+00:00, execution_date=20251216T040000, start_date=20251216T070708, end_date=20251216T070715
[2025-12-16T12:37:15.538+0530] {logging_mixin.py:190} INFO - Task instance in success state
[2025-12-16T12:37:15.538+0530] {logging_mixin.py:190} INFO -  Previous state of the Task instance: running
[2025-12-16T12:37:15.538+0530] {logging_mixin.py:190} INFO - Dag name:spotify_streaming_pipeline queued_at:2025-12-16 06:24:21.791779+00:00
[2025-12-16T12:37:15.538+0530] {logging_mixin.py:190} INFO - Task hostname:sneha-HP-Laptop-15s-eq1xxx operator:BashOperator
[2025-12-16T12:37:15.553+0530] {local_task_job_runner.py:266} INFO - Task exited with return code 0
[2025-12-16T12:37:15.582+0530] {taskinstance.py:3900} INFO - 1 downstream tasks scheduled from follow-on schedule check
[2025-12-16T12:37:15.585+0530] {local_task_job_runner.py:245} INFO - ::endgroup::
