[2025-12-16T10:50:16.039+0530] {processor.py:186} INFO - Started process (PID=7200) to work on /home/sneha/spotify_airflow_project/venv/lib/python3.12/site-packages/airflow/example_dags/example_kubernetes_executor.py
[2025-12-16T10:50:16.040+0530] {processor.py:914} INFO - Processing file /home/sneha/spotify_airflow_project/venv/lib/python3.12/site-packages/airflow/example_dags/example_kubernetes_executor.py for tasks to queue
[2025-12-16T10:50:16.043+0530] {logging_mixin.py:190} INFO - [2025-12-16T10:50:16.042+0530] {dagbag.py:588} INFO - Filling up the DagBag from /home/sneha/spotify_airflow_project/venv/lib/python3.12/site-packages/airflow/example_dags/example_kubernetes_executor.py
[2025-12-16T10:50:16.046+0530] {logging_mixin.py:190} INFO - [2025-12-16T10:50:16.046+0530] {example_kubernetes_executor.py:39} WARNING - The example_kubernetes_executor example DAG requires the kubernetes provider. Please install it with: pip install apache-airflow[cncf.kubernetes]
[2025-12-16T10:50:16.046+0530] {processor.py:927} WARNING - No viable dags retrieved from /home/sneha/spotify_airflow_project/venv/lib/python3.12/site-packages/airflow/example_dags/example_kubernetes_executor.py
[2025-12-16T10:50:16.062+0530] {processor.py:208} INFO - Processing /home/sneha/spotify_airflow_project/venv/lib/python3.12/site-packages/airflow/example_dags/example_kubernetes_executor.py took 0.032 seconds
[2025-12-16T10:55:25.649+0530] {processor.py:186} INFO - Started process (PID=7907) to work on /home/sneha/spotify_airflow_project/venv/lib/python3.12/site-packages/airflow/example_dags/example_kubernetes_executor.py
[2025-12-16T10:55:25.650+0530] {processor.py:914} INFO - Processing file /home/sneha/spotify_airflow_project/venv/lib/python3.12/site-packages/airflow/example_dags/example_kubernetes_executor.py for tasks to queue
[2025-12-16T10:55:25.652+0530] {logging_mixin.py:190} INFO - [2025-12-16T10:55:25.651+0530] {dagbag.py:588} INFO - Filling up the DagBag from /home/sneha/spotify_airflow_project/venv/lib/python3.12/site-packages/airflow/example_dags/example_kubernetes_executor.py
[2025-12-16T10:55:25.654+0530] {logging_mixin.py:190} INFO - [2025-12-16T10:55:25.654+0530] {example_kubernetes_executor.py:39} WARNING - The example_kubernetes_executor example DAG requires the kubernetes provider. Please install it with: pip install apache-airflow[cncf.kubernetes]
[2025-12-16T10:55:25.655+0530] {processor.py:927} WARNING - No viable dags retrieved from /home/sneha/spotify_airflow_project/venv/lib/python3.12/site-packages/airflow/example_dags/example_kubernetes_executor.py
[2025-12-16T10:55:25.665+0530] {processor.py:208} INFO - Processing /home/sneha/spotify_airflow_project/venv/lib/python3.12/site-packages/airflow/example_dags/example_kubernetes_executor.py took 0.026 seconds
[2025-12-16T10:56:22.831+0530] {processor.py:186} INFO - Started process (PID=8175) to work on /home/sneha/spotify_airflow_project/venv/lib/python3.12/site-packages/airflow/example_dags/example_kubernetes_executor.py
[2025-12-16T10:56:22.832+0530] {processor.py:914} INFO - Processing file /home/sneha/spotify_airflow_project/venv/lib/python3.12/site-packages/airflow/example_dags/example_kubernetes_executor.py for tasks to queue
[2025-12-16T10:56:22.833+0530] {logging_mixin.py:190} INFO - [2025-12-16T10:56:22.833+0530] {dagbag.py:588} INFO - Filling up the DagBag from /home/sneha/spotify_airflow_project/venv/lib/python3.12/site-packages/airflow/example_dags/example_kubernetes_executor.py
[2025-12-16T10:56:22.836+0530] {logging_mixin.py:190} INFO - [2025-12-16T10:56:22.836+0530] {example_kubernetes_executor.py:39} WARNING - The example_kubernetes_executor example DAG requires the kubernetes provider. Please install it with: pip install apache-airflow[cncf.kubernetes]
[2025-12-16T10:56:22.836+0530] {processor.py:927} WARNING - No viable dags retrieved from /home/sneha/spotify_airflow_project/venv/lib/python3.12/site-packages/airflow/example_dags/example_kubernetes_executor.py
[2025-12-16T10:56:22.848+0530] {processor.py:208} INFO - Processing /home/sneha/spotify_airflow_project/venv/lib/python3.12/site-packages/airflow/example_dags/example_kubernetes_executor.py took 0.024 seconds
[2025-12-16T11:07:30.740+0530] {processor.py:186} INFO - Started process (PID=21601) to work on /home/sneha/spotify_airflow_project/venv/lib/python3.12/site-packages/airflow/example_dags/example_kubernetes_executor.py
[2025-12-16T11:07:30.751+0530] {processor.py:914} INFO - Processing file /home/sneha/spotify_airflow_project/venv/lib/python3.12/site-packages/airflow/example_dags/example_kubernetes_executor.py for tasks to queue
[2025-12-16T11:07:30.753+0530] {logging_mixin.py:190} INFO - [2025-12-16T11:07:30.753+0530] {dagbag.py:588} INFO - Filling up the DagBag from /home/sneha/spotify_airflow_project/venv/lib/python3.12/site-packages/airflow/example_dags/example_kubernetes_executor.py
[2025-12-16T11:07:30.756+0530] {logging_mixin.py:190} INFO - [2025-12-16T11:07:30.756+0530] {example_kubernetes_executor.py:39} WARNING - The example_kubernetes_executor example DAG requires the kubernetes provider. Please install it with: pip install apache-airflow[cncf.kubernetes]
[2025-12-16T11:07:30.757+0530] {processor.py:927} WARNING - No viable dags retrieved from /home/sneha/spotify_airflow_project/venv/lib/python3.12/site-packages/airflow/example_dags/example_kubernetes_executor.py
[2025-12-16T11:07:30.767+0530] {processor.py:208} INFO - Processing /home/sneha/spotify_airflow_project/venv/lib/python3.12/site-packages/airflow/example_dags/example_kubernetes_executor.py took 0.038 seconds
[2025-12-16T11:08:28.566+0530] {processor.py:186} INFO - Started process (PID=21770) to work on /home/sneha/spotify_airflow_project/venv/lib/python3.12/site-packages/airflow/example_dags/example_kubernetes_executor.py
[2025-12-16T11:08:28.567+0530] {processor.py:914} INFO - Processing file /home/sneha/spotify_airflow_project/venv/lib/python3.12/site-packages/airflow/example_dags/example_kubernetes_executor.py for tasks to queue
[2025-12-16T11:08:28.569+0530] {logging_mixin.py:190} INFO - [2025-12-16T11:08:28.568+0530] {dagbag.py:588} INFO - Filling up the DagBag from /home/sneha/spotify_airflow_project/venv/lib/python3.12/site-packages/airflow/example_dags/example_kubernetes_executor.py
[2025-12-16T11:08:28.571+0530] {logging_mixin.py:190} INFO - [2025-12-16T11:08:28.571+0530] {example_kubernetes_executor.py:39} WARNING - The example_kubernetes_executor example DAG requires the kubernetes provider. Please install it with: pip install apache-airflow[cncf.kubernetes]
[2025-12-16T11:08:28.572+0530] {processor.py:927} WARNING - No viable dags retrieved from /home/sneha/spotify_airflow_project/venv/lib/python3.12/site-packages/airflow/example_dags/example_kubernetes_executor.py
[2025-12-16T11:08:28.583+0530] {processor.py:208} INFO - Processing /home/sneha/spotify_airflow_project/venv/lib/python3.12/site-packages/airflow/example_dags/example_kubernetes_executor.py took 0.027 seconds
[2025-12-16T11:09:30.973+0530] {processor.py:186} INFO - Started process (PID=21966) to work on /home/sneha/spotify_airflow_project/venv/lib/python3.12/site-packages/airflow/example_dags/example_kubernetes_executor.py
[2025-12-16T11:09:30.974+0530] {processor.py:914} INFO - Processing file /home/sneha/spotify_airflow_project/venv/lib/python3.12/site-packages/airflow/example_dags/example_kubernetes_executor.py for tasks to queue
[2025-12-16T11:09:30.976+0530] {logging_mixin.py:190} INFO - [2025-12-16T11:09:30.976+0530] {dagbag.py:588} INFO - Filling up the DagBag from /home/sneha/spotify_airflow_project/venv/lib/python3.12/site-packages/airflow/example_dags/example_kubernetes_executor.py
[2025-12-16T11:09:30.979+0530] {logging_mixin.py:190} INFO - [2025-12-16T11:09:30.979+0530] {example_kubernetes_executor.py:39} WARNING - The example_kubernetes_executor example DAG requires the kubernetes provider. Please install it with: pip install apache-airflow[cncf.kubernetes]
[2025-12-16T11:09:30.979+0530] {processor.py:927} WARNING - No viable dags retrieved from /home/sneha/spotify_airflow_project/venv/lib/python3.12/site-packages/airflow/example_dags/example_kubernetes_executor.py
[2025-12-16T11:09:30.990+0530] {processor.py:208} INFO - Processing /home/sneha/spotify_airflow_project/venv/lib/python3.12/site-packages/airflow/example_dags/example_kubernetes_executor.py took 0.024 seconds
[2025-12-16T11:10:29.443+0530] {processor.py:186} INFO - Started process (PID=22028) to work on /home/sneha/spotify_airflow_project/venv/lib/python3.12/site-packages/airflow/example_dags/example_kubernetes_executor.py
[2025-12-16T11:10:29.444+0530] {processor.py:914} INFO - Processing file /home/sneha/spotify_airflow_project/venv/lib/python3.12/site-packages/airflow/example_dags/example_kubernetes_executor.py for tasks to queue
[2025-12-16T11:10:29.447+0530] {logging_mixin.py:190} INFO - [2025-12-16T11:10:29.446+0530] {dagbag.py:588} INFO - Filling up the DagBag from /home/sneha/spotify_airflow_project/venv/lib/python3.12/site-packages/airflow/example_dags/example_kubernetes_executor.py
[2025-12-16T11:10:29.449+0530] {logging_mixin.py:190} INFO - [2025-12-16T11:10:29.449+0530] {example_kubernetes_executor.py:39} WARNING - The example_kubernetes_executor example DAG requires the kubernetes provider. Please install it with: pip install apache-airflow[cncf.kubernetes]
[2025-12-16T11:10:29.449+0530] {processor.py:927} WARNING - No viable dags retrieved from /home/sneha/spotify_airflow_project/venv/lib/python3.12/site-packages/airflow/example_dags/example_kubernetes_executor.py
[2025-12-16T11:10:29.461+0530] {processor.py:208} INFO - Processing /home/sneha/spotify_airflow_project/venv/lib/python3.12/site-packages/airflow/example_dags/example_kubernetes_executor.py took 0.023 seconds
[2025-12-16T11:11:24.210+0530] {processor.py:186} INFO - Started process (PID=22089) to work on /home/sneha/spotify_airflow_project/venv/lib/python3.12/site-packages/airflow/example_dags/example_kubernetes_executor.py
[2025-12-16T11:11:24.211+0530] {processor.py:914} INFO - Processing file /home/sneha/spotify_airflow_project/venv/lib/python3.12/site-packages/airflow/example_dags/example_kubernetes_executor.py for tasks to queue
[2025-12-16T11:11:24.213+0530] {logging_mixin.py:190} INFO - [2025-12-16T11:11:24.213+0530] {dagbag.py:588} INFO - Filling up the DagBag from /home/sneha/spotify_airflow_project/venv/lib/python3.12/site-packages/airflow/example_dags/example_kubernetes_executor.py
[2025-12-16T11:11:24.215+0530] {logging_mixin.py:190} INFO - [2025-12-16T11:11:24.215+0530] {example_kubernetes_executor.py:39} WARNING - The example_kubernetes_executor example DAG requires the kubernetes provider. Please install it with: pip install apache-airflow[cncf.kubernetes]
[2025-12-16T11:11:24.216+0530] {processor.py:927} WARNING - No viable dags retrieved from /home/sneha/spotify_airflow_project/venv/lib/python3.12/site-packages/airflow/example_dags/example_kubernetes_executor.py
[2025-12-16T11:11:24.226+0530] {processor.py:208} INFO - Processing /home/sneha/spotify_airflow_project/venv/lib/python3.12/site-packages/airflow/example_dags/example_kubernetes_executor.py took 0.023 seconds
[2025-12-16T11:12:23.031+0530] {processor.py:186} INFO - Started process (PID=22170) to work on /home/sneha/spotify_airflow_project/venv/lib/python3.12/site-packages/airflow/example_dags/example_kubernetes_executor.py
[2025-12-16T11:12:23.033+0530] {processor.py:914} INFO - Processing file /home/sneha/spotify_airflow_project/venv/lib/python3.12/site-packages/airflow/example_dags/example_kubernetes_executor.py for tasks to queue
[2025-12-16T11:12:23.036+0530] {logging_mixin.py:190} INFO - [2025-12-16T11:12:23.035+0530] {dagbag.py:588} INFO - Filling up the DagBag from /home/sneha/spotify_airflow_project/venv/lib/python3.12/site-packages/airflow/example_dags/example_kubernetes_executor.py
[2025-12-16T11:12:23.039+0530] {logging_mixin.py:190} INFO - [2025-12-16T11:12:23.038+0530] {example_kubernetes_executor.py:39} WARNING - The example_kubernetes_executor example DAG requires the kubernetes provider. Please install it with: pip install apache-airflow[cncf.kubernetes]
[2025-12-16T11:12:23.039+0530] {processor.py:927} WARNING - No viable dags retrieved from /home/sneha/spotify_airflow_project/venv/lib/python3.12/site-packages/airflow/example_dags/example_kubernetes_executor.py
[2025-12-16T11:12:23.050+0530] {processor.py:208} INFO - Processing /home/sneha/spotify_airflow_project/venv/lib/python3.12/site-packages/airflow/example_dags/example_kubernetes_executor.py took 0.031 seconds
[2025-12-16T12:40:08.270+0530] {processor.py:186} INFO - Started process (PID=30521) to work on /home/sneha/spotify_airflow_project/venv/lib/python3.12/site-packages/airflow/example_dags/example_kubernetes_executor.py
[2025-12-16T12:40:08.271+0530] {processor.py:914} INFO - Processing file /home/sneha/spotify_airflow_project/venv/lib/python3.12/site-packages/airflow/example_dags/example_kubernetes_executor.py for tasks to queue
[2025-12-16T12:40:08.273+0530] {logging_mixin.py:190} INFO - [2025-12-16T12:40:08.272+0530] {dagbag.py:588} INFO - Filling up the DagBag from /home/sneha/spotify_airflow_project/venv/lib/python3.12/site-packages/airflow/example_dags/example_kubernetes_executor.py
[2025-12-16T12:40:08.275+0530] {logging_mixin.py:190} INFO - [2025-12-16T12:40:08.275+0530] {example_kubernetes_executor.py:39} WARNING - The example_kubernetes_executor example DAG requires the kubernetes provider. Please install it with: pip install apache-airflow[cncf.kubernetes]
[2025-12-16T12:40:08.275+0530] {processor.py:927} WARNING - No viable dags retrieved from /home/sneha/spotify_airflow_project/venv/lib/python3.12/site-packages/airflow/example_dags/example_kubernetes_executor.py
[2025-12-16T12:40:08.286+0530] {processor.py:208} INFO - Processing /home/sneha/spotify_airflow_project/venv/lib/python3.12/site-packages/airflow/example_dags/example_kubernetes_executor.py took 0.023 seconds
[2025-12-16T12:41:05.490+0530] {processor.py:186} INFO - Started process (PID=30913) to work on /home/sneha/spotify_airflow_project/venv/lib/python3.12/site-packages/airflow/example_dags/example_kubernetes_executor.py
[2025-12-16T12:41:05.492+0530] {processor.py:914} INFO - Processing file /home/sneha/spotify_airflow_project/venv/lib/python3.12/site-packages/airflow/example_dags/example_kubernetes_executor.py for tasks to queue
[2025-12-16T12:41:05.493+0530] {logging_mixin.py:190} INFO - [2025-12-16T12:41:05.493+0530] {dagbag.py:588} INFO - Filling up the DagBag from /home/sneha/spotify_airflow_project/venv/lib/python3.12/site-packages/airflow/example_dags/example_kubernetes_executor.py
[2025-12-16T12:41:05.495+0530] {logging_mixin.py:190} INFO - [2025-12-16T12:41:05.495+0530] {example_kubernetes_executor.py:39} WARNING - The example_kubernetes_executor example DAG requires the kubernetes provider. Please install it with: pip install apache-airflow[cncf.kubernetes]
[2025-12-16T12:41:05.496+0530] {processor.py:927} WARNING - No viable dags retrieved from /home/sneha/spotify_airflow_project/venv/lib/python3.12/site-packages/airflow/example_dags/example_kubernetes_executor.py
[2025-12-16T12:41:05.507+0530] {processor.py:208} INFO - Processing /home/sneha/spotify_airflow_project/venv/lib/python3.12/site-packages/airflow/example_dags/example_kubernetes_executor.py took 0.028 seconds
[2025-12-16T12:42:05.392+0530] {processor.py:186} INFO - Started process (PID=31351) to work on /home/sneha/spotify_airflow_project/venv/lib/python3.12/site-packages/airflow/example_dags/example_kubernetes_executor.py
[2025-12-16T12:42:05.393+0530] {processor.py:914} INFO - Processing file /home/sneha/spotify_airflow_project/venv/lib/python3.12/site-packages/airflow/example_dags/example_kubernetes_executor.py for tasks to queue
[2025-12-16T12:42:05.394+0530] {logging_mixin.py:190} INFO - [2025-12-16T12:42:05.394+0530] {dagbag.py:588} INFO - Filling up the DagBag from /home/sneha/spotify_airflow_project/venv/lib/python3.12/site-packages/airflow/example_dags/example_kubernetes_executor.py
[2025-12-16T12:42:05.397+0530] {logging_mixin.py:190} INFO - [2025-12-16T12:42:05.396+0530] {example_kubernetes_executor.py:39} WARNING - The example_kubernetes_executor example DAG requires the kubernetes provider. Please install it with: pip install apache-airflow[cncf.kubernetes]
[2025-12-16T12:42:05.397+0530] {processor.py:927} WARNING - No viable dags retrieved from /home/sneha/spotify_airflow_project/venv/lib/python3.12/site-packages/airflow/example_dags/example_kubernetes_executor.py
[2025-12-16T12:42:05.408+0530] {processor.py:208} INFO - Processing /home/sneha/spotify_airflow_project/venv/lib/python3.12/site-packages/airflow/example_dags/example_kubernetes_executor.py took 0.023 seconds
[2025-12-16T12:44:16.056+0530] {processor.py:186} INFO - Started process (PID=33075) to work on /home/sneha/spotify_airflow_project/venv/lib/python3.12/site-packages/airflow/example_dags/example_kubernetes_executor.py
[2025-12-16T12:44:16.057+0530] {processor.py:914} INFO - Processing file /home/sneha/spotify_airflow_project/venv/lib/python3.12/site-packages/airflow/example_dags/example_kubernetes_executor.py for tasks to queue
[2025-12-16T12:44:16.059+0530] {logging_mixin.py:190} INFO - [2025-12-16T12:44:16.058+0530] {dagbag.py:588} INFO - Filling up the DagBag from /home/sneha/spotify_airflow_project/venv/lib/python3.12/site-packages/airflow/example_dags/example_kubernetes_executor.py
[2025-12-16T12:44:16.062+0530] {logging_mixin.py:190} INFO - [2025-12-16T12:44:16.062+0530] {example_kubernetes_executor.py:39} WARNING - The example_kubernetes_executor example DAG requires the kubernetes provider. Please install it with: pip install apache-airflow[cncf.kubernetes]
[2025-12-16T12:44:16.063+0530] {processor.py:927} WARNING - No viable dags retrieved from /home/sneha/spotify_airflow_project/venv/lib/python3.12/site-packages/airflow/example_dags/example_kubernetes_executor.py
[2025-12-16T12:44:16.075+0530] {processor.py:208} INFO - Processing /home/sneha/spotify_airflow_project/venv/lib/python3.12/site-packages/airflow/example_dags/example_kubernetes_executor.py took 0.026 seconds
[2025-12-16T12:45:43.506+0530] {processor.py:186} INFO - Started process (PID=33981) to work on /home/sneha/spotify_airflow_project/venv/lib/python3.12/site-packages/airflow/example_dags/example_kubernetes_executor.py
[2025-12-16T12:45:43.507+0530] {processor.py:914} INFO - Processing file /home/sneha/spotify_airflow_project/venv/lib/python3.12/site-packages/airflow/example_dags/example_kubernetes_executor.py for tasks to queue
[2025-12-16T12:45:43.508+0530] {logging_mixin.py:190} INFO - [2025-12-16T12:45:43.508+0530] {dagbag.py:588} INFO - Filling up the DagBag from /home/sneha/spotify_airflow_project/venv/lib/python3.12/site-packages/airflow/example_dags/example_kubernetes_executor.py
[2025-12-16T12:45:43.511+0530] {logging_mixin.py:190} INFO - [2025-12-16T12:45:43.511+0530] {example_kubernetes_executor.py:39} WARNING - The example_kubernetes_executor example DAG requires the kubernetes provider. Please install it with: pip install apache-airflow[cncf.kubernetes]
[2025-12-16T12:45:43.511+0530] {processor.py:927} WARNING - No viable dags retrieved from /home/sneha/spotify_airflow_project/venv/lib/python3.12/site-packages/airflow/example_dags/example_kubernetes_executor.py
[2025-12-16T12:45:43.522+0530] {processor.py:208} INFO - Processing /home/sneha/spotify_airflow_project/venv/lib/python3.12/site-packages/airflow/example_dags/example_kubernetes_executor.py took 0.023 seconds
[2025-12-16T12:46:40.897+0530] {processor.py:186} INFO - Started process (PID=34041) to work on /home/sneha/spotify_airflow_project/venv/lib/python3.12/site-packages/airflow/example_dags/example_kubernetes_executor.py
[2025-12-16T12:46:40.898+0530] {processor.py:914} INFO - Processing file /home/sneha/spotify_airflow_project/venv/lib/python3.12/site-packages/airflow/example_dags/example_kubernetes_executor.py for tasks to queue
[2025-12-16T12:46:40.899+0530] {logging_mixin.py:190} INFO - [2025-12-16T12:46:40.898+0530] {dagbag.py:588} INFO - Filling up the DagBag from /home/sneha/spotify_airflow_project/venv/lib/python3.12/site-packages/airflow/example_dags/example_kubernetes_executor.py
[2025-12-16T12:46:40.902+0530] {logging_mixin.py:190} INFO - [2025-12-16T12:46:40.901+0530] {example_kubernetes_executor.py:39} WARNING - The example_kubernetes_executor example DAG requires the kubernetes provider. Please install it with: pip install apache-airflow[cncf.kubernetes]
[2025-12-16T12:46:40.902+0530] {processor.py:927} WARNING - No viable dags retrieved from /home/sneha/spotify_airflow_project/venv/lib/python3.12/site-packages/airflow/example_dags/example_kubernetes_executor.py
[2025-12-16T12:46:40.913+0530] {processor.py:208} INFO - Processing /home/sneha/spotify_airflow_project/venv/lib/python3.12/site-packages/airflow/example_dags/example_kubernetes_executor.py took 0.024 seconds
[2025-12-16T12:47:44.327+0530] {processor.py:186} INFO - Started process (PID=34129) to work on /home/sneha/spotify_airflow_project/venv/lib/python3.12/site-packages/airflow/example_dags/example_kubernetes_executor.py
[2025-12-16T12:47:44.328+0530] {processor.py:914} INFO - Processing file /home/sneha/spotify_airflow_project/venv/lib/python3.12/site-packages/airflow/example_dags/example_kubernetes_executor.py for tasks to queue
[2025-12-16T12:47:44.329+0530] {logging_mixin.py:190} INFO - [2025-12-16T12:47:44.329+0530] {dagbag.py:588} INFO - Filling up the DagBag from /home/sneha/spotify_airflow_project/venv/lib/python3.12/site-packages/airflow/example_dags/example_kubernetes_executor.py
[2025-12-16T12:47:44.332+0530] {logging_mixin.py:190} INFO - [2025-12-16T12:47:44.332+0530] {example_kubernetes_executor.py:39} WARNING - The example_kubernetes_executor example DAG requires the kubernetes provider. Please install it with: pip install apache-airflow[cncf.kubernetes]
[2025-12-16T12:47:44.332+0530] {processor.py:927} WARNING - No viable dags retrieved from /home/sneha/spotify_airflow_project/venv/lib/python3.12/site-packages/airflow/example_dags/example_kubernetes_executor.py
[2025-12-16T12:47:44.344+0530] {processor.py:208} INFO - Processing /home/sneha/spotify_airflow_project/venv/lib/python3.12/site-packages/airflow/example_dags/example_kubernetes_executor.py took 0.023 seconds
[2025-12-16T12:48:41.455+0530] {processor.py:186} INFO - Started process (PID=34191) to work on /home/sneha/spotify_airflow_project/venv/lib/python3.12/site-packages/airflow/example_dags/example_kubernetes_executor.py
[2025-12-16T12:48:41.456+0530] {processor.py:914} INFO - Processing file /home/sneha/spotify_airflow_project/venv/lib/python3.12/site-packages/airflow/example_dags/example_kubernetes_executor.py for tasks to queue
[2025-12-16T12:48:41.457+0530] {logging_mixin.py:190} INFO - [2025-12-16T12:48:41.456+0530] {dagbag.py:588} INFO - Filling up the DagBag from /home/sneha/spotify_airflow_project/venv/lib/python3.12/site-packages/airflow/example_dags/example_kubernetes_executor.py
[2025-12-16T12:48:41.460+0530] {logging_mixin.py:190} INFO - [2025-12-16T12:48:41.460+0530] {example_kubernetes_executor.py:39} WARNING - The example_kubernetes_executor example DAG requires the kubernetes provider. Please install it with: pip install apache-airflow[cncf.kubernetes]
[2025-12-16T12:48:41.460+0530] {processor.py:927} WARNING - No viable dags retrieved from /home/sneha/spotify_airflow_project/venv/lib/python3.12/site-packages/airflow/example_dags/example_kubernetes_executor.py
[2025-12-16T12:48:41.474+0530] {processor.py:208} INFO - Processing /home/sneha/spotify_airflow_project/venv/lib/python3.12/site-packages/airflow/example_dags/example_kubernetes_executor.py took 0.027 seconds
[2025-12-16T12:49:38.461+0530] {processor.py:186} INFO - Started process (PID=34254) to work on /home/sneha/spotify_airflow_project/venv/lib/python3.12/site-packages/airflow/example_dags/example_kubernetes_executor.py
[2025-12-16T12:49:38.463+0530] {processor.py:914} INFO - Processing file /home/sneha/spotify_airflow_project/venv/lib/python3.12/site-packages/airflow/example_dags/example_kubernetes_executor.py for tasks to queue
[2025-12-16T12:49:38.464+0530] {logging_mixin.py:190} INFO - [2025-12-16T12:49:38.463+0530] {dagbag.py:588} INFO - Filling up the DagBag from /home/sneha/spotify_airflow_project/venv/lib/python3.12/site-packages/airflow/example_dags/example_kubernetes_executor.py
[2025-12-16T12:49:38.467+0530] {logging_mixin.py:190} INFO - [2025-12-16T12:49:38.466+0530] {example_kubernetes_executor.py:39} WARNING - The example_kubernetes_executor example DAG requires the kubernetes provider. Please install it with: pip install apache-airflow[cncf.kubernetes]
[2025-12-16T12:49:38.467+0530] {processor.py:927} WARNING - No viable dags retrieved from /home/sneha/spotify_airflow_project/venv/lib/python3.12/site-packages/airflow/example_dags/example_kubernetes_executor.py
[2025-12-16T12:49:38.478+0530] {processor.py:208} INFO - Processing /home/sneha/spotify_airflow_project/venv/lib/python3.12/site-packages/airflow/example_dags/example_kubernetes_executor.py took 0.028 seconds
[2025-12-16T12:50:33.816+0530] {processor.py:186} INFO - Started process (PID=34435) to work on /home/sneha/spotify_airflow_project/venv/lib/python3.12/site-packages/airflow/example_dags/example_kubernetes_executor.py
[2025-12-16T12:50:33.818+0530] {processor.py:914} INFO - Processing file /home/sneha/spotify_airflow_project/venv/lib/python3.12/site-packages/airflow/example_dags/example_kubernetes_executor.py for tasks to queue
[2025-12-16T12:50:33.820+0530] {logging_mixin.py:190} INFO - [2025-12-16T12:50:33.819+0530] {dagbag.py:588} INFO - Filling up the DagBag from /home/sneha/spotify_airflow_project/venv/lib/python3.12/site-packages/airflow/example_dags/example_kubernetes_executor.py
[2025-12-16T12:50:33.825+0530] {logging_mixin.py:190} INFO - [2025-12-16T12:50:33.825+0530] {example_kubernetes_executor.py:39} WARNING - The example_kubernetes_executor example DAG requires the kubernetes provider. Please install it with: pip install apache-airflow[cncf.kubernetes]
[2025-12-16T12:50:33.826+0530] {processor.py:927} WARNING - No viable dags retrieved from /home/sneha/spotify_airflow_project/venv/lib/python3.12/site-packages/airflow/example_dags/example_kubernetes_executor.py
[2025-12-16T12:50:33.846+0530] {processor.py:208} INFO - Processing /home/sneha/spotify_airflow_project/venv/lib/python3.12/site-packages/airflow/example_dags/example_kubernetes_executor.py took 0.042 seconds
[2025-12-16T12:51:32.478+0530] {processor.py:186} INFO - Started process (PID=34567) to work on /home/sneha/spotify_airflow_project/venv/lib/python3.12/site-packages/airflow/example_dags/example_kubernetes_executor.py
[2025-12-16T12:51:32.479+0530] {processor.py:914} INFO - Processing file /home/sneha/spotify_airflow_project/venv/lib/python3.12/site-packages/airflow/example_dags/example_kubernetes_executor.py for tasks to queue
[2025-12-16T12:51:32.480+0530] {logging_mixin.py:190} INFO - [2025-12-16T12:51:32.480+0530] {dagbag.py:588} INFO - Filling up the DagBag from /home/sneha/spotify_airflow_project/venv/lib/python3.12/site-packages/airflow/example_dags/example_kubernetes_executor.py
[2025-12-16T12:51:32.483+0530] {logging_mixin.py:190} INFO - [2025-12-16T12:51:32.483+0530] {example_kubernetes_executor.py:39} WARNING - The example_kubernetes_executor example DAG requires the kubernetes provider. Please install it with: pip install apache-airflow[cncf.kubernetes]
[2025-12-16T12:51:32.483+0530] {processor.py:927} WARNING - No viable dags retrieved from /home/sneha/spotify_airflow_project/venv/lib/python3.12/site-packages/airflow/example_dags/example_kubernetes_executor.py
[2025-12-16T12:51:32.493+0530] {processor.py:208} INFO - Processing /home/sneha/spotify_airflow_project/venv/lib/python3.12/site-packages/airflow/example_dags/example_kubernetes_executor.py took 0.023 seconds
[2025-12-16T12:52:48.513+0530] {processor.py:186} INFO - Started process (PID=35423) to work on /home/sneha/spotify_airflow_project/venv/lib/python3.12/site-packages/airflow/example_dags/example_kubernetes_executor.py
[2025-12-16T12:52:48.514+0530] {processor.py:914} INFO - Processing file /home/sneha/spotify_airflow_project/venv/lib/python3.12/site-packages/airflow/example_dags/example_kubernetes_executor.py for tasks to queue
[2025-12-16T12:52:48.516+0530] {logging_mixin.py:190} INFO - [2025-12-16T12:52:48.515+0530] {dagbag.py:588} INFO - Filling up the DagBag from /home/sneha/spotify_airflow_project/venv/lib/python3.12/site-packages/airflow/example_dags/example_kubernetes_executor.py
[2025-12-16T12:52:48.519+0530] {logging_mixin.py:190} INFO - [2025-12-16T12:52:48.519+0530] {example_kubernetes_executor.py:39} WARNING - The example_kubernetes_executor example DAG requires the kubernetes provider. Please install it with: pip install apache-airflow[cncf.kubernetes]
[2025-12-16T12:52:48.519+0530] {processor.py:927} WARNING - No viable dags retrieved from /home/sneha/spotify_airflow_project/venv/lib/python3.12/site-packages/airflow/example_dags/example_kubernetes_executor.py
[2025-12-16T12:52:48.530+0530] {processor.py:208} INFO - Processing /home/sneha/spotify_airflow_project/venv/lib/python3.12/site-packages/airflow/example_dags/example_kubernetes_executor.py took 0.028 seconds
[2025-12-16T12:53:44.841+0530] {processor.py:186} INFO - Started process (PID=35830) to work on /home/sneha/spotify_airflow_project/venv/lib/python3.12/site-packages/airflow/example_dags/example_kubernetes_executor.py
[2025-12-16T12:53:44.842+0530] {processor.py:914} INFO - Processing file /home/sneha/spotify_airflow_project/venv/lib/python3.12/site-packages/airflow/example_dags/example_kubernetes_executor.py for tasks to queue
[2025-12-16T12:53:44.843+0530] {logging_mixin.py:190} INFO - [2025-12-16T12:53:44.843+0530] {dagbag.py:588} INFO - Filling up the DagBag from /home/sneha/spotify_airflow_project/venv/lib/python3.12/site-packages/airflow/example_dags/example_kubernetes_executor.py
[2025-12-16T12:53:44.846+0530] {logging_mixin.py:190} INFO - [2025-12-16T12:53:44.846+0530] {example_kubernetes_executor.py:39} WARNING - The example_kubernetes_executor example DAG requires the kubernetes provider. Please install it with: pip install apache-airflow[cncf.kubernetes]
[2025-12-16T12:53:44.846+0530] {processor.py:927} WARNING - No viable dags retrieved from /home/sneha/spotify_airflow_project/venv/lib/python3.12/site-packages/airflow/example_dags/example_kubernetes_executor.py
[2025-12-16T12:53:44.858+0530] {processor.py:208} INFO - Processing /home/sneha/spotify_airflow_project/venv/lib/python3.12/site-packages/airflow/example_dags/example_kubernetes_executor.py took 0.028 seconds
[2025-12-16T12:54:39.939+0530] {processor.py:186} INFO - Started process (PID=36217) to work on /home/sneha/spotify_airflow_project/venv/lib/python3.12/site-packages/airflow/example_dags/example_kubernetes_executor.py
[2025-12-16T12:54:39.940+0530] {processor.py:914} INFO - Processing file /home/sneha/spotify_airflow_project/venv/lib/python3.12/site-packages/airflow/example_dags/example_kubernetes_executor.py for tasks to queue
[2025-12-16T12:54:39.941+0530] {logging_mixin.py:190} INFO - [2025-12-16T12:54:39.941+0530] {dagbag.py:588} INFO - Filling up the DagBag from /home/sneha/spotify_airflow_project/venv/lib/python3.12/site-packages/airflow/example_dags/example_kubernetes_executor.py
[2025-12-16T12:54:39.944+0530] {logging_mixin.py:190} INFO - [2025-12-16T12:54:39.944+0530] {example_kubernetes_executor.py:39} WARNING - The example_kubernetes_executor example DAG requires the kubernetes provider. Please install it with: pip install apache-airflow[cncf.kubernetes]
[2025-12-16T12:54:39.944+0530] {processor.py:927} WARNING - No viable dags retrieved from /home/sneha/spotify_airflow_project/venv/lib/python3.12/site-packages/airflow/example_dags/example_kubernetes_executor.py
[2025-12-16T12:54:39.956+0530] {processor.py:208} INFO - Processing /home/sneha/spotify_airflow_project/venv/lib/python3.12/site-packages/airflow/example_dags/example_kubernetes_executor.py took 0.025 seconds
[2025-12-16T12:55:36.178+0530] {processor.py:186} INFO - Started process (PID=36627) to work on /home/sneha/spotify_airflow_project/venv/lib/python3.12/site-packages/airflow/example_dags/example_kubernetes_executor.py
[2025-12-16T12:55:36.179+0530] {processor.py:914} INFO - Processing file /home/sneha/spotify_airflow_project/venv/lib/python3.12/site-packages/airflow/example_dags/example_kubernetes_executor.py for tasks to queue
[2025-12-16T12:55:36.181+0530] {logging_mixin.py:190} INFO - [2025-12-16T12:55:36.180+0530] {dagbag.py:588} INFO - Filling up the DagBag from /home/sneha/spotify_airflow_project/venv/lib/python3.12/site-packages/airflow/example_dags/example_kubernetes_executor.py
[2025-12-16T12:55:36.184+0530] {logging_mixin.py:190} INFO - [2025-12-16T12:55:36.184+0530] {example_kubernetes_executor.py:39} WARNING - The example_kubernetes_executor example DAG requires the kubernetes provider. Please install it with: pip install apache-airflow[cncf.kubernetes]
[2025-12-16T12:55:36.184+0530] {processor.py:927} WARNING - No viable dags retrieved from /home/sneha/spotify_airflow_project/venv/lib/python3.12/site-packages/airflow/example_dags/example_kubernetes_executor.py
[2025-12-16T12:55:36.196+0530] {processor.py:208} INFO - Processing /home/sneha/spotify_airflow_project/venv/lib/python3.12/site-packages/airflow/example_dags/example_kubernetes_executor.py took 0.025 seconds
[2025-12-16T12:56:31.438+0530] {processor.py:186} INFO - Started process (PID=37013) to work on /home/sneha/spotify_airflow_project/venv/lib/python3.12/site-packages/airflow/example_dags/example_kubernetes_executor.py
[2025-12-16T12:56:31.439+0530] {processor.py:914} INFO - Processing file /home/sneha/spotify_airflow_project/venv/lib/python3.12/site-packages/airflow/example_dags/example_kubernetes_executor.py for tasks to queue
[2025-12-16T12:56:31.440+0530] {logging_mixin.py:190} INFO - [2025-12-16T12:56:31.440+0530] {dagbag.py:588} INFO - Filling up the DagBag from /home/sneha/spotify_airflow_project/venv/lib/python3.12/site-packages/airflow/example_dags/example_kubernetes_executor.py
[2025-12-16T12:56:31.443+0530] {logging_mixin.py:190} INFO - [2025-12-16T12:56:31.443+0530] {example_kubernetes_executor.py:39} WARNING - The example_kubernetes_executor example DAG requires the kubernetes provider. Please install it with: pip install apache-airflow[cncf.kubernetes]
[2025-12-16T12:56:31.443+0530] {processor.py:927} WARNING - No viable dags retrieved from /home/sneha/spotify_airflow_project/venv/lib/python3.12/site-packages/airflow/example_dags/example_kubernetes_executor.py
[2025-12-16T12:56:31.455+0530] {processor.py:208} INFO - Processing /home/sneha/spotify_airflow_project/venv/lib/python3.12/site-packages/airflow/example_dags/example_kubernetes_executor.py took 0.024 seconds
[2025-12-16T12:57:58.455+0530] {processor.py:186} INFO - Started process (PID=37843) to work on /home/sneha/spotify_airflow_project/venv/lib/python3.12/site-packages/airflow/example_dags/example_kubernetes_executor.py
[2025-12-16T12:57:58.456+0530] {processor.py:914} INFO - Processing file /home/sneha/spotify_airflow_project/venv/lib/python3.12/site-packages/airflow/example_dags/example_kubernetes_executor.py for tasks to queue
[2025-12-16T12:57:58.458+0530] {logging_mixin.py:190} INFO - [2025-12-16T12:57:58.457+0530] {dagbag.py:588} INFO - Filling up the DagBag from /home/sneha/spotify_airflow_project/venv/lib/python3.12/site-packages/airflow/example_dags/example_kubernetes_executor.py
[2025-12-16T12:57:58.461+0530] {logging_mixin.py:190} INFO - [2025-12-16T12:57:58.460+0530] {example_kubernetes_executor.py:39} WARNING - The example_kubernetes_executor example DAG requires the kubernetes provider. Please install it with: pip install apache-airflow[cncf.kubernetes]
[2025-12-16T12:57:58.461+0530] {processor.py:927} WARNING - No viable dags retrieved from /home/sneha/spotify_airflow_project/venv/lib/python3.12/site-packages/airflow/example_dags/example_kubernetes_executor.py
[2025-12-16T12:57:58.474+0530] {processor.py:208} INFO - Processing /home/sneha/spotify_airflow_project/venv/lib/python3.12/site-packages/airflow/example_dags/example_kubernetes_executor.py took 0.026 seconds
[2025-12-16T12:58:56.985+0530] {processor.py:186} INFO - Started process (PID=37950) to work on /home/sneha/spotify_airflow_project/venv/lib/python3.12/site-packages/airflow/example_dags/example_kubernetes_executor.py
[2025-12-16T12:58:56.986+0530] {processor.py:914} INFO - Processing file /home/sneha/spotify_airflow_project/venv/lib/python3.12/site-packages/airflow/example_dags/example_kubernetes_executor.py for tasks to queue
[2025-12-16T12:58:56.988+0530] {logging_mixin.py:190} INFO - [2025-12-16T12:58:56.988+0530] {dagbag.py:588} INFO - Filling up the DagBag from /home/sneha/spotify_airflow_project/venv/lib/python3.12/site-packages/airflow/example_dags/example_kubernetes_executor.py
[2025-12-16T12:58:56.993+0530] {logging_mixin.py:190} INFO - [2025-12-16T12:58:56.993+0530] {example_kubernetes_executor.py:39} WARNING - The example_kubernetes_executor example DAG requires the kubernetes provider. Please install it with: pip install apache-airflow[cncf.kubernetes]
[2025-12-16T12:58:56.994+0530] {processor.py:927} WARNING - No viable dags retrieved from /home/sneha/spotify_airflow_project/venv/lib/python3.12/site-packages/airflow/example_dags/example_kubernetes_executor.py
[2025-12-16T12:58:57.007+0530] {processor.py:208} INFO - Processing /home/sneha/spotify_airflow_project/venv/lib/python3.12/site-packages/airflow/example_dags/example_kubernetes_executor.py took 0.029 seconds
[2025-12-16T12:59:56.005+0530] {processor.py:186} INFO - Started process (PID=38149) to work on /home/sneha/spotify_airflow_project/venv/lib/python3.12/site-packages/airflow/example_dags/example_kubernetes_executor.py
[2025-12-16T12:59:56.006+0530] {processor.py:914} INFO - Processing file /home/sneha/spotify_airflow_project/venv/lib/python3.12/site-packages/airflow/example_dags/example_kubernetes_executor.py for tasks to queue
[2025-12-16T12:59:56.007+0530] {logging_mixin.py:190} INFO - [2025-12-16T12:59:56.007+0530] {dagbag.py:588} INFO - Filling up the DagBag from /home/sneha/spotify_airflow_project/venv/lib/python3.12/site-packages/airflow/example_dags/example_kubernetes_executor.py
[2025-12-16T12:59:56.013+0530] {logging_mixin.py:190} INFO - [2025-12-16T12:59:56.012+0530] {example_kubernetes_executor.py:39} WARNING - The example_kubernetes_executor example DAG requires the kubernetes provider. Please install it with: pip install apache-airflow[cncf.kubernetes]
[2025-12-16T12:59:56.013+0530] {processor.py:927} WARNING - No viable dags retrieved from /home/sneha/spotify_airflow_project/venv/lib/python3.12/site-packages/airflow/example_dags/example_kubernetes_executor.py
[2025-12-16T12:59:56.029+0530] {processor.py:208} INFO - Processing /home/sneha/spotify_airflow_project/venv/lib/python3.12/site-packages/airflow/example_dags/example_kubernetes_executor.py took 0.033 seconds
