[2025-12-16T10:49:53.992+0530] {processor.py:186} INFO - Started process (PID=7112) to work on /home/sneha/spotify_airflow_project/venv/lib/python3.12/site-packages/airflow/example_dags/example_time_delta_sensor_async.py
[2025-12-16T10:49:53.993+0530] {processor.py:914} INFO - Processing file /home/sneha/spotify_airflow_project/venv/lib/python3.12/site-packages/airflow/example_dags/example_time_delta_sensor_async.py for tasks to queue
[2025-12-16T10:49:53.997+0530] {logging_mixin.py:190} INFO - [2025-12-16T10:49:53.995+0530] {dagbag.py:588} INFO - Filling up the DagBag from /home/sneha/spotify_airflow_project/venv/lib/python3.12/site-packages/airflow/example_dags/example_time_delta_sensor_async.py
[2025-12-16T10:49:54.008+0530] {processor.py:925} INFO - DAG(s) 'example_time_delta_sensor_async' retrieved from /home/sneha/spotify_airflow_project/venv/lib/python3.12/site-packages/airflow/example_dags/example_time_delta_sensor_async.py
[2025-12-16T10:49:54.031+0530] {logging_mixin.py:190} INFO - [2025-12-16T10:49:54.031+0530] {dag.py:3239} INFO - Sync 1 DAGs
[2025-12-16T10:49:54.045+0530] {logging_mixin.py:190} INFO - [2025-12-16T10:49:54.044+0530] {dag.py:4180} INFO - Setting next_dagrun for example_time_delta_sensor_async to None, run_after=None
[2025-12-16T10:49:54.062+0530] {processor.py:208} INFO - Processing /home/sneha/spotify_airflow_project/venv/lib/python3.12/site-packages/airflow/example_dags/example_time_delta_sensor_async.py took 0.079 seconds
[2025-12-16T10:55:05.078+0530] {processor.py:186} INFO - Started process (PID=7883) to work on /home/sneha/spotify_airflow_project/venv/lib/python3.12/site-packages/airflow/example_dags/example_time_delta_sensor_async.py
[2025-12-16T10:55:05.079+0530] {processor.py:914} INFO - Processing file /home/sneha/spotify_airflow_project/venv/lib/python3.12/site-packages/airflow/example_dags/example_time_delta_sensor_async.py for tasks to queue
[2025-12-16T10:55:05.081+0530] {logging_mixin.py:190} INFO - [2025-12-16T10:55:05.080+0530] {dagbag.py:588} INFO - Filling up the DagBag from /home/sneha/spotify_airflow_project/venv/lib/python3.12/site-packages/airflow/example_dags/example_time_delta_sensor_async.py
[2025-12-16T10:55:05.088+0530] {processor.py:925} INFO - DAG(s) 'example_time_delta_sensor_async' retrieved from /home/sneha/spotify_airflow_project/venv/lib/python3.12/site-packages/airflow/example_dags/example_time_delta_sensor_async.py
[2025-12-16T10:55:05.112+0530] {logging_mixin.py:190} INFO - [2025-12-16T10:55:05.112+0530] {dag.py:3239} INFO - Sync 1 DAGs
[2025-12-16T10:55:05.129+0530] {logging_mixin.py:190} INFO - [2025-12-16T10:55:05.129+0530] {dag.py:4180} INFO - Setting next_dagrun for example_time_delta_sensor_async to None, run_after=None
[2025-12-16T10:55:05.149+0530] {processor.py:208} INFO - Processing /home/sneha/spotify_airflow_project/venv/lib/python3.12/site-packages/airflow/example_dags/example_time_delta_sensor_async.py took 0.081 seconds
[2025-12-16T10:56:02.076+0530] {processor.py:186} INFO - Started process (PID=8092) to work on /home/sneha/spotify_airflow_project/venv/lib/python3.12/site-packages/airflow/example_dags/example_time_delta_sensor_async.py
[2025-12-16T10:56:02.077+0530] {processor.py:914} INFO - Processing file /home/sneha/spotify_airflow_project/venv/lib/python3.12/site-packages/airflow/example_dags/example_time_delta_sensor_async.py for tasks to queue
[2025-12-16T10:56:02.079+0530] {logging_mixin.py:190} INFO - [2025-12-16T10:56:02.078+0530] {dagbag.py:588} INFO - Filling up the DagBag from /home/sneha/spotify_airflow_project/venv/lib/python3.12/site-packages/airflow/example_dags/example_time_delta_sensor_async.py
[2025-12-16T10:56:02.085+0530] {processor.py:925} INFO - DAG(s) 'example_time_delta_sensor_async' retrieved from /home/sneha/spotify_airflow_project/venv/lib/python3.12/site-packages/airflow/example_dags/example_time_delta_sensor_async.py
[2025-12-16T10:56:02.101+0530] {logging_mixin.py:190} INFO - [2025-12-16T10:56:02.100+0530] {dag.py:3239} INFO - Sync 1 DAGs
[2025-12-16T10:56:02.115+0530] {logging_mixin.py:190} INFO - [2025-12-16T10:56:02.114+0530] {dag.py:4180} INFO - Setting next_dagrun for example_time_delta_sensor_async to None, run_after=None
[2025-12-16T10:56:02.135+0530] {processor.py:208} INFO - Processing /home/sneha/spotify_airflow_project/venv/lib/python3.12/site-packages/airflow/example_dags/example_time_delta_sensor_async.py took 0.069 seconds
[2025-12-16T10:56:59.298+0530] {processor.py:186} INFO - Started process (PID=8334) to work on /home/sneha/spotify_airflow_project/venv/lib/python3.12/site-packages/airflow/example_dags/example_time_delta_sensor_async.py
[2025-12-16T10:56:59.300+0530] {processor.py:914} INFO - Processing file /home/sneha/spotify_airflow_project/venv/lib/python3.12/site-packages/airflow/example_dags/example_time_delta_sensor_async.py for tasks to queue
[2025-12-16T10:56:59.301+0530] {logging_mixin.py:190} INFO - [2025-12-16T10:56:59.300+0530] {dagbag.py:588} INFO - Filling up the DagBag from /home/sneha/spotify_airflow_project/venv/lib/python3.12/site-packages/airflow/example_dags/example_time_delta_sensor_async.py
[2025-12-16T10:56:59.309+0530] {processor.py:925} INFO - DAG(s) 'example_time_delta_sensor_async' retrieved from /home/sneha/spotify_airflow_project/venv/lib/python3.12/site-packages/airflow/example_dags/example_time_delta_sensor_async.py
[2025-12-16T10:56:59.325+0530] {logging_mixin.py:190} INFO - [2025-12-16T10:56:59.325+0530] {dag.py:3239} INFO - Sync 1 DAGs
[2025-12-16T10:56:59.339+0530] {logging_mixin.py:190} INFO - [2025-12-16T10:56:59.338+0530] {dag.py:4180} INFO - Setting next_dagrun for example_time_delta_sensor_async to None, run_after=None
[2025-12-16T10:56:59.358+0530] {processor.py:208} INFO - Processing /home/sneha/spotify_airflow_project/venv/lib/python3.12/site-packages/airflow/example_dags/example_time_delta_sensor_async.py took 0.066 seconds
[2025-12-16T11:07:11.025+0530] {processor.py:186} INFO - Started process (PID=21514) to work on /home/sneha/spotify_airflow_project/venv/lib/python3.12/site-packages/airflow/example_dags/example_time_delta_sensor_async.py
[2025-12-16T11:07:11.029+0530] {processor.py:914} INFO - Processing file /home/sneha/spotify_airflow_project/venv/lib/python3.12/site-packages/airflow/example_dags/example_time_delta_sensor_async.py for tasks to queue
[2025-12-16T11:07:11.033+0530] {logging_mixin.py:190} INFO - [2025-12-16T11:07:11.032+0530] {dagbag.py:588} INFO - Filling up the DagBag from /home/sneha/spotify_airflow_project/venv/lib/python3.12/site-packages/airflow/example_dags/example_time_delta_sensor_async.py
[2025-12-16T11:07:11.046+0530] {processor.py:925} INFO - DAG(s) 'example_time_delta_sensor_async' retrieved from /home/sneha/spotify_airflow_project/venv/lib/python3.12/site-packages/airflow/example_dags/example_time_delta_sensor_async.py
[2025-12-16T11:07:11.075+0530] {logging_mixin.py:190} INFO - [2025-12-16T11:07:11.075+0530] {dag.py:3239} INFO - Sync 1 DAGs
[2025-12-16T11:07:11.092+0530] {logging_mixin.py:190} INFO - [2025-12-16T11:07:11.092+0530] {dag.py:4180} INFO - Setting next_dagrun for example_time_delta_sensor_async to None, run_after=None
[2025-12-16T11:07:11.121+0530] {processor.py:208} INFO - Processing /home/sneha/spotify_airflow_project/venv/lib/python3.12/site-packages/airflow/example_dags/example_time_delta_sensor_async.py took 0.108 seconds
[2025-12-16T11:08:07.320+0530] {processor.py:186} INFO - Started process (PID=21705) to work on /home/sneha/spotify_airflow_project/venv/lib/python3.12/site-packages/airflow/example_dags/example_time_delta_sensor_async.py
[2025-12-16T11:08:07.321+0530] {processor.py:914} INFO - Processing file /home/sneha/spotify_airflow_project/venv/lib/python3.12/site-packages/airflow/example_dags/example_time_delta_sensor_async.py for tasks to queue
[2025-12-16T11:08:07.324+0530] {logging_mixin.py:190} INFO - [2025-12-16T11:08:07.323+0530] {dagbag.py:588} INFO - Filling up the DagBag from /home/sneha/spotify_airflow_project/venv/lib/python3.12/site-packages/airflow/example_dags/example_time_delta_sensor_async.py
[2025-12-16T11:08:07.331+0530] {processor.py:925} INFO - DAG(s) 'example_time_delta_sensor_async' retrieved from /home/sneha/spotify_airflow_project/venv/lib/python3.12/site-packages/airflow/example_dags/example_time_delta_sensor_async.py
[2025-12-16T11:08:07.349+0530] {logging_mixin.py:190} INFO - [2025-12-16T11:08:07.349+0530] {dag.py:3239} INFO - Sync 1 DAGs
[2025-12-16T11:08:07.364+0530] {logging_mixin.py:190} INFO - [2025-12-16T11:08:07.364+0530] {dag.py:4180} INFO - Setting next_dagrun for example_time_delta_sensor_async to None, run_after=None
[2025-12-16T11:08:07.383+0530] {processor.py:208} INFO - Processing /home/sneha/spotify_airflow_project/venv/lib/python3.12/site-packages/airflow/example_dags/example_time_delta_sensor_async.py took 0.070 seconds
[2025-12-16T11:09:08.148+0530] {processor.py:186} INFO - Started process (PID=21941) to work on /home/sneha/spotify_airflow_project/venv/lib/python3.12/site-packages/airflow/example_dags/example_time_delta_sensor_async.py
[2025-12-16T11:09:08.148+0530] {processor.py:914} INFO - Processing file /home/sneha/spotify_airflow_project/venv/lib/python3.12/site-packages/airflow/example_dags/example_time_delta_sensor_async.py for tasks to queue
[2025-12-16T11:09:08.151+0530] {logging_mixin.py:190} INFO - [2025-12-16T11:09:08.150+0530] {dagbag.py:588} INFO - Filling up the DagBag from /home/sneha/spotify_airflow_project/venv/lib/python3.12/site-packages/airflow/example_dags/example_time_delta_sensor_async.py
[2025-12-16T11:09:08.157+0530] {processor.py:925} INFO - DAG(s) 'example_time_delta_sensor_async' retrieved from /home/sneha/spotify_airflow_project/venv/lib/python3.12/site-packages/airflow/example_dags/example_time_delta_sensor_async.py
[2025-12-16T11:09:08.171+0530] {logging_mixin.py:190} INFO - [2025-12-16T11:09:08.171+0530] {dag.py:3239} INFO - Sync 1 DAGs
[2025-12-16T11:09:08.182+0530] {logging_mixin.py:190} INFO - [2025-12-16T11:09:08.182+0530] {dag.py:4180} INFO - Setting next_dagrun for example_time_delta_sensor_async to None, run_after=None
[2025-12-16T11:09:08.200+0530] {processor.py:208} INFO - Processing /home/sneha/spotify_airflow_project/venv/lib/python3.12/site-packages/airflow/example_dags/example_time_delta_sensor_async.py took 0.061 seconds
[2025-12-16T11:10:06.425+0530] {processor.py:186} INFO - Started process (PID=22004) to work on /home/sneha/spotify_airflow_project/venv/lib/python3.12/site-packages/airflow/example_dags/example_time_delta_sensor_async.py
[2025-12-16T11:10:06.426+0530] {processor.py:914} INFO - Processing file /home/sneha/spotify_airflow_project/venv/lib/python3.12/site-packages/airflow/example_dags/example_time_delta_sensor_async.py for tasks to queue
[2025-12-16T11:10:06.429+0530] {logging_mixin.py:190} INFO - [2025-12-16T11:10:06.428+0530] {dagbag.py:588} INFO - Filling up the DagBag from /home/sneha/spotify_airflow_project/venv/lib/python3.12/site-packages/airflow/example_dags/example_time_delta_sensor_async.py
[2025-12-16T11:10:06.437+0530] {processor.py:925} INFO - DAG(s) 'example_time_delta_sensor_async' retrieved from /home/sneha/spotify_airflow_project/venv/lib/python3.12/site-packages/airflow/example_dags/example_time_delta_sensor_async.py
[2025-12-16T11:10:06.454+0530] {logging_mixin.py:190} INFO - [2025-12-16T11:10:06.454+0530] {dag.py:3239} INFO - Sync 1 DAGs
[2025-12-16T11:10:06.467+0530] {logging_mixin.py:190} INFO - [2025-12-16T11:10:06.467+0530] {dag.py:4180} INFO - Setting next_dagrun for example_time_delta_sensor_async to None, run_after=None
[2025-12-16T11:10:06.493+0530] {processor.py:208} INFO - Processing /home/sneha/spotify_airflow_project/venv/lib/python3.12/site-packages/airflow/example_dags/example_time_delta_sensor_async.py took 0.079 seconds
[2025-12-16T11:11:01.078+0530] {processor.py:186} INFO - Started process (PID=22065) to work on /home/sneha/spotify_airflow_project/venv/lib/python3.12/site-packages/airflow/example_dags/example_time_delta_sensor_async.py
[2025-12-16T11:11:01.079+0530] {processor.py:914} INFO - Processing file /home/sneha/spotify_airflow_project/venv/lib/python3.12/site-packages/airflow/example_dags/example_time_delta_sensor_async.py for tasks to queue
[2025-12-16T11:11:01.082+0530] {logging_mixin.py:190} INFO - [2025-12-16T11:11:01.081+0530] {dagbag.py:588} INFO - Filling up the DagBag from /home/sneha/spotify_airflow_project/venv/lib/python3.12/site-packages/airflow/example_dags/example_time_delta_sensor_async.py
[2025-12-16T11:11:01.088+0530] {processor.py:925} INFO - DAG(s) 'example_time_delta_sensor_async' retrieved from /home/sneha/spotify_airflow_project/venv/lib/python3.12/site-packages/airflow/example_dags/example_time_delta_sensor_async.py
[2025-12-16T11:11:01.104+0530] {logging_mixin.py:190} INFO - [2025-12-16T11:11:01.104+0530] {dag.py:3239} INFO - Sync 1 DAGs
[2025-12-16T11:11:01.116+0530] {logging_mixin.py:190} INFO - [2025-12-16T11:11:01.116+0530] {dag.py:4180} INFO - Setting next_dagrun for example_time_delta_sensor_async to None, run_after=None
[2025-12-16T11:11:01.134+0530] {processor.py:208} INFO - Processing /home/sneha/spotify_airflow_project/venv/lib/python3.12/site-packages/airflow/example_dags/example_time_delta_sensor_async.py took 0.064 seconds
[2025-12-16T11:11:56.423+0530] {processor.py:186} INFO - Started process (PID=22123) to work on /home/sneha/spotify_airflow_project/venv/lib/python3.12/site-packages/airflow/example_dags/example_time_delta_sensor_async.py
[2025-12-16T11:11:56.424+0530] {processor.py:914} INFO - Processing file /home/sneha/spotify_airflow_project/venv/lib/python3.12/site-packages/airflow/example_dags/example_time_delta_sensor_async.py for tasks to queue
[2025-12-16T11:11:56.428+0530] {logging_mixin.py:190} INFO - [2025-12-16T11:11:56.427+0530] {dagbag.py:588} INFO - Filling up the DagBag from /home/sneha/spotify_airflow_project/venv/lib/python3.12/site-packages/airflow/example_dags/example_time_delta_sensor_async.py
[2025-12-16T11:11:56.438+0530] {processor.py:925} INFO - DAG(s) 'example_time_delta_sensor_async' retrieved from /home/sneha/spotify_airflow_project/venv/lib/python3.12/site-packages/airflow/example_dags/example_time_delta_sensor_async.py
[2025-12-16T11:11:56.459+0530] {logging_mixin.py:190} INFO - [2025-12-16T11:11:56.459+0530] {dag.py:3239} INFO - Sync 1 DAGs
[2025-12-16T11:11:56.475+0530] {logging_mixin.py:190} INFO - [2025-12-16T11:11:56.475+0530] {dag.py:4180} INFO - Setting next_dagrun for example_time_delta_sensor_async to None, run_after=None
[2025-12-16T11:11:56.502+0530] {processor.py:208} INFO - Processing /home/sneha/spotify_airflow_project/venv/lib/python3.12/site-packages/airflow/example_dags/example_time_delta_sensor_async.py took 0.085 seconds
[2025-12-16T11:13:00.551+0530] {processor.py:186} INFO - Started process (PID=22204) to work on /home/sneha/spotify_airflow_project/venv/lib/python3.12/site-packages/airflow/example_dags/example_time_delta_sensor_async.py
[2025-12-16T11:13:00.552+0530] {processor.py:914} INFO - Processing file /home/sneha/spotify_airflow_project/venv/lib/python3.12/site-packages/airflow/example_dags/example_time_delta_sensor_async.py for tasks to queue
[2025-12-16T11:13:00.554+0530] {logging_mixin.py:190} INFO - [2025-12-16T11:13:00.554+0530] {dagbag.py:588} INFO - Filling up the DagBag from /home/sneha/spotify_airflow_project/venv/lib/python3.12/site-packages/airflow/example_dags/example_time_delta_sensor_async.py
[2025-12-16T11:13:00.689+0530] {processor.py:925} INFO - DAG(s) 'example_time_delta_sensor_async' retrieved from /home/sneha/spotify_airflow_project/venv/lib/python3.12/site-packages/airflow/example_dags/example_time_delta_sensor_async.py
[2025-12-16T11:13:00.700+0530] {logging_mixin.py:190} INFO - [2025-12-16T11:13:00.700+0530] {dag.py:3239} INFO - Sync 1 DAGs
[2025-12-16T11:13:00.711+0530] {logging_mixin.py:190} INFO - [2025-12-16T11:13:00.711+0530] {dag.py:4180} INFO - Setting next_dagrun for example_time_delta_sensor_async to None, run_after=None
[2025-12-16T11:13:00.728+0530] {processor.py:208} INFO - Processing /home/sneha/spotify_airflow_project/venv/lib/python3.12/site-packages/airflow/example_dags/example_time_delta_sensor_async.py took 0.187 seconds
[2025-12-16T12:39:47.423+0530] {processor.py:186} INFO - Started process (PID=30364) to work on /home/sneha/spotify_airflow_project/venv/lib/python3.12/site-packages/airflow/example_dags/example_time_delta_sensor_async.py
[2025-12-16T12:39:47.424+0530] {processor.py:914} INFO - Processing file /home/sneha/spotify_airflow_project/venv/lib/python3.12/site-packages/airflow/example_dags/example_time_delta_sensor_async.py for tasks to queue
[2025-12-16T12:39:47.425+0530] {logging_mixin.py:190} INFO - [2025-12-16T12:39:47.425+0530] {dagbag.py:588} INFO - Filling up the DagBag from /home/sneha/spotify_airflow_project/venv/lib/python3.12/site-packages/airflow/example_dags/example_time_delta_sensor_async.py
[2025-12-16T12:39:47.429+0530] {processor.py:925} INFO - DAG(s) 'example_time_delta_sensor_async' retrieved from /home/sneha/spotify_airflow_project/venv/lib/python3.12/site-packages/airflow/example_dags/example_time_delta_sensor_async.py
[2025-12-16T12:39:47.452+0530] {logging_mixin.py:190} INFO - [2025-12-16T12:39:47.452+0530] {dag.py:3239} INFO - Sync 1 DAGs
[2025-12-16T12:39:47.466+0530] {logging_mixin.py:190} INFO - [2025-12-16T12:39:47.466+0530] {dag.py:4180} INFO - Setting next_dagrun for example_time_delta_sensor_async to None, run_after=None
[2025-12-16T12:39:47.483+0530] {processor.py:208} INFO - Processing /home/sneha/spotify_airflow_project/venv/lib/python3.12/site-packages/airflow/example_dags/example_time_delta_sensor_async.py took 0.068 seconds
[2025-12-16T12:40:43.870+0530] {processor.py:186} INFO - Started process (PID=30771) to work on /home/sneha/spotify_airflow_project/venv/lib/python3.12/site-packages/airflow/example_dags/example_time_delta_sensor_async.py
[2025-12-16T12:40:43.871+0530] {processor.py:914} INFO - Processing file /home/sneha/spotify_airflow_project/venv/lib/python3.12/site-packages/airflow/example_dags/example_time_delta_sensor_async.py for tasks to queue
[2025-12-16T12:40:43.872+0530] {logging_mixin.py:190} INFO - [2025-12-16T12:40:43.872+0530] {dagbag.py:588} INFO - Filling up the DagBag from /home/sneha/spotify_airflow_project/venv/lib/python3.12/site-packages/airflow/example_dags/example_time_delta_sensor_async.py
[2025-12-16T12:40:43.877+0530] {processor.py:925} INFO - DAG(s) 'example_time_delta_sensor_async' retrieved from /home/sneha/spotify_airflow_project/venv/lib/python3.12/site-packages/airflow/example_dags/example_time_delta_sensor_async.py
[2025-12-16T12:40:43.893+0530] {logging_mixin.py:190} INFO - [2025-12-16T12:40:43.892+0530] {dag.py:3239} INFO - Sync 1 DAGs
[2025-12-16T12:40:43.904+0530] {logging_mixin.py:190} INFO - [2025-12-16T12:40:43.904+0530] {dag.py:4180} INFO - Setting next_dagrun for example_time_delta_sensor_async to None, run_after=None
[2025-12-16T12:40:43.922+0530] {processor.py:208} INFO - Processing /home/sneha/spotify_airflow_project/venv/lib/python3.12/site-packages/airflow/example_dags/example_time_delta_sensor_async.py took 0.059 seconds
[2025-12-16T12:41:41.994+0530] {processor.py:186} INFO - Started process (PID=31175) to work on /home/sneha/spotify_airflow_project/venv/lib/python3.12/site-packages/airflow/example_dags/example_time_delta_sensor_async.py
[2025-12-16T12:41:41.995+0530] {processor.py:914} INFO - Processing file /home/sneha/spotify_airflow_project/venv/lib/python3.12/site-packages/airflow/example_dags/example_time_delta_sensor_async.py for tasks to queue
[2025-12-16T12:41:41.996+0530] {logging_mixin.py:190} INFO - [2025-12-16T12:41:41.995+0530] {dagbag.py:588} INFO - Filling up the DagBag from /home/sneha/spotify_airflow_project/venv/lib/python3.12/site-packages/airflow/example_dags/example_time_delta_sensor_async.py
[2025-12-16T12:41:42.001+0530] {processor.py:925} INFO - DAG(s) 'example_time_delta_sensor_async' retrieved from /home/sneha/spotify_airflow_project/venv/lib/python3.12/site-packages/airflow/example_dags/example_time_delta_sensor_async.py
[2025-12-16T12:41:42.018+0530] {logging_mixin.py:190} INFO - [2025-12-16T12:41:42.018+0530] {dag.py:3239} INFO - Sync 1 DAGs
[2025-12-16T12:41:42.029+0530] {logging_mixin.py:190} INFO - [2025-12-16T12:41:42.029+0530] {dag.py:4180} INFO - Setting next_dagrun for example_time_delta_sensor_async to None, run_after=None
[2025-12-16T12:41:42.047+0530] {processor.py:208} INFO - Processing /home/sneha/spotify_airflow_project/venv/lib/python3.12/site-packages/airflow/example_dags/example_time_delta_sensor_async.py took 0.060 seconds
[2025-12-16T12:42:42.654+0530] {processor.py:186} INFO - Started process (PID=31623) to work on /home/sneha/spotify_airflow_project/venv/lib/python3.12/site-packages/airflow/example_dags/example_time_delta_sensor_async.py
[2025-12-16T12:42:42.655+0530] {processor.py:914} INFO - Processing file /home/sneha/spotify_airflow_project/venv/lib/python3.12/site-packages/airflow/example_dags/example_time_delta_sensor_async.py for tasks to queue
[2025-12-16T12:42:42.656+0530] {logging_mixin.py:190} INFO - [2025-12-16T12:42:42.655+0530] {dagbag.py:588} INFO - Filling up the DagBag from /home/sneha/spotify_airflow_project/venv/lib/python3.12/site-packages/airflow/example_dags/example_time_delta_sensor_async.py
[2025-12-16T12:42:42.661+0530] {processor.py:925} INFO - DAG(s) 'example_time_delta_sensor_async' retrieved from /home/sneha/spotify_airflow_project/venv/lib/python3.12/site-packages/airflow/example_dags/example_time_delta_sensor_async.py
[2025-12-16T12:42:42.677+0530] {logging_mixin.py:190} INFO - [2025-12-16T12:42:42.677+0530] {dag.py:3239} INFO - Sync 1 DAGs
[2025-12-16T12:42:42.816+0530] {logging_mixin.py:190} INFO - [2025-12-16T12:42:42.816+0530] {dag.py:4180} INFO - Setting next_dagrun for example_time_delta_sensor_async to None, run_after=None
[2025-12-16T12:42:42.834+0530] {processor.py:208} INFO - Processing /home/sneha/spotify_airflow_project/venv/lib/python3.12/site-packages/airflow/example_dags/example_time_delta_sensor_async.py took 0.187 seconds
[2025-12-16T12:45:21.152+0530] {processor.py:186} INFO - Started process (PID=33898) to work on /home/sneha/spotify_airflow_project/venv/lib/python3.12/site-packages/airflow/example_dags/example_time_delta_sensor_async.py
[2025-12-16T12:45:21.157+0530] {processor.py:914} INFO - Processing file /home/sneha/spotify_airflow_project/venv/lib/python3.12/site-packages/airflow/example_dags/example_time_delta_sensor_async.py for tasks to queue
[2025-12-16T12:45:21.160+0530] {logging_mixin.py:190} INFO - [2025-12-16T12:45:21.159+0530] {dagbag.py:588} INFO - Filling up the DagBag from /home/sneha/spotify_airflow_project/venv/lib/python3.12/site-packages/airflow/example_dags/example_time_delta_sensor_async.py
[2025-12-16T12:45:21.168+0530] {processor.py:925} INFO - DAG(s) 'example_time_delta_sensor_async' retrieved from /home/sneha/spotify_airflow_project/venv/lib/python3.12/site-packages/airflow/example_dags/example_time_delta_sensor_async.py
[2025-12-16T12:45:21.202+0530] {logging_mixin.py:190} INFO - [2025-12-16T12:45:21.202+0530] {dag.py:3239} INFO - Sync 1 DAGs
[2025-12-16T12:45:21.227+0530] {logging_mixin.py:190} INFO - [2025-12-16T12:45:21.227+0530] {dag.py:4180} INFO - Setting next_dagrun for example_time_delta_sensor_async to None, run_after=None
[2025-12-16T12:45:21.263+0530] {processor.py:208} INFO - Processing /home/sneha/spotify_airflow_project/venv/lib/python3.12/site-packages/airflow/example_dags/example_time_delta_sensor_async.py took 0.134 seconds
[2025-12-16T12:46:19.470+0530] {processor.py:186} INFO - Started process (PID=34019) to work on /home/sneha/spotify_airflow_project/venv/lib/python3.12/site-packages/airflow/example_dags/example_time_delta_sensor_async.py
[2025-12-16T12:46:19.471+0530] {processor.py:914} INFO - Processing file /home/sneha/spotify_airflow_project/venv/lib/python3.12/site-packages/airflow/example_dags/example_time_delta_sensor_async.py for tasks to queue
[2025-12-16T12:46:19.473+0530] {logging_mixin.py:190} INFO - [2025-12-16T12:46:19.473+0530] {dagbag.py:588} INFO - Filling up the DagBag from /home/sneha/spotify_airflow_project/venv/lib/python3.12/site-packages/airflow/example_dags/example_time_delta_sensor_async.py
[2025-12-16T12:46:19.480+0530] {processor.py:925} INFO - DAG(s) 'example_time_delta_sensor_async' retrieved from /home/sneha/spotify_airflow_project/venv/lib/python3.12/site-packages/airflow/example_dags/example_time_delta_sensor_async.py
[2025-12-16T12:46:19.502+0530] {logging_mixin.py:190} INFO - [2025-12-16T12:46:19.502+0530] {dag.py:3239} INFO - Sync 1 DAGs
[2025-12-16T12:46:19.519+0530] {logging_mixin.py:190} INFO - [2025-12-16T12:46:19.518+0530] {dag.py:4180} INFO - Setting next_dagrun for example_time_delta_sensor_async to None, run_after=None
[2025-12-16T12:46:19.540+0530] {processor.py:208} INFO - Processing /home/sneha/spotify_airflow_project/venv/lib/python3.12/site-packages/airflow/example_dags/example_time_delta_sensor_async.py took 0.079 seconds
[2025-12-16T12:47:15.216+0530] {processor.py:186} INFO - Started process (PID=34096) to work on /home/sneha/spotify_airflow_project/venv/lib/python3.12/site-packages/airflow/example_dags/example_time_delta_sensor_async.py
[2025-12-16T12:47:15.217+0530] {processor.py:914} INFO - Processing file /home/sneha/spotify_airflow_project/venv/lib/python3.12/site-packages/airflow/example_dags/example_time_delta_sensor_async.py for tasks to queue
[2025-12-16T12:47:15.219+0530] {logging_mixin.py:190} INFO - [2025-12-16T12:47:15.218+0530] {dagbag.py:588} INFO - Filling up the DagBag from /home/sneha/spotify_airflow_project/venv/lib/python3.12/site-packages/airflow/example_dags/example_time_delta_sensor_async.py
[2025-12-16T12:47:15.223+0530] {processor.py:925} INFO - DAG(s) 'example_time_delta_sensor_async' retrieved from /home/sneha/spotify_airflow_project/venv/lib/python3.12/site-packages/airflow/example_dags/example_time_delta_sensor_async.py
[2025-12-16T12:47:15.238+0530] {logging_mixin.py:190} INFO - [2025-12-16T12:47:15.237+0530] {dag.py:3239} INFO - Sync 1 DAGs
[2025-12-16T12:47:15.248+0530] {logging_mixin.py:190} INFO - [2025-12-16T12:47:15.248+0530] {dag.py:4180} INFO - Setting next_dagrun for example_time_delta_sensor_async to None, run_after=None
[2025-12-16T12:47:15.267+0530] {processor.py:208} INFO - Processing /home/sneha/spotify_airflow_project/venv/lib/python3.12/site-packages/airflow/example_dags/example_time_delta_sensor_async.py took 0.062 seconds
[2025-12-16T12:48:09.871+0530] {processor.py:186} INFO - Started process (PID=34155) to work on /home/sneha/spotify_airflow_project/venv/lib/python3.12/site-packages/airflow/example_dags/example_time_delta_sensor_async.py
[2025-12-16T12:48:09.873+0530] {processor.py:914} INFO - Processing file /home/sneha/spotify_airflow_project/venv/lib/python3.12/site-packages/airflow/example_dags/example_time_delta_sensor_async.py for tasks to queue
[2025-12-16T12:48:09.874+0530] {logging_mixin.py:190} INFO - [2025-12-16T12:48:09.873+0530] {dagbag.py:588} INFO - Filling up the DagBag from /home/sneha/spotify_airflow_project/venv/lib/python3.12/site-packages/airflow/example_dags/example_time_delta_sensor_async.py
[2025-12-16T12:48:09.878+0530] {processor.py:925} INFO - DAG(s) 'example_time_delta_sensor_async' retrieved from /home/sneha/spotify_airflow_project/venv/lib/python3.12/site-packages/airflow/example_dags/example_time_delta_sensor_async.py
[2025-12-16T12:48:09.895+0530] {logging_mixin.py:190} INFO - [2025-12-16T12:48:09.895+0530] {dag.py:3239} INFO - Sync 1 DAGs
[2025-12-16T12:48:09.909+0530] {logging_mixin.py:190} INFO - [2025-12-16T12:48:09.908+0530] {dag.py:4180} INFO - Setting next_dagrun for example_time_delta_sensor_async to None, run_after=None
[2025-12-16T12:48:09.927+0530] {processor.py:208} INFO - Processing /home/sneha/spotify_airflow_project/venv/lib/python3.12/site-packages/airflow/example_dags/example_time_delta_sensor_async.py took 0.062 seconds
[2025-12-16T12:49:05.765+0530] {processor.py:186} INFO - Started process (PID=34218) to work on /home/sneha/spotify_airflow_project/venv/lib/python3.12/site-packages/airflow/example_dags/example_time_delta_sensor_async.py
[2025-12-16T12:49:05.766+0530] {processor.py:914} INFO - Processing file /home/sneha/spotify_airflow_project/venv/lib/python3.12/site-packages/airflow/example_dags/example_time_delta_sensor_async.py for tasks to queue
[2025-12-16T12:49:05.767+0530] {logging_mixin.py:190} INFO - [2025-12-16T12:49:05.767+0530] {dagbag.py:588} INFO - Filling up the DagBag from /home/sneha/spotify_airflow_project/venv/lib/python3.12/site-packages/airflow/example_dags/example_time_delta_sensor_async.py
[2025-12-16T12:49:05.772+0530] {processor.py:925} INFO - DAG(s) 'example_time_delta_sensor_async' retrieved from /home/sneha/spotify_airflow_project/venv/lib/python3.12/site-packages/airflow/example_dags/example_time_delta_sensor_async.py
[2025-12-16T12:49:05.789+0530] {logging_mixin.py:190} INFO - [2025-12-16T12:49:05.788+0530] {dag.py:3239} INFO - Sync 1 DAGs
[2025-12-16T12:49:05.800+0530] {logging_mixin.py:190} INFO - [2025-12-16T12:49:05.800+0530] {dag.py:4180} INFO - Setting next_dagrun for example_time_delta_sensor_async to None, run_after=None
[2025-12-16T12:49:05.817+0530] {processor.py:208} INFO - Processing /home/sneha/spotify_airflow_project/venv/lib/python3.12/site-packages/airflow/example_dags/example_time_delta_sensor_async.py took 0.060 seconds
[2025-12-16T12:50:01.603+0530] {processor.py:186} INFO - Started process (PID=34278) to work on /home/sneha/spotify_airflow_project/venv/lib/python3.12/site-packages/airflow/example_dags/example_time_delta_sensor_async.py
[2025-12-16T12:50:01.604+0530] {processor.py:914} INFO - Processing file /home/sneha/spotify_airflow_project/venv/lib/python3.12/site-packages/airflow/example_dags/example_time_delta_sensor_async.py for tasks to queue
[2025-12-16T12:50:01.605+0530] {logging_mixin.py:190} INFO - [2025-12-16T12:50:01.605+0530] {dagbag.py:588} INFO - Filling up the DagBag from /home/sneha/spotify_airflow_project/venv/lib/python3.12/site-packages/airflow/example_dags/example_time_delta_sensor_async.py
[2025-12-16T12:50:01.609+0530] {processor.py:925} INFO - DAG(s) 'example_time_delta_sensor_async' retrieved from /home/sneha/spotify_airflow_project/venv/lib/python3.12/site-packages/airflow/example_dags/example_time_delta_sensor_async.py
[2025-12-16T12:50:01.626+0530] {logging_mixin.py:190} INFO - [2025-12-16T12:50:01.625+0530] {dag.py:3239} INFO - Sync 1 DAGs
[2025-12-16T12:50:01.637+0530] {logging_mixin.py:190} INFO - [2025-12-16T12:50:01.637+0530] {dag.py:4180} INFO - Setting next_dagrun for example_time_delta_sensor_async to None, run_after=None
[2025-12-16T12:50:01.657+0530] {processor.py:208} INFO - Processing /home/sneha/spotify_airflow_project/venv/lib/python3.12/site-packages/airflow/example_dags/example_time_delta_sensor_async.py took 0.059 seconds
[2025-12-16T12:50:58.742+0530] {processor.py:186} INFO - Started process (PID=34477) to work on /home/sneha/spotify_airflow_project/venv/lib/python3.12/site-packages/airflow/example_dags/example_time_delta_sensor_async.py
[2025-12-16T12:50:58.743+0530] {processor.py:914} INFO - Processing file /home/sneha/spotify_airflow_project/venv/lib/python3.12/site-packages/airflow/example_dags/example_time_delta_sensor_async.py for tasks to queue
[2025-12-16T12:50:58.745+0530] {logging_mixin.py:190} INFO - [2025-12-16T12:50:58.744+0530] {dagbag.py:588} INFO - Filling up the DagBag from /home/sneha/spotify_airflow_project/venv/lib/python3.12/site-packages/airflow/example_dags/example_time_delta_sensor_async.py
[2025-12-16T12:50:58.749+0530] {processor.py:925} INFO - DAG(s) 'example_time_delta_sensor_async' retrieved from /home/sneha/spotify_airflow_project/venv/lib/python3.12/site-packages/airflow/example_dags/example_time_delta_sensor_async.py
[2025-12-16T12:50:58.766+0530] {logging_mixin.py:190} INFO - [2025-12-16T12:50:58.766+0530] {dag.py:3239} INFO - Sync 1 DAGs
[2025-12-16T12:50:58.781+0530] {logging_mixin.py:190} INFO - [2025-12-16T12:50:58.780+0530] {dag.py:4180} INFO - Setting next_dagrun for example_time_delta_sensor_async to None, run_after=None
[2025-12-16T12:50:58.798+0530] {processor.py:208} INFO - Processing /home/sneha/spotify_airflow_project/venv/lib/python3.12/site-packages/airflow/example_dags/example_time_delta_sensor_async.py took 0.063 seconds
[2025-12-16T12:52:27.714+0530] {processor.py:186} INFO - Started process (PID=35281) to work on /home/sneha/spotify_airflow_project/venv/lib/python3.12/site-packages/airflow/example_dags/example_time_delta_sensor_async.py
[2025-12-16T12:52:27.715+0530] {processor.py:914} INFO - Processing file /home/sneha/spotify_airflow_project/venv/lib/python3.12/site-packages/airflow/example_dags/example_time_delta_sensor_async.py for tasks to queue
[2025-12-16T12:52:27.716+0530] {logging_mixin.py:190} INFO - [2025-12-16T12:52:27.716+0530] {dagbag.py:588} INFO - Filling up the DagBag from /home/sneha/spotify_airflow_project/venv/lib/python3.12/site-packages/airflow/example_dags/example_time_delta_sensor_async.py
[2025-12-16T12:52:27.721+0530] {processor.py:925} INFO - DAG(s) 'example_time_delta_sensor_async' retrieved from /home/sneha/spotify_airflow_project/venv/lib/python3.12/site-packages/airflow/example_dags/example_time_delta_sensor_async.py
[2025-12-16T12:52:27.738+0530] {logging_mixin.py:190} INFO - [2025-12-16T12:52:27.737+0530] {dag.py:3239} INFO - Sync 1 DAGs
[2025-12-16T12:52:27.750+0530] {logging_mixin.py:190} INFO - [2025-12-16T12:52:27.749+0530] {dag.py:4180} INFO - Setting next_dagrun for example_time_delta_sensor_async to None, run_after=None
[2025-12-16T12:52:27.768+0530] {processor.py:208} INFO - Processing /home/sneha/spotify_airflow_project/venv/lib/python3.12/site-packages/airflow/example_dags/example_time_delta_sensor_async.py took 0.065 seconds
[2025-12-16T12:53:21.179+0530] {processor.py:186} INFO - Started process (PID=35667) to work on /home/sneha/spotify_airflow_project/venv/lib/python3.12/site-packages/airflow/example_dags/example_time_delta_sensor_async.py
[2025-12-16T12:53:21.180+0530] {processor.py:914} INFO - Processing file /home/sneha/spotify_airflow_project/venv/lib/python3.12/site-packages/airflow/example_dags/example_time_delta_sensor_async.py for tasks to queue
[2025-12-16T12:53:21.182+0530] {logging_mixin.py:190} INFO - [2025-12-16T12:53:21.181+0530] {dagbag.py:588} INFO - Filling up the DagBag from /home/sneha/spotify_airflow_project/venv/lib/python3.12/site-packages/airflow/example_dags/example_time_delta_sensor_async.py
[2025-12-16T12:53:21.189+0530] {processor.py:925} INFO - DAG(s) 'example_time_delta_sensor_async' retrieved from /home/sneha/spotify_airflow_project/venv/lib/python3.12/site-packages/airflow/example_dags/example_time_delta_sensor_async.py
[2025-12-16T12:53:21.208+0530] {logging_mixin.py:190} INFO - [2025-12-16T12:53:21.207+0530] {dag.py:3239} INFO - Sync 1 DAGs
[2025-12-16T12:53:21.222+0530] {logging_mixin.py:190} INFO - [2025-12-16T12:53:21.222+0530] {dag.py:4180} INFO - Setting next_dagrun for example_time_delta_sensor_async to None, run_after=None
[2025-12-16T12:53:21.241+0530] {processor.py:208} INFO - Processing /home/sneha/spotify_airflow_project/venv/lib/python3.12/site-packages/airflow/example_dags/example_time_delta_sensor_async.py took 0.068 seconds
[2025-12-16T12:54:14.808+0530] {processor.py:186} INFO - Started process (PID=36042) to work on /home/sneha/spotify_airflow_project/venv/lib/python3.12/site-packages/airflow/example_dags/example_time_delta_sensor_async.py
[2025-12-16T12:54:14.809+0530] {processor.py:914} INFO - Processing file /home/sneha/spotify_airflow_project/venv/lib/python3.12/site-packages/airflow/example_dags/example_time_delta_sensor_async.py for tasks to queue
[2025-12-16T12:54:14.810+0530] {logging_mixin.py:190} INFO - [2025-12-16T12:54:14.810+0530] {dagbag.py:588} INFO - Filling up the DagBag from /home/sneha/spotify_airflow_project/venv/lib/python3.12/site-packages/airflow/example_dags/example_time_delta_sensor_async.py
[2025-12-16T12:54:14.814+0530] {processor.py:925} INFO - DAG(s) 'example_time_delta_sensor_async' retrieved from /home/sneha/spotify_airflow_project/venv/lib/python3.12/site-packages/airflow/example_dags/example_time_delta_sensor_async.py
[2025-12-16T12:54:14.832+0530] {logging_mixin.py:190} INFO - [2025-12-16T12:54:14.831+0530] {dag.py:3239} INFO - Sync 1 DAGs
[2025-12-16T12:54:14.844+0530] {logging_mixin.py:190} INFO - [2025-12-16T12:54:14.843+0530] {dag.py:4180} INFO - Setting next_dagrun for example_time_delta_sensor_async to None, run_after=None
[2025-12-16T12:54:14.861+0530] {processor.py:208} INFO - Processing /home/sneha/spotify_airflow_project/venv/lib/python3.12/site-packages/airflow/example_dags/example_time_delta_sensor_async.py took 0.060 seconds
[2025-12-16T12:55:11.189+0530] {processor.py:186} INFO - Started process (PID=36446) to work on /home/sneha/spotify_airflow_project/venv/lib/python3.12/site-packages/airflow/example_dags/example_time_delta_sensor_async.py
[2025-12-16T12:55:11.190+0530] {processor.py:914} INFO - Processing file /home/sneha/spotify_airflow_project/venv/lib/python3.12/site-packages/airflow/example_dags/example_time_delta_sensor_async.py for tasks to queue
[2025-12-16T12:55:11.192+0530] {logging_mixin.py:190} INFO - [2025-12-16T12:55:11.191+0530] {dagbag.py:588} INFO - Filling up the DagBag from /home/sneha/spotify_airflow_project/venv/lib/python3.12/site-packages/airflow/example_dags/example_time_delta_sensor_async.py
[2025-12-16T12:55:11.196+0530] {processor.py:925} INFO - DAG(s) 'example_time_delta_sensor_async' retrieved from /home/sneha/spotify_airflow_project/venv/lib/python3.12/site-packages/airflow/example_dags/example_time_delta_sensor_async.py
[2025-12-16T12:55:11.212+0530] {logging_mixin.py:190} INFO - [2025-12-16T12:55:11.212+0530] {dag.py:3239} INFO - Sync 1 DAGs
[2025-12-16T12:55:11.224+0530] {logging_mixin.py:190} INFO - [2025-12-16T12:55:11.224+0530] {dag.py:4180} INFO - Setting next_dagrun for example_time_delta_sensor_async to None, run_after=None
[2025-12-16T12:55:11.244+0530] {processor.py:208} INFO - Processing /home/sneha/spotify_airflow_project/venv/lib/python3.12/site-packages/airflow/example_dags/example_time_delta_sensor_async.py took 0.063 seconds
[2025-12-16T12:56:05.624+0530] {processor.py:186} INFO - Started process (PID=36822) to work on /home/sneha/spotify_airflow_project/venv/lib/python3.12/site-packages/airflow/example_dags/example_time_delta_sensor_async.py
[2025-12-16T12:56:05.625+0530] {processor.py:914} INFO - Processing file /home/sneha/spotify_airflow_project/venv/lib/python3.12/site-packages/airflow/example_dags/example_time_delta_sensor_async.py for tasks to queue
[2025-12-16T12:56:05.627+0530] {logging_mixin.py:190} INFO - [2025-12-16T12:56:05.626+0530] {dagbag.py:588} INFO - Filling up the DagBag from /home/sneha/spotify_airflow_project/venv/lib/python3.12/site-packages/airflow/example_dags/example_time_delta_sensor_async.py
[2025-12-16T12:56:05.631+0530] {processor.py:925} INFO - DAG(s) 'example_time_delta_sensor_async' retrieved from /home/sneha/spotify_airflow_project/venv/lib/python3.12/site-packages/airflow/example_dags/example_time_delta_sensor_async.py
[2025-12-16T12:56:05.649+0530] {logging_mixin.py:190} INFO - [2025-12-16T12:56:05.649+0530] {dag.py:3239} INFO - Sync 1 DAGs
[2025-12-16T12:56:05.660+0530] {logging_mixin.py:190} INFO - [2025-12-16T12:56:05.660+0530] {dag.py:4180} INFO - Setting next_dagrun for example_time_delta_sensor_async to None, run_after=None
[2025-12-16T12:56:05.678+0530] {processor.py:208} INFO - Processing /home/sneha/spotify_airflow_project/venv/lib/python3.12/site-packages/airflow/example_dags/example_time_delta_sensor_async.py took 0.060 seconds
[2025-12-16T12:57:02.537+0530] {processor.py:186} INFO - Started process (PID=37226) to work on /home/sneha/spotify_airflow_project/venv/lib/python3.12/site-packages/airflow/example_dags/example_time_delta_sensor_async.py
[2025-12-16T12:57:02.538+0530] {processor.py:914} INFO - Processing file /home/sneha/spotify_airflow_project/venv/lib/python3.12/site-packages/airflow/example_dags/example_time_delta_sensor_async.py for tasks to queue
[2025-12-16T12:57:02.540+0530] {logging_mixin.py:190} INFO - [2025-12-16T12:57:02.539+0530] {dagbag.py:588} INFO - Filling up the DagBag from /home/sneha/spotify_airflow_project/venv/lib/python3.12/site-packages/airflow/example_dags/example_time_delta_sensor_async.py
[2025-12-16T12:57:02.544+0530] {processor.py:925} INFO - DAG(s) 'example_time_delta_sensor_async' retrieved from /home/sneha/spotify_airflow_project/venv/lib/python3.12/site-packages/airflow/example_dags/example_time_delta_sensor_async.py
[2025-12-16T12:57:02.562+0530] {logging_mixin.py:190} INFO - [2025-12-16T12:57:02.562+0530] {dag.py:3239} INFO - Sync 1 DAGs
[2025-12-16T12:57:02.574+0530] {logging_mixin.py:190} INFO - [2025-12-16T12:57:02.574+0530] {dag.py:4180} INFO - Setting next_dagrun for example_time_delta_sensor_async to None, run_after=None
[2025-12-16T12:57:02.594+0530] {processor.py:208} INFO - Processing /home/sneha/spotify_airflow_project/venv/lib/python3.12/site-packages/airflow/example_dags/example_time_delta_sensor_async.py took 0.066 seconds
[2025-12-16T12:57:46.360+0530] {processor.py:186} INFO - Started process (PID=37823) to work on /home/sneha/spotify_airflow_project/venv/lib/python3.12/site-packages/airflow/example_dags/example_time_delta_sensor_async.py
[2025-12-16T12:57:46.361+0530] {processor.py:914} INFO - Processing file /home/sneha/spotify_airflow_project/venv/lib/python3.12/site-packages/airflow/example_dags/example_time_delta_sensor_async.py for tasks to queue
[2025-12-16T12:57:46.362+0530] {logging_mixin.py:190} INFO - [2025-12-16T12:57:46.362+0530] {dagbag.py:588} INFO - Filling up the DagBag from /home/sneha/spotify_airflow_project/venv/lib/python3.12/site-packages/airflow/example_dags/example_time_delta_sensor_async.py
[2025-12-16T12:57:46.367+0530] {processor.py:925} INFO - DAG(s) 'example_time_delta_sensor_async' retrieved from /home/sneha/spotify_airflow_project/venv/lib/python3.12/site-packages/airflow/example_dags/example_time_delta_sensor_async.py
[2025-12-16T12:57:46.383+0530] {logging_mixin.py:190} INFO - [2025-12-16T12:57:46.383+0530] {dag.py:3239} INFO - Sync 1 DAGs
[2025-12-16T12:57:46.394+0530] {logging_mixin.py:190} INFO - [2025-12-16T12:57:46.394+0530] {dag.py:4180} INFO - Setting next_dagrun for example_time_delta_sensor_async to None, run_after=None
[2025-12-16T12:57:46.411+0530] {processor.py:208} INFO - Processing /home/sneha/spotify_airflow_project/venv/lib/python3.12/site-packages/airflow/example_dags/example_time_delta_sensor_async.py took 0.063 seconds
[2025-12-16T12:58:42.006+0530] {processor.py:186} INFO - Started process (PID=37936) to work on /home/sneha/spotify_airflow_project/venv/lib/python3.12/site-packages/airflow/example_dags/example_time_delta_sensor_async.py
[2025-12-16T12:58:42.007+0530] {processor.py:914} INFO - Processing file /home/sneha/spotify_airflow_project/venv/lib/python3.12/site-packages/airflow/example_dags/example_time_delta_sensor_async.py for tasks to queue
[2025-12-16T12:58:42.008+0530] {logging_mixin.py:190} INFO - [2025-12-16T12:58:42.008+0530] {dagbag.py:588} INFO - Filling up the DagBag from /home/sneha/spotify_airflow_project/venv/lib/python3.12/site-packages/airflow/example_dags/example_time_delta_sensor_async.py
[2025-12-16T12:58:42.015+0530] {processor.py:925} INFO - DAG(s) 'example_time_delta_sensor_async' retrieved from /home/sneha/spotify_airflow_project/venv/lib/python3.12/site-packages/airflow/example_dags/example_time_delta_sensor_async.py
[2025-12-16T12:58:42.034+0530] {logging_mixin.py:190} INFO - [2025-12-16T12:58:42.034+0530] {dag.py:3239} INFO - Sync 1 DAGs
[2025-12-16T12:58:42.046+0530] {logging_mixin.py:190} INFO - [2025-12-16T12:58:42.046+0530] {dag.py:4180} INFO - Setting next_dagrun for example_time_delta_sensor_async to None, run_after=None
[2025-12-16T12:58:42.064+0530] {processor.py:208} INFO - Processing /home/sneha/spotify_airflow_project/venv/lib/python3.12/site-packages/airflow/example_dags/example_time_delta_sensor_async.py took 0.066 seconds
[2025-12-16T12:59:40.886+0530] {processor.py:186} INFO - Started process (PID=38131) to work on /home/sneha/spotify_airflow_project/venv/lib/python3.12/site-packages/airflow/example_dags/example_time_delta_sensor_async.py
[2025-12-16T12:59:40.887+0530] {processor.py:914} INFO - Processing file /home/sneha/spotify_airflow_project/venv/lib/python3.12/site-packages/airflow/example_dags/example_time_delta_sensor_async.py for tasks to queue
[2025-12-16T12:59:40.888+0530] {logging_mixin.py:190} INFO - [2025-12-16T12:59:40.888+0530] {dagbag.py:588} INFO - Filling up the DagBag from /home/sneha/spotify_airflow_project/venv/lib/python3.12/site-packages/airflow/example_dags/example_time_delta_sensor_async.py
[2025-12-16T12:59:40.895+0530] {processor.py:925} INFO - DAG(s) 'example_time_delta_sensor_async' retrieved from /home/sneha/spotify_airflow_project/venv/lib/python3.12/site-packages/airflow/example_dags/example_time_delta_sensor_async.py
[2025-12-16T12:59:40.914+0530] {logging_mixin.py:190} INFO - [2025-12-16T12:59:40.914+0530] {dag.py:3239} INFO - Sync 1 DAGs
[2025-12-16T12:59:40.928+0530] {logging_mixin.py:190} INFO - [2025-12-16T12:59:40.928+0530] {dag.py:4180} INFO - Setting next_dagrun for example_time_delta_sensor_async to None, run_after=None
[2025-12-16T12:59:40.949+0530] {processor.py:208} INFO - Processing /home/sneha/spotify_airflow_project/venv/lib/python3.12/site-packages/airflow/example_dags/example_time_delta_sensor_async.py took 0.070 seconds
