[2025-12-16T10:50:17.199+0530] {processor.py:186} INFO - Started process (PID=7201) to work on /home/sneha/spotify_airflow_project/venv/lib/python3.12/site-packages/airflow/example_dags/example_external_task_marker_dag.py
[2025-12-16T10:50:17.200+0530] {processor.py:914} INFO - Processing file /home/sneha/spotify_airflow_project/venv/lib/python3.12/site-packages/airflow/example_dags/example_external_task_marker_dag.py for tasks to queue
[2025-12-16T10:50:17.203+0530] {logging_mixin.py:190} INFO - [2025-12-16T10:50:17.202+0530] {dagbag.py:588} INFO - Filling up the DagBag from /home/sneha/spotify_airflow_project/venv/lib/python3.12/site-packages/airflow/example_dags/example_external_task_marker_dag.py
[2025-12-16T10:50:17.214+0530] {processor.py:925} INFO - DAG(s) 'example_external_task_marker_child', 'example_external_task_marker_parent' retrieved from /home/sneha/spotify_airflow_project/venv/lib/python3.12/site-packages/airflow/example_dags/example_external_task_marker_dag.py
[2025-12-16T10:50:17.240+0530] {logging_mixin.py:190} INFO - [2025-12-16T10:50:17.240+0530] {dag.py:3239} INFO - Sync 2 DAGs
[2025-12-16T10:50:17.254+0530] {logging_mixin.py:190} INFO - [2025-12-16T10:50:17.254+0530] {dag.py:4180} INFO - Setting next_dagrun for example_external_task_marker_child to None, run_after=None
[2025-12-16T10:50:17.258+0530] {logging_mixin.py:190} INFO - [2025-12-16T10:50:17.257+0530] {dag.py:4180} INFO - Setting next_dagrun for example_external_task_marker_parent to None, run_after=None
[2025-12-16T10:50:17.286+0530] {processor.py:208} INFO - Processing /home/sneha/spotify_airflow_project/venv/lib/python3.12/site-packages/airflow/example_dags/example_external_task_marker_dag.py took 0.095 seconds
[2025-12-16T10:55:26.808+0530] {processor.py:186} INFO - Started process (PID=7908) to work on /home/sneha/spotify_airflow_project/venv/lib/python3.12/site-packages/airflow/example_dags/example_external_task_marker_dag.py
[2025-12-16T10:55:26.809+0530] {processor.py:914} INFO - Processing file /home/sneha/spotify_airflow_project/venv/lib/python3.12/site-packages/airflow/example_dags/example_external_task_marker_dag.py for tasks to queue
[2025-12-16T10:55:26.811+0530] {logging_mixin.py:190} INFO - [2025-12-16T10:55:26.811+0530] {dagbag.py:588} INFO - Filling up the DagBag from /home/sneha/spotify_airflow_project/venv/lib/python3.12/site-packages/airflow/example_dags/example_external_task_marker_dag.py
[2025-12-16T10:55:26.820+0530] {processor.py:925} INFO - DAG(s) 'example_external_task_marker_child', 'example_external_task_marker_parent' retrieved from /home/sneha/spotify_airflow_project/venv/lib/python3.12/site-packages/airflow/example_dags/example_external_task_marker_dag.py
[2025-12-16T10:55:26.839+0530] {logging_mixin.py:190} INFO - [2025-12-16T10:55:26.839+0530] {dag.py:3239} INFO - Sync 2 DAGs
[2025-12-16T10:55:26.852+0530] {logging_mixin.py:190} INFO - [2025-12-16T10:55:26.852+0530] {dag.py:4180} INFO - Setting next_dagrun for example_external_task_marker_child to None, run_after=None
[2025-12-16T10:55:26.856+0530] {logging_mixin.py:190} INFO - [2025-12-16T10:55:26.856+0530] {dag.py:4180} INFO - Setting next_dagrun for example_external_task_marker_parent to None, run_after=None
[2025-12-16T10:55:26.876+0530] {processor.py:208} INFO - Processing /home/sneha/spotify_airflow_project/venv/lib/python3.12/site-packages/airflow/example_dags/example_external_task_marker_dag.py took 0.076 seconds
[2025-12-16T10:56:24.016+0530] {processor.py:186} INFO - Started process (PID=8176) to work on /home/sneha/spotify_airflow_project/venv/lib/python3.12/site-packages/airflow/example_dags/example_external_task_marker_dag.py
[2025-12-16T10:56:24.026+0530] {processor.py:914} INFO - Processing file /home/sneha/spotify_airflow_project/venv/lib/python3.12/site-packages/airflow/example_dags/example_external_task_marker_dag.py for tasks to queue
[2025-12-16T10:56:24.028+0530] {logging_mixin.py:190} INFO - [2025-12-16T10:56:24.028+0530] {dagbag.py:588} INFO - Filling up the DagBag from /home/sneha/spotify_airflow_project/venv/lib/python3.12/site-packages/airflow/example_dags/example_external_task_marker_dag.py
[2025-12-16T10:56:24.039+0530] {processor.py:925} INFO - DAG(s) 'example_external_task_marker_child', 'example_external_task_marker_parent' retrieved from /home/sneha/spotify_airflow_project/venv/lib/python3.12/site-packages/airflow/example_dags/example_external_task_marker_dag.py
[2025-12-16T10:56:24.060+0530] {logging_mixin.py:190} INFO - [2025-12-16T10:56:24.060+0530] {dag.py:3239} INFO - Sync 2 DAGs
[2025-12-16T10:56:24.076+0530] {logging_mixin.py:190} INFO - [2025-12-16T10:56:24.076+0530] {dag.py:4180} INFO - Setting next_dagrun for example_external_task_marker_child to None, run_after=None
[2025-12-16T10:56:24.079+0530] {logging_mixin.py:190} INFO - [2025-12-16T10:56:24.079+0530] {dag.py:4180} INFO - Setting next_dagrun for example_external_task_marker_parent to None, run_after=None
[2025-12-16T10:56:24.102+0530] {processor.py:208} INFO - Processing /home/sneha/spotify_airflow_project/venv/lib/python3.12/site-packages/airflow/example_dags/example_external_task_marker_dag.py took 0.092 seconds
[2025-12-16T11:07:31.913+0530] {processor.py:186} INFO - Started process (PID=21612) to work on /home/sneha/spotify_airflow_project/venv/lib/python3.12/site-packages/airflow/example_dags/example_external_task_marker_dag.py
[2025-12-16T11:07:31.915+0530] {processor.py:914} INFO - Processing file /home/sneha/spotify_airflow_project/venv/lib/python3.12/site-packages/airflow/example_dags/example_external_task_marker_dag.py for tasks to queue
[2025-12-16T11:07:31.919+0530] {logging_mixin.py:190} INFO - [2025-12-16T11:07:31.918+0530] {dagbag.py:588} INFO - Filling up the DagBag from /home/sneha/spotify_airflow_project/venv/lib/python3.12/site-packages/airflow/example_dags/example_external_task_marker_dag.py
[2025-12-16T11:07:31.939+0530] {processor.py:925} INFO - DAG(s) 'example_external_task_marker_child', 'example_external_task_marker_parent' retrieved from /home/sneha/spotify_airflow_project/venv/lib/python3.12/site-packages/airflow/example_dags/example_external_task_marker_dag.py
[2025-12-16T11:07:31.993+0530] {logging_mixin.py:190} INFO - [2025-12-16T11:07:31.993+0530] {dag.py:3239} INFO - Sync 2 DAGs
[2025-12-16T11:07:32.023+0530] {logging_mixin.py:190} INFO - [2025-12-16T11:07:32.022+0530] {dag.py:4180} INFO - Setting next_dagrun for example_external_task_marker_child to None, run_after=None
[2025-12-16T11:07:32.030+0530] {logging_mixin.py:190} INFO - [2025-12-16T11:07:32.029+0530] {dag.py:4180} INFO - Setting next_dagrun for example_external_task_marker_parent to None, run_after=None
[2025-12-16T11:07:32.070+0530] {processor.py:208} INFO - Processing /home/sneha/spotify_airflow_project/venv/lib/python3.12/site-packages/airflow/example_dags/example_external_task_marker_dag.py took 0.168 seconds
[2025-12-16T11:08:28.849+0530] {processor.py:186} INFO - Started process (PID=21771) to work on /home/sneha/spotify_airflow_project/venv/lib/python3.12/site-packages/airflow/example_dags/example_external_task_marker_dag.py
[2025-12-16T11:08:28.851+0530] {processor.py:914} INFO - Processing file /home/sneha/spotify_airflow_project/venv/lib/python3.12/site-packages/airflow/example_dags/example_external_task_marker_dag.py for tasks to queue
[2025-12-16T11:08:28.853+0530] {logging_mixin.py:190} INFO - [2025-12-16T11:08:28.853+0530] {dagbag.py:588} INFO - Filling up the DagBag from /home/sneha/spotify_airflow_project/venv/lib/python3.12/site-packages/airflow/example_dags/example_external_task_marker_dag.py
[2025-12-16T11:08:28.860+0530] {processor.py:925} INFO - DAG(s) 'example_external_task_marker_child', 'example_external_task_marker_parent' retrieved from /home/sneha/spotify_airflow_project/venv/lib/python3.12/site-packages/airflow/example_dags/example_external_task_marker_dag.py
[2025-12-16T11:08:28.877+0530] {logging_mixin.py:190} INFO - [2025-12-16T11:08:28.877+0530] {dag.py:3239} INFO - Sync 2 DAGs
[2025-12-16T11:08:28.889+0530] {logging_mixin.py:190} INFO - [2025-12-16T11:08:28.889+0530] {dag.py:4180} INFO - Setting next_dagrun for example_external_task_marker_child to None, run_after=None
[2025-12-16T11:08:28.892+0530] {logging_mixin.py:190} INFO - [2025-12-16T11:08:28.892+0530] {dag.py:4180} INFO - Setting next_dagrun for example_external_task_marker_parent to None, run_after=None
[2025-12-16T11:08:28.911+0530] {processor.py:208} INFO - Processing /home/sneha/spotify_airflow_project/venv/lib/python3.12/site-packages/airflow/example_dags/example_external_task_marker_dag.py took 0.072 seconds
[2025-12-16T11:09:32.143+0530] {processor.py:186} INFO - Started process (PID=21967) to work on /home/sneha/spotify_airflow_project/venv/lib/python3.12/site-packages/airflow/example_dags/example_external_task_marker_dag.py
[2025-12-16T11:09:32.154+0530] {processor.py:914} INFO - Processing file /home/sneha/spotify_airflow_project/venv/lib/python3.12/site-packages/airflow/example_dags/example_external_task_marker_dag.py for tasks to queue
[2025-12-16T11:09:32.157+0530] {logging_mixin.py:190} INFO - [2025-12-16T11:09:32.156+0530] {dagbag.py:588} INFO - Filling up the DagBag from /home/sneha/spotify_airflow_project/venv/lib/python3.12/site-packages/airflow/example_dags/example_external_task_marker_dag.py
[2025-12-16T11:09:32.165+0530] {processor.py:925} INFO - DAG(s) 'example_external_task_marker_parent', 'example_external_task_marker_child' retrieved from /home/sneha/spotify_airflow_project/venv/lib/python3.12/site-packages/airflow/example_dags/example_external_task_marker_dag.py
[2025-12-16T11:09:32.182+0530] {logging_mixin.py:190} INFO - [2025-12-16T11:09:32.182+0530] {dag.py:3239} INFO - Sync 2 DAGs
[2025-12-16T11:09:32.194+0530] {logging_mixin.py:190} INFO - [2025-12-16T11:09:32.194+0530] {dag.py:4180} INFO - Setting next_dagrun for example_external_task_marker_child to None, run_after=None
[2025-12-16T11:09:32.198+0530] {logging_mixin.py:190} INFO - [2025-12-16T11:09:32.198+0530] {dag.py:4180} INFO - Setting next_dagrun for example_external_task_marker_parent to None, run_after=None
[2025-12-16T11:09:32.214+0530] {processor.py:208} INFO - Processing /home/sneha/spotify_airflow_project/venv/lib/python3.12/site-packages/airflow/example_dags/example_external_task_marker_dag.py took 0.080 seconds
[2025-12-16T11:10:29.940+0530] {processor.py:186} INFO - Started process (PID=22029) to work on /home/sneha/spotify_airflow_project/venv/lib/python3.12/site-packages/airflow/example_dags/example_external_task_marker_dag.py
[2025-12-16T11:10:29.950+0530] {processor.py:914} INFO - Processing file /home/sneha/spotify_airflow_project/venv/lib/python3.12/site-packages/airflow/example_dags/example_external_task_marker_dag.py for tasks to queue
[2025-12-16T11:10:29.953+0530] {logging_mixin.py:190} INFO - [2025-12-16T11:10:29.952+0530] {dagbag.py:588} INFO - Filling up the DagBag from /home/sneha/spotify_airflow_project/venv/lib/python3.12/site-packages/airflow/example_dags/example_external_task_marker_dag.py
[2025-12-16T11:10:29.961+0530] {processor.py:925} INFO - DAG(s) 'example_external_task_marker_parent', 'example_external_task_marker_child' retrieved from /home/sneha/spotify_airflow_project/venv/lib/python3.12/site-packages/airflow/example_dags/example_external_task_marker_dag.py
[2025-12-16T11:10:29.978+0530] {logging_mixin.py:190} INFO - [2025-12-16T11:10:29.978+0530] {dag.py:3239} INFO - Sync 2 DAGs
[2025-12-16T11:10:29.989+0530] {logging_mixin.py:190} INFO - [2025-12-16T11:10:29.989+0530] {dag.py:4180} INFO - Setting next_dagrun for example_external_task_marker_child to None, run_after=None
[2025-12-16T11:10:29.992+0530] {logging_mixin.py:190} INFO - [2025-12-16T11:10:29.992+0530] {dag.py:4180} INFO - Setting next_dagrun for example_external_task_marker_parent to None, run_after=None
[2025-12-16T11:10:30.008+0530] {processor.py:208} INFO - Processing /home/sneha/spotify_airflow_project/venv/lib/python3.12/site-packages/airflow/example_dags/example_external_task_marker_dag.py took 0.080 seconds
[2025-12-16T11:11:25.388+0530] {processor.py:186} INFO - Started process (PID=22090) to work on /home/sneha/spotify_airflow_project/venv/lib/python3.12/site-packages/airflow/example_dags/example_external_task_marker_dag.py
[2025-12-16T11:11:25.389+0530] {processor.py:914} INFO - Processing file /home/sneha/spotify_airflow_project/venv/lib/python3.12/site-packages/airflow/example_dags/example_external_task_marker_dag.py for tasks to queue
[2025-12-16T11:11:25.391+0530] {logging_mixin.py:190} INFO - [2025-12-16T11:11:25.391+0530] {dagbag.py:588} INFO - Filling up the DagBag from /home/sneha/spotify_airflow_project/venv/lib/python3.12/site-packages/airflow/example_dags/example_external_task_marker_dag.py
[2025-12-16T11:11:25.398+0530] {processor.py:925} INFO - DAG(s) 'example_external_task_marker_parent', 'example_external_task_marker_child' retrieved from /home/sneha/spotify_airflow_project/venv/lib/python3.12/site-packages/airflow/example_dags/example_external_task_marker_dag.py
[2025-12-16T11:11:25.417+0530] {logging_mixin.py:190} INFO - [2025-12-16T11:11:25.417+0530] {dag.py:3239} INFO - Sync 2 DAGs
[2025-12-16T11:11:25.429+0530] {logging_mixin.py:190} INFO - [2025-12-16T11:11:25.429+0530] {dag.py:4180} INFO - Setting next_dagrun for example_external_task_marker_child to None, run_after=None
[2025-12-16T11:11:25.432+0530] {logging_mixin.py:190} INFO - [2025-12-16T11:11:25.432+0530] {dag.py:4180} INFO - Setting next_dagrun for example_external_task_marker_parent to None, run_after=None
[2025-12-16T11:11:25.449+0530] {processor.py:208} INFO - Processing /home/sneha/spotify_airflow_project/venv/lib/python3.12/site-packages/airflow/example_dags/example_external_task_marker_dag.py took 0.071 seconds
[2025-12-16T11:12:24.215+0530] {processor.py:186} INFO - Started process (PID=22171) to work on /home/sneha/spotify_airflow_project/venv/lib/python3.12/site-packages/airflow/example_dags/example_external_task_marker_dag.py
[2025-12-16T11:12:24.217+0530] {processor.py:914} INFO - Processing file /home/sneha/spotify_airflow_project/venv/lib/python3.12/site-packages/airflow/example_dags/example_external_task_marker_dag.py for tasks to queue
[2025-12-16T11:12:24.218+0530] {logging_mixin.py:190} INFO - [2025-12-16T11:12:24.218+0530] {dagbag.py:588} INFO - Filling up the DagBag from /home/sneha/spotify_airflow_project/venv/lib/python3.12/site-packages/airflow/example_dags/example_external_task_marker_dag.py
[2025-12-16T11:12:24.226+0530] {processor.py:925} INFO - DAG(s) 'example_external_task_marker_parent', 'example_external_task_marker_child' retrieved from /home/sneha/spotify_airflow_project/venv/lib/python3.12/site-packages/airflow/example_dags/example_external_task_marker_dag.py
[2025-12-16T11:12:24.243+0530] {logging_mixin.py:190} INFO - [2025-12-16T11:12:24.243+0530] {dag.py:3239} INFO - Sync 2 DAGs
[2025-12-16T11:12:24.374+0530] {logging_mixin.py:190} INFO - [2025-12-16T11:12:24.374+0530] {dag.py:4180} INFO - Setting next_dagrun for example_external_task_marker_child to None, run_after=None
[2025-12-16T11:12:24.377+0530] {logging_mixin.py:190} INFO - [2025-12-16T11:12:24.377+0530] {dag.py:4180} INFO - Setting next_dagrun for example_external_task_marker_parent to None, run_after=None
[2025-12-16T11:12:24.391+0530] {processor.py:208} INFO - Processing /home/sneha/spotify_airflow_project/venv/lib/python3.12/site-packages/airflow/example_dags/example_external_task_marker_dag.py took 0.185 seconds
[2025-12-16T12:40:08.607+0530] {processor.py:186} INFO - Started process (PID=30522) to work on /home/sneha/spotify_airflow_project/venv/lib/python3.12/site-packages/airflow/example_dags/example_external_task_marker_dag.py
[2025-12-16T12:40:08.608+0530] {processor.py:914} INFO - Processing file /home/sneha/spotify_airflow_project/venv/lib/python3.12/site-packages/airflow/example_dags/example_external_task_marker_dag.py for tasks to queue
[2025-12-16T12:40:08.609+0530] {logging_mixin.py:190} INFO - [2025-12-16T12:40:08.608+0530] {dagbag.py:588} INFO - Filling up the DagBag from /home/sneha/spotify_airflow_project/venv/lib/python3.12/site-packages/airflow/example_dags/example_external_task_marker_dag.py
[2025-12-16T12:40:08.614+0530] {processor.py:925} INFO - DAG(s) 'example_external_task_marker_parent', 'example_external_task_marker_child' retrieved from /home/sneha/spotify_airflow_project/venv/lib/python3.12/site-packages/airflow/example_dags/example_external_task_marker_dag.py
[2025-12-16T12:40:08.634+0530] {logging_mixin.py:190} INFO - [2025-12-16T12:40:08.634+0530] {dag.py:3239} INFO - Sync 2 DAGs
[2025-12-16T12:40:08.646+0530] {logging_mixin.py:190} INFO - [2025-12-16T12:40:08.645+0530] {dag.py:4180} INFO - Setting next_dagrun for example_external_task_marker_child to None, run_after=None
[2025-12-16T12:40:08.648+0530] {logging_mixin.py:190} INFO - [2025-12-16T12:40:08.648+0530] {dag.py:4180} INFO - Setting next_dagrun for example_external_task_marker_parent to None, run_after=None
[2025-12-16T12:40:08.664+0530] {processor.py:208} INFO - Processing /home/sneha/spotify_airflow_project/venv/lib/python3.12/site-packages/airflow/example_dags/example_external_task_marker_dag.py took 0.064 seconds
[2025-12-16T12:41:05.709+0530] {processor.py:186} INFO - Started process (PID=30914) to work on /home/sneha/spotify_airflow_project/venv/lib/python3.12/site-packages/airflow/example_dags/example_external_task_marker_dag.py
[2025-12-16T12:41:05.710+0530] {processor.py:914} INFO - Processing file /home/sneha/spotify_airflow_project/venv/lib/python3.12/site-packages/airflow/example_dags/example_external_task_marker_dag.py for tasks to queue
[2025-12-16T12:41:05.711+0530] {logging_mixin.py:190} INFO - [2025-12-16T12:41:05.711+0530] {dagbag.py:588} INFO - Filling up the DagBag from /home/sneha/spotify_airflow_project/venv/lib/python3.12/site-packages/airflow/example_dags/example_external_task_marker_dag.py
[2025-12-16T12:41:05.717+0530] {processor.py:925} INFO - DAG(s) 'example_external_task_marker_child', 'example_external_task_marker_parent' retrieved from /home/sneha/spotify_airflow_project/venv/lib/python3.12/site-packages/airflow/example_dags/example_external_task_marker_dag.py
[2025-12-16T12:41:05.736+0530] {logging_mixin.py:190} INFO - [2025-12-16T12:41:05.736+0530] {dag.py:3239} INFO - Sync 2 DAGs
[2025-12-16T12:41:05.748+0530] {logging_mixin.py:190} INFO - [2025-12-16T12:41:05.748+0530] {dag.py:4180} INFO - Setting next_dagrun for example_external_task_marker_child to None, run_after=None
[2025-12-16T12:41:05.751+0530] {logging_mixin.py:190} INFO - [2025-12-16T12:41:05.751+0530] {dag.py:4180} INFO - Setting next_dagrun for example_external_task_marker_parent to None, run_after=None
[2025-12-16T12:41:05.767+0530] {processor.py:208} INFO - Processing /home/sneha/spotify_airflow_project/venv/lib/python3.12/site-packages/airflow/example_dags/example_external_task_marker_dag.py took 0.065 seconds
[2025-12-16T12:42:06.602+0530] {processor.py:186} INFO - Started process (PID=31356) to work on /home/sneha/spotify_airflow_project/venv/lib/python3.12/site-packages/airflow/example_dags/example_external_task_marker_dag.py
[2025-12-16T12:42:06.603+0530] {processor.py:914} INFO - Processing file /home/sneha/spotify_airflow_project/venv/lib/python3.12/site-packages/airflow/example_dags/example_external_task_marker_dag.py for tasks to queue
[2025-12-16T12:42:06.604+0530] {logging_mixin.py:190} INFO - [2025-12-16T12:42:06.604+0530] {dagbag.py:588} INFO - Filling up the DagBag from /home/sneha/spotify_airflow_project/venv/lib/python3.12/site-packages/airflow/example_dags/example_external_task_marker_dag.py
[2025-12-16T12:42:06.610+0530] {processor.py:925} INFO - DAG(s) 'example_external_task_marker_parent', 'example_external_task_marker_child' retrieved from /home/sneha/spotify_airflow_project/venv/lib/python3.12/site-packages/airflow/example_dags/example_external_task_marker_dag.py
[2025-12-16T12:42:06.631+0530] {logging_mixin.py:190} INFO - [2025-12-16T12:42:06.631+0530] {dag.py:3239} INFO - Sync 2 DAGs
[2025-12-16T12:42:06.642+0530] {logging_mixin.py:190} INFO - [2025-12-16T12:42:06.642+0530] {dag.py:4180} INFO - Setting next_dagrun for example_external_task_marker_child to None, run_after=None
[2025-12-16T12:42:06.645+0530] {logging_mixin.py:190} INFO - [2025-12-16T12:42:06.645+0530] {dag.py:4180} INFO - Setting next_dagrun for example_external_task_marker_parent to None, run_after=None
[2025-12-16T12:42:06.662+0530] {processor.py:208} INFO - Processing /home/sneha/spotify_airflow_project/venv/lib/python3.12/site-packages/airflow/example_dags/example_external_task_marker_dag.py took 0.067 seconds
[2025-12-16T12:44:32.190+0530] {processor.py:186} INFO - Started process (PID=33381) to work on /home/sneha/spotify_airflow_project/venv/lib/python3.12/site-packages/airflow/example_dags/example_external_task_marker_dag.py
[2025-12-16T12:44:32.191+0530] {processor.py:914} INFO - Processing file /home/sneha/spotify_airflow_project/venv/lib/python3.12/site-packages/airflow/example_dags/example_external_task_marker_dag.py for tasks to queue
[2025-12-16T12:44:32.192+0530] {logging_mixin.py:190} INFO - [2025-12-16T12:44:32.192+0530] {dagbag.py:588} INFO - Filling up the DagBag from /home/sneha/spotify_airflow_project/venv/lib/python3.12/site-packages/airflow/example_dags/example_external_task_marker_dag.py
[2025-12-16T12:44:32.198+0530] {processor.py:925} INFO - DAG(s) 'example_external_task_marker_parent', 'example_external_task_marker_child' retrieved from /home/sneha/spotify_airflow_project/venv/lib/python3.12/site-packages/airflow/example_dags/example_external_task_marker_dag.py
[2025-12-16T12:44:32.220+0530] {logging_mixin.py:190} INFO - [2025-12-16T12:44:32.220+0530] {dag.py:3239} INFO - Sync 2 DAGs
[2025-12-16T12:44:32.233+0530] {logging_mixin.py:190} INFO - [2025-12-16T12:44:32.233+0530] {dag.py:4180} INFO - Setting next_dagrun for example_external_task_marker_child to None, run_after=None
[2025-12-16T12:44:32.236+0530] {logging_mixin.py:190} INFO - [2025-12-16T12:44:32.236+0530] {dag.py:4180} INFO - Setting next_dagrun for example_external_task_marker_parent to None, run_after=None
[2025-12-16T12:44:32.255+0530] {processor.py:208} INFO - Processing /home/sneha/spotify_airflow_project/venv/lib/python3.12/site-packages/airflow/example_dags/example_external_task_marker_dag.py took 0.074 seconds
[2025-12-16T12:45:44.176+0530] {processor.py:186} INFO - Started process (PID=33982) to work on /home/sneha/spotify_airflow_project/venv/lib/python3.12/site-packages/airflow/example_dags/example_external_task_marker_dag.py
[2025-12-16T12:45:44.177+0530] {processor.py:914} INFO - Processing file /home/sneha/spotify_airflow_project/venv/lib/python3.12/site-packages/airflow/example_dags/example_external_task_marker_dag.py for tasks to queue
[2025-12-16T12:45:44.179+0530] {logging_mixin.py:190} INFO - [2025-12-16T12:45:44.178+0530] {dagbag.py:588} INFO - Filling up the DagBag from /home/sneha/spotify_airflow_project/venv/lib/python3.12/site-packages/airflow/example_dags/example_external_task_marker_dag.py
[2025-12-16T12:45:44.187+0530] {processor.py:925} INFO - DAG(s) 'example_external_task_marker_parent', 'example_external_task_marker_child' retrieved from /home/sneha/spotify_airflow_project/venv/lib/python3.12/site-packages/airflow/example_dags/example_external_task_marker_dag.py
[2025-12-16T12:45:44.211+0530] {logging_mixin.py:190} INFO - [2025-12-16T12:45:44.210+0530] {dag.py:3239} INFO - Sync 2 DAGs
[2025-12-16T12:45:44.226+0530] {logging_mixin.py:190} INFO - [2025-12-16T12:45:44.226+0530] {dag.py:4180} INFO - Setting next_dagrun for example_external_task_marker_child to None, run_after=None
[2025-12-16T12:45:44.231+0530] {logging_mixin.py:190} INFO - [2025-12-16T12:45:44.230+0530] {dag.py:4180} INFO - Setting next_dagrun for example_external_task_marker_parent to None, run_after=None
[2025-12-16T12:45:44.253+0530] {processor.py:208} INFO - Processing /home/sneha/spotify_airflow_project/venv/lib/python3.12/site-packages/airflow/example_dags/example_external_task_marker_dag.py took 0.085 seconds
[2025-12-16T12:46:41.692+0530] {processor.py:186} INFO - Started process (PID=34042) to work on /home/sneha/spotify_airflow_project/venv/lib/python3.12/site-packages/airflow/example_dags/example_external_task_marker_dag.py
[2025-12-16T12:46:41.694+0530] {processor.py:914} INFO - Processing file /home/sneha/spotify_airflow_project/venv/lib/python3.12/site-packages/airflow/example_dags/example_external_task_marker_dag.py for tasks to queue
[2025-12-16T12:46:41.695+0530] {logging_mixin.py:190} INFO - [2025-12-16T12:46:41.695+0530] {dagbag.py:588} INFO - Filling up the DagBag from /home/sneha/spotify_airflow_project/venv/lib/python3.12/site-packages/airflow/example_dags/example_external_task_marker_dag.py
[2025-12-16T12:46:41.701+0530] {processor.py:925} INFO - DAG(s) 'example_external_task_marker_parent', 'example_external_task_marker_child' retrieved from /home/sneha/spotify_airflow_project/venv/lib/python3.12/site-packages/airflow/example_dags/example_external_task_marker_dag.py
[2025-12-16T12:46:41.720+0530] {logging_mixin.py:190} INFO - [2025-12-16T12:46:41.720+0530] {dag.py:3239} INFO - Sync 2 DAGs
[2025-12-16T12:46:41.731+0530] {logging_mixin.py:190} INFO - [2025-12-16T12:46:41.731+0530] {dag.py:4180} INFO - Setting next_dagrun for example_external_task_marker_child to None, run_after=None
[2025-12-16T12:46:41.734+0530] {logging_mixin.py:190} INFO - [2025-12-16T12:46:41.734+0530] {dag.py:4180} INFO - Setting next_dagrun for example_external_task_marker_parent to None, run_after=None
[2025-12-16T12:46:41.749+0530] {processor.py:208} INFO - Processing /home/sneha/spotify_airflow_project/venv/lib/python3.12/site-packages/airflow/example_dags/example_external_task_marker_dag.py took 0.064 seconds
[2025-12-16T12:47:45.509+0530] {processor.py:186} INFO - Started process (PID=34130) to work on /home/sneha/spotify_airflow_project/venv/lib/python3.12/site-packages/airflow/example_dags/example_external_task_marker_dag.py
[2025-12-16T12:47:45.510+0530] {processor.py:914} INFO - Processing file /home/sneha/spotify_airflow_project/venv/lib/python3.12/site-packages/airflow/example_dags/example_external_task_marker_dag.py for tasks to queue
[2025-12-16T12:47:45.512+0530] {logging_mixin.py:190} INFO - [2025-12-16T12:47:45.511+0530] {dagbag.py:588} INFO - Filling up the DagBag from /home/sneha/spotify_airflow_project/venv/lib/python3.12/site-packages/airflow/example_dags/example_external_task_marker_dag.py
[2025-12-16T12:47:45.519+0530] {processor.py:925} INFO - DAG(s) 'example_external_task_marker_parent', 'example_external_task_marker_child' retrieved from /home/sneha/spotify_airflow_project/venv/lib/python3.12/site-packages/airflow/example_dags/example_external_task_marker_dag.py
[2025-12-16T12:47:45.546+0530] {logging_mixin.py:190} INFO - [2025-12-16T12:47:45.545+0530] {dag.py:3239} INFO - Sync 2 DAGs
[2025-12-16T12:47:45.561+0530] {logging_mixin.py:190} INFO - [2025-12-16T12:47:45.560+0530] {dag.py:4180} INFO - Setting next_dagrun for example_external_task_marker_child to None, run_after=None
[2025-12-16T12:47:45.564+0530] {logging_mixin.py:190} INFO - [2025-12-16T12:47:45.564+0530] {dag.py:4180} INFO - Setting next_dagrun for example_external_task_marker_parent to None, run_after=None
[2025-12-16T12:47:45.585+0530] {processor.py:208} INFO - Processing /home/sneha/spotify_airflow_project/venv/lib/python3.12/site-packages/airflow/example_dags/example_external_task_marker_dag.py took 0.084 seconds
[2025-12-16T12:48:41.761+0530] {processor.py:186} INFO - Started process (PID=34192) to work on /home/sneha/spotify_airflow_project/venv/lib/python3.12/site-packages/airflow/example_dags/example_external_task_marker_dag.py
[2025-12-16T12:48:41.763+0530] {processor.py:914} INFO - Processing file /home/sneha/spotify_airflow_project/venv/lib/python3.12/site-packages/airflow/example_dags/example_external_task_marker_dag.py for tasks to queue
[2025-12-16T12:48:41.764+0530] {logging_mixin.py:190} INFO - [2025-12-16T12:48:41.763+0530] {dagbag.py:588} INFO - Filling up the DagBag from /home/sneha/spotify_airflow_project/venv/lib/python3.12/site-packages/airflow/example_dags/example_external_task_marker_dag.py
[2025-12-16T12:48:41.769+0530] {processor.py:925} INFO - DAG(s) 'example_external_task_marker_child', 'example_external_task_marker_parent' retrieved from /home/sneha/spotify_airflow_project/venv/lib/python3.12/site-packages/airflow/example_dags/example_external_task_marker_dag.py
[2025-12-16T12:48:41.788+0530] {logging_mixin.py:190} INFO - [2025-12-16T12:48:41.788+0530] {dag.py:3239} INFO - Sync 2 DAGs
[2025-12-16T12:48:41.800+0530] {logging_mixin.py:190} INFO - [2025-12-16T12:48:41.800+0530] {dag.py:4180} INFO - Setting next_dagrun for example_external_task_marker_child to None, run_after=None
[2025-12-16T12:48:41.803+0530] {logging_mixin.py:190} INFO - [2025-12-16T12:48:41.803+0530] {dag.py:4180} INFO - Setting next_dagrun for example_external_task_marker_parent to None, run_after=None
[2025-12-16T12:48:41.820+0530] {processor.py:208} INFO - Processing /home/sneha/spotify_airflow_project/venv/lib/python3.12/site-packages/airflow/example_dags/example_external_task_marker_dag.py took 0.067 seconds
[2025-12-16T12:49:38.711+0530] {processor.py:186} INFO - Started process (PID=34255) to work on /home/sneha/spotify_airflow_project/venv/lib/python3.12/site-packages/airflow/example_dags/example_external_task_marker_dag.py
[2025-12-16T12:49:38.713+0530] {processor.py:914} INFO - Processing file /home/sneha/spotify_airflow_project/venv/lib/python3.12/site-packages/airflow/example_dags/example_external_task_marker_dag.py for tasks to queue
[2025-12-16T12:49:38.714+0530] {logging_mixin.py:190} INFO - [2025-12-16T12:49:38.714+0530] {dagbag.py:588} INFO - Filling up the DagBag from /home/sneha/spotify_airflow_project/venv/lib/python3.12/site-packages/airflow/example_dags/example_external_task_marker_dag.py
[2025-12-16T12:49:38.720+0530] {processor.py:925} INFO - DAG(s) 'example_external_task_marker_child', 'example_external_task_marker_parent' retrieved from /home/sneha/spotify_airflow_project/venv/lib/python3.12/site-packages/airflow/example_dags/example_external_task_marker_dag.py
[2025-12-16T12:49:38.741+0530] {logging_mixin.py:190} INFO - [2025-12-16T12:49:38.741+0530] {dag.py:3239} INFO - Sync 2 DAGs
[2025-12-16T12:49:38.754+0530] {logging_mixin.py:190} INFO - [2025-12-16T12:49:38.754+0530] {dag.py:4180} INFO - Setting next_dagrun for example_external_task_marker_child to None, run_after=None
[2025-12-16T12:49:38.757+0530] {logging_mixin.py:190} INFO - [2025-12-16T12:49:38.757+0530] {dag.py:4180} INFO - Setting next_dagrun for example_external_task_marker_parent to None, run_after=None
[2025-12-16T12:49:38.774+0530] {processor.py:208} INFO - Processing /home/sneha/spotify_airflow_project/venv/lib/python3.12/site-packages/airflow/example_dags/example_external_task_marker_dag.py took 0.069 seconds
[2025-12-16T12:50:34.990+0530] {processor.py:186} INFO - Started process (PID=34436) to work on /home/sneha/spotify_airflow_project/venv/lib/python3.12/site-packages/airflow/example_dags/example_external_task_marker_dag.py
[2025-12-16T12:50:34.992+0530] {processor.py:914} INFO - Processing file /home/sneha/spotify_airflow_project/venv/lib/python3.12/site-packages/airflow/example_dags/example_external_task_marker_dag.py for tasks to queue
[2025-12-16T12:50:34.993+0530] {logging_mixin.py:190} INFO - [2025-12-16T12:50:34.993+0530] {dagbag.py:588} INFO - Filling up the DagBag from /home/sneha/spotify_airflow_project/venv/lib/python3.12/site-packages/airflow/example_dags/example_external_task_marker_dag.py
[2025-12-16T12:50:35.000+0530] {processor.py:925} INFO - DAG(s) 'example_external_task_marker_child', 'example_external_task_marker_parent' retrieved from /home/sneha/spotify_airflow_project/venv/lib/python3.12/site-packages/airflow/example_dags/example_external_task_marker_dag.py
[2025-12-16T12:50:35.020+0530] {logging_mixin.py:190} INFO - [2025-12-16T12:50:35.020+0530] {dag.py:3239} INFO - Sync 2 DAGs
[2025-12-16T12:50:35.032+0530] {logging_mixin.py:190} INFO - [2025-12-16T12:50:35.032+0530] {dag.py:4180} INFO - Setting next_dagrun for example_external_task_marker_child to None, run_after=None
[2025-12-16T12:50:35.034+0530] {logging_mixin.py:190} INFO - [2025-12-16T12:50:35.034+0530] {dag.py:4180} INFO - Setting next_dagrun for example_external_task_marker_parent to None, run_after=None
[2025-12-16T12:50:35.051+0530] {processor.py:208} INFO - Processing /home/sneha/spotify_airflow_project/venv/lib/python3.12/site-packages/airflow/example_dags/example_external_task_marker_dag.py took 0.068 seconds
[2025-12-16T12:51:33.645+0530] {processor.py:186} INFO - Started process (PID=34568) to work on /home/sneha/spotify_airflow_project/venv/lib/python3.12/site-packages/airflow/example_dags/example_external_task_marker_dag.py
[2025-12-16T12:51:33.646+0530] {processor.py:914} INFO - Processing file /home/sneha/spotify_airflow_project/venv/lib/python3.12/site-packages/airflow/example_dags/example_external_task_marker_dag.py for tasks to queue
[2025-12-16T12:51:33.648+0530] {logging_mixin.py:190} INFO - [2025-12-16T12:51:33.647+0530] {dagbag.py:588} INFO - Filling up the DagBag from /home/sneha/spotify_airflow_project/venv/lib/python3.12/site-packages/airflow/example_dags/example_external_task_marker_dag.py
[2025-12-16T12:51:33.654+0530] {processor.py:925} INFO - DAG(s) 'example_external_task_marker_child', 'example_external_task_marker_parent' retrieved from /home/sneha/spotify_airflow_project/venv/lib/python3.12/site-packages/airflow/example_dags/example_external_task_marker_dag.py
[2025-12-16T12:51:33.680+0530] {logging_mixin.py:190} INFO - [2025-12-16T12:51:33.679+0530] {dag.py:3239} INFO - Sync 2 DAGs
[2025-12-16T12:51:33.696+0530] {logging_mixin.py:190} INFO - [2025-12-16T12:51:33.696+0530] {dag.py:4180} INFO - Setting next_dagrun for example_external_task_marker_child to None, run_after=None
[2025-12-16T12:51:33.701+0530] {logging_mixin.py:190} INFO - [2025-12-16T12:51:33.701+0530] {dag.py:4180} INFO - Setting next_dagrun for example_external_task_marker_parent to None, run_after=None
[2025-12-16T12:51:33.722+0530] {processor.py:208} INFO - Processing /home/sneha/spotify_airflow_project/venv/lib/python3.12/site-packages/airflow/example_dags/example_external_task_marker_dag.py took 0.084 seconds
[2025-12-16T12:52:48.995+0530] {processor.py:186} INFO - Started process (PID=35424) to work on /home/sneha/spotify_airflow_project/venv/lib/python3.12/site-packages/airflow/example_dags/example_external_task_marker_dag.py
[2025-12-16T12:52:48.996+0530] {processor.py:914} INFO - Processing file /home/sneha/spotify_airflow_project/venv/lib/python3.12/site-packages/airflow/example_dags/example_external_task_marker_dag.py for tasks to queue
[2025-12-16T12:52:48.998+0530] {logging_mixin.py:190} INFO - [2025-12-16T12:52:48.997+0530] {dagbag.py:588} INFO - Filling up the DagBag from /home/sneha/spotify_airflow_project/venv/lib/python3.12/site-packages/airflow/example_dags/example_external_task_marker_dag.py
[2025-12-16T12:52:49.003+0530] {processor.py:925} INFO - DAG(s) 'example_external_task_marker_parent', 'example_external_task_marker_child' retrieved from /home/sneha/spotify_airflow_project/venv/lib/python3.12/site-packages/airflow/example_dags/example_external_task_marker_dag.py
[2025-12-16T12:52:49.023+0530] {logging_mixin.py:190} INFO - [2025-12-16T12:52:49.023+0530] {dag.py:3239} INFO - Sync 2 DAGs
[2025-12-16T12:52:49.036+0530] {logging_mixin.py:190} INFO - [2025-12-16T12:52:49.035+0530] {dag.py:4180} INFO - Setting next_dagrun for example_external_task_marker_child to None, run_after=None
[2025-12-16T12:52:49.038+0530] {logging_mixin.py:190} INFO - [2025-12-16T12:52:49.038+0530] {dag.py:4180} INFO - Setting next_dagrun for example_external_task_marker_parent to None, run_after=None
[2025-12-16T12:52:49.058+0530] {processor.py:208} INFO - Processing /home/sneha/spotify_airflow_project/venv/lib/python3.12/site-packages/airflow/example_dags/example_external_task_marker_dag.py took 0.069 seconds
[2025-12-16T12:53:46.012+0530] {processor.py:186} INFO - Started process (PID=35846) to work on /home/sneha/spotify_airflow_project/venv/lib/python3.12/site-packages/airflow/example_dags/example_external_task_marker_dag.py
[2025-12-16T12:53:46.014+0530] {processor.py:914} INFO - Processing file /home/sneha/spotify_airflow_project/venv/lib/python3.12/site-packages/airflow/example_dags/example_external_task_marker_dag.py for tasks to queue
[2025-12-16T12:53:46.016+0530] {logging_mixin.py:190} INFO - [2025-12-16T12:53:46.015+0530] {dagbag.py:588} INFO - Filling up the DagBag from /home/sneha/spotify_airflow_project/venv/lib/python3.12/site-packages/airflow/example_dags/example_external_task_marker_dag.py
[2025-12-16T12:53:46.022+0530] {processor.py:925} INFO - DAG(s) 'example_external_task_marker_parent', 'example_external_task_marker_child' retrieved from /home/sneha/spotify_airflow_project/venv/lib/python3.12/site-packages/airflow/example_dags/example_external_task_marker_dag.py
[2025-12-16T12:53:46.042+0530] {logging_mixin.py:190} INFO - [2025-12-16T12:53:46.042+0530] {dag.py:3239} INFO - Sync 2 DAGs
[2025-12-16T12:53:46.055+0530] {logging_mixin.py:190} INFO - [2025-12-16T12:53:46.054+0530] {dag.py:4180} INFO - Setting next_dagrun for example_external_task_marker_child to None, run_after=None
[2025-12-16T12:53:46.057+0530] {logging_mixin.py:190} INFO - [2025-12-16T12:53:46.057+0530] {dag.py:4180} INFO - Setting next_dagrun for example_external_task_marker_parent to None, run_after=None
[2025-12-16T12:53:46.077+0530] {processor.py:208} INFO - Processing /home/sneha/spotify_airflow_project/venv/lib/python3.12/site-packages/airflow/example_dags/example_external_task_marker_dag.py took 0.071 seconds
[2025-12-16T12:54:41.126+0530] {processor.py:186} INFO - Started process (PID=36233) to work on /home/sneha/spotify_airflow_project/venv/lib/python3.12/site-packages/airflow/example_dags/example_external_task_marker_dag.py
[2025-12-16T12:54:41.127+0530] {processor.py:914} INFO - Processing file /home/sneha/spotify_airflow_project/venv/lib/python3.12/site-packages/airflow/example_dags/example_external_task_marker_dag.py for tasks to queue
[2025-12-16T12:54:41.128+0530] {logging_mixin.py:190} INFO - [2025-12-16T12:54:41.128+0530] {dagbag.py:588} INFO - Filling up the DagBag from /home/sneha/spotify_airflow_project/venv/lib/python3.12/site-packages/airflow/example_dags/example_external_task_marker_dag.py
[2025-12-16T12:54:41.134+0530] {processor.py:925} INFO - DAG(s) 'example_external_task_marker_parent', 'example_external_task_marker_child' retrieved from /home/sneha/spotify_airflow_project/venv/lib/python3.12/site-packages/airflow/example_dags/example_external_task_marker_dag.py
[2025-12-16T12:54:41.155+0530] {logging_mixin.py:190} INFO - [2025-12-16T12:54:41.155+0530] {dag.py:3239} INFO - Sync 2 DAGs
[2025-12-16T12:54:41.167+0530] {logging_mixin.py:190} INFO - [2025-12-16T12:54:41.166+0530] {dag.py:4180} INFO - Setting next_dagrun for example_external_task_marker_child to None, run_after=None
[2025-12-16T12:54:41.170+0530] {logging_mixin.py:190} INFO - [2025-12-16T12:54:41.169+0530] {dag.py:4180} INFO - Setting next_dagrun for example_external_task_marker_parent to None, run_after=None
[2025-12-16T12:54:41.186+0530] {processor.py:208} INFO - Processing /home/sneha/spotify_airflow_project/venv/lib/python3.12/site-packages/airflow/example_dags/example_external_task_marker_dag.py took 0.067 seconds
[2025-12-16T12:55:37.369+0530] {processor.py:186} INFO - Started process (PID=36628) to work on /home/sneha/spotify_airflow_project/venv/lib/python3.12/site-packages/airflow/example_dags/example_external_task_marker_dag.py
[2025-12-16T12:55:37.370+0530] {processor.py:914} INFO - Processing file /home/sneha/spotify_airflow_project/venv/lib/python3.12/site-packages/airflow/example_dags/example_external_task_marker_dag.py for tasks to queue
[2025-12-16T12:55:37.371+0530] {logging_mixin.py:190} INFO - [2025-12-16T12:55:37.371+0530] {dagbag.py:588} INFO - Filling up the DagBag from /home/sneha/spotify_airflow_project/venv/lib/python3.12/site-packages/airflow/example_dags/example_external_task_marker_dag.py
[2025-12-16T12:55:37.376+0530] {processor.py:925} INFO - DAG(s) 'example_external_task_marker_parent', 'example_external_task_marker_child' retrieved from /home/sneha/spotify_airflow_project/venv/lib/python3.12/site-packages/airflow/example_dags/example_external_task_marker_dag.py
[2025-12-16T12:55:37.397+0530] {logging_mixin.py:190} INFO - [2025-12-16T12:55:37.397+0530] {dag.py:3239} INFO - Sync 2 DAGs
[2025-12-16T12:55:37.409+0530] {logging_mixin.py:190} INFO - [2025-12-16T12:55:37.409+0530] {dag.py:4180} INFO - Setting next_dagrun for example_external_task_marker_child to None, run_after=None
[2025-12-16T12:55:37.412+0530] {logging_mixin.py:190} INFO - [2025-12-16T12:55:37.411+0530] {dag.py:4180} INFO - Setting next_dagrun for example_external_task_marker_parent to None, run_after=None
[2025-12-16T12:55:37.428+0530] {processor.py:208} INFO - Processing /home/sneha/spotify_airflow_project/venv/lib/python3.12/site-packages/airflow/example_dags/example_external_task_marker_dag.py took 0.068 seconds
[2025-12-16T12:56:32.638+0530] {processor.py:186} INFO - Started process (PID=37014) to work on /home/sneha/spotify_airflow_project/venv/lib/python3.12/site-packages/airflow/example_dags/example_external_task_marker_dag.py
[2025-12-16T12:56:32.639+0530] {processor.py:914} INFO - Processing file /home/sneha/spotify_airflow_project/venv/lib/python3.12/site-packages/airflow/example_dags/example_external_task_marker_dag.py for tasks to queue
[2025-12-16T12:56:32.641+0530] {logging_mixin.py:190} INFO - [2025-12-16T12:56:32.640+0530] {dagbag.py:588} INFO - Filling up the DagBag from /home/sneha/spotify_airflow_project/venv/lib/python3.12/site-packages/airflow/example_dags/example_external_task_marker_dag.py
[2025-12-16T12:56:32.646+0530] {processor.py:925} INFO - DAG(s) 'example_external_task_marker_parent', 'example_external_task_marker_child' retrieved from /home/sneha/spotify_airflow_project/venv/lib/python3.12/site-packages/airflow/example_dags/example_external_task_marker_dag.py
[2025-12-16T12:56:32.666+0530] {logging_mixin.py:190} INFO - [2025-12-16T12:56:32.666+0530] {dag.py:3239} INFO - Sync 2 DAGs
[2025-12-16T12:56:32.678+0530] {logging_mixin.py:190} INFO - [2025-12-16T12:56:32.678+0530] {dag.py:4180} INFO - Setting next_dagrun for example_external_task_marker_child to None, run_after=None
[2025-12-16T12:56:32.681+0530] {logging_mixin.py:190} INFO - [2025-12-16T12:56:32.681+0530] {dag.py:4180} INFO - Setting next_dagrun for example_external_task_marker_parent to None, run_after=None
[2025-12-16T12:56:32.701+0530] {processor.py:208} INFO - Processing /home/sneha/spotify_airflow_project/venv/lib/python3.12/site-packages/airflow/example_dags/example_external_task_marker_dag.py took 0.070 seconds
[2025-12-16T12:57:58.791+0530] {processor.py:186} INFO - Started process (PID=37844) to work on /home/sneha/spotify_airflow_project/venv/lib/python3.12/site-packages/airflow/example_dags/example_external_task_marker_dag.py
[2025-12-16T12:57:58.792+0530] {processor.py:914} INFO - Processing file /home/sneha/spotify_airflow_project/venv/lib/python3.12/site-packages/airflow/example_dags/example_external_task_marker_dag.py for tasks to queue
[2025-12-16T12:57:58.794+0530] {logging_mixin.py:190} INFO - [2025-12-16T12:57:58.794+0530] {dagbag.py:588} INFO - Filling up the DagBag from /home/sneha/spotify_airflow_project/venv/lib/python3.12/site-packages/airflow/example_dags/example_external_task_marker_dag.py
[2025-12-16T12:57:58.806+0530] {processor.py:925} INFO - DAG(s) 'example_external_task_marker_parent', 'example_external_task_marker_child' retrieved from /home/sneha/spotify_airflow_project/venv/lib/python3.12/site-packages/airflow/example_dags/example_external_task_marker_dag.py
[2025-12-16T12:57:58.841+0530] {logging_mixin.py:190} INFO - [2025-12-16T12:57:58.841+0530] {dag.py:3239} INFO - Sync 2 DAGs
[2025-12-16T12:57:58.860+0530] {logging_mixin.py:190} INFO - [2025-12-16T12:57:58.860+0530] {dag.py:4180} INFO - Setting next_dagrun for example_external_task_marker_child to None, run_after=None
[2025-12-16T12:57:58.864+0530] {logging_mixin.py:190} INFO - [2025-12-16T12:57:58.864+0530] {dag.py:4180} INFO - Setting next_dagrun for example_external_task_marker_parent to None, run_after=None
[2025-12-16T12:57:58.895+0530] {processor.py:208} INFO - Processing /home/sneha/spotify_airflow_project/venv/lib/python3.12/site-packages/airflow/example_dags/example_external_task_marker_dag.py took 0.119 seconds
[2025-12-16T12:58:58.182+0530] {processor.py:186} INFO - Started process (PID=37951) to work on /home/sneha/spotify_airflow_project/venv/lib/python3.12/site-packages/airflow/example_dags/example_external_task_marker_dag.py
[2025-12-16T12:58:58.184+0530] {processor.py:914} INFO - Processing file /home/sneha/spotify_airflow_project/venv/lib/python3.12/site-packages/airflow/example_dags/example_external_task_marker_dag.py for tasks to queue
[2025-12-16T12:58:58.187+0530] {logging_mixin.py:190} INFO - [2025-12-16T12:58:58.186+0530] {dagbag.py:588} INFO - Filling up the DagBag from /home/sneha/spotify_airflow_project/venv/lib/python3.12/site-packages/airflow/example_dags/example_external_task_marker_dag.py
[2025-12-16T12:58:58.203+0530] {processor.py:925} INFO - DAG(s) 'example_external_task_marker_child', 'example_external_task_marker_parent' retrieved from /home/sneha/spotify_airflow_project/venv/lib/python3.12/site-packages/airflow/example_dags/example_external_task_marker_dag.py
[2025-12-16T12:58:58.247+0530] {logging_mixin.py:190} INFO - [2025-12-16T12:58:58.246+0530] {dag.py:3239} INFO - Sync 2 DAGs
[2025-12-16T12:58:58.277+0530] {logging_mixin.py:190} INFO - [2025-12-16T12:58:58.277+0530] {dag.py:4180} INFO - Setting next_dagrun for example_external_task_marker_child to None, run_after=None
[2025-12-16T12:58:58.283+0530] {logging_mixin.py:190} INFO - [2025-12-16T12:58:58.283+0530] {dag.py:4180} INFO - Setting next_dagrun for example_external_task_marker_parent to None, run_after=None
[2025-12-16T12:58:58.317+0530] {processor.py:208} INFO - Processing /home/sneha/spotify_airflow_project/venv/lib/python3.12/site-packages/airflow/example_dags/example_external_task_marker_dag.py took 0.150 seconds
[2025-12-16T12:59:57.161+0530] {processor.py:186} INFO - Started process (PID=38150) to work on /home/sneha/spotify_airflow_project/venv/lib/python3.12/site-packages/airflow/example_dags/example_external_task_marker_dag.py
[2025-12-16T12:59:57.162+0530] {processor.py:914} INFO - Processing file /home/sneha/spotify_airflow_project/venv/lib/python3.12/site-packages/airflow/example_dags/example_external_task_marker_dag.py for tasks to queue
[2025-12-16T12:59:57.163+0530] {logging_mixin.py:190} INFO - [2025-12-16T12:59:57.163+0530] {dagbag.py:588} INFO - Filling up the DagBag from /home/sneha/spotify_airflow_project/venv/lib/python3.12/site-packages/airflow/example_dags/example_external_task_marker_dag.py
[2025-12-16T12:59:57.169+0530] {processor.py:925} INFO - DAG(s) 'example_external_task_marker_parent', 'example_external_task_marker_child' retrieved from /home/sneha/spotify_airflow_project/venv/lib/python3.12/site-packages/airflow/example_dags/example_external_task_marker_dag.py
[2025-12-16T12:59:57.192+0530] {logging_mixin.py:190} INFO - [2025-12-16T12:59:57.191+0530] {dag.py:3239} INFO - Sync 2 DAGs
[2025-12-16T12:59:57.205+0530] {logging_mixin.py:190} INFO - [2025-12-16T12:59:57.205+0530] {dag.py:4180} INFO - Setting next_dagrun for example_external_task_marker_child to None, run_after=None
[2025-12-16T12:59:57.208+0530] {logging_mixin.py:190} INFO - [2025-12-16T12:59:57.207+0530] {dag.py:4180} INFO - Setting next_dagrun for example_external_task_marker_parent to None, run_after=None
[2025-12-16T12:59:57.225+0530] {processor.py:208} INFO - Processing /home/sneha/spotify_airflow_project/venv/lib/python3.12/site-packages/airflow/example_dags/example_external_task_marker_dag.py took 0.073 seconds
