[2025-12-16T10:50:06.845+0530] {processor.py:186} INFO - Started process (PID=7161) to work on /home/sneha/spotify_airflow_project/venv/lib/python3.12/site-packages/airflow/example_dags/example_setup_teardown_taskflow.py
[2025-12-16T10:50:06.846+0530] {processor.py:914} INFO - Processing file /home/sneha/spotify_airflow_project/venv/lib/python3.12/site-packages/airflow/example_dags/example_setup_teardown_taskflow.py for tasks to queue
[2025-12-16T10:50:06.848+0530] {logging_mixin.py:190} INFO - [2025-12-16T10:50:06.847+0530] {dagbag.py:588} INFO - Filling up the DagBag from /home/sneha/spotify_airflow_project/venv/lib/python3.12/site-packages/airflow/example_dags/example_setup_teardown_taskflow.py
[2025-12-16T10:50:06.862+0530] {processor.py:925} INFO - DAG(s) 'example_setup_teardown_taskflow' retrieved from /home/sneha/spotify_airflow_project/venv/lib/python3.12/site-packages/airflow/example_dags/example_setup_teardown_taskflow.py
[2025-12-16T10:50:06.890+0530] {logging_mixin.py:190} INFO - [2025-12-16T10:50:06.890+0530] {dag.py:3239} INFO - Sync 1 DAGs
[2025-12-16T10:50:06.905+0530] {logging_mixin.py:190} INFO - [2025-12-16T10:50:06.905+0530] {dag.py:4180} INFO - Setting next_dagrun for example_setup_teardown_taskflow to None, run_after=None
[2025-12-16T10:50:06.928+0530] {processor.py:208} INFO - Processing /home/sneha/spotify_airflow_project/venv/lib/python3.12/site-packages/airflow/example_dags/example_setup_teardown_taskflow.py took 0.089 seconds
[2025-12-16T10:55:16.516+0530] {processor.py:186} INFO - Started process (PID=7897) to work on /home/sneha/spotify_airflow_project/venv/lib/python3.12/site-packages/airflow/example_dags/example_setup_teardown_taskflow.py
[2025-12-16T10:55:16.518+0530] {processor.py:914} INFO - Processing file /home/sneha/spotify_airflow_project/venv/lib/python3.12/site-packages/airflow/example_dags/example_setup_teardown_taskflow.py for tasks to queue
[2025-12-16T10:55:16.520+0530] {logging_mixin.py:190} INFO - [2025-12-16T10:55:16.519+0530] {dagbag.py:588} INFO - Filling up the DagBag from /home/sneha/spotify_airflow_project/venv/lib/python3.12/site-packages/airflow/example_dags/example_setup_teardown_taskflow.py
[2025-12-16T10:55:16.531+0530] {processor.py:925} INFO - DAG(s) 'example_setup_teardown_taskflow' retrieved from /home/sneha/spotify_airflow_project/venv/lib/python3.12/site-packages/airflow/example_dags/example_setup_teardown_taskflow.py
[2025-12-16T10:55:16.553+0530] {logging_mixin.py:190} INFO - [2025-12-16T10:55:16.553+0530] {dag.py:3239} INFO - Sync 1 DAGs
[2025-12-16T10:55:16.566+0530] {logging_mixin.py:190} INFO - [2025-12-16T10:55:16.566+0530] {dag.py:4180} INFO - Setting next_dagrun for example_setup_teardown_taskflow to None, run_after=None
[2025-12-16T10:55:16.588+0530] {processor.py:208} INFO - Processing /home/sneha/spotify_airflow_project/venv/lib/python3.12/site-packages/airflow/example_dags/example_setup_teardown_taskflow.py took 0.081 seconds
[2025-12-16T10:56:14.124+0530] {processor.py:186} INFO - Started process (PID=8134) to work on /home/sneha/spotify_airflow_project/venv/lib/python3.12/site-packages/airflow/example_dags/example_setup_teardown_taskflow.py
[2025-12-16T10:56:14.125+0530] {processor.py:914} INFO - Processing file /home/sneha/spotify_airflow_project/venv/lib/python3.12/site-packages/airflow/example_dags/example_setup_teardown_taskflow.py for tasks to queue
[2025-12-16T10:56:14.127+0530] {logging_mixin.py:190} INFO - [2025-12-16T10:56:14.126+0530] {dagbag.py:588} INFO - Filling up the DagBag from /home/sneha/spotify_airflow_project/venv/lib/python3.12/site-packages/airflow/example_dags/example_setup_teardown_taskflow.py
[2025-12-16T10:56:14.139+0530] {processor.py:925} INFO - DAG(s) 'example_setup_teardown_taskflow' retrieved from /home/sneha/spotify_airflow_project/venv/lib/python3.12/site-packages/airflow/example_dags/example_setup_teardown_taskflow.py
[2025-12-16T10:56:14.157+0530] {logging_mixin.py:190} INFO - [2025-12-16T10:56:14.156+0530] {dag.py:3239} INFO - Sync 1 DAGs
[2025-12-16T10:56:14.170+0530] {logging_mixin.py:190} INFO - [2025-12-16T10:56:14.169+0530] {dag.py:4180} INFO - Setting next_dagrun for example_setup_teardown_taskflow to None, run_after=None
[2025-12-16T10:56:14.188+0530] {processor.py:208} INFO - Processing /home/sneha/spotify_airflow_project/venv/lib/python3.12/site-packages/airflow/example_dags/example_setup_teardown_taskflow.py took 0.073 seconds
[2025-12-16T10:57:10.339+0530] {processor.py:186} INFO - Started process (PID=8346) to work on /home/sneha/spotify_airflow_project/venv/lib/python3.12/site-packages/airflow/example_dags/example_setup_teardown_taskflow.py
[2025-12-16T10:57:10.340+0530] {processor.py:914} INFO - Processing file /home/sneha/spotify_airflow_project/venv/lib/python3.12/site-packages/airflow/example_dags/example_setup_teardown_taskflow.py for tasks to queue
[2025-12-16T10:57:10.341+0530] {logging_mixin.py:190} INFO - [2025-12-16T10:57:10.341+0530] {dagbag.py:588} INFO - Filling up the DagBag from /home/sneha/spotify_airflow_project/venv/lib/python3.12/site-packages/airflow/example_dags/example_setup_teardown_taskflow.py
[2025-12-16T10:57:10.352+0530] {processor.py:925} INFO - DAG(s) 'example_setup_teardown_taskflow' retrieved from /home/sneha/spotify_airflow_project/venv/lib/python3.12/site-packages/airflow/example_dags/example_setup_teardown_taskflow.py
[2025-12-16T10:57:10.370+0530] {logging_mixin.py:190} INFO - [2025-12-16T10:57:10.369+0530] {dag.py:3239} INFO - Sync 1 DAGs
[2025-12-16T10:57:10.382+0530] {logging_mixin.py:190} INFO - [2025-12-16T10:57:10.382+0530] {dag.py:4180} INFO - Setting next_dagrun for example_setup_teardown_taskflow to None, run_after=None
[2025-12-16T10:57:10.400+0530] {processor.py:208} INFO - Processing /home/sneha/spotify_airflow_project/venv/lib/python3.12/site-packages/airflow/example_dags/example_setup_teardown_taskflow.py took 0.068 seconds
[2025-12-16T11:07:21.445+0530] {processor.py:186} INFO - Started process (PID=21562) to work on /home/sneha/spotify_airflow_project/venv/lib/python3.12/site-packages/airflow/example_dags/example_setup_teardown_taskflow.py
[2025-12-16T11:07:21.446+0530] {processor.py:914} INFO - Processing file /home/sneha/spotify_airflow_project/venv/lib/python3.12/site-packages/airflow/example_dags/example_setup_teardown_taskflow.py for tasks to queue
[2025-12-16T11:07:21.450+0530] {logging_mixin.py:190} INFO - [2025-12-16T11:07:21.449+0530] {dagbag.py:588} INFO - Filling up the DagBag from /home/sneha/spotify_airflow_project/venv/lib/python3.12/site-packages/airflow/example_dags/example_setup_teardown_taskflow.py
[2025-12-16T11:07:21.465+0530] {processor.py:925} INFO - DAG(s) 'example_setup_teardown_taskflow' retrieved from /home/sneha/spotify_airflow_project/venv/lib/python3.12/site-packages/airflow/example_dags/example_setup_teardown_taskflow.py
[2025-12-16T11:07:21.495+0530] {logging_mixin.py:190} INFO - [2025-12-16T11:07:21.494+0530] {dag.py:3239} INFO - Sync 1 DAGs
[2025-12-16T11:07:21.510+0530] {logging_mixin.py:190} INFO - [2025-12-16T11:07:21.510+0530] {dag.py:4180} INFO - Setting next_dagrun for example_setup_teardown_taskflow to None, run_after=None
[2025-12-16T11:07:21.538+0530] {processor.py:208} INFO - Processing /home/sneha/spotify_airflow_project/venv/lib/python3.12/site-packages/airflow/example_dags/example_setup_teardown_taskflow.py took 0.101 seconds
[2025-12-16T11:08:19.854+0530] {processor.py:186} INFO - Started process (PID=21760) to work on /home/sneha/spotify_airflow_project/venv/lib/python3.12/site-packages/airflow/example_dags/example_setup_teardown_taskflow.py
[2025-12-16T11:08:19.855+0530] {processor.py:914} INFO - Processing file /home/sneha/spotify_airflow_project/venv/lib/python3.12/site-packages/airflow/example_dags/example_setup_teardown_taskflow.py for tasks to queue
[2025-12-16T11:08:19.858+0530] {logging_mixin.py:190} INFO - [2025-12-16T11:08:19.857+0530] {dagbag.py:588} INFO - Filling up the DagBag from /home/sneha/spotify_airflow_project/venv/lib/python3.12/site-packages/airflow/example_dags/example_setup_teardown_taskflow.py
[2025-12-16T11:08:19.868+0530] {processor.py:925} INFO - DAG(s) 'example_setup_teardown_taskflow' retrieved from /home/sneha/spotify_airflow_project/venv/lib/python3.12/site-packages/airflow/example_dags/example_setup_teardown_taskflow.py
[2025-12-16T11:08:19.888+0530] {logging_mixin.py:190} INFO - [2025-12-16T11:08:19.888+0530] {dag.py:3239} INFO - Sync 1 DAGs
[2025-12-16T11:08:19.903+0530] {logging_mixin.py:190} INFO - [2025-12-16T11:08:19.903+0530] {dag.py:4180} INFO - Setting next_dagrun for example_setup_teardown_taskflow to None, run_after=None
[2025-12-16T11:08:19.926+0530] {processor.py:208} INFO - Processing /home/sneha/spotify_airflow_project/venv/lib/python3.12/site-packages/airflow/example_dags/example_setup_teardown_taskflow.py took 0.080 seconds
[2025-12-16T11:09:20.812+0530] {processor.py:186} INFO - Started process (PID=21954) to work on /home/sneha/spotify_airflow_project/venv/lib/python3.12/site-packages/airflow/example_dags/example_setup_teardown_taskflow.py
[2025-12-16T11:09:20.813+0530] {processor.py:914} INFO - Processing file /home/sneha/spotify_airflow_project/venv/lib/python3.12/site-packages/airflow/example_dags/example_setup_teardown_taskflow.py for tasks to queue
[2025-12-16T11:09:20.815+0530] {logging_mixin.py:190} INFO - [2025-12-16T11:09:20.814+0530] {dagbag.py:588} INFO - Filling up the DagBag from /home/sneha/spotify_airflow_project/venv/lib/python3.12/site-packages/airflow/example_dags/example_setup_teardown_taskflow.py
[2025-12-16T11:09:20.824+0530] {processor.py:925} INFO - DAG(s) 'example_setup_teardown_taskflow' retrieved from /home/sneha/spotify_airflow_project/venv/lib/python3.12/site-packages/airflow/example_dags/example_setup_teardown_taskflow.py
[2025-12-16T11:09:20.840+0530] {logging_mixin.py:190} INFO - [2025-12-16T11:09:20.840+0530] {dag.py:3239} INFO - Sync 1 DAGs
[2025-12-16T11:09:20.851+0530] {logging_mixin.py:190} INFO - [2025-12-16T11:09:20.851+0530] {dag.py:4180} INFO - Setting next_dagrun for example_setup_teardown_taskflow to None, run_after=None
[2025-12-16T11:09:20.869+0530] {processor.py:208} INFO - Processing /home/sneha/spotify_airflow_project/venv/lib/python3.12/site-packages/airflow/example_dags/example_setup_teardown_taskflow.py took 0.068 seconds
[2025-12-16T11:10:18.405+0530] {processor.py:186} INFO - Started process (PID=22017) to work on /home/sneha/spotify_airflow_project/venv/lib/python3.12/site-packages/airflow/example_dags/example_setup_teardown_taskflow.py
[2025-12-16T11:10:18.406+0530] {processor.py:914} INFO - Processing file /home/sneha/spotify_airflow_project/venv/lib/python3.12/site-packages/airflow/example_dags/example_setup_teardown_taskflow.py for tasks to queue
[2025-12-16T11:10:18.408+0530] {logging_mixin.py:190} INFO - [2025-12-16T11:10:18.407+0530] {dagbag.py:588} INFO - Filling up the DagBag from /home/sneha/spotify_airflow_project/venv/lib/python3.12/site-packages/airflow/example_dags/example_setup_teardown_taskflow.py
[2025-12-16T11:10:18.417+0530] {processor.py:925} INFO - DAG(s) 'example_setup_teardown_taskflow' retrieved from /home/sneha/spotify_airflow_project/venv/lib/python3.12/site-packages/airflow/example_dags/example_setup_teardown_taskflow.py
[2025-12-16T11:10:18.434+0530] {logging_mixin.py:190} INFO - [2025-12-16T11:10:18.434+0530] {dag.py:3239} INFO - Sync 1 DAGs
[2025-12-16T11:10:18.445+0530] {logging_mixin.py:190} INFO - [2025-12-16T11:10:18.445+0530] {dag.py:4180} INFO - Setting next_dagrun for example_setup_teardown_taskflow to None, run_after=None
[2025-12-16T11:10:18.463+0530] {processor.py:208} INFO - Processing /home/sneha/spotify_airflow_project/venv/lib/python3.12/site-packages/airflow/example_dags/example_setup_teardown_taskflow.py took 0.069 seconds
[2025-12-16T11:11:12.875+0530] {processor.py:186} INFO - Started process (PID=22077) to work on /home/sneha/spotify_airflow_project/venv/lib/python3.12/site-packages/airflow/example_dags/example_setup_teardown_taskflow.py
[2025-12-16T11:11:12.876+0530] {processor.py:914} INFO - Processing file /home/sneha/spotify_airflow_project/venv/lib/python3.12/site-packages/airflow/example_dags/example_setup_teardown_taskflow.py for tasks to queue
[2025-12-16T11:11:12.878+0530] {logging_mixin.py:190} INFO - [2025-12-16T11:11:12.877+0530] {dagbag.py:588} INFO - Filling up the DagBag from /home/sneha/spotify_airflow_project/venv/lib/python3.12/site-packages/airflow/example_dags/example_setup_teardown_taskflow.py
[2025-12-16T11:11:12.887+0530] {processor.py:925} INFO - DAG(s) 'example_setup_teardown_taskflow' retrieved from /home/sneha/spotify_airflow_project/venv/lib/python3.12/site-packages/airflow/example_dags/example_setup_teardown_taskflow.py
[2025-12-16T11:11:12.904+0530] {logging_mixin.py:190} INFO - [2025-12-16T11:11:12.904+0530] {dag.py:3239} INFO - Sync 1 DAGs
[2025-12-16T11:11:12.916+0530] {logging_mixin.py:190} INFO - [2025-12-16T11:11:12.915+0530] {dag.py:4180} INFO - Setting next_dagrun for example_setup_teardown_taskflow to None, run_after=None
[2025-12-16T11:11:12.932+0530] {processor.py:208} INFO - Processing /home/sneha/spotify_airflow_project/venv/lib/python3.12/site-packages/airflow/example_dags/example_setup_teardown_taskflow.py took 0.069 seconds
[2025-12-16T11:12:12.133+0530] {processor.py:186} INFO - Started process (PID=22160) to work on /home/sneha/spotify_airflow_project/venv/lib/python3.12/site-packages/airflow/example_dags/example_setup_teardown_taskflow.py
[2025-12-16T11:12:12.134+0530] {processor.py:914} INFO - Processing file /home/sneha/spotify_airflow_project/venv/lib/python3.12/site-packages/airflow/example_dags/example_setup_teardown_taskflow.py for tasks to queue
[2025-12-16T11:12:12.136+0530] {logging_mixin.py:190} INFO - [2025-12-16T11:12:12.135+0530] {dagbag.py:588} INFO - Filling up the DagBag from /home/sneha/spotify_airflow_project/venv/lib/python3.12/site-packages/airflow/example_dags/example_setup_teardown_taskflow.py
[2025-12-16T11:12:12.145+0530] {processor.py:925} INFO - DAG(s) 'example_setup_teardown_taskflow' retrieved from /home/sneha/spotify_airflow_project/venv/lib/python3.12/site-packages/airflow/example_dags/example_setup_teardown_taskflow.py
[2025-12-16T11:12:12.162+0530] {logging_mixin.py:190} INFO - [2025-12-16T11:12:12.161+0530] {dag.py:3239} INFO - Sync 1 DAGs
[2025-12-16T11:12:12.173+0530] {logging_mixin.py:190} INFO - [2025-12-16T11:12:12.173+0530] {dag.py:4180} INFO - Setting next_dagrun for example_setup_teardown_taskflow to None, run_after=None
[2025-12-16T11:12:12.309+0530] {processor.py:208} INFO - Processing /home/sneha/spotify_airflow_project/venv/lib/python3.12/site-packages/airflow/example_dags/example_setup_teardown_taskflow.py took 0.187 seconds
[2025-12-16T12:39:59.411+0530] {processor.py:186} INFO - Started process (PID=30452) to work on /home/sneha/spotify_airflow_project/venv/lib/python3.12/site-packages/airflow/example_dags/example_setup_teardown_taskflow.py
[2025-12-16T12:39:59.412+0530] {processor.py:914} INFO - Processing file /home/sneha/spotify_airflow_project/venv/lib/python3.12/site-packages/airflow/example_dags/example_setup_teardown_taskflow.py for tasks to queue
[2025-12-16T12:39:59.413+0530] {logging_mixin.py:190} INFO - [2025-12-16T12:39:59.412+0530] {dagbag.py:588} INFO - Filling up the DagBag from /home/sneha/spotify_airflow_project/venv/lib/python3.12/site-packages/airflow/example_dags/example_setup_teardown_taskflow.py
[2025-12-16T12:39:59.421+0530] {processor.py:925} INFO - DAG(s) 'example_setup_teardown_taskflow' retrieved from /home/sneha/spotify_airflow_project/venv/lib/python3.12/site-packages/airflow/example_dags/example_setup_teardown_taskflow.py
[2025-12-16T12:39:59.445+0530] {logging_mixin.py:190} INFO - [2025-12-16T12:39:59.445+0530] {dag.py:3239} INFO - Sync 1 DAGs
[2025-12-16T12:39:59.456+0530] {logging_mixin.py:190} INFO - [2025-12-16T12:39:59.456+0530] {dag.py:4180} INFO - Setting next_dagrun for example_setup_teardown_taskflow to None, run_after=None
[2025-12-16T12:39:59.475+0530] {processor.py:208} INFO - Processing /home/sneha/spotify_airflow_project/venv/lib/python3.12/site-packages/airflow/example_dags/example_setup_teardown_taskflow.py took 0.071 seconds
[2025-12-16T12:40:56.488+0530] {processor.py:186} INFO - Started process (PID=30844) to work on /home/sneha/spotify_airflow_project/venv/lib/python3.12/site-packages/airflow/example_dags/example_setup_teardown_taskflow.py
[2025-12-16T12:40:56.498+0530] {processor.py:914} INFO - Processing file /home/sneha/spotify_airflow_project/venv/lib/python3.12/site-packages/airflow/example_dags/example_setup_teardown_taskflow.py for tasks to queue
[2025-12-16T12:40:56.500+0530] {logging_mixin.py:190} INFO - [2025-12-16T12:40:56.499+0530] {dagbag.py:588} INFO - Filling up the DagBag from /home/sneha/spotify_airflow_project/venv/lib/python3.12/site-packages/airflow/example_dags/example_setup_teardown_taskflow.py
[2025-12-16T12:40:56.510+0530] {processor.py:925} INFO - DAG(s) 'example_setup_teardown_taskflow' retrieved from /home/sneha/spotify_airflow_project/venv/lib/python3.12/site-packages/airflow/example_dags/example_setup_teardown_taskflow.py
[2025-12-16T12:40:56.529+0530] {logging_mixin.py:190} INFO - [2025-12-16T12:40:56.528+0530] {dag.py:3239} INFO - Sync 1 DAGs
[2025-12-16T12:40:56.544+0530] {logging_mixin.py:190} INFO - [2025-12-16T12:40:56.543+0530] {dag.py:4180} INFO - Setting next_dagrun for example_setup_teardown_taskflow to None, run_after=None
[2025-12-16T12:40:56.564+0530] {processor.py:208} INFO - Processing /home/sneha/spotify_airflow_project/venv/lib/python3.12/site-packages/airflow/example_dags/example_setup_teardown_taskflow.py took 0.083 seconds
[2025-12-16T12:41:54.800+0530] {processor.py:186} INFO - Started process (PID=31263) to work on /home/sneha/spotify_airflow_project/venv/lib/python3.12/site-packages/airflow/example_dags/example_setup_teardown_taskflow.py
[2025-12-16T12:41:54.801+0530] {processor.py:914} INFO - Processing file /home/sneha/spotify_airflow_project/venv/lib/python3.12/site-packages/airflow/example_dags/example_setup_teardown_taskflow.py for tasks to queue
[2025-12-16T12:41:54.802+0530] {logging_mixin.py:190} INFO - [2025-12-16T12:41:54.801+0530] {dagbag.py:588} INFO - Filling up the DagBag from /home/sneha/spotify_airflow_project/venv/lib/python3.12/site-packages/airflow/example_dags/example_setup_teardown_taskflow.py
[2025-12-16T12:41:54.810+0530] {processor.py:925} INFO - DAG(s) 'example_setup_teardown_taskflow' retrieved from /home/sneha/spotify_airflow_project/venv/lib/python3.12/site-packages/airflow/example_dags/example_setup_teardown_taskflow.py
[2025-12-16T12:41:54.828+0530] {logging_mixin.py:190} INFO - [2025-12-16T12:41:54.828+0530] {dag.py:3239} INFO - Sync 1 DAGs
[2025-12-16T12:41:54.840+0530] {logging_mixin.py:190} INFO - [2025-12-16T12:41:54.840+0530] {dag.py:4180} INFO - Setting next_dagrun for example_setup_teardown_taskflow to None, run_after=None
[2025-12-16T12:41:54.861+0530] {processor.py:208} INFO - Processing /home/sneha/spotify_airflow_project/venv/lib/python3.12/site-packages/airflow/example_dags/example_setup_teardown_taskflow.py took 0.072 seconds
[2025-12-16T12:42:56.974+0530] {processor.py:186} INFO - Started process (PID=31722) to work on /home/sneha/spotify_airflow_project/venv/lib/python3.12/site-packages/airflow/example_dags/example_setup_teardown_taskflow.py
[2025-12-16T12:42:56.976+0530] {processor.py:914} INFO - Processing file /home/sneha/spotify_airflow_project/venv/lib/python3.12/site-packages/airflow/example_dags/example_setup_teardown_taskflow.py for tasks to queue
[2025-12-16T12:42:56.978+0530] {logging_mixin.py:190} INFO - [2025-12-16T12:42:56.977+0530] {dagbag.py:588} INFO - Filling up the DagBag from /home/sneha/spotify_airflow_project/venv/lib/python3.12/site-packages/airflow/example_dags/example_setup_teardown_taskflow.py
[2025-12-16T12:42:57.000+0530] {processor.py:925} INFO - DAG(s) 'example_setup_teardown_taskflow' retrieved from /home/sneha/spotify_airflow_project/venv/lib/python3.12/site-packages/airflow/example_dags/example_setup_teardown_taskflow.py
[2025-12-16T12:42:57.281+0530] {logging_mixin.py:190} INFO - [2025-12-16T12:42:57.281+0530] {dag.py:3239} INFO - Sync 1 DAGs
[2025-12-16T12:42:57.296+0530] {logging_mixin.py:190} INFO - [2025-12-16T12:42:57.296+0530] {dag.py:4180} INFO - Setting next_dagrun for example_setup_teardown_taskflow to None, run_after=None
[2025-12-16T12:42:57.319+0530] {processor.py:208} INFO - Processing /home/sneha/spotify_airflow_project/venv/lib/python3.12/site-packages/airflow/example_dags/example_setup_teardown_taskflow.py took 0.355 seconds
[2025-12-16T12:45:33.362+0530] {processor.py:186} INFO - Started process (PID=33969) to work on /home/sneha/spotify_airflow_project/venv/lib/python3.12/site-packages/airflow/example_dags/example_setup_teardown_taskflow.py
[2025-12-16T12:45:33.363+0530] {processor.py:914} INFO - Processing file /home/sneha/spotify_airflow_project/venv/lib/python3.12/site-packages/airflow/example_dags/example_setup_teardown_taskflow.py for tasks to queue
[2025-12-16T12:45:33.364+0530] {logging_mixin.py:190} INFO - [2025-12-16T12:45:33.364+0530] {dagbag.py:588} INFO - Filling up the DagBag from /home/sneha/spotify_airflow_project/venv/lib/python3.12/site-packages/airflow/example_dags/example_setup_teardown_taskflow.py
[2025-12-16T12:45:33.372+0530] {processor.py:925} INFO - DAG(s) 'example_setup_teardown_taskflow' retrieved from /home/sneha/spotify_airflow_project/venv/lib/python3.12/site-packages/airflow/example_dags/example_setup_teardown_taskflow.py
[2025-12-16T12:45:33.389+0530] {logging_mixin.py:190} INFO - [2025-12-16T12:45:33.388+0530] {dag.py:3239} INFO - Sync 1 DAGs
[2025-12-16T12:45:33.400+0530] {logging_mixin.py:190} INFO - [2025-12-16T12:45:33.399+0530] {dag.py:4180} INFO - Setting next_dagrun for example_setup_teardown_taskflow to None, run_after=None
[2025-12-16T12:45:33.416+0530] {processor.py:208} INFO - Processing /home/sneha/spotify_airflow_project/venv/lib/python3.12/site-packages/airflow/example_dags/example_setup_teardown_taskflow.py took 0.065 seconds
[2025-12-16T12:46:31.226+0530] {processor.py:186} INFO - Started process (PID=34031) to work on /home/sneha/spotify_airflow_project/venv/lib/python3.12/site-packages/airflow/example_dags/example_setup_teardown_taskflow.py
[2025-12-16T12:46:31.227+0530] {processor.py:914} INFO - Processing file /home/sneha/spotify_airflow_project/venv/lib/python3.12/site-packages/airflow/example_dags/example_setup_teardown_taskflow.py for tasks to queue
[2025-12-16T12:46:31.228+0530] {logging_mixin.py:190} INFO - [2025-12-16T12:46:31.228+0530] {dagbag.py:588} INFO - Filling up the DagBag from /home/sneha/spotify_airflow_project/venv/lib/python3.12/site-packages/airflow/example_dags/example_setup_teardown_taskflow.py
[2025-12-16T12:46:31.237+0530] {processor.py:925} INFO - DAG(s) 'example_setup_teardown_taskflow' retrieved from /home/sneha/spotify_airflow_project/venv/lib/python3.12/site-packages/airflow/example_dags/example_setup_teardown_taskflow.py
[2025-12-16T12:46:31.255+0530] {logging_mixin.py:190} INFO - [2025-12-16T12:46:31.255+0530] {dag.py:3239} INFO - Sync 1 DAGs
[2025-12-16T12:46:31.269+0530] {logging_mixin.py:190} INFO - [2025-12-16T12:46:31.268+0530] {dag.py:4180} INFO - Setting next_dagrun for example_setup_teardown_taskflow to None, run_after=None
[2025-12-16T12:46:31.287+0530] {processor.py:208} INFO - Processing /home/sneha/spotify_airflow_project/venv/lib/python3.12/site-packages/airflow/example_dags/example_setup_teardown_taskflow.py took 0.072 seconds
[2025-12-16T12:47:26.731+0530] {processor.py:186} INFO - Started process (PID=34108) to work on /home/sneha/spotify_airflow_project/venv/lib/python3.12/site-packages/airflow/example_dags/example_setup_teardown_taskflow.py
[2025-12-16T12:47:26.733+0530] {processor.py:914} INFO - Processing file /home/sneha/spotify_airflow_project/venv/lib/python3.12/site-packages/airflow/example_dags/example_setup_teardown_taskflow.py for tasks to queue
[2025-12-16T12:47:26.734+0530] {logging_mixin.py:190} INFO - [2025-12-16T12:47:26.734+0530] {dagbag.py:588} INFO - Filling up the DagBag from /home/sneha/spotify_airflow_project/venv/lib/python3.12/site-packages/airflow/example_dags/example_setup_teardown_taskflow.py
[2025-12-16T12:47:26.743+0530] {processor.py:925} INFO - DAG(s) 'example_setup_teardown_taskflow' retrieved from /home/sneha/spotify_airflow_project/venv/lib/python3.12/site-packages/airflow/example_dags/example_setup_teardown_taskflow.py
[2025-12-16T12:47:26.762+0530] {logging_mixin.py:190} INFO - [2025-12-16T12:47:26.761+0530] {dag.py:3239} INFO - Sync 1 DAGs
[2025-12-16T12:47:26.774+0530] {logging_mixin.py:190} INFO - [2025-12-16T12:47:26.774+0530] {dag.py:4180} INFO - Setting next_dagrun for example_setup_teardown_taskflow to None, run_after=None
[2025-12-16T12:47:26.792+0530] {processor.py:208} INFO - Processing /home/sneha/spotify_airflow_project/venv/lib/python3.12/site-packages/airflow/example_dags/example_setup_teardown_taskflow.py took 0.067 seconds
[2025-12-16T12:48:21.427+0530] {processor.py:186} INFO - Started process (PID=34168) to work on /home/sneha/spotify_airflow_project/venv/lib/python3.12/site-packages/airflow/example_dags/example_setup_teardown_taskflow.py
[2025-12-16T12:48:21.428+0530] {processor.py:914} INFO - Processing file /home/sneha/spotify_airflow_project/venv/lib/python3.12/site-packages/airflow/example_dags/example_setup_teardown_taskflow.py for tasks to queue
[2025-12-16T12:48:21.429+0530] {logging_mixin.py:190} INFO - [2025-12-16T12:48:21.428+0530] {dagbag.py:588} INFO - Filling up the DagBag from /home/sneha/spotify_airflow_project/venv/lib/python3.12/site-packages/airflow/example_dags/example_setup_teardown_taskflow.py
[2025-12-16T12:48:21.437+0530] {processor.py:925} INFO - DAG(s) 'example_setup_teardown_taskflow' retrieved from /home/sneha/spotify_airflow_project/venv/lib/python3.12/site-packages/airflow/example_dags/example_setup_teardown_taskflow.py
[2025-12-16T12:48:21.454+0530] {logging_mixin.py:190} INFO - [2025-12-16T12:48:21.453+0530] {dag.py:3239} INFO - Sync 1 DAGs
[2025-12-16T12:48:21.465+0530] {logging_mixin.py:190} INFO - [2025-12-16T12:48:21.464+0530] {dag.py:4180} INFO - Setting next_dagrun for example_setup_teardown_taskflow to None, run_after=None
[2025-12-16T12:48:21.481+0530] {processor.py:208} INFO - Processing /home/sneha/spotify_airflow_project/venv/lib/python3.12/site-packages/airflow/example_dags/example_setup_teardown_taskflow.py took 0.064 seconds
[2025-12-16T12:49:17.788+0530] {processor.py:186} INFO - Started process (PID=34232) to work on /home/sneha/spotify_airflow_project/venv/lib/python3.12/site-packages/airflow/example_dags/example_setup_teardown_taskflow.py
[2025-12-16T12:49:17.790+0530] {processor.py:914} INFO - Processing file /home/sneha/spotify_airflow_project/venv/lib/python3.12/site-packages/airflow/example_dags/example_setup_teardown_taskflow.py for tasks to queue
[2025-12-16T12:49:17.791+0530] {logging_mixin.py:190} INFO - [2025-12-16T12:49:17.791+0530] {dagbag.py:588} INFO - Filling up the DagBag from /home/sneha/spotify_airflow_project/venv/lib/python3.12/site-packages/airflow/example_dags/example_setup_teardown_taskflow.py
[2025-12-16T12:49:17.803+0530] {processor.py:925} INFO - DAG(s) 'example_setup_teardown_taskflow' retrieved from /home/sneha/spotify_airflow_project/venv/lib/python3.12/site-packages/airflow/example_dags/example_setup_teardown_taskflow.py
[2025-12-16T12:49:17.826+0530] {logging_mixin.py:190} INFO - [2025-12-16T12:49:17.826+0530] {dag.py:3239} INFO - Sync 1 DAGs
[2025-12-16T12:49:17.841+0530] {logging_mixin.py:190} INFO - [2025-12-16T12:49:17.841+0530] {dag.py:4180} INFO - Setting next_dagrun for example_setup_teardown_taskflow to None, run_after=None
[2025-12-16T12:49:17.864+0530] {processor.py:208} INFO - Processing /home/sneha/spotify_airflow_project/venv/lib/python3.12/site-packages/airflow/example_dags/example_setup_teardown_taskflow.py took 0.087 seconds
[2025-12-16T12:50:13.490+0530] {processor.py:186} INFO - Started process (PID=34291) to work on /home/sneha/spotify_airflow_project/venv/lib/python3.12/site-packages/airflow/example_dags/example_setup_teardown_taskflow.py
[2025-12-16T12:50:13.491+0530] {processor.py:914} INFO - Processing file /home/sneha/spotify_airflow_project/venv/lib/python3.12/site-packages/airflow/example_dags/example_setup_teardown_taskflow.py for tasks to queue
[2025-12-16T12:50:13.492+0530] {logging_mixin.py:190} INFO - [2025-12-16T12:50:13.491+0530] {dagbag.py:588} INFO - Filling up the DagBag from /home/sneha/spotify_airflow_project/venv/lib/python3.12/site-packages/airflow/example_dags/example_setup_teardown_taskflow.py
[2025-12-16T12:50:13.501+0530] {processor.py:925} INFO - DAG(s) 'example_setup_teardown_taskflow' retrieved from /home/sneha/spotify_airflow_project/venv/lib/python3.12/site-packages/airflow/example_dags/example_setup_teardown_taskflow.py
[2025-12-16T12:50:13.518+0530] {logging_mixin.py:190} INFO - [2025-12-16T12:50:13.518+0530] {dag.py:3239} INFO - Sync 1 DAGs
[2025-12-16T12:50:13.530+0530] {logging_mixin.py:190} INFO - [2025-12-16T12:50:13.530+0530] {dag.py:4180} INFO - Setting next_dagrun for example_setup_teardown_taskflow to None, run_after=None
[2025-12-16T12:50:13.547+0530] {processor.py:208} INFO - Processing /home/sneha/spotify_airflow_project/venv/lib/python3.12/site-packages/airflow/example_dags/example_setup_teardown_taskflow.py took 0.067 seconds
[2025-12-16T12:51:10.506+0530] {processor.py:186} INFO - Started process (PID=34489) to work on /home/sneha/spotify_airflow_project/venv/lib/python3.12/site-packages/airflow/example_dags/example_setup_teardown_taskflow.py
[2025-12-16T12:51:10.507+0530] {processor.py:914} INFO - Processing file /home/sneha/spotify_airflow_project/venv/lib/python3.12/site-packages/airflow/example_dags/example_setup_teardown_taskflow.py for tasks to queue
[2025-12-16T12:51:10.508+0530] {logging_mixin.py:190} INFO - [2025-12-16T12:51:10.508+0530] {dagbag.py:588} INFO - Filling up the DagBag from /home/sneha/spotify_airflow_project/venv/lib/python3.12/site-packages/airflow/example_dags/example_setup_teardown_taskflow.py
[2025-12-16T12:51:10.516+0530] {processor.py:925} INFO - DAG(s) 'example_setup_teardown_taskflow' retrieved from /home/sneha/spotify_airflow_project/venv/lib/python3.12/site-packages/airflow/example_dags/example_setup_teardown_taskflow.py
[2025-12-16T12:51:10.533+0530] {logging_mixin.py:190} INFO - [2025-12-16T12:51:10.533+0530] {dag.py:3239} INFO - Sync 1 DAGs
[2025-12-16T12:51:10.543+0530] {logging_mixin.py:190} INFO - [2025-12-16T12:51:10.543+0530] {dag.py:4180} INFO - Setting next_dagrun for example_setup_teardown_taskflow to None, run_after=None
[2025-12-16T12:51:10.563+0530] {processor.py:208} INFO - Processing /home/sneha/spotify_airflow_project/venv/lib/python3.12/site-packages/airflow/example_dags/example_setup_teardown_taskflow.py took 0.064 seconds
[2025-12-16T12:52:39.703+0530] {processor.py:186} INFO - Started process (PID=35369) to work on /home/sneha/spotify_airflow_project/venv/lib/python3.12/site-packages/airflow/example_dags/example_setup_teardown_taskflow.py
[2025-12-16T12:52:39.704+0530] {processor.py:914} INFO - Processing file /home/sneha/spotify_airflow_project/venv/lib/python3.12/site-packages/airflow/example_dags/example_setup_teardown_taskflow.py for tasks to queue
[2025-12-16T12:52:39.705+0530] {logging_mixin.py:190} INFO - [2025-12-16T12:52:39.705+0530] {dagbag.py:588} INFO - Filling up the DagBag from /home/sneha/spotify_airflow_project/venv/lib/python3.12/site-packages/airflow/example_dags/example_setup_teardown_taskflow.py
[2025-12-16T12:52:39.714+0530] {processor.py:925} INFO - DAG(s) 'example_setup_teardown_taskflow' retrieved from /home/sneha/spotify_airflow_project/venv/lib/python3.12/site-packages/airflow/example_dags/example_setup_teardown_taskflow.py
[2025-12-16T12:52:39.733+0530] {logging_mixin.py:190} INFO - [2025-12-16T12:52:39.732+0530] {dag.py:3239} INFO - Sync 1 DAGs
[2025-12-16T12:52:39.744+0530] {logging_mixin.py:190} INFO - [2025-12-16T12:52:39.744+0530] {dag.py:4180} INFO - Setting next_dagrun for example_setup_teardown_taskflow to None, run_after=None
[2025-12-16T12:52:39.762+0530] {processor.py:208} INFO - Processing /home/sneha/spotify_airflow_project/venv/lib/python3.12/site-packages/airflow/example_dags/example_setup_teardown_taskflow.py took 0.066 seconds
[2025-12-16T12:53:36.853+0530] {processor.py:186} INFO - Started process (PID=35775) to work on /home/sneha/spotify_airflow_project/venv/lib/python3.12/site-packages/airflow/example_dags/example_setup_teardown_taskflow.py
[2025-12-16T12:53:36.854+0530] {processor.py:914} INFO - Processing file /home/sneha/spotify_airflow_project/venv/lib/python3.12/site-packages/airflow/example_dags/example_setup_teardown_taskflow.py for tasks to queue
[2025-12-16T12:53:36.855+0530] {logging_mixin.py:190} INFO - [2025-12-16T12:53:36.855+0530] {dagbag.py:588} INFO - Filling up the DagBag from /home/sneha/spotify_airflow_project/venv/lib/python3.12/site-packages/airflow/example_dags/example_setup_teardown_taskflow.py
[2025-12-16T12:53:36.864+0530] {processor.py:925} INFO - DAG(s) 'example_setup_teardown_taskflow' retrieved from /home/sneha/spotify_airflow_project/venv/lib/python3.12/site-packages/airflow/example_dags/example_setup_teardown_taskflow.py
[2025-12-16T12:53:36.883+0530] {logging_mixin.py:190} INFO - [2025-12-16T12:53:36.883+0530] {dag.py:3239} INFO - Sync 1 DAGs
[2025-12-16T12:53:36.895+0530] {logging_mixin.py:190} INFO - [2025-12-16T12:53:36.895+0530] {dag.py:4180} INFO - Setting next_dagrun for example_setup_teardown_taskflow to None, run_after=None
[2025-12-16T12:53:36.913+0530] {processor.py:208} INFO - Processing /home/sneha/spotify_airflow_project/venv/lib/python3.12/site-packages/airflow/example_dags/example_setup_teardown_taskflow.py took 0.067 seconds
[2025-12-16T12:54:30.210+0530] {processor.py:186} INFO - Started process (PID=36147) to work on /home/sneha/spotify_airflow_project/venv/lib/python3.12/site-packages/airflow/example_dags/example_setup_teardown_taskflow.py
[2025-12-16T12:54:30.211+0530] {processor.py:914} INFO - Processing file /home/sneha/spotify_airflow_project/venv/lib/python3.12/site-packages/airflow/example_dags/example_setup_teardown_taskflow.py for tasks to queue
[2025-12-16T12:54:30.212+0530] {logging_mixin.py:190} INFO - [2025-12-16T12:54:30.212+0530] {dagbag.py:588} INFO - Filling up the DagBag from /home/sneha/spotify_airflow_project/venv/lib/python3.12/site-packages/airflow/example_dags/example_setup_teardown_taskflow.py
[2025-12-16T12:54:30.222+0530] {processor.py:925} INFO - DAG(s) 'example_setup_teardown_taskflow' retrieved from /home/sneha/spotify_airflow_project/venv/lib/python3.12/site-packages/airflow/example_dags/example_setup_teardown_taskflow.py
[2025-12-16T12:54:30.240+0530] {logging_mixin.py:190} INFO - [2025-12-16T12:54:30.240+0530] {dag.py:3239} INFO - Sync 1 DAGs
[2025-12-16T12:54:30.252+0530] {logging_mixin.py:190} INFO - [2025-12-16T12:54:30.251+0530] {dag.py:4180} INFO - Setting next_dagrun for example_setup_teardown_taskflow to None, run_after=None
[2025-12-16T12:54:30.273+0530] {processor.py:208} INFO - Processing /home/sneha/spotify_airflow_project/venv/lib/python3.12/site-packages/airflow/example_dags/example_setup_teardown_taskflow.py took 0.069 seconds
[2025-12-16T12:55:27.187+0530] {processor.py:186} INFO - Started process (PID=36556) to work on /home/sneha/spotify_airflow_project/venv/lib/python3.12/site-packages/airflow/example_dags/example_setup_teardown_taskflow.py
[2025-12-16T12:55:27.188+0530] {processor.py:914} INFO - Processing file /home/sneha/spotify_airflow_project/venv/lib/python3.12/site-packages/airflow/example_dags/example_setup_teardown_taskflow.py for tasks to queue
[2025-12-16T12:55:27.190+0530] {logging_mixin.py:190} INFO - [2025-12-16T12:55:27.189+0530] {dagbag.py:588} INFO - Filling up the DagBag from /home/sneha/spotify_airflow_project/venv/lib/python3.12/site-packages/airflow/example_dags/example_setup_teardown_taskflow.py
[2025-12-16T12:55:27.200+0530] {processor.py:925} INFO - DAG(s) 'example_setup_teardown_taskflow' retrieved from /home/sneha/spotify_airflow_project/venv/lib/python3.12/site-packages/airflow/example_dags/example_setup_teardown_taskflow.py
[2025-12-16T12:55:27.221+0530] {logging_mixin.py:190} INFO - [2025-12-16T12:55:27.221+0530] {dag.py:3239} INFO - Sync 1 DAGs
[2025-12-16T12:55:27.233+0530] {logging_mixin.py:190} INFO - [2025-12-16T12:55:27.233+0530] {dag.py:4180} INFO - Setting next_dagrun for example_setup_teardown_taskflow to None, run_after=None
[2025-12-16T12:55:27.252+0530] {processor.py:208} INFO - Processing /home/sneha/spotify_airflow_project/venv/lib/python3.12/site-packages/airflow/example_dags/example_setup_teardown_taskflow.py took 0.071 seconds
[2025-12-16T12:56:22.403+0530] {processor.py:186} INFO - Started process (PID=36944) to work on /home/sneha/spotify_airflow_project/venv/lib/python3.12/site-packages/airflow/example_dags/example_setup_teardown_taskflow.py
[2025-12-16T12:56:22.404+0530] {processor.py:914} INFO - Processing file /home/sneha/spotify_airflow_project/venv/lib/python3.12/site-packages/airflow/example_dags/example_setup_teardown_taskflow.py for tasks to queue
[2025-12-16T12:56:22.405+0530] {logging_mixin.py:190} INFO - [2025-12-16T12:56:22.405+0530] {dagbag.py:588} INFO - Filling up the DagBag from /home/sneha/spotify_airflow_project/venv/lib/python3.12/site-packages/airflow/example_dags/example_setup_teardown_taskflow.py
[2025-12-16T12:56:22.414+0530] {processor.py:925} INFO - DAG(s) 'example_setup_teardown_taskflow' retrieved from /home/sneha/spotify_airflow_project/venv/lib/python3.12/site-packages/airflow/example_dags/example_setup_teardown_taskflow.py
[2025-12-16T12:56:22.433+0530] {logging_mixin.py:190} INFO - [2025-12-16T12:56:22.433+0530] {dag.py:3239} INFO - Sync 1 DAGs
[2025-12-16T12:56:22.445+0530] {logging_mixin.py:190} INFO - [2025-12-16T12:56:22.444+0530] {dag.py:4180} INFO - Setting next_dagrun for example_setup_teardown_taskflow to None, run_after=None
[2025-12-16T12:56:22.463+0530] {processor.py:208} INFO - Processing /home/sneha/spotify_airflow_project/venv/lib/python3.12/site-packages/airflow/example_dags/example_setup_teardown_taskflow.py took 0.067 seconds
[2025-12-16T12:57:50.148+0530] {processor.py:186} INFO - Started process (PID=37830) to work on /home/sneha/spotify_airflow_project/venv/lib/python3.12/site-packages/airflow/example_dags/example_setup_teardown_taskflow.py
[2025-12-16T12:57:50.149+0530] {processor.py:914} INFO - Processing file /home/sneha/spotify_airflow_project/venv/lib/python3.12/site-packages/airflow/example_dags/example_setup_teardown_taskflow.py for tasks to queue
[2025-12-16T12:57:50.151+0530] {logging_mixin.py:190} INFO - [2025-12-16T12:57:50.150+0530] {dagbag.py:588} INFO - Filling up the DagBag from /home/sneha/spotify_airflow_project/venv/lib/python3.12/site-packages/airflow/example_dags/example_setup_teardown_taskflow.py
[2025-12-16T12:57:50.162+0530] {processor.py:925} INFO - DAG(s) 'example_setup_teardown_taskflow' retrieved from /home/sneha/spotify_airflow_project/venv/lib/python3.12/site-packages/airflow/example_dags/example_setup_teardown_taskflow.py
[2025-12-16T12:57:50.179+0530] {logging_mixin.py:190} INFO - [2025-12-16T12:57:50.178+0530] {dag.py:3239} INFO - Sync 1 DAGs
[2025-12-16T12:57:50.189+0530] {logging_mixin.py:190} INFO - [2025-12-16T12:57:50.189+0530] {dag.py:4180} INFO - Setting next_dagrun for example_setup_teardown_taskflow to None, run_after=None
[2025-12-16T12:57:50.206+0530] {processor.py:208} INFO - Processing /home/sneha/spotify_airflow_project/venv/lib/python3.12/site-packages/airflow/example_dags/example_setup_teardown_taskflow.py took 0.070 seconds
[2025-12-16T12:58:46.019+0530] {processor.py:186} INFO - Started process (PID=37940) to work on /home/sneha/spotify_airflow_project/venv/lib/python3.12/site-packages/airflow/example_dags/example_setup_teardown_taskflow.py
[2025-12-16T12:58:46.021+0530] {processor.py:914} INFO - Processing file /home/sneha/spotify_airflow_project/venv/lib/python3.12/site-packages/airflow/example_dags/example_setup_teardown_taskflow.py for tasks to queue
[2025-12-16T12:58:46.025+0530] {logging_mixin.py:190} INFO - [2025-12-16T12:58:46.024+0530] {dagbag.py:588} INFO - Filling up the DagBag from /home/sneha/spotify_airflow_project/venv/lib/python3.12/site-packages/airflow/example_dags/example_setup_teardown_taskflow.py
[2025-12-16T12:58:46.048+0530] {processor.py:925} INFO - DAG(s) 'example_setup_teardown_taskflow' retrieved from /home/sneha/spotify_airflow_project/venv/lib/python3.12/site-packages/airflow/example_dags/example_setup_teardown_taskflow.py
[2025-12-16T12:58:46.099+0530] {logging_mixin.py:190} INFO - [2025-12-16T12:58:46.098+0530] {dag.py:3239} INFO - Sync 1 DAGs
[2025-12-16T12:58:46.129+0530] {logging_mixin.py:190} INFO - [2025-12-16T12:58:46.129+0530] {dag.py:4180} INFO - Setting next_dagrun for example_setup_teardown_taskflow to None, run_after=None
[2025-12-16T12:58:46.165+0530] {processor.py:208} INFO - Processing /home/sneha/spotify_airflow_project/venv/lib/python3.12/site-packages/airflow/example_dags/example_setup_teardown_taskflow.py took 0.163 seconds
[2025-12-16T12:59:45.389+0530] {processor.py:186} INFO - Started process (PID=38139) to work on /home/sneha/spotify_airflow_project/venv/lib/python3.12/site-packages/airflow/example_dags/example_setup_teardown_taskflow.py
[2025-12-16T12:59:45.392+0530] {processor.py:914} INFO - Processing file /home/sneha/spotify_airflow_project/venv/lib/python3.12/site-packages/airflow/example_dags/example_setup_teardown_taskflow.py for tasks to queue
[2025-12-16T12:59:45.396+0530] {logging_mixin.py:190} INFO - [2025-12-16T12:59:45.394+0530] {dagbag.py:588} INFO - Filling up the DagBag from /home/sneha/spotify_airflow_project/venv/lib/python3.12/site-packages/airflow/example_dags/example_setup_teardown_taskflow.py
[2025-12-16T12:59:45.423+0530] {processor.py:925} INFO - DAG(s) 'example_setup_teardown_taskflow' retrieved from /home/sneha/spotify_airflow_project/venv/lib/python3.12/site-packages/airflow/example_dags/example_setup_teardown_taskflow.py
[2025-12-16T12:59:45.473+0530] {logging_mixin.py:190} INFO - [2025-12-16T12:59:45.472+0530] {dag.py:3239} INFO - Sync 1 DAGs
[2025-12-16T12:59:45.513+0530] {logging_mixin.py:190} INFO - [2025-12-16T12:59:45.512+0530] {dag.py:4180} INFO - Setting next_dagrun for example_setup_teardown_taskflow to None, run_after=None
[2025-12-16T12:59:45.560+0530] {processor.py:208} INFO - Processing /home/sneha/spotify_airflow_project/venv/lib/python3.12/site-packages/airflow/example_dags/example_setup_teardown_taskflow.py took 0.191 seconds
