[2025-12-16T10:49:56.313+0530] {processor.py:186} INFO - Started process (PID=7114) to work on /home/sneha/spotify_airflow_project/venv/lib/python3.12/site-packages/airflow/example_dags/example_task_group.py
[2025-12-16T10:49:56.315+0530] {processor.py:914} INFO - Processing file /home/sneha/spotify_airflow_project/venv/lib/python3.12/site-packages/airflow/example_dags/example_task_group.py for tasks to queue
[2025-12-16T10:49:56.319+0530] {logging_mixin.py:190} INFO - [2025-12-16T10:49:56.318+0530] {dagbag.py:588} INFO - Filling up the DagBag from /home/sneha/spotify_airflow_project/venv/lib/python3.12/site-packages/airflow/example_dags/example_task_group.py
[2025-12-16T10:49:56.336+0530] {processor.py:925} INFO - DAG(s) 'example_task_group' retrieved from /home/sneha/spotify_airflow_project/venv/lib/python3.12/site-packages/airflow/example_dags/example_task_group.py
[2025-12-16T10:49:56.375+0530] {logging_mixin.py:190} INFO - [2025-12-16T10:49:56.375+0530] {dag.py:3239} INFO - Sync 1 DAGs
[2025-12-16T10:49:56.405+0530] {logging_mixin.py:190} INFO - [2025-12-16T10:49:56.405+0530] {dag.py:4180} INFO - Setting next_dagrun for example_task_group to None, run_after=None
[2025-12-16T10:49:56.444+0530] {processor.py:208} INFO - Processing /home/sneha/spotify_airflow_project/venv/lib/python3.12/site-packages/airflow/example_dags/example_task_group.py took 0.141 seconds
[2025-12-16T10:55:06.558+0530] {processor.py:186} INFO - Started process (PID=7885) to work on /home/sneha/spotify_airflow_project/venv/lib/python3.12/site-packages/airflow/example_dags/example_task_group.py
[2025-12-16T10:55:06.559+0530] {processor.py:914} INFO - Processing file /home/sneha/spotify_airflow_project/venv/lib/python3.12/site-packages/airflow/example_dags/example_task_group.py for tasks to queue
[2025-12-16T10:55:06.561+0530] {logging_mixin.py:190} INFO - [2025-12-16T10:55:06.561+0530] {dagbag.py:588} INFO - Filling up the DagBag from /home/sneha/spotify_airflow_project/venv/lib/python3.12/site-packages/airflow/example_dags/example_task_group.py
[2025-12-16T10:55:06.570+0530] {processor.py:925} INFO - DAG(s) 'example_task_group' retrieved from /home/sneha/spotify_airflow_project/venv/lib/python3.12/site-packages/airflow/example_dags/example_task_group.py
[2025-12-16T10:55:06.589+0530] {logging_mixin.py:190} INFO - [2025-12-16T10:55:06.589+0530] {dag.py:3239} INFO - Sync 1 DAGs
[2025-12-16T10:55:06.603+0530] {logging_mixin.py:190} INFO - [2025-12-16T10:55:06.603+0530] {dag.py:4180} INFO - Setting next_dagrun for example_task_group to None, run_after=None
[2025-12-16T10:55:06.621+0530] {processor.py:208} INFO - Processing /home/sneha/spotify_airflow_project/venv/lib/python3.12/site-packages/airflow/example_dags/example_task_group.py took 0.071 seconds
[2025-12-16T10:56:03.755+0530] {processor.py:186} INFO - Started process (PID=8094) to work on /home/sneha/spotify_airflow_project/venv/lib/python3.12/site-packages/airflow/example_dags/example_task_group.py
[2025-12-16T10:56:03.756+0530] {processor.py:914} INFO - Processing file /home/sneha/spotify_airflow_project/venv/lib/python3.12/site-packages/airflow/example_dags/example_task_group.py for tasks to queue
[2025-12-16T10:56:03.757+0530] {logging_mixin.py:190} INFO - [2025-12-16T10:56:03.757+0530] {dagbag.py:588} INFO - Filling up the DagBag from /home/sneha/spotify_airflow_project/venv/lib/python3.12/site-packages/airflow/example_dags/example_task_group.py
[2025-12-16T10:56:03.765+0530] {processor.py:925} INFO - DAG(s) 'example_task_group' retrieved from /home/sneha/spotify_airflow_project/venv/lib/python3.12/site-packages/airflow/example_dags/example_task_group.py
[2025-12-16T10:56:03.782+0530] {logging_mixin.py:190} INFO - [2025-12-16T10:56:03.782+0530] {dag.py:3239} INFO - Sync 1 DAGs
[2025-12-16T10:56:03.796+0530] {logging_mixin.py:190} INFO - [2025-12-16T10:56:03.795+0530] {dag.py:4180} INFO - Setting next_dagrun for example_task_group to None, run_after=None
[2025-12-16T10:56:03.815+0530] {processor.py:208} INFO - Processing /home/sneha/spotify_airflow_project/venv/lib/python3.12/site-packages/airflow/example_dags/example_task_group.py took 0.066 seconds
[2025-12-16T10:57:00.979+0530] {processor.py:186} INFO - Started process (PID=8336) to work on /home/sneha/spotify_airflow_project/venv/lib/python3.12/site-packages/airflow/example_dags/example_task_group.py
[2025-12-16T10:57:00.980+0530] {processor.py:914} INFO - Processing file /home/sneha/spotify_airflow_project/venv/lib/python3.12/site-packages/airflow/example_dags/example_task_group.py for tasks to queue
[2025-12-16T10:57:00.982+0530] {logging_mixin.py:190} INFO - [2025-12-16T10:57:00.981+0530] {dagbag.py:588} INFO - Filling up the DagBag from /home/sneha/spotify_airflow_project/venv/lib/python3.12/site-packages/airflow/example_dags/example_task_group.py
[2025-12-16T10:57:00.993+0530] {processor.py:925} INFO - DAG(s) 'example_task_group' retrieved from /home/sneha/spotify_airflow_project/venv/lib/python3.12/site-packages/airflow/example_dags/example_task_group.py
[2025-12-16T10:57:01.014+0530] {logging_mixin.py:190} INFO - [2025-12-16T10:57:01.013+0530] {dag.py:3239} INFO - Sync 1 DAGs
[2025-12-16T10:57:01.027+0530] {logging_mixin.py:190} INFO - [2025-12-16T10:57:01.027+0530] {dag.py:4180} INFO - Setting next_dagrun for example_task_group to None, run_after=None
[2025-12-16T10:57:01.047+0530] {processor.py:208} INFO - Processing /home/sneha/spotify_airflow_project/venv/lib/python3.12/site-packages/airflow/example_dags/example_task_group.py took 0.081 seconds
[2025-12-16T11:07:12.511+0530] {processor.py:186} INFO - Started process (PID=21516) to work on /home/sneha/spotify_airflow_project/venv/lib/python3.12/site-packages/airflow/example_dags/example_task_group.py
[2025-12-16T11:07:12.512+0530] {processor.py:914} INFO - Processing file /home/sneha/spotify_airflow_project/venv/lib/python3.12/site-packages/airflow/example_dags/example_task_group.py for tasks to queue
[2025-12-16T11:07:12.514+0530] {logging_mixin.py:190} INFO - [2025-12-16T11:07:12.514+0530] {dagbag.py:588} INFO - Filling up the DagBag from /home/sneha/spotify_airflow_project/venv/lib/python3.12/site-packages/airflow/example_dags/example_task_group.py
[2025-12-16T11:07:12.524+0530] {processor.py:925} INFO - DAG(s) 'example_task_group' retrieved from /home/sneha/spotify_airflow_project/venv/lib/python3.12/site-packages/airflow/example_dags/example_task_group.py
[2025-12-16T11:07:12.543+0530] {logging_mixin.py:190} INFO - [2025-12-16T11:07:12.543+0530] {dag.py:3239} INFO - Sync 1 DAGs
[2025-12-16T11:07:12.557+0530] {logging_mixin.py:190} INFO - [2025-12-16T11:07:12.556+0530] {dag.py:4180} INFO - Setting next_dagrun for example_task_group to None, run_after=None
[2025-12-16T11:07:12.578+0530] {processor.py:208} INFO - Processing /home/sneha/spotify_airflow_project/venv/lib/python3.12/site-packages/airflow/example_dags/example_task_group.py took 0.074 seconds
[2025-12-16T11:08:09.665+0530] {processor.py:186} INFO - Started process (PID=21728) to work on /home/sneha/spotify_airflow_project/venv/lib/python3.12/site-packages/airflow/example_dags/example_task_group.py
[2025-12-16T11:08:09.666+0530] {processor.py:914} INFO - Processing file /home/sneha/spotify_airflow_project/venv/lib/python3.12/site-packages/airflow/example_dags/example_task_group.py for tasks to queue
[2025-12-16T11:08:09.668+0530] {logging_mixin.py:190} INFO - [2025-12-16T11:08:09.668+0530] {dagbag.py:588} INFO - Filling up the DagBag from /home/sneha/spotify_airflow_project/venv/lib/python3.12/site-packages/airflow/example_dags/example_task_group.py
[2025-12-16T11:08:09.677+0530] {processor.py:925} INFO - DAG(s) 'example_task_group' retrieved from /home/sneha/spotify_airflow_project/venv/lib/python3.12/site-packages/airflow/example_dags/example_task_group.py
[2025-12-16T11:08:09.695+0530] {logging_mixin.py:190} INFO - [2025-12-16T11:08:09.695+0530] {dag.py:3239} INFO - Sync 1 DAGs
[2025-12-16T11:08:09.709+0530] {logging_mixin.py:190} INFO - [2025-12-16T11:08:09.708+0530] {dag.py:4180} INFO - Setting next_dagrun for example_task_group to None, run_after=None
[2025-12-16T11:08:09.729+0530] {processor.py:208} INFO - Processing /home/sneha/spotify_airflow_project/venv/lib/python3.12/site-packages/airflow/example_dags/example_task_group.py took 0.070 seconds
[2025-12-16T11:09:09.619+0530] {processor.py:186} INFO - Started process (PID=21943) to work on /home/sneha/spotify_airflow_project/venv/lib/python3.12/site-packages/airflow/example_dags/example_task_group.py
[2025-12-16T11:09:09.620+0530] {processor.py:914} INFO - Processing file /home/sneha/spotify_airflow_project/venv/lib/python3.12/site-packages/airflow/example_dags/example_task_group.py for tasks to queue
[2025-12-16T11:09:09.623+0530] {logging_mixin.py:190} INFO - [2025-12-16T11:09:09.622+0530] {dagbag.py:588} INFO - Filling up the DagBag from /home/sneha/spotify_airflow_project/venv/lib/python3.12/site-packages/airflow/example_dags/example_task_group.py
[2025-12-16T11:09:09.631+0530] {processor.py:925} INFO - DAG(s) 'example_task_group' retrieved from /home/sneha/spotify_airflow_project/venv/lib/python3.12/site-packages/airflow/example_dags/example_task_group.py
[2025-12-16T11:09:09.649+0530] {logging_mixin.py:190} INFO - [2025-12-16T11:09:09.648+0530] {dag.py:3239} INFO - Sync 1 DAGs
[2025-12-16T11:09:09.661+0530] {logging_mixin.py:190} INFO - [2025-12-16T11:09:09.661+0530] {dag.py:4180} INFO - Setting next_dagrun for example_task_group to None, run_after=None
[2025-12-16T11:09:09.679+0530] {processor.py:208} INFO - Processing /home/sneha/spotify_airflow_project/venv/lib/python3.12/site-packages/airflow/example_dags/example_task_group.py took 0.069 seconds
[2025-12-16T11:10:08.778+0530] {processor.py:186} INFO - Started process (PID=22006) to work on /home/sneha/spotify_airflow_project/venv/lib/python3.12/site-packages/airflow/example_dags/example_task_group.py
[2025-12-16T11:10:08.779+0530] {processor.py:914} INFO - Processing file /home/sneha/spotify_airflow_project/venv/lib/python3.12/site-packages/airflow/example_dags/example_task_group.py for tasks to queue
[2025-12-16T11:10:08.782+0530] {logging_mixin.py:190} INFO - [2025-12-16T11:10:08.782+0530] {dagbag.py:588} INFO - Filling up the DagBag from /home/sneha/spotify_airflow_project/venv/lib/python3.12/site-packages/airflow/example_dags/example_task_group.py
[2025-12-16T11:10:08.793+0530] {processor.py:925} INFO - DAG(s) 'example_task_group' retrieved from /home/sneha/spotify_airflow_project/venv/lib/python3.12/site-packages/airflow/example_dags/example_task_group.py
[2025-12-16T11:10:08.811+0530] {logging_mixin.py:190} INFO - [2025-12-16T11:10:08.810+0530] {dag.py:3239} INFO - Sync 1 DAGs
[2025-12-16T11:10:08.823+0530] {logging_mixin.py:190} INFO - [2025-12-16T11:10:08.822+0530] {dag.py:4180} INFO - Setting next_dagrun for example_task_group to None, run_after=None
[2025-12-16T11:10:08.840+0530] {processor.py:208} INFO - Processing /home/sneha/spotify_airflow_project/venv/lib/python3.12/site-packages/airflow/example_dags/example_task_group.py took 0.075 seconds
[2025-12-16T11:11:02.686+0530] {processor.py:186} INFO - Started process (PID=22067) to work on /home/sneha/spotify_airflow_project/venv/lib/python3.12/site-packages/airflow/example_dags/example_task_group.py
[2025-12-16T11:11:02.687+0530] {processor.py:914} INFO - Processing file /home/sneha/spotify_airflow_project/venv/lib/python3.12/site-packages/airflow/example_dags/example_task_group.py for tasks to queue
[2025-12-16T11:11:02.689+0530] {logging_mixin.py:190} INFO - [2025-12-16T11:11:02.689+0530] {dagbag.py:588} INFO - Filling up the DagBag from /home/sneha/spotify_airflow_project/venv/lib/python3.12/site-packages/airflow/example_dags/example_task_group.py
[2025-12-16T11:11:02.697+0530] {processor.py:925} INFO - DAG(s) 'example_task_group' retrieved from /home/sneha/spotify_airflow_project/venv/lib/python3.12/site-packages/airflow/example_dags/example_task_group.py
[2025-12-16T11:11:02.712+0530] {logging_mixin.py:190} INFO - [2025-12-16T11:11:02.712+0530] {dag.py:3239} INFO - Sync 1 DAGs
[2025-12-16T11:11:02.725+0530] {logging_mixin.py:190} INFO - [2025-12-16T11:11:02.725+0530] {dag.py:4180} INFO - Setting next_dagrun for example_task_group to None, run_after=None
[2025-12-16T11:11:02.743+0530] {processor.py:208} INFO - Processing /home/sneha/spotify_airflow_project/venv/lib/python3.12/site-packages/airflow/example_dags/example_task_group.py took 0.067 seconds
[2025-12-16T11:11:58.094+0530] {processor.py:186} INFO - Started process (PID=22125) to work on /home/sneha/spotify_airflow_project/venv/lib/python3.12/site-packages/airflow/example_dags/example_task_group.py
[2025-12-16T11:11:58.095+0530] {processor.py:914} INFO - Processing file /home/sneha/spotify_airflow_project/venv/lib/python3.12/site-packages/airflow/example_dags/example_task_group.py for tasks to queue
[2025-12-16T11:11:58.097+0530] {logging_mixin.py:190} INFO - [2025-12-16T11:11:58.097+0530] {dagbag.py:588} INFO - Filling up the DagBag from /home/sneha/spotify_airflow_project/venv/lib/python3.12/site-packages/airflow/example_dags/example_task_group.py
[2025-12-16T11:11:58.105+0530] {processor.py:925} INFO - DAG(s) 'example_task_group' retrieved from /home/sneha/spotify_airflow_project/venv/lib/python3.12/site-packages/airflow/example_dags/example_task_group.py
[2025-12-16T11:11:58.123+0530] {logging_mixin.py:190} INFO - [2025-12-16T11:11:58.122+0530] {dag.py:3239} INFO - Sync 1 DAGs
[2025-12-16T11:11:58.134+0530] {logging_mixin.py:190} INFO - [2025-12-16T11:11:58.134+0530] {dag.py:4180} INFO - Setting next_dagrun for example_task_group to None, run_after=None
[2025-12-16T11:11:58.153+0530] {processor.py:208} INFO - Processing /home/sneha/spotify_airflow_project/venv/lib/python3.12/site-packages/airflow/example_dags/example_task_group.py took 0.065 seconds
[2025-12-16T11:13:03.156+0530] {processor.py:186} INFO - Started process (PID=22206) to work on /home/sneha/spotify_airflow_project/venv/lib/python3.12/site-packages/airflow/example_dags/example_task_group.py
[2025-12-16T11:13:03.157+0530] {processor.py:914} INFO - Processing file /home/sneha/spotify_airflow_project/venv/lib/python3.12/site-packages/airflow/example_dags/example_task_group.py for tasks to queue
[2025-12-16T11:13:03.289+0530] {logging_mixin.py:190} INFO - [2025-12-16T11:13:03.289+0530] {dagbag.py:588} INFO - Filling up the DagBag from /home/sneha/spotify_airflow_project/venv/lib/python3.12/site-packages/airflow/example_dags/example_task_group.py
[2025-12-16T11:13:03.294+0530] {processor.py:925} INFO - DAG(s) 'example_task_group' retrieved from /home/sneha/spotify_airflow_project/venv/lib/python3.12/site-packages/airflow/example_dags/example_task_group.py
[2025-12-16T11:13:03.305+0530] {logging_mixin.py:190} INFO - [2025-12-16T11:13:03.305+0530] {dag.py:3239} INFO - Sync 1 DAGs
[2025-12-16T11:13:03.315+0530] {logging_mixin.py:190} INFO - [2025-12-16T11:13:03.314+0530] {dag.py:4180} INFO - Setting next_dagrun for example_task_group to None, run_after=None
[2025-12-16T11:13:03.330+0530] {processor.py:208} INFO - Processing /home/sneha/spotify_airflow_project/venv/lib/python3.12/site-packages/airflow/example_dags/example_task_group.py took 0.182 seconds
[2025-12-16T12:39:49.021+0530] {processor.py:186} INFO - Started process (PID=30381) to work on /home/sneha/spotify_airflow_project/venv/lib/python3.12/site-packages/airflow/example_dags/example_task_group.py
[2025-12-16T12:39:49.022+0530] {processor.py:914} INFO - Processing file /home/sneha/spotify_airflow_project/venv/lib/python3.12/site-packages/airflow/example_dags/example_task_group.py for tasks to queue
[2025-12-16T12:39:49.023+0530] {logging_mixin.py:190} INFO - [2025-12-16T12:39:49.023+0530] {dagbag.py:588} INFO - Filling up the DagBag from /home/sneha/spotify_airflow_project/venv/lib/python3.12/site-packages/airflow/example_dags/example_task_group.py
[2025-12-16T12:39:49.030+0530] {processor.py:925} INFO - DAG(s) 'example_task_group' retrieved from /home/sneha/spotify_airflow_project/venv/lib/python3.12/site-packages/airflow/example_dags/example_task_group.py
[2025-12-16T12:39:49.050+0530] {logging_mixin.py:190} INFO - [2025-12-16T12:39:49.050+0530] {dag.py:3239} INFO - Sync 1 DAGs
[2025-12-16T12:39:49.065+0530] {logging_mixin.py:190} INFO - [2025-12-16T12:39:49.065+0530] {dag.py:4180} INFO - Setting next_dagrun for example_task_group to None, run_after=None
[2025-12-16T12:39:49.083+0530] {processor.py:208} INFO - Processing /home/sneha/spotify_airflow_project/venv/lib/python3.12/site-packages/airflow/example_dags/example_task_group.py took 0.068 seconds
[2025-12-16T12:40:46.231+0530] {processor.py:186} INFO - Started process (PID=30773) to work on /home/sneha/spotify_airflow_project/venv/lib/python3.12/site-packages/airflow/example_dags/example_task_group.py
[2025-12-16T12:40:46.232+0530] {processor.py:914} INFO - Processing file /home/sneha/spotify_airflow_project/venv/lib/python3.12/site-packages/airflow/example_dags/example_task_group.py for tasks to queue
[2025-12-16T12:40:46.233+0530] {logging_mixin.py:190} INFO - [2025-12-16T12:40:46.233+0530] {dagbag.py:588} INFO - Filling up the DagBag from /home/sneha/spotify_airflow_project/venv/lib/python3.12/site-packages/airflow/example_dags/example_task_group.py
[2025-12-16T12:40:46.240+0530] {processor.py:925} INFO - DAG(s) 'example_task_group' retrieved from /home/sneha/spotify_airflow_project/venv/lib/python3.12/site-packages/airflow/example_dags/example_task_group.py
[2025-12-16T12:40:46.258+0530] {logging_mixin.py:190} INFO - [2025-12-16T12:40:46.258+0530] {dag.py:3239} INFO - Sync 1 DAGs
[2025-12-16T12:40:46.269+0530] {logging_mixin.py:190} INFO - [2025-12-16T12:40:46.269+0530] {dag.py:4180} INFO - Setting next_dagrun for example_task_group to None, run_after=None
[2025-12-16T12:40:46.288+0530] {processor.py:208} INFO - Processing /home/sneha/spotify_airflow_project/venv/lib/python3.12/site-packages/airflow/example_dags/example_task_group.py took 0.063 seconds
[2025-12-16T12:41:44.388+0530] {processor.py:186} INFO - Started process (PID=31192) to work on /home/sneha/spotify_airflow_project/venv/lib/python3.12/site-packages/airflow/example_dags/example_task_group.py
[2025-12-16T12:41:44.389+0530] {processor.py:914} INFO - Processing file /home/sneha/spotify_airflow_project/venv/lib/python3.12/site-packages/airflow/example_dags/example_task_group.py for tasks to queue
[2025-12-16T12:41:44.391+0530] {logging_mixin.py:190} INFO - [2025-12-16T12:41:44.390+0530] {dagbag.py:588} INFO - Filling up the DagBag from /home/sneha/spotify_airflow_project/venv/lib/python3.12/site-packages/airflow/example_dags/example_task_group.py
[2025-12-16T12:41:44.397+0530] {processor.py:925} INFO - DAG(s) 'example_task_group' retrieved from /home/sneha/spotify_airflow_project/venv/lib/python3.12/site-packages/airflow/example_dags/example_task_group.py
[2025-12-16T12:41:44.415+0530] {logging_mixin.py:190} INFO - [2025-12-16T12:41:44.415+0530] {dag.py:3239} INFO - Sync 1 DAGs
[2025-12-16T12:41:44.427+0530] {logging_mixin.py:190} INFO - [2025-12-16T12:41:44.427+0530] {dag.py:4180} INFO - Setting next_dagrun for example_task_group to None, run_after=None
[2025-12-16T12:41:44.446+0530] {processor.py:208} INFO - Processing /home/sneha/spotify_airflow_project/venv/lib/python3.12/site-packages/airflow/example_dags/example_task_group.py took 0.068 seconds
[2025-12-16T12:42:45.360+0530] {processor.py:186} INFO - Started process (PID=31630) to work on /home/sneha/spotify_airflow_project/venv/lib/python3.12/site-packages/airflow/example_dags/example_task_group.py
[2025-12-16T12:42:45.361+0530] {processor.py:914} INFO - Processing file /home/sneha/spotify_airflow_project/venv/lib/python3.12/site-packages/airflow/example_dags/example_task_group.py for tasks to queue
[2025-12-16T12:42:45.363+0530] {logging_mixin.py:190} INFO - [2025-12-16T12:42:45.362+0530] {dagbag.py:588} INFO - Filling up the DagBag from /home/sneha/spotify_airflow_project/venv/lib/python3.12/site-packages/airflow/example_dags/example_task_group.py
[2025-12-16T12:42:45.370+0530] {processor.py:925} INFO - DAG(s) 'example_task_group' retrieved from /home/sneha/spotify_airflow_project/venv/lib/python3.12/site-packages/airflow/example_dags/example_task_group.py
[2025-12-16T12:42:45.518+0530] {logging_mixin.py:190} INFO - [2025-12-16T12:42:45.518+0530] {dag.py:3239} INFO - Sync 1 DAGs
[2025-12-16T12:42:45.527+0530] {logging_mixin.py:190} INFO - [2025-12-16T12:42:45.527+0530] {dag.py:4180} INFO - Setting next_dagrun for example_task_group to None, run_after=None
[2025-12-16T12:42:45.543+0530] {processor.py:208} INFO - Processing /home/sneha/spotify_airflow_project/venv/lib/python3.12/site-packages/airflow/example_dags/example_task_group.py took 0.189 seconds
[2025-12-16T12:45:23.549+0530] {processor.py:186} INFO - Started process (PID=33926) to work on /home/sneha/spotify_airflow_project/venv/lib/python3.12/site-packages/airflow/example_dags/example_task_group.py
[2025-12-16T12:45:23.551+0530] {processor.py:914} INFO - Processing file /home/sneha/spotify_airflow_project/venv/lib/python3.12/site-packages/airflow/example_dags/example_task_group.py for tasks to queue
[2025-12-16T12:45:23.552+0530] {logging_mixin.py:190} INFO - [2025-12-16T12:45:23.552+0530] {dagbag.py:588} INFO - Filling up the DagBag from /home/sneha/spotify_airflow_project/venv/lib/python3.12/site-packages/airflow/example_dags/example_task_group.py
[2025-12-16T12:45:23.562+0530] {processor.py:925} INFO - DAG(s) 'example_task_group' retrieved from /home/sneha/spotify_airflow_project/venv/lib/python3.12/site-packages/airflow/example_dags/example_task_group.py
[2025-12-16T12:45:23.586+0530] {logging_mixin.py:190} INFO - [2025-12-16T12:45:23.586+0530] {dag.py:3239} INFO - Sync 1 DAGs
[2025-12-16T12:45:23.604+0530] {logging_mixin.py:190} INFO - [2025-12-16T12:45:23.604+0530] {dag.py:4180} INFO - Setting next_dagrun for example_task_group to None, run_after=None
[2025-12-16T12:45:23.627+0530] {processor.py:208} INFO - Processing /home/sneha/spotify_airflow_project/venv/lib/python3.12/site-packages/airflow/example_dags/example_task_group.py took 0.085 seconds
[2025-12-16T12:46:20.883+0530] {processor.py:186} INFO - Started process (PID=34021) to work on /home/sneha/spotify_airflow_project/venv/lib/python3.12/site-packages/airflow/example_dags/example_task_group.py
[2025-12-16T12:46:20.884+0530] {processor.py:914} INFO - Processing file /home/sneha/spotify_airflow_project/venv/lib/python3.12/site-packages/airflow/example_dags/example_task_group.py for tasks to queue
[2025-12-16T12:46:20.885+0530] {logging_mixin.py:190} INFO - [2025-12-16T12:46:20.885+0530] {dagbag.py:588} INFO - Filling up the DagBag from /home/sneha/spotify_airflow_project/venv/lib/python3.12/site-packages/airflow/example_dags/example_task_group.py
[2025-12-16T12:46:20.892+0530] {processor.py:925} INFO - DAG(s) 'example_task_group' retrieved from /home/sneha/spotify_airflow_project/venv/lib/python3.12/site-packages/airflow/example_dags/example_task_group.py
[2025-12-16T12:46:20.908+0530] {logging_mixin.py:190} INFO - [2025-12-16T12:46:20.908+0530] {dag.py:3239} INFO - Sync 1 DAGs
[2025-12-16T12:46:20.920+0530] {logging_mixin.py:190} INFO - [2025-12-16T12:46:20.919+0530] {dag.py:4180} INFO - Setting next_dagrun for example_task_group to None, run_after=None
[2025-12-16T12:46:20.940+0530] {processor.py:208} INFO - Processing /home/sneha/spotify_airflow_project/venv/lib/python3.12/site-packages/airflow/example_dags/example_task_group.py took 0.067 seconds
[2025-12-16T12:47:17.545+0530] {processor.py:186} INFO - Started process (PID=34098) to work on /home/sneha/spotify_airflow_project/venv/lib/python3.12/site-packages/airflow/example_dags/example_task_group.py
[2025-12-16T12:47:17.546+0530] {processor.py:914} INFO - Processing file /home/sneha/spotify_airflow_project/venv/lib/python3.12/site-packages/airflow/example_dags/example_task_group.py for tasks to queue
[2025-12-16T12:47:17.547+0530] {logging_mixin.py:190} INFO - [2025-12-16T12:47:17.547+0530] {dagbag.py:588} INFO - Filling up the DagBag from /home/sneha/spotify_airflow_project/venv/lib/python3.12/site-packages/airflow/example_dags/example_task_group.py
[2025-12-16T12:47:17.555+0530] {processor.py:925} INFO - DAG(s) 'example_task_group' retrieved from /home/sneha/spotify_airflow_project/venv/lib/python3.12/site-packages/airflow/example_dags/example_task_group.py
[2025-12-16T12:47:17.574+0530] {logging_mixin.py:190} INFO - [2025-12-16T12:47:17.574+0530] {dag.py:3239} INFO - Sync 1 DAGs
[2025-12-16T12:47:17.587+0530] {logging_mixin.py:190} INFO - [2025-12-16T12:47:17.587+0530] {dag.py:4180} INFO - Setting next_dagrun for example_task_group to None, run_after=None
[2025-12-16T12:47:17.609+0530] {processor.py:208} INFO - Processing /home/sneha/spotify_airflow_project/venv/lib/python3.12/site-packages/airflow/example_dags/example_task_group.py took 0.071 seconds
[2025-12-16T12:48:11.242+0530] {processor.py:186} INFO - Started process (PID=34157) to work on /home/sneha/spotify_airflow_project/venv/lib/python3.12/site-packages/airflow/example_dags/example_task_group.py
[2025-12-16T12:48:11.243+0530] {processor.py:914} INFO - Processing file /home/sneha/spotify_airflow_project/venv/lib/python3.12/site-packages/airflow/example_dags/example_task_group.py for tasks to queue
[2025-12-16T12:48:11.244+0530] {logging_mixin.py:190} INFO - [2025-12-16T12:48:11.244+0530] {dagbag.py:588} INFO - Filling up the DagBag from /home/sneha/spotify_airflow_project/venv/lib/python3.12/site-packages/airflow/example_dags/example_task_group.py
[2025-12-16T12:48:11.252+0530] {processor.py:925} INFO - DAG(s) 'example_task_group' retrieved from /home/sneha/spotify_airflow_project/venv/lib/python3.12/site-packages/airflow/example_dags/example_task_group.py
[2025-12-16T12:48:11.273+0530] {logging_mixin.py:190} INFO - [2025-12-16T12:48:11.273+0530] {dag.py:3239} INFO - Sync 1 DAGs
[2025-12-16T12:48:11.285+0530] {logging_mixin.py:190} INFO - [2025-12-16T12:48:11.285+0530] {dag.py:4180} INFO - Setting next_dagrun for example_task_group to None, run_after=None
[2025-12-16T12:48:11.303+0530] {processor.py:208} INFO - Processing /home/sneha/spotify_airflow_project/venv/lib/python3.12/site-packages/airflow/example_dags/example_task_group.py took 0.066 seconds
[2025-12-16T12:49:07.433+0530] {processor.py:186} INFO - Started process (PID=34220) to work on /home/sneha/spotify_airflow_project/venv/lib/python3.12/site-packages/airflow/example_dags/example_task_group.py
[2025-12-16T12:49:07.434+0530] {processor.py:914} INFO - Processing file /home/sneha/spotify_airflow_project/venv/lib/python3.12/site-packages/airflow/example_dags/example_task_group.py for tasks to queue
[2025-12-16T12:49:07.435+0530] {logging_mixin.py:190} INFO - [2025-12-16T12:49:07.435+0530] {dagbag.py:588} INFO - Filling up the DagBag from /home/sneha/spotify_airflow_project/venv/lib/python3.12/site-packages/airflow/example_dags/example_task_group.py
[2025-12-16T12:49:07.442+0530] {processor.py:925} INFO - DAG(s) 'example_task_group' retrieved from /home/sneha/spotify_airflow_project/venv/lib/python3.12/site-packages/airflow/example_dags/example_task_group.py
[2025-12-16T12:49:07.460+0530] {logging_mixin.py:190} INFO - [2025-12-16T12:49:07.460+0530] {dag.py:3239} INFO - Sync 1 DAGs
[2025-12-16T12:49:07.472+0530] {logging_mixin.py:190} INFO - [2025-12-16T12:49:07.471+0530] {dag.py:4180} INFO - Setting next_dagrun for example_task_group to None, run_after=None
[2025-12-16T12:49:07.489+0530] {processor.py:208} INFO - Processing /home/sneha/spotify_airflow_project/venv/lib/python3.12/site-packages/airflow/example_dags/example_task_group.py took 0.062 seconds
[2025-12-16T12:50:03.320+0530] {processor.py:186} INFO - Started process (PID=34280) to work on /home/sneha/spotify_airflow_project/venv/lib/python3.12/site-packages/airflow/example_dags/example_task_group.py
[2025-12-16T12:50:03.321+0530] {processor.py:914} INFO - Processing file /home/sneha/spotify_airflow_project/venv/lib/python3.12/site-packages/airflow/example_dags/example_task_group.py for tasks to queue
[2025-12-16T12:50:03.322+0530] {logging_mixin.py:190} INFO - [2025-12-16T12:50:03.322+0530] {dagbag.py:588} INFO - Filling up the DagBag from /home/sneha/spotify_airflow_project/venv/lib/python3.12/site-packages/airflow/example_dags/example_task_group.py
[2025-12-16T12:50:03.330+0530] {processor.py:925} INFO - DAG(s) 'example_task_group' retrieved from /home/sneha/spotify_airflow_project/venv/lib/python3.12/site-packages/airflow/example_dags/example_task_group.py
[2025-12-16T12:50:03.349+0530] {logging_mixin.py:190} INFO - [2025-12-16T12:50:03.349+0530] {dag.py:3239} INFO - Sync 1 DAGs
[2025-12-16T12:50:03.363+0530] {logging_mixin.py:190} INFO - [2025-12-16T12:50:03.363+0530] {dag.py:4180} INFO - Setting next_dagrun for example_task_group to None, run_after=None
[2025-12-16T12:50:03.384+0530] {processor.py:208} INFO - Processing /home/sneha/spotify_airflow_project/venv/lib/python3.12/site-packages/airflow/example_dags/example_task_group.py took 0.072 seconds
[2025-12-16T12:51:01.078+0530] {processor.py:186} INFO - Started process (PID=34479) to work on /home/sneha/spotify_airflow_project/venv/lib/python3.12/site-packages/airflow/example_dags/example_task_group.py
[2025-12-16T12:51:01.079+0530] {processor.py:914} INFO - Processing file /home/sneha/spotify_airflow_project/venv/lib/python3.12/site-packages/airflow/example_dags/example_task_group.py for tasks to queue
[2025-12-16T12:51:01.080+0530] {logging_mixin.py:190} INFO - [2025-12-16T12:51:01.080+0530] {dagbag.py:588} INFO - Filling up the DagBag from /home/sneha/spotify_airflow_project/venv/lib/python3.12/site-packages/airflow/example_dags/example_task_group.py
[2025-12-16T12:51:01.087+0530] {processor.py:925} INFO - DAG(s) 'example_task_group' retrieved from /home/sneha/spotify_airflow_project/venv/lib/python3.12/site-packages/airflow/example_dags/example_task_group.py
[2025-12-16T12:51:01.103+0530] {logging_mixin.py:190} INFO - [2025-12-16T12:51:01.103+0530] {dag.py:3239} INFO - Sync 1 DAGs
[2025-12-16T12:51:01.114+0530] {logging_mixin.py:190} INFO - [2025-12-16T12:51:01.113+0530] {dag.py:4180} INFO - Setting next_dagrun for example_task_group to None, run_after=None
[2025-12-16T12:51:01.130+0530] {processor.py:208} INFO - Processing /home/sneha/spotify_airflow_project/venv/lib/python3.12/site-packages/airflow/example_dags/example_task_group.py took 0.060 seconds
[2025-12-16T12:52:29.342+0530] {processor.py:186} INFO - Started process (PID=35283) to work on /home/sneha/spotify_airflow_project/venv/lib/python3.12/site-packages/airflow/example_dags/example_task_group.py
[2025-12-16T12:52:29.343+0530] {processor.py:914} INFO - Processing file /home/sneha/spotify_airflow_project/venv/lib/python3.12/site-packages/airflow/example_dags/example_task_group.py for tasks to queue
[2025-12-16T12:52:29.345+0530] {logging_mixin.py:190} INFO - [2025-12-16T12:52:29.344+0530] {dagbag.py:588} INFO - Filling up the DagBag from /home/sneha/spotify_airflow_project/venv/lib/python3.12/site-packages/airflow/example_dags/example_task_group.py
[2025-12-16T12:52:29.352+0530] {processor.py:925} INFO - DAG(s) 'example_task_group' retrieved from /home/sneha/spotify_airflow_project/venv/lib/python3.12/site-packages/airflow/example_dags/example_task_group.py
[2025-12-16T12:52:29.371+0530] {logging_mixin.py:190} INFO - [2025-12-16T12:52:29.371+0530] {dag.py:3239} INFO - Sync 1 DAGs
[2025-12-16T12:52:29.384+0530] {logging_mixin.py:190} INFO - [2025-12-16T12:52:29.384+0530] {dag.py:4180} INFO - Setting next_dagrun for example_task_group to None, run_after=None
[2025-12-16T12:52:29.404+0530] {processor.py:208} INFO - Processing /home/sneha/spotify_airflow_project/venv/lib/python3.12/site-packages/airflow/example_dags/example_task_group.py took 0.069 seconds
[2025-12-16T12:53:23.528+0530] {processor.py:186} INFO - Started process (PID=35669) to work on /home/sneha/spotify_airflow_project/venv/lib/python3.12/site-packages/airflow/example_dags/example_task_group.py
[2025-12-16T12:53:23.528+0530] {processor.py:914} INFO - Processing file /home/sneha/spotify_airflow_project/venv/lib/python3.12/site-packages/airflow/example_dags/example_task_group.py for tasks to queue
[2025-12-16T12:53:23.530+0530] {logging_mixin.py:190} INFO - [2025-12-16T12:53:23.529+0530] {dagbag.py:588} INFO - Filling up the DagBag from /home/sneha/spotify_airflow_project/venv/lib/python3.12/site-packages/airflow/example_dags/example_task_group.py
[2025-12-16T12:53:23.537+0530] {processor.py:925} INFO - DAG(s) 'example_task_group' retrieved from /home/sneha/spotify_airflow_project/venv/lib/python3.12/site-packages/airflow/example_dags/example_task_group.py
[2025-12-16T12:53:23.556+0530] {logging_mixin.py:190} INFO - [2025-12-16T12:53:23.555+0530] {dag.py:3239} INFO - Sync 1 DAGs
[2025-12-16T12:53:23.567+0530] {logging_mixin.py:190} INFO - [2025-12-16T12:53:23.567+0530] {dag.py:4180} INFO - Setting next_dagrun for example_task_group to None, run_after=None
[2025-12-16T12:53:23.585+0530] {processor.py:208} INFO - Processing /home/sneha/spotify_airflow_project/venv/lib/python3.12/site-packages/airflow/example_dags/example_task_group.py took 0.064 seconds
[2025-12-16T12:54:17.181+0530] {processor.py:186} INFO - Started process (PID=36059) to work on /home/sneha/spotify_airflow_project/venv/lib/python3.12/site-packages/airflow/example_dags/example_task_group.py
[2025-12-16T12:54:17.182+0530] {processor.py:914} INFO - Processing file /home/sneha/spotify_airflow_project/venv/lib/python3.12/site-packages/airflow/example_dags/example_task_group.py for tasks to queue
[2025-12-16T12:54:17.184+0530] {logging_mixin.py:190} INFO - [2025-12-16T12:54:17.183+0530] {dagbag.py:588} INFO - Filling up the DagBag from /home/sneha/spotify_airflow_project/venv/lib/python3.12/site-packages/airflow/example_dags/example_task_group.py
[2025-12-16T12:54:17.191+0530] {processor.py:925} INFO - DAG(s) 'example_task_group' retrieved from /home/sneha/spotify_airflow_project/venv/lib/python3.12/site-packages/airflow/example_dags/example_task_group.py
[2025-12-16T12:54:17.210+0530] {logging_mixin.py:190} INFO - [2025-12-16T12:54:17.209+0530] {dag.py:3239} INFO - Sync 1 DAGs
[2025-12-16T12:54:17.222+0530] {logging_mixin.py:190} INFO - [2025-12-16T12:54:17.221+0530] {dag.py:4180} INFO - Setting next_dagrun for example_task_group to None, run_after=None
[2025-12-16T12:54:17.240+0530] {processor.py:208} INFO - Processing /home/sneha/spotify_airflow_project/venv/lib/python3.12/site-packages/airflow/example_dags/example_task_group.py took 0.064 seconds
[2025-12-16T12:55:13.556+0530] {processor.py:186} INFO - Started process (PID=36448) to work on /home/sneha/spotify_airflow_project/venv/lib/python3.12/site-packages/airflow/example_dags/example_task_group.py
[2025-12-16T12:55:13.557+0530] {processor.py:914} INFO - Processing file /home/sneha/spotify_airflow_project/venv/lib/python3.12/site-packages/airflow/example_dags/example_task_group.py for tasks to queue
[2025-12-16T12:55:13.558+0530] {logging_mixin.py:190} INFO - [2025-12-16T12:55:13.558+0530] {dagbag.py:588} INFO - Filling up the DagBag from /home/sneha/spotify_airflow_project/venv/lib/python3.12/site-packages/airflow/example_dags/example_task_group.py
[2025-12-16T12:55:13.566+0530] {processor.py:925} INFO - DAG(s) 'example_task_group' retrieved from /home/sneha/spotify_airflow_project/venv/lib/python3.12/site-packages/airflow/example_dags/example_task_group.py
[2025-12-16T12:55:13.585+0530] {logging_mixin.py:190} INFO - [2025-12-16T12:55:13.585+0530] {dag.py:3239} INFO - Sync 1 DAGs
[2025-12-16T12:55:13.596+0530] {logging_mixin.py:190} INFO - [2025-12-16T12:55:13.596+0530] {dag.py:4180} INFO - Setting next_dagrun for example_task_group to None, run_after=None
[2025-12-16T12:55:13.616+0530] {processor.py:208} INFO - Processing /home/sneha/spotify_airflow_project/venv/lib/python3.12/site-packages/airflow/example_dags/example_task_group.py took 0.067 seconds
[2025-12-16T12:56:07.821+0530] {processor.py:186} INFO - Started process (PID=36839) to work on /home/sneha/spotify_airflow_project/venv/lib/python3.12/site-packages/airflow/example_dags/example_task_group.py
[2025-12-16T12:56:07.822+0530] {processor.py:914} INFO - Processing file /home/sneha/spotify_airflow_project/venv/lib/python3.12/site-packages/airflow/example_dags/example_task_group.py for tasks to queue
[2025-12-16T12:56:07.823+0530] {logging_mixin.py:190} INFO - [2025-12-16T12:56:07.823+0530] {dagbag.py:588} INFO - Filling up the DagBag from /home/sneha/spotify_airflow_project/venv/lib/python3.12/site-packages/airflow/example_dags/example_task_group.py
[2025-12-16T12:56:07.830+0530] {processor.py:925} INFO - DAG(s) 'example_task_group' retrieved from /home/sneha/spotify_airflow_project/venv/lib/python3.12/site-packages/airflow/example_dags/example_task_group.py
[2025-12-16T12:56:07.849+0530] {logging_mixin.py:190} INFO - [2025-12-16T12:56:07.849+0530] {dag.py:3239} INFO - Sync 1 DAGs
[2025-12-16T12:56:07.861+0530] {logging_mixin.py:190} INFO - [2025-12-16T12:56:07.860+0530] {dag.py:4180} INFO - Setting next_dagrun for example_task_group to None, run_after=None
[2025-12-16T12:56:07.882+0530] {processor.py:208} INFO - Processing /home/sneha/spotify_airflow_project/venv/lib/python3.12/site-packages/airflow/example_dags/example_task_group.py took 0.068 seconds
[2025-12-16T12:57:04.900+0530] {processor.py:186} INFO - Started process (PID=37243) to work on /home/sneha/spotify_airflow_project/venv/lib/python3.12/site-packages/airflow/example_dags/example_task_group.py
[2025-12-16T12:57:04.910+0530] {processor.py:914} INFO - Processing file /home/sneha/spotify_airflow_project/venv/lib/python3.12/site-packages/airflow/example_dags/example_task_group.py for tasks to queue
[2025-12-16T12:57:04.912+0530] {logging_mixin.py:190} INFO - [2025-12-16T12:57:04.912+0530] {dagbag.py:588} INFO - Filling up the DagBag from /home/sneha/spotify_airflow_project/venv/lib/python3.12/site-packages/airflow/example_dags/example_task_group.py
[2025-12-16T12:57:04.921+0530] {processor.py:925} INFO - DAG(s) 'example_task_group' retrieved from /home/sneha/spotify_airflow_project/venv/lib/python3.12/site-packages/airflow/example_dags/example_task_group.py
[2025-12-16T12:57:04.939+0530] {logging_mixin.py:190} INFO - [2025-12-16T12:57:04.939+0530] {dag.py:3239} INFO - Sync 1 DAGs
[2025-12-16T12:57:04.952+0530] {logging_mixin.py:190} INFO - [2025-12-16T12:57:04.952+0530] {dag.py:4180} INFO - Setting next_dagrun for example_task_group to None, run_after=None
[2025-12-16T12:57:04.970+0530] {processor.py:208} INFO - Processing /home/sneha/spotify_airflow_project/venv/lib/python3.12/site-packages/airflow/example_dags/example_task_group.py took 0.078 seconds
[2025-12-16T12:58:26.485+0530] {processor.py:186} INFO - Started process (PID=37876) to work on /home/sneha/spotify_airflow_project/venv/lib/python3.12/site-packages/airflow/example_dags/example_task_group.py
[2025-12-16T12:58:26.486+0530] {processor.py:914} INFO - Processing file /home/sneha/spotify_airflow_project/venv/lib/python3.12/site-packages/airflow/example_dags/example_task_group.py for tasks to queue
[2025-12-16T12:58:26.487+0530] {logging_mixin.py:190} INFO - [2025-12-16T12:58:26.487+0530] {dagbag.py:588} INFO - Filling up the DagBag from /home/sneha/spotify_airflow_project/venv/lib/python3.12/site-packages/airflow/example_dags/example_task_group.py
[2025-12-16T12:58:26.494+0530] {processor.py:925} INFO - DAG(s) 'example_task_group' retrieved from /home/sneha/spotify_airflow_project/venv/lib/python3.12/site-packages/airflow/example_dags/example_task_group.py
[2025-12-16T12:58:26.512+0530] {logging_mixin.py:190} INFO - [2025-12-16T12:58:26.512+0530] {dag.py:3239} INFO - Sync 1 DAGs
[2025-12-16T12:58:26.524+0530] {logging_mixin.py:190} INFO - [2025-12-16T12:58:26.524+0530] {dag.py:4180} INFO - Setting next_dagrun for example_task_group to None, run_after=None
[2025-12-16T12:58:26.544+0530] {processor.py:208} INFO - Processing /home/sneha/spotify_airflow_project/venv/lib/python3.12/site-packages/airflow/example_dags/example_task_group.py took 0.065 seconds
[2025-12-16T12:59:20.582+0530] {processor.py:186} INFO - Started process (PID=38057) to work on /home/sneha/spotify_airflow_project/venv/lib/python3.12/site-packages/airflow/example_dags/example_task_group.py
[2025-12-16T12:59:20.583+0530] {processor.py:914} INFO - Processing file /home/sneha/spotify_airflow_project/venv/lib/python3.12/site-packages/airflow/example_dags/example_task_group.py for tasks to queue
[2025-12-16T12:59:20.584+0530] {logging_mixin.py:190} INFO - [2025-12-16T12:59:20.584+0530] {dagbag.py:588} INFO - Filling up the DagBag from /home/sneha/spotify_airflow_project/venv/lib/python3.12/site-packages/airflow/example_dags/example_task_group.py
[2025-12-16T12:59:20.595+0530] {processor.py:925} INFO - DAG(s) 'example_task_group' retrieved from /home/sneha/spotify_airflow_project/venv/lib/python3.12/site-packages/airflow/example_dags/example_task_group.py
[2025-12-16T12:59:20.616+0530] {logging_mixin.py:190} INFO - [2025-12-16T12:59:20.615+0530] {dag.py:3239} INFO - Sync 1 DAGs
[2025-12-16T12:59:20.631+0530] {logging_mixin.py:190} INFO - [2025-12-16T12:59:20.631+0530] {dag.py:4180} INFO - Setting next_dagrun for example_task_group to None, run_after=None
[2025-12-16T12:59:20.650+0530] {processor.py:208} INFO - Processing /home/sneha/spotify_airflow_project/venv/lib/python3.12/site-packages/airflow/example_dags/example_task_group.py took 0.075 seconds
