[2025-12-16T10:50:09.609+0530] {processor.py:186} INFO - Started process (PID=7164) to work on /home/sneha/spotify_airflow_project/venv/lib/python3.12/site-packages/airflow/example_dags/example_sensor_decorator.py
[2025-12-16T10:50:09.610+0530] {processor.py:914} INFO - Processing file /home/sneha/spotify_airflow_project/venv/lib/python3.12/site-packages/airflow/example_dags/example_sensor_decorator.py for tasks to queue
[2025-12-16T10:50:09.612+0530] {logging_mixin.py:190} INFO - [2025-12-16T10:50:09.611+0530] {dagbag.py:588} INFO - Filling up the DagBag from /home/sneha/spotify_airflow_project/venv/lib/python3.12/site-packages/airflow/example_dags/example_sensor_decorator.py
[2025-12-16T10:50:09.620+0530] {processor.py:925} INFO - DAG(s) 'example_sensor_decorator' retrieved from /home/sneha/spotify_airflow_project/venv/lib/python3.12/site-packages/airflow/example_dags/example_sensor_decorator.py
[2025-12-16T10:50:09.638+0530] {logging_mixin.py:190} INFO - [2025-12-16T10:50:09.638+0530] {dag.py:3239} INFO - Sync 1 DAGs
[2025-12-16T10:50:09.650+0530] {logging_mixin.py:190} INFO - [2025-12-16T10:50:09.649+0530] {dag.py:4180} INFO - Setting next_dagrun for example_sensor_decorator to None, run_after=None
[2025-12-16T10:50:09.667+0530] {processor.py:208} INFO - Processing /home/sneha/spotify_airflow_project/venv/lib/python3.12/site-packages/airflow/example_dags/example_sensor_decorator.py took 0.063 seconds
[2025-12-16T10:55:19.270+0530] {processor.py:186} INFO - Started process (PID=7900) to work on /home/sneha/spotify_airflow_project/venv/lib/python3.12/site-packages/airflow/example_dags/example_sensor_decorator.py
[2025-12-16T10:55:19.271+0530] {processor.py:914} INFO - Processing file /home/sneha/spotify_airflow_project/venv/lib/python3.12/site-packages/airflow/example_dags/example_sensor_decorator.py for tasks to queue
[2025-12-16T10:55:19.273+0530] {logging_mixin.py:190} INFO - [2025-12-16T10:55:19.273+0530] {dagbag.py:588} INFO - Filling up the DagBag from /home/sneha/spotify_airflow_project/venv/lib/python3.12/site-packages/airflow/example_dags/example_sensor_decorator.py
[2025-12-16T10:55:19.280+0530] {processor.py:925} INFO - DAG(s) 'example_sensor_decorator' retrieved from /home/sneha/spotify_airflow_project/venv/lib/python3.12/site-packages/airflow/example_dags/example_sensor_decorator.py
[2025-12-16T10:55:19.299+0530] {logging_mixin.py:190} INFO - [2025-12-16T10:55:19.298+0530] {dag.py:3239} INFO - Sync 1 DAGs
[2025-12-16T10:55:19.310+0530] {logging_mixin.py:190} INFO - [2025-12-16T10:55:19.310+0530] {dag.py:4180} INFO - Setting next_dagrun for example_sensor_decorator to None, run_after=None
[2025-12-16T10:55:19.328+0530] {processor.py:208} INFO - Processing /home/sneha/spotify_airflow_project/venv/lib/python3.12/site-packages/airflow/example_dags/example_sensor_decorator.py took 0.069 seconds
[2025-12-16T10:56:17.631+0530] {processor.py:186} INFO - Started process (PID=8167) to work on /home/sneha/spotify_airflow_project/venv/lib/python3.12/site-packages/airflow/example_dags/example_sensor_decorator.py
[2025-12-16T10:56:17.632+0530] {processor.py:914} INFO - Processing file /home/sneha/spotify_airflow_project/venv/lib/python3.12/site-packages/airflow/example_dags/example_sensor_decorator.py for tasks to queue
[2025-12-16T10:56:17.633+0530] {logging_mixin.py:190} INFO - [2025-12-16T10:56:17.633+0530] {dagbag.py:588} INFO - Filling up the DagBag from /home/sneha/spotify_airflow_project/venv/lib/python3.12/site-packages/airflow/example_dags/example_sensor_decorator.py
[2025-12-16T10:56:17.641+0530] {processor.py:925} INFO - DAG(s) 'example_sensor_decorator' retrieved from /home/sneha/spotify_airflow_project/venv/lib/python3.12/site-packages/airflow/example_dags/example_sensor_decorator.py
[2025-12-16T10:56:17.655+0530] {logging_mixin.py:190} INFO - [2025-12-16T10:56:17.655+0530] {dag.py:3239} INFO - Sync 1 DAGs
[2025-12-16T10:56:17.667+0530] {logging_mixin.py:190} INFO - [2025-12-16T10:56:17.666+0530] {dag.py:4180} INFO - Setting next_dagrun for example_sensor_decorator to None, run_after=None
[2025-12-16T10:56:17.684+0530] {processor.py:208} INFO - Processing /home/sneha/spotify_airflow_project/venv/lib/python3.12/site-packages/airflow/example_dags/example_sensor_decorator.py took 0.066 seconds
[2025-12-16T10:57:13.655+0530] {processor.py:186} INFO - Started process (PID=8349) to work on /home/sneha/spotify_airflow_project/venv/lib/python3.12/site-packages/airflow/example_dags/example_sensor_decorator.py
[2025-12-16T10:57:13.656+0530] {processor.py:914} INFO - Processing file /home/sneha/spotify_airflow_project/venv/lib/python3.12/site-packages/airflow/example_dags/example_sensor_decorator.py for tasks to queue
[2025-12-16T10:57:13.658+0530] {logging_mixin.py:190} INFO - [2025-12-16T10:57:13.657+0530] {dagbag.py:588} INFO - Filling up the DagBag from /home/sneha/spotify_airflow_project/venv/lib/python3.12/site-packages/airflow/example_dags/example_sensor_decorator.py
[2025-12-16T10:57:13.666+0530] {processor.py:925} INFO - DAG(s) 'example_sensor_decorator' retrieved from /home/sneha/spotify_airflow_project/venv/lib/python3.12/site-packages/airflow/example_dags/example_sensor_decorator.py
[2025-12-16T10:57:13.684+0530] {logging_mixin.py:190} INFO - [2025-12-16T10:57:13.684+0530] {dag.py:3239} INFO - Sync 1 DAGs
[2025-12-16T10:57:13.698+0530] {logging_mixin.py:190} INFO - [2025-12-16T10:57:13.697+0530] {dag.py:4180} INFO - Setting next_dagrun for example_sensor_decorator to None, run_after=None
[2025-12-16T10:57:13.716+0530] {processor.py:208} INFO - Processing /home/sneha/spotify_airflow_project/venv/lib/python3.12/site-packages/airflow/example_dags/example_sensor_decorator.py took 0.068 seconds
[2025-12-16T11:07:24.311+0530] {processor.py:186} INFO - Started process (PID=21575) to work on /home/sneha/spotify_airflow_project/venv/lib/python3.12/site-packages/airflow/example_dags/example_sensor_decorator.py
[2025-12-16T11:07:24.321+0530] {processor.py:914} INFO - Processing file /home/sneha/spotify_airflow_project/venv/lib/python3.12/site-packages/airflow/example_dags/example_sensor_decorator.py for tasks to queue
[2025-12-16T11:07:24.324+0530] {logging_mixin.py:190} INFO - [2025-12-16T11:07:24.324+0530] {dagbag.py:588} INFO - Filling up the DagBag from /home/sneha/spotify_airflow_project/venv/lib/python3.12/site-packages/airflow/example_dags/example_sensor_decorator.py
[2025-12-16T11:07:24.333+0530] {processor.py:925} INFO - DAG(s) 'example_sensor_decorator' retrieved from /home/sneha/spotify_airflow_project/venv/lib/python3.12/site-packages/airflow/example_dags/example_sensor_decorator.py
[2025-12-16T11:07:24.350+0530] {logging_mixin.py:190} INFO - [2025-12-16T11:07:24.350+0530] {dag.py:3239} INFO - Sync 1 DAGs
[2025-12-16T11:07:24.361+0530] {logging_mixin.py:190} INFO - [2025-12-16T11:07:24.361+0530] {dag.py:4180} INFO - Setting next_dagrun for example_sensor_decorator to None, run_after=None
[2025-12-16T11:07:24.379+0530] {processor.py:208} INFO - Processing /home/sneha/spotify_airflow_project/venv/lib/python3.12/site-packages/airflow/example_dags/example_sensor_decorator.py took 0.079 seconds
[2025-12-16T11:08:22.865+0530] {processor.py:186} INFO - Started process (PID=21763) to work on /home/sneha/spotify_airflow_project/venv/lib/python3.12/site-packages/airflow/example_dags/example_sensor_decorator.py
[2025-12-16T11:08:22.866+0530] {processor.py:914} INFO - Processing file /home/sneha/spotify_airflow_project/venv/lib/python3.12/site-packages/airflow/example_dags/example_sensor_decorator.py for tasks to queue
[2025-12-16T11:08:22.868+0530] {logging_mixin.py:190} INFO - [2025-12-16T11:08:22.867+0530] {dagbag.py:588} INFO - Filling up the DagBag from /home/sneha/spotify_airflow_project/venv/lib/python3.12/site-packages/airflow/example_dags/example_sensor_decorator.py
[2025-12-16T11:08:22.877+0530] {processor.py:925} INFO - DAG(s) 'example_sensor_decorator' retrieved from /home/sneha/spotify_airflow_project/venv/lib/python3.12/site-packages/airflow/example_dags/example_sensor_decorator.py
[2025-12-16T11:08:22.894+0530] {logging_mixin.py:190} INFO - [2025-12-16T11:08:22.893+0530] {dag.py:3239} INFO - Sync 1 DAGs
[2025-12-16T11:08:22.906+0530] {logging_mixin.py:190} INFO - [2025-12-16T11:08:22.906+0530] {dag.py:4180} INFO - Setting next_dagrun for example_sensor_decorator to None, run_after=None
[2025-12-16T11:08:22.929+0530] {processor.py:208} INFO - Processing /home/sneha/spotify_airflow_project/venv/lib/python3.12/site-packages/airflow/example_dags/example_sensor_decorator.py took 0.074 seconds
[2025-12-16T11:09:26.000+0530] {processor.py:186} INFO - Started process (PID=21959) to work on /home/sneha/spotify_airflow_project/venv/lib/python3.12/site-packages/airflow/example_dags/example_sensor_decorator.py
[2025-12-16T11:09:26.001+0530] {processor.py:914} INFO - Processing file /home/sneha/spotify_airflow_project/venv/lib/python3.12/site-packages/airflow/example_dags/example_sensor_decorator.py for tasks to queue
[2025-12-16T11:09:26.003+0530] {logging_mixin.py:190} INFO - [2025-12-16T11:09:26.002+0530] {dagbag.py:588} INFO - Filling up the DagBag from /home/sneha/spotify_airflow_project/venv/lib/python3.12/site-packages/airflow/example_dags/example_sensor_decorator.py
[2025-12-16T11:09:26.010+0530] {processor.py:925} INFO - DAG(s) 'example_sensor_decorator' retrieved from /home/sneha/spotify_airflow_project/venv/lib/python3.12/site-packages/airflow/example_dags/example_sensor_decorator.py
[2025-12-16T11:09:26.030+0530] {logging_mixin.py:190} INFO - [2025-12-16T11:09:26.029+0530] {dag.py:3239} INFO - Sync 1 DAGs
[2025-12-16T11:09:26.050+0530] {logging_mixin.py:190} INFO - [2025-12-16T11:09:26.049+0530] {dag.py:4180} INFO - Setting next_dagrun for example_sensor_decorator to None, run_after=None
[2025-12-16T11:09:26.078+0530] {processor.py:208} INFO - Processing /home/sneha/spotify_airflow_project/venv/lib/python3.12/site-packages/airflow/example_dags/example_sensor_decorator.py took 0.088 seconds
[2025-12-16T11:10:22.955+0530] {processor.py:186} INFO - Started process (PID=22022) to work on /home/sneha/spotify_airflow_project/venv/lib/python3.12/site-packages/airflow/example_dags/example_sensor_decorator.py
[2025-12-16T11:10:22.956+0530] {processor.py:914} INFO - Processing file /home/sneha/spotify_airflow_project/venv/lib/python3.12/site-packages/airflow/example_dags/example_sensor_decorator.py for tasks to queue
[2025-12-16T11:10:22.958+0530] {logging_mixin.py:190} INFO - [2025-12-16T11:10:22.958+0530] {dagbag.py:588} INFO - Filling up the DagBag from /home/sneha/spotify_airflow_project/venv/lib/python3.12/site-packages/airflow/example_dags/example_sensor_decorator.py
[2025-12-16T11:10:22.966+0530] {processor.py:925} INFO - DAG(s) 'example_sensor_decorator' retrieved from /home/sneha/spotify_airflow_project/venv/lib/python3.12/site-packages/airflow/example_dags/example_sensor_decorator.py
[2025-12-16T11:10:22.980+0530] {logging_mixin.py:190} INFO - [2025-12-16T11:10:22.979+0530] {dag.py:3239} INFO - Sync 1 DAGs
[2025-12-16T11:10:22.991+0530] {logging_mixin.py:190} INFO - [2025-12-16T11:10:22.990+0530] {dag.py:4180} INFO - Setting next_dagrun for example_sensor_decorator to None, run_after=None
[2025-12-16T11:10:23.008+0530] {processor.py:208} INFO - Processing /home/sneha/spotify_airflow_project/venv/lib/python3.12/site-packages/airflow/example_dags/example_sensor_decorator.py took 0.063 seconds
[2025-12-16T11:11:17.758+0530] {processor.py:186} INFO - Started process (PID=22082) to work on /home/sneha/spotify_airflow_project/venv/lib/python3.12/site-packages/airflow/example_dags/example_sensor_decorator.py
[2025-12-16T11:11:17.769+0530] {processor.py:914} INFO - Processing file /home/sneha/spotify_airflow_project/venv/lib/python3.12/site-packages/airflow/example_dags/example_sensor_decorator.py for tasks to queue
[2025-12-16T11:11:17.772+0530] {logging_mixin.py:190} INFO - [2025-12-16T11:11:17.771+0530] {dagbag.py:588} INFO - Filling up the DagBag from /home/sneha/spotify_airflow_project/venv/lib/python3.12/site-packages/airflow/example_dags/example_sensor_decorator.py
[2025-12-16T11:11:17.782+0530] {processor.py:925} INFO - DAG(s) 'example_sensor_decorator' retrieved from /home/sneha/spotify_airflow_project/venv/lib/python3.12/site-packages/airflow/example_dags/example_sensor_decorator.py
[2025-12-16T11:11:17.800+0530] {logging_mixin.py:190} INFO - [2025-12-16T11:11:17.800+0530] {dag.py:3239} INFO - Sync 1 DAGs
[2025-12-16T11:11:17.812+0530] {logging_mixin.py:190} INFO - [2025-12-16T11:11:17.812+0530] {dag.py:4180} INFO - Setting next_dagrun for example_sensor_decorator to None, run_after=None
[2025-12-16T11:11:17.831+0530] {processor.py:208} INFO - Processing /home/sneha/spotify_airflow_project/venv/lib/python3.12/site-packages/airflow/example_dags/example_sensor_decorator.py took 0.084 seconds
[2025-12-16T11:12:14.872+0530] {processor.py:186} INFO - Started process (PID=22163) to work on /home/sneha/spotify_airflow_project/venv/lib/python3.12/site-packages/airflow/example_dags/example_sensor_decorator.py
[2025-12-16T11:12:14.873+0530] {processor.py:914} INFO - Processing file /home/sneha/spotify_airflow_project/venv/lib/python3.12/site-packages/airflow/example_dags/example_sensor_decorator.py for tasks to queue
[2025-12-16T11:12:14.875+0530] {logging_mixin.py:190} INFO - [2025-12-16T11:12:14.875+0530] {dagbag.py:588} INFO - Filling up the DagBag from /home/sneha/spotify_airflow_project/venv/lib/python3.12/site-packages/airflow/example_dags/example_sensor_decorator.py
[2025-12-16T11:12:14.883+0530] {processor.py:925} INFO - DAG(s) 'example_sensor_decorator' retrieved from /home/sneha/spotify_airflow_project/venv/lib/python3.12/site-packages/airflow/example_dags/example_sensor_decorator.py
[2025-12-16T11:12:14.897+0530] {logging_mixin.py:190} INFO - [2025-12-16T11:12:14.897+0530] {dag.py:3239} INFO - Sync 1 DAGs
[2025-12-16T11:12:14.909+0530] {logging_mixin.py:190} INFO - [2025-12-16T11:12:14.908+0530] {dag.py:4180} INFO - Setting next_dagrun for example_sensor_decorator to None, run_after=None
[2025-12-16T11:12:15.046+0530] {processor.py:208} INFO - Processing /home/sneha/spotify_airflow_project/venv/lib/python3.12/site-packages/airflow/example_dags/example_sensor_decorator.py took 0.185 seconds
[2025-12-16T12:40:02.633+0530] {processor.py:186} INFO - Started process (PID=30471) to work on /home/sneha/spotify_airflow_project/venv/lib/python3.12/site-packages/airflow/example_dags/example_sensor_decorator.py
[2025-12-16T12:40:02.634+0530] {processor.py:914} INFO - Processing file /home/sneha/spotify_airflow_project/venv/lib/python3.12/site-packages/airflow/example_dags/example_sensor_decorator.py for tasks to queue
[2025-12-16T12:40:02.635+0530] {logging_mixin.py:190} INFO - [2025-12-16T12:40:02.635+0530] {dagbag.py:588} INFO - Filling up the DagBag from /home/sneha/spotify_airflow_project/venv/lib/python3.12/site-packages/airflow/example_dags/example_sensor_decorator.py
[2025-12-16T12:40:02.641+0530] {processor.py:925} INFO - DAG(s) 'example_sensor_decorator' retrieved from /home/sneha/spotify_airflow_project/venv/lib/python3.12/site-packages/airflow/example_dags/example_sensor_decorator.py
[2025-12-16T12:40:02.664+0530] {logging_mixin.py:190} INFO - [2025-12-16T12:40:02.664+0530] {dag.py:3239} INFO - Sync 1 DAGs
[2025-12-16T12:40:02.675+0530] {logging_mixin.py:190} INFO - [2025-12-16T12:40:02.675+0530] {dag.py:4180} INFO - Setting next_dagrun for example_sensor_decorator to None, run_after=None
[2025-12-16T12:40:02.693+0530] {processor.py:208} INFO - Processing /home/sneha/spotify_airflow_project/venv/lib/python3.12/site-packages/airflow/example_dags/example_sensor_decorator.py took 0.066 seconds
[2025-12-16T12:41:00.070+0530] {processor.py:186} INFO - Started process (PID=30877) to work on /home/sneha/spotify_airflow_project/venv/lib/python3.12/site-packages/airflow/example_dags/example_sensor_decorator.py
[2025-12-16T12:41:00.071+0530] {processor.py:914} INFO - Processing file /home/sneha/spotify_airflow_project/venv/lib/python3.12/site-packages/airflow/example_dags/example_sensor_decorator.py for tasks to queue
[2025-12-16T12:41:00.072+0530] {logging_mixin.py:190} INFO - [2025-12-16T12:41:00.072+0530] {dagbag.py:588} INFO - Filling up the DagBag from /home/sneha/spotify_airflow_project/venv/lib/python3.12/site-packages/airflow/example_dags/example_sensor_decorator.py
[2025-12-16T12:41:00.078+0530] {processor.py:925} INFO - DAG(s) 'example_sensor_decorator' retrieved from /home/sneha/spotify_airflow_project/venv/lib/python3.12/site-packages/airflow/example_dags/example_sensor_decorator.py
[2025-12-16T12:41:00.095+0530] {logging_mixin.py:190} INFO - [2025-12-16T12:41:00.094+0530] {dag.py:3239} INFO - Sync 1 DAGs
[2025-12-16T12:41:00.107+0530] {logging_mixin.py:190} INFO - [2025-12-16T12:41:00.107+0530] {dag.py:4180} INFO - Setting next_dagrun for example_sensor_decorator to None, run_after=None
[2025-12-16T12:41:00.125+0530] {processor.py:208} INFO - Processing /home/sneha/spotify_airflow_project/venv/lib/python3.12/site-packages/airflow/example_dags/example_sensor_decorator.py took 0.062 seconds
[2025-12-16T12:41:58.760+0530] {processor.py:186} INFO - Started process (PID=31315) to work on /home/sneha/spotify_airflow_project/venv/lib/python3.12/site-packages/airflow/example_dags/example_sensor_decorator.py
[2025-12-16T12:41:58.761+0530] {processor.py:914} INFO - Processing file /home/sneha/spotify_airflow_project/venv/lib/python3.12/site-packages/airflow/example_dags/example_sensor_decorator.py for tasks to queue
[2025-12-16T12:41:58.762+0530] {logging_mixin.py:190} INFO - [2025-12-16T12:41:58.762+0530] {dagbag.py:588} INFO - Filling up the DagBag from /home/sneha/spotify_airflow_project/venv/lib/python3.12/site-packages/airflow/example_dags/example_sensor_decorator.py
[2025-12-16T12:41:58.768+0530] {processor.py:925} INFO - DAG(s) 'example_sensor_decorator' retrieved from /home/sneha/spotify_airflow_project/venv/lib/python3.12/site-packages/airflow/example_dags/example_sensor_decorator.py
[2025-12-16T12:41:58.785+0530] {logging_mixin.py:190} INFO - [2025-12-16T12:41:58.785+0530] {dag.py:3239} INFO - Sync 1 DAGs
[2025-12-16T12:41:58.796+0530] {logging_mixin.py:190} INFO - [2025-12-16T12:41:58.796+0530] {dag.py:4180} INFO - Setting next_dagrun for example_sensor_decorator to None, run_after=None
[2025-12-16T12:41:58.814+0530] {processor.py:208} INFO - Processing /home/sneha/spotify_airflow_project/venv/lib/python3.12/site-packages/airflow/example_dags/example_sensor_decorator.py took 0.065 seconds
[2025-12-16T12:43:09.943+0530] {processor.py:186} INFO - Started process (PID=31868) to work on /home/sneha/spotify_airflow_project/venv/lib/python3.12/site-packages/airflow/example_dags/example_sensor_decorator.py
[2025-12-16T12:43:09.944+0530] {processor.py:914} INFO - Processing file /home/sneha/spotify_airflow_project/venv/lib/python3.12/site-packages/airflow/example_dags/example_sensor_decorator.py for tasks to queue
[2025-12-16T12:43:09.945+0530] {logging_mixin.py:190} INFO - [2025-12-16T12:43:09.945+0530] {dagbag.py:588} INFO - Filling up the DagBag from /home/sneha/spotify_airflow_project/venv/lib/python3.12/site-packages/airflow/example_dags/example_sensor_decorator.py
[2025-12-16T12:43:09.951+0530] {processor.py:925} INFO - DAG(s) 'example_sensor_decorator' retrieved from /home/sneha/spotify_airflow_project/venv/lib/python3.12/site-packages/airflow/example_dags/example_sensor_decorator.py
[2025-12-16T12:43:09.968+0530] {logging_mixin.py:190} INFO - [2025-12-16T12:43:09.967+0530] {dag.py:3239} INFO - Sync 1 DAGs
[2025-12-16T12:43:09.980+0530] {logging_mixin.py:190} INFO - [2025-12-16T12:43:09.980+0530] {dag.py:4180} INFO - Setting next_dagrun for example_sensor_decorator to None, run_after=None
[2025-12-16T12:43:09.998+0530] {processor.py:208} INFO - Processing /home/sneha/spotify_airflow_project/venv/lib/python3.12/site-packages/airflow/example_dags/example_sensor_decorator.py took 0.062 seconds
[2025-12-16T12:45:36.666+0530] {processor.py:186} INFO - Started process (PID=33975) to work on /home/sneha/spotify_airflow_project/venv/lib/python3.12/site-packages/airflow/example_dags/example_sensor_decorator.py
[2025-12-16T12:45:36.667+0530] {processor.py:914} INFO - Processing file /home/sneha/spotify_airflow_project/venv/lib/python3.12/site-packages/airflow/example_dags/example_sensor_decorator.py for tasks to queue
[2025-12-16T12:45:36.670+0530] {logging_mixin.py:190} INFO - [2025-12-16T12:45:36.669+0530] {dagbag.py:588} INFO - Filling up the DagBag from /home/sneha/spotify_airflow_project/venv/lib/python3.12/site-packages/airflow/example_dags/example_sensor_decorator.py
[2025-12-16T12:45:36.678+0530] {processor.py:925} INFO - DAG(s) 'example_sensor_decorator' retrieved from /home/sneha/spotify_airflow_project/venv/lib/python3.12/site-packages/airflow/example_dags/example_sensor_decorator.py
[2025-12-16T12:45:36.705+0530] {logging_mixin.py:190} INFO - [2025-12-16T12:45:36.705+0530] {dag.py:3239} INFO - Sync 1 DAGs
[2025-12-16T12:45:36.724+0530] {logging_mixin.py:190} INFO - [2025-12-16T12:45:36.724+0530] {dag.py:4180} INFO - Setting next_dagrun for example_sensor_decorator to None, run_after=None
[2025-12-16T12:45:36.756+0530] {processor.py:208} INFO - Processing /home/sneha/spotify_airflow_project/venv/lib/python3.12/site-packages/airflow/example_dags/example_sensor_decorator.py took 0.099 seconds
[2025-12-16T12:46:34.166+0530] {processor.py:186} INFO - Started process (PID=34034) to work on /home/sneha/spotify_airflow_project/venv/lib/python3.12/site-packages/airflow/example_dags/example_sensor_decorator.py
[2025-12-16T12:46:34.167+0530] {processor.py:914} INFO - Processing file /home/sneha/spotify_airflow_project/venv/lib/python3.12/site-packages/airflow/example_dags/example_sensor_decorator.py for tasks to queue
[2025-12-16T12:46:34.169+0530] {logging_mixin.py:190} INFO - [2025-12-16T12:46:34.168+0530] {dagbag.py:588} INFO - Filling up the DagBag from /home/sneha/spotify_airflow_project/venv/lib/python3.12/site-packages/airflow/example_dags/example_sensor_decorator.py
[2025-12-16T12:46:34.174+0530] {processor.py:925} INFO - DAG(s) 'example_sensor_decorator' retrieved from /home/sneha/spotify_airflow_project/venv/lib/python3.12/site-packages/airflow/example_dags/example_sensor_decorator.py
[2025-12-16T12:46:34.191+0530] {logging_mixin.py:190} INFO - [2025-12-16T12:46:34.190+0530] {dag.py:3239} INFO - Sync 1 DAGs
[2025-12-16T12:46:34.202+0530] {logging_mixin.py:190} INFO - [2025-12-16T12:46:34.202+0530] {dag.py:4180} INFO - Setting next_dagrun for example_sensor_decorator to None, run_after=None
[2025-12-16T12:46:34.219+0530] {processor.py:208} INFO - Processing /home/sneha/spotify_airflow_project/venv/lib/python3.12/site-packages/airflow/example_dags/example_sensor_decorator.py took 0.060 seconds
[2025-12-16T12:47:29.584+0530] {processor.py:186} INFO - Started process (PID=34111) to work on /home/sneha/spotify_airflow_project/venv/lib/python3.12/site-packages/airflow/example_dags/example_sensor_decorator.py
[2025-12-16T12:47:29.585+0530] {processor.py:914} INFO - Processing file /home/sneha/spotify_airflow_project/venv/lib/python3.12/site-packages/airflow/example_dags/example_sensor_decorator.py for tasks to queue
[2025-12-16T12:47:29.586+0530] {logging_mixin.py:190} INFO - [2025-12-16T12:47:29.586+0530] {dagbag.py:588} INFO - Filling up the DagBag from /home/sneha/spotify_airflow_project/venv/lib/python3.12/site-packages/airflow/example_dags/example_sensor_decorator.py
[2025-12-16T12:47:29.591+0530] {processor.py:925} INFO - DAG(s) 'example_sensor_decorator' retrieved from /home/sneha/spotify_airflow_project/venv/lib/python3.12/site-packages/airflow/example_dags/example_sensor_decorator.py
[2025-12-16T12:47:29.606+0530] {logging_mixin.py:190} INFO - [2025-12-16T12:47:29.606+0530] {dag.py:3239} INFO - Sync 1 DAGs
[2025-12-16T12:47:29.617+0530] {logging_mixin.py:190} INFO - [2025-12-16T12:47:29.617+0530] {dag.py:4180} INFO - Setting next_dagrun for example_sensor_decorator to None, run_after=None
[2025-12-16T12:47:29.634+0530] {processor.py:208} INFO - Processing /home/sneha/spotify_airflow_project/venv/lib/python3.12/site-packages/airflow/example_dags/example_sensor_decorator.py took 0.061 seconds
[2025-12-16T12:48:24.931+0530] {processor.py:186} INFO - Started process (PID=34171) to work on /home/sneha/spotify_airflow_project/venv/lib/python3.12/site-packages/airflow/example_dags/example_sensor_decorator.py
[2025-12-16T12:48:24.932+0530] {processor.py:914} INFO - Processing file /home/sneha/spotify_airflow_project/venv/lib/python3.12/site-packages/airflow/example_dags/example_sensor_decorator.py for tasks to queue
[2025-12-16T12:48:24.933+0530] {logging_mixin.py:190} INFO - [2025-12-16T12:48:24.932+0530] {dagbag.py:588} INFO - Filling up the DagBag from /home/sneha/spotify_airflow_project/venv/lib/python3.12/site-packages/airflow/example_dags/example_sensor_decorator.py
[2025-12-16T12:48:24.938+0530] {processor.py:925} INFO - DAG(s) 'example_sensor_decorator' retrieved from /home/sneha/spotify_airflow_project/venv/lib/python3.12/site-packages/airflow/example_dags/example_sensor_decorator.py
[2025-12-16T12:48:24.954+0530] {logging_mixin.py:190} INFO - [2025-12-16T12:48:24.954+0530] {dag.py:3239} INFO - Sync 1 DAGs
[2025-12-16T12:48:24.965+0530] {logging_mixin.py:190} INFO - [2025-12-16T12:48:24.964+0530] {dag.py:4180} INFO - Setting next_dagrun for example_sensor_decorator to None, run_after=None
[2025-12-16T12:48:24.983+0530] {processor.py:208} INFO - Processing /home/sneha/spotify_airflow_project/venv/lib/python3.12/site-packages/airflow/example_dags/example_sensor_decorator.py took 0.059 seconds
[2025-12-16T12:49:20.937+0530] {processor.py:186} INFO - Started process (PID=34235) to work on /home/sneha/spotify_airflow_project/venv/lib/python3.12/site-packages/airflow/example_dags/example_sensor_decorator.py
[2025-12-16T12:49:20.938+0530] {processor.py:914} INFO - Processing file /home/sneha/spotify_airflow_project/venv/lib/python3.12/site-packages/airflow/example_dags/example_sensor_decorator.py for tasks to queue
[2025-12-16T12:49:20.940+0530] {logging_mixin.py:190} INFO - [2025-12-16T12:49:20.939+0530] {dagbag.py:588} INFO - Filling up the DagBag from /home/sneha/spotify_airflow_project/venv/lib/python3.12/site-packages/airflow/example_dags/example_sensor_decorator.py
[2025-12-16T12:49:20.948+0530] {processor.py:925} INFO - DAG(s) 'example_sensor_decorator' retrieved from /home/sneha/spotify_airflow_project/venv/lib/python3.12/site-packages/airflow/example_dags/example_sensor_decorator.py
[2025-12-16T12:49:20.969+0530] {logging_mixin.py:190} INFO - [2025-12-16T12:49:20.969+0530] {dag.py:3239} INFO - Sync 1 DAGs
[2025-12-16T12:49:20.986+0530] {logging_mixin.py:190} INFO - [2025-12-16T12:49:20.986+0530] {dag.py:4180} INFO - Setting next_dagrun for example_sensor_decorator to None, run_after=None
[2025-12-16T12:49:21.011+0530] {processor.py:208} INFO - Processing /home/sneha/spotify_airflow_project/venv/lib/python3.12/site-packages/airflow/example_dags/example_sensor_decorator.py took 0.085 seconds
[2025-12-16T12:50:17.087+0530] {processor.py:186} INFO - Started process (PID=34319) to work on /home/sneha/spotify_airflow_project/venv/lib/python3.12/site-packages/airflow/example_dags/example_sensor_decorator.py
[2025-12-16T12:50:17.088+0530] {processor.py:914} INFO - Processing file /home/sneha/spotify_airflow_project/venv/lib/python3.12/site-packages/airflow/example_dags/example_sensor_decorator.py for tasks to queue
[2025-12-16T12:50:17.090+0530] {logging_mixin.py:190} INFO - [2025-12-16T12:50:17.089+0530] {dagbag.py:588} INFO - Filling up the DagBag from /home/sneha/spotify_airflow_project/venv/lib/python3.12/site-packages/airflow/example_dags/example_sensor_decorator.py
[2025-12-16T12:50:17.096+0530] {processor.py:925} INFO - DAG(s) 'example_sensor_decorator' retrieved from /home/sneha/spotify_airflow_project/venv/lib/python3.12/site-packages/airflow/example_dags/example_sensor_decorator.py
[2025-12-16T12:50:17.117+0530] {logging_mixin.py:190} INFO - [2025-12-16T12:50:17.116+0530] {dag.py:3239} INFO - Sync 1 DAGs
[2025-12-16T12:50:17.138+0530] {logging_mixin.py:190} INFO - [2025-12-16T12:50:17.137+0530] {dag.py:4180} INFO - Setting next_dagrun for example_sensor_decorator to None, run_after=None
[2025-12-16T12:50:17.174+0530] {processor.py:208} INFO - Processing /home/sneha/spotify_airflow_project/venv/lib/python3.12/site-packages/airflow/example_dags/example_sensor_decorator.py took 0.094 seconds
[2025-12-16T12:51:14.023+0530] {processor.py:186} INFO - Started process (PID=34492) to work on /home/sneha/spotify_airflow_project/venv/lib/python3.12/site-packages/airflow/example_dags/example_sensor_decorator.py
[2025-12-16T12:51:14.025+0530] {processor.py:914} INFO - Processing file /home/sneha/spotify_airflow_project/venv/lib/python3.12/site-packages/airflow/example_dags/example_sensor_decorator.py for tasks to queue
[2025-12-16T12:51:14.026+0530] {logging_mixin.py:190} INFO - [2025-12-16T12:51:14.026+0530] {dagbag.py:588} INFO - Filling up the DagBag from /home/sneha/spotify_airflow_project/venv/lib/python3.12/site-packages/airflow/example_dags/example_sensor_decorator.py
[2025-12-16T12:51:14.032+0530] {processor.py:925} INFO - DAG(s) 'example_sensor_decorator' retrieved from /home/sneha/spotify_airflow_project/venv/lib/python3.12/site-packages/airflow/example_dags/example_sensor_decorator.py
[2025-12-16T12:51:14.049+0530] {logging_mixin.py:190} INFO - [2025-12-16T12:51:14.049+0530] {dag.py:3239} INFO - Sync 1 DAGs
[2025-12-16T12:51:14.060+0530] {logging_mixin.py:190} INFO - [2025-12-16T12:51:14.060+0530] {dag.py:4180} INFO - Setting next_dagrun for example_sensor_decorator to None, run_after=None
[2025-12-16T12:51:14.078+0530] {processor.py:208} INFO - Processing /home/sneha/spotify_airflow_project/venv/lib/python3.12/site-packages/airflow/example_dags/example_sensor_decorator.py took 0.064 seconds
[2025-12-16T12:52:42.876+0530] {processor.py:186} INFO - Started process (PID=35387) to work on /home/sneha/spotify_airflow_project/venv/lib/python3.12/site-packages/airflow/example_dags/example_sensor_decorator.py
[2025-12-16T12:52:42.877+0530] {processor.py:914} INFO - Processing file /home/sneha/spotify_airflow_project/venv/lib/python3.12/site-packages/airflow/example_dags/example_sensor_decorator.py for tasks to queue
[2025-12-16T12:52:42.878+0530] {logging_mixin.py:190} INFO - [2025-12-16T12:52:42.878+0530] {dagbag.py:588} INFO - Filling up the DagBag from /home/sneha/spotify_airflow_project/venv/lib/python3.12/site-packages/airflow/example_dags/example_sensor_decorator.py
[2025-12-16T12:52:42.884+0530] {processor.py:925} INFO - DAG(s) 'example_sensor_decorator' retrieved from /home/sneha/spotify_airflow_project/venv/lib/python3.12/site-packages/airflow/example_dags/example_sensor_decorator.py
[2025-12-16T12:52:42.901+0530] {logging_mixin.py:190} INFO - [2025-12-16T12:52:42.901+0530] {dag.py:3239} INFO - Sync 1 DAGs
[2025-12-16T12:52:42.913+0530] {logging_mixin.py:190} INFO - [2025-12-16T12:52:42.913+0530] {dag.py:4180} INFO - Setting next_dagrun for example_sensor_decorator to None, run_after=None
[2025-12-16T12:52:42.931+0530] {processor.py:208} INFO - Processing /home/sneha/spotify_airflow_project/venv/lib/python3.12/site-packages/airflow/example_dags/example_sensor_decorator.py took 0.062 seconds
[2025-12-16T12:53:40.392+0530] {processor.py:186} INFO - Started process (PID=35793) to work on /home/sneha/spotify_airflow_project/venv/lib/python3.12/site-packages/airflow/example_dags/example_sensor_decorator.py
[2025-12-16T12:53:40.393+0530] {processor.py:914} INFO - Processing file /home/sneha/spotify_airflow_project/venv/lib/python3.12/site-packages/airflow/example_dags/example_sensor_decorator.py for tasks to queue
[2025-12-16T12:53:40.394+0530] {logging_mixin.py:190} INFO - [2025-12-16T12:53:40.394+0530] {dagbag.py:588} INFO - Filling up the DagBag from /home/sneha/spotify_airflow_project/venv/lib/python3.12/site-packages/airflow/example_dags/example_sensor_decorator.py
[2025-12-16T12:53:40.401+0530] {processor.py:925} INFO - DAG(s) 'example_sensor_decorator' retrieved from /home/sneha/spotify_airflow_project/venv/lib/python3.12/site-packages/airflow/example_dags/example_sensor_decorator.py
[2025-12-16T12:53:40.418+0530] {logging_mixin.py:190} INFO - [2025-12-16T12:53:40.418+0530] {dag.py:3239} INFO - Sync 1 DAGs
[2025-12-16T12:53:40.429+0530] {logging_mixin.py:190} INFO - [2025-12-16T12:53:40.429+0530] {dag.py:4180} INFO - Setting next_dagrun for example_sensor_decorator to None, run_after=None
[2025-12-16T12:53:40.447+0530] {processor.py:208} INFO - Processing /home/sneha/spotify_airflow_project/venv/lib/python3.12/site-packages/airflow/example_dags/example_sensor_decorator.py took 0.062 seconds
[2025-12-16T12:54:33.765+0530] {processor.py:186} INFO - Started process (PID=36165) to work on /home/sneha/spotify_airflow_project/venv/lib/python3.12/site-packages/airflow/example_dags/example_sensor_decorator.py
[2025-12-16T12:54:33.766+0530] {processor.py:914} INFO - Processing file /home/sneha/spotify_airflow_project/venv/lib/python3.12/site-packages/airflow/example_dags/example_sensor_decorator.py for tasks to queue
[2025-12-16T12:54:33.767+0530] {logging_mixin.py:190} INFO - [2025-12-16T12:54:33.767+0530] {dagbag.py:588} INFO - Filling up the DagBag from /home/sneha/spotify_airflow_project/venv/lib/python3.12/site-packages/airflow/example_dags/example_sensor_decorator.py
[2025-12-16T12:54:33.773+0530] {processor.py:925} INFO - DAG(s) 'example_sensor_decorator' retrieved from /home/sneha/spotify_airflow_project/venv/lib/python3.12/site-packages/airflow/example_dags/example_sensor_decorator.py
[2025-12-16T12:54:33.790+0530] {logging_mixin.py:190} INFO - [2025-12-16T12:54:33.790+0530] {dag.py:3239} INFO - Sync 1 DAGs
[2025-12-16T12:54:33.802+0530] {logging_mixin.py:190} INFO - [2025-12-16T12:54:33.802+0530] {dag.py:4180} INFO - Setting next_dagrun for example_sensor_decorator to None, run_after=None
[2025-12-16T12:54:33.820+0530] {processor.py:208} INFO - Processing /home/sneha/spotify_airflow_project/venv/lib/python3.12/site-packages/airflow/example_dags/example_sensor_decorator.py took 0.061 seconds
[2025-12-16T12:55:30.727+0530] {processor.py:186} INFO - Started process (PID=36589) to work on /home/sneha/spotify_airflow_project/venv/lib/python3.12/site-packages/airflow/example_dags/example_sensor_decorator.py
[2025-12-16T12:55:30.728+0530] {processor.py:914} INFO - Processing file /home/sneha/spotify_airflow_project/venv/lib/python3.12/site-packages/airflow/example_dags/example_sensor_decorator.py for tasks to queue
[2025-12-16T12:55:30.729+0530] {logging_mixin.py:190} INFO - [2025-12-16T12:55:30.728+0530] {dagbag.py:588} INFO - Filling up the DagBag from /home/sneha/spotify_airflow_project/venv/lib/python3.12/site-packages/airflow/example_dags/example_sensor_decorator.py
[2025-12-16T12:55:30.735+0530] {processor.py:925} INFO - DAG(s) 'example_sensor_decorator' retrieved from /home/sneha/spotify_airflow_project/venv/lib/python3.12/site-packages/airflow/example_dags/example_sensor_decorator.py
[2025-12-16T12:55:30.752+0530] {logging_mixin.py:190} INFO - [2025-12-16T12:55:30.752+0530] {dag.py:3239} INFO - Sync 1 DAGs
[2025-12-16T12:55:30.764+0530] {logging_mixin.py:190} INFO - [2025-12-16T12:55:30.764+0530] {dag.py:4180} INFO - Setting next_dagrun for example_sensor_decorator to None, run_after=None
[2025-12-16T12:55:30.785+0530] {processor.py:208} INFO - Processing /home/sneha/spotify_airflow_project/venv/lib/python3.12/site-packages/airflow/example_dags/example_sensor_decorator.py took 0.065 seconds
[2025-12-16T12:56:25.961+0530] {processor.py:186} INFO - Started process (PID=36977) to work on /home/sneha/spotify_airflow_project/venv/lib/python3.12/site-packages/airflow/example_dags/example_sensor_decorator.py
[2025-12-16T12:56:25.962+0530] {processor.py:914} INFO - Processing file /home/sneha/spotify_airflow_project/venv/lib/python3.12/site-packages/airflow/example_dags/example_sensor_decorator.py for tasks to queue
[2025-12-16T12:56:25.964+0530] {logging_mixin.py:190} INFO - [2025-12-16T12:56:25.963+0530] {dagbag.py:588} INFO - Filling up the DagBag from /home/sneha/spotify_airflow_project/venv/lib/python3.12/site-packages/airflow/example_dags/example_sensor_decorator.py
[2025-12-16T12:56:25.970+0530] {processor.py:925} INFO - DAG(s) 'example_sensor_decorator' retrieved from /home/sneha/spotify_airflow_project/venv/lib/python3.12/site-packages/airflow/example_dags/example_sensor_decorator.py
[2025-12-16T12:56:25.987+0530] {logging_mixin.py:190} INFO - [2025-12-16T12:56:25.986+0530] {dag.py:3239} INFO - Sync 1 DAGs
[2025-12-16T12:56:25.999+0530] {logging_mixin.py:190} INFO - [2025-12-16T12:56:25.998+0530] {dag.py:4180} INFO - Setting next_dagrun for example_sensor_decorator to None, run_after=None
[2025-12-16T12:56:26.017+0530] {processor.py:208} INFO - Processing /home/sneha/spotify_airflow_project/venv/lib/python3.12/site-packages/airflow/example_dags/example_sensor_decorator.py took 0.065 seconds
[2025-12-16T12:57:53.606+0530] {processor.py:186} INFO - Started process (PID=37833) to work on /home/sneha/spotify_airflow_project/venv/lib/python3.12/site-packages/airflow/example_dags/example_sensor_decorator.py
[2025-12-16T12:57:53.607+0530] {processor.py:914} INFO - Processing file /home/sneha/spotify_airflow_project/venv/lib/python3.12/site-packages/airflow/example_dags/example_sensor_decorator.py for tasks to queue
[2025-12-16T12:57:53.608+0530] {logging_mixin.py:190} INFO - [2025-12-16T12:57:53.608+0530] {dagbag.py:588} INFO - Filling up the DagBag from /home/sneha/spotify_airflow_project/venv/lib/python3.12/site-packages/airflow/example_dags/example_sensor_decorator.py
[2025-12-16T12:57:53.614+0530] {processor.py:925} INFO - DAG(s) 'example_sensor_decorator' retrieved from /home/sneha/spotify_airflow_project/venv/lib/python3.12/site-packages/airflow/example_dags/example_sensor_decorator.py
[2025-12-16T12:57:53.630+0530] {logging_mixin.py:190} INFO - [2025-12-16T12:57:53.630+0530] {dag.py:3239} INFO - Sync 1 DAGs
[2025-12-16T12:57:53.641+0530] {logging_mixin.py:190} INFO - [2025-12-16T12:57:53.641+0530] {dag.py:4180} INFO - Setting next_dagrun for example_sensor_decorator to None, run_after=None
[2025-12-16T12:57:53.658+0530] {processor.py:208} INFO - Processing /home/sneha/spotify_airflow_project/venv/lib/python3.12/site-packages/airflow/example_dags/example_sensor_decorator.py took 0.064 seconds
[2025-12-16T12:58:49.883+0530] {processor.py:186} INFO - Started process (PID=37943) to work on /home/sneha/spotify_airflow_project/venv/lib/python3.12/site-packages/airflow/example_dags/example_sensor_decorator.py
[2025-12-16T12:58:49.887+0530] {processor.py:914} INFO - Processing file /home/sneha/spotify_airflow_project/venv/lib/python3.12/site-packages/airflow/example_dags/example_sensor_decorator.py for tasks to queue
[2025-12-16T12:58:49.900+0530] {logging_mixin.py:190} INFO - [2025-12-16T12:58:49.894+0530] {dagbag.py:588} INFO - Filling up the DagBag from /home/sneha/spotify_airflow_project/venv/lib/python3.12/site-packages/airflow/example_dags/example_sensor_decorator.py
[2025-12-16T12:58:49.949+0530] {processor.py:925} INFO - DAG(s) 'example_sensor_decorator' retrieved from /home/sneha/spotify_airflow_project/venv/lib/python3.12/site-packages/airflow/example_dags/example_sensor_decorator.py
[2025-12-16T12:58:50.021+0530] {logging_mixin.py:190} INFO - [2025-12-16T12:58:50.021+0530] {dag.py:3239} INFO - Sync 1 DAGs
[2025-12-16T12:58:50.061+0530] {logging_mixin.py:190} INFO - [2025-12-16T12:58:50.061+0530] {dag.py:4180} INFO - Setting next_dagrun for example_sensor_decorator to None, run_after=None
[2025-12-16T12:58:50.117+0530] {processor.py:208} INFO - Processing /home/sneha/spotify_airflow_project/venv/lib/python3.12/site-packages/airflow/example_dags/example_sensor_decorator.py took 0.272 seconds
[2025-12-16T12:59:48.407+0530] {processor.py:186} INFO - Started process (PID=38142) to work on /home/sneha/spotify_airflow_project/venv/lib/python3.12/site-packages/airflow/example_dags/example_sensor_decorator.py
[2025-12-16T12:59:48.414+0530] {processor.py:914} INFO - Processing file /home/sneha/spotify_airflow_project/venv/lib/python3.12/site-packages/airflow/example_dags/example_sensor_decorator.py for tasks to queue
[2025-12-16T12:59:48.416+0530] {logging_mixin.py:190} INFO - [2025-12-16T12:59:48.415+0530] {dagbag.py:588} INFO - Filling up the DagBag from /home/sneha/spotify_airflow_project/venv/lib/python3.12/site-packages/airflow/example_dags/example_sensor_decorator.py
[2025-12-16T12:59:48.427+0530] {processor.py:925} INFO - DAG(s) 'example_sensor_decorator' retrieved from /home/sneha/spotify_airflow_project/venv/lib/python3.12/site-packages/airflow/example_dags/example_sensor_decorator.py
[2025-12-16T12:59:48.452+0530] {logging_mixin.py:190} INFO - [2025-12-16T12:59:48.452+0530] {dag.py:3239} INFO - Sync 1 DAGs
[2025-12-16T12:59:48.470+0530] {logging_mixin.py:190} INFO - [2025-12-16T12:59:48.470+0530] {dag.py:4180} INFO - Setting next_dagrun for example_sensor_decorator to None, run_after=None
[2025-12-16T12:59:48.495+0530] {processor.py:208} INFO - Processing /home/sneha/spotify_airflow_project/venv/lib/python3.12/site-packages/airflow/example_dags/example_sensor_decorator.py took 0.099 seconds
