[2025-12-16T10:55:36.103+0530] {processor.py:186} INFO - Started process (PID=7984) to work on /home/sneha/spotify_airflow_project/venv/lib/python3.12/site-packages/airflow/example_dags/example_branch_python_dop_operator_3.py
[2025-12-16T10:55:36.104+0530] {processor.py:914} INFO - Processing file /home/sneha/spotify_airflow_project/venv/lib/python3.12/site-packages/airflow/example_dags/example_branch_python_dop_operator_3.py for tasks to queue
[2025-12-16T10:55:36.107+0530] {logging_mixin.py:190} INFO - [2025-12-16T10:55:36.106+0530] {dagbag.py:588} INFO - Filling up the DagBag from /home/sneha/spotify_airflow_project/venv/lib/python3.12/site-packages/airflow/example_dags/example_branch_python_dop_operator_3.py
[2025-12-16T10:55:36.121+0530] {processor.py:925} INFO - DAG(s) 'example_branch_dop_operator_v3' retrieved from /home/sneha/spotify_airflow_project/venv/lib/python3.12/site-packages/airflow/example_dags/example_branch_python_dop_operator_3.py
[2025-12-16T10:55:36.142+0530] {logging_mixin.py:190} INFO - [2025-12-16T10:55:36.142+0530] {dag.py:3239} INFO - Sync 1 DAGs
[2025-12-16T10:55:36.175+0530] {logging_mixin.py:190} INFO - [2025-12-16T10:55:36.174+0530] {dag.py:4180} INFO - Setting next_dagrun for example_branch_dop_operator_v3 to 2025-12-16 05:24:00+00:00, run_after=2025-12-16 05:25:00+00:00
[2025-12-16T10:55:36.200+0530] {processor.py:208} INFO - Processing /home/sneha/spotify_airflow_project/venv/lib/python3.12/site-packages/airflow/example_dags/example_branch_python_dop_operator_3.py took 0.103 seconds
[2025-12-16T10:56:33.013+0530] {processor.py:186} INFO - Started process (PID=8215) to work on /home/sneha/spotify_airflow_project/venv/lib/python3.12/site-packages/airflow/example_dags/example_branch_python_dop_operator_3.py
[2025-12-16T10:56:33.015+0530] {processor.py:914} INFO - Processing file /home/sneha/spotify_airflow_project/venv/lib/python3.12/site-packages/airflow/example_dags/example_branch_python_dop_operator_3.py for tasks to queue
[2025-12-16T10:56:33.016+0530] {logging_mixin.py:190} INFO - [2025-12-16T10:56:33.016+0530] {dagbag.py:588} INFO - Filling up the DagBag from /home/sneha/spotify_airflow_project/venv/lib/python3.12/site-packages/airflow/example_dags/example_branch_python_dop_operator_3.py
[2025-12-16T10:56:33.028+0530] {processor.py:925} INFO - DAG(s) 'example_branch_dop_operator_v3' retrieved from /home/sneha/spotify_airflow_project/venv/lib/python3.12/site-packages/airflow/example_dags/example_branch_python_dop_operator_3.py
[2025-12-16T10:56:33.044+0530] {logging_mixin.py:190} INFO - [2025-12-16T10:56:33.044+0530] {dag.py:3239} INFO - Sync 1 DAGs
[2025-12-16T10:56:33.068+0530] {logging_mixin.py:190} INFO - [2025-12-16T10:56:33.068+0530] {dag.py:4180} INFO - Setting next_dagrun for example_branch_dop_operator_v3 to 2025-12-16 05:25:00+00:00, run_after=2025-12-16 05:26:00+00:00
[2025-12-16T10:56:33.091+0530] {processor.py:208} INFO - Processing /home/sneha/spotify_airflow_project/venv/lib/python3.12/site-packages/airflow/example_dags/example_branch_python_dop_operator_3.py took 0.084 seconds
[2025-12-16T11:07:41.418+0530] {processor.py:186} INFO - Started process (PID=21622) to work on /home/sneha/spotify_airflow_project/venv/lib/python3.12/site-packages/airflow/example_dags/example_branch_python_dop_operator_3.py
[2025-12-16T11:07:41.420+0530] {processor.py:914} INFO - Processing file /home/sneha/spotify_airflow_project/venv/lib/python3.12/site-packages/airflow/example_dags/example_branch_python_dop_operator_3.py for tasks to queue
[2025-12-16T11:07:41.423+0530] {logging_mixin.py:190} INFO - [2025-12-16T11:07:41.422+0530] {dagbag.py:588} INFO - Filling up the DagBag from /home/sneha/spotify_airflow_project/venv/lib/python3.12/site-packages/airflow/example_dags/example_branch_python_dop_operator_3.py
[2025-12-16T11:07:41.435+0530] {processor.py:925} INFO - DAG(s) 'example_branch_dop_operator_v3' retrieved from /home/sneha/spotify_airflow_project/venv/lib/python3.12/site-packages/airflow/example_dags/example_branch_python_dop_operator_3.py
[2025-12-16T11:07:41.452+0530] {logging_mixin.py:190} INFO - [2025-12-16T11:07:41.452+0530] {dag.py:3239} INFO - Sync 1 DAGs
[2025-12-16T11:07:41.477+0530] {logging_mixin.py:190} INFO - [2025-12-16T11:07:41.477+0530] {dag.py:4180} INFO - Setting next_dagrun for example_branch_dop_operator_v3 to 2025-12-16 05:36:00+00:00, run_after=2025-12-16 05:37:00+00:00
[2025-12-16T11:07:41.498+0530] {processor.py:208} INFO - Processing /home/sneha/spotify_airflow_project/venv/lib/python3.12/site-packages/airflow/example_dags/example_branch_python_dop_operator_3.py took 0.087 seconds
[2025-12-16T11:08:38.737+0530] {processor.py:186} INFO - Started process (PID=21782) to work on /home/sneha/spotify_airflow_project/venv/lib/python3.12/site-packages/airflow/example_dags/example_branch_python_dop_operator_3.py
[2025-12-16T11:08:38.738+0530] {processor.py:914} INFO - Processing file /home/sneha/spotify_airflow_project/venv/lib/python3.12/site-packages/airflow/example_dags/example_branch_python_dop_operator_3.py for tasks to queue
[2025-12-16T11:08:38.741+0530] {logging_mixin.py:190} INFO - [2025-12-16T11:08:38.741+0530] {dagbag.py:588} INFO - Filling up the DagBag from /home/sneha/spotify_airflow_project/venv/lib/python3.12/site-packages/airflow/example_dags/example_branch_python_dop_operator_3.py
[2025-12-16T11:08:38.755+0530] {processor.py:925} INFO - DAG(s) 'example_branch_dop_operator_v3' retrieved from /home/sneha/spotify_airflow_project/venv/lib/python3.12/site-packages/airflow/example_dags/example_branch_python_dop_operator_3.py
[2025-12-16T11:08:38.775+0530] {logging_mixin.py:190} INFO - [2025-12-16T11:08:38.775+0530] {dag.py:3239} INFO - Sync 1 DAGs
[2025-12-16T11:08:38.807+0530] {logging_mixin.py:190} INFO - [2025-12-16T11:08:38.806+0530] {dag.py:4180} INFO - Setting next_dagrun for example_branch_dop_operator_v3 to 2025-12-16 05:37:00+00:00, run_after=2025-12-16 05:38:00+00:00
[2025-12-16T11:08:38.830+0530] {processor.py:208} INFO - Processing /home/sneha/spotify_airflow_project/venv/lib/python3.12/site-packages/airflow/example_dags/example_branch_python_dop_operator_3.py took 0.099 seconds
[2025-12-16T11:09:41.145+0530] {processor.py:186} INFO - Started process (PID=21977) to work on /home/sneha/spotify_airflow_project/venv/lib/python3.12/site-packages/airflow/example_dags/example_branch_python_dop_operator_3.py
[2025-12-16T11:09:41.146+0530] {processor.py:914} INFO - Processing file /home/sneha/spotify_airflow_project/venv/lib/python3.12/site-packages/airflow/example_dags/example_branch_python_dop_operator_3.py for tasks to queue
[2025-12-16T11:09:41.149+0530] {logging_mixin.py:190} INFO - [2025-12-16T11:09:41.148+0530] {dagbag.py:588} INFO - Filling up the DagBag from /home/sneha/spotify_airflow_project/venv/lib/python3.12/site-packages/airflow/example_dags/example_branch_python_dop_operator_3.py
[2025-12-16T11:09:41.158+0530] {processor.py:925} INFO - DAG(s) 'example_branch_dop_operator_v3' retrieved from /home/sneha/spotify_airflow_project/venv/lib/python3.12/site-packages/airflow/example_dags/example_branch_python_dop_operator_3.py
[2025-12-16T11:09:41.174+0530] {logging_mixin.py:190} INFO - [2025-12-16T11:09:41.174+0530] {dag.py:3239} INFO - Sync 1 DAGs
[2025-12-16T11:09:41.196+0530] {logging_mixin.py:190} INFO - [2025-12-16T11:09:41.196+0530] {dag.py:4180} INFO - Setting next_dagrun for example_branch_dop_operator_v3 to 2025-12-16 05:38:00+00:00, run_after=2025-12-16 05:39:00+00:00
[2025-12-16T11:09:41.218+0530] {processor.py:208} INFO - Processing /home/sneha/spotify_airflow_project/venv/lib/python3.12/site-packages/airflow/example_dags/example_branch_python_dop_operator_3.py took 0.083 seconds
[2025-12-16T11:10:40.054+0530] {processor.py:186} INFO - Started process (PID=22041) to work on /home/sneha/spotify_airflow_project/venv/lib/python3.12/site-packages/airflow/example_dags/example_branch_python_dop_operator_3.py
[2025-12-16T11:10:40.065+0530] {processor.py:914} INFO - Processing file /home/sneha/spotify_airflow_project/venv/lib/python3.12/site-packages/airflow/example_dags/example_branch_python_dop_operator_3.py for tasks to queue
[2025-12-16T11:10:40.068+0530] {logging_mixin.py:190} INFO - [2025-12-16T11:10:40.068+0530] {dagbag.py:588} INFO - Filling up the DagBag from /home/sneha/spotify_airflow_project/venv/lib/python3.12/site-packages/airflow/example_dags/example_branch_python_dop_operator_3.py
[2025-12-16T11:10:40.079+0530] {processor.py:925} INFO - DAG(s) 'example_branch_dop_operator_v3' retrieved from /home/sneha/spotify_airflow_project/venv/lib/python3.12/site-packages/airflow/example_dags/example_branch_python_dop_operator_3.py
[2025-12-16T11:10:40.094+0530] {logging_mixin.py:190} INFO - [2025-12-16T11:10:40.094+0530] {dag.py:3239} INFO - Sync 1 DAGs
[2025-12-16T11:10:40.116+0530] {logging_mixin.py:190} INFO - [2025-12-16T11:10:40.116+0530] {dag.py:4180} INFO - Setting next_dagrun for example_branch_dop_operator_v3 to 2025-12-16 05:39:00+00:00, run_after=2025-12-16 05:40:00+00:00
[2025-12-16T11:10:40.135+0530] {processor.py:208} INFO - Processing /home/sneha/spotify_airflow_project/venv/lib/python3.12/site-packages/airflow/example_dags/example_branch_python_dop_operator_3.py took 0.092 seconds
[2025-12-16T11:11:34.486+0530] {processor.py:186} INFO - Started process (PID=22099) to work on /home/sneha/spotify_airflow_project/venv/lib/python3.12/site-packages/airflow/example_dags/example_branch_python_dop_operator_3.py
[2025-12-16T11:11:34.497+0530] {processor.py:914} INFO - Processing file /home/sneha/spotify_airflow_project/venv/lib/python3.12/site-packages/airflow/example_dags/example_branch_python_dop_operator_3.py for tasks to queue
[2025-12-16T11:11:34.500+0530] {logging_mixin.py:190} INFO - [2025-12-16T11:11:34.499+0530] {dagbag.py:588} INFO - Filling up the DagBag from /home/sneha/spotify_airflow_project/venv/lib/python3.12/site-packages/airflow/example_dags/example_branch_python_dop_operator_3.py
[2025-12-16T11:11:34.511+0530] {processor.py:925} INFO - DAG(s) 'example_branch_dop_operator_v3' retrieved from /home/sneha/spotify_airflow_project/venv/lib/python3.12/site-packages/airflow/example_dags/example_branch_python_dop_operator_3.py
[2025-12-16T11:11:34.526+0530] {logging_mixin.py:190} INFO - [2025-12-16T11:11:34.526+0530] {dag.py:3239} INFO - Sync 1 DAGs
[2025-12-16T11:11:34.548+0530] {logging_mixin.py:190} INFO - [2025-12-16T11:11:34.547+0530] {dag.py:4180} INFO - Setting next_dagrun for example_branch_dop_operator_v3 to 2025-12-16 05:40:00+00:00, run_after=2025-12-16 05:41:00+00:00
[2025-12-16T11:11:34.566+0530] {processor.py:208} INFO - Processing /home/sneha/spotify_airflow_project/venv/lib/python3.12/site-packages/airflow/example_dags/example_branch_python_dop_operator_3.py took 0.092 seconds
[2025-12-16T11:12:34.600+0530] {processor.py:186} INFO - Started process (PID=22180) to work on /home/sneha/spotify_airflow_project/venv/lib/python3.12/site-packages/airflow/example_dags/example_branch_python_dop_operator_3.py
[2025-12-16T11:12:34.601+0530] {processor.py:914} INFO - Processing file /home/sneha/spotify_airflow_project/venv/lib/python3.12/site-packages/airflow/example_dags/example_branch_python_dop_operator_3.py for tasks to queue
[2025-12-16T11:12:34.602+0530] {logging_mixin.py:190} INFO - [2025-12-16T11:12:34.602+0530] {dagbag.py:588} INFO - Filling up the DagBag from /home/sneha/spotify_airflow_project/venv/lib/python3.12/site-packages/airflow/example_dags/example_branch_python_dop_operator_3.py
[2025-12-16T11:12:34.612+0530] {processor.py:925} INFO - DAG(s) 'example_branch_dop_operator_v3' retrieved from /home/sneha/spotify_airflow_project/venv/lib/python3.12/site-packages/airflow/example_dags/example_branch_python_dop_operator_3.py
[2025-12-16T11:12:34.630+0530] {logging_mixin.py:190} INFO - [2025-12-16T11:12:34.629+0530] {dag.py:3239} INFO - Sync 1 DAGs
[2025-12-16T11:12:34.758+0530] {logging_mixin.py:190} INFO - [2025-12-16T11:12:34.758+0530] {dag.py:4180} INFO - Setting next_dagrun for example_branch_dop_operator_v3 to 2025-12-16 05:41:00+00:00, run_after=2025-12-16 05:42:00+00:00
[2025-12-16T11:12:34.786+0530] {processor.py:208} INFO - Processing /home/sneha/spotify_airflow_project/venv/lib/python3.12/site-packages/airflow/example_dags/example_branch_python_dop_operator_3.py took 0.196 seconds
[2025-12-16T12:40:17.848+0530] {processor.py:186} INFO - Started process (PID=30592) to work on /home/sneha/spotify_airflow_project/venv/lib/python3.12/site-packages/airflow/example_dags/example_branch_python_dop_operator_3.py
[2025-12-16T12:40:17.850+0530] {processor.py:914} INFO - Processing file /home/sneha/spotify_airflow_project/venv/lib/python3.12/site-packages/airflow/example_dags/example_branch_python_dop_operator_3.py for tasks to queue
[2025-12-16T12:40:17.851+0530] {logging_mixin.py:190} INFO - [2025-12-16T12:40:17.850+0530] {dagbag.py:588} INFO - Filling up the DagBag from /home/sneha/spotify_airflow_project/venv/lib/python3.12/site-packages/airflow/example_dags/example_branch_python_dop_operator_3.py
[2025-12-16T12:40:17.857+0530] {processor.py:925} INFO - DAG(s) 'example_branch_dop_operator_v3' retrieved from /home/sneha/spotify_airflow_project/venv/lib/python3.12/site-packages/airflow/example_dags/example_branch_python_dop_operator_3.py
[2025-12-16T12:40:17.874+0530] {logging_mixin.py:190} INFO - [2025-12-16T12:40:17.874+0530] {dag.py:3239} INFO - Sync 1 DAGs
[2025-12-16T12:40:17.893+0530] {logging_mixin.py:190} INFO - [2025-12-16T12:40:17.893+0530] {dag.py:4180} INFO - Setting next_dagrun for example_branch_dop_operator_v3 to 2025-12-16 07:09:00+00:00, run_after=2025-12-16 07:10:00+00:00
[2025-12-16T12:40:17.911+0530] {processor.py:208} INFO - Processing /home/sneha/spotify_airflow_project/venv/lib/python3.12/site-packages/airflow/example_dags/example_branch_python_dop_operator_3.py took 0.070 seconds
[2025-12-16T12:41:15.671+0530] {processor.py:186} INFO - Started process (PID=30984) to work on /home/sneha/spotify_airflow_project/venv/lib/python3.12/site-packages/airflow/example_dags/example_branch_python_dop_operator_3.py
[2025-12-16T12:41:15.672+0530] {processor.py:914} INFO - Processing file /home/sneha/spotify_airflow_project/venv/lib/python3.12/site-packages/airflow/example_dags/example_branch_python_dop_operator_3.py for tasks to queue
[2025-12-16T12:41:15.674+0530] {logging_mixin.py:190} INFO - [2025-12-16T12:41:15.673+0530] {dagbag.py:588} INFO - Filling up the DagBag from /home/sneha/spotify_airflow_project/venv/lib/python3.12/site-packages/airflow/example_dags/example_branch_python_dop_operator_3.py
[2025-12-16T12:41:15.681+0530] {processor.py:925} INFO - DAG(s) 'example_branch_dop_operator_v3' retrieved from /home/sneha/spotify_airflow_project/venv/lib/python3.12/site-packages/airflow/example_dags/example_branch_python_dop_operator_3.py
[2025-12-16T12:41:15.698+0530] {logging_mixin.py:190} INFO - [2025-12-16T12:41:15.698+0530] {dag.py:3239} INFO - Sync 1 DAGs
[2025-12-16T12:41:15.717+0530] {logging_mixin.py:190} INFO - [2025-12-16T12:41:15.717+0530] {dag.py:4180} INFO - Setting next_dagrun for example_branch_dop_operator_v3 to 2025-12-16 07:10:00+00:00, run_after=2025-12-16 07:11:00+00:00
[2025-12-16T12:41:15.735+0530] {processor.py:208} INFO - Processing /home/sneha/spotify_airflow_project/venv/lib/python3.12/site-packages/airflow/example_dags/example_branch_python_dop_operator_3.py took 0.074 seconds
[2025-12-16T12:42:17.020+0530] {processor.py:186} INFO - Started process (PID=31438) to work on /home/sneha/spotify_airflow_project/venv/lib/python3.12/site-packages/airflow/example_dags/example_branch_python_dop_operator_3.py
[2025-12-16T12:42:17.021+0530] {processor.py:914} INFO - Processing file /home/sneha/spotify_airflow_project/venv/lib/python3.12/site-packages/airflow/example_dags/example_branch_python_dop_operator_3.py for tasks to queue
[2025-12-16T12:42:17.022+0530] {logging_mixin.py:190} INFO - [2025-12-16T12:42:17.021+0530] {dagbag.py:588} INFO - Filling up the DagBag from /home/sneha/spotify_airflow_project/venv/lib/python3.12/site-packages/airflow/example_dags/example_branch_python_dop_operator_3.py
[2025-12-16T12:42:17.029+0530] {processor.py:925} INFO - DAG(s) 'example_branch_dop_operator_v3' retrieved from /home/sneha/spotify_airflow_project/venv/lib/python3.12/site-packages/airflow/example_dags/example_branch_python_dop_operator_3.py
[2025-12-16T12:42:17.046+0530] {logging_mixin.py:190} INFO - [2025-12-16T12:42:17.046+0530] {dag.py:3239} INFO - Sync 1 DAGs
[2025-12-16T12:42:17.066+0530] {logging_mixin.py:190} INFO - [2025-12-16T12:42:17.066+0530] {dag.py:4180} INFO - Setting next_dagrun for example_branch_dop_operator_v3 to 2025-12-16 07:11:00+00:00, run_after=2025-12-16 07:12:00+00:00
[2025-12-16T12:42:17.215+0530] {processor.py:208} INFO - Processing /home/sneha/spotify_airflow_project/venv/lib/python3.12/site-packages/airflow/example_dags/example_branch_python_dop_operator_3.py took 0.202 seconds
[2025-12-16T12:44:57.842+0530] {processor.py:186} INFO - Started process (PID=33778) to work on /home/sneha/spotify_airflow_project/venv/lib/python3.12/site-packages/airflow/example_dags/example_branch_python_dop_operator_3.py
[2025-12-16T12:44:57.843+0530] {processor.py:914} INFO - Processing file /home/sneha/spotify_airflow_project/venv/lib/python3.12/site-packages/airflow/example_dags/example_branch_python_dop_operator_3.py for tasks to queue
[2025-12-16T12:44:57.844+0530] {logging_mixin.py:190} INFO - [2025-12-16T12:44:57.844+0530] {dagbag.py:588} INFO - Filling up the DagBag from /home/sneha/spotify_airflow_project/venv/lib/python3.12/site-packages/airflow/example_dags/example_branch_python_dop_operator_3.py
[2025-12-16T12:44:57.852+0530] {processor.py:925} INFO - DAG(s) 'example_branch_dop_operator_v3' retrieved from /home/sneha/spotify_airflow_project/venv/lib/python3.12/site-packages/airflow/example_dags/example_branch_python_dop_operator_3.py
[2025-12-16T12:44:57.868+0530] {logging_mixin.py:190} INFO - [2025-12-16T12:44:57.868+0530] {dag.py:3239} INFO - Sync 1 DAGs
[2025-12-16T12:44:57.891+0530] {logging_mixin.py:190} INFO - [2025-12-16T12:44:57.891+0530] {dag.py:4180} INFO - Setting next_dagrun for example_branch_dop_operator_v3 to 2025-12-16 07:13:00+00:00, run_after=2025-12-16 07:14:00+00:00
[2025-12-16T12:44:57.912+0530] {processor.py:208} INFO - Processing /home/sneha/spotify_airflow_project/venv/lib/python3.12/site-packages/airflow/example_dags/example_branch_python_dop_operator_3.py took 0.080 seconds
[2025-12-16T12:46:02.793+0530] {processor.py:186} INFO - Started process (PID=34002) to work on /home/sneha/spotify_airflow_project/venv/lib/python3.12/site-packages/airflow/example_dags/example_branch_python_dop_operator_3.py
[2025-12-16T12:46:02.794+0530] {processor.py:914} INFO - Processing file /home/sneha/spotify_airflow_project/venv/lib/python3.12/site-packages/airflow/example_dags/example_branch_python_dop_operator_3.py for tasks to queue
[2025-12-16T12:46:02.796+0530] {logging_mixin.py:190} INFO - [2025-12-16T12:46:02.796+0530] {dagbag.py:588} INFO - Filling up the DagBag from /home/sneha/spotify_airflow_project/venv/lib/python3.12/site-packages/airflow/example_dags/example_branch_python_dop_operator_3.py
[2025-12-16T12:46:02.808+0530] {processor.py:925} INFO - DAG(s) 'example_branch_dop_operator_v3' retrieved from /home/sneha/spotify_airflow_project/venv/lib/python3.12/site-packages/airflow/example_dags/example_branch_python_dop_operator_3.py
[2025-12-16T12:46:02.831+0530] {logging_mixin.py:190} INFO - [2025-12-16T12:46:02.830+0530] {dag.py:3239} INFO - Sync 1 DAGs
[2025-12-16T12:46:02.857+0530] {logging_mixin.py:190} INFO - [2025-12-16T12:46:02.856+0530] {dag.py:4180} INFO - Setting next_dagrun for example_branch_dop_operator_v3 to 2025-12-16 07:15:00+00:00, run_after=2025-12-16 07:16:00+00:00
[2025-12-16T12:46:02.881+0530] {processor.py:208} INFO - Processing /home/sneha/spotify_airflow_project/venv/lib/python3.12/site-packages/airflow/example_dags/example_branch_python_dop_operator_3.py took 0.097 seconds
[2025-12-16T12:46:58.500+0530] {processor.py:186} INFO - Started process (PID=34071) to work on /home/sneha/spotify_airflow_project/venv/lib/python3.12/site-packages/airflow/example_dags/example_branch_python_dop_operator_3.py
[2025-12-16T12:46:58.502+0530] {processor.py:914} INFO - Processing file /home/sneha/spotify_airflow_project/venv/lib/python3.12/site-packages/airflow/example_dags/example_branch_python_dop_operator_3.py for tasks to queue
[2025-12-16T12:46:58.504+0530] {logging_mixin.py:190} INFO - [2025-12-16T12:46:58.503+0530] {dagbag.py:588} INFO - Filling up the DagBag from /home/sneha/spotify_airflow_project/venv/lib/python3.12/site-packages/airflow/example_dags/example_branch_python_dop_operator_3.py
[2025-12-16T12:46:58.514+0530] {processor.py:925} INFO - DAG(s) 'example_branch_dop_operator_v3' retrieved from /home/sneha/spotify_airflow_project/venv/lib/python3.12/site-packages/airflow/example_dags/example_branch_python_dop_operator_3.py
[2025-12-16T12:46:58.531+0530] {logging_mixin.py:190} INFO - [2025-12-16T12:46:58.531+0530] {dag.py:3239} INFO - Sync 1 DAGs
[2025-12-16T12:46:58.557+0530] {logging_mixin.py:190} INFO - [2025-12-16T12:46:58.557+0530] {dag.py:4180} INFO - Setting next_dagrun for example_branch_dop_operator_v3 to 2025-12-16 07:15:00+00:00, run_after=2025-12-16 07:16:00+00:00
[2025-12-16T12:46:58.577+0530] {processor.py:208} INFO - Processing /home/sneha/spotify_airflow_project/venv/lib/python3.12/site-packages/airflow/example_dags/example_branch_python_dop_operator_3.py took 0.084 seconds
[2025-12-16T12:47:54.404+0530] {processor.py:186} INFO - Started process (PID=34139) to work on /home/sneha/spotify_airflow_project/venv/lib/python3.12/site-packages/airflow/example_dags/example_branch_python_dop_operator_3.py
[2025-12-16T12:47:54.406+0530] {processor.py:914} INFO - Processing file /home/sneha/spotify_airflow_project/venv/lib/python3.12/site-packages/airflow/example_dags/example_branch_python_dop_operator_3.py for tasks to queue
[2025-12-16T12:47:54.408+0530] {logging_mixin.py:190} INFO - [2025-12-16T12:47:54.407+0530] {dagbag.py:588} INFO - Filling up the DagBag from /home/sneha/spotify_airflow_project/venv/lib/python3.12/site-packages/airflow/example_dags/example_branch_python_dop_operator_3.py
[2025-12-16T12:47:54.422+0530] {processor.py:925} INFO - DAG(s) 'example_branch_dop_operator_v3' retrieved from /home/sneha/spotify_airflow_project/venv/lib/python3.12/site-packages/airflow/example_dags/example_branch_python_dop_operator_3.py
[2025-12-16T12:47:54.452+0530] {logging_mixin.py:190} INFO - [2025-12-16T12:47:54.451+0530] {dag.py:3239} INFO - Sync 1 DAGs
[2025-12-16T12:47:54.494+0530] {logging_mixin.py:190} INFO - [2025-12-16T12:47:54.494+0530] {dag.py:4180} INFO - Setting next_dagrun for example_branch_dop_operator_v3 to 2025-12-16 07:16:00+00:00, run_after=2025-12-16 07:17:00+00:00
[2025-12-16T12:47:54.536+0530] {processor.py:208} INFO - Processing /home/sneha/spotify_airflow_project/venv/lib/python3.12/site-packages/airflow/example_dags/example_branch_python_dop_operator_3.py took 0.143 seconds
[2025-12-16T12:48:51.796+0530] {processor.py:186} INFO - Started process (PID=34203) to work on /home/sneha/spotify_airflow_project/venv/lib/python3.12/site-packages/airflow/example_dags/example_branch_python_dop_operator_3.py
[2025-12-16T12:48:51.797+0530] {processor.py:914} INFO - Processing file /home/sneha/spotify_airflow_project/venv/lib/python3.12/site-packages/airflow/example_dags/example_branch_python_dop_operator_3.py for tasks to queue
[2025-12-16T12:48:51.799+0530] {logging_mixin.py:190} INFO - [2025-12-16T12:48:51.798+0530] {dagbag.py:588} INFO - Filling up the DagBag from /home/sneha/spotify_airflow_project/venv/lib/python3.12/site-packages/airflow/example_dags/example_branch_python_dop_operator_3.py
[2025-12-16T12:48:51.807+0530] {processor.py:925} INFO - DAG(s) 'example_branch_dop_operator_v3' retrieved from /home/sneha/spotify_airflow_project/venv/lib/python3.12/site-packages/airflow/example_dags/example_branch_python_dop_operator_3.py
[2025-12-16T12:48:51.824+0530] {logging_mixin.py:190} INFO - [2025-12-16T12:48:51.823+0530] {dag.py:3239} INFO - Sync 1 DAGs
[2025-12-16T12:48:51.845+0530] {logging_mixin.py:190} INFO - [2025-12-16T12:48:51.845+0530] {dag.py:4180} INFO - Setting next_dagrun for example_branch_dop_operator_v3 to 2025-12-16 07:17:00+00:00, run_after=2025-12-16 07:18:00+00:00
[2025-12-16T12:48:51.868+0530] {processor.py:208} INFO - Processing /home/sneha/spotify_airflow_project/venv/lib/python3.12/site-packages/airflow/example_dags/example_branch_python_dop_operator_3.py took 0.079 seconds
[2025-12-16T12:49:48.188+0530] {processor.py:186} INFO - Started process (PID=34264) to work on /home/sneha/spotify_airflow_project/venv/lib/python3.12/site-packages/airflow/example_dags/example_branch_python_dop_operator_3.py
[2025-12-16T12:49:48.189+0530] {processor.py:914} INFO - Processing file /home/sneha/spotify_airflow_project/venv/lib/python3.12/site-packages/airflow/example_dags/example_branch_python_dop_operator_3.py for tasks to queue
[2025-12-16T12:49:48.190+0530] {logging_mixin.py:190} INFO - [2025-12-16T12:49:48.190+0530] {dagbag.py:588} INFO - Filling up the DagBag from /home/sneha/spotify_airflow_project/venv/lib/python3.12/site-packages/airflow/example_dags/example_branch_python_dop_operator_3.py
[2025-12-16T12:49:48.197+0530] {processor.py:925} INFO - DAG(s) 'example_branch_dop_operator_v3' retrieved from /home/sneha/spotify_airflow_project/venv/lib/python3.12/site-packages/airflow/example_dags/example_branch_python_dop_operator_3.py
[2025-12-16T12:49:48.214+0530] {logging_mixin.py:190} INFO - [2025-12-16T12:49:48.213+0530] {dag.py:3239} INFO - Sync 1 DAGs
[2025-12-16T12:49:48.233+0530] {logging_mixin.py:190} INFO - [2025-12-16T12:49:48.233+0530] {dag.py:4180} INFO - Setting next_dagrun for example_branch_dop_operator_v3 to 2025-12-16 07:18:00+00:00, run_after=2025-12-16 07:19:00+00:00
[2025-12-16T12:49:48.252+0530] {processor.py:208} INFO - Processing /home/sneha/spotify_airflow_project/venv/lib/python3.12/site-packages/airflow/example_dags/example_branch_python_dop_operator_3.py took 0.072 seconds
[2025-12-16T12:50:44.010+0530] {processor.py:186} INFO - Started process (PID=34462) to work on /home/sneha/spotify_airflow_project/venv/lib/python3.12/site-packages/airflow/example_dags/example_branch_python_dop_operator_3.py
[2025-12-16T12:50:44.013+0530] {processor.py:914} INFO - Processing file /home/sneha/spotify_airflow_project/venv/lib/python3.12/site-packages/airflow/example_dags/example_branch_python_dop_operator_3.py for tasks to queue
[2025-12-16T12:50:44.015+0530] {logging_mixin.py:190} INFO - [2025-12-16T12:50:44.015+0530] {dagbag.py:588} INFO - Filling up the DagBag from /home/sneha/spotify_airflow_project/venv/lib/python3.12/site-packages/airflow/example_dags/example_branch_python_dop_operator_3.py
[2025-12-16T12:50:44.032+0530] {processor.py:925} INFO - DAG(s) 'example_branch_dop_operator_v3' retrieved from /home/sneha/spotify_airflow_project/venv/lib/python3.12/site-packages/airflow/example_dags/example_branch_python_dop_operator_3.py
[2025-12-16T12:50:44.069+0530] {logging_mixin.py:190} INFO - [2025-12-16T12:50:44.069+0530] {dag.py:3239} INFO - Sync 1 DAGs
[2025-12-16T12:50:44.118+0530] {logging_mixin.py:190} INFO - [2025-12-16T12:50:44.118+0530] {dag.py:4180} INFO - Setting next_dagrun for example_branch_dop_operator_v3 to 2025-12-16 07:19:00+00:00, run_after=2025-12-16 07:20:00+00:00
[2025-12-16T12:50:44.155+0530] {processor.py:208} INFO - Processing /home/sneha/spotify_airflow_project/venv/lib/python3.12/site-packages/airflow/example_dags/example_branch_python_dop_operator_3.py took 0.159 seconds
[2025-12-16T12:51:42.502+0530] {processor.py:186} INFO - Started process (PID=34641) to work on /home/sneha/spotify_airflow_project/venv/lib/python3.12/site-packages/airflow/example_dags/example_branch_python_dop_operator_3.py
[2025-12-16T12:51:42.503+0530] {processor.py:914} INFO - Processing file /home/sneha/spotify_airflow_project/venv/lib/python3.12/site-packages/airflow/example_dags/example_branch_python_dop_operator_3.py for tasks to queue
[2025-12-16T12:51:42.504+0530] {logging_mixin.py:190} INFO - [2025-12-16T12:51:42.504+0530] {dagbag.py:588} INFO - Filling up the DagBag from /home/sneha/spotify_airflow_project/venv/lib/python3.12/site-packages/airflow/example_dags/example_branch_python_dop_operator_3.py
[2025-12-16T12:51:42.511+0530] {processor.py:925} INFO - DAG(s) 'example_branch_dop_operator_v3' retrieved from /home/sneha/spotify_airflow_project/venv/lib/python3.12/site-packages/airflow/example_dags/example_branch_python_dop_operator_3.py
[2025-12-16T12:51:42.528+0530] {logging_mixin.py:190} INFO - [2025-12-16T12:51:42.528+0530] {dag.py:3239} INFO - Sync 1 DAGs
[2025-12-16T12:51:42.547+0530] {logging_mixin.py:190} INFO - [2025-12-16T12:51:42.547+0530] {dag.py:4180} INFO - Setting next_dagrun for example_branch_dop_operator_v3 to 2025-12-16 07:20:00+00:00, run_after=2025-12-16 07:21:00+00:00
[2025-12-16T12:51:42.564+0530] {processor.py:208} INFO - Processing /home/sneha/spotify_airflow_project/venv/lib/python3.12/site-packages/airflow/example_dags/example_branch_python_dop_operator_3.py took 0.070 seconds
[2025-12-16T12:52:58.069+0530] {processor.py:186} INFO - Started process (PID=35494) to work on /home/sneha/spotify_airflow_project/venv/lib/python3.12/site-packages/airflow/example_dags/example_branch_python_dop_operator_3.py
[2025-12-16T12:52:58.071+0530] {processor.py:914} INFO - Processing file /home/sneha/spotify_airflow_project/venv/lib/python3.12/site-packages/airflow/example_dags/example_branch_python_dop_operator_3.py for tasks to queue
[2025-12-16T12:52:58.072+0530] {logging_mixin.py:190} INFO - [2025-12-16T12:52:58.071+0530] {dagbag.py:588} INFO - Filling up the DagBag from /home/sneha/spotify_airflow_project/venv/lib/python3.12/site-packages/airflow/example_dags/example_branch_python_dop_operator_3.py
[2025-12-16T12:52:58.079+0530] {processor.py:925} INFO - DAG(s) 'example_branch_dop_operator_v3' retrieved from /home/sneha/spotify_airflow_project/venv/lib/python3.12/site-packages/airflow/example_dags/example_branch_python_dop_operator_3.py
[2025-12-16T12:52:58.096+0530] {logging_mixin.py:190} INFO - [2025-12-16T12:52:58.096+0530] {dag.py:3239} INFO - Sync 1 DAGs
[2025-12-16T12:52:58.117+0530] {logging_mixin.py:190} INFO - [2025-12-16T12:52:58.117+0530] {dag.py:4180} INFO - Setting next_dagrun for example_branch_dop_operator_v3 to 2025-12-16 07:21:00+00:00, run_after=2025-12-16 07:22:00+00:00
[2025-12-16T12:52:58.136+0530] {processor.py:208} INFO - Processing /home/sneha/spotify_airflow_project/venv/lib/python3.12/site-packages/airflow/example_dags/example_branch_python_dop_operator_3.py took 0.074 seconds
[2025-12-16T12:53:55.629+0530] {processor.py:186} INFO - Started process (PID=35901) to work on /home/sneha/spotify_airflow_project/venv/lib/python3.12/site-packages/airflow/example_dags/example_branch_python_dop_operator_3.py
[2025-12-16T12:53:55.630+0530] {processor.py:914} INFO - Processing file /home/sneha/spotify_airflow_project/venv/lib/python3.12/site-packages/airflow/example_dags/example_branch_python_dop_operator_3.py for tasks to queue
[2025-12-16T12:53:55.631+0530] {logging_mixin.py:190} INFO - [2025-12-16T12:53:55.631+0530] {dagbag.py:588} INFO - Filling up the DagBag from /home/sneha/spotify_airflow_project/venv/lib/python3.12/site-packages/airflow/example_dags/example_branch_python_dop_operator_3.py
[2025-12-16T12:53:55.639+0530] {processor.py:925} INFO - DAG(s) 'example_branch_dop_operator_v3' retrieved from /home/sneha/spotify_airflow_project/venv/lib/python3.12/site-packages/airflow/example_dags/example_branch_python_dop_operator_3.py
[2025-12-16T12:53:55.656+0530] {logging_mixin.py:190} INFO - [2025-12-16T12:53:55.656+0530] {dag.py:3239} INFO - Sync 1 DAGs
[2025-12-16T12:53:55.678+0530] {logging_mixin.py:190} INFO - [2025-12-16T12:53:55.678+0530] {dag.py:4180} INFO - Setting next_dagrun for example_branch_dop_operator_v3 to 2025-12-16 07:22:00+00:00, run_after=2025-12-16 07:23:00+00:00
[2025-12-16T12:53:55.697+0530] {processor.py:208} INFO - Processing /home/sneha/spotify_airflow_project/venv/lib/python3.12/site-packages/airflow/example_dags/example_branch_python_dop_operator_3.py took 0.075 seconds
[2025-12-16T12:54:50.475+0530] {processor.py:186} INFO - Started process (PID=36287) to work on /home/sneha/spotify_airflow_project/venv/lib/python3.12/site-packages/airflow/example_dags/example_branch_python_dop_operator_3.py
[2025-12-16T12:54:50.476+0530] {processor.py:914} INFO - Processing file /home/sneha/spotify_airflow_project/venv/lib/python3.12/site-packages/airflow/example_dags/example_branch_python_dop_operator_3.py for tasks to queue
[2025-12-16T12:54:50.477+0530] {logging_mixin.py:190} INFO - [2025-12-16T12:54:50.477+0530] {dagbag.py:588} INFO - Filling up the DagBag from /home/sneha/spotify_airflow_project/venv/lib/python3.12/site-packages/airflow/example_dags/example_branch_python_dop_operator_3.py
[2025-12-16T12:54:50.485+0530] {processor.py:925} INFO - DAG(s) 'example_branch_dop_operator_v3' retrieved from /home/sneha/spotify_airflow_project/venv/lib/python3.12/site-packages/airflow/example_dags/example_branch_python_dop_operator_3.py
[2025-12-16T12:54:50.502+0530] {logging_mixin.py:190} INFO - [2025-12-16T12:54:50.502+0530] {dag.py:3239} INFO - Sync 1 DAGs
[2025-12-16T12:54:50.521+0530] {logging_mixin.py:190} INFO - [2025-12-16T12:54:50.521+0530] {dag.py:4180} INFO - Setting next_dagrun for example_branch_dop_operator_v3 to 2025-12-16 07:23:00+00:00, run_after=2025-12-16 07:24:00+00:00
[2025-12-16T12:54:50.542+0530] {processor.py:208} INFO - Processing /home/sneha/spotify_airflow_project/venv/lib/python3.12/site-packages/airflow/example_dags/example_branch_python_dop_operator_3.py took 0.073 seconds
[2025-12-16T12:55:46.180+0530] {processor.py:186} INFO - Started process (PID=36697) to work on /home/sneha/spotify_airflow_project/venv/lib/python3.12/site-packages/airflow/example_dags/example_branch_python_dop_operator_3.py
[2025-12-16T12:55:46.181+0530] {processor.py:914} INFO - Processing file /home/sneha/spotify_airflow_project/venv/lib/python3.12/site-packages/airflow/example_dags/example_branch_python_dop_operator_3.py for tasks to queue
[2025-12-16T12:55:46.183+0530] {logging_mixin.py:190} INFO - [2025-12-16T12:55:46.182+0530] {dagbag.py:588} INFO - Filling up the DagBag from /home/sneha/spotify_airflow_project/venv/lib/python3.12/site-packages/airflow/example_dags/example_branch_python_dop_operator_3.py
[2025-12-16T12:55:46.190+0530] {processor.py:925} INFO - DAG(s) 'example_branch_dop_operator_v3' retrieved from /home/sneha/spotify_airflow_project/venv/lib/python3.12/site-packages/airflow/example_dags/example_branch_python_dop_operator_3.py
[2025-12-16T12:55:46.207+0530] {logging_mixin.py:190} INFO - [2025-12-16T12:55:46.207+0530] {dag.py:3239} INFO - Sync 1 DAGs
[2025-12-16T12:55:46.227+0530] {logging_mixin.py:190} INFO - [2025-12-16T12:55:46.227+0530] {dag.py:4180} INFO - Setting next_dagrun for example_branch_dop_operator_v3 to 2025-12-16 07:24:00+00:00, run_after=2025-12-16 07:25:00+00:00
[2025-12-16T12:55:46.245+0530] {processor.py:208} INFO - Processing /home/sneha/spotify_airflow_project/venv/lib/python3.12/site-packages/airflow/example_dags/example_branch_python_dop_operator_3.py took 0.072 seconds
[2025-12-16T12:56:41.837+0530] {processor.py:186} INFO - Started process (PID=37084) to work on /home/sneha/spotify_airflow_project/venv/lib/python3.12/site-packages/airflow/example_dags/example_branch_python_dop_operator_3.py
[2025-12-16T12:56:41.838+0530] {processor.py:914} INFO - Processing file /home/sneha/spotify_airflow_project/venv/lib/python3.12/site-packages/airflow/example_dags/example_branch_python_dop_operator_3.py for tasks to queue
[2025-12-16T12:56:41.839+0530] {logging_mixin.py:190} INFO - [2025-12-16T12:56:41.838+0530] {dagbag.py:588} INFO - Filling up the DagBag from /home/sneha/spotify_airflow_project/venv/lib/python3.12/site-packages/airflow/example_dags/example_branch_python_dop_operator_3.py
[2025-12-16T12:56:41.846+0530] {processor.py:925} INFO - DAG(s) 'example_branch_dop_operator_v3' retrieved from /home/sneha/spotify_airflow_project/venv/lib/python3.12/site-packages/airflow/example_dags/example_branch_python_dop_operator_3.py
[2025-12-16T12:56:41.863+0530] {logging_mixin.py:190} INFO - [2025-12-16T12:56:41.863+0530] {dag.py:3239} INFO - Sync 1 DAGs
[2025-12-16T12:56:41.884+0530] {logging_mixin.py:190} INFO - [2025-12-16T12:56:41.884+0530] {dag.py:4180} INFO - Setting next_dagrun for example_branch_dop_operator_v3 to 2025-12-16 07:25:00+00:00, run_after=2025-12-16 07:26:00+00:00
[2025-12-16T12:56:41.902+0530] {processor.py:208} INFO - Processing /home/sneha/spotify_airflow_project/venv/lib/python3.12/site-packages/airflow/example_dags/example_branch_python_dop_operator_3.py took 0.078 seconds
[2025-12-16T12:58:08.110+0530] {processor.py:186} INFO - Started process (PID=37856) to work on /home/sneha/spotify_airflow_project/venv/lib/python3.12/site-packages/airflow/example_dags/example_branch_python_dop_operator_3.py
[2025-12-16T12:58:08.111+0530] {processor.py:914} INFO - Processing file /home/sneha/spotify_airflow_project/venv/lib/python3.12/site-packages/airflow/example_dags/example_branch_python_dop_operator_3.py for tasks to queue
[2025-12-16T12:58:08.112+0530] {logging_mixin.py:190} INFO - [2025-12-16T12:58:08.112+0530] {dagbag.py:588} INFO - Filling up the DagBag from /home/sneha/spotify_airflow_project/venv/lib/python3.12/site-packages/airflow/example_dags/example_branch_python_dop_operator_3.py
[2025-12-16T12:58:08.121+0530] {processor.py:925} INFO - DAG(s) 'example_branch_dop_operator_v3' retrieved from /home/sneha/spotify_airflow_project/venv/lib/python3.12/site-packages/airflow/example_dags/example_branch_python_dop_operator_3.py
[2025-12-16T12:58:08.138+0530] {logging_mixin.py:190} INFO - [2025-12-16T12:58:08.138+0530] {dag.py:3239} INFO - Sync 1 DAGs
[2025-12-16T12:58:08.157+0530] {logging_mixin.py:190} INFO - [2025-12-16T12:58:08.157+0530] {dag.py:4180} INFO - Setting next_dagrun for example_branch_dop_operator_v3 to 2025-12-16 07:27:00+00:00, run_after=2025-12-16 07:28:00+00:00
[2025-12-16T12:58:08.176+0530] {processor.py:208} INFO - Processing /home/sneha/spotify_airflow_project/venv/lib/python3.12/site-packages/airflow/example_dags/example_branch_python_dop_operator_3.py took 0.073 seconds
[2025-12-16T12:59:06.780+0530] {processor.py:186} INFO - Started process (PID=37961) to work on /home/sneha/spotify_airflow_project/venv/lib/python3.12/site-packages/airflow/example_dags/example_branch_python_dop_operator_3.py
[2025-12-16T12:59:06.781+0530] {processor.py:914} INFO - Processing file /home/sneha/spotify_airflow_project/venv/lib/python3.12/site-packages/airflow/example_dags/example_branch_python_dop_operator_3.py for tasks to queue
[2025-12-16T12:59:06.783+0530] {logging_mixin.py:190} INFO - [2025-12-16T12:59:06.783+0530] {dagbag.py:588} INFO - Filling up the DagBag from /home/sneha/spotify_airflow_project/venv/lib/python3.12/site-packages/airflow/example_dags/example_branch_python_dop_operator_3.py
[2025-12-16T12:59:06.796+0530] {processor.py:925} INFO - DAG(s) 'example_branch_dop_operator_v3' retrieved from /home/sneha/spotify_airflow_project/venv/lib/python3.12/site-packages/airflow/example_dags/example_branch_python_dop_operator_3.py
[2025-12-16T12:59:06.819+0530] {logging_mixin.py:190} INFO - [2025-12-16T12:59:06.819+0530] {dag.py:3239} INFO - Sync 1 DAGs
[2025-12-16T12:59:06.849+0530] {logging_mixin.py:190} INFO - [2025-12-16T12:59:06.849+0530] {dag.py:4180} INFO - Setting next_dagrun for example_branch_dop_operator_v3 to 2025-12-16 07:28:00+00:00, run_after=2025-12-16 07:29:00+00:00
[2025-12-16T12:59:06.873+0530] {processor.py:208} INFO - Processing /home/sneha/spotify_airflow_project/venv/lib/python3.12/site-packages/airflow/example_dags/example_branch_python_dop_operator_3.py took 0.100 seconds
[2025-12-16T13:00:05.301+0530] {processor.py:186} INFO - Started process (PID=38205) to work on /home/sneha/spotify_airflow_project/venv/lib/python3.12/site-packages/airflow/example_dags/example_branch_python_dop_operator_3.py
[2025-12-16T13:00:05.302+0530] {processor.py:914} INFO - Processing file /home/sneha/spotify_airflow_project/venv/lib/python3.12/site-packages/airflow/example_dags/example_branch_python_dop_operator_3.py for tasks to queue
[2025-12-16T13:00:05.304+0530] {logging_mixin.py:190} INFO - [2025-12-16T13:00:05.304+0530] {dagbag.py:588} INFO - Filling up the DagBag from /home/sneha/spotify_airflow_project/venv/lib/python3.12/site-packages/airflow/example_dags/example_branch_python_dop_operator_3.py
[2025-12-16T13:00:05.316+0530] {processor.py:925} INFO - DAG(s) 'example_branch_dop_operator_v3' retrieved from /home/sneha/spotify_airflow_project/venv/lib/python3.12/site-packages/airflow/example_dags/example_branch_python_dop_operator_3.py
[2025-12-16T13:00:05.342+0530] {logging_mixin.py:190} INFO - [2025-12-16T13:00:05.341+0530] {dag.py:3239} INFO - Sync 1 DAGs
[2025-12-16T13:00:05.371+0530] {logging_mixin.py:190} INFO - [2025-12-16T13:00:05.371+0530] {dag.py:4180} INFO - Setting next_dagrun for example_branch_dop_operator_v3 to 2025-12-16 07:29:00+00:00, run_after=2025-12-16 07:30:00+00:00
[2025-12-16T13:00:05.395+0530] {processor.py:208} INFO - Processing /home/sneha/spotify_airflow_project/venv/lib/python3.12/site-packages/airflow/example_dags/example_branch_python_dop_operator_3.py took 0.106 seconds
