[2025-12-15T13:24:24.187+0530] {local_task_job_runner.py:123} INFO - ::group::Pre task execution logs
[2025-12-15T13:24:24.196+0530] {taskinstance.py:2612} INFO - Dependencies all met for dep_context=non-requeueable deps ti=<TaskInstance: spotify_streaming_pipeline.run_spark_consumer manual__2025-12-15T07:48:54.795824+00:00 [queued]>
[2025-12-15T13:24:24.203+0530] {taskinstance.py:2612} INFO - Dependencies all met for dep_context=requeueable deps ti=<TaskInstance: spotify_streaming_pipeline.run_spark_consumer manual__2025-12-15T07:48:54.795824+00:00 [queued]>
[2025-12-15T13:24:24.203+0530] {taskinstance.py:2865} INFO - Starting attempt 2 of 2
[2025-12-15T13:24:24.214+0530] {taskinstance.py:2888} INFO - Executing <Task(BashOperator): run_spark_consumer> on 2025-12-15 07:48:54.795824+00:00
[2025-12-15T13:24:24.220+0530] {standard_task_runner.py:72} INFO - Started process 27605 to run task
[2025-12-15T13:24:24.226+0530] {standard_task_runner.py:104} INFO - Running: ['airflow', 'tasks', 'run', 'spotify_streaming_pipeline', 'run_spark_consumer', 'manual__2025-12-15T07:48:54.795824+00:00', '--job-id', '10', '--raw', '--subdir', 'DAGS_FOLDER/spotify_streaming_dag.py', '--cfg-path', '/tmp/tmpcai3vvjp']
[2025-12-15T13:24:24.227+0530] {standard_task_runner.py:105} INFO - Job 10: Subtask run_spark_consumer
[2025-12-15T13:24:24.260+0530] {task_command.py:467} INFO - Running <TaskInstance: spotify_streaming_pipeline.run_spark_consumer manual__2025-12-15T07:48:54.795824+00:00 [running]> on host sneha-HP-Laptop-15s-eq1xxx
[2025-12-15T13:24:24.311+0530] {taskinstance.py:3131} INFO - Exporting env vars: AIRFLOW_CTX_DAG_OWNER='sneha' AIRFLOW_CTX_DAG_ID='spotify_streaming_pipeline' AIRFLOW_CTX_TASK_ID='run_spark_consumer' AIRFLOW_CTX_EXECUTION_DATE='2025-12-15T07:48:54.795824+00:00' AIRFLOW_CTX_TRY_NUMBER='2' AIRFLOW_CTX_DAG_RUN_ID='manual__2025-12-15T07:48:54.795824+00:00'
[2025-12-15T13:24:24.312+0530] {logging_mixin.py:190} INFO - Task instance is in running state
[2025-12-15T13:24:24.312+0530] {logging_mixin.py:190} INFO -  Previous state of the Task instance: queued
[2025-12-15T13:24:24.312+0530] {logging_mixin.py:190} INFO - Current task name:run_spark_consumer state:running start_date:2025-12-15 07:54:24.197165+00:00
[2025-12-15T13:24:24.312+0530] {logging_mixin.py:190} INFO - Dag name:spotify_streaming_pipeline and current dag run status:running
[2025-12-15T13:24:24.313+0530] {taskinstance.py:731} INFO - ::endgroup::
[2025-12-15T13:24:24.313+0530] {subprocess.py:63} INFO - Tmp dir root location: /tmp
[2025-12-15T13:24:24.314+0530] {subprocess.py:75} INFO - Running command: ['/usr/bin/bash', '-c', '\n        spark-submit         /home/sneha/spotify_airflow_project/scripts/spark_consumer_airflow.py\n        ']
[2025-12-15T13:24:24.328+0530] {subprocess.py:86} INFO - Output:
[2025-12-15T13:24:26.485+0530] {subprocess.py:93} INFO - 25/12/15 13:24:26 WARN Utils: Your hostname, sneha-HP-Laptop-15s-eq1xxx resolves to a loopback address: 127.0.1.1; using 192.168.1.86 instead (on interface wlo1)
[2025-12-15T13:24:26.489+0530] {subprocess.py:93} INFO - 25/12/15 13:24:26 WARN Utils: Set SPARK_LOCAL_IP if you need to bind to another address
[2025-12-15T13:24:32.779+0530] {subprocess.py:93} INFO - 25/12/15 13:24:32 INFO SparkContext: Running Spark version 3.4.4
[2025-12-15T13:24:32.900+0530] {subprocess.py:93} INFO - 25/12/15 13:24:32 WARN NativeCodeLoader: Unable to load native-hadoop library for your platform... using builtin-java classes where applicable
[2025-12-15T13:24:33.067+0530] {subprocess.py:93} INFO - 25/12/15 13:24:33 INFO ResourceUtils: ==============================================================
[2025-12-15T13:24:33.067+0530] {subprocess.py:93} INFO - 25/12/15 13:24:33 INFO ResourceUtils: No custom resources configured for spark.driver.
[2025-12-15T13:24:33.068+0530] {subprocess.py:93} INFO - 25/12/15 13:24:33 INFO ResourceUtils: ==============================================================
[2025-12-15T13:24:33.069+0530] {subprocess.py:93} INFO - 25/12/15 13:24:33 INFO SparkContext: Submitted application: spotify_streaming_airflow
[2025-12-15T13:24:33.106+0530] {subprocess.py:93} INFO - 25/12/15 13:24:33 INFO ResourceProfile: Default ResourceProfile created, executor resources: Map(cores -> name: cores, amount: 1, script: , vendor: , memory -> name: memory, amount: 1024, script: , vendor: , offHeap -> name: offHeap, amount: 0, script: , vendor: ), task resources: Map(cpus -> name: cpus, amount: 1.0)
[2025-12-15T13:24:33.124+0530] {subprocess.py:93} INFO - 25/12/15 13:24:33 INFO ResourceProfile: Limiting resource is cpu
[2025-12-15T13:24:33.125+0530] {subprocess.py:93} INFO - 25/12/15 13:24:33 INFO ResourceProfileManager: Added ResourceProfile id: 0
[2025-12-15T13:24:33.207+0530] {subprocess.py:93} INFO - 25/12/15 13:24:33 INFO SecurityManager: Changing view acls to: sneha
[2025-12-15T13:24:33.208+0530] {subprocess.py:93} INFO - 25/12/15 13:24:33 INFO SecurityManager: Changing modify acls to: sneha
[2025-12-15T13:24:33.209+0530] {subprocess.py:93} INFO - 25/12/15 13:24:33 INFO SecurityManager: Changing view acls groups to:
[2025-12-15T13:24:33.209+0530] {subprocess.py:93} INFO - 25/12/15 13:24:33 INFO SecurityManager: Changing modify acls groups to:
[2025-12-15T13:24:33.211+0530] {subprocess.py:93} INFO - 25/12/15 13:24:33 INFO SecurityManager: SecurityManager: authentication disabled; ui acls disabled; users with view permissions: sneha; groups with view permissions: EMPTY; users with modify permissions: sneha; groups with modify permissions: EMPTY
[2025-12-15T13:24:33.568+0530] {subprocess.py:93} INFO - 25/12/15 13:24:33 INFO Utils: Successfully started service 'sparkDriver' on port 40851.
[2025-12-15T13:24:33.607+0530] {subprocess.py:93} INFO - 25/12/15 13:24:33 INFO SparkEnv: Registering MapOutputTracker
[2025-12-15T13:24:33.658+0530] {subprocess.py:93} INFO - 25/12/15 13:24:33 INFO SparkEnv: Registering BlockManagerMaster
[2025-12-15T13:24:33.683+0530] {subprocess.py:93} INFO - 25/12/15 13:24:33 INFO BlockManagerMasterEndpoint: Using org.apache.spark.storage.DefaultTopologyMapper for getting topology information
[2025-12-15T13:24:33.684+0530] {subprocess.py:93} INFO - 25/12/15 13:24:33 INFO BlockManagerMasterEndpoint: BlockManagerMasterEndpoint up
[2025-12-15T13:24:33.688+0530] {subprocess.py:93} INFO - 25/12/15 13:24:33 INFO SparkEnv: Registering BlockManagerMasterHeartbeat
[2025-12-15T13:24:33.721+0530] {subprocess.py:93} INFO - 25/12/15 13:24:33 INFO DiskBlockManager: Created local directory at /tmp/blockmgr-7e604cbc-f681-4d8b-9220-963a77fa4760
[2025-12-15T13:24:33.798+0530] {subprocess.py:93} INFO - 25/12/15 13:24:33 INFO MemoryStore: MemoryStore started with capacity 366.3 MiB
[2025-12-15T13:24:33.827+0530] {subprocess.py:93} INFO - 25/12/15 13:24:33 INFO SparkEnv: Registering OutputCommitCoordinator
[2025-12-15T13:24:34.095+0530] {subprocess.py:93} INFO - 25/12/15 13:24:34 INFO JettyUtils: Start Jetty 0.0.0.0:4040 for SparkUI
[2025-12-15T13:24:34.212+0530] {subprocess.py:93} INFO - 25/12/15 13:24:34 INFO Utils: Successfully started service 'SparkUI' on port 4040.
[2025-12-15T13:24:34.426+0530] {subprocess.py:93} INFO - 25/12/15 13:24:34 INFO Executor: Starting executor ID driver on host 192.168.1.86
[2025-12-15T13:24:34.438+0530] {subprocess.py:93} INFO - 25/12/15 13:24:34 INFO Executor: Starting executor with user classpath (userClassPathFirst = false): ''
[2025-12-15T13:24:34.473+0530] {subprocess.py:93} INFO - 25/12/15 13:24:34 INFO Utils: Successfully started service 'org.apache.spark.network.netty.NettyBlockTransferService' on port 46359.
[2025-12-15T13:24:34.473+0530] {subprocess.py:93} INFO - 25/12/15 13:24:34 INFO NettyBlockTransferService: Server created on 192.168.1.86:46359
[2025-12-15T13:24:34.476+0530] {subprocess.py:93} INFO - 25/12/15 13:24:34 INFO BlockManager: Using org.apache.spark.storage.RandomBlockReplicationPolicy for block replication policy
[2025-12-15T13:24:34.487+0530] {subprocess.py:93} INFO - 25/12/15 13:24:34 INFO BlockManagerMaster: Registering BlockManager BlockManagerId(driver, 192.168.1.86, 46359, None)
[2025-12-15T13:24:34.494+0530] {subprocess.py:93} INFO - 25/12/15 13:24:34 INFO BlockManagerMasterEndpoint: Registering block manager 192.168.1.86:46359 with 366.3 MiB RAM, BlockManagerId(driver, 192.168.1.86, 46359, None)
[2025-12-15T13:24:34.498+0530] {subprocess.py:93} INFO - 25/12/15 13:24:34 INFO BlockManagerMaster: Registered BlockManager BlockManagerId(driver, 192.168.1.86, 46359, None)
[2025-12-15T13:24:34.499+0530] {subprocess.py:93} INFO - 25/12/15 13:24:34 INFO BlockManager: Initialized BlockManager: BlockManagerId(driver, 192.168.1.86, 46359, None)
[2025-12-15T13:24:35.254+0530] {subprocess.py:93} INFO - 25/12/15 13:24:35 INFO SharedState: Setting hive.metastore.warehouse.dir ('null') to the value of spark.sql.warehouse.dir.
[2025-12-15T13:24:35.270+0530] {subprocess.py:93} INFO - 25/12/15 13:24:35 INFO SharedState: Warehouse path is 'file:/tmp/airflowtmpfuxti21e/spark-warehouse'.
[2025-12-15T13:24:37.164+0530] {subprocess.py:93} INFO - Traceback (most recent call last):
[2025-12-15T13:24:37.165+0530] {subprocess.py:93} INFO -   File "/home/sneha/spotify_airflow_project/scripts/spark_consumer_airflow.py", line 24, in <module>
[2025-12-15T13:24:37.165+0530] {subprocess.py:93} INFO -     .load()
[2025-12-15T13:24:37.165+0530] {subprocess.py:93} INFO -      ^^^^^^
[2025-12-15T13:24:37.165+0530] {subprocess.py:93} INFO -   File "/home/sneha/spark/spark-3.4.4-bin-hadoop3/python/lib/pyspark.zip/pyspark/sql/readwriter.py", line 307, in load
[2025-12-15T13:24:37.165+0530] {subprocess.py:93} INFO -   File "/home/sneha/spark/spark-3.4.4-bin-hadoop3/python/lib/py4j-0.10.9.7-src.zip/py4j/java_gateway.py", line 1322, in __call__
[2025-12-15T13:24:37.166+0530] {subprocess.py:93} INFO -   File "/home/sneha/spark/spark-3.4.4-bin-hadoop3/python/lib/pyspark.zip/pyspark/errors/exceptions/captured.py", line 175, in deco
[2025-12-15T13:24:37.182+0530] {subprocess.py:93} INFO - pyspark.errors.exceptions.captured.AnalysisException: Failed to find data source: kafka. Please deploy the application as per the deployment section of Structured Streaming + Kafka Integration Guide.
[2025-12-15T13:24:37.239+0530] {subprocess.py:93} INFO - 25/12/15 13:24:37 INFO SparkContext: Invoking stop() from shutdown hook
[2025-12-15T13:24:37.239+0530] {subprocess.py:93} INFO - 25/12/15 13:24:37 INFO SparkContext: SparkContext is stopping with exitCode 0.
[2025-12-15T13:24:37.258+0530] {subprocess.py:93} INFO - 25/12/15 13:24:37 INFO SparkUI: Stopped Spark web UI at http://192.168.1.86:4040
[2025-12-15T13:24:37.276+0530] {subprocess.py:93} INFO - 25/12/15 13:24:37 INFO MapOutputTrackerMasterEndpoint: MapOutputTrackerMasterEndpoint stopped!
[2025-12-15T13:24:37.292+0530] {subprocess.py:93} INFO - 25/12/15 13:24:37 INFO MemoryStore: MemoryStore cleared
[2025-12-15T13:24:37.293+0530] {subprocess.py:93} INFO - 25/12/15 13:24:37 INFO BlockManager: BlockManager stopped
[2025-12-15T13:24:37.301+0530] {subprocess.py:93} INFO - 25/12/15 13:24:37 INFO BlockManagerMaster: BlockManagerMaster stopped
[2025-12-15T13:24:37.307+0530] {subprocess.py:93} INFO - 25/12/15 13:24:37 INFO OutputCommitCoordinator$OutputCommitCoordinatorEndpoint: OutputCommitCoordinator stopped!
[2025-12-15T13:24:37.313+0530] {subprocess.py:93} INFO - 25/12/15 13:24:37 INFO SparkContext: Successfully stopped SparkContext
[2025-12-15T13:24:37.314+0530] {subprocess.py:93} INFO - 25/12/15 13:24:37 INFO ShutdownHookManager: Shutdown hook called
[2025-12-15T13:24:37.315+0530] {subprocess.py:93} INFO - 25/12/15 13:24:37 INFO ShutdownHookManager: Deleting directory /tmp/spark-6314aa03-ce10-4fee-929b-37fa4f429af3
[2025-12-15T13:24:37.320+0530] {subprocess.py:93} INFO - 25/12/15 13:24:37 INFO ShutdownHookManager: Deleting directory /tmp/spark-30442995-6870-48cf-8333-15d3867b572b/pyspark-3640b48a-c4fd-4f8a-a785-401d2ec05c26
[2025-12-15T13:24:37.323+0530] {subprocess.py:93} INFO - 25/12/15 13:24:37 INFO ShutdownHookManager: Deleting directory /tmp/spark-30442995-6870-48cf-8333-15d3867b572b
[2025-12-15T13:24:37.397+0530] {subprocess.py:97} INFO - Command exited with return code 1
[2025-12-15T13:24:37.413+0530] {taskinstance.py:3310} ERROR - Task failed with exception
Traceback (most recent call last):
  File "/home/sneha/spotify_airflow_project/venv/lib/python3.12/site-packages/airflow/models/taskinstance.py", line 767, in _execute_task
    result = _execute_callable(context=context, **execute_callable_kwargs)
             ^^^^^^^^^^^^^^^^^^^^^^^^^^^^^^^^^^^^^^^^^^^^^^^^^^^^^^^^^^^^^
  File "/home/sneha/spotify_airflow_project/venv/lib/python3.12/site-packages/airflow/models/taskinstance.py", line 733, in _execute_callable
    return ExecutionCallableRunner(
           ^^^^^^^^^^^^^^^^^^^^^^^^
  File "/home/sneha/spotify_airflow_project/venv/lib/python3.12/site-packages/airflow/utils/operator_helpers.py", line 252, in run
    return self.func(*args, **kwargs)
           ^^^^^^^^^^^^^^^^^^^^^^^^^^
  File "/home/sneha/spotify_airflow_project/venv/lib/python3.12/site-packages/airflow/models/baseoperator.py", line 406, in wrapper
    return func(self, *args, **kwargs)
           ^^^^^^^^^^^^^^^^^^^^^^^^^^^
  File "/home/sneha/spotify_airflow_project/venv/lib/python3.12/site-packages/airflow/operators/bash.py", line 249, in execute
    raise AirflowException(
airflow.exceptions.AirflowException: Bash command failed. The command returned a non-zero exit code 1.
[2025-12-15T13:24:37.421+0530] {logging_mixin.py:190} INFO - Task instance in failure state
[2025-12-15T13:24:37.422+0530] {logging_mixin.py:190} INFO - Task start:2025-12-15 07:54:24.197165+00:00 end:2025-12-15 07:54:37.419996+00:00 duration:13.222831
[2025-12-15T13:24:37.422+0530] {logging_mixin.py:190} INFO - Task:<Task(BashOperator): run_spark_consumer> dag:<DAG: spotify_streaming_pipeline> dagrun:<DagRun spotify_streaming_pipeline @ 2025-12-15 07:48:54.795824+00:00: manual__2025-12-15T07:48:54.795824+00:00, state:running, queued_at: 2025-12-15 07:48:54.811790+00:00. externally triggered: True>
[2025-12-15T13:24:37.423+0530] {logging_mixin.py:190} INFO - Failure caused by Bash command failed. The command returned a non-zero exit code 1.
[2025-12-15T13:24:37.423+0530] {taskinstance.py:1225} INFO - Marking task as FAILED. dag_id=spotify_streaming_pipeline, task_id=run_spark_consumer, run_id=manual__2025-12-15T07:48:54.795824+00:00, execution_date=20251215T074854, start_date=20251215T075424, end_date=20251215T075437
[2025-12-15T13:24:37.442+0530] {taskinstance.py:340} INFO - ::group::Post task execution logs
[2025-12-15T13:24:37.443+0530] {standard_task_runner.py:124} ERROR - Failed to execute job 10 for task run_spark_consumer (Bash command failed. The command returned a non-zero exit code 1.; 27605)
Traceback (most recent call last):
  File "/home/sneha/spotify_airflow_project/venv/lib/python3.12/site-packages/airflow/task/task_runner/standard_task_runner.py", line 117, in _start_by_fork
    ret = args.func(args, dag=self.dag)
          ^^^^^^^^^^^^^^^^^^^^^^^^^^^^^
  File "/home/sneha/spotify_airflow_project/venv/lib/python3.12/site-packages/airflow/cli/cli_config.py", line 49, in command
    return func(*args, **kwargs)
           ^^^^^^^^^^^^^^^^^^^^^
  File "/home/sneha/spotify_airflow_project/venv/lib/python3.12/site-packages/airflow/utils/cli.py", line 115, in wrapper
    return f(*args, **kwargs)
           ^^^^^^^^^^^^^^^^^^
  File "/home/sneha/spotify_airflow_project/venv/lib/python3.12/site-packages/airflow/cli/commands/task_command.py", line 483, in task_run
    task_return_code = _run_task_by_selected_method(args, _dag, ti)
                       ^^^^^^^^^^^^^^^^^^^^^^^^^^^^^^^^^^^^^^^^^^^^
  File "/home/sneha/spotify_airflow_project/venv/lib/python3.12/site-packages/airflow/cli/commands/task_command.py", line 256, in _run_task_by_selected_method
    return _run_raw_task(args, ti)
           ^^^^^^^^^^^^^^^^^^^^^^^
  File "/home/sneha/spotify_airflow_project/venv/lib/python3.12/site-packages/airflow/cli/commands/task_command.py", line 341, in _run_raw_task
    return ti._run_raw_task(
           ^^^^^^^^^^^^^^^^^
  File "/home/sneha/spotify_airflow_project/venv/lib/python3.12/site-packages/airflow/utils/session.py", line 97, in wrapper
    return func(*args, session=session, **kwargs)
           ^^^^^^^^^^^^^^^^^^^^^^^^^^^^^^^^^^^^^^
  File "/home/sneha/spotify_airflow_project/venv/lib/python3.12/site-packages/airflow/models/taskinstance.py", line 3004, in _run_raw_task
    return _run_raw_task(
           ^^^^^^^^^^^^^^
  File "/home/sneha/spotify_airflow_project/venv/lib/python3.12/site-packages/airflow/models/taskinstance.py", line 273, in _run_raw_task
    TaskInstance._execute_task_with_callbacks(
  File "/home/sneha/spotify_airflow_project/venv/lib/python3.12/site-packages/airflow/models/taskinstance.py", line 3158, in _execute_task_with_callbacks
    result = self._execute_task(context, task_orig)
             ^^^^^^^^^^^^^^^^^^^^^^^^^^^^^^^^^^^^^^
  File "/home/sneha/spotify_airflow_project/venv/lib/python3.12/site-packages/airflow/models/taskinstance.py", line 3182, in _execute_task
    return _execute_task(self, context, task_orig)
           ^^^^^^^^^^^^^^^^^^^^^^^^^^^^^^^^^^^^^^^
  File "/home/sneha/spotify_airflow_project/venv/lib/python3.12/site-packages/airflow/models/taskinstance.py", line 767, in _execute_task
    result = _execute_callable(context=context, **execute_callable_kwargs)
             ^^^^^^^^^^^^^^^^^^^^^^^^^^^^^^^^^^^^^^^^^^^^^^^^^^^^^^^^^^^^^
  File "/home/sneha/spotify_airflow_project/venv/lib/python3.12/site-packages/airflow/models/taskinstance.py", line 733, in _execute_callable
    return ExecutionCallableRunner(
           ^^^^^^^^^^^^^^^^^^^^^^^^
  File "/home/sneha/spotify_airflow_project/venv/lib/python3.12/site-packages/airflow/utils/operator_helpers.py", line 252, in run
    return self.func(*args, **kwargs)
           ^^^^^^^^^^^^^^^^^^^^^^^^^^
  File "/home/sneha/spotify_airflow_project/venv/lib/python3.12/site-packages/airflow/models/baseoperator.py", line 406, in wrapper
    return func(self, *args, **kwargs)
           ^^^^^^^^^^^^^^^^^^^^^^^^^^^
  File "/home/sneha/spotify_airflow_project/venv/lib/python3.12/site-packages/airflow/operators/bash.py", line 249, in execute
    raise AirflowException(
airflow.exceptions.AirflowException: Bash command failed. The command returned a non-zero exit code 1.
[2025-12-15T13:24:37.487+0530] {local_task_job_runner.py:266} INFO - Task exited with return code 1
[2025-12-15T13:24:37.505+0530] {taskinstance.py:3900} INFO - 0 downstream tasks scheduled from follow-on schedule check
[2025-12-15T13:24:37.506+0530] {local_task_job_runner.py:245} INFO - ::endgroup::
