[2025-12-15T13:19:08.376+0530] {local_task_job_runner.py:123} INFO - ::group::Pre task execution logs
[2025-12-15T13:19:08.389+0530] {taskinstance.py:2612} INFO - Dependencies all met for dep_context=non-requeueable deps ti=<TaskInstance: spotify_streaming_pipeline.run_spark_consumer manual__2025-12-15T07:48:54.795824+00:00 [queued]>
[2025-12-15T13:19:08.395+0530] {taskinstance.py:2612} INFO - Dependencies all met for dep_context=requeueable deps ti=<TaskInstance: spotify_streaming_pipeline.run_spark_consumer manual__2025-12-15T07:48:54.795824+00:00 [queued]>
[2025-12-15T13:19:08.396+0530] {taskinstance.py:2865} INFO - Starting attempt 1 of 2
[2025-12-15T13:19:08.408+0530] {taskinstance.py:2888} INFO - Executing <Task(BashOperator): run_spark_consumer> on 2025-12-15 07:48:54.795824+00:00
[2025-12-15T13:19:08.414+0530] {standard_task_runner.py:72} INFO - Started process 25125 to run task
[2025-12-15T13:19:08.419+0530] {standard_task_runner.py:104} INFO - Running: ['airflow', 'tasks', 'run', 'spotify_streaming_pipeline', 'run_spark_consumer', 'manual__2025-12-15T07:48:54.795824+00:00', '--job-id', '9', '--raw', '--subdir', 'DAGS_FOLDER/spotify_streaming_dag.py', '--cfg-path', '/tmp/tmptkim0ogv']
[2025-12-15T13:19:08.420+0530] {standard_task_runner.py:105} INFO - Job 9: Subtask run_spark_consumer
[2025-12-15T13:19:08.452+0530] {task_command.py:467} INFO - Running <TaskInstance: spotify_streaming_pipeline.run_spark_consumer manual__2025-12-15T07:48:54.795824+00:00 [running]> on host sneha-HP-Laptop-15s-eq1xxx
[2025-12-15T13:19:08.505+0530] {taskinstance.py:3131} INFO - Exporting env vars: AIRFLOW_CTX_DAG_OWNER='sneha' AIRFLOW_CTX_DAG_ID='spotify_streaming_pipeline' AIRFLOW_CTX_TASK_ID='run_spark_consumer' AIRFLOW_CTX_EXECUTION_DATE='2025-12-15T07:48:54.795824+00:00' AIRFLOW_CTX_TRY_NUMBER='1' AIRFLOW_CTX_DAG_RUN_ID='manual__2025-12-15T07:48:54.795824+00:00'
[2025-12-15T13:19:08.506+0530] {logging_mixin.py:190} INFO - Task instance is in running state
[2025-12-15T13:19:08.506+0530] {logging_mixin.py:190} INFO -  Previous state of the Task instance: queued
[2025-12-15T13:19:08.506+0530] {logging_mixin.py:190} INFO - Current task name:run_spark_consumer state:running start_date:2025-12-15 07:49:08.389510+00:00
[2025-12-15T13:19:08.506+0530] {logging_mixin.py:190} INFO - Dag name:spotify_streaming_pipeline and current dag run status:running
[2025-12-15T13:19:08.507+0530] {taskinstance.py:731} INFO - ::endgroup::
[2025-12-15T13:19:08.507+0530] {subprocess.py:63} INFO - Tmp dir root location: /tmp
[2025-12-15T13:19:08.508+0530] {subprocess.py:75} INFO - Running command: ['/usr/bin/bash', '-c', '\n        spark-submit         /home/sneha/spotify_airflow_project/scripts/spark_consumer_airflow.py\n        ']
[2025-12-15T13:19:08.522+0530] {subprocess.py:86} INFO - Output:
[2025-12-15T13:19:10.692+0530] {subprocess.py:93} INFO - 25/12/15 13:19:10 WARN Utils: Your hostname, sneha-HP-Laptop-15s-eq1xxx resolves to a loopback address: 127.0.1.1; using 192.168.1.86 instead (on interface wlo1)
[2025-12-15T13:19:10.696+0530] {subprocess.py:93} INFO - 25/12/15 13:19:10 WARN Utils: Set SPARK_LOCAL_IP if you need to bind to another address
[2025-12-15T13:19:17.020+0530] {subprocess.py:93} INFO - 25/12/15 13:19:17 INFO SparkContext: Running Spark version 3.4.4
[2025-12-15T13:19:17.144+0530] {subprocess.py:93} INFO - 25/12/15 13:19:17 WARN NativeCodeLoader: Unable to load native-hadoop library for your platform... using builtin-java classes where applicable
[2025-12-15T13:19:17.305+0530] {subprocess.py:93} INFO - 25/12/15 13:19:17 INFO ResourceUtils: ==============================================================
[2025-12-15T13:19:17.306+0530] {subprocess.py:93} INFO - 25/12/15 13:19:17 INFO ResourceUtils: No custom resources configured for spark.driver.
[2025-12-15T13:19:17.306+0530] {subprocess.py:93} INFO - 25/12/15 13:19:17 INFO ResourceUtils: ==============================================================
[2025-12-15T13:19:17.307+0530] {subprocess.py:93} INFO - 25/12/15 13:19:17 INFO SparkContext: Submitted application: spotify_streaming_airflow
[2025-12-15T13:19:17.350+0530] {subprocess.py:93} INFO - 25/12/15 13:19:17 INFO ResourceProfile: Default ResourceProfile created, executor resources: Map(cores -> name: cores, amount: 1, script: , vendor: , memory -> name: memory, amount: 1024, script: , vendor: , offHeap -> name: offHeap, amount: 0, script: , vendor: ), task resources: Map(cpus -> name: cpus, amount: 1.0)
[2025-12-15T13:19:17.372+0530] {subprocess.py:93} INFO - 25/12/15 13:19:17 INFO ResourceProfile: Limiting resource is cpu
[2025-12-15T13:19:17.374+0530] {subprocess.py:93} INFO - 25/12/15 13:19:17 INFO ResourceProfileManager: Added ResourceProfile id: 0
[2025-12-15T13:19:17.469+0530] {subprocess.py:93} INFO - 25/12/15 13:19:17 INFO SecurityManager: Changing view acls to: sneha
[2025-12-15T13:19:17.470+0530] {subprocess.py:93} INFO - 25/12/15 13:19:17 INFO SecurityManager: Changing modify acls to: sneha
[2025-12-15T13:19:17.471+0530] {subprocess.py:93} INFO - 25/12/15 13:19:17 INFO SecurityManager: Changing view acls groups to:
[2025-12-15T13:19:17.472+0530] {subprocess.py:93} INFO - 25/12/15 13:19:17 INFO SecurityManager: Changing modify acls groups to:
[2025-12-15T13:19:17.473+0530] {subprocess.py:93} INFO - 25/12/15 13:19:17 INFO SecurityManager: SecurityManager: authentication disabled; ui acls disabled; users with view permissions: sneha; groups with view permissions: EMPTY; users with modify permissions: sneha; groups with modify permissions: EMPTY
[2025-12-15T13:19:17.844+0530] {subprocess.py:93} INFO - 25/12/15 13:19:17 INFO Utils: Successfully started service 'sparkDriver' on port 33313.
[2025-12-15T13:19:17.919+0530] {subprocess.py:93} INFO - 25/12/15 13:19:17 INFO SparkEnv: Registering MapOutputTracker
[2025-12-15T13:19:18.003+0530] {subprocess.py:93} INFO - 25/12/15 13:19:18 INFO SparkEnv: Registering BlockManagerMaster
[2025-12-15T13:19:18.027+0530] {subprocess.py:93} INFO - 25/12/15 13:19:18 INFO BlockManagerMasterEndpoint: Using org.apache.spark.storage.DefaultTopologyMapper for getting topology information
[2025-12-15T13:19:18.027+0530] {subprocess.py:93} INFO - 25/12/15 13:19:18 INFO BlockManagerMasterEndpoint: BlockManagerMasterEndpoint up
[2025-12-15T13:19:18.032+0530] {subprocess.py:93} INFO - 25/12/15 13:19:18 INFO SparkEnv: Registering BlockManagerMasterHeartbeat
[2025-12-15T13:19:18.068+0530] {subprocess.py:93} INFO - 25/12/15 13:19:18 INFO DiskBlockManager: Created local directory at /tmp/blockmgr-c1f2ce92-0876-43f1-8dc7-83bc2198824d
[2025-12-15T13:19:18.162+0530] {subprocess.py:93} INFO - 25/12/15 13:19:18 INFO MemoryStore: MemoryStore started with capacity 366.3 MiB
[2025-12-15T13:19:18.192+0530] {subprocess.py:93} INFO - 25/12/15 13:19:18 INFO SparkEnv: Registering OutputCommitCoordinator
[2025-12-15T13:19:18.471+0530] {subprocess.py:93} INFO - 25/12/15 13:19:18 INFO JettyUtils: Start Jetty 0.0.0.0:4040 for SparkUI
[2025-12-15T13:19:18.587+0530] {subprocess.py:93} INFO - 25/12/15 13:19:18 INFO Utils: Successfully started service 'SparkUI' on port 4040.
[2025-12-15T13:19:18.754+0530] {subprocess.py:93} INFO - 25/12/15 13:19:18 INFO Executor: Starting executor ID driver on host 192.168.1.86
[2025-12-15T13:19:18.763+0530] {subprocess.py:93} INFO - 25/12/15 13:19:18 INFO Executor: Starting executor with user classpath (userClassPathFirst = false): ''
[2025-12-15T13:19:18.790+0530] {subprocess.py:93} INFO - 25/12/15 13:19:18 INFO Utils: Successfully started service 'org.apache.spark.network.netty.NettyBlockTransferService' on port 35925.
[2025-12-15T13:19:18.790+0530] {subprocess.py:93} INFO - 25/12/15 13:19:18 INFO NettyBlockTransferService: Server created on 192.168.1.86:35925
[2025-12-15T13:19:18.793+0530] {subprocess.py:93} INFO - 25/12/15 13:19:18 INFO BlockManager: Using org.apache.spark.storage.RandomBlockReplicationPolicy for block replication policy
[2025-12-15T13:19:18.800+0530] {subprocess.py:93} INFO - 25/12/15 13:19:18 INFO BlockManagerMaster: Registering BlockManager BlockManagerId(driver, 192.168.1.86, 35925, None)
[2025-12-15T13:19:18.805+0530] {subprocess.py:93} INFO - 25/12/15 13:19:18 INFO BlockManagerMasterEndpoint: Registering block manager 192.168.1.86:35925 with 366.3 MiB RAM, BlockManagerId(driver, 192.168.1.86, 35925, None)
[2025-12-15T13:19:18.808+0530] {subprocess.py:93} INFO - 25/12/15 13:19:18 INFO BlockManagerMaster: Registered BlockManager BlockManagerId(driver, 192.168.1.86, 35925, None)
[2025-12-15T13:19:18.810+0530] {subprocess.py:93} INFO - 25/12/15 13:19:18 INFO BlockManager: Initialized BlockManager: BlockManagerId(driver, 192.168.1.86, 35925, None)
[2025-12-15T13:19:19.532+0530] {subprocess.py:93} INFO - 25/12/15 13:19:19 INFO SharedState: Setting hive.metastore.warehouse.dir ('null') to the value of spark.sql.warehouse.dir.
[2025-12-15T13:19:19.545+0530] {subprocess.py:93} INFO - 25/12/15 13:19:19 INFO SharedState: Warehouse path is 'file:/tmp/airflowtmp2l42joeh/spark-warehouse'.
[2025-12-15T13:19:21.638+0530] {subprocess.py:93} INFO - Traceback (most recent call last):
[2025-12-15T13:19:21.638+0530] {subprocess.py:93} INFO -   File "/home/sneha/spotify_airflow_project/scripts/spark_consumer_airflow.py", line 24, in <module>
[2025-12-15T13:19:21.639+0530] {subprocess.py:93} INFO -     .load()
[2025-12-15T13:19:21.639+0530] {subprocess.py:93} INFO -      ^^^^^^
[2025-12-15T13:19:21.639+0530] {subprocess.py:93} INFO -   File "/home/sneha/spark/spark-3.4.4-bin-hadoop3/python/lib/pyspark.zip/pyspark/sql/readwriter.py", line 307, in load
[2025-12-15T13:19:21.639+0530] {subprocess.py:93} INFO -   File "/home/sneha/spark/spark-3.4.4-bin-hadoop3/python/lib/py4j-0.10.9.7-src.zip/py4j/java_gateway.py", line 1322, in __call__
[2025-12-15T13:19:21.639+0530] {subprocess.py:93} INFO -   File "/home/sneha/spark/spark-3.4.4-bin-hadoop3/python/lib/pyspark.zip/pyspark/errors/exceptions/captured.py", line 175, in deco
[2025-12-15T13:19:21.656+0530] {subprocess.py:93} INFO - pyspark.errors.exceptions.captured.AnalysisException: Failed to find data source: kafka. Please deploy the application as per the deployment section of Structured Streaming + Kafka Integration Guide.
[2025-12-15T13:19:21.722+0530] {subprocess.py:93} INFO - 25/12/15 13:19:21 INFO SparkContext: Invoking stop() from shutdown hook
[2025-12-15T13:19:21.723+0530] {subprocess.py:93} INFO - 25/12/15 13:19:21 INFO SparkContext: SparkContext is stopping with exitCode 0.
[2025-12-15T13:19:21.740+0530] {subprocess.py:93} INFO - 25/12/15 13:19:21 INFO SparkUI: Stopped Spark web UI at http://192.168.1.86:4040
[2025-12-15T13:19:21.759+0530] {subprocess.py:93} INFO - 25/12/15 13:19:21 INFO MapOutputTrackerMasterEndpoint: MapOutputTrackerMasterEndpoint stopped!
[2025-12-15T13:19:21.776+0530] {subprocess.py:93} INFO - 25/12/15 13:19:21 INFO MemoryStore: MemoryStore cleared
[2025-12-15T13:19:21.777+0530] {subprocess.py:93} INFO - 25/12/15 13:19:21 INFO BlockManager: BlockManager stopped
[2025-12-15T13:19:21.788+0530] {subprocess.py:93} INFO - 25/12/15 13:19:21 INFO BlockManagerMaster: BlockManagerMaster stopped
[2025-12-15T13:19:21.793+0530] {subprocess.py:93} INFO - 25/12/15 13:19:21 INFO OutputCommitCoordinator$OutputCommitCoordinatorEndpoint: OutputCommitCoordinator stopped!
[2025-12-15T13:19:21.803+0530] {subprocess.py:93} INFO - 25/12/15 13:19:21 INFO SparkContext: Successfully stopped SparkContext
[2025-12-15T13:19:21.804+0530] {subprocess.py:93} INFO - 25/12/15 13:19:21 INFO ShutdownHookManager: Shutdown hook called
[2025-12-15T13:19:21.804+0530] {subprocess.py:93} INFO - 25/12/15 13:19:21 INFO ShutdownHookManager: Deleting directory /tmp/spark-0c4cea42-3810-4314-b5f3-8f8765c785e8
[2025-12-15T13:19:21.807+0530] {subprocess.py:93} INFO - 25/12/15 13:19:21 INFO ShutdownHookManager: Deleting directory /tmp/spark-b5bacc0e-6460-4f21-b15d-9e2056c8b55c/pyspark-3a39ccd0-c8c4-447c-89a1-c3858969141e
[2025-12-15T13:19:21.811+0530] {subprocess.py:93} INFO - 25/12/15 13:19:21 INFO ShutdownHookManager: Deleting directory /tmp/spark-b5bacc0e-6460-4f21-b15d-9e2056c8b55c
[2025-12-15T13:19:21.908+0530] {subprocess.py:97} INFO - Command exited with return code 1
[2025-12-15T13:19:21.924+0530] {taskinstance.py:3310} ERROR - Task failed with exception
Traceback (most recent call last):
  File "/home/sneha/spotify_airflow_project/venv/lib/python3.12/site-packages/airflow/models/taskinstance.py", line 767, in _execute_task
    result = _execute_callable(context=context, **execute_callable_kwargs)
             ^^^^^^^^^^^^^^^^^^^^^^^^^^^^^^^^^^^^^^^^^^^^^^^^^^^^^^^^^^^^^
  File "/home/sneha/spotify_airflow_project/venv/lib/python3.12/site-packages/airflow/models/taskinstance.py", line 733, in _execute_callable
    return ExecutionCallableRunner(
           ^^^^^^^^^^^^^^^^^^^^^^^^
  File "/home/sneha/spotify_airflow_project/venv/lib/python3.12/site-packages/airflow/utils/operator_helpers.py", line 252, in run
    return self.func(*args, **kwargs)
           ^^^^^^^^^^^^^^^^^^^^^^^^^^
  File "/home/sneha/spotify_airflow_project/venv/lib/python3.12/site-packages/airflow/models/baseoperator.py", line 406, in wrapper
    return func(self, *args, **kwargs)
           ^^^^^^^^^^^^^^^^^^^^^^^^^^^
  File "/home/sneha/spotify_airflow_project/venv/lib/python3.12/site-packages/airflow/operators/bash.py", line 249, in execute
    raise AirflowException(
airflow.exceptions.AirflowException: Bash command failed. The command returned a non-zero exit code 1.
[2025-12-15T13:19:21.938+0530] {logging_mixin.py:190} INFO - Task instance in failure state
[2025-12-15T13:19:21.939+0530] {logging_mixin.py:190} INFO - Task start:2025-12-15 07:49:08.389510+00:00 end:2025-12-15 07:49:21.937270+00:00 duration:13.54776
[2025-12-15T13:19:21.939+0530] {logging_mixin.py:190} INFO - Task:<Task(BashOperator): run_spark_consumer> dag:<DAG: spotify_streaming_pipeline> dagrun:<DagRun spotify_streaming_pipeline @ 2025-12-15 07:48:54.795824+00:00: manual__2025-12-15T07:48:54.795824+00:00, state:running, queued_at: 2025-12-15 07:48:54.811790+00:00. externally triggered: True>
[2025-12-15T13:19:21.940+0530] {logging_mixin.py:190} INFO - Failure caused by Bash command failed. The command returned a non-zero exit code 1.
[2025-12-15T13:19:21.940+0530] {taskinstance.py:1225} INFO - Marking task as UP_FOR_RETRY. dag_id=spotify_streaming_pipeline, task_id=run_spark_consumer, run_id=manual__2025-12-15T07:48:54.795824+00:00, execution_date=20251215T074854, start_date=20251215T074908, end_date=20251215T074921
[2025-12-15T13:19:21.962+0530] {taskinstance.py:340} INFO - ::group::Post task execution logs
[2025-12-15T13:19:21.963+0530] {standard_task_runner.py:124} ERROR - Failed to execute job 9 for task run_spark_consumer (Bash command failed. The command returned a non-zero exit code 1.; 25125)
Traceback (most recent call last):
  File "/home/sneha/spotify_airflow_project/venv/lib/python3.12/site-packages/airflow/task/task_runner/standard_task_runner.py", line 117, in _start_by_fork
    ret = args.func(args, dag=self.dag)
          ^^^^^^^^^^^^^^^^^^^^^^^^^^^^^
  File "/home/sneha/spotify_airflow_project/venv/lib/python3.12/site-packages/airflow/cli/cli_config.py", line 49, in command
    return func(*args, **kwargs)
           ^^^^^^^^^^^^^^^^^^^^^
  File "/home/sneha/spotify_airflow_project/venv/lib/python3.12/site-packages/airflow/utils/cli.py", line 115, in wrapper
    return f(*args, **kwargs)
           ^^^^^^^^^^^^^^^^^^
  File "/home/sneha/spotify_airflow_project/venv/lib/python3.12/site-packages/airflow/cli/commands/task_command.py", line 483, in task_run
    task_return_code = _run_task_by_selected_method(args, _dag, ti)
                       ^^^^^^^^^^^^^^^^^^^^^^^^^^^^^^^^^^^^^^^^^^^^
  File "/home/sneha/spotify_airflow_project/venv/lib/python3.12/site-packages/airflow/cli/commands/task_command.py", line 256, in _run_task_by_selected_method
    return _run_raw_task(args, ti)
           ^^^^^^^^^^^^^^^^^^^^^^^
  File "/home/sneha/spotify_airflow_project/venv/lib/python3.12/site-packages/airflow/cli/commands/task_command.py", line 341, in _run_raw_task
    return ti._run_raw_task(
           ^^^^^^^^^^^^^^^^^
  File "/home/sneha/spotify_airflow_project/venv/lib/python3.12/site-packages/airflow/utils/session.py", line 97, in wrapper
    return func(*args, session=session, **kwargs)
           ^^^^^^^^^^^^^^^^^^^^^^^^^^^^^^^^^^^^^^
  File "/home/sneha/spotify_airflow_project/venv/lib/python3.12/site-packages/airflow/models/taskinstance.py", line 3004, in _run_raw_task
    return _run_raw_task(
           ^^^^^^^^^^^^^^
  File "/home/sneha/spotify_airflow_project/venv/lib/python3.12/site-packages/airflow/models/taskinstance.py", line 273, in _run_raw_task
    TaskInstance._execute_task_with_callbacks(
  File "/home/sneha/spotify_airflow_project/venv/lib/python3.12/site-packages/airflow/models/taskinstance.py", line 3158, in _execute_task_with_callbacks
    result = self._execute_task(context, task_orig)
             ^^^^^^^^^^^^^^^^^^^^^^^^^^^^^^^^^^^^^^
  File "/home/sneha/spotify_airflow_project/venv/lib/python3.12/site-packages/airflow/models/taskinstance.py", line 3182, in _execute_task
    return _execute_task(self, context, task_orig)
           ^^^^^^^^^^^^^^^^^^^^^^^^^^^^^^^^^^^^^^^
  File "/home/sneha/spotify_airflow_project/venv/lib/python3.12/site-packages/airflow/models/taskinstance.py", line 767, in _execute_task
    result = _execute_callable(context=context, **execute_callable_kwargs)
             ^^^^^^^^^^^^^^^^^^^^^^^^^^^^^^^^^^^^^^^^^^^^^^^^^^^^^^^^^^^^^
  File "/home/sneha/spotify_airflow_project/venv/lib/python3.12/site-packages/airflow/models/taskinstance.py", line 733, in _execute_callable
    return ExecutionCallableRunner(
           ^^^^^^^^^^^^^^^^^^^^^^^^
  File "/home/sneha/spotify_airflow_project/venv/lib/python3.12/site-packages/airflow/utils/operator_helpers.py", line 252, in run
    return self.func(*args, **kwargs)
           ^^^^^^^^^^^^^^^^^^^^^^^^^^
  File "/home/sneha/spotify_airflow_project/venv/lib/python3.12/site-packages/airflow/models/baseoperator.py", line 406, in wrapper
    return func(self, *args, **kwargs)
           ^^^^^^^^^^^^^^^^^^^^^^^^^^^
  File "/home/sneha/spotify_airflow_project/venv/lib/python3.12/site-packages/airflow/operators/bash.py", line 249, in execute
    raise AirflowException(
airflow.exceptions.AirflowException: Bash command failed. The command returned a non-zero exit code 1.
[2025-12-15T13:19:21.995+0530] {local_task_job_runner.py:266} INFO - Task exited with return code 1
[2025-12-15T13:19:22.012+0530] {taskinstance.py:3900} INFO - 0 downstream tasks scheduled from follow-on schedule check
[2025-12-15T13:19:22.014+0530] {local_task_job_runner.py:245} INFO - ::endgroup::
