[2025-12-10T12:01:51.750+0530] {processor.py:186} INFO - Started process (PID=11021) to work on /home/sneha/spotify_airflow_project/venv/lib/python3.12/site-packages/airflow/example_dags/plugins/workday.py
[2025-12-10T12:01:51.751+0530] {processor.py:914} INFO - Processing file /home/sneha/spotify_airflow_project/venv/lib/python3.12/site-packages/airflow/example_dags/plugins/workday.py for tasks to queue
[2025-12-10T12:01:51.753+0530] {logging_mixin.py:190} INFO - [2025-12-10T12:01:51.753+0530] {dagbag.py:588} INFO - Filling up the DagBag from /home/sneha/spotify_airflow_project/venv/lib/python3.12/site-packages/airflow/example_dags/plugins/workday.py
[2025-12-10T12:01:51.756+0530] {logging_mixin.py:190} INFO - [2025-12-10T12:01:51.755+0530] {workday.py:41} WARNING - Could not import pandas. Holidays will not be considered.
[2025-12-10T12:01:51.756+0530] {processor.py:927} WARNING - No viable dags retrieved from /home/sneha/spotify_airflow_project/venv/lib/python3.12/site-packages/airflow/example_dags/plugins/workday.py
[2025-12-10T12:01:51.770+0530] {processor.py:208} INFO - Processing /home/sneha/spotify_airflow_project/venv/lib/python3.12/site-packages/airflow/example_dags/plugins/workday.py took 0.027 seconds
[2025-12-10T12:02:55.325+0530] {processor.py:186} INFO - Started process (PID=11261) to work on /home/sneha/spotify_airflow_project/venv/lib/python3.12/site-packages/airflow/example_dags/plugins/workday.py
[2025-12-10T12:02:55.326+0530] {processor.py:914} INFO - Processing file /home/sneha/spotify_airflow_project/venv/lib/python3.12/site-packages/airflow/example_dags/plugins/workday.py for tasks to queue
[2025-12-10T12:02:55.328+0530] {logging_mixin.py:190} INFO - [2025-12-10T12:02:55.327+0530] {dagbag.py:588} INFO - Filling up the DagBag from /home/sneha/spotify_airflow_project/venv/lib/python3.12/site-packages/airflow/example_dags/plugins/workday.py
[2025-12-10T12:02:55.331+0530] {logging_mixin.py:190} INFO - [2025-12-10T12:02:55.331+0530] {workday.py:41} WARNING - Could not import pandas. Holidays will not be considered.
[2025-12-10T12:02:55.331+0530] {processor.py:927} WARNING - No viable dags retrieved from /home/sneha/spotify_airflow_project/venv/lib/python3.12/site-packages/airflow/example_dags/plugins/workday.py
[2025-12-10T12:02:55.346+0530] {processor.py:208} INFO - Processing /home/sneha/spotify_airflow_project/venv/lib/python3.12/site-packages/airflow/example_dags/plugins/workday.py took 0.029 seconds
[2025-12-10T12:03:50.963+0530] {processor.py:186} INFO - Started process (PID=11381) to work on /home/sneha/spotify_airflow_project/venv/lib/python3.12/site-packages/airflow/example_dags/plugins/workday.py
[2025-12-10T12:03:50.965+0530] {processor.py:914} INFO - Processing file /home/sneha/spotify_airflow_project/venv/lib/python3.12/site-packages/airflow/example_dags/plugins/workday.py for tasks to queue
[2025-12-10T12:03:50.967+0530] {logging_mixin.py:190} INFO - [2025-12-10T12:03:50.967+0530] {dagbag.py:588} INFO - Filling up the DagBag from /home/sneha/spotify_airflow_project/venv/lib/python3.12/site-packages/airflow/example_dags/plugins/workday.py
[2025-12-10T12:03:50.970+0530] {logging_mixin.py:190} INFO - [2025-12-10T12:03:50.970+0530] {workday.py:41} WARNING - Could not import pandas. Holidays will not be considered.
[2025-12-10T12:03:50.971+0530] {processor.py:927} WARNING - No viable dags retrieved from /home/sneha/spotify_airflow_project/venv/lib/python3.12/site-packages/airflow/example_dags/plugins/workday.py
[2025-12-10T12:03:50.981+0530] {processor.py:208} INFO - Processing /home/sneha/spotify_airflow_project/venv/lib/python3.12/site-packages/airflow/example_dags/plugins/workday.py took 0.028 seconds
[2025-12-10T12:04:44.176+0530] {processor.py:186} INFO - Started process (PID=11463) to work on /home/sneha/spotify_airflow_project/venv/lib/python3.12/site-packages/airflow/example_dags/plugins/workday.py
[2025-12-10T12:04:44.177+0530] {processor.py:914} INFO - Processing file /home/sneha/spotify_airflow_project/venv/lib/python3.12/site-packages/airflow/example_dags/plugins/workday.py for tasks to queue
[2025-12-10T12:04:44.179+0530] {logging_mixin.py:190} INFO - [2025-12-10T12:04:44.179+0530] {dagbag.py:588} INFO - Filling up the DagBag from /home/sneha/spotify_airflow_project/venv/lib/python3.12/site-packages/airflow/example_dags/plugins/workday.py
[2025-12-10T12:04:44.181+0530] {logging_mixin.py:190} INFO - [2025-12-10T12:04:44.181+0530] {workday.py:41} WARNING - Could not import pandas. Holidays will not be considered.
[2025-12-10T12:04:44.182+0530] {processor.py:927} WARNING - No viable dags retrieved from /home/sneha/spotify_airflow_project/venv/lib/python3.12/site-packages/airflow/example_dags/plugins/workday.py
[2025-12-10T12:04:44.193+0530] {processor.py:208} INFO - Processing /home/sneha/spotify_airflow_project/venv/lib/python3.12/site-packages/airflow/example_dags/plugins/workday.py took 0.028 seconds
[2025-12-10T12:05:40.385+0530] {processor.py:186} INFO - Started process (PID=11646) to work on /home/sneha/spotify_airflow_project/venv/lib/python3.12/site-packages/airflow/example_dags/plugins/workday.py
[2025-12-10T12:05:40.387+0530] {processor.py:914} INFO - Processing file /home/sneha/spotify_airflow_project/venv/lib/python3.12/site-packages/airflow/example_dags/plugins/workday.py for tasks to queue
[2025-12-10T12:05:40.391+0530] {logging_mixin.py:190} INFO - [2025-12-10T12:05:40.390+0530] {dagbag.py:588} INFO - Filling up the DagBag from /home/sneha/spotify_airflow_project/venv/lib/python3.12/site-packages/airflow/example_dags/plugins/workday.py
[2025-12-10T12:05:40.396+0530] {logging_mixin.py:190} INFO - [2025-12-10T12:05:40.395+0530] {workday.py:41} WARNING - Could not import pandas. Holidays will not be considered.
[2025-12-10T12:05:40.396+0530] {processor.py:927} WARNING - No viable dags retrieved from /home/sneha/spotify_airflow_project/venv/lib/python3.12/site-packages/airflow/example_dags/plugins/workday.py
[2025-12-10T12:05:40.409+0530] {processor.py:208} INFO - Processing /home/sneha/spotify_airflow_project/venv/lib/python3.12/site-packages/airflow/example_dags/plugins/workday.py took 0.029 seconds
[2025-12-10T12:06:31.058+0530] {processor.py:186} INFO - Started process (PID=11819) to work on /home/sneha/spotify_airflow_project/venv/lib/python3.12/site-packages/airflow/example_dags/plugins/workday.py
[2025-12-10T12:06:31.059+0530] {processor.py:914} INFO - Processing file /home/sneha/spotify_airflow_project/venv/lib/python3.12/site-packages/airflow/example_dags/plugins/workday.py for tasks to queue
[2025-12-10T12:06:31.060+0530] {logging_mixin.py:190} INFO - [2025-12-10T12:06:31.060+0530] {dagbag.py:588} INFO - Filling up the DagBag from /home/sneha/spotify_airflow_project/venv/lib/python3.12/site-packages/airflow/example_dags/plugins/workday.py
[2025-12-10T12:06:31.063+0530] {logging_mixin.py:190} INFO - [2025-12-10T12:06:31.063+0530] {workday.py:41} WARNING - Could not import pandas. Holidays will not be considered.
[2025-12-10T12:06:31.063+0530] {processor.py:927} WARNING - No viable dags retrieved from /home/sneha/spotify_airflow_project/venv/lib/python3.12/site-packages/airflow/example_dags/plugins/workday.py
[2025-12-10T12:06:31.076+0530] {processor.py:208} INFO - Processing /home/sneha/spotify_airflow_project/venv/lib/python3.12/site-packages/airflow/example_dags/plugins/workday.py took 0.028 seconds
[2025-12-10T12:07:26.208+0530] {processor.py:186} INFO - Started process (PID=11911) to work on /home/sneha/spotify_airflow_project/venv/lib/python3.12/site-packages/airflow/example_dags/plugins/workday.py
[2025-12-10T12:07:26.209+0530] {processor.py:914} INFO - Processing file /home/sneha/spotify_airflow_project/venv/lib/python3.12/site-packages/airflow/example_dags/plugins/workday.py for tasks to queue
[2025-12-10T12:07:26.211+0530] {logging_mixin.py:190} INFO - [2025-12-10T12:07:26.211+0530] {dagbag.py:588} INFO - Filling up the DagBag from /home/sneha/spotify_airflow_project/venv/lib/python3.12/site-packages/airflow/example_dags/plugins/workday.py
[2025-12-10T12:07:26.214+0530] {logging_mixin.py:190} INFO - [2025-12-10T12:07:26.214+0530] {workday.py:41} WARNING - Could not import pandas. Holidays will not be considered.
[2025-12-10T12:07:26.215+0530] {processor.py:927} WARNING - No viable dags retrieved from /home/sneha/spotify_airflow_project/venv/lib/python3.12/site-packages/airflow/example_dags/plugins/workday.py
[2025-12-10T12:07:26.227+0530] {processor.py:208} INFO - Processing /home/sneha/spotify_airflow_project/venv/lib/python3.12/site-packages/airflow/example_dags/plugins/workday.py took 0.026 seconds
[2025-12-10T12:08:23.083+0530] {processor.py:186} INFO - Started process (PID=11970) to work on /home/sneha/spotify_airflow_project/venv/lib/python3.12/site-packages/airflow/example_dags/plugins/workday.py
[2025-12-10T12:08:23.084+0530] {processor.py:914} INFO - Processing file /home/sneha/spotify_airflow_project/venv/lib/python3.12/site-packages/airflow/example_dags/plugins/workday.py for tasks to queue
[2025-12-10T12:08:23.086+0530] {logging_mixin.py:190} INFO - [2025-12-10T12:08:23.086+0530] {dagbag.py:588} INFO - Filling up the DagBag from /home/sneha/spotify_airflow_project/venv/lib/python3.12/site-packages/airflow/example_dags/plugins/workday.py
[2025-12-10T12:08:23.090+0530] {logging_mixin.py:190} INFO - [2025-12-10T12:08:23.090+0530] {workday.py:41} WARNING - Could not import pandas. Holidays will not be considered.
[2025-12-10T12:08:23.090+0530] {processor.py:927} WARNING - No viable dags retrieved from /home/sneha/spotify_airflow_project/venv/lib/python3.12/site-packages/airflow/example_dags/plugins/workday.py
[2025-12-10T12:08:23.101+0530] {processor.py:208} INFO - Processing /home/sneha/spotify_airflow_project/venv/lib/python3.12/site-packages/airflow/example_dags/plugins/workday.py took 0.024 seconds
[2025-12-10T12:09:18.005+0530] {processor.py:186} INFO - Started process (PID=12154) to work on /home/sneha/spotify_airflow_project/venv/lib/python3.12/site-packages/airflow/example_dags/plugins/workday.py
[2025-12-10T12:09:18.007+0530] {processor.py:914} INFO - Processing file /home/sneha/spotify_airflow_project/venv/lib/python3.12/site-packages/airflow/example_dags/plugins/workday.py for tasks to queue
[2025-12-10T12:09:18.010+0530] {logging_mixin.py:190} INFO - [2025-12-10T12:09:18.010+0530] {dagbag.py:588} INFO - Filling up the DagBag from /home/sneha/spotify_airflow_project/venv/lib/python3.12/site-packages/airflow/example_dags/plugins/workday.py
[2025-12-10T12:09:18.014+0530] {logging_mixin.py:190} INFO - [2025-12-10T12:09:18.013+0530] {workday.py:41} WARNING - Could not import pandas. Holidays will not be considered.
[2025-12-10T12:09:18.014+0530] {processor.py:927} WARNING - No viable dags retrieved from /home/sneha/spotify_airflow_project/venv/lib/python3.12/site-packages/airflow/example_dags/plugins/workday.py
[2025-12-10T12:09:18.025+0530] {processor.py:208} INFO - Processing /home/sneha/spotify_airflow_project/venv/lib/python3.12/site-packages/airflow/example_dags/plugins/workday.py took 0.029 seconds
[2025-12-10T12:10:11.634+0530] {processor.py:186} INFO - Started process (PID=12212) to work on /home/sneha/spotify_airflow_project/venv/lib/python3.12/site-packages/airflow/example_dags/plugins/workday.py
[2025-12-10T12:10:11.635+0530] {processor.py:914} INFO - Processing file /home/sneha/spotify_airflow_project/venv/lib/python3.12/site-packages/airflow/example_dags/plugins/workday.py for tasks to queue
[2025-12-10T12:10:11.638+0530] {logging_mixin.py:190} INFO - [2025-12-10T12:10:11.637+0530] {dagbag.py:588} INFO - Filling up the DagBag from /home/sneha/spotify_airflow_project/venv/lib/python3.12/site-packages/airflow/example_dags/plugins/workday.py
[2025-12-10T12:10:11.642+0530] {logging_mixin.py:190} INFO - [2025-12-10T12:10:11.641+0530] {workday.py:41} WARNING - Could not import pandas. Holidays will not be considered.
[2025-12-10T12:10:11.642+0530] {processor.py:927} WARNING - No viable dags retrieved from /home/sneha/spotify_airflow_project/venv/lib/python3.12/site-packages/airflow/example_dags/plugins/workday.py
[2025-12-10T12:10:11.655+0530] {processor.py:208} INFO - Processing /home/sneha/spotify_airflow_project/venv/lib/python3.12/site-packages/airflow/example_dags/plugins/workday.py took 0.030 seconds
[2025-12-10T12:11:06.711+0530] {processor.py:186} INFO - Started process (PID=12341) to work on /home/sneha/spotify_airflow_project/venv/lib/python3.12/site-packages/airflow/example_dags/plugins/workday.py
[2025-12-10T12:11:06.712+0530] {processor.py:914} INFO - Processing file /home/sneha/spotify_airflow_project/venv/lib/python3.12/site-packages/airflow/example_dags/plugins/workday.py for tasks to queue
[2025-12-10T12:11:06.714+0530] {logging_mixin.py:190} INFO - [2025-12-10T12:11:06.714+0530] {dagbag.py:588} INFO - Filling up the DagBag from /home/sneha/spotify_airflow_project/venv/lib/python3.12/site-packages/airflow/example_dags/plugins/workday.py
[2025-12-10T12:11:06.717+0530] {logging_mixin.py:190} INFO - [2025-12-10T12:11:06.716+0530] {workday.py:41} WARNING - Could not import pandas. Holidays will not be considered.
[2025-12-10T12:11:06.717+0530] {processor.py:927} WARNING - No viable dags retrieved from /home/sneha/spotify_airflow_project/venv/lib/python3.12/site-packages/airflow/example_dags/plugins/workday.py
[2025-12-10T12:11:06.727+0530] {processor.py:208} INFO - Processing /home/sneha/spotify_airflow_project/venv/lib/python3.12/site-packages/airflow/example_dags/plugins/workday.py took 0.026 seconds
[2025-12-10T12:11:57.320+0530] {processor.py:186} INFO - Started process (PID=12424) to work on /home/sneha/spotify_airflow_project/venv/lib/python3.12/site-packages/airflow/example_dags/plugins/workday.py
[2025-12-10T12:11:57.321+0530] {processor.py:914} INFO - Processing file /home/sneha/spotify_airflow_project/venv/lib/python3.12/site-packages/airflow/example_dags/plugins/workday.py for tasks to queue
[2025-12-10T12:11:57.324+0530] {logging_mixin.py:190} INFO - [2025-12-10T12:11:57.323+0530] {dagbag.py:588} INFO - Filling up the DagBag from /home/sneha/spotify_airflow_project/venv/lib/python3.12/site-packages/airflow/example_dags/plugins/workday.py
[2025-12-10T12:11:57.326+0530] {logging_mixin.py:190} INFO - [2025-12-10T12:11:57.326+0530] {workday.py:41} WARNING - Could not import pandas. Holidays will not be considered.
[2025-12-10T12:11:57.327+0530] {processor.py:927} WARNING - No viable dags retrieved from /home/sneha/spotify_airflow_project/venv/lib/python3.12/site-packages/airflow/example_dags/plugins/workday.py
[2025-12-10T12:11:57.337+0530] {processor.py:208} INFO - Processing /home/sneha/spotify_airflow_project/venv/lib/python3.12/site-packages/airflow/example_dags/plugins/workday.py took 0.025 seconds
[2025-12-10T12:12:47.693+0530] {processor.py:186} INFO - Started process (PID=12500) to work on /home/sneha/spotify_airflow_project/venv/lib/python3.12/site-packages/airflow/example_dags/plugins/workday.py
[2025-12-10T12:12:47.694+0530] {processor.py:914} INFO - Processing file /home/sneha/spotify_airflow_project/venv/lib/python3.12/site-packages/airflow/example_dags/plugins/workday.py for tasks to queue
[2025-12-10T12:12:47.696+0530] {logging_mixin.py:190} INFO - [2025-12-10T12:12:47.696+0530] {dagbag.py:588} INFO - Filling up the DagBag from /home/sneha/spotify_airflow_project/venv/lib/python3.12/site-packages/airflow/example_dags/plugins/workday.py
[2025-12-10T12:12:47.699+0530] {logging_mixin.py:190} INFO - [2025-12-10T12:12:47.699+0530] {workday.py:41} WARNING - Could not import pandas. Holidays will not be considered.
[2025-12-10T12:12:47.699+0530] {processor.py:927} WARNING - No viable dags retrieved from /home/sneha/spotify_airflow_project/venv/lib/python3.12/site-packages/airflow/example_dags/plugins/workday.py
[2025-12-10T12:12:47.710+0530] {processor.py:208} INFO - Processing /home/sneha/spotify_airflow_project/venv/lib/python3.12/site-packages/airflow/example_dags/plugins/workday.py took 0.022 seconds
[2025-12-10T12:13:39.890+0530] {processor.py:186} INFO - Started process (PID=12594) to work on /home/sneha/spotify_airflow_project/venv/lib/python3.12/site-packages/airflow/example_dags/plugins/workday.py
[2025-12-10T12:13:39.891+0530] {processor.py:914} INFO - Processing file /home/sneha/spotify_airflow_project/venv/lib/python3.12/site-packages/airflow/example_dags/plugins/workday.py for tasks to queue
[2025-12-10T12:13:39.893+0530] {logging_mixin.py:190} INFO - [2025-12-10T12:13:39.893+0530] {dagbag.py:588} INFO - Filling up the DagBag from /home/sneha/spotify_airflow_project/venv/lib/python3.12/site-packages/airflow/example_dags/plugins/workday.py
[2025-12-10T12:13:39.896+0530] {logging_mixin.py:190} INFO - [2025-12-10T12:13:39.896+0530] {workday.py:41} WARNING - Could not import pandas. Holidays will not be considered.
[2025-12-10T12:13:39.896+0530] {processor.py:927} WARNING - No viable dags retrieved from /home/sneha/spotify_airflow_project/venv/lib/python3.12/site-packages/airflow/example_dags/plugins/workday.py
[2025-12-10T12:13:39.906+0530] {processor.py:208} INFO - Processing /home/sneha/spotify_airflow_project/venv/lib/python3.12/site-packages/airflow/example_dags/plugins/workday.py took 0.027 seconds
[2025-12-10T12:14:29.213+0530] {processor.py:186} INFO - Started process (PID=12678) to work on /home/sneha/spotify_airflow_project/venv/lib/python3.12/site-packages/airflow/example_dags/plugins/workday.py
[2025-12-10T12:14:29.214+0530] {processor.py:914} INFO - Processing file /home/sneha/spotify_airflow_project/venv/lib/python3.12/site-packages/airflow/example_dags/plugins/workday.py for tasks to queue
[2025-12-10T12:14:29.216+0530] {logging_mixin.py:190} INFO - [2025-12-10T12:14:29.216+0530] {dagbag.py:588} INFO - Filling up the DagBag from /home/sneha/spotify_airflow_project/venv/lib/python3.12/site-packages/airflow/example_dags/plugins/workday.py
[2025-12-10T12:14:29.218+0530] {logging_mixin.py:190} INFO - [2025-12-10T12:14:29.218+0530] {workday.py:41} WARNING - Could not import pandas. Holidays will not be considered.
[2025-12-10T12:14:29.219+0530] {processor.py:927} WARNING - No viable dags retrieved from /home/sneha/spotify_airflow_project/venv/lib/python3.12/site-packages/airflow/example_dags/plugins/workday.py
[2025-12-10T12:14:29.229+0530] {processor.py:208} INFO - Processing /home/sneha/spotify_airflow_project/venv/lib/python3.12/site-packages/airflow/example_dags/plugins/workday.py took 0.026 seconds
[2025-12-10T12:15:21.835+0530] {processor.py:186} INFO - Started process (PID=12785) to work on /home/sneha/spotify_airflow_project/venv/lib/python3.12/site-packages/airflow/example_dags/plugins/workday.py
[2025-12-10T12:15:21.836+0530] {processor.py:914} INFO - Processing file /home/sneha/spotify_airflow_project/venv/lib/python3.12/site-packages/airflow/example_dags/plugins/workday.py for tasks to queue
[2025-12-10T12:15:21.838+0530] {logging_mixin.py:190} INFO - [2025-12-10T12:15:21.838+0530] {dagbag.py:588} INFO - Filling up the DagBag from /home/sneha/spotify_airflow_project/venv/lib/python3.12/site-packages/airflow/example_dags/plugins/workday.py
[2025-12-10T12:15:21.841+0530] {logging_mixin.py:190} INFO - [2025-12-10T12:15:21.841+0530] {workday.py:41} WARNING - Could not import pandas. Holidays will not be considered.
[2025-12-10T12:15:21.841+0530] {processor.py:927} WARNING - No viable dags retrieved from /home/sneha/spotify_airflow_project/venv/lib/python3.12/site-packages/airflow/example_dags/plugins/workday.py
[2025-12-10T12:15:21.852+0530] {processor.py:208} INFO - Processing /home/sneha/spotify_airflow_project/venv/lib/python3.12/site-packages/airflow/example_dags/plugins/workday.py took 0.025 seconds
[2025-12-10T12:16:12.177+0530] {processor.py:186} INFO - Started process (PID=12849) to work on /home/sneha/spotify_airflow_project/venv/lib/python3.12/site-packages/airflow/example_dags/plugins/workday.py
[2025-12-10T12:16:12.188+0530] {processor.py:914} INFO - Processing file /home/sneha/spotify_airflow_project/venv/lib/python3.12/site-packages/airflow/example_dags/plugins/workday.py for tasks to queue
[2025-12-10T12:16:12.190+0530] {logging_mixin.py:190} INFO - [2025-12-10T12:16:12.190+0530] {dagbag.py:588} INFO - Filling up the DagBag from /home/sneha/spotify_airflow_project/venv/lib/python3.12/site-packages/airflow/example_dags/plugins/workday.py
[2025-12-10T12:16:12.193+0530] {logging_mixin.py:190} INFO - [2025-12-10T12:16:12.193+0530] {workday.py:41} WARNING - Could not import pandas. Holidays will not be considered.
[2025-12-10T12:16:12.194+0530] {processor.py:927} WARNING - No viable dags retrieved from /home/sneha/spotify_airflow_project/venv/lib/python3.12/site-packages/airflow/example_dags/plugins/workday.py
[2025-12-10T12:16:12.204+0530] {processor.py:208} INFO - Processing /home/sneha/spotify_airflow_project/venv/lib/python3.12/site-packages/airflow/example_dags/plugins/workday.py took 0.034 seconds
[2025-12-10T12:17:03.840+0530] {processor.py:186} INFO - Started process (PID=12936) to work on /home/sneha/spotify_airflow_project/venv/lib/python3.12/site-packages/airflow/example_dags/plugins/workday.py
[2025-12-10T12:17:03.850+0530] {processor.py:914} INFO - Processing file /home/sneha/spotify_airflow_project/venv/lib/python3.12/site-packages/airflow/example_dags/plugins/workday.py for tasks to queue
[2025-12-10T12:17:03.853+0530] {logging_mixin.py:190} INFO - [2025-12-10T12:17:03.853+0530] {dagbag.py:588} INFO - Filling up the DagBag from /home/sneha/spotify_airflow_project/venv/lib/python3.12/site-packages/airflow/example_dags/plugins/workday.py
[2025-12-10T12:17:03.856+0530] {logging_mixin.py:190} INFO - [2025-12-10T12:17:03.856+0530] {workday.py:41} WARNING - Could not import pandas. Holidays will not be considered.
[2025-12-10T12:17:03.857+0530] {processor.py:927} WARNING - No viable dags retrieved from /home/sneha/spotify_airflow_project/venv/lib/python3.12/site-packages/airflow/example_dags/plugins/workday.py
[2025-12-10T12:17:03.867+0530] {processor.py:208} INFO - Processing /home/sneha/spotify_airflow_project/venv/lib/python3.12/site-packages/airflow/example_dags/plugins/workday.py took 0.037 seconds
[2025-12-10T12:17:57.123+0530] {processor.py:186} INFO - Started process (PID=12992) to work on /home/sneha/spotify_airflow_project/venv/lib/python3.12/site-packages/airflow/example_dags/plugins/workday.py
[2025-12-10T12:17:57.133+0530] {processor.py:914} INFO - Processing file /home/sneha/spotify_airflow_project/venv/lib/python3.12/site-packages/airflow/example_dags/plugins/workday.py for tasks to queue
[2025-12-10T12:17:57.136+0530] {logging_mixin.py:190} INFO - [2025-12-10T12:17:57.136+0530] {dagbag.py:588} INFO - Filling up the DagBag from /home/sneha/spotify_airflow_project/venv/lib/python3.12/site-packages/airflow/example_dags/plugins/workday.py
[2025-12-10T12:17:57.139+0530] {logging_mixin.py:190} INFO - [2025-12-10T12:17:57.139+0530] {workday.py:41} WARNING - Could not import pandas. Holidays will not be considered.
[2025-12-10T12:17:57.140+0530] {processor.py:927} WARNING - No viable dags retrieved from /home/sneha/spotify_airflow_project/venv/lib/python3.12/site-packages/airflow/example_dags/plugins/workday.py
[2025-12-10T12:17:57.150+0530] {processor.py:208} INFO - Processing /home/sneha/spotify_airflow_project/venv/lib/python3.12/site-packages/airflow/example_dags/plugins/workday.py took 0.035 seconds
[2025-12-10T12:18:51.355+0530] {processor.py:186} INFO - Started process (PID=13049) to work on /home/sneha/spotify_airflow_project/venv/lib/python3.12/site-packages/airflow/example_dags/plugins/workday.py
[2025-12-10T12:18:51.366+0530] {processor.py:914} INFO - Processing file /home/sneha/spotify_airflow_project/venv/lib/python3.12/site-packages/airflow/example_dags/plugins/workday.py for tasks to queue
[2025-12-10T12:18:51.369+0530] {logging_mixin.py:190} INFO - [2025-12-10T12:18:51.368+0530] {dagbag.py:588} INFO - Filling up the DagBag from /home/sneha/spotify_airflow_project/venv/lib/python3.12/site-packages/airflow/example_dags/plugins/workday.py
[2025-12-10T12:18:51.372+0530] {logging_mixin.py:190} INFO - [2025-12-10T12:18:51.372+0530] {workday.py:41} WARNING - Could not import pandas. Holidays will not be considered.
[2025-12-10T12:18:51.373+0530] {processor.py:927} WARNING - No viable dags retrieved from /home/sneha/spotify_airflow_project/venv/lib/python3.12/site-packages/airflow/example_dags/plugins/workday.py
[2025-12-10T12:18:51.383+0530] {processor.py:208} INFO - Processing /home/sneha/spotify_airflow_project/venv/lib/python3.12/site-packages/airflow/example_dags/plugins/workday.py took 0.039 seconds
[2025-12-10T12:19:43.192+0530] {processor.py:186} INFO - Started process (PID=13104) to work on /home/sneha/spotify_airflow_project/venv/lib/python3.12/site-packages/airflow/example_dags/plugins/workday.py
[2025-12-10T12:19:43.193+0530] {processor.py:914} INFO - Processing file /home/sneha/spotify_airflow_project/venv/lib/python3.12/site-packages/airflow/example_dags/plugins/workday.py for tasks to queue
[2025-12-10T12:19:43.195+0530] {logging_mixin.py:190} INFO - [2025-12-10T12:19:43.195+0530] {dagbag.py:588} INFO - Filling up the DagBag from /home/sneha/spotify_airflow_project/venv/lib/python3.12/site-packages/airflow/example_dags/plugins/workday.py
[2025-12-10T12:19:43.198+0530] {logging_mixin.py:190} INFO - [2025-12-10T12:19:43.198+0530] {workday.py:41} WARNING - Could not import pandas. Holidays will not be considered.
[2025-12-10T12:19:43.198+0530] {processor.py:927} WARNING - No viable dags retrieved from /home/sneha/spotify_airflow_project/venv/lib/python3.12/site-packages/airflow/example_dags/plugins/workday.py
[2025-12-10T12:19:43.208+0530] {processor.py:208} INFO - Processing /home/sneha/spotify_airflow_project/venv/lib/python3.12/site-packages/airflow/example_dags/plugins/workday.py took 0.027 seconds
[2025-12-10T12:20:33.802+0530] {processor.py:186} INFO - Started process (PID=13166) to work on /home/sneha/spotify_airflow_project/venv/lib/python3.12/site-packages/airflow/example_dags/plugins/workday.py
[2025-12-10T12:20:33.803+0530] {processor.py:914} INFO - Processing file /home/sneha/spotify_airflow_project/venv/lib/python3.12/site-packages/airflow/example_dags/plugins/workday.py for tasks to queue
[2025-12-10T12:20:33.805+0530] {logging_mixin.py:190} INFO - [2025-12-10T12:20:33.804+0530] {dagbag.py:588} INFO - Filling up the DagBag from /home/sneha/spotify_airflow_project/venv/lib/python3.12/site-packages/airflow/example_dags/plugins/workday.py
[2025-12-10T12:20:33.807+0530] {logging_mixin.py:190} INFO - [2025-12-10T12:20:33.807+0530] {workday.py:41} WARNING - Could not import pandas. Holidays will not be considered.
[2025-12-10T12:20:33.808+0530] {processor.py:927} WARNING - No viable dags retrieved from /home/sneha/spotify_airflow_project/venv/lib/python3.12/site-packages/airflow/example_dags/plugins/workday.py
[2025-12-10T12:20:33.818+0530] {processor.py:208} INFO - Processing /home/sneha/spotify_airflow_project/venv/lib/python3.12/site-packages/airflow/example_dags/plugins/workday.py took 0.027 seconds
[2025-12-10T12:21:26.686+0530] {processor.py:186} INFO - Started process (PID=13326) to work on /home/sneha/spotify_airflow_project/venv/lib/python3.12/site-packages/airflow/example_dags/plugins/workday.py
[2025-12-10T12:21:26.687+0530] {processor.py:914} INFO - Processing file /home/sneha/spotify_airflow_project/venv/lib/python3.12/site-packages/airflow/example_dags/plugins/workday.py for tasks to queue
[2025-12-10T12:21:26.689+0530] {logging_mixin.py:190} INFO - [2025-12-10T12:21:26.689+0530] {dagbag.py:588} INFO - Filling up the DagBag from /home/sneha/spotify_airflow_project/venv/lib/python3.12/site-packages/airflow/example_dags/plugins/workday.py
[2025-12-10T12:21:26.692+0530] {logging_mixin.py:190} INFO - [2025-12-10T12:21:26.691+0530] {workday.py:41} WARNING - Could not import pandas. Holidays will not be considered.
[2025-12-10T12:21:26.692+0530] {processor.py:927} WARNING - No viable dags retrieved from /home/sneha/spotify_airflow_project/venv/lib/python3.12/site-packages/airflow/example_dags/plugins/workday.py
[2025-12-10T12:21:26.702+0530] {processor.py:208} INFO - Processing /home/sneha/spotify_airflow_project/venv/lib/python3.12/site-packages/airflow/example_dags/plugins/workday.py took 0.027 seconds
[2025-12-10T12:22:19.691+0530] {processor.py:186} INFO - Started process (PID=13578) to work on /home/sneha/spotify_airflow_project/venv/lib/python3.12/site-packages/airflow/example_dags/plugins/workday.py
[2025-12-10T12:22:19.692+0530] {processor.py:914} INFO - Processing file /home/sneha/spotify_airflow_project/venv/lib/python3.12/site-packages/airflow/example_dags/plugins/workday.py for tasks to queue
[2025-12-10T12:22:19.694+0530] {logging_mixin.py:190} INFO - [2025-12-10T12:22:19.694+0530] {dagbag.py:588} INFO - Filling up the DagBag from /home/sneha/spotify_airflow_project/venv/lib/python3.12/site-packages/airflow/example_dags/plugins/workday.py
[2025-12-10T12:22:19.697+0530] {logging_mixin.py:190} INFO - [2025-12-10T12:22:19.696+0530] {workday.py:41} WARNING - Could not import pandas. Holidays will not be considered.
[2025-12-10T12:22:19.697+0530] {processor.py:927} WARNING - No viable dags retrieved from /home/sneha/spotify_airflow_project/venv/lib/python3.12/site-packages/airflow/example_dags/plugins/workday.py
[2025-12-10T12:22:19.707+0530] {processor.py:208} INFO - Processing /home/sneha/spotify_airflow_project/venv/lib/python3.12/site-packages/airflow/example_dags/plugins/workday.py took 0.027 seconds
[2025-12-10T12:23:10.971+0530] {processor.py:186} INFO - Started process (PID=13634) to work on /home/sneha/spotify_airflow_project/venv/lib/python3.12/site-packages/airflow/example_dags/plugins/workday.py
[2025-12-10T12:23:10.972+0530] {processor.py:914} INFO - Processing file /home/sneha/spotify_airflow_project/venv/lib/python3.12/site-packages/airflow/example_dags/plugins/workday.py for tasks to queue
[2025-12-10T12:23:10.974+0530] {logging_mixin.py:190} INFO - [2025-12-10T12:23:10.973+0530] {dagbag.py:588} INFO - Filling up the DagBag from /home/sneha/spotify_airflow_project/venv/lib/python3.12/site-packages/airflow/example_dags/plugins/workday.py
[2025-12-10T12:23:10.976+0530] {logging_mixin.py:190} INFO - [2025-12-10T12:23:10.976+0530] {workday.py:41} WARNING - Could not import pandas. Holidays will not be considered.
[2025-12-10T12:23:10.976+0530] {processor.py:927} WARNING - No viable dags retrieved from /home/sneha/spotify_airflow_project/venv/lib/python3.12/site-packages/airflow/example_dags/plugins/workday.py
[2025-12-10T12:23:10.986+0530] {processor.py:208} INFO - Processing /home/sneha/spotify_airflow_project/venv/lib/python3.12/site-packages/airflow/example_dags/plugins/workday.py took 0.026 seconds
[2025-12-10T12:24:03.924+0530] {processor.py:186} INFO - Started process (PID=13690) to work on /home/sneha/spotify_airflow_project/venv/lib/python3.12/site-packages/airflow/example_dags/plugins/workday.py
[2025-12-10T12:24:03.925+0530] {processor.py:914} INFO - Processing file /home/sneha/spotify_airflow_project/venv/lib/python3.12/site-packages/airflow/example_dags/plugins/workday.py for tasks to queue
[2025-12-10T12:24:03.927+0530] {logging_mixin.py:190} INFO - [2025-12-10T12:24:03.926+0530] {dagbag.py:588} INFO - Filling up the DagBag from /home/sneha/spotify_airflow_project/venv/lib/python3.12/site-packages/airflow/example_dags/plugins/workday.py
[2025-12-10T12:24:03.929+0530] {logging_mixin.py:190} INFO - [2025-12-10T12:24:03.929+0530] {workday.py:41} WARNING - Could not import pandas. Holidays will not be considered.
[2025-12-10T12:24:03.930+0530] {processor.py:927} WARNING - No viable dags retrieved from /home/sneha/spotify_airflow_project/venv/lib/python3.12/site-packages/airflow/example_dags/plugins/workday.py
[2025-12-10T12:24:03.940+0530] {processor.py:208} INFO - Processing /home/sneha/spotify_airflow_project/venv/lib/python3.12/site-packages/airflow/example_dags/plugins/workday.py took 0.022 seconds
