[2025-12-10T12:01:48.202+0530] {processor.py:186} INFO - Started process (PID=11012) to work on /home/sneha/spotify_airflow_project/venv/lib/python3.12/site-packages/airflow/example_dags/subdags/subdag.py
[2025-12-10T12:01:48.203+0530] {processor.py:914} INFO - Processing file /home/sneha/spotify_airflow_project/venv/lib/python3.12/site-packages/airflow/example_dags/subdags/subdag.py for tasks to queue
[2025-12-10T12:01:48.206+0530] {logging_mixin.py:190} INFO - [2025-12-10T12:01:48.206+0530] {dagbag.py:588} INFO - Filling up the DagBag from /home/sneha/spotify_airflow_project/venv/lib/python3.12/site-packages/airflow/example_dags/subdags/subdag.py
[2025-12-10T12:01:48.209+0530] {processor.py:927} WARNING - No viable dags retrieved from /home/sneha/spotify_airflow_project/venv/lib/python3.12/site-packages/airflow/example_dags/subdags/subdag.py
[2025-12-10T12:01:48.224+0530] {processor.py:208} INFO - Processing /home/sneha/spotify_airflow_project/venv/lib/python3.12/site-packages/airflow/example_dags/subdags/subdag.py took 0.028 seconds
[2025-12-10T12:02:51.812+0530] {processor.py:186} INFO - Started process (PID=11258) to work on /home/sneha/spotify_airflow_project/venv/lib/python3.12/site-packages/airflow/example_dags/subdags/subdag.py
[2025-12-10T12:02:51.813+0530] {processor.py:914} INFO - Processing file /home/sneha/spotify_airflow_project/venv/lib/python3.12/site-packages/airflow/example_dags/subdags/subdag.py for tasks to queue
[2025-12-10T12:02:51.815+0530] {logging_mixin.py:190} INFO - [2025-12-10T12:02:51.815+0530] {dagbag.py:588} INFO - Filling up the DagBag from /home/sneha/spotify_airflow_project/venv/lib/python3.12/site-packages/airflow/example_dags/subdags/subdag.py
[2025-12-10T12:02:51.817+0530] {processor.py:927} WARNING - No viable dags retrieved from /home/sneha/spotify_airflow_project/venv/lib/python3.12/site-packages/airflow/example_dags/subdags/subdag.py
[2025-12-10T12:02:51.830+0530] {processor.py:208} INFO - Processing /home/sneha/spotify_airflow_project/venv/lib/python3.12/site-packages/airflow/example_dags/subdags/subdag.py took 0.024 seconds
[2025-12-10T12:03:22.877+0530] {processor.py:186} INFO - Started process (PID=11350) to work on /home/sneha/spotify_airflow_project/venv/lib/python3.12/site-packages/airflow/example_dags/subdags/subdag.py
[2025-12-10T12:03:22.878+0530] {processor.py:914} INFO - Processing file /home/sneha/spotify_airflow_project/venv/lib/python3.12/site-packages/airflow/example_dags/subdags/subdag.py for tasks to queue
[2025-12-10T12:03:22.880+0530] {logging_mixin.py:190} INFO - [2025-12-10T12:03:22.879+0530] {dagbag.py:588} INFO - Filling up the DagBag from /home/sneha/spotify_airflow_project/venv/lib/python3.12/site-packages/airflow/example_dags/subdags/subdag.py
[2025-12-10T12:03:22.881+0530] {processor.py:927} WARNING - No viable dags retrieved from /home/sneha/spotify_airflow_project/venv/lib/python3.12/site-packages/airflow/example_dags/subdags/subdag.py
[2025-12-10T12:03:22.892+0530] {processor.py:208} INFO - Processing /home/sneha/spotify_airflow_project/venv/lib/python3.12/site-packages/airflow/example_dags/subdags/subdag.py took 0.023 seconds
[2025-12-10T12:04:16.682+0530] {processor.py:186} INFO - Started process (PID=11432) to work on /home/sneha/spotify_airflow_project/venv/lib/python3.12/site-packages/airflow/example_dags/subdags/subdag.py
[2025-12-10T12:04:16.693+0530] {processor.py:914} INFO - Processing file /home/sneha/spotify_airflow_project/venv/lib/python3.12/site-packages/airflow/example_dags/subdags/subdag.py for tasks to queue
[2025-12-10T12:04:16.695+0530] {logging_mixin.py:190} INFO - [2025-12-10T12:04:16.695+0530] {dagbag.py:588} INFO - Filling up the DagBag from /home/sneha/spotify_airflow_project/venv/lib/python3.12/site-packages/airflow/example_dags/subdags/subdag.py
[2025-12-10T12:04:16.698+0530] {processor.py:927} WARNING - No viable dags retrieved from /home/sneha/spotify_airflow_project/venv/lib/python3.12/site-packages/airflow/example_dags/subdags/subdag.py
[2025-12-10T12:04:16.709+0530] {processor.py:208} INFO - Processing /home/sneha/spotify_airflow_project/venv/lib/python3.12/site-packages/airflow/example_dags/subdags/subdag.py took 0.038 seconds
[2025-12-10T12:05:10.636+0530] {processor.py:186} INFO - Started process (PID=11499) to work on /home/sneha/spotify_airflow_project/venv/lib/python3.12/site-packages/airflow/example_dags/subdags/subdag.py
[2025-12-10T12:05:10.637+0530] {processor.py:914} INFO - Processing file /home/sneha/spotify_airflow_project/venv/lib/python3.12/site-packages/airflow/example_dags/subdags/subdag.py for tasks to queue
[2025-12-10T12:05:10.640+0530] {logging_mixin.py:190} INFO - [2025-12-10T12:05:10.639+0530] {dagbag.py:588} INFO - Filling up the DagBag from /home/sneha/spotify_airflow_project/venv/lib/python3.12/site-packages/airflow/example_dags/subdags/subdag.py
[2025-12-10T12:05:10.641+0530] {processor.py:927} WARNING - No viable dags retrieved from /home/sneha/spotify_airflow_project/venv/lib/python3.12/site-packages/airflow/example_dags/subdags/subdag.py
[2025-12-10T12:05:10.651+0530] {processor.py:208} INFO - Processing /home/sneha/spotify_airflow_project/venv/lib/python3.12/site-packages/airflow/example_dags/subdags/subdag.py took 0.027 seconds
[2025-12-10T12:06:03.197+0530] {processor.py:186} INFO - Started process (PID=11673) to work on /home/sneha/spotify_airflow_project/venv/lib/python3.12/site-packages/airflow/example_dags/subdags/subdag.py
[2025-12-10T12:06:03.197+0530] {processor.py:914} INFO - Processing file /home/sneha/spotify_airflow_project/venv/lib/python3.12/site-packages/airflow/example_dags/subdags/subdag.py for tasks to queue
[2025-12-10T12:06:03.199+0530] {logging_mixin.py:190} INFO - [2025-12-10T12:06:03.199+0530] {dagbag.py:588} INFO - Filling up the DagBag from /home/sneha/spotify_airflow_project/venv/lib/python3.12/site-packages/airflow/example_dags/subdags/subdag.py
[2025-12-10T12:06:03.201+0530] {processor.py:927} WARNING - No viable dags retrieved from /home/sneha/spotify_airflow_project/venv/lib/python3.12/site-packages/airflow/example_dags/subdags/subdag.py
[2025-12-10T12:06:03.212+0530] {processor.py:208} INFO - Processing /home/sneha/spotify_airflow_project/venv/lib/python3.12/site-packages/airflow/example_dags/subdags/subdag.py took 0.022 seconds
[2025-12-10T12:06:53.306+0530] {processor.py:186} INFO - Started process (PID=11875) to work on /home/sneha/spotify_airflow_project/venv/lib/python3.12/site-packages/airflow/example_dags/subdags/subdag.py
[2025-12-10T12:06:53.307+0530] {processor.py:914} INFO - Processing file /home/sneha/spotify_airflow_project/venv/lib/python3.12/site-packages/airflow/example_dags/subdags/subdag.py for tasks to queue
[2025-12-10T12:06:53.309+0530] {logging_mixin.py:190} INFO - [2025-12-10T12:06:53.309+0530] {dagbag.py:588} INFO - Filling up the DagBag from /home/sneha/spotify_airflow_project/venv/lib/python3.12/site-packages/airflow/example_dags/subdags/subdag.py
[2025-12-10T12:06:53.311+0530] {processor.py:927} WARNING - No viable dags retrieved from /home/sneha/spotify_airflow_project/venv/lib/python3.12/site-packages/airflow/example_dags/subdags/subdag.py
[2025-12-10T12:06:53.321+0530] {processor.py:208} INFO - Processing /home/sneha/spotify_airflow_project/venv/lib/python3.12/site-packages/airflow/example_dags/subdags/subdag.py took 0.026 seconds
[2025-12-10T12:07:23.572+0530] {processor.py:186} INFO - Started process (PID=11908) to work on /home/sneha/spotify_airflow_project/venv/lib/python3.12/site-packages/airflow/example_dags/subdags/subdag.py
[2025-12-10T12:07:23.573+0530] {processor.py:914} INFO - Processing file /home/sneha/spotify_airflow_project/venv/lib/python3.12/site-packages/airflow/example_dags/subdags/subdag.py for tasks to queue
[2025-12-10T12:07:23.576+0530] {logging_mixin.py:190} INFO - [2025-12-10T12:07:23.575+0530] {dagbag.py:588} INFO - Filling up the DagBag from /home/sneha/spotify_airflow_project/venv/lib/python3.12/site-packages/airflow/example_dags/subdags/subdag.py
[2025-12-10T12:07:23.578+0530] {processor.py:927} WARNING - No viable dags retrieved from /home/sneha/spotify_airflow_project/venv/lib/python3.12/site-packages/airflow/example_dags/subdags/subdag.py
[2025-12-10T12:07:23.591+0530] {processor.py:208} INFO - Processing /home/sneha/spotify_airflow_project/venv/lib/python3.12/site-packages/airflow/example_dags/subdags/subdag.py took 0.026 seconds
[2025-12-10T12:07:55.432+0530] {processor.py:186} INFO - Started process (PID=11941) to work on /home/sneha/spotify_airflow_project/venv/lib/python3.12/site-packages/airflow/example_dags/subdags/subdag.py
[2025-12-10T12:07:55.433+0530] {processor.py:914} INFO - Processing file /home/sneha/spotify_airflow_project/venv/lib/python3.12/site-packages/airflow/example_dags/subdags/subdag.py for tasks to queue
[2025-12-10T12:07:55.436+0530] {logging_mixin.py:190} INFO - [2025-12-10T12:07:55.435+0530] {dagbag.py:588} INFO - Filling up the DagBag from /home/sneha/spotify_airflow_project/venv/lib/python3.12/site-packages/airflow/example_dags/subdags/subdag.py
[2025-12-10T12:07:55.438+0530] {processor.py:927} WARNING - No viable dags retrieved from /home/sneha/spotify_airflow_project/venv/lib/python3.12/site-packages/airflow/example_dags/subdags/subdag.py
[2025-12-10T12:07:55.448+0530] {processor.py:208} INFO - Processing /home/sneha/spotify_airflow_project/venv/lib/python3.12/site-packages/airflow/example_dags/subdags/subdag.py took 0.023 seconds
[2025-12-10T12:08:49.494+0530] {processor.py:186} INFO - Started process (PID=12091) to work on /home/sneha/spotify_airflow_project/venv/lib/python3.12/site-packages/airflow/example_dags/subdags/subdag.py
[2025-12-10T12:08:49.504+0530] {processor.py:914} INFO - Processing file /home/sneha/spotify_airflow_project/venv/lib/python3.12/site-packages/airflow/example_dags/subdags/subdag.py for tasks to queue
[2025-12-10T12:08:49.507+0530] {logging_mixin.py:190} INFO - [2025-12-10T12:08:49.506+0530] {dagbag.py:588} INFO - Filling up the DagBag from /home/sneha/spotify_airflow_project/venv/lib/python3.12/site-packages/airflow/example_dags/subdags/subdag.py
[2025-12-10T12:08:49.509+0530] {processor.py:927} WARNING - No viable dags retrieved from /home/sneha/spotify_airflow_project/venv/lib/python3.12/site-packages/airflow/example_dags/subdags/subdag.py
[2025-12-10T12:08:49.520+0530] {processor.py:208} INFO - Processing /home/sneha/spotify_airflow_project/venv/lib/python3.12/site-packages/airflow/example_dags/subdags/subdag.py took 0.037 seconds
[2025-12-10T12:09:43.737+0530] {processor.py:186} INFO - Started process (PID=12180) to work on /home/sneha/spotify_airflow_project/venv/lib/python3.12/site-packages/airflow/example_dags/subdags/subdag.py
[2025-12-10T12:09:43.739+0530] {processor.py:914} INFO - Processing file /home/sneha/spotify_airflow_project/venv/lib/python3.12/site-packages/airflow/example_dags/subdags/subdag.py for tasks to queue
[2025-12-10T12:09:43.741+0530] {logging_mixin.py:190} INFO - [2025-12-10T12:09:43.740+0530] {dagbag.py:588} INFO - Filling up the DagBag from /home/sneha/spotify_airflow_project/venv/lib/python3.12/site-packages/airflow/example_dags/subdags/subdag.py
[2025-12-10T12:09:43.742+0530] {processor.py:927} WARNING - No viable dags retrieved from /home/sneha/spotify_airflow_project/venv/lib/python3.12/site-packages/airflow/example_dags/subdags/subdag.py
[2025-12-10T12:09:43.753+0530] {processor.py:208} INFO - Processing /home/sneha/spotify_airflow_project/venv/lib/python3.12/site-packages/airflow/example_dags/subdags/subdag.py took 0.027 seconds
[2025-12-10T12:10:38.640+0530] {processor.py:186} INFO - Started process (PID=12242) to work on /home/sneha/spotify_airflow_project/venv/lib/python3.12/site-packages/airflow/example_dags/subdags/subdag.py
[2025-12-10T12:10:38.641+0530] {processor.py:914} INFO - Processing file /home/sneha/spotify_airflow_project/venv/lib/python3.12/site-packages/airflow/example_dags/subdags/subdag.py for tasks to queue
[2025-12-10T12:10:38.646+0530] {logging_mixin.py:190} INFO - [2025-12-10T12:10:38.645+0530] {dagbag.py:588} INFO - Filling up the DagBag from /home/sneha/spotify_airflow_project/venv/lib/python3.12/site-packages/airflow/example_dags/subdags/subdag.py
[2025-12-10T12:10:38.648+0530] {processor.py:927} WARNING - No viable dags retrieved from /home/sneha/spotify_airflow_project/venv/lib/python3.12/site-packages/airflow/example_dags/subdags/subdag.py
[2025-12-10T12:10:38.663+0530] {processor.py:208} INFO - Processing /home/sneha/spotify_airflow_project/venv/lib/python3.12/site-packages/airflow/example_dags/subdags/subdag.py took 0.031 seconds
[2025-12-10T12:11:31.324+0530] {processor.py:186} INFO - Started process (PID=12368) to work on /home/sneha/spotify_airflow_project/venv/lib/python3.12/site-packages/airflow/example_dags/subdags/subdag.py
[2025-12-10T12:11:31.325+0530] {processor.py:914} INFO - Processing file /home/sneha/spotify_airflow_project/venv/lib/python3.12/site-packages/airflow/example_dags/subdags/subdag.py for tasks to queue
[2025-12-10T12:11:31.327+0530] {logging_mixin.py:190} INFO - [2025-12-10T12:11:31.327+0530] {dagbag.py:588} INFO - Filling up the DagBag from /home/sneha/spotify_airflow_project/venv/lib/python3.12/site-packages/airflow/example_dags/subdags/subdag.py
[2025-12-10T12:11:31.329+0530] {processor.py:927} WARNING - No viable dags retrieved from /home/sneha/spotify_airflow_project/venv/lib/python3.12/site-packages/airflow/example_dags/subdags/subdag.py
[2025-12-10T12:11:31.340+0530] {processor.py:208} INFO - Processing /home/sneha/spotify_airflow_project/venv/lib/python3.12/site-packages/airflow/example_dags/subdags/subdag.py took 0.024 seconds
[2025-12-10T12:12:20.168+0530] {processor.py:186} INFO - Started process (PID=12448) to work on /home/sneha/spotify_airflow_project/venv/lib/python3.12/site-packages/airflow/example_dags/subdags/subdag.py
[2025-12-10T12:12:20.169+0530] {processor.py:914} INFO - Processing file /home/sneha/spotify_airflow_project/venv/lib/python3.12/site-packages/airflow/example_dags/subdags/subdag.py for tasks to queue
[2025-12-10T12:12:20.172+0530] {logging_mixin.py:190} INFO - [2025-12-10T12:12:20.171+0530] {dagbag.py:588} INFO - Filling up the DagBag from /home/sneha/spotify_airflow_project/venv/lib/python3.12/site-packages/airflow/example_dags/subdags/subdag.py
[2025-12-10T12:12:20.173+0530] {processor.py:927} WARNING - No viable dags retrieved from /home/sneha/spotify_airflow_project/venv/lib/python3.12/site-packages/airflow/example_dags/subdags/subdag.py
[2025-12-10T12:12:20.184+0530] {processor.py:208} INFO - Processing /home/sneha/spotify_airflow_project/venv/lib/python3.12/site-packages/airflow/example_dags/subdags/subdag.py took 0.027 seconds
[2025-12-10T12:13:12.307+0530] {processor.py:186} INFO - Started process (PID=12534) to work on /home/sneha/spotify_airflow_project/venv/lib/python3.12/site-packages/airflow/example_dags/subdags/subdag.py
[2025-12-10T12:13:12.308+0530] {processor.py:914} INFO - Processing file /home/sneha/spotify_airflow_project/venv/lib/python3.12/site-packages/airflow/example_dags/subdags/subdag.py for tasks to queue
[2025-12-10T12:13:12.310+0530] {logging_mixin.py:190} INFO - [2025-12-10T12:13:12.310+0530] {dagbag.py:588} INFO - Filling up the DagBag from /home/sneha/spotify_airflow_project/venv/lib/python3.12/site-packages/airflow/example_dags/subdags/subdag.py
[2025-12-10T12:13:12.312+0530] {processor.py:927} WARNING - No viable dags retrieved from /home/sneha/spotify_airflow_project/venv/lib/python3.12/site-packages/airflow/example_dags/subdags/subdag.py
[2025-12-10T12:13:12.323+0530] {processor.py:208} INFO - Processing /home/sneha/spotify_airflow_project/venv/lib/python3.12/site-packages/airflow/example_dags/subdags/subdag.py took 0.027 seconds
[2025-12-10T12:14:04.161+0530] {processor.py:186} INFO - Started process (PID=12651) to work on /home/sneha/spotify_airflow_project/venv/lib/python3.12/site-packages/airflow/example_dags/subdags/subdag.py
[2025-12-10T12:14:04.172+0530] {processor.py:914} INFO - Processing file /home/sneha/spotify_airflow_project/venv/lib/python3.12/site-packages/airflow/example_dags/subdags/subdag.py for tasks to queue
[2025-12-10T12:14:04.175+0530] {logging_mixin.py:190} INFO - [2025-12-10T12:14:04.174+0530] {dagbag.py:588} INFO - Filling up the DagBag from /home/sneha/spotify_airflow_project/venv/lib/python3.12/site-packages/airflow/example_dags/subdags/subdag.py
[2025-12-10T12:14:04.177+0530] {processor.py:927} WARNING - No viable dags retrieved from /home/sneha/spotify_airflow_project/venv/lib/python3.12/site-packages/airflow/example_dags/subdags/subdag.py
[2025-12-10T12:14:04.188+0530] {processor.py:208} INFO - Processing /home/sneha/spotify_airflow_project/venv/lib/python3.12/site-packages/airflow/example_dags/subdags/subdag.py took 0.038 seconds
[2025-12-10T12:14:53.945+0530] {processor.py:186} INFO - Started process (PID=12704) to work on /home/sneha/spotify_airflow_project/venv/lib/python3.12/site-packages/airflow/example_dags/subdags/subdag.py
[2025-12-10T12:14:53.947+0530] {processor.py:914} INFO - Processing file /home/sneha/spotify_airflow_project/venv/lib/python3.12/site-packages/airflow/example_dags/subdags/subdag.py for tasks to queue
[2025-12-10T12:14:53.949+0530] {logging_mixin.py:190} INFO - [2025-12-10T12:14:53.948+0530] {dagbag.py:588} INFO - Filling up the DagBag from /home/sneha/spotify_airflow_project/venv/lib/python3.12/site-packages/airflow/example_dags/subdags/subdag.py
[2025-12-10T12:14:53.950+0530] {processor.py:927} WARNING - No viable dags retrieved from /home/sneha/spotify_airflow_project/venv/lib/python3.12/site-packages/airflow/example_dags/subdags/subdag.py
[2025-12-10T12:14:53.961+0530] {processor.py:208} INFO - Processing /home/sneha/spotify_airflow_project/venv/lib/python3.12/site-packages/airflow/example_dags/subdags/subdag.py took 0.022 seconds
[2025-12-10T12:15:45.236+0530] {processor.py:186} INFO - Started process (PID=12820) to work on /home/sneha/spotify_airflow_project/venv/lib/python3.12/site-packages/airflow/example_dags/subdags/subdag.py
[2025-12-10T12:15:45.237+0530] {processor.py:914} INFO - Processing file /home/sneha/spotify_airflow_project/venv/lib/python3.12/site-packages/airflow/example_dags/subdags/subdag.py for tasks to queue
[2025-12-10T12:15:45.239+0530] {logging_mixin.py:190} INFO - [2025-12-10T12:15:45.239+0530] {dagbag.py:588} INFO - Filling up the DagBag from /home/sneha/spotify_airflow_project/venv/lib/python3.12/site-packages/airflow/example_dags/subdags/subdag.py
[2025-12-10T12:15:45.241+0530] {processor.py:927} WARNING - No viable dags retrieved from /home/sneha/spotify_airflow_project/venv/lib/python3.12/site-packages/airflow/example_dags/subdags/subdag.py
[2025-12-10T12:15:45.252+0530] {processor.py:208} INFO - Processing /home/sneha/spotify_airflow_project/venv/lib/python3.12/site-packages/airflow/example_dags/subdags/subdag.py took 0.026 seconds
[2025-12-10T12:16:36.824+0530] {processor.py:186} INFO - Started process (PID=12875) to work on /home/sneha/spotify_airflow_project/venv/lib/python3.12/site-packages/airflow/example_dags/subdags/subdag.py
[2025-12-10T12:16:36.828+0530] {processor.py:914} INFO - Processing file /home/sneha/spotify_airflow_project/venv/lib/python3.12/site-packages/airflow/example_dags/subdags/subdag.py for tasks to queue
[2025-12-10T12:16:36.831+0530] {logging_mixin.py:190} INFO - [2025-12-10T12:16:36.831+0530] {dagbag.py:588} INFO - Filling up the DagBag from /home/sneha/spotify_airflow_project/venv/lib/python3.12/site-packages/airflow/example_dags/subdags/subdag.py
[2025-12-10T12:16:36.834+0530] {processor.py:927} WARNING - No viable dags retrieved from /home/sneha/spotify_airflow_project/venv/lib/python3.12/site-packages/airflow/example_dags/subdags/subdag.py
[2025-12-10T12:16:36.856+0530] {processor.py:208} INFO - Processing /home/sneha/spotify_airflow_project/venv/lib/python3.12/site-packages/airflow/example_dags/subdags/subdag.py took 0.040 seconds
[2025-12-10T12:17:28.658+0530] {processor.py:186} INFO - Started process (PID=12962) to work on /home/sneha/spotify_airflow_project/venv/lib/python3.12/site-packages/airflow/example_dags/subdags/subdag.py
[2025-12-10T12:17:28.659+0530] {processor.py:914} INFO - Processing file /home/sneha/spotify_airflow_project/venv/lib/python3.12/site-packages/airflow/example_dags/subdags/subdag.py for tasks to queue
[2025-12-10T12:17:28.661+0530] {logging_mixin.py:190} INFO - [2025-12-10T12:17:28.660+0530] {dagbag.py:588} INFO - Filling up the DagBag from /home/sneha/spotify_airflow_project/venv/lib/python3.12/site-packages/airflow/example_dags/subdags/subdag.py
[2025-12-10T12:17:28.663+0530] {processor.py:927} WARNING - No viable dags retrieved from /home/sneha/spotify_airflow_project/venv/lib/python3.12/site-packages/airflow/example_dags/subdags/subdag.py
[2025-12-10T12:17:28.673+0530] {processor.py:208} INFO - Processing /home/sneha/spotify_airflow_project/venv/lib/python3.12/site-packages/airflow/example_dags/subdags/subdag.py took 0.026 seconds
[2025-12-10T12:18:23.957+0530] {processor.py:186} INFO - Started process (PID=13019) to work on /home/sneha/spotify_airflow_project/venv/lib/python3.12/site-packages/airflow/example_dags/subdags/subdag.py
[2025-12-10T12:18:23.967+0530] {processor.py:914} INFO - Processing file /home/sneha/spotify_airflow_project/venv/lib/python3.12/site-packages/airflow/example_dags/subdags/subdag.py for tasks to queue
[2025-12-10T12:18:23.970+0530] {logging_mixin.py:190} INFO - [2025-12-10T12:18:23.969+0530] {dagbag.py:588} INFO - Filling up the DagBag from /home/sneha/spotify_airflow_project/venv/lib/python3.12/site-packages/airflow/example_dags/subdags/subdag.py
[2025-12-10T12:18:23.972+0530] {processor.py:927} WARNING - No viable dags retrieved from /home/sneha/spotify_airflow_project/venv/lib/python3.12/site-packages/airflow/example_dags/subdags/subdag.py
[2025-12-10T12:18:23.983+0530] {processor.py:208} INFO - Processing /home/sneha/spotify_airflow_project/venv/lib/python3.12/site-packages/airflow/example_dags/subdags/subdag.py took 0.036 seconds
[2025-12-10T12:19:16.058+0530] {processor.py:186} INFO - Started process (PID=13075) to work on /home/sneha/spotify_airflow_project/venv/lib/python3.12/site-packages/airflow/example_dags/subdags/subdag.py
[2025-12-10T12:19:16.059+0530] {processor.py:914} INFO - Processing file /home/sneha/spotify_airflow_project/venv/lib/python3.12/site-packages/airflow/example_dags/subdags/subdag.py for tasks to queue
[2025-12-10T12:19:16.061+0530] {logging_mixin.py:190} INFO - [2025-12-10T12:19:16.061+0530] {dagbag.py:588} INFO - Filling up the DagBag from /home/sneha/spotify_airflow_project/venv/lib/python3.12/site-packages/airflow/example_dags/subdags/subdag.py
[2025-12-10T12:19:16.063+0530] {processor.py:927} WARNING - No viable dags retrieved from /home/sneha/spotify_airflow_project/venv/lib/python3.12/site-packages/airflow/example_dags/subdags/subdag.py
[2025-12-10T12:19:16.073+0530] {processor.py:208} INFO - Processing /home/sneha/spotify_airflow_project/venv/lib/python3.12/site-packages/airflow/example_dags/subdags/subdag.py took 0.025 seconds
[2025-12-10T12:20:07.479+0530] {processor.py:186} INFO - Started process (PID=13132) to work on /home/sneha/spotify_airflow_project/venv/lib/python3.12/site-packages/airflow/example_dags/subdags/subdag.py
[2025-12-10T12:20:07.480+0530] {processor.py:914} INFO - Processing file /home/sneha/spotify_airflow_project/venv/lib/python3.12/site-packages/airflow/example_dags/subdags/subdag.py for tasks to queue
[2025-12-10T12:20:07.482+0530] {logging_mixin.py:190} INFO - [2025-12-10T12:20:07.482+0530] {dagbag.py:588} INFO - Filling up the DagBag from /home/sneha/spotify_airflow_project/venv/lib/python3.12/site-packages/airflow/example_dags/subdags/subdag.py
[2025-12-10T12:20:07.484+0530] {processor.py:927} WARNING - No viable dags retrieved from /home/sneha/spotify_airflow_project/venv/lib/python3.12/site-packages/airflow/example_dags/subdags/subdag.py
[2025-12-10T12:20:07.494+0530] {processor.py:208} INFO - Processing /home/sneha/spotify_airflow_project/venv/lib/python3.12/site-packages/airflow/example_dags/subdags/subdag.py took 0.026 seconds
[2025-12-10T12:20:58.616+0530] {processor.py:186} INFO - Started process (PID=13192) to work on /home/sneha/spotify_airflow_project/venv/lib/python3.12/site-packages/airflow/example_dags/subdags/subdag.py
[2025-12-10T12:20:58.617+0530] {processor.py:914} INFO - Processing file /home/sneha/spotify_airflow_project/venv/lib/python3.12/site-packages/airflow/example_dags/subdags/subdag.py for tasks to queue
[2025-12-10T12:20:58.619+0530] {logging_mixin.py:190} INFO - [2025-12-10T12:20:58.619+0530] {dagbag.py:588} INFO - Filling up the DagBag from /home/sneha/spotify_airflow_project/venv/lib/python3.12/site-packages/airflow/example_dags/subdags/subdag.py
[2025-12-10T12:20:58.621+0530] {processor.py:927} WARNING - No viable dags retrieved from /home/sneha/spotify_airflow_project/venv/lib/python3.12/site-packages/airflow/example_dags/subdags/subdag.py
[2025-12-10T12:20:58.631+0530] {processor.py:208} INFO - Processing /home/sneha/spotify_airflow_project/venv/lib/python3.12/site-packages/airflow/example_dags/subdags/subdag.py took 0.026 seconds
[2025-12-10T12:21:51.826+0530] {processor.py:186} INFO - Started process (PID=13400) to work on /home/sneha/spotify_airflow_project/venv/lib/python3.12/site-packages/airflow/example_dags/subdags/subdag.py
[2025-12-10T12:21:51.827+0530] {processor.py:914} INFO - Processing file /home/sneha/spotify_airflow_project/venv/lib/python3.12/site-packages/airflow/example_dags/subdags/subdag.py for tasks to queue
[2025-12-10T12:21:51.829+0530] {logging_mixin.py:190} INFO - [2025-12-10T12:21:51.829+0530] {dagbag.py:588} INFO - Filling up the DagBag from /home/sneha/spotify_airflow_project/venv/lib/python3.12/site-packages/airflow/example_dags/subdags/subdag.py
[2025-12-10T12:21:51.831+0530] {processor.py:927} WARNING - No viable dags retrieved from /home/sneha/spotify_airflow_project/venv/lib/python3.12/site-packages/airflow/example_dags/subdags/subdag.py
[2025-12-10T12:21:51.841+0530] {processor.py:208} INFO - Processing /home/sneha/spotify_airflow_project/venv/lib/python3.12/site-packages/airflow/example_dags/subdags/subdag.py took 0.025 seconds
[2025-12-10T12:22:44.468+0530] {processor.py:186} INFO - Started process (PID=13605) to work on /home/sneha/spotify_airflow_project/venv/lib/python3.12/site-packages/airflow/example_dags/subdags/subdag.py
[2025-12-10T12:22:44.469+0530] {processor.py:914} INFO - Processing file /home/sneha/spotify_airflow_project/venv/lib/python3.12/site-packages/airflow/example_dags/subdags/subdag.py for tasks to queue
[2025-12-10T12:22:44.471+0530] {logging_mixin.py:190} INFO - [2025-12-10T12:22:44.470+0530] {dagbag.py:588} INFO - Filling up the DagBag from /home/sneha/spotify_airflow_project/venv/lib/python3.12/site-packages/airflow/example_dags/subdags/subdag.py
[2025-12-10T12:22:44.473+0530] {processor.py:927} WARNING - No viable dags retrieved from /home/sneha/spotify_airflow_project/venv/lib/python3.12/site-packages/airflow/example_dags/subdags/subdag.py
[2025-12-10T12:22:44.484+0530] {processor.py:208} INFO - Processing /home/sneha/spotify_airflow_project/venv/lib/python3.12/site-packages/airflow/example_dags/subdags/subdag.py took 0.022 seconds
[2025-12-10T12:23:36.147+0530] {processor.py:186} INFO - Started process (PID=13661) to work on /home/sneha/spotify_airflow_project/venv/lib/python3.12/site-packages/airflow/example_dags/subdags/subdag.py
[2025-12-10T12:23:36.158+0530] {processor.py:914} INFO - Processing file /home/sneha/spotify_airflow_project/venv/lib/python3.12/site-packages/airflow/example_dags/subdags/subdag.py for tasks to queue
[2025-12-10T12:23:36.161+0530] {logging_mixin.py:190} INFO - [2025-12-10T12:23:36.160+0530] {dagbag.py:588} INFO - Filling up the DagBag from /home/sneha/spotify_airflow_project/venv/lib/python3.12/site-packages/airflow/example_dags/subdags/subdag.py
[2025-12-10T12:23:36.163+0530] {processor.py:927} WARNING - No viable dags retrieved from /home/sneha/spotify_airflow_project/venv/lib/python3.12/site-packages/airflow/example_dags/subdags/subdag.py
[2025-12-10T12:23:36.175+0530] {processor.py:208} INFO - Processing /home/sneha/spotify_airflow_project/venv/lib/python3.12/site-packages/airflow/example_dags/subdags/subdag.py took 0.033 seconds
[2025-12-10T12:24:30.453+0530] {processor.py:186} INFO - Started process (PID=13719) to work on /home/sneha/spotify_airflow_project/venv/lib/python3.12/site-packages/airflow/example_dags/subdags/subdag.py
[2025-12-10T12:24:30.454+0530] {processor.py:914} INFO - Processing file /home/sneha/spotify_airflow_project/venv/lib/python3.12/site-packages/airflow/example_dags/subdags/subdag.py for tasks to queue
[2025-12-10T12:24:30.456+0530] {logging_mixin.py:190} INFO - [2025-12-10T12:24:30.456+0530] {dagbag.py:588} INFO - Filling up the DagBag from /home/sneha/spotify_airflow_project/venv/lib/python3.12/site-packages/airflow/example_dags/subdags/subdag.py
[2025-12-10T12:24:30.459+0530] {processor.py:927} WARNING - No viable dags retrieved from /home/sneha/spotify_airflow_project/venv/lib/python3.12/site-packages/airflow/example_dags/subdags/subdag.py
[2025-12-10T12:24:30.471+0530] {processor.py:208} INFO - Processing /home/sneha/spotify_airflow_project/venv/lib/python3.12/site-packages/airflow/example_dags/subdags/subdag.py took 0.024 seconds
