[2026-01-19T11:43:32.696+0530] {local_task_job_runner.py:123} INFO - ::group::Pre task execution logs
[2026-01-19T11:43:32.705+0530] {taskinstance.py:2612} INFO - Dependencies all met for dep_context=non-requeueable deps ti=<TaskInstance: spotify_streaming_pipeline.run_spark_consumer scheduled__2026-01-19T05:00:00+00:00 [queued]>
[2026-01-19T11:43:32.711+0530] {taskinstance.py:2612} INFO - Dependencies all met for dep_context=requeueable deps ti=<TaskInstance: spotify_streaming_pipeline.run_spark_consumer scheduled__2026-01-19T05:00:00+00:00 [queued]>
[2026-01-19T11:43:32.712+0530] {taskinstance.py:2865} INFO - Starting attempt 1 of 2
[2026-01-19T11:43:32.723+0530] {taskinstance.py:2888} INFO - Executing <Task(BashOperator): run_spark_consumer> on 2026-01-19 05:00:00+00:00
[2026-01-19T11:43:32.729+0530] {standard_task_runner.py:72} INFO - Started process 15133 to run task
[2026-01-19T11:43:32.735+0530] {standard_task_runner.py:104} INFO - Running: ['airflow', 'tasks', 'run', 'spotify_streaming_pipeline', 'run_spark_consumer', 'scheduled__2026-01-19T05:00:00+00:00', '--job-id', '142', '--raw', '--subdir', 'DAGS_FOLDER/spotify_streaming_dag.py', '--cfg-path', '/tmp/tmptwkkltbn']
[2026-01-19T11:43:32.736+0530] {standard_task_runner.py:105} INFO - Job 142: Subtask run_spark_consumer
[2026-01-19T11:43:32.775+0530] {task_command.py:467} INFO - Running <TaskInstance: spotify_streaming_pipeline.run_spark_consumer scheduled__2026-01-19T05:00:00+00:00 [running]> on host sneha-HP-Laptop-15s-eq1xxx
[2026-01-19T11:43:32.835+0530] {taskinstance.py:3131} INFO - Exporting env vars: AIRFLOW_CTX_DAG_OWNER='sneha' AIRFLOW_CTX_DAG_ID='spotify_streaming_pipeline' AIRFLOW_CTX_TASK_ID='run_spark_consumer' AIRFLOW_CTX_EXECUTION_DATE='2026-01-19T05:00:00+00:00' AIRFLOW_CTX_TRY_NUMBER='1' AIRFLOW_CTX_DAG_RUN_ID='scheduled__2026-01-19T05:00:00+00:00'
[2026-01-19T11:43:32.836+0530] {logging_mixin.py:190} INFO - Task instance is in running state
[2026-01-19T11:43:32.836+0530] {logging_mixin.py:190} INFO -  Previous state of the Task instance: queued
[2026-01-19T11:43:32.836+0530] {logging_mixin.py:190} INFO - Current task name:run_spark_consumer state:running start_date:2026-01-19 06:13:32.706119+00:00
[2026-01-19T11:43:32.836+0530] {logging_mixin.py:190} INFO - Dag name:spotify_streaming_pipeline and current dag run status:running
[2026-01-19T11:43:32.836+0530] {taskinstance.py:731} INFO - ::endgroup::
[2026-01-19T11:43:32.837+0530] {subprocess.py:63} INFO - Tmp dir root location: /tmp
[2026-01-19T11:43:32.837+0530] {subprocess.py:75} INFO - Running command: ['/usr/bin/bash', '-c', '\n        spark-submit         --packages org.apache.spark:spark-sql-kafka-0-10_2.12:3.4.4,org.postgresql:postgresql:42.7.3         /home/sneha/spotify_airflow_project/scripts/spark_consumer_airflow.py\n        ']
[2026-01-19T11:43:32.854+0530] {subprocess.py:86} INFO - Output:
[2026-01-19T11:43:35.432+0530] {subprocess.py:93} INFO - 26/01/19 11:43:35 WARN Utils: Your hostname, sneha-HP-Laptop-15s-eq1xxx resolves to a loopback address: 127.0.1.1; using 192.168.1.86 instead (on interface wlo1)
[2026-01-19T11:43:35.436+0530] {subprocess.py:93} INFO - 26/01/19 11:43:35 WARN Utils: Set SPARK_LOCAL_IP if you need to bind to another address
[2026-01-19T11:43:40.896+0530] {subprocess.py:93} INFO - :: loading settings :: url = jar:file:/home/sneha/spark/spark-3.4.4-bin-hadoop3/jars/ivy-2.5.1.jar!/org/apache/ivy/core/settings/ivysettings.xml
[2026-01-19T11:43:40.998+0530] {subprocess.py:93} INFO - Ivy Default Cache set to: /home/sneha/.ivy2/cache
[2026-01-19T11:43:40.998+0530] {subprocess.py:93} INFO - The jars for the packages stored in: /home/sneha/.ivy2/jars
[2026-01-19T11:43:41.005+0530] {subprocess.py:93} INFO - org.apache.spark#spark-sql-kafka-0-10_2.12 added as a dependency
[2026-01-19T11:43:41.005+0530] {subprocess.py:93} INFO - org.postgresql#postgresql added as a dependency
[2026-01-19T11:43:41.007+0530] {subprocess.py:93} INFO - :: resolving dependencies :: org.apache.spark#spark-submit-parent-450139d8-16f9-447a-b9ea-84d1eb1a343a;1.0
[2026-01-19T11:43:41.007+0530] {subprocess.py:93} INFO - 	confs: [default]
[2026-01-19T11:43:41.255+0530] {subprocess.py:93} INFO - 	found org.apache.spark#spark-sql-kafka-0-10_2.12;3.4.4 in central
[2026-01-19T11:43:41.442+0530] {subprocess.py:93} INFO - 	found org.apache.spark#spark-token-provider-kafka-0-10_2.12;3.4.4 in central
[2026-01-19T11:43:41.516+0530] {subprocess.py:93} INFO - 	found org.apache.kafka#kafka-clients;3.3.2 in central
[2026-01-19T11:43:41.591+0530] {subprocess.py:93} INFO - 	found org.lz4#lz4-java;1.8.0 in central
[2026-01-19T11:43:41.640+0530] {subprocess.py:93} INFO - 	found org.xerial.snappy#snappy-java;1.1.10.5 in central
[2026-01-19T11:43:41.681+0530] {subprocess.py:93} INFO - 	found org.slf4j#slf4j-api;2.0.6 in central
[2026-01-19T11:43:41.734+0530] {subprocess.py:93} INFO - 	found org.apache.hadoop#hadoop-client-runtime;3.3.4 in central
[2026-01-19T11:43:41.817+0530] {subprocess.py:93} INFO - 	found org.apache.hadoop#hadoop-client-api;3.3.4 in central
[2026-01-19T11:43:41.876+0530] {subprocess.py:93} INFO - 	found commons-logging#commons-logging;1.1.3 in central
[2026-01-19T11:43:41.921+0530] {subprocess.py:93} INFO - 	found com.google.code.findbugs#jsr305;3.0.0 in central
[2026-01-19T11:43:41.966+0530] {subprocess.py:93} INFO - 	found org.apache.commons#commons-pool2;2.11.1 in central
[2026-01-19T11:43:41.998+0530] {subprocess.py:93} INFO - 	found org.postgresql#postgresql;42.7.3 in central
[2026-01-19T11:43:42.032+0530] {subprocess.py:93} INFO - 	found org.checkerframework#checker-qual;3.42.0 in central
[2026-01-19T11:43:42.110+0530] {subprocess.py:93} INFO - :: resolution report :: resolve 1051ms :: artifacts dl 52ms
[2026-01-19T11:43:42.110+0530] {subprocess.py:93} INFO - 	:: modules in use:
[2026-01-19T11:43:42.110+0530] {subprocess.py:93} INFO - 	com.google.code.findbugs#jsr305;3.0.0 from central in [default]
[2026-01-19T11:43:42.110+0530] {subprocess.py:93} INFO - 	commons-logging#commons-logging;1.1.3 from central in [default]
[2026-01-19T11:43:42.111+0530] {subprocess.py:93} INFO - 	org.apache.commons#commons-pool2;2.11.1 from central in [default]
[2026-01-19T11:43:42.111+0530] {subprocess.py:93} INFO - 	org.apache.hadoop#hadoop-client-api;3.3.4 from central in [default]
[2026-01-19T11:43:42.111+0530] {subprocess.py:93} INFO - 	org.apache.hadoop#hadoop-client-runtime;3.3.4 from central in [default]
[2026-01-19T11:43:42.111+0530] {subprocess.py:93} INFO - 	org.apache.kafka#kafka-clients;3.3.2 from central in [default]
[2026-01-19T11:43:42.111+0530] {subprocess.py:93} INFO - 	org.apache.spark#spark-sql-kafka-0-10_2.12;3.4.4 from central in [default]
[2026-01-19T11:43:42.111+0530] {subprocess.py:93} INFO - 	org.apache.spark#spark-token-provider-kafka-0-10_2.12;3.4.4 from central in [default]
[2026-01-19T11:43:42.111+0530] {subprocess.py:93} INFO - 	org.checkerframework#checker-qual;3.42.0 from central in [default]
[2026-01-19T11:43:42.112+0530] {subprocess.py:93} INFO - 	org.lz4#lz4-java;1.8.0 from central in [default]
[2026-01-19T11:43:42.112+0530] {subprocess.py:93} INFO - 	org.postgresql#postgresql;42.7.3 from central in [default]
[2026-01-19T11:43:42.112+0530] {subprocess.py:93} INFO - 	org.slf4j#slf4j-api;2.0.6 from central in [default]
[2026-01-19T11:43:42.112+0530] {subprocess.py:93} INFO - 	org.xerial.snappy#snappy-java;1.1.10.5 from central in [default]
[2026-01-19T11:43:42.112+0530] {subprocess.py:93} INFO - 	---------------------------------------------------------------------
[2026-01-19T11:43:42.120+0530] {subprocess.py:93} INFO - 	|                  |            modules            ||   artifacts   |
[2026-01-19T11:43:42.122+0530] {subprocess.py:93} INFO - 	|       conf       | number| search|dwnlded|evicted|| number|dwnlded|
[2026-01-19T11:43:42.122+0530] {subprocess.py:93} INFO - 	---------------------------------------------------------------------
[2026-01-19T11:43:42.122+0530] {subprocess.py:93} INFO - 	|      default     |   13  |   0   |   0   |   0   ||   13  |   0   |
[2026-01-19T11:43:42.122+0530] {subprocess.py:93} INFO - 	---------------------------------------------------------------------
[2026-01-19T11:43:42.122+0530] {subprocess.py:93} INFO - :: retrieving :: org.apache.spark#spark-submit-parent-450139d8-16f9-447a-b9ea-84d1eb1a343a
[2026-01-19T11:43:42.124+0530] {subprocess.py:93} INFO - 	confs: [default]
[2026-01-19T11:43:42.144+0530] {subprocess.py:93} INFO - 	0 artifacts copied, 13 already retrieved (0kB/23ms)
[2026-01-19T11:43:42.634+0530] {subprocess.py:93} INFO - 26/01/19 11:43:42 WARN NativeCodeLoader: Unable to load native-hadoop library for your platform... using builtin-java classes where applicable
[2026-01-19T11:43:44.617+0530] {subprocess.py:93} INFO - 26/01/19 11:43:44 INFO SparkContext: Running Spark version 3.4.4
[2026-01-19T11:43:44.726+0530] {subprocess.py:93} INFO - 26/01/19 11:43:44 INFO ResourceUtils: ==============================================================
[2026-01-19T11:43:44.727+0530] {subprocess.py:93} INFO - 26/01/19 11:43:44 INFO ResourceUtils: No custom resources configured for spark.driver.
[2026-01-19T11:43:44.728+0530] {subprocess.py:93} INFO - 26/01/19 11:43:44 INFO ResourceUtils: ==============================================================
[2026-01-19T11:43:44.733+0530] {subprocess.py:93} INFO - 26/01/19 11:43:44 INFO SparkContext: Submitted application: spotify_streaming_airflow
[2026-01-19T11:43:44.811+0530] {subprocess.py:93} INFO - 26/01/19 11:43:44 INFO ResourceProfile: Default ResourceProfile created, executor resources: Map(cores -> name: cores, amount: 1, script: , vendor: , memory -> name: memory, amount: 1024, script: , vendor: , offHeap -> name: offHeap, amount: 0, script: , vendor: ), task resources: Map(cpus -> name: cpus, amount: 1.0)
[2026-01-19T11:43:44.835+0530] {subprocess.py:93} INFO - 26/01/19 11:43:44 INFO ResourceProfile: Limiting resource is cpu
[2026-01-19T11:43:44.836+0530] {subprocess.py:93} INFO - 26/01/19 11:43:44 INFO ResourceProfileManager: Added ResourceProfile id: 0
[2026-01-19T11:43:45.046+0530] {subprocess.py:93} INFO - 26/01/19 11:43:45 INFO SecurityManager: Changing view acls to: sneha
[2026-01-19T11:43:45.047+0530] {subprocess.py:93} INFO - 26/01/19 11:43:45 INFO SecurityManager: Changing modify acls to: sneha
[2026-01-19T11:43:45.047+0530] {subprocess.py:93} INFO - 26/01/19 11:43:45 INFO SecurityManager: Changing view acls groups to:
[2026-01-19T11:43:45.050+0530] {subprocess.py:93} INFO - 26/01/19 11:43:45 INFO SecurityManager: Changing modify acls groups to:
[2026-01-19T11:43:45.051+0530] {subprocess.py:93} INFO - 26/01/19 11:43:45 INFO SecurityManager: SecurityManager: authentication disabled; ui acls disabled; users with view permissions: sneha; groups with view permissions: EMPTY; users with modify permissions: sneha; groups with modify permissions: EMPTY
[2026-01-19T11:43:45.616+0530] {subprocess.py:93} INFO - 26/01/19 11:43:45 INFO Utils: Successfully started service 'sparkDriver' on port 43095.
[2026-01-19T11:43:45.689+0530] {subprocess.py:93} INFO - 26/01/19 11:43:45 INFO SparkEnv: Registering MapOutputTracker
[2026-01-19T11:43:45.748+0530] {subprocess.py:93} INFO - 26/01/19 11:43:45 INFO SparkEnv: Registering BlockManagerMaster
[2026-01-19T11:43:45.789+0530] {subprocess.py:93} INFO - 26/01/19 11:43:45 INFO BlockManagerMasterEndpoint: Using org.apache.spark.storage.DefaultTopologyMapper for getting topology information
[2026-01-19T11:43:45.791+0530] {subprocess.py:93} INFO - 26/01/19 11:43:45 INFO BlockManagerMasterEndpoint: BlockManagerMasterEndpoint up
[2026-01-19T11:43:45.798+0530] {subprocess.py:93} INFO - 26/01/19 11:43:45 INFO SparkEnv: Registering BlockManagerMasterHeartbeat
[2026-01-19T11:43:45.850+0530] {subprocess.py:93} INFO - 26/01/19 11:43:45 INFO DiskBlockManager: Created local directory at /tmp/blockmgr-5570cf08-7b2f-42cc-9d5c-60a4a560dff6
[2026-01-19T11:43:45.877+0530] {subprocess.py:93} INFO - 26/01/19 11:43:45 INFO MemoryStore: MemoryStore started with capacity 366.3 MiB
[2026-01-19T11:43:45.902+0530] {subprocess.py:93} INFO - 26/01/19 11:43:45 INFO SparkEnv: Registering OutputCommitCoordinator
[2026-01-19T11:43:46.152+0530] {subprocess.py:93} INFO - 26/01/19 11:43:46 INFO JettyUtils: Start Jetty 0.0.0.0:4040 for SparkUI
[2026-01-19T11:43:46.263+0530] {subprocess.py:93} INFO - 26/01/19 11:43:46 INFO Utils: Successfully started service 'SparkUI' on port 4040.
[2026-01-19T11:43:46.328+0530] {subprocess.py:93} INFO - 26/01/19 11:43:46 INFO SparkContext: Added JAR file:///home/sneha/.ivy2/jars/org.apache.spark_spark-sql-kafka-0-10_2.12-3.4.4.jar at spark://192.168.1.86:43095/jars/org.apache.spark_spark-sql-kafka-0-10_2.12-3.4.4.jar with timestamp 1768803224570
[2026-01-19T11:43:46.329+0530] {subprocess.py:93} INFO - 26/01/19 11:43:46 INFO SparkContext: Added JAR file:///home/sneha/.ivy2/jars/org.postgresql_postgresql-42.7.3.jar at spark://192.168.1.86:43095/jars/org.postgresql_postgresql-42.7.3.jar with timestamp 1768803224570
[2026-01-19T11:43:46.329+0530] {subprocess.py:93} INFO - 26/01/19 11:43:46 INFO SparkContext: Added JAR file:///home/sneha/.ivy2/jars/org.apache.spark_spark-token-provider-kafka-0-10_2.12-3.4.4.jar at spark://192.168.1.86:43095/jars/org.apache.spark_spark-token-provider-kafka-0-10_2.12-3.4.4.jar with timestamp 1768803224570
[2026-01-19T11:43:46.329+0530] {subprocess.py:93} INFO - 26/01/19 11:43:46 INFO SparkContext: Added JAR file:///home/sneha/.ivy2/jars/org.apache.kafka_kafka-clients-3.3.2.jar at spark://192.168.1.86:43095/jars/org.apache.kafka_kafka-clients-3.3.2.jar with timestamp 1768803224570
[2026-01-19T11:43:46.330+0530] {subprocess.py:93} INFO - 26/01/19 11:43:46 INFO SparkContext: Added JAR file:///home/sneha/.ivy2/jars/com.google.code.findbugs_jsr305-3.0.0.jar at spark://192.168.1.86:43095/jars/com.google.code.findbugs_jsr305-3.0.0.jar with timestamp 1768803224570
[2026-01-19T11:43:46.330+0530] {subprocess.py:93} INFO - 26/01/19 11:43:46 INFO SparkContext: Added JAR file:///home/sneha/.ivy2/jars/org.apache.commons_commons-pool2-2.11.1.jar at spark://192.168.1.86:43095/jars/org.apache.commons_commons-pool2-2.11.1.jar with timestamp 1768803224570
[2026-01-19T11:43:46.330+0530] {subprocess.py:93} INFO - 26/01/19 11:43:46 INFO SparkContext: Added JAR file:///home/sneha/.ivy2/jars/org.apache.hadoop_hadoop-client-runtime-3.3.4.jar at spark://192.168.1.86:43095/jars/org.apache.hadoop_hadoop-client-runtime-3.3.4.jar with timestamp 1768803224570
[2026-01-19T11:43:46.331+0530] {subprocess.py:93} INFO - 26/01/19 11:43:46 INFO SparkContext: Added JAR file:///home/sneha/.ivy2/jars/org.lz4_lz4-java-1.8.0.jar at spark://192.168.1.86:43095/jars/org.lz4_lz4-java-1.8.0.jar with timestamp 1768803224570
[2026-01-19T11:43:46.331+0530] {subprocess.py:93} INFO - 26/01/19 11:43:46 INFO SparkContext: Added JAR file:///home/sneha/.ivy2/jars/org.xerial.snappy_snappy-java-1.1.10.5.jar at spark://192.168.1.86:43095/jars/org.xerial.snappy_snappy-java-1.1.10.5.jar with timestamp 1768803224570
[2026-01-19T11:43:46.331+0530] {subprocess.py:93} INFO - 26/01/19 11:43:46 INFO SparkContext: Added JAR file:///home/sneha/.ivy2/jars/org.slf4j_slf4j-api-2.0.6.jar at spark://192.168.1.86:43095/jars/org.slf4j_slf4j-api-2.0.6.jar with timestamp 1768803224570
[2026-01-19T11:43:46.331+0530] {subprocess.py:93} INFO - 26/01/19 11:43:46 INFO SparkContext: Added JAR file:///home/sneha/.ivy2/jars/org.apache.hadoop_hadoop-client-api-3.3.4.jar at spark://192.168.1.86:43095/jars/org.apache.hadoop_hadoop-client-api-3.3.4.jar with timestamp 1768803224570
[2026-01-19T11:43:46.331+0530] {subprocess.py:93} INFO - 26/01/19 11:43:46 INFO SparkContext: Added JAR file:///home/sneha/.ivy2/jars/commons-logging_commons-logging-1.1.3.jar at spark://192.168.1.86:43095/jars/commons-logging_commons-logging-1.1.3.jar with timestamp 1768803224570
[2026-01-19T11:43:46.331+0530] {subprocess.py:93} INFO - 26/01/19 11:43:46 INFO SparkContext: Added JAR file:///home/sneha/.ivy2/jars/org.checkerframework_checker-qual-3.42.0.jar at spark://192.168.1.86:43095/jars/org.checkerframework_checker-qual-3.42.0.jar with timestamp 1768803224570
[2026-01-19T11:43:46.333+0530] {subprocess.py:93} INFO - 26/01/19 11:43:46 INFO SparkContext: Added file file:///home/sneha/.ivy2/jars/org.apache.spark_spark-sql-kafka-0-10_2.12-3.4.4.jar at file:///home/sneha/.ivy2/jars/org.apache.spark_spark-sql-kafka-0-10_2.12-3.4.4.jar with timestamp 1768803224570
[2026-01-19T11:43:46.335+0530] {subprocess.py:93} INFO - 26/01/19 11:43:46 INFO Utils: Copying /home/sneha/.ivy2/jars/org.apache.spark_spark-sql-kafka-0-10_2.12-3.4.4.jar to /tmp/spark-64e19fbf-ebe9-47c4-90c9-5153b8a765d3/userFiles-50db8df5-6bc0-4a48-96f9-c5c1d8f9927f/org.apache.spark_spark-sql-kafka-0-10_2.12-3.4.4.jar
[2026-01-19T11:43:46.350+0530] {subprocess.py:93} INFO - 26/01/19 11:43:46 INFO SparkContext: Added file file:///home/sneha/.ivy2/jars/org.postgresql_postgresql-42.7.3.jar at file:///home/sneha/.ivy2/jars/org.postgresql_postgresql-42.7.3.jar with timestamp 1768803224570
[2026-01-19T11:43:46.350+0530] {subprocess.py:93} INFO - 26/01/19 11:43:46 INFO Utils: Copying /home/sneha/.ivy2/jars/org.postgresql_postgresql-42.7.3.jar to /tmp/spark-64e19fbf-ebe9-47c4-90c9-5153b8a765d3/userFiles-50db8df5-6bc0-4a48-96f9-c5c1d8f9927f/org.postgresql_postgresql-42.7.3.jar
[2026-01-19T11:43:46.358+0530] {subprocess.py:93} INFO - 26/01/19 11:43:46 INFO SparkContext: Added file file:///home/sneha/.ivy2/jars/org.apache.spark_spark-token-provider-kafka-0-10_2.12-3.4.4.jar at file:///home/sneha/.ivy2/jars/org.apache.spark_spark-token-provider-kafka-0-10_2.12-3.4.4.jar with timestamp 1768803224570
[2026-01-19T11:43:46.358+0530] {subprocess.py:93} INFO - 26/01/19 11:43:46 INFO Utils: Copying /home/sneha/.ivy2/jars/org.apache.spark_spark-token-provider-kafka-0-10_2.12-3.4.4.jar to /tmp/spark-64e19fbf-ebe9-47c4-90c9-5153b8a765d3/userFiles-50db8df5-6bc0-4a48-96f9-c5c1d8f9927f/org.apache.spark_spark-token-provider-kafka-0-10_2.12-3.4.4.jar
[2026-01-19T11:43:46.364+0530] {subprocess.py:93} INFO - 26/01/19 11:43:46 INFO SparkContext: Added file file:///home/sneha/.ivy2/jars/org.apache.kafka_kafka-clients-3.3.2.jar at file:///home/sneha/.ivy2/jars/org.apache.kafka_kafka-clients-3.3.2.jar with timestamp 1768803224570
[2026-01-19T11:43:46.364+0530] {subprocess.py:93} INFO - 26/01/19 11:43:46 INFO Utils: Copying /home/sneha/.ivy2/jars/org.apache.kafka_kafka-clients-3.3.2.jar to /tmp/spark-64e19fbf-ebe9-47c4-90c9-5153b8a765d3/userFiles-50db8df5-6bc0-4a48-96f9-c5c1d8f9927f/org.apache.kafka_kafka-clients-3.3.2.jar
[2026-01-19T11:43:46.381+0530] {subprocess.py:93} INFO - 26/01/19 11:43:46 INFO SparkContext: Added file file:///home/sneha/.ivy2/jars/com.google.code.findbugs_jsr305-3.0.0.jar at file:///home/sneha/.ivy2/jars/com.google.code.findbugs_jsr305-3.0.0.jar with timestamp 1768803224570
[2026-01-19T11:43:46.381+0530] {subprocess.py:93} INFO - 26/01/19 11:43:46 INFO Utils: Copying /home/sneha/.ivy2/jars/com.google.code.findbugs_jsr305-3.0.0.jar to /tmp/spark-64e19fbf-ebe9-47c4-90c9-5153b8a765d3/userFiles-50db8df5-6bc0-4a48-96f9-c5c1d8f9927f/com.google.code.findbugs_jsr305-3.0.0.jar
[2026-01-19T11:43:46.386+0530] {subprocess.py:93} INFO - 26/01/19 11:43:46 INFO SparkContext: Added file file:///home/sneha/.ivy2/jars/org.apache.commons_commons-pool2-2.11.1.jar at file:///home/sneha/.ivy2/jars/org.apache.commons_commons-pool2-2.11.1.jar with timestamp 1768803224570
[2026-01-19T11:43:46.386+0530] {subprocess.py:93} INFO - 26/01/19 11:43:46 INFO Utils: Copying /home/sneha/.ivy2/jars/org.apache.commons_commons-pool2-2.11.1.jar to /tmp/spark-64e19fbf-ebe9-47c4-90c9-5153b8a765d3/userFiles-50db8df5-6bc0-4a48-96f9-c5c1d8f9927f/org.apache.commons_commons-pool2-2.11.1.jar
[2026-01-19T11:43:46.392+0530] {subprocess.py:93} INFO - 26/01/19 11:43:46 INFO SparkContext: Added file file:///home/sneha/.ivy2/jars/org.apache.hadoop_hadoop-client-runtime-3.3.4.jar at file:///home/sneha/.ivy2/jars/org.apache.hadoop_hadoop-client-runtime-3.3.4.jar with timestamp 1768803224570
[2026-01-19T11:43:46.393+0530] {subprocess.py:93} INFO - 26/01/19 11:43:46 INFO Utils: Copying /home/sneha/.ivy2/jars/org.apache.hadoop_hadoop-client-runtime-3.3.4.jar to /tmp/spark-64e19fbf-ebe9-47c4-90c9-5153b8a765d3/userFiles-50db8df5-6bc0-4a48-96f9-c5c1d8f9927f/org.apache.hadoop_hadoop-client-runtime-3.3.4.jar
[2026-01-19T11:43:46.497+0530] {subprocess.py:93} INFO - 26/01/19 11:43:46 INFO SparkContext: Added file file:///home/sneha/.ivy2/jars/org.lz4_lz4-java-1.8.0.jar at file:///home/sneha/.ivy2/jars/org.lz4_lz4-java-1.8.0.jar with timestamp 1768803224570
[2026-01-19T11:43:46.498+0530] {subprocess.py:93} INFO - 26/01/19 11:43:46 INFO Utils: Copying /home/sneha/.ivy2/jars/org.lz4_lz4-java-1.8.0.jar to /tmp/spark-64e19fbf-ebe9-47c4-90c9-5153b8a765d3/userFiles-50db8df5-6bc0-4a48-96f9-c5c1d8f9927f/org.lz4_lz4-java-1.8.0.jar
[2026-01-19T11:43:46.505+0530] {subprocess.py:93} INFO - 26/01/19 11:43:46 INFO SparkContext: Added file file:///home/sneha/.ivy2/jars/org.xerial.snappy_snappy-java-1.1.10.5.jar at file:///home/sneha/.ivy2/jars/org.xerial.snappy_snappy-java-1.1.10.5.jar with timestamp 1768803224570
[2026-01-19T11:43:46.506+0530] {subprocess.py:93} INFO - 26/01/19 11:43:46 INFO Utils: Copying /home/sneha/.ivy2/jars/org.xerial.snappy_snappy-java-1.1.10.5.jar to /tmp/spark-64e19fbf-ebe9-47c4-90c9-5153b8a765d3/userFiles-50db8df5-6bc0-4a48-96f9-c5c1d8f9927f/org.xerial.snappy_snappy-java-1.1.10.5.jar
[2026-01-19T11:43:46.521+0530] {subprocess.py:93} INFO - 26/01/19 11:43:46 INFO SparkContext: Added file file:///home/sneha/.ivy2/jars/org.slf4j_slf4j-api-2.0.6.jar at file:///home/sneha/.ivy2/jars/org.slf4j_slf4j-api-2.0.6.jar with timestamp 1768803224570
[2026-01-19T11:43:46.521+0530] {subprocess.py:93} INFO - 26/01/19 11:43:46 INFO Utils: Copying /home/sneha/.ivy2/jars/org.slf4j_slf4j-api-2.0.6.jar to /tmp/spark-64e19fbf-ebe9-47c4-90c9-5153b8a765d3/userFiles-50db8df5-6bc0-4a48-96f9-c5c1d8f9927f/org.slf4j_slf4j-api-2.0.6.jar
[2026-01-19T11:43:46.526+0530] {subprocess.py:93} INFO - 26/01/19 11:43:46 INFO SparkContext: Added file file:///home/sneha/.ivy2/jars/org.apache.hadoop_hadoop-client-api-3.3.4.jar at file:///home/sneha/.ivy2/jars/org.apache.hadoop_hadoop-client-api-3.3.4.jar with timestamp 1768803224570
[2026-01-19T11:43:46.527+0530] {subprocess.py:93} INFO - 26/01/19 11:43:46 INFO Utils: Copying /home/sneha/.ivy2/jars/org.apache.hadoop_hadoop-client-api-3.3.4.jar to /tmp/spark-64e19fbf-ebe9-47c4-90c9-5153b8a765d3/userFiles-50db8df5-6bc0-4a48-96f9-c5c1d8f9927f/org.apache.hadoop_hadoop-client-api-3.3.4.jar
[2026-01-19T11:43:46.598+0530] {subprocess.py:93} INFO - 26/01/19 11:43:46 INFO SparkContext: Added file file:///home/sneha/.ivy2/jars/commons-logging_commons-logging-1.1.3.jar at file:///home/sneha/.ivy2/jars/commons-logging_commons-logging-1.1.3.jar with timestamp 1768803224570
[2026-01-19T11:43:46.598+0530] {subprocess.py:93} INFO - 26/01/19 11:43:46 INFO Utils: Copying /home/sneha/.ivy2/jars/commons-logging_commons-logging-1.1.3.jar to /tmp/spark-64e19fbf-ebe9-47c4-90c9-5153b8a765d3/userFiles-50db8df5-6bc0-4a48-96f9-c5c1d8f9927f/commons-logging_commons-logging-1.1.3.jar
[2026-01-19T11:43:46.604+0530] {subprocess.py:93} INFO - 26/01/19 11:43:46 INFO SparkContext: Added file file:///home/sneha/.ivy2/jars/org.checkerframework_checker-qual-3.42.0.jar at file:///home/sneha/.ivy2/jars/org.checkerframework_checker-qual-3.42.0.jar with timestamp 1768803224570
[2026-01-19T11:43:46.604+0530] {subprocess.py:93} INFO - 26/01/19 11:43:46 INFO Utils: Copying /home/sneha/.ivy2/jars/org.checkerframework_checker-qual-3.42.0.jar to /tmp/spark-64e19fbf-ebe9-47c4-90c9-5153b8a765d3/userFiles-50db8df5-6bc0-4a48-96f9-c5c1d8f9927f/org.checkerframework_checker-qual-3.42.0.jar
[2026-01-19T11:43:46.709+0530] {subprocess.py:93} INFO - 26/01/19 11:43:46 INFO Executor: Starting executor ID driver on host 192.168.1.86
[2026-01-19T11:43:46.718+0530] {subprocess.py:93} INFO - 26/01/19 11:43:46 INFO Executor: Starting executor with user classpath (userClassPathFirst = false): ''
[2026-01-19T11:43:46.735+0530] {subprocess.py:93} INFO - 26/01/19 11:43:46 INFO Executor: Fetching file:///home/sneha/.ivy2/jars/org.lz4_lz4-java-1.8.0.jar with timestamp 1768803224570
[2026-01-19T11:43:46.764+0530] {subprocess.py:93} INFO - 26/01/19 11:43:46 INFO Utils: /home/sneha/.ivy2/jars/org.lz4_lz4-java-1.8.0.jar has been previously copied to /tmp/spark-64e19fbf-ebe9-47c4-90c9-5153b8a765d3/userFiles-50db8df5-6bc0-4a48-96f9-c5c1d8f9927f/org.lz4_lz4-java-1.8.0.jar
[2026-01-19T11:43:46.768+0530] {subprocess.py:93} INFO - 26/01/19 11:43:46 INFO Executor: Fetching file:///home/sneha/.ivy2/jars/commons-logging_commons-logging-1.1.3.jar with timestamp 1768803224570
[2026-01-19T11:43:46.769+0530] {subprocess.py:93} INFO - 26/01/19 11:43:46 INFO Utils: /home/sneha/.ivy2/jars/commons-logging_commons-logging-1.1.3.jar has been previously copied to /tmp/spark-64e19fbf-ebe9-47c4-90c9-5153b8a765d3/userFiles-50db8df5-6bc0-4a48-96f9-c5c1d8f9927f/commons-logging_commons-logging-1.1.3.jar
[2026-01-19T11:43:46.772+0530] {subprocess.py:93} INFO - 26/01/19 11:43:46 INFO Executor: Fetching file:///home/sneha/.ivy2/jars/org.apache.kafka_kafka-clients-3.3.2.jar with timestamp 1768803224570
[2026-01-19T11:43:46.780+0530] {subprocess.py:93} INFO - 26/01/19 11:43:46 INFO Utils: /home/sneha/.ivy2/jars/org.apache.kafka_kafka-clients-3.3.2.jar has been previously copied to /tmp/spark-64e19fbf-ebe9-47c4-90c9-5153b8a765d3/userFiles-50db8df5-6bc0-4a48-96f9-c5c1d8f9927f/org.apache.kafka_kafka-clients-3.3.2.jar
[2026-01-19T11:43:46.783+0530] {subprocess.py:93} INFO - 26/01/19 11:43:46 INFO Executor: Fetching file:///home/sneha/.ivy2/jars/org.postgresql_postgresql-42.7.3.jar with timestamp 1768803224570
[2026-01-19T11:43:46.786+0530] {subprocess.py:93} INFO - 26/01/19 11:43:46 INFO Utils: /home/sneha/.ivy2/jars/org.postgresql_postgresql-42.7.3.jar has been previously copied to /tmp/spark-64e19fbf-ebe9-47c4-90c9-5153b8a765d3/userFiles-50db8df5-6bc0-4a48-96f9-c5c1d8f9927f/org.postgresql_postgresql-42.7.3.jar
[2026-01-19T11:43:46.790+0530] {subprocess.py:93} INFO - 26/01/19 11:43:46 INFO Executor: Fetching file:///home/sneha/.ivy2/jars/org.apache.hadoop_hadoop-client-api-3.3.4.jar with timestamp 1768803224570
[2026-01-19T11:43:46.817+0530] {subprocess.py:93} INFO - 26/01/19 11:43:46 INFO Utils: /home/sneha/.ivy2/jars/org.apache.hadoop_hadoop-client-api-3.3.4.jar has been previously copied to /tmp/spark-64e19fbf-ebe9-47c4-90c9-5153b8a765d3/userFiles-50db8df5-6bc0-4a48-96f9-c5c1d8f9927f/org.apache.hadoop_hadoop-client-api-3.3.4.jar
[2026-01-19T11:43:46.821+0530] {subprocess.py:93} INFO - 26/01/19 11:43:46 INFO Executor: Fetching file:///home/sneha/.ivy2/jars/org.xerial.snappy_snappy-java-1.1.10.5.jar with timestamp 1768803224570
[2026-01-19T11:43:46.824+0530] {subprocess.py:93} INFO - 26/01/19 11:43:46 INFO Utils: /home/sneha/.ivy2/jars/org.xerial.snappy_snappy-java-1.1.10.5.jar has been previously copied to /tmp/spark-64e19fbf-ebe9-47c4-90c9-5153b8a765d3/userFiles-50db8df5-6bc0-4a48-96f9-c5c1d8f9927f/org.xerial.snappy_snappy-java-1.1.10.5.jar
[2026-01-19T11:43:46.829+0530] {subprocess.py:93} INFO - 26/01/19 11:43:46 INFO Executor: Fetching file:///home/sneha/.ivy2/jars/org.slf4j_slf4j-api-2.0.6.jar with timestamp 1768803224570
[2026-01-19T11:43:46.830+0530] {subprocess.py:93} INFO - 26/01/19 11:43:46 INFO Utils: /home/sneha/.ivy2/jars/org.slf4j_slf4j-api-2.0.6.jar has been previously copied to /tmp/spark-64e19fbf-ebe9-47c4-90c9-5153b8a765d3/userFiles-50db8df5-6bc0-4a48-96f9-c5c1d8f9927f/org.slf4j_slf4j-api-2.0.6.jar
[2026-01-19T11:43:46.834+0530] {subprocess.py:93} INFO - 26/01/19 11:43:46 INFO Executor: Fetching file:///home/sneha/.ivy2/jars/org.checkerframework_checker-qual-3.42.0.jar with timestamp 1768803224570
[2026-01-19T11:43:46.834+0530] {subprocess.py:93} INFO - 26/01/19 11:43:46 INFO Utils: /home/sneha/.ivy2/jars/org.checkerframework_checker-qual-3.42.0.jar has been previously copied to /tmp/spark-64e19fbf-ebe9-47c4-90c9-5153b8a765d3/userFiles-50db8df5-6bc0-4a48-96f9-c5c1d8f9927f/org.checkerframework_checker-qual-3.42.0.jar
[2026-01-19T11:43:46.838+0530] {subprocess.py:93} INFO - 26/01/19 11:43:46 INFO Executor: Fetching file:///home/sneha/.ivy2/jars/org.apache.spark_spark-token-provider-kafka-0-10_2.12-3.4.4.jar with timestamp 1768803224570
[2026-01-19T11:43:46.839+0530] {subprocess.py:93} INFO - 26/01/19 11:43:46 INFO Utils: /home/sneha/.ivy2/jars/org.apache.spark_spark-token-provider-kafka-0-10_2.12-3.4.4.jar has been previously copied to /tmp/spark-64e19fbf-ebe9-47c4-90c9-5153b8a765d3/userFiles-50db8df5-6bc0-4a48-96f9-c5c1d8f9927f/org.apache.spark_spark-token-provider-kafka-0-10_2.12-3.4.4.jar
[2026-01-19T11:43:46.843+0530] {subprocess.py:93} INFO - 26/01/19 11:43:46 INFO Executor: Fetching file:///home/sneha/.ivy2/jars/org.apache.spark_spark-sql-kafka-0-10_2.12-3.4.4.jar with timestamp 1768803224570
[2026-01-19T11:43:46.845+0530] {subprocess.py:93} INFO - 26/01/19 11:43:46 INFO Utils: /home/sneha/.ivy2/jars/org.apache.spark_spark-sql-kafka-0-10_2.12-3.4.4.jar has been previously copied to /tmp/spark-64e19fbf-ebe9-47c4-90c9-5153b8a765d3/userFiles-50db8df5-6bc0-4a48-96f9-c5c1d8f9927f/org.apache.spark_spark-sql-kafka-0-10_2.12-3.4.4.jar
[2026-01-19T11:43:46.849+0530] {subprocess.py:93} INFO - 26/01/19 11:43:46 INFO Executor: Fetching file:///home/sneha/.ivy2/jars/org.apache.commons_commons-pool2-2.11.1.jar with timestamp 1768803224570
[2026-01-19T11:43:46.849+0530] {subprocess.py:93} INFO - 26/01/19 11:43:46 INFO Utils: /home/sneha/.ivy2/jars/org.apache.commons_commons-pool2-2.11.1.jar has been previously copied to /tmp/spark-64e19fbf-ebe9-47c4-90c9-5153b8a765d3/userFiles-50db8df5-6bc0-4a48-96f9-c5c1d8f9927f/org.apache.commons_commons-pool2-2.11.1.jar
[2026-01-19T11:43:46.853+0530] {subprocess.py:93} INFO - 26/01/19 11:43:46 INFO Executor: Fetching file:///home/sneha/.ivy2/jars/org.apache.hadoop_hadoop-client-runtime-3.3.4.jar with timestamp 1768803224570
[2026-01-19T11:43:46.895+0530] {subprocess.py:93} INFO - 26/01/19 11:43:46 INFO Utils: /home/sneha/.ivy2/jars/org.apache.hadoop_hadoop-client-runtime-3.3.4.jar has been previously copied to /tmp/spark-64e19fbf-ebe9-47c4-90c9-5153b8a765d3/userFiles-50db8df5-6bc0-4a48-96f9-c5c1d8f9927f/org.apache.hadoop_hadoop-client-runtime-3.3.4.jar
[2026-01-19T11:43:46.901+0530] {subprocess.py:93} INFO - 26/01/19 11:43:46 INFO Executor: Fetching file:///home/sneha/.ivy2/jars/com.google.code.findbugs_jsr305-3.0.0.jar with timestamp 1768803224570
[2026-01-19T11:43:46.902+0530] {subprocess.py:93} INFO - 26/01/19 11:43:46 INFO Utils: /home/sneha/.ivy2/jars/com.google.code.findbugs_jsr305-3.0.0.jar has been previously copied to /tmp/spark-64e19fbf-ebe9-47c4-90c9-5153b8a765d3/userFiles-50db8df5-6bc0-4a48-96f9-c5c1d8f9927f/com.google.code.findbugs_jsr305-3.0.0.jar
[2026-01-19T11:43:46.910+0530] {subprocess.py:93} INFO - 26/01/19 11:43:46 INFO Executor: Fetching spark://192.168.1.86:43095/jars/org.apache.hadoop_hadoop-client-api-3.3.4.jar with timestamp 1768803224570
[2026-01-19T11:43:46.970+0530] {subprocess.py:93} INFO - 26/01/19 11:43:46 INFO TransportClientFactory: Successfully created connection to /192.168.1.86:43095 after 42 ms (0 ms spent in bootstraps)
[2026-01-19T11:43:46.979+0530] {subprocess.py:93} INFO - 26/01/19 11:43:46 INFO Utils: Fetching spark://192.168.1.86:43095/jars/org.apache.hadoop_hadoop-client-api-3.3.4.jar to /tmp/spark-64e19fbf-ebe9-47c4-90c9-5153b8a765d3/userFiles-50db8df5-6bc0-4a48-96f9-c5c1d8f9927f/fetchFileTemp4018198552187017054.tmp
[2026-01-19T11:43:47.115+0530] {subprocess.py:93} INFO - 26/01/19 11:43:47 INFO Utils: /tmp/spark-64e19fbf-ebe9-47c4-90c9-5153b8a765d3/userFiles-50db8df5-6bc0-4a48-96f9-c5c1d8f9927f/fetchFileTemp4018198552187017054.tmp has been previously copied to /tmp/spark-64e19fbf-ebe9-47c4-90c9-5153b8a765d3/userFiles-50db8df5-6bc0-4a48-96f9-c5c1d8f9927f/org.apache.hadoop_hadoop-client-api-3.3.4.jar
[2026-01-19T11:43:47.127+0530] {subprocess.py:93} INFO - 26/01/19 11:43:47 INFO Executor: Adding file:/tmp/spark-64e19fbf-ebe9-47c4-90c9-5153b8a765d3/userFiles-50db8df5-6bc0-4a48-96f9-c5c1d8f9927f/org.apache.hadoop_hadoop-client-api-3.3.4.jar to class loader
[2026-01-19T11:43:47.127+0530] {subprocess.py:93} INFO - 26/01/19 11:43:47 INFO Executor: Fetching spark://192.168.1.86:43095/jars/org.xerial.snappy_snappy-java-1.1.10.5.jar with timestamp 1768803224570
[2026-01-19T11:43:47.128+0530] {subprocess.py:93} INFO - 26/01/19 11:43:47 INFO Utils: Fetching spark://192.168.1.86:43095/jars/org.xerial.snappy_snappy-java-1.1.10.5.jar to /tmp/spark-64e19fbf-ebe9-47c4-90c9-5153b8a765d3/userFiles-50db8df5-6bc0-4a48-96f9-c5c1d8f9927f/fetchFileTemp5917031046873719406.tmp
[2026-01-19T11:43:47.141+0530] {subprocess.py:93} INFO - 26/01/19 11:43:47 INFO Utils: /tmp/spark-64e19fbf-ebe9-47c4-90c9-5153b8a765d3/userFiles-50db8df5-6bc0-4a48-96f9-c5c1d8f9927f/fetchFileTemp5917031046873719406.tmp has been previously copied to /tmp/spark-64e19fbf-ebe9-47c4-90c9-5153b8a765d3/userFiles-50db8df5-6bc0-4a48-96f9-c5c1d8f9927f/org.xerial.snappy_snappy-java-1.1.10.5.jar
[2026-01-19T11:43:47.146+0530] {subprocess.py:93} INFO - 26/01/19 11:43:47 INFO Executor: Adding file:/tmp/spark-64e19fbf-ebe9-47c4-90c9-5153b8a765d3/userFiles-50db8df5-6bc0-4a48-96f9-c5c1d8f9927f/org.xerial.snappy_snappy-java-1.1.10.5.jar to class loader
[2026-01-19T11:43:47.146+0530] {subprocess.py:93} INFO - 26/01/19 11:43:47 INFO Executor: Fetching spark://192.168.1.86:43095/jars/com.google.code.findbugs_jsr305-3.0.0.jar with timestamp 1768803224570
[2026-01-19T11:43:47.147+0530] {subprocess.py:93} INFO - 26/01/19 11:43:47 INFO Utils: Fetching spark://192.168.1.86:43095/jars/com.google.code.findbugs_jsr305-3.0.0.jar to /tmp/spark-64e19fbf-ebe9-47c4-90c9-5153b8a765d3/userFiles-50db8df5-6bc0-4a48-96f9-c5c1d8f9927f/fetchFileTemp7354976865238237731.tmp
[2026-01-19T11:43:47.149+0530] {subprocess.py:93} INFO - 26/01/19 11:43:47 INFO Utils: /tmp/spark-64e19fbf-ebe9-47c4-90c9-5153b8a765d3/userFiles-50db8df5-6bc0-4a48-96f9-c5c1d8f9927f/fetchFileTemp7354976865238237731.tmp has been previously copied to /tmp/spark-64e19fbf-ebe9-47c4-90c9-5153b8a765d3/userFiles-50db8df5-6bc0-4a48-96f9-c5c1d8f9927f/com.google.code.findbugs_jsr305-3.0.0.jar
[2026-01-19T11:43:47.152+0530] {subprocess.py:93} INFO - 26/01/19 11:43:47 INFO Executor: Adding file:/tmp/spark-64e19fbf-ebe9-47c4-90c9-5153b8a765d3/userFiles-50db8df5-6bc0-4a48-96f9-c5c1d8f9927f/com.google.code.findbugs_jsr305-3.0.0.jar to class loader
[2026-01-19T11:43:47.153+0530] {subprocess.py:93} INFO - 26/01/19 11:43:47 INFO Executor: Fetching spark://192.168.1.86:43095/jars/org.lz4_lz4-java-1.8.0.jar with timestamp 1768803224570
[2026-01-19T11:43:47.153+0530] {subprocess.py:93} INFO - 26/01/19 11:43:47 INFO Utils: Fetching spark://192.168.1.86:43095/jars/org.lz4_lz4-java-1.8.0.jar to /tmp/spark-64e19fbf-ebe9-47c4-90c9-5153b8a765d3/userFiles-50db8df5-6bc0-4a48-96f9-c5c1d8f9927f/fetchFileTemp2781826003057854363.tmp
[2026-01-19T11:43:47.158+0530] {subprocess.py:93} INFO - 26/01/19 11:43:47 INFO Utils: /tmp/spark-64e19fbf-ebe9-47c4-90c9-5153b8a765d3/userFiles-50db8df5-6bc0-4a48-96f9-c5c1d8f9927f/fetchFileTemp2781826003057854363.tmp has been previously copied to /tmp/spark-64e19fbf-ebe9-47c4-90c9-5153b8a765d3/userFiles-50db8df5-6bc0-4a48-96f9-c5c1d8f9927f/org.lz4_lz4-java-1.8.0.jar
[2026-01-19T11:43:47.162+0530] {subprocess.py:93} INFO - 26/01/19 11:43:47 INFO Executor: Adding file:/tmp/spark-64e19fbf-ebe9-47c4-90c9-5153b8a765d3/userFiles-50db8df5-6bc0-4a48-96f9-c5c1d8f9927f/org.lz4_lz4-java-1.8.0.jar to class loader
[2026-01-19T11:43:47.162+0530] {subprocess.py:93} INFO - 26/01/19 11:43:47 INFO Executor: Fetching spark://192.168.1.86:43095/jars/org.apache.spark_spark-sql-kafka-0-10_2.12-3.4.4.jar with timestamp 1768803224570
[2026-01-19T11:43:47.163+0530] {subprocess.py:93} INFO - 26/01/19 11:43:47 INFO Utils: Fetching spark://192.168.1.86:43095/jars/org.apache.spark_spark-sql-kafka-0-10_2.12-3.4.4.jar to /tmp/spark-64e19fbf-ebe9-47c4-90c9-5153b8a765d3/userFiles-50db8df5-6bc0-4a48-96f9-c5c1d8f9927f/fetchFileTemp4695290579558911941.tmp
[2026-01-19T11:43:47.167+0530] {subprocess.py:93} INFO - 26/01/19 11:43:47 INFO Utils: /tmp/spark-64e19fbf-ebe9-47c4-90c9-5153b8a765d3/userFiles-50db8df5-6bc0-4a48-96f9-c5c1d8f9927f/fetchFileTemp4695290579558911941.tmp has been previously copied to /tmp/spark-64e19fbf-ebe9-47c4-90c9-5153b8a765d3/userFiles-50db8df5-6bc0-4a48-96f9-c5c1d8f9927f/org.apache.spark_spark-sql-kafka-0-10_2.12-3.4.4.jar
[2026-01-19T11:43:47.171+0530] {subprocess.py:93} INFO - 26/01/19 11:43:47 INFO Executor: Adding file:/tmp/spark-64e19fbf-ebe9-47c4-90c9-5153b8a765d3/userFiles-50db8df5-6bc0-4a48-96f9-c5c1d8f9927f/org.apache.spark_spark-sql-kafka-0-10_2.12-3.4.4.jar to class loader
[2026-01-19T11:43:47.171+0530] {subprocess.py:93} INFO - 26/01/19 11:43:47 INFO Executor: Fetching spark://192.168.1.86:43095/jars/org.postgresql_postgresql-42.7.3.jar with timestamp 1768803224570
[2026-01-19T11:43:47.171+0530] {subprocess.py:93} INFO - 26/01/19 11:43:47 INFO Utils: Fetching spark://192.168.1.86:43095/jars/org.postgresql_postgresql-42.7.3.jar to /tmp/spark-64e19fbf-ebe9-47c4-90c9-5153b8a765d3/userFiles-50db8df5-6bc0-4a48-96f9-c5c1d8f9927f/fetchFileTemp4289694401208979118.tmp
[2026-01-19T11:43:47.178+0530] {subprocess.py:93} INFO - 26/01/19 11:43:47 INFO Utils: /tmp/spark-64e19fbf-ebe9-47c4-90c9-5153b8a765d3/userFiles-50db8df5-6bc0-4a48-96f9-c5c1d8f9927f/fetchFileTemp4289694401208979118.tmp has been previously copied to /tmp/spark-64e19fbf-ebe9-47c4-90c9-5153b8a765d3/userFiles-50db8df5-6bc0-4a48-96f9-c5c1d8f9927f/org.postgresql_postgresql-42.7.3.jar
[2026-01-19T11:43:47.182+0530] {subprocess.py:93} INFO - 26/01/19 11:43:47 INFO Executor: Adding file:/tmp/spark-64e19fbf-ebe9-47c4-90c9-5153b8a765d3/userFiles-50db8df5-6bc0-4a48-96f9-c5c1d8f9927f/org.postgresql_postgresql-42.7.3.jar to class loader
[2026-01-19T11:43:47.182+0530] {subprocess.py:93} INFO - 26/01/19 11:43:47 INFO Executor: Fetching spark://192.168.1.86:43095/jars/commons-logging_commons-logging-1.1.3.jar with timestamp 1768803224570
[2026-01-19T11:43:47.183+0530] {subprocess.py:93} INFO - 26/01/19 11:43:47 INFO Utils: Fetching spark://192.168.1.86:43095/jars/commons-logging_commons-logging-1.1.3.jar to /tmp/spark-64e19fbf-ebe9-47c4-90c9-5153b8a765d3/userFiles-50db8df5-6bc0-4a48-96f9-c5c1d8f9927f/fetchFileTemp1388002102778745961.tmp
[2026-01-19T11:43:47.185+0530] {subprocess.py:93} INFO - 26/01/19 11:43:47 INFO Utils: /tmp/spark-64e19fbf-ebe9-47c4-90c9-5153b8a765d3/userFiles-50db8df5-6bc0-4a48-96f9-c5c1d8f9927f/fetchFileTemp1388002102778745961.tmp has been previously copied to /tmp/spark-64e19fbf-ebe9-47c4-90c9-5153b8a765d3/userFiles-50db8df5-6bc0-4a48-96f9-c5c1d8f9927f/commons-logging_commons-logging-1.1.3.jar
[2026-01-19T11:43:47.189+0530] {subprocess.py:93} INFO - 26/01/19 11:43:47 INFO Executor: Adding file:/tmp/spark-64e19fbf-ebe9-47c4-90c9-5153b8a765d3/userFiles-50db8df5-6bc0-4a48-96f9-c5c1d8f9927f/commons-logging_commons-logging-1.1.3.jar to class loader
[2026-01-19T11:43:47.189+0530] {subprocess.py:93} INFO - 26/01/19 11:43:47 INFO Executor: Fetching spark://192.168.1.86:43095/jars/org.apache.commons_commons-pool2-2.11.1.jar with timestamp 1768803224570
[2026-01-19T11:43:47.190+0530] {subprocess.py:93} INFO - 26/01/19 11:43:47 INFO Utils: Fetching spark://192.168.1.86:43095/jars/org.apache.commons_commons-pool2-2.11.1.jar to /tmp/spark-64e19fbf-ebe9-47c4-90c9-5153b8a765d3/userFiles-50db8df5-6bc0-4a48-96f9-c5c1d8f9927f/fetchFileTemp7688994477048944447.tmp
[2026-01-19T11:43:47.193+0530] {subprocess.py:93} INFO - 26/01/19 11:43:47 INFO Utils: /tmp/spark-64e19fbf-ebe9-47c4-90c9-5153b8a765d3/userFiles-50db8df5-6bc0-4a48-96f9-c5c1d8f9927f/fetchFileTemp7688994477048944447.tmp has been previously copied to /tmp/spark-64e19fbf-ebe9-47c4-90c9-5153b8a765d3/userFiles-50db8df5-6bc0-4a48-96f9-c5c1d8f9927f/org.apache.commons_commons-pool2-2.11.1.jar
[2026-01-19T11:43:47.197+0530] {subprocess.py:93} INFO - 26/01/19 11:43:47 INFO Executor: Adding file:/tmp/spark-64e19fbf-ebe9-47c4-90c9-5153b8a765d3/userFiles-50db8df5-6bc0-4a48-96f9-c5c1d8f9927f/org.apache.commons_commons-pool2-2.11.1.jar to class loader
[2026-01-19T11:43:47.197+0530] {subprocess.py:93} INFO - 26/01/19 11:43:47 INFO Executor: Fetching spark://192.168.1.86:43095/jars/org.apache.spark_spark-token-provider-kafka-0-10_2.12-3.4.4.jar with timestamp 1768803224570
[2026-01-19T11:43:47.198+0530] {subprocess.py:93} INFO - 26/01/19 11:43:47 INFO Utils: Fetching spark://192.168.1.86:43095/jars/org.apache.spark_spark-token-provider-kafka-0-10_2.12-3.4.4.jar to /tmp/spark-64e19fbf-ebe9-47c4-90c9-5153b8a765d3/userFiles-50db8df5-6bc0-4a48-96f9-c5c1d8f9927f/fetchFileTemp6400151915387295494.tmp
[2026-01-19T11:43:47.200+0530] {subprocess.py:93} INFO - 26/01/19 11:43:47 INFO Utils: /tmp/spark-64e19fbf-ebe9-47c4-90c9-5153b8a765d3/userFiles-50db8df5-6bc0-4a48-96f9-c5c1d8f9927f/fetchFileTemp6400151915387295494.tmp has been previously copied to /tmp/spark-64e19fbf-ebe9-47c4-90c9-5153b8a765d3/userFiles-50db8df5-6bc0-4a48-96f9-c5c1d8f9927f/org.apache.spark_spark-token-provider-kafka-0-10_2.12-3.4.4.jar
[2026-01-19T11:43:47.203+0530] {subprocess.py:93} INFO - 26/01/19 11:43:47 INFO Executor: Adding file:/tmp/spark-64e19fbf-ebe9-47c4-90c9-5153b8a765d3/userFiles-50db8df5-6bc0-4a48-96f9-c5c1d8f9927f/org.apache.spark_spark-token-provider-kafka-0-10_2.12-3.4.4.jar to class loader
[2026-01-19T11:43:47.204+0530] {subprocess.py:93} INFO - 26/01/19 11:43:47 INFO Executor: Fetching spark://192.168.1.86:43095/jars/org.apache.hadoop_hadoop-client-runtime-3.3.4.jar with timestamp 1768803224570
[2026-01-19T11:43:47.204+0530] {subprocess.py:93} INFO - 26/01/19 11:43:47 INFO Utils: Fetching spark://192.168.1.86:43095/jars/org.apache.hadoop_hadoop-client-runtime-3.3.4.jar to /tmp/spark-64e19fbf-ebe9-47c4-90c9-5153b8a765d3/userFiles-50db8df5-6bc0-4a48-96f9-c5c1d8f9927f/fetchFileTemp1903285637192282240.tmp
[2026-01-19T11:43:47.348+0530] {subprocess.py:93} INFO - 26/01/19 11:43:47 INFO Utils: /tmp/spark-64e19fbf-ebe9-47c4-90c9-5153b8a765d3/userFiles-50db8df5-6bc0-4a48-96f9-c5c1d8f9927f/fetchFileTemp1903285637192282240.tmp has been previously copied to /tmp/spark-64e19fbf-ebe9-47c4-90c9-5153b8a765d3/userFiles-50db8df5-6bc0-4a48-96f9-c5c1d8f9927f/org.apache.hadoop_hadoop-client-runtime-3.3.4.jar
[2026-01-19T11:43:47.361+0530] {subprocess.py:93} INFO - 26/01/19 11:43:47 INFO Executor: Adding file:/tmp/spark-64e19fbf-ebe9-47c4-90c9-5153b8a765d3/userFiles-50db8df5-6bc0-4a48-96f9-c5c1d8f9927f/org.apache.hadoop_hadoop-client-runtime-3.3.4.jar to class loader
[2026-01-19T11:43:47.361+0530] {subprocess.py:93} INFO - 26/01/19 11:43:47 INFO Executor: Fetching spark://192.168.1.86:43095/jars/org.slf4j_slf4j-api-2.0.6.jar with timestamp 1768803224570
[2026-01-19T11:43:47.361+0530] {subprocess.py:93} INFO - 26/01/19 11:43:47 INFO Utils: Fetching spark://192.168.1.86:43095/jars/org.slf4j_slf4j-api-2.0.6.jar to /tmp/spark-64e19fbf-ebe9-47c4-90c9-5153b8a765d3/userFiles-50db8df5-6bc0-4a48-96f9-c5c1d8f9927f/fetchFileTemp4948629656004749365.tmp
[2026-01-19T11:43:47.363+0530] {subprocess.py:93} INFO - 26/01/19 11:43:47 INFO Utils: /tmp/spark-64e19fbf-ebe9-47c4-90c9-5153b8a765d3/userFiles-50db8df5-6bc0-4a48-96f9-c5c1d8f9927f/fetchFileTemp4948629656004749365.tmp has been previously copied to /tmp/spark-64e19fbf-ebe9-47c4-90c9-5153b8a765d3/userFiles-50db8df5-6bc0-4a48-96f9-c5c1d8f9927f/org.slf4j_slf4j-api-2.0.6.jar
[2026-01-19T11:43:47.367+0530] {subprocess.py:93} INFO - 26/01/19 11:43:47 INFO Executor: Adding file:/tmp/spark-64e19fbf-ebe9-47c4-90c9-5153b8a765d3/userFiles-50db8df5-6bc0-4a48-96f9-c5c1d8f9927f/org.slf4j_slf4j-api-2.0.6.jar to class loader
[2026-01-19T11:43:47.368+0530] {subprocess.py:93} INFO - 26/01/19 11:43:47 INFO Executor: Fetching spark://192.168.1.86:43095/jars/org.checkerframework_checker-qual-3.42.0.jar with timestamp 1768803224570
[2026-01-19T11:43:47.369+0530] {subprocess.py:93} INFO - 26/01/19 11:43:47 INFO Utils: Fetching spark://192.168.1.86:43095/jars/org.checkerframework_checker-qual-3.42.0.jar to /tmp/spark-64e19fbf-ebe9-47c4-90c9-5153b8a765d3/userFiles-50db8df5-6bc0-4a48-96f9-c5c1d8f9927f/fetchFileTemp6214689540505383609.tmp
[2026-01-19T11:43:47.371+0530] {subprocess.py:93} INFO - 26/01/19 11:43:47 INFO Utils: /tmp/spark-64e19fbf-ebe9-47c4-90c9-5153b8a765d3/userFiles-50db8df5-6bc0-4a48-96f9-c5c1d8f9927f/fetchFileTemp6214689540505383609.tmp has been previously copied to /tmp/spark-64e19fbf-ebe9-47c4-90c9-5153b8a765d3/userFiles-50db8df5-6bc0-4a48-96f9-c5c1d8f9927f/org.checkerframework_checker-qual-3.42.0.jar
[2026-01-19T11:43:47.376+0530] {subprocess.py:93} INFO - 26/01/19 11:43:47 INFO Executor: Adding file:/tmp/spark-64e19fbf-ebe9-47c4-90c9-5153b8a765d3/userFiles-50db8df5-6bc0-4a48-96f9-c5c1d8f9927f/org.checkerframework_checker-qual-3.42.0.jar to class loader
[2026-01-19T11:43:47.376+0530] {subprocess.py:93} INFO - 26/01/19 11:43:47 INFO Executor: Fetching spark://192.168.1.86:43095/jars/org.apache.kafka_kafka-clients-3.3.2.jar with timestamp 1768803224570
[2026-01-19T11:43:47.377+0530] {subprocess.py:93} INFO - 26/01/19 11:43:47 INFO Utils: Fetching spark://192.168.1.86:43095/jars/org.apache.kafka_kafka-clients-3.3.2.jar to /tmp/spark-64e19fbf-ebe9-47c4-90c9-5153b8a765d3/userFiles-50db8df5-6bc0-4a48-96f9-c5c1d8f9927f/fetchFileTemp7946480945157424263.tmp
[2026-01-19T11:43:47.403+0530] {subprocess.py:93} INFO - 26/01/19 11:43:47 INFO Utils: /tmp/spark-64e19fbf-ebe9-47c4-90c9-5153b8a765d3/userFiles-50db8df5-6bc0-4a48-96f9-c5c1d8f9927f/fetchFileTemp7946480945157424263.tmp has been previously copied to /tmp/spark-64e19fbf-ebe9-47c4-90c9-5153b8a765d3/userFiles-50db8df5-6bc0-4a48-96f9-c5c1d8f9927f/org.apache.kafka_kafka-clients-3.3.2.jar
[2026-01-19T11:43:47.409+0530] {subprocess.py:93} INFO - 26/01/19 11:43:47 INFO Executor: Adding file:/tmp/spark-64e19fbf-ebe9-47c4-90c9-5153b8a765d3/userFiles-50db8df5-6bc0-4a48-96f9-c5c1d8f9927f/org.apache.kafka_kafka-clients-3.3.2.jar to class loader
[2026-01-19T11:43:47.421+0530] {subprocess.py:93} INFO - 26/01/19 11:43:47 INFO Utils: Successfully started service 'org.apache.spark.network.netty.NettyBlockTransferService' on port 34231.
[2026-01-19T11:43:47.421+0530] {subprocess.py:93} INFO - 26/01/19 11:43:47 INFO NettyBlockTransferService: Server created on 192.168.1.86:34231
[2026-01-19T11:43:47.423+0530] {subprocess.py:93} INFO - 26/01/19 11:43:47 INFO BlockManager: Using org.apache.spark.storage.RandomBlockReplicationPolicy for block replication policy
[2026-01-19T11:43:47.432+0530] {subprocess.py:93} INFO - 26/01/19 11:43:47 INFO BlockManagerMaster: Registering BlockManager BlockManagerId(driver, 192.168.1.86, 34231, None)
[2026-01-19T11:43:47.439+0530] {subprocess.py:93} INFO - 26/01/19 11:43:47 INFO BlockManagerMasterEndpoint: Registering block manager 192.168.1.86:34231 with 366.3 MiB RAM, BlockManagerId(driver, 192.168.1.86, 34231, None)
[2026-01-19T11:43:47.442+0530] {subprocess.py:93} INFO - 26/01/19 11:43:47 INFO BlockManagerMaster: Registered BlockManager BlockManagerId(driver, 192.168.1.86, 34231, None)
[2026-01-19T11:43:47.444+0530] {subprocess.py:93} INFO - 26/01/19 11:43:47 INFO BlockManager: Initialized BlockManager: BlockManagerId(driver, 192.168.1.86, 34231, None)
[2026-01-19T11:43:52.437+0530] {subprocess.py:93} INFO - 26/01/19 11:43:52 WARN ResolveWriteToStream: spark.sql.adaptive.enabled is not supported in streaming DataFrames/Datasets and will be disabled.
[2026-01-19T11:43:53.634+0530] {subprocess.py:93} INFO - 26/01/19 11:43:53 WARN AdminClientConfig: These configurations '[key.deserializer, value.deserializer, enable.auto.commit, max.poll.records, auto.offset.reset]' were supplied but are not used yet.
[2026-01-19T11:44:53.252+0530] {subprocess.py:97} INFO - Command exited with return code 0
[2026-01-19T11:44:53.276+0530] {taskinstance.py:340} INFO - ::group::Post task execution logs
[2026-01-19T11:44:53.276+0530] {taskinstance.py:352} INFO - Marking task as SUCCESS. dag_id=spotify_streaming_pipeline, task_id=run_spark_consumer, run_id=scheduled__2026-01-19T05:00:00+00:00, execution_date=20260119T050000, start_date=20260119T061332, end_date=20260119T061453
[2026-01-19T11:44:53.289+0530] {logging_mixin.py:190} INFO - Task instance in success state
[2026-01-19T11:44:53.290+0530] {logging_mixin.py:190} INFO -  Previous state of the Task instance: running
[2026-01-19T11:44:53.290+0530] {logging_mixin.py:190} INFO - Dag name:spotify_streaming_pipeline queued_at:2026-01-19 06:13:19.829729+00:00
[2026-01-19T11:44:53.291+0530] {logging_mixin.py:190} INFO - Task hostname:sneha-HP-Laptop-15s-eq1xxx operator:BashOperator
[2026-01-19T11:44:53.336+0530] {local_task_job_runner.py:266} INFO - Task exited with return code 0
[2026-01-19T11:44:53.353+0530] {taskinstance.py:3900} INFO - 0 downstream tasks scheduled from follow-on schedule check
[2026-01-19T11:44:53.354+0530] {local_task_job_runner.py:245} INFO - ::endgroup::
