[2026-01-08T11:21:33.782+0530] {local_task_job_runner.py:123} INFO - ::group::Pre task execution logs
[2026-01-08T11:21:33.806+0530] {taskinstance.py:2612} INFO - Dependencies all met for dep_context=non-requeueable deps ti=<TaskInstance: spotify_streaming_pipeline.run_spotify_producer manual__2026-01-08T05:51:29.276475+00:00 [queued]>
[2026-01-08T11:21:33.821+0530] {taskinstance.py:2612} INFO - Dependencies all met for dep_context=requeueable deps ti=<TaskInstance: spotify_streaming_pipeline.run_spotify_producer manual__2026-01-08T05:51:29.276475+00:00 [queued]>
[2026-01-08T11:21:33.822+0530] {taskinstance.py:2865} INFO - Starting attempt 1 of 2
[2026-01-08T11:21:33.852+0530] {taskinstance.py:2888} INFO - Executing <Task(BashOperator): run_spotify_producer> on 2026-01-08 05:51:29.276475+00:00
[2026-01-08T11:21:33.862+0530] {standard_task_runner.py:72} INFO - Started process 12602 to run task
[2026-01-08T11:21:33.868+0530] {standard_task_runner.py:104} INFO - Running: ['airflow', 'tasks', 'run', 'spotify_streaming_pipeline', 'run_spotify_producer', 'manual__2026-01-08T05:51:29.276475+00:00', '--job-id', '134', '--raw', '--subdir', 'DAGS_FOLDER/spotify_streaming_dag.py', '--cfg-path', '/tmp/tmpxuxllh3u']
[2026-01-08T11:21:33.869+0530] {standard_task_runner.py:105} INFO - Job 134: Subtask run_spotify_producer
[2026-01-08T11:21:33.933+0530] {task_command.py:467} INFO - Running <TaskInstance: spotify_streaming_pipeline.run_spotify_producer manual__2026-01-08T05:51:29.276475+00:00 [running]> on host sneha-HP-Laptop-15s-eq1xxx
[2026-01-08T11:21:34.037+0530] {taskinstance.py:3131} INFO - Exporting env vars: AIRFLOW_CTX_DAG_OWNER='sneha' AIRFLOW_CTX_DAG_ID='spotify_streaming_pipeline' AIRFLOW_CTX_TASK_ID='run_spotify_producer' AIRFLOW_CTX_EXECUTION_DATE='2026-01-08T05:51:29.276475+00:00' AIRFLOW_CTX_TRY_NUMBER='1' AIRFLOW_CTX_DAG_RUN_ID='manual__2026-01-08T05:51:29.276475+00:00'
[2026-01-08T11:21:34.039+0530] {logging_mixin.py:190} INFO - Task instance is in running state
[2026-01-08T11:21:34.040+0530] {logging_mixin.py:190} INFO -  Previous state of the Task instance: queued
[2026-01-08T11:21:34.040+0530] {logging_mixin.py:190} INFO - Current task name:run_spotify_producer state:running start_date:2026-01-08 05:51:33.807515+00:00
[2026-01-08T11:21:34.040+0530] {logging_mixin.py:190} INFO - Dag name:spotify_streaming_pipeline and current dag run status:running
[2026-01-08T11:21:34.041+0530] {taskinstance.py:731} INFO - ::endgroup::
[2026-01-08T11:21:34.042+0530] {subprocess.py:63} INFO - Tmp dir root location: /tmp
[2026-01-08T11:21:34.043+0530] {subprocess.py:75} INFO - Running command: ['/usr/bin/bash', '-c', 'python /home/sneha/spotify_airflow_project/scripts/producer_airflow.py']
[2026-01-08T11:21:34.065+0530] {subprocess.py:86} INFO - Output:
[2026-01-08T11:21:40.926+0530] {subprocess.py:93} INFO - Sending: {'track_name': 'Chenkathali', 'artist': 'Alex Paul', 'album': 'Chattambinadu (Original Motion Picture Soundtrack)', 'played_at': '2026-01-08T05:24:09.849Z'}
[2026-01-08T11:21:40.927+0530] {subprocess.py:93} INFO - Sending: {'track_name': 'Innu Penninu', 'artist': 'Jassie Gift', 'album': 'China Town (Original Motion Picture Soundtrack)', 'played_at': '2026-01-08T05:18:41.177Z'}
[2026-01-08T11:21:40.927+0530] {subprocess.py:93} INFO - Sending: {'track_name': 'Lajjavathiye', 'artist': 'Jassie Gift', 'album': '4 The People (Original Motion Picture Soundtrack)', 'played_at': '2026-01-08T05:13:41.113Z'}
[2026-01-08T11:21:40.927+0530] {subprocess.py:93} INFO - Sending: {'track_name': 'Kettille Kettille (From "Pokkiriraja")', 'artist': 'Vijay Yesudas', 'album': 'Hits of Vijay Yesudas', 'played_at': '2026-01-08T05:08:41.370Z'}
[2026-01-08T11:21:40.927+0530] {subprocess.py:93} INFO - Sending: {'track_name': 'Assalaayi', 'artist': 'Alex Paul', 'album': 'Lollipop (Original Motion Picture Soundtrack)', 'played_at': '2026-01-08T05:05:13.241Z'}
[2026-01-08T11:21:41.061+0530] {subprocess.py:97} INFO - Command exited with return code 0
[2026-01-08T11:21:41.086+0530] {taskinstance.py:340} INFO - ::group::Post task execution logs
[2026-01-08T11:21:41.087+0530] {taskinstance.py:352} INFO - Marking task as SUCCESS. dag_id=spotify_streaming_pipeline, task_id=run_spotify_producer, run_id=manual__2026-01-08T05:51:29.276475+00:00, execution_date=20260108T055129, start_date=20260108T055133, end_date=20260108T055141
[2026-01-08T11:21:41.099+0530] {logging_mixin.py:190} INFO - Task instance in success state
[2026-01-08T11:21:41.100+0530] {logging_mixin.py:190} INFO -  Previous state of the Task instance: running
[2026-01-08T11:21:41.100+0530] {logging_mixin.py:190} INFO - Dag name:spotify_streaming_pipeline queued_at:2026-01-08 05:51:29.307614+00:00
[2026-01-08T11:21:41.100+0530] {logging_mixin.py:190} INFO - Task hostname:sneha-HP-Laptop-15s-eq1xxx operator:BashOperator
[2026-01-08T11:21:41.130+0530] {local_task_job_runner.py:266} INFO - Task exited with return code 0
[2026-01-08T11:21:41.160+0530] {taskinstance.py:3900} INFO - 1 downstream tasks scheduled from follow-on schedule check
[2026-01-08T11:21:41.167+0530] {local_task_job_runner.py:245} INFO - ::endgroup::
