[2025-12-17T12:49:12.945+0530] {local_task_job_runner.py:123} INFO - ::group::Pre task execution logs
[2025-12-17T12:49:12.962+0530] {taskinstance.py:2612} INFO - Dependencies all met for dep_context=non-requeueable deps ti=<TaskInstance: spotify_streaming_pipeline.run_spark_consumer manual__2025-12-17T07:12:49.140993+00:00 [queued]>
[2025-12-17T12:49:12.975+0530] {taskinstance.py:2612} INFO - Dependencies all met for dep_context=requeueable deps ti=<TaskInstance: spotify_streaming_pipeline.run_spark_consumer manual__2025-12-17T07:12:49.140993+00:00 [queued]>
[2025-12-17T12:49:12.975+0530] {taskinstance.py:2865} INFO - Starting attempt 2 of 2
[2025-12-17T12:49:12.997+0530] {taskinstance.py:2888} INFO - Executing <Task(BashOperator): run_spark_consumer> on 2025-12-17 07:12:49.140993+00:00
[2025-12-17T12:49:13.009+0530] {standard_task_runner.py:72} INFO - Started process 71341 to run task
[2025-12-17T12:49:13.014+0530] {standard_task_runner.py:104} INFO - Running: ['airflow', 'tasks', 'run', 'spotify_streaming_pipeline', 'run_spark_consumer', 'manual__2025-12-17T07:12:49.140993+00:00', '--job-id', '120', '--raw', '--subdir', 'DAGS_FOLDER/spotify_streaming_dag.py', '--cfg-path', '/tmp/tmp31abl8bf']
[2025-12-17T12:49:13.015+0530] {standard_task_runner.py:105} INFO - Job 120: Subtask run_spark_consumer
[2025-12-17T12:49:13.078+0530] {task_command.py:467} INFO - Running <TaskInstance: spotify_streaming_pipeline.run_spark_consumer manual__2025-12-17T07:12:49.140993+00:00 [running]> on host sneha-HP-Laptop-15s-eq1xxx
[2025-12-17T12:49:13.175+0530] {taskinstance.py:3131} INFO - Exporting env vars: AIRFLOW_CTX_DAG_OWNER='sneha' AIRFLOW_CTX_DAG_ID='spotify_streaming_pipeline' AIRFLOW_CTX_TASK_ID='run_spark_consumer' AIRFLOW_CTX_EXECUTION_DATE='2025-12-17T07:12:49.140993+00:00' AIRFLOW_CTX_TRY_NUMBER='2' AIRFLOW_CTX_DAG_RUN_ID='manual__2025-12-17T07:12:49.140993+00:00'
[2025-12-17T12:49:13.176+0530] {logging_mixin.py:190} INFO - Task instance is in running state
[2025-12-17T12:49:13.177+0530] {logging_mixin.py:190} INFO -  Previous state of the Task instance: queued
[2025-12-17T12:49:13.177+0530] {logging_mixin.py:190} INFO - Current task name:run_spark_consumer state:running start_date:2025-12-17 07:19:12.963206+00:00
[2025-12-17T12:49:13.177+0530] {logging_mixin.py:190} INFO - Dag name:spotify_streaming_pipeline and current dag run status:running
[2025-12-17T12:49:13.178+0530] {taskinstance.py:731} INFO - ::endgroup::
[2025-12-17T12:49:13.179+0530] {subprocess.py:63} INFO - Tmp dir root location: /tmp
[2025-12-17T12:49:13.179+0530] {subprocess.py:75} INFO - Running command: ['/usr/bin/bash', '-c', '\n        spark-submit         --packages org.apache.spark:spark-sql-kafka-0-10_2.12:3.4.4,org.postgresql:postgresql:42.7.3         /home/sneha/spotify_airflow_project/scripts/spark_consumer_airflow.py\n        ']
[2025-12-17T12:49:13.205+0530] {subprocess.py:86} INFO - Output:
[2025-12-17T12:49:17.043+0530] {subprocess.py:93} INFO - 25/12/17 12:49:17 WARN Utils: Your hostname, sneha-HP-Laptop-15s-eq1xxx resolves to a loopback address: 127.0.1.1; using 192.168.1.86 instead (on interface wlo1)
[2025-12-17T12:49:17.048+0530] {subprocess.py:93} INFO - 25/12/17 12:49:17 WARN Utils: Set SPARK_LOCAL_IP if you need to bind to another address
[2025-12-17T12:49:22.601+0530] {subprocess.py:93} INFO - :: loading settings :: url = jar:file:/home/sneha/spark/spark-3.4.4-bin-hadoop3/jars/ivy-2.5.1.jar!/org/apache/ivy/core/settings/ivysettings.xml
[2025-12-17T12:49:22.730+0530] {subprocess.py:93} INFO - Ivy Default Cache set to: /home/sneha/.ivy2/cache
[2025-12-17T12:49:22.731+0530] {subprocess.py:93} INFO - The jars for the packages stored in: /home/sneha/.ivy2/jars
[2025-12-17T12:49:22.742+0530] {subprocess.py:93} INFO - org.apache.spark#spark-sql-kafka-0-10_2.12 added as a dependency
[2025-12-17T12:49:22.744+0530] {subprocess.py:93} INFO - org.postgresql#postgresql added as a dependency
[2025-12-17T12:49:22.745+0530] {subprocess.py:93} INFO - :: resolving dependencies :: org.apache.spark#spark-submit-parent-b55ca3d6-f784-4b28-83f3-ad87edf90dd8;1.0
[2025-12-17T12:49:22.745+0530] {subprocess.py:93} INFO - 	confs: [default]
[2025-12-17T12:49:23.060+0530] {subprocess.py:93} INFO - 	found org.apache.spark#spark-sql-kafka-0-10_2.12;3.4.4 in central
[2025-12-17T12:49:23.307+0530] {subprocess.py:93} INFO - 	found org.apache.spark#spark-token-provider-kafka-0-10_2.12;3.4.4 in central
[2025-12-17T12:49:23.367+0530] {subprocess.py:93} INFO - 	found org.apache.kafka#kafka-clients;3.3.2 in central
[2025-12-17T12:49:23.492+0530] {subprocess.py:93} INFO - 	found org.lz4#lz4-java;1.8.0 in central
[2025-12-17T12:49:23.561+0530] {subprocess.py:93} INFO - 	found org.xerial.snappy#snappy-java;1.1.10.5 in central
[2025-12-17T12:49:23.625+0530] {subprocess.py:93} INFO - 	found org.slf4j#slf4j-api;2.0.6 in central
[2025-12-17T12:49:23.727+0530] {subprocess.py:93} INFO - 	found org.apache.hadoop#hadoop-client-runtime;3.3.4 in central
[2025-12-17T12:49:23.817+0530] {subprocess.py:93} INFO - 	found org.apache.hadoop#hadoop-client-api;3.3.4 in central
[2025-12-17T12:49:23.898+0530] {subprocess.py:93} INFO - 	found commons-logging#commons-logging;1.1.3 in central
[2025-12-17T12:49:23.962+0530] {subprocess.py:93} INFO - 	found com.google.code.findbugs#jsr305;3.0.0 in central
[2025-12-17T12:49:23.999+0530] {subprocess.py:93} INFO - 	found org.apache.commons#commons-pool2;2.11.1 in central
[2025-12-17T12:49:24.030+0530] {subprocess.py:93} INFO - 	found org.postgresql#postgresql;42.7.3 in central
[2025-12-17T12:49:24.061+0530] {subprocess.py:93} INFO - 	found org.checkerframework#checker-qual;3.42.0 in central
[2025-12-17T12:49:24.167+0530] {subprocess.py:93} INFO - :: resolution report :: resolve 1356ms :: artifacts dl 65ms
[2025-12-17T12:49:24.168+0530] {subprocess.py:93} INFO - 	:: modules in use:
[2025-12-17T12:49:24.169+0530] {subprocess.py:93} INFO - 	com.google.code.findbugs#jsr305;3.0.0 from central in [default]
[2025-12-17T12:49:24.169+0530] {subprocess.py:93} INFO - 	commons-logging#commons-logging;1.1.3 from central in [default]
[2025-12-17T12:49:24.169+0530] {subprocess.py:93} INFO - 	org.apache.commons#commons-pool2;2.11.1 from central in [default]
[2025-12-17T12:49:24.170+0530] {subprocess.py:93} INFO - 	org.apache.hadoop#hadoop-client-api;3.3.4 from central in [default]
[2025-12-17T12:49:24.171+0530] {subprocess.py:93} INFO - 	org.apache.hadoop#hadoop-client-runtime;3.3.4 from central in [default]
[2025-12-17T12:49:24.172+0530] {subprocess.py:93} INFO - 	org.apache.kafka#kafka-clients;3.3.2 from central in [default]
[2025-12-17T12:49:24.172+0530] {subprocess.py:93} INFO - 	org.apache.spark#spark-sql-kafka-0-10_2.12;3.4.4 from central in [default]
[2025-12-17T12:49:24.172+0530] {subprocess.py:93} INFO - 	org.apache.spark#spark-token-provider-kafka-0-10_2.12;3.4.4 from central in [default]
[2025-12-17T12:49:24.172+0530] {subprocess.py:93} INFO - 	org.checkerframework#checker-qual;3.42.0 from central in [default]
[2025-12-17T12:49:24.173+0530] {subprocess.py:93} INFO - 	org.lz4#lz4-java;1.8.0 from central in [default]
[2025-12-17T12:49:24.173+0530] {subprocess.py:93} INFO - 	org.postgresql#postgresql;42.7.3 from central in [default]
[2025-12-17T12:49:24.173+0530] {subprocess.py:93} INFO - 	org.slf4j#slf4j-api;2.0.6 from central in [default]
[2025-12-17T12:49:24.173+0530] {subprocess.py:93} INFO - 	org.xerial.snappy#snappy-java;1.1.10.5 from central in [default]
[2025-12-17T12:49:24.173+0530] {subprocess.py:93} INFO - 	---------------------------------------------------------------------
[2025-12-17T12:49:24.179+0530] {subprocess.py:93} INFO - 	|                  |            modules            ||   artifacts   |
[2025-12-17T12:49:24.180+0530] {subprocess.py:93} INFO - 	|       conf       | number| search|dwnlded|evicted|| number|dwnlded|
[2025-12-17T12:49:24.180+0530] {subprocess.py:93} INFO - 	---------------------------------------------------------------------
[2025-12-17T12:49:24.180+0530] {subprocess.py:93} INFO - 	|      default     |   13  |   0   |   0   |   0   ||   13  |   0   |
[2025-12-17T12:49:24.180+0530] {subprocess.py:93} INFO - 	---------------------------------------------------------------------
[2025-12-17T12:49:24.186+0530] {subprocess.py:93} INFO - :: retrieving :: org.apache.spark#spark-submit-parent-b55ca3d6-f784-4b28-83f3-ad87edf90dd8
[2025-12-17T12:49:24.186+0530] {subprocess.py:93} INFO - 	confs: [default]
[2025-12-17T12:49:24.227+0530] {subprocess.py:93} INFO - 	0 artifacts copied, 13 already retrieved (0kB/39ms)
[2025-12-17T12:49:24.813+0530] {subprocess.py:93} INFO - 25/12/17 12:49:24 WARN NativeCodeLoader: Unable to load native-hadoop library for your platform... using builtin-java classes where applicable
[2025-12-17T12:49:25.613+0530] {subprocess.py:93} INFO - python3: can't open file '/home/sneha/spotify_airflow_project/scripts/spark_consumer_airflow.py': [Errno 2] No such file or directory
[2025-12-17T12:49:25.645+0530] {subprocess.py:93} INFO - 25/12/17 12:49:25 INFO ShutdownHookManager: Shutdown hook called
[2025-12-17T12:49:25.647+0530] {subprocess.py:93} INFO - 25/12/17 12:49:25 INFO ShutdownHookManager: Deleting directory /tmp/spark-942e99c7-2c59-4190-9e65-98cbefc52c78
[2025-12-17T12:49:25.764+0530] {subprocess.py:97} INFO - Command exited with return code 2
[2025-12-17T12:49:25.779+0530] {taskinstance.py:3310} ERROR - Task failed with exception
Traceback (most recent call last):
  File "/home/sneha/spotify_airflow_project/venv/lib/python3.12/site-packages/airflow/models/taskinstance.py", line 767, in _execute_task
    result = _execute_callable(context=context, **execute_callable_kwargs)
             ^^^^^^^^^^^^^^^^^^^^^^^^^^^^^^^^^^^^^^^^^^^^^^^^^^^^^^^^^^^^^
  File "/home/sneha/spotify_airflow_project/venv/lib/python3.12/site-packages/airflow/models/taskinstance.py", line 733, in _execute_callable
    return ExecutionCallableRunner(
           ^^^^^^^^^^^^^^^^^^^^^^^^
  File "/home/sneha/spotify_airflow_project/venv/lib/python3.12/site-packages/airflow/utils/operator_helpers.py", line 252, in run
    return self.func(*args, **kwargs)
           ^^^^^^^^^^^^^^^^^^^^^^^^^^
  File "/home/sneha/spotify_airflow_project/venv/lib/python3.12/site-packages/airflow/models/baseoperator.py", line 406, in wrapper
    return func(self, *args, **kwargs)
           ^^^^^^^^^^^^^^^^^^^^^^^^^^^
  File "/home/sneha/spotify_airflow_project/venv/lib/python3.12/site-packages/airflow/operators/bash.py", line 249, in execute
    raise AirflowException(
airflow.exceptions.AirflowException: Bash command failed. The command returned a non-zero exit code 2.
[2025-12-17T12:49:25.785+0530] {logging_mixin.py:190} INFO - Task instance in failure state
[2025-12-17T12:49:25.786+0530] {logging_mixin.py:190} INFO - Task start:2025-12-17 07:19:12.963206+00:00 end:2025-12-17 07:19:25.784440+00:00 duration:12.821234
[2025-12-17T12:49:25.786+0530] {logging_mixin.py:190} INFO - Task:<Task(BashOperator): run_spark_consumer> dag:<DAG: spotify_streaming_pipeline> dagrun:<DagRun spotify_streaming_pipeline @ 2025-12-17 07:12:49.140993+00:00: manual__2025-12-17T07:12:49.140993+00:00, state:running, queued_at: 2025-12-17 07:12:49.188066+00:00. externally triggered: True>
[2025-12-17T12:49:25.787+0530] {logging_mixin.py:190} INFO - Failure caused by Bash command failed. The command returned a non-zero exit code 2.
[2025-12-17T12:49:25.787+0530] {taskinstance.py:1225} INFO - Marking task as FAILED. dag_id=spotify_streaming_pipeline, task_id=run_spark_consumer, run_id=manual__2025-12-17T07:12:49.140993+00:00, execution_date=20251217T071249, start_date=20251217T071912, end_date=20251217T071925
[2025-12-17T12:49:25.805+0530] {taskinstance.py:340} INFO - ::group::Post task execution logs
[2025-12-17T12:49:25.806+0530] {standard_task_runner.py:124} ERROR - Failed to execute job 120 for task run_spark_consumer (Bash command failed. The command returned a non-zero exit code 2.; 71341)
Traceback (most recent call last):
  File "/home/sneha/spotify_airflow_project/venv/lib/python3.12/site-packages/airflow/task/task_runner/standard_task_runner.py", line 117, in _start_by_fork
    ret = args.func(args, dag=self.dag)
          ^^^^^^^^^^^^^^^^^^^^^^^^^^^^^
  File "/home/sneha/spotify_airflow_project/venv/lib/python3.12/site-packages/airflow/cli/cli_config.py", line 49, in command
    return func(*args, **kwargs)
           ^^^^^^^^^^^^^^^^^^^^^
  File "/home/sneha/spotify_airflow_project/venv/lib/python3.12/site-packages/airflow/utils/cli.py", line 115, in wrapper
    return f(*args, **kwargs)
           ^^^^^^^^^^^^^^^^^^
  File "/home/sneha/spotify_airflow_project/venv/lib/python3.12/site-packages/airflow/cli/commands/task_command.py", line 483, in task_run
    task_return_code = _run_task_by_selected_method(args, _dag, ti)
                       ^^^^^^^^^^^^^^^^^^^^^^^^^^^^^^^^^^^^^^^^^^^^
  File "/home/sneha/spotify_airflow_project/venv/lib/python3.12/site-packages/airflow/cli/commands/task_command.py", line 256, in _run_task_by_selected_method
    return _run_raw_task(args, ti)
           ^^^^^^^^^^^^^^^^^^^^^^^
  File "/home/sneha/spotify_airflow_project/venv/lib/python3.12/site-packages/airflow/cli/commands/task_command.py", line 341, in _run_raw_task
    return ti._run_raw_task(
           ^^^^^^^^^^^^^^^^^
  File "/home/sneha/spotify_airflow_project/venv/lib/python3.12/site-packages/airflow/utils/session.py", line 97, in wrapper
    return func(*args, session=session, **kwargs)
           ^^^^^^^^^^^^^^^^^^^^^^^^^^^^^^^^^^^^^^
  File "/home/sneha/spotify_airflow_project/venv/lib/python3.12/site-packages/airflow/models/taskinstance.py", line 3004, in _run_raw_task
    return _run_raw_task(
           ^^^^^^^^^^^^^^
  File "/home/sneha/spotify_airflow_project/venv/lib/python3.12/site-packages/airflow/models/taskinstance.py", line 273, in _run_raw_task
    TaskInstance._execute_task_with_callbacks(
  File "/home/sneha/spotify_airflow_project/venv/lib/python3.12/site-packages/airflow/models/taskinstance.py", line 3158, in _execute_task_with_callbacks
    result = self._execute_task(context, task_orig)
             ^^^^^^^^^^^^^^^^^^^^^^^^^^^^^^^^^^^^^^
  File "/home/sneha/spotify_airflow_project/venv/lib/python3.12/site-packages/airflow/models/taskinstance.py", line 3182, in _execute_task
    return _execute_task(self, context, task_orig)
           ^^^^^^^^^^^^^^^^^^^^^^^^^^^^^^^^^^^^^^^
  File "/home/sneha/spotify_airflow_project/venv/lib/python3.12/site-packages/airflow/models/taskinstance.py", line 767, in _execute_task
    result = _execute_callable(context=context, **execute_callable_kwargs)
             ^^^^^^^^^^^^^^^^^^^^^^^^^^^^^^^^^^^^^^^^^^^^^^^^^^^^^^^^^^^^^
  File "/home/sneha/spotify_airflow_project/venv/lib/python3.12/site-packages/airflow/models/taskinstance.py", line 733, in _execute_callable
    return ExecutionCallableRunner(
           ^^^^^^^^^^^^^^^^^^^^^^^^
  File "/home/sneha/spotify_airflow_project/venv/lib/python3.12/site-packages/airflow/utils/operator_helpers.py", line 252, in run
    return self.func(*args, **kwargs)
           ^^^^^^^^^^^^^^^^^^^^^^^^^^
  File "/home/sneha/spotify_airflow_project/venv/lib/python3.12/site-packages/airflow/models/baseoperator.py", line 406, in wrapper
    return func(self, *args, **kwargs)
           ^^^^^^^^^^^^^^^^^^^^^^^^^^^
  File "/home/sneha/spotify_airflow_project/venv/lib/python3.12/site-packages/airflow/operators/bash.py", line 249, in execute
    raise AirflowException(
airflow.exceptions.AirflowException: Bash command failed. The command returned a non-zero exit code 2.
[2025-12-17T12:49:25.862+0530] {local_task_job_runner.py:266} INFO - Task exited with return code 1
[2025-12-17T12:49:25.882+0530] {taskinstance.py:3900} INFO - 0 downstream tasks scheduled from follow-on schedule check
[2025-12-17T12:49:25.883+0530] {local_task_job_runner.py:245} INFO - ::endgroup::
